[22;0t]0;IPython: scripts/01_msprime_simulations$par
[1] 0.043092961 0.005257952

$value
[1] -3279.004

$counts
function gradient 
      14       14 

$convergence
[1] 0

$message
[1] "CONVERGENCE: REL_REDUCTION_OF_F <= FACTR*EPSMCH"

$loginfo
      step       par1        par2       fn           gr1           gr2
 [1,]    1 0.10000000 0.010000000 3349.010  1.542275e+02  2.166028e+04
 [2,]    2 0.00000100 0.000001000 6588.573  1.231818e+05 -2.406156e+07
 [3,]    3 0.06549198 0.006549509 3286.239  9.970913e+00  1.043286e+04
 [4,]    4 0.04021856 0.003637290 3299.826  2.550118e+02 -3.121890e+04
 [5,]    5 0.05559109 0.005408643 3279.198  1.966658e+01  8.743712e+02
 [6,]    6 0.05424648 0.005282546 3279.144  2.453625e+01 -5.223510e+02
 [7,]    7 0.05427603 0.005306187 3279.136  2.311032e+01 -2.402710e+02
 [8,]    8 0.05389884 0.005321996 3279.126  2.139898e+01 -2.927545e+01
 [9,]    9 0.05194784 0.005346619 3279.094  1.584216e+01  3.800710e+02
[10,]   10 0.04828616 0.005349556 3279.053  7.159598e+00  6.544292e+02
[11,]   11 0.04432435 0.005312727 3279.018 -7.952383e-01  5.265247e+02
[12,]   12 0.04294846 0.005271326 3279.005 -1.543855e+00  1.658531e+02
[13,]   13 0.04306829 0.005257928 3279.004 -7.317144e-02  1.766589e+00
[14,]   14 0.04309296 0.005257952 3279.004 -2.016116e-03 -2.126397e-02

