[22;0t]0;IPython: scripts/01_msprime_simulations$par
[1] 1.231033e-01 7.950657e-05

$value
[1] -105.3611

$counts
function gradient 
      67       67 

$convergence
[1] 52

$message
[1] "ERROR: ABNORMAL_TERMINATION_IN_LNSRCH"

$loginfo
      step        par1         par2         fn           gr1          gr2
 [1,]    1  0.10000000 1.000000e-02   347.2614  2.241355e+03    2815.6716
 [2,]    2  0.00000100 1.000000e-06   130.7499  3.995326e+04 -243712.6832
 [3,]    3  0.00000100 1.000000e+01 24353.5324  2.416099e+03    2323.6842
 [4,]    4  0.00000100 3.283828e+00  8262.3368  2.416074e+03    2467.6903
 [5,]    5  0.00000100 1.078199e+00  2770.7097  2.415986e+03    2509.7508
 [6,]    6  0.00000100 3.541216e-01   952.1294  2.415707e+03    2506.6553
 [7,]    7  0.00000100 1.164278e-01   360.1055  2.414850e+03    2454.2143
 [8,]    8  0.00000100 3.838376e-02   172.8949  2.412253e+03    2281.2879
 [9,]    9  0.00000100 1.274021e-02   118.7353  2.404447e+03    1757.4460
[10,]   10  0.00000100 1.264901e-02   118.5752  2.404362e+03    1751.7880
[11,]   11  0.00000100 1.228418e-02   117.9404  2.404011e+03    1728.3153
[12,]   12  0.00000100 1.082488e-02   115.4949  2.402360e+03    1618.5963
[13,]   13  0.00000100 4.987658e-03   108.4026  2.380759e+03     537.3436
[14,]   14  0.00000100 1.573366e-03   108.2437  6.263269e+03    1360.4809
[15,]   15  0.00000100 1.000000e-06   130.7499  3.995326e+04 -243712.6832
[16,]   16  0.00000100 1.050876e-03   107.7653  7.384297e+03     717.0484
[17,]   17  0.00000100 4.686085e-04   107.1121  1.038210e+04    1644.3731
[18,]   18  0.00000100 1.000000e-06   130.7499  3.995326e+04 -243712.6832
[19,]   19  0.00000100 3.646486e-04   106.9277  9.948523e+03    1937.8220
[20,]   20  0.00000100 1.828243e-04   106.5249  2.598560e+03    1825.2844
[21,]   21  0.00000100 8.048505e-05   106.3992 -7.992291e+03    1201.1604
[22,]   22 10.00000000 1.000000e-06   141.2508 -7.466383e-07 -361514.3482
[23,]   23  3.33102792 5.400836e-05   106.6610 -3.139467e-04   -4798.0691
[24,]   24  1.11032410 7.165964e-05   105.6008 -3.493078e-03   12612.6950
[25,]   25  0.36961801 7.754715e-05   105.4076 -2.589638e-02   17086.0624
[26,]   26  0.12310333 7.950657e-05   105.3611  3.529654e-02   18322.7291
[27,]   27  0.12327097 1.000000e-06   141.2345  2.984269e-01 -361156.2760
[28,]   28  0.12310481 7.881420e-05   105.3792  3.601299e-02   17839.8609
[29,]   29  0.12310344 7.945507e-05   105.3624  3.534904e-02   18287.0196
[30,]   30  0.12310334 7.950271e-05   105.3612  3.530019e-02   18320.0498
[31,]   31  0.12310333 7.950628e-05   105.3611  3.529696e-02   18322.5278
[32,]   32  0.12310333 7.950655e-05   105.3611  3.529535e-02   18322.7140
[33,]   33  0.12310333 7.950657e-05   105.3611  3.529504e-02   18322.7279
[34,]   34  0.12310333 7.950657e-05   105.3611  3.529522e-02   18322.7290
[35,]   35  0.12310333 7.950657e-05   105.3611  3.529524e-02   18322.7291
[36,]   36  0.12310333 7.950657e-05   105.3611  3.529658e-02   18322.7291
[37,]   37  0.12310333 7.950657e-05   105.3611  3.529654e-02   18322.7291
[38,]   38  0.12310333 7.950657e-05   105.3611  3.529654e-02   18322.7291
[39,]   39  0.12310333 7.950657e-05   105.3611  3.529654e-02   18322.7291
[40,]   40  0.12310333 7.950657e-05   105.3611  3.529654e-02   18322.7291
[41,]   41  0.12310333 7.950657e-05   105.3611  3.529654e-02   18322.7291
[42,]   42  0.12310333 7.950657e-05   105.3611  3.529654e-02   18322.7291
[43,]   43  0.12310333 7.950657e-05   105.3611  3.529654e-02   18322.7291
[44,]   44  0.12310333 7.950657e-05   105.3611  3.529654e-02   18322.7291
[45,]   45  0.12310333 7.950657e-05   105.3611  3.529654e-02   18322.7291
[46,]   46  0.12310333 7.950657e-05   105.3611  3.529654e-02   18322.7291
[47,]   47  0.08780679 1.000000e-06   141.2180  7.092518e-01 -361026.9344
[48,]   48  0.12279172 7.881349e-05   105.3792  3.688035e-02   17838.7222
[49,]   49  0.12308013 7.945497e-05   105.3624  3.541179e-02   18286.9006
[50,]   50  0.12310159 7.950270e-05   105.3612  3.530564e-02   18320.0384
[51,]   51  0.12310320 7.950628e-05   105.3611  3.529721e-02   18322.5268
[52,]   52  0.12310332 7.950655e-05   105.3611  3.529699e-02   18322.7139
[53,]   53  0.12310333 7.950657e-05   105.3611  3.529576e-02   18322.7279
[54,]   54  0.12310333 7.950657e-05   105.3611  3.529524e-02   18322.7290
[55,]   55  0.12310333 7.950657e-05   105.3611  3.529525e-02   18322.7291
[56,]   56  0.12310333 7.950657e-05   105.3611  3.529657e-02   18322.7291
[57,]   57  0.12310333 7.950657e-05   105.3611  3.529655e-02   18322.7291
[58,]   58  0.12310333 7.950657e-05   105.3611  3.529655e-02   18322.7291
[59,]   59  0.12310333 7.950657e-05   105.3611  3.529655e-02   18322.7291
[60,]   60  0.12310333 7.950657e-05   105.3611  3.529655e-02   18322.7291
[61,]   61  0.12310333 7.950657e-05   105.3611  3.529655e-02   18322.7291
[62,]   62  0.12310333 7.950657e-05   105.3611  3.529655e-02   18322.7291
[63,]   63  0.12310333 7.950657e-05   105.3611  3.529655e-02   18322.7291

