[22;0t]0;IPython: scripts/01_msprime_simulations$par
[1] 10.000000000  0.001004318

$value
[1] -789.0429

$counts
function gradient 
      40       40 

$convergence
[1] 0

$message
[1] "CONVERGENCE: REL_REDUCTION_OF_F <= FACTR*EPSMCH"

$loginfo
      step         par1         par2        fn           gr1           gr2
 [1,]    1  0.100000000 0.0100000000 1028.4557  1.499064e+03  6.687241e+03
 [2,]    2  0.000001000 0.0000010000 1243.5466  1.136957e+05 -4.215780e+06
 [3,]    3  0.054414735 0.0054418838  921.4413  8.209768e+02  1.854207e+04
 [4,]    4  0.018948021 0.0018955316  813.3589 -8.075265e+01  3.010058e+04
 [5,]    5  0.007446954 0.0007455284  796.6320 -1.271435e+02 -1.665251e+04
 [6,]    6  0.025065563 0.0066250343  900.4735  1.625868e+03  3.598374e+03
 [7,]    7  0.009570997 0.0014543430  802.9911 -2.765959e+02  2.289786e+04
 [8,]    8  0.007977870 0.0009227006  795.4573 -2.828979e+02  1.790900e+03
 [9,]    9  0.011316621 0.0009418360  794.6742 -2.145392e+02  1.567361e+03
[10,]   10  0.021515038 0.0009903710  793.1945 -1.153407e+02  2.735916e+03
[11,]   11  0.031909731 0.0010009549  792.2906 -6.985310e+01  2.273068e+03
[12,]   12  0.047325162 0.0009991579  791.4885 -3.825683e+01  1.124042e+03
[13,]   13  0.066078824 0.0009998369  790.9458 -2.198092e+01  6.140598e+02
[14,]   14  0.093982627 0.0010828873  790.8359 -1.263717e+01  7.249035e+03
[15,]   15  0.115692603 0.0010147238  790.2872 -8.618846e+00  1.438622e+03
[16,]   16  0.148932861 0.0009886316  790.0456 -5.506703e+00 -1.167991e+03
[17,]   17  0.198678156 0.0009894932  789.8319 -3.330692e+00 -1.222339e+03
[18,]   18  0.283653029 0.0013237633  793.7930 -1.454921e+00  2.329858e+04
[19,]   19  0.204008393 0.0010104610  789.8172 -3.213860e+00  7.948389e+02
[20,]   20  0.277175049 0.0010064536  789.6353 -1.852069e+00  3.345879e+02
[21,]   21  0.376841410 0.0010040075  789.4943 -1.062681e+00  4.571393e+01
[22,]   22  0.511238222 0.0010042359  789.3863 -6.104800e-01  3.628548e+01
[23,]   23  0.692659486 0.0010042946  789.3024 -3.509929e-01  2.332990e+01
[24,]   24  0.938052943 0.0010043135  789.2370 -2.033095e-01  1.439262e+01
[25,]   25  1.215156856 0.0000010000 1379.7605  1.899399e-01 -4.514463e+06
[26,]   26  1.014138821 0.0007288284  793.7242 -1.372144e-01 -3.790460e+04
[27,]   27  0.938255168 0.0010035813  789.2368 -2.032084e-01 -5.824192e+01
[28,]   28  1.276025000 0.0010040728  789.1848 -1.175360e-01 -1.580369e+01
[29,]   29  1.739388272 0.0010043196  789.1437 -6.700705e-02  5.101090e+00
[30,]   30  2.353835908 0.0010043162  789.1128 -3.779246e-02  2.699637e+00
[31,]   31  3.148695716 0.0010043159  789.0902 -2.138361e-02  1.492812e+00
[32,]   32  4.184537723 0.0010043163  789.0734 -1.222272e-02  8.259659e-01
[33,]   33  5.493552215 0.0000010000 1379.9229  6.784625e-03 -4.515008e+06
[34,]   34  4.543887075 0.0007288869  793.5982 -8.743972e-03 -3.809436e+04
[35,]   35  4.184763404 0.0010041433  789.0734 -1.221618e-02 -1.645152e+01
[36,]   36  5.565642510 0.0010046708  789.0608 -7.029543e-03  3.578006e+01
[37,]   37  7.437043027 0.0010043223  789.0507 -4.034933e-03  6.593682e-01
[38,]   38  9.958588874 0.0010043178  789.0430 -2.333260e-03 -9.283365e-03
[39,]   39 10.000000000 0.0010043179  789.0429 -2.312680e-03  1.510809e-03
[40,]   40 10.000000000 0.0010043179  789.0429 -2.314573e-03  1.300350e-05

