[22;0t]0;IPython: scripts/01_msprime_simulations$par
[1] 0.04527226 0.09813965

$value
[1] -29548.35

$counts
function gradient 
      44       44 

$convergence
[1] 0

$message
[1] "CONVERGENCE: REL_REDUCTION_OF_F <= FACTR*EPSMCH"

$loginfo
      step       par1        par2        fn           gr1           gr2
 [1,]    1 0.10000000  0.01000000  38463.76  2.056093e+04 -7.255395e+05
 [2,]    2 0.00000100 10.00000000  36502.29  2.416089e+03  1.309396e+03
 [3,]    3 0.06666945  3.33975526  30886.00  1.088877e+03  1.747645e+02
 [4,]    4 0.06166388  3.33886910  30880.67  9.765847e+02  1.726780e+02
 [5,]    5 0.01693189  3.33008568  30882.80 -2.362872e+03  1.271301e+02
 [6,]    6 0.03818712  3.33425929  30865.70  1.099721e+02  1.583359e+02
 [7,]    7 0.03439156  3.33269709  30865.48 -1.279482e+02  1.546727e+02
 [8,]    8 0.03542561  3.33214646  30865.30 -5.952959e+01  1.555870e+02
 [9,]    9 0.03763571  3.32778836  30864.63  7.274947e+01  1.569503e+02
[10,]   10 0.04177752  3.30970402  30862.53  2.802985e+02  1.577140e+02
[11,]   11 0.05015434  3.24765079  30856.52  5.960726e+02  1.570584e+02
[12,]   12 0.06486528  3.08373540  30841.60  9.740056e+02  1.689280e+02
[13,]   13 0.12656205  2.24495994  30792.81  2.069818e+03  2.055785e+02
[14,]   14 0.21640242  0.77935988  30961.42  4.167479e+03  1.344208e+02
[15,]   15 0.13666814  2.08009541  30781.36  2.301082e+03  2.006680e+02
[16,]   16 0.16254967  1.29755968  30749.88  3.472676e+03  1.660832e+01
[17,]   17 0.11445256  1.40910656  30602.37  2.961094e+03  1.390729e+02
[18,]   18 0.00000100  0.99033613  31020.68 -2.465656e+06  2.243316e+01
[19,]   19 0.06243711  1.21878557  30428.86  2.337424e+03  1.840093e+02
[20,]   20 0.00000100  0.55123366  30903.56 -2.328260e+06  1.782173e+02
[21,]   21 0.03606040  0.93677211  30315.41  1.115476e+03  3.390080e+02
[22,]   22 0.01220425  0.68170792  30260.75 -6.821059e+03  4.113655e+02
[23,]   23 0.01734196  0.00000100 119104.60  8.707856e+04 -4.350359e+08
[24,]   24 0.01392085  0.45393743  30126.13 -5.640211e+03  6.732775e+02
[25,]   25 0.01563141  0.22696921  29882.10 -7.042489e+03  1.608078e+03
[26,]   26 0.01677075  0.07579419  29624.03 -6.254884e+03 -1.866464e+03
[27,]   27 0.01617519  0.15481675  29741.27 -8.446341e+03  2.152324e+03
[28,]   28 0.01666654  0.08962048  29616.89 -7.833130e+03  4.429215e+02
[29,]   29 0.04327585  0.00000100 120885.99  5.446798e+04 -4.350863e+08
[30,]   30 0.02553348  0.05975688  29700.28  2.112524e+03 -1.148473e+04
[31,]   31 0.01936982  0.08051593  29602.27 -5.018657e+03 -1.193300e+03
[32,]   32 3.87851970  6.71700577  41647.66  2.230332e+03  1.018678e+03
[33,]   33 0.84477619  1.49994797  32863.74  2.675726e+03 -3.348192e+02
[34,]   34 0.16117739  0.32437910  30364.24  3.127291e+03  2.300455e+03
[35,]   35 0.04396271  0.12280775  29580.10 -5.734022e+02  2.104279e+03
[36,]   36 0.03960493  0.10597094  29555.32 -8.358966e+02  1.095585e+03
[37,]   37 0.03838177  0.09161334  29551.91 -4.009886e+02 -7.116598e+02
[38,]   38 0.04047674  0.09804264  29549.41 -4.727335e+02  1.847374e+02
[39,]   39 0.04176177  0.09792531  29548.89 -3.260957e+02  1.147579e+02
[40,]   40 0.04473133  0.09796738  29548.36 -4.005117e+01 -3.002389e+00
[41,]   41 0.04521014  0.09811937  29548.35 -4.508818e+00 -4.316349e-01
[42,]   42 0.04527127  0.09813947  29548.35 -7.802606e-02  1.460861e-02
[43,]   43 0.04527226  0.09813965  29548.35 -2.165325e-04  2.334491e-04

