[22;0t]0;IPython: scripts/01_msprime_simulations$par
[1] 0.0072922983 0.0001389603

$value
[1] -109.2115

$counts
function gradient 
      35       35 

$convergence
[1] 0

$message
[1] "CONVERGENCE: REL_REDUCTION_OF_F <= FACTR*EPSMCH"

$loginfo
      step        par1         par2         fn          gr1          gr2
 [1,]    1 0.100000000 1.000000e-02   350.8485  2203.122661    3162.0281
 [2,]    2 0.000001000 1.000000e-06   137.2180 52670.457409 -268835.4809
 [3,]    3 0.000001000 1.000000e+01 24354.8216  2416.087798    2323.5766
 [4,]    4 0.000001000 3.288394e+00  8276.0592  2415.993624    2467.2826
 [5,]    5 0.000001000 1.081219e+00  2781.8733  2415.572466    2508.7773
 [6,]    6 0.000001000 3.556062e-01   960.5539  2414.114390    2503.9202
 [7,]    7 0.000001000 1.170682e-01   367.4930  2409.583315    2446.1197
 [8,]    8 0.000001000 3.863466e-02   180.3927  2395.836856    2257.0828
 [9,]    9 0.000001000 1.282621e-02   126.9147  2353.047238    1684.7363
[10,]   10 0.000001000 1.274634e-02   126.7803  2352.603418    1679.3637
[11,]   11 0.000001000 1.242685e-02   126.2473  2350.752275    1657.1825
[12,]   12 0.000001000 1.114889e-02   124.1919  2341.827450    1555.7402
[13,]   13 0.000001000 6.037056e-03   117.9428  2188.712405     720.3793
[14,]   14 0.000001000 9.655266e-04   114.7237  1388.541462    2532.6421
[15,]   15 0.000001000 1.000000e-06   137.2180 52670.457409 -268835.4809
[16,]   16 0.000001000 6.551221e-04   113.7860    14.683424    3665.1316
[17,]   17 0.000001000 3.004042e-04   112.0221 -3430.336965    6986.3988
[18,]   18 0.022873482 1.000000e-06   149.6744    18.130302 -405486.6487
[19,]   19 0.006712414 2.125508e-04   111.3757    37.376322   31320.7302
[20,]   20 0.008131888 1.000000e-06   149.1546    73.893867 -402044.4491
[21,]   21 0.006820964 1.963731e-04   110.8061    25.035068   28027.1235
[22,]   22 0.007980014 5.519031e-05   110.8577    32.008557  -12853.0279
[23,]   23 0.007292298 1.389603e-04   109.2115     6.310769   -2673.3118
[24,]   24 0.007229696 1.440947e-04   109.3115     6.475075    2377.0953
[25,]   25 0.007290871 1.390774e-04   109.2136     6.311834   -2548.5275
[26,]   26 0.007292267 1.389629e-04   109.2115     6.310792   -2670.5320
[27,]   27 0.007292298 1.389604e-04   109.2115     6.310770   -2673.2501
[28,]   28 0.007292298 1.389603e-04   109.2115     6.310769   -2673.3105
[29,]   29 0.007292298 1.389603e-04   109.2115     6.310769   -2673.3118
[30,]   30 0.007292298 1.389603e-04   109.2115     6.310769   -2673.3118
[31,]   31 0.007292298 1.389603e-04   109.2115     6.310769   -2673.3118
[32,]   32 0.007292298 1.389603e-04   109.2115     6.310769   -2673.3118
[33,]   33 0.007292298 1.389603e-04   109.2115     6.310769   -2673.3118
[34,]   34 0.007292298 1.389603e-04   109.2115     6.310769   -2673.3118

