[22;0t]0;IPython: scripts/01_msprime_simulations$par
[1] 0.0046508791 0.0004477203

$value
[1] -406.0542

$counts
function gradient 
      52       52 

$convergence
[1] 52

$message
[1] "ERROR: ABNORMAL_TERMINATION_IN_LNSRCH"

$loginfo
      step        par1         par2         fn          gr1           gr2
 [1,]    1 0.100000000 1.000000e-02   632.9638  1948.080787     3531.1410
 [2,]    2 0.000001000 1.000000e-06   584.7324 97581.164171 -1770426.7200
 [3,]    3 0.097185037 9.718529e-03   626.4902  1935.810168     3626.0977
 [4,]    4 0.048593019 4.859765e-03   515.5888  1495.772076     7913.3693
 [5,]    5 0.017047743 1.705521e-03   437.7098   489.411687    23020.2879
 [6,]    6 0.007395639 7.403973e-04   410.4034     7.817099    23005.4091
 [7,]    7 0.000001000 1.000000e-06   584.7324 97581.164171 -1770426.7200
 [8,]    8 0.006446328 6.454748e-04   408.3648   -22.839879    18871.9905
 [9,]    9 0.002811779 2.442885e-04   410.3510   703.236563   -74499.4988
[10,]   10 0.004723106 4.552633e-04   406.0682     2.698635      686.9973
[11,]   11 0.004650879 4.477203e-04   406.0542     8.922247     -504.8781
[12,]   12 0.004673314 4.504920e-04   406.0584     6.536831      -57.0119
[13,]   13 0.004651807 4.478349e-04   406.0543     8.821883     -486.2112
[14,]   14 0.004650919 4.477252e-04   406.0542     8.917957     -504.0805
[15,]   15 0.004650881 4.477205e-04   406.0542     8.922064     -504.8440
[16,]   16 0.004650879 4.477203e-04   406.0542     8.922239     -504.8767
[17,]   17 0.004650879 4.477203e-04   406.0542     8.922247     -504.8781
[18,]   18 0.004650879 4.477203e-04   406.0542     8.922247     -504.8781
[19,]   19 0.004650879 4.477203e-04   406.0542     8.922247     -504.8781
[20,]   20 0.004650879 4.477203e-04   406.0542     8.922247     -504.8781
[21,]   21 0.004650879 4.477203e-04   406.0542     8.922247     -504.8781
[22,]   22 0.004650879 4.477203e-04   406.0542     8.922247     -504.8781
[23,]   23 0.004650879 4.477203e-04   406.0542     8.922247     -504.8781
[24,]   24 0.004650879 4.477203e-04   406.0542     8.922247     -504.8781
[25,]   25 0.004650879 4.477203e-04   406.0542     8.922247     -504.8781
[26,]   26 0.000001000 1.000000e+01 24401.2302  2416.087802     2319.7020
[27,]   27 0.004444635 4.439742e-01  1354.0426  2414.280364     2426.7716
[28,]   28 0.004640057 2.372028e-02   425.7612  2378.239809      568.7482
[29,]   29 0.004649889 2.577370e-03   435.5301  2844.793691     4456.8654
[30,]   30 0.004650872 4.619282e-04   406.0875    -3.257472     1807.6476
[31,]   31 0.004650879 4.483154e-04   406.0549     8.378635     -403.5696
[32,]   32 0.004650879 4.477500e-04   406.0542     8.895053     -499.8136
[33,]   33 0.004650879 4.477218e-04   406.0542     8.920879     -504.6234
[34,]   34 0.004650879 4.477204e-04   406.0542     8.922178     -504.8653
[35,]   35 0.004650879 4.477203e-04   406.0542     8.922244     -504.8775
[36,]   36 0.004650879 4.477203e-04   406.0542     8.922247     -504.8781
[37,]   37 0.004650879 4.477203e-04   406.0542     8.922247     -504.8781
[38,]   38 0.004650879 4.477203e-04   406.0542     8.922247     -504.8781
[39,]   39 0.004650879 4.477203e-04   406.0542     8.922247     -504.8781
[40,]   40 0.004650879 4.477203e-04   406.0542     8.922247     -504.8781
[41,]   41 0.004650879 4.477203e-04   406.0542     8.922247     -504.8781
[42,]   42 0.004650879 4.477203e-04   406.0542     8.922247     -504.8781
[43,]   43 0.004650879 4.477203e-04   406.0542     8.922247     -504.8781
[44,]   44 0.004650879 4.477203e-04   406.0542     8.922247     -504.8781
[45,]   45 0.004650879 4.477203e-04   406.0542     8.922247     -504.8781

