[22;0t]0;IPython: scripts/01_msprime_simulations$par
[1] 0.001496136 0.005995172

$value
[1] -3080.623

$counts
function gradient 
      33       33 

$convergence
[1] 0

$message
[1] "CONVERGENCE: REL_REDUCTION_OF_F <= FACTR*EPSMCH"

$loginfo
      step        par1        par2       fn           gr1           gr2
 [1,]    1 0.100000000 0.010000000 3180.608  6.944781e+02  6.330697e+03
 [2,]    2 0.000001000 0.000001000 6519.979  1.177816e+05 -2.378467e+07
 [3,]    3 0.066223736 0.006622678 3154.411  6.418414e+02 -6.234856e+03
 [4,]    4 0.048342295 0.006648091 3142.128  7.214366e+02 -6.150657e+03
 [5,]    5 0.000001000 0.006716795 3153.080 -4.765671e+05  9.844050e+02
 [6,]    6 0.023018862 0.006684081 3120.669  1.041735e+03 -4.798152e+03
 [7,]    7 0.007727751 0.006705813 3096.701  2.501328e+03 -2.162327e+03
 [8,]    8 0.002665038 0.006713008 3082.410  2.395250e+03 -2.171188e+01
 [9,]    9 0.000001000 0.006589142 3152.957 -4.771870e+05  9.442657e+02
[10,]   10 0.001778556 0.006671791 3080.907  6.023224e+02  5.173276e+02
[11,]   11 0.001425433 0.006527364 3080.855 -9.685291e+02  6.735015e+02
[12,]   12 0.001577567 0.006490490 3080.757 -9.661369e+01  5.100204e+02
[13,]   13 0.001590773 0.006355984 3080.698  8.909222e+01  3.616883e+02
[14,]   14 0.001539925 0.005972280 3080.631  2.571630e+02 -8.945080e+01
[15,]   15 0.001505781 0.006006654 3080.624  3.601674e+01  5.410018e+00
[16,]   16 0.001496136 0.005995172 3080.623 -2.480744e+00 -1.678099e-01
[17,]   17 0.001496723 0.005995758 3080.623  1.930800e-02  1.667042e-03
[18,]   18 0.001496151 0.005995186 3080.623 -2.418963e+00 -1.636241e-01
[19,]   19 0.001496137 0.005995172 3080.623 -2.479180e+00 -1.677040e-01
[20,]   20 0.001496136 0.005995172 3080.623 -2.480705e+00 -1.678073e-01
[21,]   21 0.001496136 0.005995172 3080.623 -2.480744e+00 -1.678098e-01
[22,]   22 0.001496136 0.005995172 3080.623 -2.480744e+00 -1.678099e-01
[23,]   23 0.001496136 0.005995172 3080.623 -2.480744e+00 -1.678099e-01
[24,]   24 0.001496136 0.005995172 3080.623 -2.480744e+00 -1.678098e-01
[25,]   25 0.001496136 0.005995172 3080.623 -2.480744e+00 -1.678099e-01
[26,]   26 0.001496136 0.005995172 3080.623 -2.480744e+00 -1.678099e-01
[27,]   27 0.001496136 0.005995172 3080.623 -2.480744e+00 -1.678099e-01
[28,]   28 0.001496136 0.005995172 3080.623 -2.480744e+00 -1.678099e-01
[29,]   29 0.001496136 0.005995172 3080.623 -2.480744e+00 -1.678099e-01

