[22;0t]0;IPython: scripts/01_msprime_simulations$par
[1] 0.006679754 0.009213725

$value
[1] -4413.755

$counts
function gradient 
      27       27 

$convergence
[1] 0

$message
[1] "CONVERGENCE: REL_REDUCTION_OF_F <= FACTR*EPSMCH"

$loginfo
      step        par1         par2        fn           gr1           gr2
 [1,]    1 0.100000000  0.010000000  4479.926  5.458372e+02 -2.287263e+03
 [2,]    2 0.000001000 10.000000000 25366.788  2.416099e+03  2.239088e+03
 [3,]    3 0.085093949  1.499129386  6589.297  2.412399e+03  1.972429e+03
 [4,]    4 0.097138580  0.295858764  4793.245  2.406923e+03  4.267098e+02
 [5,]    5 0.099484957  0.061453275  4783.015  2.248795e+03  1.609036e+03
 [6,]    6 0.099969836  0.013013452  4487.726  5.654705e+02  6.201669e+03
 [7,]    7 0.099994012  0.010598205  4479.279  5.462590e+02  5.887553e+01
 [8,]    8 0.099854855  0.010584612  4479.202  5.464535e+02  9.817028e+00
 [9,]    9 0.099298226  0.010530242  4478.903  5.472605e+02 -1.881505e+02
[10,]   10 0.097071712  0.010312762  4477.809  5.509691e+02 -1.008543e+03
[11,]   11 0.067585030  0.008943943  4465.641  6.560383e+02 -7.007140e+03
[12,]   12 0.000001000  0.007212666  4534.766 -5.032292e+05 -6.730933e+01
[13,]   13 0.039738287  0.008230602  4450.392  9.090423e+02 -9.458263e+03
[14,]   14 0.013368380  0.007555094  4425.298  1.467406e+03 -7.953980e+03
[15,]   15 0.004612571  0.007330799  4417.809 -4.243407e+02 -4.212451e+03
[16,]   16 0.007207523  0.007397273  4418.414  8.865896e+02 -5.798153e+03
[17,]   17 0.004612571  0.007330799  4417.809 -4.243407e+02 -4.212451e+03
[18,]   18 0.039173895  0.008698487  4446.140  8.664475e+02 -6.663685e+03
[19,]   19 0.008288057  0.007476248  4419.022  1.089978e+03 -6.048716e+03
[20,]   20 0.005540871  0.007367535  4417.577  2.269560e+02 -4.800642e+03
[21,]   21 0.005886387  0.007808485  4415.852  1.302390e+02 -3.342735e+03
[22,]   22 0.006837989  0.008851773  4413.903  1.445425e+02 -7.820841e+02
[23,]   23 0.006876472  0.009116487  4413.775  9.788406e+01 -2.276248e+02
[24,]   24 0.006762227  0.009208754  4413.756  3.467127e+01 -2.530986e+01
[25,]   25 0.006693684  0.009218459  4413.755  4.871953e+00  6.143618e+00
[26,]   26 0.006680097  0.009214308  4413.755  4.102211e-02  9.897379e-01
[27,]   27 0.006679754  0.009213725  4413.755  1.097944e-02 -3.670334e-02

