[22;0t]0;IPython: scripts/01_msprime_simulations$par
[1] 0.021624804 0.004606084

$value
[1] -2957.05

$counts
function gradient 
      25       25 

$convergence
[1] 0

$message
[1] "CONVERGENCE: REL_REDUCTION_OF_F <= FACTR*EPSMCH"

$loginfo
      step       par1        par2       fn           gr1           gr2
 [1,]    1 0.10000000 0.010000000 3035.205  2.276579e+02  2.020730e+04
 [2,]    2 0.00000100 0.000001000 5836.317  1.222089e+05 -2.124623e+07
 [3,]    3 0.06529911 0.006530223 2970.397  5.501675e+01  1.225436e+04
 [4,]    4 0.02703187 0.001774429 3074.174  1.248685e+03 -1.307369e+05
 [5,]    5 0.05309445 0.005013447 2958.478  5.726411e+01  1.223610e+03
 [6,]    6 0.05040336 0.004781288 2958.317  6.762505e+01 -1.353836e+03
 [7,]    7 0.05026358 0.004832064 2958.256  6.424861e+01 -7.174763e+02
 [8,]    8 0.04822170 0.004892590 2958.114  5.814918e+01  1.311823e+02
 [9,]    9 0.04011850 0.004964902 2957.772  3.952902e+01  1.511667e+03
[10,]   10 0.02759710 0.004948857 2957.478 -5.677369e+00  2.579341e+03
[11,]   11 0.02547435 0.004831157 2957.235 -4.567927e+00  1.706420e+03
[12,]   12 0.02212066 0.004607918 2957.051  4.918229e+00 -9.185031e+01
[13,]   13 0.02070644 0.004602688 2957.054 -1.001847e+01  1.457700e+02
[14,]   14 0.02162480 0.004606084 2957.050  7.497038e-02 -1.073119e+01
[15,]   15 0.02164279 0.004607374 2957.050  4.640556e-03 -6.284987e-02
[16,]   16 0.02162694 0.004606237 2957.050  6.659741e-02 -9.462012e+00
[17,]   17 0.02162509 0.004606105 2957.050  7.383744e-02 -1.055946e+01
[18,]   18 0.02162484 0.004606087 2957.050  7.481454e-02 -1.070757e+01
[19,]   19 0.02162481 0.004606084 2957.050  7.494883e-02 -1.072794e+01
[20,]   20 0.02162480 0.004606084 2957.050  7.496749e-02 -1.073075e+01
[21,]   21 0.02162480 0.004606084 2957.050  7.497014e-02 -1.073113e+01
[22,]   22 0.02162480 0.004606084 2957.050  7.497032e-02 -1.073118e+01
[23,]   23 0.02162480 0.004606084 2957.050  7.497043e-02 -1.073119e+01
[24,]   24 0.02162480 0.004606084 2957.050  7.497046e-02 -1.073119e+01
[25,]   25 0.02162480 0.004606084 2957.050  7.497043e-02 -1.073119e+01

