[22;0t]0;IPython: scripts/01_msprime_simulations$par
[1] 0.0002926625 3.6678520108

$value
[1] -37201.26

$counts
function gradient 
      42       42 

$convergence
[1] 0

$message
[1] "CONVERGENCE: REL_REDUCTION_OF_F <= FACTR*EPSMCH"

$loginfo
      step         par1       par2        fn           gr1           gr2
 [1,]    1 0.1000000000  0.0100000  51072.58  3.141378e+04 -1.014728e+06
 [2,]    2 0.0000010000 10.0000000  40730.64  2.416058e+03  9.563752e+02
 [3,]    3 0.0000010000  9.9905916  40721.64  2.416057e+03  9.553775e+02
 [4,]    4 0.0000010000  9.9529580  40685.76  2.416056e+03  9.513389e+02
 [5,]    5 0.0000010000  9.8024238  40543.79  2.416055e+03  9.348169e+02
 [6,]    6 0.0000010000  9.2002868  40002.19  2.416047e+03  8.623262e+02
 [7,]    7 0.0000010000  6.7917387  38395.96  2.319306e+03  4.220676e+02
 [8,]    8 0.0000010000  4.2574246  37348.84 -8.545509e+04  4.305822e+02
 [9,]    9 0.0000010000  0.0000010 158045.12  1.247846e+05 -5.863907e+08
[10,]   10 0.0000010000  2.8224284  37596.50 -4.269329e+04 -1.013508e+03
[11,]   11 0.0000010000  3.7011563  37206.41 -4.259154e+04  3.034468e+01
[12,]   12 0.0276841252  0.2878883  37646.94  1.638033e+04 -3.592727e+02
[13,]   13 0.0090088598  2.5905072  37785.73  1.901408e+03 -6.227273e+02
[14,]   14 0.0011036961  3.5651964  37207.76  2.650919e+03 -9.716430e+01
[15,]   15 0.0004076581  3.6510163  37201.47  1.055485e+03 -1.555446e+01
[16,]   16 0.0004770572  3.7433532  37204.01  1.431654e+03  6.800049e+01
[17,]   17 0.0004195991  3.6669041  37201.35  1.129599e+03 -8.721178e-01
[18,]   18 0.0004076659  3.6669894  37201.34  1.055509e+03 -7.936588e-01
[19,]   19 0.0003599330  3.6673304  37201.29  7.062896e+02 -4.798040e-01
[20,]   20 0.0002603810  3.6678526  37201.26 -4.884323e+02  4.703907e-04
[21,]   21 0.0003010801  3.6678515  37201.26  1.073095e+02 -5.059337e-04
[22,]   22 0.0002937490  3.6678520  37201.26  1.385195e+01 -5.820766e-07
[23,]   23 0.0002926625  3.6678520  37201.26 -4.504783e-01 -9.531504e-06
[24,]   24 0.0002926967  3.6678520  37201.26  1.803601e-03  2.488378e-05
[25,]   25 0.0002926625  3.6678520  37201.26 -4.502345e-01  1.262379e-05
[26,]   26 0.0002926625  3.6678520  37201.26 -4.504782e-01 -9.604264e-06
[27,]   27 0.0002926625  3.6678520  37201.26 -4.504783e-01 -9.531504e-06
[28,]   28 0.0002926625  3.6678520  37201.26 -4.504783e-01 -9.531504e-06
[29,]   29 0.0002926625  3.6678520  37201.26 -4.504783e-01 -9.567884e-06
[30,]   30 0.0002926625  3.6678520  37201.26 -4.504783e-01 -9.531504e-06
[31,]   31 0.0002926625  3.6678520  37201.26 -4.504783e-01 -9.531504e-06
[32,]   32 0.0002926625  3.6678520  37201.26 -4.504783e-01 -9.531504e-06
[33,]   33 0.0002926625  3.6678520  37201.26 -4.504783e-01 -9.531504e-06
[34,]   34 0.0002926625  3.6678520  37201.26 -4.504783e-01 -9.531504e-06
[35,]   35 0.0002926625  3.6678520  37201.26 -4.504783e-01 -9.567884e-06
[36,]   36 0.0002926625  3.6678520  37201.26 -4.504783e-01 -9.567884e-06

