[22;0t]0;IPython: scripts/01_msprime_simulations$par
[1] 0.011849792 0.000547683

$value
[1] -446.7715

$counts
function gradient 
      52       52 

$convergence
[1] 52

$message
[1] "ERROR: ABNORMAL_TERMINATION_IN_LNSRCH"

$loginfo
      step        par1         par2         fn           gr1           gr2
 [1,]    1 0.100000000 1.000000e-02   666.0032  1.893698e+03  3.688121e+03
 [2,]    2 0.000001000 1.000000e-06   652.8814  1.023864e+05 -2.001005e+06
 [3,]    3 0.097736607 9.773681e-03   660.8873  1.882439e+03  3.758802e+03
 [4,]    4 0.048868803 4.887341e-03   551.9981  1.385694e+03  8.626308e+03
 [5,]    5 0.017209805 1.721726e-03   473.0468  4.162303e+02  2.374731e+04
 [6,]    6 0.007410062 7.418395e-04   448.8315 -1.124479e+02  1.527502e+04
 [7,]    7 0.003972870 1.000000e-06   708.2002  1.877627e+03 -2.256383e+06
 [8,]    8 0.006491596 5.438767e-04   447.0000 -1.103664e+02  8.673136e+02
 [9,]    9 0.009945638 5.394944e-04   446.7876 -2.318269e+01 -8.461940e+02
[10,]   10 0.011140647 5.557299e-04   446.7868 -8.688887e+00  1.017881e+03
[11,]   11 0.011556802 5.491990e-04   446.7738 -3.594978e+00  1.913086e+02
[12,]   12 0.011849792 5.476830e-04   446.7715 -5.790710e-01 -1.494762e+01
[13,]   13 0.011906249 5.477958e-04   446.7716 -4.474882e-02 -3.428676e+00
[14,]   14 0.011852565 5.476886e-04   446.7715 -5.526351e-01 -1.438566e+01
[15,]   15 0.011849934 5.476833e-04   446.7715 -5.777102e-01 -1.491871e+01
[16,]   16 0.011849799 5.476831e-04   446.7715 -5.790008e-01 -1.494613e+01
[17,]   17 0.011849792 5.476830e-04   446.7715 -5.790674e-01 -1.494754e+01
[18,]   18 0.011849792 5.476830e-04   446.7715 -5.790709e-01 -1.494761e+01
[19,]   19 0.011849792 5.476830e-04   446.7715 -5.790711e-01 -1.494762e+01
[20,]   20 0.011849792 5.476830e-04   446.7715 -5.790710e-01 -1.494762e+01
[21,]   21 0.011849792 5.476830e-04   446.7715 -5.790710e-01 -1.494762e+01
[22,]   22 0.011849792 5.476830e-04   446.7715 -5.790710e-01 -1.494762e+01
[23,]   23 0.011849792 5.476830e-04   446.7715 -5.790710e-01 -1.494762e+01
[24,]   24 0.011849792 5.476830e-04   446.7715 -5.790710e-01 -1.494762e+01
[25,]   25 0.011849792 5.476830e-04   446.7715 -5.790710e-01 -1.494762e+01
[26,]   26 0.011849792 5.476830e-04   446.7715 -5.790710e-01 -1.494762e+01
[27,]   27 0.011849792 5.476830e-04   446.7715 -5.790710e-01 -1.494762e+01
[28,]   28 0.011849792 5.476830e-04   446.7715 -5.790710e-01 -1.494762e+01
[29,]   29 0.590920829 1.000000e+01 25831.1769  2.401821e+03  2.319186e+03
[30,]   30 0.012686884 1.500268e-02   482.5725  2.310273e+03 -7.329683e+02
[31,]   31 0.011850570 5.611309e-04   446.7958 -9.709126e-01  1.622096e+03
[32,]   32 0.011849793 5.477094e-04   446.7715 -5.800889e-01 -1.162745e+01
[33,]   33 0.011849792 5.476831e-04   446.7715 -5.790735e-01 -1.493960e+01
[34,]   34 0.011849792 5.476830e-04   446.7715 -5.790711e-01 -1.494760e+01
[35,]   35 0.011849792 5.476830e-04   446.7715 -5.790711e-01 -1.494762e+01
[36,]   36 0.011849792 5.476830e-04   446.7715 -5.790710e-01 -1.494762e+01
[37,]   37 0.011849792 5.476830e-04   446.7715 -5.790710e-01 -1.494762e+01
[38,]   38 0.011849792 5.476830e-04   446.7715 -5.790710e-01 -1.494762e+01
[39,]   39 0.011849792 5.476830e-04   446.7715 -5.790710e-01 -1.494762e+01
[40,]   40 0.011849792 5.476830e-04   446.7715 -5.790710e-01 -1.494762e+01
[41,]   41 0.011849792 5.476830e-04   446.7715 -5.790710e-01 -1.494762e+01
[42,]   42 0.011849792 5.476830e-04   446.7715 -5.790710e-01 -1.494762e+01
[43,]   43 0.011849792 5.476830e-04   446.7715 -5.790710e-01 -1.494762e+01
[44,]   44 0.011849792 5.476830e-04   446.7715 -5.790710e-01 -1.494762e+01
[45,]   45 0.011849792 5.476830e-04   446.7715 -5.790710e-01 -1.494762e+01

