[22;0t]0;IPython: scripts/01_msprime_simulations$par
[1] 0.0000630551 0.0001267526

$value
[1] -87.20554

$counts
function gradient 
      57       57 

$convergence
[1] 0

$message
[1] "CONVERGENCE: REL_REDUCTION_OF_F <= FACTR*EPSMCH"

$loginfo
      step         par1         par2          fn          gr1           gr2
 [1,]    1 1.000000e-01 1.000000e-02   331.37913  2255.636804  2.804627e+03
 [2,]    2 1.000000e-06 1.000000e-06   105.84901 32637.157495 -1.822802e+05
 [3,]    3 1.000000e-06 1.000000e+01 24350.95418  2416.098514  2.323899e+03
 [4,]    4 1.000000e-06 3.267446e+00  8216.98590  2416.073607  2.468662e+03
 [5,]    5 1.000000e-06 1.067376e+00  2736.35066  2415.985030  2.511784e+03
 [6,]    6 1.000000e-06 3.487879e-01   929.31609  2415.700404  2.512091e+03
 [7,]    7 1.000000e-06 1.141011e-01   342.71374  2414.823934  2.470059e+03
 [8,]    8 1.000000e-06 3.743728e-02   156.82542  2412.155505  2.328162e+03
 [9,]    9 1.000000e-06 1.237425e-02   101.96838  2403.866200  1.895885e+03
[10,]   10 1.000000e-06 1.224688e-02   101.72733  2403.727297  1.889164e+03
[11,]   11 1.000000e-06 1.173740e-02   100.77196  2403.135678  1.860819e+03
[12,]   12 1.000000e-06 9.699505e-03    97.11637  2399.981126  1.717649e+03
[13,]   13 1.000000e-06 1.547911e-03    89.87532  3660.726847  1.075120e+03
[14,]   14 1.000000e-06 1.000000e-06   105.84901 32637.157495 -1.822802e+05
[15,]   15 1.000000e-06 1.029652e-03    89.21709  5060.301930  1.072202e+03
[16,]   16 1.000000e-06 5.153258e-04    88.61433  5339.941827  1.621437e+03
[17,]   17 1.000000e-06 2.732439e-04    88.12400  2206.415609  2.584567e+03
[18,]   18 1.000000e-06 2.575920e-04    88.08314  1720.236413  2.666601e+03
[19,]   19 1.000000e-06 2.473002e-04    88.05548  1369.029474  2.718517e+03
[20,]   20 1.000000e-06 1.241501e-04    87.68383 -5273.128311 -2.109518e+03
[21,]   21 1.000000e+01 1.000000e+01 47313.24718  2177.177930  2.328491e+03
[22,]   22 1.740312e+00 1.740414e+00  8582.76517  2365.416644  2.505515e+03
[23,]   23 3.008074e-01 3.009268e-01  1532.71382  2396.481980  2.515740e+03
[24,]   24 5.263947e-02 5.276198e-02   319.67956  2399.761999  2.398008e+03
[25,]   25 9.696926e-03 9.819957e-03   120.55226  2390.729500  1.746199e+03
[26,]   26 2.028382e-03 2.151507e-03    94.55569  2368.441630 -8.432763e+02
[27,]   27 3.772336e-04 5.003790e-04    90.48723  4277.632859  2.957715e+03
[28,]   28 5.287703e-05 1.760265e-04    87.61925  1243.185908  6.790503e+03
[29,]   29 2.584320e-05 1.489930e-04    87.49535  -687.662003  4.905953e+03
[30,]   30 2.849626e-05 1.323213e-04    87.36518 -1153.082771  2.476224e+03
[31,]   31 4.299678e-05 1.112939e-04    87.12876 -1063.287214 -1.675704e+04
[32,]   32 3.095474e-05 1.287562e-04    87.32469 -1126.809656  1.331618e+03
[33,]   33 4.155930e-05 1.224318e-04    87.22457  -786.784996 -2.194245e+03
[34,]   34 4.557804e-05 1.243888e-04    87.22574  -561.789151 -1.014942e+03
[35,]   35 4.237379e-05 1.228284e-04    87.22455  -738.995241 -1.941876e+03
[36,]   36 4.448859e-05 1.238583e-04    87.22511  -620.186601 -1.318881e+03
[37,]   37 4.277463e-05 1.230236e-04    87.22459  -715.901190 -1.820288e+03
[38,]   38 4.245380e-05 1.228674e-04    87.22455  -734.363293 -1.917470e+03
[39,]   39 5.533934e-05 1.258180e-04    87.21134  -208.946661 -3.904000e+02
[40,]   40 6.033393e-05 1.266170e-04    87.20869   -63.894903 -3.897089e+01
[41,]   41 6.240701e-05 1.267580e-04    87.20658   -15.185861  9.210336e-01
[42,]   42 6.305510e-05 1.267526e-04    87.20554    -2.012771 -1.373233e+01
[43,]   43 6.324680e-05 1.268410e-04    87.20604     4.391216  3.156375e+01
[44,]   44 6.305520e-05 1.267526e-04    87.20554    -2.009382 -1.370834e+01
[45,]   45 6.305510e-05 1.267526e-04    87.20554    -2.012769 -1.373231e+01
[46,]   46 6.305510e-05 1.267526e-04    87.20554    -2.012771 -1.373233e+01
[47,]   47 6.305510e-05 1.267526e-04    87.20554    -2.012770 -1.373232e+01
[48,]   48 6.305510e-05 1.267526e-04    87.20554    -2.012771 -1.373233e+01
[49,]   49 6.305510e-05 1.267526e-04    87.20554    -2.012771 -1.373232e+01
[50,]   50 6.305510e-05 1.267526e-04    87.20554    -2.012771 -1.373233e+01
[51,]   51 6.305510e-05 1.267526e-04    87.20554    -2.012771 -1.373233e+01
[52,]   52 6.305510e-05 1.267526e-04    87.20554    -2.012771 -1.373233e+01
[53,]   53 6.305510e-05 1.267526e-04    87.20554    -2.012771 -1.373233e+01

