[22;0t]0;IPython: scripts/01_msprime_simulations$par
[1] 10.000000000  0.001784982

$value
[1] -1303.119

$counts
function gradient 
      37       37 

$convergence
[1] 0

$message
[1] "CONVERGENCE: REL_REDUCTION_OF_F <= FACTR*EPSMCH"

$loginfo
      step        par1        par2       fn           gr1           gr2
 [1,]    1  0.10000000 0.010000000 1525.740  9.162975e+02  1.580309e+04
 [2,]    2  0.00000100 0.000001000 2213.113  1.201953e+05 -7.815684e+06
 [3,]    3  0.06039278 0.006039635 1417.633  4.145611e+02  2.594514e+04
 [4,]    4  0.02101547 0.002102258 1310.538 -1.789563e+02  1.313340e+04
 [5,]    5  0.03947571 0.000001000 2437.028  3.838704e+02 -8.091421e+06
 [6,]    6  0.02681894 0.001441671 1308.825 -3.718318e+01 -1.534069e+04
 [7,]    7  0.02388709 0.001775392 1307.307 -1.174010e+02  2.886682e+03
 [8,]    8  0.04348084 0.001768113 1305.901 -4.089926e+01  6.473611e+02
 [9,]    9  0.05450128 0.001784636 1305.556 -2.590034e+01  9.174597e+02
[10,]   10  0.07291047 0.001762999 1305.200 -1.413672e+01 -4.480522e+02
[11,]   11  0.09852337 0.001800164 1304.928 -9.183836e+00  1.127290e+03
[12,]   12  0.14082082 0.001789903 1304.608 -5.938773e+00  5.121182e+02
[13,]   13  0.22498838 0.001817015 1304.274 -3.223602e+00  1.775846e+03
[14,]   14  0.34466491 0.001736486 1304.013 -1.726902e+00 -2.596709e+03
[15,]   15  0.42994699 0.001766236 1303.837 -1.268669e+00 -9.704747e+02
[16,]   16  0.63403907 0.001793012 1303.640 -7.061620e-01  4.660037e+02
[17,]   17  0.86139568 0.001795626 1303.517 -4.262308e-01  6.004968e+02
[18,]   18  1.20523446 0.001788827 1303.404 -2.362688e-01  2.235451e+02
[19,]   19  1.63066620 0.001783674 1303.327 -1.358856e-01 -6.552742e+01
[20,]   20  2.34823790 0.001834041 1303.329 -6.869576e-02  2.657785e+03
[21,]   21  1.96479559 0.001807127 1303.305 -9.607720e-02  1.219544e+03
[22,]   22  2.50431873 0.001793138 1303.250 -6.091987e-02  4.545525e+02
[23,]   23  3.40264522 0.001783146 1303.207 -3.445443e-02 -1.013719e+02
[24,]   24  4.51609398 0.001782300 1303.177 -2.085451e-02 -1.499956e+02
[25,]   25  6.22445486 0.001785180 1303.150 -1.220744e-02  1.003798e+01
[26,]   26  8.62333555 0.001785696 1303.128 -7.070820e-03  3.820729e+01
[27,]   27 10.00000000 0.001545065 1304.858 -5.159573e-03 -1.550568e+04
[28,]   28  8.63138069 0.001784290 1303.127 -7.055334e-03 -4.036487e+01
[29,]   29 10.00000000 0.001784982 1303.119 -5.405907e-03 -1.886969e+00
[30,]   30 10.00000000 0.001785015 1303.119 -5.418553e-03 -8.111641e-03
[31,]   31 10.00000000 0.001784982 1303.119 -5.419013e-03 -1.881316e+00
[32,]   32 10.00000000 0.001784982 1303.119 -5.399754e-03 -1.886949e+00
[33,]   33 10.00000000 0.001784982 1303.119 -5.402458e-03 -1.886948e+00
[34,]   34 10.00000000 0.001784982 1303.119 -5.397994e-03 -1.884132e+00
[35,]   35 10.00000000 0.001784982 1303.119 -5.406937e-03 -1.886941e+00
[36,]   36 10.00000000 0.001784982 1303.119 -5.402387e-03 -1.886948e+00
[37,]   37 10.00000000 0.001784982 1303.119 -5.402458e-03 -1.886948e+00

