[22;0t]0;IPython: scripts/01_msprime_simulations$par
[1] 0.00624026 0.01216450

$value
[1] -6110.868

$counts
function gradient 
      29       29 

$convergence
[1] 0

$message
[1] "CONVERGENCE: REL_REDUCTION_OF_F <= FACTR*EPSMCH"

$loginfo
      step        par1        par2        fn           gr1           gr2
 [1,]    1 0.100000000  0.01000000  6218.494  5.607036e+02 -1.941974e+04
 [2,]    2 0.000001000 10.00000000 25846.345  2.416099e+03  2.199051e+03
 [3,]    3 0.070837556  2.92335729 10524.310  2.413901e+03  2.069614e+03
 [4,]    4 0.091141022  0.89502077  6890.474  2.384056e+03  1.289782e+03
 [5,]    5 0.097173912  0.29232901  6476.100  2.597837e+03 -1.472821e+02
 [6,]    6 0.099142514  0.09566370  6533.788  2.813577e+03  4.904464e+02
 [7,]    7 0.099790701  0.03090922  6315.018  9.261947e+02  8.814205e+03
 [8,]    8 0.099943248  0.01566959  6188.175  4.548130e+02  3.443570e+03
 [9,]    9 0.099835042  0.01481629  6185.903  4.541392e+02  1.704264e+03
[10,]   10 0.099501128  0.01395206  6185.183  4.593985e+02 -4.688709e+02
[11,]   11 0.099346395  0.01406756  6185.076  4.589240e+02 -1.497686e+02
[12,]   12 0.098250285  0.01434267  6184.633  4.602207e+02  5.778521e+02
[13,]   13 0.094416178  0.01482431  6183.415  4.693408e+02  1.734505e+03
[14,]   14 0.082086779  0.01575505  6179.880  5.119643e+02  3.528356e+03
[15,]   15 0.029725344  0.01868732  6154.563  1.219978e+03  4.909946e+03
[16,]   16 0.000001000  0.02035190  6306.845 -8.791514e+05  5.994121e+02
[17,]   17 0.018721083  0.01930356  6142.159  1.534105e+03  4.133576e+03
[18,]   18 0.006373221  0.01999505  6128.183  1.447451e+02  2.899943e+03
[19,]   19 0.012405491  0.01859698  6129.959  1.412259e+03  3.441486e+03
[20,]   20 0.007754813  0.01967485  6127.900  7.626416e+02  3.042166e+03
[21,]   21 0.010511243  0.00000100 15157.292  2.966056e+04 -5.364470e+07
[22,]   22 0.008669993  0.01314281  6112.401  7.958046e+02  8.149664e+02
[23,]   23 0.007126683  0.01105666  6112.236  7.181991e+02 -2.053441e+03
[24,]   24 0.007929573  0.01214196  6111.568  7.353619e+02 -3.397971e+02
[25,]   25 0.004674027  0.01213536  6111.834 -1.419850e+03  2.775678e+02
[26,]   26 0.006347006  0.01213875  6110.873  6.873462e+01 -5.387517e+01
[27,]   27 0.006192797  0.01215905  6110.869 -2.832826e+01  1.913056e+00
[28,]   28 0.006242049  0.01216574  6110.868  8.827449e-01  1.176046e+00
[29,]   29 0.006240260  0.01216450  6110.868  2.211306e-02 -8.305769e-02

