[22;0t]0;IPython: scripts/01_msprime_simulations$par
[1] 1.002571e-02 7.472893e-05

$value
[1] -109.1956

$counts
function gradient 
      63       63 

$convergence
[1] 52

$message
[1] "ERROR: ABNORMAL_TERMINATION_IN_LNSRCH"

$loginfo
      step        par1         par2         fn         gr1          gr2
 [1,]    1 0.100000000 1.000000e-02   349.0469  2199.49627    3224.7187
 [2,]    2 0.000001000 1.000000e-06   137.2093 47572.21554 -269119.8747
 [3,]    3 0.000001000 1.000000e+01 24354.8216  2416.08780    2323.5766
 [4,]    4 0.000001000 3.288441e+00  8276.1745  2415.99403    2467.2816
 [5,]    5 0.000001000 1.081250e+00  2781.9507  2415.57249    2508.7770
 [6,]    6 0.000001000 3.556213e-01   960.5917  2414.11447    2503.9212
 [7,]    7 0.000001000 1.170746e-01   367.5088  2409.58353    2446.1247
 [8,]    8 0.000001000 3.863718e-02   180.3984  2395.83680    2257.1013
 [9,]    9 0.000001000 1.282707e-02   126.9161  2354.07072    1684.7934
[10,]   10 0.000001000 1.274727e-02   126.7819  2353.66804    1679.4266
[11,]   11 0.000001000 1.242809e-02   126.2493  2352.00141    1657.2702
[12,]   12 0.000001000 1.115134e-02   124.1957  2344.27958    1555.9560
[13,]   13 0.000001000 6.044364e-03   117.9481  2258.53342     722.5223
[14,]   14 0.000001000 9.515607e-04   114.6913  3383.53184    2567.6260
[15,]   15 0.000001000 1.000000e-06   137.2093 47572.21554 -269119.8747
[16,]   16 0.000001000 6.462996e-04   113.7580  1986.75562    3709.1371
[17,]   17 0.000001000 2.978343e-04   112.0047 -4279.60273    7094.4644
[18,]   18 0.029612109 1.000000e-06   149.2979    11.56143 -406030.1640
[19,]   19 0.009047519 2.071482e-04   110.6839    61.94029   29540.2773
[20,]   20 0.009991483 1.000000e-06   148.8886    44.63776 -403432.1607
[21,]   21 0.009112379 1.929838e-04   110.2032    46.71587   26298.3322
[22,]   22 0.010025708 7.472893e-05   109.1956    11.99807    4614.2474
[23,]   23 0.010196606 4.979672e-05   111.0851    19.04954  -20861.4624
[24,]   24 0.010027524 7.446402e-05   109.2076    12.05445    4415.6612
[25,]   25 0.010025736 7.472482e-05   109.1958    11.99894    4611.1802
[26,]   26 0.010025709 7.472886e-05   109.1956    11.99809    4614.1997
[27,]   27 0.010025708 7.472893e-05   109.1956    11.99807    4614.2467
[28,]   28 0.010025708 7.472893e-05   109.1956    11.99807    4614.2474
[29,]   29 0.010025708 7.472893e-05   109.1956    11.99807    4614.2474
[30,]   30 0.010025708 7.472893e-05   109.1956    11.99807    4614.2474
[31,]   31 0.010025708 7.472893e-05   109.1956    11.99807    4614.2474
[32,]   32 0.010025708 7.472893e-05   109.1956    11.99807    4614.2474
[33,]   33 0.010025708 7.472893e-05   109.1956    11.99807    4614.2474
[34,]   34 0.010025708 7.472893e-05   109.1956    11.99807    4614.2474
[35,]   35 0.010025708 7.472893e-05   109.1956    11.99807    4614.2474
[36,]   36 0.010025708 7.472893e-05   109.1956    11.99807    4614.2474
[37,]   37 0.010025708 7.472893e-05   109.1956    11.99807    4614.2474
[38,]   38 0.010025708 7.472893e-05   109.1956    11.99807    4614.2474
[39,]   39 0.010025708 7.472893e-05   109.1956    11.99807    4614.2474
[40,]   40 0.010025708 7.472893e-05   109.1956    11.99807    4614.2474
[41,]   41 0.000001000 1.000000e-06   137.2093 47572.21554 -269119.8747
[42,]   42 0.010021447 7.469759e-05   109.1970    12.00724    4590.0209
[43,]   43 0.010025616 7.472825e-05   109.1957    11.99827    4613.7255
[44,]   44 0.010025706 7.472891e-05   109.1956    11.99808    4614.2362
[45,]   45 0.010025708 7.472893e-05   109.1956    11.99807    4614.2472
[46,]   46 0.010025708 7.472893e-05   109.1956    11.99807    4614.2474
[47,]   47 0.010025708 7.472893e-05   109.1956    11.99807    4614.2474
[48,]   48 0.010025708 7.472893e-05   109.1956    11.99807    4614.2474
[49,]   49 0.010025708 7.472893e-05   109.1956    11.99807    4614.2474
[50,]   50 0.010025708 7.472893e-05   109.1956    11.99807    4614.2474
[51,]   51 0.010025708 7.472893e-05   109.1956    11.99807    4614.2474
[52,]   52 0.010025708 7.472893e-05   109.1956    11.99807    4614.2474
[53,]   53 0.010025708 7.472893e-05   109.1956    11.99807    4614.2474
[54,]   54 0.010025708 7.472893e-05   109.1956    11.99807    4614.2474

