[22;0t]0;IPython: scripts/01_msprime_simulations$par
[1] 0.01061184 0.00503214

$value
[1] -3382.776

$counts
function gradient 
      19       19 

$convergence
[1] 0

$message
[1] "CONVERGENCE: REL_REDUCTION_OF_F <= FACTR*EPSMCH"

$loginfo
      step        par1        par2       fn           gr1           gr2
 [1,]    1 0.100000000 0.010000000 3451.475  1.745289e+02  1.919391e+04
 [2,]    2 0.000001000 0.000001000 6855.599  1.214222e+05 -2.503078e+07
 [3,]    3 0.065716624 0.006571971 3395.385  9.615877e+01  8.172252e+03
 [4,]    4 0.038075312 0.003927621 3404.603  4.004394e+02 -2.653479e+04
 [5,]    5 0.054680283 0.005516162 3389.797  1.332256e+02 -6.155044e+02
 [6,]    6 0.051982349 0.005411417 3389.542  1.436754e+02 -1.657686e+03
 [7,]    7 0.036520701 0.005051054 3388.011  2.121765e+02 -4.796884e+03
 [8,]    8 0.000001000 0.004199892 3420.339 -7.677509e+04 -9.745735e+02
 [9,]    9 0.023565394 0.004749105 3386.480  2.998867e+02 -6.708328e+03
[10,]   10 0.008168921 0.004390261 3384.219  1.019726e+02 -5.026575e+03
[11,]   11 0.007997223 0.004589824 3383.446 -5.453291e+01 -2.775254e+03
[12,]   12 0.097060770 0.011023122 3470.715  2.260934e+02  1.944544e+04
[13,]   13 0.014466730 0.005057134 3383.112  1.537039e+02 -8.666958e+02
[14,]   14 0.012030739 0.005014112 3382.844  8.352003e+01 -5.811921e+02
[15,]   15 0.009409910 0.004994882 3382.821 -8.282864e+01  9.550745e+01
[16,]   16 0.010743646 0.005004668 3382.781  1.717055e+01 -2.649686e+02
[17,]   17 0.010548764 0.005025753 3382.776 -2.247957e+00 -3.176986e+01
[18,]   18 0.010617316 0.005032455 3382.776  2.676070e-01  8.524820e-01
[19,]   19 0.010611843 0.005032140 3382.776  1.209262e-03  5.956542e-03

