[22;0t]0;IPython: scripts/01_msprime_simulations$par
[1] 0.006799773 1.000000000

$value
[1] -31007.4

$counts
function gradient 
      15       15 

$convergence
[1] 0

$message
[1] "CONVERGENCE: REL_REDUCTION_OF_F <= FACTR*EPSMCH"

$loginfo
      step        par1 par2       fn           gr1          gr2
 [1,]    1 0.100000000 0.01 38332.40  1.938667e+04 -702819.2474
 [2,]    2 0.000010000 1.00 31091.17 -2.350472e+05   -1008.5986
 [3,]    3 0.274658347 1.00 32294.16  4.714476e+03    -343.6653
 [4,]    4 0.089142981 1.00 31367.28  5.149293e+03    -305.3525
 [5,]    5 0.029272608 1.00 31072.79  4.239725e+03    -314.3636
 [6,]    6 0.028754129 1.00 31070.60  4.209807e+03    -315.7296
 [7,]    7 0.026680210 1.00 31062.00  4.078550e+03    -321.6506
 [8,]    8 0.018384535 1.00 31031.10  3.281062e+03    -351.9959
 [9,]    9 0.000010000 1.00 31091.17 -2.350472e+05   -1008.5986
[10,]   10 0.010068556 1.00 31010.09  1.496555e+03    -375.6007
[11,]   11 0.000010000 1.00 31091.17 -2.350472e+05   -1008.5986
[12,]   12 0.006451296 1.00 31007.44 -2.264110e+02    -363.0416
[13,]   13 0.006926632 1.00 31007.41  7.778815e+01    -365.8835
[14,]   14 0.006805082 1.00 31007.40  3.255218e+00    -365.1812
[15,]   15 0.006799773 1.00 31007.40 -4.843656e-02    -365.1501

