[22;0t]0;IPython: scripts/01_msprime_simulations$par
[1] 0.0008546022 0.0015794811

$value
[1] -1265.809

$counts
function gradient 
      26       26 

$convergence
[1] 0

$message
[1] "CONVERGENCE: REL_REDUCTION_OF_F <= FACTR*EPSMCH"

$loginfo
      step         par1        par2       fn           gr1           gr2
 [1,]    1 0.1000000000 0.010000000 1453.346  1.109817e+03  1.529343e+04
 [2,]    2 0.0000010000 0.000001000 2200.680  1.145076e+05 -7.769541e+06
 [3,]    3 0.0605620175 0.006056557 1349.714  7.620497e+02  1.759549e+04
 [4,]    4 0.0205917459 0.002059889 1276.955  3.350617e+02 -2.710490e+03
 [5,]    5 0.0045739694 0.002466733 1270.927  7.697118e+02  4.542714e+03
 [6,]    6 0.0000010000 0.002582884 1287.180 -1.291593e+05  1.657619e+03
 [7,]    7 0.0029183616 0.002508784 1269.637  9.820464e+02  4.700469e+03
 [8,]    8 0.0010770023 0.002555554 1268.460 -1.807747e+02  4.092663e+03
 [9,]    9 0.0029593492 0.001881546 1268.045  1.209876e+03 -6.975221e+02
[10,]   10 0.0000010000 0.001504132 1285.288 -1.397789e+05  1.719169e+03
[11,]   11 0.0019011369 0.001746544 1266.798  1.350172e+03 -1.079133e+03
[12,]   12 0.0007404098 0.001598463 1265.861 -9.050355e+02  7.279889e+02
[13,]   13 0.0015857443 0.001588411 1266.627  1.662626e+03 -2.901419e+03
[14,]   14 0.0008904944 0.001596678 1265.814  1.225363e+02  4.112549e+01
[15,]   15 0.0007820444 0.001461102 1265.861  1.776956e+02 -1.191064e+03
[16,]   16 0.0008719191 0.001573457 1265.811  1.268080e+02 -1.545704e+02
[17,]   17 0.0008568637 0.001579433 1265.809  1.310685e+01 -1.115275e+01
[18,]   18 0.0008546022 0.001579481 1265.809 -3.981648e-01 -1.981620e-02
[19,]   19 0.0008547018 0.001579521 1265.809  4.567197e-03 -7.837198e-03
[20,]   20 0.0008546023 0.001579481 1265.809 -3.976528e-01 -1.980097e-02
[21,]   21 0.0008546022 0.001579481 1265.809 -3.981642e-01 -1.981626e-02
[22,]   22 0.0008546022 0.001579481 1265.809 -3.981642e-01 -1.981622e-02
[23,]   23 0.0008546023 0.001579481 1265.809 -3.979085e-01 -1.980858e-02
[24,]   24 0.0008546022 0.001579481 1265.809 -3.981639e-01 -1.981611e-02
[25,]   25 0.0008546022 0.001579481 1265.809 -3.981642e-01 -1.981622e-02
[26,]   26 0.0008546022 0.001579481 1265.809 -3.981642e-01 -1.981622e-02

