[22;0t]0;IPython: scripts/01_msprime_simulations$par
[1] 0.0001641699 0.0116319263

$value
[1] -8432.337

$counts
function gradient 
      59       59 

$convergence
[1] 0

$message
[1] "CONVERGENCE: REL_REDUCTION_OF_F <= FACTR*EPSMCH"

$loginfo
      step         par1        par2        fn           gr1          gr2
 [1,]    1 1.000000e-01  0.01000000  8720.974  6.914813e+02 -49018.08074
 [2,]    2 1.000000e-06 10.00000000 26543.764  2.416099e+03   2140.82387
 [3,]    3 6.827501e-02  3.17935796 12397.964  2.413997e+03   1921.62822
 [4,]    4 8.971024e-02  1.03795751  9041.583  2.385568e+03    910.30555
 [5,]    5 9.658261e-02  0.35140070  8817.243  3.213469e+03   -870.18711
 [6,]    6 9.888408e-02  0.12148148  9091.207  4.729623e+03   -597.89997
 [7,]    7 9.967441e-02  0.04252701  8874.034  1.452044e+03  10592.10663
 [8,]    8 9.989953e-02  0.02003709  8604.483  1.454485e+02   7315.66973
 [9,]    9 9.987403e-02  0.01873366  8596.489  1.464689e+02   4829.98225
[10,]   10 9.974661e-02  0.01619938  8592.620  1.980006e+02  -2418.29494
[11,]   11 9.972564e-02  0.01704128  8591.808  1.730694e+02    416.75780
[12,]   12 9.967573e-02  0.01691836  8591.772  1.763149e+02     33.85960
[13,]   13 9.959518e-02  0.01688382  8591.758  1.774191e+02    -73.66808
[14,]   14 9.904623e-02  0.01676894  8591.688  1.818924e+02   -428.62030
[15,]   15 9.763510e-02  0.01660858  8591.533  1.901241e+02   -916.76260
[16,]   16 9.299167e-02  0.01628183  8591.054  2.138165e+02  -1885.84779
[17,]   17 7.739292e-02  0.01551181  8589.321  3.089256e+02  -4054.89510
[18,]   18 1.499789e-02  0.01243175  8549.787  3.081564e+03  -7926.19779
[19,]   19 1.000000e-06  0.01169144  8455.663 -2.295537e+05   4373.72844
[20,]   20 1.482401e-02  0.01242316  8549.316  3.120205e+03  -7893.18533
[21,]   21 4.711162e-03  0.01192395  8499.913  9.136010e+03  -4395.22717
[22,]   22 1.000000e-06  0.01169144  8455.663 -2.295537e+05   4373.72844
[23,]   23 9.294653e-02  0.01641814  8590.820  2.092743e+02  -1411.84720
[24,]   24 3.060398e-02  0.01324774  8574.140  1.327549e+03  -8776.49375
[25,]   25 9.887483e-03  0.01219421  8532.110  4.726380e+03  -6591.51916
[26,]   26 3.116991e-03  0.01184990  8483.361  1.227896e+04  -3330.52254
[27,]   27 9.897348e-04  0.01174172  8449.255  2.131805e+04  -1082.18852
[28,]   28 9.067715e-04  0.01178028  8447.431  2.169543e+04   -927.76525
[29,]   29 5.749183e-04  0.01193448  8439.983  2.216374e+04   -127.64570
[30,]   30 1.000000e-06  0.01220117  8458.154 -2.457892e+05      0.00000
[31,]   31 3.637286e-04  0.01203262  8435.516  1.905240e+04    766.13986
[32,]   32 1.000000e-06  0.01206342  8457.432 -2.419517e+05   5115.50651
[33,]   33 2.813218e-04  0.01203961  8434.039  1.517047e+04   1180.31605
[34,]   34 1.000000e-06  0.01190880  8456.664 -2.371313e+05   4820.61567
[35,]   35 2.486400e-04  0.01202436  8433.524  1.253504e+04   1306.99795
[36,]   36 7.812472e-05  0.01186823  8433.540 -9.663240e+03   1479.15285
[37,]   37 1.744213e-04  0.01195641  8432.664 -4.214682e+00   1432.96627
[38,]   38 1.660691e-04  0.01189556  8432.544 -2.438417e+03   1241.29384
[39,]   39 1.641699e-04  0.01163193  8432.337 -2.140348e+03    296.93897
[40,]   40 1.703211e-04  0.01155528  8432.355  2.000416e+02     30.22383
[41,]   41 1.651684e-04  0.01161948  8432.338 -1.741814e+03    252.58181
[42,]   42 1.643511e-04  0.01162967  8432.337 -2.067470e+03    288.86073
[43,]   43 1.642034e-04  0.01163151  8432.337 -2.126847e+03    295.44365
[44,]   44 1.641761e-04  0.01163185  8432.337 -2.137841e+03    296.66135
[45,]   45 1.641711e-04  0.01163191  8432.337 -2.139882e+03    296.88740
[46,]   46 1.641701e-04  0.01163192  8432.337 -2.140261e+03    296.92939
[47,]   47 1.641700e-04  0.01163193  8432.337 -2.140331e+03    296.93719
[48,]   48 1.641699e-04  0.01163193  8432.337 -2.140345e+03    296.93864
[49,]   49 1.641699e-04  0.01163193  8432.337 -2.140347e+03    296.93891
[50,]   50 1.641699e-04  0.01163193  8432.337 -2.140347e+03    296.93896
[51,]   51 1.641699e-04  0.01163193  8432.337 -2.140348e+03    296.93897
[52,]   52 1.641699e-04  0.01163193  8432.337 -2.140348e+03    296.93897
[53,]   53 1.641699e-04  0.01163193  8432.337 -2.140348e+03    296.93897
[54,]   54 1.641699e-04  0.01163193  8432.337 -2.140348e+03    296.93897
[55,]   55 1.641699e-04  0.01163193  8432.337 -2.140348e+03    296.93897
[56,]   56 1.641699e-04  0.01163193  8432.337 -2.140348e+03    296.93897
[57,]   57 1.641699e-04  0.01163193  8432.337 -2.140348e+03    296.93897
[58,]   58 1.641699e-04  0.01163193  8432.337 -2.140348e+03    296.93897
[59,]   59 1.641699e-04  0.01163193  8432.337 -2.140348e+03    296.93897

