[22;0t]0;IPython: scripts/01_msprime_simulations$par
[1] 0.0007534301 0.0086145053

$value
[1] -4874.706

$counts
function gradient 
      73       73 

$convergence
[1] 52

$message
[1] "ERROR: ABNORMAL_TERMINATION_IN_LNSRCH"

$loginfo
      step         par1         par2        fn           gr1           gr2
 [1,]    1 0.1000000000  0.010000000  4974.156  3.732046e+02 -4.250761e+03
 [2,]    2 0.0000010000 10.000000000 25490.545  2.416099e+03  2.228756e+03
 [3,]    3 0.0799592873  2.012087224  7907.671  2.413348e+03  2.047996e+03
 [4,]    4 0.0952965601  0.479878347  5365.862  2.441525e+03  8.163352e+02
 [5,]    5 0.0987841008  0.131469549  5281.147  3.099122e+03 -6.769606e+02
 [6,]    6 0.0998229784  0.027684634  5121.802  9.818370e+02  9.223526e+03
 [7,]    7 0.0999834045  0.011657903  4973.078  3.666476e+02  2.390750e+03
 [8,]    8 0.0998972465  0.011061937  4972.201  3.660299e+02  3.826589e+02
 [9,]    9 0.0997678073  0.010932706  4972.135  3.665011e+02 -1.032140e+02
[10,]   10 0.0995176451  0.010862278  4972.060  3.670878e+02 -3.754640e+02
[11,]   11 0.0978358837  0.010618476  4971.648  3.708601e+02 -1.356799e+03
[12,]   12 0.0937599942  0.010304329  4970.752  3.806564e+02 -2.700887e+03
[13,]   13 0.0799972749  0.009680961  4967.788  4.256754e+02 -5.548319e+03
[14,]   14 0.0246942287  0.007963800  4943.980  1.432872e+03 -1.116340e+04
[15,]   15 0.0000010000  0.007197075  4929.457 -4.279484e+05  1.850752e+03
[16,]   16 0.0246317009  0.007961859  4943.912  1.436977e+03 -1.116120e+04
[17,]   17 0.0081991997  0.007451629  4910.393  3.868223e+03 -7.460864e+03
[18,]   18 0.0027755906  0.007283226  4884.852  5.930655e+03 -3.015593e+03
[19,]   19 0.0000010000  0.007819130  4929.901 -4.322475e+05  2.953422e+02
[20,]   20 0.0016936070  0.007492208  4878.269  5.137195e+03 -1.217490e+03
[21,]   21 0.0000010000  0.007227503  4929.509 -4.278074e+05  1.622534e+03
[22,]   22 0.0011185284  0.007402272  4875.785  3.388140e+03 -6.430384e+02
[23,]   23 0.0000010000  0.007146442  4929.353 -4.281688e+05  2.235103e+03
[24,]   24 0.0007831182  0.007325488  4875.096  3.788700e+02 -2.671103e+02
[25,]   25 0.0008230924  0.007928955  4874.889  7.250787e+02 -3.860693e+02
[26,]   26 0.0009829890  0.010342823  4875.652  1.950307e+03  5.820359e+02
[27,]   27 0.0008554755  0.008417825  4874.788  1.166689e+03 -1.272637e+02
[28,]   28 0.0007446954  0.009432300  4874.921 -3.039593e+02  4.737987e+02
[29,]   29 0.0008192210  0.008749827  4874.744  8.008825e+02  9.094289e+01
[30,]   30 0.0006944634  0.008535375  4874.730 -9.258800e+02 -6.799428e+01
[31,]   31 0.0007595105  0.008647188  4874.707  7.506582e+01  2.145507e+01
[32,]   32 0.0007534301  0.008614505  4874.706 -9.437654e+00 -2.279926e+00
[33,]   33 0.0007541184  0.008617612  4874.706  2.337622e-01  4.335379e-04
[34,]   34 0.0007534587  0.008614634  4874.706 -9.034642e+00 -2.184973e+00
[35,]   35 0.0007534313  0.008614511  4874.706 -9.420171e+00 -2.275807e+00
[36,]   36 0.0007534301  0.008614505  4874.706 -9.436894e+00 -2.279747e+00
[37,]   37 0.0007534301  0.008614505  4874.706 -9.437621e+00 -2.279918e+00
[38,]   38 0.0007534301  0.008614505  4874.706 -9.437652e+00 -2.279926e+00
[39,]   39 0.0007534301  0.008614505  4874.706 -9.437653e+00 -2.279926e+00
[40,]   40 0.0007534301  0.008614505  4874.706 -9.437654e+00 -2.279926e+00
[41,]   41 0.0007534301  0.008614505  4874.706 -9.437654e+00 -2.279926e+00
[42,]   42 0.0007534301  0.008614505  4874.706 -9.437653e+00 -2.279926e+00
[43,]   43 0.0007534301  0.008614505  4874.706 -9.437654e+00 -2.279926e+00
[44,]   44 0.0007534301  0.008614505  4874.706 -9.437653e+00 -2.279926e+00
[45,]   45 0.0007534301  0.008614505  4874.706 -9.437653e+00 -2.279926e+00
[46,]   46 0.0007534301  0.008614505  4874.706 -9.437653e+00 -2.279926e+00
[47,]   47 0.0007534301  0.008614505  4874.706 -9.437653e+00 -2.279926e+00
[48,]   48 0.0007534301  0.008614505  4874.706 -9.437653e+00 -2.279926e+00
[49,]   49 0.0007534301  0.008614505  4874.706 -9.437653e+00 -2.279926e+00
[50,]   50 0.0007534301  0.008614505  4874.706 -9.437653e+00 -2.279926e+00
[51,]   51 0.0007534301  0.008614505  4874.706 -9.437653e+00 -2.279926e+00
[52,]   52 0.0007534301  0.008614505  4874.706 -9.437653e+00 -2.279926e+00
[53,]   53 9.4384069326  2.288540244 29774.396  2.136784e+03  2.249384e+03
[54,]   54 0.0097294314  0.010782906  4907.604  2.550690e+03  9.785834e+02
[55,]   55 0.0007588810  0.008615822  4874.707  6.509411e+01 -1.012105e+00
[56,]   56 0.0007535323  0.008614530  4874.706 -8.026891e+00 -2.255908e+00
[57,]   57 0.0007534323  0.008614506  4874.706 -9.407195e+00 -2.279407e+00
[58,]   58 0.0007534301  0.008614505  4874.706 -9.436994e+00 -2.279915e+00
[59,]   59 0.0007534301  0.008614505  4874.706 -9.437639e+00 -2.279925e+00
[60,]   60 0.0007534301  0.008614505  4874.706 -9.437653e+00 -2.279926e+00
[61,]   61 0.0007534301  0.008614505  4874.706 -9.437653e+00 -2.279926e+00
[62,]   62 0.0007534301  0.008614505  4874.706 -9.437654e+00 -2.279926e+00
[63,]   63 0.0007534301  0.008614505  4874.706 -9.437654e+00 -2.279926e+00
[64,]   64 0.0007534301  0.008614505  4874.706 -9.437653e+00 -2.279926e+00
[65,]   65 0.0007534301  0.008614505  4874.706 -9.437653e+00 -2.279926e+00
[66,]   66 0.0007534301  0.008614505  4874.706 -9.437653e+00 -2.279926e+00
[67,]   67 0.0007534301  0.008614505  4874.706 -9.437653e+00 -2.279926e+00

