[22;0t]0;IPython: scripts/01_msprime_simulations$par
[1] 0.007163146 7.367324209

$value
[1] -58844.17

$counts
function gradient 
      25       25 

$convergence
[1] 0

$message
[1] "CONVERGENCE: REL_REDUCTION_OF_F <= FACTR*EPSMCH"

$loginfo
      step        par1      par2        fn           gr1           gr2
 [1,]    1 0.100000000  0.010000 155830.49  8.351690e+04 -4.140216e+06
 [2,]    2 0.000001000 10.000000  59798.07 -1.771854e+06  4.596758e+02
 [3,]    3 3.063775064 10.000000  69976.86  2.009277e+03  7.930520e+01
 [4,]    4 1.018019490 10.000000  64212.74  3.905668e+03  2.571291e+02
 [5,]    5 0.338059023 10.000000  61178.25  5.097872e+03  3.609067e+02
 [6,]    6 0.112331199 10.000000  59980.61  5.430001e+03  4.019743e+02
 [7,]    7 0.037433105 10.000000  59587.06  4.754107e+03  4.338169e+02
 [8,]    8 0.037332923  9.998956  59586.13  4.751200e+03  4.337628e+02
 [9,]    9 0.036932197  9.994780  59582.42  4.739347e+03  4.335086e+02
[10,]   10 0.035329293  9.978077  59567.63  4.688173e+03  4.321984e+02
[11,]   11 0.028917678  9.911263  59509.78  4.412945e+03  4.234601e+02
[12,]   12 0.003271217  9.644010  59339.87 -6.494851e+03  3.886229e+02
[13,]   13 0.010406597  9.716248  59363.45  1.946604e+03  4.024521e+02
[14,]   14 0.004374314  9.655177  59338.95 -3.375252e+03  3.911359e+02
[15,]   15 0.004170831  9.651162  59338.12 -3.824462e+03  3.901524e+02
[16,]   16 0.002518296  9.604223  59330.79 -1.020488e+04  3.772276e+02
[17,]   17 0.002443284  9.576063  59321.07 -1.071526e+04  3.692558e+02
[18,]   18 0.002143236  9.463423  59284.46 -1.330379e+04  3.471577e+02
[19,]   19 0.005493007  7.658607  58858.27 -1.431850e+03  9.921497e+01
[20,]   20 0.006301283  6.955762  58866.24 -1.860078e+03 -1.054447e+02
[21,]   21 0.005833691  7.362362  58845.19 -1.634196e+03 -5.724330e+00
[22,]   22 0.008999573  7.367112  58845.61  1.461909e+03  4.533104e+00
[23,]   23 0.007179718  7.364382  58844.17  7.795590e+00 -7.149806e-01
[24,]   24 0.007167888  7.366453  58844.17  2.111275e+00 -2.122781e-01
[25,]   25 0.007163146  7.367324  58844.17 -4.560316e-02 -3.253808e-04

