[22;0t]0;IPython: scripts/01_msprime_simulations$par
[1] 0.000001 3.864203

$value
[1] -30742.97

$counts
function gradient 
      11       11 

$convergence
[1] 0

$message
[1] "CONVERGENCE: REL_REDUCTION_OF_F <= FACTR*EPSMCH"

$loginfo
      step       par1      par2       fn       gr1           gr2
 [1,]    1 0.10000000  0.010000 38114.50 19196.869 -6.957207e+05
 [2,]    2 0.00000100 10.000000 36213.52  2416.079  1.333504e+03
 [3,]    3 0.06666741  3.339959 30959.53  2044.597 -2.770136e+02
 [4,]    4 0.05690319  3.341142 30939.35  2021.851 -2.829960e+02
 [5,]    5 0.01784629  3.345877 30861.32  1889.039 -3.208927e+02
 [6,]    6 0.00000100  3.348040 30830.45  2315.960 -3.565275e+02
 [7,]    7 0.00000100  3.349747 30829.84  2317.729 -3.551611e+02
 [8,]    8 0.00000100  3.793540 30744.47  2413.344 -4.290212e+01
 [9,]    9 0.00000100  3.854514 30742.99  2414.140 -5.786124e+00
[10,]   10 0.00000100  3.864019 30742.97  2414.236 -1.098214e-01
[11,]   11 0.00000100  3.864203 30742.97  2414.238 -1.841181e-04

