[22;0t]0;IPython: scripts/01_msprime_simulations$par
[1] 0.0076959372 0.0005413857

$value
[1] -461.0644

$counts
function gradient 
      25       25 

$convergence
[1] 0

$message
[1] "CONVERGENCE: REL_REDUCTION_OF_F <= FACTR*EPSMCH"

$loginfo
      step        par1         par2       fn           gr1           gr2
 [1,]    1 0.100000000 0.0100000000 677.1401  1.878960e+03  4.030529e+03
 [2,]    2 0.000001000 0.0000010000 677.7421  1.049034e+05 -2.092829e+06
 [3,]    3 0.041918188 0.0041923415 548.5932  1.225796e+03  9.754384e+03
 [4,]    4 0.014252844 0.0014260561 479.7516  2.441273e+02  2.493455e+04
 [5,]    5 0.006564955 0.0006573365 461.9567 -6.929679e+01  1.174311e+04
 [6,]    6 0.005128372 0.0000010000 735.3119  1.446267e+03 -2.354318e+06
 [7,]    7 0.006208614 0.0004945337 461.1488 -1.044492e+01 -6.106952e+03
 [8,]    8 0.007837069 0.0005558101 461.0931 -3.281272e+00  1.795023e+03
 [9,]    9 0.007710705 0.0005426813 461.0660 -2.495334e-01  1.603107e+02
[10,]   10 0.007695937 0.0005413857 461.0644  4.108480e-02 -5.906795e+00
[11,]   11 0.007694927 0.0005414263 461.0645  4.434283e-03 -1.686675e-02
[12,]   12 0.007695936 0.0005413857 461.0644  4.104788e-02 -5.900857e+00
[13,]   13 0.007695937 0.0005413857 461.0644  4.108480e-02 -5.906789e+00
[14,]   14 0.007695937 0.0005413857 461.0644  4.108481e-02 -5.906795e+00
[15,]   15 0.007695937 0.0005413857 461.0644  4.108480e-02 -5.906795e+00
[16,]   16 0.007695937 0.0005413857 461.0644  4.108481e-02 -5.906795e+00
[17,]   17 0.007695937 0.0005413857 461.0644  4.108481e-02 -5.906795e+00
[18,]   18 0.007695937 0.0005413857 461.0644  4.108481e-02 -5.906795e+00
[19,]   19 0.007695937 0.0005413857 461.0644  4.108480e-02 -5.906795e+00
[20,]   20 0.007695937 0.0005413857 461.0644  4.108481e-02 -5.906795e+00
[21,]   21 0.007695937 0.0005413857 461.0644  4.108481e-02 -5.906795e+00

