[22;0t]0;IPython: scripts/01_msprime_simulations$par
[1] 0.005963668 6.920174706

$value
[1] -56050.84

$counts
function gradient 
      32       32 

$convergence
[1] 0

$message
[1] "CONVERGENCE: REL_REDUCTION_OF_F <= FACTR*EPSMCH"

$loginfo
      step        par1      par2        fn           gr1           gr2
 [1,]    1 0.100000000  0.010000 140631.77  7.725833e+04 -3.677121e+06
 [2,]    2 0.000001000 10.000000  56920.46 -1.643223e+06  1.962471e+02
 [3,]    3 3.119497241 10.000000  65669.78  1.996510e+03  1.105285e+02
 [4,]    4 1.036924163 10.000000  60526.12  3.116546e+03  1.483946e+01
 [5,]    5 0.344511233 10.000000  58049.92  4.160142e+03  1.027491e+02
 [6,]    6 0.114525926 10.000000  57042.65  4.513929e+03  1.670074e+02
 [7,]    7 0.038178833 10.000000  56709.50  3.959155e+03  1.867987e+02
 [8,]    8 0.038087066  9.999494  56709.04  3.956939e+03  1.867900e+02
 [9,]    9 0.037719999  9.997469  56707.21  3.947948e+03  1.867401e+02
[10,]   10 0.036251729  9.989372  56699.93  3.909858e+03  1.865132e+02
[11,]   11 0.030378649  9.956981  56671.49  3.713958e+03  1.850517e+02
[12,]   12 0.006886328  9.827419  56589.51 -8.601436e+02  1.695001e+02
[13,]   13 0.006413814  9.823993  56589.44 -1.307371e+03  1.687539e+02
[14,]   14 0.006507711  9.820814  56588.79 -1.215428e+03  1.683389e+02
[15,]   15 0.006883297  9.808095  56586.27 -8.743278e+02  1.667627e+02
[16,]   16 0.008385642  9.757222  56577.42  1.582110e+02  1.627491e+02
[17,]   17 0.013788838  9.318205  56510.25  1.798980e+03  1.885883e+02
[18,]   18 0.035401625  7.562137  56237.59  5.242316e+03  1.100005e+02
[19,]   19 0.043492244  6.449299  56258.19  5.943747e+03 -1.206156e+02
[20,]   20 0.038949690  7.074112  56206.40  5.798971e+03  5.206877e+01
[21,]   21 0.032444529  6.928133  56165.53  5.652884e+03 -3.217484e+00
[22,]   22 0.000001000  6.850439  56346.11 -1.703370e+06 -3.223367e+01
[23,]   23 0.017590563  6.892561  56087.68  4.652633e+03 -1.546483e+01
[24,]   24 0.000001000  6.918750  56344.35 -1.697843e+06 -1.940134e+01
[25,]   25 0.010715717  6.902797  56059.86  3.146913e+03 -9.718834e+00
[26,]   26 0.000001000  6.920524  56344.32 -1.697500e+06 -1.909930e+01
[27,]   27 0.006918391  6.909079  56051.36  9.858281e+02 -5.290396e+00
[28,]   28 0.005192226  6.919548  56051.22 -1.051854e+03  1.228017e-01
[29,]   29 0.006069768  6.914226  56050.85  1.278664e+02 -2.642217e+00
[30,]   30 0.005943583  6.919454  56050.84 -2.299827e+01 -3.313496e-01
[31,]   31 0.005954356  6.919652  56050.84 -1.023234e+01 -2.525949e-01
[32,]   32 0.005963668  6.920175  56050.84  5.663966e-01 -3.292833e-02

