[22;0t]0;IPython: scripts/01_msprime_simulations$par
[1] 0.009329049 0.102176372

$value
[1] -26474.49

$counts
function gradient 
      33       33 

$convergence
[1] 0

$message
[1] "CONVERGENCE: REL_REDUCTION_OF_F <= FACTR*EPSMCH"

$loginfo
      step         par1        par2        fn           gr1           gr2
 [1,]    1  0.100000000  0.01000000  35211.18  1.962429e+04 -6.636267e+05
 [2,]    2  0.000001000 10.00000000  35483.88  2.397013e+03  1.394422e+03
 [3,]    3  0.066635321  3.34316481  28417.68  1.827868e+03  7.608217e+02
 [4,]    4  0.057408335  3.33919248  28398.56  1.651410e+03  7.649853e+02
 [5,]    5  0.020500394  3.32330317  28353.45 -5.858985e+02  7.558972e+02
 [6,]    6  0.025487168  3.31926579  28349.21  7.164384e+01  7.625806e+02
 [7,]    7  0.029940935  3.28829653  28326.74  4.679741e+02  7.680084e+02
 [8,]    8  0.047756001  3.16441949  28249.74  1.410352e+03  7.550961e+02
 [9,]    9  0.107975734  2.50969853  27954.21  2.618748e+03  5.511183e+02
[10,]   10  0.154778095  1.79112694  27779.36  3.513872e+03  3.577089e+02
[11,]   11  0.157406031  1.32460598  27624.92  4.355649e+03  3.409703e+02
[12,]   12  0.164867600  0.00000100 113940.35  0.000000e+00 -3.987338e+08
[13,]   13  0.159901829  0.88154294  27552.07  4.957404e+03  3.543399e+01
[14,]   14  0.090745043  0.55058400  27147.63  5.761518e+03  2.656759e+02
[15,]   15  0.000001000  0.11631636  27289.89 -3.874634e+06  0.000000e+00
[16,]   16  0.041972207  0.31717513  26764.28  5.768214e+03  5.518314e+02
[17,]   17  0.014097766  0.18377830  26533.07  2.145755e+03  8.406448e+02
[18,]   18  0.000001000  0.00000100 107453.87  1.245611e+05 -3.985476e+08
[19,]   19  0.009396022  0.12248242  26481.10 -8.595127e+02  5.853348e+02
[20,]   20 10.000000000  0.00000100 119156.94  2.879828e+01 -3.988280e+08
[21,]   21  3.546523856  0.07911843  29054.45  1.546989e+02 -2.134311e+04
[22,]   22  0.503833797  0.11642078  27365.11  7.966241e+02 -2.828491e+03
[23,]   23  0.045924604  0.12203459  26624.55  4.294352e+03  9.792811e+01
[24,]   24  0.011175111  0.12246061  26481.28  9.443509e+02  5.312183e+02
[25,]   25  0.010155531  0.12247311  26480.79  7.387652e+00  5.613191e+02
[26,]   26  0.010141472  0.12198162  26480.51  7.906217e+00  5.518242e+02
[27,]   27  0.010085236  0.12001568  26479.47  1.251407e+01  5.117982e+02
[28,]   28  0.009860292  0.11215189  26476.16  7.785437e+01  3.173186e+02
[29,]   29  0.009319380  0.09847890  26474.77  2.432691e+02 -1.588406e+02
[30,]   30  0.009321862  0.10276454  26474.49 -4.575637e+01  2.370043e+01
[31,]   31  0.009329328  0.10222055  26474.49 -2.487895e+00  1.728274e+00
[32,]   32  0.009329049  0.10217637  26474.49 -1.851204e-02 -1.899367e-02

