[22;0t]0;IPython: scripts/01_msprime_simulations$par
[1] 0.01178401 0.11239089

$value
[1] -28821.95

$counts
function gradient 
      23       23 

$convergence
[1] 0

$message
[1] "CONVERGENCE: REL_REDUCTION_OF_F <= FACTR*EPSMCH"

$loginfo
      step       par1        par2        fn           gr1           gr2
 [1,]    1 0.10000000  0.01000000  38535.93  2.136323e+04 -7.377440e+05
 [2,]    2 0.00000100 10.00000000  36605.41 -7.576945e+04  1.300851e+03
 [3,]    3 0.06665303  3.34139592  30299.24  1.617371e+03  5.831381e+02
 [4,]    4 0.05931704  3.33864161  30286.40  1.437441e+03  5.856485e+02
 [5,]    5 0.02997310  3.32762435  30256.20 -1.827390e+02  5.887562e+02
 [6,]    6 0.02917863  3.32319299  30253.77 -2.710779e+02  5.872875e+02
 [7,]    7 0.02600073  3.30546756  30244.90 -6.772492e+02  5.812972e+02
 [8,]    8 0.01122700  2.91886949  30077.49 -5.101888e+03  4.744471e+02
 [9,]    9 0.01828449  1.61542359  29470.89 -1.715457e+03  4.486345e+02
[10,]   10 0.02703117  0.00000100 120757.43  6.911039e+04 -4.387594e+08
[11,]   11 0.02121725  1.07377257  29262.64  1.851792e+02  3.729055e+02
[12,]   12 0.01792347  0.00000100 120072.59  8.192213e+04 -4.387402e+08
[13,]   13 0.02011592  0.71473755  29135.84  1.301468e+03  4.159016e+02
[14,]   14 0.01901969  0.35736928  28996.91  2.632926e+03  5.669058e+02
[15,]   15 0.01828931  0.11926239  28833.04  2.768362e+03  8.386384e+01
[16,]   16 0.01091913  0.00000100 119454.76  9.510922e+04 -4.387233e+08
[17,]   17 0.01583623  0.07956769  28873.63  5.078241e+03 -3.674252e+03
[18,]   18 0.01789337  0.11285544  28832.19  2.824911e+03 -1.732536e+02
[19,]   19 0.00000100  0.11096985  29690.43 -3.944289e+06 -3.537001e+02
[20,]   20 0.01175742  0.11220880  28821.95 -1.511280e+01 -6.386795e+00
[21,]   21 0.01180260  0.11239729  28821.95  1.466301e+01 -4.286200e-01
[22,]   22 0.01178187  0.11240324  28821.95 -2.152135e+00  5.227594e-01
[23,]   23 0.01178401  0.11239089  28821.95 -8.567513e-03 -4.219974e-02

