[22;0t]0;IPython: scripts/01_msprime_simulations$par
[1] 0.0016639205 0.0007304955

$value
[1] -554.1644

$counts
function gradient 
      35       35 

$convergence
[1] 0

$message
[1] "CONVERGENCE: REL_REDUCTION_OF_F <= FACTR*EPSMCH"

$loginfo
      step        par1         par2       fn           gr1           gr2
 [1,]    1 0.100000000 0.0100000000 755.9683  1.837207e+03  4.631753e+03
 [2,]    2 0.000001000 0.0000010000 851.7698  1.078790e+05 -2.738904e+06
 [3,]    3 0.049330209 0.0049334769 642.6384  1.400292e+03  7.772058e+03
 [4,]    4 0.016772931 0.0016780421 573.2592  5.675889e+02  1.443265e+04
 [5,]    5 0.000001000 0.0000010000 851.7698  1.078790e+05 -2.738904e+06
 [6,]    6 0.011451299 0.0011459269 562.9561  4.259191e+02  1.362641e+04
 [7,]    7 0.000001000 0.0000010000 851.7698  1.078790e+05 -2.738904e+06
 [8,]    8 0.008293466 0.0008301720 558.1074  4.349375e+02  6.286138e+03
 [9,]    9 0.000001000 0.0000010000 851.7698  1.078790e+05 -2.738904e+06
[10,]   10 0.006502957 0.0006511371 557.0160  5.264012e+02 -6.306069e+03
[11,]   11 0.005918368 0.0006617001 556.6467  5.600437e+02 -5.117865e+03
[12,]   12 0.003580013 0.0007039520 555.0958  6.527918e+02 -1.393252e+03
[13,]   13 0.000001000 0.0007686215 568.0126 -6.653488e+04  6.180052e+02
[14,]   14 0.002321662 0.0007266893 554.3430  4.615159e+02 -1.424500e+02
[15,]   15 0.000001000 0.0007485245 568.0002 -6.653833e+04  5.791619e+02
[16,]   16 0.001590666 0.0007335672 554.1687 -9.041556e+01  1.273951e+02
[17,]   17 0.001709371 0.0007281848 554.1649  5.039605e+01 -9.884838e+01
[18,]   18 0.001666846 0.0007305109 554.1644  3.299193e+00  5.813798e-01
[19,]   19 0.001663920 0.0007305223 554.1644 -8.034855e-02  1.117421e+00
[20,]   20 0.001663930 0.0007301221 554.1642 -9.294956e-02 -1.561904e+01
[21,]   21 0.001663921 0.0007304955 554.1644 -8.124068e-02 -7.713993e-04
[22,]   22 0.001663991 0.0007304955 554.1644  2.267029e-04 -5.810175e-03
[23,]   23 0.001663921 0.0007304955 554.1644 -8.085301e-02 -7.953702e-04
[24,]   24 0.001663921 0.0007304955 554.1644 -8.123881e-02 -7.714823e-04
[25,]   25 0.001663921 0.0007304955 554.1644 -8.124068e-02 -7.713925e-04
[26,]   26 0.001663921 0.0007304955 554.1644 -8.124067e-02 -7.713902e-04
[27,]   27 0.001663921 0.0007304955 554.1644 -8.123976e-02 -7.714448e-04
[28,]   28 0.001663921 0.0007304955 554.1644 -8.124068e-02 -7.713987e-04
[29,]   29 0.001663921 0.0007304955 554.1644 -8.124066e-02 -7.714038e-04
[30,]   30 0.001663921 0.0007304955 554.1644 -8.124020e-02 -7.714061e-04
[31,]   31 0.001663921 0.0007304955 554.1644 -8.124065e-02 -7.714027e-04
[32,]   32 0.001663921 0.0007304955 554.1644 -8.124044e-02 -7.714124e-04
[33,]   33 0.001663921 0.0007304955 554.1644 -8.124066e-02 -7.713993e-04
[34,]   34 0.001663921 0.0007304955 554.1644 -8.124065e-02 -7.714027e-04

