[22;0t]0;IPython: scripts/01_msprime_simulations$par
[1] 0.0011374286 0.0005576316

$value
[1] -415.5638

$counts
function gradient 
      39       39 

$convergence
[1] 0

$message
[1] "CONVERGENCE: REL_REDUCTION_OF_F <= FACTR*EPSMCH"

$loginfo
      step        par1         par2       fn          gr1           gr2
 [1,]    1 0.100000000 0.0100000000 641.6729   1907.99075  4.774932e+03
 [2,]    2 0.000001000 0.0000010000 622.0061  81041.59470 -1.934890e+06
 [3,]    3 0.097922389 0.0097922576 636.7158   1898.69346  4.879755e+03
 [4,]    4 0.048961695 0.0048966288 517.2159   1495.97177  1.045302e+04
 [5,]    5 0.017163484 0.0017170939 435.8933    752.47184  1.586720e+04
 [6,]    6 0.005836244 0.0005844719 417.6770    486.00110 -7.560372e+03
 [7,]    7 0.000001000 0.0068541798 434.5976 -22284.28485  5.529868e+02
 [8,]    8 0.003360174 0.0032448981 435.9678   2484.43644  3.482737e+03
 [9,]    9 0.005521913 0.0009222065 418.5092    393.86202  8.676317e+03
[10,]   10 0.005739079 0.0006888715 417.3369    441.35704  2.028472e+02
[11,]   11 0.000001000 0.0006457170 426.3607 -58062.98488  4.612216e+03
[12,]   12 0.003569939 0.0006725580 416.4091    394.31298  5.907087e+02
[13,]   13 0.001214439 0.0006548429 415.8332   -380.54739  4.494082e+03
[14,]   14 0.003006954 0.0006325564 416.1730    417.10501 -1.112504e+03
[15,]   15 0.001666549 0.0006492218 415.7677    104.12764  2.767573e+03
[16,]   16 0.001408331 0.0005949899 415.6130    104.19810  8.746019e+02
[17,]   17 0.001114200 0.0005557088 415.5642    -92.44820 -3.720191e+01
[18,]   18 0.001219495 0.0005644247 415.5675     32.40606 -8.488862e+01
[19,]   19 0.001137429 0.0005576316 415.5638    -61.05717 -5.266248e+01
[20,]   20 0.001189235 0.0005645334 415.5671    -13.99097  9.544183e+01
[21,]   21 0.001143464 0.0005584357 415.5640    -55.10275 -3.586903e+01
[22,]   22 0.001138212 0.0005577360 415.5638    -60.27695 -5.049022e+01
[23,]   23 0.001137532 0.0005576454 415.5638    -60.95440 -5.237684e+01
[24,]   24 0.001137442 0.0005576334 415.5638    -61.04362 -5.262484e+01
[25,]   25 0.001137430 0.0005576319 415.5638    -61.05538 -5.265752e+01
[26,]   26 0.001137429 0.0005576317 415.5638    -61.05693 -5.266183e+01
[27,]   27 0.001137429 0.0005576316 415.5638    -61.05714 -5.266239e+01
[28,]   28 0.001137429 0.0005576316 415.5638    -61.05717 -5.266247e+01
[29,]   29 0.001137429 0.0005576316 415.5638    -61.05717 -5.266248e+01
[30,]   30 0.001137429 0.0005576316 415.5638    -61.05717 -5.266248e+01
[31,]   31 0.001137429 0.0005576316 415.5638    -61.05717 -5.266248e+01
[32,]   32 0.001137429 0.0005576316 415.5638    -61.05717 -5.266248e+01
[33,]   33 0.001137429 0.0005576316 415.5638    -61.05717 -5.266248e+01
[34,]   34 0.001137429 0.0005576316 415.5638    -61.05717 -5.266248e+01
[35,]   35 0.001137429 0.0005576316 415.5638    -61.05717 -5.266248e+01
[36,]   36 0.001137429 0.0005576316 415.5638    -61.05717 -5.266248e+01
[37,]   37 0.001137429 0.0005576316 415.5638    -61.05717 -5.266248e+01

