[22;0t]0;IPython: scripts/01_msprime_simulations$par
[1] 0.005784167 0.000522495

$value
[1] -446.6732

$counts
function gradient 
      36       36 

$convergence
[1] 0

$message
[1] "CONVERGENCE: REL_REDUCTION_OF_F <= FACTR*EPSMCH"

$loginfo
      step        par1         par2       fn           gr1           gr2
 [1,]    1 0.100000000 0.0100000000 658.7912  1.873884e+03  4.610865e+03
 [2,]    2 0.000001000 0.0000010000 659.3261  1.086973e+05 -2.046745e+06
 [3,]    3 0.041930275 0.0041935501 526.2617  1.331753e+03  8.759786e+03
 [4,]    4 0.014256954 0.0014264671 464.3493  3.287607e+02  2.000120e+04
 [5,]    5 0.006731859 0.0006740253 447.7991  1.322976e+01  1.255450e+04
 [6,]    6 0.002922434 0.0000010000 710.9389  2.965728e+03 -2.293055e+06
 [7,]    7 0.005767122 0.0005035816 446.6959  1.298723e+01 -3.900239e+03
 [8,]    8 0.005775757 0.0005432200 446.7005 -6.631695e+00  1.438508e+03
 [9,]    9 0.005770366 0.0005184738 446.6740  4.622105e+00 -1.748748e+03
[10,]   10 0.005809690 0.0005307241 446.6778  1.012214e-01 -1.312300e+02
[11,]   11 0.005779746 0.0005213958 446.6732  3.464810e+00 -1.352731e+03
[12,]   12 0.005820033 0.0005314126 446.6785  1.912401e-01 -4.741609e+01
[13,]   13 0.005787148 0.0005232363 446.6733  2.819816e+00 -1.107400e+03
[14,]   14 0.005781375 0.0005218010 446.6732  3.321110e+00 -1.298506e+03
[15,]   15 0.005785185 0.0005227483 446.6732  2.988903e+00 -1.172204e+03
[16,]   16 0.005782190 0.0005220035 446.6732  3.249655e+00 -1.271451e+03
[17,]   17 0.005784167 0.0005224950 446.6732  3.077194e+00 -1.205902e+03
[18,]   18 0.005822273 0.0005315309 446.6787  2.249225e-01 -3.326243e+01
[19,]   19 0.005790418 0.0005239773 446.6734  2.576992e+00 -1.009476e+03
[20,]   20 0.005785368 0.0005227798 446.6732  2.980104e+00 -1.168041e+03
[21,]   21 0.005784404 0.0005225514 446.6732  3.057952e+00 -1.198408e+03
[22,]   22 0.005784214 0.0005225062 446.6732  3.073364e+00 -1.204411e+03
[23,]   23 0.005784176 0.0005224973 446.6732  3.076431e+00 -1.205605e+03
[24,]   24 0.005784169 0.0005224955 446.6732  3.077042e+00 -1.205843e+03
[25,]   25 0.005784167 0.0005224951 446.6732  3.077164e+00 -1.205890e+03
[26,]   26 0.005784167 0.0005224950 446.6732  3.077188e+00 -1.205900e+03
[27,]   27 0.005784167 0.0005224950 446.6732  3.077193e+00 -1.205902e+03
[28,]   28 0.005784167 0.0005224950 446.6732  3.077194e+00 -1.205902e+03
[29,]   29 0.005784167 0.0005224950 446.6732  3.077194e+00 -1.205902e+03
[30,]   30 0.005784167 0.0005224950 446.6732  3.077194e+00 -1.205902e+03
[31,]   31 0.005784167 0.0005224950 446.6732  3.077194e+00 -1.205902e+03
[32,]   32 0.005784167 0.0005224950 446.6732  3.077194e+00 -1.205902e+03
[33,]   33 0.005784167 0.0005224950 446.6732  3.077194e+00 -1.205902e+03
[34,]   34 0.005784167 0.0005224950 446.6732  3.077194e+00 -1.205902e+03
[35,]   35 0.005784167 0.0005224950 446.6732  3.077194e+00 -1.205902e+03
[36,]   36 0.005784167 0.0005224950 446.6732  3.077194e+00 -1.205902e+03

