[22;0t]0;IPython: scripts/01_msprime_simulations$par
[1] 0.0000010000 0.0001244021

$value
[1] -87.72456

$counts
function gradient 
      41       41 

$convergence
[1] 0

$message
[1] "CONVERGENCE: REL_REDUCTION_OF_F <= FACTR*EPSMCH"

$loginfo
      step  par1         par2          fn       gr1          gr2
 [1,]    1 1e-01 1.000000e-02   331.39349  2256.173    2794.5950
 [2,]    2 1e-06 1.000000e-06   105.86974 40679.363 -182002.3312
 [3,]    3 1e-06 1.000000e+01 24350.95418  2416.099    2323.8995
 [4,]    4 1e-06 3.267347e+00  8216.74343  2416.074    2468.6639
 [5,]    5 1e-06 1.067312e+00  2736.18871  2415.985    2511.7853
 [6,]    6 1e-06 3.487565e-01   929.23713  2415.700    2512.0899
 [7,]    7 1e-06 1.140877e-01   342.68059  2414.823    2470.0510
 [8,]    8 1e-06 3.743207e-02   156.81330  2412.022    2328.1320
 [9,]    9 1e-06 1.237246e-02   101.96499  2400.961    1895.7923
[10,]   10 1e-06 1.224492e-02   101.72363  2400.756    1889.0601
[11,]   11 1e-06 1.173478e-02   100.76707  2399.882    1860.6672
[12,]   12 1e-06 9.694193e-03    97.10724  2395.172    1717.1983
[13,]   13 1e-06 1.531859e-03    89.85858  4939.636    1119.6301
[14,]   14 1e-06 1.000000e-06   105.86974 40679.363 -182002.3312
[15,]   15 1e-06 1.018630e-03    89.20703  6542.903    1059.6799
[16,]   16 1e-06 5.098151e-04    88.61074  9534.670    1617.2903
[17,]   17 1e-06 2.724888e-04    88.13686 11043.360    2495.4821
[18,]   18 1e-06 2.577153e-04    88.09953 10994.014    2560.1886
[19,]   19 1e-06 2.478042e-04    88.07386 10934.920    2600.5093
[20,]   20 1e-06 1.244021e-04    87.72456  6737.265   -2356.6220
[21,]   21 1e-06 1.000000e+01 24350.95418  2416.099    2323.8995
[22,]   22 1e-06 1.358739e+00  3467.51382  2416.014    2507.0077
[23,]   23 1e-06 1.843943e-01   517.37665  2415.321    2495.2461
[24,]   24 1e-06 2.646611e-02   131.71141  2410.093    2239.8187
[25,]   25 1e-06 4.862903e-03    90.34271  2357.450     897.2476
[26,]   26 1e-06 1.377268e-03    89.65851  5608.670    1361.4281
[27,]   27 1e-06 3.370136e-04    88.28736 10895.619    2205.3877
[28,]   28 1e-06 1.509734e-04    87.79985  8406.887    1648.9134
[29,]   29 1e-06 1.273866e-04    87.73261  6950.443   -1550.6999
[30,]   30 1e-06 1.246704e-04    87.72528  6756.683   -2276.8802
[31,]   31 1e-06 1.244251e-04    87.72462  6738.933   -2349.7128
[32,]   32 1e-06 1.244041e-04    87.72456  6737.407   -2356.0314
[33,]   33 1e-06 1.244023e-04    87.72456  6737.277   -2356.5716
[34,]   34 1e-06 1.244021e-04    87.72456  6737.266   -2356.6177
[35,]   35 1e-06 1.244021e-04    87.72456  6737.265   -2356.6217
[36,]   36 1e-06 1.244021e-04    87.72456  6737.265   -2356.6220
[37,]   37 1e-06 1.244021e-04    87.72456  6737.265   -2356.6220
[38,]   38 1e-06 1.244021e-04    87.72456  6737.265   -2356.6220
[39,]   39 1e-06 1.244021e-04    87.72456  6737.265   -2356.6220
[40,]   40 1e-06 1.244021e-04    87.72456  6737.265   -2356.6220

