[22;0t]0;IPython: scripts/01_msprime_simulations$par
[1] 0.001161718 0.005127774

$value
[1] -3474.232

$counts
function gradient 
      26       26 

$convergence
[1] 0

$message
[1] "CONVERGENCE: REL_REDUCTION_OF_F <= FACTR*EPSMCH"

$loginfo
      step        par1        par2       fn           gr1           gr2
 [1,]    1 0.100000000 0.010000000 3564.284  3.088554e+02  1.128699e+04
 [2,]    2 0.000001000 0.000001000 7265.799  1.216605e+05 -2.655383e+07
 [3,]    3 0.066239070 0.006624211 3532.512  2.409683e+02 -1.991089e+02
 [4,]    4 0.053315899 0.006050835 3530.281  3.052050e+02 -4.242803e+03
 [5,]    5 0.008947342 0.004972222 3501.248  2.535939e+03 -8.202787e+03
 [6,]    6 0.000001000 0.004754733 3539.563 -4.457282e+05  1.390978e+03
 [7,]    7 0.005208991 0.004881341 3490.292  3.796596e+03 -6.284657e+03
 [8,]    8 0.000001000 0.005143574 3540.159 -4.485066e+05  1.034724e+03
 [9,]    9 0.003124723 0.004986288 3481.155  4.385730e+03 -3.388290e+03
[10,]   10 0.001144012 0.005086021 3474.234 -9.372689e+01 -5.191440e+01
[11,]   11 0.001747982 0.005403580 3475.143  2.670208e+03 -3.065784e+02
[12,]   12 0.001160423 0.005094649 3474.233  4.258345e+01 -6.224163e+01
[13,]   13 0.001160910 0.005116741 3474.232  1.071668e+01 -2.011091e+01
[14,]   14 0.001161718 0.005127774 3474.232  9.732575e-02 -3.539571e-01
[15,]   15 0.001161745 0.005127982 3474.232 -1.091475e-03 -2.003080e-03
[16,]   16 0.001161718 0.005127775 3474.232  9.658146e-02 -3.512960e-01
[17,]   17 0.001161718 0.005127774 3474.232  9.732000e-02 -3.539368e-01
[18,]   18 0.001161718 0.005127774 3474.232  9.732571e-02 -3.539570e-01
[19,]   19 0.001161718 0.005127774 3474.232  9.732572e-02 -3.539570e-01
[20,]   20 0.001161718 0.005127774 3474.232  9.732292e-02 -3.539469e-01
[21,]   21 0.001161718 0.005127774 3474.232  9.732558e-02 -3.539569e-01
[22,]   22 0.001161718 0.005127774 3474.232  9.732558e-02 -3.539569e-01
[23,]   23 0.001161718 0.005127774 3474.232  9.732420e-02 -3.539519e-01
[24,]   24 0.001161718 0.005127774 3474.232  9.732569e-02 -3.539569e-01
[25,]   25 0.001161718 0.005127774 3474.232  9.732558e-02 -3.539569e-01

