[22;0t]0;IPython: scripts/01_msprime_simulations$par
[1] 0.0004402292 0.6489469479

$value
[1] -19306.69

$counts
function gradient 
      30       30 

$convergence
[1] 0

$message
[1] "CONVERGENCE: REL_REDUCTION_OF_F <= FACTR*EPSMCH"

$loginfo
      step         par1       par2       fn           gr1           gr2
 [1,]    1 0.1000000000  0.0100000 21507.11  6.856278e+03 -3.079694e+05
 [2,]    2 0.0000010000 10.0000000 30574.87  2.416088e+03  1.804270e+03
 [3,]    3 0.0667666872  3.3300411 20319.53  2.410136e+03  9.783975e+02
 [4,]    4 0.0408245424  3.3194129 20246.61  2.412294e+03  9.738264e+02
 [5,]    5 0.0000010000  3.3026880 20131.83  2.415990e+03  9.667043e+02
 [6,]    6 0.0000010000  3.2922990 20121.81  2.415990e+03  9.623076e+02
 [7,]    7 0.0000010000  1.0184704 19806.73 -5.288501e+05  1.563726e+03
 [8,]    8 0.0000010000  0.0000010 60113.37  1.245437e+05 -2.227967e+08
 [9,]    9 0.0000010000  0.6693634 19318.88 -8.588607e+04  2.345844e+02
[10,]   10 0.0132992742  0.0000010 61463.14  8.079911e+04 -2.228312e+08
[11,]   11 0.0045319151  0.4413019 19337.89  6.038458e+03  9.797883e+02
[12,]   12 0.0011349342  0.6122873 19313.99  1.376445e+03 -3.365770e+02
[13,]   13 0.0054403671  1.3064417 19673.60 -1.079507e+03 -7.765079e+02
[14,]   14 0.0013866828  0.6528762 19307.69  1.700596e+03 -6.828924e-01
[15,]   15 0.0013151520  0.6517531 19307.58  1.629541e+03 -8.865343e+00
[16,]   16 0.0004857593  0.6459267 19306.75  3.686527e+02 -3.414933e+01
[17,]   17 0.0003669968  0.6476257 19306.71 -6.103562e+02 -1.166340e+01
[18,]   18 0.0005042352  0.6512584 19306.72  2.163529e+02  2.003769e+01
[19,]   19 0.0004228540  0.6491042 19306.69 -1.511765e+02  1.740984e+00
[20,]   20 0.0004402292  0.6489469 19306.69 -2.064990e+01 -6.935199e-01
[21,]   21 0.0004435880  0.6490245 19306.69 -1.858874e+00 -3.425379e-02
[22,]   22 0.0004405368  0.6489540 19306.69 -1.890693e+01 -6.330589e-01
[23,]   23 0.0004402596  0.6489476 19306.69 -2.047748e+01 -6.875447e-01
[24,]   24 0.0004402323  0.6489470 19306.69 -2.063272e+01 -6.929404e-01
[25,]   25 0.0004402295  0.6489470 19306.69 -2.064819e+01 -6.934776e-01
[26,]   26 0.0004402293  0.6489469 19306.69 -2.064974e+01 -6.935149e-01
[27,]   27 0.0004402292  0.6489469 19306.69 -2.064988e+01 -6.935347e-01
[28,]   28 0.0004402292  0.6489469 19306.69 -2.064985e+01 -6.935204e-01
[29,]   29 0.0004402292  0.6489469 19306.69 -2.064988e+01 -6.935353e-01
[30,]   30 0.0004402292  0.6489469 19306.69 -2.064988e+01 -6.935347e-01

