[22;0t]0;IPython: scripts/01_msprime_simulations$par
[1] 0.0001358023 0.0004980736

$value
[1] -317.7436

$counts
function gradient 
      45       45 

$convergence
[1] 0

$message
[1] "CONVERGENCE: REL_REDUCTION_OF_F <= FACTR*EPSMCH"

$loginfo
      step         par1         par2       fn         gr1           gr2
 [1,]    1 1.000000e-01 0.0100000000 553.0773   1993.1527  5.248468e+03
 [2,]    2 1.000000e-06 0.0000010000 485.2863  69153.6418 -1.485584e+06
 [3,]    3 9.692596e-02 0.0096926234 545.3306   1985.0717  5.371735e+03
 [4,]    4 4.846348e-02 0.0048468117 421.3522   1787.6353  7.834554e+03
 [5,]    5 1.698746e-02 0.0016994933 345.0106   1397.9234  6.116445e+03
 [6,]    6 1.000000e-06 0.0000010000 485.2863  69153.6418 -1.485584e+06
 [7,]    7 1.128634e-02 0.0011294326 335.0226   1251.6647  1.580642e+03
 [8,]    8 1.000000e-06 0.0000010000 485.2863  69153.6418 -1.485584e+06
 [9,]    9 8.228592e-03 0.0008236851 331.5761   1142.3331 -3.375960e+03
[10,]   10 1.000000e-06 0.0006357010 322.3035 -42402.7629  1.894395e+03
[11,]   11 8.026770e-03 0.0008190739 331.3613   1147.7235 -3.604591e+03
[12,]   12 4.013885e-03 0.0007273875 326.9948   1318.0795 -7.528066e+03
[13,]   13 1.285444e-03 0.0006650480 322.6519   3241.2656 -5.622673e+03
[14,]   14 4.394468e-04 0.0006457187 319.1356   4916.5006 -1.466187e+03
[15,]   15 1.000000e-06 0.0006842180 322.3895 -42228.8826  1.927566e+03
[16,]   16 2.942649e-04 0.0006584669 318.4519   3955.7610  2.672595e+02
[17,]   17 1.000000e-06 0.0005262020 322.0893 -43066.9931  2.826019e+03
[18,]   18 2.401901e-04 0.0006340787 318.2238   3288.3869  6.527840e+02
[19,]   19 1.000000e-06 0.0005819436 322.2104 -42767.6747  2.174383e+03
[20,]   20 2.167362e-04 0.0006289666 318.1377   2700.6203  9.156914e+02
[21,]   21 1.197219e-05 0.0004299150 319.1599 -14803.7344  1.504605e+03
[22,]   22 1.746954e-04 0.0005880986 317.9654   1355.1239  1.174030e+03
[23,]   23 5.762417e-05 0.0003846125 317.8246   3233.9827 -5.714249e+03
[24,]   24 1.353109e-04 0.0005196428 317.7726  -1173.9471  8.459418e+02
[25,]   25 1.362943e-04 0.0004764795 317.7294    249.6101 -8.680078e+02
[26,]   26 1.358023e-04 0.0004980736 317.7436   -506.4234  1.242034e+02
[27,]   27 1.411886e-04 0.0004989987 317.7589    249.8390  4.291794e-01
[28,]   28 1.359480e-04 0.0004980986 317.7440   -484.2783  1.208295e+02
[29,]   29 1.358061e-04 0.0004980742 317.7436   -505.8378  1.241143e+02
[30,]   30 1.358024e-04 0.0004980736 317.7436   -506.4080  1.242010e+02
[31,]   31 1.358023e-04 0.0004980736 317.7436   -506.4230  1.242033e+02
[32,]   32 1.358023e-04 0.0004980736 317.7436   -506.4234  1.242034e+02
[33,]   33 1.358023e-04 0.0004980736 317.7436   -506.4234  1.242034e+02
[34,]   34 1.358023e-04 0.0004980736 317.7436   -506.4234  1.242034e+02
[35,]   35 1.358023e-04 0.0004980736 317.7436   -506.4234  1.242034e+02
[36,]   36 1.358023e-04 0.0004980736 317.7436   -506.4234  1.242034e+02
[37,]   37 1.358023e-04 0.0004980736 317.7436   -506.4234  1.242034e+02
[38,]   38 1.358023e-04 0.0004980736 317.7436   -506.4234  1.242034e+02
[39,]   39 1.358023e-04 0.0004980736 317.7436   -506.4234  1.242034e+02
[40,]   40 1.358023e-04 0.0004980736 317.7436   -506.4234  1.242034e+02
[41,]   41 1.358023e-04 0.0004980736 317.7436   -506.4234  1.242034e+02
[42,]   42 1.358023e-04 0.0004980736 317.7436   -506.4234  1.242034e+02
[43,]   43 1.358023e-04 0.0004980736 317.7436   -506.4234  1.242034e+02

