[22;0t]0;IPython: scripts/01_msprime_simulations$par
[1] 0.006823205 0.001021016

$value
[1] -797.0253

$counts
function gradient 
      54       54 

$convergence
[1] 52

$message
[1] "ERROR: ABNORMAL_TERMINATION_IN_LNSRCH"

$loginfo
      step        par1         par2         fn           gr1           gr2
 [1,]    1 0.100000000 1.000000e-02  1006.9217  1.481220e+03  7.854854e+03
 [2,]    2 0.000001000 1.000000e-06  1268.4112  1.153159e+05 -4.308054e+06
 [3,]    3 0.055401424 5.540544e-03   903.2764  9.420443e+02  1.512309e+04
 [4,]    4 0.019349756 1.935701e-03   810.0347  2.054241e+02  2.067557e+04
 [5,]    5 0.006579577 6.587985e-04   802.3885  4.165663e+02 -3.851345e+04
 [6,]    6 0.014264275 1.427199e-03   800.2534  7.271382e+01  1.357440e+04
 [7,]    7 0.004981635 1.000000e-06  1370.1931  3.876288e+03 -4.546315e+06
 [8,]    8 0.011426607 9.912155e-04   797.2904  7.576674e+01 -4.211001e+03
 [9,]    9 0.011049010 1.082289e-03   797.1787  4.591465e+01  1.445571e+03
[10,]   10 0.010330543 1.058288e-03   797.1191  4.377760e+01  3.343089e+02
[11,]   11 0.008207575 1.026846e-03   797.0418  2.499064e+01 -6.056530e+02
[12,]   12 0.006746610 1.019862e-03   797.0254 -3.960464e+00 -1.671392e+02
[13,]   13 0.007057743 1.024547e-03   797.0258  1.704760e+00 -9.992251e+01
[14,]   14 0.006823205 1.021016e-03   797.0253 -2.486617e+00 -1.517205e+02
[15,]   15 0.007022997 1.025619e-03   797.0260  1.474441e-01 -1.910201e+01
[16,]   16 0.006853937 1.021724e-03   797.0253 -2.064705e+00 -1.316070e+02
[17,]   17 0.006828751 1.021143e-03   797.0253 -2.409995e+00 -1.480987e+02
[18,]   18 0.006824234 1.021039e-03   797.0253 -2.472388e+00 -1.510489e+02
[19,]   19 0.006823397 1.021020e-03   797.0253 -2.483964e+00 -1.515953e+02
[20,]   20 0.006823241 1.021016e-03   797.0253 -2.486122e+00 -1.516971e+02
[21,]   21 0.006823212 1.021016e-03   797.0253 -2.486525e+00 -1.517161e+02
[22,]   22 0.006823206 1.021016e-03   797.0253 -2.486600e+00 -1.517196e+02
[23,]   23 0.006823205 1.021016e-03   797.0253 -2.486614e+00 -1.517203e+02
[24,]   24 0.006823205 1.021016e-03   797.0253 -2.486616e+00 -1.517204e+02
[25,]   25 0.006823205 1.021016e-03   797.0253 -2.486617e+00 -1.517204e+02
[26,]   26 0.006823205 1.021016e-03   797.0253 -2.486617e+00 -1.517205e+02
[27,]   27 0.006823205 1.021016e-03   797.0253 -2.486617e+00 -1.517205e+02
[28,]   28 0.006823205 1.021016e-03   797.0253 -2.486617e+00 -1.517205e+02
[29,]   29 0.006823205 1.021016e-03   797.0253 -2.486617e+00 -1.517205e+02
[30,]   30 0.006823205 1.021016e-03   797.0253 -2.486617e+00 -1.517205e+02
[31,]   31 0.006823205 1.021016e-03   797.0253 -2.486617e+00 -1.517205e+02
[32,]   32 0.006823205 1.021016e-03   797.0253 -2.486617e+00 -1.517205e+02
[33,]   33 0.006823205 1.021016e-03   797.0253 -2.486617e+00 -1.517205e+02
[34,]   34 2.493440299 1.000000e+01 30421.4608  2.355965e+03  2.314136e+03
[35,]   35 0.037202502 1.231797e-01   996.5815  2.402904e+03  1.714577e+03
[36,]   36 0.007635449 4.287145e-03   836.8511  2.028867e+03  7.067235e+03
[37,]   37 0.006825320 1.029522e-03   797.0284 -7.712202e+00  3.166032e+02
[38,]   38 0.006823364 1.021655e-03   797.0254 -2.885305e+00 -1.161125e+02
[39,]   39 0.006823220 1.021077e-03   797.0253 -2.525252e+00 -1.482707e+02
[40,]   40 0.006823206 1.021022e-03   797.0253 -2.490441e+00 -1.513791e+02
[41,]   41 0.006823205 1.021016e-03   797.0253 -2.486996e+00 -1.516866e+02
[42,]   42 0.006823205 1.021016e-03   797.0253 -2.486655e+00 -1.517171e+02
[43,]   43 0.006823205 1.021016e-03   797.0253 -2.486621e+00 -1.517201e+02
[44,]   44 0.006823205 1.021016e-03   797.0253 -2.486617e+00 -1.517204e+02
[45,]   45 0.006823205 1.021016e-03   797.0253 -2.486617e+00 -1.517204e+02
[46,]   46 0.006823205 1.021016e-03   797.0253 -2.486617e+00 -1.517205e+02
[47,]   47 0.006823205 1.021016e-03   797.0253 -2.486617e+00 -1.517205e+02
[48,]   48 0.006823205 1.021016e-03   797.0253 -2.486617e+00 -1.517205e+02
[49,]   49 0.006823205 1.021016e-03   797.0253 -2.486617e+00 -1.517205e+02
[50,]   50 0.006823205 1.021016e-03   797.0253 -2.486617e+00 -1.517205e+02
[51,]   51 0.006823205 1.021016e-03   797.0253 -2.486617e+00 -1.517205e+02

