[22;0t]0;IPython: scripts/01_msprime_simulations$par
[1] 0.0004938271 0.0070027533

$value
[1] -2734.066

$counts
function gradient 
      66       66 

$convergence
[1] 52

$message
[1] "ERROR: ABNORMAL_TERMINATION_IN_LNSRCH"

$loginfo
      step         par1         par2        fn           gr1           gr2
 [1,]    1 1.000000e-01  0.010000000  2930.215  1.310827e+03 -5.580163e+03
 [2,]    2 1.000000e-06 10.000000000 24989.073  2.416088e+03  2.270623e+03
 [3,]    3 7.860842e-02  2.147040418  7058.311  2.413431e+03  2.257300e+03
 [4,]    4 9.512872e-02  0.496645564  3684.515  2.454738e+03  1.664088e+03
 [5,]    5 9.883154e-02  0.126730670  3173.608  2.959163e+03  9.816832e+02
 [6,]    6 9.976344e-02  0.033632183  2989.430  1.811958e+03  4.273054e+03
 [7,]    7 9.994612e-02  0.015382195  2922.296  1.445565e+03  1.293117e+03
 [8,]    8 9.884413e-02  0.014402539  2919.795  1.428544e+03  5.533818e+02
 [9,]    9 9.244090e-02  0.011688891  2913.188  1.389417e+03 -2.660409e+03
[10,]   10 8.588016e-02  0.011246846  2905.388  1.405136e+03 -3.527187e+03
[11,]   11 5.963718e-02  0.009478666  2876.861  1.544402e+03 -7.827188e+03
[12,]   12 1.000000e-06  0.008426930  2762.033 -2.131793e+05 -1.199263e+03
[13,]   13 5.924637e-02  0.009471774  2876.311  1.548079e+03 -7.848267e+03
[14,]   14 2.962369e-02  0.008949352  2828.539  2.087726e+03 -8.624688e+03
[15,]   15 9.715089e-03  0.008598246  2778.673  3.610413e+03 -5.743792e+03
[16,]   16 3.213943e-03  0.008483593  2749.347  5.890456e+03 -1.315398e+03
[17,]   17 1.000000e-06  0.008576911  2761.890 -2.126289e+05 -6.952101e+02
[18,]   18 1.686999e-03  0.008527942  2740.068  5.831938e+03  7.819891e+01
[19,]   19 5.742397e-04  0.008560262  2735.752 -8.150712e+02  7.333595e+02
[20,]   20 4.530039e-04  0.007085845  2734.104 -1.527940e+03  3.486633e+02
[21,]   21 1.281891e-03  0.004695071  2753.896  1.342722e+04 -1.494159e+04
[22,]   22 4.981870e-04  0.006955523  2734.071  1.752342e+02 -1.443906e+02
[23,]   23 5.341108e-04  0.007133839  2734.109  7.086200e+02  3.046568e+02
[24,]   24 5.032043e-04  0.006980428  2734.070  2.569140e+02 -7.932834e+01
[25,]   25 4.938271e-04  0.007002753  2734.066 -5.591958e+01  9.827292e+00
[26,]   26 4.956811e-04  0.007000916  2734.067  9.488986e-01  6.560094e-02
[27,]   27 4.939308e-04  0.007002651  2734.066 -5.272875e+01  9.281643e+00
[28,]   28 4.938332e-04  0.007002747  2734.066 -5.573143e+01  9.795124e+00
[29,]   29 4.938275e-04  0.007002753  2734.066 -5.590845e+01  9.825390e+00
[30,]   30 4.938271e-04  0.007002753  2734.066 -5.591892e+01  9.827180e+00
[31,]   31 4.938271e-04  0.007002753  2734.066 -5.591954e+01  9.827286e+00
[32,]   32 4.938271e-04  0.007002753  2734.066 -5.591958e+01  9.827292e+00
[33,]   33 4.938271e-04  0.007002753  2734.066 -5.591958e+01  9.827292e+00
[34,]   34 4.938271e-04  0.007002753  2734.066 -5.591958e+01  9.827292e+00
[35,]   35 4.938271e-04  0.007002753  2734.066 -5.591958e+01  9.827292e+00
[36,]   36 4.938271e-04  0.007002753  2734.066 -5.591958e+01  9.827292e+00
[37,]   37 4.938271e-04  0.007002753  2734.066 -5.591958e+01  9.827292e+00
[38,]   38 4.938271e-04  0.007002753  2734.066 -5.591958e+01  9.827292e+00
[39,]   39 4.938271e-04  0.007002753  2734.066 -5.591958e+01  9.827292e+00
[40,]   40 4.938271e-04  0.007002753  2734.066 -5.591958e+01  9.827292e+00
[41,]   41 4.938271e-04  0.007002753  2734.066 -5.591958e+01  9.827292e+00
[42,]   42 4.938271e-04  0.007002753  2734.066 -5.591958e+01  9.827292e+00
[43,]   43 1.000000e+01  0.000001000  6945.437  2.660116e-01 -2.311379e+07
[44,]   44 3.532099e+00  0.004529889  3159.938  1.566159e+00 -1.149547e+04
[45,]   45 2.268047e-01  0.006844288  3072.717  5.904711e+02 -3.906071e+03
[46,]   46 2.083089e-03  0.007001640  2744.394  7.962045e+03 -2.902828e+03
[47,]   47 4.976501e-04  0.007002751  2734.067  5.225828e+01  1.163894e+00
[48,]   48 4.940003e-04  0.007002753  2734.066 -5.097950e+01  9.434423e+00
[49,]   49 4.938356e-04  0.007002753  2734.066 -5.567671e+01  9.807984e+00
[50,]   50 4.938275e-04  0.007002753  2734.066 -5.590760e+01  9.826340e+00
[51,]   51 4.938271e-04  0.007002753  2734.066 -5.591899e+01  9.827246e+00
[52,]   52 4.938271e-04  0.007002753  2734.066 -5.591955e+01  9.827290e+00
[53,]   53 4.938271e-04  0.007002753  2734.066 -5.591958e+01  9.827292e+00
[54,]   54 4.938271e-04  0.007002753  2734.066 -5.591958e+01  9.827292e+00
[55,]   55 4.938271e-04  0.007002753  2734.066 -5.591958e+01  9.827292e+00
[56,]   56 4.938271e-04  0.007002753  2734.066 -5.591958e+01  9.827292e+00
[57,]   57 4.938271e-04  0.007002753  2734.066 -5.591958e+01  9.827292e+00
[58,]   58 4.938271e-04  0.007002753  2734.066 -5.591958e+01  9.827292e+00
[59,]   59 4.938271e-04  0.007002753  2734.066 -5.591958e+01  9.827292e+00
[60,]   60 4.938271e-04  0.007002753  2734.066 -5.591958e+01  9.827292e+00
[61,]   61 4.938271e-04  0.007002753  2734.066 -5.591958e+01  9.827292e+00
[62,]   62 4.938271e-04  0.007002753  2734.066 -5.591958e+01  9.827292e+00

