[22;0t]0;IPython: scripts/01_msprime_simulations$par
[1] 0.30408116 0.01008113

$value
[1] -5568.1

$counts
function gradient 
      15       15 

$convergence
[1] 0

$message
[1] "CONVERGENCE: REL_REDUCTION_OF_F <= FACTR*EPSMCH"

$loginfo
      step       par1        par2        fn           gr1           gr2
 [1,]    1  0.1000000 0.010000000  5576.113 -1.427247e+02  2.524614e+03
 [2,]    2 10.0000000 0.000001000 13767.761  5.489873e-01 -4.591223e+07
 [3,]    3  3.7058489 0.006358093  5668.716  1.446476e+00 -5.681720e+04
 [4,]    4  1.1548985 0.008934553  5580.200  5.072537e+00 -1.193349e+04
 [5,]    5  0.4535567 0.009642908  5569.802  8.163612e+00 -4.020915e+03
 [6,]    6  0.6157612 0.014042387  5619.333  2.343205e+01  2.185157e+04
 [7,]    7  0.4703619 0.010098717  5569.007  7.909761e+00 -1.271890e+02
 [8,]    8  0.4504394 0.010078169  5568.856  7.709022e+00 -2.877878e+02
 [9,]    9  0.3707495 0.009995976  5568.355  5.640368e+00 -8.650997e+02
[10,]   10  0.1601095 0.010002827  5570.724 -5.268935e+01  9.049212e+02
[11,]   11  0.3110012 0.009997919  5568.131  1.160319e+00 -6.740607e+02
[12,]   12  0.2978646 0.010059604  5568.103 -7.159608e-01 -1.379590e+02
[13,]   13  0.3057516 0.010085537  5568.100  1.893096e-01  2.688213e+01
[14,]   14  0.3041351 0.010081128  5568.100  6.710493e-03 -2.315686e-01
[15,]   15  0.3040812 0.010081128  5568.100 -5.957190e-05 -7.867675e-04

