[22;0t]0;IPython: scripts/01_msprime_simulations$par
[1] 9.265541e-05 9.047260e-01

$value
[1] -45551.66

$counts
function gradient 
      28       28 

$convergence
[1] 0

$message
[1] "CONVERGENCE: REL_REDUCTION_OF_F <= FACTR*EPSMCH"

$loginfo
      step         par1      par2       fn        gr1           gr2
 [1,]    1 1.000000e-01 0.0100000 66708.63  46317.492 -1.418539e+06
 [2,]    2 1.000000e-05 1.0000000 45598.05 -30824.608  1.114290e+03
 [3,]    3 2.179665e-02 0.9982357 45929.40  15386.273  6.501431e+02
 [4,]    4 4.297607e-03 0.9996528 45655.76  15730.986  9.297697e+02
 [5,]    5 9.154993e-04 0.9999267 45604.16  14315.063  1.074285e+03
 [6,]    6 2.637205e-04 0.9999795 45595.81   8982.025  1.110308e+03
 [7,]    7 2.069684e-04 0.9992258 45594.50   6484.973  1.100137e+03
 [8,]    8 1.000000e-05 0.9963259 45594.07 -30809.341  1.052944e+03
 [9,]    9 9.187314e-05 0.9955122 45590.19   2382.796  1.038964e+03
[10,]   10 1.092442e-04 0.9902411 45584.90   4129.815  9.489086e+02
[11,]   11 1.787287e-04 0.9691567 45568.97   4458.429  5.794810e+02
[12,]   12 2.674892e-04 0.9371620 45559.68   7205.490  1.118113e+02
[13,]   13 2.325224e-04 0.9306748 45558.39   6207.174  2.720397e+02
[14,]   14 9.265541e-05 0.9047260 45551.66   2994.825  3.226140e+00
[15,]   15 5.267744e-05 0.9004905 45552.25  -3634.404 -8.413131e+01
[16,]   16 9.087100e-05 0.9045369 45551.66   2792.816 -6.531590e-01
[17,]   17 9.250383e-05 0.9047099 45551.66   2977.891  2.896682e+00
[18,]   18 9.264212e-05 0.9047246 45551.66   2993.342  3.197253e+00
[19,]   19 9.265424e-05 0.9047259 45551.66   2994.694  3.223599e+00
[20,]   20 9.265531e-05 0.9047260 45551.66   2994.813  3.225917e+00
[21,]   21 9.265540e-05 0.9047260 45551.66   2994.824  3.226118e+00
[22,]   22 9.265541e-05 0.9047260 45551.66   2994.824  3.226133e+00
[23,]   23 9.265541e-05 0.9047260 45551.66   2994.825  3.226137e+00
[24,]   24 9.265541e-05 0.9047260 45551.66   2994.824  3.226139e+00
[25,]   25 9.265541e-05 0.9047260 45551.66   2994.825  3.226132e+00
[26,]   26 9.265541e-05 0.9047260 45551.66   2994.825  3.226135e+00
[27,]   27 9.265541e-05 0.9047260 45551.66   2994.825  3.226135e+00
[28,]   28 9.265541e-05 0.9047260 45551.66   2994.825  3.226135e+00

