[22;0t]0;IPython: scripts/01_msprime_simulations$par
[1] 0.008657857 0.107500580

$value
[1] -26542.04

$counts
function gradient 
      28       28 

$convergence
[1] 0

$message
[1] "CONVERGENCE: REL_REDUCTION_OF_F <= FACTR*EPSMCH"

$loginfo
      step         par1        par2        fn           gr1           gr2
 [1,]    1 0.1000000000  0.01000000  35438.37  1.980165e+04 -6.721046e+05
 [2,]    2 0.0000010000 10.00000000  35568.96  2.402063e+03  1.387319e+03
 [3,]    3 0.0666344852  3.34324826  28425.61  1.873405e+03  6.707058e+02
 [4,]    4 0.0573047282  3.33976955  28406.61  1.690383e+03  6.718280e+02
 [5,]    5 0.0199857003  3.32585473  28363.99 -6.837778e+02  6.672327e+02
 [6,]    6 0.0279234337  3.32402148  28361.77  3.276534e+02  6.696148e+02
 [7,]    7 0.0265847799  3.31592013  28356.00  1.953440e+02  6.688295e+02
 [8,]    8 0.0212301651  3.28351475  28334.99 -4.822362e+02  6.689548e+02
 [9,]    9 0.0000010000  2.98168525  28653.84 -2.348900e+06  5.088157e+02
[10,]   10 0.0122141370  3.15532774  28260.81 -2.827812e+03  6.852868e+02
[11,]   11 0.0000010000  2.64852347  28483.13 -2.580655e+06  5.768367e+02
[12,]   12 0.0063982337  2.91398724  28129.66 -8.657303e+03  6.544894e+02
[13,]   13 0.0005086815  0.53483676  27042.13 -1.722255e+05  5.097482e+02
[14,]   14 0.0088181034  0.00000100 109189.01  9.275796e+04 -4.016293e+08
[15,]   15 0.0033196322  0.35390998  26776.17 -2.090674e+04  6.611118e+02
[16,]   16 0.0040423743  0.00000100 108720.42  1.038890e+05 -4.016163e+08
[17,]   17 0.0035609546  0.23574034  26684.84 -1.964628e+04  8.238789e+02
[18,]   18 0.0038016645  0.11787067  26577.35 -1.754863e+04  7.653005e+02
[19,]   19 0.0039605330  0.04007669  27003.58  1.040285e+04 -3.060618e+04
[20,]   20 0.0038444307  0.09692911  26571.08 -1.591163e+04 -3.146084e+02
[21,]   21 0.0054787167  0.17959766  26610.77 -9.430917e+03  8.509529e+02
[22,]   22 0.0041316080  0.11145566  26568.01 -1.475042e+04  4.772844e+02
[23,]   23 0.0073459598  0.10333607  26543.61 -2.005668e+03 -1.686569e+02
[24,]   24 0.0079125995  0.10665555  26542.44 -1.128521e+03 -4.940068e+00
[25,]   25 0.0084748637  0.10764918  26542.06 -2.754381e+02  1.892010e+01
[26,]   26 0.0086367937  0.10756241  26542.04 -3.342237e+01  4.764478e+00
[27,]   27 0.0086576170  0.10750689  26542.04 -5.305025e-01  4.358407e-01
[28,]   28 0.0086578574  0.10750058  26542.04  1.719213e-01  6.451492e-02

