[22;0t]0;IPython: scripts/01_msprime_simulations$par
[1] 0.0027024006 0.0009513678

$value
[1] -696.5334

$counts
function gradient 
      59       59 

$convergence
[1] 52

$message
[1] "ERROR: ABNORMAL_TERMINATION_IN_LNSRCH"

$loginfo
      step        par1         par2         fn           gr1           gr2
 [1,]    1 0.100000000 1.000000e-02   906.2177  1.633454e+03  7.134588e+03
 [2,]    2 0.000001000 1.000000e-06  1100.3742  1.077612e+05 -3.662083e+06
 [3,]    3 0.053317711 5.332191e-03   793.0983  1.162301e+03  1.360327e+04
 [4,]    4 0.018695929 1.870325e-03   707.8370  4.072501e+02  1.503324e+04
 [5,]    5 0.000001000 1.000000e-06  1100.3742  1.077612e+05 -3.662083e+06
 [6,]    6 0.012693763 1.270162e-03   699.0567  2.448054e+02  5.998094e+03
 [7,]    7 0.000001000 1.000000e-06  1100.3742  1.077612e+05 -3.662083e+06
 [8,]    8 0.009070559 9.078742e-04   698.1563  2.565019e+02 -8.042281e+03
 [9,]    9 0.009839211 1.049840e-03   697.7690  2.183755e+02 -9.435040e+02
[10,]   10 0.009241466 1.041853e-03   697.6467  2.136193e+02 -1.139253e+03
[11,]   11 0.006850486 1.009904e-03   697.1906  2.027440e+02 -1.581427e+03
[12,]   12 0.000001000 9.708743e-04   711.0899 -9.219377e+04  1.124755e+03
[13,]   13 0.004471944 9.963505e-04   696.7420  1.735545e+02 -4.297971e+02
[14,]   14 0.000001000 9.493468e-04   711.0655 -9.258426e+04  1.124863e+03
[15,]   15 0.002981776 9.806842e-04   696.5547  2.940002e+01  6.737872e+02
[16,]   16 0.002462420 9.621077e-04   696.5512 -9.874192e+01  7.921673e+02
[17,]   17 0.002757531 9.726633e-04   696.5455 -1.581668e+01  7.045504e+02
[18,]   18 0.002701493 9.586998e-04   696.5361 -1.058683e+01  2.706565e+02
[19,]   19 0.002702401 9.513678e-04   696.5334  1.602782e+00 -1.467106e+01
[20,]   20 0.002697584 9.515441e-04   696.5335 -1.185882e-01  2.774863e-01
[21,]   21 0.002702196 9.513753e-04   696.5334  1.529962e+00 -1.403705e+01
[22,]   22 0.002702391 9.513681e-04   696.5334  1.599551e+00 -1.464293e+01
[23,]   23 0.002702400 9.513678e-04   696.5334  1.602638e+00 -1.466981e+01
[24,]   24 0.002702401 9.513678e-04   696.5334  1.602775e+00 -1.467100e+01
[25,]   25 0.002702401 9.513678e-04   696.5334  1.602782e+00 -1.467106e+01
[26,]   26 0.002702401 9.513678e-04   696.5334  1.602782e+00 -1.467106e+01
[27,]   27 0.002702401 9.513678e-04   696.5334  1.602782e+00 -1.467106e+01
[28,]   28 0.002702401 9.513678e-04   696.5334  1.602782e+00 -1.467106e+01
[29,]   29 0.002702401 9.513678e-04   696.5334  1.602782e+00 -1.467106e+01
[30,]   30 0.002702401 9.513678e-04   696.5334  1.602782e+00 -1.467106e+01
[31,]   31 0.002702401 9.513678e-04   696.5334  1.602782e+00 -1.467106e+01
[32,]   32 0.002702401 9.513678e-04   696.5334  1.602782e+00 -1.467106e+01
[33,]   33 0.002702401 9.513678e-04   696.5334  1.602782e+00 -1.467106e+01
[34,]   34 0.002702401 9.513678e-04   696.5334  1.602782e+00 -1.467106e+01
[35,]   35 0.002702401 9.513678e-04   696.5334  1.602782e+00 -1.467106e+01
[36,]   36 0.000001000 1.000000e+01 24454.0846  2.416099e+03  2.315289e+03
[37,]   37 0.002698304 1.611560e-02   717.4384  3.098705e+03 -9.852733e+00
[38,]   38 0.002702393 9.780545e-04   696.5528 -4.009900e+01  9.813917e+02
[39,]   39 0.002702401 9.515285e-04   696.5335  1.337725e+00 -8.363216e+00
[40,]   40 0.002702401 9.513694e-04   696.5334  1.600120e+00 -1.460773e+01
[41,]   41 0.002702401 9.513678e-04   696.5334  1.602755e+00 -1.467042e+01
[42,]   42 0.002702401 9.513678e-04   696.5334  1.602782e+00 -1.467105e+01
[43,]   43 0.002702401 9.513678e-04   696.5334  1.602782e+00 -1.467106e+01
[44,]   44 0.002702401 9.513678e-04   696.5334  1.602782e+00 -1.467106e+01
[45,]   45 0.002702401 9.513678e-04   696.5334  1.602782e+00 -1.467106e+01
[46,]   46 0.002702401 9.513678e-04   696.5334  1.602782e+00 -1.467106e+01
[47,]   47 0.002702401 9.513678e-04   696.5334  1.602782e+00 -1.467106e+01
[48,]   48 0.002702401 9.513678e-04   696.5334  1.602782e+00 -1.467106e+01
[49,]   49 0.002702401 9.513678e-04   696.5334  1.602782e+00 -1.467106e+01
[50,]   50 0.002702401 9.513678e-04   696.5334  1.602782e+00 -1.467106e+01
[51,]   51 0.002702401 9.513678e-04   696.5334  1.602782e+00 -1.467106e+01

