[22;0t]0;IPython: scripts/01_msprime_simulations$par
[1] 1.962022566 0.005005465

$value
[1] -3139.621

$counts
function gradient 
      36       36 

$convergence
[1] 0

$message
[1] "CONVERGENCE: REL_REDUCTION_OF_F <= FACTR*EPSMCH"

$loginfo
      step       par1        par2       fn           gr1           gr2
 [1,]    1 0.10000000 0.010000000 3249.044  1.912151e+01  2.748673e+04
 [2,]    2 0.00000100 0.000001000 6196.796  1.231030e+05 -2.258467e+07
 [3,]    3 0.06500585 0.006500900 3168.357 -1.724924e+02  1.744033e+04
 [4,]    4 0.03395457 0.001619609 3310.471  8.995323e+02 -1.708765e+05
 [5,]    5 0.05503856 0.004934032 3152.424 -1.679615e+02  3.268873e+03
 [6,]    6 0.05579379 0.004690984 3151.939 -1.474865e+02 -3.777792e+02
 [7,]    7 0.05869232 0.004701892 3151.518 -1.398971e+02 -4.317723e+02
 [8,]    8 0.07028642 0.004745526 3150.028 -1.147037e+02 -5.121112e+02
 [9,]    9 0.12296304 0.005017979 3145.920 -5.633463e+01  1.865615e+03
[10,]   10 0.16555568 0.005006680 3144.068 -3.270800e+01  1.044635e+03
[11,]   11 0.22468627 0.004997098 3142.631 -1.773900e+01  4.480773e+02
[12,]   12 0.29527123 0.005002757 3141.691 -9.996661e+00  3.080490e+02
[13,]   13 0.34511249 0.002731909 3210.264  9.176980e+00 -7.768416e+04
[14,]   14 0.29594692 0.004971972 3141.682 -9.876448e+00 -2.291989e+02
[15,]   15 0.38693866 0.004993044 3141.006 -5.526305e+00 -4.055207e+00
[16,]   16 0.50200332 0.005003642 3140.530 -3.098979e+00  1.033024e+02
[17,]   17 0.64846479 0.005003440 3140.188 -1.746228e+00  4.810949e+01
[18,]   18 0.83757834 0.005004501 3139.941 -9.643167e-01  3.313088e+01
[19,]   19 1.07077260 0.005004973 3139.776 -5.063385e-01  1.891950e+01
[20,]   20 1.27720352 0.003349579 3173.955  4.794692e-01 -4.801134e+04
[21,]   21 1.07127803 0.005000920 3139.776 -5.053476e-01 -5.830836e+01
[22,]   22 1.32896951 0.005003979 3139.683 -2.478203e-01 -1.424296e+01
[23,]   23 1.57686613 0.005005445 3139.640 -1.112466e-01  6.151116e+00
[24,]   24 1.77872536 0.005005445 3139.624 -4.332728e-02  2.197288e+00
[25,]   25 1.90749688 0.005005462 3139.621 -1.288850e-02  7.135141e-01
[26,]   26 1.96202150 0.005005465 3139.621 -2.271065e-03  1.246122e-01
[27,]   27 1.97380912 0.005007716 3139.621 -1.536978e-04  4.361767e+01
[28,]   28 1.96311564 0.005005674 3139.621 -2.071122e-03  4.162786e+00
[29,]   29 1.96220158 0.005005499 3139.621 -2.238287e-03  7.892700e-01
[30,]   30 1.96205351 0.005005471 3139.621 -2.263598e-03  2.427484e-01
[31,]   31 1.96202729 0.005005466 3139.621 -2.268002e-03  1.460018e-01
[32,]   32 1.96202257 0.005005465 3139.621 -2.270183e-03  1.285568e-01
[33,]   33 1.96202569 0.005005466 3139.621 -2.270472e-03  1.400686e-01
[34,]   34 1.96202308 0.005005465 3139.621 -2.270210e-03  1.304517e-01
[35,]   35 1.96202263 0.005005465 3139.621 -2.271456e-03  1.288058e-01
[36,]   36 1.96202257 0.005005465 3139.621 -2.270183e-03  1.285568e-01

