[22;0t]0;IPython: scripts/01_msprime_simulations$par
[1] 9.2247742826 0.0005760466

$value
[1] -485.7751

$counts
function gradient 
      52       52 

$convergence
[1] 0

$message
[1] "CONVERGENCE: REL_REDUCTION_OF_F <= FACTR*EPSMCH"

$loginfo
      step         par1         par2       fn           gr1           gr2
 [1,]    1  0.100000000 0.0100000000 713.0134  1.902280e+03  2.837359e+03
 [2,]    2  0.000001000 0.0000010000 715.0343  1.073963e+05 -2.231294e+06
 [3,]    3  0.042060315 0.0042065530 585.1964  1.213686e+03  1.162084e+04
 [4,]    4  0.014967605 0.0014975258 511.7568  1.580611e+02  3.056683e+04
 [5,]    5  0.006616991 0.0006625395 489.3861 -2.346435e+02  1.373820e+04
 [6,]    6  0.006521728 0.0000010000 780.7948  1.012832e+03 -2.495005e+06
 [7,]    7  0.006593250 0.0004976755 488.3965 -1.529623e+02 -6.537875e+03
 [8,]    8  0.022305444 0.0006143097 487.2605 -4.294357e+01  6.680703e+03
 [9,]    9  0.025436476 0.0005803475 486.9650 -3.263097e+01  1.819643e+03
[10,]   10  0.032388147 0.0005613644 486.7594 -2.112224e+01 -1.550975e+03
[11,]   11  0.042835260 0.0005622071 486.5840 -1.328860e+01 -1.776851e+03
[12,]   12  0.061081886 0.0005737732 486.4050 -7.355139e+00 -1.210276e+02
[13,]   13  0.082432604 0.0005791618 486.2904 -4.430580e+00  6.572131e+02
[14,]   14  0.114716729 0.0005748416 486.1767 -2.550859e+00 -1.361095e+02
[15,]   15  0.166415512 0.0005942727 486.1274 -1.371974e+00  3.047239e+03
[16,]   16  0.217471458 0.0005790463 486.0299 -8.638663e-01  5.169105e+02
[17,]   17  0.289083847 0.0005728853 485.9755 -5.275967e-01 -5.638819e+02
[18,]   18  0.391940445 0.0005731436 485.9340 -3.124489e-01 -5.274199e+02
[19,]   19  0.539950676 0.0005849256 485.9164 -1.826621e-01  1.511990e+03
[20,]   20  0.671489698 0.0005810762 485.8879 -1.289656e-01  8.544798e+02
[21,]   21  0.980777259 0.0005755318 485.8507 -7.193260e-02 -1.124671e+02
[22,]   22  1.350902525 0.0005749993 485.8295 -4.328442e-02 -2.067918e+02
[23,]   23  1.948721719 0.0005878898 485.8352 -2.288054e-02  2.026422e+03
[24,]   24  1.522280672 0.0005786946 485.8270 -3.544765e-02  4.434131e+02
[25,]   25  2.110181874 0.0005784318 485.8110 -1.973905e-02  3.980470e+02
[26,]   26  2.626194757 0.0004990029 486.2828 -1.253252e-02 -1.582304e+04
[27,]   27  2.140056095 0.0005738333 485.8058 -1.922736e-02 -4.139640e+02
[28,]   28  2.856392758 0.0005759217 485.7971 -1.088882e-02 -4.331935e+01
[29,]   29  3.787026989 0.0005762735 485.7898 -6.144318e-03  1.909123e+01
[30,]   30  4.991944016 0.0005761880 485.7841 -3.606868e-03  4.181774e+00
[31,]   31  6.705141125 0.0005762429 485.7794 -2.146747e-03  1.405807e+01
[32,]   32  9.224774283 0.0005760466 485.7751 -1.240098e-03 -2.053141e+01
[33,]   33 10.000000000 0.0006024989 485.8587 -1.068383e-03  4.448677e+03
[34,]   34  9.229044848 0.0005761923 485.7752 -1.241461e-03  5.247173e+00
[35,]   35  9.224814492 0.0005760480 485.7751 -1.241335e-03 -2.028863e+01
[36,]   36  9.224774663 0.0005760466 485.7751 -1.238758e-03 -2.052912e+01
[37,]   37  9.224774286 0.0005760466 485.7751 -1.237659e-03 -2.053140e+01
[38,]   38  9.224774283 0.0005760466 485.7751 -1.239635e-03 -2.053141e+01
[39,]   39  9.224774283 0.0005760466 485.7751 -1.240101e-03 -2.053141e+01
[40,]   40  9.224774283 0.0005760466 485.7751 -1.240098e-03 -2.053141e+01
[41,]   41  9.224774283 0.0005760466 485.7751 -1.240100e-03 -2.053141e+01
[42,]   42  9.224774283 0.0005760466 485.7751 -1.240100e-03 -2.053141e+01

