[22;0t]0;IPython: scripts/01_msprime_simulations$par
[1] 0.8826591201 0.0006456111

$value
[1] -537.4677

$counts
function gradient 
      47       47 

$convergence
[1] 0

$message
[1] "CONVERGENCE: REL_REDUCTION_OF_F <= FACTR*EPSMCH"

$loginfo
      step        par1         par2       fn           gr1           gr2
 [1,]    1 0.100000000 0.0100000000 770.8357  1.872290e+03  2.548676e+03
 [2,]    2 0.000001000 0.0000010000 802.0422  1.059970e+05 -2.554356e+06
 [3,]    3 0.045055395 0.0045060340 656.4396  1.142085e+03  1.116027e+04
 [4,]    4 0.015819670 0.0015827247 568.1134  5.265760e+01  3.481404e+04
 [5,]    5 0.006658558 0.0006666959 543.6974 -3.484027e+02  9.819496e+03
 [6,]    6 0.012839482 0.0000010000 881.2079  3.739700e+02 -2.828351e+06
 [7,]    7 0.008179495 0.0005028885 543.3059 -1.837205e+02 -1.565368e+04
 [8,]    8 0.007393863 0.0005875023 542.9844 -2.744294e+02  6.678299e+00
 [9,]    9 0.063994883 0.0009935681 545.7313 -1.959161e+01  3.182680e+04
[10,]   10 0.026690169 0.0007259374 541.0591 -7.802551e+01  1.206712e+04
[11,]   11 0.030402116 0.0006518149 540.1718 -6.048316e+01  3.197039e+03
[12,]   12 0.038446860 0.0006156981 539.7231 -4.179787e+01 -2.575529e+03
[13,]   13 0.051417195 0.0006155459 539.2788 -2.826290e+01 -3.227544e+03
[14,]   14 0.079597453 0.0006390593 538.6685 -1.546313e+01 -2.617797e+02
[15,]   15 0.111492120 0.0006504108 538.3063 -8.944548e+00  1.116935e+03
[16,]   16 0.153523446 0.0006494097 538.0232 -4.980941e+00  7.928968e+02
[17,]   17 0.200597757 0.0005766862 538.1559 -2.793811e+00 -1.174106e+04
[18,]   18 0.171159607 0.0006221642 537.9581 -3.972543e+00 -3.532199e+03
[19,]   19 0.216791285 0.0006388554 537.7913 -2.494799e+00 -9.375903e+02
[20,]   20 0.289418866 0.0006473987 537.6622 -1.337462e+00  3.319219e+02
[21,]   21 0.370790044 0.0006474988 537.5807 -7.410606e-01  3.228747e+02
[22,]   22 0.463489256 0.0000967496 603.8440  2.675198e-01 -3.533356e+05
[23,]   23 0.371763659 0.0006417143 537.5761 -7.349139e-01 -5.758154e+02
[24,]   24 0.371274410 0.0006446210 537.5778 -7.380225e-01 -1.221082e+02
[25,]   25 0.472026119 0.0006452952 537.5238 -3.869833e-01 -3.258228e+01
[26,]   26 0.583076147 0.0006456111 537.4928 -1.969347e-01  8.458928e+00
[27,]   27 0.698136368 0.0006456089 537.4766 -9.391413e-02  3.720744e+00
[28,]   28 0.803026044 0.0006456108 537.4698 -4.052982e-02  1.697215e+00
[29,]   29 0.882659120 0.0006456111 537.4677 -1.454560e-02  6.062087e-01
[30,]   30 0.927565366 0.0006534413 537.4782 -3.643019e-03  1.208758e+03
[31,]   31 0.883282574 0.0006457198 537.4678 -1.437986e-02  1.758043e+01
[32,]   32 0.882669968 0.0006456130 537.4677 -1.454231e-02  9.016013e-01
[33,]   33 0.882659309 0.0006456112 537.4677 -1.454653e-02  6.113671e-01
[34,]   34 0.882659123 0.0006456111 537.4677 -1.454604e-02  6.062984e-01
[35,]   35 0.882659120 0.0006456111 537.4677 -1.454632e-02  6.062112e-01
[36,]   36 0.882659120 0.0006456111 537.4677 -1.454561e-02  6.062087e-01
[37,]   37 0.882659120 0.0006456111 537.4677 -1.454560e-02  6.062087e-01
[38,]   38 0.882659120 0.0006456111 537.4677 -1.454561e-02  6.062087e-01
[39,]   39 0.882659120 0.0006456111 537.4677 -1.454562e-02  6.062087e-01
[40,]   40 0.882659120 0.0006456111 537.4677 -1.454561e-02  6.062087e-01
[41,]   41 0.882659120 0.0006456111 537.4677 -1.454562e-02  6.062087e-01
[42,]   42 0.882659120 0.0006456111 537.4677 -1.454561e-02  6.062087e-01
[43,]   43 0.882659120 0.0006456111 537.4677 -1.454562e-02  6.062087e-01

