[22;0t]0;IPython: scripts/01_msprime_simulations$par
[1] 0.09478350 0.09601001

$value
[1] -28303.71

$counts
function gradient 
      36       36 

$convergence
[1] 0

$message
[1] "CONVERGENCE: REL_REDUCTION_OF_F <= FACTR*EPSMCH"

$loginfo
      step       par1       par2       fn           gr1           gr2
 [1,]    1 0.10000000 0.01000000 36223.71  1.868928e+04 -6.695458e+05
 [2,]    2 0.00001000 1.00000000 29758.92 -1.075022e+06 -3.854627e+02
 [3,]    3 0.29386821 1.00000000 30144.57  3.703476e+03 -1.441330e+01
 [4,]    4 0.09789242 1.00000000 29421.55  3.275087e+03  1.811575e+02
 [5,]    5 0.09759526 0.99973976 29420.53  3.271435e+03  1.817183e+02
 [6,]    6 0.09640662 0.99869881 29416.46  3.256533e+03  1.840372e+02
 [7,]    7 0.09165207 0.99453498 29400.34  3.191932e+03  1.935970e+02
 [8,]    8 0.07263388 0.97787969 29339.18  2.832803e+03  2.385169e+02
 [9,]    9 0.00001000 0.87507697 29731.75 -1.080697e+06  3.467660e+02
[10,]   10 0.04185430 0.93430966 29254.57  1.603762e+03  3.521969e+02
[11,]   11 0.00001000 0.87681717 29732.36 -1.081005e+06  3.574422e+02
[12,]   12 0.02644674 0.91314026 29233.59 -1.876012e+02  3.776871e+02
[13,]   13 0.02334868 0.89568959 29228.65 -8.611161e+02  3.692001e+02
[14,]   14 0.01886507 0.80670410 29205.36 -2.403663e+03  3.046787e+02
[15,]   15 0.01873103 0.55673799 29099.29 -2.443854e+03  5.019838e+02
[16,]   16 0.01843251 0.00001000 91232.74  0.000000e+00 -2.111941e+08
[17,]   17 0.01863124 0.37063868 28968.63 -3.546530e+03  9.475529e+02
[18,]   18 0.01849886 0.12375003 28547.33 -9.566132e+03  2.684694e+03
[19,]   19 0.01845473 0.04145577 28729.52  4.756070e+03 -2.592263e+04
[20,]   20 0.01848011 0.08879519 28465.08 -9.840222e+03  1.596230e+03
[21,]   21 0.03545024 0.00001000 92427.51  5.965953e+04 -2.112286e+08
[22,]   22 0.02413775 0.05919526 28469.98 -2.400636e+03 -7.328097e+03
[23,]   23 0.02140076 0.07351482 28431.76 -6.784043e+03 -8.826550e+02
[24,]   24 0.24754520 0.34977256 29518.23  2.538058e+03  3.020207e+03
[25,]   25 0.06433047 0.12595770 28391.39 -1.128231e+03  3.491715e+03
[26,]   26 0.05886332 0.10223776 28330.67 -1.360686e+03  1.927698e+03
[27,]   27 0.05962615 0.07764524 28338.14 -1.247153e+02 -3.745199e+03
[28,]   28 0.05921838 0.09079115 28317.45 -9.984027e+02  1.313414e+02
[29,]   29 0.06380305 0.09068150 28313.47 -7.448138e+02 -9.167342e+01
[30,]   30 0.08108544 0.09506665 28305.35 -2.734541e+02  2.107778e+02
[31,]   31 0.08905696 0.09521277 28303.96 -8.720929e+01 -9.131829e+00
[32,]   32 0.09370234 0.09597968 28303.72 -1.873252e+01  2.472753e+01
[33,]   33 0.09470137 0.09596920 28303.71 -2.766825e-01 -6.947459e+00
[34,]   34 0.09480847 0.09602518 28303.71  2.135239e-03  2.746621e+00
[35,]   35 0.09478350 0.09601001 28303.71 -1.127064e-03  3.122859e-03

