[22;0t]0;IPython: scripts/01_msprime_simulations$par
[1] 0.002051004 0.214821321

$value
[1] -24920.55

$counts
function gradient 
      50       50 

$convergence
[1] 0

$message
[1] "CONVERGENCE: REL_REDUCTION_OF_F <= FACTR*EPSMCH"

$loginfo
      step        par1       par2        fn           gr1           gr2
 [1,]    1 0.100000000  0.0100000  34223.49  1.876248e+04 -6.495681e+05
 [2,]    2 0.000001000 10.0000000  35206.78 -8.984995e+04  1.447949e+03
 [3,]    3 0.066616859  3.3450092  26984.73  2.972689e+03  9.762077e+02
 [4,]    4 0.051315720  3.3397858  26934.85  2.868692e+03  9.842650e+02
 [5,]    5 0.000001000  3.3222685  26995.01 -9.416622e+05  8.890821e+02
 [6,]    6 0.024854213  3.3307526  26855.00  2.366323e+03  9.974852e+02
 [7,]    7 0.000001000  3.3101577  26984.27 -9.473550e+05  8.855341e+02
 [8,]    8 0.014259609  3.3219733  26824.38  1.609644e+03  1.004355e+03
 [9,]    9 0.000001000  3.2869652  26963.78 -9.583113e+05  8.824049e+02
[10,]   10 0.008512742  3.3078634  26803.86  3.714764e+02  1.008800e+03
[11,]   11 0.000001000  3.2274151  26911.04 -9.923542e+05  8.914282e+02
[12,]   12 0.004783252  3.2726143  26770.60 -2.082104e+03  1.007004e+03
[13,]   13 0.000001000  3.0614220  26758.85 -1.090795e+06  9.499057e+02
[14,]   14 0.004597486  3.2644106  26762.75 -2.313471e+03  1.005453e+03
[15,]   15 0.002299243  3.1629163  26672.23 -8.504770e+03  9.947850e+02
[16,]   16 0.000001000  2.1742739  26005.75 -1.126125e+06  8.101211e+02
[17,]   17 0.001493985  2.8165159  26347.14 -1.638138e+04  9.000315e+02
[18,]   18 0.012000298  0.0000010 106127.61  8.284445e+04 -3.892230e+08
[19,]   19 0.005082031  1.8546386  25588.61 -6.381967e+02  5.762720e+02
[20,]   20 0.006215689  0.1906089  24961.74  1.238637e+04 -2.044211e+02
[21,]   21 0.004219554  0.6110121  25035.13  1.210056e+03  3.030601e+02
[22,]   22 0.005816668  0.2746461  24949.93  9.397134e+03  1.381990e+01
[23,]   23 0.003552043  0.2554873  24929.58  6.235038e+03  4.551643e+01
[24,]   24 0.000001000  0.1895885  25133.31 -1.370259e+06  3.171344e+01
[25,]   25 0.002326695  0.2327478  24923.43  1.262444e+03  1.544311e+02
[26,]   26 0.000001000  0.1481619  25134.49 -1.477172e+06 -4.278367e+00
[27,]   27 0.001565875  0.2050767  24923.02 -5.509634e+03 -1.729790e+02
[28,]   28 0.002046515  0.2225576  24921.34 -3.413396e+02  1.807745e+02
[29,]   29 0.001880385  0.2165154  24920.74 -1.795377e+03  5.686843e+01
[30,]   30 0.002001091  0.2114837  24920.74 -3.820348e+02 -1.077136e+02
[31,]   31 0.001941160  0.2139820  24920.61 -1.061540e+03 -2.382096e+01
[32,]   32 0.002148272  0.2158139  24920.60  8.283476e+02  2.742217e+01
[33,]   33 0.002056930  0.2148544  24920.55  5.162627e+01  7.991640e-01
[34,]   34 0.002051004  0.2148213  24920.55 -2.381590e+00 -6.290260e-02
[35,]   35 0.002051268  0.2148236  24920.55  8.696552e-03 -1.901208e-04
[36,]   36 0.002051012  0.2148214  24920.55 -2.308467e+00 -6.098444e-02
[37,]   37 0.002051005  0.2148213  24920.55 -2.379281e+00 -6.284241e-02
[38,]   38 0.002051004  0.2148213  24920.55 -2.381520e+00 -6.290151e-02
[39,]   39 0.002051004  0.2148213  24920.55 -2.381588e+00 -6.290302e-02
[40,]   40 0.002051004  0.2148213  24920.55 -2.381590e+00 -6.290238e-02
[41,]   41 0.002051004  0.2148213  24920.55 -2.381589e+00 -6.290174e-02
[42,]   42 0.002051004  0.2148213  24920.55 -2.381590e+00 -6.290244e-02
[43,]   43 0.002051004  0.2148213  24920.55 -2.381590e+00 -6.290242e-02
[44,]   44 0.002051004  0.2148213  24920.55 -2.381590e+00 -6.290244e-02
[45,]   45 0.002051004  0.2148213  24920.55 -2.381590e+00 -6.290244e-02
[46,]   46 0.002051004  0.2148213  24920.55 -2.381590e+00 -6.290238e-02
[47,]   47 0.002051004  0.2148213  24920.55 -2.381590e+00 -6.290244e-02

