[22;0t]0;IPython: scripts/01_msprime_simulations$par
[1] 0.008727286 0.499099727

$value
[1] -50022.48

$counts
function gradient 
      35       35 

$convergence
[1] 0

$message
[1] "CONVERGENCE: REL_REDUCTION_OF_F <= FACTR*EPSMCH"

$loginfo
      step        par1       par2        fn           gr1           gr2
 [1,]    1 0.100000000  0.0100000 113278.72  6.340679e+04 -2.888217e+06
 [2,]    2 0.000001000 10.0000000  54866.27 -5.432674e+06  5.487267e+02
 [3,]    3 2.323652595 10.0000000  59918.56  2.329204e+03  3.796208e+02
 [4,]    4 0.774097899 10.0000000  55768.64  3.075339e+03  4.242357e+02
 [5,]    5 0.257995611 10.0000000  54136.02  3.120548e+03  4.700478e+02
 [6,]    6 0.085984512 10.0000000  53657.61  1.959385e+03  5.001767e+02
 [7,]    7 0.085953496  9.9982750  53656.68  1.958972e+03  5.001958e+02
 [8,]    8 0.085829433  9.9913748  53652.99  1.957321e+03  5.002726e+02
 [9,]    9 0.085333183  9.9637741  53638.21  1.950691e+03  5.005524e+02
[10,]   10 0.083348183  9.8533712  53579.07  1.923736e+03  5.007553e+02
[11,]   11 0.075408183  9.4117598  53343.80  1.831796e+03  4.970249e+02
[12,]   12 0.043648182  7.6453141  52447.32  7.863298e+02  4.511068e+02
[13,]   13 0.000001000  5.2160661  52840.34 -6.167926e+06  3.663591e+02
[14,]   14 0.021039601  6.3870003  51913.97 -3.097215e+03  4.029530e+02
[15,]   15 0.000001000  5.2055442  52836.46 -6.166030e+06  3.700863e+02
[16,]   16 0.012462346  5.9053309  51764.83 -8.726528e+03  3.998472e+02
[17,]   17 0.000001000  5.1877236  52829.84 -6.162549e+06  3.727779e+02
[18,]   18 0.007924026  5.6439842  51716.62 -1.681762e+04  3.922068e+02
[19,]   19 0.004874148  5.4474818  51710.82 -3.071914e+04  3.722963e+02
[20,]   20 0.006619623  5.2600308  51596.97 -2.129893e+04  3.599659e+02
[21,]   21 0.014238550  2.5933759  50537.11 -3.798415e+03  4.247200e+02
[22,]   22 0.021648107  0.0000010 394546.66  1.039272e+05 -1.455423e+09
[23,]   23 0.016714240  1.7268745  50287.84 -3.284204e+01  2.084140e+02
[24,]   24 0.019932594  0.0000010 394367.26  1.052277e+05 -1.455421e+09
[25,]   25 0.017787719  1.1508776  50153.29  2.911508e+03  2.231827e+02
[26,]   26 0.018860157  0.5754393  50081.48  8.493773e+03 -1.211768e+00
[27,]   27 0.017079260  0.5966065  50068.10  7.339664e+03  6.908835e+01
[28,]   28 0.000001000  0.3292011  51396.80 -6.698210e+06 -1.528918e+03
[29,]   29 0.011038787  0.5020269  50027.82  4.294804e+03 -4.952315e+01
[30,]   30 0.004475145  0.4912910  50056.59 -2.108765e+04  8.715242e+01
[31,]   31 0.008940220  0.4985944  50022.54  5.261405e+02 -8.108130e+00
[32,]   32 0.008663728  0.4994226  50022.49 -1.630042e+02  3.102851e+00
[33,]   33 0.008725572  0.4989749  50022.48  2.305785e+00 -5.696813e-01
[34,]   34 0.008729464  0.4992584  50022.48  4.143671e+00  5.824762e-01
[35,]   35 0.008727286  0.4990997  50022.48  3.115237e+00 -6.340841e-02

