[22;0t]0;IPython: scripts/01_msprime_simulations$par
[1] 0.014866919 0.005184144

$value
[1] -3165.016

$counts
function gradient 
      16       16 

$convergence
[1] 0

$message
[1] "CONVERGENCE: REL_REDUCTION_OF_F <= FACTR*EPSMCH"

$loginfo
      step        par1        par2       fn           gr1           gr2
 [1,]    1 0.100000000 0.010000000 3236.490  3.113395e+02  1.808990e+04
 [2,]    2 0.000001000 0.000001000 6408.110  1.221718e+05 -2.336927e+07
 [3,]    3 0.065600346 0.006560344 3178.696  2.158889e+02  7.577822e+03
 [4,]    4 0.031933384 0.003680032 3189.323  5.449099e+02 -3.050263e+04
 [5,]    5 0.052052167 0.005401256 3171.923  2.383679e+02 -1.920042e+03
 [6,]    6 0.047521731 0.005284831 3171.114  2.442167e+02 -2.977414e+03
 [7,]    7 0.000001000 0.004595160 3214.112 -2.061779e+05  4.424500e+02
 [8,]    8 0.029596093 0.005024675 3167.666  2.412833e+02 -4.249370e+03
 [9,]    9 0.000001000 0.004820528 3214.260 -2.081579e+05  6.155624e+02
[10,]   10 0.018931437 0.004951110 3165.701  1.566954e+02 -3.094619e+03
[11,]   11 0.001084852 0.004893818 3178.597 -7.067742e+03  9.296813e+02
[12,]   12 0.013035971 0.004932184 3165.240 -1.181318e+01 -1.729090e+03
[13,]   13 0.014776579 0.005072012 3165.065  2.150298e+01 -9.308557e+02
[14,]   14 0.014819983 0.005186371 3165.016 -2.131239e+00  2.770524e+01
[15,]   15 0.014866616 0.005184312 3165.016 -4.570700e-02  1.411273e+00
[16,]   16 0.014866919 0.005184144 3165.016 -6.601317e-04 -1.637308e-02

