[22;0t]0;IPython: scripts/01_msprime_simulations$par
[1] 0.0179808642 0.0008940665

$value
[1] -725.1765

$counts
function gradient 
      35       35 

$convergence
[1] 0

$message
[1] "CONVERGENCE: REL_REDUCTION_OF_F <= FACTR*EPSMCH"

$loginfo
      step        par1         par2        fn           gr1           gr2
 [1,]    1 0.100000000 0.0100000000  938.1486  1.585735e+03  6.100985e+03
 [2,]    2 0.000001000 0.0000010000 1131.6759  1.142049e+05 -3.800384e+06
 [3,]    3 0.053695729 0.0053699897  835.3263  1.020261e+03  1.317428e+04
 [4,]    4 0.018758679 0.0018765991  744.5900  1.216654e+02  2.632055e+04
 [5,]    5 0.007443733 0.0007452063  725.8218  2.260971e+01 -1.112252e+04
 [6,]    6 0.009012971 0.0064578085  779.9925  3.103822e+03  1.111819e+03
 [7,]    7 0.007645154 0.0014784524  734.0450  4.821995e+01  2.025522e+04
 [8,]    8 0.007478537 0.0008719035  725.3296 -6.796002e+01  1.296602e+03
 [9,]    9 0.009057570 0.0008703818  725.2492 -3.470602e+01  4.120343e+02
[10,]   10 0.010840294 0.0008747385  725.2081 -1.687636e+01  7.279994e+01
[11,]   11 0.012648428 0.0008820187  725.1897 -8.692182e+00  1.190963e+02
[12,]   12 0.014441385 0.0008858139  725.1806 -4.059163e+00 -1.906319e+01
[13,]   13 0.016179349 0.0008908933  725.1777 -2.138993e+00  4.500087e+01
[14,]   14 0.019922188 0.0008331702  725.3410  1.021085e+01 -6.261326e+03
[15,]   15 0.016322167 0.0008886907  725.1767 -1.525972e+00 -1.755196e+02
[16,]   16 0.017980864 0.0008940665  725.1765 -9.366342e-01 -8.102469e+00
[17,]   17 0.019641750 0.0008977598  725.1770 -5.334504e-01  5.508354e+01
[18,]   18 0.018274768 0.0008947201  725.1766 -8.372471e-01  1.686322e-01
[19,]   19 0.018040054 0.0008941981  725.1765 -9.154137e-01 -6.543654e+00
[20,]   20 0.017993111 0.0008940937  725.1765 -9.321916e-01 -7.784406e+00
[21,]   21 0.017983412 0.0008940722  725.1765 -9.357075e-01 -8.036480e+00
[22,]   22 0.017981395 0.0008940677  725.1765 -9.364410e-01 -8.088731e+00
[23,]   23 0.017980975 0.0008940668  725.1765 -9.365939e-01 -8.099607e+00
[24,]   24 0.017980887 0.0008940666  725.1765 -9.366258e-01 -8.101873e+00
[25,]   25 0.017980869 0.0008940665  725.1765 -9.366324e-01 -8.102345e+00
[26,]   26 0.017980865 0.0008940665  725.1765 -9.366338e-01 -8.102444e+00
[27,]   27 0.017980864 0.0008940665  725.1765 -9.366341e-01 -8.102464e+00
[28,]   28 0.017980864 0.0008940665  725.1765 -9.366342e-01 -8.102468e+00
[29,]   29 0.017980864 0.0008940665  725.1765 -9.366342e-01 -8.102467e+00
[30,]   30 0.017980864 0.0008940665  725.1765 -9.366341e-01 -8.102468e+00
[31,]   31 0.017980864 0.0008940665  725.1765 -9.366341e-01 -8.102468e+00
[32,]   32 0.017980864 0.0008940665  725.1765 -9.366342e-01 -8.102468e+00
[33,]   33 0.017980864 0.0008940665  725.1765 -9.366341e-01 -8.102468e+00
[34,]   34 0.017980864 0.0008940665  725.1765 -9.366342e-01 -8.102468e+00
[35,]   35 0.017980864 0.0008940665  725.1765 -9.366341e-01 -8.102468e+00

