[22;0t]0;IPython: scripts/01_msprime_simulations$par
[1] 0.001106425 0.004861435

$value
[1] -2508.318

$counts
function gradient 
      21       21 

$convergence
[1] 0

$message
[1] "CONVERGENCE: REL_REDUCTION_OF_F <= FACTR*EPSMCH"

$loginfo
      step         par1        par2       fn           gr1           gr2
 [1,]    1 0.1000000000 0.010000000 2619.540  8.359995e+02  8.476795e+03
 [2,]    2 0.0000010000 0.000001000 5115.361  1.211119e+05 -1.856935e+07
 [3,]    3 0.0655891398 0.006559224 2576.028  6.879675e+02 -7.418241e-01
 [4,]    4 0.0178097264 0.004601329 2546.770  1.407951e+03 -1.037063e+04
 [5,]    5 0.0000010000 0.003871567 2569.081 -4.479083e+05 -2.196453e+03
 [6,]    6 0.0099360422 0.004278683 2536.114  2.298387e+03 -1.073274e+04
 [7,]    7 0.0033695082 0.004009601 2518.180  4.105060e+03 -7.585517e+03
 [8,]    8 0.0000010000 0.006163457 2572.962 -4.456654e+05  5.924830e+02
 [9,]    9 0.0019980963 0.004886495 2509.863  2.689796e+03 -1.217012e+03
[10,]   10 0.0000010000 0.005332061 2570.503 -4.463839e+05  3.655569e+03
[11,]   11 0.0013416857 0.005032945 2508.451  9.859473e+02  1.398017e+01
[12,]   12 0.0000010000 0.003762338 2569.339 -4.471469e+05 -2.424681e+03
[13,]   13 0.0009445034 0.004656524 2508.409 -9.416386e+02 -2.914796e+02
[14,]   14 0.0011626829 0.004863299 2508.330  3.612234e+02 -9.974776e+01
[15,]   15 0.0010753452 0.004923299 2508.329 -3.439168e+02  2.173944e+02
[16,]   16 0.0011220191 0.004891235 2508.319  5.002305e+01  4.848844e+01
[17,]   17 0.0010977072 0.004844780 2508.318 -2.904257e+01 -2.817948e+01
[18,]   18 0.0011066397 0.004861852 2508.318  6.936416e-01  7.026387e-01
[19,]   19 0.0011064279 0.004861440 2508.318  1.084353e-02  9.111332e-03
[20,]   20 0.0011064247 0.004861435 2508.318 -7.680228e-05  3.354899e-05

