[22;0t]0;IPython: scripts/01_msprime_simulations$par
[1] 0.0008128076 0.1225484012

$value
[1] -7052.183

$counts
function gradient 
      47       47 

$convergence
[1] 0

$message
[1] "CONVERGENCE: REL_REDUCTION_OF_F <= FACTR*EPSMCH"

$loginfo
      step         par1       par2        fn           gr1           gr2
 [1,]    1 0.1000000000  0.0100000  7795.360  1.853968e+03 -5.838245e+04
 [2,]    2 0.0000010000 10.0000000 26377.466  2.416099e+03  2.154708e+03
 [3,]    3 0.0681046640  3.1963759 12109.752  2.410424e+03  1.966591e+03
 [4,]    4 0.0896729133  1.0416863  8223.127  2.743206e+03  1.486476e+03
 [5,]    5 0.0965634710  0.3533127  7523.069  3.358735e+03  6.336828e+02
 [6,]    6 0.0771594793  0.3503167  7454.787  3.480177e+03  6.425539e+02
 [7,]    7 0.0000010000  0.3384035  7211.654 -2.719576e+05  1.007465e+03
 [8,]    8 0.0761565793  0.3501619  7451.195  3.486180e+03  6.425212e+02
 [9,]    9 0.0380787897  0.3442827  7310.685  3.691020e+03  6.240982e+02
[10,]   10 0.0125415002  0.3403397  7213.128  3.684385e+03  6.697137e+02
[11,]   11 0.0042067444  0.3390528  7182.386  3.214155e+03  8.934835e+02
[12,]   12 0.0000010000  0.3304417  7203.354 -2.718096e+05  1.057371e+03
[13,]   13 0.0023099556  0.3351692  7173.277  2.274682e+03  9.918125e+02
[14,]   14 0.0000010000  0.1763514  7107.885 -3.149373e+05  5.965241e+02
[15,]   15 0.0018373395  0.3026611  7142.060  1.908383e+03  7.494875e+02
[16,]   16 0.0000010000  0.2026660  7130.392 -3.215130e+05  1.052666e+03
[17,]   17 0.0015817307  0.2887423  7132.531  1.255440e+03  5.713856e+02
[18,]   18 0.0000010000  0.2468497  7150.807 -3.039428e+05  1.829144e+02
[19,]   19 0.0008533201  0.2694379  7121.616 -2.581315e+03  6.246127e+02
[20,]   20 0.0000010000  0.1848350  7113.453 -3.159070e+05  7.458880e+02
[21,]   21 0.0006852285  0.2527528  7112.641 -4.634462e+03  4.519194e+02
[22,]   22 0.0022014455  0.1955745  7082.723  3.296013e+03  8.231788e+02
[23,]   23 0.0073875321  0.0000010 20148.041  0.000000e+00 -7.264265e+07
[24,]   24 0.0039426680  0.1299109  7066.602  5.642333e+03  1.452560e+02
[25,]   25 0.0033775297  0.1127201  7065.498  5.581900e+03 -3.628740e+02
[26,]   26 0.0000010000  0.1200583  7092.055 -3.139649e+05 -1.463773e+02
[27,]   27 0.0019101739  0.1159091  7056.763  4.530138e+03 -3.319826e+02
[28,]   28 0.0000010000  0.1319721  7094.766 -3.155159e+05  4.273172e+02
[29,]   29 0.0011951807  0.1219248  7052.779  2.633739e+03 -5.359125e+01
[30,]   30 0.0000010000  0.1201460  7092.042 -3.139665e+05 -1.397289e+02
[31,]   31 0.0008293837  0.1213799  7052.229  1.966524e+02 -7.456176e+01
[32,]   32 0.0007976339  0.1235767  7052.216 -2.379640e+02  6.184913e+01
[33,]   33 0.0008179802  0.1225901  7052.183  3.263910e+01  1.794060e+00
[34,]   34 0.0008128076  0.1225484  7052.183 -1.840374e+01 -5.135662e-01
[35,]   35 0.0008146532  0.1225581  7052.183  1.504661e-01 -7.232020e-03
[36,]   36 0.0008129562  0.1225492  7052.183 -1.690635e+01 -4.727678e-01
[37,]   37 0.0008128206  0.1225485  7052.183 -1.827286e+01 -5.100011e-01
[38,]   38 0.0008128087  0.1225484  7052.183 -1.839222e+01 -5.132526e-01
[39,]   39 0.0008128077  0.1225484  7052.183 -1.840273e+01 -5.135388e-01
[40,]   40 0.0008128076  0.1225484  7052.183 -1.840365e+01 -5.135636e-01
[41,]   41 0.0008128076  0.1225484  7052.183 -1.840373e+01 -5.135661e-01
[42,]   42 0.0008128076  0.1225484  7052.183 -1.840373e+01 -5.135663e-01
[43,]   43 0.0008128076  0.1225484  7052.183 -1.840369e+01 -5.135662e-01
[44,]   44 0.0008128076  0.1225484  7052.183 -1.840373e+01 -5.135665e-01
[45,]   45 0.0008128076  0.1225484  7052.183 -1.840373e+01 -5.135663e-01
[46,]   46 0.0008128076  0.1225484  7052.183 -1.840373e+01 -5.135663e-01

