[22;0t]0;IPython: scripts/01_msprime_simulations$par
[1] 6.705906e-05 1.131543e-03

$value
[1] -751.5253

$counts
function gradient 
      94       94 

$convergence
[1] 0

$message
[1] "CONVERGENCE: REL_REDUCTION_OF_F <= FACTR*EPSMCH"

$loginfo
      step         par1         par2         fn         gr1           gr2
 [1,]    1 1.000000e-01  0.010000000   961.7461   1632.1537  7.714475e+03
 [2,]    2 1.000000e-06  0.000001000  1237.1030 102654.6581 -4.169844e+06
 [3,]    3 5.537841e-02  0.005538243   854.9052   1281.2056  1.072395e+04
 [4,]    4 1.882932e-02  0.001883662   776.2269    608.8307  8.128207e+03
 [5,]    5 1.000000e-06  0.000001000  1237.1030 102654.6581 -4.169844e+06
 [6,]    6 1.288278e-02  0.001289062   770.5791    512.3853 -1.742020e+03
 [7,]    7 1.000000e-06 10.000000000 24468.2650   2416.0985  2.314105e+03
 [8,]    8 1.139880e-02  1.153143834  3299.5604   2415.5674  2.430793e+03
 [9,]    9 1.269665e-02  0.145759686   961.0892   2412.6868  1.859750e+03
[10,]   10 1.284977e-02  0.026908788   798.7704   3249.1059  4.119258e+02
[11,]   11 1.287759e-02  0.005314643   792.7961   1814.5865  2.594084e+03
[12,]   12 1.288251e-02  0.001499723   770.6736    565.3230  2.218992e+03
[13,]   13 1.288268e-02  0.001366144   770.5163    530.5269 -8.547562e+01
[14,]   14 1.285795e-02  0.001370424   770.5032    532.0642 -7.379162e+00
[15,]   15 1.275902e-02  0.001387544   770.4539    538.2311  2.971185e+02
[16,]   16 1.064175e-02  0.001587529   769.5597    632.6168  2.813434e+03
[17,]   17 1.264192e-03  0.002247973   758.2255   4430.4192  1.252049e+03
[18,]   18 1.000000e-06  0.002336937   755.7466 -36233.7877  0.000000e+00
[19,]   19 1.129012e-03  0.002257493   757.6221   4674.4062  1.124609e+03
[20,]   20 3.669316e-04  0.002311165   753.4405   6253.5468  5.284651e+02
[21,]   21 1.000000e-06  0.002330179   755.7416 -36227.7394  7.422712e+02
[22,]   22 2.387330e-04  0.002317826   752.6578   5411.1080  5.417299e+02
[23,]   23 1.000000e-06  0.002314158   755.7297 -36213.8304  7.374479e+02
[24,]   24 1.993516e-04  0.002317219   752.4429   4552.2158  5.635489e+02
[25,]   25 1.000000e-06  0.002294718   755.7153 -36197.7546  7.309370e+02
[26,]   26 1.788962e-04  0.002314898   752.3415   3828.4790  5.782692e+02
[27,]   27 6.819364e-05  0.002283339   752.1426   1322.4982  6.809958e+02
[28,]   28 1.000000e-06  0.002241126   755.6766 -36157.6494  7.108499e+02
[29,]   29 6.772253e-05  0.002283043   752.1446   1281.1353  6.813927e+02
[30,]   30 6.816863e-05  0.002283323   752.1427   1320.3132  6.810169e+02
[31,]   31 6.819230e-05  0.002283338   752.1426   1322.3815  6.809969e+02
[32,]   32 6.819356e-05  0.002283338   752.1426   1322.4920  6.809959e+02
[33,]   33 6.819363e-05  0.002283339   752.1426   1322.4979  6.809958e+02
[34,]   34 6.819364e-05  0.002283339   752.1426   1322.4982  6.809958e+02
[35,]   35 6.819364e-05  0.002283339   752.1426   1322.4982  6.809958e+02
[36,]   36 6.819364e-05  0.002283339   752.1426   1322.4982  6.809958e+02
[37,]   37 6.819364e-05  0.002283339   752.1426   1322.4982  6.809958e+02
[38,]   38 6.819364e-05  0.002283339   752.1426   1322.4982  6.809958e+02
[39,]   39 6.819364e-05  0.002283339   752.1426   1322.4982  6.809958e+02
[40,]   40 6.819364e-05  0.002283339   752.1426   1322.4982  6.809958e+02
[41,]   41 6.819364e-05  0.002283339   752.1426   1322.4982  6.809958e+02
[42,]   42 6.819364e-05  0.002283339   752.1426   1322.4982  6.809958e+02
[43,]   43 6.819364e-05  0.002283339   752.1426   1322.4982  6.809958e+02
[44,]   44 6.819364e-05  0.002283339   752.1426   1322.4982  6.809958e+02
[45,]   45 6.819364e-05  0.002283339   752.1426   1322.4982  6.809958e+02
[46,]   46 6.819364e-05  0.002283339   752.1426   1322.4982  6.809958e+02
[47,]   47 6.819364e-05  0.002283339   752.1426   1322.4982  6.809958e+02
[48,]   48 1.000000e-06  0.000001000  1237.1030 102654.6581 -4.169844e+06
[49,]   49 4.701204e-05  0.001563872   751.8523   -328.1256  5.410274e+02
[50,]   50 1.129034e-04  0.000001000  1248.4234  88219.4483 -4.221013e+06
[51,]   51 6.705935e-05  0.001088371   751.5286   2406.5259 -3.874533e+02
[52,]   52 2.977637e-05  0.001228948   751.9564  -3311.1713  4.798159e+02
[53,]   53 6.501409e-05  0.001096083   751.5340   2241.6529 -3.305138e+02
[54,]   54 6.682621e-05  0.001089250   751.5292   2388.2729 -3.810486e+02
[55,]   55 6.703168e-05  0.001088476   751.5287   2404.3670 -3.866945e+02
[56,]   56 6.705605e-05  0.001088384   751.5286   2406.2686 -3.873628e+02
[57,]   57 6.705896e-05  0.001088373   751.5286   2406.4952 -3.874425e+02
[58,]   58 6.705930e-05  0.001088371   751.5286   2406.5222 -3.874520e+02
[59,]   59 6.705934e-05  0.001088371   751.5286   2406.5254 -3.874531e+02
[60,]   60 6.705935e-05  0.001088371   751.5286   2406.5258 -3.874533e+02
[61,]   61 6.705935e-05  0.001088371   751.5286   2406.5259 -3.874533e+02
[62,]   62 6.705935e-05  0.001088371   751.5286   2406.5259 -3.874533e+02
[63,]   63 6.705935e-05  0.001088371   751.5286   2406.5259 -3.874533e+02
[64,]   64 6.705935e-05  0.001088371   751.5286   2406.5259 -3.874533e+02
[65,]   65 6.705935e-05  0.001088371   751.5286   2406.5259 -3.874533e+02
[66,]   66 6.705935e-05  0.001088371   751.5286   2406.5259 -3.874533e+02
[67,]   67 6.705935e-05  0.001088371   751.5286   2406.5259 -3.874533e+02
[68,]   68 6.705935e-05  0.001088371   751.5286   2406.5259 -3.874533e+02
[69,]   69 6.705935e-05  0.001088371   751.5286   2406.5259 -3.874533e+02
[70,]   70 6.705935e-05  0.001088371   751.5286   2406.5259 -3.874533e+02
[71,]   71 1.000000e-06 10.000000000 24468.2650   2416.0985  2.314105e+03
[72,]   72 6.470060e-05  0.358114351  1380.2208   2415.7061  2.257613e+03
[73,]   73 6.693481e-05  0.019939055   755.6090  -5135.6340  1.762761e+02
[74,]   74 6.703688e-05  0.004489810   753.4904  -1276.8743 -1.527966e+02
[75,]   75 6.705758e-05  0.001356496   751.6201   2117.2937  4.437502e+02
[76,]   76 6.705906e-05  0.001131543   751.5253   2444.6375 -1.747300e+01
[77,]   77 1.000000e-06  0.001140387   755.0266 -35107.2677 -4.432377e+02
[78,]   78 6.642665e-05  0.001131627   751.5274   2391.0387 -1.884264e+01
[79,]   79 6.701061e-05  0.001131549   751.5254   2440.5602 -1.757696e+01
[80,]   80 6.705531e-05  0.001131543   751.5253   2444.3221 -1.748104e+01
[81,]   81 6.705877e-05  0.001131543   751.5253   2444.6130 -1.747362e+01
[82,]   82 6.705904e-05  0.001131543   751.5253   2444.6356 -1.747305e+01
[83,]   83 6.705906e-05  0.001131543   751.5253   2444.6373 -1.747300e+01
[84,]   84 6.705906e-05  0.001131543   751.5253   2444.6375 -1.747300e+01
[85,]   85 6.705906e-05  0.001131543   751.5253   2444.6375 -1.747300e+01
[86,]   86 6.705906e-05  0.001131543   751.5253   2444.6375 -1.747300e+01
[87,]   87 6.705906e-05  0.001131543   751.5253   2444.6375 -1.747300e+01
[88,]   88 6.705906e-05  0.001131543   751.5253   2444.6375 -1.747300e+01
[89,]   89 6.705906e-05  0.001131543   751.5253   2444.6375 -1.747300e+01
[90,]   90 6.705906e-05  0.001131543   751.5253   2444.6375 -1.747300e+01
[91,]   91 6.705906e-05  0.001131543   751.5253   2444.6375 -1.747300e+01
[92,]   92 6.705906e-05  0.001131543   751.5253   2444.6375 -1.747300e+01

