[22;0t]0;IPython: scripts/01_msprime_simulations$par
[1] 0.00696070 0.01067913

$value
[1] -6155.455

$counts
function gradient 
      44       44 

$convergence
[1] 0

$message
[1] "CONVERGENCE: REL_REDUCTION_OF_F <= FACTR*EPSMCH"

$loginfo
      step        par1         par2        fn           gr1           gr2
 [1,]    1 0.100000000  0.010000000  6219.741  3.925745e+02 -1.612656e+04
 [2,]    2 0.000001000 10.000000000 25836.032  2.416098e+03  2.199912e+03
 [3,]    3 0.071544887  2.852694254 10359.264  2.413847e+03  2.064130e+03
 [4,]    4 0.091487403  0.860416986  6828.895  2.409155e+03  1.201550e+03
 [5,]    5 0.097301301  0.279602758  6507.179  2.559504e+03 -4.358110e+02
 [6,]    6 0.099215967  0.088325716  6611.531  2.845665e+03  4.530422e+02
 [7,]    7 0.099837164  0.026267501  6324.106  6.303235e+02  1.161141e+04
 [8,]    8 0.099960989  0.013897232  6200.518  2.904583e+02  3.020767e+03
 [9,]    9 0.099904737  0.013282679  6199.205  2.958401e+02  1.147611e+03
[10,]   10 0.099770753  0.012896896  6198.975  3.012354e+02 -1.916750e+02
[11,]   11 0.099685918  0.012921631  6198.946  3.009907e+02 -1.002718e+02
[12,]   12 0.099346578  0.013020568  6198.852  3.000671e+02  2.591176e+02
[13,]   13 0.097321166  0.013226581  6198.374  3.004892e+02  9.927392e+02
[14,]   14 0.087107281  0.013783283  6196.320  3.123933e+02  2.790632e+03
[15,]   15 0.054366819  0.014910684  6189.473  4.118658e+02  5.232878e+03
[16,]   16 0.000001000  0.016782743  6287.600 -5.455430e+05  4.423304e+02
[17,]   17 0.034761077  0.015585797  6183.895  5.518634e+02  5.627871e+03
[18,]   18 0.011719686  0.016379216  6172.625  6.575926e+02  4.390056e+03
[19,]   19 0.004054883  0.016643149  6174.349 -2.176705e+03  3.065946e+03
[20,]   20 0.011719686  0.016379216  6172.625  6.575926e+02  4.390056e+03
[21,]   21 0.000001000  0.016517577  6287.544 -5.467584e+05 -1.559414e+01
[22,]   22 0.007716826  0.016426477  6170.983  1.285331e+02  3.799317e+03
[23,]   23 0.007987745  0.015616862  6167.939  7.267154e+01  3.771354e+03
[24,]   24 0.009071420  0.012378400  6157.578  1.917131e+02  2.111925e+03
[25,]   25 0.008649619  0.007449973  6177.765  2.810432e+03 -1.649643e+04
[26,]   26 0.008965790  0.011144190  6155.968  3.928349e+02  2.876969e+02
[27,]   27 0.005518519  0.010546735  6155.890 -7.073262e+02  2.989798e+02
[28,]   28 0.007576165  0.010903350  6155.524  1.333199e+02  2.272113e+02
[29,]   29 0.006716679  0.010623337  6155.465 -7.762395e+01 -2.161816e+01
[30,]   30 0.007003282  0.010672820  6155.455  1.818352e+01 -2.867929e+01
[31,]   31 0.006964652  0.010685735  6155.455 -1.121832e+00  1.105008e+01
[32,]   32 0.006960700  0.010679132  6155.455 -2.425467e-01 -6.337302e-01
[33,]   33 0.006961860  0.010679660  6155.455  9.593300e-03 -5.249467e-03
[34,]   34 0.006960809  0.010679182  6155.455 -2.188664e-01 -5.747192e-01
[35,]   35 0.006960711  0.010679137  6155.455 -2.400875e-01 -6.276029e-01
[36,]   36 0.006960701  0.010679133  6155.455 -2.422898e-01 -6.330903e-01
[37,]   37 0.006960700  0.010679132  6155.455 -2.425210e-01 -6.336666e-01
[38,]   38 0.006960700  0.010679132  6155.455 -2.425444e-01 -6.337245e-01
[39,]   39 0.006960700  0.010679132  6155.455 -2.425465e-01 -6.337299e-01
[40,]   40 0.006960700  0.010679132  6155.455 -2.425467e-01 -6.337302e-01
[41,]   41 0.006960700  0.010679132  6155.455 -2.425464e-01 -6.337300e-01
[42,]   42 0.006960700  0.010679132  6155.455 -2.425464e-01 -6.337300e-01
[43,]   43 0.006960700  0.010679132  6155.455 -2.425464e-01 -6.337300e-01

