[22;0t]0;IPython: scripts/01_msprime_simulations$par
[1] 0.000475059 0.009204223

$value
[1] -6193.95

$counts
function gradient 
      35       35 

$convergence
[1] 0

$message
[1] "CONVERGENCE: REL_REDUCTION_OF_F <= FACTR*EPSMCH"

$loginfo
      step         par1         par2        fn           gr1          gr2
 [1,]    1 0.1000000000  0.010000000  6285.694  2.275531e+02 -13051.15263
 [2,]    2 0.0000010000 10.000000000 25841.188  2.416088e+03   2199.48124
 [3,]    3 0.0724508720  2.762185411 10185.663  2.413738e+03   2051.29990
 [4,]    4 0.0919099643  0.818202652  6800.107  2.402343e+03   1096.61158
 [5,]    5 0.0974448431  0.265262732  6550.239  3.092063e+03   -453.24572
 [6,]    6 0.0992773721  0.082191245  6723.906  3.189331e+03     18.82437
 [7,]    7 0.0998752357  0.022464080  6383.733  3.561320e+02  14670.77049
 [8,]    8 0.0999733072  0.012666640  6273.279  1.280944e+02   1982.15050
 [9,]    9 0.0999517766  0.012315127  6272.827  1.361373e+02    549.70640
[10,]   10 0.0999091138  0.012177947  6272.786  1.397040e+02    -44.65500
[11,]   11 0.0998748082  0.012178019  6272.781  1.397332e+02    -43.42221
[12,]   12 0.0997375858  0.012178311  6272.762  1.398500e+02    -38.48799
[13,]   13 0.0991886959  0.012179476  6272.685  1.403232e+02    -18.70166
[14,]   14 0.0969931365  0.012184136  6272.375  1.423104e+02     61.23289
[15,]   15 0.0882108989  0.012202776  6271.089  1.520534e+02    393.39936
[16,]   16 0.0530819486  0.012277335  6264.463  2.552040e+02   1872.11266
[17,]   17 0.0000010000  0.012389998  6241.292 -3.697539e+05   -209.87780
[18,]   18 0.0530459071  0.012277412  6264.453  2.554172e+02   1873.66982
[19,]   19 0.0176469663  0.012352545  6246.660  1.099488e+03   2732.52526
[20,]   20 0.0058820102  0.012377516  6223.949  3.491681e+03   1575.50612
[21,]   21 0.0048270506  0.011756923  6219.203  3.987491e+03   1060.05289
[22,]   22 0.0006072123  0.009274555  6194.244  3.730683e+03     51.29106
[23,]   23 0.0000010000  0.008974283  6239.965 -3.829630e+05  -1193.97816
[24,]   24 0.0004641355  0.009203685  6193.952 -8.204198e+02     31.03439
[25,]   25 0.0004894155  0.009210175  6193.955  2.592913e+02     31.66155
[26,]   26 0.0004717646  0.009205644  6193.950 -4.785845e+02     31.25240
[27,]   27 0.0004822685  0.009202863  6193.952 -3.028598e+01     28.41012
[28,]   28 0.0004740957  0.009205027  6193.950 -3.768503e+02     30.62171
[29,]   29 0.0004828710  0.009197706  6193.952 -4.797215e+00     25.42389
[30,]   30 0.0004757096  0.009203680  6193.950 -3.070743e+02     29.66270
[31,]   31 0.0004744499  0.009204731  6193.950 -3.614820e+02     30.41109
[32,]   32 0.0004752813  0.009204037  6193.950 -3.255307e+02     29.91706
[33,]   33 0.0004746273  0.009204583  6193.950 -3.537977e+02     30.30566
[34,]   34 0.0004750590  0.009204223  6193.950 -3.351301e+02     30.04916

