[22;0t]0;IPython: scripts/01_msprime_simulations$par
[1] 0.0000010 0.6219693

$value
[1] -19072.73

$counts
function gradient 
      13       13 

$convergence
[1] 0

$message
[1] "CONVERGENCE: REL_REDUCTION_OF_F <= FACTR*EPSMCH"

$loginfo
      step       par1       par2       fn         gr1           gr2
 [1,]    1 0.10000000  0.0100000 21170.93    6391.555 -2.966839e+05
 [2,]    2 0.00000100 10.0000000 30445.96    2416.097  1.815033e+03
 [3,]    3 0.06677449  3.3292620 20074.67    2411.203  1.008808e+03
 [4,]    4 0.03985489  3.3179230 19998.32    2413.089  1.004107e+03
 [5,]    5 0.00000100  3.3011359 19885.29    2416.022  9.971576e+02
 [6,]    6 0.00000100  3.2887464 19872.97    2416.021  9.920195e+02
 [7,]    7 0.00000100  0.8967201 19420.47 -207638.082  1.966584e+03
 [8,]    8 0.00000100  0.0000010 58876.33  124659.495 -2.181814e+08
 [9,]    9 0.00000100  0.5882837 19079.92    7071.913 -4.351134e+02
[10,]   10 0.00000100  1.4116180 19275.28   -5524.049 -8.825082e+02
[11,]   11 0.00000100  0.6697559 19086.00    7144.491  5.420587e+02
[12,]   12 0.00000100  0.6219942 19072.73    7136.838  3.215744e-01
[13,]   13 0.00000100  0.6219693 19072.73    7136.822  1.751821e-02

