[22;0t]0;IPython: scripts/01_msprime_simulations$par
[1] 10.000000000  0.004894502

$value
[1] -3076.864

$counts
function gradient 
      31       31 

$convergence
[1] 0

$message
[1] "CONVERGENCE: REL_REDUCTION_OF_F <= FACTR*EPSMCH"

$loginfo
      step        par1         par2       fn           gr1           gr2
 [1,]    1  0.10000000 0.0100000000 3189.312  3.124328e+01  2.722854e+04
 [2,]    2  0.00000100 0.0000010000 6054.071  1.228916e+05 -2.207698e+07
 [3,]    3  0.06495709 0.0064960243 3107.096 -1.598883e+02  1.832015e+04
 [4,]    4  0.02888260 0.0006930223 3511.840  1.956266e+03 -5.569813e+05
 [5,]    5  0.05334309 0.0046277779 3088.676 -1.494707e+02  5.159507e+02
 [6,]    6  0.05569243 0.0046725147 3088.365 -1.453276e+02  1.033440e+03
 [7,]    7  0.09507984 0.0049276050 3084.597 -8.076284e+01  2.981357e+03
 [8,]    8  0.13300224 0.0049132679 3082.214 -4.697135e+01  1.834654e+03
 [9,]    9  0.18530453 0.0048782129 3080.381 -2.454600e+01  5.710052e+02
[10,]   10  0.24394127 0.0048870138 3079.311 -1.351326e+01  3.482200e+02
[11,]   11  0.31201584 0.0047152797 3078.859 -7.200428e+00 -3.048823e+03
[12,]   12  0.39475070 0.0048788667 3078.138 -4.358927e+00 -1.120558e+02
[13,]   13  0.48401594 0.0049215390 3077.843 -2.702449e+00  6.161404e+02
[14,]   14  0.61501163 0.0049187255 3077.574 -1.535429e+00  5.305607e+02
[15,]   15  0.78704534 0.0048969861 3077.368 -8.717017e-01  9.521065e+01
[16,]   16  1.00987502 0.0048874908 3077.220 -5.051910e-01 -1.072227e+02
[17,]   17  1.37393429 0.0049955668 3077.189 -2.633943e-01  1.958674e+03
[18,]   18  1.54601222 0.0049193759 3077.054 -2.035948e-01  4.984068e+02
[19,]   19  1.88267987 0.0048831664 3076.993 -1.280562e-01 -2.196873e+02
[20,]   20  2.30281229 0.0048784018 3076.953 -7.525310e-02 -3.192575e+02
[21,]   21  2.91343009 0.0048999685 3076.918 -3.704222e-02  1.093722e+02
[22,]   22  3.44103515 0.0049002009 3076.903 -2.150506e-02  1.136410e+02
[23,]   23  4.35142346 0.0042383977 3081.636 -8.688357e-04 -1.524103e+04
[24,]   24  3.45051053 0.0048933128 3076.903 -2.130640e-02 -2.418508e+01
[25,]   25  4.17446225 0.0048941002 3076.891 -1.164128e-02 -8.639690e+00
[26,]   26  5.04642330 0.0048945449 3076.884 -7.062119e-03  3.436589e-01
[27,]   27  6.39120078 0.0048945220 3076.876 -4.557678e-03  7.947976e-02
[28,]   28  8.83847688 0.0048945034 3076.867 -2.801016e-03 -3.776682e-02
[29,]   29 10.00000000 0.0048945061 3076.864 -2.272186e-03  9.363304e-02
[30,]   30 10.00000000 0.0032322542 3113.306  7.752960e-03 -5.094549e+04
[31,]   31 10.00000000 0.0048945017 3076.864 -2.245442e-03  4.846920e-03

