[22;0t]0;IPython: scripts/01_msprime_simulations$par
[1] 0.000001000 0.007472935

$value
[1] -187.7931

$counts
function gradient 
      19       19 

$convergence
[1] 0

$message
[1] "CONVERGENCE: REL_REDUCTION_OF_F <= FACTR*EPSMCH"

$loginfo
      step  par1         par2         fn       gr1           gr2
 [1,]    1 1e-01  0.010000000   419.5891  2193.760  2.404963e+03
 [2,]    2 1e-06  0.000001000   242.6670 66679.168 -5.661402e+05
 [3,]    3 1e-06 10.000000000 24365.1346  2416.099  2.322716e+03
 [4,]    4 1e-06  3.311926367  8353.6897  2416.074  2.464311e+03
 [5,]    5 1e-06  1.096881165  2849.7274  2415.989  2.501219e+03
 [6,]    6 1e-06  0.363381767  1017.4746  2415.717  2.482329e+03
 [7,]    7 1e-06  0.120485217   422.1532  2414.893  2.382244e+03
 [8,]    8 1e-06  0.040036077   238.6794  2412.397  2.067131e+03
 [9,]    9 1e-06  0.013355072   191.7162  2401.247  1.119583e+03
[10,]   10 1e-06  0.013328715   191.6867  2401.194  1.116770e+03
[11,]   11 1e-06  0.013223289   191.5696  2400.978  1.105407e+03
[12,]   12 1e-06  0.012801585   191.1133  2400.042  1.058081e+03
[13,]   13 1e-06  0.011114768   189.5095  2394.328  8.328589e+02
[14,]   14 1e-06  0.004607272   189.6217 -8509.936 -1.262886e+03
[15,]   15 1e-06  0.007769958   187.8078  2287.949  9.711502e+01
[16,]   16 1e-06  0.007328457   187.7967  2203.635 -5.006903e+01
[17,]   17 1e-06  0.007478647   187.7931  2238.722  1.939936e+00
[18,]   18 1e-06  0.007473045   187.7931  2237.551  3.730635e-02
[19,]   19 1e-06  0.007472935   187.7931  2237.528 -2.782642e-05

