[22;0t]0;IPython: scripts/01_msprime_simulations$par
[1] 0.005299681 0.119949530

$value
[1] -27677.44

$counts
function gradient 
      39       39 

$convergence
[1] 0

$message
[1] "CONVERGENCE: REL_REDUCTION_OF_F <= FACTR*EPSMCH"

$loginfo
      step        par1      par2       fn           gr1           gr2
 [1,]    1 0.100000000 0.0100000 37318.92  2.074818e+04 -7.111504e+05
 [2,]    2 0.000010000 1.0000000 28442.36 -1.705813e+06  1.636682e+02
 [3,]    3 0.232522943 1.0000000 28971.51  4.721086e+03 -2.518103e+02
 [4,]    4 0.077414959 1.0000000 28193.66  5.061806e+03 -8.741149e+01
 [5,]    5 0.077185948 1.0000000 28192.51  5.060158e+03 -8.702405e+01
 [6,]    6 0.076269905 1.0000000 28187.87  5.053375e+03 -8.546115e+01
 [7,]    7 0.072605731 1.0000000 28169.41  5.022921e+03 -7.899462e+01
 [8,]    8 0.057949035 1.0000000 28097.05  4.828641e+03 -4.942466e+01
 [9,]    9 0.000010000 1.0000000 28442.36 -1.705813e+06  0.000000e+00
[10,]   10 0.032234887 1.0000000 27983.22  3.766225e+03  1.793690e+01
[11,]   11 0.000010000 0.9878271 28440.34 -1.706127e+06  1.677500e+02
[12,]   12 0.019897569 0.9953396 27945.41  2.037897e+03  5.631787e+01
[13,]   13 0.005001896 0.9864817 27973.84 -1.203807e+04  9.738748e+01
[14,]   14 0.014447921 0.9920989 27938.39  2.667542e+02  7.540198e+01
[15,]   15 0.013468280 0.9901594 27938.20 -2.033149e+02  7.760206e+01
[16,]   16 0.013568054 0.9893577 27938.12 -1.485312e+02  7.658990e+01
[17,]   17 0.013967148 0.9861510 27937.87  6.292411e+01  7.261700e+01
[18,]   18 0.014579837 0.9667811 27936.77  4.085801e+02  5.623248e+01
[19,]   19 0.014786050 0.9199313 27934.78  6.456264e+02  4.849994e+01
[20,]   20 0.014033424 0.6202265 27852.46  2.543367e+03  3.198355e+02
[21,]   21 0.012475920 0.0000100 94566.07  0.000000e+00 -2.203963e+08
[22,]   22 0.013513332 0.4131199 27802.08  3.808084e+03  7.060937e+01
[23,]   23 0.013433648 0.3813886 27798.69  4.120080e+03  1.578900e+02
[24,]   24 0.012795670 0.1273385 27715.55  7.403241e+03 -1.375687e+02
[25,]   25 0.013059951 0.2325780 27743.81  5.774980e+03  5.251956e+02
[26,]   26 0.012828257 0.1403149 27715.74  6.949534e+03  8.204765e+01
[27,]   27 0.012795670 0.1273385 27715.55  7.403241e+03 -1.375687e+02
[28,]   28 0.011328989 0.5808778 27833.14  1.379543e+03  3.604190e+02
[29,]   29 0.012623480 0.1805848 27719.14  6.059639e+03  2.772679e+02
[30,]   30 0.012739781 0.1446212 27715.49  6.738883e+03  7.471917e+01
[31,]   31 0.000010000 0.1006463 28137.08 -1.941232e+06  3.621928e+02
[32,]   32 0.008020472 0.1283184 27685.16  4.650158e+03  7.006122e+01
[33,]   33 0.000010000 0.1278470 28145.16 -1.966002e+06  5.536656e+02
[34,]   34 0.005284733 0.1281574 27678.27 -4.929403e+02  1.985298e+02
[35,]   35 0.005041299 0.1081634 27679.36 -2.093588e+01 -3.431887e+02
[36,]   36 0.005186767 0.1201112 27677.46 -3.604985e+02  1.056031e+01
[37,]   37 0.005381174 0.1199840 27677.45  2.407054e+02 -3.853788e+00
[38,]   38 0.005301737 0.1199512 27677.44  6.028581e+00 -7.809926e-02
[39,]   39 0.005299681 0.1199495 27677.44 -1.086251e-01 -7.216840e-04

