[22;0t]0;IPython: scripts/01_msprime_simulations$par
[1] 0.0002637871 0.0007974544

$value
[1] -512.6955

$counts
function gradient 
      37       37 

$convergence
[1] 0

$message
[1] "CONVERGENCE: REL_REDUCTION_OF_F <= FACTR*EPSMCH"

$loginfo
      step         par1         par2       fn           gr1           gr2
 [1,]    1 0.1000000000 0.0100000000 737.2872  1.852587e+03  5.496864e+03
 [2,]    2 0.0000010000 0.0000010000 814.4328  6.769510e+04 -2.645007e+06
 [3,]    3 0.0479791651 0.0047983847 610.0759  1.497457e+03  1.020246e+04
 [4,]    4 0.0168268749 0.0016834361 535.9868  9.111081e+02  9.932710e+03
 [5,]    5 0.0000010000 0.0000010000 814.4328  6.769510e+04 -2.645007e+06
 [6,]    6 0.0113686128 0.0011376590 527.3117  8.283315e+02  3.213344e+03
 [7,]    7 0.0000010000 0.0000010000 814.4328  6.769510e+04 -2.645007e+06
 [8,]    8 0.0081179425 0.0008126212 525.0342  9.355936e+02 -8.870125e+03
 [9,]    9 0.0054192807 0.0007755752 522.5926  1.155827e+03 -1.042303e+04
[10,]   10 0.0000010000 0.0007011955 523.6190 -1.025458e+05  0.000000e+00
[11,]   11 0.0024799156 0.0007352249 518.8406  1.842339e+03 -1.044126e+04
[12,]   12 0.0008668546 0.0007130815 514.9551  3.637949e+03 -7.075375e+03
[13,]   13 0.0003662366 0.0007062093 513.0392  3.240464e+03 -3.476340e+03
[14,]   14 0.0000010000 0.0007619060 523.7776 -1.033520e+05  2.582219e+03
[15,]   15 0.0003099988 0.0007147852 512.8447  2.232913e+03 -2.517084e+03
[16,]   16 0.0002660806 0.0008220668 512.7075 -2.403995e+02  4.755130e+02
[17,]   17 0.0002351849 0.0007759575 512.6869 -1.198623e+03 -3.246887e+01
[18,]   18 0.0002576334 0.0008094601 512.6978 -4.615643e+02  3.477965e+02
[19,]   19 0.0002774453 0.0007713494 512.7095  6.900265e+02 -6.181515e+02
[20,]   20 0.0002633246 0.0007985124 512.6955 -1.144690e+02  9.112870e+01
[21,]   21 0.0002650898 0.0007944745 512.6956 -2.958562e+00 -4.094758e+00
[22,]   22 0.0002637871 0.0007974544 512.6955 -8.513637e+01  6.639012e+01
[23,]   23 0.0002652208 0.0007947234 512.6957 -4.474162e-01 -7.075605e-01
[24,]   24 0.0002639739 0.0007970986 512.6955 -7.405393e+01  5.770657e+01
[25,]   25 0.0002638144 0.0007974024 512.6955 -8.351602e+01  6.512231e+01
[26,]   26 0.0002637912 0.0007974467 512.6955 -8.489573e+01  6.620187e+01
[27,]   27 0.0002637877 0.0007974533 512.6955 -8.510055e+01  6.636209e+01
[28,]   28 0.0002637872 0.0007974542 512.6955 -8.513104e+01  6.638594e+01
[29,]   29 0.0002637871 0.0007974544 512.6955 -8.513558e+01  6.638949e+01
[30,]   30 0.0002637871 0.0007974544 512.6955 -8.513626e+01  6.639002e+01
[31,]   31 0.0002637871 0.0007974544 512.6955 -8.513636e+01  6.639010e+01
[32,]   32 0.0002637871 0.0007974544 512.6955 -8.513637e+01  6.639011e+01
[33,]   33 0.0002637871 0.0007974544 512.6955 -8.513636e+01  6.639011e+01
[34,]   34 0.0002637871 0.0007974544 512.6955 -8.513636e+01  6.639010e+01
[35,]   35 0.0002637871 0.0007974544 512.6955 -8.513636e+01  6.639011e+01
[36,]   36 0.0002637871 0.0007974544 512.6955 -8.513636e+01  6.639011e+01

