[22;0t]0;IPython: scripts/01_msprime_simulations$par
[1] 0.0000010 0.6207544

$value
[1] -19045.71

$counts
function gradient 
      25       25 

$convergence
[1] 0

$message
[1] "CONVERGENCE: REL_REDUCTION_OF_F <= FACTR*EPSMCH"

$loginfo
      step       par1       par2       fn         gr1           gr2
 [1,]    1 0.10000000  0.0100000 21153.69    6309.927 -2.956946e+05
 [2,]    2 0.00000100 10.0000000 30434.36    2416.080  1.816002e+03
 [3,]    3 0.06677492  3.3292190 20052.61    2410.911  1.011604e+03
 [4,]    4 0.03977171  3.3178174 19975.98    2412.597  1.006878e+03
 [5,]    5 0.00000100  3.3010250 19863.13    2415.166  9.999120e+02
 [6,]    6 0.00000100  3.2497813 19812.44    2415.109  9.784339e+02
 [7,]    7 0.00000100  0.9153731 19396.87 -452469.287  1.646957e+03
 [8,]    8 0.00000100  0.0000010 58764.46  124648.342 -2.177660e+08
 [9,]    9 0.00000100  0.6018697 19047.94    6885.932 -2.384532e+02
[10,]   10 0.00000100  1.1207370 19602.86 -442670.420 -9.068926e+02
[11,]   11 0.00000100  0.6157384 19045.86    6759.997 -6.191809e+01
[12,]   12 0.00000100  0.6206027 19045.71    6697.767 -1.872362e+00
[13,]   13 0.00000100  0.6207544 19045.71    6695.640 -1.501758e-02
[14,]   14 0.00000100  0.6207556 19045.71    6695.622 -3.391870e-04
[15,]   15 0.00000100  0.6207545 19045.71    6695.638 -1.390899e-02
[16,]   16 0.00000100  0.6207544 19045.71    6695.640 -1.535058e-02
[17,]   17 0.00000100  0.6207544 19045.71    6695.640 -1.501852e-02
[18,]   18 0.00000100  0.6207544 19045.71    6695.640 -1.501856e-02
[19,]   19 0.00000100  0.6207544 19045.71    6695.640 -1.508950e-02
[20,]   20 0.00000100  0.6207544 19045.71    6695.640 -1.501854e-02
[21,]   21 0.00000100  0.6207544 19045.71    6695.640 -1.503340e-02
[22,]   22 0.00000100  0.6207544 19045.71    6695.640 -1.501858e-02
[23,]   23 0.00000100  0.6207544 19045.71    6695.640 -1.501861e-02
[24,]   24 0.00000100  0.6207544 19045.71    6695.640 -1.501858e-02

