[22;0t]0;IPython: scripts/01_msprime_simulations$par
[1] 3.461783e-05 2.858346e-03

$value
[1] -891.209

$counts
function gradient 
     108      108 

$convergence
[1] 0

$message
[1] "CONVERGENCE: REL_REDUCTION_OF_F <= FACTR*EPSMCH"

$loginfo
       step         par1         par2         fn        gr1           gr2
  [1,]    1 1.000000e-01  0.010000000  1091.1407   1795.378  6.347575e+03
  [2,]    2 1.000000e-06  0.000001000  1815.3069  50286.073 -6.480360e+06
  [3,]    3 6.083479e-02  0.006083831  1005.2338   1778.069  7.235552e+02
  [4,]    4 1.000000e-06  0.001518299   896.0910 -23459.749 -1.733627e+04
  [5,]    5 5.664311e-02  0.005769249   997.6783   1782.947 -1.532595e+02
  [6,]    6 2.832206e-02  0.003643774   955.1199   1938.845 -1.017390e+04
  [7,]    7 1.000000e-06  0.003122983   894.5506 -30730.379  2.037381e+03
  [8,]    8 2.679294e-02  0.003615655   952.4311   1953.750 -1.026471e+04
  [9,]    9 1.339697e-02  0.003369319   927.5824   2170.021 -9.870685e+03
 [10,]   10 3.964683e-03  0.003195870   906.4237   2843.278 -5.493291e+03
 [11,]   11 1.152080e-03  0.003144150   897.1709   4271.825 -1.417305e+03
 [12,]   12 1.000000e-06  0.003122983   894.5506 -30730.379  2.037381e+03
 [13,]   13 2.736806e-02  0.005154289   945.4735   1817.800 -1.470184e+03
 [14,]   14 8.350025e-03  0.003742685   913.9820   2124.846 -4.939629e+03
 [15,]   15 2.481421e-03  0.003307091   901.5873   3093.972 -2.922597e+03
 [16,]   16 7.289213e-04  0.003177012   895.2205   4882.585 -6.481684e+02
 [17,]   17 2.481196e-04  0.003141325   892.4412   6823.552  1.754662e+02
 [18,]   18 1.989852e-04  0.003057682   892.0633   6999.855  2.997709e+02
 [19,]   19 2.447747e-06  0.002723108   893.3654 -18998.810 -2.114521e+03
 [20,]   20 1.446863e-04  0.002965247   891.6186   5995.008  2.793827e+02
 [21,]   21 1.156323e-04  0.002915787   891.3926   2527.612  1.045501e+02
 [22,]   22 3.461813e-05  0.002768795   891.2669   3601.416 -1.386921e+03
 [23,]   23 1.000000e-06  0.002793100   894.1307 -27860.282 -8.583364e+02
 [24,]   24 3.428931e-05  0.002769033   891.2699   3541.739 -1.382254e+03
 [25,]   25 3.459854e-05  0.002768809   891.2671   3597.884 -1.386643e+03
 [26,]   26 3.461695e-05  0.002768796   891.2669   3601.203 -1.386904e+03
 [27,]   27 3.461806e-05  0.002768795   891.2669   3601.403 -1.386920e+03
 [28,]   28 3.461812e-05  0.002768795   891.2669   3601.415 -1.386921e+03
 [29,]   29 3.461813e-05  0.002768795   891.2669   3601.415 -1.386921e+03
 [30,]   30 3.461813e-05  0.002768795   891.2669   3601.416 -1.386921e+03
 [31,]   31 3.461813e-05  0.002768795   891.2669   3601.416 -1.386921e+03
 [32,]   32 3.461813e-05  0.002768795   891.2669   3601.416 -1.386921e+03
 [33,]   33 3.461813e-05  0.002768795   891.2669   3601.416 -1.386921e+03
 [34,]   34 3.461813e-05  0.002768795   891.2669   3601.416 -1.386921e+03
 [35,]   35 3.461813e-05  0.002768795   891.2669   3601.416 -1.386921e+03
 [36,]   36 3.461813e-05  0.002768795   891.2669   3601.416 -1.386921e+03
 [37,]   37 3.461813e-05  0.002768795   891.2669   3601.416 -1.386921e+03
 [38,]   38 3.461813e-05  0.002768795   891.2669   3601.416 -1.386921e+03
 [39,]   39 3.461813e-05  0.002768795   891.2669   3601.416 -1.386921e+03
 [40,]   40 3.461813e-05  0.002768795   891.2669   3601.416 -1.386921e+03
 [41,]   41 3.461813e-05  0.002768795   891.2669   3601.416 -1.386921e+03
 [42,]   42 3.461813e-05  0.002768795   891.2669   3601.416 -1.386921e+03
 [43,]   43 1.000000e-06 10.000000000 24528.8541   2416.088  2.309047e+03
 [44,]   44 3.128375e-05  0.994334069  3059.2811   2415.511  2.372899e+03
 [45,]   45 3.425744e-05  0.110028261  1102.2896 -10399.424  2.168098e+03
 [46,]   46 3.457614e-05  0.015254471   911.9013  -5915.645  1.902882e+03
 [47,]   47 3.461261e-05  0.004408859   892.7720  -1348.641  1.237524e+03
 [48,]   48 3.461710e-05  0.003073150   891.4593   1560.069  1.701760e+03
 [49,]   49 3.461785e-05  0.002850385   891.2092   3377.871 -1.468791e+02
 [50,]   50 1.000000e-06  0.002853989   894.1120 -28129.162  1.238757e+02
 [51,]   51 3.437624e-05  0.002850411   891.2117   3333.514 -1.450834e+02
 [52,]   52 3.460749e-05  0.002850386   891.2093   3375.978 -1.468021e+02
 [53,]   53 3.461741e-05  0.002850385   891.2092   3377.789 -1.468758e+02
 [54,]   54 3.461783e-05  0.002850385   891.2092   3377.868 -1.468790e+02
 [55,]   55 3.461785e-05  0.002850385   891.2092   3377.871 -1.468791e+02
 [56,]   56 3.461785e-05  0.002850385   891.2092   3377.871 -1.468791e+02
 [57,]   57 3.461785e-05  0.002850385   891.2092   3377.871 -1.468791e+02
 [58,]   58 3.461785e-05  0.002850385   891.2092   3377.871 -1.468791e+02
 [59,]   59 3.461785e-05  0.002850385   891.2092   3377.871 -1.468791e+02
 [60,]   60 3.461785e-05  0.002850385   891.2092   3377.871 -1.468791e+02
 [61,]   61 3.461785e-05  0.002850385   891.2092   3377.871 -1.468791e+02
 [62,]   62 3.461785e-05  0.002850385   891.2092   3377.871 -1.468791e+02
 [63,]   63 3.461785e-05  0.002850385   891.2092   3377.871 -1.468791e+02
 [64,]   64 3.461785e-05  0.002850385   891.2092   3377.871 -1.468791e+02
 [65,]   65 3.461785e-05  0.002850385   891.2092   3377.871 -1.468791e+02
 [66,]   66 3.461785e-05  0.002850385   891.2092   3377.871 -1.468791e+02
 [67,]   67 1.000000e-06 10.000000000 24528.8541   2416.088  2.309047e+03
 [68,]   68 3.412618e-05  0.149063015  1193.0332 -10533.858  2.368661e+03
 [69,]   69 3.460897e-05  0.005491288   894.2785  -2424.647  1.500573e+03
 [70,]   70 3.461756e-05  0.002937289   891.2512   2835.572  9.149472e+02
 [71,]   71 3.461783e-05  0.002858346   891.2090   3340.333 -3.662689e+01
 [72,]   72 1.000000e-06  0.002849545   894.1114 -28104.399  5.631246e+01
 [73,]   73 3.438061e-05  0.002858284   891.2114   3297.152 -3.599786e+01
 [74,]   74 3.460784e-05  0.002858344   891.2091   3338.524 -3.660042e+01
 [75,]   75 3.461740e-05  0.002858346   891.2090   3340.256 -3.662577e+01
 [76,]   76 3.461781e-05  0.002858346   891.2090   3340.330 -3.662685e+01
 [77,]   77 3.461783e-05  0.002858346   891.2090   3340.333 -3.662689e+01
 [78,]   78 3.461783e-05  0.002858346   891.2090   3340.333 -3.662689e+01
 [79,]   79 3.461783e-05  0.002858346   891.2090   3340.333 -3.662689e+01
 [80,]   80 3.461783e-05  0.002858346   891.2090   3340.333 -3.662689e+01
 [81,]   81 3.461783e-05  0.002858346   891.2090   3340.333 -3.662689e+01
 [82,]   82 3.461783e-05  0.002858346   891.2090   3340.333 -3.662689e+01
 [83,]   83 3.461783e-05  0.002858346   891.2090   3340.333 -3.662689e+01
 [84,]   84 3.461783e-05  0.002858346   891.2090   3340.333 -3.662689e+01
 [85,]   85 3.461783e-05  0.002858346   891.2090   3340.333 -3.662689e+01
 [86,]   86 3.461783e-05  0.002858346   891.2090   3340.333 -3.662689e+01
 [87,]   87 3.461783e-05  0.002858346   891.2090   3340.333 -3.662689e+01
 [88,]   88 3.461783e-05  0.002858346   891.2090   3340.333 -3.662689e+01
 [89,]   89 3.461783e-05  0.002858346   891.2090   3340.333 -3.662689e+01
 [90,]   90 3.461783e-05  0.002858346   891.2090   3340.333 -3.662689e+01
 [91,]   91 3.461783e-05  0.002858346   891.2090   3340.333 -3.662689e+01
 [92,]   92 1.000000e-06 10.000000000 24528.8541   2416.088  2.309047e+03
 [93,]   93 3.449068e-05  0.040668531   962.0997  -8670.220  2.109593e+03
 [94,]   94 3.461718e-05  0.003052067   891.4209   1774.716  1.665963e+03
 [95,]   95 3.461782e-05  0.002860458   891.2090   3329.940 -7.767158e+00
 [96,]   96 3.461783e-05  0.002858571   891.2090   3339.237 -3.355338e+01
 [97,]   97 3.461783e-05  0.002858372   891.2090   3340.205 -3.626777e+01
 [98,]   98 3.461783e-05  0.002858349   891.2090   3340.318 -3.658449e+01
 [99,]   99 3.461783e-05  0.002858347   891.2090   3340.331 -3.662188e+01
[100,]  100 3.461783e-05  0.002858346   891.2090   3340.333 -3.662630e+01
[101,]  101 3.461783e-05  0.002858346   891.2090   3340.333 -3.662682e+01
[102,]  102 3.461783e-05  0.002858346   891.2090   3340.333 -3.662688e+01
[103,]  103 3.461783e-05  0.002858346   891.2090   3340.333 -3.662689e+01
[104,]  104 3.461783e-05  0.002858346   891.2090   3340.333 -3.662689e+01
[105,]  105 3.461783e-05  0.002858346   891.2090   3340.333 -3.662689e+01

