[22;0t]0;IPython: scripts/01_msprime_simulations$par
[1] 0.0004888886 0.0011874443

$value
[1] -920.2418

$counts
function gradient 
      58       58 

$convergence
[1] 0

$message
[1] "CONVERGENCE: REL_REDUCTION_OF_F <= FACTR*EPSMCH"

$loginfo
      step         par1        par2        fn           gr1           gr2
 [1,]    1 0.1000000000 0.010000000 1117.0166  1.455866e+03  8.182708e+03
 [2,]    2 0.0000010000 0.000001000 1517.0164  1.160076e+05 -5.231129e+06
 [3,]    3 0.0579879135 0.005799169 1022.7332  9.842758e+02  1.256730e+04
 [4,]    4 0.0197165506 0.001972378  937.6841  2.147079e+02  1.527994e+04
 [5,]    5 0.0018722110 0.000001000 1602.2395  1.675702e+04 -5.411421e+06
 [6,]    6 0.0139947601 0.001340255  929.7976  2.078644e+02  3.107363e+03
 [7,]    7 0.0107321814 0.001083016  929.5501  3.520945e+02 -9.617147e+03
 [8,]    8 0.0112432775 0.001192952  929.0627  3.018475e+02 -3.121967e+03
 [9,]    9 0.0098126436 0.001210975  928.5493  3.608323e+02 -1.948904e+03
[10,]   10 0.0040901079 0.001283065  925.1895  9.633624e+02  1.574186e+03
[11,]   11 0.0000010000 0.001334578  934.9711 -1.261416e+05  0.000000e+00
[12,]   12 0.0024674770 0.001303506  923.3386  1.402562e+03  2.044938e+03
[13,]   13 0.0008946379 0.001323320  920.8070  1.619144e+03  1.771886e+03
[14,]   14 0.0000010000 0.001256185  934.7173 -1.250398e+05  3.033433e+03
[15,]   15 0.0006251333 0.001303074  920.4062  9.181034e+02  1.354683e+03
[16,]   16 0.0003098377 0.001174057  920.4270 -2.956719e+03  3.828152e+01
[17,]   17 0.0004617513 0.001236219  920.2627 -2.936944e+02  6.072098e+02
[18,]   18 0.0005144394 0.001160688  920.2495  2.340146e+02 -4.078035e+02
[19,]   19 0.0004905707 0.001190772  920.2423  9.163509e+00  4.475782e+01
[20,]   20 0.0004888886 0.001187444  920.2418 -4.248964e+00  8.411045e-01
[21,]   21 0.0004893915 0.001187390  920.2419  3.988083e-01 -2.305501e-01
[22,]   22 0.0004888938 0.001187444  920.2418 -4.200690e+00  8.299898e-01
[23,]   23 0.0004888886 0.001187444  920.2418 -4.248458e+00  8.409881e-01
[24,]   24 0.0004888886 0.001187444  920.2418 -4.248958e+00  8.411033e-01
[25,]   25 0.0004888886 0.001187444  920.2418 -4.248964e+00  8.411045e-01
[26,]   26 0.0004888886 0.001187444  920.2418 -4.248964e+00  8.411045e-01
[27,]   27 0.0004888886 0.001187444  920.2418 -4.248964e+00  8.411045e-01
[28,]   28 0.0004888886 0.001187444  920.2418 -4.248964e+00  8.411045e-01
[29,]   29 0.0004888886 0.001187444  920.2418 -4.248964e+00  8.411045e-01
[30,]   30 0.0004888886 0.001187444  920.2418 -4.248964e+00  8.411045e-01
[31,]   31 0.0004888886 0.001187444  920.2418 -4.248964e+00  8.411045e-01
[32,]   32 0.0004888886 0.001187444  920.2418 -4.248964e+00  8.411045e-01
[33,]   33 0.0004888886 0.001187444  920.2418 -4.248964e+00  8.411045e-01
[34,]   34 0.0004888886 0.001187444  920.2418 -4.248964e+00  8.411045e-01
[35,]   35 4.2494525461 0.000001000 1683.6467  7.327234e-02 -5.530259e+06
[36,]   36 1.2252444441 0.000845454  945.4801  4.656661e-01 -4.482439e+04
[37,]   37 0.0473987112 0.001174346  933.0249  4.993707e+01 -5.886934e+03
[38,]   38 0.0006179254 0.001187408  920.3099  8.547019e+02 -6.518063e+01
[39,]   39 0.0004892606 0.001187444  920.2418 -8.345579e-01  5.962006e-01
[40,]   40 0.0004888919 0.001187444  920.2418 -4.218329e+00  8.389077e-01
[41,]   41 0.0004888886 0.001187444  920.2418 -4.248687e+00  8.410847e-01
[42,]   42 0.0004888886 0.001187444  920.2418 -4.248961e+00  8.411043e-01
[43,]   43 0.0004888886 0.001187444  920.2418 -4.248964e+00  8.411045e-01
[44,]   44 0.0004888886 0.001187444  920.2418 -4.248964e+00  8.411045e-01
[45,]   45 0.0004888886 0.001187444  920.2418 -4.248964e+00  8.411045e-01
[46,]   46 0.0004888886 0.001187444  920.2418 -4.248964e+00  8.411045e-01
[47,]   47 0.0004888886 0.001187444  920.2418 -4.248964e+00  8.411045e-01
[48,]   48 0.0004888886 0.001187444  920.2418 -4.248964e+00  8.411045e-01
[49,]   49 0.0004888886 0.001187444  920.2418 -4.248964e+00  8.411045e-01
[50,]   50 0.0004888886 0.001187444  920.2418 -4.248964e+00  8.411045e-01

