[22;0t]0;IPython: scripts/01_msprime_simulations$par
[1] 1.000000e-06 6.992084e-05

$value
[1] -146.1943

$counts
function gradient 
      42       42 

$convergence
[1] 0

$message
[1] "CONVERGENCE: REL_REDUCTION_OF_F <= FACTR*EPSMCH"

$loginfo
      step  par1         par2         fn       gr1          gr2
 [1,]    1 1e-01 1.000000e-02   384.8788  2205.225    2729.1507
 [2,]    2 1e-06 1.000000e-06   186.9623 74098.499 -408215.1063
 [3,]    3 1e-06 1.000000e+01 24359.9781  2416.088    2323.1461
 [4,]    4 1e-06 3.303650e+00  8323.4957  2415.994    2465.7211
 [5,]    5 1e-06 1.091359e+00  2821.6139  2415.579    2504.9513
 [6,]    6 1e-06 3.606329e-01   991.8962  2414.145    2493.1161
 [7,]    7 1e-06 1.192730e-01   396.0772  2409.693    2414.2382
 [8,]    8 1e-06 3.953595e-02   210.0385  2395.197    2162.3463
 [9,]    9 1e-06 1.317654e-02   159.5134  2325.145    1403.9286
[10,]   10 1e-06 1.313138e-02   159.4501  2324.624    1400.0147
[11,]   11 1e-06 1.295075e-02   159.1987  2322.485    1384.0859
[12,]   12 1e-06 1.222822e-02   158.2228  2312.898    1315.6636
[13,]   13 1e-06 9.338122e-03   154.9197  2246.500     936.0663
[14,]   14 1e-06 1.658483e-03   151.2899  4580.613    1168.7358
[15,]   15 1e-06 1.000000e-06   186.9623     0.000 -408215.1063
[16,]   16 1e-06 1.117671e-03   150.3311  5890.013    2171.8047
[17,]   17 1e-06 4.457605e-04   148.2106  6684.776    4817.4932
[18,]   18 1e-06 1.000000e-06   186.9623 74098.499 -408215.1063
[19,]   19 1e-06 3.474246e-04   147.6990  6440.222    5688.1111
[20,]   20 1e-06 1.742123e-04   146.5709  5027.643    5484.4212
[21,]   21 1e-06 6.992084e-05   146.1943 11473.213    3464.5850
[22,]   22 1e-06 1.000000e-06   186.9623 74098.499 -408215.1063
[23,]   23 1e-06 6.983381e-05   146.1951 11495.521    3450.0957
[24,]   24 1e-06 6.991682e-05   146.1943 11474.244    3463.9161
[25,]   25 1e-06 6.992066e-05   146.1943 11473.261    3464.5540
[26,]   26 1e-06 6.992084e-05   146.1943 11473.216    3464.5835
[27,]   27 1e-06 6.992084e-05   146.1943 11473.213    3464.5849
[28,]   28 1e-06 6.992084e-05   146.1943 11473.213    3464.5850
[29,]   29 1e-06 6.992084e-05   146.1943 11473.213    3464.5850
[30,]   30 1e-06 6.992084e-05   146.1943 11473.213    3464.5850
[31,]   31 1e-06 6.992084e-05   146.1943 11473.213    3464.5850
[32,]   32 1e-06 6.992084e-05   146.1943 11473.213    3464.5850
[33,]   33 1e-06 6.992084e-05   146.1943 11473.213    3464.5850
[34,]   34 1e-06 6.992084e-05   146.1943 11473.213    3464.5850
[35,]   35 1e-06 6.992084e-05   146.1943 11473.213    3464.5850
[36,]   36 1e-06 6.992084e-05   146.1943 11473.213    3464.5850
[37,]   37 1e-06 6.992084e-05   146.1943 11473.213    3464.5850
[38,]   38 1e-06 6.992084e-05   146.1943 11473.213    3464.5850
[39,]   39 1e-06 6.992084e-05   146.1943 11473.213    3464.5850
[40,]   40 1e-06 6.992084e-05   146.1943 11473.213    3464.5850
[41,]   41 1e-06 6.992084e-05   146.1943 11473.213    3464.5850

