[22;0t]0;IPython: scripts/01_msprime_simulations$par
[1] 0.01114323 0.64953173

$value
[1] -54850.23

$counts
function gradient 
      39       39 

$convergence
[1] 0

$message
[1] "CONVERGENCE: REL_REDUCTION_OF_F <= FACTR*EPSMCH"

$loginfo
      step        par1       par2        fn           gr1           gr2
 [1,]    1 0.100000000  0.0100000 134857.65  7.416814e+04 -3.516769e+06
 [2,]    2 0.000001000 10.0000000  58972.14 -7.139451e+06  2.948141e+02
 [3,]    3 2.198599584 10.0000000  63214.75  2.284352e+03  1.371538e+02
 [4,]    4 0.732588402 10.0000000  59293.08  3.124977e+03  2.106082e+02
 [5,]    5 0.244220274 10.0000000  57728.21  3.087225e+03  2.672223e+02
 [6,]    6 0.081419080 10.0000000  57303.31  1.528416e+03  3.129043e+02
 [7,]    7 0.081401656  9.9991147  57303.00  1.528302e+03  3.129184e+02
 [8,]    8 0.081331960  9.9955735  57301.79  1.527849e+03  3.129787e+02
 [9,]    9 0.081053175  9.9814086  57296.93  1.526056e+03  3.132588e+02
[10,]   10 0.079938037  9.9247490  57277.43  1.519288e+03  3.150532e+02
[11,]   11 0.075477484  9.6981108  57197.83  1.488380e+03  3.279639e+02
[12,]   12 0.057635270  8.7915579  56891.51  7.059671e+02  2.941695e+02
[13,]   13 0.000001000  5.8565057  57745.33 -7.006439e+06  1.885309e+02
[14,]   14 0.031065253  7.4384674  56552.15 -2.094835e+03  2.744629e+02
[15,]   15 0.000001000  5.8475387  57743.65 -7.011249e+06  1.860773e+02
[16,]   16 0.018926199  6.8167763  56418.27 -5.891829e+03  2.981641e+02
[17,]   17 0.000001000  5.8378724  57741.87 -7.016774e+06  1.832762e+02
[18,]   18 0.012116835  6.4645627  56368.21 -1.172386e+04  2.902197e+02
[19,]   19 0.008542672  6.2703805  56368.16 -1.901317e+04  2.602533e+02
[20,]   20 0.010496120  6.3765102  56364.28 -1.445344e+04  2.777605e+02
[21,]   21 0.012135417  5.9344950  56225.72 -1.224499e+04  2.725160e+02
[22,]   22 0.018692605  4.1664344  55586.23 -5.013161e+03  3.341007e+02
[23,]   23 0.034144614  0.0000010 475607.63  1.043150e+05 -1.751030e+09
[24,]   24 0.023856446  2.7740718  55237.10 -6.734590e+02  1.317636e+02
[25,]   25 0.028346418  0.0000010 474993.94  1.074005e+05 -1.751027e+09
[26,]   26 0.025353958  1.8488531  55065.52  2.655634e+03  1.829669e+02
[27,]   27 0.026850188  0.9244271  54957.62  7.638492e+03 -8.638113e+00
[28,]   28 0.022973597  0.9715994  54931.26  6.014761e+03  1.360924e+01
[29,]   29 0.000001000  0.3607127  56753.48 -8.431847e+06 -1.975846e+03
[30,]   30 0.014963160  0.7585861  54868.85  3.461233e+03  1.278047e+02
[31,]   31 0.005143113  0.4974517  54926.46 -2.163063e+04 -6.010974e+02
[32,]   32 0.011311661  0.6614855  54850.43  8.830609e+01  3.275231e+01
[33,]   33 0.008322454  0.3204413  55352.81  9.132845e+03 -5.730538e+03
[34,]   34 0.010840142  0.6076890  54852.70  3.806883e+02 -1.149746e+02
[35,]   35 0.011213045  0.6502342  54850.24  1.234433e+02  5.713095e-01
[36,]   36 0.010344794  0.6487082  54850.89 -1.710419e+03  1.456804e+01
[37,]   37 0.011149506  0.6501226  54850.23  1.686666e-01  1.569823e+00
[38,]   38 0.011143484  0.6495654  54850.23 -2.039918e-01  9.179399e-02
[39,]   39 0.011143234  0.6495317  54850.23  2.399356e-03  1.119406e-04

