[22;0t]0;IPython: scripts/01_msprime_simulations$par
[1] 0.005209845 0.758276028

$value
[1] -55052.35

$counts
function gradient 
      46       46 

$convergence
[1] 0

$message
[1] "CONVERGENCE: REL_REDUCTION_OF_F <= FACTR*EPSMCH"

$loginfo
      step        par1       par2        fn           gr1           gr2
 [1,]    1 0.100000000  0.0100000 131394.17  7.375316e+04 -3.395947e+06
 [2,]    2 0.000001000 10.0000000  57566.21 -4.047732e+06  2.583558e+02
 [3,]    3 3.054577819 10.0000000  64868.22  1.980227e+03  1.009192e+02
 [4,]    4 1.017240691 10.0000000  59947.75  3.007128e+03  1.278455e+02
 [5,]    5 0.338814867 10.0000000  57704.32  3.596853e+03  2.049265e+02
 [6,]    6 0.112966388 10.0000000  56890.23  3.392227e+03  2.463486e+02
 [7,]    7 0.112871794  9.9992742  56889.73  3.391692e+03  2.462859e+02
 [8,]    8 0.112493417  9.9963708  56887.74  3.389537e+03  2.460118e+02
 [9,]    9 0.110979909  9.9847572  56879.76  3.380647e+03  2.449124e+02
[10,]   10 0.104925878  9.9383029  56848.14  3.340582e+03  2.405424e+02
[11,]   11 0.080709755  9.7524859  56726.68  3.082728e+03  2.267480e+02
[12,]   12 0.000001000  9.1331851  57381.56 -4.157644e+06  1.927276e+02
[13,]   13 0.046345699  9.4888009  56577.87  2.044126e+03  2.016058e+02
[14,]   14 0.000001000  9.1471549  57384.26 -4.159565e+06  1.936805e+02
[15,]   15 0.029011711  9.3610174  56528.72  5.450221e+02  1.875647e+02
[16,]   16 0.008199531  9.2032338  56549.51 -9.160851e+03  1.773149e+02
[17,]   17 0.020397032  9.2957068  56518.16 -1.091076e+03  1.835152e+02
[18,]   18 0.018852610  9.2810414  56517.50 -1.536857e+03  1.825892e+02
[19,]   19 0.018193887  9.2696476  56516.50 -1.747168e+03  1.815782e+02
[20,]   20 0.014506288  9.1287691  56501.00 -3.270936e+03  1.665186e+02
[21,]   21 0.010904709  8.7363952  56451.88 -6.121612e+03  1.763162e+02
[22,]   22 0.000001000  6.4246041  56970.91 -4.587804e+06  1.888475e+02
[23,]   23 0.006234896  7.7463071  56310.22 -1.490255e+04  1.536017e+02
[24,]   24 0.005101330  4.5530443  55601.94 -1.744314e+04  3.050367e+02
[25,]   25 0.003485060  0.0000010 457916.88  1.232817e+05 -1.698218e+09
[26,]   26 0.004561240  3.0316055  55427.05 -1.944234e+04  6.013966e+01
[27,]   27 0.012075784  0.0000010 458958.24  1.190761e+05 -1.698219e+09
[28,]   28 0.007067419  2.0205336  55307.13 -5.272890e+03  4.190519e+02
[29,]   29 0.009571601  1.0102673  55118.41  7.069404e+03  3.346320e+01
[30,]   30 0.008192610  0.0000010 458492.01  1.210369e+05 -1.698219e+09
[31,]   31 0.009112008  0.6735638  55090.43  1.258568e+04 -2.492572e+02
[32,]   32 0.009499599  0.9575176  55111.64  7.738435e+03  1.580132e+02
[33,]   33 0.009215547  0.7494174  55080.08  1.127316e+04 -9.996155e+01
[34,]   34 0.009274912  0.7929093  55080.28  1.062280e+04  5.499800e+01
[35,]   35 0.009241189  0.7682030  55079.29  1.102604e+04 -1.476481e+01
[36,]   36 0.005126405  0.4291926  55178.21  1.172859e+04 -1.730226e+03
[37,]   37 0.008005701  0.6664132  55079.19  1.085271e+04 -2.472121e+02
[38,]   38 0.008621013  0.7171078  55077.80  1.080505e+04 -1.261915e+02
[39,]   39 0.001679379  0.7286018  55116.11 -5.518816e+04 -4.839495e+01
[40,]   40 0.005593271  0.7221211  55055.41  2.306934e+03 -8.315970e+01
[41,]   41 0.004895410  0.7563101  55052.61 -1.697948e+03 -6.580857e+00
[42,]   42 0.005318847  0.7659195  55052.53  4.336214e+02  4.036972e+01
[43,]   43 0.005318395  0.7537668  55052.44  6.111727e+02 -2.665585e+01
[44,]   44 0.005177913  0.7582236  55052.35 -1.644724e+02  1.462570e-01
[45,]   45 0.005213146  0.7583569  55052.35  1.600125e+01  3.842127e-01
[46,]   46 0.005209845  0.7582760  55052.35  1.960965e-01 -2.273529e-02

