[22;0t]0;IPython: scripts/01_msprime_simulations$par
[1] 0.0054590 0.7029902

$value
[1] -43805.34

$counts
function gradient 
      46       46 

$convergence
[1] 0

$message
[1] "CONVERGENCE: REL_REDUCTION_OF_F <= FACTR*EPSMCH"

$loginfo
      step         par1       par2        fn           gr1           gr2
 [1,]    1 0.1000000000  0.0100000 108291.62  5.740283e+04 -2.785466e+06
 [2,]    2 0.0000010000 10.0000000  49969.79 -3.549998e+06  6.749451e+02
 [3,]    3 2.9621930201 10.0000000  56856.35  2.055317e+03  6.116661e+02
 [4,]    4 0.9863920924 10.0000000  52130.25  2.849584e+03  5.935032e+02
 [5,]    5 0.3285245553 10.0000000  50094.81  3.339377e+03  6.306304e+02
 [6,]    6 0.1095368790 10.0000000  49367.21  3.101179e+03  6.465811e+02
 [7,]    7 0.1094412565  9.9976786  49365.41  3.100680e+03  6.463896e+02
 [8,]    8 0.1090587665  9.9883931  49358.23  3.098658e+03  6.456059e+02
 [9,]    9 0.1075288062  9.9512510  49329.57  3.090155e+03  6.424803e+02
[10,]   10 0.1014089654  9.8026827  49216.19  3.050900e+03  6.314827e+02
[11,]   11 0.0769296019  9.2084095  48776.60  2.813900e+03  6.038766e+02
[12,]   12 0.0000010000  7.3408523  48375.44 -4.247136e+06  6.718365e+02
[13,]   13 0.0766131828  9.2007279  48771.07  2.808941e+03  6.036328e+02
[14,]   14 0.0383070914  8.2707901  48103.78  1.567680e+03  6.454605e+02
[15,]   15 0.0128388158  7.6525095  47704.28 -4.154271e+03  6.587761e+02
[16,]   16 0.0000010000  7.3317527  48369.33 -4.245818e+06  6.704393e+02
[17,]   17 0.0080004777  7.5316221  47654.99 -9.432603e+03  6.697543e+02
[18,]   18 0.0008956228  7.3334979  47726.31 -1.134119e+05  6.625850e+02
[19,]   19 0.0051762243  7.4528657  47637.57 -1.673231e+04  6.748169e+02
[20,]   20 0.0043357405  7.4043952  47620.46 -2.063740e+04  6.742678e+02
[21,]   21 0.0004757426  6.9253713  47533.53 -2.157471e+05  6.304820e+02
[22,]   22 0.0031223874  7.2538187  47550.43 -3.023884e+04  6.532971e+02
[23,]   23 0.0000010000  6.1315972  47588.76 -4.120283e+06  7.441719e+02
[24,]   24 0.0013632211  6.6213518  47232.14 -7.709624e+04  6.255255e+02
[25,]   25 0.0000010000  2.4907401  45312.48 -4.607025e+06  3.161191e+02
[26,]   26 0.0009099070  5.2467845  46388.24 -1.200139e+05  6.961146e+02
[27,]   27 0.0004554535  3.8687623  45413.51 -2.345447e+05  6.668945e+02
[28,]   28 0.0001707181  3.0053699  45031.03 -6.980951e+05  3.553103e+02
[29,]   29 0.0038615684  0.0000010 377244.22  1.180192e+05 -1.398549e+09
[30,]   30 0.0014109164  1.9955068  44348.22 -7.800403e+04  4.757162e+02
[31,]   31 0.0019940447  0.0000010 377020.45  1.215648e+05 -1.398547e+09
[32,]   32 0.0016057039  1.3289302  44097.69 -6.529688e+04  2.592707e+02
[33,]   33 0.0019469969  0.4917407  43924.37 -3.539729e+04 -7.122274e+02
[34,]   34 0.0017048942  1.0856171  44005.42 -5.874683e+04  3.118517e+02
[35,]   35 0.0018760118  0.6658668  43857.11 -4.378632e+04 -7.730461e+01
[36,]   36 0.0019315035  0.7865403  43883.43 -4.603028e+04  4.304388e+02
[37,]   37 0.0018824788  0.6799300  43856.20 -4.370913e+04 -5.968491e+00
[38,]   38 0.0367696492  0.6473148  44213.52  1.368571e+04 -7.160212e+02
[39,]   39 0.0109114832  0.6714890  43847.19  1.106864e+04 -2.233382e+02
[40,]   40 0.0091988677  0.7083422  43824.50  8.637848e+03 -5.214420e+01
[41,]   41 0.0046066958  0.7407754  43812.70 -5.482643e+03  2.500286e+02
[42,]   42 0.0063011067  0.7097979  43806.68  2.812223e+03  2.511465e+01
[43,]   43 0.0056401239  0.7031479  43805.41  7.194838e+02 -3.680813e+00
[44,]   44 0.0054295999  0.7027826  43805.34 -1.167172e+02 -6.509372e-01
[45,]   45 0.0054600188  0.7029895  43805.34  4.336320e+00 -4.369453e-02
[46,]   46 0.0054590003  0.7029902  43805.34  1.058241e-01 -1.201213e-02

