[22;0t]0;IPython: scripts/01_msprime_simulations$par
[1] 0.0025753850 0.0008990103

$value
[1] -606.8442

$counts
function gradient 
      36       36 

$convergence
[1] 0

$message
[1] "CONVERGENCE: REL_REDUCTION_OF_F <= FACTR*EPSMCH"

$loginfo
      step        par1         par2       fn           gr1           gr2
 [1,]    1 0.100000000 0.0100000000 806.0492  1.748045e+03  5.760630e+03
 [2,]    2 0.000001000 0.0000010000 951.2080  1.044529e+05 -3.108200e+06
 [3,]    3 0.051612706 0.0051617061 693.0535  1.346216e+03  1.005756e+04
 [4,]    4 0.018187203 0.0018194567 618.3604  5.407286e+02  1.170541e+04
 [5,]    5 0.000001000 0.0000010000 951.2080  1.044529e+05 -3.108200e+06
 [6,]    6 0.012406401 0.0012414285 610.3985  3.270925e+02  6.217574e+03
 [7,]    7 0.000001000 0.0000010000 951.2080  1.044529e+05 -3.108200e+06
 [8,]    8 0.008924985 0.0008933182 608.5198  2.997853e+02 -3.464260e+03
 [9,]    9 0.007994515 0.0009127025 608.1910  2.963215e+02 -2.398966e+03
[10,]   10 0.004272635 0.0009902397 607.1622  2.129812e+02  1.555100e+03
[11,]   11 0.000001000 0.0009489721 627.0073 -1.066775e+05  3.789748e+02
[12,]   12 0.002867595 0.0009766658 606.9426  1.567865e+01  2.003402e+03
[13,]   13 0.002486318 0.0009186606 606.8582 -5.669852e+01  7.308669e+02
[14,]   14 0.002765559 0.0008864517 606.8529  7.387453e+01 -6.922095e+02
[15,]   15 0.002619914 0.0009032511 606.8455  1.007895e+01  7.493216e+01
[16,]   16 0.002575385 0.0008990103 606.8442 -7.283577e-02 -1.496726e+01
[17,]   17 0.002577394 0.0008995256 606.8443  4.063465e-03  1.154285e-01
[18,]   18 0.002575406 0.0008990158 606.8442 -7.201848e-02 -1.480603e+01
[19,]   19 0.002575385 0.0008990104 606.8442 -7.282699e-02 -1.496553e+01
[20,]   20 0.002575385 0.0008990103 606.8442 -7.283567e-02 -1.496725e+01
[21,]   21 0.002575385 0.0008990103 606.8442 -7.283576e-02 -1.496726e+01
[22,]   22 0.002575385 0.0008990103 606.8442 -7.283578e-02 -1.496726e+01
[23,]   23 0.002575385 0.0008990103 606.8442 -7.283578e-02 -1.496726e+01
[24,]   24 0.002575385 0.0008990103 606.8442 -7.283578e-02 -1.496726e+01
[25,]   25 0.002575385 0.0008990103 606.8442 -7.283579e-02 -1.496726e+01
[26,]   26 0.002575385 0.0008990103 606.8442 -7.283578e-02 -1.496726e+01
[27,]   27 0.002575385 0.0008990103 606.8442 -7.283578e-02 -1.496726e+01
[28,]   28 0.002575385 0.0008990103 606.8442 -7.283578e-02 -1.496726e+01
[29,]   29 0.002575385 0.0008990103 606.8442 -7.283578e-02 -1.496726e+01
[30,]   30 0.002575385 0.0008990103 606.8442 -7.283578e-02 -1.496726e+01
[31,]   31 0.002575385 0.0008990103 606.8442 -7.283578e-02 -1.496726e+01

