[22;0t]0;IPython: scripts/01_msprime_simulations$par
[1] 0.04563805 0.46256379

$value
[1] -47856.95

$counts
function gradient 
      18       18 

$convergence
[1] 0

$message
[1] "CONVERGENCE: REL_REDUCTION_OF_F <= FACTR*EPSMCH"

$loginfo
      step       par1      par2        fn           gr1           gr2
 [1,]    1 0.10000000 0.0100000 104118.13  5.838816e+04 -2.642199e+06
 [2,]    2 0.00001000 1.0000000  50953.18 -6.280112e+06  5.955990e+02
 [3,]    3 0.23499450 1.0000000  48625.51  3.053215e+03  7.946279e+02
 [4,]    4 0.23488032 0.9996485  48624.89  3.053172e+03  7.944467e+02
 [5,]    5 0.23442362 0.9982425  48622.37  3.052997e+03  7.936461e+02
 [6,]    6 0.23259680 0.9926187  48612.34  3.052276e+03  7.903731e+02
 [7,]    7 0.22528952 0.9701233  48572.43  3.049071e+03  7.761669e+02
 [8,]    8 0.19606040 0.8801416  48416.84  3.033580e+03  7.010587e+02
 [9,]    9 0.07914393 0.5202148  47914.92  2.819938e+03 -5.412336e+01
[10,]   10 0.00001000 0.5089590  50673.66 -6.713636e+06  5.475841e+02
[11,]   11 0.05143039 0.5162729  47865.54  1.927551e+02  2.735446e+02
[12,]   12 0.03075818 0.3701204  47904.12 -2.207983e+03 -8.671864e+02
[13,]   13 0.04486768 0.4698745  47857.36 -3.229099e+02  7.816738e+01
[14,]   14 0.04700495 0.4565168  47857.49  4.194882e+02 -8.569144e+01
[15,]   15 0.04586517 0.4636404  47856.96  2.782702e+01  4.931549e+00
[16,]   16 0.04557925 0.4622303  47856.95 -6.129848e+00 -1.777386e+00
[17,]   17 0.04563834 0.4625660  47856.95  1.925204e-02  1.369030e-02
[18,]   18 0.04563805 0.4625638  47856.95  4.692629e-04 -1.753506e-05

