[22;0t]0;IPython: scripts/01_msprime_simulations$par
[1] 0.005443189 0.119864698

$value
[1] -29786.02

$counts
function gradient 
      54       54 

$convergence
[1] 0

$message
[1] "CONVERGENCE: REL_REDUCTION_OF_F <= FACTR*EPSMCH"

$loginfo
      step        par1       par2        fn           gr1           gr2
 [1,]    1 0.100000000  0.0100000  40386.23  2.308723e+04 -7.806702e+05
 [2,]    2 0.000001000 10.0000000  37227.94 -6.895409e+04  1.250463e+03
 [3,]    3 0.066648578  3.3418404  31229.69  2.063270e+03  4.876665e+02
 [4,]    4 0.057820056  3.3396108  31211.15  1.879878e+03  4.877647e+02
 [5,]    5 0.022505969  3.3306927  31166.68 -2.294495e+02  4.851845e+02
 [6,]    6 0.024566777  3.3286577  31165.51  5.157943e+01  4.855995e+02
 [7,]    7 0.027734076  3.3088804  31156.63  4.059394e+02  4.880364e+02
 [8,]    8 0.053265305  3.0294439  31047.54  1.911669e+03  4.958794e+02
 [9,]    9 0.117698536  2.1038392  30813.57  3.657369e+03  3.654052e+02
[10,]   10 0.138381847  1.5944829  30770.40  4.439264e+03  1.294534e+02
[11,]   11 0.111669079  1.6156491  30656.44  4.331247e+03  1.868430e+02
[12,]   12 0.004818008  1.7003138  30405.03 -1.207443e+04  4.142324e+02
[13,]   13 0.084719643  1.6370028  30546.94  4.112558e+03  2.464136e+02
[14,]   14 0.028589185  1.6814785  30366.59  2.081196e+03  3.772367e+02
[15,]   15 0.000001000  1.1087313  30728.24 -2.709411e+06  5.874260e+02
[16,]   16 0.016022848  1.4297194  30272.60 -6.911650e+01  2.548061e+02
[17,]   17 0.068266591  0.0000010 129047.32  4.114464e+04 -4.611034e+08
[18,]   18 0.033483284  0.9518917  30139.42  4.779397e+03  3.510985e+02
[19,]   19 0.047842987  0.0000010 128092.87  5.313276e+04 -4.610796e+08
[20,]   20 0.038278490  0.6340222  30113.41  6.580369e+03  2.775562e+01
[21,]   21 0.016973321  0.5856573  29986.53  4.127837e+03  1.314997e+02
[22,]   22 0.000001000  0.3723325  30501.20 -3.121253e+06  2.169459e+02
[23,]   23 0.010695334  0.5067494  29946.30  1.615341e+03  4.951570e+02
[24,]   24 0.003693200  0.4187397  29928.48 -1.445449e+04  3.199387e+02
[25,]   25 0.007691337  0.4689922  29924.25 -1.339014e+03  5.408826e+02
[26,]   26 0.005779441  0.4449616  29918.68 -5.315786e+03  4.155703e+02
[27,]   27 0.000001000  0.1705431  30432.16 -3.290262e+06  6.164940e+02
[28,]   28 0.003709430  0.3466567  29903.08 -1.389080e+04  2.998636e+02
[29,]   29 0.009811356  0.0000010 125355.51  9.862629e+04 -4.610127e+08
[30,]   30 0.005745199  0.2310029  29849.35 -2.834994e+03  5.816738e+02
[31,]   31 0.007778278  0.1155020  29793.04  4.699834e+03 -3.279714e+02
[32,]   32 0.007142390  0.2478831  29855.24  3.749641e+01  3.311956e+02
[33,]   33 0.007709658  0.1297874  29792.09  3.880294e+03  2.002633e+02
[34,]   34 0.006373788  0.1228030  29787.12  2.095592e+03  4.470543e+01
[35,]   35 0.004991241  0.1186615  29786.33 -1.395100e+03 -1.204440e+01
[36,]   36 0.005535999  0.1200200  29786.03  2.583156e+02 -8.507319e-01
[37,]   37 0.005452553  0.1198776  29786.02  2.625996e+01 -1.882692e-01
[38,]   38 0.005443189  0.1198647  29786.02 -5.464573e-01  5.131569e-03
[39,]   39 0.005443379  0.1198649  29786.02  8.300049e-05  7.419112e-04
[40,]   40 0.005443197  0.1198647  29786.02 -5.239560e-01  4.951435e-03
[41,]   41 0.005443189  0.1198647  29786.02 -5.454804e-01  5.124202e-03
[42,]   42 0.005443189  0.1198647  29786.02 -5.464104e-01  5.128932e-03
[43,]   43 0.005443189  0.1198647  29786.02 -5.464568e-01  5.131387e-03
[44,]   44 0.005443189  0.1198647  29786.02 -5.464567e-01  5.131424e-03
[45,]   45 0.005443189  0.1198647  29786.02 -5.464308e-01  5.130678e-03
[46,]   46 0.005443189  0.1198647  29786.02 -5.464560e-01  5.131278e-03
[47,]   47 0.005443189  0.1198647  29786.02 -5.464560e-01  5.131278e-03
[48,]   48 0.005443189  0.1198647  29786.02 -5.464433e-01  5.133079e-03
[49,]   49 0.005443189  0.1198647  29786.02 -5.464561e-01  5.131751e-03
[50,]   50 0.005443189  0.1198647  29786.02 -5.464561e-01  5.131715e-03
[51,]   51 0.005443189  0.1198647  29786.02 -5.464518e-01  5.132424e-03
[52,]   52 0.005443189  0.1198647  29786.02 -5.464463e-01  5.131878e-03
[53,]   53 0.005443189  0.1198647  29786.02 -5.464518e-01  5.131988e-03
[54,]   54 0.005443189  0.1198647  29786.02 -5.464518e-01  5.132424e-03

