[22;0t]0;IPython: scripts/01_msprime_simulations$par
[1] 0.135122553 0.001252757

$value
[1] -962.6274

$counts
function gradient 
      38       38 

$convergence
[1] 0

$message
[1] "CONVERGENCE: REL_REDUCTION_OF_F <= FACTR*EPSMCH"

$loginfo
      step        par1         par2        fn           gr1           gr2
 [1,]    1 0.100000000 0.0100000000 1187.0286  1.287348e+03  8.362188e+03
 [2,]    2 0.000001000 0.0000010000 1560.2949  1.146248e+05 -5.369598e+06
 [3,]    3 0.057944960 0.0057948745 1090.6970  6.941539e+02  1.924338e+04
 [4,]    4 0.020150126 0.0020157313  978.5471 -1.079730e+02  2.599331e+04
 [5,]    5 0.006851703 0.0006860086  976.1623  2.088016e+02 -5.300294e+04
 [6,]    6 0.015780908 0.0015788488  969.4258 -2.143185e+02  1.781381e+04
 [7,]    7 0.007350098 0.0000010000 1693.8211  2.708600e+03 -5.611461e+06
 [8,]    8 0.013175220 0.0010911873  965.8325 -1.773241e+02 -5.059959e+03
 [9,]    9 0.020086964 0.0012304426  964.6979 -1.206383e+02  2.639001e+03
[10,]   10 0.027590780 0.0012357635  964.0166 -7.071520e+01  1.843509e+03
[11,]   11 0.037968380 0.0012323149  963.4680 -3.842456e+01  6.130407e+02
[12,]   12 0.050717905 0.0012411096  963.1088 -2.112732e+01  4.671269e+02
[13,]   13 0.066087762 0.0012452294  962.8727 -1.112895e+01  2.253664e+02
[14,]   14 0.083458728 0.0012599525  962.7425 -5.770014e+00  9.227816e+02
[15,]   15 0.133350432 0.0010008217  965.3036  2.143185e+00 -2.377647e+04
[16,]   16 0.088150413 0.0012355845  962.7128 -4.447909e+00 -8.985658e+02
[17,]   17 0.103746428 0.0012474700  962.6576 -2.300277e+00 -2.007592e+02
[18,]   18 0.119787980 0.0012529299  962.6337 -8.867556e-01  8.524732e+01
[19,]   19 0.129517049 0.0012529553  962.6282 -2.836110e-01  3.818574e+01
[20,]   20 0.134075085 0.0012527609  962.6274 -5.286389e-02  4.570654e+00
[21,]   21 0.135122553 0.0012527566  962.6274 -4.081625e-03  1.116486e-01
[22,]   22 0.135252667 0.0012532211  962.6275  6.155517e-05  3.395043e+01
[23,]   23 0.135122654 0.0012527569  962.6274 -4.078369e-03  1.380495e-01
[24,]   24 0.135122553 0.0012527566  962.6274 -4.081634e-03  1.116698e-01
[25,]   25 0.135122553 0.0012527566  962.6274 -4.081621e-03  1.116487e-01
[26,]   26 0.135122553 0.0012527566  962.6274 -4.081605e-03  1.116592e-01
[27,]   27 0.135122553 0.0012527566  962.6274 -4.081602e-03  1.116486e-01
[28,]   28 0.135122553 0.0012527566  962.6274 -4.081621e-03  1.116487e-01
[29,]   29 0.135122553 0.0012527566  962.6274 -4.081613e-03  1.116486e-01
[30,]   30 0.135122553 0.0012527566  962.6274 -4.081621e-03  1.116487e-01
[31,]   31 0.135122553 0.0012527566  962.6274 -4.081613e-03  1.116486e-01
[32,]   32 0.135122553 0.0012527566  962.6274 -4.081621e-03  1.116487e-01
[33,]   33 0.135122553 0.0012527566  962.6274 -4.081612e-03  1.116486e-01
[34,]   34 0.135122553 0.0012527566  962.6274 -4.081621e-03  1.116487e-01

