[22;0t]0;IPython: scripts/01_msprime_simulations$par
[1] 0.002147318 0.001305311

$value
[1] -1030.228

$counts
function gradient 
      33       33 

$convergence
[1] 0

$message
[1] "CONVERGENCE: REL_REDUCTION_OF_F <= FACTR*EPSMCH"

$loginfo
      step        par1        par2       fn           gr1           gr2
 [1,]    1 0.100000000 0.010000000 1222.395  1.321463e+03  9.842698e+03
 [2,]    2 0.000001000 0.000001000 1709.462  1.168546e+05 -5.923410e+06
 [3,]    3 0.059025352 0.005902904 1126.754  8.932043e+02  1.467719e+04
 [4,]    4 0.020580332 0.002058748 1040.674  1.867183e+02  1.494949e+04
 [5,]    5 0.003414041 0.000001000 1823.107  9.406331e+03 -6.130213e+06
 [6,]    6 0.015095586 0.001401284 1033.777  1.877760e+02 -2.881703e+02
 [7,]    7 0.013577796 0.001346023 1033.542  2.141508e+02 -2.546198e+03
 [8,]    8 0.002242704 0.001131990 1030.668  2.839916e+02 -5.886909e+03
 [9,]    9 0.000001000 0.001089662 1045.639 -7.473344e+04  0.000000e+00
[10,]   10 0.001563196 0.001119160 1030.657 -1.373157e+02 -4.717834e+03
[11,]   11 0.008188978 0.001299372 1032.242  3.290326e+02 -3.332737e+03
[12,]   12 0.002542769 0.001145803 1030.687  3.519022e+02 -5.865417e+03
[13,]   13 0.001929265 0.001129116 1030.615  1.387020e+02 -5.300238e+03
[14,]   14 0.002115459 0.001213928 1030.323  8.287996e+01 -2.546653e+03
[15,]   15 0.002240217 0.001289292 1030.232  5.769836e+01 -4.819284e+02
[16,]   16 0.002194837 0.001302842 1030.228  2.560908e+01 -9.809359e+01
[17,]   17 0.002152564 0.001305799 1030.228  2.333974e+00  7.677199e+00
[18,]   18 0.002147674 0.001305441 1030.228  9.004336e-02  2.787909e+00
[19,]   19 0.002147318 0.001305311 1030.228  5.012752e-03 -1.096916e-01
[20,]   20 0.002147316 0.001305315 1030.228  5.604011e-04 -1.151709e-03
[21,]   21 0.002147318 0.001305311 1030.228  5.012114e-03 -1.096762e-01
[22,]   22 0.002147318 0.001305311 1030.228  5.012748e-03 -1.096916e-01
[23,]   23 0.002147318 0.001305311 1030.228  5.012503e-03 -1.096839e-01
[24,]   24 0.002147318 0.001305311 1030.228  5.012752e-03 -1.096916e-01
[25,]   25 0.002147318 0.001305311 1030.228  5.012539e-03 -1.096865e-01
[26,]   26 0.002147318 0.001305311 1030.228  5.012748e-03 -1.096916e-01
[27,]   27 0.002147318 0.001305311 1030.228  5.012747e-03 -1.096916e-01
[28,]   28 0.002147318 0.001305311 1030.228  5.012748e-03 -1.096916e-01
[29,]   29 0.002147318 0.001305311 1030.228  5.012745e-03 -1.096916e-01

