[22;0t]0;IPython: scripts/01_msprime_simulations$par
[1] 0.0113046574 0.0006252605

$value
[1] -513.6652

$counts
function gradient 
      22       22 

$convergence
[1] 0

$message
[1] "CONVERGENCE: REL_REDUCTION_OF_F <= FACTR*EPSMCH"

$loginfo
      step        par1         par2       fn           gr1           gr2
 [1,]    1 0.100000000 0.0100000000 732.5699  1.820403e+03  4.511570e+03
 [2,]    2 0.000001000 0.0000010000 764.7490  1.018373e+05 -2.415988e+06
 [3,]    3 0.044983429 0.0044988380 608.9087  1.208952e+03  1.054630e+04
 [4,]    4 0.015295026 0.0015302649 532.5669  2.422440e+02  2.653001e+04
 [5,]    5 0.006586450 0.0006594857 513.9669 -1.018987e+02  5.040060e+03
 [6,]    6 0.011102815 0.0000010000 835.8668  5.567116e+02 -2.690641e+06
 [7,]    7 0.007675141 0.0005007547 514.4716  2.615845e+01 -1.697415e+04
 [8,]    8 0.006985350 0.0006013261 513.7663 -5.768753e+01 -1.084528e+03
 [9,]    9 0.015421519 0.0006687652 513.8406  2.334313e+01  4.204856e+03
[10,]   10 0.010214688 0.0006271416 513.6736 -1.226538e+01  4.722346e+02
[11,]   11 0.010879768 0.0006253486 513.6662 -4.271467e+00  1.045664e+02
[12,]   12 0.011255371 0.0006252784 513.6652 -4.971932e-01  1.296267e+01
[13,]   13 0.011304657 0.0006252605 513.6652 -2.435227e-02  5.328275e-01
[14,]   14 0.011307218 0.0006252606 513.6652 -1.415600e-04  8.474407e-03
[15,]   15 0.011304921 0.0006252605 513.6652 -2.186075e-02  4.788645e-01
[16,]   16 0.011304687 0.0006252605 513.6652 -2.406631e-02  5.266343e-01
[17,]   17 0.011304661 0.0006252605 513.6652 -2.431895e-02  5.321060e-01
[18,]   18 0.011304657 0.0006252605 513.6652 -2.434825e-02  5.327407e-01
[19,]   19 0.011304659 0.0006252605 513.6652 -2.432892e-02  5.323218e-01
[20,]   20 0.011304658 0.0006252605 513.6652 -2.434610e-02  5.326935e-01
[21,]   21 0.011304657 0.0006252605 513.6652 -2.434811e-02  5.327379e-01
[22,]   22 0.011304657 0.0006252605 513.6652 -2.434825e-02  5.327407e-01

