[22;0t]0;IPython: scripts/01_msprime_simulations$par
[1] 4.340408e-04 2.836525e-05

$value
[1] -53.06001

$counts
function gradient 
      85       85 

$convergence
[1] 0

$message
[1] "CONVERGENCE: REL_REDUCTION_OF_F <= FACTR*EPSMCH"

$loginfo
      step         par1         par2          fn           gr1          gr2
 [1,]    1 1.000000e-01 1.000000e-02   304.73382  2.257550e+03    3078.4749
 [2,]    2 1.000000e-06 1.000000e-06    62.42643  2.315279e+04  -81533.5393
 [3,]    3 1.000000e-06 1.000000e+01 24347.08679  2.416088e+03    2324.2224
 [4,]    4 1.000000e-06 3.189744e+00  8017.64726  2.415988e+03    2471.2668
 [5,]    5 1.000000e-06 1.016784e+00  2598.31376  2.415529e+03    2515.4955
 [6,]    6 1.000000e-06 3.242020e-01   853.18150  2.413900e+03    2520.1694
 [7,]    7 1.000000e-06 1.035079e-01   298.76600  2.408697e+03    2492.1242
 [8,]    8 1.000000e-06 3.316241e-02   125.69514  2.392265e+03    2391.1988
 [9,]    9 1.000000e-06 1.071295e-02    74.27349  2.334983e+03    2075.7343
[10,]   10 1.000000e-06 3.521273e-03    61.55120  2.052267e+03    1122.5229
[11,]   11 1.000000e-06 3.473465e-03    61.49798  2.044252e+03    1102.9868
[12,]   12 1.000000e-06 3.282235e-03    61.29484  2.008704e+03    1019.2020
[13,]   13 1.000000e-06 2.517313e-03    60.67447  1.781073e+03     566.3266
[14,]   14 1.000000e-06 1.495068e-03    60.33195  1.855067e+03     783.2918
[15,]   15 1.000000e-06 1.000000e-06    62.42643  2.315279e+04  -81533.5393
[16,]   16 1.000000e-06 8.732846e-04    59.08203  3.829749e+03    2934.7038
[17,]   17 1.000000e-06 3.280105e-04    56.73031  4.721718e+03    7311.3011
[18,]   18 1.000000e-06 1.965550e-04    55.57134  3.456337e+03   11487.6062
[19,]   19 1.000000e-06 1.000000e-06    62.42643  2.315279e+04  -81533.5393
[20,]   20 1.000000e-06 1.724481e-04    55.29310  2.780528e+03   12667.8246
[21,]   21 1.000000e-06 8.672405e-05    54.02646 -1.909818e+03   14346.7652
[22,]   22 1.000000e-06 8.410992e-05    53.97974 -2.099120e+03   14513.5959
[23,]   23 1.000000e-06 8.166195e-05    53.93559 -2.275374e+03   14670.9235
[24,]   24 1.000000e-06 4.133098e-05    53.21448 -3.725041e+03   16747.9089
[25,]   25 1.000000e-06 4.079436e-05    53.20700 -3.694945e+03   16748.1058
[26,]   26 1.000000e-06 4.027299e-05    53.19989 -3.663119e+03   16746.4481
[27,]   27 1.000000e-06 2.063649e-05    53.19286  8.918050e+02   13946.8492
[28,]   28 1.000000e-06 7.676407e-06    54.58974  1.312644e+04   -2065.2127
[29,]   29 1.000000e-06 1.000000e+01 24347.08679  2.416088e+03    2324.2224
[30,]   30 1.000000e-06 1.254979e+00  3196.99007  2.415666e+03    2511.2096
[31,]   31 1.000000e-06 1.565643e-01   431.45220  2.411290e+03    2507.3308
[32,]   32 1.000000e-06 2.022058e-02    95.26911  2.376039e+03    2294.9827
[33,]   33 1.000000e-06 2.973378e-03    61.00344  1.936526e+03     861.6500
[34,]   34 1.000000e-06 3.564113e-04    56.92547  4.744638e+03    6755.6708
[35,]   35 1.000000e-06 2.929321e-05    53.10927 -2.196871e+03   16080.2598
[36,]   36 1.000000e-06 1.013671e-05    53.98947  9.932954e+03    4334.8200
[37,]   37 1.000000e-06 2.836644e-05    53.10923 -1.977417e+03   15944.2396
[38,]   38 1.000000e-06 1.925157e-05    53.23084  1.675716e+03   13354.5615
[39,]   39 1.000000e-06 2.741682e-05    53.11095 -1.730731e+03   15786.6123
[40,]   40 1.000000e-06 2.836644e-05    53.10923 -1.977417e+03   15944.2396
[41,]   41 1.000000e-06 1.151954e-05    53.77084  8.306885e+03    6742.5945
[42,]   42 1.000000e-06 2.746070e-05    53.11083 -1.742646e+03   15794.3255
[43,]   43 1.000000e-06 2.819942e-05    53.10940 -1.935686e+03   15917.8979
[44,]   44 1.000000e-06 2.833393e-05    53.10925 -1.969347e+03   15939.1569
[45,]   45 1.000000e-06 2.836005e-05    53.10923 -1.975832e+03   15943.2420
[46,]   46 1.000000e-06 2.836518e-05    53.10923 -1.977105e+03   15944.0432
[47,]   47 1.000000e-06 2.836619e-05    53.10923 -1.977355e+03   15944.2009
[48,]   48 1.000000e-06 2.836639e-05    53.10923 -1.977405e+03   15944.2320
[49,]   49 1.000000e-06 2.836643e-05    53.10923 -1.977415e+03   15944.2381
[50,]   50 1.000000e-06 2.836644e-05    53.10923 -1.977417e+03   15944.2393
[51,]   51 1.000000e-06 2.836644e-05    53.10923 -1.977417e+03   15944.2396
[52,]   52 1.000000e-06 2.836644e-05    53.10923 -1.977417e+03   15944.2396
[53,]   53 1.000000e-06 2.836644e-05    53.10923 -1.977417e+03   15944.2396
[54,]   54 1.000000e-06 2.836644e-05    53.10923 -1.977417e+03   15944.2396
[55,]   55 1.000000e-06 2.836644e-05    53.10923 -1.977417e+03   15944.2396
[56,]   56 1.000000e-06 2.836644e-05    53.10923 -1.977417e+03   15944.2396
[57,]   57 1.000000e-06 2.836644e-05    53.10923 -1.977417e+03   15944.2396
[58,]   58 1.000000e-06 2.836644e-05    53.10923 -1.977417e+03   15944.2396
[59,]   59 1.000000e-06 2.836644e-05    53.10923 -1.977417e+03   15944.2396
[60,]   60 1.000000e-06 2.836644e-05    53.10923 -1.977417e+03   15944.2396
[61,]   61 1.000000e+01 1.000000e-06    67.47054 -4.547474e-07 -130759.7342
[62,]   62 3.328800e+00 1.925670e-05    54.50712 -7.427751e-05    8820.6195
[63,]   63 1.109123e+00 2.533117e-05    53.74436 -8.690085e-04   20033.8743
[64,]   64 3.694891e-01 2.735528e-05    53.56450 -8.366206e-03   23042.2481
[65,]   65 1.230082e-01 2.802981e-05    53.51586 -4.954671e-02   23894.9588
[66,]   66 4.086558e-02 2.825461e-05    53.49789  2.079193e-01   23863.3990
[67,]   67 1.349323e-02 2.832951e-05    53.47314  2.362351e+00   22778.7259
[68,]   68 4.381493e-03 2.835445e-05    53.39735  2.429629e+01   19302.9481
[69,]   69 1.378220e-03 2.836267e-05    53.23272  1.177369e+02   17446.7732
[70,]   70 4.340408e-04 2.836525e-05    53.06001  3.093940e+02   17760.9971
[71,]   71 3.971931e-04 1.000000e-06    66.02548  1.947366e+03 -119964.8035
[72,]   72 4.337893e-04 2.817849e-05    53.06968  3.159491e+02   17610.1334
[73,]   73 4.340294e-04 2.835678e-05    53.06044  3.096904e+02   17754.1929
[74,]   74 4.340403e-04 2.836487e-05    53.06003  3.094076e+02   17760.6864
[75,]   75 4.340408e-04 2.836524e-05    53.06001  3.093947e+02   17760.9829
[76,]   76 4.340408e-04 2.836525e-05    53.06001  3.093941e+02   17760.9965
[77,]   77 4.340408e-04 2.836525e-05    53.06001  3.093940e+02   17760.9971
[78,]   78 4.340408e-04 2.836525e-05    53.06001  3.093940e+02   17760.9971
[79,]   79 4.340408e-04 2.836525e-05    53.06001  3.093940e+02   17760.9971
[80,]   80 4.340408e-04 2.836525e-05    53.06001  3.093940e+02   17760.9971
[81,]   81 4.340408e-04 2.836525e-05    53.06001  3.093940e+02   17760.9971
[82,]   82 4.340408e-04 2.836525e-05    53.06001  3.093940e+02   17760.9971
[83,]   83 4.340408e-04 2.836525e-05    53.06001  3.093940e+02   17760.9971
[84,]   84 4.340408e-04 2.836525e-05    53.06001  3.093940e+02   17760.9971

