[22;0t]0;IPython: scripts/01_msprime_simulations$par
[1] 0.057023284 0.005145768

$value
[1] -3160.273

$counts
function gradient 
      40       40 

$convergence
[1] 0

$message
[1] "CONVERGENCE: REL_REDUCTION_OF_F <= FACTR*EPSMCH"

$loginfo
      step       par1        par2       fn           gr1           gr2
 [1,]    1 0.10000000 0.010000000 3235.892  1.643825e+02  2.209318e+04
 [2,]    2 0.00000100 0.000001000 6308.665  1.203948e+05 -2.300005e+07
 [3,]    3 0.06536751 0.006537062 3169.514 -6.684279e+00  1.199197e+04
 [4,]    4 0.03661415 0.002935792 3203.357  3.752057e+02 -5.291872e+04
 [5,]    5 0.05531238 0.005277688 3160.397 -1.307314e+01  1.666123e+03
 [6,]    6 0.05397867 0.005088038 3160.298 -6.562763e+00 -5.370149e+02
 [7,]    7 0.05441838 0.005139537 3160.283 -8.295386e+00  7.811181e+01
 [8,]    8 0.05449093 0.005139132 3160.283 -8.016140e+00  6.863349e+01
 [9,]    9 0.05478117 0.005137510 3160.281 -6.908301e+00  3.076347e+01
[10,]   10 0.05681090 0.005142720 3160.273 -5.180703e-01 -2.566010e+01
[11,]   11 0.05702328 0.005145768 3160.273 -2.549567e-02 -8.511735e-02
[12,]   12 0.05703203 0.005145821 3160.273 -1.169960e-03  7.632696e-02
[13,]   13 0.05702381 0.005145771 3160.273 -2.402121e-02 -7.533756e-02
[14,]   14 0.05702332 0.005145768 3160.273 -2.540068e-02 -8.448730e-02
[15,]   15 0.05702329 0.005145768 3160.273 -2.548949e-02 -8.507668e-02
[16,]   16 0.05702328 0.005145768 3160.273 -2.549520e-02 -8.511475e-02
[17,]   17 0.05702328 0.005145768 3160.273 -2.549568e-02 -8.511725e-02
[18,]   18 0.05702328 0.005145768 3160.273 -2.549570e-02 -8.511731e-02
[19,]   19 0.05702328 0.005145768 3160.273 -2.549569e-02 -8.511735e-02
[20,]   20 0.05702328 0.005145768 3160.273 -2.549567e-02 -8.511735e-02
[21,]   21 0.05702328 0.005145768 3160.273 -2.549567e-02 -8.511734e-02
[22,]   22 0.05702328 0.005145768 3160.273 -2.549567e-02 -8.511735e-02
[23,]   23 0.05702328 0.005145768 3160.273 -2.549569e-02 -8.511734e-02
[24,]   24 0.05702328 0.005145768 3160.273 -2.549567e-02 -8.511735e-02
[25,]   25 0.05702328 0.005145768 3160.273 -2.549569e-02 -8.511734e-02
[26,]   26 0.05702328 0.005145768 3160.273 -2.549567e-02 -8.511735e-02
[27,]   27 0.05702328 0.005145768 3160.273 -2.549567e-02 -8.511735e-02
[28,]   28 0.08251896 0.090263117 3458.506  2.247259e+03 -1.452492e+03
[29,]   29 0.05702339 0.005146117 3160.273 -4.522921e-02  4.245215e+00
[30,]   30 0.05702328 0.005145768 3160.273 -2.552022e-02 -7.971279e-02
[31,]   31 0.05702328 0.005145768 3160.273 -2.549571e-02 -8.511023e-02
[32,]   32 0.05702328 0.005145768 3160.273 -2.549568e-02 -8.511733e-02
[33,]   33 0.05702328 0.005145768 3160.273 -2.549572e-02 -8.511371e-02
[34,]   34 0.05702328 0.005145768 3160.273 -2.549573e-02 -8.511370e-02
[35,]   35 0.05702328 0.005145768 3160.273 -2.549572e-02 -8.511371e-02

