[22;0t]0;IPython: scripts/01_msprime_simulations$par
[1] 0.0002580120 0.0003757845

$value
[1] -419.4895

$counts
function gradient 
      36       36 

$convergence
[1] 0

$message
[1] "CONVERGENCE: REL_REDUCTION_OF_F <= FACTR*EPSMCH"

$loginfo
      step         par1         par2       fn          gr1           gr2
 [1,]    1 0.1000000000 0.0100000000 647.9889   1914.38105  3.861508e+03
 [2,]    2 0.0000010000 0.0000010000 609.6002 101494.11569 -1.862416e+06
 [3,]    3 0.0973567257 0.0097356964 641.9115   1900.81958  3.972980e+03
 [4,]    4 0.0486788628 0.0048683482 529.8954   1436.36675  9.249822e+03
 [5,]    5 0.0171203949 0.0017127854 447.1043    563.18673  2.259042e+04
 [6,]    6 0.0074861408 0.0007494467 423.3687     23.46451  1.743181e+04
 [7,]    7 0.0011786019 0.0000010000 650.7297  10556.54651 -2.070660e+06
 [8,]    8 0.0057688737 0.0005456774 420.5986     25.82211  6.101933e+03
 [9,]    9 0.0046830872 0.0004317936 420.4476    113.55713 -9.191680e+03
[10,]   10 0.0052921050 0.0004956710 420.3484     51.14692  6.205934e+02
[11,]   11 0.0049264206 0.0004838710 420.3120     61.92471 -7.359867e+02
[12,]   12 0.0037178658 0.0004639785 420.2229     90.65136 -2.477698e+03
[13,]   13 0.0000010000 0.0004027997 422.0010 -22186.76737  2.035540e+03
[14,]   14 0.0024198941 0.0004426142 420.1112    132.46885 -3.638606e+03
[15,]   15 0.0008699523 0.0004171025 419.8346    365.89352 -1.835826e+03
[16,]   16 0.0003778123 0.0004090020 419.5939    418.81291  9.544308e+02
[17,]   17 0.0000010000 0.0003977832 421.9901 -22264.93625  1.994034e+03
[18,]   18 0.0003273597 0.0004074998 419.5696    265.04143  1.334383e+03
[19,]   19 0.0001780411 0.0003875381 419.5364  -1747.96032  1.889930e+03
[20,]   20 0.0002932074 0.0004029342 419.5482    108.57153  1.373108e+03
[21,]   21 0.0002232472 0.0003778977 419.4896   -452.80878  5.548525e+02
[22,]   22 0.0002580120 0.0003757845 419.4895     73.87311 -2.240005e+02
[23,]   23 0.0002559545 0.0003782983 419.4922     18.92460  2.341078e+01
[24,]   24 0.0002579310 0.0003758835 419.4896     71.69322 -2.140796e+02
[25,]   25 0.0002580088 0.0003757884 419.4895     73.78560 -2.236021e+02
[26,]   26 0.0002580119 0.0003757846 419.4895     73.86960 -2.239845e+02
[27,]   27 0.0002580120 0.0003757845 419.4895     73.87297 -2.239999e+02
[28,]   28 0.0002580120 0.0003757845 419.4895     73.87311 -2.240005e+02
[29,]   29 0.0002580120 0.0003757845 419.4895     73.87311 -2.240005e+02
[30,]   30 0.0002580120 0.0003757845 419.4895     73.87311 -2.240005e+02
[31,]   31 0.0002580120 0.0003757845 419.4895     73.87311 -2.240005e+02
[32,]   32 0.0002580120 0.0003757845 419.4895     73.87311 -2.240005e+02
[33,]   33 0.0002580120 0.0003757845 419.4895     73.87311 -2.240005e+02
[34,]   34 0.0002580120 0.0003757845 419.4895     73.87311 -2.240005e+02
[35,]   35 0.0002580120 0.0003757845 419.4895     73.87311 -2.240005e+02

