[22;0t]0;IPython: scripts/01_msprime_simulations$par
[1] 0.0000010000 0.0001089391

$value
[1] -115.5791

$counts
function gradient 
      64       64 

$convergence
[1] 0

$message
[1] "CONVERGENCE: REL_REDUCTION_OF_F <= FACTR*EPSMCH"

$loginfo
      step  par1         par2         fn       gr1          gr2
 [1,]    1 1e-01 1.000000e-02   355.5804  2241.299    2644.6560
 [2,]    2 1e-06 1.000000e-06   143.2063 55392.850 -276241.4774
 [3,]    3 1e-06 1.000000e+01 24354.8216  2416.099    2323.5766
 [4,]    4 1e-06 3.289595e+00  8279.0216  2416.074    2467.2574
 [5,]    5 1e-06 1.082021e+00  2783.8868  2415.987    2508.7674
 [6,]    6 1e-06 3.560110e-01   961.5673  2415.709    2503.9465
 [7,]    7 1e-06 1.172541e-01   367.9480  2414.859    2446.2646
 [8,]    8 1e-06 3.872031e-02   180.5861  2412.270    2257.7102
 [9,]    9 1e-06 1.287015e-02   126.9888  2402.909    1687.6594
[10,]   10 1e-06 1.279201e-02   126.8571  2402.802    1682.4396
[11,]   11 1e-06 1.247943e-02   126.3346  2402.352    1660.9065
[12,]   12 1e-06 1.122911e-02   124.3171  2400.167    1562.7813
[13,]   13 1e-06 6.227835e-03   118.0858  2370.147     776.1131
[14,]   14 1e-06 5.724027e-04   116.3998  9221.270    1391.6235
[15,]   15 1e-06 1.000000e-06   143.2063 55392.850 -276241.4774
[16,]   16 1e-06 5.724027e-04   116.3998  9221.270    1391.6235
[17,]   17 1e-06 1.000000e-06   143.2063 55392.850 -276241.4774
[18,]   18 1e-06 4.271628e-04   116.1774  9544.656    1706.5160
[19,]   19 1e-06 2.140814e-04   115.7543  7347.769    1939.9448
[20,]   20 1e-06 2.122739e-04   115.7503  7295.656    1924.2829
[21,]   21 1e-06 2.110222e-04   115.7475  7259.041    1912.7321
[22,]   22 1e-06 1.060111e-04   115.5795  2938.095  -48622.0652
[23,]   23 1e-06 2.070476e-04   115.7388  7139.894    1871.9136
[24,]   24 1e-06 1.382341e-04   115.6033  4378.696   -2447.2051
[25,]   25 1e-06 1.060111e-04   115.5795  2938.095  -48622.0652
[26,]   26 1e-06 1.000000e+01 24354.8216  2416.099    2323.5766
[27,]   27 1e-06 3.100831e+00  7812.9216  2416.071    2471.1828
[28,]   28 1e-06 9.608257e-01  2479.7488  2415.970    2510.1407
[29,]   29 1e-06 2.981298e-01   816.7626  2415.628    2499.2164
[30,]   30 1e-06 9.292569e-02   308.7033  2414.527    2422.2370
[31,]   31 1e-06 2.929487e-02   159.6960  2410.984    2166.5125
[32,]   32 1e-06 9.466135e-03   121.7135  2395.419    1380.3640
[33,]   33 1e-06 3.187007e-03   117.7118  2145.831    -845.7518
[34,]   34 1e-06 1.096063e-03   116.9341  6903.083     657.3579
[35,]   35 1e-06 4.205039e-04   116.1661  9543.187    1723.5047
[36,]   36 1e-06 2.050470e-04   115.7344  7078.246    1848.7788
[37,]   37 1e-06 1.376042e-04   115.6024  4348.707   -2564.9278
[38,]   38 1e-06 1.159756e-04   115.5807  3341.036  -14182.4122
[39,]   39 1e-06 1.088742e-04   115.5791  3046.250  -32803.9533
[40,]   40 1e-06 1.148119e-04   115.5802  3290.614  -16122.2794
[41,]   41 1e-06 1.104187e-04   115.5791  3107.456  -26989.5536
[42,]   42 1e-06 1.092246e-04   115.5791  3059.969  -31358.3495
[43,]   43 1e-06 1.089495e-04   115.5791  3049.191  -32486.2509
[44,]   44 1e-06 1.088902e-04   115.5791  3046.874  -32736.2318
[45,]   45 1e-06 1.089294e-04   115.5791  3048.403  -32570.9733
[46,]   46 1e-06 1.089427e-04   115.5791  3048.923  -32515.0253
[47,]   47 1e-06 1.089322e-04   115.5791  3048.513  -32559.1331
[48,]   48 1e-06 1.089391e-04   115.5791  3048.783  -32530.0135
[49,]   49 1e-06 1.166431e-04   115.5810  3370.267  -13197.7170
[50,]   50 1e-06 1.110167e-04   115.5792  3131.637  -25082.3997
[51,]   51 1e-06 1.094201e-04   115.5791  3067.670  -30585.9967
[52,]   52 1e-06 1.090431e-04   115.5791  3052.851  -32096.8402
[53,]   53 1e-06 1.089612e-04   115.5791  3049.647  -32437.4019
[54,]   54 1e-06 1.089438e-04   115.5791  3048.966  -32510.3952
[55,]   55 1e-06 1.089401e-04   115.5791  3048.822  -32525.8658
[56,]   56 1e-06 1.089393e-04   115.5791  3048.791  -32529.1369
[57,]   57 1e-06 1.089392e-04   115.5791  3048.785  -32529.8282
[58,]   58 1e-06 1.089391e-04   115.5791  3048.784  -32529.9743
[59,]   59 1e-06 1.089391e-04   115.5791  3048.783  -32530.0052
[60,]   60 1e-06 1.089391e-04   115.5791  3048.783  -32530.0117
[61,]   61 1e-06 1.089391e-04   115.5791  3048.783  -32530.0074
[62,]   62 1e-06 1.089391e-04   115.5791  3048.783  -32530.0059

