[22;0t]0;IPython: scripts/01_msprime_simulations$par
[1] 0.0004602483 0.0009987852

$value
[1] -1011.158

$counts
function gradient 
      37       37 

$convergence
[1] 0

$message
[1] "CONVERGENCE: REL_REDUCTION_OF_F <= FACTR*EPSMCH"

$loginfo
      step         par1         par2       fn           gr1           gr2
 [1,]    1 0.1000000000 0.0100000000 1221.331  1.297521e+03  1.175110e+04
 [2,]    2 0.0000010000 0.0000010000 1666.178  1.151772e+05 -5.784976e+06
 [3,]    3 0.0581080702 0.0058111841 1116.139  8.236713e+02  1.704352e+04
 [4,]    4 0.0202515439 0.0020258721 1023.636  6.763201e+01  1.705737e+04
 [5,]    5 0.0075551007 0.0000010000 1806.808  3.320678e+03 -6.027086e+06
 [6,]    6 0.0161986913 0.0013795094 1016.322  4.771809e+01  1.662859e+03
 [7,]    7 0.0149521164 0.0012987416 1016.245  6.696882e+01 -1.964750e+03
 [8,]    8 0.0139595743 0.0013142062 1016.157  7.086211e+01 -9.859364e+02
 [9,]    9 0.0000010000 0.0014111552 1015.333 -2.586684e+04  1.643337e+03
[10,]   10 0.0139177835 0.0013144965 1016.154  7.112891e+01 -9.631119e+02
[11,]   11 0.0069593918 0.0013628258 1015.379  2.116610e+02  2.777626e+03
[12,]   12 0.0023279097 0.0013949937 1013.616  7.430438e+02  4.565823e+03
[13,]   13 0.0008352092 0.0014053612 1012.299  8.664528e+02  4.039262e+03
[14,]   14 0.0000010000 0.0013707931 1015.266 -2.593672e+04  1.641881e+03
[15,]   15 0.0005669000 0.0013942430 1012.094  1.453471e+02  3.714796e+03
[16,]   16 0.0011173859 0.0000010000 1741.313  3.486163e+04 -5.911511e+06
[17,]   17 0.0007316269 0.0009773301 1011.438  1.506880e+03 -2.479794e+03
[18,]   18 0.0003469996 0.0010997593 1011.370 -1.770684e+03  1.934006e+03
[19,]   19 0.0005430127 0.0010373671 1011.193  4.134162e+02  2.822848e+02
[20,]   20 0.0003674294 0.0009899516 1011.191 -1.056872e+03  4.564596e+02
[21,]   21 0.0004826063 0.0010210546 1011.167  6.574604e+01  2.993910e+02
[22,]   22 0.0004562194 0.0010024268 1011.159 -6.225864e+01  9.957012e+01
[23,]   23 0.0004602483 0.0009987852 1011.158 -1.368129e+00 -4.090633e-02
[24,]   24 0.0004604396 0.0009988483 1011.158  3.301698e-02 -3.241672e-02
[25,]   25 0.0004602486 0.0009987853 1011.158 -1.365689e+00 -4.089204e-02
[26,]   26 0.0004602483 0.0009987852 1011.158 -1.368125e+00 -4.090628e-02
[27,]   27 0.0004602483 0.0009987852 1011.158 -1.368129e+00 -4.090634e-02
[28,]   28 0.0004602483 0.0009987852 1011.158 -1.368129e+00 -4.090633e-02
[29,]   29 0.0004602483 0.0009987852 1011.158 -1.368129e+00 -4.090633e-02
[30,]   30 0.0004602483 0.0009987852 1011.158 -1.368129e+00 -4.090634e-02
[31,]   31 0.0004602483 0.0009987852 1011.158 -1.368129e+00 -4.090634e-02
[32,]   32 0.0004602483 0.0009987852 1011.158 -1.368129e+00 -4.090634e-02
[33,]   33 0.0004602483 0.0009987852 1011.158 -1.368129e+00 -4.090634e-02
[34,]   34 0.0004602483 0.0009987852 1011.158 -1.368129e+00 -4.090634e-02

