[22;0t]0;IPython: scripts/01_msprime_simulations$par
[1] 0.09683071 0.10569045

$value
[1] -29273.01

$counts
function gradient 
      31       31 

$convergence
[1] 0

$message
[1] "CONVERGENCE: REL_REDUCTION_OF_F <= FACTR*EPSMCH"

$loginfo
      step       par1        par2        fn           gr1           gr2
 [1,]    1 0.10000000  0.01000000  38089.09  1.995481e+04 -7.194887e+05
 [2,]    2 0.00000100 10.00000000  36396.58  2.416093e+03  1.318221e+03
 [3,]    3 0.06667134  3.33956650  30921.46  8.880029e+02  2.013564e+02
 [4,]    4 0.06255090  3.33856691  30917.78  7.989032e+02  1.997027e+02
 [5,]    5 0.04606916  3.33456853  30907.51  3.100594e+02  1.896131e+02
 [6,]    6 0.03346217  3.33035745  30906.51 -3.336001e+02  1.751335e+02
 [7,]    7 0.03883404  3.33108490  30905.74 -1.618616e+01  1.824514e+02
 [8,]    8 0.03871739  3.32988950  30905.53 -2.369817e+01  1.824008e+02
 [9,]    9 0.03825078  3.32510788  30904.67 -5.425176e+01  1.821573e+02
[10,]   10 0.03638433  3.30598139  30901.42 -1.850106e+02  1.805701e+02
[11,]   11 0.01753983  2.82849057  30849.31 -4.045116e+03  1.701184e+02
[12,]   12 0.01858744  1.96302564  30628.86 -4.268912e+03  3.381893e+02
[13,]   13 0.02096359  0.00000100 118365.47  7.964775e+04 -4.312619e+08
[14,]   14 0.01938394  1.30501066  30418.38 -3.536619e+03  3.133122e+02
[15,]   15 0.02042651  0.44370429  30033.97 -4.144133e+03  8.643285e+02
[16,]   16 0.02078440  0.14803892  29569.38 -9.428260e+03  2.620709e+03
[17,]   17 0.05099982  0.00000100 120208.92  4.764633e+04 -4.313157e+08
[18,]   18 0.03089750  0.09849062  29377.09 -5.518290e+03  1.148094e+03
[19,]   19 0.41615920  1.04488133  31482.71  3.159866e+03 -3.051527e+01
[20,]   20 0.06061734  0.17149703  29482.48 -1.286461e+03  3.381620e+03
[21,]   21 0.03570376  0.11029712  29371.62 -4.657089e+03  2.003664e+03
[22,]   22 0.06598290  0.07833064  29347.53  5.032756e+02 -6.720699e+03
[23,]   23 0.04997306  0.09523265  29308.98 -1.995649e+03 -2.217120e+02
[24,]   24 0.06391723  0.10061377  29287.69 -1.096717e+03  1.147926e+02
[25,]   25 0.07945929  0.10270539  29276.43 -4.199153e+02 -5.311124e+01
[26,]   26 0.08994018  0.10542154  29273.54 -1.646864e+02  1.324723e+02
[27,]   27 0.09546913  0.10517960  29273.04 -1.793455e+01 -6.015931e+01
[28,]   28 0.09691295  0.10584034  29273.02 -2.006615e+00  2.579313e+01
[29,]   29 0.09682798  0.10569151  29273.01 -9.361411e-02  2.714209e-01
[30,]   30 0.09683071  0.10569045  29273.01 -4.191315e-03  1.644403e-03

