[22;0t]0;IPython: scripts/01_msprime_simulations$par
[1] 0.007808068 1.020698621

$value
[1] -53890.48

$counts
function gradient 
      39       39 

$convergence
[1] 0

$message
[1] "CONVERGENCE: REL_REDUCTION_OF_F <= FACTR*EPSMCH"

$loginfo
      step        par1       par2        fn           gr1           gr2
 [1,]    1 0.100000000  0.0100000 126952.58  7.144879e+04 -3.280645e+06
 [2,]    2 0.000001000 10.0000000  57687.61 -3.905955e+06  5.810427e+02
 [3,]    3 3.055963376 10.0000000  65014.70  1.959422e+03  1.350010e+02
 [4,]    4 1.017661140 10.0000000  60110.84  3.061413e+03  2.738350e+02
 [5,]    5 0.338940675 10.0000000  57791.69  3.735576e+03  4.439542e+02
 [6,]    6 0.113017156 10.0000000  56967.60  3.284388e+03  5.118368e+02
 [7,]    7 0.112922177  9.9984389  56966.48  3.284174e+03  5.118023e+02
 [8,]    8 0.112542259  9.9921947  56962.04  3.283295e+03  5.116525e+02
 [9,]    9 0.111022590  9.9672178  56944.28  3.279412e+03  5.110154e+02
[10,]   10 0.104943913  9.8673101  56873.51  3.257159e+03  5.078649e+02
[11,]   11 0.080629206  9.4676795  56597.85  3.014286e+03  4.831099e+02
[12,]   12 0.000001000  8.1424938  56776.05 -4.243054e+06  4.479090e+02
[13,]   13 0.037011637  8.7507917  56150.76  1.373137e+03  4.886536e+02
[14,]   14 0.000001000  8.1455130  56777.40 -4.242621e+06  4.476085e+02
[15,]   15 0.021436297  8.4960697  56021.85 -9.606715e+02  4.779077e+02
[16,]   16 0.000001000  8.1399460  56774.91 -4.243404e+06  4.481365e+02
[17,]   17 0.013466334  8.3636576  55977.25 -4.237986e+03  4.764794e+02
[18,]   18 0.004588869  8.2090566  55990.91 -2.106187e+04  4.773360e+02
[19,]   19 0.009673520  8.2976058  55967.84 -7.746011e+03  4.749231e+02
[20,]   20 0.009112817  8.2825723  55965.25 -8.504872e+03  4.748902e+02
[21,]   21 0.005998792  8.0569385  55894.76 -1.518049e+04  4.532811e+02
[22,]   22 0.001236679  6.9827111  55676.78 -9.274148e+04  3.239025e+02
[23,]   23 0.007221073  4.1193718  54700.36 -1.176387e+04  3.572406e+02
[24,]   24 0.011963718  0.0000010 443578.63  1.155746e+05 -1.641223e+09
[25,]   25 0.008806502  2.7422982  54253.09 -6.351175e+03  3.296746e+02
[26,]   26 0.010385110  1.3711496  53945.67  1.659601e+03  3.622718e+01
[27,]   27 0.010598952  1.0863054  53902.04  4.590464e+03  1.178095e+02
[28,]   28 0.011414479  0.0000010 443515.03  0.000000e+00 -1.641223e+09
[29,]   29 0.010870800  0.7241966  53909.26  9.597417e+03  5.997902e+01
[30,]   30 0.010655015  1.0116286  53898.97  5.245688e+03 -4.372416e+01
[31,]   31 0.010638523  1.0335959  53898.51  5.063204e+03  1.026788e+01
[32,]   32 0.010495412  0.9307437  53905.08  5.921652e+03 -7.724617e+01
[33,]   33 0.010630297  1.0276841  53898.45  5.096771e+03 -4.699821e+00
[34,]   34 0.010078250  1.0255014  53895.85  4.348056e+03 -6.065012e+00
[35,]   35 0.006902947  1.0183961  53891.60 -2.579120e+03  1.775895e+00
[36,]   36 0.008086859  1.0214952  53890.58  6.725303e+02 -3.070419e-01
[37,]   37 0.007841844  1.0208052  53890.48  8.408073e+01 -1.180735e-02
[38,]   38 0.007806793  1.0206946  53890.48 -3.173103e+00  5.785478e-04
[39,]   39 0.007808068  1.0206986  53890.48  1.401771e-02  1.213630e-04

