[22;0t]0;IPython: scripts/01_msprime_simulations$par
[1] 0.003397455 0.401491741

$value
[1] -38597.74

$counts
function gradient 
      79       79 

$convergence
[1] 0

$message
[1] "CONVERGENCE: REL_REDUCTION_OF_F <= FACTR*EPSMCH"

$loginfo
      step         par1       par2        fn           gr1           gr2
 [1,]    1 0.1000000000  0.0100000  88611.08  4.848442e+04 -2.243579e+06
 [2,]    2 0.0000010000 10.0000000  47430.03 -2.690651e+06  9.772084e+02
 [3,]    3 3.0466831555 10.0000000  54805.08  2.124411e+03  8.068492e+02
 [4,]    4 1.0141375922 10.0000000  49831.73  2.878849e+03  8.446157e+02
 [5,]    5 0.3376329212 10.0000000  47742.60  3.277698e+03  9.096043e+02
 [6,]    6 0.1125360812 10.0000000  47019.57  2.942598e+03  9.474642e+02
 [7,]    7 0.1124130963  9.9957763  47015.20  2.942929e+03  9.476430e+02
 [8,]    8 0.1119211570  9.9788813  46997.74  2.944265e+03  9.483818e+02
 [9,]    9 0.1099533995  9.9113015  46927.74  2.949734e+03  9.516360e+02
[10,]   10 0.1020823698  9.6409822  46644.51  2.988884e+03  9.739288e+02
[11,]   11 0.0705982510  8.5597051  45477.21  2.942529e+03  9.798554e+02
[12,]   12 0.0000010000  6.1351434  43606.58 -3.443523e+06  9.576265e+02
[13,]   13 0.0698488218  8.5339670  45449.80  2.933847e+03  9.790015e+02
[14,]   14 0.0230510594  6.9267647  43712.24  7.971827e+02  1.001463e+03
[15,]   15 0.0077033358  6.3996691  43189.11 -6.874792e+03  1.061456e+03
[16,]   16 0.0000010000  6.1210176  43593.07 -3.447244e+06  9.552974e+02
[17,]   17 0.0044598908  6.2823292  43100.13 -1.578149e+04  1.034990e+03
[18,]   18 0.0000010000  6.0336318  43510.00 -3.481687e+06  9.502395e+02
[19,]   19 0.0026713546  6.1825725  43036.44 -2.984420e+04  1.020712e+03
[20,]   20 0.0000010000  5.7997065  43277.68 -3.545032e+06  1.010447e+03
[21,]   21 0.0014385183  6.0058128  42908.61 -5.910777e+04  1.006002e+03
[22,]   22 0.0000010000  4.9315478  42438.84 -3.335606e+06  8.821021e+02
[23,]   23 0.0011429655  5.7849446  42706.14 -7.235207e+04  9.874394e+02
[24,]   24 0.0005719827  5.3582462  42367.37 -1.459374e+05  8.909153e+02
[25,]   25 0.0036122270  0.0000010 306634.59  1.026668e+05 -1.136603e+09
[26,]   26 0.0016000687  3.5463075  40706.51 -4.947859e+04  7.806388e+02
[27,]   27 0.0023575653  0.0000010 306502.18  1.088604e+05 -1.136594e+09
[28,]   28 0.0018545291  2.3550221  39856.95 -4.078777e+04  7.738781e+02
[29,]   29 0.0021060472  1.1775116  39059.91 -3.212613e+04  6.707777e+02
[30,]   30 0.0025833856  0.0000010 306526.61  1.075394e+05 -1.136595e+09
[31,]   31 0.0022654863  0.7842030  38778.89 -2.485812e+04  5.326889e+02
[32,]   32 0.0027248722  0.0000010 306541.77  1.067610e+05 -1.136596e+09
[33,]   33 0.0024187527  0.5225672  38622.68 -1.713813e+04  3.148798e+02
[34,]   34 0.0030035452  0.1529964  40614.60  2.654698e+04 -3.238831e+04
[35,]   35 0.0025731131  0.4250162  38607.30 -1.088551e+04  3.261764e+02
[36,]   36 0.0027395360  0.3198421  38701.10 -6.716410e+02 -2.198637e+03
[37,]   37 0.0025967837  0.4100571  38602.43 -9.585546e+03  2.580327e+02
[38,]   38 0.0021992749  0.0000010 306484.87  1.098439e+05 -1.136592e+09
[39,]   39 0.0024643192  0.2734114  38869.06  3.598527e+02 -5.191658e+03
[40,]   40 0.0025867429  0.3996994  38601.02 -8.972324e+03 -3.695042e-01
[41,]   41 0.0352368054  0.4775457  39018.05  1.346172e+04 -6.175390e+02
[42,]   42 0.0062005884  0.4083157  38617.76  1.165349e+04 -5.457869e+01
[43,]   43 0.0034987942  0.4018739  38597.78  7.901571e+02  3.826058e+00
[44,]   44 0.0034242585  0.4015569  38597.74  2.110332e+02  1.121394e-01
[45,]   45 0.0033974544  0.4014917  38597.74 -7.775728e+00  1.527540e-01
[46,]   46 0.0033983606  0.4014879  38597.74  1.240419e-01 -2.606495e-02
[47,]   47 0.0033975984  0.4014911  38597.74 -6.519470e+00  1.243249e-01
[48,]   48 0.0033974819  0.4014916  38597.74 -7.535324e+00  1.473117e-01
[49,]   49 0.0033974598  0.4014917  38597.74 -7.728322e+00  1.516792e-01
[50,]   50 0.0033974554  0.4014917  38597.74 -7.766336e+00  1.525390e-01
[51,]   51 0.0033974546  0.4014917  38597.74 -7.773908e+00  1.526992e-01
[52,]   52 0.0033974544  0.4014917  38597.74 -7.775504e+00  1.527444e-01
[53,]   53 0.0033974544  0.4014917  38597.74 -7.775716e+00  1.527524e-01
[54,]   54 0.0033974544  0.4014917  38597.74 -7.775727e+00  1.527544e-01
[55,]   55 0.0033974544  0.4014917  38597.74 -7.775728e+00  1.527541e-01
[56,]   56 0.0033974544  0.4014917  38597.74 -7.775728e+00  1.527541e-01
[57,]   57 0.0033974544  0.4014917  38597.74 -7.775727e+00  1.527541e-01
[58,]   58 0.0033974544  0.4014917  38597.74 -7.775728e+00  1.527541e-01
[59,]   59 0.0033974544  0.4014917  38597.74 -7.775728e+00  1.527541e-01
[60,]   60 0.0033974544  0.4014917  38597.74 -7.775727e+00  1.527536e-01
[61,]   61 0.0033974544  0.4014917  38597.74 -7.775727e+00  1.527536e-01
[62,]   62 0.0033974544  0.4014917  38597.74 -7.775727e+00  1.527537e-01
[63,]   63 0.0033974544  0.4014917  38597.74 -7.775727e+00  1.527536e-01
[64,]   64 7.7791252812  0.2487377  53598.08  4.773921e+02 -3.384585e+04
[65,]   65 0.0098911611  0.4013642  38672.77  1.628167e+04 -4.249858e+02
[66,]   66 0.0033988281  0.4014917  38597.74  3.775691e+00  5.190770e-02
[67,]   67 0.0033976414  0.4014917  38597.74 -6.201931e+00  1.390079e-01
[68,]   68 0.0033974865  0.4014917  38597.74 -7.505640e+00  1.503831e-01
[69,]   69 0.0033974601  0.4014917  38597.74 -7.727780e+00  1.523353e-01
[70,]   70 0.0033974554  0.4014917  38597.74 -7.766964e+00  1.526550e-01
[71,]   71 0.0033974545  0.4014917  38597.74 -7.774384e+00  1.527402e-01
[72,]   72 0.0033974551  0.4014917  38597.74 -7.769487e+00  1.526900e-01
[73,]   73 0.0033974546  0.4014917  38597.74 -7.773711e+00  1.527360e-01
[74,]   74 0.0033974549  0.4014917  38597.74 -7.770924e+00  1.527118e-01
[75,]   75 0.0033974550  0.4014917  38597.74 -7.769974e+00  1.527011e-01
[76,]   76 0.0033974549  0.4014917  38597.74 -7.770873e+00  1.526922e-01
[77,]   77 0.0033974549  0.4014917  38597.74 -7.770924e+00  1.527118e-01

