[22;0t]0;IPython: scripts/01_msprime_simulations$par
[1] 0.000001 3.886167

$value
[1] -30854.95

$counts
function gradient 
      11       11 

$convergence
[1] 0

$message
[1] "CONVERGENCE: REL_REDUCTION_OF_F <= FACTR*EPSMCH"

$loginfo
      step       par1      par2       fn       gr1           gr2
 [1,]    1 0.10000000  0.010000 38316.45 19429.696 -6.994415e+05
 [2,]    2 0.00000100 10.000000 36276.69  2416.098  1.328231e+03
 [3,]    3 0.06666648  3.340052 31094.14  2150.082 -3.213179e+02
 [4,]    4 0.05645441  3.341433 31071.79  2138.085 -3.256354e+02
 [5,]    5 0.01560616  3.346955 30983.88  2078.873 -3.500827e+02
 [6,]    6 0.00000100  3.349065 30949.43  2412.785 -3.707381e+02
 [7,]    7 0.00000100  3.350831 30948.77  2412.851 -3.693182e+02
 [8,]    8 0.00000100  3.810209 30856.68  2415.832 -4.589058e+01
 [9,]    9 0.00000100  3.875390 30854.98  2415.887 -6.398301e+00
[10,]   10 0.00000100  3.885950 30854.95  2415.894 -1.290726e-01
[11,]   11 0.00000100  3.886167 30854.95  2415.895  1.571607e-05

