[22;0t]0;IPython: scripts/01_msprime_simulations$par
[1] 4.0277851874 0.0004506545

$value
[1] -394.7857

$counts
function gradient 
      31       31 

$convergence
[1] 0

$message
[1] "CONVERGENCE: REL_REDUCTION_OF_F <= FACTR*EPSMCH"

$loginfo
      step         par1         par2       fn           gr1           gr2
 [1,]    1  0.100000000 0.0100000000 619.2189  1.982141e+03  3.007183e+03
 [2,]    2  0.000001000 0.0000010000 565.8753  1.074899e+05 -1.677457e+06
 [3,]    3  0.096348875 0.0096349204 610.9002  1.967154e+03  3.068767e+03
 [4,]    4  0.048174938 0.0048179602 504.3545  1.550500e+03  6.167084e+03
 [5,]    5  0.017080236 0.0017087699 429.2894  5.236316e+02  2.388075e+04
 [6,]    6  0.007948967 0.0007957251 402.7878 -4.226074e+01  2.622885e+04
 [7,]    7 10.000000000 0.0000010000 624.7937 -9.091536e-06 -1.976787e+06
 [8,]    8  4.040135198 0.0004750222 394.8515 -5.408789e-03  3.778185e+03
 [9,]    9  3.799892443 0.0000010000 624.7938 -1.427907e-05 -1.976733e+06
[10,]   10  3.998193840 0.0003922679 395.1933 -5.435263e-03 -1.733269e+04
[11,]   11  4.027785187 0.0004506545 394.7857 -5.451010e-03 -1.588673e+03
[12,]   12  4.031986206 0.0004578802 394.7921 -5.440960e-03  6.537404e+01
[13,]   13  4.028454391 0.0004518055 394.7859 -5.450239e-03 -1.321462e+03
[14,]   14  4.027911038 0.0004508709 394.7857 -5.452731e-03 -1.538312e+03
[15,]   15  4.027809573 0.0004506964 394.7857 -5.453880e-03 -1.578911e+03
[16,]   16  4.027789940 0.0004506626 394.7857 -5.453066e-03 -1.586770e+03
[17,]   17  4.027786114 0.0004506561 394.7857 -5.454787e-03 -1.588302e+03
[18,]   18  4.027785368 0.0004506548 394.7857 -5.452436e-03 -1.588601e+03
[19,]   19  4.027785223 0.0004506545 394.7857 -5.453641e-03 -1.588659e+03
[20,]   20  4.027785194 0.0004506545 394.7857 -5.452596e-03 -1.588670e+03
[21,]   21  4.027785189 0.0004506545 394.7857 -5.454164e-03 -1.588672e+03
[22,]   22  4.027785188 0.0004506545 394.7857 -5.453630e-03 -1.588673e+03
[23,]   23  4.027785187 0.0004506545 394.7857 -5.454436e-03 -1.588673e+03
[24,]   24  4.027785187 0.0004506545 394.7857 -5.451545e-03 -1.588673e+03
[25,]   25  4.027785187 0.0004506545 394.7857 -5.451871e-03 -1.588673e+03
[26,]   26  4.027785187 0.0004506545 394.7857 -5.451528e-03 -1.588673e+03
[27,]   27  4.027785187 0.0004506545 394.7857 -5.451528e-03 -1.588673e+03
[28,]   28  4.027785187 0.0004506545 394.7857 -5.451381e-03 -1.588673e+03
[29,]   29  4.027785187 0.0004506545 394.7857 -5.451535e-03 -1.588673e+03
[30,]   30  4.027785187 0.0004506545 394.7857 -5.451528e-03 -1.588673e+03

