[22;0t]0;IPython: scripts/01_msprime_simulations$par
[1] 0.05702490 0.01001876

$value
[1] -5446.339

$counts
function gradient 
      18       18 

$convergence
[1] 0

$message
[1] "CONVERGENCE: REL_REDUCTION_OF_F <= FACTR*EPSMCH"

$loginfo
      step       par1        par2       fn           gr1           gr2
 [1,]    1 0.10000000 0.010000000 5449.237  1.031137e+02 -2.331583e+03
 [2,]    2 0.00001000 1.000000000 6146.405  2.415514e+03  1.527570e+03
 [3,]    3 0.07434274 0.264032251 5751.455  2.279901e+03 -7.049369e+02
 [4,]    4 0.09621429 0.047482323 5864.359  1.702631e+03  5.804686e+03
 [5,]    5 0.09985798 0.011406093 5451.178  6.386282e+01  4.621194e+03
 [6,]    6 0.09995837 0.010412146 5448.767  8.915085e+01  1.495644e+01
 [7,]    7 0.09994265 0.010411007 5448.766  8.916920e+01  9.356087e+00
 [8,]    8 0.09987978 0.010406452 5448.760  8.924286e+01 -1.306035e+01
 [9,]    9 0.09962829 0.010388228 5448.739  8.954156e+01 -1.029671e+02
[10,]   10 0.09862231 0.010315333 5448.669  9.080215e+01 -4.664857e+02
[11,]   11 0.09298077 0.010137801 5448.309  9.068262e+01 -1.258348e+03
[12,]   12 0.07264490 0.009776928 5447.274  7.417442e+01 -2.385182e+03
[13,]   13 0.04724834 0.009574235 5446.826 -3.148172e+01 -1.560655e+03
[14,]   14 0.05994422 0.009847769 5446.475  2.723564e+01 -1.129590e+03
[15,]   15 0.05789937 0.010040939 5446.341  3.227741e+00  5.265146e+01
[16,]   16 0.05710312 0.010021750 5446.339  2.233135e-01  9.878449e+00
[17,]   17 0.05702343 0.010018759 5446.339 -8.314405e-03  1.133875e-01
[18,]   18 0.05702490 0.010018757 5446.339  3.191872e-05 -6.012897e-04

