[22;0t]0;IPython: scripts/01_msprime_simulations$par
[1] 0.067236690 0.001484488

$value
[1] -1109.354

$counts
function gradient 
      18       18 

$convergence
[1] 0

$message
[1] "CONVERGENCE: REL_REDUCTION_OF_F <= FACTR*EPSMCH"

$loginfo
      step        par1        par2       fn           gr1           gr2
 [1,]    1 0.100000000 0.010000000 1320.707  1.221646e+03  1.140842e+04
 [2,]    2 0.000001000 0.000001000 1840.205  1.192547e+05 -6.431090e+06
 [3,]    3 0.059228333 0.005923200 1219.742  6.507962e+02  1.980896e+04
 [4,]    4 0.020618774 0.002062592 1117.216 -7.661046e+01  1.857137e+04
 [5,]    5 0.008651754 0.000001000 1998.372  2.944903e+03 -6.673412e+06
 [6,]    6 0.016805225 0.001405621 1110.417 -6.315831e+01 -8.025711e+02
 [7,]    7 0.018579445 0.001446500 1110.312 -6.528583e+01  8.999828e+02
 [8,]    8 0.025795889 0.001501943 1110.002 -4.895959e+01  2.553987e+03
 [9,]    9 0.036592929 0.001523369 1109.672 -2.510007e+01  2.748007e+03
[10,]   10 0.045685739 0.001498507 1109.459 -1.165073e+01  1.127996e+03
[11,]   11 0.053613813 0.001481621 1109.383 -5.077600e+00  2.089261e+01
[12,]   12 0.059826041 0.001481825 1109.361 -2.147139e+00 -7.309422e+01
[13,]   13 0.066341921 0.001542909 1109.456 -4.694002e-01  3.129217e+03
[14,]   14 0.060284058 0.001486119 1109.361 -2.031521e+00  1.586831e+02
[15,]   15 0.064589895 0.001485045 1109.355 -6.523009e-01  5.300162e+01
[16,]   16 0.066624467 0.001484483 1109.354 -1.385966e-01  4.349116e+00
[17,]   17 0.067178875 0.001484491 1109.354 -1.310800e-02  5.446782e-01
[18,]   18 0.067236690 0.001484488 1109.354 -3.038031e-04 -2.719939e-03

