[22;0t]0;IPython: scripts/01_msprime_simulations$par
[1] 1.000000e-06 3.786296e-05

$value
[1] -110.4817

$counts
function gradient 
      46       46 

$convergence
[1] 0

$message
[1] "CONVERGENCE: REL_REDUCTION_OF_F <= FACTR*EPSMCH"

$loginfo
      step  par1         par2         fn       gr1          gr2
 [1,]    1 1e-01 1.000000e-02   353.1230  2228.515    2767.7172
 [2,]    2 1e-06 1.000000e-06   137.2168 54578.526 -268487.1555
 [3,]    3 1e-06 1.000000e+01 24354.8216  2416.088    2323.5766
 [4,]    4 1e-06 3.288337e+00  8275.9176  2415.994    2467.2836
 [5,]    5 1e-06 1.081181e+00  2781.7781  2415.572    2508.7778
 [6,]    6 1e-06 3.555876e-01   960.5073  2414.114    2503.9190
 [7,]    7 1e-06 1.170602e-01   367.4734  2409.583    2446.1134
 [8,]    8 1e-06 3.863153e-02   180.3857  2395.838    2257.0598
 [9,]    9 1e-06 1.282511e-02   126.9128  2354.462    1684.6620
[10,]   10 1e-06 1.274514e-02   126.7783  2354.068    1679.2822
[11,]   11 1e-06 1.242528e-02   126.2447  2352.442    1657.0702
[12,]   12 1e-06 1.114584e-02   124.1872  2344.944    1555.4690
[13,]   13 1e-06 6.028083e-03   117.9364  2269.933     717.5941
[14,]   14 1e-06 9.844822e-04   114.7789  7094.597    2468.8450
[15,]   15 1e-06 1.000000e-06   137.2168     0.000 -268487.1555
[16,]   16 1e-06 6.671772e-04   113.8425  8027.602    3578.8742
[17,]   17 1e-06 3.037617e-04   112.0726  6707.055    6881.7539
[18,]   18 1e-06 1.000000e-06   137.2168 54578.526 -268487.1555
[19,]   19 1e-06 2.713793e-04   111.8441  6094.278    7399.9396
[20,]   20 1e-06 1.361896e-04   110.6900  1527.442    5251.4181
[21,]   21 1e-06 1.000000e-06   137.2168 54578.526 -268487.1555
[22,]   22 1e-06 1.351111e-04   110.6797  1483.316    5059.4206
[23,]   23 1e-06 6.805556e-05   110.1712  1329.186    8178.0715
[24,]   24 1e-06 6.776825e-05   110.1708  1358.143    8156.1719
[25,]   25 1e-06 2.370120e-05   111.1694 24245.298   -5972.1328
[26,]   26 1e-06 6.535344e-05   110.1685  1623.556    7955.8854
[27,]   27 1e-06 3.786296e-05   110.4817  9833.977    2240.7401
[28,]   28 1e-06 1.000000e-06   137.2168 54578.526 -268487.1555
[29,]   29 1e-06 3.784135e-05   110.4823  9848.193    2233.3033
[30,]   30 1e-06 3.786266e-05   110.4817  9834.175    2240.6364
[31,]   31 1e-06 3.786296e-05   110.4817  9833.979    2240.7386
[32,]   32 1e-06 3.786296e-05   110.4817  9833.977    2240.7400
[33,]   33 1e-06 3.786296e-05   110.4817  9833.977    2240.7401
[34,]   34 1e-06 3.786296e-05   110.4817  9833.977    2240.7401
[35,]   35 1e-06 3.786296e-05   110.4817  9833.977    2240.7401
[36,]   36 1e-06 3.786296e-05   110.4817  9833.977    2240.7401
[37,]   37 1e-06 3.786296e-05   110.4817  9833.977    2240.7401
[38,]   38 1e-06 3.786296e-05   110.4817  9833.977    2240.7401
[39,]   39 1e-06 3.786296e-05   110.4817  9833.977    2240.7401
[40,]   40 1e-06 3.786296e-05   110.4817  9833.977    2240.7401
[41,]   41 1e-06 3.786296e-05   110.4817  9833.977    2240.7401
[42,]   42 1e-06 3.786296e-05   110.4817  9833.977    2240.7401
[43,]   43 1e-06 3.786296e-05   110.4817  9833.977    2240.7401
[44,]   44 1e-06 3.786296e-05   110.4817  9833.977    2240.7401

