[22;0t]0;IPython: scripts/01_msprime_simulations$par
[1] 0.03615547 0.01036353

$value
[1] -5714.44

$counts
function gradient 
      23       23 

$convergence
[1] 0

$message
[1] "CONVERGENCE: REL_REDUCTION_OF_F <= FACTR*EPSMCH"

$loginfo
      step       par1         par2        fn           gr1           gr2
 [1,]    1 0.10000000  0.010000000  5726.963  2.121427e+02 -6.624496e+03
 [2,]    2 0.00000100 10.000000000 25690.360  2.416088e+03  2.212074e+03
 [3,]    3 0.07647420  2.360250650  9055.946  2.413456e+03  2.038844e+03
 [4,]    4 0.09378226  0.631158208  6150.186  2.373762e+03  8.897298e+02
 [5,]    5 0.09817650  0.192169383  6128.257  2.470464e+03 -1.020407e+03
 [6,]    6 0.09965419  0.044547047  6101.724  1.532179e+03  6.948741e+03
 [7,]    7 0.09996809  0.013188219  5731.672  1.412305e+02  7.508280e+03
 [8,]    8 0.09998830  0.011168938  5723.337  1.732380e+02  5.234335e+01
 [9,]    9 0.09995800  0.011159901  5723.331  1.734765e+02  9.486414e+00
[10,]   10 0.09983683  0.011123754  5723.313  1.744416e+02 -1.629793e+02
[11,]   11 0.09914209  0.011031358  5723.226  1.769993e+02 -6.005822e+02
[12,]   12 0.09683147  0.010863655  5722.977  1.820751e+02 -1.388385e+03
[13,]   13 0.09030770  0.010583150  5722.325  1.920838e+02 -2.669893e+03
[14,]   14 0.07064760  0.010036165  5720.392  2.152055e+02 -4.856757e+03
[15,]   15 0.00000100  0.008573091  5816.275 -2.007889e+05  3.647873e+03
[16,]   16 0.04588813  0.009523403  5717.796  2.056031e+02 -5.734181e+03
[17,]   17 0.00000100  0.008936862  5816.535 -1.996643e+05 -2.998849e+03
[18,]   18 0.03009897  0.009321582  5716.507  4.688005e+01 -4.363517e+03
[19,]   19 0.03551282  0.009846036  5715.025  5.846139e+01 -2.403166e+03
[20,]   20 0.03473671  0.010332090  5714.454 -2.058112e+01  3.231583e+01
[21,]   21 0.03669178  0.010382533  5714.442  6.292993e+00  2.119119e+01
[22,]   22 0.03618666  0.010364344  5714.440  4.032781e-01 -1.430393e-01
[23,]   23 0.03615547  0.010363528  5714.440 -5.688653e-03 -6.931736e-02

