[22;0t]0;IPython: scripts/01_msprime_simulations$par
[1] 0.0009019217 0.0005431997

$value
[1] -438.0426

$counts
function gradient 
      36       36 

$convergence
[1] 0

$message
[1] "CONVERGENCE: REL_REDUCTION_OF_F <= FACTR*EPSMCH"

$loginfo
      step         par1         par2       fn           gr1           gr2
 [1,]    1 0.1000000000 0.0100000000 661.3784   1880.091643  5.305403e+03
 [2,]    2 0.0000010000 0.0000010000 652.8772  93999.156704 -2.000748e+06
 [3,]    3 0.0977776354 0.0097777835 656.0188   1870.517448  5.423122e+03
 [4,]    4 0.0488893177 0.0048893918 537.1239   1523.433546  9.224335e+03
 [5,]    5 0.0172606909 0.0017268138 458.7399    793.106791  1.480762e+04
 [6,]    6 0.0058692949 0.0005877767 440.6578    394.856280 -4.921119e+03
 [7,]    7 0.0000010000 0.0062784788 451.2594  -4263.229478 -4.431210e+02
 [8,]    8 0.0043538326 0.0020573764 451.7489   1057.791162  7.581548e+03
 [9,]    9 0.0057047569 0.0007473352 440.7346    372.080265  4.358431e+03
[10,]   10 0.0058043976 0.0006507099 440.5157    379.506746 -2.966669e+02
[11,]   11 0.0000010000 0.0006416549 450.0746 -69414.435259  3.000360e+02
[12,]   12 0.0036495437 0.0006473477 439.6155    476.554634  3.073027e+02
[13,]   13 0.0013314135 0.0006437308 438.3413    379.450328  2.868538e+03
[14,]   14 0.0004965319 0.0006424281 438.9251  -3447.286256  5.465359e+03
[15,]   15 0.0010836670 0.0006433442 438.2800     47.404707  3.518392e+03
[16,]   16 0.0000010000 0.0005881905 450.0601 -72346.908107  1.872493e+02
[17,]   17 0.0007953134 0.0006286548 438.3052   -809.084167  4.032875e+03
[18,]   18 0.0009661692 0.0006373586 438.2634   -207.646832  3.688584e+03
[19,]   19 0.0008797519 0.0004942239 438.0927    299.373671 -3.775386e+03
[20,]   20 0.0009231502 0.0005661054 438.0644    -37.177128  8.758597e+02
[21,]   21 0.0009019217 0.0005431997 438.0426     26.281452 -3.139540e+02
[22,]   22 0.0009027885 0.0005488211 438.0456     -4.263507  2.140524e+01
[23,]   23 0.0009019865 0.0005436199 438.0428     23.960033 -2.884140e+02
[24,]   24 0.0009019269 0.0005432332 438.0426     26.096127 -3.119147e+02
[25,]   25 0.0009019221 0.0005432024 438.0426     26.266600 -3.137905e+02
[26,]   26 0.0009019217 0.0005432000 438.0426     26.280261 -3.139409e+02
[27,]   27 0.0009019217 0.0005431998 438.0426     26.281357 -3.139529e+02
[28,]   28 0.0009019217 0.0005431997 438.0426     26.281444 -3.139539e+02
[29,]   29 0.0009019217 0.0005431997 438.0426     26.281451 -3.139540e+02
[30,]   30 0.0009019217 0.0005431997 438.0426     26.281452 -3.139540e+02
[31,]   31 0.0009019217 0.0005431997 438.0426     26.281452 -3.139540e+02
[32,]   32 0.0009019217 0.0005431997 438.0426     26.281452 -3.139540e+02
[33,]   33 0.0009019217 0.0005431997 438.0426     26.281452 -3.139540e+02
[34,]   34 0.0009019217 0.0005431997 438.0426     26.281452 -3.139540e+02
[35,]   35 0.0009019217 0.0005431997 438.0426     26.281452 -3.139540e+02
[36,]   36 0.0009019217 0.0005431997 438.0426     26.281452 -3.139540e+02

