[22;0t]0;IPython: scripts/01_msprime_simulations$par
[1] 0.05745699 0.10333390

$value
[1] -28237.01

$counts
function gradient 
      31       31 

$convergence
[1] 0

$message
[1] "CONVERGENCE: REL_REDUCTION_OF_F <= FACTR*EPSMCH"

$loginfo
      step       par1        par2        fn           gr1           gr2
 [1,]    1 0.10000000  0.01000000  36909.86  1.978642e+04 -6.972061e+05
 [2,]    2 0.00000100 10.00000000  36030.47  2.416080e+03  1.348788e+03
 [3,]    3 0.06667693  3.33900805  30041.23  7.968077e+02  3.412354e+02
 [4,]    4 0.06284930  3.33731339  30037.80  6.962208e+02  3.378996e+02
 [5,]    5 0.03124524  3.31976225  30030.43 -9.106479e+02  2.980850e+02
 [6,]    6 0.04576913  3.32504814  30026.74  6.776097e+01  3.193571e+02
 [7,]    7 0.04311761  3.32138303  30025.58 -7.045337e+01  3.157208e+02
 [8,]    8 0.03653863  3.30459839  30022.17 -5.000004e+02  3.052330e+02
 [9,]    9 0.03296151  3.27626126  30015.98 -8.274404e+02  2.985859e+02
[10,]   10 0.02082676  3.04641373  29970.02 -2.972532e+03  2.779751e+02
[11,]   11 0.01369916  2.43840469  29851.67 -7.580143e+03  2.590110e+02
[12,]   12 0.01914738  0.00000100 114606.00  7.892674e+04 -4.181603e+08
[13,]   13 0.01552581  1.62086961  29513.43 -6.274881e+03  4.859720e+02
[14,]   14 0.01733660  0.81043531  29127.20 -5.434530e+03  3.944849e+02
[15,]   15 0.01853172  0.27554866  28682.90 -6.366242e+03  1.514636e+03
[16,]   16 0.01894185  0.09198758  28328.86 -8.223853e+03  4.727861e+02
[17,]   17 0.02954639  0.00000100 115348.66  6.468836e+04 -4.181817e+08
[18,]   18 0.02247264  0.06136060  28401.04 -5.258371e+02 -9.097249e+03
[19,]   19 0.01983125  0.08427269  28322.37 -6.915952e+03 -6.206722e+02
[20,]   20 1.82762348  2.24535214  33790.49  2.135820e+03 -2.739535e+01
[21,]   21 0.38943064  0.52610092  30042.57  2.821874e+03  1.595347e+03
[22,]   22 0.08645782  0.16391973  28370.94  6.930581e+02  3.133320e+03
[23,]   23 0.04411001  0.11329612  28253.49 -1.401529e+03  1.418124e+03
[24,]   24 0.04597696  0.10474865  28242.46 -9.657923e+02  5.803027e+02
[25,]   25 0.05020760  0.09887657  28238.98 -3.326163e+02 -3.810398e+02
[26,]   26 0.05242777  0.10120256  28237.75 -2.559656e+02 -1.203652e+02
[27,]   27 0.05650002  0.10325919  28237.03 -5.533060e+01  2.324545e+01
[28,]   28 0.05731129  0.10336185  28237.01 -9.639416e+00  9.162297e+00
[29,]   29 0.05745419  0.10333697  28237.01 -2.699663e-01  5.639779e-01
[30,]   30 0.05745699  0.10333390  28237.01  4.089670e-03  2.585308e-02

