[22;0t]0;IPython: scripts/01_msprime_simulations$par
[1] 1.857059e-02 9.939042e-05

$value
[1] -109.539

$counts
function gradient 
      59       59 

$convergence
[1] 0

$message
[1] "CONVERGENCE: REL_REDUCTION_OF_F <= FACTR*EPSMCH"

$loginfo
      step       par1         par2         fn          gr1          gr2
 [1,]    1 0.10000000 1.000000e-02   352.6739  2220.098061    2949.2684
 [2,]    2 0.00000100 1.000000e-06   137.1756 36970.419293 -269389.0990
 [3,]    3 0.00000100 1.000000e+01 24354.8216  2416.087798    2323.5766
 [4,]    4 0.00000100 3.288485e+00  8276.2833  2415.994062    2467.2807
 [5,]    5 0.00000100 1.081279e+00  2782.0236  2415.572524    2508.7766
 [6,]    6 0.00000100 3.556355e-01   960.6272  2414.114624    2503.9221
 [7,]    7 0.00000100 1.170807e-01   367.5236  2409.584079    2446.1294
 [8,]    8 0.00000100 3.863947e-02   180.4036  2395.841763    2257.1181
 [9,]    9 0.00000100 1.282779e-02   126.9173  2354.618985    1684.8415
[10,]   10 0.00000100 1.274807e-02   126.7832  2354.233305    1679.4802
[11,]   11 0.00000100 1.242917e-02   126.2511  2352.641100    1657.3472
[12,]   12 0.00000100 1.115359e-02   124.1992  2345.360575    1556.1540
[13,]   13 0.00000100 6.051249e-03   117.9531  2283.789663     724.5683
[14,]   14 0.00000100 9.380483e-04   114.6561  2958.815006    2604.7753
[15,]   15 0.00000100 1.000000e-06   137.1756 36970.419293 -269389.0990
[16,]   16 0.00000100 6.376903e-04   113.7258  1177.493369    3757.5125
[17,]   17 0.00000100 2.952504e-04   111.9809 -8104.521365    7213.9941
[18,]   18 0.05659959 1.000000e-06   150.2789     2.030552 -406656.4314
[19,]   19 0.01824423 2.004057e-04   111.6756    27.593552   33937.3449
[20,]   20 0.01883898 1.000000e-06   150.0396    18.903485 -405135.7102
[21,]   21 0.01828648 1.862386e-04   111.1373    22.503599   29172.8271
[22,]   22 0.01857059 9.939042e-05   109.5390     8.887108   21052.1172
[23,]   23 0.01891129 1.000000e-06   150.0409    18.766540 -405143.1182
[24,]   24 0.01857473 9.819315e-05   109.5522     8.871323   20448.9893
[25,]   25 0.01857111 9.923988e-05   109.5406     8.884907   20976.9612
[26,]   26 0.01857065 9.937121e-05   109.5392     8.886823   21042.5379
[27,]   27 0.01857060 9.938797e-05   109.5390     8.887071   21050.8928
[28,]   28 0.01857059 9.939011e-05   109.5390     8.887103   21051.9607
[29,]   29 0.01857059 9.939038e-05   109.5390     8.887107   21052.0972
[30,]   30 0.01857059 9.939042e-05   109.5390     8.887107   21052.1147
[31,]   31 0.01857059 9.939042e-05   109.5390     8.887108   21052.1169
[32,]   32 0.01857059 9.939042e-05   109.5390     8.887108   21052.1172
[33,]   33 0.01857059 9.939042e-05   109.5390     8.887108   21052.1172
[34,]   34 0.01857059 9.939042e-05   109.5390     8.887108   21052.1172
[35,]   35 0.01857059 9.939042e-05   109.5390     8.887108   21052.1172
[36,]   36 0.01857059 9.939042e-05   109.5390     8.887108   21052.1172
[37,]   37 0.01857059 9.939042e-05   109.5390     8.887108   21052.1172
[38,]   38 0.01857059 9.939042e-05   109.5390     8.887108   21052.1172
[39,]   39 0.01857059 9.939042e-05   109.5390     8.887108   21052.1172
[40,]   40 0.01857059 9.939042e-05   109.5390     8.887108   21052.1172
[41,]   41 0.01857059 9.939042e-05   109.5390     8.887108   21052.1172
[42,]   42 0.01857059 9.939042e-05   109.5390     8.887108   21052.1172
[43,]   43 0.00000100 1.000000e-06   137.1756 36970.419293 -269389.0990
[44,]   44 0.01854274 9.924290e-05   109.5403     8.915196   20973.6055
[45,]   45 0.01856669 9.936977e-05   109.5392     8.891029   21041.1385
[46,]   46 0.01857004 9.938753e-05   109.5390     8.887657   21050.5780
[47,]   47 0.01857051 9.939002e-05   109.5390     8.887185   21051.9014
[48,]   48 0.01857058 9.939037e-05   109.5390     8.887118   21052.0870
[49,]   49 0.01857059 9.939041e-05   109.5390     8.887109   21052.1130
[50,]   50 0.01857059 9.939042e-05   109.5390     8.887108   21052.1166
[51,]   51 0.01857059 9.939042e-05   109.5390     8.887108   21052.1171
[52,]   52 0.01857059 9.939042e-05   109.5390     8.887108   21052.1172
[53,]   53 0.01857059 9.939042e-05   109.5390     8.887108   21052.1172
[54,]   54 0.01857059 9.939042e-05   109.5390     8.887108   21052.1172
[55,]   55 0.01857059 9.939042e-05   109.5390     8.887108   21052.1172
[56,]   56 0.01857059 9.939042e-05   109.5390     8.887108   21052.1172
[57,]   57 0.01857059 9.939042e-05   109.5390     8.887108   21052.1172
[58,]   58 0.01857059 9.939042e-05   109.5390     8.887108   21052.1172

