[22;0t]0;IPython: scripts/01_msprime_simulations$par
[1] 0.177426156 0.001124828

$value
[1] -874.9396

$counts
function gradient 
      26       26 

$convergence
[1] 0

$message
[1] "CONVERGENCE: REL_REDUCTION_OF_F <= FACTR*EPSMCH"

$loginfo
      step        par1         par2        fn           gr1           gr2
 [1,]    1 0.100000000 0.0100000000 1094.9852  1.410978e+03  8.074810e+03
 [2,]    2 0.000001000 0.0000010000 1398.7044  1.169144e+05 -4.769585e+06
 [3,]    3 0.056453428 0.0056457348  994.4933  8.052996e+02  1.696710e+04
 [4,]    4 0.019667548 0.0019674778  892.6254 -5.100963e+01  2.623405e+04
 [5,]    5 0.007679033 0.0007687342  881.3565  1.757243e+01 -2.662596e+04
 [6,]    6 0.013756736 0.0013764498  880.2862 -1.803614e+02  1.549730e+04
 [7,]    7 0.010248708 0.0000010000 1525.5288  1.465579e+03 -5.026584e+06
 [8,]    8 0.012695604 0.0009603944  877.9434 -1.060966e+02 -7.958334e+03
 [9,]    9 0.020629725 0.0011314798  876.8381 -9.098047e+01  3.256098e+03
[10,]   10 0.027711218 0.0011366280  876.3265 -6.113373e+01  2.738825e+03
[11,]   11 0.041512658 0.0011233084  875.6947 -3.073138e+01  8.207982e+02
[12,]   12 0.055955322 0.0011254047  875.3680 -1.644590e+01  4.856619e+02
[13,]   13 0.072535190 0.0011264403  875.1699 -8.525381e+00  3.174191e+02
[14,]   14 0.090221647 0.0011208822  875.0576 -4.472030e+00 -2.375978e+02
[15,]   15 0.133270550 0.0012951446  876.0754 -4.310929e-01  1.205551e+04
[16,]   16 0.093777755 0.0011352773  875.0511 -3.999194e+00  8.975951e+02
[17,]   17 0.112032478 0.0011288195  874.9912 -2.134925e+00  3.505085e+02
[18,]   18 0.132976382 0.0011248147  874.9578 -1.007613e+00  6.366128e+00
[19,]   19 0.151728085 0.0011248443  874.9447 -4.408952e-01  2.852761e+00
[20,]   20 0.166316501 0.0011248629  874.9404 -1.571130e-01  3.013265e+00
[21,]   21 0.174404063 0.0011053425  874.9505 -3.350225e-02 -1.670208e+03
[22,]   22 0.167302467 0.0011224831  874.9399 -1.412148e-01 -1.971671e+02
[23,]   23 0.166641269 0.0011240790  874.9402 -1.518490e-01 -6.280869e+01
[24,]   24 0.174479519 0.0011247046  874.9396 -3.778292e-02 -1.038630e+01
[25,]   25 0.177075631 0.0011248290  874.9396 -4.494521e-03  1.237046e-01
[26,]   26 0.177426156 0.0011248276  874.9396 -1.554923e-04  7.617341e-03

