[22;0t]0;IPython: scripts/01_msprime_simulations$par
[1] 0.09636642 0.49328415

$value
[1] -55168.8

$counts
function gradient 
      30       30 

$convergence
[1] 0

$message
[1] "CONVERGENCE: REL_REDUCTION_OF_F <= FACTR*EPSMCH"

$loginfo
      step       par1       par2        fn           gr1           gr2
 [1,]    1 0.10000000  0.0100000 119305.68  6.785273e+04 -3.048684e+06
 [2,]    2 0.00000100 10.0000000  62462.65 -9.120613e+06  4.479598e+02
 [3,]    3 1.60656813 10.0000000  62120.71  2.045304e+03  2.560813e+02
 [4,]    4 0.53480560 10.0000000  59873.55  1.957849e+03  3.500872e+02
 [5,]    5 0.17821016 10.0000000  59364.64  2.222572e+02  3.837684e+02
 [6,]    6 0.17820581  9.9987153  59364.14  2.222674e+02  3.837277e+02
 [7,]    7 0.17818840  9.9935764  59362.17  2.223087e+02  3.835582e+02
 [8,]    8 0.17811877  9.9730210  59354.27  2.224801e+02  3.828819e+02
 [9,]    9 0.17784027  9.8907993  59322.84  2.232737e+02  3.802120e+02
[10,]   10 0.17672624  9.5619125  59199.30  2.260398e+02  3.690608e+02
[11,]   11 0.17227015  8.2463653  58753.27  1.637513e+02  3.050489e+02
[12,]   12 0.14935718  1.4554563  56098.74  1.115475e+03  8.211775e+02
[13,]   13 0.14444638  0.0000010 425645.55  0.000000e+00 -1.534213e+09
[14,]   14 0.14771654  0.9692066  55619.66  6.936105e+02  1.137187e+03
[15,]   15 0.14553697  0.3232305  55767.24  5.725161e+03 -7.760704e+03
[16,]   16 0.14771654  0.9692066  55619.66  6.936105e+02  1.137187e+03
[17,]   17 0.14091379  0.0000010 425432.96  6.061584e+04 -1.534212e+09
[18,]   18 0.14544444  0.6454954  55262.53  8.067304e+02  8.300897e+02
[19,]   19 0.14040279  0.0000010 425401.95  6.074296e+04 -1.534212e+09
[20,]   20 0.14376269  0.4301761  55294.00  2.652952e+03 -1.992166e+03
[21,]   21 0.14464716  0.5434175  55208.52  1.291939e+03  1.043841e+02
[22,]   22 0.14407664  0.5269339  55207.53  1.411452e+03 -8.253317e+01
[23,]   23 0.14360737  0.5296040  55206.71  1.379134e+03 -4.574944e+01
[24,]   24 0.07633906  0.4914178  55183.45 -1.641199e+03  2.423177e+02
[25,]   25 0.11174486  0.5115166  55173.93  5.831141e+02  3.808051e+01
[26,]   26 0.08505520  0.4879302  55172.60 -7.520117e+02  8.611725e+01
[27,]   27 0.09901056  0.5002630  55169.08  7.323165e+01  5.016865e+01
[28,]   28 0.09591219  0.4934240  55168.81 -3.019756e+01  7.474963e+00
[29,]   29 0.09639560  0.4932470  55168.80  2.300675e+00 -8.151874e-01
[30,]   30 0.09636642  0.4932841  55168.80  1.284483e-02  6.168884e-03

