[22;0t]0;IPython: scripts/01_msprime_simulations$par
[1] 0.0005848241 0.0005810847

$value
[1] -494.8823

$counts
function gradient 
      55       55 

$convergence
[1] 0

$message
[1] "CONVERGENCE: REL_REDUCTION_OF_F <= FACTR*EPSMCH"

$loginfo
      step         par1         par2         fn           gr1           gr2
 [1,]    1 0.1000000000 1.000000e-02   709.9424  1.851676e+03  5.168928e+03
 [2,]    2 0.0000010000 1.000000e-06   746.3387  1.075022e+05 -2.369664e+06
 [3,]    3 0.0452459215 4.525085e-03   581.9903  1.387307e+03  8.922675e+03
 [4,]    4 0.0153842733 1.539189e-03   513.9836  4.677233e+02  1.987267e+04
 [5,]    5 0.0067575381 6.765930e-04   497.4900  1.835650e+02  1.890124e+03
 [6,]    6 0.0000010000 1.000000e-06   746.3387  1.075022e+05 -2.369664e+06
 [7,]    7 0.0059675473 5.976010e-04   497.3865  2.298319e+02 -5.096735e+03
 [8,]    8 0.0000010000 1.000000e+01 24417.9889  2.416088e+03  2.318303e+03
 [9,]    9 0.0047789988 1.992499e+00  5218.3971  2.415726e+03  2.468472e+03
[10,]   10 0.0057271797 4.034322e-01  1318.4349  2.413995e+03  2.384700e+03
[11,]   11 0.0059152279 8.828019e-02   610.4989  2.403340e+03  1.862863e+03
[12,]   12 0.0059541784 2.300257e-02   519.4620  2.334075e+03  3.597936e+02
[13,]   13 0.0059642401 6.140156e-03   521.6773  2.273802e+03 -5.633012e+02
[14,]   14 0.0059671519 1.260136e-03   504.5027  5.414728e+02  1.491073e+04
[15,]   15 0.0059675082 6.631071e-04   497.3118  1.991132e+02  1.055117e+03
[16,]   16 0.0059653387 6.518624e-04   497.2976  2.032598e+02  1.318228e+02
[17,]   17 0.0059623750 6.497661e-04   497.2956  2.041437e+02 -4.478133e+01
[18,]   18 0.0059520087 6.468199e-04   497.2920  2.055571e+02 -2.933597e+02
[19,]   19 0.0059162300 6.415212e-04   497.2838  2.086095e+02 -7.414003e+02
[20,]   20 0.0058144283 6.329370e-04   497.2658  2.150692e+02 -1.468211e+03
[21,]   21 0.0055153553 6.174956e-04   497.2204  2.323167e+02 -2.771156e+03
[22,]   22 0.0045635981 5.844133e-04   497.0776  3.039960e+02 -5.504603e+03
[23,]   23 0.0000010000 4.519839e-04   503.7760 -6.876348e+04  4.769442e+02
[24,]   24 0.0029754781 5.383181e-04   496.7203  5.423947e+02 -8.960408e+03
[25,]   25 0.0010682436 4.829606e-04   495.6138  1.172243e+03 -1.040553e+04
[26,]   26 0.0004616480 4.653542e-04   495.1984 -1.248754e+02 -7.897121e+03
[27,]   27 0.0006370845 4.704462e-04   495.2452  8.007108e+02 -9.009445e+03
[28,]   28 0.0004616480 4.653542e-04   495.1984 -1.248754e+02 -7.897121e+03
[29,]   29 0.0032938682 5.647467e-04   496.7057  4.530452e+02 -6.294619e+03
[30,]   30 0.0007490950 4.754417e-04   495.3125  1.020930e+03 -9.310370e+03
[31,]   31 0.0005109775 4.670853e-04   495.1938  2.410095e+02 -8.224302e+03
[32,]   32 0.0005392092 4.914785e-04   495.0586  2.181081e+02 -6.041242e+03
[33,]   33 0.0005946505 5.567433e-04   494.8910  1.798913e+02 -1.590259e+03
[34,]   34 0.0005907107 5.777867e-04   494.8824  1.078057e+02 -4.717947e+02
[35,]   35 0.0005776800 5.862033e-04   494.8836  2.931357e+01 -5.017195e+01
[36,]   36 0.0005878610 5.796273e-04   494.8823  9.080081e+01 -3.765865e+02
[37,]   37 0.0005726779 5.869135e-04   494.8837  3.004875e+00 -7.694969e+00
[38,]   38 0.0005848241 5.810847e-04   494.8823  7.358723e+01 -3.005361e+02
[39,]   39 0.0005721100 5.869048e-04   494.8836  1.331302e-01 -6.842577e+00
[40,]   40 0.0005827134 5.820509e-04   494.8823  6.161633e+01 -2.505196e+02
[41,]   41 0.0005844179 5.812707e-04   494.8823  7.129004e+01 -2.908706e+02
[42,]   42 0.0005847437 5.811215e-04   494.8823  7.313303e+01 -2.986224e+02
[43,]   43 0.0005848081 5.810920e-04   494.8823  7.349690e+01 -3.001554e+02
[44,]   44 0.0005848209 5.810862e-04   494.8823  7.356924e+01 -3.004603e+02
[45,]   45 0.0005848234 5.810850e-04   494.8823  7.358365e+01 -3.005210e+02
[46,]   46 0.0005848239 5.810848e-04   494.8823  7.358652e+01 -3.005331e+02
[47,]   47 0.0005848241 5.810847e-04   494.8823  7.358709e+01 -3.005355e+02
[48,]   48 0.0005848241 5.810847e-04   494.8823  7.358720e+01 -3.005359e+02
[49,]   49 0.0005848241 5.810847e-04   494.8823  7.358722e+01 -3.005360e+02
[50,]   50 0.0005848241 5.810847e-04   494.8823  7.358723e+01 -3.005361e+02
[51,]   51 0.0005848241 5.810847e-04   494.8823  7.358723e+01 -3.005361e+02
[52,]   52 0.0005848241 5.810847e-04   494.8823  7.358723e+01 -3.005361e+02
[53,]   53 0.0005848241 5.810847e-04   494.8823  7.358723e+01 -3.005361e+02
[54,]   54 0.0005848241 5.810847e-04   494.8823  7.358723e+01 -3.005361e+02
[55,]   55 0.0005848241 5.810847e-04   494.8823  7.358723e+01 -3.005361e+02

