[22;0t]0;IPython: scripts/01_msprime_simulations$par
[1] 0.3994013135 0.0008942274

$value
[1] -712.5107

$counts
function gradient 
      41       41 

$convergence
[1] 0

$message
[1] "CONVERGENCE: REL_REDUCTION_OF_F <= FACTR*EPSMCH"

$loginfo
      step        par1         par2        fn           gr1           gr2
 [1,]    1 0.100000000 0.0100000000  942.5101  1.601035e+03  5.629276e+03
 [2,]    2 0.000001000 0.0000010000 1106.8153  1.142533e+05 -3.708080e+06
 [3,]    3 0.052745064 0.0052749317  833.2800  9.600843e+02  1.639285e+04
 [4,]    4 0.018418064 0.0018425406  734.0879  5.277131e+00  2.792786e+04
 [5,]    5 0.007332540 0.0007340880  715.6113 -1.123592e+02 -9.422761e+03
 [6,]    6 0.010128546 0.0069081261  777.8219  3.313157e+03 -1.110376e+03
 [7,]    7 0.007633049 0.0013976628  723.5484 -1.573277e+02  2.160053e+04
 [8,]    8 0.007379149 0.0008370083  715.2718 -1.926254e+02  1.103667e+03
 [9,]    9 0.012286722 0.0008644916  714.5614 -1.241572e+02  1.250287e+03
[10,]   10 0.020619964 0.0008944098  713.8365 -7.075581e+01  2.009738e+03
[11,]   11 0.030447920 0.0009005606  713.3397 -3.703158e+01  1.590227e+03
[12,]   12 0.040878553 0.0008948434  713.0490 -1.927845e+01  6.253111e+02
[13,]   13 0.052315834 0.0008931708  712.8845 -1.039801e+01  2.630522e+02
[14,]   14 0.070244824 0.0010031817  713.3718 -4.438704e+00  9.880742e+03
[15,]   15 0.054198674 0.0009047238  712.8800 -9.591477e+00  1.363659e+03
[16,]   16 0.067397640 0.0008971457  712.7739 -5.461423e+00  5.592358e+02
[17,]   17 0.084914591 0.0008922017  712.6980 -3.144467e+00  7.031682e+00
[18,]   18 0.108819264 0.0008926904  712.6407 -1.855773e+00  7.307853e+00
[19,]   19 0.143246878 0.0008616185  712.6330 -9.935670e-01 -3.502166e+03
[20,]   20 0.124730722 0.0008783298  712.6201 -1.377077e+00 -1.571959e+03
[21,]   21 0.156826468 0.0008884782  712.5788 -8.652931e-01 -5.222269e+02
[22,]   22 0.207763185 0.0008951497  712.5482 -4.498765e-01  1.495186e+02
[23,]   23 0.259665924 0.0008956804  712.5311 -2.480860e-01  1.791462e+02
[24,]   24 0.323167644 0.0008945747  712.5188 -1.353865e-01  3.884093e+01
[25,]   25 0.399401312 0.0008942274  712.5107 -8.085056e-02 -1.214112e+01
[26,]   26 0.564387217 0.0009499009  712.6858 -4.602807e-02  5.786357e+03
[27,]   27 0.404288399 0.0008958765  712.5112 -7.901286e-02  1.690195e+02
[28,]   28 0.399907357 0.0008943981  712.5108 -8.065801e-02  6.644572e+00
[29,]   29 0.399457982 0.0008942465  712.5107 -8.082939e-02 -1.003708e+01
[30,]   30 0.399407713 0.0008942295  712.5107 -8.085078e-02 -1.190347e+01
[31,]   31 0.399402036 0.0008942276  712.5107 -8.085349e-02 -1.211426e+01
[32,]   32 0.399401395 0.0008942274  712.5107 -8.085212e-02 -1.213808e+01
[33,]   33 0.399401322 0.0008942274  712.5107 -8.085149e-02 -1.214077e+01
[34,]   34 0.399401314 0.0008942274  712.5107 -8.085306e-02 -1.214109e+01
[35,]   35 0.399401314 0.0008942274  712.5107 -8.085147e-02 -1.214106e+01
[36,]   36 0.399401314 0.0008942274  712.5107 -8.085398e-02 -1.214108e+01
[37,]   37 0.399401314 0.0008942274  712.5107 -8.085348e-02 -1.214108e+01
[38,]   38 0.399401314 0.0008942274  712.5107 -8.085200e-02 -1.214107e+01
[39,]   39 0.399401314 0.0008942274  712.5107 -8.085301e-02 -1.214108e+01
[40,]   40 0.399401314 0.0008942274  712.5107 -8.085302e-02 -1.214108e+01
[41,]   41 0.399401314 0.0008942274  712.5107 -8.085301e-02 -1.214108e+01

