[22;0t]0;IPython: scripts/01_msprime_simulations$par
[1] 0.0051596512 0.0004903876

$value
[1] -390.0931

$counts
function gradient 
      50       50 

$convergence
[1] 0

$message
[1] "CONVERGENCE: REL_REDUCTION_OF_F <= FACTR*EPSMCH"

$loginfo
      step         par1         par2         fn          gr1           gr2
 [1,]    1 0.1000000000 1.000000e-02   607.1466 1.953218e+03  3.624618e+03
 [2,]    2 0.0000010000 1.000000e-06   565.8704 1.006095e+05 -1.677519e+06
 [3,]    3 0.0966654270 9.666573e-03   599.4382 1.939487e+03  3.682912e+03
 [4,]    4 0.0483332135 4.833786e-03   490.8544 1.506315e+03  7.147836e+03
 [5,]    5 0.0171806395 1.718809e-03   415.8239 6.183589e+02  2.041091e+04
 [6,]    6 0.0079038519 7.912141e-04   393.2887 1.089918e+02  1.604275e+04
 [7,]    7 0.0005519748 1.000000e-06   594.3096 2.083317e+04 -1.849801e+06
 [8,]    8 0.0058905202 5.748118e-04   390.4655 1.344410e+01  6.830561e+03
 [9,]    9 0.0046164676 4.246322e-04   390.2900 3.712561e+01 -9.433705e+03
[10,]   10 0.0053397138 5.098852e-04   390.1262 1.061429e+01  1.514289e+03
[11,]   11 0.0051596512 4.903876e-04   390.0931 1.212917e+01 -4.954235e+02
[12,]   12 0.0051781900 4.941213e-04   390.0965 1.062667e+01 -8.064468e+01
[13,]   13 0.0051608494 4.906289e-04   390.0933 1.203000e+01 -4.683242e+02
[14,]   14 0.0051597326 4.904040e-04   390.0931 1.212243e+01 -4.935813e+02
[15,]   15 0.0051596567 4.903887e-04   390.0931 1.212871e+01 -4.952980e+02
[16,]   16 0.0051596515 4.903877e-04   390.0931 1.212914e+01 -4.954150e+02
[17,]   17 0.0051596512 4.903876e-04   390.0931 1.212917e+01 -4.954230e+02
[18,]   18 0.0051596512 4.903876e-04   390.0931 1.212917e+01 -4.954235e+02
[19,]   19 0.0051596512 4.903876e-04   390.0931 1.212917e+01 -4.954235e+02
[20,]   20 0.0051596512 4.903876e-04   390.0931 1.212917e+01 -4.954235e+02
[21,]   21 0.0051596512 4.903876e-04   390.0931 1.212917e+01 -4.954235e+02
[22,]   22 0.0051596512 4.903876e-04   390.0931 1.212917e+01 -4.954235e+02
[23,]   23 0.0051596512 4.903876e-04   390.0931 1.212917e+01 -4.954235e+02
[24,]   24 0.0051596512 4.903876e-04   390.0931 1.212917e+01 -4.954235e+02
[25,]   25 0.0051596512 4.903876e-04   390.0931 1.212917e+01 -4.954235e+02
[26,]   26 0.0051596512 4.903876e-04   390.0931 1.212917e+01 -4.954235e+02
[27,]   27 0.0051596512 4.903876e-04   390.0931 1.212917e+01 -4.954235e+02
[28,]   28 0.0000010000 1.000000e+01 24398.6520 2.416099e+03  2.319917e+03
[29,]   29 0.0049346834 4.365669e-01  1328.2679 2.415459e+03  2.429723e+03
[30,]   30 0.0051481239 2.283477e-02   411.6530 2.382246e+03  5.836045e+02
[31,]   31 0.0051587243 2.286953e-03   414.6208 1.320397e+03  8.381928e+03
[32,]   32 0.0051596443 5.037317e-04   390.1111 2.441318e+00  9.911273e+02
[33,]   33 0.0051596507 4.912520e-04   390.0937 1.148446e+01 -3.952860e+02
[34,]   34 0.0051596511 4.904545e-04   390.0932 1.207917e+01 -4.876508e+02
[35,]   35 0.0051596512 4.903928e-04   390.0931 1.212525e+01 -4.948139e+02
[36,]   36 0.0051596512 4.903880e-04   390.0931 1.212887e+01 -4.953757e+02
[37,]   37 0.0051596512 4.903876e-04   390.0931 1.212915e+01 -4.954198e+02
[38,]   38 0.0051596512 4.903876e-04   390.0931 1.212917e+01 -4.954232e+02
[39,]   39 0.0051596512 4.903876e-04   390.0931 1.212917e+01 -4.954235e+02
[40,]   40 0.0051596512 4.903876e-04   390.0931 1.212917e+01 -4.954235e+02
[41,]   41 0.0051596512 4.903876e-04   390.0931 1.212917e+01 -4.954235e+02
[42,]   42 0.0051596512 4.903876e-04   390.0931 1.212917e+01 -4.954235e+02
[43,]   43 0.0051596512 4.903876e-04   390.0931 1.212917e+01 -4.954235e+02
[44,]   44 0.0051596512 4.903876e-04   390.0931 1.212917e+01 -4.954235e+02
[45,]   45 0.0051596512 4.903876e-04   390.0931 1.212917e+01 -4.954235e+02
[46,]   46 0.0051596512 4.903876e-04   390.0931 1.212917e+01 -4.954235e+02

