[22;0t]0;IPython: scripts/01_msprime_simulations$par
[1] 0.0003457944 0.0002463246

$value
[1] -181.9194

$counts
function gradient 
      33       33 

$convergence
[1] 0

$message
[1] "CONVERGENCE: REL_REDUCTION_OF_F <= FACTR*EPSMCH"

$loginfo
      step         par1         par2         fn          gr1           gr2
 [1,]    1 0.1000000000 0.0100000000   414.6603   2149.35645  3.407793e+03
 [2,]    2 0.0000010000 0.0000010000   249.1001  59431.95275 -5.979709e+05
 [3,]    3 0.0000010000 0.0002367066   189.7681 -69591.69027  5.551762e+03
 [4,]    4 3.5492838616 0.7590153792 10355.3558   2289.57501  2.608285e+03
 [5,]    5 1.1136734339 0.2383216730  3360.0538   2341.73289  2.574551e+03
 [6,]    6 0.3497189213 0.0750006830  1152.6100   2347.72403  2.473407e+03
 [7,]    7 0.1100891591 0.0237717559   470.1390   2314.17183  2.170041e+03
 [8,]    8 0.0348284970 0.0076822563   266.5812   2194.87143  2.021200e+03
 [9,]    9 0.0111115327 0.0026119569   206.5453   1828.34458  2.704635e+03
[10,]   10 0.0036094764 0.0010081399   189.9718    964.13794  4.162638e+03
[11,]   11 0.0012182127 0.0004969267   184.5909   1523.95092  6.907629e+03
[12,]   12 0.0011671123 0.0004833268   184.4176   1536.41138  6.934433e+03
[13,]   13 0.0009627107 0.0004289269   183.7169   1551.74751  6.851799e+03
[14,]   14 0.0001451045 0.0002113276   182.2675 -10060.65130 -2.506422e+03
[15,]   15 0.0007670316 0.0003768485   183.0561   1473.26496  6.323858e+03
[16,]   16 0.0003363825 0.0002622347   181.9738   -352.32238  1.855696e+03
[17,]   17 0.0002987481 0.0002515029   181.9473   -958.27892  1.039365e+03
[18,]   18 0.0003284475 0.0002599720   181.9662   -463.87749  1.691226e+03
[19,]   19 0.0003285048 0.0002590459   181.9626   -454.82568  1.589603e+03
[20,]   20 0.0003287341 0.0002553417   181.9487   -418.10264  1.165877e+03
[21,]   21 0.0003457944 0.0002463246   181.9194    -75.99418 -1.687573e+02
[22,]   22 0.0003516936 0.0002480054   181.9249    -10.08073  3.939099e+00
[23,]   23 0.0003459170 0.0002463595   181.9195    -74.59121 -1.651319e+02
[24,]   24 0.0003457970 0.0002463253   181.9194    -75.96490 -1.686817e+02
[25,]   25 0.0003457945 0.0002463246   181.9194    -75.99357 -1.687557e+02
[26,]   26 0.0003457944 0.0002463246   181.9194    -75.99417 -1.687573e+02
[27,]   27 0.0003457944 0.0002463246   181.9194    -75.99418 -1.687573e+02
[28,]   28 0.0003457944 0.0002463246   181.9194    -75.99418 -1.687573e+02
[29,]   29 0.0003457944 0.0002463246   181.9194    -75.99418 -1.687573e+02
[30,]   30 0.0003457944 0.0002463246   181.9194    -75.99418 -1.687573e+02
[31,]   31 0.0003457944 0.0002463246   181.9194    -75.99418 -1.687573e+02
[32,]   32 0.0003457944 0.0002463246   181.9194    -75.99418 -1.687573e+02
[33,]   33 0.0003457944 0.0002463246   181.9194    -75.99418 -1.687573e+02

