[22;0t]0;IPython: scripts/01_msprime_simulations$par
[1] 0.01043559 0.11247557

$value
[1] -28729.65

$counts
function gradient 
      30       30 

$convergence
[1] 0

$message
[1] "CONVERGENCE: REL_REDUCTION_OF_F <= FACTR*EPSMCH"

$loginfo
      step        par1        par2        fn           gr1           gr2
 [1,]    1 0.100000000  0.01000000  38451.50  2.139090e+04 -7.349477e+05
 [2,]    2 0.000001000 10.00000000  36554.60 -8.991625e+04  1.308834e+03
 [3,]    3 0.066649695  3.34172876  30182.50  1.681716e+03  5.388323e+02
 [4,]    4 0.058996638  3.33915905  30168.87  1.511645e+03  5.363842e+02
 [5,]    5 0.028384408  3.32888017  30135.19 -1.495382e+01  5.193624e+02
 [6,]    6 0.024842176  3.32421321  30133.52 -4.216916e+02  5.157037e+02
 [7,]    7 0.022747708  3.30750130  30126.13 -7.343031e+02  5.122697e+02
 [8,]    8 0.014369836  3.24065366  30106.03 -2.856048e+03  5.000248e+02
 [9,]    9 0.010975569  3.01044072  30004.10 -5.108447e+03  4.954537e+02
[10,]   10 0.000001000  2.26610086  30292.74 -2.764213e+06  5.280935e+02
[11,]   11 0.005936414  2.66866474  29879.81 -1.343191e+04  5.001733e+02
[12,]   12 0.007005445  0.00000100 118735.37  1.044707e+05 -4.374667e+08
[13,]   13 0.006296728  1.76919962  29453.74 -1.310661e+04  2.972840e+02
[14,]   14 0.017496179  0.44593617  28923.53  1.657080e+03  4.037825e+02
[15,]   15 0.021270355  0.00000100 120006.79  0.000000e+00 -4.375016e+08
[16,]   16 0.018755447  0.29714828  28859.65  3.081532e+03  5.047655e+02
[17,]   17 0.020430875  0.09918923  28771.71  5.207611e+03 -1.479178e+03
[18,]   18 0.019156060  0.24981414  28833.40  3.512223e+03  6.391083e+02
[19,]   19 0.020430875  0.09918923  28771.71  5.207611e+03 -1.479178e+03
[20,]   20 0.019093633  1.51737729  29316.47 -1.318289e+03  2.928950e+02
[21,]   21 0.020113854  0.43540036  28925.16  2.712976e+03  3.867979e+02
[22,]   22 0.020358880  0.17554195  28783.03  3.979802e+03  7.596187e+02
[23,]   23 0.020405660  0.12592997  28757.72  4.189732e+03  1.045365e+02
[24,]   24 0.015964272  0.12137704  28740.56  3.225775e+03  7.271435e+01
[25,]   25 0.001238167  0.10683844  28898.45 -9.780132e+04  4.271625e+02
[26,]   26 0.010939769  0.11641652  28729.94  3.343455e+02  1.031050e+02
[27,]   27 0.010154325  0.11379470  28729.74 -3.939167e+02  6.001101e+01
[28,]   28 0.010417747  0.11287163  28729.65 -4.147308e+01  1.496151e+01
[29,]   29 0.010434704  0.11245521  28729.65 -9.848882e-03 -6.771719e-01
[30,]   30 0.010435587  0.11247557  28729.65 -1.451746e-01  3.041605e-03

