[22;0t]0;IPython: scripts/01_msprime_simulations$par
[1] 0.0142100652 0.0008863752

$value
[1] -688.3967

$counts
function gradient 
      29       29 

$convergence
[1] 0

$message
[1] "CONVERGENCE: REL_REDUCTION_OF_F <= FACTR*EPSMCH"

$loginfo
      step        par1         par2        fn           gr1           gr2
 [1,]    1 0.100000000 0.0100000000  905.8176  1.589914e+03  7.122287e+03
 [2,]    2 0.000001000 0.0000010000 1069.5269  1.152513e+05 -3.569608e+06
 [3,]    3 0.052367133 0.0052371420  792.1474  1.047577e+03  1.449185e+04
 [4,]    4 0.018353131 0.0018360479  703.7407  1.224774e+02  2.223349e+04
 [5,]    5 0.006240725 0.0006249163  690.8823  1.365696e+02 -2.503480e+04
 [6,]    6 0.012323992 0.0012331883  691.6915 -5.036726e+01  1.527843e+04
 [7,]    7 0.006018361 0.0000010000 1161.8993  2.271062e+03 -3.820775e+06
 [8,]    8 0.010428520 0.0008627925  688.4451 -2.732205e+01 -7.635287e+02
 [9,]    9 0.011267174 0.0008848549  688.4303 -2.519263e+01  5.898214e+02
[10,]   10 0.012602316 0.0008887504  688.4085 -1.328633e+01  5.158219e+02
[11,]   11 0.013911457 0.0008868215  688.3972 -2.262792e+00  9.068097e+01
[12,]   12 0.014178867 0.0008863760  688.3967 -2.276778e-01  6.006008e+00
[13,]   13 0.014210065 0.0008863752  688.3967 -4.406514e-03  2.804671e-02
[14,]   14 0.014210725 0.0008863768  688.3967 -3.848868e-06  2.434066e-02
[15,]   15 0.014210066 0.0008863752  688.3967 -4.403354e-03  2.804406e-02
[16,]   16 0.014210065 0.0008863752  688.3967 -4.406492e-03  2.804673e-02
[17,]   17 0.014210065 0.0008863752  688.3967 -4.406484e-03  2.804673e-02
[18,]   18 0.014210065 0.0008863752  688.3967 -4.404930e-03  2.804537e-02
[19,]   19 0.014210065 0.0008863752  688.3967 -4.406498e-03  2.804669e-02
[20,]   20 0.014210065 0.0008863752  688.3967 -4.406483e-03  2.804673e-02
[21,]   21 0.014210065 0.0008863752  688.3967 -4.406489e-03  2.804675e-02
[22,]   22 0.014210065 0.0008863752  688.3967 -4.406488e-03  2.804673e-02
[23,]   23 0.014210065 0.0008863752  688.3967 -4.406489e-03  2.804673e-02
[24,]   24 0.014210065 0.0008863752  688.3967 -4.406491e-03  2.804674e-02
[25,]   25 0.014210065 0.0008863752  688.3967 -4.406489e-03  2.804673e-02
[26,]   26 0.014210065 0.0008863752  688.3967 -4.406493e-03  2.804673e-02
[27,]   27 0.014210065 0.0008863752  688.3967 -4.406489e-03  2.804673e-02

