[22;0t]0;IPython: scripts/01_msprime_simulations$par
[1] 0.005064878 0.001011955

$value
[1] -727.1658

$counts
function gradient 
      27       27 

$convergence
[1] 0

$message
[1] "CONVERGENCE: REL_REDUCTION_OF_F <= FACTR*EPSMCH"

$loginfo
      step        par1         par2        fn           gr1           gr2
 [1,]    1 0.100000000 0.0100000000  943.0848  1.563320e+03  7.941426e+03
 [2,]    2 0.000001000 0.0000010000 1150.0991  1.112172e+05 -3.846531e+06
 [3,]    3 0.053686156 0.0053690325  829.7264  1.054359e+03  1.537441e+04
 [4,]    4 0.018803676 0.0018810984  739.0149  3.266710e+02  1.741810e+04
 [5,]    5 0.000001000 0.0000010000 1150.0991  1.112172e+05 -3.846531e+06
 [6,]    6 0.012741509 0.0012749363  729.2141  2.149514e+02  7.515759e+03
 [7,]    7 0.000001000 0.0000010000 1150.0991  1.112172e+05 -3.846531e+06
 [8,]    8 0.009086099 0.0009094281  728.2104  2.475291e+02 -9.270709e+03
 [9,]    9 0.010080231 0.0010593158  727.7940  2.034924e+02 -4.076594e+02
[10,]   10 0.009556033 0.0010407806  727.6991  1.983112e+02 -1.185940e+03
[11,]   11 0.005489130 0.0009625300  727.2438  8.221344e+01 -3.031663e+03
[12,]   12 0.004238689 0.0009885625  727.1858 -5.845575e+01 -2.724279e+02
[13,]   13 0.005210559 0.0010141886  727.1673  1.238944e+01 -4.752160e+01
[14,]   14 0.005064878 0.0010119550  727.1658  1.729101e+00 -2.194817e+01
[15,]   15 0.005047006 0.0010124381  727.1659 -3.168356e-01  1.778797e+01
[16,]   16 0.005063864 0.0010119824  727.1658  1.613409e+00 -1.969359e+01
[17,]   17 0.005064816 0.0010119567  727.1658  1.722006e+00 -2.180987e+01
[18,]   18 0.005064874 0.0010119551  727.1658  1.728664e+00 -2.193965e+01
[19,]   19 0.005064878 0.0010119550  727.1658  1.729074e+00 -2.194764e+01
[20,]   20 0.005064878 0.0010119550  727.1658  1.729099e+00 -2.194814e+01
[21,]   21 0.005064878 0.0010119550  727.1658  1.729101e+00 -2.194817e+01
[22,]   22 0.005064878 0.0010119550  727.1658  1.729101e+00 -2.194817e+01
[23,]   23 0.005064878 0.0010119550  727.1658  1.729101e+00 -2.194817e+01
[24,]   24 0.005064878 0.0010119550  727.1658  1.729101e+00 -2.194817e+01
[25,]   25 0.005064878 0.0010119550  727.1658  1.729101e+00 -2.194817e+01
[26,]   26 0.005064878 0.0010119550  727.1658  1.729101e+00 -2.194817e+01

