[22;0t]0;IPython: scripts/01_msprime_simulations$par
[1] 0.000001 3.348021

$value
[1] -28000.01

$counts
function gradient 
       8        8 

$convergence
[1] 0

$message
[1] "CONVERGENCE: REL_REDUCTION_OF_F <= FACTR*EPSMCH"

$loginfo
     step       par1      par2       fn       gr1           gr2
[1,]    1 0.10000000  0.010000 34336.32 16194.700 -5.809768e+05
[2,]    2 0.00000100 10.000000 34715.56  2415.838  1.458569e+03
[3,]    3 0.06663020  3.343676 28159.95  2402.077 -2.007462e+00
[4,]    4 0.05285534  3.343499 28126.86  2401.957 -2.275193e+00
[5,]    5 0.00000100  3.342818 28000.02  2395.097 -3.630392e+00
[6,]    6 0.00000100  3.342842 28000.02  2395.098 -3.613682e+00
[7,]    7 0.00000100  3.348187 28000.01  2395.262  1.156963e-01
[8,]    8 0.00000100  3.348021 28000.01  2395.258  1.806256e-04

