[22;0t]0;IPython: scripts/01_msprime_simulations$par
[1] 0.0021770894 0.0008348349

$value
[1] -695.8433

$counts
function gradient 
      42       42 

$convergence
[1] 0

$message
[1] "CONVERGENCE: REL_REDUCTION_OF_F <= FACTR*EPSMCH"

$loginfo
      step         par1         par2        fn           gr1           gr2
 [1,]    1 0.1000000000 1.000000e-02  902.8729  1.610239e+03  7.623983e+03
 [2,]    2 0.0000010000 1.000000e-06 1087.9462  1.117464e+05 -3.615828e+06
 [3,]    3 0.0529544750 5.295871e-03  789.4487  1.152649e+03  1.256707e+04
 [4,]    4 0.0185777182 1.858505e-03  709.7270  2.615040e+02  1.734000e+04
 [5,]    5 0.0005131287 1.000000e-06 1126.8720  4.406915e+04 -3.726545e+06
 [6,]    6 0.0126746704 1.251519e-03  699.3508  7.226709e+01  1.207200e+04
 [7,]    7 0.0046283176 6.863112e-05  816.2789  2.931183e+03 -6.312627e+05
 [8,]    8 0.0104271554 9.211139e-04  696.7402  7.254845e+01  2.961784e+02
 [9,]    9 0.0100712074 8.989488e-04  696.7129  7.884360e+01 -1.023016e+03
[10,]   10 0.0096223151 8.927217e-04  696.6813  8.350539e+01 -1.330869e+03
[11,]   11 0.0078267461 8.678133e-04  696.5479  1.090766e+02 -2.496529e+03
[12,]   12 0.0006444699 7.681796e-04  696.7010 -2.225615e+03  1.222066e+03
[13,]   13 0.0040811415 8.158537e-04  696.1458  1.889011e+02 -3.974257e+03
[14,]   14 0.0020297118 7.873959e-04  695.8895  6.002646e+01 -2.683237e+03
[15,]   15 0.0000010000 7.935048e-04  705.0713 -5.212055e+04 -3.535082e+01
[16,]   16 0.0014173051 7.892400e-04  695.9427 -3.160705e+02 -8.562889e+02
[17,]   17 0.0018718766 7.878712e-04  695.8834 -4.575438e-01 -2.254793e+03
[18,]   18 0.0027151806 9.092542e-04  695.9542  3.464640e+01  2.310285e+03
[19,]   19 0.0021638163 8.298922e-04  695.8436  1.401455e+01 -5.973238e+02
[20,]   20 0.0022013029 8.422401e-04  695.8447  4.235921e+00 -4.469516e+01
[21,]   21 0.0021731307 8.329604e-04  695.8433  1.142930e+01 -4.577550e+02
[22,]   22 0.0021935703 8.426390e-04  695.8448  1.414848e+00 -1.268628e+01
[23,]   23 0.0021770894 8.348349e-04  695.8433  9.403792e+00 -3.702323e+02
[24,]   24 0.0021909935 8.426609e-04  695.8448  6.437121e-01 -7.420340e+00
[25,]   25 0.0021792935 8.360755e-04  695.8433  7.966816e+00 -3.119507e+02
[26,]   26 0.0021774998 8.350659e-04  695.8433  9.134824e+00 -3.593578e+02
[27,]   27 0.0021771681 8.348792e-04  695.8433  9.352202e+00 -3.681477e+02
[28,]   28 0.0021771046 8.348434e-04  695.8433  9.393850e+00 -3.698306e+02
[29,]   29 0.0021770923 8.348366e-04  695.8433  9.401875e+00 -3.701548e+02
[30,]   30 0.0021770900 8.348352e-04  695.8433  9.403423e+00 -3.702173e+02
[31,]   31 0.0021770895 8.348350e-04  695.8433  9.403721e+00 -3.702294e+02
[32,]   32 0.0021770894 8.348349e-04  695.8433  9.403779e+00 -3.702317e+02
[33,]   33 0.0021770894 8.348349e-04  695.8433  9.403790e+00 -3.702322e+02
[34,]   34 0.0021770894 8.348349e-04  695.8433  9.403792e+00 -3.702323e+02
[35,]   35 0.0021770894 8.348349e-04  695.8433  9.403792e+00 -3.702323e+02
[36,]   36 0.0021770894 8.348349e-04  695.8433  9.403792e+00 -3.702323e+02
[37,]   37 0.0021770894 8.348349e-04  695.8433  9.403792e+00 -3.702323e+02
[38,]   38 0.0021770894 8.348349e-04  695.8433  9.403792e+00 -3.702323e+02
[39,]   39 0.0021770894 8.348349e-04  695.8433  9.403792e+00 -3.702323e+02
[40,]   40 0.0021770894 8.348349e-04  695.8433  9.403792e+00 -3.702323e+02
[41,]   41 0.0021770894 8.348349e-04  695.8433  9.403792e+00 -3.702323e+02
[42,]   42 0.0021770894 8.348349e-04  695.8433  9.403792e+00 -3.702323e+02

