[22;0t]0;IPython: scripts/01_msprime_simulations$par
[1] 0.005633975 0.620005705

$value
[1] -54998.56

$counts
function gradient 
      38       38 

$convergence
[1] 0

$message
[1] "CONVERGENCE: REL_REDUCTION_OF_F <= FACTR*EPSMCH"

$loginfo
      step        par1       par2        fn           gr1           gr2
 [1,]    1 0.100000000  0.0100000 127994.74  7.272191e+04 -3.302985e+06
 [2,]    2 0.000001000 10.0000000  58582.60 -4.581902e+06  3.450114e+02
 [3,]    3 2.826957377 10.0000000  65363.67  2.113838e+03  9.567824e+01
 [4,]    4 0.941551231 10.0000000  60521.85  3.165448e+03  2.098034e+02
 [5,]    5 0.313677456 10.0000000  58384.02  3.577709e+03  3.132673e+02
 [6,]    6 0.104472720 10.0000000  57668.97  2.911344e+03  3.616871e+02
 [7,]    7 0.104406385  9.9989055  57668.38  2.910693e+03  3.616312e+02
 [8,]    8 0.104141044  9.9945276  57666.02  2.908073e+03  3.613932e+02
 [9,]    9 0.103079680  9.9770157  57656.62  2.897361e+03  3.604241e+02
[10,]   10 0.098834222  9.9069684  57619.31  2.850950e+03  3.564139e+02
[11,]   11 0.081852390  9.6267791  57475.17  2.595792e+03  3.410772e+02
[12,]   12 0.013925062  8.5060220  57039.89 -5.325696e+03  3.994843e+02
[13,]   13 0.000001000  8.2647828  57956.24 -4.786633e+06  4.730306e+02
[14,]   14 0.009267448  8.4253272  57040.46 -9.868150e+03  4.293889e+02
[15,]   15 0.011665416  8.4668728  57037.88 -7.080142e+03  4.132274e+02
[16,]   16 0.011474826  8.4555583  57034.55 -7.241344e+03  4.160885e+02
[17,]   17 0.010712468  8.4103000  57021.21 -7.939333e+03  4.298287e+02
[18,]   18 0.007663034  8.2292671  56968.60 -1.241716e+04  4.715807e+02
[19,]   19 0.000001000  7.4207397  57585.99 -4.868791e+06  3.334040e+02
[20,]   20 0.004551631  7.9009398  56868.05 -2.390620e+04  4.549762e+02
[21,]   21 0.001582703  5.4384206  56379.46 -8.086685e+04  3.485629e+02
[22,]   22 0.011712742  0.0000010 446826.98  1.171939e+05 -1.653360e+09
[23,]   23 0.004976723  3.6163047  55572.63 -1.978470e+04  2.459248e+02
[24,]   24 0.005750355  0.0000010 446116.03  1.212637e+05 -1.653358e+09
[25,]   25 0.005235030  2.4088596  55323.62 -1.707257e+04  3.540971e+02
[26,]   26 0.005492692  1.2044303  55085.15 -9.302084e+03  1.632173e+02
[27,]   27 0.005989726  0.0000010 446145.04  1.211045e+05 -1.653358e+09
[28,]   28 0.005658402  0.8028779  55017.39 -3.883133e+03  2.032027e+02
[29,]   29 0.005824064  0.4014395  55080.69  1.047522e+04 -1.219968e+03
[30,]   30 0.005724261  0.6432849  54999.15 -2.520086e+02  4.226102e+01
[31,]   31 0.005625293  0.4393384  55043.30  7.431963e+03 -7.813977e+02
[32,]   32 0.005706899  0.6075069  54998.84  6.609253e+02 -3.988857e+01
[33,]   33 0.005715307  0.6248330  54998.60  2.475289e+02  1.216438e+01
[34,]   34 0.005684069  0.6167830  54998.58  3.242547e+02 -1.194196e+01
[35,]   35 0.003661008  0.6139117  55010.73 -1.460770e+04  2.869952e+01
[36,]   36 0.005622274  0.6166953  54998.57  3.291533e+01 -1.061330e+01
[37,]   37 0.005634656  0.6202407  54998.56 -3.045703e+00  7.574591e-01
[38,]   38 0.005633975  0.6200057  54998.56  1.588776e-01  1.917822e-02

