[22;0t]0;IPython: scripts/01_msprime_simulations$par
[1] 0.0000010 0.6443477

$value
[1] -19567.95

$counts
function gradient 
      16       16 

$convergence
[1] 0

$message
[1] "CONVERGENCE: REL_REDUCTION_OF_F <= FACTR*EPSMCH"

$loginfo
      step        par1       par2       fn         gr1           gr2
 [1,]    1 0.100000000  0.0100000 21852.20    6824.516 -3.104048e+05
 [2,]    2 0.000001000 10.0000000 30659.95    2416.099  1.797167e+03
 [3,]    3 0.066760739  3.3306353 20481.29    2412.269  9.581273e+02
 [4,]    4 0.040995439  3.3203095 20409.25    2413.700  9.537171e+02
 [5,]    5 0.000001000  3.3038803 20294.65    2416.072  9.466926e+02
 [6,]    6 0.000001000  3.2514886 20245.64    2416.072  9.239118e+02
 [7,]    7 0.000001000  1.1266697 20157.31 -580145.350 -5.688178e+02
 [8,]    8 0.008309878  0.0000010 61873.64   98966.930 -2.258545e+08
 [9,]    9 0.002959322  0.7255267 19621.35    5792.447  7.850878e+02
[10,]   10 0.004615324  0.0000010 61485.20  111252.476 -2.258464e+08
[11,]   11 0.003516646  0.4813525 19671.30    2882.916 -1.793783e+02
[12,]   12 0.003092523  0.6671686 19591.84    6520.102  2.374145e+02
[13,]   13 0.000001000  0.6377604 19568.21    7070.767 -7.840777e+01
[14,]   14 0.000001000  0.6413023 19568.01    7066.954 -3.604891e+01
[15,]   15 0.000001000  0.6443167 19567.95    7063.468 -3.674452e-01
[16,]   16 0.000001000  0.6443477 19567.95    7063.431 -1.682911e-03

