[22;0t]0;IPython: scripts/01_msprime_simulations$par
[1] 0.009908817 0.503922652

$value
[1] -55554.78

$counts
function gradient 
      40       40 

$convergence
[1] 0

$message
[1] "CONVERGENCE: REL_REDUCTION_OF_F <= FACTR*EPSMCH"

$loginfo
      step        par1       par2        fn           gr1           gr2
 [1,]    1 0.100000000  0.0100000 126545.91  7.239516e+04 -3.248574e+06
 [2,]    2 0.000001000 10.0000000  59121.08 -6.432755e+06  1.586095e+02
 [3,]    3 2.237350455 10.0000000  63463.01  2.290222e+03  8.912103e+01
 [4,]    4 0.745467092 10.0000000  59547.90  3.012244e+03  1.670849e+02
 [5,]    5 0.248503642 10.0000000  58015.24  2.972137e+03  2.148700e+02
 [6,]    6 0.082844710 10.0000000  57598.27  1.493635e+03  2.403024e+02
 [7,]    7 0.082825488  9.9992637  57598.06  1.493234e+03  2.402753e+02
 [8,]    8 0.082748601  9.9963186  57597.24  1.491629e+03  2.401568e+02
 [9,]    9 0.082441052  9.9845380  57593.96  1.485137e+03  2.396730e+02
[10,]   10 0.081210854  9.9374156  57580.90  1.458052e+03  2.375748e+02
[11,]   11 0.076290063  9.7489263  57530.13  1.332634e+03  2.282900e+02
[12,]   12 0.056606899  8.9949689  57341.44  5.748841e+02  2.177330e+02
[13,]   13 0.000001000  6.8183301  58593.70 -7.080341e+06  2.294761e+02
[14,]   14 0.033728450  8.1152351  57190.26 -2.000231e+03  1.640991e+02
[15,]   15 0.012577890  7.2923185  57165.37 -1.192967e+04  2.148038e+02
[16,]   16 0.022036534  7.6545224  57156.92 -5.381525e+03  1.578541e+02
[17,]   17 0.020550901  7.5938598  57155.65 -6.042701e+03  1.640741e+02
[18,]   18 0.012947347  6.9425140  57084.56 -1.138272e+04  2.323255e+02
[19,]   19 0.000001000  5.8334865  58323.44 -6.928638e+06  3.147930e+02
[20,]   20 0.008430247  6.5555641  57049.66 -1.938615e+04  2.868889e+02
[21,]   21 0.000001000  5.3519787  58175.00 -6.922616e+06  3.220459e+02
[22,]   22 0.005386385  6.1209406  56996.13 -3.317156e+04  2.997212e+02
[23,]   23 0.001066189  0.0000010 439313.50  1.243252e+05 -1.630235e+09
[24,]   24 0.003941618  4.0739661  56456.77 -4.745216e+04  2.677444e+02
[25,]   25 0.011637106  0.0000010 440598.97  1.187245e+05 -1.630236e+09
[26,]   26 0.006513896  2.7122107  56105.09 -2.636301e+04  2.939848e+02
[27,]   27 0.009075501  1.3561059  55767.06 -1.337537e+04  2.524894e+02
[28,]   28 0.011205301  0.0000010 440547.65  1.189700e+05 -1.630236e+09
[29,]   29 0.009785823  0.9038232  55637.11 -7.949846e+03  2.352918e+02
[30,]   30 0.010495562  0.4519121  55565.31  3.811976e+03 -4.352051e+02
[31,]   31 0.010041070  0.7413002  55584.58 -5.156168e+03  2.501886e+02
[32,]   32 0.010345266  0.5476099  55557.39 -5.690564e+02  7.009013e+01
[33,]   33 0.009907276  0.2022182  57011.05  2.753318e+04 -2.040195e+04
[34,]   34 0.010249080  0.4717587  55558.23  2.268709e+03 -2.141877e+02
[35,]   35 0.010297492  0.5099360  55554.95  6.947300e+02  1.182652e+01
[36,]   36 0.010085054  0.4971113  55554.98  7.046846e+02 -3.955224e+01
[37,]   37 0.010197797  0.5039175  55554.88  6.952315e+02 -1.138424e+01
[38,]   38 0.009473398  0.5038676  55555.02 -1.134685e+03  1.705347e+01
[39,]   39 0.009911211  0.5038978  55554.78  6.736279e+00 -2.060802e-01
[40,]   40 0.009908817  0.5039227  55554.78 -1.911155e-01  1.593617e-03

