[22;0t]0;IPython: scripts/01_msprime_simulations$par
[1] 1.000000e-06 1.433942e-05

$value
[1] -63.67472

$counts
function gradient 
      70       70 

$convergence
[1] 52

$message
[1] "ERROR: ABNORMAL_TERMINATION_IN_LNSRCH"

$loginfo
      step  par1         par2          fn       gr1          gr2
 [1,]    1 1e-01 1.000000e-02   312.80600  2252.694    3021.9407
 [2,]    2 1e-06 1.000000e-06    74.95522 34498.246 -110554.6622
 [3,]    3 1e-06 1.000000e+01 24348.37592  2416.088    2324.1147
 [4,]    4 1e-06 3.226116e+00  8109.99008  2415.990    2470.1709
 [5,]    5 1e-06 1.040308e+00  2661.10845  2415.546    2514.1216
 [6,]    6 1e-06 3.355555e-01   886.55672  2413.982    2517.4539
 [7,]    7 1e-06 1.083637e-01   316.76572  2409.040    2484.9457
 [8,]    8 1e-06 3.510480e-02   137.36905  2393.772    2371.0041
 [9,]    9 1e-06 1.145788e-02    83.97225  2345.697    2018.7754
[10,]   10 1e-06 3.800641e-03    71.12439  2161.053     963.6928
[11,]   11 1e-06 3.767806e-03    71.09296  2158.040     949.9358
[12,]   12 1e-06 3.636467e-03    70.97188  2145.233     892.4367
[13,]   13 1e-06 3.111109e-03    70.57198  2078.565     614.9679
[14,]   14 1e-06 1.895137e-03    70.30995  2150.224     103.4471
[15,]   15 1e-06 1.649226e-03    70.21236  2861.537     838.7525
[16,]   16 1e-06 6.655806e-04    67.92773  6322.107    3595.4115
[17,]   17 1e-06 1.000000e-06    74.95522     0.000 -110554.6622
[18,]   18 1e-06 4.304837e-04    66.89070  7615.240    5580.0001
[19,]   19 1e-06 2.230680e-04    65.39139  8076.404    9977.8061
[20,]   20 1e-06 1.961935e-04    65.11936  7803.700   10971.9703
[21,]   21 1e-06 1.790334e-04    64.93130  7527.258   11646.8240
[22,]   22 1e-06 1.000000e-06    74.95522 34498.246 -110554.6622
[23,]   23 1e-06 1.660992e-04    64.78127  7252.629   12135.1326
[24,]   24 1e-06 8.354960e-05    63.62762  3820.644   13543.5314
[25,]   25 1e-06 8.181684e-05    63.60010  3731.212   13625.2727
[26,]   26 1e-06 8.016123e-05    63.57378  3647.234   13702.5440
[27,]   27 1e-06 4.058062e-05    63.03294  3586.869   14291.5665
[28,]   28 1e-06 4.023359e-05    63.03088  3625.778   14266.4998
[29,]   29 1e-06 1.433942e-05    63.67472 15736.354    4238.9472
[30,]   30 1e-06 1.000000e-06    74.95522 34498.246 -110554.6622
[31,]   31 1e-06 1.432780e-05    63.67601 15749.414    4224.3027
[32,]   32 1e-06 1.433935e-05    63.67473 15736.434    4238.8573
[33,]   33 1e-06 1.433942e-05    63.67472 15736.354    4238.9466
[34,]   34 1e-06 1.433942e-05    63.67472 15736.354    4238.9472
[35,]   35 1e-06 1.433942e-05    63.67472 15736.354    4238.9472
[36,]   36 1e-06 1.433942e-05    63.67472 15736.354    4238.9472
[37,]   37 1e-06 1.433942e-05    63.67472 15736.354    4238.9472
[38,]   38 1e-06 1.433942e-05    63.67472 15736.354    4238.9472
[39,]   39 1e-06 1.433942e-05    63.67472 15736.354    4238.9472
[40,]   40 1e-06 1.433942e-05    63.67472 15736.354    4238.9472
[41,]   41 1e-06 1.433942e-05    63.67472 15736.354    4238.9472
[42,]   42 1e-06 1.433942e-05    63.67472 15736.354    4238.9472
[43,]   43 1e-06 1.433942e-05    63.67472 15736.354    4238.9472
[44,]   44 1e-06 1.433942e-05    63.67472 15736.354    4238.9472
[45,]   45 1e-06 1.433942e-05    63.67472 15736.354    4238.9472
[46,]   46 1e-06 1.433942e-05    63.67472 15736.354    4238.9472
[47,]   47 1e-06 1.433942e-05    63.67472 15736.354    4238.9472
[48,]   48 1e-06 1.433942e-05    63.67472 15736.354    4238.9472
[49,]   49 1e-06 1.000000e-06    74.95522 34498.246 -110554.6622
[50,]   50 1e-06 1.432780e-05    63.67601 15749.414    4224.3027
[51,]   51 1e-06 1.433935e-05    63.67473 15736.434    4238.8573
[52,]   52 1e-06 1.433942e-05    63.67472 15736.354    4238.9466
[53,]   53 1e-06 1.433942e-05    63.67472 15736.354    4238.9472
[54,]   54 1e-06 1.433942e-05    63.67472 15736.354    4238.9472
[55,]   55 1e-06 1.433942e-05    63.67472 15736.354    4238.9472
[56,]   56 1e-06 1.433942e-05    63.67472 15736.354    4238.9472
[57,]   57 1e-06 1.433942e-05    63.67472 15736.354    4238.9472
[58,]   58 1e-06 1.433942e-05    63.67472 15736.354    4238.9472
[59,]   59 1e-06 1.433942e-05    63.67472 15736.354    4238.9472
[60,]   60 1e-06 1.433942e-05    63.67472 15736.354    4238.9472
[61,]   61 1e-06 1.433942e-05    63.67472 15736.354    4238.9472
[62,]   62 1e-06 1.433942e-05    63.67472 15736.354    4238.9472
[63,]   63 1e-06 1.433942e-05    63.67472 15736.354    4238.9472
[64,]   64 1e-06 1.433942e-05    63.67472 15736.354    4238.9472
[65,]   65 1e-06 1.433942e-05    63.67472 15736.354    4238.9472
[66,]   66 1e-06 1.433942e-05    63.67472 15736.354    4238.9472
[67,]   67 1e-06 1.433942e-05    63.67472 15736.354    4238.9472

