[22;0t]0;IPython: scripts/01_msprime_simulations$par
[1] 0.254928784 0.001074089

$value
[1] -841.9085

$counts
function gradient 
      40       40 

$convergence
[1] 0

$message
[1] "CONVERGENCE: REL_REDUCTION_OF_F <= FACTR*EPSMCH"

$loginfo
      step        par1         par2        fn           gr1           gr2
 [1,]    1 0.100000000 0.0100000000 1063.8005  1.505202e+03  6.126158e+03
 [2,]    2 0.000001000 0.0000010000 1336.5521  1.154790e+05 -4.538840e+06
 [3,]    3 0.056066844 0.0056070798  965.8285  8.805791e+02  1.652253e+04
 [4,]    4 0.019524048 0.0019531291  861.0031  4.116393e+00  2.745133e+04
 [5,]    5 0.007636025 0.0007644338  846.5856  4.103807e+00 -2.228145e+04
 [6,]    6 0.012952313 0.0012960147  846.4024 -1.535079e+02  1.539274e+04
 [7,]    7 0.007031603 0.0000010000 1452.4960  2.391192e+03 -4.785383e+06
 [8,]    8 0.011176357 0.0009075665  844.3565 -9.176974e+01 -8.013379e+03
 [9,]    9 0.015887188 0.0010599455  843.6145 -9.827633e+01  3.091170e+03
[10,]   10 0.020066862 0.0010616681  843.2710 -7.082444e+01  2.451101e+03
[11,]   11 0.030540545 0.0010549842  842.7294 -3.571692e+01  6.386096e+02
[12,]   12 0.041818048 0.0010646775  842.4327 -2.023434e+01  5.873840e+02
[13,]   13 0.056207343 0.0010702251  842.2256 -1.041892e+01  4.658650e+02
[14,]   14 0.071233231 0.0010714499  842.1109 -5.563006e+00  2.557325e+02
[15,]   15 0.087465178 0.0010502495  842.0543 -2.925353e+00 -1.766706e+03
[16,]   16 0.110416031 0.0010752228  841.9923 -1.663448e+00  2.623195e+02
[17,]   17 0.130661353 0.0010782188  841.9671 -1.080144e+00  4.594106e+02
[18,]   18 0.166627218 0.0010757450  841.9372 -5.708873e-01  1.869937e+02
[19,]   19 0.206983544 0.0010741177  841.9194 -3.098305e-01  1.096310e+01
[20,]   20 0.254928784 0.0010740892  841.9085 -1.622377e-01 -9.923244e+00
[21,]   21 0.319845806 0.0011604154  842.2420 -4.863256e-02  7.201843e+03
[22,]   22 0.255845218 0.0010753078  841.9088 -1.606390e-01  9.941337e+01
[23,]   23 0.254999278 0.0010741829  841.9085 -1.621148e-01 -1.504723e+00
[24,]   24 0.254934573 0.0010740969  841.9085 -1.622276e-01 -9.231823e+00
[25,]   25 0.254929262 0.0010740898  841.9085 -1.622369e-01 -9.866164e+00
[26,]   26 0.254928823 0.0010740892  841.9085 -1.622377e-01 -9.918530e+00
[27,]   27 0.254928787 0.0010740892  841.9085 -1.622377e-01 -9.922855e+00
[28,]   28 0.254928784 0.0010740892  841.9085 -1.622377e-01 -9.923212e+00
[29,]   29 0.254928784 0.0010740892  841.9085 -1.622377e-01 -9.923241e+00
[30,]   30 0.254928784 0.0010740892  841.9085 -1.622377e-01 -9.923244e+00
[31,]   31 0.254928784 0.0010740892  841.9085 -1.622377e-01 -9.923244e+00
[32,]   32 0.254928784 0.0010740892  841.9085 -1.622377e-01 -9.923244e+00
[33,]   33 0.254928784 0.0010740892  841.9085 -1.622377e-01 -9.923244e+00
[34,]   34 0.254928784 0.0010740892  841.9085 -1.622377e-01 -9.923244e+00
[35,]   35 0.254928784 0.0010740892  841.9085 -1.622377e-01 -9.923244e+00
[36,]   36 0.254928784 0.0010740892  841.9085 -1.622377e-01 -9.923244e+00
[37,]   37 0.254928784 0.0010740892  841.9085 -1.622377e-01 -9.923244e+00
[38,]   38 0.254928784 0.0010740892  841.9085 -1.622377e-01 -9.923244e+00

