[22;0t]0;IPython: scripts/01_msprime_simulations$par
[1] 0.0005431336 0.0004951540

$value
[1] -396.2728

$counts
function gradient 
      34       34 

$convergence
[1] 0

$message
[1] "CONVERGENCE: REL_REDUCTION_OF_F <= FACTR*EPSMCH"

$loginfo
      step         par1         par2       fn           gr1           gr2
 [1,]    1 0.1000000000 0.0100000000 617.5232  1.952777e+03  4.312133e+03
 [2,]    2 0.0000010000 0.0000010000 584.7399  9.580071e+04 -1.770155e+06
 [3,]    3 0.0971478264 0.0097148083 610.7273  1.941673e+03  4.398937e+03
 [4,]    4 0.0485744132 0.0048579042 496.7702  1.620489e+03  6.836846e+03
 [5,]    5 0.0171953000 0.0017202752 422.4235  8.356993e+02  1.634211e+04
 [6,]    6 0.0075901466 0.0007598464 401.2773  3.307701e+02  1.114273e+04
 [7,]    7 0.0000010000 0.0000010000 584.7399  9.580071e+04 -1.770155e+06
 [8,]    8 0.0067255770 0.0006733972 400.1370  3.219741e+02  7.931310e+03
 [9,]    9 0.0000010000 0.0000010000 584.7399  9.580071e+04 -1.770155e+06
[10,]   10 0.0063752878 0.0006383714 399.7598  3.268642e+02  6.243845e+03
[11,]   11 0.0035967772 0.0004328682 398.6602  6.181999e+02 -1.223330e+04
[12,]   12 0.0035609458 0.0004754001 398.3217  5.783445e+02 -6.051073e+03
[13,]   13 0.0011278126 0.0005046958 396.5529  6.855418e+02 -5.424559e+02
[14,]   14 0.0000010000 0.0005182630 406.2915 -8.327540e+04  3.186833e+03
[15,]   15 0.0007815414 0.0005088651 396.3500  4.503752e+02  1.490999e+02
[16,]   16 0.0000010000 0.0005011678 406.2361 -8.348868e+04  3.147554e+03
[17,]   17 0.0005718553 0.0005067973 396.2847  6.393570e+01  4.424621e+02
[18,]   18 0.0005309238 0.0005016971 396.2782 -6.175650e+01  3.348913e+02
[19,]   19 0.0005409660 0.0004975840 396.2745 -1.460176e+01  1.175821e+02
[20,]   20 0.0005431336 0.0004951540 396.2728 -4.781631e-01 -3.216904e+00
[21,]   21 0.0005433353 0.0004952337 396.2729 -9.626629e-03 -1.298496e-01
[22,]   22 0.0005431338 0.0004951541 396.2728 -4.777085e-01 -3.213909e+00
[23,]   23 0.0005431336 0.0004951540 396.2728 -4.781627e-01 -3.216901e+00
[24,]   24 0.0005431336 0.0004951540 396.2728 -4.781631e-01 -3.216904e+00
[25,]   25 0.0005431336 0.0004951540 396.2728 -4.781631e-01 -3.216904e+00
[26,]   26 0.0005431336 0.0004951540 396.2728 -4.781629e-01 -3.216902e+00
[27,]   27 0.0005431336 0.0004951540 396.2728 -4.781631e-01 -3.216904e+00
[28,]   28 0.0005431336 0.0004951540 396.2728 -4.781631e-01 -3.216904e+00
[29,]   29 0.0005431336 0.0004951540 396.2728 -4.781631e-01 -3.216904e+00
[30,]   30 0.0005431336 0.0004951540 396.2728 -4.781631e-01 -3.216904e+00
[31,]   31 0.0005431336 0.0004951540 396.2728 -4.781631e-01 -3.216904e+00
[32,]   32 0.0005431336 0.0004951540 396.2728 -4.781631e-01 -3.216904e+00

