[22;0t]0;IPython: scripts/01_msprime_simulations$par
[1] 0.4875253706 0.0009138802

$value
[1] -727.0051

$counts
function gradient 
      34       34 

$convergence
[1] 0

$message
[1] "CONVERGENCE: REL_REDUCTION_OF_F <= FACTR*EPSMCH"

$loginfo
      step        par1         par2        fn           gr1           gr2
 [1,]    1 0.100000000 0.0100000000  960.6105  1.566578e+03  6.488921e+03
 [2,]    2 0.000001000 0.0000010000 1131.6751  1.139063e+05 -3.800391e+06
 [3,]    3 0.052848056 0.0052852300  849.4919  8.735784e+02  1.757262e+04
 [4,]    4 0.018445905 0.0018453244  749.5079  1.382971e+01  2.831952e+04
 [5,]    5 0.007324842 0.0007333183  731.1247 -6.210424e+01 -1.105078e+04
 [6,]    6 0.012851971 0.0063866448  805.4393  2.850976e+03  1.131864e+03
 [7,]    7 0.007910678 0.0013325305  737.2356 -1.830058e+02  2.095126e+04
 [8,]    8 0.007437248 0.0008482902  730.6444 -1.587118e+02  8.974206e+02
 [9,]    9 0.010909699 0.0008692245  730.2113 -1.122844e+02  8.824809e+02
[10,]   10 0.018920222 0.0009013409  729.5750 -6.644308e+01  1.515264e+03
[11,]   11 0.029221487 0.0009192859  729.0835 -3.951976e+01  1.865994e+03
[12,]   12 0.043104013 0.0009188713  728.6703 -2.242130e+01  1.175311e+03
[13,]   13 0.061196352 0.0009153956  728.3542 -1.342676e+01  5.472277e+02
[14,]   14 0.098240054 0.0010560902  728.9908 -6.906997e+00  1.251064e+04
[15,]   15 0.067704764 0.0009401150  728.3239 -1.182164e+01  2.841877e+03
[16,]   16 0.094830258 0.0009240564  728.0284 -7.711419e+00  1.251129e+03
[17,]   17 0.145624385 0.0009111741  727.7110 -4.760163e+00 -1.384545e+02
[18,]   18 0.227529111 0.0009124098  727.4137 -2.777608e+00 -8.775353e+01
[19,]   19 0.342280983 0.0009144943  727.1759 -1.551940e+00  8.195016e+01
[20,]   20 0.487525371 0.0009138802  727.0051 -8.899358e-01 -1.455478e+01
[21,]   21 0.818144799 0.0018425596  755.3030  1.834918e-01  4.939669e+04
[22,]   22 0.488812957 0.0009174969  727.0061 -8.866532e-01  3.756289e+02
[23,]   23 0.487698823 0.0009143674  727.0052 -8.894942e-01  3.819082e+01
[24,]   24 0.487553140 0.0009139582  727.0051 -8.898655e-01 -6.106413e+00
[25,]   25 0.487529934 0.0009138930  727.0051 -8.899232e-01 -1.316639e+01
[26,]   26 0.487526124 0.0009138823  727.0051 -8.899348e-01 -1.432565e+01
[27,]   27 0.487525495 0.0009138806  727.0051 -8.899359e-01 -1.451695e+01
[28,]   28 0.487525391 0.0009138803  727.0051 -8.899362e-01 -1.454854e+01
[29,]   29 0.487525374 0.0009138802  727.0051 -8.899360e-01 -1.455375e+01
[30,]   30 0.487525371 0.0009138802  727.0051 -8.899352e-01 -1.455461e+01
[31,]   31 0.487525371 0.0009138802  727.0051 -8.899362e-01 -1.455475e+01
[32,]   32 0.487525371 0.0009138802  727.0051 -8.899346e-01 -1.455477e+01
[33,]   33 0.487525371 0.0009138802  727.0051 -8.899347e-01 -1.455477e+01
[34,]   34 0.487525371 0.0009138802  727.0051 -8.899346e-01 -1.455477e+01

