[22;0t]0;IPython: scripts/01_msprime_simulations$par
[1] 0.106181107 0.005117744

$value
[1] -3181.367

$counts
function gradient 
      27       27 

$convergence
[1] 0

$message
[1] "CONVERGENCE: REL_REDUCTION_OF_F <= FACTR*EPSMCH"

$loginfo
      step       par1        par2       fn           gr1           gr2
 [1,]    1 0.10000000 0.010000000 3264.348  8.634342e+01  2.373369e+04
 [2,]    2 0.00000100 0.000001000 6327.535  1.211870e+05 -2.309235e+07
 [3,]    3 0.06529884 0.006530196 3194.068 -7.246749e+01  1.398248e+04
 [4,]    4 0.03400404 0.002322332 3263.713  6.352133e+02 -9.028344e+04
 [5,]    5 0.05514811 0.005165340 3182.711 -6.830929e+01  2.465492e+03
 [6,]    6 0.05430674 0.004933061 3182.525 -5.548516e+01 -5.060656e+02
 [7,]    7 0.05516423 0.004992030 3182.470 -5.740597e+01  2.419388e+02
 [8,]    8 0.05705534 0.005043621 3182.390 -5.602468e+01  8.077170e+02
 [9,]    9 0.06375793 0.005140867 3182.170 -4.668508e+01  1.699494e+03
[10,]   10 0.07373949 0.005201889 3181.894 -3.233037e+01  2.046493e+03
[11,]   11 0.08762002 0.005197781 3181.561 -1.567479e+01  1.537099e+03
[12,]   12 0.09892455 0.005127883 3181.384 -4.669026e+00  2.924018e+02
[13,]   13 0.10389144 0.005112976 3181.368 -1.188290e+00 -3.150432e+01
[14,]   14 0.10607337 0.005119652 3181.367 -7.850060e-02  1.680564e+01
[15,]   15 0.10632078 0.005115191 3181.367  1.517227e-01 -5.176518e+01
[16,]   16 0.10618139 0.005117704 3181.367  2.218635e-02 -1.310984e+01
[17,]   17 0.10617486 0.005118616 3181.367 -3.525042e-04 -1.627616e-02
[18,]   18 0.10618025 0.005117863 3181.367  1.826202e-02 -1.083009e+01
[19,]   19 0.10618115 0.005117738 3181.367  2.135084e-02 -1.262451e+01
[20,]   20 0.10618056 0.005117821 3181.367  1.931227e-02 -1.144018e+01
[21,]   21 0.10618102 0.005117755 3181.367  2.092840e-02 -1.237904e+01
[22,]   22 0.10618112 0.005117742 3181.367  2.126145e-02 -1.257255e+01
[23,]   23 0.10618106 0.005117751 3181.367  2.104162e-02 -1.244483e+01
[24,]   24 0.10618111 0.005117744 3181.367  2.121510e-02 -1.254559e+01
[25,]   25 0.10618107 0.005117748 3181.367  2.110066e-02 -1.247909e+01
[26,]   26 0.10618110 0.005117745 3181.367  2.119095e-02 -1.253158e+01
[27,]   27 0.10618111 0.005117744 3181.367  2.121510e-02 -1.254559e+01

