[22;0t]0;IPython: scripts/01_msprime_simulations$par
[1] 0.0039239559 0.0004177371

$value
[1] -343.6237

$counts
function gradient 
      60       60 

$convergence
[1] 52

$message
[1] "ERROR: ABNORMAL_TERMINATION_IN_LNSRCH"

$loginfo
      step        par1         par2         fn         gr1           gr2
 [1,]    1 0.100000000 1.000000e-02   561.1343  2004.40090     3860.0685
 [2,]    2 0.000001000 1.000000e-06   491.2867 94666.45688 -1402218.5919
 [3,]    3 0.095013161 9.501361e-03   549.2338  1986.25549     3961.3794
 [4,]    4 0.047507081 4.751181e-03   438.1491  1653.95441     6481.9199
 [5,]    5 0.017089878 1.709734e-03   369.3347   837.24787    14862.8625
 [6,]    6 0.008509752 8.517986e-04   349.7379   276.05848    17483.9375
 [7,]    7 0.000001000 1.000000e-06   491.2867 94666.45688 -1402218.5919
 [8,]    8 0.007847209 7.855503e-04   348.4213   232.19954    16847.6798
 [9,]    9 0.003924104 3.932751e-04   343.6613   128.16310    -5335.1495
[10,]   10 0.000001000 1.000000e+01 24390.9172  2416.09852     2320.5630
[11,]   11 0.003130778 2.022505e+00  5226.5159  2415.95410     2478.8181
[12,]   12 0.003762388 4.125931e-01  1239.9281  2415.51536     2438.8497
[13,]   13 0.003889374 8.891717e-02   478.9435  2413.08261     2102.0135
[14,]   14 0.003915549 2.219876e-02   363.3097  2358.42568      830.2737
[15,]   15 0.003921828 6.194450e-03   360.9856  1902.07246     -461.2073
[16,]   16 0.003923755 1.283580e-03   354.1484   773.43395    10812.1959
[17,]   17 0.003924076 4.652355e-04   343.7530    91.10715     3908.9439
[18,]   18 0.003924096 4.151581e-04   343.6239   113.33496    -1946.7252
[19,]   19 0.003923414 4.277277e-04   343.6306   106.27121     -252.4847
[20,]   20 0.003923956 4.177371e-04   343.6237   111.80107    -1585.1357
[21,]   21 0.003922589 4.290804e-04   343.6324   105.55202      -79.6179
[22,]   22 0.003923727 4.196348e-04   343.6241   110.69745    -1323.7067
[23,]   23 0.003923912 4.181014e-04   343.6238   111.58737    -1534.6419
[24,]   24 0.003923947 4.178089e-04   343.6237   111.75891    -1575.1792
[25,]   25 0.003923954 4.177513e-04   343.6237   111.79272    -1583.1644
[26,]   26 0.003923956 4.177399e-04   343.6237   111.79941    -1584.7451
[27,]   27 0.003923956 4.177377e-04   343.6237   111.80074    -1585.0583
[28,]   28 0.003923956 4.177372e-04   343.6237   111.80100    -1585.1204
[29,]   29 0.003923956 4.177371e-04   343.6237   111.80106    -1585.1327
[30,]   30 0.003923956 4.177371e-04   343.6237   111.80107    -1585.1351
[31,]   31 0.003923956 4.177371e-04   343.6237   111.80107    -1585.1356
[32,]   32 0.003923956 4.177371e-04   343.6237   111.80107    -1585.1357
[33,]   33 0.003923956 4.177371e-04   343.6237   111.80107    -1585.1357
[34,]   34 0.003923956 4.177371e-04   343.6237   111.80107    -1585.1357
[35,]   35 0.003923956 4.177371e-04   343.6237   111.80107    -1585.1357
[36,]   36 0.003923956 4.177371e-04   343.6237   111.80107    -1585.1357
[37,]   37 0.003923956 4.177371e-04   343.6237   111.80107    -1585.1357
[38,]   38 0.003923956 4.177371e-04   343.6237   111.80107    -1585.1357
[39,]   39 0.003923956 4.177371e-04   343.6237   111.80107    -1585.1357
[40,]   40 0.003923956 4.177371e-04   343.6237   111.80107    -1585.1357
[41,]   41 0.000001000 1.000000e+01 24390.9172  2416.09852     2320.5630
[42,]   42 0.003504434 1.069775e+00  2862.3008  2415.85190     2482.5130
[43,]   43 0.003877240 1.194967e-01   545.0655  2414.03308     2213.4917
[44,]   44 0.003917136 1.780125e-02   360.3973  2314.31260      480.4173
[45,]   45 0.003922839 3.264463e-03   362.0713  1970.58219      446.6229
[46,]   46 0.003923914 5.232633e-04   344.1725    82.92934     8366.0550
[47,]   47 0.003923953 4.261227e-04   343.6288   107.12772     -459.7603
[48,]   48 0.003923955 4.191823e-04   343.6240   110.96271    -1385.7860
[49,]   49 0.003923956 4.180136e-04   343.6238   111.63962    -1546.8234
[50,]   50 0.003923956 4.177910e-04   343.6237   111.76954    -1577.6557
[51,]   51 0.003923956 4.177477e-04   343.6237   111.79489    -1583.6709
[52,]   52 0.003923956 4.177392e-04   343.6237   111.79986    -1584.8487
[53,]   53 0.003923956 4.177375e-04   343.6237   111.80083    -1585.0795
[54,]   54 0.003923956 4.177372e-04   343.6237   111.80102    -1585.1247
[55,]   55 0.003923956 4.177371e-04   343.6237   111.80106    -1585.1336
[56,]   56 0.003923956 4.177371e-04   343.6237   111.80107    -1585.1353
[57,]   57 0.003923956 4.177371e-04   343.6237   111.80107    -1585.1357
[58,]   58 0.003923956 4.177371e-04   343.6237   111.80107    -1585.1357
[59,]   59 0.003923956 4.177371e-04   343.6237   111.80107    -1585.1357
[60,]   60 0.003923956 4.177371e-04   343.6237   111.80107    -1585.1357

