[22;0t]0;IPython: scripts/01_msprime_simulations$par
[1] 0.009618938 0.049804680

$value
[1] -16575.06

$counts
function gradient 
      31       31 

$convergence
[1] 0

$message
[1] "CONVERGENCE: REL_REDUCTION_OF_F <= FACTR*EPSMCH"

$loginfo
      step        par1        par2       fn           gr1           gr2
 [1,]    1 0.100000000  0.01000000 19165.94  7.135371e+03 -2.741351e+05
 [2,]    2 0.000001000 10.00000000 29935.46  2.414745e+03  1.857654e+03
 [3,]    3 0.066816728  3.32504198 19044.04  2.194649e+03  1.210157e+03
 [4,]    4 0.088928563  1.11604759 17225.14  2.649314e+03  3.619386e+02
 [5,]    5 0.078246750  1.11452149 17196.67  2.571130e+03  3.743024e+02
 [6,]    6 0.035519497  1.10841711 17098.81  1.634908e+03  3.912711e+02
 [7,]    7 0.000001000  1.10133871 17467.50 -1.811580e+06  2.600214e+02
 [8,]    8 0.022493725  1.10582123 17082.26  5.972003e+02  3.752630e+02
 [9,]    9 0.014109185  1.10254603 17081.93 -1.043022e+03  3.507165e+02
[10,]   10 0.018713708  1.10434467 17080.46  3.169888e+01  3.659187e+02
[11,]   11 0.017582396  1.10216516 17079.76 -1.872205e+02  3.606165e+02
[12,]   12 0.015243516  1.09044607 17076.73 -7.617451e+02  3.406432e+02
[13,]   13 0.012629673  1.05496486 17068.59 -1.742630e+03  3.008016e+02
[14,]   14 0.010900604  0.94397967 17042.43 -2.910553e+03  2.325262e+02
[15,]   15 0.013838283  0.58945335 16893.46 -6.800003e+02  4.811822e+02
[16,]   16 0.018722609  0.00000100 55444.97  5.284743e+04 -1.999931e+08
[17,]   17 0.015474880  0.39194487 16820.21  5.088775e+02  3.872306e+02
[18,]   18 0.017618381  0.13326191 16675.34  3.083108e+03  9.828150e+02
[19,]   19 0.018353458  0.04455102 16598.89  3.347207e+03 -2.200912e+03
[20,]   20 0.015379642  0.86063918 17016.78 -1.186622e+03  2.051978e+02
[21,]   21 0.017650135  0.23756010 16746.28  2.284163e+03  4.923747e+02
[22,]   22 0.018203561  0.08568653 16622.72  2.713164e+03  1.297396e+03
[23,]   23 0.018312141  0.05588956 16590.94  2.581507e+03  3.318314e+02
[24,]   24 0.014438085  0.05327493 16581.20  2.035503e+03  1.606455e+02
[25,]   25 0.001395641  0.04635584 16671.81 -5.745575e+04  9.813394e+02
[26,]   26 0.010086761  0.05096653 16575.19  2.620815e+02  1.233742e+02
[27,]   27 0.009302934  0.05002361 16575.11 -2.895903e+02  6.003980e+01
[28,]   28 0.009621514  0.04993873 16575.06 -9.869542e+00  1.928977e+01
[29,]   29 0.009621581  0.04982185 16575.06  6.930946e-01  2.262876e+00
[30,]   30 0.009618938  0.04980468 16575.06  9.072426e-02 -1.622806e-02

