[22;0t]0;IPython: scripts/01_msprime_simulations$par
[1] 0.0422360045 0.0005560742

$value
[1] -466.5539

$counts
function gradient 
      31       31 

$convergence
[1] 0

$message
[1] "CONVERGENCE: REL_REDUCTION_OF_F <= FACTR*EPSMCH"

$loginfo
      step        par1         par2       fn           gr1           gr2
 [1,]    1 0.100000000 0.0100000000 694.4498   1887.009402  3.623623e+03
 [2,]    2 0.000001000 0.0000010000 684.1812 105042.303964 -2.139078e+06
 [3,]    3 0.097975332 0.0097975514 689.8988   1876.009709  3.705070e+03
 [4,]    4 0.048988166 0.0048992757 579.5049   1312.068978  1.063115e+04
 [5,]    5 0.017187292 0.0017194745 494.4442    363.933779  2.563971e+04
 [6,]    6 0.007291192 0.0007299536 469.0724    -77.181301  1.647456e+04
 [7,]    7 0.002638090 0.0000010000 740.2045   4060.105014 -2.376838e+06
 [8,]    8 0.006055153 0.0005363160 467.1196    -44.453661  5.398971e+02
 [9,]    9 0.006829988 0.0005347948 467.0846    -40.650502 -1.372149e+02
[10,]   10 0.022240476 0.0005751424 466.7264    -14.003857  2.706071e+03
[11,]   11 0.026789377 0.0005700110 466.6583     -8.827774  1.940654e+03
[12,]   12 0.034480194 0.0005565456 466.5821     -4.579789 -9.764937e+01
[13,]   13 0.042236005 0.0005560742 466.5539     -2.840876 -1.372588e+02
[14,]   14 0.055940283 0.0006030822 466.7411     -1.317790  7.133429e+03
[15,]   15 0.043194578 0.0005593622 466.5553     -2.692813  4.034848e+02
[16,]   16 0.042386264 0.0005565896 466.5539     -2.817100 -5.217705e+01
[17,]   17 0.042261895 0.0005561630 466.5539     -2.836764 -1.225905e+02
[18,]   18 0.042240537 0.0005560897 466.5539     -2.840156 -1.346908e+02
[19,]   19 0.042236800 0.0005560769 466.5539     -2.840750 -1.368080e+02
[20,]   20 0.042236144 0.0005560747 466.5539     -2.840854 -1.371796e+02
[21,]   21 0.042236029 0.0005560743 466.5539     -2.840872 -1.372448e+02
[22,]   22 0.042236009 0.0005560742 466.5539     -2.840876 -1.372563e+02
[23,]   23 0.042236005 0.0005560742 466.5539     -2.840876 -1.372583e+02
[24,]   24 0.042236005 0.0005560742 466.5539     -2.840876 -1.372587e+02
[25,]   25 0.042236005 0.0005560742 466.5539     -2.840876 -1.372587e+02
[26,]   26 0.042236005 0.0005560742 466.5539     -2.840876 -1.372587e+02
[27,]   27 0.042236005 0.0005560742 466.5539     -2.840876 -1.372587e+02
[28,]   28 0.042236005 0.0005560742 466.5539     -2.840876 -1.372587e+02
[29,]   29 0.042236005 0.0005560742 466.5539     -2.840876 -1.372588e+02
[30,]   30 0.042236005 0.0005560742 466.5539     -2.840876 -1.372588e+02
[31,]   31 0.042236005 0.0005560742 466.5539     -2.840876 -1.372588e+02

