[22;0t]0;IPython: scripts/01_msprime_simulations$par
[1] 0.03098111 3.23510583

$value
[1] -30133.63

$counts
function gradient 
      17       17 

$convergence
[1] 0

$message
[1] "CONVERGENCE: REL_REDUCTION_OF_F <= FACTR*EPSMCH"

$loginfo
      step       par1      par2       fn           gr1           gr2
 [1,]    1 0.10000000  0.010000 36839.16  1.911617e+04 -6.848238e+05
 [2,]    2 0.00000100 10.000000 35929.92  2.415686e+03  1.357183e+03
 [3,]    3 0.06667571  3.339130 30164.99  1.248741e+03  7.316915e+01
 [4,]    4 0.06060464  3.338677 30157.68  1.146372e+03  6.796546e+01
 [5,]    5 0.03632038  3.336863 30136.89  4.563854e+02  3.937433e+01
 [6,]    6 0.01878357  3.335456 30138.47 -8.860234e+02  1.578968e+00
 [7,]    7 0.02845383  3.336232 30134.85  2.872759e+01  2.536315e+01
 [8,]    8 0.02789334  3.336067 30134.84 -9.636012e+00  2.417787e+01
 [9,]    9 0.02793432  3.335938 30134.84 -7.074550e+00  2.421998e+01
[10,]   10 0.02809822  3.335423 30134.82  3.109380e+00  2.438766e+01
[11,]   11 0.02942437  3.326736 30134.66  7.330520e+01  2.425704e+01
[12,]   12 0.03100571  3.307641 30134.39  1.346443e+02  2.132920e+01
[13,]   13 0.03250645  3.272693 30134.01  1.595326e+02  1.356150e+01
[14,]   14 0.03238632  3.242116 30133.72  9.913827e+01  4.500870e+00
[15,]   15 0.03131635  3.232744 30133.63  1.698424e+01 -6.232511e-02
[16,]   16 0.03100845  3.234433 30133.63  4.583650e-01 -1.493395e-01
[17,]   17 0.03098111  3.235106 30133.63 -6.053531e-02 -9.686664e-03

