[22;0t]0;IPython: scripts/01_msprime_simulations$par
[1] 0.000001 0.627896

$value
[1] -19204.58

$counts
function gradient 
      13       13 

$convergence
[1] 0

$message
[1] "CONVERGENCE: REL_REDUCTION_OF_F <= FACTR*EPSMCH"

$loginfo
      step       par1       par2       fn         gr1           gr2
 [1,]    1 0.10000000  0.0100000 21378.12    6456.370 -3.000499e+05
 [2,]    2 0.00000100 10.0000000 30502.68    2416.099  1.810298e+03
 [3,]    3 0.06677023  3.3296874 20182.39    2407.820  9.957683e+02
 [4,]    4 0.04018405  3.3186151 20107.34    2410.652  9.909240e+02
 [5,]    5 0.00000100  3.3018802 19993.84    2416.062  9.837805e+02
 [6,]    6 0.00000100  3.2910315 19983.19    2416.063  9.792415e+02
 [7,]    7 0.00000100  0.9505256 19661.26 -338461.473  2.001574e+03
 [8,]    8 0.00000100  0.0000010 59423.26  124527.029 -2.202121e+08
 [9,]    9 0.00000100  0.6228939 19204.73    6394.843 -6.100182e+01
[10,]   10 0.00000100  0.7793585 19324.37  -54612.733  1.475268e+03
[11,]   11 0.00000100  0.6279974 19204.58    6268.211  1.226813e+00
[12,]   12 0.00000100  0.6278968 19204.58    6270.985  1.014214e-02
[13,]   13 0.00000100  0.6278960 19204.58    6271.008 -5.707989e-05

