[22;0t]0;IPython: scripts/01_msprime_simulations$par
[1] 0.0003257859 0.0042355784

$value
[1] -4188.871

$counts
function gradient 
      50       50 

$convergence
[1] 0

$message
[1] "CONVERGENCE: REL_REDUCTION_OF_F <= FACTR*EPSMCH"

$loginfo
      step         par1        par2       fn           gr1           gr2
 [1,]    1 0.1000000000 0.010000000 4260.860  1.433741e+02  1.183861e+04
 [2,]    2 0.0000010000 0.000001000 8987.615  1.198564e+05 -3.296914e+07
 [3,]    3 0.0664990846 0.006650210 4245.360  2.181915e+02 -9.512614e+03
 [4,]    4 0.0753825223 0.007831420 4242.297  1.540702e+02  8.596986e+02
 [5,]    5 0.0714365240 0.007577168 4241.677  1.643987e+02 -9.484983e+02
 [6,]    6 0.0636953305 0.007307554 4240.843  1.839611e+02 -2.846260e+03
 [7,]    7 0.0365376800 0.006681577 4237.113  3.505398e+02 -6.336005e+03
 [8,]    8 0.0000010000 0.005839416 4219.366 -2.418676e+05  2.665801e+03
 [9,]    9 0.0365068068 0.006680866 4237.107  3.509305e+02 -6.338808e+03
[10,]   10 0.0121260084 0.006118894 4224.388  1.356361e+03 -5.574726e+03
[11,]   11 0.0040390908 0.005932493 4207.293  3.621820e+03 -1.940733e+03
[12,]   12 0.0000010000 0.006103187 4219.761 -2.435469e+05 -3.441824e+02
[13,]   13 0.0021653355 0.006011698 4199.152  5.177980e+03 -4.019063e+02
[14,]   14 0.0007923361 0.006069736 4191.023  5.654316e+03  3.886346e+02
[15,]   15 0.0003813719 0.006087108 4189.788 -3.131464e+03  6.950293e+02
[16,]   16 0.0023415564 0.006723056 4200.129  4.767566e+03  6.138698e+02
[17,]   17 0.0005653976 0.006146812 4189.986  3.111822e+03  5.657528e+02
[18,]   18 0.0004351062 0.006104541 4189.730 -5.507014e+02  6.531560e+02
[19,]   19 0.0004322424 0.005493277 4189.392 -1.900410e+01  4.570357e+02
[20,]   20 0.0003991595 0.003979383 4189.298  6.123700e+03 -1.484023e+03
[21,]   21 0.0004238817 0.005110686 4189.229  4.463345e+02  3.751880e+02
[22,]   22 0.0003116295 0.002673103 4200.098  2.211919e+04 -1.970025e+04
[23,]   23 0.0004013747 0.004621941 4189.041  1.531180e+03  2.121048e+02
[24,]   24 0.0002396291 0.002699020 4198.189  1.453560e+04 -1.598188e+04
[25,]   25 0.0003873868 0.004455646 4188.984  1.841851e+03  7.563494e+01
[26,]   26 0.0003174271 0.004015433 4188.901  7.931351e+02 -5.228987e+02
[27,]   27 0.0003537101 0.004243739 4188.908  1.405675e+03 -1.183769e+02
[28,]   28 0.0002922094 0.004267301 4188.914 -3.873953e+03  4.177269e+02
[29,]   29 0.0003213388 0.004256141 4188.873 -1.053387e+03  1.634000e+02
[30,]   30 0.0003312140 0.004214114 4188.874  7.041830e+01 -1.345543e+01
[31,]   31 0.0003244350 0.004242964 4188.872 -6.950201e+02  1.095927e+02
[32,]   32 0.0003299458 0.004212834 4188.873 -1.605473e+01 -6.322840e+00
[33,]   33 0.0003257859 0.004235578 4188.871 -5.272091e+02  8.186656e+01
[34,]   34 0.0003305290 0.004216793 4188.874 -3.840559e+00 -1.266009e+00
[35,]   35 0.0003265478 0.004232561 4188.871 -4.422634e+02  6.872771e+01
[36,]   36 0.0003259289 0.004235012 4188.871 -5.112349e+02  7.940597e+01
[37,]   37 0.0003258135 0.004235469 4188.871 -5.241237e+02  8.139167e+01
[38,]   38 0.0003257912 0.004235557 4188.871 -5.266101e+02  8.177438e+01
[39,]   39 0.0003257869 0.004235574 4188.871 -5.270927e+02  8.184865e+01
[40,]   40 0.0003257861 0.004235578 4188.871 -5.271865e+02  8.186308e+01
[41,]   41 0.0003257859 0.004235578 4188.871 -5.272047e+02  8.186588e+01
[42,]   42 0.0003257859 0.004235578 4188.871 -5.272082e+02  8.186643e+01
[43,]   43 0.0003257859 0.004235578 4188.871 -5.272089e+02  8.186654e+01
[44,]   44 0.0003257859 0.004235578 4188.871 -5.272091e+02  8.186656e+01
[45,]   45 0.0003257859 0.004235578 4188.871 -5.272091e+02  8.186656e+01
[46,]   46 0.0003257859 0.004235578 4188.871 -5.272091e+02  8.186656e+01
[47,]   47 0.0003257859 0.004235578 4188.871 -5.272091e+02  8.186656e+01
[48,]   48 0.0003257859 0.004235578 4188.871 -5.272091e+02  8.186656e+01
[49,]   49 0.0003257859 0.004235578 4188.871 -5.272091e+02  8.186656e+01

