[22;0t]0;IPython: scripts/01_msprime_simulations$par
[1] 0.019351835 0.001161362

$value
[1] -913.1493

$counts
function gradient 
      53       53 

$convergence
[1] 0

$message
[1] "CONVERGENCE: REL_REDUCTION_OF_F <= FACTR*EPSMCH"

$loginfo
      step        par1        par2        fn           gr1           gr2
 [1,]    1 0.100000000 0.010000000 1121.7658  1.336472e+03  8.605074e+03
 [2,]    2 0.000001000 0.000001000 1473.2833  1.142573e+05 -5.046524e+06
 [3,]    3 0.057405922 0.005740976 1024.4981  8.054549e+02  1.650712e+04
 [4,]    4 0.019998448 0.002000565  926.0643  2.726390e+01  2.308518e+04
 [5,]    5 0.006800132 0.000680852  921.7492  2.791354e+02 -4.855679e+04
 [6,]    6 0.015538514 0.001554612  917.0888 -5.868659e+01  1.627910e+04
 [7,]    7 0.006561795 0.000001000 1594.1959  3.034510e+03 -5.288115e+06
 [8,]    8 0.012766442 0.001074846  913.3954 -3.443614e+01 -4.227274e+03
 [9,]    9 0.014328239 0.001180249  913.2653 -4.392538e+01  2.165259e+03
[10,]   10 0.015031195 0.001156322  913.2008 -2.960809e+01  5.652613e+02
[11,]   11 0.016482658 0.001147849  913.1664 -1.418883e+01 -3.089384e+02
[12,]   12 0.017950432 0.001153174  913.1521 -5.521899e+00 -2.720834e+02
[13,]   13 0.019007500 0.001163816  913.1506 -2.007469e+00  2.151498e+02
[14,]   14 0.019212071 0.001161996  913.1496 -7.570055e-01  6.376823e+01
[15,]   15 0.019351835 0.001161362  913.1493 -3.271227e-02 -8.437095e-01
[16,]   16 0.019360351 0.001161394  913.1493 -1.382518e-03 -1.785708e-01
[17,]   17 0.019351887 0.001161362  913.1493 -3.252091e-02 -8.396530e-01
[18,]   18 0.019351835 0.001161362  913.1493 -3.271112e-02 -8.436846e-01
[19,]   19 0.019351835 0.001161362  913.1493 -3.271224e-02 -8.437093e-01
[20,]   20 0.019351835 0.001161362  913.1493 -3.271231e-02 -8.437095e-01
[21,]   21 0.019351835 0.001161362  913.1493 -3.271227e-02 -8.437095e-01
[22,]   22 0.019351835 0.001161362  913.1493 -3.271228e-02 -8.437095e-01
[23,]   23 0.019351835 0.001161362  913.1493 -3.271227e-02 -8.437095e-01
[24,]   24 0.019351835 0.001161362  913.1493 -3.271229e-02 -8.437095e-01
[25,]   25 0.019351835 0.001161362  913.1493 -3.271227e-02 -8.437095e-01
[26,]   26 0.019351835 0.001161362  913.1493 -3.271228e-02 -8.437095e-01
[27,]   27 0.019351835 0.001161362  913.1493 -3.271227e-02 -8.437095e-01
[28,]   28 0.019351835 0.001161362  913.1493 -3.271228e-02 -8.437095e-01
[29,]   29 0.019351835 0.001161362  913.1493 -3.271227e-02 -8.437095e-01
[30,]   30 0.019351835 0.001161362  913.1493 -3.271230e-02 -8.437095e-01
[31,]   31 0.052064108 0.844870819 2724.5246  2.413681e+03  2.383620e+03
[32,]   32 0.019355321 0.001251264  913.4113 -1.296099e+01  5.191476e+03
[33,]   33 0.019351835 0.001161372  913.1493 -3.452710e-02 -1.576432e-01
[34,]   34 0.019351835 0.001161362  913.1493 -3.271328e-02 -8.433280e-01
[35,]   35 0.019351835 0.001161362  913.1493 -3.271228e-02 -8.437092e-01
[36,]   36 0.019351835 0.001161362  913.1493 -3.271228e-02 -8.437092e-01
[37,]   37 0.019351835 0.001161362  913.1493 -3.271278e-02 -8.435186e-01
[38,]   38 0.019351835 0.001161362  913.1493 -3.271228e-02 -8.437092e-01
[39,]   39 0.019351835 0.001161362  913.1493 -3.271228e-02 -8.437092e-01
[40,]   40 0.019351835 0.001161362  913.1493 -3.271228e-02 -8.437092e-01
[41,]   41 0.019351835 0.001161362  913.1493 -3.271228e-02 -8.437092e-01
[42,]   42 0.019351835 0.001161362  913.1493 -3.271228e-02 -8.437092e-01
[43,]   43 0.019351835 0.001161362  913.1493 -3.271228e-02 -8.437092e-01
[44,]   44 0.019351835 0.001161362  913.1493 -3.271228e-02 -8.437092e-01
[45,]   45 0.019351835 0.001161362  913.1493 -3.271228e-02 -8.437092e-01
[46,]   46 0.019351835 0.001161362  913.1493 -3.271228e-02 -8.437092e-01

