[22;0t]0;IPython: scripts/01_msprime_simulations$par
[1] 0.003836186 0.010158158

$value
[1] -5435.23

$counts
function gradient 
      40       40 

$convergence
[1] 0

$message
[1] "CONVERGENCE: REL_REDUCTION_OF_F <= FACTR*EPSMCH"

$loginfo
      step        par1         par2        fn           gr1           gr2
 [1,]    1 0.100000000  0.010000000  5534.325  4.022090e+02 -8.432672e+03
 [2,]    2 0.000001000 10.000000000 25645.240  2.416087e+03  2.215841e+03
 [3,]    3 0.074992450  2.508279264  9260.305  2.413479e+03  2.076039e+03
 [4,]    4 0.093177571  0.691567446  6049.346  2.399905e+03  1.149908e+03
 [5,]    5 0.097949883  0.214808780  5788.865  2.754275e+03 -2.953498e+02
 [6,]    6 0.099480645  0.061884065  5818.400  2.267451e+03  1.960183e+03
 [7,]    7 0.099919809  0.018011169  5561.899  4.825874e+02  8.868205e+03
 [8,]    8 0.099978509  0.012147013  5527.075  3.781103e+02  6.691613e+02
 [9,]    9 0.099890464  0.011989826  5526.973  3.786013e+02  1.890453e+02
[10,]   10 0.099664064  0.011858273  5526.890  3.796781e+02 -2.301424e+02
[11,]   11 0.099117485  0.011724034  5526.742  3.820014e+02 -6.736367e+02
[12,]   12 0.097001619  0.011446057  5526.244  3.910690e+02 -1.640199e+03
[13,]   13 0.091107346  0.011006396  5524.935  4.195336e+02 -3.288162e+03
[14,]   14 0.070453987  0.010026363  5520.023  5.753025e+02 -7.374398e+03
[15,]   15 0.000001000  0.007283727  5603.063 -8.935688e+05 -1.731627e+03
[16,]   16 0.043541817  0.008978710  5509.434  1.042884e+03 -1.199961e+04
[17,]   17 0.014589502  0.007851637  5474.713  2.880487e+03 -1.381992e+04
[18,]   18 0.004968078  0.007477089  5446.458  3.240627e+03 -9.067103e+03
[19,]   19 0.000001000  0.007552631  5602.708 -8.949232e+05 -9.145482e+02
[20,]   20 0.003256291  0.007503123  5442.155  1.067399e+03 -6.726214e+03
[21,]   21 0.029125867  0.032375183  5565.801  3.084142e+03  3.160550e+03
[22,]   22 0.007389545  0.011477001  5440.247  1.931763e+03  6.262676e+02
[23,]   23 0.004878401  0.010347772  5435.881  1.141496e+03 -1.611429e+02
[24,]   24 0.002317138  0.009509060  5437.896 -4.399687e+03 -1.312086e+02
[25,]   25 0.003951002  0.010044085  5435.255  2.312265e+02 -2.159514e+02
[26,]   26 0.003786255  0.010064275  5435.236 -4.023175e+01 -1.100379e+02
[27,]   27 0.003824284  0.010120141  5435.230 -2.583300e+00 -4.828596e+01
[28,]   28 0.003836186  0.010158158  5435.230 -1.863972e-01 -8.176210e-01
[29,]   29 0.003836490  0.010158845  5435.230  3.217751e-03 -8.194093e-03
[30,]   30 0.003836208  0.010158209  5435.230 -1.722991e-01 -7.574317e-01
[31,]   31 0.003836188  0.010158162  5435.230 -1.852654e-01 -8.127893e-01
[32,]   32 0.003836186  0.010158159  5435.230 -1.863064e-01 -8.172340e-01
[33,]   33 0.003836186  0.010158158  5435.230 -1.863901e-01 -8.175901e-01
[34,]   34 0.003836186  0.010158158  5435.230 -1.863968e-01 -8.176197e-01
[35,]   35 0.003836186  0.010158158  5435.230 -1.863972e-01 -8.176211e-01
[36,]   36 0.003836186  0.010158158  5435.230 -1.863971e-01 -8.176210e-01
[37,]   37 0.003836186  0.010158158  5435.230 -1.863974e-01 -8.176203e-01
[38,]   38 0.003836186  0.010158158  5435.230 -1.863972e-01 -8.176210e-01
[39,]   39 0.003836186  0.010158158  5435.230 -1.863971e-01 -8.176210e-01

