[22;0t]0;IPython: scripts/01_msprime_simulations$par
[1] 0.0008869072 0.0009481180

$value
[1] -644.4753

$counts
function gradient 
      35       35 

$convergence
[1] 0

$message
[1] "CONVERGENCE: REL_REDUCTION_OF_F <= FACTR*EPSMCH"

$loginfo
      step         par1         par2        fn           gr1           gr2
 [1,]    1 0.1000000000 0.0100000000  855.9506  1.703711e+03  6.767446e+03
 [2,]    2 0.0000010000 0.0000010000 1025.7792  9.421768e+04 -3.387134e+06
 [3,]    3 0.0523946135 0.0052398898  740.1330  1.293056e+03  1.201185e+04
 [4,]    4 0.0183763585 0.0018383705  658.2372  6.798610e+02  1.125491e+04
 [5,]    5 0.0000010000 0.0000010000 1025.7792  9.421768e+04 -3.387134e+06
 [6,]    6 0.0124845750 0.0012492452  650.5852  5.507673e+02  5.086176e+02
 [7,]    7 0.0000010000 0.0000010000 1025.7792  9.421768e+04 -3.387134e+06
 [8,]    8 0.0089441509 0.0008952346  650.7666  5.466269e+02 -1.407520e+04
 [9,]    9 0.0107984561 0.0010806484  650.0366  5.301484e+02 -5.280875e+03
[10,]   10 0.0092331892 0.0010856089  649.1829  5.268410e+02 -5.085853e+03
[11,]   11 0.0029721217 0.0011054510  645.8701  6.368671e+02 -9.052420e+02
[12,]   12 0.0000010000 0.0011148668  661.5370 -1.110171e+05  0.000000e+00
[13,]   13 0.0019550081 0.0011086743  645.1671  7.101734e+02  6.767302e+02
[14,]   14 0.0007707137 0.0011124275  644.8337 -1.080990e+03  2.981254e+03
[15,]   15 0.0014887696 0.0011101519  644.8607  5.678584e+02  1.507981e+03
[16,]   16 0.0007707137 0.0011124275  644.8337 -1.080990e+03  2.981254e+03
[17,]   17 0.0078299060 0.0011655258  648.1859  5.003271e+02 -2.066528e+03
[18,]   18 0.0022133284 0.0011232787  645.3599  6.926907e+02  5.754867e+02
[19,]   19 0.0011338905 0.0011151593  644.7263  1.649377e+02  2.253608e+03
[20,]   20 0.0010425752 0.0010495856  644.5818  1.254045e+02  1.481427e+03
[21,]   21 0.0008466063 0.0009189860  644.4774 -3.330017e+01 -5.368371e+02
[22,]   22 0.0008953676 0.0009531232  644.4765  1.124341e+01  8.014590e+01
[23,]   23 0.0008870210 0.0009484028  644.4753 -4.905291e-01  5.643897e+00
[24,]   24 0.0008869072 0.0009481180  644.4753  2.759996e-01 -5.499122e-01
[25,]   25 0.0008868722 0.0009481339  644.4753  7.528593e-02 -2.711428e-02
[26,]   26 0.0008869072 0.0009481181  644.4753  2.756787e-01 -5.490765e-01
[27,]   27 0.0008869072 0.0009481180  644.4753  2.759990e-01 -5.499109e-01
[28,]   28 0.0008869072 0.0009481180  644.4753  2.759996e-01 -5.499122e-01
[29,]   29 0.0008869072 0.0009481180  644.4753  2.759993e-01 -5.499116e-01
[30,]   30 0.0008869072 0.0009481180  644.4753  2.759996e-01 -5.499122e-01
[31,]   31 0.0008869072 0.0009481180  644.4753  2.759996e-01 -5.499122e-01
[32,]   32 0.0008869072 0.0009481180  644.4753  2.759996e-01 -5.499122e-01
[33,]   33 0.0008869072 0.0009481180  644.4753  2.759996e-01 -5.499122e-01

