[22;0t]0;IPython: scripts/01_msprime_simulations$par
[1] 8.578745e-05 2.096355e-03

$value
[1] -1556.423

$counts
function gradient 
      37       37 

$convergence
[1] 0

$message
[1] "CONVERGENCE: REL_REDUCTION_OF_F <= FACTR*EPSMCH"

$loginfo
      step         par1        par2       fn          gr1           gr2
 [1,]    1 1.000000e-01 0.010000000 1743.868    919.20156  1.564907e+04
 [2,]    2 1.000000e-06 0.000001000 2778.468 120737.32714 -9.892570e+06
 [3,]    3 6.225845e-02 0.006226185 1649.673    476.65668  1.984603e+04
 [4,]    4 2.116853e-02 0.002117563 1576.860    105.81950 -4.395607e+03
 [5,]    5 2.248755e-02 0.003376417 1586.130    114.88943  1.376932e+04
 [6,]    6 2.134824e-02 0.002289076 1576.554     84.13558  3.010875e+02
 [7,]    7 1.922257e-02 0.002265048 1576.359     95.93472 -6.226029e+01
 [8,]    8 1.071988e-02 0.002168935 1575.174    232.24418 -1.066840e+03
 [9,]    9 1.000000e-06 0.002047770 1559.986 -35721.27786  6.164515e+02
[10,]   10 1.065420e-02 0.002168192 1575.160    234.55160 -1.070392e+03
[11,]   11 3.299593e-03 0.002085057 1570.919   1524.97061 -5.756424e+02
[12,]   12 9.464708e-04 0.002058458 1563.619   6386.20211 -8.056465e+02
[13,]   13 1.000000e-06 0.002047770 1559.986 -35721.27786  6.164515e+02
[14,]   14 2.129595e-02 0.002276912 1576.547     85.50825  8.490981e+00
[15,]   15 6.811066e-03 0.002121049 1573.917    489.39053 -1.140974e+03
[16,]   16 2.050563e-03 0.002069824 1568.316   2862.14327 -4.559419e+02
[17,]   17 5.776751e-04 0.002053975 1560.813   9049.81465 -1.069431e+03
[18,]   18 2.019296e-04 0.002049932 1557.016   8101.42116 -6.267951e+02
[19,]   19 1.652190e-04 0.002064172 1556.702   5538.46670 -4.401163e+02
[20,]   20 8.578745e-05 0.002096355 1556.423   4264.72938 -1.906198e+01
[21,]   21 1.000000e-06 0.002115461 1560.014 -36073.13040  2.694489e+02
[22,]   22 8.393534e-05 0.002096772 1556.429   4058.44604 -1.091089e+01
[23,]   23 8.557270e-05 0.002096403 1556.424   4241.11613 -1.811106e+01
[24,]   24 8.576203e-05 0.002096361 1556.424   4261.93841 -1.894934e+01
[25,]   25 8.578443e-05 0.002096356 1556.423   4264.39828 -1.904862e+01
[26,]   26 8.578709e-05 0.002096355 1556.423   4264.69008 -1.906039e+01
[27,]   27 8.578741e-05 0.002096355 1556.423   4264.72472 -1.906179e+01
[28,]   28 8.578744e-05 0.002096355 1556.423   4264.72883 -1.906196e+01
[29,]   29 8.578745e-05 0.002096355 1556.423   4264.72932 -1.906198e+01
[30,]   30 8.578745e-05 0.002096355 1556.423   4264.72937 -1.906198e+01
[31,]   31 8.578745e-05 0.002096355 1556.423   4264.72938 -1.906198e+01
[32,]   32 8.578745e-05 0.002096355 1556.423   4264.72938 -1.906198e+01
[33,]   33 8.578745e-05 0.002096355 1556.423   4264.72938 -1.906198e+01
[34,]   34 8.578745e-05 0.002096355 1556.423   4264.72938 -1.906198e+01
[35,]   35 8.578745e-05 0.002096355 1556.423   4264.72938 -1.906198e+01
[36,]   36 8.578745e-05 0.002096355 1556.423   4264.72938 -1.906198e+01
[37,]   37 8.578745e-05 0.002096355 1556.423   4264.72938 -1.906198e+01

