[22;0t]0;IPython: scripts/01_msprime_simulations$par
[1] 0.005956409 0.122062358

$value
[1] -30301.52

$counts
function gradient 
      25       25 

$convergence
[1] 0

$message
[1] "CONVERGENCE: REL_REDUCTION_OF_F <= FACTR*EPSMCH"

$loginfo
      step        par1        par2        fn           gr1           gr2
 [1,]    1 0.100000000  0.01000000  42155.21  2.449045e+04 -8.359245e+05
 [2,]    2 0.000001000 10.00000000  37930.65 -4.138912e+03  1.190144e+03
 [3,]    3 0.066658731  3.34082604  31743.70  2.279509e+03  6.283530e+02
 [4,]    4 0.057548274  3.33817315  31722.03  2.101682e+03  6.310065e+02
 [5,]    5 0.021106446  3.32756158  31666.32 -1.024097e+02  6.273542e+02
 [6,]    6 0.019572923  3.32376342  31664.29 -3.666633e+02  6.261745e+02
 [7,]    7 0.013038360  3.24811605  31624.99 -2.185454e+03  6.152604e+02
 [8,]    8 0.000001000  2.78122539  31972.97 -2.913444e+06  2.960812e+02
 [9,]    9 0.007350857  3.04443664  31526.93 -7.028615e+03  5.694743e+02
[10,]   10 0.004751028  1.65922212  30951.45 -1.541274e+04  2.401019e+02
[11,]   11 0.021953875  0.33320665  30447.74  6.619604e+03  3.137120e+02
[12,]   12 0.021429856  0.00000100 133142.66  7.893890e+04 -4.861923e+08
[13,]   13 0.021779175  0.22212110  30414.78  7.127763e+03  2.328541e+02
[14,]   14 0.008279496  0.00000100 131968.21  1.013437e+05 -4.861646e+08
[15,]   15 0.017278614  0.14807008  30366.43  7.622176e+03  6.306485e+01
[16,]   16 0.000001000  0.03492161  31847.81 -2.687112e+06 -5.835459e+04
[17,]   17 0.011323805  0.10907294  30336.81  8.294025e+03 -1.333501e+03
[18,]   18 0.000001000  0.13031204  31041.59 -4.084945e+06  9.358649e+02
[19,]   19 0.007193062  0.11682130  30304.58  3.364037e+03 -3.430551e+02
[20,]   20 0.001402974  0.10471466  30373.35 -5.822802e+04 -1.969529e+02
[21,]   21 0.005684374  0.11366675  30302.82  6.036667e+01 -3.363278e+02
[22,]   22 0.005997298  0.12316666  30301.53  1.225039e+01  3.271792e+01
[23,]   23 0.005961878  0.12230943  30301.52 -8.291621e+00  7.929861e+00
[24,]   24 0.005957513  0.12205067  30301.52  3.735624e+00 -4.949851e-01
[25,]   25 0.005956409  0.12206236  30301.52 -5.434048e-01  1.289447e-02

