[22;0t]0;IPython: scripts/01_msprime_simulations$par
[1] 0.013988940 0.004983848

$value
[1] -3145.207

$counts
function gradient 
      18       18 

$convergence
[1] 0

$message
[1] "CONVERGENCE: REL_REDUCTION_OF_F <= FACTR*EPSMCH"

$loginfo
      step        par1        par2       fn           gr1           gr2
 [1,]    1 0.100000000 0.010000000 3212.838  2.635281e+02  1.762458e+04
 [2,]    2 0.000001000 0.000001000 6339.968  1.229657e+05 -2.313850e+07
 [3,]    3 0.065643860 0.006564695 3157.741  1.468294e+02  8.154658e+03
 [4,]    4 0.033051034 0.003475475 3172.120  5.204177e+02 -3.364557e+04
 [5,]    5 0.053059501 0.005371922 3150.870  1.719588e+02 -7.511794e+02
 [6,]    6 0.049096663 0.005218361 3150.392  1.820300e+02 -2.183891e+03
 [7,]    7 0.030552238 0.004818587 3148.155  2.201230e+02 -5.093440e+03
 [8,]    8 0.000001000 0.004378834 3201.216 -1.182115e+05 -1.640896e+03
 [9,]    9 0.019930626 0.004665700 3146.616  2.043119e+02 -4.843962e+03
[10,]   10 0.006777073 0.004476369 3146.783 -4.794318e+02 -1.541662e+03
[11,]   11 0.012989070 0.004565784 3145.904  9.725467e+01 -3.734977e+03
[12,]   12 0.007265820 0.004610452 3146.407 -4.486177e+02 -7.095361e+02
[13,]   13 0.011000515 0.004581304 3145.757 -7.528564e+00 -2.732990e+03
[14,]   14 0.014239671 0.004947430 3145.215  1.788781e+01 -3.745801e+02
[15,]   15 0.014140882 0.004982078 3145.207  5.785352e+00 -5.252727e+01
[16,]   16 0.014012142 0.004984666 3145.207  6.247690e-01  1.115936e+00
[17,]   17 0.013989840 0.004983966 3145.207  2.961124e-03  7.648515e-01
[18,]   18 0.013988940 0.004983848 3145.207 -5.720949e-05  9.236146e-05

