[22;0t]0;IPython: scripts/01_msprime_simulations$par
[1] 0.001875114 0.639161463

$value
[1] -15009.36

$counts
function gradient 
      18       18 

$convergence
[1] 0

$message
[1] "CONVERGENCE: REL_REDUCTION_OF_F <= FACTR*EPSMCH"

$loginfo
      step        par1       par2       fn           gr1           gr2
 [1,]    1 0.100000000  0.0100000 17521.37  6.235485e+03 -2.354438e+05
 [2,]    2 0.000001000 10.0000000 29391.45  2.416097e+03  1.903073e+03
 [3,]    3 0.066868753  3.3198447 17998.27  2.446121e+03  1.378074e+03
 [4,]    4 0.088938023  1.1151025 15553.34  3.558475e+03  6.101082e+02
 [5,]    5 0.072275678  1.1122241 15492.13  3.572578e+03  6.385373e+02
 [6,]    6 0.005626296  1.1007102 15258.55  1.888781e+03  7.251245e+02
 [7,]    7 0.000001000  1.0953615 15327.10 -4.932636e+05  6.256927e+02
 [8,]    8 0.003557043  1.0987427 15254.23  7.436665e+02  7.173250e+02
 [9,]    9 0.001164041  1.0718297 15239.05 -5.892481e+03  6.539004e+02
[10,]   10 0.001961618  0.9332310 15150.59 -2.273196e+03  5.007756e+02
[11,]   11 0.001562333  0.4586833 15031.47 -2.233696e+03 -3.765722e+02
[12,]   12 0.002446705  0.6634234 15011.94  1.474076e+03  1.728361e+02
[13,]   13 0.002074133  0.5991566 15015.08  2.843292e+01 -2.755873e+02
[14,]   14 0.002300968  0.6382845 15009.57  9.427716e+02  4.929113e-01
[15,]   15 0.001988109  0.6383799 15009.38  2.776410e+02 -3.454445e+00
[16,]   16 0.001852321  0.6391715 15009.36 -6.241601e+01 -3.466804e-01
[17,]   17 0.001876366  0.6391637 15009.36  3.477584e+00  3.780120e-02
[18,]   18 0.001875114  0.6391615 15009.36  3.936814e-02 -4.576577e-05

