[22;0t]0;IPython: scripts/01_msprime_simulations$par
[1] 0.149314359 0.009808407

$value
[1] -5431.724

$counts
function gradient 
      12       12 

$convergence
[1] 0

$message
[1] "CONVERGENCE: REL_REDUCTION_OF_F <= FACTR*EPSMCH"

$loginfo
      step       par1        par2        fn           gr1           gr2
 [1,]    1  0.1000000 0.010000000  5433.559 -7.842612e+01  2.574052e+03
 [2,]    2 10.0000000 0.000001000 13386.413  4.817715e-01 -4.462001e+07
 [3,]    3  3.5642029 0.006501155  5525.646  1.356318e+00 -4.913283e+04
 [4,]    4  0.9825636 0.009108611  5450.863  8.152265e+00 -7.158509e+03
 [5,]    5  0.3135555 0.009784309  5436.495  3.628769e+01 -1.445904e+03
 [6,]    6  0.1649196 0.009934431  5431.835  9.044672e+00  5.947611e+02
 [7,]    7  0.1332078 0.008809948  5435.277  1.410910e+01 -7.642572e+03
 [8,]    8  0.1613687 0.009808518  5431.780  8.886418e+00 -2.297150e+02
 [9,]    9  0.1544581 0.009806653  5431.735  4.082471e+00 -1.148268e+02
[10,]   10  0.1486545 0.009807680  5431.724 -5.342629e-01  8.463642e+00
[11,]   11  0.1493484 0.009808442  5431.724  2.759731e-02 -4.521274e-01
[12,]   12  0.1493144 0.009808407  5431.724  1.776743e-04 -2.998299e-03

