[22;0t]0;IPython: scripts/01_msprime_simulations$par
[1] 0.4359527 0.4925610

$value
[1] -57406.43

$counts
function gradient 
      37       37 

$convergence
[1] 0

$message
[1] "CONVERGENCE: REL_REDUCTION_OF_F <= FACTR*EPSMCH"

$loginfo
      step       par1       par2        fn           gr1           gr2
 [1,]    1 0.10000000  0.0100000 117623.98  6.951235e+04 -2.980715e+06
 [2,]    2 0.00000100 10.0000000  65172.18 -5.460711e+06 -1.473007e+02
 [3,]    3 2.36438903 10.0000000  66442.61  1.644803e+03  4.293219e+01
 [4,]    4 0.78809394 10.0000000  63672.16  1.798647e+03  1.470484e+02
 [5,]    5 0.26253099 10.0000000  62857.11  8.915034e+02  2.658673e+02
 [6,]    6 0.26248821  9.9990830  62856.83  8.915098e+02  2.659629e+02
 [7,]    7 0.26231707  9.9954148  62855.70  8.915356e+02  2.663643e+02
 [8,]    8 0.26163253  9.9807422  62851.17  8.916409e+02  2.679631e+02
 [9,]    9 0.25889438  9.9220517  62832.82  8.920550e+02  2.742330e+02
[10,]   10 0.24794175  9.6872896  62755.94  8.913742e+02  2.967246e+02
[11,]   11 0.20413126  8.7482413  62405.38  8.628676e+02  3.619542e+02
[12,]   12 0.02888929  4.9920482  61213.35 -6.722587e+03  1.379889e+02
[13,]   13 0.11421077  6.7905488  61600.00  3.322281e+02  3.651924e+02
[14,]   14 0.04240182  5.2768803  61194.07 -3.488542e+03  1.991814e+02
[15,]   15 0.04040231  5.2257671  61191.53 -3.848143e+03  1.868481e+02
[16,]   16 0.03805656  5.1436739  61186.55 -4.362072e+03  1.692401e+02
[17,]   17 0.03571994  5.0039502  61175.11 -5.086734e+03  1.555946e+02
[18,]   18 0.04110140  3.9959841  60883.42 -4.886888e+03  3.498260e+02
[19,]   19 0.06243568  0.0000010 412387.75  8.885859e+04 -1.506434e+09
[20,]   20 0.04823511  2.6598166  60421.86 -4.074410e+03  4.372333e+02
[21,]   21 0.05770132  0.8867621  59071.31 -8.641614e+03  1.549015e+03
[22,]   22 0.06085672  0.2957446  58130.49 -7.674574e+03 -1.774307e+03
[23,]   23 0.05921353  0.6035213  58541.31 -1.105227e+04  2.048467e+03
[24,]   24 0.06085672  0.2957446  58130.49 -7.674574e+03 -1.774307e+03
[25,]   25 0.30058361  4.2029455  61207.46  2.531963e+03  2.504317e+02
[26,]   26 0.11089628  1.1113169  59149.70 -2.637168e+03  1.510789e+03
[27,]   27 0.07033678  0.4502558  58118.24 -9.586049e+03  1.718158e+03
[28,]   28 0.22336412  0.4840170  57530.56 -1.648511e+03  1.143126e+03
[29,]   29 0.24716661  0.4409918  57476.08 -9.130625e+02 -1.427174e+02
[30,]   30 0.27728172  0.4460899  57452.27 -6.100127e+02 -2.864581e+02
[31,]   31 0.35967730  0.4818415  57415.06 -2.715722e+02  1.533573e+02
[32,]   32 0.40065360  0.4887206  57408.17 -1.134632e+02  9.316636e+01
[33,]   33 0.42699397  0.4913164  57406.53 -2.458723e+01  1.395844e+01
[34,]   34 0.43488646  0.4924532  57406.43 -3.075794e+00  2.829277e+00
[35,]   35 0.43584160  0.4924072  57406.43  4.934805e-01 -4.027478e+00
[36,]   36 0.43608557  0.4926300  57406.43  6.285656e-02  1.335225e+00
[37,]   37 0.43595270  0.4925610  57406.43 -1.602202e-03  2.238048e-03

