[22;0t]0;IPython: scripts/01_msprime_simulations$par
[1] 0.001757387 4.061880281

$value
[1] -36463.51

$counts
function gradient 
      32       32 

$convergence
[1] 0

$message
[1] "CONVERGENCE: REL_REDUCTION_OF_F <= FACTR*EPSMCH"

$loginfo
      step         par1      par2       fn           gr1           gr2
 [1,]    1 1.000000e-01  0.010000 52327.89  3.134424e+04 -1.077747e+06
 [2,]    2 1.000000e-06 10.000000 41172.11 -1.819598e+05  1.100037e+03
 [3,]    3 1.564407e+00 10.000000 44945.30  2.370300e+03  9.919831e+02
 [4,]    4 5.112779e-01 10.000000 42399.68  2.474003e+03  1.031912e+03
 [5,]    5 1.671624e-01 10.000000 41540.85  2.502345e+03  1.062009e+03
 [6,]    6 5.477325e-02 10.000000 41261.74  2.435314e+03  1.081979e+03
 [7,]    7 1.805515e-02 10.000000 41175.18  2.198301e+03  1.092522e+03
 [8,]    8 6.044190e-03 10.000000 41151.19  1.611675e+03  1.095368e+03
 [9,]    9 5.990876e-03  9.989875 41140.02  1.607670e+03  1.094538e+03
[10,]   10 5.777620e-03  9.949376 41095.42  1.591574e+03  1.091171e+03
[11,]   11 4.924597e-03  9.787381 40918.42  1.537425e+03  1.077546e+03
[12,]   12 1.512504e-03  9.139398 40236.65 -6.078550e+00  1.010913e+03
[13,]   13 1.000000e-06  8.852351 39976.65 -1.819381e+05  9.761624e+02
[14,]   14 5.739312e-04  7.795641 38961.26 -6.512072e+03  9.144433e+02
[15,]   15 1.000000e-06  5.220604 36833.23 -8.949291e+04  4.585769e+02
[16,]   16 2.198385e-04  2.702894 36878.18 -6.110999e+04  2.236716e+01
[17,]   17 6.685842e-05  4.462911 36532.08 -5.146365e+04  2.643591e+02
[18,]   18 1.551269e-04  3.431411 36607.93 -4.240586e+04 -4.194599e+02
[19,]   19 1.015112e-04  4.057961 36474.96 -1.433691e+05 -2.817217e+00
[20,]   20 8.147494e-04  3.798291 36491.56 -3.978441e+03 -2.073229e+02
[21,]   21 3.240993e-04  3.976923 36471.43 -1.571433e+04 -6.347339e+01
[22,]   22 3.490610e-04  4.056592 36468.41 -1.426448e+04 -3.825748e+00
[23,]   23 3.788797e-04  4.066947 36468.01 -1.280106e+04  3.726026e+00
[24,]   24 5.232664e-04  4.084403 36466.75 -8.190800e+03  1.635503e+01
[25,]   25 7.183957e-04  4.084208 36465.51 -4.988370e+03  1.620954e+01
[26,]   26 1.022729e-03  4.070944 36464.28 -2.467301e+03  6.611995e+00
[27,]   27 1.343227e-03  4.067757 36463.72 -1.057255e+03  4.288198e+00
[28,]   28 1.569472e-03  4.053341 36463.57 -4.101061e+02 -6.241258e+00
[29,]   29 1.911401e-03  4.074089 36463.59  2.751347e+02  8.868372e+00
[30,]   30 1.729109e-03  4.063028 36463.51 -5.630345e+01  8.351802e-01
[31,]   31 1.751520e-03  4.062034 36463.51 -1.175611e+01  1.101004e-01
[32,]   32 1.757387e-03  4.061880 36463.51 -2.837786e-01 -2.223715e-03

