[22;0t]0;IPython: scripts/01_msprime_simulations$par
[1] 0.4564806 0.4965068

$value
[1] -58727.62

$counts
function gradient 
      41       41 

$convergence
[1] 0

$message
[1] "CONVERGENCE: REL_REDUCTION_OF_F <= FACTR*EPSMCH"

$loginfo
      step       par1       par2        fn           gr1           gr2
 [1,]    1 0.10000000  0.0100000 120518.36  7.162221e+04 -3.057724e+06
 [2,]    2 0.00000100 10.0000000  66226.48 -6.115141e+06 -1.389676e+02
 [3,]    3 2.21863302 10.0000000  67146.89  1.622375e+03 -2.437409e+01
 [4,]    4 0.73954277 10.0000000  64560.86  1.779068e+03  8.916304e+01
 [5,]    5 0.24636258 10.0000000  63837.98  6.994481e+02  1.822503e+02
 [6,]    6 0.24633444  9.9993876  63837.84  6.993964e+02  1.823096e+02
 [7,]    7 0.24622187  9.9969380  63837.32  6.991902e+02  1.825659e+02
 [8,]    8 0.24577157  9.9871396  63835.21  6.983773e+02  1.835943e+02
 [9,]    9 0.24397040  9.9479462  63826.68  6.953151e+02  1.877546e+02
[10,]   10 0.23676569  9.7911723  63790.93  6.858530e+02  2.050383e+02
[11,]   11 0.20794687  9.1640769  63621.54  6.481893e+02  2.740541e+02
[12,]   12 0.09267157  6.6556954  62586.65  3.372494e+02  3.971033e+02
[13,]   13 0.00000100  4.6391910  63582.14 -3.491444e+06  0.000000e+00
[14,]   14 0.05134941  5.7565285  62323.24 -1.788217e+03  2.106174e+02
[15,]   15 0.00000100  4.6105198  63595.08 -3.544614e+06 -4.577974e+02
[16,]   16 0.03300718  5.3471612  62309.76 -4.537709e+03  1.216219e+02
[17,]   17 0.04035893  5.4958216  62302.54 -3.184999e+03  1.568869e+02
[18,]   18 0.04066358  5.4867573  62300.16 -3.148846e+03  1.555534e+02
[19,]   19 0.04188218  5.4504998  62290.87 -3.009558e+03  1.500445e+02
[20,]   20 0.04675656  5.3054698  62257.37 -2.534571e+03  1.261327e+02
[21,]   21 0.07199513  4.5313013  62117.93 -1.112757e+03  1.826413e+02
[22,]   22 0.17294940  1.4346273  60858.23  1.160127e+02  1.211735e+03
[23,]   23 0.21971947  0.0000010 432918.33  4.612961e+04 -1.544245e+09
[24,]   24 0.18859101  0.9548362  60050.45 -1.546883e+03  2.190594e+03
[25,]   25 0.20933806  0.3184407  59170.69  9.280442e+02 -6.815551e+03
[26,]   26 0.19370772  0.7978862  59668.73 -2.140115e+03  2.535167e+03
[27,]   27 0.20933806  0.3184407  59170.69  9.280442e+02 -6.815551e+03
[28,]   28 0.00000100  5.2626962  63376.67 -2.788356e+06 -1.540627e+02
[29,]   29 0.09456375  3.0292531  61720.84  4.249065e+02  3.144583e+02
[30,]   30 0.17875302  1.0408175  60242.54 -1.303676e+03  1.952363e+03
[31,]   31 0.20132515  0.5076946  58943.40 -2.297474e+03  1.659773e+03
[32,]   32 0.21937622  0.4753296  58863.14 -1.745347e+03  9.942869e+02
[33,]   33 0.26472630  0.4172570  58813.20 -4.835553e+02 -1.278270e+03
[34,]   34 0.28647708  0.4523488  58775.77 -6.447436e+02 -1.931058e+02
[35,]   35 0.33867232  0.4792695  58748.16 -4.387800e+02  2.135370e+02
[36,]   36 0.39510820  0.4928685  58733.29 -2.128998e+02  2.412524e+02
[37,]   37 0.43356677  0.4945774  58728.30 -6.639839e+01  6.774636e+01
[38,]   38 0.45160055  0.4957541  58727.65 -1.168109e+01  2.517541e+00
[39,]   39 0.45634503  0.4965500  58727.62 -1.016676e+00  9.594446e-01
[40,]   40 0.45670881  0.4964341  58727.62  7.551880e-01 -4.618233e+00
[41,]   41 0.45648059  0.4965068  58727.62 -3.561173e-01 -1.118287e+00

