[22;0t]0;IPython: scripts/01_msprime_simulations$par
[1] 0.0001746723 0.0015047080

$value
[1] -579.6019

$counts
function gradient 
      86       86 

$convergence
[1] 52

$message
[1] "ERROR: ABNORMAL_TERMINATION_IN_LNSRCH"

$loginfo
      step         par1         par2         fn          gr1           gr2
 [1,]    1 1.000000e-01 1.000000e-02   780.8639   1874.56739  4.311388e+03
 [2,]    2 1.000000e-06 1.000000e-06   938.7789 104208.71899 -3.062106e+06
 [3,]    3 5.219194e-02 5.219625e-03   675.0431   1550.29920  5.459404e+03
 [4,]    4 1.774592e-02 1.775332e-03   610.6192    731.94978  7.958271e+03
 [5,]    5 1.000000e-06 1.000000e-06   938.7789 104208.71899 -3.062106e+06
 [6,]    6 1.217009e-02 1.217799e-03   602.3889    655.29229  7.046631e+03
 [7,]    7 1.000000e-06 1.000000e-06   938.7789 104208.71899 -3.062106e+06
 [8,]    8 8.745414e-03 8.753627e-04   598.5822    790.35429 -1.430127e+03
 [9,]    9 1.000000e-06 1.000000e+01 24437.3259   2416.09852  2.316688e+03
[10,]   10 7.865959e-03 1.006521e+00  2847.4877   2415.66413  2.445542e+03
[11,]   11 8.649521e-03 1.105280e-01   747.5079   2351.11421  1.945092e+03
[12,]   12 8.730043e-03 1.845196e-02   599.4211   2301.94402  5.462804e+02
[13,]   13 8.739651e-03 7.464558e-03   600.9310   1901.78065 -1.270333e+03
[14,]   14 8.744469e-03 1.955838e-03   603.3601   1230.15945  3.509373e+03
[15,]   15 8.745357e-03 9.396978e-04   598.5951    807.52114  1.074400e+03
[16,]   16 8.745393e-03 8.986316e-04   598.5686    795.97935 -4.319173e+02
[17,]   17 8.726774e-03 9.088210e-04   598.5546    800.52204 -3.397029e+01
[18,]   18 8.569767e-03 9.489393e-04   598.4651    828.61832  1.317583e+03
[19,]   19 8.123827e-03 1.015358e-03   598.2384    903.94928  2.892088e+03
[20,]   20 6.064425e-03 1.247910e-03   596.8564   1406.29179  4.098112e+03
[21,]   21 1.000000e-06 1.932605e-03   588.6931 -84092.55142  0.000000e+00
[22,]   22 5.997148e-03 1.255507e-03   596.7925   1429.12337  4.068243e+03
[23,]   23 2.999074e-03 1.594056e-03   591.4242   2976.94579  1.411605e+03
[24,]   24 9.955125e-04 1.820302e-03   583.7468   5168.03941 -6.574274e+02
[25,]   25 3.894201e-04 1.888744e-03   580.4235   4605.70042  3.374144e+00
[26,]   26 1.000000e-06 1.936561e-03   588.6971 -84084.78822  1.023788e+03
[27,]   27 3.086768e-04 1.898684e-03   580.0826   3324.87182  3.151179e+02
[28,]   28 1.055815e-04 1.915360e-03   580.2170 -27017.03511  1.206665e+03
[29,]   29 2.026941e-04 1.907386e-03   579.8558   -856.12008  7.920063e+02
[30,]   30 2.252600e-04 1.900511e-03   579.8677    504.88675  6.880466e+02
[31,]   31 2.068850e-04 1.906109e-03   579.8561   -573.52849  7.728539e+02
[32,]   32 2.035961e-04 1.907111e-03   579.8558   -793.98290  7.878918e+02
[33,]   33 2.057668e-04 1.906450e-03   579.8560   -647.43142  7.779730e+02
[34,]   34 2.040433e-04 1.906975e-03   579.8558   -763.45019  7.858503e+02
[35,]   35 2.036896e-04 1.907083e-03   579.8558   -787.58477  7.874651e+02
[36,]   36 2.035961e-04 1.907111e-03   579.8558   -793.98290  7.878918e+02
[37,]   37 2.178813e-04 1.896154e-03   579.8562    130.56046  7.242474e+02
[38,]   38 2.075515e-04 1.904077e-03   579.8548   -521.76886  7.706246e+02
[39,]   39 2.222942e-04 1.881571e-03   579.8504    438.48487  7.055010e+02
[40,]   40 2.298115e-04 1.847860e-03   579.8377    982.53186  6.629914e+02
[41,]   41 2.447480e-04 1.687012e-03   579.7847   2502.94546  3.058855e+02
[42,]   42 2.340058e-04 1.608188e-03   579.7333   2515.58109  4.430765e+01
[43,]   43 1.707823e-04 1.488475e-03   579.6019   -931.02882 -3.454313e+02
[44,]   44 1.905369e-04 1.570913e-03   579.6221    254.86600  1.041347e+02
[45,]   45 1.746723e-04 1.504708e-03   579.6019   -655.33292 -2.426438e+02
[46,]   46 1.839200e-04 1.543025e-03   579.6100    -86.04423 -2.853476e+01
[47,]   47 1.761161e-04 1.510690e-03   579.6024   -558.70970 -2.066449e+02
[48,]   48 1.749181e-04 1.505726e-03   579.6019   -638.66315 -2.364470e+02
[49,]   49 1.747147e-04 1.504884e-03   579.6019   -652.44843 -2.415719e+02
[50,]   50 1.746796e-04 1.504738e-03   579.6019   -654.83353 -2.424582e+02
[51,]   51 1.746736e-04 1.504713e-03   579.6019   -655.24645 -2.426116e+02
[52,]   52 1.746725e-04 1.504709e-03   579.6019   -655.31795 -2.426382e+02
[53,]   53 1.746723e-04 1.504708e-03   579.6019   -655.33032 -2.426428e+02
[54,]   54 1.746723e-04 1.504708e-03   579.6019   -655.33247 -2.426436e+02
[55,]   55 1.746723e-04 1.504708e-03   579.6019   -655.33284 -2.426437e+02
[56,]   56 1.746723e-04 1.504708e-03   579.6019   -655.33290 -2.426438e+02
[57,]   57 1.746723e-04 1.504708e-03   579.6019   -655.33291 -2.426438e+02
[58,]   58 1.746723e-04 1.504708e-03   579.6019   -655.33292 -2.426438e+02
[59,]   59 1.746723e-04 1.504708e-03   579.6019   -655.33292 -2.426438e+02
[60,]   60 1.746723e-04 1.504708e-03   579.6019   -655.33292 -2.426438e+02
[61,]   61 1.746723e-04 1.504708e-03   579.6019   -655.33292 -2.426438e+02
[62,]   62 1.746723e-04 1.504708e-03   579.6019   -655.33292 -2.426438e+02
[63,]   63 1.746723e-04 1.504708e-03   579.6019   -655.33292 -2.426438e+02
[64,]   64 1.000000e+01 1.000000e+01 47398.3950   2176.91658  2.321401e+03
[65,]   65 4.086740e-01 4.099497e-01  2370.9706   2393.40444  2.357353e+03
[66,]   66 1.876530e-02 2.009286e-02   623.9893   2349.47574  7.982066e+02
[67,]   67 1.691684e-03 3.021517e-03   586.3921   4536.82576 -9.015471e+02
[68,]   68 2.353999e-04 1.565428e-03   579.7394   2817.89605 -1.966423e+02
[69,]   69 1.795126e-04 1.509548e-03   579.6068   -235.06296 -2.383159e+02
[70,]   70 1.751171e-04 1.505153e-03   579.6023   -615.11505 -2.422446e+02
[71,]   71 1.747132e-04 1.504749e-03   579.6019   -651.61698 -2.426070e+02
[72,]   72 1.746761e-04 1.504712e-03   579.6019   -654.99077 -2.426404e+02
[73,]   73 1.746726e-04 1.504708e-03   579.6019   -655.30142 -2.426435e+02
[74,]   74 1.746723e-04 1.504708e-03   579.6019   -655.33002 -2.426437e+02
[75,]   75 1.746723e-04 1.504708e-03   579.6019   -655.33265 -2.426438e+02
[76,]   76 1.746723e-04 1.504708e-03   579.6019   -655.33289 -2.426438e+02
[77,]   77 1.746723e-04 1.504708e-03   579.6019   -655.33291 -2.426438e+02
[78,]   78 1.746723e-04 1.504708e-03   579.6019   -655.33292 -2.426438e+02
[79,]   79 1.746723e-04 1.504708e-03   579.6019   -655.33292 -2.426438e+02
[80,]   80 1.746723e-04 1.504708e-03   579.6019   -655.33292 -2.426438e+02
[81,]   81 1.746723e-04 1.504708e-03   579.6019   -655.33292 -2.426438e+02
[82,]   82 1.746723e-04 1.504708e-03   579.6019   -655.33292 -2.426438e+02

