[22;0t]0;IPython: scripts/01_msprime_simulations$par
[1] 0.060298945 0.004485405

$value
[1] -2810.429

$counts
function gradient 
      26       26 

$convergence
[1] 0

$message
[1] "CONVERGENCE: REL_REDUCTION_OF_F <= FACTR*EPSMCH"

$loginfo
      step       par1        par2       fn           gr1           gr2
 [1,]    1 0.10000000 0.010000000 2908.344  2.218016e+02  2.308331e+04
 [2,]    2 0.00000100 0.000001000 5475.838  1.211092e+05 -1.990779e+07
 [3,]    3 0.06490706 0.006491022 2830.598  1.033685e+00  1.675865e+04
 [4,]    4 0.05898975 0.000001000 5993.015  8.757784e+02 -2.017427e+07
 [5,]    5 0.06293594 0.004329121 2810.644  1.390602e+01 -2.578796e+03
 [6,]    6 0.06270246 0.004615854 2810.545  5.162109e-01  1.737406e+03
 [7,]    7 0.06257094 0.004500055 2810.436  4.974150e+00  9.926497e+01
 [8,]    8 0.06236014 0.004492065 2810.434  4.820765e+00 -9.298888e+00
 [9,]    9 0.06178569 0.004484200 2810.432  3.776315e+00 -9.988842e+01
[10,]   10 0.06088026 0.004479365 2810.430  1.728721e+00 -1.296572e+02
[11,]   11 0.06038700 0.004481772 2810.429  3.383675e-01 -7.061548e+01
[12,]   12 0.06029894 0.004485405 2810.429 -6.585591e-02 -1.274514e+01
[13,]   13 0.06033422 0.004486351 2810.429 -1.799312e-02 -4.632144e-01
[14,]   14 0.06030468 0.004485559 2810.429 -5.806954e-02 -1.074710e+01
[15,]   15 0.06030005 0.004485435 2810.429 -6.435445e-02 -1.235985e+01
[16,]   16 0.06029916 0.004485411 2810.429 -6.555726e-02 -1.266849e+01
[17,]   17 0.06029899 0.004485406 2810.429 -6.579608e-02 -1.272979e+01
[18,]   18 0.06029895 0.004485405 2810.429 -6.584398e-02 -1.274207e+01
[19,]   19 0.06029895 0.004485405 2810.429 -6.585354e-02 -1.274453e+01
[20,]   20 0.06029895 0.004485405 2810.429 -6.585538e-02 -1.274501e+01
[21,]   21 0.06029894 0.004485405 2810.429 -6.585577e-02 -1.274511e+01
[22,]   22 0.06029894 0.004485405 2810.429 -6.585596e-02 -1.274513e+01
[23,]   23 0.06029894 0.004485405 2810.429 -6.585586e-02 -1.274512e+01
[24,]   24 0.06029894 0.004485405 2810.429 -6.585596e-02 -1.274513e+01
[25,]   25 0.06029894 0.004485405 2810.429 -6.585596e-02 -1.274513e+01
[26,]   26 0.06029894 0.004485405 2810.429 -6.585596e-02 -1.274513e+01

