[22;0t]0;IPython: scripts/01_msprime_simulations$par
[1] 0.007683538 0.010047853

$value
[1] -5301.667

$counts
function gradient 
      30       30 

$convergence
[1] 0

$message
[1] "CONVERGENCE: REL_REDUCTION_OF_F <= FACTR*EPSMCH"

$loginfo
      step        par1         par2        fn           gr1           gr2
 [1,]    1 0.100000000  0.010000000  5365.272  4.716471e+02 -9.822214e+03
 [2,]    2 0.000001000 10.000000000 25605.277  2.416088e+03  2.219177e+03
 [3,]    3 0.074148252  2.592615422  9350.210  2.413631e+03  2.099526e+03
 [4,]    4 0.092820777  0.727211576  5981.224  2.399813e+03  1.176043e+03
 [5,]    5 0.097850532  0.224734011  5706.047  2.640133e+03 -2.606374e+02
 [6,]    6 0.099464999  0.063447135  5696.347  2.254377e+03  2.756218e+03
 [7,]    7 0.099914788  0.018512783  5392.236  5.314148e+02  9.305088e+03
 [8,]    8 0.099975161  0.012481462  5355.274  4.434013e+02  6.009769e+02
 [9,]    9 0.099870627  0.012339160  5355.172  4.439337e+02  1.733503e+02
[10,]   10 0.099542335  0.012172545  5355.041  4.450300e+02 -3.471069e+02
[11,]   11 0.098778127  0.012001342  5354.806  4.470263e+02 -9.031006e+02
[12,]   12 0.095909429  0.011654694  5354.029  4.542960e+02 -2.090841e+03
[13,]   13 0.088053235  0.011119589  5352.012  4.771987e+02 -4.059030e+03
[14,]   14 0.061772838  0.010012555  5344.769  6.148153e+02 -8.255743e+03
[15,]   15 0.000001000  0.007999963  5431.148 -5.228829e+05  1.144951e+03
[16,]   16 0.038179021  0.009243843  5334.423  9.209075e+02 -1.034784e+04
[17,]   17 0.012858756  0.008418883  5311.863  1.490466e+03 -8.230014e+03
[18,]   18 0.004449898  0.008144913  5304.938 -6.963656e+02 -2.630202e+03
[19,]   19 0.007730824  0.008251809  5305.954  1.103071e+03 -5.497277e+03
[20,]   20 0.004449898  0.008144913  5304.938 -6.963656e+02 -2.630202e+03
[21,]   21 0.046188947  0.009904290  5335.130  7.451731e+02 -7.624392e+03
[22,]   22 0.010083869  0.008382395  5308.127  1.368913e+03 -6.696879e+03
[23,]   23 0.005608284  0.008193741  5304.604  2.838740e+02 -3.728535e+03
[24,]   24 0.005704192  0.008412974  5303.884  1.293046e+02 -3.035909e+03
[25,]   25 0.006986694  0.009642218  5301.798 -7.186192e+01 -5.359157e+02
[26,]   26 0.007467867  0.009981311  5301.673 -4.506642e+01 -4.477824e+01
[27,]   27 0.007612239  0.010048502  5301.668 -2.339845e+01  2.940782e+01
[28,]   28 0.007660479  0.010053312  5301.667 -9.547389e+00  1.986282e+01
[29,]   29 0.007683649  0.010048692  5301.667 -2.714866e-01  1.711794e+00
[30,]   30 0.007683538  0.010047853  5301.667  2.208635e-02  1.051108e-01

