[22;0t]0;IPython: scripts/01_msprime_simulations$par
[1] 0.034233058 0.003185581

$value
[1] -2076.789

$counts
function gradient 
      26       26 

$convergence
[1] 0

$message
[1] "CONVERGENCE: REL_REDUCTION_OF_F <= FACTR*EPSMCH"

$loginfo
      step       par1        par2       fn           gr1           gr2
 [1,]    1 0.10000000 0.010000000 2223.839  5.519815e+02  2.205417e+04
 [2,]    2 0.00000100 0.000001000 3829.050  1.214804e+05 -1.381558e+07
 [3,]    3 0.06345713 0.006346042 2126.094  2.188877e+02  2.201495e+04
 [4,]    4 0.03951136 0.000001000 4193.927  9.416873e+02 -1.408105e+07
 [5,]    5 0.05528035 0.004179394 2084.295  5.619353e+01  1.289949e+04
 [6,]    6 0.05126188 0.001134635 2176.182  2.773219e+02 -1.543704e+05
 [7,]    7 0.05410696 0.003290331 2077.330  4.374616e+01  1.166019e+03
 [8,]    8 0.05224500 0.003199580 2077.219  4.259833e+01 -5.699344e+02
 [9,]    9 0.04898299 0.003185841 2077.097  3.770331e+01 -7.617841e+02
[10,]   10 0.02635444 0.003176691 2076.892 -2.683974e+01  5.771574e+02
[11,]   11 0.03574350 0.003179630 2076.793  5.393137e+00 -2.338925e+02
[12,]   12 0.03428622 0.003183301 2076.789  3.211286e-01 -5.630819e+01
[13,]   13 0.03423306 0.003185581 2076.789 -3.318363e-02 -9.163821e+00
[14,]   14 0.03425540 0.003186155 2076.789 -1.320909e-03 -5.156591e-02
[15,]   15 0.03423439 0.003185615 2076.789 -3.128911e-02 -8.621172e+00
[16,]   16 0.03423314 0.003185583 2076.789 -3.306376e-02 -9.129482e+00
[17,]   17 0.03423306 0.003185581 2076.789 -3.317600e-02 -9.161640e+00
[18,]   18 0.03423306 0.003185581 2076.789 -3.318309e-02 -9.163682e+00
[19,]   19 0.03423306 0.003185581 2076.789 -3.318366e-02 -9.163812e+00
[20,]   20 0.03423306 0.003185581 2076.789 -3.318367e-02 -9.163820e+00
[21,]   21 0.03423306 0.003185581 2076.789 -3.318368e-02 -9.163820e+00
[22,]   22 0.03423306 0.003185581 2076.789 -3.318367e-02 -9.163820e+00
[23,]   23 0.03423306 0.003185581 2076.789 -3.318368e-02 -9.163820e+00
[24,]   24 0.03423306 0.003185581 2076.789 -3.318370e-02 -9.163820e+00
[25,]   25 0.03423306 0.003185581 2076.789 -3.318370e-02 -9.163820e+00
[26,]   26 0.03423306 0.003185581 2076.789 -3.318368e-02 -9.163820e+00

