[22;0t]0;IPython: scripts/01_msprime_simulations$par
[1] 3.7659531281 0.0004807876

$value
[1] -417.8093

$counts
function gradient 
      27       27 

$convergence
[1] 0

$message
[1] "CONVERGENCE: REL_REDUCTION_OF_F <= FACTR*EPSMCH"

$loginfo
      step         par1         par2       fn           gr1           gr2
 [1,]    1  0.100000000 0.0100000000 647.5234  1.987192e+03  2.254124e+03
 [2,]    2  0.000001000 0.0000010000 603.1594  1.038585e+05 -1.815954e+06
 [3,]    3  0.097231986 0.0097232235 641.4101  1.976352e+03  2.283288e+03
 [4,]    4  0.048616493 0.0048621117 537.0612  1.544214e+03  6.052518e+03
 [5,]    5  0.017031348 0.0017038815 457.4140  3.947510e+02  2.796931e+04
 [6,]    6  0.007440899 0.0007449230 426.3894 -2.218821e+02  2.717284e+04
 [7,]    7 10.000000000 0.0000010000 666.2403 -8.018333e-06 -2.115238e+06
 [8,]    8  3.763738660 0.0004652753 417.8330 -6.781946e-03 -4.841958e+03
 [9,]    9  4.319970367 0.0043616811 697.8551  3.497215e-01  8.790702e+04
[10,]   10  3.773663700 0.0005348002 418.0970 -6.677147e-03  9.114758e+03
[11,]   11  3.765953128 0.0004807876 417.8093 -6.785277e-03 -1.362136e+03
[12,]   12  3.766936676 0.0004868641 417.8138 -6.781415e-03 -6.227344e+01
[13,]   13  3.766108261 0.0004817460 417.8095 -6.784553e-03 -1.154832e+03
[14,]   14  3.765981603 0.0004809635 417.8093 -6.787846e-03 -1.324020e+03
[15,]   15  3.765958496 0.0004808208 417.8093 -6.786651e-03 -1.354948e+03
[16,]   16  3.765954145 0.0004807939 417.8093 -6.785234e-03 -1.360774e+03
[17,]   17  3.765953321 0.0004807888 417.8093 -6.787947e-03 -1.361877e+03
[18,]   18  3.765953165 0.0004807878 417.8093 -6.784718e-03 -1.362087e+03
[19,]   19  3.765953135 0.0004807877 417.8093 -6.787298e-03 -1.362126e+03
[20,]   20  3.765953129 0.0004807876 417.8093 -6.788214e-03 -1.362134e+03
[21,]   21  3.765953128 0.0004807876 417.8093 -6.784943e-03 -1.362135e+03
[22,]   22  3.765953128 0.0004807876 417.8093 -6.784971e-03 -1.362135e+03
[23,]   23  3.765953128 0.0004807876 417.8093 -6.789249e-03 -1.362136e+03
[24,]   24  3.765953128 0.0004807876 417.8093 -6.786751e-03 -1.362136e+03
[25,]   25  3.765953128 0.0004807876 417.8093 -6.788975e-03 -1.362136e+03
[26,]   26  3.765953128 0.0004807876 417.8093 -6.789249e-03 -1.362136e+03

