[22;0t]0;IPython: scripts/01_msprime_simulations$par
[1] 0.001487926 0.574468928

$value
[1] -16776.06

$counts
function gradient 
      39       39 

$convergence
[1] 0

$message
[1] "CONVERGENCE: REL_REDUCTION_OF_F <= FACTR*EPSMCH"

$loginfo
      step         par1       par2       fn           gr1           gr2
 [1,]    1 0.1000000000  0.0100000 19400.82  6.744440e+03 -2.689166e+05
 [2,]    2 0.0000010000 10.0000000 29943.20  2.416080e+03  1.857008e+03
 [3,]    3 0.0668140825  3.3253063 18973.71  2.499081e+03  1.276847e+03
 [4,]    4 0.0889182565  1.1170772 17398.96  3.506068e+03  3.480692e+02
 [5,]    5 0.0745011620  1.1156171 17347.65  3.535456e+03  3.955226e+02
 [6,]    6 0.0168327842  1.1097764 17144.55  3.084140e+03  5.709878e+02
 [7,]    7 0.0000010000  1.1049058 17171.33 -3.234170e+05  6.377078e+02
 [8,]    8 0.0084396521  1.1073477 17120.07  2.229122e+03  5.599321e+02
 [9,]    9 0.0000010000  1.0995566 17167.84 -3.223161e+05  6.662818e+02
[10,]   10 0.0049953503  1.1041677 17112.25  1.101905e+03  5.499747e+02
[11,]   11 0.0001814145  1.0923313 17126.38 -4.834805e+04  6.421300e+02
[12,]   12 0.0029831965  1.0992203 17108.78 -6.101828e+02  5.461809e+02
[13,]   13 0.0021522588  1.0855773 17102.48 -2.147813e+03  5.381432e+02
[14,]   14 0.0000010000  0.9432998 17039.45 -3.243694e+05  9.242368e+02
[15,]   15 0.0019097632  1.0695394 17094.18 -2.653792e+03  5.849439e+02
[16,]   16 0.0009553816  1.0064196 17050.23 -5.832789e+03  9.550637e+02
[17,]   17 0.0003262416  0.9648103 17017.38 -2.395491e+04  9.150376e+02
[18,]   18 0.0002221252  0.9579243 17014.08 -3.800451e+04  9.060590e+02
[19,]   19 0.0000010000  0.8769080 16987.62 -3.187695e+05  6.385537e+02
[20,]   20 0.0011713529  0.0000010 54165.34  1.191369e+05 -2.001827e+08
[21,]   21 0.0003981976  0.5793009 16780.85 -1.490088e+04  5.883795e+01
[22,]   22 0.0003646162  0.5212837 16790.36 -1.813251e+04 -1.229219e+02
[23,]   23 0.0003962700  0.5759707 16780.75 -1.497944e+04  2.167761e+01
[24,]   24 0.0005381674  0.5745050 16779.07 -9.495357e+03  4.414374e+00
[25,]   25 0.0007840820  0.5742027 16777.41 -4.841736e+03 -9.377918e-02
[26,]   26 0.0010400327  0.5743075 16776.52 -2.352765e+03 -9.970159e-02
[27,]   27 0.0012819811  0.5744159 16776.15 -8.908955e+02  1.311699e-01
[28,]   28 0.0014294139  0.5744553 16776.07 -2.297232e+02  8.567773e-02
[29,]   29 0.0014806349  0.5744673 16776.06 -2.863977e+01  6.965087e-02
[30,]   30 0.0014879262  0.5744689 16776.06 -1.052611e+00  6.754486e-02
[31,]   31 0.0014882004  0.5744690 16776.06 -2.006369e-02  6.726736e-02
[32,]   32 0.0014879324  0.5744689 16776.06 -1.029305e+00  6.755439e-02
[33,]   33 0.0014879263  0.5744689 16776.06 -1.052053e+00  6.755437e-02
[34,]   34 0.0014879262  0.5744689 16776.06 -1.052516e+00  6.755488e-02
[35,]   35 0.0014879262  0.5744689 16776.06 -1.052515e+00  6.755516e-02
[36,]   36 0.0014879263  0.5744689 16776.06 -1.052278e+00  6.755909e-02
[37,]   37 0.0014879262  0.5744689 16776.06 -1.052514e+00  6.755494e-02
[38,]   38 0.0014879262  0.5744689 16776.06 -1.052514e+00  6.755497e-02
[39,]   39 0.0014879262  0.5744689 16776.06 -1.052514e+00  6.755494e-02

