[22;0t]0;IPython: scripts/01_msprime_simulations$par
[1] 0.003237358 0.607191948

$value
[1] -15400.07

$counts
function gradient 
      29       29 

$convergence
[1] 0

$message
[1] "CONVERGENCE: REL_REDUCTION_OF_F <= FACTR*EPSMCH"

$loginfo
      step         par1       par2       fn           gr1           gr2
 [1,]    1 0.1000000000  0.0100000 17853.47  6.503567e+03 -2.434786e+05
 [2,]    2 0.0000010000 10.0000000 29497.16  2.416091e+03  1.894248e+03
 [3,]    3 0.0668566231  3.3210565 18207.58  2.373317e+03  1.308922e+03
 [4,]    4 0.0889327528  1.1156291 15938.49  3.436181e+03  4.841529e+02
 [5,]    5 0.0733558009  1.1133949 15883.86  3.432279e+03  5.144290e+02
 [6,]    6 0.0110479936  1.1044584 15675.05  2.443807e+03  7.032786e+02
 [7,]    7 0.0000010000  1.0986414 15755.71 -5.751208e+05  7.421587e+02
 [8,]    8 0.0066500224  1.1021426 15664.25  1.568760e+03  7.210833e+02
 [9,]    9 0.0000010000  1.0868731 15746.94 -5.812897e+05  7.483534e+02
[10,]   10 0.0041444171  1.0963884 15657.57  2.149675e+02  7.264976e+02
[11,]   11 0.0000010000  1.0644467 15727.25 -5.663202e+05  1.103788e+03
[12,]   12 0.0025453709  1.0840613 15649.81 -2.094823e+03  7.266941e+02
[13,]   13 0.0001105216  1.0043023 15607.92 -1.753216e+05  9.728100e+02
[14,]   14 0.0022253278  1.0735776 15642.92 -3.040381e+03  7.477795e+02
[15,]   15 0.0011679247  1.0389399 15618.30 -7.130054e+03  9.736508e+02
[16,]   16 0.0004466458  1.0153128 15603.49 -2.307585e+04  9.991728e+02
[17,]   17 0.0000010000  0.9055538 15581.62 -5.498901e+05  6.896032e+02
[18,]   18 0.0002818449  0.9747237 15570.07 -3.999031e+04  8.798974e+02
[19,]   19 0.0070859369  0.0000010 50446.21  8.123042e+04 -1.842519e+08
[20,]   20 0.0026028042  0.6422338 15402.82 -6.536147e+02  1.518231e+02
[21,]   21 0.0028599786  0.5847118 15401.44 -1.118209e+03 -1.021002e+02
[22,]   22 0.0027830904  0.6068490 15400.25 -8.353873e+02 -1.069406e+01
[23,]   23 0.0027961394  0.6086959 15400.23 -7.678259e+02 -2.247767e+00
[24,]   24 0.0028427688  0.6100006 15400.19 -6.451714e+02  4.546037e+00
[25,]   25 0.0033123300  0.6050783 15400.08  7.644054e+01 -8.006552e+00
[26,]   26 0.0032449129  0.6072018 15400.07  1.045023e+01  1.335739e-01
[27,]   27 0.0032369105  0.6071886 15400.07 -2.395922e+00 -7.154573e-02
[28,]   28 0.0032383114  0.6071990 15400.07  4.956992e-03 -2.357592e-04
[29,]   29 0.0032373583  0.6071919 15400.07 -1.628290e+00 -4.875181e-02

