[22;0t]0;IPython: scripts/01_msprime_simulations$par
[1] 0.0004610463 0.0004614423

$value
[1] -430.4361

$counts
function gradient 
      40       40 

$convergence
[1] 0

$message
[1] "CONVERGENCE: REL_REDUCTION_OF_F <= FACTR*EPSMCH"

$loginfo
      step         par1         par2       fn           gr1           gr2
 [1,]    1 0.1000000000 0.0100000000 647.6151   1912.871104  4.092650e+03
 [2,]    2 0.0000010000 0.0000010000 634.4636 103178.124332 -1.954341e+06
 [3,]    3 0.0975443489 0.0097544570 641.9159   1903.527739  4.162481e+03
 [4,]    4 0.0487726745 0.0048777285 529.1539   1553.580219  7.592006e+03
 [5,]    5 0.0172766210 0.0017284066 455.5250    655.138680  1.890097e+04
 [6,]    6 0.0075370477 0.0007545369 433.3497     77.175547  1.331477e+04
 [7,]    7 0.0014424662 0.0000010000 677.0539   8109.393916 -2.175382e+06
 [8,]    8 0.0058966561 0.0005517181 431.4626     79.711400  1.011892e+03
 [9,]    9 0.0053279464 0.0005242911 431.3935     96.477971 -1.716943e+03
[10,]   10 0.0045087289 0.0005164076 431.3139    114.557621 -2.145709e+03
[11,]   11 0.0012318588 0.0004848735 430.7030    339.701384 -1.188406e+03
[12,]   12 0.0000010000 0.0004730287 436.5549 -51979.747321  1.126785e+03
[13,]   13 0.0008484869 0.0004811843 430.5632    365.570835 -2.460460e+02
[14,]   14 0.0003905218 0.0004767771 430.4751   -469.193162  1.350512e+03
[15,]   15 0.0046467292 0.0005273650 431.3244    105.018832 -9.746733e+02
[16,]   16 0.0011969718 0.0004863623 430.6913    339.603366 -9.479983e+02
[17,]   17 0.0005435564 0.0004785961 430.4678    124.159411  8.104706e+02
[18,]   18 0.0005023002 0.0004711807 430.4507     50.317947  5.166803e+02
[19,]   19 0.0004610463 0.0004614423 430.4361    -46.403294  7.495757e+01
[20,]   20 0.0004721835 0.0004616849 430.4365     -5.468067  2.931713e+01
[21,]   21 0.0004623129 0.0004614699 430.4361    -41.570113  6.975275e+01
[22,]   22 0.0004612033 0.0004614457 430.4361    -45.801575  7.431214e+01
[23,]   23 0.0004610660 0.0004614427 430.4361    -46.327884  7.487673e+01
[24,]   24 0.0004610488 0.0004614424 430.4361    -46.393836  7.494743e+01
[25,]   25 0.0004610466 0.0004614423 430.4361    -46.402108  7.495630e+01
[26,]   26 0.0004610464 0.0004614423 430.4361    -46.403145  7.495741e+01
[27,]   27 0.0004610463 0.0004614423 430.4361    -46.403275  7.495755e+01
[28,]   28 0.0004610463 0.0004614423 430.4361    -46.403292  7.495757e+01
[29,]   29 0.0004610463 0.0004614423 430.4361    -46.403294  7.495757e+01
[30,]   30 0.0004610463 0.0004614423 430.4361    -46.403294  7.495757e+01
[31,]   31 0.0004610463 0.0004614423 430.4361    -46.403294  7.495757e+01
[32,]   32 0.0004610463 0.0004614423 430.4361    -46.403294  7.495757e+01
[33,]   33 0.0004610463 0.0004614423 430.4361    -46.403294  7.495757e+01
[34,]   34 0.0004610463 0.0004614423 430.4361    -46.403294  7.495757e+01
[35,]   35 0.0004610463 0.0004614423 430.4361    -46.403294  7.495757e+01
[36,]   36 0.0004610463 0.0004614423 430.4361    -46.403294  7.495757e+01
[37,]   37 0.0004610463 0.0004614423 430.4361    -46.403294  7.495757e+01
[38,]   38 0.0004610463 0.0004614423 430.4361    -46.403294  7.495757e+01

