[22;0t]0;IPython: scripts/01_msprime_simulations$par
[1] 0.005682369 0.106851558

$value
[1] -26508.57

$counts
function gradient 
      34       34 

$convergence
[1] 0

$message
[1] "CONVERGENCE: REL_REDUCTION_OF_F <= FACTR*EPSMCH"

$loginfo
      step        par1        par2        fn           gr1           gr2
 [1,]    1 0.100000000  0.01000000  34629.91  1.826967e+04 -6.363989e+05
 [2,]    2 0.000001000 10.00000000  35201.56  2.051483e+03  1.417993e+03
 [3,]    3 0.066636394  3.34305755  27888.15  1.988009e+03  6.235718e+02
 [4,]    4 0.056191336  3.33963203  27866.12  1.810943e+03  6.254937e+02
 [5,]    5 0.014411104  3.32592993  27819.25 -1.180359e+03  6.419906e+02
 [6,]    6 0.030402319  3.32686691  27821.12  8.752232e+02  6.306872e+02
 [7,]    7 0.020713946  3.32629923  27816.12 -2.035106e+01  6.368094e+02
 [8,]    8 0.020601905  3.32184837  27813.29 -3.131106e+01  6.361964e+02
 [9,]    9 0.020153742  3.30404493  27802.01 -7.652497e+01  6.335598e+02
[10,]   10 0.018361092  3.23283119  27757.71 -3.056133e+02  6.188139e+02
[11,]   11 0.011190490  2.94797619  27603.06 -2.353995e+03  5.194600e+02
[12,]   12 0.016844255  1.35189275  26874.54 -3.271736e+02  1.857788e+02
[13,]   13 0.016985657  0.45858035  26676.25  4.321443e+03  2.544863e+02
[14,]   14 0.017058245  0.00000100 106447.21  0.000000e+00 -3.884794e+08
[15,]   15 0.017009868  0.30562208  26641.97  5.630909e+03  1.909978e+02
[16,]   16 0.017041797  0.10391217  26575.81  7.547342e+03 -6.308732e+02
[17,]   17 0.017017251  0.25898189  26625.37  6.342199e+03  4.930570e+02
[18,]   18 0.017036561  0.13699067  26573.94  6.996148e+03  2.179968e+02
[19,]   19 0.000001000  0.00000100 104725.65  1.247048e+05 -3.884401e+08
[20,]   20 0.011358302  0.09132955  26545.69  7.325970e+03 -1.436757e+03
[21,]   21 0.000001000 10.00000000  35201.56  2.051483e+03  1.417993e+03
[22,]   22 0.009048853  2.10620689  27211.34 -4.689588e+03  4.341677e+02
[23,]   23 0.010761442  0.61205969  26693.92 -3.444386e+02  3.249705e+02
[24,]   24 0.011201716  0.22794328  26577.91  4.343133e+03  4.740071e+02
[25,]   25 0.011313072  0.13079099  26535.34  5.671413e+03  2.718761e+02
[26,]   26 0.000001000  0.11357607  27116.20 -3.293961e+06  5.157929e+02
[27,]   27 0.007305263  0.12469183  26515.77  2.349233e+03  4.542580e+02
[28,]   28 0.002407472  0.10229118  26534.12 -2.229322e+04  1.351615e+02
[29,]   29 0.005548093  0.11665520  26510.69 -1.002532e+03  3.907614e+02
[30,]   30 0.005352522  0.10526436  26508.75 -8.515127e+02 -5.047804e+01
[31,]   31 0.005773138  0.10708886  26508.58  2.297001e+02  4.432807e+00
[32,]   32 0.005686540  0.10688723  26508.57  9.210714e+00  1.179773e+00
[33,]   33 0.005682369  0.10685156  26508.57  2.790033e-01 -1.937319e-01

