[22;0t]0;IPython: scripts/01_msprime_simulations$par
[1] 0.0001287171 0.0044606482

$value
[1] -3195.617

$counts
function gradient 
      64       64 

$convergence
[1] 52

$message
[1] "ERROR: ABNORMAL_TERMINATION_IN_LNSRCH"

$loginfo
      step         par1        par2       fn           gr1           gr2
 [1,]    1 1.000000e-01 0.010000000 3310.924  2.600802e+02  1.566292e+04
 [2,]    2 1.000000e-06 0.000001000 6557.273  1.220825e+05 -2.392311e+07
 [3,]    3 6.583329e-02 0.006583637 3262.396  1.516689e+02  6.628591e+03
 [4,]    4 3.586946e-02 0.003862984 3270.267  5.096182e+02 -2.561331e+04
 [5,]    5 5.356123e-02 0.005469359 3257.006  1.961566e+02 -1.406683e+03
 [6,]    6 4.939013e-02 0.005341750 3256.392  2.189459e+02 -2.523814e+03
 [7,]    7 3.270572e-02 0.004831314 3254.005  3.897057e+02 -7.169394e+03
 [8,]    8 1.000000e-06 0.003830759 3206.684 -1.150104e+05 -6.663628e+03
 [9,]    9 3.265743e-02 0.004829837 3253.997  3.904908e+02 -7.182693e+03
[10,]   10 1.062720e-02 0.004155853 3243.927  1.522325e+03 -1.060262e+04
[11,]   11 3.356796e-03 0.003933425 3226.665  4.947410e+03 -6.518836e+03
[12,]   12 1.000000e-06 0.003830759 3206.684 -1.150104e+05 -6.663628e+03
[13,]   13 5.348374e-02 0.005607392 3256.890  1.917472e+02 -1.011034e+02
[14,]   14 1.755700e-02 0.004413949 3249.026  8.405657e+02 -9.919282e+03
[15,]   15 5.630082e-03 0.004017751 3234.726  2.995048e+03 -8.463808e+03
[16,]   16 1.747600e-03 0.003888779 3216.548  8.582452e+03 -4.000920e+03
[17,]   17 5.500714e-04 0.003848999 3202.023  1.734790e+04 -1.222514e+03
[18,]   18 4.731746e-04 0.003973051 3200.576  1.754107e+04 -4.410490e+02
[19,]   19 1.655877e-04 0.004469258 3195.922  7.556663e+03  3.641789e+02
[20,]   20 1.000000e-06 0.004565328 3204.949 -9.397874e+04  1.524182e+03
[21,]   21 1.582961e-04 0.004473514 3195.852  6.432620e+03  3.475365e+02
[22,]   22 1.178524e-04 0.004475659 3195.568 -6.918602e+03  2.796549e+02
[23,]   23 1.388609e-04 0.004474545 3195.688  2.229681e+03  3.209213e+02
[24,]   24 1.287171e-04 0.004460648 3195.617 -1.190070e+03  3.222121e+02
[25,]   25 1.309321e-04 0.004445614 3195.626 -3.487975e+02  3.514475e+02
[26,]   26 1.289140e-04 0.004459312 3195.618 -1.111556e+03  3.246401e+02
[27,]   27 1.287342e-04 0.004460532 3195.617 -1.183213e+03  3.224218e+02
[28,]   28 1.287186e-04 0.004460638 3195.617 -1.189475e+03  3.222303e+02
[29,]   29 1.287173e-04 0.004460647 3195.617 -1.190018e+03  3.222137e+02
[30,]   30 1.287171e-04 0.004460648 3195.617 -1.190065e+03  3.222122e+02
[31,]   31 1.287171e-04 0.004460648 3195.617 -1.190069e+03  3.222121e+02
[32,]   32 1.287171e-04 0.004460648 3195.617 -1.190070e+03  3.222121e+02
[33,]   33 1.287171e-04 0.004460648 3195.617 -1.190070e+03  3.222121e+02
[34,]   34 1.287171e-04 0.004460648 3195.617 -1.190070e+03  3.222121e+02
[35,]   35 1.287171e-04 0.004460648 3195.617 -1.190070e+03  3.222121e+02
[36,]   36 1.287171e-04 0.004460648 3195.617 -1.190070e+03  3.222121e+02
[37,]   37 1.287171e-04 0.004460648 3195.617 -1.190070e+03  3.222121e+02
[38,]   38 1.287171e-04 0.004460648 3195.617 -1.190070e+03  3.222121e+02
[39,]   39 1.287171e-04 0.004460648 3195.617 -1.190070e+03  3.222121e+02
[40,]   40 1.287171e-04 0.004460648 3195.617 -1.190070e+03  3.222121e+02
[41,]   41 1.287171e-04 0.004460648 3195.617 -1.190070e+03  3.222121e+02
[42,]   42 1.287171e-04 0.004460648 3195.617 -1.190070e+03  3.222121e+02
[43,]   43 1.000000e+01 0.000001000 7282.714  1.477429e-01 -2.422140e+07
[44,]   44 4.953064e+00 0.002251785 3439.026  3.502925e-01 -1.340198e+05
[45,]   45 1.562570e+00 0.003763845 3316.968  2.248767e+00 -3.977109e+04
[46,]   46 4.644437e-01 0.004253577 3294.759  1.806008e+01 -2.350757e+04
[47,]   47 1.151629e-01 0.004409346 3275.668  1.117213e+02 -1.895045e+04
[48,]   48 1.831579e-02 0.004452537 3249.270  7.949360e+02 -9.602430e+03
[49,]   49 1.226192e-03 0.004460159 3210.373  1.024237e+04 -1.309810e+03
[50,]   50 1.491427e-04 0.004460639 3195.765  4.711126e+03  3.654292e+02
[51,]   51 1.293625e-04 0.004460648 3195.621 -9.324266e+02  3.238569e+02
[52,]   52 1.287360e-04 0.004460648 3195.617 -1.182436e+03  3.222605e+02
[53,]   53 1.287177e-04 0.004460648 3195.617 -1.189848e+03  3.222135e+02
[54,]   54 1.287171e-04 0.004460648 3195.617 -1.190063e+03  3.222121e+02
[55,]   55 1.287171e-04 0.004460648 3195.617 -1.190070e+03  3.222121e+02
[56,]   56 1.287171e-04 0.004460648 3195.617 -1.190070e+03  3.222121e+02
[57,]   57 1.287171e-04 0.004460648 3195.617 -1.190070e+03  3.222121e+02
[58,]   58 1.287171e-04 0.004460648 3195.617 -1.190070e+03  3.222121e+02
[59,]   59 1.287171e-04 0.004460648 3195.617 -1.190070e+03  3.222121e+02
[60,]   60 1.287171e-04 0.004460648 3195.617 -1.190070e+03  3.222121e+02
[61,]   61 1.287171e-04 0.004460648 3195.617 -1.190070e+03  3.222121e+02
[62,]   62 1.287171e-04 0.004460648 3195.617 -1.190070e+03  3.222121e+02

