[22;0t]0;IPython: scripts/01_msprime_simulations$par
[1] 0.109725332 0.000605587

$value
[1] -503.3388

$counts
function gradient 
      25       25 

$convergence
[1] 0

$message
[1] "CONVERGENCE: REL_REDUCTION_OF_F <= FACTR*EPSMCH"

$loginfo
      step        par1         par2       fn           gr1           gr2
 [1,]    1 0.100000000 0.0100000000 727.0341  1.850095e+03  3.462384e+03
 [2,]    2 0.000001000 0.0000010000 746.3290  1.043707e+05 -2.369844e+06
 [3,]    3 0.043874031 0.0043879083 606.2074  1.159666e+03  1.059719e+04
 [4,]    4 0.015497589 0.0015505194 529.8199  1.560728e+02  3.208932e+04
 [5,]    5 0.006634771 0.0006643174 505.5974 -2.321329e+02  1.201443e+04
 [6,]    6 0.008534906 0.0000010000 817.0384  7.717207e+02 -2.638134e+06
 [7,]    7 0.007104713 0.0005002656 504.9565 -1.036595e+02 -1.035894e+04
 [8,]    8 0.026945919 0.0006879778 504.3455 -2.695664e+01  1.156541e+04
 [9,]    9 0.024927826 0.0006204127 503.8244 -2.622890e+01  3.655266e+03
[10,]   10 0.026889858 0.0005960631 503.7103 -2.103903e+01  1.596230e+01
[11,]   11 0.031270719 0.0005908610 503.6281 -1.577745e+01 -1.124893e+03
[12,]   12 0.044569087 0.0005967368 503.4780 -7.842468e+00 -8.267731e+02
[13,]   13 0.057517718 0.0006182141 503.4354 -4.343790e+00  2.178591e+03
[14,]   14 0.065099103 0.0006125346 503.3935 -2.896040e+00  1.257001e+03
[15,]   15 0.080249240 0.0006047638 503.3521 -1.213063e+00 -4.395551e+01
[16,]   16 0.090888359 0.0006046630 503.3427 -5.853117e-01 -1.033759e+02
[17,]   17 0.101146223 0.0006084093 503.3429 -2.139914e-01  4.639714e+02
[18,]   18 0.094044706 0.0006058158 503.3421 -4.529750e-01  7.020765e+01
[19,]   19 0.103972083 0.0006060177 503.3395 -1.312532e-01  7.901108e+01
[20,]   20 0.119475908 0.0000010000 825.9682  1.049627e+01 -2.665236e+06
[21,]   21 0.107417091 0.0004715805 504.8715  8.082211e-01 -2.811224e+04
[22,]   22 0.103989580 0.0006053349 503.3389 -1.294124e-01 -3.002741e+01
[23,]   23 0.107992702 0.0006055698 503.3388 -3.581547e-02  1.350963e-01
[24,]   24 0.109518719 0.0006055867 503.3388 -4.273951e-03  3.057962e-01
[25,]   25 0.109725332 0.0006055870 503.3388 -1.674957e-04  1.072349e-02

