[22;0t]0;IPython: scripts/01_msprime_simulations$par
[1] 0.0009716891 0.0070939705

$value
[1] -4015.493

$counts
function gradient 
      30       30 

$convergence
[1] 0

$message
[1] "CONVERGENCE: REL_REDUCTION_OF_F <= FACTR*EPSMCH"

$loginfo
      step         par1        par2       fn           gr1           gr2
 [1,]    1 0.1000000000 0.010000000 4132.751  4.641186e+02  1.516871e+03
 [2,]    2 0.0000010000 0.000001000 8875.745  1.228046e+05 -3.255373e+07
 [3,]    3 0.0668688091 0.006687179 4135.792  5.865408e+02 -1.645513e+04
 [4,]    4 0.0847767196 0.008477809 4127.512  4.755809e+02 -4.411690e+03
 [5,]    5 0.0715218670 0.008363717 4121.373  5.368205e+02 -5.068714e+03
 [6,]    6 0.0185024566 0.007907351 4075.255  1.918123e+03 -5.229916e+03
 [7,]    7 0.0000010000 0.007748099 4098.682 -6.186172e+05  1.246292e+03
 [8,]    8 0.0095929308 0.007830662 4052.059  3.521230e+03 -3.941836e+03
 [9,]    9 0.0032585985 0.007776139 4024.939  5.139925e+03 -1.133082e+03
[10,]   10 0.0000010000 0.007754278 4098.690 -6.185951e+05  1.253114e+03
[11,]   11 0.0020676290 0.007768147 4018.957  4.651318e+03 -2.471902e+02
[12,]   12 0.0007036539 0.007758994 4016.532 -6.152712e+03  9.290575e+02
[13,]   13 0.0014801948 0.007764205 4016.564  3.204822e+03  2.231354e+02
[14,]   14 0.0000010000 0.007478395 4098.375 -6.195624e+05  1.093836e+03
[15,]   15 0.0010210636 0.007675491 4015.661 -4.028205e+01  5.470403e+02
[16,]   16 0.0010001129 0.007558321 4015.603 -1.792469e+02  4.588030e+02
[17,]   17 0.0009956117 0.006998724 4015.507  4.404435e+02 -1.535626e+02
[18,]   18 0.0009634033 0.007103223 4015.493 -1.242536e+02  2.157913e+01
[19,]   19 0.0009729518 0.007098284 4015.493  1.081144e+01  2.785229e+00
[20,]   20 0.0009716891 0.007093970 4015.493 -1.515935e-01 -7.037433e-01
[21,]   21 0.0009717630 0.007094663 4015.493 -1.036981e-01  3.101951e-02
[22,]   22 0.0009716902 0.007093981 4015.493 -1.508355e-01 -6.920853e-01
[23,]   23 0.0009716891 0.007093971 4015.493 -1.515814e-01 -7.035554e-01
[24,]   24 0.0009716891 0.007093971 4015.493 -1.515934e-01 -7.037406e-01
[25,]   25 0.0009716891 0.007093970 4015.493 -1.515936e-01 -7.037433e-01
[26,]   26 0.0009716891 0.007093970 4015.493 -1.515936e-01 -7.037433e-01
[27,]   27 0.0009716891 0.007093970 4015.493 -1.515936e-01 -7.037433e-01
[28,]   28 0.0009716891 0.007093970 4015.493 -1.515936e-01 -7.037433e-01
[29,]   29 0.0009716891 0.007093970 4015.493 -1.515936e-01 -7.037433e-01

