[22;0t]0;IPython: scripts/01_msprime_simulations$par
[1] 0.001365459 0.010339561

$value
[1] -7553.309

$counts
function gradient 
      71       71 

$convergence
[1] 0

$message
[1] "CONVERGENCE: REL_REDUCTION_OF_F <= FACTR*EPSMCH"

$loginfo
      step        par1         par2        fn           gr1           gr2
 [1,]    1 0.100000000  0.010000000  7701.637  4.534566e+02 -3.363446e+04
 [2,]    2 0.000001000 10.000000000 26251.131  2.416088e+03  2.165255e+03
 [3,]    3 0.069063567  3.100580571 11678.123  2.413889e+03  1.984754e+03
 [4,]    4 0.090148130  0.994211615  8177.853  2.400031e+03  1.026897e+03
 [5,]    5 0.096760619  0.333617359  7922.584  2.985634e+03 -4.975703e+02
 [6,]    6 0.098970262  0.112871866  8113.170  3.759873e+03 -5.426878e+02
 [7,]    7 0.099724798  0.037493003  7873.530  1.072751e+03  1.080177e+04
 [8,]    8 0.099923494  0.017643062  7641.126  1.225237e+02  6.539160e+03
 [9,]    9 0.099902387  0.016399041  7634.639  1.291573e+02  3.752906e+03
[10,]   10 0.099812283  0.014722232  7632.449  1.628880e+02 -1.487000e+03
[11,]   11 0.099788546  0.015195129  7632.148  1.503609e+02  1.970982e+02
[12,]   12 0.099747929  0.015141601  7632.136  1.517371e+02  1.642022e+01
[13,]   13 0.099644579  0.015101838  7632.122  1.529265e+02 -1.173584e+02
[14,]   14 0.099188935  0.015014526  7632.074  1.560717e+02 -4.091493e+02
[15,]   15 0.097925356  0.014879623  7631.958  1.623391e+02 -8.544717e+02
[16,]   16 0.094034172  0.014623079  7631.620  1.788808e+02 -1.683455e+03
[17,]   17 0.081507870  0.014054451  7630.487  2.384194e+02 -3.450531e+03
[18,]   18 0.000001000  0.010910019  7639.226 -5.758434e+05  2.057290e+03
[19,]   19 0.044248794  0.012617043  7623.383  6.547470e+02 -7.112000e+03
[20,]   20 0.014773514  0.011479924  7595.203  2.311843e+03 -6.049815e+03
[21,]   21 0.004985713  0.011102323  7565.564  4.197265e+03 -2.126598e+03
[22,]   22 0.000001000  0.011260318  7640.275 -5.811293e+05  3.491787e+03
[23,]   23 0.003096574  0.011162201  7557.695  3.819966e+03 -6.500304e+02
[24,]   24 0.001053495  0.011226959  7554.372 -4.023431e+03  9.383930e+02
[25,]   25 0.002102548  0.011193708  7554.440  2.412440e+03  1.219194e+02
[26,]   26 0.000001000  0.009668803  7640.809 -6.149349e+05  1.348234e+03
[27,]   27 0.001426907  0.010703456  7553.368  2.044991e+01  2.973546e+02
[28,]   28 0.001333612  0.010341128  7553.312 -2.430866e+02  4.067311e+01
[29,]   29 0.001381679  0.010322717  7553.311  1.377671e+02 -3.975418e+01
[30,]   30 0.001366527  0.010342407  7553.309  3.860012e+00  1.694962e+00
[31,]   31 0.001365459  0.010339561  7553.309 -4.962977e-01 -2.616617e-01
[32,]   32 0.001365588  0.010339926  7553.309  2.191837e-04  3.037030e-04
[33,]   33 0.001365460  0.010339564  7553.309 -4.922225e-01 -2.595113e-01
[34,]   34 0.001365459  0.010339561  7553.309 -4.962640e-01 -2.616440e-01
[35,]   35 0.001365459  0.010339561  7553.309 -4.962972e-01 -2.616617e-01
[36,]   36 0.001365459  0.010339561  7553.309 -4.962977e-01 -2.616617e-01
[37,]   37 0.001365459  0.010339561  7553.309 -4.962977e-01 -2.616617e-01
[38,]   38 0.001365459  0.010339561  7553.309 -4.962977e-01 -2.616616e-01
[39,]   39 0.001365459  0.010339561  7553.309 -4.962977e-01 -2.616617e-01
[40,]   40 0.001365459  0.010339561  7553.309 -4.962977e-01 -2.616616e-01
[41,]   41 0.001365459  0.010339561  7553.309 -4.962977e-01 -2.616617e-01
[42,]   42 0.001365459  0.010339561  7553.309 -4.962977e-01 -2.616616e-01
[43,]   43 0.001365459  0.010339561  7553.309 -4.962977e-01 -2.616616e-01
[44,]   44 0.001365459  0.010339561  7553.309 -4.962977e-01 -2.616616e-01
[45,]   45 0.001365459  0.010339561  7553.309 -4.962977e-01 -2.616616e-01
[46,]   46 0.001365459  0.010339561  7553.309 -4.962977e-01 -2.616616e-01
[47,]   47 0.497663166  0.272001214  9002.556  2.245108e+03 -8.324209e+02
[48,]   48 0.001388088  0.010351492  7553.311  1.480965e+02 -1.418403e+01
[49,]   49 0.001365512  0.010339589  7553.309 -1.413535e-01 -2.945419e-01
[50,]   50 0.001365459  0.010339561  7553.309 -4.945650e-01 -2.618219e-01
[51,]   51 0.001365459  0.010339561  7553.309 -4.962895e-01 -2.616626e-01
[52,]   52 0.001365459  0.010339561  7553.309 -4.962977e-01 -2.616616e-01
[53,]   53 0.001365459  0.010339561  7553.309 -4.962977e-01 -2.616617e-01
[54,]   54 0.001365459  0.010339561  7553.309 -4.962977e-01 -2.616617e-01
[55,]   55 0.001365459  0.010339561  7553.309 -4.962977e-01 -2.616616e-01
[56,]   56 0.001365459  0.010339561  7553.309 -4.962977e-01 -2.616616e-01
[57,]   57 0.001365459  0.010339561  7553.309 -4.962977e-01 -2.616616e-01
[58,]   58 0.001365459  0.010339561  7553.309 -4.962977e-01 -2.616616e-01
[59,]   59 0.001365459  0.010339561  7553.309 -4.962977e-01 -2.616616e-01
[60,]   60 0.001365459  0.010339561  7553.309 -4.962978e-01 -2.616616e-01

