[22;0t]0;IPython: scripts/01_msprime_simulations$par
[1] 0.0000010000 0.0001243919

$value
[1] -87.71045

$counts
function gradient 
      41       41 

$convergence
[1] 52

$message
[1] "ERROR: ABNORMAL_TERMINATION_IN_LNSRCH"

$loginfo
      step  par1         par2          fn       gr1          gr2
 [1,]    1 1e-01 1.000000e-02   331.15595  2254.395    2861.6753
 [2,]    2 1e-06 1.000000e-06   105.86885 39881.138 -182150.3069
 [3,]    3 1e-06 1.000000e+01 24350.95418  2416.099    2323.8995
 [4,]    4 1e-06 3.267400e+00  8216.87275  2416.074    2468.6629
 [5,]    5 1e-06 1.067346e+00  2736.27515  2415.985    2511.7848
 [6,]    6 1e-06 3.487733e-01   929.27934  2415.700    2512.0906
 [7,]    7 1e-06 1.140949e-01   342.69839  2414.806    2470.0552
 [8,]    8 1e-06 3.743490e-02   156.81988  2411.478    2328.1481
 [9,]    9 1e-06 1.237347e-02   101.96689  2394.436    1895.8461
[10,]   10 1e-06 1.224602e-02   101.72570  2394.076    1889.1198
[11,]   11 1e-06 1.173623e-02   100.76976  2392.525    1860.7528
[12,]   12 1e-06 9.697060e-03    97.11216  2383.794    1717.4450
[13,]   13 1e-06 1.540396e-03    89.86742  4068.766    1096.4584
[14,]   14 1e-06 1.000000e-06   105.86885 39881.138 -182150.3069
[15,]   15 1e-06 1.024515e-03    89.21194  5348.223    1067.2047
[16,]   16 1e-06 5.127574e-04    88.61187  6558.367    1618.9108
[17,]   17 1e-06 2.729883e-04    88.13062  6277.766    2522.9305
[18,]   18 1e-06 2.578436e-04    88.09194  6117.495    2592.0126
[19,]   19 1e-06 2.477838e-04    88.06557  5990.246    2634.8791
[20,]   20 1e-06 1.243919e-04    87.71045  2052.297   -2323.2213
[21,]   21 1e-06 1.000000e+01 24350.95418  2416.099    2323.8995
[22,]   22 1e-06 1.347537e+00  3439.42852  2416.013    2507.2042
[23,]   23 1e-06 1.813821e-01   509.86131  2415.306    2494.5916
[24,]   24 1e-06 2.585278e-02   130.33984  2408.668    2232.6610
[25,]   25 1e-06 4.745556e-03    90.23970  2293.067     856.5887
[26,]   26 1e-06 1.338113e-03    89.60324  4856.299    1370.3308
[27,]   27 1e-06 3.278087e-04    88.26090  6622.257    2267.2551
[28,]   28 1e-06 1.492811e-04    87.78236  3322.557    1591.4414
[29,]   29 1e-06 1.271046e-04    87.71794  2203.725   -1575.5389
[30,]   30 1e-06 1.246293e-04    87.71110  2065.665   -2251.6891
[31,]   31 1e-06 1.244118e-04    87.71050  2053.419   -2317.1727
[32,]   32 1e-06 1.243935e-04    87.71045  2052.391   -2322.7160
[33,]   33 1e-06 1.243920e-04    87.71045  2052.305   -2323.1791
[34,]   34 1e-06 1.243919e-04    87.71045  2052.298   -2323.2178
[35,]   35 1e-06 1.243919e-04    87.71045  2052.297   -2323.2210
[36,]   36 1e-06 1.243919e-04    87.71045  2052.297   -2323.2213
[37,]   37 1e-06 1.243919e-04    87.71045  2052.297   -2323.2213
[38,]   38 1e-06 1.243919e-04    87.71045  2052.297   -2323.2213
[39,]   39 1e-06 1.243919e-04    87.71045  2052.297   -2323.2213
[40,]   40 1e-06 1.243919e-04    87.71045  2052.297   -2323.2213

