[22;0t]0;IPython: scripts/01_msprime_simulations$par
[1] 0.05005553 0.04986101

$value
[1] -17818.82

$counts
function gradient 
      36       36 

$convergence
[1] 0

$message
[1] "CONVERGENCE: REL_REDUCTION_OF_F <= FACTR*EPSMCH"

$loginfo
      step        par1        par2       fn           gr1           gr2
 [1,]    1 0.100000000  0.01000000 20446.99  7.513988e+03 -3.023108e+05
 [2,]    2 0.000001000 10.00000000 30341.54  2.416098e+03  1.823751e+03
 [3,]    3 0.066785575  3.32815428 19865.96  2.338238e+03  1.047369e+03
 [4,]    4 0.088913545  1.11754791 18706.16  2.379888e+03  2.033016e+02
 [5,]    5 0.080197495  1.11674289 18685.59  2.297495e+03  2.149205e+02
 [6,]    6 0.045333296  1.11352280 18614.49  1.594554e+03  2.546651e+02
 [7,]    7 0.000001000  1.10811022 18951.67 -1.292273e+06  3.670674e+02
 [8,]    8 0.028283385  1.11148707 18594.03  5.876212e+02  2.652292e+02
 [9,]    9 0.017773287  1.10920209 18594.15 -9.539914e+02  2.673582e+02
[10,]   10 0.022923075  1.11032170 18592.11 -2.929811e+01  2.668150e+02
[11,]   11 0.022670806  1.10922615 18591.83 -6.499065e+01  2.666930e+02
[12,]   12 0.021661732  1.10484396 18590.80 -2.159123e+02  2.664506e+02
[13,]   13 0.015431156  1.03762528 18577.26 -1.476007e+03  2.891813e+02
[14,]   14 0.002167725  0.75293652 18532.72 -1.483577e+04  6.395597e+02
[15,]   15 0.000001000  0.50144913 18631.47 -9.779755e+05 -1.178805e+02
[16,]   16 0.001188075  0.63923053 18486.68 -2.630444e+04  3.594387e+02
[17,]   17 0.022536417  0.00000100 59651.38  5.107101e+04 -2.145324e+08
[18,]   18 0.008402702  0.42320424 18335.97 -3.931432e+03  4.201492e+02
[19,]   19 0.014082937  0.00000100 59153.44  6.806305e+04 -2.145035e+08
[20,]   20 0.010302190  0.28168382 18248.35 -1.853331e+03  7.348254e+02
[21,]   21 0.012192563  0.14084241 18104.05 -2.575932e+03  1.574194e+03
[22,]   22 0.013451093  0.04707624 17883.17 -6.534399e+03  1.309690e+03
[23,]   23 0.013724307  0.02672057 17970.29  5.559533e+02 -1.647639e+04
[24,]   24 0.013451093  0.04707624 17883.17 -6.534399e+03  1.309690e+03
[25,]   25 0.015431975  0.00000100 59243.01  6.478013e+04 -2.145085e+08
[26,]   26 0.014109551  0.03142813 17913.32 -2.381046e+03 -8.340127e+03
[27,]   27 0.013643259  0.04250946 17878.75 -5.968637e+03 -1.633530e+01
[28,]   28 0.020921054  0.04480589 17847.82 -2.960447e+03 -4.830763e+00
[29,]   29 0.028078479  0.04704172 17832.18 -1.619754e+03  2.258290e+02
[30,]   30 0.036200255  0.04790685 17823.14 -7.178898e+02 -2.335804e+01
[31,]   31 0.043118997  0.04946801 17819.80 -3.159891e+02  2.113022e+02
[32,]   32 0.047833751  0.04930398 17818.93 -6.350849e+01 -1.346012e+02
[33,]   33 0.050587350  0.05051207 17818.91 -1.258496e+01  2.645530e+02
[34,]   34 0.049988751  0.04987456 17818.82 -3.423363e+00  9.776065e+00
[35,]   35 0.050043364  0.04986010 17818.82 -4.493528e-01  2.013970e-01
[36,]   36 0.050055528  0.04986101 17818.82 -9.824034e-03 -3.367049e-02

