[22;0t]0;IPython: scripts/01_msprime_simulations$par
[1] 0.001040821 1.472221574

$value
[1] -52907.01

$counts
function gradient 
      45       45 

$convergence
[1] 0

$message
[1] "CONVERGENCE: REL_REDUCTION_OF_F <= FACTR*EPSMCH"

$loginfo
      step         par1       par2        fn           gr1           gr2
 [1,]    1 0.1000000000  0.0100000 109848.42  6.630111e+04 -2.737534e+06
 [2,]    2 0.0000010000 10.0000000  55344.76 -6.833902e+05  1.256118e+02
 [3,]    3 2.1745812995 10.0000000  61181.54  2.264259e+03  5.561681e+00
 [4,]    4 0.7203993030 10.0000000  57513.62  2.937104e+03  1.260802e+01
 [5,]    5 0.2385462722 10.0000000  55971.54  3.455268e+03  1.441285e+02
 [6,]    6 0.0791082806 10.0000000  55415.39  3.435781e+03  1.961128e+02
 [7,]    7 0.0263674777 10.0000000  55244.15  2.827601e+03  2.074676e+02
 [8,]    8 0.0262589231  9.9992456  55243.69  2.823735e+03  2.074040e+02
 [9,]    9 0.0258247046  9.9962282  55241.84  2.807892e+03  2.071199e+02
[10,]   10 0.0240878305  9.9841583  55234.53  2.737868e+03  2.058690e+02
[11,]   11 0.0171403344  9.9358788  55207.07  2.296376e+03  1.990840e+02
[12,]   12 0.0000010000  9.8181159  55321.22 -7.499544e+05  1.248165e+02
[13,]   13 0.0099654047  9.8865805  55184.34  1.161034e+03  1.895087e+02
[14,]   14 0.0000010000  9.8177647  55321.17 -7.500814e+05  1.249293e+02
[15,]   15 0.0063302912  9.8614758  55177.83 -3.891660e+02  1.838920e+02
[16,]   16 0.0043189328  9.8465412  55177.61 -2.340931e+03  1.803954e+02
[17,]   17 0.0053374318  9.8541037  55177.23 -1.172958e+03  1.822020e+02
[18,]   18 0.0051146076  9.8517454  55177.09 -1.390217e+03  1.817175e+02
[19,]   19 0.0046063895  9.8345011  55174.83 -1.971353e+03  1.790733e+02
[20,]   20 0.0018918009  9.6421658  55155.38 -1.000951e+04  1.628982e+02
[21,]   21 0.0019456535  9.3582571  55096.62 -8.926831e+03  2.126103e+02
[22,]   22 0.0021610641  8.2226223  54837.14 -1.138467e+04  2.415846e+02
[23,]   23 0.0030227065  3.6800834  53095.51  1.357319e+03  2.372464e+02
[24,]   24 0.0037207555  0.0000010 376290.63  0.000000e+00 -1.395039e+09
[25,]   25 0.0032558445  2.4509906  53288.83  3.621463e+03  1.368817e+02
[26,]   26 0.0017259731  0.0000010 376044.58  1.238860e+05 -1.395039e+09
[27,]   27 0.0027455318  1.6334244  52984.44  1.063166e+04  6.023728e+02
[28,]   28 0.0022357525  0.8167127  52905.24  2.114333e+04 -3.043339e+02
[29,]   29 0.0024520582  1.1632537  52947.80  1.413529e+04 -1.175535e+02
[30,]   30 0.0000010000  1.6118193  53084.58 -9.149789e+05  4.795608e+02
[31,]   31 0.0014559762  1.3455456  52938.95  5.282972e+03 -8.127206e+01
[32,]   32 0.0018656801  1.9988914  53088.90  3.442012e+03  2.467128e+02
[33,]   33 0.0014842012  1.3905553  52924.56  5.737262e+03 -3.521140e+02
[34,]   34 0.0015442198  1.4862657  52909.88  6.677396e+03  1.367357e+02
[35,]   35 0.0015269388  1.4587080  52909.32  6.121886e+03 -8.820601e+01
[36,]   36 0.0015342987  1.4704447  52908.80  6.413588e+03 -4.540325e+00
[37,]   37 0.0004450839  1.4873378  52913.77 -2.756520e+04  1.436789e+02
[38,]   38 0.0011178664  1.4769034  52907.17  1.423530e+03  4.393140e+01
[39,]   39 0.0003671981  1.4059999  52927.43 -3.848191e+04 -3.049315e+02
[40,]   40 0.0010456269  1.4700801  52907.02 -1.513431e+01 -1.767930e+01
[41,]   41 0.0010370244  1.4722566  52907.01 -1.334984e+02  5.529496e-01
[42,]   42 0.0010463313  1.4721881  52907.01  4.637883e+01  1.589565e-01
[43,]   43 0.0010399267  1.4722353  52907.01 -7.705287e+01  4.299260e-01
[44,]   44 0.0010439184  1.4721742  52907.01 -6.240696e-01 -1.304466e-02
[45,]   45 0.0010408209  1.4722216  52907.01 -5.987938e+01  3.306001e-01

