[22;0t]0;IPython: scripts/01_msprime_simulations$par
[1] 1.000000e+01 5.959801e-04

$value
[1] -495.977

$counts
function gradient 
      71       71 

$convergence
[1] 52

$message
[1] "ERROR: ABNORMAL_TERMINATION_IN_LNSRCH"

$loginfo
      step         par1         par2       fn           gr1           gr2
 [1,]    1  0.100000000 0.0100000000 719.4093  1.866097e+03  3.502345e+03
 [2,]    2  0.000001000 0.0000010000 733.9006  1.052494e+05 -2.323644e+06
 [3,]    3  0.043386088 0.0043391183 597.2401  1.204136e+03  1.047051e+04
 [4,]    4  0.015355443 0.0015363061 521.4928  2.036445e+02  3.002851e+04
 [5,]    5  0.006631737 0.0006640140 497.8887 -1.593241e+02  1.235336e+04
 [6,]    6  0.006564036 0.0000010000 801.5226  1.140984e+03 -2.586561e+06
 [7,]    7  0.006614952 0.0004996396 497.1949 -6.607357e+01 -8.878497e+03
 [8,]    8  0.015104267 0.0006057132 496.6942 -3.311729e+01  4.169352e+03
 [9,]    9  0.016803714 0.0005890728 496.5821 -2.405559e+01  1.569963e+03
[10,]   10  0.021334181 0.0005790887 496.4852 -1.338167e+01 -6.264329e+02
[11,]   11  0.027257447 0.0005831197 496.4253 -7.990183e+00 -6.449504e+02
[12,]   12  0.036551249 0.0005928187 496.3786 -4.236387e+00  2.816938e+02
[13,]   13  0.045494536 0.0005961304 496.3539 -2.529105e+00  5.101934e+02
[14,]   14  0.059071162 0.0005862827 496.3227 -1.434555e+00 -1.278142e+03
[15,]   15  0.074419856 0.0005918243 496.3032 -1.206165e+00 -5.112229e+02
[16,]   16  0.134134683 0.0006018746 496.2576 -7.465260e-01  9.864054e+02
[17,]   17  0.205074967 0.0006032488 496.2184 -4.777150e-01  1.202636e+03
[18,]   18  0.331290551 0.0005954257 496.1602 -2.866707e-01 -8.808717e+01
[19,]   19  0.498582655 0.0005926885 496.1217 -1.667906e-01 -5.545883e+02
[20,]   20  0.770535586 0.0006060154 496.1090 -8.807966e-02  1.678344e+03
[21,]   21  0.962664895 0.0005999533 496.0818 -6.546710e-02  6.749507e+02
[22,]   22  1.431292014 0.0005939009 496.0509 -4.180565e-02 -3.516909e+02
[23,]   23  2.107626640 0.0005924791 496.0275 -2.677790e-02 -5.979636e+02
[24,]   24  3.283046125 0.0005941166 496.0057 -1.359303e-02 -3.177156e+02
[25,]   25  4.495887732 0.0005959243 495.9948 -7.485286e-03 -8.867565e+00
[26,]   26  6.173450599 0.0005921955 495.9834 -3.862511e-03 -6.500379e+02
[27,]   27  8.188332979 0.0005972545 495.9814 -2.092854e-03  2.172233e+02
[28,]   28 10.000000000 0.0005969748 495.9780 -1.345778e-03  1.695760e+02
[29,]   29 10.000000000 0.0005942965 495.9756 -1.345928e-03 -2.883261e+02
[30,]   30 10.000000000 0.0005959830 495.9770 -1.350669e-03  4.942044e-01
[31,]   31 10.000000000 0.0005959801 495.9770 -1.343974e-03 -8.433335e-04
[32,]   32 10.000000000 0.0005959801 495.9770 -1.348479e-03 -4.096137e-06
[33,]   33 10.000000000 0.0005959801 495.9770 -1.343974e-03 -8.433335e-04
[34,]   34 10.000000000 0.0005959801 495.9770 -1.343974e-03 -8.433335e-04
[35,]   35 10.000000000 0.0005959801 495.9770 -1.348081e-03 -4.257546e-04
[36,]   36 10.000000000 0.0005959801 495.9770 -1.343974e-03 -8.433335e-04
[37,]   37 10.000000000 0.0005959801 495.9770 -1.343977e-03 -8.433335e-04
[38,]   38 10.000000000 0.0005959801 495.9770 -1.351654e-03 -6.403380e-04
[39,]   39 10.000000000 0.0005959801 495.9770 -1.343977e-03 -8.433344e-04
[40,]   40 10.000000000 0.0005959801 495.9770 -1.343977e-03 -8.433344e-04
[41,]   41 10.000000000 0.0005959801 495.9770 -1.350132e-03 -7.409426e-04
[42,]   42 10.000000000 0.0005959801 495.9770 -1.343977e-03 -8.433344e-04
[43,]   43 10.000000000 0.0005959801 495.9770 -1.343977e-03 -8.433344e-04
[44,]   44 10.000000000 0.0005959801 495.9770 -1.345006e-03 -7.947258e-04
[45,]   45 10.000000000 0.0005959801 495.9770 -1.343977e-03 -8.433344e-04
[46,]   46 10.000000000 0.0005959801 495.9770 -1.351914e-03 -8.229412e-04
[47,]   47 10.000000000 0.0005959801 495.9770 -1.343486e-03 -8.061971e-04
[48,]   48 10.000000000 0.0005959801 495.9770 -1.351914e-03 -8.229412e-04
[49,]   49 10.000000000 0.0014393136 528.1842  1.275898e-03  5.875134e+04
[50,]   50 10.000000000 0.0005959801 495.9770 -1.345935e-03  2.448419e-04
[51,]   51 10.000000000 0.0005959801 495.9770 -1.343974e-03 -8.433335e-04
[52,]   52 10.000000000 0.0005959801 495.9770 -1.343977e-03 -8.433335e-04
[53,]   53 10.000000000 0.0005959801 495.9770 -1.345549e-03 -2.991683e-04
[54,]   54 10.000000000 0.0005959801 495.9770 -1.343977e-03 -8.433344e-04
[55,]   55 10.000000000 0.0005959801 495.9770 -1.343977e-03 -8.433344e-04
[56,]   56 10.000000000 0.0005959801 495.9770 -1.344716e-03 -5.712803e-04
[57,]   57 10.000000000 0.0005959801 495.9770 -1.343977e-03 -8.433344e-04
[58,]   58 10.000000000 0.0005959801 495.9770 -1.343977e-03 -8.433344e-04
[59,]   59 10.000000000 0.0005959801 495.9770 -1.344666e-03 -7.070165e-04
[60,]   60 10.000000000 0.0005959801 495.9770 -1.343977e-03 -8.433344e-04
[61,]   61 10.000000000 0.0005959801 495.9770 -1.343977e-03 -8.433344e-04
[62,]   62 10.000000000 0.0005959801 495.9770 -1.342148e-03 -7.768423e-04
[63,]   63 10.000000000 0.0005959801 495.9770 -1.343977e-03 -8.433344e-04
[64,]   64 10.000000000 0.0005959801 495.9770 -1.342247e-03 -8.135038e-04
[65,]   65 10.000000000 0.0005959801 495.9770 -1.343977e-03 -8.433344e-04
[66,]   66 10.000000000 0.0005959801 495.9770 -1.352091e-03 -8.314299e-04

