[22;0t]0;IPython: scripts/01_msprime_simulations$par
[1] 0.0184741317 0.0004009968

$value
[1] -346.7531

$counts
function gradient 
      37       37 

$convergence
[1] 0

$message
[1] "CONVERGENCE: REL_REDUCTION_OF_F <= FACTR*EPSMCH"

$loginfo
      step        par1         par2       fn           gr1           gr2
 [1,]    1 0.100000000 0.0100000000 569.0840  1996.8355696  3.113269e+03
 [2,]    2 0.000001000 0.0000010000 491.2816 94487.7217510 -1.403141e+06
 [3,]    3 0.095203612 0.0095204044 558.0414  1979.5157441  3.168824e+03
 [4,]    4 0.047602306 0.0047607022 452.4365  1592.8166950  5.417507e+03
 [5,]    5 0.016848240 0.0016855724 380.9722   626.2416431  2.261850e+04
 [6,]    6 0.008119943 0.0008128212 355.2272    13.6483562  2.577355e+04
 [7,]    7 0.000001000 0.0000010000 491.2816 94487.7217510 -1.403141e+06
 [8,]    8 0.007383158 0.0007391494 353.3715   -61.9785630  2.464809e+04
 [9,]    9 0.003692079 0.0003700747 347.9307  -344.4963599 -2.255473e+03
[10,]   10 0.004937179 0.0004442143 347.9703  -275.8219365  8.934118e+03
[11,]   11 0.004161634 0.0003980344 347.8468  -320.1640472  2.586532e+03
[12,]   12 0.004802143 0.0004109280 347.7283  -270.2497750  4.250947e+03
[13,]   13 0.006837003 0.0004209729 347.3721  -155.6049867  4.875807e+03
[14,]   14 0.009739109 0.0003168633 347.5321   -40.4990766 -2.254094e+04
[15,]   15 0.008218911 0.0003713986 347.0905   -92.1210494 -5.451319e+03
[16,]   16 0.010079384 0.0003966770 346.9375   -61.9805146 -4.112409e+02
[17,]   17 0.012715688 0.0004058532 346.8423   -30.6711773  1.103978e+03
[18,]   18 0.015021408 0.0004048881 346.7887   -14.6339009  7.953337e+02
[19,]   19 0.017106284 0.0004014097 346.7593    -5.8679765  2.182202e+01
[20,]   20 0.018474132 0.0004009968 346.7531    -2.0307528 -7.915531e+01
[21,]   21 0.019438461 0.0004104571 346.7808     0.1053255  1.925817e+03
[22,]   22 0.018493081 0.0004011827 346.7535    -1.9865095 -3.888897e+01
[23,]   23 0.018474558 0.0004010009 346.7531    -2.0297564 -7.824910e+01
[24,]   24 0.018474141 0.0004009969 346.7531    -2.0307303 -7.913487e+01
[25,]   25 0.018474132 0.0004009968 346.7531    -2.0307522 -7.915485e+01
[26,]   26 0.018474132 0.0004009968 346.7531    -2.0307527 -7.915530e+01
[27,]   27 0.018474132 0.0004009968 346.7531    -2.0307527 -7.915531e+01
[28,]   28 0.018474132 0.0004009968 346.7531    -2.0307527 -7.915531e+01
[29,]   29 0.018474132 0.0004009968 346.7531    -2.0307527 -7.915531e+01
[30,]   30 0.018474132 0.0004009968 346.7531    -2.0307527 -7.915531e+01
[31,]   31 0.018474132 0.0004009968 346.7531    -2.0307527 -7.915531e+01
[32,]   32 0.018474132 0.0004009968 346.7531    -2.0307527 -7.915531e+01
[33,]   33 0.018474132 0.0004009968 346.7531    -2.0307527 -7.915531e+01
[34,]   34 0.018474132 0.0004009968 346.7531    -2.0307527 -7.915531e+01
[35,]   35 0.018474132 0.0004009968 346.7531    -2.0307527 -7.915531e+01
[36,]   36 0.018474132 0.0004009968 346.7531    -2.0307527 -7.915531e+01

