[22;0t]0;IPython: scripts/01_msprime_simulations$par
[1] 3.692082e-01 2.146004e-05

$value
[1] -37.39069

$counts
function gradient 
      49       49 

$convergence
[1] 0

$message
[1] "CONVERGENCE: REL_REDUCTION_OF_F <= FACTR*EPSMCH"

$loginfo
      step       par1         par2          fn           gr1         gr2
 [1,]    1  0.1000000 1.000000e-02   291.08406  2.280254e+03   3045.9841
 [2,]    2  0.0000010 1.000000e-06    43.11932  8.572213e+03 -46747.1916
 [3,]    3  0.0000010 1.000000e+01 24344.50853  2.416099e+03   2324.4376
 [4,]    4  0.0000010 3.091466e+00  7769.63766  2.416071e+03   2474.0300
 [5,]    5  0.0000010 9.545753e-01  2434.37569  2.415969e+03   2518.6500
 [6,]    6  0.0000010 2.948190e-01   769.36195  2.415623e+03   2526.0770
 [7,]    7  0.0000010 9.121083e-02   256.02541  2.414497e+03   2507.8251
 [8,]    8  0.0000010 2.835777e-02    99.79514  2.410887e+03   2436.3024
 [9,]    9  0.0000010 8.928767e-03    53.86752  2.399530e+03   2206.5149
[10,]   10  0.0000010 2.897010e-03    41.90801  2.363876e+03   1506.7479
[11,]   11  0.0000010 2.806581e-03    41.77321  2.362045e+03   1473.3676
[12,]   12  0.0000010 2.444865e-03    41.26735  2.353235e+03   1315.3537
[13,]   13  0.0000010 1.000000e-06    43.11932  8.572213e+03 -46747.1916
[14,]   14  0.0000010 1.262307e-03    40.20671  2.399755e+03    361.2406
[15,]   15  0.0000010 1.000000e-06    43.11932  8.572213e+03 -46747.1916
[16,]   16  0.0000010 8.232042e-04    40.07453  3.229540e+03    498.7365
[17,]   17  0.0000010 3.285166e-04    39.36723  7.175385e+03   2752.1070
[18,]   18  0.0000010 2.158816e-04    39.00730  8.609430e+03   3985.0802
[19,]   19  0.0000010 1.937268e-04    38.91922  8.852570e+03   4355.6025
[20,]   20  0.0000010 1.782957e-04    38.85323  8.983568e+03   4646.1922
[21,]   21  0.0000010 8.964783e-05    38.37058  7.322709e+03   5315.9158
[22,]   22  0.0000010 1.000000e-06    43.11932  8.572213e+03 -46747.1916
[23,]   23  0.0000010 8.772361e-05    38.35764  7.183131e+03   5363.9719
[24,]   24  0.0000010 4.436181e-05    38.05393  1.781249e+03   6380.2640
[25,]   25  0.0000010 4.392058e-05    38.05126  1.707663e+03   6384.3684
[26,]   26  0.0000010 4.348879e-05    38.04868  1.635592e+03   6388.0061
[27,]   27  0.0000010 2.224439e-05    38.03440 -1.213142e+03   5380.0412
[28,]   28  0.0000010 8.223094e-06    38.71970  1.643731e+03  -2301.1460
[29,]   29  0.0000010 2.199693e-05    38.03719 -1.223096e+03   5338.0128
[30,]   30  0.0000010 2.224439e-05    38.03440 -1.213142e+03   5380.0412
[31,]   31 10.0000000 1.000000e-06    44.54227 -2.243183e-07 -38459.9154
[32,]   32  3.3298736 1.517028e-05    37.80134 -2.718341e-05  39173.3873
[33,]   33  1.1083846 1.988970e-05    37.46092 -3.031425e-04  46070.9203
[34,]   34  0.3692082 2.146004e-05    37.39069 -2.869479e-03  47888.5238
[35,]   35  0.3699260 1.000000e-06    44.54234 -2.031812e-04 -38510.4349
[36,]   36  0.3692241 2.100742e-05    37.40937 -2.841184e-03  47362.2017
[37,]   37  0.3692098 2.141495e-05    37.39249 -2.866696e-03  47836.6871
[38,]   38  0.3692084 2.145548e-05    37.39087 -2.869336e-03  47883.2869
[39,]   39  0.3692082 2.145957e-05    37.39071 -2.869198e-03  47887.9934
[40,]   40  0.3692082 2.145999e-05    37.39069 -2.868946e-03  47888.4701
[41,]   41  0.3692082 2.146003e-05    37.39069 -2.868937e-03  47888.5184
[42,]   42  0.3692082 2.146004e-05    37.39069 -2.868942e-03  47888.5233
[43,]   43  0.3692082 2.146004e-05    37.39069 -2.868908e-03  47888.5238
[44,]   44  0.3692082 2.146004e-05    37.39069 -2.868943e-03  47888.5238
[45,]   45  0.3692082 2.146004e-05    37.39069 -2.869728e-03  47888.5238
[46,]   46  0.3692082 2.146004e-05    37.39069 -2.869465e-03  47888.5238
[47,]   47  0.3692082 2.146004e-05    37.39069 -2.869463e-03  47888.5238
[48,]   48  0.3692082 2.146004e-05    37.39069 -2.869465e-03  47888.5238

