[22;0t]0;IPython: scripts/01_msprime_simulations$par
[1] 7.575248e-05 4.627941e-04

$value
[1] -166.7052

$counts
function gradient 
      81       81 

$convergence
[1] 52

$message
[1] "ERROR: ABNORMAL_TERMINATION_IN_LNSRCH"

$loginfo
      step         par1         par2         fn          gr1           gr2
 [1,]    1 1.000000e-01 1.000000e-02   404.9622   2151.53470    3707.75063
 [2,]    2 1.000000e-06 1.000000e-06   230.2168  49047.24175 -570693.28496
 [3,]    3 7.606797e-02 7.607012e-03   344.7078   2105.13991    4084.66257
 [4,]    4 3.803448e-02 3.804006e-03   249.1871   1979.97158    5363.24034
 [5,]    5 1.307138e-02 1.307921e-03   188.9504   1702.65987    3734.13507
 [6,]    6 1.000000e-06 1.000000e-06   230.2168  49047.24175 -570693.28496
 [7,]    7 1.060510e-02 1.061315e-03   184.0497   1599.16321    3041.08185
 [8,]    8 5.303051e-03 5.311574e-04   175.2391   1009.42325    3888.27631
 [9,]    9 1.000000e-06 1.000000e-06   230.2168  49047.24175 -570693.28496
[10,]   10 5.156551e-03 5.165087e-04   175.0345    986.87961    3927.53729
[11,]   11 2.578775e-03 2.587543e-04   172.0151    752.70430   -2200.68571
[12,]   12 1.000000e-06 1.000000e+01 24363.8455   2416.09852    2322.82320
[13,]   13 2.241541e-03 1.308463e+00  3380.7839   2415.93252    2500.15755
[14,]   14 2.534331e-03 1.726678e-01   548.5183   2414.91246    2434.57455
[15,]   15 2.572360e-03 2.514412e-02   208.4627   2397.78568    1834.85976
[16,]   16 2.577611e-03 4.774534e-03   175.4607   2593.08875    1322.65996
[17,]   17 2.578490e-03 1.367153e-03   170.8456   1550.69063     524.32294
[18,]   18 2.055098e-03 1.307316e-03   170.0372   1449.78380     177.46622
[19,]   19 1.000000e-06 1.072480e-03   171.4537 -39525.86521    2091.41756
[20,]   20 1.040109e-03 1.191276e-03   168.6977   1265.31696    -373.96103
[21,]   21 1.000000e-06 1.371364e-03   172.0260 -40616.43824    1588.10352
[22,]   22 6.532503e-04 1.258323e-03   168.1823   1338.11251     -27.75365
[23,]   23 3.116645e-04 1.317522e-03   167.7664    803.25819     607.64821
[24,]   24 1.000000e-06 1.153905e-03   171.6229 -39790.76423    2028.20777
[25,]   25 2.815438e-04 1.301659e-03   167.7303    629.39112     736.61719
[26,]   26 1.412719e-04 1.227782e-03   167.6553  -3350.88527    1407.56488
[27,]   27 2.421977e-04 1.280937e-03   167.6875    250.77405     917.53935
[28,]   28 1.000000e-06 6.920539e-04   170.6631 -37997.96196    1971.74980
[29,]   29 2.169565e-04 1.219310e-03   167.6117     30.02617    1155.52894
[30,]   30 1.089782e-04 9.556820e-04   167.2674  -9158.49528    1750.04878
[31,]   31 1.771643e-04 1.122158e-03   167.4731   -784.23328    1476.63125
[32,]   32 1.209975e-04 9.850270e-04   167.2922  -5361.20444    1725.66306
[33,]   33 2.434156e-05 1.000000e-06   231.8905  38209.60369 -616070.67848
[34,]   34 9.276392e-05 6.975887e-04   166.8929    -64.87169    1400.27403
[35,]   35 5.855274e-05 3.492944e-04   166.7418    681.61289    -301.56024
[36,]   36 7.888749e-05 4.834817e-04   166.7064    610.91652     616.56514
[37,]   37 6.299586e-05 3.786142e-04   166.7261    618.12909     102.14274
[38,]   38 7.575248e-05 4.627941e-04   166.7052    603.03115     539.61749
[39,]   39 6.733311e-05 4.072353e-04   166.7149    594.65824     309.29714
[40,]   40 7.429588e-05 4.531821e-04   166.7056    599.49577     504.11571
[41,]   41 7.575248e-05 4.627941e-04   166.7052    603.03115     539.61749
[42,]   42 5.240854e-05 3.754727e-04   166.7929   -352.84819     246.18293
[43,]   43 7.380832e-05 4.555216e-04   166.7086    545.64822     522.08878
[44,]   44 7.552993e-05 4.619616e-04   166.7056    596.63414     537.57958
[45,]   45 7.572623e-05 4.626959e-04   166.7053    602.27894     539.37669
[46,]   46 7.574938e-05 4.627825e-04   166.7052    602.94216     539.58899
[47,]   47 7.575212e-05 4.627927e-04   166.7052    603.02062     539.61412
[48,]   48 7.575244e-05 4.627939e-04   166.7052    603.02990     539.61710
[49,]   49 7.575248e-05 4.627941e-04   166.7052    603.03100     539.61745
[50,]   50 7.575248e-05 4.627941e-04   166.7052    603.03113     539.61749
[51,]   51 7.575248e-05 4.627941e-04   166.7052    603.03115     539.61749
[52,]   52 7.575248e-05 4.627941e-04   166.7052    603.03115     539.61749
[53,]   53 7.575248e-05 4.627941e-04   166.7052    603.03115     539.61749
[54,]   54 7.575248e-05 4.627941e-04   166.7052    603.03115     539.61749
[55,]   55 7.575248e-05 4.627941e-04   166.7052    603.03115     539.61749
[56,]   56 7.575248e-05 4.627941e-04   166.7052    603.03115     539.61749
[57,]   57 7.575248e-05 4.627941e-04   166.7052    603.03115     539.61750
[58,]   58 7.575248e-05 4.627941e-04   166.7052    603.03115     539.61749
[59,]   59 7.575248e-05 4.627941e-04   166.7052    603.03115     539.61749
[60,]   60 7.575248e-05 4.627941e-04   166.7052    603.03115     539.61750
[61,]   61 7.575248e-05 4.627941e-04   166.7052    603.03115     539.61749
[62,]   62 1.000000e-06 1.000000e-06   230.2168  49047.24175 -570693.28496
[63,]   63 6.266306e-05 3.819323e-04   166.7288    544.28480     146.88132
[64,]   64 7.371179e-05 4.501874e-04   166.7063    589.92545     494.47512
[65,]   65 7.537817e-05 4.604817e-04   166.7054    600.64516     531.34356
[66,]   66 7.568089e-05 4.623518e-04   166.7053    602.57584     538.03442
[67,]   67 7.573868e-05 4.627088e-04   166.7052    602.94342     539.31229
[68,]   68 7.574982e-05 4.627776e-04   166.7052    603.01421     539.55857
[69,]   69 7.575197e-05 4.627909e-04   166.7052    603.02788     539.60611
[70,]   70 7.575238e-05 4.627935e-04   166.7052    603.03052     539.61530
[71,]   71 7.575246e-05 4.627940e-04   166.7052    603.03103     539.61707
[72,]   72 7.575248e-05 4.627940e-04   166.7052    603.03113     539.61741
[73,]   73 7.575248e-05 4.627941e-04   166.7052    603.03115     539.61748
[74,]   74 7.575248e-05 4.627941e-04   166.7052    603.03115     539.61749
[75,]   75 7.575248e-05 4.627941e-04   166.7052    603.03115     539.61749
[76,]   76 7.575248e-05 4.627941e-04   166.7052    603.03115     539.61749
[77,]   77 7.575248e-05 4.627941e-04   166.7052    603.03115     539.61749
[78,]   78 7.575248e-05 4.627941e-04   166.7052    603.03115     539.61749
[79,]   79 7.575248e-05 4.627941e-04   166.7052    603.03115     539.61749
[80,]   80 7.575248e-05 4.627941e-04   166.7052    603.03115     539.61749

