[22;0t]0;IPython: scripts/01_msprime_simulations$par
[1] 0.000001000 0.002717293

$value
[1] -79.9567

$counts
function gradient 
      18       18 

$convergence
[1] 0

$message
[1] "CONVERGENCE: REL_REDUCTION_OF_F <= FACTR*EPSMCH"

$loginfo
      step  par1         par2          fn       gr1           gr2
 [1,]    1 1e-01  0.010000000   320.87034  2247.876  2.970502e+03
 [2,]    2 1e-06  0.000001000    87.41049 32867.738 -1.403140e+05
 [3,]    3 1e-06 10.000000000 24349.66505  2416.088  2.324007e+03
 [4,]    4 1e-06  3.248239944  8167.10281  2415.991  2.469383e+03
 [5,]    5 1e-06  1.054751014  2701.02802  2415.555  2.512928e+03
 [6,]    6 1e-06  0.342590566   909.00831  2414.030  2.514740e+03
 [7,]    7 1e-06  0.111399877   330.17819  2409.239  2.477403e+03
 [8,]    8 1e-06  0.036329642   147.26346  2394.539  2.349205e+03
 [9,]    9 1e-06  0.011930991    93.03277  2349.997  1.955705e+03
[10,]   10 1e-06  0.003978661    80.50112  2208.709  7.829494e+02
[11,]   11 1e-06  0.003956589    80.48394  2207.303  7.731355e+02
[12,]   12 1e-06  0.003868301    80.41742  2201.431  7.327667e+02
[13,]   13 1e-06  0.003515147    80.18952  2173.005  5.513054e+02
[14,]   14 1e-06  0.002411997    79.99002  2034.725 -1.940534e+02
[15,]   15 1e-06  0.002699201    79.95683  2060.057 -1.387649e+01
[16,]   16 1e-06  0.002721320    79.95670  2063.712  3.100064e+00
[17,]   17 1e-06  0.002717281    79.95670  2063.040 -9.209408e-03
[18,]   18 1e-06  0.002717293    79.95670  2063.042 -5.476934e-06

