[22;0t]0;IPython: scripts/01_msprime_simulations$par
[1] 0.016661850 0.001101535

$value
[1] -859.3832

$counts
function gradient 
      27       27 

$convergence
[1] 0

$message
[1] "CONVERGENCE: REL_REDUCTION_OF_F <= FACTR*EPSMCH"

$loginfo
      step        par1         par2        fn           gr1           gr2
 [1,]    1 0.100000000 0.0100000000 1070.0509  1.427207e+03  6.861611e+03
 [2,]    2 0.000001000 0.0000010000 1380.2833  1.169630e+05 -4.723444e+06
 [3,]    3 0.056884625 0.0056888505  973.6991  8.817796e+02  1.587924e+04
 [4,]    4 0.019827100 0.0019834315  873.2959  7.100511e+01  2.352432e+04
 [5,]    5 0.006741874 0.0006750267  866.5749  1.093525e+02 -4.265197e+04
 [6,]    6 0.015007223 0.0015014873  863.3330 -5.520281e+01  1.634624e+04
 [7,]    7 0.004626797 0.0000010000 1488.8116  4.209944e+03 -4.953790e+06
 [8,]    8 0.011807537 0.0010389736  859.5958 -6.542704e+01 -2.904445e+03
 [9,]    9 0.013325775 0.0011188237  859.4882 -5.550059e+01  1.813890e+03
[10,]   10 0.014125212 0.0011043034  859.4293 -3.651185e+01  7.231374e+02
[11,]   11 0.015790034 0.0010968991  859.3874 -1.034866e+01 -1.463928e+02
[12,]   12 0.016534231 0.0011007240  859.3833 -2.630348e+00 -5.669474e+01
[13,]   13 0.016796056 0.0011024353  859.3834 -2.376410e-01  1.690890e+00
[14,]   14 0.016609684 0.0011012172  859.3832 -1.928722e+00 -4.002412e+01
[15,]   15 0.016815360 0.0011024743  859.3834 -4.866567e-02  4.006980e-01
[16,]   16 0.016654588 0.0011014916  859.3832 -1.512044e+00 -3.127856e+01
[17,]   17 0.016817739 0.0011024636  859.3834 -2.236892e-02 -7.672279e-01
[18,]   18 0.016683115 0.0011016616  859.3832 -1.248268e+00 -2.598625e+01
[19,]   19 0.016660682 0.0011015279  859.3832 -1.455579e+00 -3.014958e+01
[20,]   20 0.016675488 0.0011016161  859.3832 -1.318656e+00 -2.740304e+01
[21,]   21 0.016663760 0.0011015463  859.3832 -1.427075e+00 -2.957886e+01
[22,]   22 0.016661335 0.0011015318  859.3832 -1.449524e+00 -3.002840e+01
[23,]   23 0.016662936 0.0011015414  859.3832 -1.434707e+00 -2.973172e+01
[24,]   24 0.016661674 0.0011015338  859.3832 -1.446387e+00 -2.996558e+01
[25,]   25 0.016662507 0.0011015388  859.3832 -1.438678e+00 -2.981124e+01
[26,]   26 0.016661850 0.0011015349  859.3832 -1.444757e+00 -2.993295e+01

