[22;0t]0;IPython: scripts/01_msprime_simulations$par
[1] 0.000001000 0.002342424

$value
[1] -70.31704

$counts
function gradient 
      18       18 

$convergence
[1] 0

$message
[1] "CONVERGENCE: REL_REDUCTION_OF_F <= FACTR*EPSMCH"

$loginfo
      step  par1         par2          fn       gr1           gr2
 [1,]    1 1e-01  0.010000000   315.27914  2265.810  2.889997e+03
 [2,]    2 1e-06  0.000001000    80.88036 20694.729 -1.242809e+05
 [3,]    3 1e-06 10.000000000 24348.37592  2416.099  2.324115e+03
 [4,]    4 1e-06  3.237598148  8138.35265  2416.073  2.469926e+03
 [5,]    5 1e-06  1.047797035  2679.93632  2415.983  2.513999e+03
 [6,]    6 1e-06  0.339205598   895.74599  2415.688  2.517566e+03
 [7,]    7 1e-06  0.109947544   320.70201  2414.775  2.485709e+03
 [8,]    8 1e-06  0.035756627   138.91557  2411.970  2.374105e+03
 [9,]    9 1e-06  0.011726174    84.51555  2403.302  2.030746e+03
[10,]   10 1e-06  0.003921811    71.24439  2370.076  1.012391e+03
[11,]   11 1e-06  0.003890131    71.21250  2369.512  9.999254e+02
[12,]   12 1e-06  0.003763407    71.08900  2367.084  9.479655e+02
[13,]   13 1e-06  0.003256514    70.66813  2353.437  6.997828e+02
[14,]   14 1e-06  0.001767226    70.47531  2334.514 -4.688478e+02
[15,]   15 1e-06  0.002364720    70.31730  2294.380  2.195871e+01
[16,]   16 1e-06  0.002337988    70.31705  2291.690 -4.392040e+00
[17,]   17 1e-06  0.002342444    70.31704  2292.138  1.950434e-02
[18,]   18 1e-06  0.002342424    70.31704  2292.136  1.661398e-05

