[22;0t]0;IPython: scripts/01_msprime_simulations$par
[1] 0.0000010000 0.0001100147

$value
[1] -115.5927

$counts
function gradient 
      79       79 

$convergence
[1] 52

$message
[1] "ERROR: ABNORMAL_TERMINATION_IN_LNSRCH"

$loginfo
      step  par1         par2         fn       gr1          gr2
 [1,]    1 1e-01 1.000000e-02   355.6001  2241.713    2633.1376
 [2,]    2 1e-06 1.000000e-06   143.1962 50440.218 -276002.6790
 [3,]    3 1e-06 1.000000e+01 24354.8216  2416.099    2323.5766
 [4,]    4 1e-06 3.289558e+00  8278.9296  2416.074    2467.2583
 [5,]    5 1e-06 1.081997e+00  2783.8250  2415.987    2508.7676
 [6,]    6 1e-06 3.559989e-01   961.5370  2415.709    2503.9457
 [7,]    7 1e-06 1.172489e-01   367.9352  2414.859    2446.2605
 [8,]    8 1e-06 3.871825e-02   180.5814  2412.259    2257.6952
 [9,]    9 1e-06 1.286942e-02   126.9876  2403.177    1687.6107
[10,]   10 1e-06 1.279121e-02   126.8558  2403.082    1682.3862
[11,]   11 1e-06 1.247839e-02   126.3329  2402.692    1660.8332
[12,]   12 1e-06 1.122711e-02   124.3139  2400.871    1562.6062
[13,]   13 1e-06 6.221960e-03   118.0813  2383.493     774.4353
[14,]   14 1e-06 5.844589e-04   116.4193 11628.963    1362.6622
[15,]   15 1e-06 1.000000e-06   143.1962     0.000 -276002.6790
[16,]   16 1e-06 5.844589e-04   116.4193 11628.963    1362.6622
[17,]   17 1e-06 1.000000e-06   143.1962 50440.218 -276002.6790
[18,]   18 1e-06 4.345777e-04   116.1944 12862.822    1673.7772
[19,]   19 1e-06 2.177889e-04   115.7719 10969.133    1934.0149
[20,]   20 1e-06 2.158416e-04   115.7677 10887.916    1919.4648
[21,]   21 1e-06 2.143821e-04   115.7645 10825.719    1907.7572
[22,]   22 1e-06 1.076911e-04   115.5929  3140.017  -38257.2261
[23,]   23 1e-06 2.093145e-04   115.7536 10600.757    1861.2317
[24,]   24 1e-06 1.397180e-04   115.6181  5977.312   -2176.2859
[25,]   25 1e-06 1.076911e-04   115.5929  3140.017  -38257.2261
[26,]   26 1e-06 1.000000e+01 24354.8216  2416.099    2323.5766
[27,]   27 1e-06 3.043973e+00  7672.3811  2416.071    2472.3603
[28,]   28 1e-06 9.257589e-01  2391.7203  2415.964    2510.4755
[29,]   29 1e-06 2.820482e-01   776.5850  2415.600    2497.4652
[30,]   30 1e-06 8.643538e-02   293.0099  2414.407    2413.4907
[31,]   31 1e-06 2.688008e-02   154.5038  2410.464    2132.8324
[32,]   32 1e-06 8.627248e-03   120.6014  2394.968    1267.3751
[33,]   33 1e-06 2.908181e-03   117.9720  2441.816    -975.3162
[34,]   34 1e-06 9.904330e-04   116.8586  8494.264     807.2593
[35,]   35 1e-06 3.842136e-04   116.1073 13114.724    1801.4346
[36,]   36 1e-06 1.936002e-04   115.7198  9810.454    1641.1167
[37,]   37 1e-06 1.348280e-04   115.6114  5553.070   -3089.1750
[38,]   38 1e-06 1.160866e-04   115.5942  3879.102  -13912.6761
[39,]   39 1e-06 1.100147e-04   115.5927  3341.610  -28275.0826
[40,]   40 1e-06 1.165964e-04   115.5945  3924.700  -13164.6559
[41,]   41 1e-06 1.117369e-04   115.5929  3492.740  -22893.4950
[42,]   42 1e-06 1.104060e-04   115.5928  3375.835  -26928.5980
[43,]   43 1e-06 1.100988e-04   115.5927  3348.959  -27978.9198
[44,]   44 1e-06 1.100325e-04   115.5927  3343.167  -28212.0149
[45,]   45 1e-06 1.100184e-04   115.5927  3341.939  -28261.7477
[46,]   46 1e-06 1.100155e-04   115.5927  3341.680  -28272.2674
[47,]   47 1e-06 1.100148e-04   115.5927  3341.625  -28274.4885
[48,]   48 1e-06 1.100147e-04   115.5927  3341.613  -28274.9572
[49,]   49 1e-06 1.100147e-04   115.5927  3341.611  -28275.0562
[50,]   50 1e-06 1.100147e-04   115.5927  3341.611  -28275.0771
[51,]   51 1e-06 1.100147e-04   115.5927  3341.610  -28275.0815
[52,]   52 1e-06 1.100147e-04   115.5927  3341.610  -28275.0824
[53,]   53 1e-06 1.100147e-04   115.5927  3341.610  -28275.0826
[54,]   54 1e-06 1.100147e-04   115.5927  3341.610  -28275.0826
[55,]   55 1e-06 1.100147e-04   115.5927  3341.610  -28275.0826
[56,]   56 1e-06 1.100147e-04   115.5927  3341.610  -28275.0826
[57,]   57 1e-06 1.100147e-04   115.5927  3341.610  -28275.0826
[58,]   58 1e-06 1.100147e-04   115.5927  3341.610  -28275.0826
[59,]   59 1e-06 1.100147e-04   115.5927  3341.610  -28275.0826
[60,]   60 1e-06 1.000000e+01 24354.8216  2416.099    2323.5766
[61,]   61 1e-06 2.954747e+00  7451.7012  2416.069    2474.2033
[62,]   62 1e-06 8.720695e-01  2256.9219  2415.955    2510.9204
[63,]   63 1e-06 2.580244e-01   716.6225  2415.551    2494.3606
[64,]   64 1e-06 7.697280e-02   270.2422  2414.195    2398.0532
[65,]   65 1e-06 2.344210e-02   147.2695  2409.566    2072.8905
[66,]   66 1e-06 7.458297e-03   119.2310  2390.586    1067.5334
[67,]   67 1e-06 2.520878e-03   118.2782  3265.233    -318.0189
[68,]   68 1e-06 8.509355e-04   116.7312  9460.888    1004.8777
[69,]   69 1e-06 3.365518e-04   116.0186 13138.576    1925.1329
[70,]   70 1e-06 1.788210e-04   115.6890  8932.292    1269.5462
[71,]   71 1e-06 1.313363e-04   115.6071  5245.302   -3855.1064
[72,]   72 1e-06 1.163651e-04   115.5944  3904.008  -13497.7377
[73,]   73 1e-06 1.116682e-04   115.5929  3486.688  -23083.2026
[74,]   74 1e-06 1.103894e-04   115.5928  3374.381  -26984.1362
[75,]   75 1e-06 1.100951e-04   115.5927  3348.642  -27991.6242
[76,]   76 1e-06 1.100317e-04   115.5927  3343.100  -28214.7438
[77,]   77 1e-06 1.100183e-04   115.5927  3341.925  -28262.3257
[78,]   78 1e-06 1.100154e-04   115.5927  3341.677  -28272.3895
[79,]   79 1e-06 1.100148e-04   115.5927  3341.624  -28274.5142

