[22;0t]0;IPython: scripts/01_msprime_simulations$par
[1] 0.09235999 0.10052791

$value
[1] -29475.49

$counts
function gradient 
      29       29 

$convergence
[1] 0

$message
[1] "CONVERGENCE: REL_REDUCTION_OF_F <= FACTR*EPSMCH"

$loginfo
      step       par1        par2        fn           gr1           gr2
 [1,]    1 0.10000000  0.01000000  38163.13  2.006814e+04 -7.177670e+05
 [2,]    2 0.00000100 10.00000000  36387.56  2.415487e+03  1.318975e+03
 [3,]    3 0.06667044  3.33965632  30975.84  9.604863e+02  1.172820e+02
 [4,]    4 0.06220998  3.33903822  30971.70  8.619408e+02  1.137716e+02
 [5,]    5 0.02269287  3.33313080  30968.07 -1.314140e+03  4.870753e+01
 [6,]    6 0.04631951  3.33666275  30961.26  3.787918e+02  9.746658e+01
 [7,]    7 0.03346137  3.33431317  30960.09 -2.911956e+02  7.686416e+01
 [8,]    8 0.03876352  3.33485981  30959.48  3.060566e+01  8.648162e+01
 [9,]    9 0.03812707  3.33436682  30959.43 -4.674562e+00  8.538685e+01
[10,]   10 0.03711289  3.33131699  30959.21 -6.695679e+01  8.338203e+01
[11,]   11 0.03465438  3.31472028  30958.26 -2.484643e+02  7.758981e+01
[12,]   12 0.03223549  3.27365884  30956.12 -4.999075e+02  7.006506e+01
[13,]   13 0.02976727  3.13449976  30949.02 -9.934835e+02  6.132906e+01
[14,]   14 0.02896533  2.48356757  30923.47 -1.882317e+03  1.878440e+01
[15,]   15 0.03663621  2.07138914  30849.12 -5.456353e+02  2.936056e+02
[16,]   16 0.06731972  0.42267540  30245.68  2.911041e+03  1.056288e+03
[17,]   17 0.07518594  0.00000100 121178.65  3.524677e+04 -4.310194e+08
[18,]   18 0.06994960  0.28136449  30031.99  1.683349e+03  2.224589e+03
[19,]   19 0.07343786  0.09393026  29481.06 -3.268735e+02 -8.454488e+02
[20,]   20 0.05274023  2.37755593  30902.64  9.379969e+01  6.190244e+01
[21,]   21 0.07060255  0.40675809  30237.61  2.909209e+03  1.160795e+03
[22,]   22 0.07327687  0.11169295  29495.79 -7.840413e+02  2.093135e+03
[23,]   23 0.07340294  0.09778305  29479.51 -4.752688e+02  1.102817e+01
[24,]   24 0.07675216  0.09829436  29478.11 -3.670259e+02  3.379936e+00
[25,]   25 0.08822360  0.10014842  29475.66 -8.474339e+01  3.612102e+01
[26,]   26 0.09139432  0.10045751  29475.50 -1.927400e+01  1.181381e+01
[27,]   27 0.09229636  0.10052314  29475.49 -1.266078e+00  7.483320e-01
[28,]   28 0.09235999  0.10052791  29475.49 -1.980121e-02  7.022627e-03

