[22;0t]0;IPython: scripts/01_msprime_simulations$par
[1] 0.004513371 0.059942797

$value
[1] -18978.98

$counts
function gradient 
      40       40 

$convergence
[1] 0

$message
[1] "CONVERGENCE: REL_REDUCTION_OF_F <= FACTR*EPSMCH"

$loginfo
      step        par1        par2       fn           gr1           gr2
 [1,]    1 0.100000000  0.01000000 23086.72  1.042098e+04 -3.694848e+05
 [2,]    2 0.000001000 10.00000000 31273.58  2.416088e+03  1.745936e+03
 [3,]    3 0.066736951  3.33301183 21401.50  2.200636e+03  1.060593e+03
 [4,]    4 0.046896331  3.32325794 21348.93  2.040531e+03  1.055439e+03
 [5,]    5 0.000001000  3.30020362 21369.78 -4.609992e+05  9.196686e+02
 [6,]    6 0.021313151  3.31068093 21289.40  1.432958e+03  1.043857e+03
 [7,]    7 0.000001000  3.27718533 21348.72 -4.727448e+05  9.101199e+02
 [8,]    8 0.011467507  3.29520686 21262.75  5.499023e+02  1.030940e+03
 [9,]    9 0.000001000  3.19562726 21275.91 -5.176070e+05  8.756812e+02
[10,]   10 0.005114268  3.24003286 21208.54 -1.734046e+03  1.003188e+03
[11,]   11 0.000001000  2.79762635 20954.74 -8.359810e+05  7.851274e+02
[12,]   12 0.004604429  3.19592097 21165.61 -2.311371e+03  9.899086e+02
[13,]   13 0.002302715  2.99677366 20985.01 -7.699733e+03  9.261596e+02
[14,]   14 0.024451110  0.00000100 68704.74  5.099727e+04 -2.479104e+08
[15,]   15 0.010006993  1.95435178 20072.38 -1.491627e+03  7.312989e+02
[16,]   16 0.018001073  0.00000100 68347.12  6.034757e+04 -2.478932e+08
[17,]   17 0.012729351  1.28880400 19624.94 -5.306511e+02  6.707615e+02
[18,]   18 0.016208688  0.43819402 19194.83  3.708405e+03  4.667018e+02
[19,]   19 0.014731037  0.00000100 68140.30  6.631234e+04 -2.478830e+08
[20,]   20 0.015714782  0.29172765 19135.48  4.978341e+03  4.097915e+02
[21,]   21 0.009705313  0.00000100 67779.51  7.781693e+04 -2.478650e+08
[22,]   22 0.013708374  0.19432759 19082.46  5.359860e+03  4.403712e+02
[23,]   23 0.011706844  0.09716429 19018.38  5.129112e+03  5.266114e+02
[24,]   24 0.010375204  0.03252049 19188.44  1.421942e+04 -2.019669e+04
[25,]   25 0.011283266  0.07660190 19006.56  5.269760e+03  3.259086e+02
[26,]   26 0.000001000  0.00000100 66850.58  1.243734e+05 -2.478117e+08
[27,]   27 0.007527074  0.05109925 18998.32  6.350783e+03 -2.194765e+03
[28,]   28 0.009530280  0.06470001 18996.21  5.319669e+03 -2.343939e+02
[29,]   29 0.000001000 10.00000000 31273.58  2.416088e+03  1.745936e+03
[30,]   30 0.009048641  0.56686013 19249.87 -3.354031e+01  6.784226e+02
[31,]   31 0.009483491  0.11348263 19016.96  4.227469e+03  5.891757e+02
[32,]   32 0.009525120  0.07007922 18996.00  4.963200e+03  1.321072e+02
[33,]   33 0.000001000  0.05889282 19402.02 -2.382875e+06  5.226839e+02
[34,]   34 0.006155910  0.06612197 18981.95  2.518221e+03  1.787044e+02
[35,]   35 0.002243769  0.05810636 18991.07 -1.462899e+04  2.528092e+02
[36,]   36 0.004720571  0.06318109 18979.36  3.577632e+01  2.116826e+02
[37,]   37 0.004395948  0.05917922 18979.02 -2.199992e+02 -5.486239e+01
[38,]   38 0.004548563  0.06012440 18978.99  7.289590e+01  1.026776e+01
[39,]   39 0.004512817  0.05996533 18978.98 -4.086494e+00  1.843633e+00
[40,]   40 0.004513371  0.05994280 18978.98  1.600874e+00 -3.788201e-01

