[22;0t]0;IPython: scripts/01_msprime_simulations$par
[1] 0.0004151269 0.0014164690

$value
[1] -699.2691

$counts
function gradient 
      33       33 

$convergence
[1] 0

$message
[1] "CONVERGENCE: REL_REDUCTION_OF_F <= FACTR*EPSMCH"

$loginfo
      step         par1         par2        fn           gr1           gr2
 [1,]    1 0.1000000000 0.0100000000  907.2003  1.717595e+03  6.986692e+03
 [2,]    2 0.0000010000 0.0000010000 1174.9419  8.797843e+04 -3.955157e+06
 [3,]    3 0.0551709340 0.0055174969  800.8609  1.429149e+03  8.920887e+03
 [4,]    4 0.0187587776 0.0018766089  727.7909  1.084114e+03 -3.572687e+02
 [5,]    5 0.0000010000 0.0049526091  719.0832 -1.287918e+05  7.043566e+02
 [6,]    6 0.0185939601 0.0019036366  727.6035  1.097600e+03 -2.120280e+02
 [7,]    7 0.0092974800 0.0034281229  718.9869  1.683913e+03  3.542563e+03
 [8,]    8 0.0031136138 0.0044421862  708.3887  2.611362e+03  1.377050e+03
 [9,]    9 0.0011074035 0.0047711752  703.9341  1.674619e+03  9.421211e+02
[10,]   10 0.0000010000 0.0037919268  718.2385 -1.288958e+05  9.847724e+02
[11,]   11 0.0007427522 0.0044484320  703.2113  5.036342e+02  8.560548e+02
[12,]   12 0.0005144732 0.0000010000 1204.1283  3.606278e+04 -4.094751e+06
[13,]   13 0.0006684362 0.0030005748  701.8053  3.181917e+02  1.315454e+03
[14,]   14 0.0005914547 0.0015007874  699.4518  1.659384e+03 -5.435533e+01
[15,]   15 0.0000010000 0.0008440521  712.2093 -1.190282e+05 -3.864624e+03
[16,]   16 0.0004384910 0.0013306529  699.3107  7.894473e+02 -7.711196e+02
[17,]   17 0.0000010000 0.0020512920  715.1454 -1.281978e+05  2.101698e+03
[18,]   18 0.0003744122 0.0014362040  699.2824 -8.618880e+02  3.017681e+02
[19,]   19 0.0004314500 0.0014428289  699.2747  1.549109e+02  1.066989e+02
[20,]   20 0.0004158550 0.0014104596  699.2692  3.712960e+01 -4.303819e+01
[21,]   21 0.0004151269 0.0014164690  699.2691 -1.136010e+00  8.569822e-01
[22,]   22 0.0004151694 0.0014163699  699.2691  6.694672e-03  3.026769e-03
[23,]   23 0.0004151272 0.0014164685  699.2691 -1.129755e+00  8.523091e-01
[24,]   24 0.0004151269 0.0014164690  699.2691 -1.135975e+00  8.569565e-01
[25,]   25 0.0004151269 0.0014164690  699.2691 -1.136009e+00  8.569820e-01
[26,]   26 0.0004151269 0.0014164690  699.2691 -1.136009e+00  8.569820e-01
[27,]   27 0.0004151269 0.0014164690  699.2691 -1.135992e+00  8.569692e-01
[28,]   28 0.0004151269 0.0014164690  699.2691 -1.136009e+00  8.569820e-01
[29,]   29 0.0004151269 0.0014164690  699.2691 -1.136009e+00  8.569820e-01
[30,]   30 0.0004151269 0.0014164690  699.2691 -1.136001e+00  8.569756e-01
[31,]   31 0.0004151269 0.0014164690  699.2691 -1.136009e+00  8.569820e-01
[32,]   32 0.0004151269 0.0014164690  699.2691 -1.136009e+00  8.569820e-01

