[22;0t]0;IPython: scripts/01_msprime_simulations$par
[1] 0.0006756202 0.0009164845

$value
[1] -154.4596

$counts
function gradient 
      66       66 

$convergence
[1] 52

$message
[1] "ERROR: ABNORMAL_TERMINATION_IN_LNSRCH"

$loginfo
      step         par1         par2         fn           gr1           gr2
 [1,]    1 0.1000000000 1.000000e-02   397.0971  2.169334e+03  4.266097e+03
 [2,]    2 0.0000010000 1.000000e-06   242.5689  1.123190e+04 -7.196997e+05
 [3,]    3 0.0959008654 9.590123e-03   386.4586  2.165507e+03  4.292243e+03
 [4,]    4 0.0479509327 4.795562e-03   262.9583  2.086337e+03  4.615769e+03
 [5,]    5 0.0160953633 1.610291e-03   184.2527  1.985252e+03  2.210571e+03
 [6,]    6 0.0000010000 1.000000e-06   242.5689  1.123190e+04 -7.196997e+05
 [7,]    7 0.0096298231 9.637956e-04   171.1551  1.958645e+03 -1.876045e+03
 [8,]    8 0.0000010000 1.000000e+01 24365.1346  2.416099e+03  2.322716e+03
 [9,]    9 0.0084870593 1.187665e+00  3097.2702  2.415689e+03  2.500556e+03
[10,]   10 0.0094937363 1.422828e-01   497.2716  2.413604e+03  2.406050e+03
[11,]   11 0.0096128037 1.863755e-02   214.6393  2.448327e+03  2.094678e+03
[12,]   12 0.0096278837 2.977694e-03   175.1257  2.083765e+03  3.302188e+03
[13,]   13 0.0096295066 1.292473e-03   170.9454  1.999867e+03  3.548949e+02
[14,]   14 0.0093359837 1.245894e-03   170.3477  1.998193e+03  8.352934e+01
[15,]   15 0.0081618923 1.059581e-03   168.1038  1.993038e+03 -1.260980e+03
[16,]   16 0.0000010000 6.571420e-04   161.0487 -4.950961e+04  4.471306e+02
[17,]   17 0.0078554359 1.044469e-03   167.5125  1.994961e+03 -1.410221e+03
[18,]   18 0.0039282180 8.508053e-04   160.0737  2.028757e+03 -3.400033e+03
[19,]   19 0.0013485542 7.235941e-04   155.4543  1.678461e+03 -3.690303e+03
[20,]   20 0.0000010000 1.007367e-03   161.1555 -4.931104e+04  7.808630e+02
[21,]   21 0.0008291814 8.329655e-04   154.5549  6.655217e+02 -1.098760e+03
[22,]   22 0.0000010000 6.813832e-04   161.0547 -4.970987e+04  3.118388e+02
[23,]   23 0.0006063206 7.921752e-04   154.5205 -8.530036e+01 -1.136971e+03
[24,]   24 0.0006824088 1.008308e-03   154.4908 -9.380477e+01  5.926026e+02
[25,]   25 0.0006838441 9.383884e-04   154.4620  1.135921e+00  1.328758e+02
[26,]   26 0.0006756202 9.164845e-04   154.4596 -8.280589e-01 -2.374996e+01
[27,]   27 0.0006770173 9.198319e-04   154.4597 -4.345875e-02  7.540906e-01
[28,]   28 0.0006757198 9.167231e-04   154.4596 -7.732889e-01 -2.199390e+01
[29,]   29 0.0006756279 9.165028e-04   154.4596 -8.238737e-01 -2.361552e+01
[30,]   30 0.0006756208 9.164859e-04   154.4596 -8.277369e-01 -2.373962e+01
[31,]   31 0.0006756203 9.164846e-04   154.4596 -8.280341e-01 -2.374917e+01
[32,]   32 0.0006756202 9.164845e-04   154.4596 -8.280570e-01 -2.374990e+01
[33,]   33 0.0006756202 9.164845e-04   154.4596 -8.280587e-01 -2.374996e+01
[34,]   34 0.0006756202 9.164845e-04   154.4596 -8.280589e-01 -2.374996e+01
[35,]   35 0.0006756202 9.164845e-04   154.4596 -8.280589e-01 -2.374996e+01
[36,]   36 0.0006756202 9.164845e-04   154.4596 -8.280589e-01 -2.374996e+01
[37,]   37 0.0006756202 9.164845e-04   154.4596 -8.280589e-01 -2.374996e+01
[38,]   38 0.0006756202 9.164845e-04   154.4596 -8.280589e-01 -2.374996e+01
[39,]   39 0.0006756202 9.164845e-04   154.4596 -8.280589e-01 -2.374996e+01
[40,]   40 0.0006756202 9.164845e-04   154.4596 -8.280589e-01 -2.374996e+01
[41,]   41 0.0006756202 9.164845e-04   154.4596 -8.280589e-01 -2.374996e+01
[42,]   42 0.8287345261 1.000000e+01 26359.1430  2.396093e+03  2.322758e+03
[43,]   43 0.0025088097 2.305285e-02   206.7785  2.253020e+03  2.141667e+03
[44,]   44 0.0006801678 9.713976e-04   154.4717 -5.874429e+01  3.684053e+02
[45,]   45 0.0006757781 9.183910e-04   154.4596 -3.069586e+00 -8.779378e+00
[46,]   46 0.0006756332 9.166412e-04   154.4596 -1.012889e+00 -2.251593e+01
[47,]   47 0.0006756214 9.164980e-04   154.4596 -8.440161e-01 -2.364343e+01
[48,]   48 0.0006756203 9.164857e-04   154.4596 -8.294417e-01 -2.374073e+01
[49,]   49 0.0006756203 9.164846e-04   154.4596 -8.281785e-01 -2.374916e+01
[50,]   50 0.0006756202 9.164845e-04   154.4596 -8.280691e-01 -2.374989e+01
[51,]   51 0.0006756202 9.164845e-04   154.4596 -8.280598e-01 -2.374996e+01
[52,]   52 0.0006756202 9.164845e-04   154.4596 -8.280590e-01 -2.374996e+01
[53,]   53 0.0006756202 9.164845e-04   154.4596 -8.280589e-01 -2.374996e+01
[54,]   54 0.0006756202 9.164845e-04   154.4596 -8.280589e-01 -2.374996e+01
[55,]   55 0.0006756202 9.164845e-04   154.4596 -8.280589e-01 -2.374996e+01
[56,]   56 0.0006756202 9.164845e-04   154.4596 -8.280589e-01 -2.374996e+01
[57,]   57 0.0006756202 9.164845e-04   154.4596 -8.280589e-01 -2.374996e+01
[58,]   58 0.0006756202 9.164845e-04   154.4596 -8.280589e-01 -2.374996e+01
[59,]   59 0.0006756202 9.164845e-04   154.4596 -8.280589e-01 -2.374996e+01

