[22;0t]0;IPython: scripts/01_msprime_simulations$par
[1] 0.0003893952 0.0042255731

$value
[1] -2464.938

$counts
function gradient 
      41       41 

$convergence
[1] 0

$message
[1] "CONVERGENCE: REL_REDUCTION_OF_F <= FACTR*EPSMCH"

$loginfo
      step         par1         par2       fn           gr1           gr2
 [1,]    1 0.1000000000 0.0100000000 2607.296  6.605999e+02  1.311228e+04
 [2,]    2 0.0000010000 0.0000010000 4916.477  1.219336e+05 -1.783090e+07
 [3,]    3 0.0651873080 0.0065190441 2547.165  4.626680e+02  8.920330e+03
 [4,]    4 0.0255989318 0.0000010000 5316.089  3.064823e+03 -1.808017e+07
 [5,]    5 0.0520532283 0.0043565783 2532.651  4.193671e+02 -3.678464e+03
 [6,]    6 0.0439971288 0.0045784556 2528.452  4.851604e+02 -1.539550e+03
 [7,]    7 0.0117727308 0.0054659650 2501.569  1.850236e+03  1.557488e+03
 [8,]    8 0.0000010000 0.0057901765 2495.263 -2.551594e+05  6.340710e+02
 [9,]    9 0.0116899416 0.0054682451 2501.419  1.863411e+03  1.546978e+03
[10,]   10 0.0038951379 0.0056829260 2480.886  3.808675e+03  3.032656e+02
[11,]   11 0.0000010000 0.0055076546 2495.101 -2.552969e+05  5.041475e+02
[12,]   12 0.0021233348 0.0056031789 2473.242  4.845486e+03  6.610782e+01
[13,]   13 0.0007781555 0.0055426336 2466.475  4.357153e+03  2.085200e+02
[14,]   14 0.0002652329 0.0055195475 2466.012 -9.540580e+03  5.059275e+02
[15,]   15 0.0006168446 0.0055353732 2465.842  3.197462e+03  2.777404e+02
[16,]   16 0.0000010000 0.0052237094 2494.967 -2.558399e+05  4.909665e+02
[17,]   17 0.0004626863 0.0054573575 2465.465  7.251747e+02  3.764925e+02
[18,]   18 0.0003831250 0.0048949943 2465.197 -1.288725e+03  5.413522e+02
[19,]   19 0.0000010000 0.0006115294 2624.181 -1.973414e+02 -2.881166e+05
[20,]   20 0.0002768342 0.0037035180 2465.377 -5.901997e+03 -8.687614e+02
[21,]   21 0.0003364457 0.0043717386 2465.003 -2.661743e+03  3.252514e+02
[22,]   22 0.0003509821 0.0040667872 2464.965 -1.401928e+03 -2.643162e+02
[23,]   23 0.0003979021 0.0042691982 2464.944  2.359044e+02  6.258722e+01
[24,]   24 0.0003908346 0.0042319960 2464.939  4.203027e+01  8.801895e+00
[25,]   25 0.0003893952 0.0042255731 2464.938 -9.360008e-01 -5.657376e-01
[26,]   26 0.0003894364 0.0042259161 2464.938  4.098682e-02 -4.284557e-03
[27,]   27 0.0003893953 0.0042255739 2464.938 -9.338892e-01 -5.645241e-01
[28,]   28 0.0003893952 0.0042255731 2464.938 -9.359961e-01 -5.657350e-01
[29,]   29 0.0003893952 0.0042255731 2464.938 -9.360009e-01 -5.657376e-01
[30,]   30 0.0003893952 0.0042255731 2464.938 -9.360009e-01 -5.657376e-01
[31,]   31 0.0003893952 0.0042255731 2464.938 -9.360009e-01 -5.657376e-01
[32,]   32 0.0003893952 0.0042255731 2464.938 -9.360009e-01 -5.657376e-01
[33,]   33 0.0003893952 0.0042255731 2464.938 -9.360009e-01 -5.657376e-01
[34,]   34 0.0003893952 0.0042255731 2464.938 -9.360009e-01 -5.657376e-01
[35,]   35 0.0003893952 0.0042255731 2464.938 -9.360009e-01 -5.657376e-01
[36,]   36 0.0003893952 0.0042255731 2464.938 -9.360009e-01 -5.657376e-01
[37,]   37 0.0003893952 0.0042255731 2464.938 -9.360009e-01 -5.657376e-01

