[22;0t]0;IPython: scripts/01_msprime_simulations$par
[1] 0.08775033 0.48698357

$value
[1] -53639

$counts
function gradient 
      31       31 

$convergence
[1] 0

$message
[1] "CONVERGENCE: REL_REDUCTION_OF_F <= FACTR*EPSMCH"

$loginfo
      step       par1       par2        fn           gr1           gr2
 [1,]    1 0.10000000  0.0100000 116035.43  6.553126e+04 -2.961124e+06
 [2,]    2 0.00000100 10.0000000  61421.91 -9.526207e+06  3.923118e+02
 [3,]    3 1.50948662 10.0000000  60881.67  2.121074e+03  3.180472e+02
 [4,]    4 0.50250236 10.0000000  58725.99  1.938026e+03  3.935183e+02
 [5,]    5 0.16745589 10.0000000  58267.93  9.007084e+01  4.360079e+02
 [6,]    6 0.16745431  9.9985000  58267.27  9.020515e+01  4.360075e+02
 [7,]    7 0.16744801  9.9924999  58264.66  9.074167e+01  4.360049e+02
 [8,]    8 0.16742279  9.9684996  58254.19  9.288758e+01  4.359856e+02
 [9,]    9 0.16732190  9.8724983  58212.33  1.015420e+02  4.358265e+02
[10,]   10 0.16691834  9.4884930  58044.97  1.451559e+02  4.358775e+02
[11,]   11 0.16530410  7.9524720  57377.20  4.644351e+02  4.221620e+02
[12,]   12 0.15884717  1.8083878  54786.92  1.753752e+03  6.397203e+02
[13,]   13 0.15694670  0.0000010 414514.18  0.000000e+00 -1.491532e+09
[14,]   14 0.15821223  1.2042193  54320.21  1.294066e+03  9.360110e+02
[15,]   15 0.15736871  0.4015683  53903.39  3.629584e+03 -3.297254e+03
[16,]   16 0.16626003  8.8776213  57777.38  2.734877e+02  4.409239e+02
[17,]   17 0.15982764  2.7456518  55303.71  1.772147e+03  4.614958e+02
[18,]   18 0.15800637  1.0094440  54125.96  1.091186e+03  1.050209e+03
[19,]   19 0.15756953  0.5930052  53724.99  1.426256e+03  4.220701e+02
[20,]   20 0.15751644  0.5711724  53717.59  1.541024e+03  2.422146e+02
[21,]   21 0.15741209  0.5412483  53714.59  1.736358e+03 -6.643129e+01
[22,]   22 0.15740219  0.5470957  53714.39  1.693839e+03  5.031252e-01
[23,]   23 0.05168259  0.4801454  53704.11 -4.648389e+03  4.533003e+02
[24,]   24 0.12782474  0.5283648  53669.51  1.275174e+03  2.640266e+01
[25,]   25 0.03221772  0.4582354  53841.89 -1.192613e+04  6.107050e+02
[26,]   26 0.09453853  0.5039488  53640.65  2.158028e+02  1.030504e+02
[27,]   27 0.08403599  0.4853342  53639.43 -2.498242e+02  3.235911e+01
[28,]   28 0.08818302  0.4866139  53639.01  3.518305e+01 -1.010647e+01
[29,]   29 0.08778369  0.4870651  53639.00  1.394435e+00  6.872019e-01
[30,]   30 0.08775033  0.4869836  53639.00  1.902803e-01  1.855100e-01

