[22;0t]0;IPython: scripts/01_msprime_simulations$par
[1] 0.84114645 0.01059991

$value
[1] -5820.431

$counts
function gradient 
      16       16 

$convergence
[1] 0

$message
[1] "CONVERGENCE: REL_REDUCTION_OF_F <= FACTR*EPSMCH"

$loginfo
      step       par1        par2        fn           gr1           gr2
 [1,]    1  0.1000000 0.010000000  5839.113 -1.830237e+02  7.573839e+02
 [2,]    2 10.0000000 0.000001000 14491.005  5.335170e-01 -4.831206e+07
 [3,]    3  3.7654746 0.006297871  5941.483  1.155776e+00 -6.645724e+04
 [4,]    4  1.2013033 0.008887684  5835.135  2.161067e+00 -1.789117e+04
 [5,]    5  2.0393698 0.018404653  5999.990  7.980629e+00  3.797755e+04
 [6,]    6  1.3675256 0.010775281  5821.080  1.405841e+00  1.421945e+03
 [7,]    7  1.3447376 0.010623315  5820.930  1.395883e+00  1.305041e+02
 [8,]    8  1.3293392 0.010583446  5820.910  1.390955e+00 -2.141218e+02
 [9,]    9  1.2965799 0.010546536  5820.878  1.376917e+00 -5.340353e+02
[10,]   10  1.1736918 0.010472546  5820.777  1.276191e+00 -1.170800e+03
[11,]   11  0.9315428 0.010400603  5820.633  6.436784e-01 -1.741793e+03
[12,]   12  0.8425159 0.010445709  5820.531  8.146681e-02 -1.307592e+03
[13,]   13  0.8586878 0.010619188  5820.433  1.274558e-01  1.553526e+02
[14,]   14  0.8357322 0.010600079  5820.431 -4.369344e-02  4.576354e+00
[15,]   15  0.8417471 0.010599323  5820.431  5.213215e-03 -4.073727e+00
[16,]   16  0.8411464 0.010599908  5820.431  2.002389e-04  1.036336e+00

