[22;0t]0;IPython: scripts/01_msprime_simulations$par
[1] 1.361455e-05 5.916159e-03

$value
[1] -4504.804

$counts
function gradient 
      37       37 

$convergence
[1] 0

$message
[1] "CONVERGENCE: REL_REDUCTION_OF_F <= FACTR*EPSMCH"

$loginfo
      step         par1        par2       fn         gr1           gr2
 [1,]    1 1.000000e-01 0.010000000 4615.806     39.8259  1.139103e+04
 [2,]    2 1.000000e-06 0.000001000 9838.869 123759.6963 -3.610752e+07
 [3,]    3 6.663293e-02 0.006663593 4606.058    179.2508 -1.138678e+04
 [4,]    4 7.987710e-02 0.008149971 4601.528     72.5477  2.006817e+03
 [5,]    5 7.595039e-02 0.007824240 4600.928     89.2866 -3.170905e+02
 [6,]    6 7.310848e-02 0.007697347 4600.757    100.1416 -1.242415e+03
 [7,]    7 6.487491e-02 0.007463574 4600.281    133.6439 -2.875591e+03
 [8,]    8 1.000000e-06 0.005915835 4506.786  -7024.1616  5.381154e+03
 [9,]    9 6.426876e-02 0.007449113 4600.242    136.4315 -2.972452e+03
[10,]   10 3.213488e-02 0.006682474 4595.849    482.9462 -7.372309e+03
[11,]   11 6.026710e-03 0.006059594 4565.709   3946.6767 -5.137557e+03
[12,]   12 1.000000e-06 0.005915835 4506.786  -7024.1616  5.381154e+03
[13,]   13 6.440665e-02 0.007568654 4599.967    130.1300 -1.948531e+03
[14,]   14 1.518765e-02 0.006305565 4584.993   1360.1926 -7.221342e+03
[15,]   15 2.118054e-03 0.005970164 4541.894  10103.5264 -2.819998e+03
[16,]   16 1.455808e-04 0.005919545 4507.286  26562.8790 -1.227385e+03
[17,]   17 6.060093e-05 0.005917365 4505.151  25647.8204  4.848572e+01
[18,]   18 1.361455e-05 0.005916159 4504.804  16086.8715  3.719987e+03
[19,]   19 5.288947e-06 0.005915945 4505.346   8479.5396  4.804653e+03
[20,]   20 1.331928e-05 0.005916151 4504.812  15925.3317  3.756851e+03
[21,]   21 1.361455e-05 0.005916159 4504.804  16086.8715  3.719987e+03
[22,]   22 1.000000e-06 0.005867247 4506.483  -3702.4714  5.895384e+03
[23,]   23 1.319979e-05 0.005914551 4504.808  15945.5554  3.814351e+03
[24,]   24 1.355623e-05 0.005915933 4504.804  16067.3816  3.733308e+03
[25,]   25 1.360619e-05 0.005916126 4504.804  16084.0838  3.721898e+03
[26,]   26 1.361335e-05 0.005916154 4504.804  16086.4708  3.720262e+03
[27,]   27 1.361438e-05 0.005916158 4504.804  16086.8139  3.720026e+03
[28,]   28 1.361452e-05 0.005916159 4504.804  16086.8632  3.719993e+03
[29,]   29 1.361455e-05 0.005916159 4504.804  16086.8703  3.719988e+03
[30,]   30 1.361455e-05 0.005916159 4504.804  16086.8713  3.719987e+03
[31,]   31 1.361455e-05 0.005916159 4504.804  16086.8715  3.719987e+03
[32,]   32 1.361455e-05 0.005916159 4504.804  16086.8715  3.719987e+03
[33,]   33 1.361455e-05 0.005916159 4504.804  16086.8715  3.719987e+03
[34,]   34 1.361455e-05 0.005916159 4504.804  16086.8715  3.719987e+03
[35,]   35 1.361455e-05 0.005916159 4504.804  16086.8715  3.719987e+03
[36,]   36 1.361455e-05 0.005916159 4504.804  16086.8715  3.719987e+03
[37,]   37 1.361455e-05 0.005916159 4504.804  16086.8715  3.719987e+03

