[22;0t]0;IPython: scripts/01_msprime_simulations$par
[1] 0.000001000 0.002717254

$value
[1] -79.95661

$counts
function gradient 
      18       18 

$convergence
[1] 0

$message
[1] "CONVERGENCE: REL_REDUCTION_OF_F <= FACTR*EPSMCH"

$loginfo
      step  par1         par2          fn       gr1           gr2
 [1,]    1 1e-01  0.010000000   320.87017  2247.874  2.970627e+03
 [2,]    2 1e-06  0.000001000    87.43009 38581.559 -1.403992e+05
 [3,]    3 1e-06 10.000000000 24349.66505  2416.088  2.324007e+03
 [4,]    4 1e-06  3.248290200  8167.22691  2415.992  2.469382e+03
 [5,]    5 1e-06  1.054783917  2701.11071  2415.555  2.512927e+03
 [6,]    6 1e-06  0.342606636   909.04872  2414.031  2.514740e+03
 [7,]    7 1e-06  0.111406833   330.19543  2409.240  2.477407e+03
 [8,]    8 1e-06  0.036332466   147.27009  2394.541  2.349220e+03
 [9,]    9 1e-06  0.011932107    93.03496  2349.568  1.955760e+03
[10,]   10 1e-06  0.003979118    80.50144  2174.621  7.831786e+02
[11,]   11 1e-06  0.003957051    80.48426  2172.640  7.733694e+02
[12,]   12 1e-06  0.003868780    80.41773  2164.363  7.330203e+02
[13,]   13 1e-06  0.003515696    80.18977  2124.463  5.516532e+02
[14,]   14 1e-06  0.002411504    79.99003  1943.933 -1.942730e+02
[15,]   15 1e-06  0.002699086    79.95675  1975.394 -1.393662e+01
[16,]   16 1e-06  0.002721310    79.95662  1979.972  3.123023e+00
[17,]   17 1e-06  0.002717242    79.95661  1979.127 -9.301913e-03
[18,]   18 1e-06  0.002717254    79.95661  1979.129 -5.582663e-06

