[22;0t]0;IPython: scripts/01_msprime_simulations$par
[1] 0.000001000 0.002340919

$value
[1] -70.31544

$counts
function gradient 
      28       28 

$convergence
[1] 0

$message
[1] "CONVERGENCE: REL_REDUCTION_OF_F <= FACTR*EPSMCH"

$loginfo
      step  par1         par2          fn        gr1           gr2
 [1,]    1 1e-01  0.010000000   314.46980  2257.5979  3.133900e+03
 [2,]    2 1e-06  0.000001000    80.92231 27919.3579 -1.245399e+05
 [3,]    3 1e-06 10.000000000 24348.37592  2416.0985  2.324115e+03
 [4,]    4 1e-06  3.237790877  8138.82868  2416.0732  2.469922e+03
 [5,]    5 1e-06  1.047922733  2680.25233  2415.9825  2.513997e+03
 [6,]    6 1e-06  0.339266703   895.89982  2415.6885  2.517568e+03
 [7,]    7 1e-06  0.109973810   320.76730  2414.7652  2.485721e+03
 [8,]    8 1e-06  0.035767147   138.94055  2410.7380  2.374154e+03
 [9,]    9 1e-06  0.011730195    84.52368  2374.0295  2.030928e+03
[10,]   10 1e-06  0.003923321    71.24544  1906.1684  1.013279e+03
[11,]   11 1e-06  0.003891666    71.21355  1896.5761  1.000841e+03
[12,]   12 1e-06  0.003765046    71.09002  1855.5731  9.490021e+02
[13,]   13 1e-06  0.003258563    70.66881  1637.3730  7.014879e+02
[14,]   14 1e-06  0.001762946    70.47460  -110.6964 -4.665515e+02
[15,]   15 1e-06  0.002228618    70.32170   659.6749 -1.128735e+02
[16,]   16 1e-06  0.002377234    70.31612   871.2450  3.561647e+01
[17,]   17 1e-06  0.002341587    70.31544   823.1823  6.552443e-01
[18,]   18 1e-06  0.002340919    70.31544   822.2653 -4.834409e-03
[19,]   19 1e-06  0.002340924    70.31544   822.2721  5.532996e-07
[20,]   20 1e-06  0.002340919    70.31544   822.2654 -4.828495e-03
[21,]   21 1e-06  0.002340919    70.31544   822.2653 -4.834431e-03
[22,]   22 1e-06  0.002340919    70.31544   822.2653 -4.834412e-03
[23,]   23 1e-06  0.002340919    70.31544   822.2654 -4.831481e-03
[24,]   24 1e-06  0.002340919    70.31544   822.2653 -4.834418e-03
[25,]   25 1e-06  0.002340919    70.31544   822.2653 -4.834412e-03
[26,]   26 1e-06  0.002340919    70.31544   822.2653 -4.834412e-03
[27,]   27 1e-06  0.002340919    70.31544   822.2653 -4.834462e-03
[28,]   28 1e-06  0.002340919    70.31544   822.2653 -4.834412e-03

