[22;0t]0;IPython: scripts/01_msprime_simulations$par
[1] 0.047092548 0.000964998

$value
[1] -764.1056

$counts
function gradient 
      20       20 

$convergence
[1] 0

$message
[1] "CONVERGENCE: REL_REDUCTION_OF_F <= FACTR*EPSMCH"

$loginfo
      step        par1         par2        fn           gr1           gr2
 [1,]    1 0.100000000 0.0100000000  983.8969  1.528494e+03  6.378345e+03
 [2,]    2 0.000001000 0.0000010000 1199.8197  1.155587e+05 -4.031146e+06
 [3,]    3 0.054465316 0.0054469415  879.5503  9.456718e+02  1.526758e+04
 [4,]    4 0.019013211 0.0019020500  783.4966 -9.423540e+00  2.677220e+04
 [5,]    5 0.007514097 0.0007522421  767.7768 -2.404069e+02 -1.456625e+04
 [6,]    6 0.024374886 0.0068213180  855.5025  1.552201e+03  3.272329e+03
 [7,]    7 0.009683872 0.0015332572  775.3357 -2.303732e+02  2.171505e+04
 [8,]    8 0.008002081 0.0009278930  766.7812 -3.502297e+02  2.233278e+03
 [9,]    9 0.012474033 0.0009439501  765.6748 -1.850402e+02  1.685082e+03
[10,]   10 0.017336305 0.0009489894  765.0054 -1.037920e+02  9.097285e+02
[11,]   11 0.023561543 0.0009563529  764.5396 -5.437027e+01  5.583020e+02
[12,]   12 0.030369560 0.0009623483  764.2783 -2.679086e+01  4.277889e+02
[13,]   13 0.036900455 0.0009645734  764.1578 -1.192805e+01  2.560791e+02
[14,]   14 0.037533308 0.0005689925  773.8331  2.775043e+01 -6.353843e+04
[15,]   15 0.036906314 0.0009609115  764.1560 -1.176170e+01 -5.950795e+01
[16,]   16 0.042129127 0.0009641368  764.1158 -4.570397e+00  3.735872e+01
[17,]   17 0.045419697 0.0009650282  764.1067 -1.345048e+00  3.540127e+01
[18,]   18 0.046782118 0.0009649595  764.1056 -2.350833e-01  2.335120e+00
[19,]   19 0.047072005 0.0009649995  764.1056 -1.563105e-02  5.080189e-01
[20,]   20 0.047092548 0.0009649980  764.1056 -1.980095e-04 -4.025101e-03

