[22;0t]0;IPython: scripts/01_msprime_simulations$par
[1] 0.0012378623 0.0007905777

$value
[1] -721.8702

$counts
function gradient 
      62       62 

$convergence
[1] 52

$message
[1] "ERROR: ABNORMAL_TERMINATION_IN_LNSRCH"

$loginfo
      step         par1         par2        fn           gr1           gr2
 [1,]    1 0.1000000000 0.0100000000  938.8934  1.642699e+03  5.660050e+03
 [2,]    2 0.0000010000 0.0000010000 1131.6740  1.112539e+05 -3.800394e+06
 [3,]    3 0.0536311998 0.0053635373  834.7189  1.042417e+03  1.362919e+04
 [4,]    4 0.0187312986 0.0018738613  740.6368  2.310693e+02  2.390556e+04
 [5,]    5 0.0074312664 0.0007439598  724.2593  2.350060e+02 -1.401195e+04
 [6,]    6 0.0053021468 0.0063833506  756.7491  4.135019e+03 -1.325971e+02
 [7,]    7 0.0070554929 0.0017392696  734.5339  4.321881e+02  1.754327e+04
 [8,]    8 0.0073592726 0.0009346495  723.4198  1.199160e+02  2.474925e+03
 [9,]    9 0.0032870144 0.0008781206  722.5133  2.839768e+02  1.504171e+03
[10,]   10 0.0000010000 0.0008325058  727.9555 -2.504350e+04  1.377284e+03
[11,]   11 0.0021515906 0.0008623592  722.1469  2.805317e+02  1.884422e+03
[12,]   12 0.0009212123 0.0008452797  722.0729 -7.007828e+02  2.946785e+03
[13,]   13 0.0017611935 0.0008569399  722.0357  2.088750e+02  2.140889e+03
[14,]   14 0.0013063502 0.0008506260  721.9701 -4.777846e+01  2.533882e+03
[15,]   15 0.0017079021 0.0006987251  722.3161  6.115391e+02 -8.219910e+03
[16,]   16 0.0014321733 0.0008030291  721.8925  1.453959e+02  1.401769e+02
[17,]   17 0.0000010000 0.0006841961  727.7664 -2.607594e+04  1.075570e+03
[18,]   18 0.0010531398 0.0007715572  721.8832 -2.195846e+02 -4.040649e+02
[19,]   19 0.0012870589 0.0007909799  721.8719  5.218333e+01 -1.153489e+02
[20,]   20 0.0012215049 0.0007906973  721.8704 -1.959311e+01  5.144095e+01
[21,]   21 0.0012390323 0.0007906265  721.8703  1.240808e+00 -1.009438e+00
[22,]   22 0.0012378623 0.0007905777  721.8702  2.220655e-02 -2.429375e-01
[23,]   23 0.0012378536 0.0007905825  721.8702 -3.689649e-04  2.355498e-02
[24,]   24 0.0012378623 0.0007905777  721.8702  2.220394e-02 -2.429070e-01
[25,]   25 0.0012378623 0.0007905777  721.8702  2.220654e-02 -2.429375e-01
[26,]   26 0.0012378623 0.0007905777  721.8702  2.220655e-02 -2.429375e-01
[27,]   27 0.0012378623 0.0007905777  721.8702  2.220653e-02 -2.429375e-01
[28,]   28 0.0012378623 0.0007905777  721.8702  2.220655e-02 -2.429375e-01
[29,]   29 0.0012378623 0.0007905777  721.8702  2.220652e-02 -2.429375e-01
[30,]   30 0.0012378623 0.0007905777  721.8702  2.220652e-02 -2.429375e-01
[31,]   31 0.0012378623 0.0007905777  721.8702  2.220652e-02 -2.429375e-01
[32,]   32 0.0012378623 0.0007905777  721.8702  2.220652e-02 -2.429375e-01
[33,]   33 0.0012378623 0.0007905777  721.8702  2.220652e-02 -2.429375e-01
[34,]   34 0.0012378623 0.0007905777  721.8702  2.220653e-02 -2.429375e-01
[35,]   35 0.0012378623 0.0007905777  721.8702  2.220652e-02 -2.429375e-01
[36,]   36 0.0000010000 0.2437280597 1087.5042  2.413096e+03  2.163268e+03
[37,]   37 0.0012377987 0.0008030631  721.8792 -3.149864e+01  6.173851e+02
[38,]   38 0.0012378623 0.0007905787  721.8702  1.958872e-02 -1.927832e-01
[39,]   39 0.0012378623 0.0007905777  721.8702  2.220630e-02 -2.429327e-01
[40,]   40 0.0012378623 0.0007905777  721.8702  2.220655e-02 -2.429375e-01
[41,]   41 0.0012378623 0.0007905777  721.8702  2.220655e-02 -2.429375e-01
[42,]   42 0.0012378623 0.0007905777  721.8702  2.220642e-02 -2.429351e-01
[43,]   43 0.0012378623 0.0007905777  721.8702  2.220655e-02 -2.429375e-01
[44,]   44 0.0012378623 0.0007905777  721.8702  2.220651e-02 -2.429363e-01
[45,]   45 0.0012378623 0.0007905777  721.8702  2.220655e-02 -2.429375e-01
[46,]   46 0.0012378623 0.0007905777  721.8702  2.220655e-02 -2.429375e-01
[47,]   47 0.0012378623 0.0007905777  721.8702  2.220648e-02 -2.429369e-01
[48,]   48 0.0012378623 0.0007905777  721.8702  2.220655e-02 -2.429375e-01
[49,]   49 0.0012378623 0.0007905777  721.8702  2.220655e-02 -2.429375e-01
[50,]   50 0.0012378623 0.0007905777  721.8702  2.220650e-02 -2.429372e-01
[51,]   51 0.0012378623 0.0007905777  721.8702  2.220655e-02 -2.429375e-01
[52,]   52 0.0012378623 0.0007905777  721.8702  2.220655e-02 -2.429375e-01
[53,]   53 0.0012378623 0.0007905777  721.8702  2.220651e-02 -2.429373e-01
[54,]   54 0.0012378623 0.0007905777  721.8702  2.220655e-02 -2.429375e-01

