[22;0t]0;IPython: scripts/01_msprime_simulations$par
[1] 8.860789e-05 1.360780e-04

$value
[1] -115.4828

$counts
function gradient 
      64       64 

$convergence
[1] 0

$message
[1] "CONVERGENCE: REL_REDUCTION_OF_F <= FACTR*EPSMCH"

$loginfo
      step         par1         par2         fn        gr1           gr2
 [1,]    1 1.000000e-01 1.000000e-02   355.5747  2241.1683    2647.60357
 [2,]    2 1.000000e-06 1.000000e-06   143.1832 44742.0008 -276122.28785
 [3,]    3 1.000000e-06 1.000000e+01 24354.8216  2416.0985    2323.57660
 [4,]    4 1.000000e-06 3.289576e+00  8278.9756  2416.0743    2467.25786
 [5,]    5 1.000000e-06 1.082009e+00  2783.8559  2415.9869    2508.76746
 [6,]    6 1.000000e-06 3.560049e-01   961.5521  2415.7090    2503.94607
 [7,]    7 1.000000e-06 1.172515e-01   367.9415  2414.8589    2446.26251
 [8,]    8 1.000000e-06 3.871922e-02   180.5836  2412.2862    2257.70228
 [9,]    9 1.000000e-06 1.286972e-02   126.9881  2404.5655    1687.63044
[10,]   10 1.000000e-06 1.279155e-02   126.8564  2404.4944    1682.40830
[11,]   11 1.000000e-06 1.247885e-02   126.3336  2404.2010    1660.86520
[12,]   12 1.000000e-06 1.122806e-02   124.3154  2402.8594    1562.68875
[13,]   13 1.000000e-06 6.224891e-03   118.0835  2391.2697     775.26520
[14,]   14 1.000000e-06 5.785706e-04   116.4097 10249.7974    1378.34651
[15,]   15 1.000000e-06 1.000000e-06   143.1832 44742.0008 -276122.28785
[16,]   16 1.000000e-06 5.785706e-04   116.4097 10249.7974    1378.34651
[17,]   17 1.000000e-06 1.000000e-06   143.1832 44742.0008 -276122.28785
[18,]   18 1.000000e-06 4.308952e-04   116.1855 10446.4368    1695.67023
[19,]   19 1.000000e-06 2.159476e-04   115.7589  5163.5041    2003.35319
[20,]   20 1.000000e-06 2.140061e-04   115.7546  5044.8535    1989.57988
[21,]   21 1.000000e-06 2.124943e-04   115.7512  4951.1863    1977.99508
[22,]   22 1.000000e-06 1.067472e-04   115.5695 -3891.5345  -43569.18665
[23,]   23 1.000000e-06 2.079020e-04   115.7409  4659.7460    1937.73195
[24,]   24 1.000000e-06 1.387082e-04   115.5996  -938.8081   -2094.29056
[25,]   25 1.000000e-06 1.067472e-04   115.5695 -3891.5345  -43569.18665
[26,]   26 1.000000e+01 1.000000e+01 47317.0598  2177.1662    2328.17362
[27,]   27 2.902180e+00 2.902255e+00 14220.9513  2339.2364    2480.60532
[28,]   28 8.405450e-01 8.406419e-01  4195.2915  2385.1905    2517.03078
[29,]   29 2.436934e-01 2.437966e-01  1267.4483  2397.5252    2498.58570
[30,]   30 7.097319e-02 7.107819e-02   426.9236  2399.7868    2394.04556
[31,]   31 2.090731e-02 2.101283e-02   192.5214  2396.4328    2030.78609
[32,]   32 6.299991e-03 6.405672e-03   133.2664  2382.1109     852.72614
[33,]   33 1.939649e-03 2.045375e-03   124.0946  2415.8363   -2444.41502
[34,]   34 5.460393e-04 6.517807e-04   120.8150  5923.2303    1286.56753
[35,]   35 1.384938e-04 2.442395e-04   116.6564  4289.7264    8578.57652
[36,]   36 3.959055e-05 1.453373e-04   115.5926  -126.7248    2882.51193
[37,]   37 1.391228e-05 1.196593e-04   115.5100 -2189.8536  -10098.48504
[38,]   38 1.965122e-05 1.241081e-04   115.5046 -1699.5552   -6037.69599
[39,]   39 3.160230e-05 1.316816e-04   115.5125  -973.0196   -1491.94502
[40,]   40 2.243018e-05 1.258691e-04   115.5037 -1511.3580   -4779.84817
[41,]   41 3.721872e-05 1.336875e-04   115.5149  -775.7608    -590.21608
[42,]   42 2.565267e-05 1.275728e-04   115.5029 -1328.6865   -3701.17015
[43,]   43 4.172573e-05 1.346659e-04   115.5146  -665.2071    -183.80144
[44,]   44 2.892972e-05 1.290190e-04   115.5024 -1173.0171   -2874.34552
[45,]   45 4.636250e-05 1.354134e-04   115.5137  -574.0688     109.73419
[46,]   46 3.231079e-05 1.302591e-04   115.5020 -1037.9986   -2222.06950
[47,]   47 5.174948e-05 1.358408e-04   115.5104  -498.0298     254.40564
[48,]   48 3.620177e-05 1.313764e-04   115.5011  -910.8548   -1677.85781
[49,]   49 5.867500e-05 1.360830e-04   115.5050  -424.2953     294.59069
[50,]   50 4.139219e-05 1.324634e-04   115.4991  -776.8564   -1191.43897
[51,]   51 6.802674e-05 1.360784e-04   115.4966  -352.1389     176.59457
[52,]   52 8.860789e-05 1.360780e-04   115.4828  -235.8146    -139.47110
[53,]   53 1.417322e-04 1.402745e-04   115.5170  -199.9328    1385.06961
[54,]   54 9.134697e-05 1.362944e-04   115.4836  -217.8349     -69.77027
[55,]   55 8.883212e-05 1.360957e-04   115.4828  -234.3036    -133.80655
[56,]   56 8.862685e-05 1.360795e-04   115.4828  -235.6865    -138.99224
[57,]   57 8.860950e-05 1.360781e-04   115.4828  -235.8038    -139.43048
[58,]   58 8.860802e-05 1.360780e-04   115.4828  -235.8137    -139.46765
[59,]   59 8.860790e-05 1.360780e-04   115.4828  -235.8145    -139.47081
[60,]   60 8.860789e-05 1.360780e-04   115.4828  -235.8146    -139.47107
[61,]   61 8.860789e-05 1.360780e-04   115.4828  -235.8146    -139.47110
[62,]   62 8.860789e-05 1.360780e-04   115.4828  -235.8146    -139.47110
[63,]   63 8.860789e-05 1.360780e-04   115.4828  -235.8146    -139.47110
[64,]   64 8.860789e-05 1.360780e-04   115.4828  -235.8146    -139.47110

