[22;0t]0;IPython: scripts/01_msprime_simulations$par
[1] 0.0000010000 0.0001099656

$value
[1] -115.5885

$counts
function gradient 
      89       89 

$convergence
[1] 52

$message
[1] "ERROR: ABNORMAL_TERMINATION_IN_LNSRCH"

$loginfo
      step  par1         par2         fn       gr1          gr2
 [1,]    1 1e-01 1.000000e-02   355.3947  2237.503    2738.1691
 [2,]    2 1e-06 1.000000e-06   143.2073 53478.862 -276152.8475
 [3,]    3 1e-06 1.000000e+01 24354.8216  2416.099    2323.5766
 [4,]    4 1e-06 3.289581e+00  8278.9875  2416.074    2467.2576
 [5,]    5 1e-06 1.082012e+00  2783.8639  2415.987    2508.7675
 [6,]    6 1e-06 3.560065e-01   961.5561  2415.709    2503.9462
 [7,]    7 1e-06 1.172522e-01   367.9433  2414.859    2446.2631
 [8,]    8 1e-06 3.871956e-02   180.5844  2412.284    2257.7048
 [9,]    9 1e-06 1.286990e-02   126.9884  2403.207    1687.6425
[10,]   10 1e-06 1.279173e-02   126.8567  2403.103    1682.4210
[11,]   11 1e-06 1.247906e-02   126.3340  2402.669    1660.8805
[12,]   12 1e-06 1.122838e-02   124.3159  2400.566    1562.7176
[13,]   13 1e-06 6.225659e-03   118.0841  2373.490     775.4930
[14,]   14 1e-06 5.768482e-04   116.4073 10039.065    1379.7560
[15,]   15 1e-06 1.000000e-06   143.2073 53478.862 -276152.8475
[16,]   16 1e-06 5.768482e-04   116.4073 10039.065    1379.7560
[17,]   17 1e-06 1.000000e-06   143.2073 53478.862 -276152.8475
[18,]   18 1e-06 4.299088e-04   116.1842 10559.908    1691.8351
[19,]   19 1e-06 2.154544e-04   115.7625  7966.651    1922.4048
[20,]   20 1e-06 2.136115e-04   115.7585  7899.252    1906.9273
[21,]   21 1e-06 2.123170e-04   115.7557  7851.166    1895.3373
[22,]   22 1e-06 1.066585e-04   115.5889  2102.242  -44250.5883
[23,]   23 1e-06 2.079773e-04   115.7463  7685.443    1851.7786
[24,]   24 1e-06 1.388605e-04   115.6121  4084.348   -2385.0052
[25,]   25 1e-06 1.066585e-04   115.5889  2102.242  -44250.5883
[26,]   26 1e-06 1.000000e+01 24354.8216  2416.099    2323.5766
[27,]   27 1e-06 3.079824e+00  7761.0058  2416.071    2471.6181
[28,]   28 1e-06 9.477926e-01  2447.0330  2415.968    2510.2689
[29,]   29 1e-06 2.921173e-01   801.7378  2415.618    2498.5888
[30,]   30 1e-06 9.048486e-02   302.7948  2414.484    2419.0974
[31,]   31 1e-06 2.838155e-02   157.7227  2410.861    2154.4489
[32,]   32 1e-06 9.147215e-03   121.2797  2394.941    1339.8518
[33,]   33 1e-06 3.080880e-03   117.8059  2227.403    -918.1071
[34,]   34 1e-06 1.056028e-03   116.9075  7434.416     710.4236
[35,]   35 1e-06 4.067464e-04   116.1446 10566.865    1750.4678
[36,]   36 1e-06 2.007297e-04   115.7306  7392.831    1760.2493
[37,]   37 1e-06 1.365873e-04   115.6090  3940.637   -2811.9462
[38,]   38 1e-06 1.160439e-04   115.5898  2646.672  -14079.6779
[39,]   39 1e-06 1.093232e-04   115.5885  2250.643  -30953.9947
[40,]   40 1e-06 1.155264e-04   115.5895  2615.298  -14896.5949
[41,]   41 1e-06 1.109447e-04   115.5885  2343.643  -25294.1300
[42,]   42 1e-06 1.096922e-04   115.5885  2271.639  -29539.3420
[43,]   43 1e-06 1.105189e-04   115.5885  2319.039  -26648.4753
[44,]   44 1e-06 1.098738e-04   115.5885  2282.012  -28872.3353
[45,]   45 1e-06 1.102995e-04   115.5885  2306.417  -27380.2808
[46,]   46 1e-06 1.099656e-04   115.5885  2287.265  -28542.2349
[47,]   47 1e-06 1.101860e-04   115.5885  2299.896  -27768.7293
[48,]   48 1e-06 1.100127e-04   115.5885  2289.960  -28374.8219
[49,]   49 1e-06 1.099656e-04   115.5885  2287.265  -28542.2349
[50,]   50 1e-06 1.175690e-04   115.5905  2739.800  -11974.1447
[51,]   51 1e-06 1.119979e-04   115.5886  2405.001  -22285.6542
[52,]   52 1e-06 1.104336e-04   115.5885  2314.128  -26930.0959
[53,]   53 1e-06 1.100667e-04   115.5885  2293.055  -28184.1932
[54,]   54 1e-06 1.099871e-04   115.5885  2288.492  -28465.8230
[55,]   55 1e-06 1.099702e-04   115.5885  2287.524  -28526.0663
[56,]   56 1e-06 1.099666e-04   115.5885  2287.320  -28538.8199
[57,]   57 1e-06 1.099658e-04   115.5885  2287.277  -28541.5139
[58,]   58 1e-06 1.099657e-04   115.5885  2287.267  -28542.0827
[59,]   59 1e-06 1.099656e-04   115.5885  2287.266  -28542.2028
[60,]   60 1e-06 1.099656e-04   115.5885  2287.265  -28542.2281
[61,]   61 1e-06 1.099656e-04   115.5885  2287.265  -28542.2335
[62,]   62 1e-06 1.099656e-04   115.5885  2287.265  -28542.2346
[63,]   63 1e-06 1.099656e-04   115.5885  2287.265  -28542.2348
[64,]   64 1e-06 1.099656e-04   115.5885  2287.265  -28542.2349
[65,]   65 1e-06 1.099656e-04   115.5885  2287.265  -28542.2349
[66,]   66 1e-06 1.099656e-04   115.5885  2287.265  -28542.2349
[67,]   67 1e-06 1.099656e-04   115.5885  2287.265  -28542.2349
[68,]   68 1e-06 1.099656e-04   115.5885  2287.265  -28542.2349
[69,]   69 1e-06 1.099656e-04   115.5885  2287.265  -28542.2349
[70,]   70 1e-06 1.000000e+01 24354.8216  2416.099    2323.5766
[71,]   71 1e-06 2.957848e+00  7459.3719  2416.069    2474.1394
[72,]   72 1e-06 8.739076e-01  2261.5372  2415.955    2510.9067
[73,]   73 1e-06 2.588347e-01   718.6436  2415.552    2494.4763
[74,]   74 1e-06 7.728720e-02   270.9963  2414.203    2398.6277
[75,]   75 1e-06 2.355462e-02   147.5029  2409.733    2075.1297
[76,]   76 1e-06 7.495993e-03   119.2714  2386.357    1074.9536
[77,]   77 1e-06 2.533293e-03   118.2735  3002.489    -364.6725
[78,]   78 1e-06 8.549630e-04   116.7344  8499.644    1001.3533
[79,]   79 1e-06 3.378881e-04   116.0181 10330.388    1930.8273
[80,]   80 1e-06 1.792327e-04   115.6851  6404.110    1277.3451
[81,]   81 1e-06 1.314510e-04   115.6025  3614.157   -3914.2577
[82,]   82 1e-06 1.163729e-04   115.5899  2666.677  -13588.8491
[83,]   83 1e-06 1.116381e-04   115.5886  2383.958  -23262.5603
[84,]   84 1e-06 1.103455e-04   115.5885  2309.060  -27224.8248
[85,]   85 1e-06 1.100474e-04   115.5885  2291.946  -28252.3005
[86,]   86 1e-06 1.099830e-04   115.5885  2288.257  -28480.4862
[87,]   87 1e-06 1.099693e-04   115.5885  2287.474  -28529.1748
[88,]   88 1e-06 1.099664e-04   115.5885  2287.309  -28539.4767
[89,]   89 1e-06 1.099658e-04   115.5885  2287.274  -28541.6526

