[22;0t]0;IPython: scripts/01_msprime_simulations$par
[1] 0.001263397 0.366111761

$value
[1] -17973.15

$counts
function gradient 
      43       43 

$convergence
[1] 0

$message
[1] "CONVERGENCE: REL_REDUCTION_OF_F <= FACTR*EPSMCH"

$loginfo
      step         par1       par2       fn           gr1           gr2
 [1,]    1 0.1000000000  0.0100000 21731.00  8.638772e+03 -3.295803e+05
 [2,]    2 0.0000010000 10.0000000 30782.42  2.416087e+03  1.786942e+03
 [3,]    3 0.0667607166  3.3306376 20278.64  2.549306e+03  1.261696e+03
 [4,]    4 0.0410755198  3.3177574 20197.90  2.457719e+03  1.262019e+03
 [5,]    5 0.0000010000  3.2971601 20142.38 -3.196535e+05  1.270804e+03
 [6,]    6 0.0406814148  3.3175598 20196.69  2.455469e+03  1.262050e+03
 [7,]    7 0.0135135717  3.3039361 20116.77  2.007562e+03  1.269445e+03
 [8,]    8 0.0000010000  3.2553388 20089.03 -3.202737e+05  1.274811e+03
 [9,]    9 0.0132379608  3.3029449 20114.96  1.994983e+03  1.269764e+03
[10,]   10 0.0066194804  3.2791419 20072.89  1.396883e+03  1.285298e+03
[11,]   11 0.0022633908  3.2634754 20050.07 -1.002033e+03  1.288627e+03
[12,]   12 0.0000010000  2.7783369 19532.22 -3.884944e+05  1.042698e+03
[13,]   13 0.0043103351  0.0000010 62604.33  1.024490e+05 -2.302409e+08
[14,]   14 0.0015407103  1.7856473 18680.55 -4.008443e+03  5.760066e+02
[15,]   15 0.0000010000  0.3049401 18063.18 -5.468600e+05 -4.554806e+02
[16,]   16 0.0009890299  1.2551078 18298.40 -7.696790e+03  6.760737e+02
[17,]   17 0.0002902620  0.5831173 18138.56 -4.141009e+04  1.205630e+03
[18,]   18 0.0001003611  0.4004936 18001.51 -7.991501e+04  4.545419e+02
[19,]   19 0.0002864406  0.0000010 62150.00  1.232443e+05 -2.302275e+08
[20,]   20 0.0001625644  0.2666155 18015.33 -7.700271e+04  3.809628e+02
[21,]   21 0.0001111258  0.3773250 17993.08 -1.691133e+05  1.945953e+02
[22,]   22 0.0012808900  0.0000010 62270.21  1.183871e+05 -2.302288e+08
[23,]   23 0.0005026286  0.2510402 17998.94 -1.417315e+04  6.822879e+02
[24,]   24 0.0001869152  0.3528780 17987.58 -6.394982e+04 -2.467337e+02
[25,]   25 0.0002159610  0.3624848 17984.67 -5.130944e+04 -4.456575e+01
[26,]   26 0.0002818318  0.3678557 17982.11 -3.562545e+04  5.659350e+01
[27,]   27 0.0003993470  0.3698289 17979.11 -2.182057e+04  7.798057e+01
[28,]   28 0.0005749380  0.3691911 17976.27 -1.202764e+04  5.948636e+01
[29,]   29 0.0007903998  0.3670343 17974.33 -5.977015e+03  2.493344e+01
[30,]   30 0.0010145825  0.3674642 17973.44 -2.487864e+03  2.131428e+01
[31,]   31 0.0011680682  0.3638612 17973.20 -7.606355e+02 -2.229453e+01
[32,]   32 0.0012168253  0.3649572 17973.16 -3.515539e+02 -1.076873e+01
[33,]   33 0.0012590344  0.3659702 17973.15 -3.109667e+01 -1.394144e+00
[34,]   34 0.0012633966  0.3661118 17973.15 -6.424913e-01 -1.369165e-01
[35,]   35 0.0012635640  0.3661254 17973.15  2.787505e-01 -9.908617e-03
[36,]   36 0.0012634127  0.3661131 17973.15 -5.540362e-01 -1.247270e-01
[37,]   37 0.0012633983  0.3661119 17973.15 -6.331313e-01 -1.356291e-01
[38,]   38 0.0012633968  0.3661118 17973.15 -6.415004e-01 -1.367777e-01
[39,]   39 0.0012633966  0.3661118 17973.15 -6.423992e-01 -1.369110e-01
[40,]   40 0.0012633966  0.3661118 17973.15 -6.424783e-01 -1.369186e-01
[41,]   41 0.0012633966  0.3661118 17973.15 -6.424848e-01 -1.369189e-01
[42,]   42 0.0012633966  0.3661118 17973.15 -6.424776e-01 -1.369189e-01
[43,]   43 0.0012633966  0.3661118 17973.15 -6.424783e-01 -1.369186e-01

