[22;0t]0;IPython: scripts/01_msprime_simulations$par
[1] 0.0005854214 0.0067764119

$value
[1] -4811.451

$counts
function gradient 
      24       24 

$convergence
[1] 0

$message
[1] "CONVERGENCE: REL_REDUCTION_OF_F <= FACTR*EPSMCH"

$loginfo
      step         par1        par2        fn           gr1           gr2
 [1,]    1 0.1000000000 0.010000000  4899.687  7.765532e+01  6.876906e+03
 [2,]    2 0.0000010000 0.000001000 10640.845  1.236800e+05 -3.910747e+07
 [3,]    3 0.0668610892 0.006686407  4908.262  2.855681e+02 -1.932905e+04
 [4,]    4 0.0867138757 0.008671507  4893.998  1.086804e+02 -5.958892e+02
 [5,]    5 0.0838131499 0.008572173  4893.762  1.158326e+02 -1.224513e+03
 [6,]    6 0.0512264222 0.007860415  4890.324  2.728448e+02 -5.120563e+03
 [7,]    7 0.0000010000 0.006741550  4851.040 -3.029752e+05  2.852021e+03
 [8,]    8 0.0511992098 0.007859820  4890.320  2.730982e+02 -5.123303e+03
 [9,]    9 0.0169855644 0.007112527  4873.013  1.471954e+03 -6.065324e+03
[10,]   10 0.0056269440 0.006864432  4844.504  4.763830e+03 -3.476060e+03
[11,]   11 0.0000010000 0.007202897  4852.461 -3.081436e+05  2.791854e+03
[12,]   12 0.0026729762 0.007042147  4826.321  7.504125e+03 -1.478902e+03
[13,]   13 0.0009641398 0.007144954  4812.882  6.020845e+03 -1.981010e+01
[14,]   14 0.0003284675 0.007183197  4813.277 -1.647486e+04  1.077044e+03
[15,]   15 0.0006391367 0.007164506  4811.585  8.555506e+02  4.826629e+02
[16,]   16 0.0000010000 0.006275782  4850.162 -3.023077e+05  8.375339e+02
[17,]   17 0.0004942093 0.006962668  4811.643 -3.952850e+03  4.833276e+02
[18,]   18 0.0005767335 0.007077598  4811.529 -8.677239e+02  4.804512e+02
[19,]   19 0.0005857179 0.005680962  4812.804  2.807276e+03 -2.753028e+03
[20,]   20 0.0005785128 0.006801001  4811.451 -2.747091e+02  5.663354e+01
[21,]   21 0.0005858358 0.006773133  4811.451  1.976805e+01 -6.620918e+00
[22,]   22 0.0005854671 0.006776622  4811.451  8.888178e-01  2.616486e-01
[23,]   23 0.0005854214 0.006776412  4811.451 -1.490486e-01 -1.587951e-02

