[22;0t]0;IPython: scripts/01_msprime_simulations$par
[1] 0.0410655513 0.0001407621

$value
[1] -136.4434

$counts
function gradient 
      76       76 

$convergence
[1] 52

$message
[1] "ERROR: ABNORMAL_TERMINATION_IN_LNSRCH"

$loginfo
      step        par1         par2         fn           gr1          gr2
 [1,]    1  0.10000000 1.000000e-02   374.5465  2.198763e+03    2948.9488
 [2,]    2  0.00000100 1.000000e-06   174.5314  6.436048e+04 -372539.8847
 [3,]    3  0.00000100 1.000000e+01 24358.6890  2.416088e+03    2323.2537
 [4,]    4  0.00000100 3.300820e+00  8314.0680  2.415994e+03    2466.0899
 [5,]    5  0.00000100 1.089475e+00  2813.3169  2.415578e+03    2505.8950
 [6,]    6  0.00000100 3.596973e-01   984.8724  2.414134e+03    2495.8169
 [7,]    7  0.00000100 1.188621e-01   389.2845  2.409319e+03    2422.2339
 [8,]    8  0.00000100 3.936790e-02   202.7688  2.388864e+03    2186.1406
 [9,]    9  0.00000100 1.311130e-02   151.4158  2.250168e+03    1474.5574
[10,]   10  0.00000100 1.305961e-02   151.3397  2.248951e+03    1470.3325
[11,]   11  0.00000100 1.285286e-02   151.0375  2.243933e+03    1453.0929
[12,]   12  0.00000100 1.202586e-02   149.8661  2.221151e+03    1378.2058
[13,]   13  0.00000100 8.717858e-03   145.9592  2.051126e+03     936.5504
[14,]   14  0.00000100 1.069854e-03   141.5081  1.943093e+03    2285.6978
[15,]   15  0.00000100 1.000000e-06   174.5314  0.000000e+00 -372539.8847
[16,]   16  0.00000100 7.312850e-04   140.5983  2.149359e+02    3242.9049
[17,]   17  0.00000100 1.000000e-06   174.5314  6.436048e+04 -372539.8847
[18,]   18  0.00000100 5.171514e-04   139.7979 -2.221106e+03    4376.9799
[19,]   19  0.00000100 2.590757e-04   138.3862 -7.716026e+03    6796.4940
[20,]   20  0.00000100 2.461163e-04   138.2964 -8.055332e+03    6902.9019
[21,]   21  0.00000100 2.365923e-04   138.2291 -8.302916e+03    6964.0012
[22,]   22  0.00000100 1.187961e-04   137.3709 -9.579935e+03  -12138.2112
[23,]   23  0.00000100 1.936479e-04   137.9139 -9.343248e+03    6823.9905
[24,]   24  0.00000100 1.322007e-04   137.4582 -9.894578e+03     347.6997
[25,]   25 10.00000000 1.000000e-06   191.8101 -1.110720e-06 -546115.4335
[26,]   26  3.33088108 8.849933e-05   137.7999 -7.306421e-04   -5864.5544
[27,]   27  1.11027561 1.176338e-04   136.7337 -3.178136e-03  -75896.6703
[28,]   28  0.36960507 1.273515e-04   136.5907  2.996244e-02  -48206.0623
[29,]   29  0.12308016 1.305859e-04   136.5413  2.618406e-01  -41318.0228
[30,]   30  0.04102929 1.316624e-04   136.4677  2.573564e+00  -39106.8874
[31,]   31  0.07926370 9.725943e-03   327.8599  2.233087e+03    2413.3120
[32,]   32  0.04792287 1.861491e-03   220.1200  1.146836e+03   25760.5317
[33,]   33  0.04179804 3.245685e-04   142.7432  1.250134e+01   50973.8088
[34,]   34  0.04116506 1.657315e-04   136.6483  2.734647e+00    1653.6107
[35,]   35  0.04106555 1.407621e-04   136.4434  2.555654e+00  -24323.1140
[36,]   36  0.04111472 1.557272e-04   136.5236  2.623779e+00   -6990.8327
[37,]   37  0.04107575 1.438660e-04   136.4485  2.559892e+00  -20152.1903
[38,]   38  0.04106766 1.414029e-04   136.4439  2.556108e+00  -23431.6791
[39,]   39  0.04106598 1.408935e-04   136.4435  2.555729e+00  -24138.9634
[40,]   40  0.04106564 1.407890e-04   136.4434  2.555669e+00  -24285.3594
[41,]   41  0.04106557 1.407676e-04   136.4434  2.555657e+00  -24315.3857
[42,]   42  0.04106556 1.407632e-04   136.4434  2.555655e+00  -24321.5325
[43,]   43  0.04106555 1.407623e-04   136.4434  2.555654e+00  -24322.7904
[44,]   44  0.04106555 1.407621e-04   136.4434  2.555654e+00  -24323.0478
[45,]   45  0.04106555 1.407621e-04   136.4434  2.555654e+00  -24323.1004
[46,]   46  0.04106555 1.407621e-04   136.4434  2.555654e+00  -24323.1112
[47,]   47  0.04106555 1.407621e-04   136.4434  2.555654e+00  -24323.1134
[48,]   48  0.04106555 1.407621e-04   136.4434  2.555654e+00  -24323.1138
[49,]   49  0.04106555 1.407621e-04   136.4434  2.555654e+00  -24323.1139
[50,]   50  0.04106555 1.407621e-04   136.4434  2.555654e+00  -24323.1140
[51,]   51  0.04106555 1.407621e-04   136.4434  2.555654e+00  -24323.1140
[52,]   52  0.04106555 1.407621e-04   136.4434  2.555654e+00  -24323.1140
[53,]   53  0.04106555 1.407621e-04   136.4434  2.555654e+00  -24323.1140
[54,]   54  0.04106555 1.407621e-04   136.4434  2.555654e+00  -24323.1140
[55,]   55  0.04106555 1.407621e-04   136.4434  2.555654e+00  -24323.1140
[56,]   56  0.00000100 1.000000e+01 24358.6890  2.416088e+03    2323.2537
[57,]   57  0.02914960 2.901861e+00  7398.9779  2.415160e+03    2474.2371
[58,]   58  0.03761767 8.397545e-01  2278.1250  2.413792e+03    2507.6031
[59,]   59  0.04007063 2.424185e-01   789.5954  2.409651e+03    2480.2962
[60,]   60  0.04078149 6.931414e-02   368.8462  2.397574e+03    2347.9207
[61,]   61  0.04098820 1.897632e-02   257.7851  2.358702e+03    1942.0736
[62,]   62  0.04104818 4.370376e-03   231.6624  2.068753e+03    2748.0064
[63,]   63  0.04106347 6.477020e-04   162.2716  1.083528e+02   62496.3113
[64,]   64  0.04106536 1.881649e-04   137.0965  3.220245e+00   16012.9254
[65,]   65  0.04106551 1.498131e-04   136.4755  2.586412e+00  -13073.0043
[66,]   66  0.04106554 1.426447e-04   136.4457  2.558423e+00  -21750.0000
[67,]   67  0.04106555 1.411497e-04   136.4437  2.556069e+00  -23781.8420
[68,]   68  0.04106555 1.408416e-04   136.4435  2.555733e+00  -24211.6645
[69,]   69  0.04106555 1.407784e-04   136.4434  2.555670e+00  -24300.2718
[70,]   70  0.04106555 1.407654e-04   136.4434  2.555657e+00  -24318.4368
[71,]   71  0.04106555 1.407628e-04   136.4434  2.555655e+00  -24322.1565
[72,]   72  0.04106555 1.407622e-04   136.4434  2.555654e+00  -24322.9180
[73,]   73  0.04106555 1.407621e-04   136.4434  2.555654e+00  -24323.0738
[74,]   74  0.04106555 1.407621e-04   136.4434  2.555654e+00  -24323.1058
[75,]   75  0.04106555 1.407621e-04   136.4434  2.555654e+00  -24323.1123

