[22;0t]0;IPython: scripts/01_msprime_simulations$par
[1] 0.005420353 0.001095872

$value
[1] -905.277

$counts
function gradient 
      56       56 

$convergence
[1] 52

$message
[1] "ERROR: ABNORMAL_TERMINATION_IN_LNSRCH"

$loginfo
      step        par1         par2         fn           gr1           gr2
 [1,]    1 0.100000000 1.000000e-02  1114.7666  1.408218e+03  8.622797e+03
 [2,]    2 0.000001000 1.000000e-06  1460.8482  1.097748e+05 -5.000502e+06
 [3,]    3 0.057114271 5.711813e-03  1014.6822  8.913041e+02  1.518096e+04
 [4,]    4 0.019895277 1.990249e-03   918.1229  1.268433e+02  2.228186e+04
 [5,]    5 0.006765054 6.773445e-04   913.5506  5.659407e+02 -4.985977e+04
 [6,]    6 0.015331130 1.533875e-03   908.9969  5.323992e+01  1.467947e+04
 [7,]    7 0.005497763 1.000000e-06  1576.5438  4.054289e+03 -5.236330e+06
 [8,]    8 0.012303352 1.061890e-03   905.8450  9.375468e+01 -5.957120e+03
 [9,]    9 0.011852795 1.183497e-03   905.6203  5.715517e+01  1.860315e+03
[10,]   10 0.010820140 1.153017e-03   905.5175  6.016773e+01  4.482350e+02
[11,]   11 0.006463620 1.090047e-03   905.3021  3.781956e+01 -1.279873e+03
[12,]   12 0.003808989 1.075672e-03   905.3333 -9.104886e+01 -4.366500e+00
[13,]   13 0.005347875 1.084005e-03   905.2801  7.116557e+00 -8.555577e+02
[14,]   14 0.005403080 1.094530e-03   905.2770  1.855230e+00 -3.242015e+02
[15,]   15 0.005494986 1.101670e-03   905.2778  7.158660e-01 -7.817248e+00
[16,]   16 0.005420353 1.095872e-03   905.2770  1.633148e+00 -2.645365e+02
[17,]   17 0.005470425 1.101535e-03   905.2778 -1.686353e-01  1.463870e+00
[18,]   18 0.005428216 1.096761e-03   905.2770  1.343091e+00 -2.225744e+02
[19,]   19 0.005421817 1.096038e-03   905.2770  1.578945e+00 -2.567190e+02
[20,]   20 0.005420634 1.095904e-03   905.2770  1.622741e+00 -2.630364e+02
[21,]   21 0.005420407 1.095878e-03   905.2770  1.631139e+00 -2.642470e+02
[22,]   22 0.005420363 1.095873e-03   905.2770  1.632760e+00 -2.644806e+02
[23,]   23 0.005420355 1.095872e-03   905.2770  1.633073e+00 -2.645257e+02
[24,]   24 0.005420353 1.095872e-03   905.2770  1.633133e+00 -2.645344e+02
[25,]   25 0.005420353 1.095872e-03   905.2770  1.633145e+00 -2.645361e+02
[26,]   26 0.005420353 1.095872e-03   905.2770  1.633147e+00 -2.645364e+02
[27,]   27 0.005420353 1.095872e-03   905.2770  1.633148e+00 -2.645365e+02
[28,]   28 0.005420353 1.095872e-03   905.2770  1.633148e+00 -2.645365e+02
[29,]   29 0.005420353 1.095872e-03   905.2770  1.633148e+00 -2.645365e+02
[30,]   30 0.005420353 1.095872e-03   905.2770  1.633148e+00 -2.645365e+02
[31,]   31 0.005420353 1.095872e-03   905.2770  1.633148e+00 -2.645365e+02
[32,]   32 0.005420353 1.095872e-03   905.2770  1.633148e+00 -2.645365e+02
[33,]   33 0.005420353 1.095872e-03   905.2770  1.633148e+00 -2.645365e+02
[34,]   34 0.005420353 1.095872e-03   905.2770  1.633148e+00 -2.645365e+02
[35,]   35 0.005420353 1.095872e-03   905.2770  1.633148e+00 -2.645365e+02
[36,]   36 0.000001000 1.000000e+01 24491.4693  2.416099e+03  2.312168e+03
[37,]   37 0.005282313 2.557845e-01  1257.3105  2.414947e+03  2.078756e+03
[38,]   38 0.005413118 1.444558e-02   937.8852  4.380497e+03 -3.238915e+02
[39,]   39 0.005420234 1.315269e-03   906.3018 -6.519586e+01  8.255740e+03
[40,]   40 0.005420350 1.100520e-03   905.2776 -1.517036e+00 -1.826142e+01
[41,]   41 0.005420353 1.096655e-03   905.2770  1.096952e+00 -2.228190e+02
[42,]   42 0.005420353 1.096029e-03   905.2770  1.525656e+00 -2.561798e+02
[43,]   43 0.005420353 1.095905e-03   905.2770  1.610906e+00 -2.628076e+02
[44,]   44 0.005420353 1.095879e-03   905.2770  1.628516e+00 -2.641764e+02
[45,]   45 0.005420353 1.095874e-03   905.2770  1.632182e+00 -2.644614e+02
[46,]   46 0.005420353 1.095873e-03   905.2770  1.632946e+00 -2.645208e+02
[47,]   47 0.005420353 1.095872e-03   905.2770  1.633106e+00 -2.645332e+02
[48,]   48 0.005420353 1.095872e-03   905.2770  1.633139e+00 -2.645358e+02
[49,]   49 0.005420353 1.095872e-03   905.2770  1.633146e+00 -2.645364e+02
[50,]   50 0.005420353 1.095872e-03   905.2770  1.633148e+00 -2.645365e+02
[51,]   51 0.005420353 1.095872e-03   905.2770  1.633148e+00 -2.645365e+02
[52,]   52 0.005420353 1.095872e-03   905.2770  1.633148e+00 -2.645365e+02
[53,]   53 0.005420353 1.095872e-03   905.2770  1.633148e+00 -2.645365e+02
[54,]   54 0.005420353 1.095872e-03   905.2770  1.633148e+00 -2.645365e+02
[55,]   55 0.005420353 1.095872e-03   905.2770  1.633148e+00 -2.645365e+02

