[22;0t]0;IPython: scripts/01_msprime_simulations$par
[1] 0.001273781 0.005003398

$value
[1] -2900.75

$counts
function gradient 
      19       19 

$convergence
[1] 0

$message
[1] "CONVERGENCE: REL_REDUCTION_OF_F <= FACTR*EPSMCH"

$loginfo
      step         par1        par2       fn           gr1           gr2
 [1,]    1 0.1000000000 0.010000000 3002.497  6.672589e+02  9.416118e+03
 [2,]    2 0.0000010000 0.000001000 5991.920  1.214421e+05 -2.184622e+07
 [3,]    3 0.0658945649 0.006589763 2965.009  5.489854e+02 -1.381225e+03
 [4,]    4 0.0379772032 0.005597742 2952.724  6.985623e+02 -7.745292e+03
 [5,]    5 0.0000010000 0.004862258 2970.337 -5.050012e+05 -4.527750e+01
 [6,]    6 0.0201890578 0.005253239 2940.169  1.155675e+03 -8.593057e+03
 [7,]    7 0.0067770693 0.004993490 2917.629  3.014973e+03 -5.423483e+03
 [8,]    8 0.0023383088 0.004907524 2902.929  3.090342e+03 -1.613618e+03
 [9,]    9 0.0000010000 0.005111631 2970.402 -5.035320e+05  5.572049e+02
[10,]   10 0.0015523168 0.004976162 2900.967  1.377430e+03 -3.977146e+02
[11,]   11 0.0000010000 0.003649136 2971.652 -5.131067e+05 -1.712701e+03
[12,]   12 0.0010825617 0.004574324 2901.011 -8.931134e+02 -9.162346e+02
[13,]   13 0.0013256734 0.004782286 2900.834  5.842564e+02 -6.516647e+02
[14,]   14 0.0007918258 0.006425750 2903.960 -6.242978e+03  2.218736e+03
[15,]   15 0.0012522781 0.005008236 2900.751 -1.413241e+02  3.562652e+01
[16,]   16 0.0012798280 0.005010516 2900.750  2.922512e+01  1.020260e+01
[17,]   17 0.0012739078 0.005003386 2900.750  7.954454e-01 -1.701785e-01
[18,]   18 0.0012737805 0.005003398 2900.750 -5.953755e-03  1.875883e-03

