[22;0t]0;IPython: scripts/01_msprime_simulations$par
[1] 0.004823726 0.565181176

$value
[1] -55501.5

$counts
function gradient 
      38       38 

$convergence
[1] 0

$message
[1] "CONVERGENCE: REL_REDUCTION_OF_F <= FACTR*EPSMCH"

$loginfo
      step         par1       par2        fn           gr1           gr2
 [1,]    1 0.1000000000  0.0100000 132698.71  7.426423e+04 -3.439890e+06
 [2,]    2 0.0000010000 10.0000000  58563.39 -4.237874e+06  2.622302e+02
 [3,]    3 3.0082879287 10.0000000  65888.47  2.011040e+03  8.243914e+01
 [4,]    4 1.0018498573 10.0000000  60896.44  3.124015e+03  8.680339e+01
 [5,]    5 0.3337069154 10.0000000  58609.51  3.684659e+03  1.655039e+02
 [6,]    6 0.1112774148 10.0000000  57809.88  3.214568e+03  2.181897e+02
 [7,]    7 0.1111930654  9.9993654  57809.47  3.213904e+03  2.182158e+02
 [8,]    8 0.1108556675  9.9968269  57807.84  3.211234e+03  2.183220e+02
 [9,]    9 0.1095060763  9.9866728  57801.29  3.200332e+03  2.187426e+02
[10,]   10 0.1041077113  9.9460565  57775.22  3.153006e+03  2.203699e+02
[11,]   11 0.0825142513  9.7835913  57673.44  2.887949e+03  2.264630e+02
[12,]   12 0.0000010000  9.1627768  58360.97 -4.198688e+06  2.792284e+02
[13,]   13 0.0477432221  9.5219805  57527.55  1.842576e+03  2.295263e+02
[14,]   14 0.0000010000  9.1708231  58363.19 -4.198337e+06  2.712966e+02
[15,]   15 0.0298959464  9.3907088  57476.53  2.559439e+02  2.299939e+02
[16,]   16 0.0079390173  9.2239019  57503.61 -1.083626e+04  2.532491e+02
[17,]   17 0.0211343726  9.3241471  57465.60 -1.481091e+03  2.348590e+02
[18,]   18 0.0195626798  9.3089038  57464.70 -1.948721e+03  2.365149e+02
[19,]   19 0.0183356743  9.2899924  57462.85 -2.361174e+03  2.382357e+02
[20,]   20 0.0138533566  9.1501981  57443.75 -4.354133e+03  2.433399e+02
[21,]   21 0.0052417431  8.6287353  57381.65 -1.710468e+04  3.296659e+02
[22,]   22 0.0000010000  7.6560545  57896.08 -4.218663e+06  3.066386e+02
[23,]   23 0.0031370146  8.2380981  57302.08 -3.051611e+04  3.251707e+02
[24,]   24 0.0005664254  1.9380459  55999.80 -2.307718e+05  2.811658e+02
[25,]   25 0.0048141450  0.0000010 463313.18  1.225506e+05 -1.717649e+09
[26,]   26 0.0019861200  1.2903026  55694.86 -5.484270e+04  3.250911e+02
[27,]   27 0.0027094384  0.0000010 463054.17  1.235717e+05 -1.717649e+09
[28,]   28 0.0022273854  0.8599180  55592.29 -4.416712e+04  1.832474e+02
[29,]   29 0.0039066453  0.3551671  55637.58  5.950028e+03 -2.298772e+03
[30,]   30 0.0030708522  0.6063892  55521.38 -1.969068e+04  2.168892e+02
[31,]   31 0.0044492496  0.0000010 463268.43  1.227303e+05 -1.717649e+09
[32,]   32 0.0035302720  0.4042801  55561.86 -3.221723e+03 -9.564120e+02
[33,]   33 0.0032241706  0.5389410  55513.58 -1.574974e+04 -1.039165e+02
[34,]   34 0.0051989315  0.5775210  55502.17  1.856703e+03  4.900235e+01
[35,]   35 0.0049757924  0.5668724  55501.57  9.003933e+02  4.589944e+00
[36,]   36 0.0048244148  0.5645076  55501.50  1.555854e+01 -3.184165e+00
[37,]   37 0.0048252354  0.5650799  55501.50  9.036509e+00 -5.045805e-01
[38,]   38 0.0048237262  0.5651812  55501.50 -2.740390e+00  6.765840e-03

