[22;0t]0;IPython: scripts/01_msprime_simulations$par
[1] 0.005453788 0.010623812

$value
[1] -5690.653

$counts
function gradient 
      43       43 

$convergence
[1] 0

$message
[1] "CONVERGENCE: REL_REDUCTION_OF_F <= FACTR*EPSMCH"

$loginfo
      step        par1         par2        fn           gr1           gr2
 [1,]    1 0.100000000  0.010000000  5774.339  4.309845e+02 -1.164767e+04
 [2,]    2 0.000001000 10.000000000 25712.275  2.416099e+03  2.210244e+03
 [3,]    3 0.073128761  2.694463651  9782.860  2.413812e+03  2.080115e+03
 [4,]    4 0.092293813  0.779855735  6357.256  2.397405e+03  1.201466e+03
 [5,]    5 0.097616429  0.248121078  6053.073  2.616445e+03 -3.608449e+02
 [6,]    6 0.099348161  0.075119347  6110.402  2.580384e+03  1.189368e+03
 [7,]    7 0.099881051  0.021883084  5833.934  6.039691e+02  1.036861e+04
 [8,]    8 0.099970927  0.012904380  5762.281  3.855255e+02  1.578749e+03
 [9,]    9 0.099888536  0.012558268  5761.885  3.869580e+02  5.054217e+02
[10,]   10 0.099712574  0.012365347  5761.780  3.885739e+02 -1.384926e+02
[11,]   11 0.099474831  0.012300059  5761.704  3.896929e+02 -3.629360e+02
[12,]   12 0.097258929  0.011981801  5761.124  3.990089e+02 -1.502069e+03
[13,]   13 0.092090420  0.011583016  5759.904  4.213125e+02 -3.021077e+03
[14,]   14 0.072722850  0.010658224  5755.235  5.378128e+02 -6.787569e+03
[15,]   15 0.000001000  0.008016222  5848.089 -8.139810e+05  4.784719e+01
[16,]   16 0.045146084  0.009656353  5745.094  8.889972e+02 -1.054509e+04
[17,]   17 0.015138908  0.008566186  5715.681  2.160230e+03 -1.094734e+04
[18,]   18 0.005163441  0.008203775  5696.852  1.302008e+03 -6.363348e+03
[19,]   19 0.000001000  0.008257784  5847.950 -8.135843e+05 -1.265984e+03
[20,]   20 0.003452489  0.008221675  5696.290 -1.208923e+03 -4.363586e+03
[21,]   21 0.010543713  0.016130254  5707.193  1.452083e+03  3.603664e+03
[22,]   22 0.005711960  0.010741579  5690.680  1.633829e+02  9.559666e+01
[23,]   23 0.005557763  0.010652224  5690.657  7.459361e+01  9.178112e+00
[24,]   24 0.005457603  0.010612545  5690.653  6.903974e+00 -1.848657e+01
[25,]   25 0.005455452  0.010619327  5690.653  2.866768e+00 -7.408842e+00
[26,]   26 0.005453788  0.010623812  5690.653 -4.207868e-04 -2.132917e-02
[27,]   27 0.005453795  0.010623828  5690.653  1.916487e-04  4.307822e-05
[28,]   28 0.005453788  0.010623812  5690.653 -4.192452e-04 -2.127609e-02
[29,]   29 0.005453788  0.010623812  5690.653 -4.205822e-04 -2.132872e-02
[30,]   30 0.005453788  0.010623812  5690.653 -4.205822e-04 -2.132872e-02
[31,]   31 0.005453788  0.010623812  5690.653 -4.199774e-04 -2.130249e-02
[32,]   32 0.005453788  0.010623812  5690.653 -4.205731e-04 -2.132858e-02
[33,]   33 0.005453788  0.010623812  5690.653 -4.205958e-04 -2.132858e-02
[34,]   34 0.005453788  0.010623812  5690.653 -4.202411e-04 -2.131533e-02
[35,]   35 0.005453788  0.010623812  5690.653 -4.205003e-04 -2.132846e-02
[36,]   36 0.005453788  0.010623812  5690.653 -4.205003e-04 -2.132846e-02
[37,]   37 0.005453788  0.010623812  5690.653 -4.205458e-04 -2.132201e-02
[38,]   38 0.005453788  0.010623812  5690.653 -4.206868e-04 -2.132829e-02
[39,]   39 0.005453788  0.010623812  5690.653 -4.206868e-04 -2.132828e-02
[40,]   40 0.005453788  0.010623812  5690.653 -4.205549e-04 -2.132527e-02
[41,]   41 0.005453788  0.010623812  5690.653 -4.207095e-04 -2.132825e-02
[42,]   42 0.005453788  0.010623812  5690.653 -4.206868e-04 -2.132828e-02

