[22;0t]0;IPython: scripts/01_msprime_simulations$par
[1] 0.4304567 0.4934725

$value
[1] -59104.68

$counts
function gradient 
      37       37 

$convergence
[1] 0

$message
[1] "CONVERGENCE: REL_REDUCTION_OF_F <= FACTR*EPSMCH"

$loginfo
      step       par1       par2        fn           gr1           gr2
 [1,]    1 0.10000000  0.0100000 121544.26  7.213295e+04 -3.086583e+06
 [2,]    2 0.00000100 10.0000000  66157.19 -5.794200e+06  6.173048e+00
 [3,]    3 2.32370835 10.0000000  67591.54  1.654199e+03 -3.817588e+01
 [4,]    4 0.77451566 10.0000000  64785.29  1.891861e+03  7.421639e+01
 [5,]    5 0.25798530 10.0000000  63938.57  9.667436e+02  1.825966e+02
 [6,]    6 0.25794228  9.9993919  63938.42  9.666003e+02  1.826387e+02
 [7,]    7 0.25777021  9.9969593  63937.81  9.660263e+02  1.828187e+02
 [8,]    8 0.25708192  9.9872291  63935.36  9.637150e+02  1.835354e+02
 [9,]    9 0.25432876  9.9483084  63925.52  9.542296e+02  1.863545e+02
[10,]   10 0.24331611  9.7926253  63885.39  9.123900e+02  1.969650e+02
[11,]   11 0.19926551  9.1698930  63716.75  6.665664e+02  2.277109e+02
[12,]   12 0.02306313  6.6789638  63097.51 -7.613732e+03  3.979852e+02
[13,]   13 0.10649291  7.8348095  63328.93 -5.458947e+02  3.320792e+02
[14,]   14 0.03438790  6.8358585  63092.45 -4.806688e+03  4.082100e+02
[15,]   15 0.03117169  6.7788122  63085.64 -5.393292e+03  4.041606e+02
[16,]   16 0.02273325  6.5911670  63065.92 -7.584433e+03  3.787308e+02
[17,]   17 0.02078246  6.4813843  63040.84 -8.201192e+03  3.587338e+02
[18,]   18 0.02579120  5.1575247  62667.79 -7.464263e+03  1.993277e+02
[19,]   19 0.13439067  3.7696335  62253.39  1.485100e+03  1.998363e+02
[20,]   20 0.14746291  1.9643047  61625.22  1.133129e+03  6.577535e+02
[21,]   21 0.16168626  0.0000010 433710.56  5.840940e+04 -1.557977e+09
[22,]   22 0.15221560  1.3079383  61012.29 -3.946177e+02  1.324019e+03
[23,]   23 0.15852822  0.4361398  59303.54 -2.589341e+03  6.130167e+02
[24,]   24 0.15908971  0.3585962  59351.96 -1.157597e+03 -2.296659e+03
[25,]   25 0.15852822  0.4361398  59303.54 -2.589341e+03  6.130167e+02
[26,]   26 0.19189267  0.0000010 435371.01  5.173417e+04 -1.557988e+09
[27,]   27 0.16965138  0.2907383  59691.90  1.625334e+03 -8.519395e+03
[28,]   28 0.16041346  0.4114960  59292.14 -2.197709e+03 -8.773591e+01
[29,]   29 0.26582640  0.4675815  59153.89 -8.304649e+02  3.738106e+02
[30,]   30 0.31291252  0.4723442  59125.67 -4.458806e+02  1.369558e+02
[31,]   31 0.37320710  0.4843593  59108.94 -1.717037e+02  7.132485e+01
[32,]   32 0.40928438  0.4903889  59105.22 -5.640403e+01  2.928261e+01
[33,]   33 0.42631305  0.4928879  59104.70 -1.044521e+01  5.819739e+00
[34,]   34 0.43008047  0.4933065  59104.68 -2.952433e-01 -2.948988e+00
[35,]   35 0.43096153  0.4940587  59104.69 -1.690425e+00  1.512273e+01
[36,]   36 0.43025679  0.4934570  59104.68 -5.759055e-01  6.740831e-01
[37,]   37 0.43045674  0.4934725  59104.68 -7.134295e-03  8.420611e-03

