[22;0t]0;IPython: scripts/01_msprime_simulations$par
[1] 0.0002230887 0.0043210367

$value
[1] -3252.2

$counts
function gradient 
      40       40 

$convergence
[1] 0

$message
[1] "CONVERGENCE: REL_REDUCTION_OF_F <= FACTR*EPSMCH"

$loginfo
      step         par1        par2       fn          gr1           gr2
 [1,]    1 1.000000e-01 0.010000000 3360.048    151.95262  2.050324e+04
 [2,]    2 1.000000e-05 0.000010000 5383.035 122731.67620 -1.233426e+07
 [3,]    3 6.486614e-02 0.006489777 3299.781     47.12690  9.344381e+03
 [4,]    4 3.779886e-02 0.003656220 3311.731    405.27386 -3.026168e+04
 [5,]    5 5.421957e-02 0.005375233 3293.387     85.66549  1.400132e+02
 [6,]    6 5.196717e-02 0.005249760 3293.245     97.23779 -1.179524e+03
 [7,]    7 4.881102e-02 0.005168259 3293.045    110.08976 -1.952467e+03
 [8,]    8 1.000000e-05 0.004169217 3261.753 -87246.20629  1.440275e+02
 [9,]    9 4.877183e-02 0.005167457 3293.042    110.24958 -1.959487e+03
[10,]   10 2.439092e-02 0.004668337 3290.206    341.58555 -5.475273e+03
[11,]   11 7.935496e-03 0.004331466 3280.632   1458.44825 -3.992216e+03
[12,]   12 2.534340e-03 0.004220894 3267.475   4420.10279 -1.707764e+03
[13,]   13 1.000000e-05 0.004169217 3261.753 -87246.20629  1.440275e+02
[14,]   14 4.877290e-02 0.005211870 3292.968    107.04032 -1.418482e+03
[15,]   15 1.603621e-02 0.004511891 3287.286    603.00630 -5.375818e+03
[16,]   16 5.178011e-03 0.004279720 3275.753   2319.12698 -2.838503e+03
[17,]   17 1.652420e-03 0.004204335 3262.969   6013.40144 -1.454076e+03
[18,]   18 5.669517e-04 0.004181126 3254.670   9140.56194 -1.278606e+03
[19,]   19 5.145981e-04 0.004201816 3254.165   8945.18571 -1.189227e+03
[20,]   20 3.051839e-04 0.004284580 3252.463   4603.64823 -6.059430e+02
[21,]   21 4.100306e-05 0.004387467 3256.197 -35932.69146  4.981464e+02
[22,]   22 2.691027e-04 0.004298632 3252.297   2543.19943 -4.559861e+02
[23,]   23 2.230887e-04 0.004321037 3252.200  -1503.93837 -2.401993e+02
[24,]   24 2.386716e-04 0.004317541 3252.213     82.38769 -3.142558e+02
[25,]   25 2.255349e-04 0.004320488 3252.201  -1235.33929 -2.520153e+02
[26,]   26 2.235157e-04 0.004320941 3252.200  -1456.47696 -2.422670e+02
[27,]   27 2.231645e-04 0.004321020 3252.200  -1495.49070 -2.405667e+02
[28,]   28 2.231022e-04 0.004321034 3252.200  -1502.43283 -2.402648e+02
[29,]   29 2.230911e-04 0.004321036 3252.200  -1503.66999 -2.402110e+02
[30,]   30 2.230891e-04 0.004321037 3252.200  -1503.89053 -2.402014e+02
[31,]   31 2.230887e-04 0.004321037 3252.200  -1503.92984 -2.401997e+02
[32,]   32 2.230887e-04 0.004321037 3252.200  -1503.93685 -2.401994e+02
[33,]   33 2.230887e-04 0.004321037 3252.200  -1503.93810 -2.401993e+02
[34,]   34 2.230887e-04 0.004321037 3252.200  -1503.93832 -2.401993e+02
[35,]   35 2.230887e-04 0.004321037 3252.200  -1503.93836 -2.401993e+02
[36,]   36 2.230887e-04 0.004321037 3252.200  -1503.93837 -2.401993e+02
[37,]   37 2.230887e-04 0.004321037 3252.200  -1503.93837 -2.401993e+02
[38,]   38 2.230887e-04 0.004321037 3252.200  -1503.93837 -2.401993e+02
[39,]   39 2.230887e-04 0.004321037 3252.200  -1503.93837 -2.401993e+02
[40,]   40 2.230887e-04 0.004321037 3252.200  -1503.93837 -2.401993e+02

