[22;0t]0;IPython: scripts/01_msprime_simulations$par
[1] 0.0002197772 0.0094103203

$value
[1] -2177.485

$counts
function gradient 
      57       57 

$convergence
[1] 0

$message
[1] "CONVERGENCE: REL_REDUCTION_OF_F <= FACTR*EPSMCH"

$loginfo
      step         par1         par2        fn          gr1           gr2
 [1,]    1 1.000000e-01  0.010000000  2348.201   1474.68252  -2259.779779
 [2,]    2 1.000000e-06 10.000000000 24845.980   2416.06352   2282.570237
 [3,]    3 8.594955e-02  1.413654268  5085.055   2410.95851   2231.480573
 [4,]    4 9.779869e-02  0.229913439  2816.108   2619.67631   1302.425762
 [5,]    5 9.970943e-02  0.039028491  2516.006   2123.43114   5299.167848
 [6,]    6 9.997893e-02  0.012105121  2348.065   1491.82425   1835.368360
 [7,]    7 9.922527e-02  0.011172477  2345.943   1486.08773    252.506367
 [8,]    8 9.714869e-02  0.010323645  2343.374   1482.39720  -1522.138683
 [9,]    9 9.114749e-02  0.009329568  2337.229   1485.43180  -4132.728000
[10,]   10 6.722119e-02  0.007460748  2314.822   1561.20015 -11249.552333
[11,]   11 1.000000e-06  0.005112403  2185.750 -54675.86384   4411.774902
[12,]   12 6.581112e-02  0.007411487  2313.175   1568.62741 -11478.734089
[13,]   13 3.290606e-02  0.006261945  2273.086   1942.17853 -16489.011553
[14,]   14 1.011600e-02  0.005465772  2230.905   3379.95065 -14821.857723
[15,]   15 2.968943e-03  0.005216089  2202.787   6084.23113  -7829.413639
[16,]   16 1.000000e-06  0.005112403  2185.750 -54675.86384   4411.774902
[17,]   17 6.616199e-02  0.008671370  2302.803   1547.68434  -6167.184686
[18,]   18 2.093363e-02  0.006238422  2248.589   2244.11910 -14168.268864
[19,]   19 6.366763e-03  0.005454834  2217.162   4106.35141 -11377.050588
[20,]   20 1.850552e-03  0.005211895  2195.355   7384.74347  -5541.096153
[21,]   21 5.503148e-04  0.005141952  2184.032  10778.93727  -1358.961163
[22,]   22 4.640717e-04  0.005182823  2183.051  10601.06193  -1204.269155
[23,]   23 1.190996e-04  0.005346305  2180.256 -12803.45260   -531.647114
[24,]   24 3.016174e-04  0.005259810  2181.313   8925.13644   -993.771352
[25,]   25 1.000000e-06  0.005468083  2187.572 -73089.03224   2193.441233
[26,]   26 2.353465e-04  0.005305724  2180.707   6610.66340   -955.911662
[27,]   27 3.108827e-05  0.005549627  2182.097 -20567.35668   -470.417371
[28,]   28 1.839574e-04  0.005367087  2180.331   2631.22569   -984.940261
[29,]   29 1.341244e-04  0.005458440  2180.135  -7183.34233   -995.682649
[30,]   30 1.613844e-04  0.005408468  2180.208   -556.52024  -1013.404614
[31,]   31 1.517453e-04  0.005456040  2180.139  -2592.31563  -1095.017941
[32,]   32 1.295075e-04  0.005678628  2179.883 -10136.00033  -1321.222479
[33,]   33 1.041231e-04  0.006221526  2179.255 -27883.63224  -1400.417298
[34,]   34 9.670385e-05  0.007221604  2178.697  -4972.94892   -468.895838
[35,]   35 8.144813e-05  0.008060613  2178.513  -8084.87173   -267.357890
[36,]   36 7.930224e-05  0.008528502  2178.499  -9017.71274    -53.149767
[37,]   37 8.876119e-05  0.008595450  2178.312  -7408.97026    -59.601787
[38,]   38 1.370184e-04  0.009147555  2177.720 -12429.06176    -15.509926
[39,]   39 3.300473e-04  0.011355973  2178.094   2850.96693    367.042976
[40,]   40 2.290708e-04  0.009797025  2177.515   -480.33932    113.792266
[41,]   41 2.197772e-04  0.009410320  2177.485   -849.28566     19.933212
[42,]   42 2.330423e-04  0.009360145  2177.492     34.87121     -3.986793
[43,]   43 2.219085e-04  0.009402259  2177.485   -697.95309     16.093403
[44,]   44 2.201589e-04  0.009408877  2177.485   -821.90658     19.245824
[45,]   45 2.198468e-04  0.009410057  2177.485   -844.28324     19.807858
[46,]   46 2.197900e-04  0.009410272  2177.485   -848.37003     19.910275
[47,]   47 2.197796e-04  0.009410312  2177.485   -849.11801     19.929012
[48,]   48 2.197777e-04  0.009410319  2177.485   -849.25496     19.932443
[49,]   49 2.197773e-04  0.009410320  2177.485   -849.28004     19.933070
[50,]   50 2.197772e-04  0.009410320  2177.485   -849.28463     19.933186
[51,]   51 2.197772e-04  0.009410320  2177.485   -849.28547     19.933207
[52,]   52 2.197772e-04  0.009410320  2177.485   -849.28562     19.933211
[53,]   53 2.197772e-04  0.009410320  2177.485   -849.28565     19.933211
[54,]   54 2.197772e-04  0.009410320  2177.485   -849.28563     19.933211
[55,]   55 2.197772e-04  0.009410320  2177.485   -849.28565     19.933211
[56,]   56 2.197772e-04  0.009410320  2177.485   -849.28565     19.933211
[57,]   57 2.197772e-04  0.009410320  2177.485   -849.28565     19.933211

