[22;0t]0;IPython: scripts/01_msprime_simulations$par
[1] 0.004850392 0.005405131

$value
[1] -3210.953

$counts
function gradient 
      32       32 

$convergence
[1] 0

$message
[1] "CONVERGENCE: REL_REDUCTION_OF_F <= FACTR*EPSMCH"

$loginfo
      step        par1        par2       fn           gr1           gr2
 [1,]    1 0.100000000 0.010000000 3284.587  4.510776e+02  1.212724e+04
 [2,]    2 0.000001000 0.000001000 6606.994  1.216094e+05 -2.410772e+07
 [3,]    3 0.065979476 0.006598254 3242.687  3.676752e+02  2.002220e+03
 [4,]    4 0.037338108 0.004926080 3237.575  5.592856e+02 -1.211843e+04
 [5,]    5 0.026641855 0.005081590 3229.406  6.756865e+02 -8.785840e+03
 [6,]    6 0.000001000 0.005468914 3299.125 -4.185865e+05  6.371588e+02
 [7,]    7 0.016257724 0.005232562 3220.388  8.660768e+02 -5.340926e+03
 [8,]    8 0.005554606 0.005388172 3211.071  3.032120e+02 -4.662603e+02
 [9,]    9 0.000001000 0.005367062 3299.059 -4.198960e+05  7.130114e+02
[10,]   10 0.003753404 0.005381325 3211.317 -7.625058e+02  5.893856e+02
[11,]   11 0.004875176 0.005385589 3210.954  2.378967e+01 -8.961522e+01
[12,]   12 0.004827429 0.005392466 3210.953 -4.281391e+00 -3.500993e+01
[13,]   13 0.004837093 0.005398100 3210.953 -2.656169e+00 -1.911590e+01
[14,]   14 0.004850392 0.005405131 3210.953 -6.811676e-03 -4.153195e-02
[15,]   15 0.004850423 0.005405146 3210.953 -1.792387e-05 -3.646846e-05
[16,]   16 0.004850392 0.005405131 3210.953 -6.801731e-03 -4.147084e-02
[17,]   17 0.004850392 0.005405131 3210.953 -6.811736e-03 -4.153180e-02
[18,]   18 0.004850392 0.005405131 3210.953 -6.811681e-03 -4.153195e-02
[19,]   19 0.004850392 0.005405131 3210.953 -6.811681e-03 -4.153195e-02
[20,]   20 0.004850392 0.005405131 3210.953 -6.811711e-03 -4.153194e-02
[21,]   21 0.004850392 0.005405131 3210.953 -6.811681e-03 -4.153195e-02
[22,]   22 0.004850392 0.005405131 3210.953 -6.811761e-03 -4.153196e-02
[23,]   23 0.004850392 0.005405131 3210.953 -6.811736e-03 -4.153195e-02
[24,]   24 0.004850392 0.005405131 3210.953 -6.811761e-03 -4.153196e-02
[25,]   25 0.004850392 0.005405131 3210.953 -6.811722e-03 -4.153195e-02
[26,]   26 0.004850392 0.005405131 3210.953 -6.811761e-03 -4.153196e-02
[27,]   27 0.004850392 0.005405131 3210.953 -6.811740e-03 -4.153195e-02
[28,]   28 0.004850392 0.005405131 3210.953 -6.811761e-03 -4.153196e-02

