[22;0t]0;IPython: scripts/01_msprime_simulations$par
[1] 0.0022774 1.4434280

$value
[1] -39310.73

$counts
function gradient 
      44       44 

$convergence
[1] 0

$message
[1] "CONVERGENCE: REL_REDUCTION_OF_F <= FACTR*EPSMCH"

$loginfo
      step         par1       par2        fn           gr1           gr2
 [1,]    1 1.000000e-01  0.0100000 101115.57  5.033587e+04 -2.589240e+06
 [2,]    2 1.000000e-06 10.0000000  45439.38 -1.473010e+06  9.284445e+02
 [3,]    3 3.377452e+00 10.0000000  54063.75  1.955996e+03  8.213115e+02
 [4,]    4 1.122672e+00 10.0000000  48874.69  2.779419e+03  8.332026e+02
 [5,]    5 3.730274e-01 10.0000000  46559.28  3.557389e+03  8.854151e+02
 [6,]    6 1.239877e-01 10.0000000  45606.70  4.093914e+03  9.217403e+02
 [7,]    7 4.131161e-02 10.0000000  45271.36  3.814384e+03  9.277035e+02
 [8,]    8 4.120491e-02  9.9964340  45267.64  3.813159e+03  9.272291e+02
 [9,]    9 4.077811e-02  9.9821700  45252.80  3.808171e+03  9.253138e+02
[10,]   10 3.907091e-02  9.9251142  45193.74  3.786625e+03  9.178457e+02
[11,]   11 3.224211e-02  9.6968908  44961.74  3.667587e+03  8.939001e+02
[12,]   12 4.926920e-03  8.7839973  44124.27 -3.052802e+03  8.103427e+02
[13,]   13 1.000000e-06  8.6146378  44266.22 -1.575156e+06  7.927422e+02
[14,]   14 2.753991e-03  8.7092892  44075.45 -8.919048e+03  8.121834e+02
[15,]   15 1.000000e-06  8.5960471  44251.48 -1.578227e+06  7.935165e+02
[16,]   16 1.691242e-03  8.6655738  44053.18 -1.738025e+04  8.106579e+02
[17,]   17 1.000000e-06  8.5540708  44218.18 -1.585736e+06  7.925354e+02
[18,]   18 1.058880e-03  8.6238577  44033.95 -3.066037e+04  8.066454e+02
[19,]   19 3.661062e-05  8.4529481  44013.08 -4.590466e+05  8.049944e+02
[20,]   20 8.103853e-04  8.5823128  44009.32 -4.155244e+04  8.038634e+02
[21,]   21 1.000000e-06  8.1542548  43906.09 -1.596995e+06  7.557290e+02
[22,]   22 6.139983e-04  8.4784500  43935.32 -5.607603e+04  8.010563e+02
[23,]   23 3.074991e-04  8.3163524  43830.92 -1.167612e+05  7.776505e+02
[24,]   24 1.000000e-06  6.5994638  42697.61 -1.562584e+06  7.787980e+02
[25,]   25 2.682910e-04  0.0000010 351182.83  1.243626e+05 -1.303379e+09
[26,]   26 9.127629e-05  4.3705260  40621.94 -2.661495e+05  5.373269e+02
[27,]   27 1.000000e-06  2.7979705  39950.34 -1.668284e+06  2.168415e+02
[28,]   28 4.197666e-04  0.3717874  39738.21 -5.675924e+04 -4.623699e+03
[29,]   29 4.229768e-05  2.5587065  39715.15 -4.453738e+05  5.339929e+02
[30,]   30 2.310321e-04  1.4652470  39366.08 -1.636884e+05  1.318505e+02
[31,]   31 3.092004e-04  0.3385155  39894.20 -7.393707e+04 -4.348856e+03
[32,]   32 2.577829e-04  1.0796565  39446.12 -1.418578e+05 -4.653377e+02
[33,]   33 2.355095e-04  1.4007092  39369.57 -1.632482e+05 -2.422213e+02
[34,]   34 2.325793e-04  1.4429454  39364.53 -1.622027e+05 -1.368893e+01
[35,]   35 2.973313e-04  1.4439797  39356.04 -1.193805e+05 -5.529853e+00
[36,]   36 4.779340e-04  1.4442303  39340.62 -6.568924e+04 -1.096034e+00
[37,]   37 6.989290e-04  1.4438750  39329.59 -3.897648e+04 -1.028258e+00
[38,]   38 1.021369e-03  1.4434988  39320.36 -2.104156e+04 -1.741828e+00
[39,]   39 1.399623e-03  1.4434533  39314.61 -1.064572e+04 -2.471374e+00
[40,]   40 1.786958e-03  1.4434377  39311.76 -4.624107e+03 -4.469511e+00
[41,]   41 2.084384e-03  1.4434272  39310.87 -1.551707e+03 -6.662916e+00
[42,]   42 2.234573e-03  1.4434247  39310.73 -3.203862e+02 -7.923854e+00
[43,]   43 2.273638e-03  1.4434267  39310.73 -2.776563e+01 -8.258275e+00
[44,]   44 2.277400e-03  1.4434280  39310.73 -1.472374e-01 -8.287033e+00

