[22;0t]0;IPython: scripts/01_msprime_simulations$par
[1] 0.0002107431 0.0075875922

$value
[1] -4133.249

$counts
function gradient 
      51       51 

$convergence
[1] 0

$message
[1] "CONVERGENCE: REL_REDUCTION_OF_F <= FACTR*EPSMCH"

$loginfo
      step         par1         par2        fn          gr1         gr2
 [1,]    1 1.000000e-01  0.010000000  4284.480     651.6566  -4761.5378
 [2,]    2 1.000000e-06 10.000000000 25311.356    2416.0879   2243.7165
 [3,]    3 7.933424e-02  2.074529858  7627.849    2413.3292   2128.1289
 [4,]    4 9.518221e-02  0.491301978  4778.047    2405.1305   1016.0221
 [5,]    5 9.877876e-02  0.132002947  4601.329    3400.4921   -375.3423
 [6,]    6 9.980989e-02  0.028991871  4430.974    1386.6665   9106.5848
 [7,]    7 9.997917e-02  0.012080818  4282.069     687.9133   1919.2477
 [8,]    8 9.977409e-02  0.011486301  4281.251     677.8559    323.0340
 [9,]    9 9.942414e-02  0.011281101  4281.009     674.9754   -285.6190
[10,]   10 9.821517e-02  0.010995035  4280.405     672.5058  -1195.0401
[11,]   11 9.393485e-02  0.010488549  4278.574     674.0266  -2986.7832
[12,]   12 8.142968e-02  0.009712040  4273.522     702.2687  -6184.4958
[13,]   13 3.583198e-02  0.008064785  4250.233    1193.3306 -12871.6593
[14,]   14 1.000000e-06  0.006770362  4156.833 -214014.9713  -3011.4526
[15,]   15 3.571052e-02  0.008060397  4250.145    1196.9032 -12882.2638
[16,]   16 1.164019e-02  0.007190837  4212.940    3907.1011 -10940.5185
[17,]   17 3.743450e-03  0.006905561  4171.207    8178.7954  -5400.7002
[18,]   18 1.000000e-06  0.006770362  4156.833 -214014.9713  -3011.4526
[19,]   19 8.125489e-02  0.010173169  4270.993     704.8179  -4290.8646
[20,]   20 2.676741e-02  0.007891304  4240.240    1534.2276 -12392.0659
[21,]   21 8.691092e-03  0.007134291  4200.506    4950.6052  -9375.9061
[22,]   22 2.796738e-03  0.006887444  4162.964    9497.1670  -3863.9079
[23,]   23 9.341287e-04  0.006809440  4141.893   13326.5896   -663.5464
[24,]   24 8.789716e-04  0.006864812  4141.122   13307.5662   -627.0801
[25,]   25 6.583432e-04  0.007086299  4138.061   13061.9984   -643.5679
[26,]   26 1.000000e-06  0.007746203  4156.011 -214770.6872   1108.3019
[27,]   27 4.263204e-04  0.007319226  4134.994   11089.6006   -735.6676
[28,]   28 1.000000e-06  0.007813841  4156.096 -215119.6464   1403.5058
[29,]   29 3.253513e-04  0.007436645  4133.887    7897.9353   -628.9385
[30,]   30 6.333267e-05  0.007764774  4136.197  -27429.6877    889.3912
[31,]   31 2.576568e-04  0.007521420  4133.383    3268.8974   -426.7220
[32,]   32 2.052094e-04  0.007594017  4133.250   -3531.4801   -165.1941
[33,]   33 2.295933e-04  0.007565705  4133.273     145.4733   -282.2285
[34,]   34 2.107431e-04  0.007587592  4133.249   -2595.5882   -193.1858
[35,]   35 2.244364e-04  0.007576646  4133.261    -550.9490   -245.0999
[36,]   36 2.132801e-04  0.007585564  4133.249   -2190.0102   -203.1274
[37,]   37 2.112589e-04  0.007587180  4133.249   -2512.0661   -195.2191
[38,]   38 2.108498e-04  0.007587507  4133.249   -2578.2550   -193.6072
[39,]   39 2.107653e-04  0.007587574  4133.249   -2591.9853   -193.2734
[40,]   40 2.107477e-04  0.007587588  4133.249   -2594.8391   -193.2040
[41,]   41 2.107440e-04  0.007587591  4133.249   -2595.4324   -193.1896
[42,]   42 2.107433e-04  0.007587592  4133.249   -2595.5558   -193.1866
[43,]   43 2.107431e-04  0.007587592  4133.249   -2595.5815   -193.1860
[44,]   44 2.107431e-04  0.007587592  4133.249   -2595.5868   -193.1858
[45,]   45 2.107431e-04  0.007587592  4133.249   -2595.5879   -193.1858
[46,]   46 2.107431e-04  0.007587592  4133.249   -2595.5882   -193.1858
[47,]   47 2.107431e-04  0.007587592  4133.249   -2595.5882   -193.1858
[48,]   48 2.107431e-04  0.007587592  4133.249   -2595.5882   -193.1858
[49,]   49 2.107431e-04  0.007587592  4133.249   -2595.5882   -193.1858
[50,]   50 2.107431e-04  0.007587592  4133.249   -2595.5882   -193.1858
[51,]   51 2.107431e-04  0.007587592  4133.249   -2595.5882   -193.1858

