[22;0t]0;IPython: scripts/01_msprime_simulations$par
[1] 7.444034e-04 4.197232e-05

$value
[1] -41.6334

$counts
function gradient 
      43       43 

$convergence
[1] 0

$message
[1] "CONVERGENCE: REL_REDUCTION_OF_F <= FACTR*EPSMCH"

$loginfo
      step         par1         par2          fn         gr1        gr2
 [1,]    1 0.1000000000 1.000000e-02   294.84391  2248.74198   3293.499
 [2,]    2 0.0000010000 1.000000e-06    49.85922  8571.92543 -55028.411
 [3,]    3 0.0000010000 1.000000e+01 24345.79766  2416.08780   2324.330
 [4,]    4 0.0000010000 3.125357e+00  7855.97882  2415.98461   2472.971
 [5,]    5 0.0000010000 9.758046e-01  2491.52898  2415.49840   2517.220
 [6,]    6 0.0000010000 3.047384e-01   799.27750  2413.74509   2522.901
 [7,]    7 0.0000010000 9.531153e-02   272.33372  2408.03827   2498.650
 [8,]    8 0.0000010000 2.993068e-02   110.81218  2389.87572   2408.409
 [9,]    9 0.0000010000 9.487936e-03    63.43650  2330.44629   2120.906
[10,]   10 0.0000010000 3.063932e-03    51.62363  1738.49545   1237.604
[11,]   11 0.0000010000 1.012231e-03    49.76470 -9869.16632   2281.261
[12,]   12 0.0001470653 1.018979e-03    48.66186 -2867.26666   3264.272
[13,]   13 0.0002131292 9.520499e-04    48.33701 -1138.19624   3549.126
[14,]   14 0.0004637430 5.286915e-04    46.34187   150.65252   6362.824
[15,]   15 0.0007761184 1.000000e-06    52.15048     0.00000 -96955.108
[16,]   16 0.0005786016 3.346625e-04    44.89719    86.27228   8843.399
[17,]   17 0.0006541718 2.070026e-04    43.67394   317.09734  10961.641
[18,]   18 0.0006676663 1.842067e-04    43.43316   398.33691  11645.607
[19,]   19 0.0006768475 1.686970e-04    43.26415   458.72137  12151.388
[20,]   20 0.0007264829 8.484851e-05    42.16734   629.29379  12961.435
[21,]   21 0.0007615280 1.000000e-06    52.13790   882.27541 -96919.154
[22,]   22 0.0007272787 8.294463e-05    42.13641   624.28780  13068.686
[23,]   23 0.0007444034 4.197232e-05    41.63340   501.64358  13533.544
[24,]   24 0.0007445681 4.157805e-05    41.63406   501.70569  13480.139
[25,]   25 0.0007444034 4.197232e-05    41.63340   501.64358  13533.544
[26,]   26 0.0007582140 1.000000e-06    52.13499   887.92610 -96910.691
[27,]   27 0.0007445367 4.157681e-05    41.63405   501.73374  13479.952
[28,]   28 0.0007444275 4.190055e-05    41.63350   501.65609  13524.004
[29,]   29 0.0007444078 4.195903e-05    41.63342   501.64577  13531.783
[30,]   30 0.0007444042 4.196985e-05    41.63340   501.64398  13533.217
[31,]   31 0.0007444035 4.197186e-05    41.63340   501.64365  13533.483
[32,]   32 0.0007444034 4.197223e-05    41.63340   501.64359  13533.533
[33,]   33 0.0007444034 4.197230e-05    41.63340   501.64358  13533.542
[34,]   34 0.0007444034 4.197231e-05    41.63340   501.64358  13533.544
[35,]   35 0.0007444034 4.197232e-05    41.63340   501.64358  13533.544
[36,]   36 0.0007444034 4.197232e-05    41.63340   501.64358  13533.544
[37,]   37 0.0007444034 4.197232e-05    41.63340   501.64358  13533.544
[38,]   38 0.0007444034 4.197232e-05    41.63340   501.64358  13533.544
[39,]   39 0.0007444034 4.197232e-05    41.63340   501.64358  13533.544
[40,]   40 0.0007444034 4.197232e-05    41.63340   501.64358  13533.544
[41,]   41 0.0007444034 4.197232e-05    41.63340   501.64358  13533.544
[42,]   42 0.0007444034 4.197232e-05    41.63340   501.64358  13533.544

