[22;0t]0;IPython: scripts/01_msprime_simulations$par
[1] 0.3591277874 0.0005760852

$value
[1] -481.0444

$counts
function gradient 
      32       32 

$convergence
[1] 0

$message
[1] "CONVERGENCE: REL_REDUCTION_OF_F <= FACTR*EPSMCH"

$loginfo
      step        par1         par2       fn           gr1           gr2
 [1,]    1 0.100000000 0.0100000000 706.2785  1.865137e+03  4.051857e+03
 [2,]    2 0.000001000 0.0000010000 709.0415  1.055887e+05 -2.231389e+06
 [3,]    3 0.042137543 0.0042142750 574.4522  1.173791e+03  1.171139e+04
 [4,]    4 0.015006516 0.0015014166 503.7172  2.110955e+02  2.721694e+04
 [5,]    5 0.006607911 0.0006616317 482.7262 -8.259283e+01  1.212198e+04
 [6,]    6 0.005246804 0.0000010000 773.0557  1.584678e+03 -2.490115e+06
 [7,]    7 0.006270017 0.0004976300 481.9720 -4.030807e+00 -7.473582e+03
 [8,]    8 0.008187520 0.0005679360 481.8384 -4.217206e+01  2.123103e+03
 [9,]    9 0.009966360 0.0005678782 481.7689 -3.633625e+01  1.462325e+03
[10,]   10 0.023753964 0.0005917000 481.4775 -1.700887e+01  2.700469e+03
[11,]   11 0.033032469 0.0005843117 481.3380 -9.308124e+00  1.362587e+03
[12,]   12 0.044329747 0.0005772592 481.2463 -5.281061e+00  1.827799e+02
[13,]   13 0.059547641 0.0005775412 481.1859 -3.021038e+00  2.064165e+02
[14,]   14 0.085919839 0.0000010000 784.3591  1.478922e+01 -2.525719e+06
[15,]   15 0.065207700 0.0004538027 482.4495 -1.196470e+00 -2.618129e+04
[16,]   16 0.059683250 0.0005745766 481.1825 -3.006730e+00 -2.755434e+02
[17,]   17 0.079946088 0.0005760271 481.1378 -1.709864e+00 -2.996784e+01
[18,]   18 0.106673128 0.0005761442 481.1034 -9.800473e-01  4.514710e+00
[19,]   19 0.142570571 0.0005759899 481.0768 -5.473830e-01 -1.242414e+01
[20,]   20 0.187982200 0.0005760053 481.0588 -2.733407e-01 -7.872426e+00
[21,]   21 0.233277311 0.0005760480 481.0501 -1.296138e-01 -1.742653e+00
[22,]   22 0.295883213 0.0000010000 785.3599  1.621010e+00 -2.529063e+06
[23,]   23 0.246638099 0.0004533265 482.4091  1.382093e-02 -2.742196e+04
[24,]   24 0.233288123 0.0005759487 481.0500 -1.295843e-01 -1.894270e+01
[25,]   25 0.274128217 0.0005760467 481.0464 -5.996044e-02 -3.580825e+00
[26,]   26 0.309298628 0.0005760754 481.0449 -2.596897e-02  4.864678e-02
[27,]   27 0.336167655 0.0005760811 481.0445 -9.829817e-03  5.700015e-02
[28,]   28 0.352532654 0.0005760840 481.0444 -2.823542e-03  1.923235e-03
[29,]   29 0.359127787 0.0005760853 481.0444 -4.720195e-04  7.653813e-03
[30,]   30 0.361853086 0.0000010000 785.4491  1.127858e+00 -2.529343e+06
[31,]   31 0.359709267 0.0004533830 482.4126  5.668350e-02 -2.754945e+04
[32,]   32 0.359127787 0.0005760852 481.0444 -4.718822e-04 -6.062827e-03

