[22;0t]0;IPython: scripts/01_msprime_simulations$par
[1] 0.004410207 0.844541276

$value
[1] -36566.85

$counts
function gradient 
      46       46 

$convergence
[1] 0

$message
[1] "CONVERGENCE: REL_REDUCTION_OF_F <= FACTR*EPSMCH"

$loginfo
      step         par1       par2        fn           gr1           gr2
 [1,]    1 0.1000000000  0.0100000  55904.46  3.518982e+04 -1.205155e+06
 [2,]    2 0.0000010000 10.0000000  42653.71 -2.266062e+05  8.848882e+02
 [3,]    3 1.7180437745 10.0000000  46729.94  2.336585e+03  8.642109e+02
 [4,]    4 0.5638048085 10.0000000  43971.43  2.456425e+03  8.935828e+02
 [5,]    5 0.1851276746 10.0000000  43031.97  2.488583e+03  9.093739e+02
 [6,]    6 0.0609475276 10.0000000  42726.71  2.381650e+03  9.115359e+02
 [7,]    7 0.0202093458 10.0000000  42634.62  2.007973e+03  9.132107e+02
 [8,]    8 0.0200327864  9.9924503  42627.37  2.003945e+03  9.125351e+02
 [9,]    9 0.0193265488  9.9622513  42598.44  1.987639e+03  9.098316e+02
[10,]   10 0.0165015985  9.8414556  42483.67  1.917325e+03  8.990649e+02
[11,]   11 0.0052017975  9.3582726  42044.32  6.801926e+02  8.436722e+02
[12,]   12 0.0000010000  9.1410314  41931.37 -4.108974e+05  7.991507e+02
[13,]   13 0.0047499324  9.3393979  42028.15  4.984864e+02  8.411958e+02
[14,]   14 0.0023754662  9.2402147  41946.11 -1.602357e+03  8.279758e+02
[15,]   15 0.0008009434  9.1744457  41898.70 -9.936639e+03  8.190305e+02
[16,]   16 0.0000010000  9.0921216  41892.44 -4.182281e+05  7.927398e+02
[17,]   17 0.0006562291  9.1595528  41888.14 -1.274326e+04  8.169849e+02
[18,]   18 0.0003286145  9.1258372  41866.73 -2.880500e+04  8.123271e+02
[19,]   19 0.0000010000  8.2467514  41260.50 -4.598708e+05  7.075269e+02
[20,]   20 0.0022921940  0.0000010 179942.31  1.203950e+05 -6.666516e+08
[21,]   21 0.0007918169  5.4003448  39261.16 -3.417923e+04  7.671919e+02
[22,]   22 0.0017820658  1.8361179  36847.15 -1.825276e+04  3.627485e+02
[23,]   23 0.0021465723  0.0000010 179924.76  1.206913e+05 -6.666515e+08
[24,]   24 0.0019039802  1.2220025  36626.67 -1.696863e+04  3.015933e+02
[25,]   25 0.0021669889  0.0000010 179927.22  1.206499e+05 -6.666515e+08
[26,]   26 0.0019918050  0.8139472  36581.81 -1.472849e+04 -8.078348e+01
[27,]   27 0.0020009912  0.8968267  36587.00 -1.474272e+04  1.916569e+02
[28,]   28 0.0019942367  0.8358866  36580.64 -1.519428e+04 -1.569323e+01
[29,]   29 0.0022843824  0.8438201  36576.73 -1.180747e+04  1.325796e+01
[30,]   30 0.0033177827  0.8376297  36569.00 -4.163588e+03 -2.422361e+01
[31,]   31 0.0039093765  0.8474845  36567.28 -1.669048e+03  1.834663e+01
[32,]   32 0.0043282559  0.8418863  36566.88 -2.263361e+02 -1.248196e+01
[33,]   33 0.0044079497  0.8448071  36566.85 -1.022685e+01  1.373061e+00
[34,]   34 0.0044102061  0.8445413  36566.85 -1.779919e+00  2.877779e-02
[35,]   35 0.0044107761  0.8445362  36566.85 -8.166571e-02 -6.622577e-04
[36,]   36 0.0044102953  0.8445405  36566.85 -1.514284e+00  2.417481e-02
[37,]   37 0.0044102226  0.8445411  36566.85 -1.730799e+00  2.792669e-02
[38,]   38 0.0044102093  0.8445413  36566.85 -1.770580e+00  2.861369e-02
[39,]   39 0.0044102068  0.8445413  36566.85 -1.777988e+00  2.873938e-02
[40,]   40 0.0044102084  0.8445413  36566.85 -1.773090e+00  2.866112e-02
[41,]   41 0.0044102070  0.8445413  36566.85 -1.777211e+00  2.872948e-02
[42,]   42 0.0044102068  0.8445413  36566.85 -1.777906e+00  2.874447e-02
[43,]   43 0.0044102068  0.8445413  36566.85 -1.777901e+00  2.874680e-02
[44,]   44 0.0044102069  0.8445413  36566.85 -1.777559e+00  2.873338e-02
[45,]   45 0.0044102068  0.8445413  36566.85 -1.777893e+00  2.873865e-02
[46,]   46 0.0044102068  0.8445413  36566.85 -1.777901e+00  2.874680e-02

