[22;0t]0;IPython: scripts/01_msprime_simulations$par
[1] 0.004373751 0.001042673

$value
[1] -806.9865

$counts
function gradient 
      26       26 

$convergence
[1] 0

$message
[1] "CONVERGENCE: REL_REDUCTION_OF_F <= FACTR*EPSMCH"

$loginfo
      step        par1         par2        fn           gr1           gr2
 [1,]    1 0.100000000 0.0100000000 1012.6971  1.468180e+03  8.823407e+03
 [2,]    2 0.000001000 0.0000010000 1293.2702  1.133476e+05 -4.400370e+06
 [3,]    3 0.055623883 0.0055627876  906.6960  9.949830e+02  1.443141e+04
 [4,]    4 0.019439880 0.0019447130  818.5198  2.492900e+02  1.794070e+04
 [5,]    5 0.000478540 0.0000010000 1333.2622  5.498841e+04 -4.489198e+06
 [6,]    6 0.013279741 0.0013132417  808.6237  1.212240e+02  7.478046e+03
 [7,]    7 0.008589066 0.0008479477  809.1555  2.479390e+02 -1.805199e+04
 [8,]    8 0.011070701 0.0010941148  807.5428  1.269371e+02 -1.072312e+03
 [9,]    9 0.010725747 0.0010885703  807.5044  1.256180e+02 -1.269488e+03
[10,]   10 0.009345929 0.0010663922  807.3657  1.201080e+02 -1.992945e+03
[11,]   11 0.000001000 0.0010089658  816.6887 -7.605323e+04  1.970346e+03
[12,]   12 0.006046134 0.0010461143  807.0592  7.568818e+01 -1.286305e+03
[13,]   13 0.000490309 0.0010134008  808.3070 -1.058836e+03  3.700864e+03
[14,]   14 0.004610838 0.0010376631  806.9896  2.166096e+01 -5.396476e+02
[15,]   15 0.004135449 0.0010387951  806.9872 -1.355092e+01 -2.869581e+01
[16,]   16 0.004373751 0.0010426733  806.9865  1.168621e+00 -8.072717e+01
[17,]   17 0.004459547 0.0010662801  807.0016 -1.346361e+01  9.026294e+02
[18,]   18 0.004376521 0.0010434355  806.9867  6.577595e-01 -4.794250e+01
[19,]   19 0.004373896 0.0010427132  806.9865  1.141872e+00 -7.901300e+01
[20,]   20 0.004373759 0.0010426755  806.9865  1.167195e+00 -8.063580e+01
[21,]   21 0.004373751 0.0010426735  806.9865  1.168545e+00 -8.072229e+01
[22,]   22 0.004373751 0.0010426734  806.9865  1.168617e+00 -8.072691e+01
[23,]   23 0.004373751 0.0010426733  806.9865  1.168620e+00 -8.072715e+01
[24,]   24 0.004373751 0.0010426733  806.9865  1.168621e+00 -8.072717e+01
[25,]   25 0.004373751 0.0010426733  806.9865  1.168621e+00 -8.072717e+01
[26,]   26 0.004373751 0.0010426733  806.9865  1.168621e+00 -8.072717e+01

