[22;0t]0;IPython: scripts/01_msprime_simulations$par
[1] 0.009820617 0.558262223

$value
[1] -54605.86

$counts
function gradient 
      30       30 

$convergence
[1] 0

$message
[1] "CONVERGENCE: REL_REDUCTION_OF_F <= FACTR*EPSMCH"

$loginfo
      step        par1      par2        fn           gr1           gr2
 [1,]    1 0.100000000 0.0100000 130287.62  7.187055e+04 -3.379582e+06
 [2,]    2 0.000010000 1.0000000  55971.39 -4.217598e+06  3.750112e+02
 [3,]    3 0.332244501 1.0000000  56676.78  3.888553e+03  1.693097e+02
 [4,]    4 0.110694433 1.0000000  55485.57  7.598599e+03 -6.775895e+01
 [5,]    5 0.110495378 1.0000000  55484.06  7.604392e+03 -6.776006e+01
 [6,]    6 0.109699158 1.0000000  55478.00  7.627614e+03 -6.775119e+01
 [7,]    7 0.106514278 1.0000000  55453.55  7.721266e+03 -6.749581e+01
 [8,]    8 0.093774756 1.0000000  55352.75  8.105616e+03 -6.243916e+01
 [9,]    9 0.042816670 1.0000000  54905.87  9.031953e+03  7.185363e+01
[10,]   10 0.000010000 1.0000000  55971.39 -4.217598e+06  0.000000e+00
[11,]   11 0.025791513 1.0000000  54763.28  7.091369e+03  1.944560e+02
[12,]   12 0.008775714 1.0000000  54731.92 -9.871265e+03  3.724150e+02
[13,]   13 0.018677918 1.0000000  54721.79  4.165385e+03  2.630226e+02
[14,]   14 0.000010000 0.9888399  55966.84 -4.220304e+06  4.382500e+02
[15,]   15 0.012274440 0.9961719  54711.06 -2.145425e+03  3.363576e+02
[16,]   16 0.014220940 0.9939006  54708.82  4.744352e+02  3.169382e+02
[17,]   17 0.014110526 0.9894904  54707.37  3.954483e+02  3.218202e+02
[18,]   18 0.013668872 0.9718496  54701.45  5.177346e+01  3.361688e+02
[19,]   19 0.011902255 0.9012864  54678.33 -1.764141e+03  3.542211e+02
[20,]   20 0.004835787 0.6190337  54668.75 -2.695879e+04  2.584641e+02
[21,]   21 0.008886564 0.7808320  54652.78 -7.065375e+03  2.783391e+02
[22,]   22 0.007895459 0.4144191  54654.10  9.161780e+02 -9.555954e+02
[23,]   23 0.008337012 0.5776618  54610.53 -4.828729e+03  1.306245e+02
[24,]   24 0.009493431 0.4334726  54642.87  4.602301e+03 -7.333025e+02
[25,]   25 0.008622019 0.5421254  54607.80 -2.869953e+03 -3.408377e+01
[26,]   26 0.010995595 0.5727405  54607.41  2.097909e+03  3.379875e+01
[27,]   27 0.009978548 0.5585727  54605.88  3.652481e+02 -2.862403e+00
[28,]   28 0.009798046 0.5580770  54605.86 -4.939966e+01 -2.612778e-01
[29,]   29 0.009821067 0.5582689  54605.86  9.057401e-01  1.909764e-02
[30,]   30 0.009820617 0.5582622  54605.86  6.224291e-03 -4.238973e-04

