[22;0t]0;IPython: scripts/01_msprime_simulations$par
[1] 0.033763595 0.004673322

$value
[1] -2918.443

$counts
function gradient 
      24       24 

$convergence
[1] 0

$message
[1] "CONVERGENCE: REL_REDUCTION_OF_F <= FACTR*EPSMCH"

$loginfo
      step       par1        par2       fn           gr1           gr2
 [1,]    1 0.10000000 0.010000000 3009.417  2.580079e+02  2.249881e+04
 [2,]    2 0.00000100 0.000001000 5761.726  1.134473e+05 -2.096945e+07
 [3,]    3 0.06506622 0.006506936 2934.703  9.822100e+01  1.427393e+04
 [4,]    4 0.01724015 0.000956823 3185.927  3.194318e+03 -3.296274e+05
 [5,]    5 0.04983199 0.004739037 2919.300  9.155537e+01 -5.926610e+02
 [6,]    6 0.04851971 0.004716283 2919.198  8.868735e+01 -8.100820e+02
 [7,]    7 0.04327059 0.004625270 2918.879  7.420617e+01 -1.646619e+03
 [8,]    8 0.02667650 0.004614195 2918.729 -9.168961e+01  2.124402e+02
 [9,]    9 0.03590278 0.004620353 2918.497  2.653994e+01 -9.565611e+02
[10,]   10 0.03252678 0.004663706 2918.451 -1.219157e+01  1.624209e+01
[11,]   11 0.03390851 0.004675685 2918.444  1.371745e+00  3.301912e+00
[12,]   12 0.03376360 0.004673322 2918.443  1.510844e-01 -9.994029e+00
[13,]   13 0.03374473 0.004675184 2918.443 -2.642070e-01  1.608061e+01
[14,]   14 0.03376154 0.004673524 2918.443  1.059137e-01 -7.155628e+00
[15,]   15 0.03376328 0.004673353 2918.443  1.441622e-01 -9.559036e+00
[16,]   16 0.03376354 0.004673327 2918.443  1.499735e-01 -9.924213e+00
[17,]   17 0.03376359 0.004673322 2918.443  1.509048e-01 -9.982745e+00
[18,]   18 0.03376359 0.004673322 2918.443  1.510555e-01 -9.992210e+00
[19,]   19 0.03376360 0.004673322 2918.443  1.510799e-01 -9.993744e+00
[20,]   20 0.03376360 0.004673322 2918.443  1.510836e-01 -9.993987e+00
[21,]   21 0.03376360 0.004673322 2918.443  1.510815e-01 -9.993826e+00
[22,]   22 0.03376360 0.004673322 2918.443  1.510833e-01 -9.993969e+00
[23,]   23 0.03376360 0.004673322 2918.443  1.510837e-01 -9.993986e+00
[24,]   24 0.03376360 0.004673322 2918.443  1.510836e-01 -9.993987e+00

