[22;0t]0;IPython: scripts/01_msprime_simulations$par
[1] 0.09961299 0.49098317

$value
[1] -55278.06

$counts
function gradient 
      33       33 

$convergence
[1] 0

$message
[1] "CONVERGENCE: REL_REDUCTION_OF_F <= FACTR*EPSMCH"

$loginfo
      step       par1       par2        fn           gr1           gr2
 [1,]    1 0.10000000  0.0100000 119077.30  6.760981e+04 -3.039388e+06
 [2,]    2 0.00000100 10.0000000  62524.40 -9.179589e+06  3.469007e+02
 [3,]    3 1.59356561 10.0000000  62059.84  2.006803e+03  2.424221e+02
 [4,]    4 0.53048467 10.0000000  59911.64  1.821518e+03  3.236891e+02
 [5,]    5 0.17677092 10.0000000  59459.78  8.612338e+01  3.639401e+02
 [6,]    6 0.17676927  9.9987782  59459.33  8.620227e+01  3.639264e+02
 [7,]    7 0.17676264  9.9938909  59457.55  8.651678e+01  3.638693e+02
 [8,]    8 0.17673614  9.9743418  59450.44  8.776444e+01  3.636407e+02
 [9,]    9 0.17663015  9.8961454  59422.03  9.260573e+01  3.627329e+02
[10,]   10 0.17620616  9.5833597  59308.95  1.135374e+02  3.607874e+02
[11,]   11 0.17451023  8.3322169  58846.02  3.362703e+02  3.798416e+02
[12,]   12 0.16772652  3.3276456  57206.84  1.223623e+03  3.296110e+02
[13,]   13 0.16321588  0.0000010 425722.47  0.000000e+00 -1.530435e+09
[14,]   14 0.16621972  2.2160300  56746.15  1.438963e+03  5.194853e+02
[15,]   15 0.16421738  0.7388382  55472.78  8.320453e+02  1.069637e+03
[16,]   16 0.16420136  0.7352472  55468.94  8.349630e+02  1.062838e+03
[17,]   17 0.16413730  0.7208833  55453.83  8.487841e+02  1.032934e+03
[18,]   18 0.16388105  0.6634276  55398.76  9.454068e+02  8.598833e+02
[19,]   19 0.16239653  0.3519645  55743.47  4.691789e+03 -5.978688e+03
[20,]   20 0.16339285  0.5610009  55338.96  1.363757e+03  1.963759e+02
[21,]   21 0.16318559  0.5295520  55337.85  1.587834e+03 -1.615392e+02
[22,]   22 0.16322742  0.5428526  55336.87  1.485212e+03  2.315322e+00
[23,]   23 0.16319272  0.5422638  55336.82  1.489034e+03 -4.297221e+00
[24,]   24 0.16305394  0.5399085  55336.66  1.504536e+03 -3.108207e+01
[25,]   25 0.06752284  0.4795596  55316.09 -2.951974e+03  3.224753e+02
[26,]   26 0.12954371  0.5187394  55294.39  9.688368e+02  2.372775e+00
[27,]   27 0.06599133  0.4730431  55318.74 -3.089069e+03  2.810275e+02
[28,]   28 0.10307071  0.4997044  55278.50  9.051150e+01  6.188959e+01
[29,]   29 0.09836400  0.4902979  55278.10 -6.720161e+01  7.775564e+00
[30,]   30 0.09973085  0.4908077  55278.07  9.350890e+00 -3.679655e+00
[31,]   31 0.09961869  0.4910102  55278.06  1.757358e-02  2.745978e-01
[32,]   32 0.09961299  0.4909832  55278.06  2.485962e-02  1.459237e-02

