[22;0t]0;IPython: scripts/01_msprime_simulations$par
[1] 0.000520017 0.011936085

$value
[1] -5615.31

$counts
function gradient 
      39       39 

$convergence
[1] 0

$message
[1] "CONVERGENCE: REL_REDUCTION_OF_F <= FACTR*EPSMCH"

$loginfo
      step         par1         par2        fn           gr1           gr2
 [1,]    1 0.1000000000  0.010000000  5731.566  3.599553e+02 -1.182438e+04
 [2,]    2 0.0000010000 10.000000000 25699.384  2.416088e+03  2.211320e+03
 [3,]    3 0.0730626211  2.701071067  9769.880  2.413706e+03  2.084725e+03
 [4,]    4 0.0922659737  0.782636952  6326.545  2.393917e+03  1.207121e+03
 [5,]    5 0.0976095017  0.248813172  6010.821  2.961845e+03 -4.241501e+02
 [6,]    6 0.0993460474  0.075330520  6127.371  3.207003e+03  8.456531e+02
 [7,]    7 0.0998900853  0.020980592  5793.411  4.929844e+02  1.247175e+04
 [8,]    8 0.0999731268  0.012684655  5719.509  3.041318e+02  1.311401e+03
 [9,]    9 0.0999125042  0.012416999  5719.263  3.066452e+02  3.761415e+02
[10,]   10 0.0997921515  0.012289154  5719.207  3.081702e+02 -9.281089e+01
[11,]   11 0.0996087953  0.012234770  5719.161  3.089956e+02 -2.953614e+02
[12,]   12 0.0982815648  0.012028950  5718.889  3.131116e+02 -1.077580e+03
[13,]   13 0.0951306107  0.011764634  5718.310  3.211700e+02 -2.111849e+03
[14,]   14 0.0847665647  0.011245124  5716.473  3.502488e+02 -4.194168e+03
[15,]   15 0.0493081971  0.010053102  5708.592  5.783905e+02 -8.531126e+03
[16,]   16 0.0000010000  0.008395518  5648.900 -2.907641e+05  8.216889e+02
[17,]   17 0.0492587937  0.010051441  5708.577  5.789947e+02 -8.536194e+03
[18,]   18 0.0162926999  0.008943204  5686.052  1.939781e+03 -8.867401e+03
[19,]   19 0.0053626895  0.008575765  5653.168  5.519575e+03 -5.159555e+03
[20,]   20 0.0000010000  0.008395518  5648.900 -2.907641e+05  8.216889e+02
[21,]   21 0.0847099293  0.011494318  5715.552  3.433848e+02 -3.050877e+03
[22,]   22 0.0280964619  0.009423299  5698.133  1.040511e+03 -9.339244e+03
[23,]   23 0.0092656661  0.008734436  5669.338  3.527312e+03 -6.874613e+03
[24,]   24 0.0030601133  0.008507426  5638.228  7.981165e+03 -3.542324e+03
[25,]   25 0.0029825014  0.008698231  5636.981  7.932761e+03 -3.074609e+03
[26,]   26 0.0026720537  0.009461454  5632.750  7.913257e+03 -1.705921e+03
[27,]   27 0.0014317092  0.011974019  5620.824  8.309332e+03 -5.332452e+01
[28,]   28 0.0000010000  0.013348459  5651.875 -2.983155e+05  1.387322e+03
[29,]   29 0.0008998698  0.012484941  5616.826  6.168131e+03  1.727233e+02
[30,]   30 0.0000010000  0.013066631  5651.527 -2.968419e+05  1.018374e+03
[31,]   31 0.0006244654  0.012663165  5615.587  2.445396e+03  3.172590e+02
[32,]   32 0.0004553719  0.012576264  5615.476 -2.341290e+03  3.423258e+02
[33,]   33 0.0005311097  0.012432037  5615.375  2.511165e+02  2.485647e+02
[34,]   34 0.0005308960  0.012246622  5615.338  2.880006e+02  1.564963e+02
[35,]   35 0.0005196639  0.011926288  5615.310 -2.308178e+01 -1.134683e+01
[36,]   36 0.0005204819  0.011947972  5615.310  2.694666e+00  1.413156e-01
[37,]   37 0.0005199002  0.011932553  5615.310 -1.558577e+01 -8.029761e+00
[38,]   38 0.0005204009  0.011947699  5615.310  2.442485e-01 -6.376381e-03
[39,]   39 0.0005200170  0.011936085  5615.310 -1.187422e+01 -6.159541e+00

