[22;0t]0;IPython: scripts/01_msprime_simulations$par
[1] 0.04500227 0.09816936

$value
[1] -29100.02

$counts
function gradient 
      33       33 

$convergence
[1] 0

$message
[1] "CONVERGENCE: REL_REDUCTION_OF_F <= FACTR*EPSMCH"

$loginfo
      step       par1        par2        fn           gr1           gr2
 [1,]    1 0.10000000  0.01000000  37911.22  2.021080e+04 -7.147634e+05
 [2,]    2 0.00000100 10.00000000  36329.55  2.415939e+03  1.323818e+03
 [3,]    3 0.06667194  3.33950632  30526.94  8.540646e+02  2.561905e+02
 [4,]    4 0.06267783  3.33824504  30523.42  7.485736e+02  2.537458e+02
 [5,]    5 0.03157183  3.32657751  30517.19 -8.492411e+02  2.262882e+02
 [6,]    6 0.04635702  3.33212328  30514.13  1.486411e+02  2.413242e+02
 [7,]    7 0.03993556  3.32803160  30513.29 -2.063222e+02  2.348700e+02
 [8,]    8 0.04098404  3.32674624  30512.81 -1.433622e+02  2.354135e+02
 [9,]    9 0.04839987  3.30099162  30507.12  2.207783e+02  2.337245e+02
[10,]   10 0.06006728  3.22185706  30494.21  6.111290e+02  2.186923e+02
[11,]   11 0.07832981  3.01915823  30468.07  1.003838e+03  1.918381e+02
[12,]   12 0.10204169  2.60056957  30418.92  1.438045e+03  1.912868e+02
[13,]   13 0.20495578  0.26827302  29855.07  2.259466e+03  3.554621e+03
[14,]   14 0.21679345  0.00000100 123317.09  1.143338e+04 -4.290176e+08
[15,]   15 0.20892751  0.17826335  29477.65  1.201847e+03  4.648688e+03
[16,]   16 0.20852643  0.00000100 123220.33  1.198218e+04 -4.290154e+08
[17,]   17 0.20879310  0.11852501  29271.60  9.726699e+02  6.535056e+02
[18,]   18 0.15478549  0.11181874  29212.69  1.148972e+03 -1.185697e+02
[19,]   19 0.00000100  0.09259875  30520.47 -4.210264e+06  5.242776e+02
[20,]   20 0.09871816  0.10485671  29146.92  1.247960e+03 -5.350556e+02
[21,]   21 0.03313033  0.09671250  29107.22 -1.449348e+03  3.454915e+02
[22,]   22 0.06877444  0.10113852  29113.92  9.977119e+02 -4.093928e+02
[23,]   23 0.00000100  0.11419427  30530.51 -4.086186e+06  3.331702e+02
[24,]   24 0.04511509  0.10562995  29103.51 -2.433318e+02  8.842767e+02
[25,]   25 0.00000100  0.05136719  30504.83 -4.185315e+06  8.338272e+02
[26,]   26 0.02990095  0.08733054  29114.07 -1.528902e+03 -8.522982e+02
[27,]   27 0.04070689  0.10032781  29101.57 -5.053525e+02  4.527887e+02
[28,]   28 0.05002689  0.09426719  29103.08  5.500320e+02 -8.773447e+02
[29,]   29 0.04458121  0.09780841  29100.03 -2.069323e+01 -3.361686e+01
[30,]   30 0.04496334  0.09819847  29100.02 -4.547828e+00  5.798262e+00
[31,]   31 0.04499977  0.09817026  29100.02 -2.512474e-01  2.339958e-01
[32,]   32 0.04500227  0.09816936  29100.02 -5.420225e-04 -6.242226e-04

