[22;0t]0;IPython: scripts/01_msprime_simulations$par
[1] 1.136393e-05 1.046526e-05

$value
[1] -43.61774

$counts
function gradient 
      64       64 

$convergence
[1] 52

$message
[1] "ERROR: ABNORMAL_TERMINATION_IN_LNSRCH"

$loginfo
      step         par1         par2          fn       gr1        gr2
 [1,]    1 1.000000e-01 1.000000e-02   296.67492  2262.341   3126.640
 [2,]    2 1.000000e-06 1.000000e-06    49.88615 18893.404 -53626.456
 [3,]    3 1.000000e-06 1.000000e+01 24345.79766  2416.088   2324.330
 [4,]    4 1.000000e-06 3.120313e+00  7843.50417  2415.984   2473.079
 [5,]    5 1.000000e-06 9.726342e-01  2483.54834  2415.496   2517.276
 [6,]    6 1.000000e-06 3.032537e-01   795.53165  2413.732   2522.869
 [7,]    7 1.000000e-06 9.469714e-02   270.79865  2407.984   2498.391
 [8,]    8 1.000000e-06 2.969454e-02   110.24357  2389.518   2407.352
 [9,]    9 1.000000e-06 9.402323e-03    63.25508  2324.788   2117.069
[10,]   10 1.000000e-06 3.034707e-03    51.58794  1989.337   1224.546
[11,]   11 1.000000e-06 1.002768e-03    49.77065  2438.382   2282.373
[12,]   12 1.000000e-06 9.618730e-04    49.67316  2579.033   2465.535
[13,]   13 1.000000e-06 7.982917e-04    49.21359  3025.110   3127.805
[14,]   14 1.000000e-06 1.439666e-04    45.21543  2236.289  15135.975
[15,]   15 1.000000e-06 1.000000e-06    49.88615     0.000 -53626.456
[16,]   16 1.000000e-06 1.285805e-04    44.98546  1797.155  15747.692
[17,]   17 1.000000e-06 1.171485e-04    44.80228  1389.866  15038.999
[18,]   18 1.000000e-06 5.907424e-05    43.67863 -1764.689  17461.417
[19,]   19 1.338202e-05 1.000000e-06    50.39857 14531.104 -58761.487
[20,]   20 1.352886e-06 5.741913e-05    43.64126 -1851.065  17617.253
[21,]   21 7.367453e-06 2.920956e-05    43.07044 -1607.866  19291.238
[22,]   22 7.446462e-06 2.883900e-05    43.06626 -1558.809  19275.490
[23,]   23 1.136393e-05 1.046526e-05    43.61774  5461.589  10743.104
[24,]   24 1.000000e-06 1.000000e-06    49.88615 18893.404 -53626.456
[25,]   25 1.132014e-05 1.042527e-05    43.62263  5496.643  10686.961
[26,]   26 1.136303e-05 1.046444e-05    43.61784  5462.306  10741.958
[27,]   27 1.136391e-05 1.046524e-05    43.61774  5461.604  10743.080
[28,]   28 1.136393e-05 1.046526e-05    43.61774  5461.590  10743.103
[29,]   29 1.136393e-05 1.046526e-05    43.61774  5461.589  10743.104
[30,]   30 1.136393e-05 1.046526e-05    43.61774  5461.589  10743.104
[31,]   31 1.136393e-05 1.046526e-05    43.61774  5461.589  10743.104
[32,]   32 1.136393e-05 1.046526e-05    43.61774  5461.589  10743.104
[33,]   33 1.136393e-05 1.046526e-05    43.61774  5461.589  10743.104
[34,]   34 1.136393e-05 1.046526e-05    43.61774  5461.589  10743.104
[35,]   35 1.136393e-05 1.046526e-05    43.61774  5461.589  10743.104
[36,]   36 1.136393e-05 1.046526e-05    43.61774  5461.589  10743.104
[37,]   37 1.136393e-05 1.046526e-05    43.61774  5461.589  10743.104
[38,]   38 1.136393e-05 1.046526e-05    43.61774  5461.589  10743.104
[39,]   39 1.136393e-05 1.046526e-05    43.61774  5461.589  10743.104
[40,]   40 1.136393e-05 1.046526e-05    43.61774  5461.589  10743.104
[41,]   41 1.136393e-05 1.046526e-05    43.61774  5461.589  10743.104
[42,]   42 1.000000e-06 1.000000e-06    49.88615 18893.404 -53626.456
[43,]   43 1.132014e-05 1.042527e-05    43.62263  5496.643  10686.961
[44,]   44 1.136303e-05 1.046444e-05    43.61784  5462.306  10741.958
[45,]   45 1.136391e-05 1.046524e-05    43.61774  5461.604  10743.080
[46,]   46 1.136393e-05 1.046526e-05    43.61774  5461.590  10743.103
[47,]   47 1.136393e-05 1.046526e-05    43.61774  5461.589  10743.104
[48,]   48 1.136393e-05 1.046526e-05    43.61774  5461.589  10743.104
[49,]   49 1.136393e-05 1.046526e-05    43.61774  5461.589  10743.104
[50,]   50 1.136393e-05 1.046526e-05    43.61774  5461.589  10743.104
[51,]   51 1.136393e-05 1.046526e-05    43.61774  5461.589  10743.104
[52,]   52 1.136393e-05 1.046526e-05    43.61774  5461.589  10743.104
[53,]   53 1.136393e-05 1.046526e-05    43.61774  5461.589  10743.104
[54,]   54 1.136393e-05 1.046526e-05    43.61774  5461.589  10743.104
[55,]   55 1.136393e-05 1.046526e-05    43.61774  5461.589  10743.104
[56,]   56 1.136393e-05 1.046526e-05    43.61774  5461.589  10743.104
[57,]   57 1.136393e-05 1.046526e-05    43.61774  5461.589  10743.104
[58,]   58 1.136393e-05 1.046526e-05    43.61774  5461.589  10743.104
[59,]   59 1.136393e-05 1.046526e-05    43.61774  5461.589  10743.104

