[22;0t]0;IPython: scripts/01_msprime_simulations$par
[1] 0.0072510336 0.0003875864

$value
[1] -331.4782

$counts
function gradient 
      75       75 

$convergence
[1] 0

$message
[1] "CONVERGENCE: REL_REDUCTION_OF_F <= FACTR*EPSMCH"

$loginfo
      step        par1         par2        fn           gr1           gr2
 [1,]    1 0.100000000 0.0100000000  555.9789  2.021744e+03  3.432275e+03
 [2,]    2 0.000001000 0.0000010000  466.4250  9.437946e+04 -1.311226e+06
 [3,]    3 0.093951047 0.0093951592  541.7068  2.001694e+03  3.520258e+03
 [4,]    4 0.046976024 0.0046980796  434.6192  1.678129e+03  5.117255e+03
 [5,]    5 0.016758476 0.0016765968  364.8065  7.617844e+02  1.999645e+04
 [6,]    6 0.008642696 0.0008650918  340.9687  2.104293e+02  2.586351e+04
 [7,]    7 0.000001000 0.0000010000  466.4250  9.437946e+04 -1.311226e+06
 [8,]    8 0.007835811 0.0007844105  338.7618  1.325641e+02  2.494218e+04
 [9,]    9 0.003918405 0.0003927053  331.6536 -1.149393e+02  2.835148e+03
[10,]   10 0.003896771 0.0003584327  331.5833 -8.064770e+01 -3.522358e+03
[11,]   11 0.003908972 0.0003777616  331.5995 -1.013577e+02  2.829553e+02
[12,]   12 0.004113090 0.0003775656  331.5794 -9.085959e+01  3.815534e+01
[13,]   13 0.006122945 0.0003879668  331.4928 -2.591572e+01  5.043577e+02
[14,]   14 0.006848452 0.0003873742  331.4793 -8.117367e+00  9.143338e+01
[15,]   15 0.007189017 0.0003876602  331.4784 -1.225348e+00  3.041325e+01
[16,]   16 0.007247793 0.0003876025  331.4782 -7.788584e-02  1.623529e+00
[17,]   17 0.007252209 0.0003876162  331.4782  2.365805e-03  2.860663e+00
[18,]   18 0.007247801 0.0003876025  331.4782 -7.774026e-02  1.625769e+00
[19,]   19 0.007247793 0.0003876025  331.4782 -7.788556e-02  1.623533e+00
[20,]   20 0.007247793 0.0003876025  331.4782 -7.788582e-02  1.623529e+00
[21,]   21 0.007247793 0.0003876025  331.4782 -7.788584e-02  1.623529e+00
[22,]   22 0.007247793 0.0003876025  331.4782 -7.788584e-02  1.623529e+00
[23,]   23 0.007247793 0.0003876025  331.4782 -7.788584e-02  1.623529e+00
[24,]   24 0.007247793 0.0003876025  331.4782 -7.788584e-02  1.623529e+00
[25,]   25 0.007247793 0.0003876025  331.4782 -7.788584e-02  1.623529e+00
[26,]   26 0.007247793 0.0003876025  331.4782 -7.788584e-02  1.623529e+00
[27,]   27 0.007247793 0.0003876025  331.4782 -7.788584e-02  1.623529e+00
[28,]   28 0.007247793 0.0003876025  331.4782 -7.788584e-02  1.623529e+00
[29,]   29 0.007247793 0.0003876025  331.4782 -7.788584e-02  1.623529e+00
[30,]   30 0.007247793 0.0003876025  331.4782 -7.788583e-02  1.623529e+00
[31,]   31 0.007247793 0.0003876025  331.4782 -7.788584e-02  1.623529e+00
[32,]   32 0.007247793 0.0003876025  331.4782 -7.788583e-02  1.623529e+00
[33,]   33 0.007247793 0.0003876025  331.4782 -7.788584e-02  1.623529e+00
[34,]   34 0.085133636 0.0000010000  513.5950  8.552363e+00 -1.604534e+06
[35,]   35 0.014795771 0.0003501365  331.7834  3.658021e+01 -9.054894e+03
[36,]   36 0.007255856 0.0003875624  331.4781  8.673507e-02 -8.295570e+00
[37,]   37 0.007251034 0.0003875864  331.4782 -1.166966e-02 -2.363274e+00
[38,]   38 0.007252949 0.0003876182  331.4782  1.587298e-02  3.019212e+00
[39,]   39 0.007251034 0.0003875864  331.4782 -1.166310e-02 -2.361995e+00
[40,]   40 0.007251034 0.0003875864  331.4782 -1.166965e-02 -2.363274e+00
[41,]   41 0.007251034 0.0003875864  331.4782 -1.166967e-02 -2.363274e+00
[42,]   42 0.007251034 0.0003875864  331.4782 -1.166966e-02 -2.363274e+00
[43,]   43 0.007251034 0.0003875864  331.4782 -1.166966e-02 -2.363274e+00
[44,]   44 0.007251034 0.0003875864  331.4782 -1.166966e-02 -2.363274e+00
[45,]   45 0.007251034 0.0003875864  331.4782 -1.166966e-02 -2.363274e+00
[46,]   46 0.007251034 0.0003875864  331.4782 -1.166966e-02 -2.363274e+00
[47,]   47 0.007251034 0.0003875864  331.4782 -1.166966e-02 -2.363274e+00
[48,]   48 0.007251034 0.0003875864  331.4782 -1.166966e-02 -2.363274e+00
[49,]   49 0.007251034 0.0003875864  331.4782 -1.166966e-02 -2.363274e+00
[50,]   50 0.007251034 0.0003875864  331.4782 -1.166966e-02 -2.363274e+00
[51,]   51 0.018920693 2.3636618298 6103.9669  2.415506e+03  2.474996e+03
[52,]   52 0.007253880 0.0009640141  343.1110  2.978839e+02  2.399114e+04
[53,]   53 0.007251034 0.0003876050  331.4782 -1.688291e-02  1.122125e+00
[54,]   54 0.007251034 0.0003875864  331.4782 -1.167060e-02 -2.362635e+00
[55,]   55 0.007251034 0.0003875864  331.4782 -1.166966e-02 -2.363274e+00
[56,]   56 0.007251034 0.0003875864  331.4782 -1.166966e-02 -2.363274e+00
[57,]   57 0.007251034 0.0003875864  331.4782 -1.166966e-02 -2.363274e+00
[58,]   58 0.007251034 0.0003875864  331.4782 -1.166966e-02 -2.363274e+00
[59,]   59 0.007251034 0.0003875864  331.4782 -1.166966e-02 -2.363274e+00
[60,]   60 0.007251034 0.0003875864  331.4782 -1.166966e-02 -2.363274e+00
[61,]   61 0.007251034 0.0003875864  331.4782 -1.166966e-02 -2.363274e+00
[62,]   62 0.007251034 0.0003875864  331.4782 -1.166966e-02 -2.363274e+00
[63,]   63 0.007251034 0.0003875864  331.4782 -1.166966e-02 -2.363274e+00

