[22;0t]0;IPython: scripts/01_msprime_simulations$par
[1] 0.0047350112 0.0004333343

$value
[1] -354.8973

$counts
function gradient 
      30       30 

$convergence
[1] 0

$message
[1] "CONVERGENCE: REL_REDUCTION_OF_F <= FACTR*EPSMCH"

$loginfo
      step        par1         par2       fn          gr1           gr2
 [1,]    1 0.100000000 0.0100000000 574.7691  1983.386161     3619.7300
 [2,]    2 0.000001000 0.0000010000 510.1582 99449.412819 -1493259.6544
 [3,]    3 0.095507808 0.0095508213 564.2543  1967.609929     3685.0005
 [4,]    4 0.047754404 0.0047759106 455.3668  1595.410590     6316.7809
 [5,]    5 0.017071284 0.0017078748 384.1313   685.703324    19651.1117
 [6,]    6 0.008305008 0.0008313261 360.9023   179.541040    21124.6227
 [7,]    7 0.001793135 0.0000010000 547.5903  4090.374935 -1733183.0223
 [8,]    8 0.006386427 0.0005866886 356.2081    38.993361    13307.9920
 [9,]    9 0.013341254 0.0000010000 558.4027   270.376642 -1777304.6150
[10,]   10 0.008026930 0.0004485365 355.1100    89.969054      409.8581
[11,]   11 0.002116633 0.0004322311 355.2682  -481.939018     2978.8312
[12,]   12 0.005154623 0.0004406123 354.9153    23.839128      326.0252
[13,]   13 0.004103238 0.0004223764 354.8919   -19.478551    -1437.2112
[14,]   14 0.004735011 0.0004333343 354.8973     9.621598     -401.9936
[15,]   15 0.004428296 0.0004377972 354.9046   -11.661371      489.8182
[16,]   16 0.004704039 0.0004337850 354.8976     7.657679     -311.6023
[17,]   17 0.004731111 0.0004333910 354.8973     9.376414     -390.6079
[18,]   18 0.004734508 0.0004333416 354.8973     9.589965     -400.5231
[19,]   19 0.004734946 0.0004333353 354.8973     9.617500     -401.8031
[20,]   20 0.004735003 0.0004333344 354.8973     9.621067     -401.9689
[21,]   21 0.004735010 0.0004333343 354.8973     9.621529     -401.9904
[22,]   22 0.004735011 0.0004333343 354.8973     9.621589     -401.9932
[23,]   23 0.004735011 0.0004333343 354.8973     9.621597     -401.9936
[24,]   24 0.004735011 0.0004333343 354.8973     9.621598     -401.9936
[25,]   25 0.004735011 0.0004333343 354.8973     9.621598     -401.9936
[26,]   26 0.004735011 0.0004333343 354.8973     9.621598     -401.9936
[27,]   27 0.004735011 0.0004333343 354.8973     9.621598     -401.9936
[28,]   28 0.004735011 0.0004333343 354.8973     9.621598     -401.9936
[29,]   29 0.004735011 0.0004333343 354.8973     9.621598     -401.9936

