[22;0t]0;IPython: scripts/01_msprime_simulations$par
[1] 0.0003879737 0.0014374322

$value
[1] -844.8837

$counts
function gradient 
      33       33 

$convergence
[1] 0

$message
[1] "CONVERGENCE: REL_REDUCTION_OF_F <= FACTR*EPSMCH"

$loginfo
      step         par1        par2        fn           gr1           gr2
 [1,]    1 0.1000000000 0.010000000 1040.5614  1.596727e+03  8.093895e+03
 [2,]    2 0.0000010000 0.000001000 1448.4136  9.544760e+04 -4.961184e+06
 [3,]    3 0.0577891843 0.005779298  941.4056  1.322541e+03  9.341151e+03
 [4,]    4 0.0196489827 0.001965621  869.9474  8.943740e+02 -4.448823e+02
 [5,]    5 0.0000010000 0.003365042  862.2927 -1.244579e+05  1.439103e+03
 [6,]    6 0.0195039852 0.001975949  869.8137  8.986318e+02 -3.477925e+02
 [7,]    7 0.0097524926 0.002670495  860.6004  1.270514e+03  2.522301e+03
 [8,]    8 0.0032749042 0.003131859  852.1584  1.632915e+03  1.956328e+03
 [9,]    9 0.0011564471 0.003282746  848.7109  1.995420e+03  1.749112e+03
[10,]   10 0.0000010000 0.001770440  859.9482 -1.273762e+05  1.513725e+03
[11,]   11 0.0007224687 0.002714734  846.9057  1.398790e+03  1.694737e+03
[12,]   12 0.0000010000 0.000001000 1448.4136  9.544760e+04 -4.961184e+06
[13,]   13 0.0004922072 0.001848628  845.3343  2.002709e+02  1.494409e+03
[14,]   14 0.0000010000 0.000001000 1448.4136  9.544760e+04 -4.961184e+06
[15,]   15 0.0003403859 0.001277567  844.9961 -2.324562e+02 -1.786302e+03
[16,]   16 0.0004230130 0.001588360  844.9767 -1.501845e+01  9.499732e+02
[17,]   17 0.0004706935 0.001117280  845.8830  3.616220e+03 -6.743434e+03
[18,]   18 0.0004340588 0.001479229  844.9112  5.983813e+02  1.665167e+02
[19,]   19 0.0003518650 0.001400118  844.8887 -6.661771e+02 -1.985551e+02
[20,]   20 0.0003954703 0.001442088  844.8856  1.036898e+02  1.154304e+01
[21,]   21 0.0003879737 0.001437432  844.8837 -2.276311e+01  3.100310e+00
[22,]   22 0.0003891998 0.001437571  844.8839  1.351531e+00 -1.553329e+00
[23,]   23 0.0003879977 0.001437435  844.8837 -2.229029e+01  3.009442e+00
[24,]   24 0.0003879742 0.001437432  844.8837 -2.275372e+01  3.098506e+00
[25,]   25 0.0003879738 0.001437432  844.8837 -2.276292e+01  3.100274e+00
[26,]   26 0.0003879737 0.001437432  844.8837 -2.276310e+01  3.100309e+00
[27,]   27 0.0003879737 0.001437432  844.8837 -2.276311e+01  3.100310e+00
[28,]   28 0.0003879737 0.001437432  844.8837 -2.276311e+01  3.100310e+00
[29,]   29 0.0003879737 0.001437432  844.8837 -2.276311e+01  3.100309e+00
[30,]   30 0.0003879737 0.001437432  844.8837 -2.276311e+01  3.100310e+00
[31,]   31 0.0003879737 0.001437432  844.8837 -2.276311e+01  3.100310e+00
[32,]   32 0.0003879737 0.001437432  844.8837 -2.276311e+01  3.100310e+00

