[22;0t]0;IPython: scripts/01_msprime_simulations$par
[1] 0.0033414690 0.0007333331

$value
[1] -556.2404

$counts
function gradient 
      55       55 

$convergence
[1] 52

$message
[1] "ERROR: ABNORMAL_TERMINATION_IN_LNSRCH"

$loginfo
      step        par1         par2         fn           gr1           gr2
 [1,]    1 0.100000000 1.000000e-02   764.6943  1.739996e+03  6.221370e+03
 [2,]    2 0.000001000 1.000000e-06   851.7485  9.207996e+04 -2.744581e+06
 [3,]    3 0.048670226 4.867485e-03   646.9618  1.243294e+03  9.624195e+03
 [4,]    4 0.016548537 1.655605e-03   572.2782  4.479818e+02  1.954552e+04
 [5,]    5 0.006818588 6.826974e-04   557.1180  2.951268e+02 -7.719971e+03
 [6,]    6 0.000001000 5.951826e-03   569.9112 -3.236762e+04  6.468027e+02
 [7,]    7 0.003512015 3.238258e-03   577.0071  2.502155e+03  3.640783e+03
 [8,]    8 0.006437233 9.774364e-04   557.9178  1.879469e+02  9.660433e+03
 [9,]    9 0.006699816 7.744927e-04   556.8009  2.433665e+02 -2.325104e+01
[10,]   10 0.000001000 7.418204e-04   565.6383 -4.409880e+04  1.974440e+03
[11,]   11 0.004280599 7.626934e-04   556.3247  1.122055e+02  7.916563e+02
[12,]   12 0.001953454 7.327021e-04   556.5459 -5.675814e+02  2.243279e+03
[13,]   13 0.003443734 7.519082e-04   556.2585 -2.381424e-01  1.020126e+03
[14,]   14 0.003318421 7.375183e-04   556.2429 -7.237402e+00  2.699884e+02
[15,]   15 0.003341469 7.333331e-04   556.2404  3.388205e+00 -3.821869e+01
[16,]   16 0.003325235 7.335458e-04   556.2405 -2.982235e-01 -1.115249e+00
[17,]   17 0.003339765 7.333555e-04   556.2404  3.003386e+00 -3.432498e+01
[18,]   18 0.003341267 7.333358e-04   556.2404  3.342705e+00 -3.775806e+01
[19,]   19 0.003341445 7.333334e-04   556.2404  3.382749e+00 -3.816346e+01
[20,]   20 0.003341466 7.333332e-04   556.2404  3.387550e+00 -3.821206e+01
[21,]   21 0.003341469 7.333331e-04   556.2404  3.388126e+00 -3.821789e+01
[22,]   22 0.003341469 7.333331e-04   556.2404  3.388195e+00 -3.821859e+01
[23,]   23 0.003341469 7.333331e-04   556.2404  3.388204e+00 -3.821868e+01
[24,]   24 0.003341469 7.333331e-04   556.2404  3.388205e+00 -3.821869e+01
[25,]   25 0.003341469 7.333331e-04   556.2404  3.388205e+00 -3.821869e+01
[26,]   26 0.003341469 7.333331e-04   556.2404  3.388205e+00 -3.821869e+01
[27,]   27 0.003341469 7.333331e-04   556.2404  3.388205e+00 -3.821869e+01
[28,]   28 0.003341469 7.333331e-04   556.2404  3.388205e+00 -3.821869e+01
[29,]   29 0.003341469 7.333331e-04   556.2404  3.388205e+00 -3.821869e+01
[30,]   30 0.003341469 7.333331e-04   556.2404  3.388205e+00 -3.821869e+01
[31,]   31 0.003341469 7.333331e-04   556.2404  3.388205e+00 -3.821869e+01
[32,]   32 0.000001000 1.000000e+01 24428.3020  2.416099e+03  2.317442e+03
[33,]   33 0.003328461 3.967175e-02   583.9455  2.391040e+03  8.345427e+02
[34,]   34 0.003341287 1.278850e-03   561.2368  5.670641e+01  1.243048e+04
[35,]   35 0.003341469 7.340230e-04   556.2407  2.428896e+00  7.683752e+00
[36,]   36 0.003341469 7.333421e-04   556.2404  3.375712e+00 -3.762107e+01
[37,]   37 0.003341469 7.333332e-04   556.2404  3.388040e+00 -3.821081e+01
[38,]   38 0.003341469 7.333331e-04   556.2404  3.388203e+00 -3.821859e+01
[39,]   39 0.003341469 7.333331e-04   556.2404  3.388205e+00 -3.821869e+01
[40,]   40 0.003341469 7.333331e-04   556.2404  3.388205e+00 -3.821869e+01
[41,]   41 0.003341469 7.333331e-04   556.2404  3.388205e+00 -3.821869e+01
[42,]   42 0.003341469 7.333331e-04   556.2404  3.388205e+00 -3.821869e+01
[43,]   43 0.003341469 7.333331e-04   556.2404  3.388205e+00 -3.821869e+01
[44,]   44 0.003341469 7.333331e-04   556.2404  3.388205e+00 -3.821869e+01
[45,]   45 0.003341469 7.333331e-04   556.2404  3.388205e+00 -3.821869e+01
[46,]   46 0.003341469 7.333331e-04   556.2404  3.388205e+00 -3.821869e+01
[47,]   47 0.003341469 7.333331e-04   556.2404  3.388205e+00 -3.821869e+01
[48,]   48 0.003341469 7.333331e-04   556.2404  3.388205e+00 -3.821869e+01

