[22;0t]0;IPython: scripts/01_msprime_simulations$par
[1] 0.0171213915 0.0006080273

$value
[1] -506.753

$counts
function gradient 
      25       25 

$convergence
[1] 0

$message
[1] "CONVERGENCE: REL_REDUCTION_OF_F <= FACTR*EPSMCH"

$loginfo
      step        par1         par2       fn           gr1           gr2
 [1,]    1 0.100000000 0.0100000000 726.0157  1.826203e+03  4.033661e+03
 [2,]    2 0.000001000 0.0000010000 752.3280  1.093404e+05 -2.369704e+06
 [3,]    3 0.044522371 0.0044527364 600.2783  1.225619e+03  1.128804e+04
 [4,]    4 0.015829694 0.0015837270 527.4914  2.398744e+02  2.465961e+04
 [5,]    5 0.006865257 0.0006873640 507.6411 -1.453200e+02  9.222757e+03
 [6,]    6 0.009380850 0.0000010000 821.4334  6.669675e+02 -2.641518e+06
 [7,]    7 0.007494125 0.0005157812 507.3455 -4.527054e+01 -1.142596e+04
 [8,]    8 0.007157178 0.0006077151 507.0853 -1.084315e+02  1.838490e+03
 [9,]    9 0.018779595 0.0006416585 506.8432  6.170092e+00  3.546540e+03
[10,]   10 0.017715312 0.0006006031 506.7551  5.198602e+00 -1.427284e+03
[11,]   11 0.017446332 0.0006113245 506.7563  3.528564e+00 -9.300279e+00
[12,]   12 0.017639681 0.0006036177 506.7539  4.730104e+00 -1.021254e+03
[13,]   13 0.017031613 0.0006113796 506.7552  2.120237e+00  3.084734e+01
[14,]   14 0.017483504 0.0006056113 506.7533  4.089370e+00 -7.473069e+02
[15,]   15 0.016711363 0.0006115750 506.7549  9.438237e-01  8.313138e+01
[16,]   16 0.017303848 0.0006069989 506.7531  3.400897e+00 -5.522758e+02
[17,]   17 0.016538242 0.0006113583 506.7546  3.072492e-01  7.151505e+01
[18,]   18 0.017144576 0.0006079058 506.7530  2.795961e+00 -4.218515e+02
[19,]   19 0.016501940 0.0006112729 506.7545  1.749430e-01  6.411976e+01
[20,]   20 0.017033654 0.0006084870 506.7530  2.367291e+00 -3.376914e+02
[21,]   21 0.017121391 0.0006080273 506.7530  2.707151e+00 -4.042508e+02
[22,]   22 0.017063485 0.0006083307 506.7530  2.483516e+00 -3.603131e+02
[23,]   23 0.017109601 0.0006080890 506.7530  2.661827e+00 -3.953020e+02
[24,]   24 0.017118943 0.0006080401 506.7530  2.697747e+00 -4.023922e+02
[25,]   25 0.017121391 0.0006080273 506.7530  2.707151e+00 -4.042508e+02

