[22;0t]0;IPython: scripts/01_msprime_simulations$par
[1] 0.0000010000 0.0001350716

$value
[1] -155.064

$counts
function gradient 
      46       46 

$convergence
[1] 52

$message
[1] "ERROR: ABNORMAL_TERMINATION_IN_LNSRCH"

$loginfo
      step         par1         par2         fn       gr1          gr2
 [1,]    1 1.000000e-01 1.000000e-02   391.4146  2189.676    2799.0878
 [2,]    2 1.000000e-06 1.000000e-06   199.3834 68108.694 -444558.7913
 [3,]    3 1.000000e-06 1.000000e+01 24361.2672  2416.088    2323.0385
 [4,]    4 1.000000e-06 3.306070e+00  8331.9110  2415.995    2465.3607
 [5,]    5 1.000000e-06 1.092972e+00  2829.2269  2415.580    2504.0130
 [6,]    6 1.000000e-06 3.614340e-01   998.5800  2414.150    2490.4155
 [7,]    7 1.000000e-06 1.196249e-01   402.7212  2409.721    2406.2326
 [8,]    8 1.000000e-06 3.967985e-02   217.2483  2395.460    2138.5088
 [9,]    9 1.000000e-06 1.323230e-02   167.5888  2334.145    1333.1399
[10,]   10 1.000000e-06 1.319274e-02   167.5361  2333.787    1329.5149
[11,]   11 1.000000e-06 1.303450e-02   167.3269  2332.329    1314.7947
[12,]   12 1.000000e-06 1.240156e-02   166.5142  2325.969    1252.1566
[13,]   13 1.000000e-06 9.869760e-03   163.7309  2288.076     921.2420
[14,]   14 1.000000e-06 2.349174e-03   160.5846  5757.002    1136.4756
[15,]   15 1.000000e-06 1.000000e-06   199.3834     0.000 -444558.7913
[16,]   16 1.000000e-06 1.560658e-03   159.8293  7260.301    1611.3533
[17,]   17 1.000000e-06 5.889594e-04   157.4956 11077.491    3820.4825
[18,]   18 1.000000e-06 1.000000e-06   199.3834 68108.694 -444558.7913
[19,]   19 1.000000e-06 4.323423e-04   156.8276 10144.875    4827.2190
[20,]   20 1.000000e-06 2.166712e-04   155.5897  2639.906    6208.5384
[21,]   21 1.000000e-06 2.129073e-04   155.5647  2424.157    6171.0077
[22,]   22 1.000000e-06 2.089447e-04   155.5382  2195.360    6121.2858
[23,]   23 1.000000e-06 1.049723e-04   154.9360 -1857.768  -98965.2543
[24,]   24 1.000000e-06 2.028883e-04   155.4977  1843.076    6021.5880
[25,]   25 1.000000e-06 1.350716e-04   155.0640 -1689.883    -876.5078
[26,]   26 1.000000e+01 1.000000e+01 47323.3232  2177.138    2327.6609
[27,]   27 9.347569e-01 9.348785e-01  4675.3448  2382.800    2511.3219
[28,]   28 8.745509e-02 8.758799e-02   536.2684  2394.725    2370.7535
[29,]   29 9.025528e-03 9.159479e-03   183.9488  2322.639     928.6803
[30,]   30 1.111438e-03 1.245495e-03   165.6376  3948.802    1896.9426
[31,]   31 5.433229e-05 1.884032e-04   155.6357 -2715.139    8349.4903
[32,]   32 3.243805e-06 1.373154e-04   155.1100 -2025.238    -320.4484
[33,]   33 1.042557e-06 1.351142e-04   155.0649 -1696.789    -865.0564
[34,]   34 1.000768e-06 1.350724e-04   155.0640 -1690.007    -876.3009
[35,]   35 1.000014e-06 1.350717e-04   155.0640 -1689.885    -876.5041
[36,]   36 1.000000e-06 1.350716e-04   155.0640 -1689.883    -876.5077
[37,]   37 1.000000e-06 1.350716e-04   155.0640 -1689.883    -876.5078
[38,]   38 1.000000e-06 1.350716e-04   155.0640 -1689.883    -876.5078
[39,]   39 1.000000e-06 1.350716e-04   155.0640 -1689.883    -876.5078
[40,]   40 1.000000e-06 1.350716e-04   155.0640 -1689.883    -876.5078
[41,]   41 1.000000e-06 1.350716e-04   155.0640 -1689.883    -876.5078
[42,]   42 1.000000e-06 1.350716e-04   155.0640 -1689.883    -876.5078
[43,]   43 1.000000e-06 1.350716e-04   155.0640 -1689.883    -876.5078
[44,]   44 1.000000e-06 1.350716e-04   155.0640 -1689.883    -876.5078
[45,]   45 1.000000e-06 1.350716e-04   155.0640 -1689.883    -876.5078

