[22;0t]0;IPython: scripts/01_msprime_simulations$par
[1] 7.102348e-05 2.663214e-05

$value
[1] -42.28223

$counts
function gradient 
      49       49 

$convergence
[1] 0

$message
[1] "CONVERGENCE: REL_REDUCTION_OF_F <= FACTR*EPSMCH"

$loginfo
      step         par1         par2          fn         gr1        gr2
 [1,]    1 1.000000e-01 1.000000e-02   296.67594  2262.32382   3125.943
 [2,]    2 1.000000e-06 1.000000e-06    49.86381 12679.72217 -53479.769
 [3,]    3 1.000000e-06 1.000000e+01 24345.79766  2416.08780   2324.330
 [4,]    4 1.000000e-06 3.119771e+00  7842.16315  2415.98425   2473.091
 [5,]    5 1.000000e-06 9.722935e-01  2482.69075  2415.49553   2517.282
 [6,]    6 1.000000e-06 3.030941e-01   795.12896  2413.73108   2522.866
 [7,]    7 1.000000e-06 9.463091e-02   270.63321  2407.97864   2498.363
 [8,]    8 1.000000e-06 2.966886e-02   110.18176  2389.64594   2407.236
 [9,]    9 1.000000e-06 9.392763e-03    63.23485  2332.15377   2116.634
[10,]   10 1.000000e-06 3.031165e-03    51.58377  2143.87435   1222.880
[11,]   11 1.000000e-06 1.001313e-03    49.76823  3317.09253   2288.386
[12,]   12 1.000000e-06 9.602659e-04    49.67013  3472.94848   2471.793
[13,]   13 1.000000e-06 7.960789e-04    49.20779  4011.14090   3134.968
[14,]   14 1.000000e-06 1.393310e-04    45.14479 -1530.13369  15523.345
[15,]   15 1.000000e-06 1.000000e-06    49.86381     0.00000 -53479.769
[16,]   16 1.000000e-06 1.250578e-04    44.92562 -2537.60703  15884.168
[17,]   17 1.000000e-06 1.143809e-04    44.75043 -3364.18714  14616.946
[18,]   18 1.000000e-06 5.769045e-05    43.63062 -8237.01330  17736.858
[19,]   19 1.318534e-04 1.000000e-06    51.34167  6947.97552 -73309.019
[20,]   20 7.392437e-06 5.492101e-05    43.44552 -7360.24254  19150.470
[21,]   21 6.962293e-05 2.796051e-05    42.28321  -336.85292  25041.541
[22,]   22 9.804842e-05 1.000000e-06    51.10948  5789.09520 -70351.344
[23,]   23 7.000518e-05 2.759796e-05    42.28227  -273.05714  24965.706
[24,]   24 8.402680e-05 1.429898e-05    42.82697  2408.99835  16185.193
[25,]   25 7.102348e-05 2.663214e-05    42.28223  -100.77121  24737.404
[26,]   26 7.960567e-05 1.849225e-05    42.48489  1489.77056  20699.652
[27,]   27 7.184306e-05 2.585480e-05    42.28502    40.37486  24524.010
[28,]   28 7.116926e-05 2.649388e-05    42.28254   -75.82852  24701.449
[29,]   29 7.102348e-05 2.663214e-05    42.28223  -100.77121  24737.404
[30,]   30 8.143728e-05 1.000000e-06    50.97513  6366.30991 -68578.496
[31,]   31 7.115462e-05 2.630937e-05    42.28352   -48.81381  24651.567
[32,]   32 7.104630e-05 2.657599e-05    42.28243   -91.77695  24722.773
[33,]   33 7.102754e-05 2.662215e-05    42.28227   -99.17345  24734.812
[34,]   34 7.102421e-05 2.663036e-05    42.28224  -100.48610  24736.941
[35,]   35 7.102361e-05 2.663182e-05    42.28224  -100.72029  24737.321
[36,]   36 7.102351e-05 2.663208e-05    42.28223  -100.76212  24737.389
[37,]   37 7.102349e-05 2.663213e-05    42.28223  -100.76958  24737.401
[38,]   38 7.102348e-05 2.663214e-05    42.28223  -100.77092  24737.403
[39,]   39 7.102348e-05 2.663214e-05    42.28223  -100.77116  24737.404
[40,]   40 7.102348e-05 2.663214e-05    42.28223  -100.77120  24737.404
[41,]   41 7.102348e-05 2.663214e-05    42.28223  -100.77121  24737.404
[42,]   42 7.102348e-05 2.663214e-05    42.28223  -100.77121  24737.404
[43,]   43 7.102348e-05 2.663214e-05    42.28223  -100.77121  24737.404
[44,]   44 7.102348e-05 2.663214e-05    42.28223  -100.77121  24737.404
[45,]   45 7.102348e-05 2.663214e-05    42.28223  -100.77121  24737.404
[46,]   46 7.102348e-05 2.663214e-05    42.28223  -100.77121  24737.404
[47,]   47 7.102348e-05 2.663214e-05    42.28223  -100.77121  24737.404
[48,]   48 7.102348e-05 2.663214e-05    42.28223  -100.77121  24737.404

