[22;0t]0;IPython: scripts/01_msprime_simulations$par
[1] 0.0003042063 0.0009464396

$value
[1] -1032.168

$counts
function gradient 
      44       44 

$convergence
[1] 0

$message
[1] "CONVERGENCE: REL_REDUCTION_OF_F <= FACTR*EPSMCH"

$loginfo
      step         par1         par2       fn           gr1           gr2
 [1,]    1 1.000000e-01 0.0100000000 1235.034    1291.37421  1.207087e+04
 [2,]    2 1.000000e-06 0.0000010000 1728.320  106380.58468 -6.015942e+06
 [3,]    3 5.864441e-02 0.0058648130 1130.400     866.29805  1.655060e+04
 [4,]    4 2.044140e-02 0.0020448565 1046.667     158.01987  1.128447e+04
 [5,]    5 9.852891e-03 0.0000010000 1876.471    2523.39681 -6.267377e+06
 [6,]    6 1.710065e-02 0.0014000044 1042.723     174.69518 -4.055675e+03
 [7,]    7 1.494502e-02 0.0015301043 1042.176     187.49550  1.075542e+03
 [8,]    8 6.663293e-03 0.0016022609 1039.830     522.64622  3.850331e+03
 [9,]    9 1.000000e-06 0.0016603078 1046.380 -105144.60277  0.000000e+00
[10,]   10 3.913004e-03 0.0016262235 1038.066     874.89794  4.332094e+03
[11,]   11 1.365463e-03 0.0016484196 1035.165    1559.17931  4.158716e+03
[12,]   12 1.000000e-06 0.0015670110 1046.134 -105942.92786  2.690136e+03
[13,]   13 8.912267e-04 0.0016201250 1034.287    1615.61702  3.790338e+03
[14,]   14 4.011717e-04 0.0015908866 1033.617    -455.16272  3.443955e+03
[15,]   15 9.036467e-04 0.0005116623 1047.712   13134.42877 -7.922996e+04
[16,]   16 5.565708e-04 0.0012571179 1032.723    1251.92285  1.879358e+03
[17,]   17 1.000000e-06 0.0003414305 1046.854  -14971.97975 -9.512410e+04
[18,]   18 3.917842e-04 0.0009855179 1032.266    1527.11342 -6.167410e+02
[19,]   19 5.537879e-05 0.0009147208 1034.836  -22260.55367  3.601842e+03
[20,]   20 3.561343e-04 0.0009780153 1032.214     933.51656 -2.565303e+02
[21,]   21 2.731097e-04 0.0009282445 1032.160   -1076.76951  2.996615e+02
[22,]   22 3.175283e-04 0.0009548721 1032.177     234.06824 -5.959131e+01
[23,]   23 3.042063e-04 0.0009464396 1032.168     -82.27654  2.487451e+01
[24,]   24 3.075135e-04 0.0009483322 1032.170       4.25067 -7.117836e-01
[25,]   25 3.042693e-04 0.0009464756 1032.168     -80.59875  2.438012e+01
[26,]   26 3.042075e-04 0.0009464403 1032.168     -82.24444  2.486505e+01
[27,]   27 3.042064e-04 0.0009464396 1032.168     -82.27593  2.487433e+01
[28,]   28 3.042063e-04 0.0009464396 1032.168     -82.27653  2.487451e+01
[29,]   29 3.042063e-04 0.0009464396 1032.168     -82.27654  2.487451e+01
[30,]   30 3.042063e-04 0.0009464396 1032.168     -82.27654  2.487451e+01
[31,]   31 3.042063e-04 0.0009464396 1032.168     -82.27654  2.487451e+01
[32,]   32 3.042063e-04 0.0009464396 1032.168     -82.27654  2.487451e+01
[33,]   33 3.042063e-04 0.0009464396 1032.168     -82.27654  2.487451e+01
[34,]   34 3.042063e-04 0.0009464396 1032.168     -82.27654  2.487451e+01
[35,]   35 3.042063e-04 0.0009464396 1032.168     -82.27654  2.487451e+01
[36,]   36 3.042063e-04 0.0009464396 1032.168     -82.27654  2.487451e+01
[37,]   37 3.042063e-04 0.0009464396 1032.168     -82.27654  2.487451e+01
[38,]   38 3.042063e-04 0.0009464396 1032.168     -82.27654  2.487451e+01
[39,]   39 3.042063e-04 0.0009464396 1032.168     -82.27654  2.487451e+01

