[22;0t]0;IPython: scripts/01_msprime_simulations$par
[1] 0.045178194 0.004668814

$value
[1] -2924.725

$counts
function gradient 
      26       26 

$convergence
[1] 0

$message
[1] "CONVERGENCE: REL_REDUCTION_OF_F <= FACTR*EPSMCH"

$loginfo
      step       par1         par2       fn           gr1           gr2
 [1,]    1 0.10000000 0.0100000000 3016.294  2.263075e+02  2.282421e+04
 [2,]    2 0.00000100 0.0000010000 5749.305  1.226613e+05 -2.092315e+07
 [3,]    3 0.06505214 0.0065055282 2940.953  4.045770e+01  1.514166e+04
 [4,]    4 0.02015697 0.0005202444 3406.317  3.353566e+03 -7.385992e+05
 [5,]    5 0.05042337 0.0045552660 2924.917  2.965989e+01 -2.015366e+03
 [6,]    6 0.05155485 0.0047583541 2924.827  2.021311e+01  7.627110e+02
 [7,]    7 0.05097238 0.0046923837 2924.791  2.218376e+01 -9.018234e+01
 [8,]    8 0.05066535 0.0046834997 2924.786  2.166385e+01 -1.927119e+02
 [9,]    9 0.04821081 0.0046477709 2924.753  1.479927e+01 -5.207506e+02
[10,]   10 0.04593878 0.0046412988 2924.733  5.562005e+00 -4.418217e+02
[11,]   11 0.04504831 0.0046609620 2924.725 -1.314731e-01 -1.034634e+02
[12,]   12 0.04517819 0.0046688142 2924.725 -1.098134e-01 -6.967719e+00
[13,]   13 0.04521202 0.0046695214 2924.725 -1.262617e-03  1.431243e-02
[14,]   14 0.04518299 0.0046689145 2924.725 -9.440248e-02 -5.977251e+00
[15,]   15 0.04517899 0.0046688308 2924.725 -1.072550e-01 -6.803309e+00
[16,]   16 0.04517833 0.0046688170 2924.725 -1.093782e-01 -6.939745e+00
[17,]   17 0.04517822 0.0046688147 2924.725 -1.097389e-01 -6.962938e+00
[18,]   18 0.04517820 0.0046688143 2924.725 -1.098007e-01 -6.966899e+00
[19,]   19 0.04517819 0.0046688142 2924.725 -1.098112e-01 -6.967578e+00
[20,]   20 0.04517819 0.0046688142 2924.725 -1.098130e-01 -6.967693e+00
[21,]   21 0.04517819 0.0046688142 2924.725 -1.098133e-01 -6.967716e+00
[22,]   22 0.04517819 0.0046688142 2924.725 -1.098133e-01 -6.967714e+00
[23,]   23 0.04517819 0.0046688142 2924.725 -1.098132e-01 -6.967703e+00
[24,]   24 0.04517819 0.0046688142 2924.725 -1.098133e-01 -6.967713e+00
[25,]   25 0.04517819 0.0046688142 2924.725 -1.098134e-01 -6.967714e+00
[26,]   26 0.04517819 0.0046688142 2924.725 -1.098133e-01 -6.967714e+00

