[22;0t]0;IPython: scripts/01_msprime_simulations$par
[1] 0.001605517 0.103743276

$value
[1] -19996.89

$counts
function gradient 
      37       37 

$convergence
[1] 0

$message
[1] "CONVERGENCE: REL_REDUCTION_OF_F <= FACTR*EPSMCH"

$loginfo
      step         par1        par2       fn           gr1           gr2
 [1,]    1 0.1000000000  0.01000000 23860.35  9.408731e+03 -3.660128e+05
 [2,]    2 0.0000010000 10.00000000 31406.25 -6.709058e+04  1.736327e+03
 [3,]    3 0.0666948589  3.33721686 21592.00  2.365875e+03  9.742690e+02
 [4,]    4 0.0451717939  3.32818551 21533.13  2.277843e+03  9.686991e+02
 [5,]    5 0.0000010000  3.30923125 21478.84 -2.018485e+05  8.856871e+02
 [6,]    6 0.0445778860  3.32793629 21531.54  2.274282e+03  9.685056e+02
 [7,]    7 0.0222894430  3.31858377 21474.08  2.018690e+03  9.589583e+02
 [8,]    8 0.0000010000  3.28072363 21453.78 -2.066485e+05  8.724669e+02
 [9,]    9 0.0219001027  3.31792242 21472.66  2.009780e+03  9.586009e+02
[10,]   10 0.0109505514  3.29932302 21435.03  1.517654e+03  9.472782e+02
[11,]   11 0.0000010000  3.07601711 21285.39 -2.930377e+05  7.720072e+02
[12,]   12 0.0101852792  3.28371601 21419.15  1.435071e+03  9.420321e+02
[13,]   13 0.0050931396  3.17986656 21317.79  1.719683e+02  9.211022e+02
[14,]   14 0.0016790586  3.11023955 21259.21 -4.862253e+03  9.012553e+02
[15,]   15 0.0178214184  0.00000100 69827.94  6.914418e+04 -2.526164e+08
[16,]   16 0.0072855311  2.03000920 20444.98  2.858972e+02  4.291654e+02
[17,]   17 0.0050898160  1.02744936 20165.02 -1.818057e+03  2.003996e+02
[18,]   18 0.0083845340  0.13635165 20064.90  1.212183e+04 -1.270310e+01
[19,]   19 0.0000010000  0.08319843 20197.78 -1.383420e+06 -4.128766e+01
[20,]   20 0.0047242419  0.11314469 20022.09  1.171794e+04 -1.938624e+02
[21,]   21 0.0000010000  0.15541667 20211.60 -1.336108e+06  4.067304e+02
[22,]   22 0.0029078135  0.12940133 20004.38  7.089375e+03  2.138334e+02
[23,]   23 0.0000010000  0.07887219 20199.36 -1.389223e+06 -6.948599e+02
[24,]   24 0.0018914971  0.11173470 19997.33  2.365603e+03 -1.420695e+01
[25,]   25 0.0008119379  0.12465513 20006.54 -2.304538e+04  3.531850e+02
[26,]   26 0.0017130430  0.11387048 19997.07  2.860760e+02  8.469917e+00
[27,]   27 0.0016869510  0.11293131 19997.06  5.606526e+01  5.045178e+00
[28,]   28 0.0016748930  0.11193044 19997.06  1.037292e+00  5.745622e+00
[29,]   29 0.0016266613  0.10792698 19996.99 -1.993782e+02  3.072105e+01
[30,]   30 0.0014337345  0.09191312 19998.42 -1.252066e+03 -2.260979e+02
[31,]   31 0.0016001079  0.10572291 19996.93 -3.047192e+02  2.756719e+01
[32,]   32 0.0015785475  0.10393330 19996.90 -3.880836e+02  6.644124e+00
[33,]   33 0.0014986196  0.09280997 19998.17 -3.131674e+02 -2.181800e+02
[34,]   34 0.0015773636  0.10376854 19996.90 -3.846983e+02  3.831979e+00
[35,]   35 0.0016071962  0.10374190 19996.89  2.249139e+01 -2.259637e-01
[36,]   36 0.0016055493  0.10374348 19996.89  4.078079e-01 -2.580418e-04
[37,]   37 0.0016055168  0.10374328 19996.89 -5.799666e-04 -1.080662e-04

