[22;0t]0;IPython: scripts/01_msprime_simulations$par
[1] 1.766528e-05 1.139922e-02

$value
[1] -4465.955

$counts
function gradient 
     109      109 

$convergence
[1] 0

$message
[1] "CONVERGENCE: REL_REDUCTION_OF_F <= FACTR*EPSMCH"

$loginfo
       step         par1        par2        fn         gr1           gr2
  [1,]    1 1.000000e-01  0.01000000  4706.909   1139.1289 -2.421395e+04
  [2,]    2 1.000000e-06 10.00000000 25466.051   2416.0985  2.230801e+03
  [3,]    3 7.033472e-02  2.97359144  9872.745   2414.0040  2.176887e+03
  [4,]    4 9.099074e-02  0.91003417  5811.519   2408.9286  1.557679e+03
  [5,]    5 9.718993e-02  0.29072927  5121.171   3580.8668  1.207376e+03
  [6,]    6 9.914584e-02  0.09533108  4986.425   3415.5488  1.461718e+03
  [7,]    7 9.977009e-02  0.03296843  4711.153   1318.3478  7.648054e+03
  [8,]    8 9.991195e-02  0.01879660  4630.808   1100.3065  9.681752e+02
  [9,]    9 9.953038e-02  0.01846166  4630.137   1101.0769  5.278761e+02
 [10,]   10 9.663532e-02  0.01710083  4627.560   1107.5232 -1.509121e+03
 [11,]   11 9.334078e-02  0.01652452  4625.052   1112.5509 -2.490523e+03
 [12,]   12 6.782726e-02  0.01412153  4607.469   1179.2271 -7.250564e+03
 [13,]   13 1.000000e-06  0.01058824  4470.514 -33739.5809 -3.235157e+03
 [14,]   14 6.626100e-02  0.01403994  4606.216   1184.5340 -7.406815e+03
 [15,]   15 3.313100e-02  0.01231409  4579.037   1439.1765 -9.881257e+03
 [16,]   16 9.370731e-03  0.01107634  4545.459   3632.4642 -6.030589e+03
 [17,]   17 2.205776e-03  0.01070309  4501.368  10965.9171 -2.173573e+03
 [18,]   18 1.000000e-06  0.01058824  4470.514 -33739.5809 -3.235157e+03
 [19,]   19 6.640464e-02  0.01528903  4599.077   1138.3726 -4.406192e+03
 [20,]   20 2.009970e-02  0.01201105  4561.778   1676.5756 -8.368445e+03
 [21,]   21 5.360895e-03  0.01096767  4526.200   6289.7998 -3.275388e+03
 [22,]   22 1.184469e-03  0.01067201  4488.228  15448.7974 -1.641647e+03
 [23,]   23 2.446054e-04  0.01060548  4470.354  23241.9292 -9.218078e+02
 [24,]   24 1.334565e-04  0.01090266  4467.549  18477.6684 -5.194519e+02
 [25,]   25 1.000000e-06  0.01126258  4468.395 -16114.4909 -1.146148e+03
 [26,]   26 9.903284e-05  0.01099620  4466.789  22253.1689 -4.302378e+02
 [27,]   27 5.001642e-05  0.01112939  4465.981  18683.5263 -5.430292e+02
 [28,]   28 1.766558e-05  0.01121730  4466.037  10922.0431 -8.815348e+02
 [29,]   29 1.000000e-06  0.01138042  4468.306 -14999.5626 -3.615712e+02
 [30,]   30 1.728352e-05  0.01122104  4466.045  10763.8123 -8.745873e+02
 [31,]   31 1.763119e-05  0.01121764  4466.038  10907.9832 -8.809182e+02
 [32,]   32 1.766244e-05  0.01121733  4466.037  10920.7610 -8.814786e+02
 [33,]   33 1.766530e-05  0.01121730  4466.037  10921.9259 -8.815297e+02
 [34,]   34 1.766556e-05  0.01121730  4466.037  10922.0324 -8.815344e+02
 [35,]   35 1.766558e-05  0.01121730  4466.037  10922.0421 -8.815348e+02
 [36,]   36 1.766558e-05  0.01121730  4466.037  10922.0430 -8.815348e+02
 [37,]   37 1.766558e-05  0.01121730  4466.037  10922.0431 -8.815348e+02
 [38,]   38 1.766558e-05  0.01121730  4466.037  10922.0431 -8.815348e+02
 [39,]   39 1.766558e-05  0.01121730  4466.037  10922.0431 -8.815348e+02
 [40,]   40 1.766558e-05  0.01121730  4466.037  10922.0431 -8.815348e+02
 [41,]   41 1.766558e-05  0.01121730  4466.037  10922.0431 -8.815348e+02
 [42,]   42 1.766558e-05  0.01121730  4466.037  10922.0431 -8.815348e+02
 [43,]   43 1.766558e-05  0.01121730  4466.037  10922.0431 -8.815348e+02
 [44,]   44 1.766558e-05  0.01121730  4466.037  10922.0431 -8.815348e+02
 [45,]   45 1.766558e-05  0.01121730  4466.037  10922.0431 -8.815348e+02
 [46,]   46 1.766558e-05  0.01121730  4466.037  10922.0431 -8.815348e+02
 [47,]   47 1.766558e-05  0.01121730  4466.037  10922.0431 -8.815348e+02
 [48,]   48 1.766558e-05  0.01121730  4466.037  10922.0431 -8.815348e+02
 [49,]   49 1.000000e-06 10.00000000 25466.051   2416.0985  2.230801e+03
 [50,]   50 1.632898e-05  0.81233202  5445.453   2409.9720  1.442969e+03
 [51,]   51 1.750401e-05  0.10805941  4518.309 -11045.2974  1.316847e+03
 [52,]   52 1.762673e-05  0.03450219  4467.469  -8196.3215 -8.016860e+02
 [53,]   53 1.765783e-05  0.01586465  4469.579   5247.1059  2.314941e+03
 [54,]   54 1.766357e-05  0.01242293  4467.165    984.3227 -2.325214e+02
 [55,]   55 1.766538e-05  0.01133953  4465.964  11811.9243 -2.980910e+02
 [56,]   56 1.000000e-06  0.01142739  4468.296 -14750.5235 -5.232490e+01
 [57,]   57 1.740333e-05  0.01134091  4465.970  11694.2736 -2.955014e+02
 [58,]   58 1.764896e-05  0.01133961  4465.964  11804.6137 -2.979298e+02
 [59,]   59 1.766434e-05  0.01133953  4465.964  11811.4617 -2.980808e+02
 [60,]   60 1.766531e-05  0.01133953  4465.964  11811.8950 -2.980904e+02
 [61,]   61 1.766538e-05  0.01133953  4465.964  11811.9225 -2.980910e+02
 [62,]   62 1.766538e-05  0.01133953  4465.964  11811.9242 -2.980910e+02
 [63,]   63 1.766538e-05  0.01133953  4465.964  11811.9243 -2.980910e+02
 [64,]   64 1.766538e-05  0.01133953  4465.964  11811.9243 -2.980910e+02
 [65,]   65 1.766538e-05  0.01133953  4465.964  11811.9243 -2.980910e+02
 [66,]   66 1.766538e-05  0.01133953  4465.964  11811.9243 -2.980910e+02
 [67,]   67 1.766538e-05  0.01133953  4465.964  11811.9243 -2.980910e+02
 [68,]   68 1.766538e-05  0.01133953  4465.964  11811.9243 -2.980910e+02
 [69,]   69 1.766538e-05  0.01133953  4465.964  11811.9243 -2.980910e+02
 [70,]   70 1.766538e-05  0.01133953  4465.964  11811.9243 -2.980910e+02
 [71,]   71 1.766538e-05  0.01133953  4465.964  11811.9243 -2.980910e+02
 [72,]   72 1.766538e-05  0.01133953  4465.964  11811.9243 -2.980910e+02
 [73,]   73 1.766538e-05  0.01133953  4465.964  11811.9243 -2.980910e+02
 [74,]   74 1.766538e-05  0.01133953  4465.964  11811.9243 -2.980910e+02
 [75,]   75 1.000000e-06 10.00000000 25466.051   2416.0985  2.230801e+03
 [76,]   76 1.712078e-05  0.33775674  4828.995 -14958.6411  2.015641e+03
 [77,]   77 1.762164e-05  0.03755387  4467.580  -5248.4364  9.047122e+02
 [78,]   78 1.764437e-05  0.02393484  4469.995  -1379.4932  6.032077e+01
 [79,]   79 1.766306e-05  0.01272939  4466.925   3539.7785 -9.730749e+02
 [80,]   80 1.766528e-05  0.01139920  4465.955  12055.7843 -3.544843e-01
 [81,]   81 1.000000e-06  0.01141292  4468.298 -14815.0535 -1.473644e+02
 [82,]   82 1.742904e-05  0.01139939  4465.961  11946.0559 -2.105182e+00
 [83,]   83 1.765181e-05  0.01139921  4465.955  12049.5749 -4.540744e-01
 [84,]   84 1.766450e-05  0.01139920  4465.955  12055.4271 -3.602164e-01
 [85,]   85 1.766524e-05  0.01139920  4465.955  12055.7638 -3.548145e-01
 [86,]   86 1.766528e-05  0.01139920  4465.955  12055.7831 -3.545041e-01
 [87,]   87 1.766528e-05  0.01139920  4465.955  12055.7843 -3.544856e-01
 [88,]   88 1.766528e-05  0.01139920  4465.955  12055.7843 -3.544843e-01
 [89,]   89 1.766528e-05  0.01139920  4465.955  12055.7843 -3.544843e-01
 [90,]   90 1.766528e-05  0.01139920  4465.955  12055.7843 -3.544843e-01
 [91,]   91 1.766528e-05  0.01139920  4465.955  12055.7843 -3.544843e-01
 [92,]   92 1.766528e-05  0.01139920  4465.955  12055.7843 -3.544843e-01
 [93,]   93 1.766528e-05  0.01139920  4465.955  12055.7843 -3.544843e-01
 [94,]   94 1.766528e-05  0.01139920  4465.955  12055.7843 -3.544843e-01
 [95,]   95 1.766528e-05  0.01139920  4465.955  12055.7843 -3.544843e-01
 [96,]   96 1.766528e-05  0.01139920  4465.955  12055.7843 -3.544843e-01
 [97,]   97 1.766528e-05  0.01139920  4465.955  12055.7843 -3.544843e-01
 [98,]   98 1.766528e-05  0.01139920  4465.955  12055.7843 -3.544843e-01
 [99,]   99 1.766528e-05  0.01139920  4465.955  12055.7843 -3.544843e-01
[100,]  100 1.766528e-05  0.01139920  4465.955  12055.7843 -3.544843e-01
[101,]  101 1.000000e-06  0.36588351  4891.210 -43526.3916  2.206803e+03
[102,]  102 1.765976e-05  0.01151652  4465.990  12110.1862  5.854793e+02
[103,]  103 1.766527e-05  0.01139938  4465.955  12056.2991  5.333932e-01
[104,]  104 1.766528e-05  0.01139923  4465.955  12055.8754 -1.975339e-01
[105,]  105 1.766528e-05  0.01139921  4465.955  12055.8040 -3.205456e-01
[106,]  106 1.766528e-05  0.01139922  4465.955  12055.8511 -2.393579e-01
[107,]  107 1.766528e-05  0.01139921  4465.955  12055.8140 -3.033828e-01
[108,]  108 1.766528e-05  0.01139922  4465.955  12055.8385 -2.611265e-01

