[22;0t]0;IPython: scripts/01_msprime_simulations$par
[1] 0.052181793 0.001090099

$value
[1] -849.425

$counts
function gradient 
      32       32 

$convergence
[1] 0

$message
[1] "CONVERGENCE: REL_REDUCTION_OF_F <= FACTR*EPSMCH"

$loginfo
      step        par1         par2        fn           gr1           gr2
 [1,]    1 0.100000000 0.0100000000 1075.5819  1.377575e+03  7.525131e+03
 [2,]    2 0.000001000 0.0000010000 1355.4212  1.158231e+05 -4.631137e+06
 [3,]    3 0.056187843 0.0056191786  974.8583  7.552715e+02  1.894191e+04
 [4,]    4 0.019566122 0.0019573362  866.4724 -8.403956e+01  2.668836e+04
 [5,]    5 0.006653142 0.0006661543  858.2289 -2.394504e+01 -3.961121e+04
 [6,]    6 0.014485749 0.0014493445  855.4340 -2.367163e+02  1.847843e+04
 [7,]    7 0.005929722 0.0000010000 1470.8544  2.986121e+03 -4.870425e+06
 [8,]    8 0.011857073 0.0010043683  851.5009 -2.233984e+02 -1.836248e+03
 [9,]    9 0.018551701 0.0010778859  850.4263 -1.144359e+02  1.438833e+03
[10,]   10 0.024953590 0.0010665152  849.8954 -5.591201e+01 -4.350491e+02
[11,]   11 0.031860349 0.0010938459  849.6295 -2.822120e+01  9.467487e+02
[12,]   12 0.038289663 0.0010873390  849.4965 -1.306417e+01  1.350614e+02
[13,]   13 0.044004535 0.0010894926  849.4454 -5.734051e+00  1.143930e+02
[14,]   14 0.045381578 0.0000010000 1494.1073  1.499180e+02 -4.916071e+06
[15,]   15 0.044390768 0.0007841924  853.9042  1.312538e+01 -3.471129e+04
[16,]   16 0.044006584 0.0010878724  849.4449 -5.690128e+00 -1.018619e+01
[17,]   17 0.048451726 0.0010894785  849.4285 -2.108609e+00  1.467151e+01
[18,]   18 0.051058314 0.0010900400  849.4253 -5.695280e-01  1.289475e+01
[19,]   19 0.052018218 0.0010900875  849.4250 -8.288060e-02  1.674735e+00
[20,]   20 0.052181793 0.0010900986  849.4250 -3.974753e-03  9.147504e-02
[21,]   21 0.052190028 0.0010900990  849.4250 -2.955630e-05  4.160637e-04
[22,]   22 0.052182170 0.0010900987  849.4250 -3.794244e-03  8.730826e-02
[23,]   23 0.052181811 0.0010900986  849.4250 -3.966113e-03  9.127521e-02
[24,]   24 0.052181794 0.0010900986  849.4250 -3.974351e-03  9.146534e-02
[25,]   25 0.052181793 0.0010900986  849.4250 -3.974736e-03  9.147429e-02
[26,]   26 0.052181793 0.0010900986  849.4250 -3.974724e-03  9.147400e-02
[27,]   27 0.052181794 0.0010900986  849.4250 -3.974512e-03  9.146968e-02
[28,]   28 0.052181793 0.0010900986  849.4250 -3.974719e-03  9.147382e-02
[29,]   29 0.052181793 0.0010900986  849.4250 -3.974727e-03  9.147382e-02
[30,]   30 0.052181793 0.0010900986  849.4250 -3.974621e-03  9.147174e-02
[31,]   31 0.052181793 0.0010900986  849.4250 -3.974729e-03  9.147378e-02
[32,]   32 0.052181793 0.0010900986  849.4250 -3.974727e-03  9.147382e-02

