[22;0t]0;IPython: scripts/01_msprime_simulations$par
[1] 0.10029937 0.00982634

$value
[1] -5352.274

$counts
function gradient 
       9        9 

$convergence
[1] 0

$message
[1] "CONVERGENCE: REL_REDUCTION_OF_F <= FACTR*EPSMCH"

$loginfo
      step       par1        par2        fn           gr1           gr2
 [1,]    1 0.10000000 0.010000000  5352.369 -6.6945140088  1.058044e+03
 [2,]    2 6.79451401 0.000001000 13204.147  1.1130181065 -4.401974e+07
 [3,]    3 2.30187640 0.006711253  5447.065  3.2667886262 -4.234017e+04
 [4,]    4 0.21858935 0.009822874  5357.936 69.5112886979 -2.037952e+03
 [5,]    5 0.10593915 0.009991129  5352.351  3.1880051120  8.080717e+02
 [6,]    6 0.08447728 0.009189715  5353.388  0.1470174084 -3.544019e+03
 [7,]    7 0.10151499 0.009825926  5352.275  1.9801229882 -4.686220e+01
 [8,]    8 0.10029350 0.009826460  5352.274 -0.0138456517  9.507096e-01
 [9,]    9 0.10029937 0.009826340  5352.274  0.0001847684 -5.616175e-03

