[22;0t]0;IPython: scripts/01_msprime_simulations$par
[1] 0.03453944 0.04948255

$value
[1] -18928.26

$counts
function gradient 
      37       37 

$convergence
[1] 0

$message
[1] "CONVERGENCE: REL_REDUCTION_OF_F <= FACTR*EPSMCH"

$loginfo
      step         par1        par2       fn           gr1           gr2
 [1,]    1 0.1000000000  0.01000000 21781.17  8.060640e+03 -3.230627e+05
 [2,]    2 0.0000010000 10.00000000 30741.17  2.416088e+03  1.790386e+03
 [3,]    3 0.0667605492  3.33065434 20628.25  2.331015e+03  9.540648e+02
 [4,]    4 0.0428033048  3.32069219 20563.19  2.307525e+03  9.467236e+02
 [5,]    5 0.0000010000  3.30289369 20448.05  2.415060e+03  9.266828e+02
 [6,]    6 0.0000010000  3.29339595 20439.27  2.415017e+03  9.225520e+02
 [7,]    7 0.0000010000  1.17223849 20003.59 -1.559362e+06  1.936437e+02
 [8,]    8 0.0011123013  0.00000100 61853.15  1.204215e+05 -2.287510e+08
 [9,]    9 0.0003838044  0.76844369 19569.82 -9.864956e+04  3.548437e+02
[10,]   10 0.0005258035  0.00000100 61781.82  1.227801e+05 -2.287506e+08
[11,]   11 0.0004313655  0.51106184 19519.39 -1.115686e+05  2.515042e+02
[12,]   12 0.0007334731  0.00000100 61807.24  1.219684e+05 -2.287507e+08
[13,]   13 0.0005323202  0.34028165 19457.35 -9.126532e+04  2.139876e+02
[14,]   14 0.0007710458  0.00000100 61811.82  1.218187e+05 -2.287507e+08
[15,]   15 0.0006119851  0.22672700 19410.22 -9.816743e+04  2.928056e+02
[16,]   16 0.0006915155  0.11336400 19321.77 -1.100437e+05  1.075559e+03
[17,]   17 0.0007444485  0.03791300 19216.48 -1.296815e+05  9.981792e+02
[18,]   18 0.0007620027  0.01289108 19484.78 -6.722930e+03 -7.213443e+04
[19,]   19 0.0007444485  0.03791300 19216.48 -1.296815e+05  9.981792e+02
[20,]   20 0.0008594267  0.00000100 61822.57  1.214634e+05 -2.287508e+08
[21,]   21 0.0007826199  0.02532667 19211.97 -1.127285e+05 -3.526220e+03
[22,]   22 0.0007560561  0.03408559 19211.39 -1.272750e+05  8.633057e+02
[23,]   23 0.0034599101  0.04687602 19071.36 -2.892605e+04  1.572761e+03
[24,]   24 0.0044005555  0.00000100 62224.53  1.052997e+05 -2.287598e+08
[25,]   25 0.0037727345  0.03128709 19058.64 -2.171849e+04 -2.078612e+03
[26,]   26 0.0063766786  0.04344069 19009.02 -1.363257e+04  8.964902e+02
[27,]   27 0.0091619381  0.04414033 18980.25 -8.113939e+03  7.126966e+02
[28,]   28 0.0131531654  0.04373406 18956.40 -4.230531e+03  6.224701e+01
[29,]   29 0.0177781809  0.04534913 18941.98 -2.254577e+03  1.909172e+00
[30,]   30 0.0231214868  0.04756601 18933.44 -1.143693e+03  2.089385e+02
[31,]   31 0.0290881113  0.04283088 18936.32  2.568525e+02 -2.797552e+03
[32,]   32 0.0253584010  0.04579079 18931.92 -5.925592e+02 -7.095927e+02
[33,]   33 0.0296773654  0.04831058 18929.01 -3.109019e+02 -8.751275e+01
[34,]   34 0.0329401519  0.04934630 18928.33 -1.049383e+02  6.026474e+01
[35,]   35 0.0341961127  0.04949038 18928.26 -2.393823e+01  2.703624e+01
[36,]   36 0.0345170951  0.04948525 18928.26 -1.708872e+00  2.701332e+00
[37,]   37 0.0345394396  0.04948255 18928.26 -1.909097e-02  9.455625e-02

