[22;0t]0;IPython: scripts/01_msprime_simulations$par
[1] 0.08005351 0.04973547

$value
[1] -18460.95

$counts
function gradient 
      46       46 

$convergence
[1] 0

$message
[1] "CONVERGENCE: REL_REDUCTION_OF_F <= FACTR*EPSMCH"

$loginfo
      step        par1        par2       fn           gr1           gr2
 [1,]    1 0.100000000  0.01000000 21027.70  7.247521e+03 -3.054320e+05
 [2,]    2 0.000001000 10.00000000 30485.92  2.416085e+03  1.811697e+03
 [3,]    3 0.066775571  3.32915366 20147.79  2.357574e+03  1.005223e+03
 [4,]    4 0.088904753  1.11842623 19332.58  2.195867e+03 -6.825214e+00
 [5,]    5 0.080937741  1.11839900 19315.33  2.132804e+03  1.610416e+01
 [6,]    6 0.049069690  1.11829007 19253.86  1.632683e+03  1.191979e+02
 [7,]    7 0.000001000  1.11712587 19521.50 -1.125332e+06 -2.082645e+02
 [8,]    8 0.029969735  1.11783691 19229.29  8.060679e+02  1.901154e+02
 [9,]    9 0.011121075  1.11644691 19234.83 -2.430171e+03  2.630439e+02
[10,]   10 0.021915654  1.11724296 19225.32  8.177277e+01  2.250683e+02
[11,]   11 0.020777210  1.11631926 19225.09 -5.854423e+01  2.308693e+02
[12,]   12 0.019600397  1.11312625 19224.50 -2.116762e+02  2.387176e+02
[13,]   13 0.015067865  1.09007034 19221.23 -1.030284e+03  2.704488e+02
[14,]   14 0.011589870  1.04968510 19214.72 -2.177204e+03  3.209943e+02
[15,]   15 0.000001000  0.82257772 19281.57 -5.765913e+05  1.452413e+03
[16,]   16 0.006569995  0.95131048 19195.24 -6.203491e+03  4.898221e+02
[17,]   17 0.000001000  0.77371867 19218.74 -4.533360e+05  1.108582e+03
[18,]   18 0.003319651  0.86343791 19165.80 -1.030404e+04  7.462664e+02
[19,]   19 0.001211873  0.80645444 19148.57 -2.220416e+04  8.667286e+02
[20,]   20 0.000001000  0.66475650 19147.74 -3.979503e+05  1.582906e+02
[21,]   21 0.001002721  0.78197920 19133.24 -2.622472e+04  7.953445e+02
[22,]   22 0.016847037  0.00000100 60802.57  6.526641e+04 -2.196696e+08
[23,]   23 0.006379095  0.51663440 18998.26 -3.154737e+03  2.983901e+02
[24,]   24 0.007812250  0.38971241 18966.89 -1.104370e+03  4.186031e+02
[25,]   25 0.012212723  0.00000100 60472.72  7.758540e+04 -2.196517e+08
[26,]   26 0.009282796  0.25947897 18912.75 -6.379165e+02  4.585909e+02
[27,]   27 0.011234654  0.08662007 18711.13 -6.631983e+03  2.668099e+03
[28,]   28 0.011885260  0.02900151 18608.99 -4.731908e+03 -8.497642e+03
[29,]   29 0.011394176  0.07249260 18669.15 -8.073484e+03  3.092183e+03
[30,]   30 0.011885260  0.02900151 18608.99 -4.731908e+03 -8.497642e+03
[31,]   31 0.007420980  0.49793068 18989.98 -2.344205e+03  2.719476e+02
[32,]   32 0.010617326  0.16218563 18843.51 -1.696426e+03  1.060818e+03
[33,]   33 0.011571188  0.06199176 18634.15 -9.009537e+03  3.238560e+03
[34,]   34 0.011779002  0.04016291 18577.02 -8.990071e+03  5.792527e+02
[35,]   35 0.013091983  0.03996134 18565.92 -7.807438e+03  2.893583e+02
[36,]   36 0.021965420  0.04059839 18518.58 -3.526800e+03 -8.510683e+02
[37,]   37 0.030321383  0.04404608 18493.95 -2.162098e+03 -1.467912e+01
[38,]   38 0.042336664  0.04610221 18475.44 -1.061047e+03  2.104630e+01
[39,]   39 0.053818840  0.04786690 18466.68 -5.515777e+02  2.151344e+02
[40,]   40 0.066700562  0.04472826 18467.42  4.959773e+01 -2.794573e+03
[41,]   41 0.059714641  0.04643038 18464.89 -2.521632e+02 -1.029415e+03
[42,]   42 0.069825090  0.04885639 18461.63 -1.363901e+02 -7.217579e+01
[43,]   43 0.076566181  0.04966457 18461.03 -4.987077e+01  1.037208e+02
[44,]   44 0.079299735  0.04975469 18460.95 -1.166620e+01  4.289583e+01
[45,]   45 0.080007750  0.04973867 18460.95 -7.892514e-01  3.955157e+00
[46,]   46 0.080053512  0.04973547 18460.95 -6.130431e-03  1.307579e-01

