[22;0t]0;IPython: scripts/01_msprime_simulations$par
[1] 0.001725913 0.012475981

$value
[1] -5785.86

$counts
function gradient 
      33       33 

$convergence
[1] 0

$message
[1] "CONVERGENCE: REL_REDUCTION_OF_F <= FACTR*EPSMCH"

$loginfo
      step        par1         par2        fn           gr1           gr2
 [1,]    1 0.100000000  0.010000000  5980.635  7.191105e+02 -2.343090e+04
 [2,]    2 0.000001000 10.000000000 25793.490  2.416098e+03  2.203464e+03
 [3,]    3 0.070248338  2.982220732 10540.172  2.413941e+03  2.090301e+03
 [4,]    4 0.090861066  0.922988644  6781.065  2.398266e+03  1.313717e+03
 [5,]    5 0.097089597  0.300752149  6230.244  2.932622e+03  1.856904e+02
 [6,]    6 0.099093176  0.100592597  6228.679  3.165954e+03  4.671214e+02
 [7,]    7 0.099752957  0.034679834  6039.027  1.208334e+03  6.951647e+03
 [8,]    8 0.099921602  0.017832003  5929.917  6.581981e+02  2.837276e+03
 [9,]    9 0.099731829  0.016987577  5927.854  6.479988e+02  1.720214e+03
[10,]   10 0.098928670  0.015584456  5926.511  6.400899e+02 -6.641849e+02
[11,]   11 0.098580599  0.015760848  5926.201  6.418022e+02 -3.247220e+02
[12,]   12 0.094030752  0.016610608  5923.591  6.613546e+02  1.100851e+03
[13,]   13 0.077867834  0.018286865  5915.799  7.533752e+02  2.967699e+03
[14,]   14 0.000001000  0.024541445  5899.533 -6.241232e+05  9.914593e+02
[15,]   15 0.077803643  0.018292021  5915.766  7.538364e+02  2.971516e+03
[16,]   16 0.038902321  0.021416733  5887.571  1.433303e+03  3.393091e+03
[17,]   17 0.012992976  0.023497877  5837.911  3.264997e+03  1.537194e+03
[18,]   18 0.004409651  0.024187324  5804.247  4.361014e+03  1.336467e+03
[19,]   19 0.000001000  0.024364527  5899.358 -6.245888e+05  9.911973e+02
[20,]   20 0.002814007  0.024251460  5798.440  2.555677e+03  1.411786e+03
[21,]   21 0.000568101  0.023359079  5807.346 -2.553492e+04  1.374959e+03
[22,]   22 0.002025127  0.023938009  5796.889 -1.246824e+02  1.441644e+03
[23,]   23 0.001879811  0.022733239  5795.241 -8.827812e+02  1.406166e+03
[24,]   24 0.001298551  0.017914161  5790.913 -5.760482e+03  1.078229e+03
[25,]   25 0.001788776  0.003956345  5921.518  2.703229e+04 -7.754828e+04
[26,]   26 0.001450201  0.013596328  5786.535 -2.893496e+03  5.067764e+02
[27,]   27 0.001624775  0.009875153  5787.391  1.999040e+03 -1.702195e+03
[28,]   28 0.001523908  0.012025215  5785.991 -1.284059e+03 -4.256471e+01
[29,]   29 0.001703476  0.012500757  5785.862 -1.774682e+02  2.071146e+01
[30,]   30 0.001725000  0.012472318  5785.860 -1.462245e+01 -2.939769e+00
[31,]   31 0.001728404  0.012485983  5785.860 -7.407372e-02  2.859194e-01
[32,]   32 0.001725913  0.012475981  5785.860 -1.071563e+01 -2.075476e+00

