[22;0t]0;IPython: scripts/01_msprime_simulations$par
[1] 0.0007977540 0.0005913911

$value
[1] -455.1786

$counts
function gradient 
      29       29 

$convergence
[1] 0

$message
[1] "CONVERGENCE: REL_REDUCTION_OF_F <= FACTR*EPSMCH"

$loginfo
      step         par1         par2       fn           gr1           gr2
 [1,]    1 0.1000000000 0.0100000000 667.8541  1.898357e+03  4.498700e+03
 [2,]    2 0.0000010000 0.0000010000 677.7452  1.024638e+05 -2.093125e+06
 [3,]    3 0.0428933280 0.0042898468 535.8607  1.435316e+03  7.949568e+03
 [4,]    4 0.0145843915 0.0014592079 471.2940  6.325492e+02  1.549854e+04
 [5,]    5 0.0049593531 0.0004967907 457.5550  3.498363e+02 -1.075781e+04
 [6,]    6 0.0000010000 0.0072566239 466.3312 -1.289785e+03  3.700147e+02
 [7,]    7 0.0035490288 0.0024195173 468.7783  2.010882e+03  3.407253e+03
 [8,]    8 0.0047188871 0.0008246234 458.4088  4.090058e+02  8.679017e+03
 [9,]    9 0.0048850744 0.0005980565 457.1526  3.321206e+02 -3.313188e+01
[10,]   10 0.0000010000 0.0006094974 464.5968 -6.734600e+04  1.045650e+03
[11,]   11 0.0030792903 0.0006022865 456.4135  5.083566e+02  2.206812e+02
[12,]   12 0.0011194067 0.0006068776 455.2765  4.479680e+02  3.932066e+02
[13,]   13 0.0003812583 0.0006086067 455.5776 -2.825867e+03  1.061476e+03
[14,]   14 0.0008402473 0.0006075315 455.1928  8.306000e+01  5.708063e+02
[15,]   15 0.0000010000 0.0006019806 464.5888 -6.737826e+04  1.037222e+03
[16,]   16 0.0006286495 0.0006061320 455.2303 -5.818048e+02  7.100896e+02
[17,]   17 0.0007970907 0.0006072461 455.1904 -1.266369e+01  5.927763e+02
[18,]   18 0.0007995482 0.0006007793 455.1845 -2.582846e+00  3.494584e+02
[19,]   19 0.0007977540 0.0005913911 455.1786  9.926879e-01 -2.023867e+01
[20,]   20 0.0007974954 0.0005918977 455.1789 -9.872916e-02  7.719601e-01
[21,]   21 0.0007977521 0.0005913948 455.1786  9.845800e-01 -2.008264e+01
[22,]   22 0.0007977540 0.0005913911 455.1786  9.926275e-01 -2.023751e+01
[23,]   23 0.0007977540 0.0005913911 455.1786  9.926875e-01 -2.023866e+01
[24,]   24 0.0007977540 0.0005913911 455.1786  9.926879e-01 -2.023867e+01
[25,]   25 0.0007977540 0.0005913911 455.1786  9.926879e-01 -2.023867e+01
[26,]   26 0.0007977540 0.0005913911 455.1786  9.926879e-01 -2.023867e+01
[27,]   27 0.0007977540 0.0005913911 455.1786  9.926879e-01 -2.023867e+01
[28,]   28 0.0007977540 0.0005913911 455.1786  9.926879e-01 -2.023867e+01
[29,]   29 0.0007977540 0.0005913911 455.1786  9.926879e-01 -2.023867e+01

