[22;0t]0;IPython: scripts/01_msprime_simulations$par
[1] 1.000000e-06 2.749132e-05

$value
[1] -101.4975

$counts
function gradient 
      73       73 

$convergence
[1] 52

$message
[1] "ERROR: ABNORMAL_TERMINATION_IN_LNSRCH"

$loginfo
      step  par1         par2         fn        gr1           gr2
 [1,]    1 1e-01 1.000000e-02   342.2950  2219.3761    3132.80767
 [2,]    2 1e-06 1.000000e-06   124.7680 46879.9683 -235035.03988
 [3,]    3 1e-06 1.000000e+01 24353.5324  2416.0878    2323.68423
 [4,]    4 1e-06 3.282016e+00  8257.8657  2415.9933    2467.72843
 [5,]    5 1e-06 1.076993e+00  2767.6831  2415.5699    2509.76689
 [6,]    6 1e-06 3.535181e-01   950.6166  2414.0934    2506.62034
 [7,]    7 1e-06 1.161548e-01   359.4354  2409.0982    2454.01845
 [8,]    8 1e-06 3.826208e-02   172.6174  2387.0987    2280.46305
 [9,]    9 1e-06 1.268144e-02   118.6319  2238.0781    1753.83366
[10,]   10 1e-06 1.258752e-02   118.4675  2235.7338    1747.95215
[11,]   11 1e-06 1.221184e-02   117.8153  2225.8519    1723.52112
[12,]   12 1e-06 1.070911e-02   115.3079  2176.3938    1608.65031
[13,]   13 1e-06 4.698180e-03   108.2636  1456.8417     414.12545
[14,]   14 1e-06 2.230424e-03   108.2251  3027.7630    1743.43290
[15,]   15 1e-06 1.000000e-06   124.7680 46879.9683 -235035.03988
[16,]   16 1e-06 1.407804e-03   106.5733  4250.9596    1626.88296
[17,]   17 1e-06 9.728722e-04   105.7523  5599.1663    2447.35371
[18,]   18 1e-06 3.918290e-04   103.6120  7667.9865    5768.34645
[19,]   19 1e-06 1.000000e-06   124.7680 46879.9683 -235035.03988
[20,]   20 1e-06 3.084313e-04   103.0915  6491.8873    6950.92158
[21,]   21 1e-06 1.547156e-04   101.8101  -658.0002    8571.68342
[22,]   22 1e-06 1.518278e-04   101.7812  -863.8892    8396.26460
[23,]   23 1e-06 1.501520e-04   101.7644  -983.9714    8275.89563
[24,]   24 1e-06 7.557598e-05   101.0450 -4877.4423    9686.72300
[25,]   25 1e-06 7.508428e-05   101.0417 -4867.4156    9672.73737
[26,]   26 1e-06 2.618865e-05   101.5646 12045.8729    -445.50140
[27,]   27 1e-06 1.000000e+01 24353.5324  2416.0878    2323.68423
[28,]   28 1e-06 3.930424e-01  1049.7303  2414.3199    2508.59857
[29,]   29 1e-06 1.608735e-02   124.9120  2298.7195    1920.70244
[30,]   30 1e-06 1.150931e-03   106.1387  4785.1649    1922.22574
[31,]   31 1e-06 4.903429e-05   101.0164 -1918.5846    7367.50054
[32,]   32 1e-06 2.749132e-05   101.4975 10581.8989     358.59281
[33,]   33 1e-06 2.691039e-05   101.5260 11223.8341      14.01002
[34,]   34 1e-06 2.749062e-05   101.4976 10582.6676     358.18688
[35,]   35 1e-06 2.749132e-05   101.4975 10581.8999     358.59230
[36,]   36 1e-06 2.749132e-05   101.4975 10581.8989     358.59281
[37,]   37 1e-06 2.749132e-05   101.4975 10581.8989     358.59281
[38,]   38 1e-06 2.749132e-05   101.4975 10581.8989     358.59281
[39,]   39 1e-06 2.749132e-05   101.4975 10581.8989     358.59281
[40,]   40 1e-06 2.749132e-05   101.4975 10581.8989     358.59281
[41,]   41 1e-06 2.749132e-05   101.4975 10581.8989     358.59281
[42,]   42 1e-06 2.749132e-05   101.4975 10581.8989     358.59281
[43,]   43 1e-06 2.749132e-05   101.4975 10581.8989     358.59281
[44,]   44 1e-06 2.749132e-05   101.4975 10581.8989     358.59281
[45,]   45 1e-06 2.749132e-05   101.4975 10581.8989     358.59281
[46,]   46 1e-06 2.749132e-05   101.4975 10581.8989     358.59281
[47,]   47 1e-06 2.749132e-05   101.4975 10581.8989     358.59281
[48,]   48 1e-06 2.749132e-05   101.4975 10581.8989     358.59281
[49,]   49 1e-06 2.749132e-05   101.4975 10581.8989     358.59281
[50,]   50 1e-06 2.749132e-05   101.4975 10581.8989     358.59281
[51,]   51 1e-06 2.749132e-05   101.4975 10581.8989     358.59281
[52,]   52 1e-06 2.749132e-05   101.4975 10581.8989     358.59281
[53,]   53 1e-06 1.000000e-06   124.7680 46879.9683 -235035.03988
[54,]   54 1e-06 2.748935e-05   101.4976 10584.0545     357.45444
[55,]   55 1e-06 2.749132e-05   101.4975 10581.9016     358.59138
[56,]   56 1e-06 2.749132e-05   101.4975 10581.8989     358.59281
[57,]   57 1e-06 2.749132e-05   101.4975 10581.8989     358.59281
[58,]   58 1e-06 2.749132e-05   101.4975 10581.8989     358.59281
[59,]   59 1e-06 2.749132e-05   101.4975 10581.8989     358.59281
[60,]   60 1e-06 2.749132e-05   101.4975 10581.8989     358.59281
[61,]   61 1e-06 2.749132e-05   101.4975 10581.8989     358.59281
[62,]   62 1e-06 2.749132e-05   101.4975 10581.8989     358.59281
[63,]   63 1e-06 2.749132e-05   101.4975 10581.8989     358.59281
[64,]   64 1e-06 2.749132e-05   101.4975 10581.8989     358.59281
[65,]   65 1e-06 2.749132e-05   101.4975 10581.8989     358.59281
[66,]   66 1e-06 2.749132e-05   101.4975 10581.8989     358.59281
[67,]   67 1e-06 2.749132e-05   101.4975 10581.8989     358.59281
[68,]   68 1e-06 2.749132e-05   101.4975 10581.8989     358.59281
[69,]   69 1e-06 2.749132e-05   101.4975 10581.8989     358.59281
[70,]   70 1e-06 2.749132e-05   101.4975 10581.8989     358.59281
[71,]   71 1e-06 2.749132e-05   101.4975 10581.8989     358.59281
[72,]   72 1e-06 2.749132e-05   101.4975 10581.8989     358.59281

