[22;0t]0;IPython: scripts/01_msprime_simulations$par
[1] 0.0003864513 0.0004625728

$value
[1] -363.0973

$counts
function gradient 
      39       39 

$convergence
[1] 0

$message
[1] "CONVERGENCE: REL_REDUCTION_OF_F <= FACTR*EPSMCH"

$loginfo
      step         par1         par2       fn           gr1           gr2
 [1,]    1 0.1000000000 0.0100000000 580.2433  1.999915e+03  3.605152e+03
 [2,]    2 0.0000010000 0.0000010000 528.5640  8.572576e+04 -1.547523e+06
 [3,]    3 0.0966929016 0.0096693199 572.4449  1.989896e+03  3.660205e+03
 [4,]    4 0.0483469508 0.0048351600 460.1701  1.718837e+03  5.588085e+03
 [5,]    5 0.0170901394 0.0017097601 388.9542  9.544122e+02  1.329277e+04
 [6,]    6 0.0075960718 0.0007604388 368.5655  3.510420e+02  1.403378e+04
 [7,]    7 0.0000010000 0.0000010000 528.5640  8.572576e+04 -1.547523e+06
 [8,]    8 0.0067430798 0.0006751473 367.1390  3.195026e+02  1.194008e+04
 [9,]    9 0.0000010000 0.0000010000 528.5640  8.572576e+04 -1.547523e+06
[10,]   10 0.0063417446 0.0006350174 366.5456  3.087813e+02  1.049378e+04
[11,]   11 0.0022302977 0.0002886452 366.3342  7.349959e+02 -3.922050e+04
[12,]   12 0.0050381073 0.0005251914 365.2415  3.018880e+02  4.173490e+03
[13,]   13 0.0029038059 0.0003927295 364.6719  4.099370e+02 -1.108111e+04
[14,]   14 0.0031020697 0.0004330005 364.5072  3.673348e+02 -4.956038e+03
[15,]   15 0.0023189071 0.0004482479 364.1724  4.037372e+02 -2.646591e+03
[16,]   16 0.0000010000 0.0004933751 368.0579 -4.283481e+04  9.363809e+02
[17,]   17 0.0014576076 0.0004650165 363.7756  5.310376e+02 -7.235692e+02
[18,]   18 0.0005675472 0.0004823450 363.1955  6.433377e+02  4.881434e+02
[19,]   19 0.0003179455 0.0004872045 363.1366 -6.567403e+02  9.575216e+02
[20,]   20 0.0022017827 0.0004954640 364.1615  4.099360e+02  1.595692e+03
[21,]   21 0.0005935912 0.0004884131 363.2208  6.778290e+02  7.127540e+02
[22,]   22 0.0003858086 0.0004875021 363.1231 -3.045214e+01  8.701083e+02
[23,]   23 0.0003864027 0.0004710790 363.1039 -8.814154e+00  2.967244e+02
[24,]   24 0.0003864513 0.0004625728 363.0973  4.830808e+00 -4.336920e+01
[25,]   25 0.0003861099 0.0004636445 363.0980  6.129913e-01  2.061012e+00
[26,]   26 0.0003864473 0.0004625852 363.0973  4.781808e+00 -4.284081e+01
[27,]   27 0.0003864512 0.0004625729 363.0973  4.830238e+00 -4.336305e+01
[28,]   28 0.0003864513 0.0004625728 363.0973  4.830802e+00 -4.336913e+01
[29,]   29 0.0003864513 0.0004625728 363.0973  4.830808e+00 -4.336920e+01
[30,]   30 0.0003864513 0.0004625728 363.0973  4.830808e+00 -4.336920e+01
[31,]   31 0.0003864513 0.0004625728 363.0973  4.830808e+00 -4.336920e+01
[32,]   32 0.0003864513 0.0004625728 363.0973  4.830808e+00 -4.336920e+01
[33,]   33 0.0003864513 0.0004625728 363.0973  4.830808e+00 -4.336920e+01
[34,]   34 0.0003864513 0.0004625728 363.0973  4.830808e+00 -4.336920e+01
[35,]   35 0.0003864513 0.0004625728 363.0973  4.830808e+00 -4.336920e+01
[36,]   36 0.0003864513 0.0004625728 363.0973  4.830808e+00 -4.336920e+01
[37,]   37 0.0003864513 0.0004625728 363.0973  4.830808e+00 -4.336920e+01

