[22;0t]0;IPython: scripts/01_msprime_simulations$par
[1] 0.2817609887 0.0004008159

$value
[1] -355.8798

$counts
function gradient 
      54       54 

$convergence
[1] 0

$message
[1] "CONVERGENCE: REL_REDUCTION_OF_F <= FACTR*EPSMCH"

$loginfo
      step         par1         par2       fn           gr1           gr2
 [1,]    1  0.100000000 0.0100000000 583.3731  2.045766e+03  2.214175e+03
 [2,]    2  0.000001000 0.0000010000 503.7175  1.018968e+05 -1.447353e+06
 [3,]    3  0.094972260 0.0094972713 572.0122  2.030351e+03  2.217617e+03
 [4,]    4  0.047486630 0.0047491356 469.1805  1.669946e+03  4.163570e+03
 [5,]    5  0.016796226 0.0016803715 398.1665  5.290004e+02  2.468035e+04
 [6,]    6  0.008208104 0.0008216365 369.0820 -7.156990e+01  3.381673e+04
 [7,]    7 10.000000000 0.0000010000 555.7118  1.028864e-03 -1.746033e+06
 [8,]    8  4.250275725 0.0004732310 356.5381  2.414223e-03  1.412193e+04
 [9,]    9  4.123185738 0.0000010000 555.6960  6.363973e-03 -1.745993e+06
[10,]   10  4.226717364 0.0003856947 355.9701  2.298203e-03 -6.167697e+03
[11,]   11  4.233736675 0.0004123015 355.9614  2.292277e-03  9.676154e+02
[12,]   12  4.232645352 0.0004086911 355.9523  2.293954e-03  5.746464e+01
[13,]   13  4.232436692 0.0004084604 355.9518  2.291918e-03 -1.275851e+00
[14,]   14  4.232291785 0.0004084573 355.9518  2.293597e-03 -2.072154e+00
[15,]   15  4.231712157 0.0004084448 355.9518  2.296628e-03 -5.257487e+00
[16,]   16  4.229393644 0.0004083948 355.9517  2.298967e-03 -1.800090e+01
[17,]   17  4.193601277 0.0004080320 355.9509  2.324107e-03 -1.105508e+02
[18,]   18  4.101091268 0.0004075414 355.9498  2.397256e-03 -2.360295e+02
[19,]   19  3.778691406 0.0004065090 355.9472  2.695868e-03 -5.011760e+02
[20,]   20  2.583128763 0.0004038360 355.9397  4.729109e-03 -1.194568e+03
[21,]   21  0.000001000 0.0003980606 357.9163  1.868742e+04 -1.557319e+02
[22,]   22  2.583128621 0.0004038360 355.9397  4.731456e-03 -1.194568e+03
[23,]   23  1.291564811 0.0004009483 355.9267  1.766379e-02 -1.954463e+03
[24,]   24  1.291564351 0.0004009483 355.9267  1.766940e-02 -1.954464e+03
[25,]   25  1.291563892 0.0004009483 355.9267  1.766967e-02 -1.954464e+03
[26,]   26  0.645782446 0.0003995045 355.9047  6.019866e-02 -2.337291e+03
[27,]   27  0.645781497 0.0003995045 355.9047  6.019913e-02 -2.337291e+03
[28,]   28  0.645780547 0.0003995045 355.9047  6.020015e-02 -2.337292e+03
[29,]   29  0.322890774 0.0003987826 355.8814  5.357226e-02 -2.520039e+03
[30,]   30  0.000001000 0.0003999167 357.9163  1.871233e+04 -1.415214e+02
[31,]   31  0.322890236 0.0003987826 355.8814  5.357293e-02 -2.520039e+03
[32,]   32  0.161445618 0.0003993496 355.9050 -6.575548e-01 -2.319814e+03
[33,]   33  0.280034306 0.0003989331 355.8799  7.089959e-03 -2.475012e+03
[34,]   34  0.538464217 0.0006807369 362.6218  1.974267e-01  4.027324e+04
[35,]   35  0.288957941 0.0004086638 355.8888  1.916160e-02  3.579948e+01
[36,]   36  0.281760989 0.0004008159 355.8798  9.487833e-03 -1.979067e+03
[37,]   37  0.271120891 0.0004083479 355.8880 -9.173530e-03 -4.298969e+01
[38,]   38  0.280072033 0.0004020115 355.8802  6.724073e-03 -1.666400e+03
[39,]   39  0.281449427 0.0004010365 355.8799  8.983554e-03 -1.921235e+03
[40,]   40  0.281701964 0.0004008577 355.8799  9.393182e-03 -1.968106e+03
[41,]   41  0.281749751 0.0004008239 355.8798  9.470523e-03 -1.976980e+03
[42,]   42  0.281758847 0.0004008175 355.8798  9.483769e-03 -1.978670e+03
[43,]   43  0.281760581 0.0004008162 355.8798  9.488021e-03 -1.978991e+03
[44,]   44  0.281760911 0.0004008160 355.8798  9.488825e-03 -1.979053e+03
[45,]   45  0.281760974 0.0004008160 355.8798  9.487100e-03 -1.979065e+03
[46,]   46  0.281760986 0.0004008159 355.8798  9.488672e-03 -1.979067e+03
[47,]   47  0.281760988 0.0004008159 355.8798  9.488612e-03 -1.979067e+03
[48,]   48  0.281760989 0.0004008159 355.8798  9.488776e-03 -1.979067e+03
[49,]   49  0.281760989 0.0004008159 355.8798  9.488176e-03 -1.979067e+03
[50,]   50  0.281760989 0.0004008159 355.8798  9.489241e-03 -1.979067e+03
[51,]   51  0.281760989 0.0004008159 355.8798  9.489247e-03 -1.979067e+03
[52,]   52  0.281760989 0.0004008159 355.8798  9.489241e-03 -1.979067e+03

