[22;0t]0;IPython: scripts/01_msprime_simulations$par
[1] 0.0960233538 0.0009841003

$value
[1] -774.5021

$counts
function gradient 
      29       29 

$convergence
[1] 0

$message
[1] "CONVERGENCE: REL_REDUCTION_OF_F <= FACTR*EPSMCH"

$loginfo
      step        par1         par2        fn           gr1           gr2
 [1,]    1 0.100000000 0.0100000000 1001.3249  1.478580e+03  7.213396e+03
 [2,]    2 0.000001000 0.0000010000 1218.6887  1.158802e+05 -4.123458e+06
 [3,]    3 0.054403654 0.0054407758  894.4269  8.263656e+02  1.764513e+04
 [4,]    4 0.018979387 0.0018986679  794.2514 -3.839803e+01  2.709535e+04
 [5,]    5 0.007487028 0.0007495354  778.8502 -1.527356e+02 -1.604133e+04
 [6,]    6 0.025707487 0.0064600504  877.0492  1.355082e+03  5.776880e+03
 [7,]    7 0.009734768 0.0014540047  784.5212 -2.603815e+02  2.112615e+04
 [8,]    8 0.008064686 0.0009305806  777.6826 -2.894411e+02  1.780743e+03
 [9,]    9 0.011328327 0.0009469065  776.9387 -1.962710e+02  1.481702e+03
[10,]   10 0.018019725 0.0009705481  776.0097 -1.075117e+02  1.519186e+03
[11,]   11 0.025732186 0.0009421360  775.4017 -5.608480e+01 -2.071220e+03
[12,]   12 0.035270726 0.0009746765  774.9755 -3.114686e+01 -4.231493e+01
[13,]   13 0.046029146 0.0009895514  774.7420 -1.599912e+01  8.140809e+02
[14,]   14 0.061997136 0.0008939613  774.9223 -4.433002e+00 -8.918235e+03
[15,]   15 0.051437980 0.0009571722  774.6804 -1.076604e+01 -2.205068e+03
[16,]   16 0.060616228 0.0009774419  774.5839 -6.315967e+00 -4.859752e+02
[17,]   17 0.072299566 0.0009866493  774.5339 -2.978995e+00  2.680270e+02
[18,]   18 0.082069583 0.0009862972  774.5130 -1.400166e+00  2.077788e+02
[19,]   19 0.090702240 0.0009842502  774.5040 -5.353877e-01  4.960073e+00
[20,]   20 0.096023354 0.0009841003  774.5021 -1.632988e-01 -1.487017e+01
[21,]   21 0.100401585 0.0010225460  774.5812  1.042886e-01  3.432100e+03
[22,]   22 0.096049627 0.0009843310  774.5022 -1.619246e-01  6.633947e+00
[23,]   23 0.096023775 0.0009841040  774.5021 -1.632768e-01 -1.452496e+01
[24,]   24 0.096023361 0.0009841004  774.5021 -1.632985e-01 -1.486457e+01
[25,]   25 0.096023354 0.0009841003  774.5021 -1.632988e-01 -1.487008e+01
[26,]   26 0.096023354 0.0009841003  774.5021 -1.632988e-01 -1.487017e+01
[27,]   27 0.096023354 0.0009841003  774.5021 -1.632988e-01 -1.487017e+01
[28,]   28 0.096023354 0.0009841003  774.5021 -1.632988e-01 -1.487017e+01
[29,]   29 0.096023354 0.0009841003  774.5021 -1.632988e-01 -1.487017e+01

