[22;0t]0;IPython: scripts/01_msprime_simulations$par
[1] 0.10379667 0.05075602

$value
[1] -18818.46

$counts
function gradient 
      43       43 

$convergence
[1] 0

$message
[1] "CONVERGENCE: REL_REDUCTION_OF_F <= FACTR*EPSMCH"

$loginfo
      step         par1        par2       fn           gr1           gr2
 [1,]    1 0.1000000000  0.01000000 21441.76  7.337145e+03 -3.129677e+05
 [2,]    2 0.0000010000 10.00000000 30610.97  2.416086e+03  1.801257e+03
 [3,]    3 0.0667674071  3.32996923 20387.37  2.397754e+03  9.708503e+02
 [4,]    4 0.0413570849  3.31955629 20316.29  2.403500e+03  9.657173e+02
 [5,]    5 0.0000010000  3.30260892 20200.35  2.415925e+03  9.579648e+02
 [6,]    6 0.0000010000  3.29247766 20190.66  2.415924e+03  9.536509e+02
 [7,]    7 0.0000010000  1.05280881 19805.43 -8.584090e+05  4.046905e+02
 [8,]    8 0.0013023392  0.00000100 60620.86  1.201292e+05 -2.240896e+08
 [9,]    9 0.0004465561  0.69234561 19412.61 -3.403784e+04  2.794904e+02
[10,]   10 0.0004307577  0.00000100 60514.73  1.233401e+05 -2.240891e+08
[11,]   11 0.0004412729  0.46081651 19396.86 -5.711957e+04  2.779575e+02
[12,]   12 0.0004360153  0.23040876 19336.56 -7.047040e+04  4.082434e+02
[13,]   13 0.0004325130  0.07692636 19265.97 -1.059075e+05  7.818463e+02
[14,]   14 0.0004313456  0.02576614 19218.92 -1.277731e+05  4.854425e+02
[15,]   15 0.0005019250  0.00000100 60523.50  1.230925e+05 -2.240891e+08
[16,]   16 0.0004547105  0.01723674 19238.31 -9.710519e+04 -9.534401e+03
[17,]   17 0.0004369193  0.02373145 19216.75 -1.235805e+05  1.071299e+03
[18,]   18 0.0004401806  0.02254091 19215.11 -1.180171e+05  7.637129e+02
[19,]   19 0.0004423662  0.02174306 19214.68 -1.131576e+05 -4.570807e+02
[20,]   20 0.0117476948  0.19768106 19243.87  1.248944e+03  6.837856e+02
[21,]   21 0.0042348564  0.08076330 19141.45 -1.491524e+04  1.698843e+03
[22,]   22 0.0040132621  0.07059120 19126.96 -1.743478e+04  1.851720e+03
[23,]   23 0.0031268851  0.02990282 19085.05 -2.468759e+04 -1.254905e+03
[24,]   24 0.0036136240  0.05224615 19099.36 -2.272988e+04  1.966981e+03
[25,]   25 0.0032551469  0.03579057 19081.18 -2.584103e+04  7.906854e+02
[26,]   26 0.0034445946  0.02223295 19109.61 -1.238603e+04 -8.425791e+03
[27,]   27 0.0033028553  0.03237637 19078.89 -2.460411e+04 -2.509344e+02
[28,]   28 0.0046972510  0.03372779 19049.00 -1.850527e+04 -1.912919e+02
[29,]   29 0.0089301073  0.03786410 18989.54 -1.112428e+04  4.140441e+02
[30,]   30 0.0149309152  0.03965305 18938.36 -6.699499e+03  1.461313e+02
[31,]   31 0.0241764839  0.04326845 18892.64 -3.866395e+03  6.219702e+02
[32,]   32 0.0358994112  0.04386964 18859.85 -1.981992e+03 -3.191463e+02
[33,]   33 0.0542195505  0.05565979 18852.75 -1.242735e+03  3.696581e+03
[34,]   34 0.0627799285  0.04890025 18828.53 -6.671515e+02  6.366748e+02
[35,]   35 0.0737296921  0.04768707 18823.41 -2.966455e+02 -7.436808e+02
[36,]   36 0.0870724530  0.04956890 18819.68 -1.484687e+02 -1.309702e+02
[37,]   37 0.0978653637  0.05059416 18818.61 -5.324936e+01  1.081780e+02
[38,]   38 0.1023816321  0.05073536 18818.47 -1.249327e+01  3.655238e+01
[39,]   39 0.1036669662  0.05075105 18818.46 -1.021433e+00  1.268513e+00
[40,]   40 0.1037972232  0.05075676 18818.46 -2.834846e-02  4.656174e-01
[41,]   41 0.1037828276  0.05073766 18818.46  5.158018e-01 -1.177617e+01
[42,]   42 0.1037966666  0.05075602 18818.46 -7.335984e-03 -7.344552e-03

