[22;0t]0;IPython: scripts/01_msprime_simulations$par
[1] 0.0006598906 0.1382453782

$value
[1] -21274.7

$counts
function gradient 
      48       48 

$convergence
[1] 0

$message
[1] "CONVERGENCE: REL_REDUCTION_OF_F <= FACTR*EPSMCH"

$loginfo
      step         par1        par2       fn           gr1           gr2
 [1,]    1 0.1000000000  0.01000000 28198.29  1.472345e+04 -5.020191e+05
 [2,]    2 0.0000010000 10.00000000 33136.37  2.414751e+03  1.590413e+03
 [3,]    3 0.0666806235  3.33863900 23800.92  2.959624e+03  1.103945e+03
 [4,]    4 0.0470136810  3.33107151 23734.87  2.900831e+03  1.100845e+03
 [5,]    5 0.0000010000  3.31298185 23679.25 -4.539261e+05  1.091530e+03
 [6,]    6 0.0466715633  3.33093987 23733.74  2.899295e+03  1.100786e+03
 [7,]    7 0.0233362817  3.32196086 23658.19  2.676425e+03  1.096357e+03
 [8,]    8 0.0078372795  3.31599711 23614.80  1.755794e+03  1.093147e+03
 [9,]    9 0.0000010000  3.29871474 23663.72 -4.549629e+05  1.085450e+03
[10,]   10 0.0044843513  3.30860246 23602.27  7.147689e+02  1.089405e+03
[11,]   11 0.0000010000  3.11580096 23472.23 -4.585406e+05  1.013481e+03
[12,]   12 0.0040233046  3.28877567 23580.50  4.380201e+02  1.079194e+03
[13,]   13 0.0020121523  3.20228831 23490.19 -2.198347e+03  1.037878e+03
[14,]   14 0.0155965980  0.39832795 21414.13  9.507852e+03  8.235269e+01
[15,]   15 0.0067240703  0.18313913 21368.67  1.388191e+04  1.543718e+02
[16,]   16 0.0000010000  0.02008192 22955.22 -3.535874e+05  0.000000e+00
[17,]   17 0.0065701539  0.17940614 21365.94  1.402752e+04  1.615368e+02
[18,]   18 0.0064239467  0.17586011 21363.29  1.418323e+04  1.631358e+02
[19,]   19 0.0032124733  0.09797102 21326.15  1.831103e+04 -4.022692e+02
[20,]   20 0.0000010000  0.09880635 21371.00 -7.109122e+05 -1.891614e+03
[21,]   21 0.0017146392  0.09836062 21299.23  1.653577e+04 -7.323390e+02
[22,]   22 0.0005836373  0.09865480 21285.60  3.728440e+02 -1.506705e+03
[23,]   23 0.0000010000  0.16536265 21376.32 -7.149141e+05  6.810852e+02
[24,]   24 0.0003872461  0.12114021 21280.57 -2.018285e+04 -1.896717e+02
[25,]   25 0.6343813710 10.00000000 34661.54  2.393744e+03  1.591294e+03
[26,]   26 0.1003429370  1.67864401 22457.65  3.991051e+03  6.050023e+02
[27,]   27 0.0202297892  0.43032557 21456.74  8.561421e+03 -5.299157e+01
[28,]   28 0.0045882008  0.18659925 21339.38  1.402299e+04  2.416019e+02
[29,]   29 0.0011840217  0.13355552 21278.90  1.016923e+04 -2.899229e+02
[30,]   30 0.0010459053  0.13665767 21276.82  8.817774e+03 -1.450488e+02
[31,]   31 0.0002041156  0.14031737 21282.71 -6.180535e+04  2.779292e+02
[32,]   32 0.0006987712  0.13816684 21274.73  1.244234e+03 -8.400728e+00
[33,]   33 0.0006395742  0.13813950 21274.71 -9.399065e+02 -1.443574e+01
[34,]   34 0.0006645616  0.13838116 21274.70  4.202879e+01  1.526057e+01
[35,]   35 0.0006659843  0.13817457 21274.70  8.561734e+01 -9.017832e+00
[36,]   36 0.0006598906  0.13824538 21274.70 -1.396021e+02 -1.015727e+00
[37,]   37 0.0006635374  0.13825070 21274.70 -2.035387e+00 -2.213547e-01
[38,]   38 0.0006603397  0.13824603 21274.70 -1.225750e+02 -9.177642e-01
[39,]   39 0.0006599532  0.13824547 21274.70 -1.372265e+02 -1.002066e+00
[40,]   40 0.0006598995  0.13824539 21274.70 -1.392653e+02 -1.013791e+00
[41,]   41 0.0006598919  0.13824538 21274.70 -1.395542e+02 -1.015452e+00
[42,]   42 0.0006598908  0.13824538 21274.70 -1.395953e+02 -1.015688e+00
[43,]   43 0.0006598906  0.13824538 21274.70 -1.396011e+02 -1.015724e+00
[44,]   44 0.0006598906  0.13824538 21274.70 -1.396020e+02 -1.015728e+00
[45,]   45 0.0006598906  0.13824538 21274.70 -1.396021e+02 -1.015729e+00
[46,]   46 0.0006598906  0.13824538 21274.70 -1.396021e+02 -1.015727e+00
[47,]   47 0.0006598906  0.13824538 21274.70 -1.396021e+02 -1.015727e+00
[48,]   48 0.0006598906  0.13824538 21274.70 -1.396021e+02 -1.015727e+00

