[22;0t]0;IPython: scripts/01_msprime_simulations$par
[1] 0.000001 1.499358

$value
[1] -15890.35

$counts
function gradient 
      13       13 

$convergence
[1] 0

$message
[1] "CONVERGENCE: REL_REDUCTION_OF_F <= FACTR*EPSMCH"

$loginfo
      step       par1      par2       fn      gr1           gr2
 [1,]    1 0.10000000  0.010000 17324.41 3765.089 -2.055396e+05
 [2,]    2 0.00000100 10.000000 29132.34 2416.089  1.924706e+03
 [3,]    3 0.06689414  3.317309 17571.24 2413.611  1.319309e+03
 [4,]    4 0.08893794  1.115111 16244.71 2370.719 -7.823999e+02
 [5,]    5 0.07612814  1.119374 16211.05 2366.185 -7.739298e+02
 [6,]    6 0.02488895  1.136429 16077.68 2328.750 -7.554905e+02
 [7,]    7 0.00000100  1.144712 16012.96 2414.847 -7.603711e+02
 [8,]    8 0.00000100  1.148816 16009.86 2414.898 -7.488608e+02
 [9,]    9 0.00000100  1.415807 15896.27 2415.604 -1.444903e+02
[10,]   10 0.00000100  1.479638 15890.67 2415.643 -3.261375e+01
[11,]   11 0.00000100  1.498245 15890.35 2415.653 -1.816698e+00
[12,]   12 0.00000100  1.499343 15890.35 2415.653 -2.445225e-02
[13,]   13 0.00000100  1.499358 15890.35 2415.653  8.621100e-05

