[22;0t]0;IPython: scripts/01_msprime_simulations$par
[1] 0.109539590 0.009758403

$value
[1] -5381.478

$counts
function gradient 
      16       16 

$convergence
[1] 0

$message
[1] "CONVERGENCE: REL_REDUCTION_OF_F <= FACTR*EPSMCH"

$loginfo
      step        par1        par2        fn           gr1           gr2
 [1,]    1  0.10000000 0.010000000  5381.811 -2.424043e+01  1.808327e+03
 [2,]    2 10.00000000 0.000001000 13297.885  5.740923e-01 -4.434311e+07
 [3,]    3  3.41653239 0.006650302  5480.958  2.039958e+00 -4.494153e+04
 [4,]    4  0.60490388 0.009490047  5402.790  2.496067e+01 -3.247620e+03
 [5,]    5  0.14803620 0.009951483  5382.257  3.404392e+01  3.846305e+02
 [6,]    6  0.11522418 0.009984624  5381.629  1.827197e+00  1.281988e+03
 [7,]    7  0.07762517 0.008137886  5389.991  3.172073e+01 -1.158528e+04
 [8,]    8  0.11080113 0.009767378  5381.479  1.590763e+00  2.056464e+01
 [9,]    9  0.10967732 0.009758469  5381.478  2.016783e-01 -3.784779e+00
[10,]   10  0.10953959 0.009758403  5381.478 -2.657021e-03  2.438219e-04
[11,]   11  0.10954155 0.009758412  5381.478  4.856702e-06 -3.468585e-04
[12,]   12  0.10953965 0.009758403  5381.478 -2.579973e-03  2.267871e-04
[13,]   13  0.10953959 0.009758403  5381.478 -2.654724e-03  2.434444e-04
[14,]   14  0.10953959 0.009758403  5381.478 -2.656966e-03  2.439583e-04
[15,]   15  0.10953959 0.009758403  5381.478 -2.657043e-03  2.439629e-04
[16,]   16  0.10953959 0.009758403  5381.478 -2.656966e-03  2.439583e-04

