[22;0t]0;IPython: scripts/01_msprime_simulations$par
[1] 0.0006498426 0.0005149699

$value
[1] -516.154

$counts
function gradient 
      59       59 

$convergence
[1] 52

$message
[1] "ERROR: ABNORMAL_TERMINATION_IN_LNSRCH"

$loginfo
      step         par1         par2         fn           gr1           gr2
 [1,]    1 0.1000000000 1.000000e-02   737.0470   1853.347011  4.118350e+03
 [2,]    2 0.0000010000 1.000000e-06   771.1890 102443.124425 -2.462565e+06
 [3,]    3 0.0451541073 4.515904e-03   613.6745   1243.949468  1.097543e+04
 [4,]    4 0.0159518531 1.595942e-03   539.3792    304.571811  2.407834e+04
 [5,]    5 0.0067323489 6.740743e-04   518.3019     34.585057  7.562213e+03
 [6,]    6 0.0038455989 1.000000e-06   836.1404   2936.373092 -2.709428e+06
 [7,]    7 0.0060188283 5.077099e-04   518.3280    143.869099 -1.341178e+04
 [8,]    8 0.0063617109 5.876564e-04   517.9128     71.832696 -1.244665e+03
 [9,]    9 0.0049711000 5.909652e-04   517.7801    126.808896 -3.247413e+01
[10,]   10 0.0000010000 6.027911e-04   519.7463 -19211.044897  2.025045e+03
[11,]   11 0.0030511408 5.955336e-04   517.4034    302.704032  1.838802e+03
[12,]   12 0.0011149865 6.001405e-04   516.5375    509.465238  3.909716e+03
[13,]   13 0.0005384281 6.015124e-04   516.4391   -585.095774  4.460877e+03
[14,]   14 0.0057699954 5.958648e-04   517.8695     87.277875  7.685356e+01
[15,]   15 0.0014865319 6.004889e-04   516.7427    555.422148  3.594398e+03
[16,]   16 0.0007426190 6.012919e-04   516.4050    112.147156  4.298492e+03
[17,]   17 0.0007000575 5.537271e-04   516.2192     79.145280  1.910130e+03
[18,]   18 0.0006498426 5.149699e-04   516.1540     73.604262 -6.023005e+02
[19,]   19 0.0006372843 5.228177e-04   516.1586     -2.175827  6.654600e+01
[20,]   20 0.0006482192 5.159843e-04   516.1542     63.742464 -5.129757e+02
[21,]   21 0.0006496052 5.151182e-04   516.1540     72.160889 -5.891844e+02
[22,]   22 0.0006498072 5.149920e-04   516.1540     73.389479 -6.003479e+02
[23,]   23 0.0006498373 5.149732e-04   516.1540     73.572222 -6.020092e+02
[24,]   24 0.0006498418 5.149704e-04   516.1540     73.599481 -6.022571e+02
[25,]   25 0.0006498424 5.149700e-04   516.1540     73.603548 -6.022941e+02
[26,]   26 0.0006498425 5.149699e-04   516.1540     73.604155 -6.022996e+02
[27,]   27 0.0006498426 5.149699e-04   516.1540     73.604246 -6.023004e+02
[28,]   28 0.0006498426 5.149699e-04   516.1540     73.604259 -6.023005e+02
[29,]   29 0.0006498426 5.149699e-04   516.1540     73.604261 -6.023005e+02
[30,]   30 0.0006498426 5.149699e-04   516.1540     73.604262 -6.023005e+02
[31,]   31 0.0006498426 5.149699e-04   516.1540     73.604262 -6.023005e+02
[32,]   32 0.0006498426 5.149699e-04   516.1540     73.604262 -6.023005e+02
[33,]   33 0.0006498426 5.149699e-04   516.1540     73.604262 -6.023005e+02
[34,]   34 0.0006498426 5.149699e-04   516.1540     73.604262 -6.023005e+02
[35,]   35 0.0006498426 5.149699e-04   516.1540     73.604262 -6.023005e+02
[36,]   36 0.0006498426 5.149699e-04   516.1540     73.604262 -6.023005e+02
[37,]   37 0.0000010000 1.000000e+01 24420.5672   2416.087800  2.318088e+03
[38,]   38 0.0006162712 5.178921e-01  1589.5907   2414.771583  2.411155e+03
[39,]   39 0.0006477352 3.299219e-02   530.5712   2386.236990  6.631227e+02
[40,]   40 0.0006494571 6.455374e-03   528.1537   4599.941658 -2.300407e+02
[41,]   41 0.0006498264 7.638230e-04   517.5095    185.382370  7.779237e+03
[42,]   42 0.0006498421 5.227827e-04   516.1591     38.571579  2.660690e+00
[43,]   43 0.0006498425 5.157908e-04   516.1543     69.740617 -5.369458e+02
[44,]   44 0.0006498426 5.150639e-04   516.1540     73.159754 -5.947972e+02
[45,]   45 0.0006498426 5.149808e-04   516.1540     73.552862 -6.014331e+02
[46,]   46 0.0006498426 5.149712e-04   516.1540     73.598315 -6.022002e+02
[47,]   47 0.0006498426 5.149700e-04   516.1540     73.603574 -6.022889e+02
[48,]   48 0.0006498426 5.149699e-04   516.1540     73.604182 -6.022992e+02
[49,]   49 0.0006498426 5.149699e-04   516.1540     73.604253 -6.023004e+02
[50,]   50 0.0006498426 5.149699e-04   516.1540     73.604261 -6.023005e+02
[51,]   51 0.0006498426 5.149699e-04   516.1540     73.604262 -6.023005e+02
[52,]   52 0.0006498426 5.149699e-04   516.1540     73.604262 -6.023005e+02
[53,]   53 0.0006498426 5.149699e-04   516.1540     73.604262 -6.023005e+02
[54,]   54 0.0006498426 5.149699e-04   516.1540     73.604262 -6.023005e+02
[55,]   55 0.0006498426 5.149699e-04   516.1540     73.604262 -6.023005e+02
[56,]   56 0.0006498426 5.149699e-04   516.1540     73.604262 -6.023005e+02

