[22;0t]0;IPython: scripts/01_msprime_simulations$par
[1] 0.008238808 0.009983774

$value
[1] -5243.059

$counts
function gradient 
      28       28 

$convergence
[1] 0

$message
[1] "CONVERGENCE: REL_REDUCTION_OF_F <= FACTR*EPSMCH"

$loginfo
      step        par1         par2        fn           gr1           gr2
 [1,]    1 0.100000000  0.010000000  5294.649  4.440856e+02 -8.474925e+03
 [2,]    2 0.000001000 10.000000000 25584.651  2.416099e+03  2.220899e+03
 [3,]    3 0.075032898  2.504238420  9123.575  2.413717e+03  2.094616e+03
 [4,]    4 0.093231475  0.686182412  5870.597  2.394060e+03  1.125504e+03
 [5,]    5 0.098007550  0.209047776  5656.024  2.733187e+03 -2.893985e+02
 [6,]    6 0.099541778  0.055776877  5639.435  2.210751e+03  3.600178e+03
 [7,]    7 0.099939309  0.016063121  5310.922  4.352298e+02  9.134629e+03
 [8,]    8 0.099981203  0.011877831  5287.688  4.100727e+02  2.998988e+02
 [9,]    9 0.099893827  0.011814192  5287.640  4.107416e+02  7.230607e+01
[10,]   10 0.099364852  0.011634731  5287.468  4.130648e+02 -5.876487e+02
[11,]   11 0.098281693  0.011459632  5287.179  4.161773e+02 -1.254617e+03
[12,]   12 0.094246213  0.011094300  5286.201  4.260989e+02 -2.710243e+03
[13,]   13 0.083315955  0.010518726  5283.634  4.558609e+02 -5.115334e+03
[14,]   14 0.044681095  0.009193089  5272.557  7.037743e+02 -1.001760e+04
[15,]   15 0.000001000  0.007660028  5369.814 -5.753787e+05  8.410212e+02
[16,]   16 0.028261479  0.008629700  5265.000  9.689495e+02 -1.101679e+04
[17,]   17 0.009549129  0.007987643  5250.089  1.138950e+03 -7.614996e+03
[18,]   18 0.003331352  0.007774299  5249.315 -1.968577e+03 -2.550607e+03
[19,]   19 0.074549708  0.010974905  5277.867  4.555236e+02 -2.718938e+03
[20,]   20 0.021639356  0.008597074  5258.636  1.050920e+03 -9.502979e+03
[21,]   21 0.007944910  0.007981636  5248.460  9.200741e+02 -6.437482e+03
[22,]   22 0.007455202  0.008366390  5246.045  5.264571e+02 -4.357579e+03
[23,]   23 0.006980702  0.009206641  5243.632 -8.274336e+01 -1.371274e+03
[24,]   24 0.007485773  0.009682360  5243.161 -1.048121e+02 -4.277730e+02
[25,]   25 0.008135179  0.009969343  5243.060 -1.976227e+01 -3.803772e+00
[26,]   26 0.008229806  0.009983205  5243.059 -1.859330e+00  8.747424e-01
[27,]   27 0.008238808  0.009983774  5243.059 -2.001875e-03 -2.016139e-01

