[22;0t]0;IPython: scripts/01_msprime_simulations$par
[1] 0.004329884 0.476008476

$value
[1] -57104.78

$counts
function gradient 
      44       44 

$convergence
[1] 0

$message
[1] "CONVERGENCE: REL_REDUCTION_OF_F <= FACTR*EPSMCH"

$loginfo
      step        par1       par2        fn           gr1           gr2
 [1,]    1 0.100000000  0.0100000 133737.34  7.635583e+04 -3.474761e+06
 [2,]    2 0.000001000 10.0000000  60704.03 -4.224353e+06  5.256146e+02
 [3,]    3 3.025936544 10.0000000  68718.46  2.065816e+03  1.210782e+01
 [4,]    4 1.007629161 10.0000000  63342.02  3.426539e+03  2.165165e+02
 [5,]    5 0.335597250 10.0000000  60832.56  3.980499e+03  3.785358e+02
 [6,]    6 0.111898838 10.0000000  59970.45  3.419071e+03  4.473256e+02
 [7,]    7 0.111808320  9.9987120  59969.56  3.418560e+03  4.473240e+02
 [8,]    8 0.111446250  9.9935599  59966.02  3.416504e+03  4.473171e+02
 [9,]    9 0.109997969  9.9729517  59951.86  3.408083e+03  4.473587e+02
[10,]   10 0.104204847  9.8905187  59895.29  3.371555e+03  4.489159e+02
[11,]   11 0.081032357  9.5607868  59670.46  3.106226e+03  4.517652e+02
[12,]   12 0.000001000  8.4077547  59953.05 -4.253216e+06  0.000000e+00
[13,]   13 0.039226737  8.9659156  59287.04  1.695120e+03  4.705229e+02
[14,]   14 0.000001000  8.4115546  59954.76 -4.253728e+06  4.500475e+02
[15,]   15 0.022984911  8.7363766  59166.37 -4.417013e+02  4.653844e+02
[16,]   16 0.000001000  8.4062256  59952.37 -4.253013e+06  4.491748e+02
[17,]   17 0.014502136  8.6145263  59125.14 -3.539066e+03  4.530958e+02
[18,]   18 0.006830616  8.4983809  59127.42 -1.274042e+04  4.399900e+02
[19,]   19 0.010727276  8.5573756  59117.84 -6.476773e+03  4.452284e+02
[20,]   20 0.010411919  8.5485063  59115.99 -6.811301e+03  4.439279e+02
[21,]   21 0.009150491  8.5130288  59109.86 -8.367360e+03  4.391404e+02
[22,]   22 0.006622179  8.2664868  59031.20 -1.288785e+04  4.154286e+02
[23,]   23 0.001117157  6.3707795  58610.59 -1.014883e+05  2.607331e+02
[24,]   24 0.012426575  0.3098509  57468.68  2.587601e+04 -3.873357e+03
[25,]   25 0.002281551  5.7467590  58343.76 -4.709603e+04  3.240580e+02
[26,]   26 0.007354063  3.0283050  57571.34 -8.087576e+03  2.424098e+02
[27,]   27 0.009689536  0.0000010 468104.00  1.183018e+05 -1.733251e+09
[28,]   28 0.008133562  2.0175633  57306.03 -2.987280e+03  2.700113e+02
[29,]   29 0.008911549  1.0087821  57146.36  5.062497e+03  1.075793e+01
[30,]   30 0.008727122  0.9385632  57146.16  5.297021e+03 -2.127648e+00
[31,]   31 0.007819286  0.8578200  57137.42  4.707444e+03  1.003516e+02
[32,]   32 0.004187943  0.5348470  57110.62 -3.844373e+03  1.402618e+02
[33,]   33 0.000001000  0.1624588  59407.57 -3.511527e+06  0.000000e+00
[34,]   34 0.003094490  0.4375949  57117.55 -1.165548e+04 -3.180398e+02
[35,]   35 0.003776616  0.4982634  57107.80 -5.505306e+03  1.356177e+02
[36,]   36 0.003326413  0.4582222  57110.42 -9.452866e+03 -1.590227e+02
[37,]   37 0.003776616  0.4982634  57107.80 -5.505306e+03  1.356177e+02
[38,]   38 0.002948146  0.0000010 467290.47  1.230111e+05 -1.733249e+09
[39,]   39 0.003500559  0.3322358  57224.60  2.512273e+03 -2.262639e+03
[40,]   40 0.003738817  0.4755304  57106.14 -4.873944e+03  6.422156e+00
[41,]   41 0.004409947  0.4791060  57104.83  4.684818e+02  1.953452e+01
[42,]   42 0.004346612  0.4756055  57104.78  1.268901e+02 -3.555496e+00
[43,]   43 0.004330016  0.4760420  57104.78 -1.938056e-01  2.464554e-01
[44,]   44 0.004329884  0.4760085  57104.78 -3.293508e-01 -1.025201e-02

