[22;0t]0;IPython: scripts/01_msprime_simulations$par
[1] 0.08894171 0.49844717

$value
[1] -55838.93

$counts
function gradient 
      32       32 

$convergence
[1] 0

$message
[1] "CONVERGENCE: REL_REDUCTION_OF_F <= FACTR*EPSMCH"

$loginfo
      step       par1       par2        fn           gr1           gr2
 [1,]    1 0.10000000  0.0100000 122339.92  6.957944e+04 -3.137056e+06
 [2,]    2 0.00000100 10.0000000  63141.66 -8.985044e+06  3.811579e+02
 [3,]    3 1.66709298 10.0000000  62758.80  1.989084e+03  1.863694e+02
 [4,]    4 0.55495517 10.0000000  60486.69  1.901739e+03  2.767835e+02
 [5,]    5 0.18492479 10.0000000  59976.57  1.834232e+02  3.373543e+02
 [6,]    6 0.18492101  9.9989013  59976.20  1.835332e+02  3.373516e+02
 [7,]    7 0.18490589  9.9945067  59974.72  1.839727e+02  3.373402e+02
 [8,]    8 0.18484541  9.9769283  59968.78  1.857230e+02  3.372982e+02
 [9,]    9 0.18460346  9.9066144  59945.02  1.926521e+02  3.372134e+02
[10,]   10 0.18363569  9.6253590  59849.78  2.220476e+02  3.392931e+02
[11,]   11 0.17976460  8.5003371  59455.68  4.023211e+02  3.547613e+02
[12,]   12 0.16428022  4.0002499  57944.22  1.201965e+03  3.702251e+02
[13,]   13 0.15051575  0.0000010 437401.15  0.000000e+00 -1.575796e+09
[14,]   14 0.15967881  2.6629827  57419.02  1.585068e+03  4.424330e+02
[15,]   15 0.15357066  0.8878225  56166.36  9.777465e+02  1.075674e+03
[16,]   16 0.15355052  0.8843194  56162.57  9.760057e+02  1.075102e+03
[17,]   17 0.15346996  0.8703068  56147.45  9.697134e+02  1.071959e+03
[18,]   18 0.15314772  0.8142568  56087.73  9.576537e+02  1.042921e+03
[19,]   19 0.15185876  0.5900565  55908.35  1.396913e+03  2.994163e+02
[20,]   20 0.15102563  0.4716724  55949.71  2.470473e+03 -1.299686e+03
[21,]   21 0.15163448  0.5581867  55902.76  1.593364e+03  1.800983e+01
[22,]   22 0.15154468  0.5548144  55902.61  1.616423e+03 -1.611714e+01
[23,]   23 0.15133734  0.5520136  55902.36  1.634077e+03 -4.423664e+01
[24,]   24 0.15023473  0.5436788  55901.24  1.682015e+03 -1.280694e+02
[25,]   25 0.03813872  0.4701893  55997.37 -9.648806e+03  5.577718e+02
[26,]   26 0.10096780  0.5113797  55842.43  5.593593e+02 -1.027798e+01
[27,]   27 0.07439787  0.4892820  55846.24 -1.165642e+03  1.102217e+02
[28,]   28 0.08975984  0.5020582  55838.99  8.940166e+00  2.874048e+01
[29,]   29 0.08884276  0.4985555  55838.93 -8.510124e+00  2.556056e+00
[30,]   30 0.08895798  0.4984348  55838.93  1.324224e+00 -3.599407e-01
[31,]   31 0.08894171  0.4984472  55838.93  1.351400e-03 -1.004810e-04

