[22;0t]0;IPython: scripts/01_msprime_simulations$par
[1] 7.808728e-05 4.706254e-03

$value
[1] -2573.336

$counts
function gradient 
      80       80 

$convergence
[1] 0

$message
[1] "CONVERGENCE: REL_REDUCTION_OF_F <= FACTR*EPSMCH"

$loginfo
      step         par1        par2       fn          gr1           gr2
 [1,]    1 1.000000e-01 0.010000000 2767.202    1083.3338  1.318880e+03
 [2,]    2 1.000000e-06 0.000001000 5662.287  111954.0976 -2.060030e+07
 [3,]    3 6.617596e-02 0.006617900 2739.205    1087.2710 -7.966213e+03
 [4,]    4 1.548678e-02 0.005537356 2670.958    2945.0987 -1.373098e+04
 [5,]    5 1.000000e-06 0.005207245 2586.119 -116674.4740  6.428317e+03
 [6,]    6 1.514217e-02 0.005530010 2670.034    2999.9555 -1.372450e+04
 [7,]    7 4.660954e-03 0.005306582 2625.212    7423.5339 -1.017208e+04
 [8,]    8 1.000000e-06 0.005207245 2586.119 -116674.4740  6.428317e+03
 [9,]    9 6.590066e-02 0.008583454 2729.822    1165.3187 -2.204707e+03
[10,]   10 2.126803e-02 0.006296810 2676.773    2251.4266 -1.000676e+04
[11,]   11 6.653720e-03 0.005548081 2635.530    5646.1145 -1.066911e+04
[12,]   12 2.008273e-03 0.005310083 2600.132   12238.7183 -5.154680e+03
[13,]   13 6.280891e-04 0.005239373 2580.670   15769.7067  1.457863e+02
[14,]   14 5.435981e-04 0.005032984 2579.231   16876.7450  1.778715e+02
[15,]   15 2.056343e-04 0.004207431 2575.785   12614.2807 -7.566854e+03
[16,]   16 1.000000e-06 0.004717476 2584.321 -111392.1458  7.087868e+02
[17,]   17 1.623385e-04 0.004315344 2574.547    6876.3203 -5.704136e+03
[18,]   18 2.730431e-04 0.005146649 2575.238   11726.8453  2.486823e+03
[19,]   19 2.016526e-04 0.004610562 2573.907   10601.2313 -1.769314e+03
[20,]   20 7.886341e-05 0.004753627 2573.344    1966.5768  6.318528e+02
[21,]   21 4.893312e-05 0.004708916 2573.949   -6472.3651  2.767230e+02
[22,]   22 7.812528e-05 0.004752524 2573.352    1818.0020  6.234152e+02
[23,]   23 7.883561e-05 0.004753585 2573.344    1961.0194  6.315353e+02
[24,]   24 7.886235e-05 0.004753625 2573.344    1966.3655  6.318408e+02
[25,]   25 7.886337e-05 0.004753627 2573.344    1966.5688  6.318524e+02
[26,]   26 7.886341e-05 0.004753627 2573.344    1966.5765  6.318528e+02
[27,]   27 7.886341e-05 0.004753627 2573.344    1966.5768  6.318528e+02
[28,]   28 7.886341e-05 0.004753627 2573.344    1966.5768  6.318528e+02
[29,]   29 7.886341e-05 0.004753627 2573.344    1966.5768  6.318528e+02
[30,]   30 7.886341e-05 0.004753627 2573.344    1966.5768  6.318528e+02
[31,]   31 7.886341e-05 0.004753627 2573.344    1966.5768  6.318528e+02
[32,]   32 7.886341e-05 0.004753627 2573.344    1966.5768  6.318528e+02
[33,]   33 7.886341e-05 0.004753627 2573.344    1966.5768  6.318528e+02
[34,]   34 7.886341e-05 0.004753627 2573.344    1966.5768  6.318528e+02
[35,]   35 7.886341e-05 0.004753627 2573.344    1966.5768  6.318528e+02
[36,]   36 7.886341e-05 0.004753627 2573.344    1966.5768  6.318528e+02
[37,]   37 7.886341e-05 0.004753627 2573.344    1966.5768  6.318528e+02
[38,]   38 7.886341e-05 0.004753627 2573.344    1966.5768  6.318528e+02
[39,]   39 7.886341e-05 0.004753627 2573.344    1966.5768  6.318528e+02
[40,]   40 7.886341e-05 0.004753627 2573.344    1966.5768  6.318528e+02
[41,]   41 1.000000e-06 0.000001000 5662.287  111954.0976 -2.060030e+07
[42,]   42 5.376341e-05 0.003221573 2592.061     890.1632 -2.899751e+04
[43,]   43 7.808728e-05 0.004706254 2573.336    2073.0947  6.361174e+01
[44,]   44 1.000000e-06 0.004685215 2584.305 -111189.9725  2.901012e+02
[45,]   45 7.783477e-05 0.004706185 2573.339    2020.0097  6.428055e+01
[46,]   46 7.808059e-05 0.004706252 2573.336    2071.6914  6.362946e+01
[47,]   47 7.808710e-05 0.004706253 2573.336    2073.0574  6.361221e+01
[48,]   48 7.808728e-05 0.004706254 2573.336    2073.0937  6.361176e+01
[49,]   49 7.808728e-05 0.004706254 2573.336    2073.0946  6.361174e+01
[50,]   50 7.808728e-05 0.004706254 2573.336    2073.0947  6.361174e+01
[51,]   51 7.808728e-05 0.004706254 2573.336    2073.0947  6.361174e+01
[52,]   52 7.808728e-05 0.004706254 2573.336    2073.0947  6.361174e+01
[53,]   53 7.808728e-05 0.004706254 2573.336    2073.0947  6.361174e+01
[54,]   54 7.808728e-05 0.004706254 2573.336    2073.0947  6.361174e+01
[55,]   55 7.808728e-05 0.004706254 2573.336    2073.0947  6.361174e+01
[56,]   56 7.808728e-05 0.004706254 2573.336    2073.0947  6.361174e+01
[57,]   57 7.808728e-05 0.004706254 2573.336    2073.0947  6.361174e+01
[58,]   58 7.808728e-05 0.004706254 2573.336    2073.0947  6.361174e+01
[59,]   59 1.000000e-06 0.000001000 5662.287  111954.0976 -2.060030e+07
[60,]   60 5.326339e-05 0.003191053 2592.971     795.6186 -2.990444e+04
[61,]   61 7.797516e-05 0.004699410 2573.337    2087.2102 -2.004217e+01
[62,]   62 7.807838e-05 0.004705710 2573.336    2074.2261  5.698768e+01
[63,]   63 7.808652e-05 0.004706207 2573.336    2073.1912  6.304700e+01
[64,]   64 7.808722e-05 0.004706250 2573.336    2073.1030  6.356330e+01
[65,]   65 7.808728e-05 0.004706253 2573.336    2073.0954  6.360759e+01
[66,]   66 7.808728e-05 0.004706253 2573.336    2073.0947  6.361139e+01
[67,]   67 7.808728e-05 0.004706254 2573.336    2073.0947  6.361171e+01
[68,]   68 7.808728e-05 0.004706254 2573.336    2073.0947  6.361174e+01
[69,]   69 7.808728e-05 0.004706254 2573.336    2073.0947  6.361174e+01
[70,]   70 7.808728e-05 0.004706254 2573.336    2073.0947  6.361174e+01
[71,]   71 7.808728e-05 0.004706254 2573.336    2073.0947  6.361174e+01
[72,]   72 7.808728e-05 0.004706254 2573.336    2073.0947  6.361174e+01
[73,]   73 7.808728e-05 0.004706254 2573.336    2073.0947  6.361174e+01
[74,]   74 7.808728e-05 0.004706254 2573.336    2073.0947  6.361174e+01
[75,]   75 7.808728e-05 0.004706254 2573.336    2073.0947  6.361174e+01

