[22;0t]0;IPython: scripts/01_msprime_simulations$par
[1] 9.634514e-05 1.244003e-02

$value
[1] -7689.363

$counts
function gradient 
      56       56 

$convergence
[1] 0

$message
[1] "CONVERGENCE: REL_REDUCTION_OF_F <= FACTR*EPSMCH"

$loginfo
      step         par1        par2        fn           gr1           gr2
 [1,]    1 1.000000e-01  0.01000000  7868.555  3.593819e+02 -34156.354025
 [2,]    2 1.000000e-06 10.00000000 26287.227  2.416099e+03   2162.241897
 [3,]    3 6.900953e-02  3.10597912 11759.076  2.413986e+03   1976.220499
 [4,]    4 9.010907e-02  0.99811425  8282.951  2.413916e+03   1025.241273
 [5,]    5 9.673512e-02  0.33616515  8084.877  3.227429e+03   -579.495481
 [6,]    6 9.896154e-02  0.11374348  8327.228  4.345119e+03  -1101.029040
 [7,]    7 9.972898e-02  0.03707476  8073.958  9.631189e+02  12725.749132
 [8,]    8 9.992724e-02  0.01726908  7809.078 -9.766302e+00   6969.197314
 [9,]    9 9.993024e-02  0.01603726  7802.368  4.582586e+00   3778.217090
[10,]   10 9.992546e-02  0.01457873  7800.371  4.374518e+01  -1315.061204
[11,]   11 9.991706e-02  0.01495521  7800.158  3.117817e+01    160.265442
[12,]   12 9.990966e-02  0.01491443  7800.154  3.246185e+01      6.552808
[13,]   13 9.990009e-02  0.01491105  7800.154  3.257783e+01     -5.973035
[14,]   14 9.975973e-02  0.01488648  7800.150  3.349360e+01    -94.952904
[15,]   15 9.943979e-02  0.01485657  7800.144  3.476868e+01   -199.045893
[16,]   16 9.835209e-02  0.01479358  7800.123  3.794555e+01   -406.040746
[17,]   17 9.519498e-02  0.01466929  7800.065  4.579166e+01   -782.445371
[18,]   18 8.265392e-02  0.01428216  7799.790  8.133289e+01  -1832.777530
[19,]   19 3.248971e-02  0.01273362  7792.273  6.036015e+02  -4180.719806
[20,]   20 1.000000e-06  0.01173071  7711.190 -2.128129e+05   -649.366847
[21,]   21 3.241743e-02  0.01273139  7792.239  6.056472e+02  -4178.973418
[22,]   22 1.057012e-02  0.01205697  7767.672  2.568793e+03  -2029.468533
[23,]   23 3.374888e-03  0.01183486  7735.212  8.637542e+03  -1253.758565
[24,]   24 1.000000e-06  0.01173071  7711.190 -2.128129e+05   -649.366847
[25,]   25 9.518533e-02  0.01471198  7800.035  4.428761e+01   -614.691207
[26,]   26 3.145508e-02  0.01271589  7791.707  6.316266e+02  -4095.434954
[27,]   27 1.025138e-02  0.01205177  7766.849  2.659662e+03  -1964.566554
[28,]   28 3.271305e-03  0.01183314  7734.307  8.885246e+03  -1254.996700
[29,]   29 1.043958e-03  0.01176338  7706.192  1.752336e+04  -1100.213178
[30,]   30 9.648675e-04  0.01181392  7704.737  1.789631e+04  -1053.406698
[31,]   31 6.485057e-04  0.01201610  7698.646  1.933020e+04   -922.934575
[32,]   32 1.000000e-06  0.01242991  7710.864 -2.155559e+05      0.000000
[33,]   33 3.789242e-04  0.01218838  7693.149  1.969609e+04   -879.132671
[34,]   34 2.298335e-04  0.01228366  7690.280  1.412539e+04   -850.712609
[35,]   35 1.000000e-06  0.01248501  7710.808 -2.153504e+05  -1045.669638
[36,]   36 2.119193e-04  0.01229943  7689.993  1.214550e+04   -836.888169
[37,]   37 9.634514e-05  0.01244003  7689.363  3.123643e+03   -653.252401
[38,]   38 4.770684e-05  0.01251654  7691.165 -2.002800e+04   -558.697986
[39,]   39 9.531980e-05  0.01244164  7689.377  2.839207e+03   -650.970101
[40,]   40 9.630355e-05  0.01244009  7689.363  3.112210e+03   -653.159735
[41,]   41 9.634343e-05  0.01244003  7689.363  3.123174e+03   -653.248594
[42,]   42 9.634507e-05  0.01244003  7689.363  3.123624e+03   -653.252245
[43,]   43 9.634514e-05  0.01244003  7689.363  3.123643e+03   -653.252395
[44,]   44 9.634514e-05  0.01244003  7689.363  3.123643e+03   -653.252401
[45,]   45 9.634514e-05  0.01244003  7689.363  3.123643e+03   -653.252401
[46,]   46 9.634514e-05  0.01244003  7689.363  3.123643e+03   -653.252401
[47,]   47 9.634514e-05  0.01244003  7689.363  3.123643e+03   -653.252401
[48,]   48 9.634514e-05  0.01244003  7689.363  3.123643e+03   -653.252401
[49,]   49 9.634514e-05  0.01244003  7689.363  3.123643e+03   -653.252401
[50,]   50 9.634514e-05  0.01244003  7689.363  3.123643e+03   -653.252401
[51,]   51 9.634514e-05  0.01244003  7689.363  3.123643e+03   -653.252401
[52,]   52 9.634514e-05  0.01244003  7689.363  3.123643e+03   -653.252401
[53,]   53 9.634514e-05  0.01244003  7689.363  3.123643e+03   -653.252401
[54,]   54 9.634514e-05  0.01244003  7689.363  3.123643e+03   -653.252401
[55,]   55 9.634514e-05  0.01244003  7689.363  3.123643e+03   -653.252401

