[22;0t]0;IPython: scripts/01_msprime_simulations$par
[1] 0.001631229 0.329464314

$value
[1] -15737.61

$counts
function gradient 
      39       39 

$convergence
[1] 0

$message
[1] "CONVERGENCE: REL_REDUCTION_OF_F <= FACTR*EPSMCH"

$loginfo
      step         par1       par2       fn           gr1           gr2
 [1,]    1 0.1000000000  0.0100000 17893.70  5.746449e+03 -2.345955e+05
 [2,]    2 0.0000010000 10.0000000 29443.02  2.416088e+03  1.898768e+03
 [3,]    3 0.0668607863  3.3206406 18155.75  2.410880e+03  1.276674e+03
 [4,]    4 0.0889315515  1.1157491 16189.65  3.453868e+03  3.630217e+02
 [5,]    5 0.0726774554  1.1140447 16132.87  3.452874e+03  3.846925e+02
 [6,]    6 0.0076610707  1.1072274 15914.03  2.432231e+03  4.981030e+02
 [7,]    7 0.0000010000  1.1036625 15949.44 -2.866115e+05  3.755033e+02
 [8,]    8 0.0044564567  1.1057361 15906.65  1.567464e+03  4.957931e+02
 [9,]    9 0.0000010000  1.0963792 15946.79 -2.954404e+05  3.533357e+02
[10,]   10 0.0027731610  1.1022010 15903.09  4.292097e+02  4.931056e+02
[11,]   11 0.0006462028  1.0855966 15899.35 -8.742397e+03  4.680873e+02
[12,]   12 0.0018015882  1.0946163 15899.57 -1.019579e+03  4.831905e+02
[13,]   13 0.0002711296  1.0485284 15889.59 -2.711272e+04  3.546373e+02
[14,]   14 0.0011104746  1.0738043 15891.44 -3.541540e+03  4.318075e+02
[15,]   15 0.0011114018  0.9464953 15853.43 -5.128245e+03  1.839713e+02
[16,]   16 0.0025987693  0.8424509 15829.40  5.931728e+02  4.007742e+02
[17,]   17 0.0085482391  0.4262734 15803.05  5.704679e+03  4.989745e+00
[18,]   18 0.0063308912  0.5145989 15822.10  3.609639e+03  2.830130e+02
[19,]   19 0.0083205591  0.4353427 15802.00  5.622271e+03  5.495834e+01
[20,]   20 0.0000010000  0.4345752 15866.03 -5.664743e+05  9.770491e+02
[21,]   21 0.0047148362  0.4350101 15783.91  4.114164e+03  6.931738e+01
[22,]   22 0.0000010000  0.4190297 15851.11 -4.470810e+05  9.250432e+02
[23,]   23 0.0029262492  0.4289466 15777.78  2.048080e+03  4.231895e+01
[24,]   24 0.0011456780  0.4200216 15778.83 -5.978351e+03  5.541487e+01
[25,]   25 0.0021307268  0.4249591 15776.71  6.232717e+01  3.187062e+01
[26,]   26 0.0020759189  0.4184670 15776.51 -2.726802e+01  4.097227e+01
[27,]   27 0.0018566871  0.3924987 15766.79  7.143273e+02  7.477491e+02
[28,]   28 0.0009797600  0.2886253 15741.80 -4.278965e+03 -2.201305e+01
[29,]   29 0.0011525714  0.3090950 15741.21 -3.841436e+03 -1.334722e+02
[30,]   30 0.0012713794  0.3231680 15738.38 -2.574142e+03 -1.091959e+02
[31,]   31 0.0015640332  0.3578333 15744.27 -3.311110e+02  4.336212e+02
[32,]   32 0.0013296648  0.3300720 15737.90 -2.036723e+03  1.009364e+01
[33,]   33 0.0018341615  0.3123846 15739.87  8.867712e+02 -1.955861e+02
[34,]   34 0.0014031096  0.3274971 15737.81 -1.475033e+03 -3.584057e+01
[35,]   35 0.0052182907  0.3738003 15768.09  6.142463e+03  6.124543e+02
[36,]   36 0.0016707049  0.3307448 15737.63  2.183667e+02  2.331313e+01
[37,]   37 0.0016354291  0.3294868 15737.61  2.350389e+01  4.093935e-01
[38,]   38 0.0016315473  0.3294612 15737.61  1.814215e+00 -6.277857e-02
[39,]   39 0.0016312287  0.3294643 15737.61  4.267735e-02 -7.096687e-03

