[22;0t]0;IPython: scripts/01_msprime_simulations$par
[1] 0.008536625 0.004474725

$value
[1] -2844.626

$counts
function gradient 
      47       47 

$convergence
[1] 0

$message
[1] "CONVERGENCE: REL_REDUCTION_OF_F <= FACTR*EPSMCH"

$loginfo
      step        par1        par2       fn           gr1           gr2
 [1,]    1 0.100000000 0.010000000 2924.024  3.782926e+02  1.608415e+04
 [2,]    2 0.000001000 0.000001000 5656.301  1.212265e+05 -2.060009e+07
 [3,]    3 0.065464894 0.006546800 2866.267  1.894194e+02  9.885310e+03
 [4,]    4 0.019981687 0.001370511 3014.536  2.330146e+03 -1.895650e+05
 [5,]    5 0.051293442 0.004933995 2854.938  2.021522e+02 -6.754548e+02
 [6,]    6 0.046707169 0.004760352 2854.232  2.197603e+02 -2.349226e+03
 [7,]    7 0.012879867 0.004046044 2846.868  4.170426e+02 -6.080126e+03
 [8,]    8 0.000001000 0.003774090 2908.268 -2.111903e+05  8.695848e+02
 [9,]    9 0.008506174 0.003953687 2845.794  2.585965e+02 -4.920618e+03
[10,]   10 0.006520242 0.003911752 2845.688 -2.540686e+00 -3.917315e+03
[11,]   11 0.017455345 0.004546570 2846.620  3.209973e+02 -1.693441e+03
[12,]   12 0.009514746 0.004085592 2845.472  2.640427e+02 -3.998239e+03
[13,]   13 0.009854157 0.006385296 2852.627  6.976260e+01  6.630692e+03
[14,]   14 0.009585435 0.004564553 2844.682  7.496965e+01  3.173655e+02
[15,]   15 0.008567471 0.004483504 2844.626  5.103320e-01  5.344478e+01
[16,]   16 0.008530432 0.004475573 2844.626 -9.883667e-01  8.273740e+00
[17,]   17 0.008536625 0.004474725 2844.626  3.920909e-02 -1.977896e-01
[18,]   18 0.008536327 0.004474737 2844.626 -1.818307e-05 -2.103184e-04
[19,]   19 0.008536619 0.004474725 2844.626  3.844068e-02 -1.939190e-01
[20,]   20 0.008536625 0.004474725 2844.626  3.919376e-02 -1.977126e-01
[21,]   21 0.008536625 0.004474725 2844.626  3.920873e-02 -1.977881e-01
[22,]   22 0.008536625 0.004474725 2844.626  3.920904e-02 -1.977896e-01
[23,]   23 0.008536625 0.004474725 2844.626  3.920909e-02 -1.977896e-01
[24,]   24 0.008536625 0.004474725 2844.626  3.920908e-02 -1.977896e-01
[25,]   25 0.008536625 0.004474725 2844.626  3.920906e-02 -1.977896e-01
[26,]   26 0.008536625 0.004474725 2844.626  3.920909e-02 -1.977896e-01
[27,]   27 0.008536625 0.004474725 2844.626  3.920908e-02 -1.977896e-01
[28,]   28 0.008536625 0.004474725 2844.626  3.920907e-02 -1.977896e-01
[29,]   29 0.008536625 0.004474725 2844.626  3.920908e-02 -1.977896e-01
[30,]   30 0.008536625 0.004474725 2844.626  3.920908e-02 -1.977896e-01
[31,]   31 0.008536625 0.004474725 2844.626  3.920908e-02 -1.977896e-01
[32,]   32 0.008536625 0.004474725 2844.626  3.920908e-02 -1.977896e-01
[33,]   33 0.008536625 0.004474725 2844.626  3.920908e-02 -1.977896e-01
[34,]   34 0.008536625 0.004474725 2844.626  3.920909e-02 -1.977896e-01
[35,]   35 0.000001000 0.202264359 2916.977  2.411349e+03  2.849587e+02
[36,]   36 0.008535697 0.004496243 2844.627 -7.650086e+00  1.573930e+02
[37,]   37 0.008536624 0.004474744 2844.626  3.235651e-02 -5.801895e-02
[38,]   38 0.008536625 0.004474725 2844.626  3.918902e-02 -1.973815e-01
[39,]   39 0.008536625 0.004474725 2844.626  3.920897e-02 -1.977885e-01
[40,]   40 0.008536625 0.004474725 2844.626  3.920899e-02 -1.977884e-01
[41,]   41 0.008536625 0.004474725 2844.626  3.919897e-02 -1.975850e-01
[42,]   42 0.008536625 0.004474725 2844.626  3.920900e-02 -1.977878e-01
[43,]   43 0.008536625 0.004474725 2844.626  3.920899e-02 -1.977884e-01
[44,]   44 0.008536625 0.004474725 2844.626  3.920899e-02 -1.977884e-01

