[22;0t]0;IPython: scripts/01_msprime_simulations$par
[1]  0.001129086 10.000000000

$value
[1] -55663.38

$counts
function gradient 
      19       19 

$convergence
[1] 0

$message
[1] "CONVERGENCE: REL_REDUCTION_OF_F <= FACTR*EPSMCH"

$loginfo
      step        par1  par2        fn           gr1           gr2
 [1,]    1 0.100000000  0.01 124003.02  7.303715e+04 -3.152015e+06
 [2,]    2 0.000001000 10.00  55693.51 -2.263126e+05 -5.081000e+01
 [3,]    3 0.705317700 10.00  58406.40  3.395686e+03 -2.097344e+01
 [4,]    4 0.229060765 10.00  56615.03  4.132505e+03 -2.766980e+01
 [5,]    5 0.074397077 10.00  55962.36  4.273875e+03 -4.324315e+01
 [6,]    6 0.024256570 10.00  55749.66  4.158404e+03 -4.673520e+01
 [7,]    7 0.007996474 10.00  55683.98  3.783592e+03 -4.922719e+01
 [8,]    8 0.007865000 10.00  55683.49  3.773810e+03 -4.925469e+01
 [9,]    9 0.007339105 10.00  55681.51  3.730961e+03 -4.936429e+01
[10,]   10 0.005235525 10.00  55673.91  3.468129e+03 -4.979542e+01
[11,]   11 0.000001000 10.00  55693.51 -2.263126e+05  0.000000e+00
[12,]   12 0.002898364 10.00  55666.51  2.708669e+03 -5.025239e+01
[13,]   13 0.000001000 10.00  55693.51 -2.263126e+05 -5.081000e+01
[14,]   14 0.001816041 10.00  55664.05  1.682674e+03 -5.045791e+01
[15,]   15 0.000001000 10.00  55693.51 -2.263126e+05 -5.081000e+01
[16,]   16 0.001220459 10.00  55663.39  3.346145e+02 -5.057127e+01
[17,]   17 0.001072624 10.00  55663.38 -2.339740e+02 -5.059954e+01
[18,]   18 0.001133458 10.00  55663.38  1.811570e+01 -5.058793e+01
[19,]   19 0.001129086 10.00  55663.38  9.139629e-01 -5.058887e+01

