[22;0t]0;IPython: scripts/01_msprime_simulations$par
[1] 0.0000010 0.6176609

$value
[1] -18975.18

$counts
function gradient 
      12       12 

$convergence
[1] 0

$message
[1] "CONVERGENCE: REL_REDUCTION_OF_F <= FACTR*EPSMCH"

$loginfo
      step       par1       par2       fn         gr1           gr2
 [1,]    1 0.10000000  0.0100000 21072.15    6158.712 -2.931607e+05
 [2,]    2 0.00000100 10.0000000 30404.71    2416.088  1.818477e+03
 [3,]    3 0.06677688  3.3290232 19996.33    2412.104  1.018523e+03
 [4,]    4 0.03953387  3.3174573 19918.84    2413.668  1.013799e+03
 [5,]    5 0.00000100  3.3006739 19806.42    2415.981  1.006923e+03
 [6,]    6 0.00000100  3.2229070 19729.37    2415.975  9.742074e+02
 [7,]    7 0.00000100  0.9071483 19351.01 -285960.656  2.022282e+03
 [8,]    8 0.00000100  0.0000010 58472.57  124639.806 -2.167045e+08
 [9,]    9 0.00000100  0.5946685 18978.52    7051.552 -2.938211e+02
[10,]   10 0.00000100  1.2036705 19402.29  -65161.668 -1.378547e+03
[11,]   11 0.00000100  0.6177292 18975.18    7108.234  8.729128e-01
[12,]   12 0.00000100  0.6176609 18975.18    7108.208  3.254087e-02

