[22;0t]0;IPython: scripts/01_msprime_simulations$par
[1] 0.0008592615 0.0008458312

$value
[1] -738.9128

$counts
function gradient 
      62       62 

$convergence
[1] 52

$message
[1] "ERROR: ABNORMAL_TERMINATION_IN_LNSRCH"

$loginfo
      step         par1         par2         fn          gr1           gr2
 [1,]    1 1.000000e-01 1.000000e-02   945.7871   1581.43618  7.106319e+03
 [2,]    2 1.000000e-06 1.000000e-06  1168.9660 112278.59135 -3.938861e+06
 [3,]    3 5.433887e-02 5.434298e-03   839.9597   1103.61055  1.242478e+04
 [4,]    4 1.900825e-02 1.901554e-03   756.4794    250.55139  1.976543e+04
 [5,]    5 6.463465e-03 6.471883e-04   743.6827    452.70391 -3.072886e+04
 [6,]    6 1.324443e-02 1.325224e-03   744.8728    148.86418  1.478243e+04
 [7,]    7 1.517770e-03 1.000000e-06  1236.7761  15779.22693 -4.121141e+06
 [8,]    8 9.667319e-03 9.212813e-04   740.9168    176.52058 -1.478478e+03
 [9,]    9 9.089908e-03 9.181952e-04   740.8162    184.03455 -1.541671e+03
[10,]   10 6.780263e-03 9.058508e-04   740.3694    215.97098 -1.609921e+03
[11,]   11 1.000000e-06 8.696173e-04   748.8514 -57936.16814  0.000000e+00
[12,]   12 4.332712e-03 8.927692e-04   739.8157    245.99506 -1.172226e+03
[13,]   13 1.560278e-03 8.779512e-04   739.0812    295.88212  2.739720e+02
[14,]   14 6.660372e-04 8.731717e-04   738.9966   -771.06339  1.105848e+03
[15,]   15 8.108489e-03 9.370146e-04   740.6256    190.19515  1.126270e+01
[16,]   16 2.396687e-03 8.880176e-04   739.3238    268.47333  2.968525e+01
[17,]   17 1.109198e-03 8.769733e-04   738.9580    203.58547  6.222553e+02
[18,]   18 1.005514e-03 8.594603e-04   738.9275    141.95579  1.538097e+02
[19,]   19 8.401205e-04 8.440494e-04   738.9134    -84.20580 -9.078068e+01
[20,]   20 9.016884e-04 8.497805e-04   738.9139     23.13135 -1.427037e+01
[21,]   21 8.592615e-04 8.458312e-04   738.9128    -47.11237 -6.908547e+01
[22,]   22 8.811079e-04 8.557186e-04   738.9158    -21.52819  2.160104e+02
[23,]   23 8.611093e-04 8.466675e-04   738.9129    -44.88708 -4.472640e+01
[24,]   24 8.594457e-04 8.459146e-04   738.9128    -46.88996 -6.665466e+01
[25,]   25 8.592801e-04 8.458396e-04   738.9128    -47.08985 -6.883934e+01
[26,]   26 8.592634e-04 8.458320e-04   738.9128    -47.11009 -6.906051e+01
[27,]   27 8.592617e-04 8.458313e-04   738.9128    -47.11214 -6.908294e+01
[28,]   28 8.592615e-04 8.458312e-04   738.9128    -47.11235 -6.908521e+01
[29,]   29 8.592615e-04 8.458312e-04   738.9128    -47.11237 -6.908544e+01
[30,]   30 8.592615e-04 8.458312e-04   738.9128    -47.11237 -6.908547e+01
[31,]   31 8.592615e-04 8.458312e-04   738.9128    -47.11237 -6.908547e+01
[32,]   32 8.592615e-04 8.458312e-04   738.9128    -47.11237 -6.908547e+01
[33,]   33 8.592615e-04 8.458312e-04   738.9128    -47.11237 -6.908547e+01
[34,]   34 8.592615e-04 8.458312e-04   738.9128    -47.11237 -6.908547e+01
[35,]   35 8.592615e-04 8.458312e-04   738.9128    -47.11237 -6.908547e+01
[36,]   36 8.592615e-04 8.458312e-04   738.9128    -47.11237 -6.908547e+01
[37,]   37 8.592615e-04 8.458312e-04   738.9128    -47.11237 -6.908547e+01
[38,]   38 8.592615e-04 8.458312e-04   738.9128    -47.11237 -6.908547e+01
[39,]   39 8.592615e-04 8.458312e-04   738.9128    -47.11237 -6.908547e+01
[40,]   40 1.000000e+01 1.000000e+01 47422.4507   2176.83400  2.319407e+03
[41,]   41 6.076313e-02 6.074978e-02   913.0798   2365.09683  1.089300e+03
[42,]   42 1.496596e-03 1.483166e-03   742.3974   1202.97891  6.849645e+03
[43,]   43 8.635914e-04 8.501612e-04   738.9139    -45.92813  6.603947e+01
[44,]   44 8.595431e-04 8.461129e-04   738.9128    -47.04448 -6.022330e+01
[45,]   45 8.592811e-04 8.458509e-04   738.9128    -47.10767 -6.846650e+01
[46,]   46 8.592629e-04 8.458326e-04   738.9128    -47.11204 -6.904205e+01
[47,]   47 8.592616e-04 8.458313e-04   738.9128    -47.11235 -6.908242e+01
[48,]   48 8.592615e-04 8.458312e-04   738.9128    -47.11237 -6.908526e+01
[49,]   49 8.592615e-04 8.458312e-04   738.9128    -47.11237 -6.908546e+01
[50,]   50 8.592615e-04 8.458312e-04   738.9128    -47.11237 -6.908547e+01
[51,]   51 8.592615e-04 8.458312e-04   738.9128    -47.11237 -6.908547e+01
[52,]   52 8.592615e-04 8.458312e-04   738.9128    -47.11237 -6.908547e+01
[53,]   53 8.592615e-04 8.458312e-04   738.9128    -47.11237 -6.908547e+01
[54,]   54 8.592615e-04 8.458312e-04   738.9128    -47.11237 -6.908547e+01
[55,]   55 8.592615e-04 8.458312e-04   738.9128    -47.11237 -6.908547e+01
[56,]   56 8.592615e-04 8.458312e-04   738.9128    -47.11237 -6.908547e+01

