[22;0t]0;IPython: scripts/01_msprime_simulations$par
[1] 0.0001128882 0.0091876888

$value
[1] -5554.699

$counts
function gradient 
      50       50 

$convergence
[1] 0

$message
[1] "CONVERGENCE: REL_REDUCTION_OF_F <= FACTR*EPSMCH"

$loginfo
      step         par1         par2        fn          gr1         gr2
 [1,]    1 0.1000000000  0.010000000  5763.371     403.4923  -9048.9267
 [2,]    2 0.0000010000 10.000000000 25701.962    2416.0984   2211.1051
 [3,]    3 0.0745050762  2.556968361  9479.708    2413.7160   2065.0758
 [4,]    4 0.0929235589  0.716943534  6246.907    2479.3392   1153.8202
 [5,]    5 0.0978287142  0.226913619  5923.446    3510.8010   -245.0101
 [6,]    6 0.0993864348  0.071295772  6029.097    2522.7881    591.3359
 [7,]    7 0.0998935016  0.020639299  5818.290     606.6283   9410.7937
 [8,]    8 0.0999769964  0.012298080  5756.062     376.9816   1439.1869
 [9,]    9 0.0998967403  0.011983359  5755.737     377.4230    410.3066
[10,]   10 0.0997360394  0.011828343  5755.655     378.5772   -134.7931
[11,]   11 0.0994754362  0.011754516  5755.575     380.0752   -402.9578
[12,]   12 0.0976648355  0.011485980  5755.121     390.3183  -1422.8410
[13,]   13 0.0931855898  0.011122694  5754.095     417.3870  -2904.5647
[14,]   14 0.0764190914  0.010266773  5750.143     555.6764  -6786.3065
[15,]   15 0.0000010000  0.007182077  5579.350 -134391.5859  -9176.3789
[16,]   16 0.0762596613  0.010260338  5750.098     557.3399  -6816.8649
[17,]   17 0.0381303306  0.008721208  5732.517    1434.1542 -14286.1720
[18,]   18 0.0120327551  0.007667752  5681.233    4860.2778 -15063.7162
[19,]   19 0.0036168943  0.007328037  5623.622   11880.8349 -10008.6747
[20,]   20 0.0000010000  0.007182077  5579.350 -134391.5859  -9176.3789
[21,]   21 0.0762549629  0.010525615  5748.476     549.9090  -5415.5991
[22,]   22 0.0246372298  0.008262312  5714.513    2376.7287 -15329.5934
[23,]   23 0.0076410792  0.007517075  5657.795    7037.5662 -13060.3213
[24,]   24 0.0022605391  0.007281152  5605.771   15351.0134  -8298.7159
[25,]   25 0.0006763911  0.007211692  5577.304   21532.1512  -6062.5299
[26,]   26 0.0005794889  0.007451350  5573.767   22118.5546  -5893.5341
[27,]   27 0.0001918803  0.008409986  5558.024   24434.0850  -5011.6121
[28,]   28 0.0000010000  0.008882071  5567.566 -129803.6275   -953.9197
[29,]   29 0.0001542561  0.008503038  5556.631   18478.7990  -4349.3473
[30,]   30 0.0000010000  0.009127875  5567.622 -130903.9932   1339.1655
[31,]   31 0.0001348504  0.008582156  5555.879   12096.8942  -3708.5803
[32,]   32 0.0001128882  0.009187689  5554.699   -8011.4875    519.5132
[33,]   33 0.0001322065  0.009163548  5554.979    7806.1698    192.1726
[34,]   34 0.0001145894  0.009185563  5554.720   -5762.2414    490.1260
[35,]   35 0.0001130208  0.009187523  5554.701   -7824.8066    517.2180
[36,]   36 0.0001128983  0.009187676  5554.700   -7997.1991    519.3384
[37,]   37 0.0001128889  0.009187688  5554.699   -8010.4012    519.4999
[38,]   38 0.0001128882  0.009187689  5554.699   -8011.4049    519.5122
[39,]   39 0.0001128882  0.009187689  5554.699   -8011.4812    519.5131
[40,]   40 0.0001128882  0.009187689  5554.699   -8011.4870    519.5132
[41,]   41 0.0001128882  0.009187689  5554.699   -8011.4874    519.5132
[42,]   42 0.0001128882  0.009187689  5554.699   -8011.4875    519.5132
[43,]   43 0.0001128882  0.009187689  5554.699   -8011.4875    519.5132
[44,]   44 0.0001128882  0.009187689  5554.699   -8011.4875    519.5132
[45,]   45 0.0001128882  0.009187689  5554.699   -8011.4875    519.5132
[46,]   46 0.0001128882  0.009187689  5554.699   -8011.4875    519.5132
[47,]   47 0.0001128882  0.009187689  5554.699   -8011.4875    519.5132
[48,]   48 0.0001128882  0.009187689  5554.699   -8011.4875    519.5132
[49,]   49 0.0001128882  0.009187689  5554.699   -8011.4875    519.5132
[50,]   50 0.0001128882  0.009187689  5554.699   -8011.4875    519.5132

