[22;0t]0;IPython: scripts/01_msprime_simulations$par
[1] 0.001085137 0.766058024

$value
[1] -22015.26

$counts
function gradient 
      27       27 

$convergence
[1] 0

$message
[1] "CONVERGENCE: REL_REDUCTION_OF_F <= FACTR*EPSMCH"

$loginfo
      step         par1       par2       fn           gr1           gr2
 [1,]    1 0.1000000000  0.0100000 27985.76  1.241037e+04 -4.724086e+05
 [2,]    2 0.0000010000 10.0000000 32642.33 -4.364360e+04  1.699638e+03
 [3,]    3 0.0666574140  3.3409577 23604.44  2.609318e+03  7.288797e+02
 [4,]    4 0.0482405483  3.3356286 23552.35  2.622170e+03  7.316362e+02
 [5,]    5 0.0000010000  3.3216702 23424.96 -4.344794e+04  7.125944e+02
 [6,]    6 0.0452735827  3.3347701 23543.94  2.622650e+03  7.314743e+02
 [7,]    7 0.0226372913  3.3282201 23479.93  2.604343e+03  7.247669e+02
 [8,]    8 0.0069963863  3.3236943 23436.33  2.525478e+03  7.156075e+02
 [9,]    9 0.0022367755  3.3223171 23423.74  2.243068e+03  7.132671e+02
[10,]   10 0.0000010000  3.3074879 23414.91 -4.344883e+04  7.043960e+02
[11,]   11 0.0018959687  3.3200566 23421.38  2.164023e+03  7.119030e+02
[12,]   12 0.0009484844  3.3137723 23415.06  1.638568e+03  7.081288e+02
[13,]   13 0.0003408773  3.3097422 23411.59 -3.219067e+02  7.057293e+02
[14,]   14 0.0082713157  0.0000010 83245.78  9.690605e+04 -3.052892e+08
[15,]   15 0.0030587654  2.1754409 22680.31  6.749471e+02  1.060382e+03
[16,]   16 0.0065334790  0.7252812 22041.13  6.200066e+03 -3.821523e+01
[17,]   17 0.0018798619  0.8688531 22048.32  3.636246e+03  6.005727e+02
[18,]   18 0.0044544668  0.7894222 22031.90  5.781179e+03  1.929570e+02
[19,]   19 0.0000010000  0.7383482 22056.52 -3.181967e+05  1.701967e+00
[20,]   20 0.0023484573  0.7652697 22018.46  4.035481e+03  1.198293e+01
[21,]   21 0.0000010000  0.7744846 22060.02 -3.306637e+05 -9.552478e+01
[22,]   22 0.0015078289  0.7685696 22015.80  2.144805e+03  2.535602e+01
[23,]   23 0.0005707247  0.7646477 22016.62 -6.797596e+03 -1.427887e+01
[24,]   24 0.0011135914  0.7669197 22015.27  2.054436e+02  6.593253e+00
[25,]   25 0.0010761159  0.7658967 22015.26 -6.583288e+01 -1.206905e+00
[26,]   26 0.0010860385  0.7660262 22015.26  5.418987e+00 -1.731415e-01
[27,]   27 0.0010851369  0.7660580 22015.26 -3.249278e-01  3.058783e-02

