[22;0t]0;IPython: scripts/01_msprime_simulations$par
[1] 0.0002981421 0.6443808830

$value
[1] -19472.52

$counts
function gradient 
      33       33 

$convergence
[1] 0

$message
[1] "CONVERGENCE: REL_REDUCTION_OF_F <= FACTR*EPSMCH"

$loginfo
      step         par1       par2       fn           gr1           gr2
 [1,]    1 0.1000000000  0.0100000 21717.71  6.682903e+03 -3.080269e+05
 [2,]    2 0.0000010000 10.0000000 30619.99  2.416088e+03  1.800503e+03
 [3,]    3 0.0667633137  3.3303782 20405.29  2.409669e+03  9.676906e+02
 [4,]    4 0.0408332697  3.3198802 20332.64  2.412055e+03  9.631686e+02
 [5,]    5 0.0000010000  3.3033490 20218.20  2.415982e+03  9.561026e+02
 [6,]    6 0.0000010000  3.2930745 20208.40  2.415982e+03  9.517230e+02
 [7,]    7 0.0000010000  1.0603887 20048.94 -7.654991e+05  3.455011e+02
 [8,]    8 0.0015443913  0.0000010 60737.81  1.205490e+05 -2.244125e+08
 [9,]    9 0.0005295149  0.6972723 19487.42  4.981748e+02  4.939108e+02
[10,]   10 0.0007189776  0.0000010 60637.34  1.228783e+05 -2.244122e+08
[11,]   11 0.0005930455  0.4634634 19547.28 -1.219824e+04  7.612259e+02
[12,]   12 0.0005365622  0.6713365 19476.98  2.580284e+03  2.917197e+02
[13,]   13 0.0005254337  0.6338918 19473.60  2.942953e+03 -1.241271e+02
[14,]   14 0.0001374210  0.6446516 19472.91 -8.267999e+03  5.732051e+00
[15,]   15 0.0003581719  0.6385301 19472.77  1.179481e+03 -6.871278e+01
[16,]   16 0.0002280672  0.6437012 19472.57 -2.176320e+03 -7.350698e+00
[17,]   17 0.0003109951  0.6442414 19472.53  2.838398e+02 -1.752357e+00
[18,]   18 0.0003014441  0.6444032 19472.52  7.182129e+01  1.792456e-01
[19,]   19 0.0002981421  0.6443809 19472.52 -4.286333e+00 -5.849577e-02
[20,]   20 0.0002983314  0.6443853 19472.52  1.013912e-01 -8.435836e-03
[21,]   21 0.0002981428  0.6443809 19472.52 -4.269295e+00 -5.829879e-02
[22,]   22 0.0002981421  0.6443809 19472.52 -4.286266e+00 -5.849386e-02
[23,]   23 0.0002981421  0.6443809 19472.52 -4.286331e+00 -5.849486e-02
[24,]   24 0.0002981421  0.6443809 19472.52 -4.286331e+00 -5.849482e-02
[25,]   25 0.0002981421  0.6443809 19472.52 -4.286301e+00 -5.849046e-02
[26,]   26 0.0002981421  0.6443809 19472.52 -4.286332e+00 -5.849395e-02
[27,]   27 0.0002981421  0.6443809 19472.52 -4.286331e+00 -5.849482e-02
[28,]   28 0.0002981421  0.6443809 19472.52 -4.286331e+00 -5.849482e-02
[29,]   29 0.0002981421  0.6443809 19472.52 -4.286332e+00 -5.849426e-02
[30,]   30 0.0002981421  0.6443809 19472.52 -4.286331e+00 -5.849482e-02
[31,]   31 0.0002981421  0.6443809 19472.52 -4.286331e+00 -5.849482e-02
[32,]   32 0.0002981421  0.6443809 19472.52 -4.286332e+00 -5.849426e-02
[33,]   33 0.0002981421  0.6443809 19472.52 -4.286331e+00 -5.849482e-02

