[22;0t]0;IPython: scripts/01_msprime_simulations$par
[1] 0.0004445637 0.0012153696

$value
[1] -803.3702

$counts
function gradient 
      44       44 

$convergence
[1] 0

$message
[1] "CONVERGENCE: REL_REDUCTION_OF_F <= FACTR*EPSMCH"

$loginfo
      step         par1         par2         fn           gr1           gr2
 [1,]    1 0.1000000000 1.000000e-02  1002.2288  1.590821e+03  8.351308e+03
 [2,]    2 0.0000010000 1.000000e-06  1342.9794  9.968684e+04 -4.586892e+06
 [3,]    3 0.0566512245 5.665513e-03   898.4782  1.287530e+03  1.027421e+04
 [4,]    4 0.0192620763 1.926934e-03   824.5385  6.594752e+02  5.008418e+03
 [5,]    5 0.0000010000 1.000000e-06  1342.9794  9.968684e+04 -4.586892e+06
 [6,]    6 0.0132155790 1.322339e-03   820.2979  6.356700e+02 -5.678324e+03
 [7,]    7 0.0000010000 1.000000e+01 24479.8671  2.416088e+03  2.313137e+03
 [8,]    8 0.0104589143 2.087125e+00  5605.7670  2.415570e+03  2.444373e+03
 [9,]    9 0.0126266736 4.469117e-01  1653.8116  2.413752e+03  2.290439e+03
[10,]   10 0.0130784034 1.051149e-01   944.3623  2.402262e+03  1.515978e+03
[11,]   11 0.0131797104 2.846193e-02   857.5652  2.874807e+03  5.407559e+02
[12,]   12 0.0132072188 7.648017e-03   843.8113  2.049874e+03  2.398705e+03
[13,]   13 0.0132142229 2.348396e-03   822.1346  8.634154e+02  4.960448e+03
[14,]   14 0.0132151910 1.615939e-03   819.6461  6.788371e+02  3.628544e+02
[15,]   15 0.0131823502 1.598583e-03   819.6187  6.761138e+02  1.069907e+02
[16,]   16 0.0128488165 1.508094e-03   819.4464  6.682502e+02 -1.434851e+03
[17,]   17 0.0123320479 1.450382e-03   819.2117  6.746560e+02 -2.630680e+03
[18,]   18 0.0092780475 1.269434e-03   817.8480  8.067405e+02 -7.256595e+03
[19,]   19 0.0000010000 9.213689e-04   816.3977 -1.113384e+05  1.532351e+03
[20,]   20 0.0092337029 1.267770e-03   817.8240  8.098595e+02 -7.302221e+03
[21,]   21 0.0046173515 1.094570e-03   814.3768  1.587959e+03 -1.159082e+04
[22,]   22 0.0015600743 9.798638e-04   808.2602  3.821760e+03 -1.178358e+04
[23,]   23 0.0005836223 9.432283e-04   804.4376  3.991170e+03 -7.175639e+03
[24,]   24 0.0000010000 1.003581e-03   816.3489 -1.093972e+05 -1.147059e+02
[25,]   25 0.0004229572 9.598714e-04   803.8047  2.222302e+03 -4.548542e+03
[26,]   26 0.0014574833 1.821160e-03   805.9510  2.367139e+03  1.620376e+03
[27,]   27 0.0005790437 1.089820e-03   803.7314  2.552831e+03 -2.995317e+03
[28,]   28 0.0002537498 1.153104e-03   803.7363 -6.369571e+03  1.042501e+03
[29,]   29 0.0004038519 1.123903e-03   803.3972 -1.105295e+02 -8.595036e+02
[30,]   30 0.0004583450 1.196505e-03   803.3762  3.444654e+02 -3.139337e+02
[31,]   31 0.0004445637 1.215370e-03   803.3702 -2.592492e+01  1.406311e+01
[32,]   32 0.0004458780 1.214956e-03   803.3703  7.807179e-01  1.541389e-01
[33,]   33 0.0004446098 1.215355e-03   803.3702 -2.498462e+01  1.357519e+01
[34,]   34 0.0004445653 1.215369e-03   803.3702 -2.589086e+01  1.404544e+01
[35,]   35 0.0004445637 1.215370e-03   803.3702 -2.592368e+01  1.406247e+01
[36,]   36 0.0004445637 1.215370e-03   803.3702 -2.592487e+01  1.406308e+01
[37,]   37 0.0004445637 1.215370e-03   803.3702 -2.592492e+01  1.406310e+01
[38,]   38 0.0004445637 1.215370e-03   803.3702 -2.592492e+01  1.406311e+01
[39,]   39 0.0004445637 1.215370e-03   803.3702 -2.592492e+01  1.406311e+01
[40,]   40 0.0004445637 1.215370e-03   803.3702 -2.592492e+01  1.406311e+01
[41,]   41 0.0004445637 1.215370e-03   803.3702 -2.592492e+01  1.406311e+01
[42,]   42 0.0004445637 1.215370e-03   803.3702 -2.592492e+01  1.406311e+01
[43,]   43 0.0004445637 1.215370e-03   803.3702 -2.592492e+01  1.406311e+01

