[22;0t]0;IPython: scripts/01_msprime_simulations$par
[1] 0.005474887 0.585818047

$value
[1] -52404.53

$counts
function gradient 
      46       46 

$convergence
[1] 0

$message
[1] "CONVERGENCE: REL_REDUCTION_OF_F <= FACTR*EPSMCH"

$loginfo
      step        par1       par2        fn           gr1           gr2
 [1,]    1 0.100000000  0.0100000 121435.33  6.753788e+04 -3.113993e+06
 [2,]    2 0.000001000 10.0000000  55880.01 -4.095283e+06  4.710148e+02
 [3,]    3 2.911017199 10.0000000  62933.30  2.081464e+03  2.670550e+02
 [4,]    4 0.969439078 10.0000000  58047.29  3.096603e+03  3.309552e+02
 [5,]    5 0.322916598 10.0000000  55877.74  3.596116e+03  4.351295e+02
 [6,]    6 0.107525764 10.0000000  55118.37  3.158432e+03  4.868456e+02
 [7,]    7 0.107442907  9.9984368  55117.35  3.157799e+03  4.867414e+02
 [8,]    8 0.107111479  9.9921841  55113.26  3.155236e+03  4.863033e+02
 [9,]    9 0.105785766  9.9671732  55096.94  3.144519e+03  4.844526e+02
[10,]   10 0.100482912  9.8671298  55032.35  3.094971e+03  4.759151e+02
[11,]   11 0.079271496  9.4669560  54784.58  2.814996e+03  4.552542e+02
[12,]   12 0.000001000  7.9714418  55087.42 -4.749610e+06  4.489155e+02
[13,]   13 0.038040725  8.6890978  54353.07  1.096273e+03  4.247572e+02
[14,]   14 0.000001000  7.9721146  55087.73 -4.749614e+06  4.483372e+02
[15,]   15 0.022372747  8.3937834  54226.23 -1.477572e+03  4.369534e+02
[16,]   16 0.000001000  7.9660057  55084.97 -4.749433e+06  4.534660e+02
[17,]   17 0.014129809  8.2361674  54181.98 -5.069637e+03  4.383961e+02
[18,]   18 0.006465217  8.0821728  54185.35 -1.607048e+04  4.332629e+02
[19,]   19 0.010415572  8.1615421  54173.80 -8.436300e+03  4.365233e+02
[20,]   20 0.010054095  8.1485674  54171.27 -8.885451e+03  4.357763e+02
[21,]   21 0.008608188  8.0966686  54163.07 -1.104865e+04  4.323380e+02
[22,]   22 0.006032031  7.7745119  54061.02 -1.693485e+04  4.324067e+02
[23,]   23 0.000001000  5.6074045  54239.94 -4.540213e+06  2.401537e+02
[24,]   24 0.002809638  6.6166218  53698.83 -3.805306e+04  3.288791e+02
[25,]   25 0.008250055  3.0129845  52771.82 -7.573760e+03  2.382084e+02
[26,]   26 0.010427524  0.0000010 422567.56  1.180589e+05 -1.563868e+09
[27,]   27 0.008976899  2.0072430  52644.91 -3.763668e+03  2.075095e+02
[28,]   28 0.009922852  0.0000010 422507.88  1.184142e+05 -1.563868e+09
[29,]   29 0.009292448  1.3376719  52519.61  4.354785e+02  1.669181e+02
[30,]   30 0.008712358  0.0000010 422364.03  1.192596e+05 -1.563868e+09
[31,]   31 0.009099031  0.8916585  52443.63  4.175957e+03  1.976095e+02
[32,]   32 0.008905695  0.4458297  52477.99  1.505429e+04 -9.766223e+02
[33,]   33 0.009010020  0.6864021  52428.76  7.225844e+03  4.945629e+01
[34,]   34 0.006070440  0.2248822  53399.89  3.136979e+04 -1.438914e+04
[35,]   35 0.008207275  0.5603695  52421.00  9.017446e+03 -1.670396e+02
[36,]   36 0.008636291  0.6277258  52423.47  8.106367e+03  1.091450e+02
[37,]   37 0.008357142  0.5838989  52419.25  8.780259e+03 -7.675361e+01
[38,]   38 0.000001000  0.5096772  53345.24 -5.297099e+06  6.021696e+01
[39,]   39 0.005491444  0.5584449  52406.31  7.244007e+02 -9.019321e+01
[40,]   40 0.005401527  0.6287015  52410.37 -1.592327e+03  2.134567e+02
[41,]   41 0.005463510  0.5802712  52404.63  6.624223e+01 -3.567045e+01
[42,]   42 0.005572202  0.5958967  52404.89  2.175627e+02  7.073770e+01
[43,]   43 0.005500789  0.5856304  52404.53  1.287063e+02 -1.882401e+00
[44,]   44 0.005460807  0.5858609  52404.53 -6.916274e+01  6.127467e-01
[45,]   45 0.005474996  0.5858212  52404.53  4.530820e-01  1.770688e-02
[46,]   46 0.005474887  0.5858180  52404.53 -3.208806e-03 -1.650951e-03

