[22;0t]0;IPython: scripts/01_msprime_simulations$par
[1] 0.010586435 0.009573408

$value
[1] -5605.035

$counts
function gradient 
      28       28 

$convergence
[1] 0

$message
[1] "CONVERGENCE: REL_REDUCTION_OF_F <= FACTR*EPSMCH"

$loginfo
      step        par1         par2        fn          gr1          gr2
 [1,]    1 0.100000000  0.010000000  5640.126  254.7182904 -6106.212924
 [2,]    2 0.000001000 10.000000000 25664.577 2416.0984981  2214.226325
 [3,]    3 0.077056514  2.302077133  8882.661 2413.5283048  2037.752469
 [4,]    4 0.094034539  0.605955485  6044.593 2368.0478624   857.783274
 [5,]    5 0.098270517  0.182777071  5991.798 2663.5872257  -734.222847
 [6,]    6 0.099668603  0.043106907  5959.548 1577.0658067  6224.625464
 [7,]    7 0.099968588  0.013138072  5644.615  212.9550587  6969.760188
 [8,]    8 0.099988655  0.011133363  5636.893  226.2888457    54.683271
 [9,]    9 0.099947076  0.011123528  5636.883  226.5284249    10.398647
[10,]   10 0.099780758  0.011084189  5636.848  227.5013830  -167.950191
[11,]   11 0.098188441  0.010900169  5636.588  233.6953815 -1011.296080
[12,]   12 0.094148959  0.010649929  5636.016  246.7462206 -2175.684101
[13,]   13 0.079891521  0.010101697  5634.039  298.9843611 -4733.854240
[14,]   14 0.006587357  0.007952984  5608.663 -391.1610607 -3776.950620
[15,]   15 0.062152253  0.009581718  5631.003  395.9170501 -6990.381824
[16,]   16 0.034369805  0.008767351  5623.206  701.1611763 -9474.420690
[17,]   17 0.010197003  0.008058791  5608.936  616.0485233 -5949.057546
[18,]   18 0.006587357  0.007952984  5608.663 -391.1610607 -3776.950620
[19,]   19 0.063380732  0.010467731  5627.557  340.1892533 -2039.056562
[20,]   20 0.016424453  0.008388560  5611.742  880.6838065 -7219.546415
[21,]   21 0.008711741  0.008047049  5608.282  326.9143313 -4989.910546
[22,]   22 0.009020610  0.008415492  5606.810  163.3347681 -3450.041697
[23,]   23 0.010491020  0.009364417  5605.094   45.5791551  -592.792516
[24,]   24 0.010712604  0.009546966  5605.038   28.4439971  -112.212407
[25,]   25 0.010669472  0.009574937  5605.036   13.6607700   -20.109769
[26,]   26 0.010609221  0.009577771  5605.035    2.8543066     4.377344
[27,]   27 0.010588878  0.009575310  5605.035    0.1025097     2.970966
[28,]   28 0.010586435  0.009573408  5605.035    0.2105898    -1.744171

