[22;0t]0;IPython: scripts/01_msprime_simulations$par
[1] 0.78558037 0.01047858

$value
[1] -5760.611

$counts
function gradient 
      15       15 

$convergence
[1] 0

$message
[1] "CONVERGENCE: REL_REDUCTION_OF_F <= FACTR*EPSMCH"

$loginfo
      step       par1        par2        fn           gr1           gr2
 [1,]    1  0.1000000 0.010000000  5778.549 -1.851955e+02  1.144096e+03
 [2,]    2 10.0000000 0.000001000 14320.336  5.487758e-01 -4.775825e+07
 [3,]    3  3.7750251 0.006288225  5876.212  1.167098e+00 -6.482302e+04
 [4,]    4  1.2149334 0.008873917  5773.676  1.986622e+00 -1.679293e+04
 [5,]    5  2.0528508 0.018795763  5961.913  8.802320e+00  3.956718e+04
 [6,]    6  1.3663845 0.010667262  5761.312  1.355528e+00  1.569482e+03
 [7,]    7  1.3433715 0.010502009  5761.138  1.343430e+00  1.497877e+02
 [8,]    8  1.3289739 0.010462919  5761.119  1.338796e+00 -1.924396e+02
 [9,]    9  1.2993799 0.010428977  5761.091  1.327106e+00 -4.906629e+02
[10,]   10  1.1828130 0.010357697  5760.997  1.247989e+00 -1.114633e+03
[11,]   11  0.9417315 0.010282454  5760.848  7.972590e-01 -1.738902e+03
[12,]   12  0.7753507 0.010304285  5760.739 -1.053185e-02 -1.483540e+03
[13,]   13  0.7815590 0.010443889  5760.616 -2.309922e-02 -2.896010e+02
[14,]   14  0.7884635 0.010477945  5760.611  1.415101e-02 -5.060810e+00
[15,]   15  0.7855804 0.010478584  5760.611 -5.604043e-03  1.082875e+00

