[22;0t]0;IPython: scripts/01_msprime_simulations$par
[1] 0.01015388 0.05049702

$value
[1] -17707.07

$counts
function gradient 
      36       36 

$convergence
[1] 0

$message
[1] "CONVERGENCE: REL_REDUCTION_OF_F <= FACTR*EPSMCH"

$loginfo
      step        par1        par2       fn           gr1           gr2
 [1,]    1 0.100000000  0.01000000 20698.56  8.206862e+03 -3.077927e+05
 [2,]    2 0.000001000 10.00000000 30434.36  2.416088e+03  1.816002e+03
 [3,]    3 0.066780475  3.32866370 20003.16  2.277648e+03  1.084431e+03
 [4,]    4 0.088909244  1.11797756 18432.53  2.687940e+03  2.260654e+02
 [5,]    5 0.079236899  1.11708786 18406.76  2.595260e+03  2.348755e+02
 [6,]    6 0.040547516  1.11352905 18318.43  1.727055e+03  2.689850e+02
 [7,]    7 0.000001000  1.10861710 18672.10 -1.597258e+06  2.800546e+02
 [8,]    8 0.025408793  1.11169509 18298.46  6.939892e+02  2.848353e+02
 [9,]    9 0.014696511  1.10929712 18298.81 -1.224808e+03  2.974519e+02
[10,]   10 0.020026047  1.11049015 18296.16 -2.290281e+01  2.917196e+02
[11,]   11 0.019696266  1.10930014 18295.83 -7.749391e+01  2.917228e+02
[12,]   12 0.018377140  1.10454009 18294.70 -3.157715e+02  2.914274e+02
[13,]   13 0.014275011  1.06364273 18286.41 -1.331078e+03  2.676396e+02
[14,]   14 0.011363976  0.95728946 18263.04 -2.406136e+03  3.398016e+02
[15,]   15 0.000001000  0.54214852 18462.41 -1.978097e+06  6.439074e+02
[16,]   16 0.006584086  0.78265846 18197.40 -6.228504e+03  5.466199e+02
[17,]   17 0.002297853  0.62606295 18151.60 -2.403761e+04  7.076852e+02
[18,]   18 0.000001000  0.33624105 18402.46 -2.123164e+06  2.972374e+02
[19,]   19 0.001369296  0.50889556 18105.94 -4.009008e+04  4.807455e+02
[20,]   20 0.014524122  0.00000100 60045.59  6.500038e+04 -2.178338e+08
[21,]   21 0.005812014  0.33702896 17958.76 -6.255252e+03  4.715929e+02
[22,]   22 0.007084636  0.00000100 59489.52  8.623311e+04 -2.178017e+08
[23,]   23 0.006237254  0.22441275 17888.37 -4.658627e+03  6.468928e+02
[24,]   24 0.006660945  0.11220688 17793.52 -5.182410e+03  1.229867e+03
[25,]   25 0.006942922  0.03753113 17725.49 -7.263261e+02 -3.281797e+03
[26,]   26 0.006738744  0.09160341 17766.52 -5.465692e+03  1.367460e+03
[27,]   27 0.006887718  0.05215079 17713.57 -4.269796e+03  6.206039e+02
[28,]   28 0.007504025  0.00000100 59525.37  8.471665e+04 -2.178037e+08
[29,]   29 0.007092521  0.03482110 17736.81  8.117322e+02 -5.177081e+03
[30,]   30 0.006937389  0.04794778 17711.93 -3.589105e+03  2.090438e+01
[31,]   31 0.008520215  0.04930059 17708.14 -1.414400e+03  1.291324e+01
[32,]   32 0.009544648  0.05012137 17707.21 -4.631794e+02  1.314070e+01
[33,]   33 0.010032066  0.05041816 17707.08 -8.624024e+01  1.611630e+00
[34,]   34 0.010144639  0.05049416 17707.07 -6.864401e+00  5.571306e-01
[35,]   35 0.010153879  0.05049702 17707.07 -4.439707e-02 -8.723324e-02

