[22;0t]0;IPython: scripts/01_msprime_simulations$par
[1] 1.000000e-06 1.577299e-05

$value
[1] -32.70474

$counts
function gradient 
      39       39 

$convergence
[1] 0

$message
[1] "CONVERGENCE: REL_REDUCTION_OF_F <= FACTR*EPSMCH"

$loginfo
      step  par1         par2          fn       gr1        gr2
 [1,]    1 1e-01 1.000000e-02   288.61093  2267.138   3177.923
 [2,]    2 1e-06 1.000000e-06    37.25838 15765.114 -26380.163
 [3,]    3 1e-06 1.000000e+01 24344.50853  2416.088   2324.438
 [4,]    4 1e-06 2.929854e+00  7369.52135  2415.973   2477.512
 [5,]    5 1e-06 8.566391e-01  2187.62064  2415.391   2520.437
 [6,]    6 1e-06 2.505282e-01   657.49610  2413.185   2525.249
 [7,]    7 1e-06 7.344059e-02   211.52290  2405.562   2500.256
 [8,]    8 1e-06 2.166585e-02    83.59063  2379.791   2403.774
 [9,]    9 1e-06 6.481550e-03    48.60621  2293.659   2079.704
[10,]   10 1e-06 1.979646e-03    40.71394  1989.852   1045.059
[11,]   11 1e-06 5.943064e-04    38.66321  4907.907   4054.462
[12,]   12 1e-06 1.808971e-04    35.85530  7407.228  13347.087
[13,]   13 1e-06 1.204574e-04    34.97468  6724.515  17918.756
[14,]   14 1e-06 1.000000e-06    37.25838     0.000 -26380.163
[15,]   15 1e-06 1.026665e-04    34.65245  6136.472   6328.199
[16,]   16 1e-06 3.213419e-05    32.96212  1763.637  22059.472
[17,]   17 1e-06 1.000000e-06    37.25838     0.000 -26380.163
[18,]   18 1e-06 3.131859e-05    32.94137  1757.883  22136.122
[19,]   19 1e-06 3.054599e-05    32.92202  1757.731  22205.068
[20,]   20 1e-06 1.577299e-05    32.70474  3587.327  21885.157
[21,]   21 1e-06 6.022818e-06    33.38839  9732.394  13276.411
[22,]   22 1e-06 1.535648e-05    32.70761  3727.931  21782.881
[23,]   23 1e-06 1.577299e-05    32.70474  3587.327  21885.157
[24,]   24 1e-06 1.000000e-06    37.25838 15765.114 -26380.163
[25,]   25 1e-06 1.559942e-05    32.70582  3644.952  21843.725
[26,]   26 1e-06 1.574638e-05    32.70489  3596.072  21878.914
[27,]   27 1e-06 1.576884e-05    32.70476  3588.688  21884.186
[28,]   28 1e-06 1.577234e-05    32.70474  3587.539  21885.006
[29,]   29 1e-06 1.577289e-05    32.70474  3587.360  21885.134
[30,]   30 1e-06 1.577298e-05    32.70474  3587.332  21885.154
[31,]   31 1e-06 1.577299e-05    32.70474  3587.327  21885.157
[32,]   32 1e-06 1.577299e-05    32.70474  3587.327  21885.157
[33,]   33 1e-06 1.577299e-05    32.70474  3587.327  21885.157
[34,]   34 1e-06 1.577299e-05    32.70474  3587.327  21885.157
[35,]   35 1e-06 1.577299e-05    32.70474  3587.327  21885.157
[36,]   36 1e-06 1.577299e-05    32.70474  3587.327  21885.157
[37,]   37 1e-06 1.577299e-05    32.70474  3587.327  21885.157
[38,]   38 1e-06 1.577299e-05    32.70474  3587.327  21885.157
[39,]   39 1e-06 1.577299e-05    32.70474  3587.327  21885.157

