[22;0t]0;IPython: scripts/01_msprime_simulations$par
[1] 0.04990711 0.51006390

$value
[1] -55088.71

$counts
function gradient 
      27       27 

$convergence
[1] 0

$message
[1] "CONVERGENCE: REL_REDUCTION_OF_F <= FACTR*EPSMCH"

$loginfo
      step       par1       par2        fn           gr1           gr2
 [1,]    1 0.10000000  0.0100000 124141.09  6.969468e+04 -3.197463e+06
 [2,]    2 0.00000100 10.0000000  61954.38 -1.011253e+07  3.678899e+02
 [3,]    3 1.53216584 10.0000000  61909.63  2.274266e+03  2.397171e+02
 [4,]    4 0.51001739 10.0000000  59481.22  2.303520e+03  3.262809e+02
 [5,]    5 0.16993384 10.0000000  58862.07  6.935268e+02  3.660329e+02
 [6,]    6 0.16992219  9.9988333  58861.63  6.934642e+02  3.660260e+02
 [7,]    7 0.16987558  9.9941663  58859.89  6.932112e+02  3.659957e+02
 [8,]    8 0.16968912  9.9754986  58852.93  6.921542e+02  3.658646e+02
 [9,]    9 0.16894329  9.9008276  58825.12  6.872754e+02  3.652320e+02
[10,]   10 0.16595997  9.6021437  58714.22  6.631551e+02  3.647442e+02
[11,]   11 0.15402672  8.4074079  58263.61  5.682088e+02  3.711228e+02
[12,]   12 0.10629368  3.6284649  56610.58  8.837100e+02  2.807121e+02
[13,]   13 0.05761704  0.0000010 437751.07  8.975967e+04 -1.602480e+09
[14,]   14 0.09003540  2.4165368  56146.89  1.039111e+03  4.390717e+02
[15,]   15 0.07382622  1.2082689  55507.60  6.354195e+02  6.644192e+02
[16,]   16 0.06302223  0.4029161  55199.99  4.432327e+03 -1.937349e+03
[17,]   17 0.07097598  0.9958061  55357.30  5.244594e+02  7.126702e+02
[18,]   18 0.06546846  0.5852631  55106.69  1.183667e+03  2.083163e+02
[19,]   19 0.05384022  0.0000010 437408.90  9.144355e+04 -1.602478e+09
[20,]   20 0.06159293  0.3902034  55220.02  4.760064e+03 -2.252534e+03
[21,]   21 0.06461569  0.5423424  55101.20  1.550709e+03 -1.572458e+01
[22,]   22 0.06005816  0.5319858  55095.09  1.194986e+03 -1.867356e+01
[23,]   23 0.04552319  0.5040538  55090.35 -8.322890e+02  3.732796e+01
[24,]   24 0.05120018  0.5121637  55088.84  2.036021e+02 -8.043003e+00
[25,]   25 0.05006875  0.5103691  55088.72  2.560651e+01 -7.783922e-01
[26,]   26 0.04990076  0.5100490  55088.71 -8.564676e-01 -4.108177e-02
[27,]   27 0.04990711  0.5100639  55088.71  1.000439e-01 -5.021939e-02

