[22;0t]0;IPython: scripts/01_msprime_simulations$par
[1] 0.001844460 0.001069357

$value
[1] -771.6774

$counts
function gradient 
      28       28 

$convergence
[1] 0

$message
[1] "CONVERGENCE: REL_REDUCTION_OF_F <= FACTR*EPSMCH"

$loginfo
      step        par1         par2        fn           gr1           gr2
 [1,]    1 0.100000000 0.0100000000  975.7357  1.533804e+03  7.763093e+03
 [2,]    2 0.000001000 0.0000010000 1237.1034  1.041274e+05 -4.170890e+06
 [3,]    3 0.055284361 0.0055288386  869.5882  1.137904e+03  1.317642e+04
 [4,]    4 0.019323704 0.0019330965  783.8582  4.555031e+02  1.416652e+04
 [5,]    5 0.000001000 0.0000010000 1237.1034  1.041274e+05 -4.170890e+06
 [6,]    6 0.013105773 0.0013113593  775.1831  3.246481e+02  3.860426e+03
 [7,]    7 0.000001000 0.0000010000 1237.1034  1.041274e+05 -4.170890e+06
 [8,]    8 0.009311328 0.0009319491  775.1214  3.506348e+02 -1.248799e+04
 [9,]    9 0.011429555 0.0011437527  774.4333  3.100668e+02 -1.787016e+03
[10,]   10 0.010129710 0.0011081135  774.1112  3.145717e+02 -3.232304e+03
[11,]   11 0.000001000 0.0009696898  777.8848 -3.799033e+04  1.319381e+03
[12,]   12 0.005728554 0.0010479652  772.9279  3.358054e+02 -4.462253e+03
[13,]   13 0.002008779 0.0009971290  771.7714  2.034898e+02 -2.595487e+03
[14,]   14 0.000001000 0.0010710913  778.0204 -3.735105e+04  1.341559e+03
[15,]   15 0.001364039 0.0010208799  771.7521 -3.322660e+02 -5.059205e+02
[16,]   16 0.001694052 0.0010087229  771.7140  4.614288e+00 -1.586348e+03
[17,]   17 0.002856048 0.0012573872  772.1571  1.968630e+02  3.407811e+03
[18,]   18 0.001926743 0.0010585183  771.6812  6.530290e+01 -4.518132e+02
[19,]   19 0.001844460 0.0010693566  771.6774  2.950586e+00 -2.980182e+01
[20,]   20 0.001841503 0.0010702603  771.6775 -1.131975e-01 -1.010874e+00
[21,]   21 0.001844335 0.0010693949  771.6774  2.820797e+00 -2.857887e+01
[22,]   22 0.001844455 0.0010693583  771.6774  2.944855e+00 -2.974782e+01
[23,]   23 0.001844460 0.0010693567  771.6774  2.950332e+00 -2.979943e+01
[24,]   24 0.001844460 0.0010693566  771.6774  2.950575e+00 -2.980172e+01
[25,]   25 0.001844460 0.0010693566  771.6774  2.950585e+00 -2.980182e+01
[26,]   26 0.001844460 0.0010693566  771.6774  2.950586e+00 -2.980182e+01
[27,]   27 0.001844460 0.0010693566  771.6774  2.950586e+00 -2.980182e+01
[28,]   28 0.001844460 0.0010693566  771.6774  2.950586e+00 -2.980182e+01

