[22;0t]0;IPython: scripts/01_msprime_simulations$par
[1] 1.231664e-02 8.922816e-05

$value
[1] -114.2655

$counts
function gradient 
      47       47 

$convergence
[1] 0

$message
[1] "CONVERGENCE: REL_REDUCTION_OF_F <= FACTR*EPSMCH"

$loginfo
      step       par1         par2         fn           gr1          gr2
 [1,]    1 0.10000000 1.000000e-02   354.2113  2.226046e+03    2983.9915
 [2,]    2 0.00000100 1.000000e-06   143.1702  4.113138e+04 -277077.2348
 [3,]    3 0.00000100 1.000000e+01 24354.8216  2.416099e+03    2323.5766
 [4,]    4 0.00000100 3.289725e+00  8279.3420  2.416074e+03    2467.2548
 [5,]    5 0.00000100 1.082107e+00  2784.1019  2.415987e+03    2508.7663
 [6,]    6 0.00000100 3.560529e-01   961.6724  2.415709e+03    2503.9492
 [7,]    7 0.00000100 1.172721e-01   367.9918  2.414859e+03    2446.2785
 [8,]    8 0.00000100 3.872721e-02   180.6017  2.412197e+03    2257.7607
 [9,]    9 0.00000100 1.287245e-02   126.9927  2.402042e+03    1687.8121
[10,]   10 0.00000100 1.279452e-02   126.8614  2.401932e+03    1682.6085
[11,]   11 0.00000100 1.248279e-02   126.3402  2.401476e+03    1661.1442
[12,]   12 0.00000100 1.123589e-02   124.3277  2.399319e+03    1563.3722
[13,]   13 0.00000100 6.248270e-03   118.1017  2.370306e+03     781.8927
[14,]   14 0.00000100 5.309853e-04   116.3265  3.025650e+02    1517.5970
[15,]   15 0.00000100 1.000000e-06   143.1702  4.113138e+04 -277077.2348
[16,]   16 0.00000100 5.309853e-04   116.3265  3.025650e+02    1517.5970
[17,]   17 0.00000100 1.000000e-06   143.1702  4.113138e+04 -277077.2348
[18,]   18 0.00000100 4.017300e-04   116.1108 -2.165688e+03    1867.1801
[19,]   19 0.00000100 2.013650e-04   115.6665 -1.006328e+04    2223.4548
[20,]   20 0.00000100 1.997645e-04   115.6624 -1.015576e+04    2206.5422
[21,]   21 0.00000100 1.987156e-04   115.6597 -1.021662e+04    2194.7196
[22,]   22 0.00000100 9.985782e-05   115.4624 -1.570209e+04    2003.0740
[23,]   23 0.00000100 3.461166e-05   116.2168 -3.199658e+03   -7116.4091
[24,]   24 0.00000100 9.772895e-05   115.4625 -1.574920e+04    1947.1068
[25,]   25 0.00000100 9.985782e-05   115.4624 -1.570209e+04    2003.0740
[26,]   26 0.11453869 1.000000e-06   155.0090  6.125317e-01 -407219.0124
[27,]   27 0.03697529 6.794520e-05   115.2660  2.716119e+00     120.9800
[28,]   28 0.01231664 8.922816e-05   114.2655  1.551790e+01   14590.6987
[29,]   29 0.01237515 1.000000e-06   154.5078  3.803215e+01 -404198.9062
[30,]   30 0.01231707 8.857681e-05   114.2802  1.555507e+01   14215.7746
[31,]   31 0.01231667 8.918231e-05   114.2665  1.552044e+01   14564.4607
[32,]   32 0.01231664 8.922490e-05   114.2655  1.551808e+01   14588.8369
[33,]   33 0.01231664 8.922792e-05   114.2655  1.551791e+01   14590.5665
[34,]   34 0.01231664 8.922814e-05   114.2655  1.551790e+01   14590.6893
[35,]   35 0.01231664 8.922815e-05   114.2655  1.551790e+01   14590.6981
[36,]   36 0.01231664 8.922816e-05   114.2655  1.551790e+01   14590.6987
[37,]   37 0.01231664 8.922816e-05   114.2655  1.551790e+01   14590.6987
[38,]   38 0.01231664 8.922816e-05   114.2655  1.551790e+01   14590.6987
[39,]   39 0.01231664 8.922816e-05   114.2655  1.551790e+01   14590.6987
[40,]   40 0.01231664 8.922816e-05   114.2655  1.551790e+01   14590.6987
[41,]   41 0.01231664 8.922816e-05   114.2655  1.551790e+01   14590.6987
[42,]   42 0.01231664 8.922816e-05   114.2655  1.551790e+01   14590.6987
[43,]   43 0.01231664 8.922816e-05   114.2655  1.551790e+01   14590.6987
[44,]   44 0.01231664 8.922816e-05   114.2655  1.551790e+01   14590.6987
[45,]   45 0.01231664 8.922816e-05   114.2655  1.551790e+01   14590.6987
[46,]   46 0.01231664 8.922816e-05   114.2655  1.551790e+01   14590.6987
[47,]   47 0.01231664 8.922816e-05   114.2655  1.551790e+01   14590.6987

