[22;0t]0;IPython: scripts/01_msprime_simulations$par
[1] 0.8614746123 0.0003790698

$value
[1] -332.3856

$counts
function gradient 
      44       44 

$convergence
[1] 0

$message
[1] "CONVERGENCE: REL_REDUCTION_OF_F <= FACTR*EPSMCH"

$loginfo
      step        par1         par2       fn           gr1           gr2
 [1,]    1 0.100000000 0.0100000000 561.3731  2.069139e+03  2.205120e+03
 [2,]    2 0.000001000 0.0000010000 466.4263  9.994320e+04 -1.310113e+06
 [3,]    3 0.093133778 0.0093134396 545.7143  2.048034e+03  2.232703e+03
 [4,]    4 0.046567389 0.0046572198 443.5638  1.695196e+03  4.254085e+03
 [5,]    5 0.016594020 0.0016601527 373.2607  5.457215e+02  2.444289e+04
 [6,]    6 0.009030545 0.0009038732 348.6588  4.075746e+01  3.318983e+04
 [7,]    7 0.000001000 0.0000010000 466.4263  9.994320e+04 -1.310113e+06
 [8,]    8 0.008064618 0.0008072892 345.4433 -2.998425e+01  3.278615e+04
 [9,]    9 0.004032809 0.0004041446 335.4506 -3.389974e+02  1.077491e+04
[10,]   10 0.003628980 0.0002463500 336.2876 -9.830281e+01 -4.025406e+04
[11,]   11 0.003867340 0.0003394882 335.0312 -2.883827e+02 -2.283091e+03
[12,]   12 0.004345659 0.0003563012 334.9395 -2.753434e+02  1.280909e+03
[13,]   13 0.006185766 0.0003804798 334.6449 -2.028626e+02  5.125960e+03
[14,]   14 0.009055420 0.0003912354 334.2583 -1.335121e+02  6.062557e+03
[15,]   15 0.013844212 0.0003760966 333.6890 -7.443585e+01  1.434577e+03
[16,]   16 0.019860327 0.0003711773 333.3327 -4.328307e+01 -6.933596e+02
[17,]   17 0.028902243 0.0003827828 333.0757 -2.368834e+01  1.608258e+03
[18,]   18 0.041993735 0.0003562793 332.8435 -1.166700e+01 -5.928475e+03
[19,]   19 0.052394842 0.0003734515 332.7276 -8.072028e+00 -1.233757e+03
[20,]   20 0.069575036 0.0003826921 332.6420 -4.794590e+00  1.095660e+03
[21,]   21 0.090586285 0.0003841450 332.5698 -2.798647e+00  1.413434e+03
[22,]   22 0.119456663 0.0003813942 332.5014 -1.475905e+00  6.509881e+02
[23,]   23 0.151558327 0.0003788518 332.4596 -7.981666e-01 -5.532507e+01
[24,]   24 0.193426715 0.0003829491 332.4470 -4.085964e-01  1.032366e+03
[25,]   25 0.251530480 0.0003739776 332.4108 -1.984741e-01 -1.429355e+03
[26,]   26 0.285073293 0.0003773653 332.4101 -1.451564e-01 -4.883059e+02
[27,]   27 0.359525912 0.0003800787 332.4079 -8.753161e-02  2.548605e+02
[28,]   28 0.454656551 0.0003805410 332.4024 -5.732973e-02  3.817666e+02
[29,]   29 0.632358228 0.0003798351 332.3929 -3.231511e-02  1.909840e+02
[30,]   30 0.861474543 0.0003790698 332.3856 -1.705245e-02 -1.741812e+01
[31,]   31 1.154264802 0.0003818293 332.3895 -8.187421e-03  7.397984e+02
[32,]   32 0.898925356 0.0003794228 332.3858 -1.544527e-02  8.005004e+01
[33,]   33 0.867016730 0.0003791220 332.3856 -1.679972e-02 -2.983259e+00
[34,]   34 0.862312830 0.0003790777 332.3856 -1.701216e-02 -1.523452e+01
[35,]   35 0.861601757 0.0003790710 332.3856 -1.704390e-02 -1.708674e+01
[36,]   36 0.861493859 0.0003790700 332.3856 -1.704956e-02 -1.736780e+01
[37,]   37 0.861477477 0.0003790698 332.3856 -1.704938e-02 -1.741048e+01
[38,]   38 0.861474989 0.0003790698 332.3856 -1.704964e-02 -1.741696e+01
[39,]   39 0.861474612 0.0003790698 332.3856 -1.705098e-02 -1.741794e+01
[40,]   40 0.861474861 0.0003790698 332.3856 -1.704996e-02 -1.741729e+01
[41,]   41 0.861474649 0.0003790698 332.3856 -1.704961e-02 -1.741785e+01
[42,]   42 0.861474615 0.0003790698 332.3856 -1.705189e-02 -1.741793e+01
[43,]   43 0.861474612 0.0003790698 332.3856 -1.705098e-02 -1.741794e+01

