[22;0t]0;IPython: scripts/01_msprime_simulations$par
[1] 0.000001000 0.003132186

$value
[1] -89.45883

$counts
function gradient 
      17       17 

$convergence
[1] 0

$message
[1] "CONVERGENCE: REL_REDUCTION_OF_F <= FACTR*EPSMCH"

$loginfo
      step  par1         par2          fn       gr1           gr2
 [1,]    1 1e-01  0.010000000   328.93214  2243.026  2.920897e+03
 [2,]    2 1e-06  0.000001000    99.86964 39107.161 -1.712031e+05
 [3,]    3 1e-06 10.000000000 24350.95418  2416.088  2.323899e+03
 [4,]    4 1e-06  3.263263166  8206.66069  2415.992  2.468750e+03
 [5,]    5 1e-06  1.064615330  2729.41598  2415.562  2.511825e+03
 [6,]    6 1e-06  0.347423003   925.88729  2414.062  2.512031e+03
 [7,]    7 1e-06  0.113496892   341.22148  2409.370  2.469699e+03
 [8,]    8 1e-06  0.037179821   156.22618  2395.037  2.326688e+03
 [9,]    9 1e-06  0.012260600   101.75321  2351.203  1.889899e+03
[10,]   10 1e-06  0.004102769    89.76958  2153.286  5.924981e+02
[11,]   11 1e-06  0.004088622    89.76124  2151.540  5.857554e+02
[12,]   12 1e-06  0.004032036    89.72885  2144.299  5.583157e+02
[13,]   13 1e-06  0.003805694    89.61546  2110.592  4.405211e+02
[14,]   14 1e-06  0.002944593    89.47220  1857.228 -1.427697e+02
[15,]   15 1e-06  0.003155361    89.45904  1944.948  1.739418e+01
[16,]   16 1e-06  0.003132471    89.45883  1936.370  2.142863e-01
[17,]   17 1e-06  0.003132186    89.45883  1936.261 -6.664972e-04

