[22;0t]0;IPython: scripts/01_msprime_simulations$par
[1] 0.04678232 0.05139383

$value
[1] -18918.18

$counts
function gradient 
      32       32 

$convergence
[1] 0

$message
[1] "CONVERGENCE: REL_REDUCTION_OF_F <= FACTR*EPSMCH"

$loginfo
      step         par1        par2       fn           gr1           gr2
 [1,]    1 0.1000000000  0.01000000 21792.73  8.104575e+03 -3.246057e+05
 [2,]    2 0.0000010000 10.00000000 30748.90  2.416097e+03  1.789741e+03
 [3,]    3 0.0667600612  3.33070309 20635.26  2.265509e+03  9.603249e+02
 [4,]    4 0.0435817387  3.32072359 20573.59  2.228635e+03  9.521532e+02
 [5,]    5 0.0000010000  3.30195975 20461.88  2.409358e+03  9.244114e+02
 [6,]    6 0.0000010000  3.29253021 20453.19  2.409080e+03  9.203029e+02
 [7,]    7 0.0000010000  1.18034453 20026.80 -1.310373e+06  3.396489e+02
 [8,]    8 0.0010322069  0.00000100 61923.69  1.201369e+05 -2.290282e+08
 [9,]    9 0.0003550305  0.77511294 19626.04 -1.151044e+05  5.314843e+02
[10,]   10 0.0005373401  0.00000100 61863.68  1.223716e+05 -2.290276e+08
[11,]   11 0.0004162483  0.51483784 19561.30 -1.112593e+05  1.489050e+02
[12,]   12 0.0080898291  0.47285452 19413.57 -3.785698e+03  1.981965e+02
[13,]   13 0.0085008342  0.33487107 19354.06 -3.257669e+03  3.587822e+02
[14,]   14 0.0094982966  0.00000100 62783.58  0.000000e+00 -2.290589e+08
[15,]   15 0.0088338395  0.22307384 19295.54 -3.811880e+03  7.162875e+02
[16,]   16 0.0092764329  0.07448552 19081.71 -1.002742e+04  2.525888e+03
[17,]   17 0.0094239608  0.02495716 19113.67 -2.785118e+02 -1.819600e+04
[18,]   18 0.0093512112  0.04938081 19020.76 -1.129360e+04  1.689980e+03
[19,]   19 0.0102212351  0.00000100 62844.47  8.307707e+04 -2.290618e+08
[20,]   20 0.0096405481  0.03295896 19028.95 -7.257411e+03 -5.083655e+03
[21,]   21 0.0094811690  0.04200482 19011.96 -1.044838e+04  8.956604e+01
[22,]   22 0.0121732593  0.04216534 18988.30 -7.345065e+03 -3.162707e+02
[23,]   23 0.0193971960  0.04855659 18951.75 -3.827853e+03  8.996625e+02
[24,]   24 0.0261052001  0.04716567 18932.92 -1.817890e+03 -2.091018e+02
[25,]   25 0.0335841394  0.04998757 18923.12 -9.107331e+02  2.631224e+02
[26,]   26 0.0400844538  0.05035182 18919.25 -3.370226e+02 -3.746257e+01
[27,]   27 0.0444692483  0.05138715 18918.31 -1.195895e+02  1.267042e+02
[28,]   28 0.0467473359  0.05076500 18918.26  3.450706e+01 -2.748034e+02
[29,]   29 0.0467254930  0.05137822 18918.18 -1.879825e+00 -3.531162e+00
[30,]   30 0.0467758828  0.05139281 18918.18 -2.547642e-01 -7.679733e-02
[31,]   31 0.0467823177  0.05139383 18918.18 -4.934554e-04  4.167487e-04

