[22;0t]0;IPython: scripts/01_msprime_simulations$par
[1] 0.000001 1.457593

$value
[1] -15560.22

$counts
function gradient 
      25       25 

$convergence
[1] 0

$message
[1] "CONVERGENCE: REL_REDUCTION_OF_F <= FACTR*EPSMCH"

$loginfo
      step        par1      par2       fn          gr1           gr2
 [1,]    1 0.100000000  0.010000 16852.11   3699.81101 -1.981501e+05
 [2,]    2 0.000001000 10.000000 29002.13   2416.08473  1.935577e+03
 [3,]    3 0.066912953  3.315429 17321.77   2413.56418  1.350005e+03
 [4,]    4 0.088949902  1.113916 15850.34   2491.58227 -4.485872e+02
 [5,]    5 0.075026348  1.116475 15814.59   2481.72032 -4.338680e+02
 [6,]    6 0.019332129  1.126711 15675.71   2252.27550 -3.711000e+02
 [7,]    7 0.000001000  1.130263 15657.52 -90324.45915 -5.262593e+02
 [8,]    8 0.018847436  1.126800 15674.59   2244.22864 -3.708421e+02
 [9,]    9 0.000001000  1.135626 15654.74 -90114.14074 -5.114804e+02
[10,]   10 0.018353693  1.127031 15673.40   2235.59431 -3.704581e+02
[11,]   11 0.009177346  1.131328 15652.41   1930.77841 -3.659656e+02
[12,]   12 0.000001000  1.146301 15649.43 -89880.49317 -4.827280e+02
[13,]   13 0.008924160  1.131741 15651.77   1914.26243 -3.656499e+02
[14,]   14 0.004462580  1.139021 15641.60   1331.73242 -3.638631e+02
[15,]   15 0.000001000  1.172013 15637.70 -87703.99678 -4.487714e+02
[16,]   16 0.004259589  1.140523 15640.79   1282.37646 -3.634324e+02
[17,]   17 0.002130294  1.156268 15632.96    564.06805 -3.810414e+02
[18,]   18 0.000001000  1.167462 15639.73 -88825.17652 -4.429399e+02
[19,]   19 0.001216608  1.161071 15630.79    -16.83264 -4.072625e+02
[20,]   20 0.000001000  1.241307 15603.96    166.23292 -4.275728e+02
[21,]   21 0.000001000  1.340571 15572.39   2414.24208 -2.140243e+02
[22,]   22 0.000001000  1.440056 15560.48   2415.00484 -2.983181e+01
[23,]   23 0.000001000  1.456169 15560.22   2415.04643 -2.396018e+00
[24,]   24 0.000001000  1.457576 15560.22   2415.04976 -2.912644e-02
[25,]   25 0.000001000  1.457593 15560.22   2415.04991 -3.268269e-04

