[22;0t]0;IPython: scripts/01_msprime_simulations$par
[1] 0.00000100 0.00313266

$value
[1] -89.45907

$counts
function gradient 
      17       17 

$convergence
[1] 0

$message
[1] "CONVERGENCE: REL_REDUCTION_OF_F <= FACTR*EPSMCH"

$loginfo
      step  par1         par2          fn       gr1           gr2
 [1,]    1 1e-01  0.010000000   328.93601  2243.065  2.917994e+03
 [2,]    2 1e-06  0.000001000    99.87550 41870.662 -1.709173e+05
 [3,]    3 1e-06 10.000000000 24350.95418  2416.088  2.323899e+03
 [4,]    4 1e-06  3.263148826  8206.37841  2415.992  2.468753e+03
 [5,]    5 1e-06  1.064540302  2729.22753  2415.562  2.511827e+03
 [6,]    6 1e-06  0.347386398   925.79534  2414.062  2.512029e+03
 [7,]    7 1e-06  0.113481199   341.18272  2409.370  2.469690e+03
 [8,]    8 1e-06  0.037173651   156.21183  2395.034  2.326652e+03
 [9,]    9 1e-06  0.012258385   101.74902  2351.780  1.889781e+03
[10,]   10 1e-06  0.004102090    89.76925  2219.394  5.920985e+02
[11,]   11 1e-06  0.004087932    89.76091  2218.642  5.853464e+02
[12,]   12 1e-06  0.004031299    89.72851  2215.569  5.578681e+02
[13,]   13 1e-06  0.003804769    89.61515  2202.166  4.398942e+02
[14,]   14 1e-06  0.002945467    89.47240  2142.104 -1.426164e+02
[15,]   15 1e-06  0.003155850    89.45928  2154.194  1.741756e+01
[16,]   16 1e-06  0.003132953    89.45907  2152.513  2.196922e-01
[17,]   17 1e-06  0.003132660    89.45907  2152.492 -6.897228e-04

