[22;0t]0;IPython: scripts/01_msprime_simulations$par
[1] 5.411431e-05 9.984951e-01

$value
[1] -65342.8

$counts
function gradient 
      31       31 

$convergence
[1] 0

$message
[1] "CONVERGENCE: REL_REDUCTION_OF_F <= FACTR*EPSMCH"

$loginfo
      step         par1      par2        fn        gr1           gr2
 [1,]    1 1.000000e-01 0.0100000 187322.09  98404.293 -5090710.3211
 [2,]    2 1.000000e-05 1.0000000  65350.10 -65369.681      849.3071
 [3,]    3 1.293582e-02 0.9989669  65847.65  35266.681     -106.1970
 [4,]    4 2.330925e-03 0.9998145  65431.23  42416.073      396.2136
 [5,]    5 4.678665e-04 0.9999634  65353.78  37249.567      892.3292
 [6,]    6 1.678790e-04 0.9999874  65344.32  15345.626      997.5147
 [7,]    7 1.383541e-04 0.9998048  65343.63   4484.792      998.2389
 [8,]    8 1.093549e-04 0.9993540  65342.91  17205.030      989.1371
 [9,]    9 1.000000e-05 0.9978093  65348.23 -68113.315        0.0000
[10,]   10 9.822862e-05 0.9991810  65342.72  14671.596      984.1211
[11,]   11 5.411431e-05 0.9984951  65342.80  -2147.679      953.2498
[12,]   12 1.000000e-05 0.9976138  65348.06 -68301.600      852.9066
[13,]   13 5.299227e-05 0.9984727  65342.83  -2818.910      952.0399
[14,]   14 5.402860e-05 0.9984934  65342.81  -2198.282      953.1581
[15,]   15 5.410764e-05 0.9984950  65342.80  -2151.614      953.2427
[16,]   16 5.411379e-05 0.9984951  65342.80  -2147.985      953.2492
[17,]   17 5.411427e-05 0.9984951  65342.80  -2147.702      953.2497
[18,]   18 5.411430e-05 0.9984951  65342.80  -2147.680      953.2498
[19,]   19 5.411431e-05 0.9984951  65342.80  -2147.679      953.2498
[20,]   20 5.411431e-05 0.9984951  65342.80  -2147.679      953.2498
[21,]   21 5.411431e-05 0.9984951  65342.80  -2147.679      953.2498
[22,]   22 5.411431e-05 0.9984951  65342.80  -2147.679      953.2498
[23,]   23 5.411431e-05 0.9984951  65342.80  -2147.679      953.2498
[24,]   24 5.411431e-05 0.9984951  65342.80  -2147.679      953.2498
[25,]   25 5.411431e-05 0.9984951  65342.80  -2147.679      953.2498
[26,]   26 5.411431e-05 0.9984951  65342.80  -2147.679      953.2498
[27,]   27 5.411431e-05 0.9984951  65342.80  -2147.679      953.2498
[28,]   28 5.411431e-05 0.9984951  65342.80  -2147.679      953.2498
[29,]   29 5.411431e-05 0.9984951  65342.80  -2147.679      953.2498
[30,]   30 5.411431e-05 0.9984951  65342.80  -2147.679      953.2498
[31,]   31 5.411431e-05 0.9984951  65342.80  -2147.679      953.2498

