[22;0t]0;IPython: scripts/01_msprime_simulations$par
[1] 0.000001000 0.002745966

$value
[1] -79.96128

$counts
function gradient 
      27       27 

$convergence
[1] 0

$message
[1] "CONVERGENCE: REL_REDUCTION_OF_F <= FACTR*EPSMCH"

$loginfo
      step  par1         par2          fn       gr1           gr2
 [1,]    1 1e-01  0.010000000   323.32734  2260.697  2.848639e+03
 [2,]    2 1e-06  0.000001000    93.39957 33118.972 -1.526862e+05
 [3,]    3 1e-06 10.000000000 24349.66505  2416.099  2.324007e+03
 [4,]    4 1e-06  3.254974138  8183.73164  2416.074  2.469241e+03
 [5,]    5 1e-06  1.059173361  2712.14091  2415.984  2.512858e+03
 [6,]    6 1e-06  0.344762953   914.47139  2415.695  2.514821e+03
 [7,]    7 1e-06  0.112352267   332.53790  2414.804  2.477915e+03
 [8,]    8 1e-06  0.036728314   148.20045  2412.079  2.351288e+03
 [9,]    9 1e-06  0.012100658    93.36535  2403.694  1.963924e+03
[10,]   10 1e-06  0.004054307    80.56178  2363.446  8.157179e+02
[11,]   11 1e-06  0.004032768    80.54430  2362.907  8.064924e+02
[12,]   12 1e-06  0.003946610    80.47641  2360.635  7.685841e+02
[13,]   13 1e-06  0.003601978    80.23974  2349.296  5.988511e+02
[14,]   14 1e-06  0.002352925    80.03389  2258.326 -3.757699e+02
[15,]   15 1e-06  0.002834503    79.96478  2301.440  7.680163e+01
[16,]   16 1e-06  0.002752779    79.96131  2293.722  5.909690e+00
[17,]   17 1e-06  0.002745966    79.96128  2293.059 -1.448932e-01
[18,]   18 1e-06  0.002746129    79.96128  2293.074  2.567227e-04
[19,]   19 1e-06  0.002745971    79.96128  2293.059 -1.404925e-01
[20,]   20 1e-06  0.002745966    79.96128  2293.059 -1.447556e-01
[21,]   21 1e-06  0.002745966    79.96128  2293.059 -1.448889e-01
[22,]   22 1e-06  0.002745966    79.96128  2293.059 -1.448930e-01
[23,]   23 1e-06  0.002745966    79.96128  2293.059 -1.448931e-01
[24,]   24 1e-06  0.002745966    79.96128  2293.059 -1.448931e-01
[25,]   25 1e-06  0.002745966    79.96128  2293.059 -1.448931e-01
[26,]   26 1e-06  0.002745966    79.96128  2293.059 -1.448932e-01
[27,]   27 1e-06  0.002745966    79.96128  2293.059 -1.448931e-01

