[22;0t]0;IPython: scripts/01_msprime_simulations$par
[1] 0.000001000 0.002342422

$value
[1] -70.31701

$counts
function gradient 
      18       18 

$convergence
[1] 0

$message
[1] "CONVERGENCE: REL_REDUCTION_OF_F <= FACTR*EPSMCH"

$loginfo
      step  par1         par2          fn       gr1           gr2
 [1,]    1 1e-01  0.010000000   315.27888  2265.809  2.890226e+03
 [2,]    2 1e-06  0.000001000    80.91907 27458.798 -1.244839e+05
 [3,]    3 1e-06 10.000000000 24348.37592  2416.099  2.324115e+03
 [4,]    4 1e-06  3.237749309  8138.72601  2416.074  2.469923e+03
 [5,]    5 1e-06  1.047895641  2680.18422  2415.982  2.513997e+03
 [6,]    6 1e-06  0.339253556   895.86672  2415.688  2.517568e+03
 [7,]    7 1e-06  0.109968184   320.75331  2414.775  2.485718e+03
 [8,]    8 1e-06  0.035764920   138.93526  2411.970  2.374144e+03
 [9,]    9 1e-06  0.011729371    84.52204  2403.177  2.030886e+03
[10,]   10 1e-06  0.003923041    71.24562  2358.219  1.012881e+03
[11,]   11 1e-06  0.003891386    71.21375  2357.345  1.000434e+03
[12,]   12 1e-06  0.003764767    71.09028  2353.590  9.485535e+02
[13,]   13 1e-06  0.003258293    70.66936  2333.007  7.008046e+02
[14,]   14 1e-06  0.001765520    70.47614  2319.993 -4.691403e+02
[15,]   15 1e-06  0.002364112    70.31725  2256.596  2.136634e+01
[16,]   16 1e-06  0.002338038    70.31701  2253.641 -4.341964e+00
[17,]   17 1e-06  0.002342441    70.31701  2254.137  1.876183e-02
[18,]   18 1e-06  0.002342422    70.31701  2254.135  1.582443e-05

