[22;0t]0;IPython: scripts/01_msprime_simulations$par
[1] 0.09142695 0.09971664

$value
[1] -27934.58

$counts
function gradient 
      30       30 

$convergence
[1] 0

$message
[1] "CONVERGENCE: REL_REDUCTION_OF_F <= FACTR*EPSMCH"

$loginfo
      step        par1        par2        fn           gr1           gr2
 [1,]    1 0.100000000  0.01000000  36058.72  1.884590e+04 -6.732071e+05
 [2,]    2 0.000001000 10.00000000  35706.90  2.416087e+03  1.375802e+03
 [3,]    3 0.066680059  3.33869543  29704.27  1.199123e+03  2.587962e+02
 [4,]    4 0.060736979  3.33731989  29697.07  1.103194e+03  2.543030e+02
 [5,]    5 0.036964661  3.33181775  29675.77  4.991282e+02  2.256668e+02
 [6,]    6 0.013875891  3.32512133  29679.24 -1.438051e+03  1.652393e+02
 [7,]    7 0.026745916  3.32885402  29672.37 -3.578464e+00  2.048956e+02
 [8,]    8 0.025673804  3.32732635  29672.10 -7.798426e+01  2.020903e+02
 [9,]    9 0.023026655  3.31728965  29670.61 -3.036300e+02  1.936937e+02
[10,]   10 0.019268039  3.28249284  29666.15 -7.822205e+02  1.771595e+02
[11,]   11 0.016089394  3.17947933  29652.65 -1.665957e+03  1.609095e+02
[12,]   12 0.014166381  2.58988237  29551.18 -4.793535e+03  1.952641e+02
[13,]   13 0.006474327  0.23149455  28598.77 -2.633602e+04  1.429230e+03
[14,]   14 0.005719294  0.00000100 110256.82  1.064582e+05 -4.065442e+08
[15,]   15 0.006474327  0.23149455  28598.77 -2.633602e+04  1.429230e+03
[16,]   16 0.068006419  0.00000100 114086.66  3.609699e+04 -4.066523e+08
[17,]   17 0.027309559  0.15310908  28193.64 -5.674123e+03  2.870342e+03
[18,]   18 0.043535146  0.00000100 113038.55  5.098323e+04 -4.066205e+08
[19,]   19 0.032735940  0.10190460  28022.64 -4.687186e+03  1.993152e+03
[20,]   20 0.070440370  0.00000100 114173.20  3.501661e+04 -4.066549e+08
[21,]   21 0.045319195  0.06789589  28039.25  3.293408e+02 -7.893336e+03
[22,]   22 0.038840578  0.08540562  27984.37 -2.656087e+03 -5.270619e+02
[23,]   23 0.079033584  0.11481484  27958.87 -6.116874e+02  2.367934e+03
[24,]   24 0.077329169  0.10045592  27937.40 -3.986507e+02  5.552545e+02
[25,]   25 0.081195043  0.09688671  27935.74 -1.624786e+02 -2.588000e+02
[26,]   26 0.084774833  0.09828838  27935.01 -1.119069e+02 -8.711211e+01
[27,]   27 0.090482610  0.09965163  27934.59 -1.837989e+01  1.463304e+01
[28,]   28 0.091322858  0.09971428  27934.58 -2.139528e+00  2.580902e+00
[29,]   29 0.091425384  0.09971668  27934.58 -3.452835e-02  5.548000e-02
[30,]   30 0.091426951  0.09971664  27934.58 -6.881237e-05  6.592563e-04

