[22;0t]0;IPython: scripts/01_msprime_simulations$par
[1] 0.10562458 0.00104481

$value
[1] -821.0788

$counts
function gradient 
      30       30 

$convergence
[1] 0

$message
[1] "CONVERGENCE: REL_REDUCTION_OF_F <= FACTR*EPSMCH"

$loginfo
      step        par1         par2        fn           gr1           gr2
 [1,]    1 0.100000000 0.0100000000 1045.9790  1.402594e+03  7.959729e+03
 [2,]    2 0.000001000 0.0000010000 1299.2584  1.126943e+05 -4.400427e+06
 [3,]    3 0.055369770 0.0055373787  941.6941  8.192643e+02  1.756080e+04
 [4,]    4 0.019292647 0.0019299911  839.2680 -1.951387e+01  2.657167e+04
 [5,]    5 0.007560470 0.0007568790  825.5314 -1.064277e+02 -2.059583e+04
 [6,]    6 0.012850619 0.0012858462  825.4680 -1.931070e+02  1.558129e+04
 [7,]    7 0.009891854 0.0000010000 1417.3537  1.378631e+03 -4.658525e+06
 [8,]    8 0.011963578 0.0009006478  823.1418 -1.179660e+02 -7.239250e+03
 [9,]    9 0.021230669 0.0010579415  822.0829 -6.779245e+01  3.260750e+03
[10,]   10 0.026591850 0.0010433085  821.7520 -4.328130e+01  1.555653e+03
[11,]   11 0.036472193 0.0010359048  821.4350 -2.199388e+01  2.129716e+02
[12,]   12 0.047183927 0.0010427131  821.2647 -1.167606e+01  3.138390e+02
[13,]   13 0.059074551 0.0010451796  821.1661 -5.844305e+00  2.664074e+02
[14,]   14 0.070563730 0.0010065285  821.1641 -2.576925e+00 -3.277023e+03
[15,]   15 0.064173549 0.0010280259  821.1439 -4.127329e+00 -1.264800e+03
[16,]   16 0.074576818 0.0010401163  821.1056 -2.281470e+00 -3.154679e+02
[17,]   17 0.086547960 0.0010458591  821.0878 -1.023866e+00  1.252403e+02
[18,]   18 0.095758215 0.0010457564  821.0813 -4.358592e-01  9.473406e+01
[19,]   19 0.102560065 0.0010449512  821.0791 -1.353949e-01  1.397432e+01
[20,]   20 0.105624578 0.0010448099  821.0788 -2.713220e-02 -2.040913e+00
[21,]   21 0.106883644 0.0010481474  821.0803  1.015723e-02  2.897120e+02
[22,]   22 0.105631786 0.0010448290  821.0788 -2.691604e-02 -3.665644e-01
[23,]   23 0.105624626 0.0010448100  821.0788 -2.713076e-02 -2.029782e+00
[24,]   24 0.105624579 0.0010448099  821.0788 -2.713219e-02 -2.040839e+00
[25,]   25 0.105624578 0.0010448099  821.0788 -2.713219e-02 -2.040913e+00
[26,]   26 0.105624578 0.0010448099  821.0788 -2.713219e-02 -2.040913e+00
[27,]   27 0.105624578 0.0010448099  821.0788 -2.713217e-02 -2.040913e+00
[28,]   28 0.105624578 0.0010448099  821.0788 -2.713218e-02 -2.040913e+00
[29,]   29 0.105624578 0.0010448099  821.0788 -2.713218e-02 -2.040913e+00
[30,]   30 0.105624578 0.0010448099  821.0788 -2.713218e-02 -2.040913e+00

