[22;0t]0;IPython: scripts/01_msprime_simulations$par
[1] 0.0008625188 0.0054632413

$value
[1] -3718.287

$counts
function gradient 
      39       39 

$convergence
[1] 0

$message
[1] "CONVERGENCE: REL_REDUCTION_OF_F <= FACTR*EPSMCH"

$loginfo
      step         par1        par2       fn           gr1           gr2
 [1,]    1 0.1000000000 0.010000000 3809.692  2.802063e+02  1.092537e+04
 [2,]    2 0.0000010000 0.000001000 7881.322  1.228624e+05 -2.886148e+07
 [3,]    3 0.0663621410 0.006636517 3782.353  2.696976e+02 -2.660503e+03
 [4,]    4 0.0595277072 0.006632713 3780.411  3.030405e+02 -2.579146e+03
 [5,]    5 0.0321899722 0.006617500 3768.718  6.345489e+02 -1.891489e+03
 [6,]    6 0.0000010000 0.006599586 3773.346 -3.922227e+05  1.030130e+03
 [7,]    7 0.0149096873 0.006607883 3752.246  1.436612e+03 -1.195033e+03
 [8,]    8 0.0050158917 0.006602377 3731.645  3.052298e+03  9.771907e+01
 [9,]    9 0.0000010000 0.006342601 3773.095 -3.952843e+05  8.706576e+02
[10,]   10 0.0030456648 0.006500317 3725.084  3.534724e+03  4.042332e+02
[11,]   11 0.0011090489 0.006399999 3719.088  1.003693e+03  1.161962e+03
[12,]   12 0.0000010000 0.005421421 3772.323 -4.052520e+05  1.155711e+03
[13,]   13 0.0007867065 0.006115321 3718.810 -1.935275e+03  1.229465e+03
[14,]   14 0.0008426352 0.004493954 3719.734  1.925908e+03 -3.399243e+03
[15,]   15 0.0008084796 0.005484120 3718.304 -7.232251e+02  1.356348e+02
[16,]   16 0.0008772936 0.005467706 3718.289  1.620116e+02 -1.221072e+01
[17,]   17 0.0008632337 0.005460284 3718.287  1.283742e+01 -8.389717e+00
[18,]   18 0.0008625627 0.005465031 3718.287 -2.463827e+00  4.290479e+00
[19,]   19 0.0008625188 0.005463241 3718.287 -1.701540e-01 -1.737654e-02
[20,]   20 0.0008625378 0.005463260 3718.287  2.234548e-02 -5.316542e-04
[21,]   21 0.0008625188 0.005463241 3718.287 -1.700585e-01 -1.736822e-02
[22,]   22 0.0008625188 0.005463241 3718.287 -1.701540e-01 -1.737661e-02
[23,]   23 0.0008625188 0.005463241 3718.287 -1.701540e-01 -1.737654e-02
[24,]   24 0.0008625188 0.005463241 3718.287 -1.701540e-01 -1.737654e-02
[25,]   25 0.0008625188 0.005463241 3718.287 -1.701539e-01 -1.737652e-02
[26,]   26 0.0008625188 0.005463241 3718.287 -1.701539e-01 -1.737653e-02
[27,]   27 0.0008625188 0.005463241 3718.287 -1.701540e-01 -1.737654e-02
[28,]   28 0.0008625188 0.005463241 3718.287 -1.701539e-01 -1.737653e-02
[29,]   29 0.0008625188 0.005463241 3718.287 -1.701540e-01 -1.737655e-02
[30,]   30 0.0008625188 0.005463241 3718.287 -1.701539e-01 -1.737653e-02
[31,]   31 0.0008625188 0.005463241 3718.287 -1.701540e-01 -1.737654e-02
[32,]   32 0.0008625188 0.005463241 3718.287 -1.701539e-01 -1.737653e-02
[33,]   33 0.0008625188 0.005463241 3718.287 -1.701540e-01 -1.737654e-02
[34,]   34 0.0008625188 0.005463241 3718.287 -1.701539e-01 -1.737653e-02

