[22;0t]0;IPython: scripts/01_msprime_simulations$par
[1] 0.000001 3.784103

$value
[1] -30331.44

$counts
function gradient 
      11       11 

$convergence
[1] 0

$message
[1] "CONVERGENCE: REL_REDUCTION_OF_F <= FACTR*EPSMCH"

$loginfo
      step       par1      par2       fn       gr1           gr2
 [1,]    1 0.10000000  0.010000 37461.41 18616.029 -6.787734e+05
 [2,]    2 0.00000100 10.000000 35982.77  2416.087  1.352770e+03
 [3,]    3 0.06666985  3.339715 30537.74  2229.705 -2.724840e+02
 [4,]    4 0.05575339  3.340898 30513.13  2218.999 -2.748045e+02
 [5,]    5 0.01208752  3.345630 30417.14  2042.048 -2.875326e+02
 [6,]    6 0.00000100  3.346940 30394.77  2319.563 -3.024673e+02
 [7,]    7 0.00000100  3.348425 30394.32  2320.741 -3.013017e+02
 [8,]    8 0.00000100  3.732175 30332.27  2410.452 -3.210766e+01
 [9,]    9 0.00000100  3.777946 30331.45  2411.900 -3.760078e+00
[10,]   10 0.00000100  3.784017 30331.44  2412.060 -5.251704e-02
[11,]   11 0.00000100  3.784103 30331.44  2412.062 -8.091229e-04

