[22;0t]0;IPython: scripts/01_msprime_simulations$par
[1] 0.05428745 0.04976900

$value
[1] -18333.02

$counts
function gradient 
      43       43 

$convergence
[1] 0

$message
[1] "CONVERGENCE: REL_REDUCTION_OF_F <= FACTR*EPSMCH"

$loginfo
      step         par1        par2       fn           gr1           gr2
 [1,]    1 0.1000000000  0.01000000 20995.29  7.583055e+03 -3.084831e+05
 [2,]    2 0.0000010000 10.00000000 30491.08  2.416088e+03  1.811266e+03
 [3,]    3 0.0667753304  3.32917769 20157.30  2.360856e+03  1.004611e+03
 [4,]    4 0.0889059622  1.11830546 19199.89  2.316865e+03  1.158639e+02
 [5,]    5 0.0805843916  1.11783063 19180.84  2.242452e+03  1.348059e+02
 [6,]    6 0.0472981092  1.11593131 19114.01  1.650565e+03  2.066553e+02
 [7,]    7 0.0000010000  1.11208973 19408.23 -1.033101e+06  1.621866e+01
 [8,]    8 0.0291356464  1.11445611 19090.29  7.781792e+02  2.496506e+02
 [9,]    9 0.0123934356  1.11204353 19095.65 -2.336766e+03  2.646073e+02
[10,]   10 0.0222496293  1.11346382 19086.95  5.272663e+01  2.596877e+02
[11,]   11 0.0213789082  1.11237731 19086.67 -7.155937e+01  2.607451e+02
[12,]   12 0.0195474674  1.10610770 19085.42 -3.664212e+02  2.631437e+02
[13,]   13 0.0160203142  1.08055483 19081.17 -1.114671e+03  2.675287e+02
[14,]   14 0.0117342869  1.01156900 19068.77 -2.446464e+03  3.381488e+02
[15,]   15 0.0000010000  0.82271565 19222.34 -1.084870e+06  1.057626e+03
[16,]   16 0.0073287466  0.94065954 19053.26 -4.743171e+03  5.235712e+02
[17,]   17 0.0025584055  0.86387842 19042.92 -1.568410e+04  7.676998e+02
[18,]   18 0.0048223337  0.90031752 19044.58 -7.862852e+03  6.788849e+02
[19,]   19 0.0033253538  0.87622285 19041.74 -1.196815e+04  7.446944e+02
[20,]   20 0.0000010000  0.73027002 19138.44 -1.014289e+06  7.299852e+02
[21,]   21 0.0019127236  0.81420256 19014.40 -1.854398e+04  8.148169e+02
[22,]   22 0.0000010000  0.45206988 19110.83 -1.302354e+06  5.991917e+02
[23,]   23 0.0009775851  0.63706178 18927.51 -3.825892e+04  2.952246e+02
[24,]   24 0.0220106770  0.00000100 61117.14  5.411930e+04 -2.198777e+08
[25,]   25 0.0081073800  0.42111100 18806.53 -2.544630e+03  4.175000e+02
[26,]   26 0.0122560334  0.09509204 18526.59 -4.425701e+03  2.398646e+03
[27,]   27 0.0134660851  0.00000100 60583.43  0.000000e+00 -2.198480e+08
[28,]   28 0.0126602380  0.06332791 18438.41 -6.342483e+03  2.825327e+03
[29,]   29 0.0131958314  0.02123869 18598.51  7.646547e+03 -3.428026e+04
[30,]   30 0.0128662335  0.04713991 18398.08 -6.413279e+03  1.554642e+03
[31,]   31 0.0142935204  0.00000100 60642.22  7.001126e+04 -2.198512e+08
[32,]   32 0.0133407346  0.03146859 18418.97 -2.140443e+03 -7.105335e+03
[33,]   33 0.0130324530  0.04165018 18392.10 -5.718218e+03  1.005584e+02
[34,]   34 0.0152426352  0.04167336 18381.00 -4.390351e+03 -2.453016e+02
[35,]   35 0.0239571132  0.04705851 18355.04 -2.227194e+03  7.766570e+02
[36,]   36 0.0311277202  0.04677989 18343.16 -1.151734e+03  1.116861e+02
[37,]   37 0.0399211105  0.04853513 18336.27 -5.460274e+02  2.476350e+02
[38,]   38 0.0470992403  0.04867439 18333.73 -1.883389e+02 -1.335084e+02
[39,]   39 0.0526796045  0.05031556 18333.17 -7.611265e+01  3.413068e+02
[40,]   40 0.0543439383  0.04963700 18333.02  8.486464e+00 -6.842478e+01
[41,]   41 0.0542707752  0.04976969 18333.02 -5.817351e-01  1.180162e+00
[42,]   42 0.0542874457  0.04976900 18333.02 -6.331096e-02 -2.627386e-02

