[22;0t]0;IPython: scripts/01_msprime_simulations$par
[1] 0.003414278 0.693292802

$value
[1] -27900.61

$counts
function gradient 
      50       50 

$convergence
[1] 0

$message
[1] "CONVERGENCE: REL_REDUCTION_OF_F <= FACTR*EPSMCH"

$loginfo
      step         par1       par2       fn           gr1           gr2
 [1,]    1 0.1000000000  0.0100000 38521.19  2.147992e+04 -7.449609e+05
 [2,]    2 0.0000010000 10.0000000 36613.15 -8.988243e+04  1.324890e+03
 [3,]    3 0.0666501487  3.3416835 29293.45  3.056417e+03  7.420168e+02
 [4,]    4 0.0529548615  3.3381666 29249.51  2.968743e+03  7.549575e+02
 [5,]    5 0.0000010000  3.3245683 29290.85 -9.087059e+05  8.247697e+02
 [6,]    6 0.0247165146  3.3309151 29165.55  2.448576e+03  7.897813e+02
 [7,]    7 0.0000010000  3.3179422 29285.39 -9.094402e+05  8.212719e+02
 [8,]    8 0.0142350329  3.3254135 29138.53  1.740848e+03  8.075905e+02
 [9,]    9 0.0000010000  3.3095347 29278.51 -9.103820e+05  8.168030e+02
[10,]   10 0.0087928305  3.3193424 29126.49  7.051601e+02  8.143526e+02
[11,]   11 0.0001725374  3.2977010 29166.71 -1.355332e+05  8.227800e+02
[12,]   12 0.0052447532  3.3104349 29119.39 -1.100461e+03  8.195586e+02
[13,]   13 0.0032920061  3.2854261 29102.93 -3.566004e+03  8.321062e+02
[14,]   14 0.0000010000  3.1189020 29132.39 -9.516616e+05  7.143132e+02
[15,]   15 0.0015502817  3.1972952 29041.32 -1.160524e+04  8.149246e+02
[16,]   16 0.0000010000  2.4607148 28744.66 -8.660472e+05  5.298666e+02
[17,]   17 0.0009621034  2.9176556 28840.83 -2.189397e+04  6.998937e+02
[18,]   18 0.0086746201  0.6383335 27928.89  6.176964e+03 -1.254767e+02
[19,]   19 0.0072603047  0.9944653 27987.82  3.240230e+03  4.637083e+02
[20,]   20 0.0083583959  0.7179603 27918.77  5.446182e+03 -5.170881e+01
[21,]   21 0.0074489404  0.7881129 27916.02  4.400472e+03  8.264594e+01
[22,]   22 0.0060530678  0.7638825 27908.83  3.287306e+03  6.151626e+01
[23,]   23 0.0019379783  0.6929658 27905.28 -7.775017e+03  1.274119e+00
[24,]   24 0.0045746085  0.7384037 27903.99  1.540588e+03  3.995797e+01
[25,]   25 0.0031611025  0.7000528 27900.90 -8.728729e+02  5.301386e+01
[26,]   26 0.0024179674  0.6239026 27911.07 -4.421777e+03 -3.690125e+01
[27,]   27 0.0031186767  0.6957054 27900.77 -9.855265e+02  2.089991e+01
[28,]   28 0.0035201568  0.6927696 27900.63  3.099385e+02 -4.667034e+00
[29,]   29 0.0034235801  0.6932790 27900.61  2.701135e+01 -1.671441e-01
[30,]   30 0.0034142780  0.6932928 27900.61 -9.271655e-01 -1.516857e-02
[31,]   31 0.0034145913  0.6932950 27900.61  4.542399e-03  1.403587e-03
[32,]   32 0.0034142963  0.6932929 27900.61 -8.725717e-01 -1.419527e-02
[33,]   33 0.0034142791  0.6932928 27900.61 -9.237772e-01 -1.510543e-02
[34,]   34 0.0034142780  0.6932928 27900.61 -9.269495e-01 -1.515922e-02
[35,]   35 0.0034142780  0.6932928 27900.61 -9.271618e-01 -1.516639e-02
[36,]   36 0.0034142780  0.6932928 27900.61 -9.271656e-01 -1.516864e-02
[37,]   37 0.0034142780  0.6932928 27900.61 -9.271656e-01 -1.516868e-02
[38,]   38 0.0034142780  0.6932928 27900.61 -9.271656e-01 -1.516864e-02
[39,]   39 0.0034142780  0.6932928 27900.61 -9.271655e-01 -1.516861e-02
[40,]   40 0.0034142780  0.6932928 27900.61 -9.271656e-01 -1.516864e-02
[41,]   41 0.0034142780  0.6932928 27900.61 -9.271656e-01 -1.516873e-02
[42,]   42 0.0034142780  0.6932928 27900.61 -9.271656e-01 -1.516864e-02
[43,]   43 0.0034142780  0.6932928 27900.61 -9.271656e-01 -1.516868e-02
[44,]   44 0.0034142780  0.6932928 27900.61 -9.271656e-01 -1.516864e-02
[45,]   45 0.0034142780  0.6932928 27900.61 -9.271656e-01 -1.516863e-02
[46,]   46 0.0034142780  0.6932928 27900.61 -9.271656e-01 -1.516864e-02

