[22;0t]0;IPython: scripts/01_msprime_simulations$par
[1] 0.008949321 1.797285327

$value
[1] -29260.22

$counts
function gradient 
      19       19 

$convergence
[1] 0

$message
[1] "CONVERGENCE: REL_REDUCTION_OF_F <= FACTR*EPSMCH"

$loginfo
      step        par1      par2       fn           gr1           gr2
 [1,]    1 0.100000000  0.010000 37898.91 20294.2773745 -6.994661e+05
 [2,]    2 0.000001000 10.000000 36205.79  2416.0935736  1.334150e+03
 [3,]    3 0.066669647  3.339736 29851.98  2448.4685392  2.577458e+02
 [4,]    4 0.055007491  3.338328 29823.51  2367.3041370  2.582499e+02
 [5,]    5 0.008358866  3.332699 29736.19    32.0826435  2.320408e+02
 [6,]    6 0.006923075  3.331371 29736.22  -533.3760556  2.298425e+02
 [7,]    7 0.007679694  3.332071 29736.11  -208.9222698  2.310015e+02
 [8,]    8 0.007686948  3.327354 29735.02  -212.2070300  2.294934e+02
 [9,]    9 0.007715963  3.308487 29730.73  -230.9683993  2.244584e+02
[10,]   10 0.007832027  3.233018 29713.56  -365.0530758  2.385724e+02
[11,]   11 0.008296279  2.931141 29606.17  -691.1740077  4.423201e+02
[12,]   12 0.010153288  1.723634 29262.70   631.6325764 -3.362888e+01
[13,]   13 0.008368371  1.928267 29273.44  -196.5999233  2.003292e+02
[14,]   14 0.009678206  1.778100 29260.59   362.8742818 -2.358907e+01
[15,]   15 0.009226721  1.911156 29270.23   218.2536420  1.755769e+02
[16,]   16 0.009619354  1.795444 29260.33   326.9147573 -2.821775e+00
[17,]   17 0.008757499  1.797235 29260.23  -102.1790570 -9.926771e-03
[18,]   18 0.008963646  1.797381 29260.22     7.6065803  1.113634e-01
[19,]   19 0.008949321  1.797285 29260.22     0.1720362 -1.547372e-02

