[22;0t]0;IPython: scripts/01_msprime_simulations$par
[1] 0.048250723 0.001118305

$value
[1] -869.274

$counts
function gradient 
      22       22 

$convergence
[1] 0

$message
[1] "CONVERGENCE: REL_REDUCTION_OF_F <= FACTR*EPSMCH"

$loginfo
      step        par1         par2        fn           gr1           gr2
 [1,]    1 0.100000000 0.0100000000 1082.6113  1.422979e+03  7.734687e+03
 [2,]    2 0.000001000 0.0000010000 1392.7133  1.170634e+05 -4.769589e+06
 [3,]    3 0.056646360 0.0056650262  985.6837  8.601535e+02  1.499960e+04
 [4,]    4 0.019734065 0.0019741289  885.5209 -1.649572e+01  2.584851e+04
 [5,]    5 0.007703984 0.0007712290  874.1922  2.312570e+01 -2.661969e+04
 [6,]    6 0.013800448 0.0013808206  873.1512 -1.532802e+02  1.523986e+04
 [7,]    7 0.009415981 0.0000010000 1517.3311  1.667672e+03 -5.024323e+06
 [8,]    8 0.012473809 0.0009633187  870.8637 -8.850162e+01 -7.883320e+03
 [9,]    9 0.018435307 0.0011274349  870.0495 -7.891120e+01  3.052293e+03
[10,]   10 0.022938229 0.0011206966  869.7434 -5.102839e+01  1.937987e+03
[11,]   11 0.031214295 0.0011098599  869.4375 -2.266866e+01  3.060793e+02
[12,]   12 0.038268088 0.0011154481  869.3266 -1.065598e+01  2.403832e+02
[13,]   13 0.044426275 0.0011178003  869.2837 -4.102039e+00  1.324356e+02
[14,]   14 0.048240743 0.0011182653  869.2740 -1.250019e+00  3.452859e+01
[15,]   15 0.050172246 0.0011259928  869.2769 -2.863799e-01  5.612353e+02
[16,]   16 0.048484039 0.0011192387  869.2740 -1.122557e+00  1.007936e+02
[17,]   17 0.048288207 0.0011184552  869.2740 -1.225010e+00  4.745397e+01
[18,]   18 0.048250723 0.0011183052  869.2740 -1.244755e+00  3.724614e+01
[19,]   19 0.048275463 0.0011184042  869.2740 -1.231718e+00  4.398324e+01
[20,]   20 0.048255871 0.0011183258  869.2740 -1.242041e+00  3.864800e+01
[21,]   21 0.048251803 0.0011183095  869.2740 -1.244186e+00  3.754020e+01
[22,]   22 0.048250723 0.0011183052  869.2740 -1.244755e+00  3.724614e+01

