[22;0t]0;IPython: scripts/01_msprime_simulations$par
[1] 0.000001000 0.002717516

$value
[1] -79.95678

$counts
function gradient 
      18       18 

$convergence
[1] 0

$message
[1] "CONVERGENCE: REL_REDUCTION_OF_F <= FACTR*EPSMCH"

$loginfo
      step  par1         par2          fn       gr1           gr2
 [1,]    1 1e-01  0.010000000   320.82129  2246.876  2.997713e+03
 [2,]    2 1e-06  0.000001000    87.40135 31800.777 -1.400607e+05
 [3,]    3 1e-06 10.000000000 24349.66505  2416.088  2.324007e+03
 [4,]    4 1e-06  3.248090538  8166.73387  2415.991  2.469387e+03
 [5,]    5 1e-06  1.054653347  2700.78259  2415.555  2.512929e+03
 [6,]    6 1e-06  0.342543040   908.88879  2414.030  2.514738e+03
 [7,]    7 1e-06  0.111379493   330.12769  2409.238  2.477392e+03
 [8,]    8 1e-06  0.036321562   147.24447  2394.535  2.349163e+03
 [9,]    9 1e-06  0.011928002    93.02693  2349.998  1.955558e+03
[10,]   10 1e-06  0.003977642    80.50033  2217.216  7.824843e+02
[11,]   11 1e-06  0.003955549    80.48315  2216.085  7.726554e+02
[12,]   12 1e-06  0.003867176    80.41660  2211.424  7.322236e+02
[13,]   13 1e-06  0.003513687    80.18873  2190.345  5.504481e+02
[14,]   14 1e-06  0.002413070    79.98996  2169.974 -1.939945e+02
[15,]   15 1e-06  0.002699880    79.95691  2136.166 -1.353535e+01
[16,]   16 1e-06  0.002721392    79.95679  2136.579  2.985542e+00
[17,]   17 1e-06  0.002717505    79.95678  2136.489 -8.566629e-03
[18,]   18 1e-06  0.002717516    79.95678  2136.489 -4.908429e-06

