[22;0t]0;IPython: scripts/01_msprime_simulations$par
[1] 6.609345439 0.001804906

$value
[1] -1315.735

$counts
function gradient 
      34       34 

$convergence
[1] 0

$message
[1] "CONVERGENCE: REL_REDUCTION_OF_F <= FACTR*EPSMCH"

$loginfo
      step       par1        par2       fn           gr1           gr2
 [1,]    1 0.10000000 0.010000000 1537.730  9.510020e+02  1.567948e+04
 [2,]    2 0.00000100 0.000001000 2237.973  1.192951e+05 -7.907991e+06
 [3,]    3 0.06044078 0.006044434 1429.871  4.393175e+02  2.535925e+04
 [4,]    4 0.02103067 0.002103778 1323.308 -1.571782e+02  1.301374e+04
 [5,]    5 0.03746660 0.000001000 2463.090  4.164884e+02 -8.182553e+06
 [6,]    6 0.02619346 0.001443262 1321.828 -3.785575e+01 -1.569192e+04
 [7,]    7 0.02351158 0.001786376 1320.237 -1.136123e+02  3.105696e+03
 [8,]    8 0.04157125 0.001737847 1318.734 -5.485178e+01 -9.587101e+02
 [9,]    9 0.06407378 0.001830894 1317.882 -2.974119e+01  2.251244e+03
[10,]   10 0.08464605 0.001813199 1317.375 -1.805074e+01  1.134745e+03
[11,]   11 0.11671303 0.001798378 1316.923 -1.053696e+01  1.764638e+02
[12,]   12 0.16231877 0.001800640 1316.563 -5.885777e+00  1.007770e+02
[13,]   13 0.21972350 0.001784821 1316.319 -3.118506e+00 -8.481872e+02
[14,]   14 0.31210062 0.001879696 1316.276 -1.467292e+00  3.880453e+03
[15,]   15 0.33712337 0.001821765 1316.095 -1.230526e+00  9.817880e+02
[16,]   16 0.39756970 0.001796459 1316.022 -8.596122e-01 -3.746857e+02
[17,]   17 0.49047027 0.001790546 1315.960 -5.583707e-01 -7.229206e+02
[18,]   18 0.65869821 0.001799387 1315.887 -3.113402e-01 -2.704680e+02
[19,]   19 0.86883379 0.001805702 1315.837 -1.792783e-01  5.684779e+01
[20,]   20 1.14672637 0.001807580 1315.800 -1.004908e-01  1.496823e+02
[21,]   21 1.61765933 0.001705688 1316.037 -4.254652e-02 -5.763049e+03
[22,]   22 1.19821177 0.001796441 1315.796 -9.105081e-02 -4.618645e+02
[23,]   23 1.52996497 0.001802309 1315.772 -5.178464e-02 -1.446959e+02
[24,]   24 1.96540731 0.001805244 1315.755 -2.682007e-02  1.317846e+01
[25,]   25 2.43159214 0.001805255 1315.746 -1.402487e-02  1.222945e+01
[26,]   26 2.94233286 0.001802079 1315.741 -7.171516e-03 -1.637682e+02
[27,]   27 3.46132943 0.001804433 1315.738 -3.753428e-03 -3.444858e+01
[28,]   28 4.16289600 0.001801580 1315.736 -1.644590e-03 -1.925048e+02
[29,]   29 4.87853189 0.001807303 1315.736 -7.589176e-04  1.231800e+02
[30,]   30 5.20128862 0.001805885 1315.735 -5.418417e-04  4.501583e+01
[31,]   31 5.89522736 0.001804758 1315.735 -2.679781e-04 -1.725951e+01
[32,]   32 6.49944452 0.001804741 1315.735 -1.341164e-04 -1.824382e+01
[33,]   33 7.10926095 0.001805656 1315.735 -7.053472e-05  3.220376e+01
[34,]   34 6.60934544 0.001804906 1315.735 -1.290130e-04 -9.150672e+00

