[22;0t]0;IPython: scripts/01_msprime_simulations$par
[1] 0.0196649727 0.0005320886

$value
[1] -449.8217

$counts
function gradient 
      58       58 

$convergence
[1] 0

$message
[1] "CONVERGENCE: REL_REDUCTION_OF_F <= FACTR*EPSMCH"

$loginfo
      step        par1         par2         fn           gr1           gr2
 [1,]    1 0.100000000 1.000000e-02   669.2112  1.889831e+03  3.871616e+03
 [2,]    2 0.000001000 1.000000e-06   659.3172  1.022717e+05 -2.046817e+06
 [3,]    3 0.097824625 9.782482e-03   664.2612  1.879080e+03  3.950727e+03
 [4,]    4 0.048912812 4.891741e-03   554.8595  1.401283e+03  7.918831e+03
 [5,]    5 0.017201452 1.720890e-03   480.4229  3.628433e+02  2.531182e+04
 [6,]    6 0.007305179 7.313522e-04   452.6590 -1.064989e+02  1.928119e+04
 [7,]    7 0.001748157 1.000000e-06   708.2316  6.209999e+03 -2.269256e+06
 [8,]    8 0.005814760 5.354684e-04   450.2375 -1.362042e+02  3.592287e+03
 [9,]    9 0.007193917 5.009447e-04   450.0336 -6.440295e+01 -2.311764e+03
[10,]   10 0.008806746 5.190326e-04   449.9498 -4.306239e+01 -2.685696e+02
[11,]   11 0.011195274 5.304547e-04   449.8901 -2.327747e+01  6.620301e+02
[12,]   12 0.013485478 5.333836e-04   449.8557 -1.251584e+01  5.840096e+02
[13,]   13 0.015993726 5.338892e-04   449.8344 -5.811638e+00  2.573391e+02
[14,]   14 0.018177410 5.344798e-04   449.8265 -2.447783e+00  9.455943e+01
[15,]   15 0.019895022 5.374806e-04   449.8280 -9.068271e-01  4.137888e+02
[16,]   16 0.018489102 5.350244e-04   449.8265 -2.128266e+00  1.495412e+02
[17,]   17 0.018246703 5.346009e-04   449.8265 -2.375013e+00  1.066604e+02
[18,]   18 0.018406686 5.348804e-04   449.8265 -2.210821e+00  1.348668e+02
[19,]   19 0.021476298 5.280698e-04   449.8203  9.159761e-01 -1.215702e+03
[20,]   20 0.019664973 5.320886e-04   449.8217 -6.791142e-01 -4.218744e+02
[21,]   21 0.020617534 5.352899e-04   449.8246 -1.553342e-01  1.485379e+01
[22,]   22 0.019746713 5.323633e-04   449.8219 -6.309467e-01 -3.846949e+02
[23,]   23 0.019672557 5.321141e-04   449.8217 -6.746175e-01 -4.184271e+02
[24,]   24 0.019665681 5.320910e-04   449.8217 -6.786938e-01 -4.215523e+02
[25,]   25 0.019665039 5.320889e-04   449.8217 -6.790749e-01 -4.218442e+02
[26,]   26 0.019664979 5.320887e-04   449.8217 -6.791106e-01 -4.218715e+02
[27,]   27 0.019664973 5.320886e-04   449.8217 -6.791139e-01 -4.218741e+02
[28,]   28 0.019664973 5.320886e-04   449.8217 -6.791142e-01 -4.218743e+02
[29,]   29 0.019664973 5.320886e-04   449.8217 -6.791142e-01 -4.218744e+02
[30,]   30 0.019664973 5.320886e-04   449.8217 -6.791142e-01 -4.218744e+02
[31,]   31 0.019664973 5.320886e-04   449.8217 -6.791142e-01 -4.218744e+02
[32,]   32 0.019664973 5.320886e-04   449.8217 -6.791142e-01 -4.218744e+02
[33,]   33 0.019664973 5.320886e-04   449.8217 -6.791142e-01 -4.218744e+02
[34,]   34 0.019664973 5.320886e-04   449.8217 -6.791142e-01 -4.218744e+02
[35,]   35 0.019664973 5.320886e-04   449.8217 -6.791142e-01 -4.218744e+02
[36,]   36 0.019664973 5.320886e-04   449.8217 -6.791142e-01 -4.218744e+02
[37,]   37 0.698779210 1.000000e+01 26091.3749  2.399208e+03  2.319088e+03
[38,]   38 0.043989301 3.586903e-01  1271.5582  2.411075e+03  2.387080e+03
[39,]   39 0.020686972 1.558029e-02   506.0379  2.212035e+03 -3.544246e+02
[40,]   40 0.019682876 7.957033e-04   453.7452  9.491965e+00  2.404174e+04
[41,]   41 0.019665149 5.346922e-04   449.8243 -8.936973e-01 -6.959759e+00
[42,]   42 0.019664983 5.322391e-04   449.8218 -6.916954e-01 -3.977590e+02
[43,]   43 0.019664973 5.320978e-04   449.8217 -6.798804e-01 -4.204064e+02
[44,]   44 0.019664973 5.320892e-04   449.8217 -6.791610e-01 -4.217848e+02
[45,]   45 0.019664973 5.320887e-04   449.8217 -6.791171e-01 -4.218689e+02
[46,]   46 0.019664973 5.320886e-04   449.8217 -6.791144e-01 -4.218740e+02
[47,]   47 0.019664973 5.320886e-04   449.8217 -6.791142e-01 -4.218743e+02
[48,]   48 0.019664973 5.320886e-04   449.8217 -6.791142e-01 -4.218744e+02
[49,]   49 0.019664973 5.320886e-04   449.8217 -6.791142e-01 -4.218744e+02
[50,]   50 0.019664973 5.320886e-04   449.8217 -6.791142e-01 -4.218744e+02
[51,]   51 0.019664973 5.320886e-04   449.8217 -6.791142e-01 -4.218744e+02
[52,]   52 0.019664973 5.320886e-04   449.8217 -6.791142e-01 -4.218744e+02
[53,]   53 0.019664973 5.320886e-04   449.8217 -6.791142e-01 -4.218744e+02
[54,]   54 0.019664973 5.320886e-04   449.8217 -6.791142e-01 -4.218744e+02

