[22;0t]0;IPython: scripts/01_msprime_simulations$par
[1] 0.040956013 0.005090499

$value
[1] -3158.736

$counts
function gradient 
      13       13 

$convergence
[1] 0

$message
[1] "CONVERGENCE: REL_REDUCTION_OF_F <= FACTR*EPSMCH"

$loginfo
      step       par1        par2       fn           gr1           gr2
 [1,]    1 0.10000000 0.010000000 3231.564  1.796649e+02  2.107823e+04
 [2,]    2 0.00000100 0.000001000 6308.668  1.227908e+05 -2.300004e+07
 [3,]    3 0.06543129 0.006543440 3167.953  3.404184e+01  1.118622e+04
 [4,]    4 0.03433804 0.002973418 3199.073  4.604273e+02 -5.078631e+04
 [5,]    5 0.05446240 0.005284029 3159.134  3.683017e+01  1.242445e+03
 [6,]    6 0.05225367 0.005085423 3159.012  4.322182e+01 -9.621465e+02
 [7,]    7 0.05233112 0.005129022 3158.986  4.052050e+01 -4.325214e+02
 [8,]    8 0.05168763 0.005155420 3158.954  3.704888e+01 -7.376343e+01
 [9,]    9 0.04834176 0.005194923 3158.863  2.387964e+01  6.115970e+02
[10,]   10 0.04366117 0.005186312 3158.786  5.393622e+00  8.619199e+02
[11,]   11 0.04096087 0.005117399 3158.740 -2.469442e+00  3.110072e+02
[12,]   12 0.04100966 0.005089903 3158.736  3.314535e-01 -1.187044e+01
[13,]   13 0.04095601 0.005090499 3158.736 -1.360468e-02  8.713866e-02

