[22;0t]0;IPython: scripts/01_msprime_simulations$par
[1] 0.252690707 0.001083131

$value
[1] -843.6999

$counts
function gradient 
      33       33 

$convergence
[1] 0

$message
[1] "CONVERGENCE: REL_REDUCTION_OF_F <= FACTR*EPSMCH"

$loginfo
      step        par1         par2        fn           gr1           gr2
 [1,]    1 0.100000000 0.0100000000 1072.4856  1.417043e+03  8.299401e+03
 [2,]    2 0.000001000 0.0000010000 1342.9907  1.152983e+05 -4.585000e+06
 [3,]    3 0.055646568 0.0055650560  965.4026  8.032904e+02  1.886630e+04
 [4,]    4 0.019390561 0.0019397815  860.2297 -9.009324e+01  2.520706e+04
 [5,]    5 0.006593451 0.0006601857  852.5908  2.037510e+02 -4.040770e+04
 [6,]    6 0.014427786 0.0014435488  850.0390 -1.994043e+02  1.745549e+04
 [7,]    7 0.008161415 0.0000010000 1464.4688  1.949302e+03 -4.836067e+06
 [8,]    8 0.012506375 0.0010012308  846.2045 -1.498259e+02 -2.490967e+03
 [9,]    9 0.019073117 0.0010872232  845.3612 -1.070867e+02  1.856882e+03
[10,]   10 0.030362012 0.0011012660  844.5767 -4.517071e+01  1.603588e+03
[11,]   11 0.038171605 0.0010859890  844.2953 -2.457252e+01  2.478068e+02
[12,]   12 0.047808785 0.0010880700  844.1236 -1.289400e+01  3.155483e+02
[13,]   13 0.058433420 0.0010810619  844.0172 -7.492172e+00 -2.100599e+02
[14,]   14 0.076120916 0.0011141957  843.9664 -4.165944e+00  2.473458e+03
[15,]   15 0.092582169 0.0010907101  843.8636 -3.097284e+00  6.670127e+02
[16,]   16 0.126213228 0.0010737098  843.7803 -1.734823e+00 -7.895761e+02
[17,]   17 0.160338652 0.0010747902  843.7355 -9.283186e-01 -7.352688e+02
[18,]   18 0.200015274 0.0010835229  843.7097 -3.915985e-01  5.403534e+00
[19,]   19 0.226830305 0.0010850053  843.7029 -1.683927e-01  1.224690e+02
[20,]   20 0.250226316 0.0010774180  843.7001 -3.005157e-02 -5.665584e+02
[21,]   21 0.252690707 0.0010831311  843.6999 -2.079744e-02 -5.481844e+01
[22,]   22 0.256026874 0.0010837829  843.7001 -5.844447e-03  2.129628e+00
[23,]   23 0.253010331 0.0010831935  843.6999 -1.933340e-02 -4.936347e+01
[24,]   24 0.252724004 0.0010831376  843.6999 -2.064452e-02 -5.425018e+01
[25,]   25 0.252694205 0.0010831318  843.6999 -2.078123e-02 -5.475874e+01
[26,]   26 0.252691075 0.0010831312  843.6999 -2.079542e-02 -5.481216e+01
[27,]   27 0.252690746 0.0010831311  843.6999 -2.079749e-02 -5.481778e+01
[28,]   28 0.252690711 0.0010831311  843.6999 -2.079732e-02 -5.481837e+01
[29,]   29 0.252690708 0.0010831311  843.6999 -2.079678e-02 -5.481843e+01
[30,]   30 0.252690708 0.0010831311  843.6999 -2.079717e-02 -5.481843e+01
[31,]   31 0.252690707 0.0010831311  843.6999 -2.079738e-02 -5.481844e+01
[32,]   32 0.252690707 0.0010831311  843.6999 -2.079739e-02 -5.481844e+01
[33,]   33 0.252690707 0.0010831311  843.6999 -2.079738e-02 -5.481844e+01

