[22;0t]0;IPython: scripts/01_msprime_simulations$par
[1] 0.04985047 0.52234601

$value
[1] -54517.26

$counts
function gradient 
      33       33 

$convergence
[1] 0

$message
[1] "CONVERGENCE: REL_REDUCTION_OF_F <= FACTR*EPSMCH"

$loginfo
      step       par1       par2        fn           gr1           gr2
 [1,]    1 0.10000000  0.0100000 122423.77  6.849415e+04 -3.143243e+06
 [2,]    2 0.00000100 10.0000000  61280.50 -1.087166e+07  2.976438e+02
 [3,]    3 1.41751681 10.0000000  60725.90  2.229671e+03  2.539741e+02
 [4,]    4 0.47188037 10.0000000  58574.57  2.111540e+03  3.316688e+02
 [5,]    5 0.15723937 10.0000000  58079.51  3.628803e+02  3.697892e+02
 [6,]    6 0.15723413  9.9988039  58079.07  3.628873e+02  3.697949e+02
 [7,]    7 0.15721317  9.9940195  58077.29  3.629158e+02  3.698181e+02
 [8,]    8 0.15712932  9.9748820  58070.18  3.630397e+02  3.699110e+02
 [9,]    9 0.15679395  9.8983319  58041.73  3.637020e+02  3.702806e+02
[10,]   10 0.15545243  9.5921315  57927.63  3.699405e+02  3.716279e+02
[11,]   11 0.15008639  8.3673299  57477.37  3.877271e+02  3.722772e+02
[12,]   12 0.12862221  3.4681234  55863.41  1.460775e+03  2.882965e+02
[13,]   13 0.11320904  0.0000010 435475.72  6.886197e+04 -1.577768e+09
[14,]   14 0.12347450  2.3098341  55507.06  2.091971e+03  3.607078e+02
[15,]   15 0.11834177  1.1549175  54949.93  2.529245e+03  6.299790e+02
[16,]   16 0.11492067  0.3851341  55041.24  7.074162e+03 -4.568858e+03
[17,]   17 0.11655584  0.7530661  54705.45  2.850091e+03  4.066573e+02
[18,]   18 0.11573027  0.5673044  54686.91  3.825609e+03 -4.471806e+02
[19,]   19 0.12316043  2.2878768  55498.44  2.097222e+03  3.646121e+02
[20,]   20 0.11666364  0.7834408  54719.07  2.788252e+03  4.679833e+02
[21,]   21 0.11601110  0.6323331  54675.25  3.343607e+03  1.454508e+01
[22,]   22 0.11589338  0.6281281  54674.84  3.367850e+03 -7.087857e+00
[23,]   23 0.11506356  0.6102502  54673.00  3.472669e+03 -1.075996e+02
[24,]   24 0.00000100  0.4967995  58606.84 -1.482444e+07  3.764164e+02
[25,]   25 0.07422179  0.5699806  54550.69  2.331807e+03 -1.099818e+01
[26,]   26 0.00000100  0.5274900  58620.07 -1.478174e+07  5.121693e+02
[27,]   27 0.04881997  0.5554383  54521.50 -7.296764e+02  2.208389e+02
[28,]   28 0.05144667  0.5240282  54517.47  2.819798e+02 -1.465446e+01
[29,]   29 0.04937837  0.5202429  54517.28 -6.041214e+01 -7.415635e+00
[30,]   30 0.04987891  0.5227791  54517.26 -1.736774e+00  2.694110e+00
[31,]   31 0.04985531  0.5223262  54517.26  1.232993e+00 -2.236124e-01
[32,]   32 0.04985047  0.5223460  54517.26 -8.386145e-02  4.723333e-03

