[22;0t]0;IPython: scripts/01_msprime_simulations$par
[1] 0.006208689 0.000592887

$value
[1] -467.4447

$counts
function gradient 
      23       23 

$convergence
[1] 0

$message
[1] "CONVERGENCE: REL_REDUCTION_OF_F <= FACTR*EPSMCH"

$loginfo
      step        par1         par2       fn           gr1           gr2
 [1,]    1 0.100000000 0.0100000000 680.0096  1.858442e+03  4.231587e+03
 [2,]    2 0.000001000 0.0000010000 696.6073  9.902518e+04 -2.186338e+06
 [3,]    3 0.043569389 0.0043574467 553.8630  1.327355e+03  9.310452e+03
 [4,]    4 0.014814252 0.0014821919 484.5201  4.054371e+02  2.218986e+04
 [5,]    5 0.006569302 0.0006577710 467.6557 -6.837786e+00  5.230279e+03
 [6,]    6 0.006459560 0.0000010000 756.8459  1.129662e+03 -2.452177e+06
 [7,]    7 0.006542679 0.0004984402 467.9359  7.969812e+01 -1.300723e+04
 [8,]    8 0.006558189 0.0005912623 467.4483  1.932875e+01 -6.769768e+02
 [9,]    9 0.005722599 0.0005951466 467.4503 -2.078112e+01  1.899204e+02
[10,]   10 0.006208689 0.0005928870 467.4447  3.893168e+00 -3.239279e+02
[11,]   11 0.006166263 0.0005963768 467.4469  7.775717e-02  5.213783e+01
[12,]   12 0.006205433 0.0005931548 467.4448  3.601391e+00 -2.948247e+02
[13,]   13 0.006208418 0.0005929093 467.4447  3.868850e+00 -3.215001e+02
[14,]   14 0.006208666 0.0005928889 467.4447  3.891128e+00 -3.237241e+02
[15,]   15 0.006208687 0.0005928872 467.4447  3.892997e+00 -3.239108e+02
[16,]   16 0.006208689 0.0005928870 467.4447  3.893154e+00 -3.239264e+02
[17,]   17 0.006208689 0.0005928870 467.4447  3.893167e+00 -3.239277e+02
[18,]   18 0.006208689 0.0005928870 467.4447  3.893168e+00 -3.239279e+02
[19,]   19 0.006208689 0.0005928870 467.4447  3.893168e+00 -3.239279e+02
[20,]   20 0.006208689 0.0005928870 467.4447  3.893168e+00 -3.239279e+02
[21,]   21 0.006208689 0.0005928870 467.4447  3.893168e+00 -3.239279e+02
[22,]   22 0.006208689 0.0005928870 467.4447  3.893168e+00 -3.239279e+02
[23,]   23 0.006208689 0.0005928870 467.4447  3.893168e+00 -3.239279e+02

