[22;0t]0;IPython: scripts/01_msprime_simulations$par
[1] 0.0082040505 0.0006698519

$value
[1] -567.9507

$counts
function gradient 
      31       31 

$convergence
[1] 0

$message
[1] "CONVERGENCE: REL_REDUCTION_OF_F <= FACTR*EPSMCH"

$loginfo
      step        par1         par2       fn           gr1           gr2
 [1,]    1 0.100000000 0.0100000000 786.2859  1.703901e+03     6107.1820
 [2,]    2 0.000001000 0.0000010000 858.2092  1.117470e+05 -2785027.0733
 [3,]    3 0.047856701 0.0047861394 665.3245  1.105826e+03    12139.2391
 [4,]    4 0.016883022 0.0016890502 589.3892  1.729150e+02    25813.9075
 [5,]    5 0.007018537 0.0007026906 568.0640 -4.792030e+01     3776.6273
 [6,]    6 0.010544745 0.0000010000 938.9742  7.673768e+02 -3056118.8998
 [7,]    7 0.007889788 0.0005293178 569.1353  9.567391e+01   -21296.0130
 [8,]    8 0.007227762 0.0006610564 567.9576 -1.810143e+01     -566.4071
 [9,]    9 0.009380791 0.0006803966 567.9599  3.246054e+00      464.4786
[10,]   10 0.007992891 0.0006679294 567.9509 -6.968808e+00     -253.6440
[11,]   11 0.008489415 0.0006728779 567.9518 -2.401910e+00       37.6767
[12,]   12 0.008100882 0.0006690057 567.9507 -5.843708e+00     -192.3045
[13,]   13 0.008615569 0.0006732276 567.9519 -1.046151e+00       16.0861
[14,]   14 0.008204051 0.0006698519 567.9507 -4.748986e+00     -152.6142
[15,]   15 0.008644136 0.0006733119 567.9519 -7.555705e-01       11.9558
[16,]   16 0.008277680 0.0006704308 567.9507 -3.998581e+00     -126.3828
[17,]   17 0.008218737 0.0006699674 567.9507 -4.596452e+00     -147.4257
[18,]   18 0.008207082 0.0006698758 567.9507 -4.717387e+00     -151.5452
[19,]   19 0.008204680 0.0006698569 567.9507 -4.742413e+00     -152.3921
[20,]   20 0.008204182 0.0006698530 567.9507 -4.747618e+00     -152.5680
[21,]   21 0.008204078 0.0006698522 567.9507 -4.748701e+00     -152.6046
[22,]   22 0.008204056 0.0006698520 567.9507 -4.748926e+00     -152.6122
[23,]   23 0.008204052 0.0006698519 567.9507 -4.748973e+00     -152.6138
[24,]   24 0.008204051 0.0006698519 567.9507 -4.748983e+00     -152.6141
[25,]   25 0.008204051 0.0006698519 567.9507 -4.748985e+00     -152.6142
[26,]   26 0.008204051 0.0006698519 567.9507 -4.748986e+00     -152.6142
[27,]   27 0.008204051 0.0006698519 567.9507 -4.748985e+00     -152.6142
[28,]   28 0.008204051 0.0006698519 567.9507 -4.748986e+00     -152.6142
[29,]   29 0.008204051 0.0006698519 567.9507 -4.748986e+00     -152.6142
[30,]   30 0.008204051 0.0006698519 567.9507 -4.748986e+00     -152.6142

