[22;0t]0;IPython: scripts/01_msprime_simulations$par
[1] 0.0005846738 2.0949628322

$value
[1] -53374.21

$counts
function gradient 
      32       32 

$convergence
[1] 0

$message
[1] "CONVERGENCE: REL_REDUCTION_OF_F <= FACTR*EPSMCH"

$loginfo
      step         par1      par2        fn           gr1           gr2
 [1,]    1 1.000000e-01  0.010000 114421.49  6.626699e+04 -2.880757e+06
 [2,]    2 1.000000e-06 10.000000  55101.96 -2.747714e+05  2.084667e+02
 [3,]    3 9.279364e-01 10.000000  58363.13  3.398364e+03  2.177565e+02
 [4,]    4 3.034446e-01 10.000000  56138.03  3.731983e+03  2.288801e+02
 [5,]    5 9.936022e-02 10.000000  55372.07  3.712173e+03  2.462717e+02
 [6,]    6 3.269607e-02 10.000000  55132.62  3.334591e+03  2.402963e+02
 [7,]    7 1.089114e-02 10.000000  55068.04  2.206338e+03  2.273942e+02
 [8,]    8 1.080444e-02  9.999213  55067.67  2.192855e+03  2.272597e+02
 [9,]    9 1.045767e-02  9.996064  55066.21  2.137021e+03  2.267082e+02
[10,]   10 9.070555e-03  9.983469  55060.57  1.878546e+03  2.244443e+02
[11,]   11 3.522114e-03  9.933090  55044.00 -3.843622e+02  2.138189e+02
[12,]   12 1.000000e-06  9.899899  55081.69 -2.749096e+05  1.965373e+02
[13,]   13 2.283886e-03  9.921418  55042.71 -1.641440e+03  2.106118e+02
[14,]   14 1.956886e-03  9.916852  55042.37 -2.125172e+03  2.097438e+02
[15,]   15 1.436937e-03  9.903963  55041.04 -3.239458e+03  2.081228e+02
[16,]   16 6.017054e-04  9.862266  55036.94 -8.974430e+03  1.978737e+02
[17,]   17 6.112985e-04  9.783234  55021.38 -1.115329e+04  1.960062e+02
[18,]   18 6.496710e-04  9.467108  54935.73 -1.723883e+04  3.021286e+02
[19,]   19 8.031611e-04  8.202604  54339.77 -2.126253e+03  7.222068e+02
[20,]   20 1.417121e-03  3.144586  53865.64  1.302862e+03  5.968637e+02
[21,]   21 1.798822e-03  0.000001 393549.15  0.000000e+00 -1.459976e+09
[22,]   22 1.544870e-03  2.092150  53380.28  9.570411e+03 -1.774445e+01
[23,]   23 3.802909e-04  2.673298  53662.06 -2.275609e+04 -3.523636e+01
[24,]   24 1.530533e-03  2.099304  53380.11  9.442595e+03  6.575814e+00
[25,]   25 1.000000e-06  2.092213  53409.87 -2.833718e+05 -8.218271e+01
[26,]   26 9.412162e-04  2.096572  53375.43  5.782306e+03  3.468037e+00
[27,]   27 1.095957e-05  2.092685  53395.31 -1.434540e+05 -3.616582e+01
[28,]   28 6.518309e-04  2.095363  53374.27  1.567860e+03  8.997321e-01
[29,]   29 5.441796e-04  2.094930  53374.22 -1.131202e+03 -2.441702e-03
[30,]   30 5.892741e-04  2.095000  53374.21  1.184301e+02  1.035904e-01
[31,]   31 5.849975e-04  2.094965  53374.21  8.148764e+00  3.041005e-02
[32,]   32 5.846738e-04  2.094963  53374.21 -2.635602e-01  2.474073e-02

