[22;0t]0;IPython: scripts/01_msprime_simulations$par
[1] 0.0000010000 0.0001241913

$value
[1] -87.72133

$counts
function gradient 
      41       41 

$convergence
[1] 52

$message
[1] "ERROR: ABNORMAL_TERMINATION_IN_LNSRCH"

$loginfo
      step         par1         par2          fn       gr1          gr2
 [1,]    1 1.000000e-01 1.000000e-02   331.38624  2255.757    2800.1121
 [2,]    2 1.000000e-06 1.000000e-06   105.84800 31719.513 -181830.3514
 [3,]    3 1.000000e-06 1.000000e+01 24350.95418  2416.099    2323.8995
 [4,]    4 1.000000e-06 3.267286e+00  8216.59267  2416.074    2468.6652
 [5,]    5 1.000000e-06 1.067272e+00  2736.08781  2415.985    2511.7859
 [6,]    6 1.000000e-06 3.487368e-01   929.18770  2415.700    2512.0891
 [7,]    7 1.000000e-06 1.140791e-01   342.65958  2414.824    2470.0459
 [8,]    8 1.000000e-06 3.742866e-02   156.80535  2412.153    2328.1126
 [9,]    9 1.000000e-06 1.237117e-02   101.96254  2403.639    1895.7242
[10,]   10 1.000000e-06 1.224353e-02   101.72100  2403.497    1888.9852
[11,]   11 1.000000e-06 1.173298e-02   100.76372  2402.892    1860.5620
[12,]   12 1.000000e-06 9.690768e-03    97.10137  2399.741    1716.9057
[13,]   13 1.000000e-06 1.521938e-03    89.84718  5045.866    1145.4240
[14,]   14 1.000000e-06 1.000000e-06   105.84800 31719.513 -181830.3514
[15,]   15 1.000000e-06 1.011747e-03    89.20006  6718.681    1053.1698
[16,]   16 1.000000e-06 5.063734e-04    88.60565  9445.291    1626.1282
[17,]   17 1.000000e-06 2.717434e-04    88.13530  8354.677    2505.1643
[18,]   18 1.000000e-06 2.572188e-04    88.09849  7912.144    2570.5651
[19,]   19 1.000000e-06 2.473825e-04    88.07294  7562.123    2612.0937
[20,]   20 1.000000e-06 1.241913e-04    87.72133 -1583.877   -2250.7618
[21,]   21 1.000000e+01 1.000000e+01 47313.24718  2177.178    2328.4911
[22,]   22 1.219140e+00 1.219248e+00  6038.60567  2376.966    2515.1246
[23,]   23 1.475648e-01 1.476861e-01   781.07393  2399.255    2491.9413
[24,]   24 1.848444e-02 1.860740e-02   158.94713  2396.348    2124.5860
[25,]   25 2.690532e-03 2.813690e-03    95.80952  2345.716    -197.6247
[26,]   26 4.034028e-04 5.265891e-04    91.38525  4450.031    2737.0566
[27,]   27 3.048782e-05 1.536787e-04    88.01031 -1006.031    5209.9957
[28,]   28 2.818724e-06 1.260100e-04    87.74413 -1615.559   -1525.2991
[29,]   29 1.075081e-06 1.242663e-04    87.72230 -1585.497   -2219.8982
[30,]   30 1.002993e-06 1.241943e-04    87.72137 -1583.942   -2249.5299
[31,]   31 1.000119e-06 1.241914e-04    87.72133 -1583.880   -2250.7128
[32,]   32 1.000005e-06 1.241913e-04    87.72133 -1583.877   -2250.7599
[33,]   33 1.000000e-06 1.241913e-04    87.72133 -1583.877   -2250.7617
[34,]   34 1.000000e-06 1.241913e-04    87.72133 -1583.877   -2250.7618
[35,]   35 1.000000e-06 1.241913e-04    87.72133 -1583.877   -2250.7618
[36,]   36 1.000000e-06 1.241913e-04    87.72133 -1583.877   -2250.7618
[37,]   37 1.000000e-06 1.241913e-04    87.72133 -1583.877   -2250.7618
[38,]   38 1.000000e-06 1.241913e-04    87.72133 -1583.877   -2250.7618
[39,]   39 1.000000e-06 1.241913e-04    87.72133 -1583.877   -2250.7618
[40,]   40 1.000000e-06 1.241913e-04    87.72133 -1583.877   -2250.7618

