[22;0t]0;IPython: scripts/01_msprime_simulations$par
[1] 0.001262135 0.001593395

$value
[1] -1057.281

$counts
function gradient 
      72       72 

$convergence
[1] 52

$message
[1] "ERROR: ABNORMAL_TERMINATION_IN_LNSRCH"

$loginfo
      step         par1         par2        fn           gr1           gr2
 [1,]    1 0.1000000000  0.010000000  1234.481  1.391508e+03  9.339554e+03
 [2,]    2 0.0000010000  0.000001000  1808.902  1.129379e+05 -6.292655e+06
 [3,]    3 0.0598811481  0.005988476  1142.785  1.013638e+03  1.210549e+04
 [4,]    4 0.0203602503  0.002036742  1069.669  4.958208e+02  2.974426e+03
 [5,]    5 0.0000010000  0.000001000  1808.902  1.129379e+05 -6.292655e+06
 [6,]    6 0.0140236469  0.001403138  1068.773  5.833862e+02 -1.357443e+04
 [7,]    7 0.0171529272  0.001716038  1068.010  5.084051e+02 -3.241833e+03
 [8,]    8 0.0000010000 10.000000000 24527.565  2.416099e+03  2.309154e+03
 [9,]    9 0.0143227147  1.651517139  4667.768  2.415563e+03  2.417551e+03
[10,]   10 0.0166569952  0.290807072  1495.897  2.413803e+03  2.036658e+03
[11,]   11 0.0170464237  0.063799530  1128.759  2.420662e+03  6.613751e+02
[12,]   12 0.0171290673  0.015624523  1115.635  2.272397e+03  2.681542e+02
[13,]   13 0.0171503288  0.003230664  1076.355  6.830460e+02  8.740789e+03
[14,]   14 0.0171526095  0.001901191  1067.799  5.144631e+02  6.180464e+02
[15,]   15 0.0171280287  0.001871625  1067.774  5.133626e+02  8.678243e+01
[16,]   16 0.0170586946  0.001843187  1067.742  5.129781e+02 -4.540039e+02
[17,]   17 0.0168390350  0.001801449  1067.663  5.141891e+02 -1.303257e+03
[18,]   18 0.0161374781  0.001731504  1067.440  5.221956e+02 -2.875966e+03
[19,]   19 0.0140375281  0.001615778  1066.798  5.601486e+02 -5.859800e+03
[20,]   20 0.0062657518  0.001349974  1063.719  1.005190e+03 -1.288555e+04
[21,]   21 0.0000010000  0.001135712  1083.410 -2.037705e+05  0.000000e+00
[22,]   22 0.0039738049  0.001271587  1062.033  1.403385e+03 -1.365983e+04
[23,]   23 0.0014024039  0.001183642  1058.967  1.502751e+03 -9.977351e+03
[24,]   24 0.0000010000  0.001222954  1083.371 -2.046751e+05  6.090137e+01
[25,]   25 0.0009519381  0.001196278  1058.354  5.738074e+02 -7.185839e+03
[26,]   26 0.0023972017  0.001802349  1057.875  7.052436e+02  8.267549e+02
[27,]   27 0.0016079667  0.001625553  1057.358  4.080564e+02 -2.566788e+02
[28,]   28 0.0010054174  0.001535466  1057.336 -4.546799e+02 -2.178820e+02
[29,]   29 0.0013480279  0.001586690  1057.289  1.551554e+02 -2.874385e+02
[30,]   30 0.0012328857  0.001585370  1057.282 -3.304370e+01 -9.050840e+01
[31,]   31 0.0012621349  0.001593395  1057.281  4.515033e+00 -5.268158e+01
[32,]   32 0.0012637066  0.001599521  1057.281 -3.645705e+00  1.334989e+01
[33,]   33 0.0012623544  0.001594251  1057.281  3.363293e+00 -4.338697e+01
[34,]   34 0.0012621720  0.001593540  1057.281  4.320405e+00 -5.111147e+01
[35,]   35 0.0012621414  0.001593420  1057.281  4.481180e+00 -5.240850e+01
[36,]   36 0.0012621360  0.001593400  1057.281  4.509115e+00 -5.263384e+01
[37,]   37 0.0012621351  0.001593396  1057.281  4.513998e+00 -5.267323e+01
[38,]   38 0.0012621350  0.001593395  1057.281  4.514852e+00 -5.268012e+01
[39,]   39 0.0012621349  0.001593395  1057.281  4.515001e+00 -5.268132e+01
[40,]   40 0.0012621349  0.001593395  1057.281  4.515027e+00 -5.268153e+01
[41,]   41 0.0012621349  0.001593395  1057.281  4.515032e+00 -5.268157e+01
[42,]   42 0.0012621349  0.001593395  1057.281  4.515033e+00 -5.268158e+01
[43,]   43 0.0012621349  0.001593395  1057.281  4.515033e+00 -5.268158e+01
[44,]   44 0.0012621349  0.001593395  1057.281  4.515033e+00 -5.268158e+01
[45,]   45 0.0012621349  0.001593395  1057.281  4.515033e+00 -5.268158e+01
[46,]   46 0.0012621349  0.001593395  1057.281  4.515033e+00 -5.268158e+01
[47,]   47 0.0012621349  0.001593395  1057.281  4.515033e+00 -5.268158e+01
[48,]   48 0.0012621349  0.001593395  1057.281  4.515033e+00 -5.268158e+01
[49,]   49 0.0012621349  0.001593395  1057.281  4.515033e+00 -5.268158e+01
[50,]   50 0.0012621349  0.001593395  1057.281  4.515033e+00 -5.268158e+01
[51,]   51 0.0000010000 10.000000000 24527.565  2.416099e+03  2.309154e+03
[52,]   52 0.0012552411  0.056248665  1088.365  1.616704e+03  3.840269e+02
[53,]   53 0.0012620057  0.002618061  1059.738 -6.808391e+01  3.096937e+03
[54,]   54 0.0012621341  0.001599846  1057.282 -6.948456e+00  1.976071e+01
[55,]   55 0.0012621348  0.001594315  1057.281  2.867465e+00 -4.226832e+01
[56,]   56 0.0012621349  0.001593558  1057.281  4.222696e+00 -5.083385e+01
[57,]   57 0.0012621349  0.001593425  1057.281  4.461305e+00 -5.234199e+01
[58,]   58 0.0012621349  0.001593401  1057.281  4.505095e+00 -5.261877e+01
[59,]   59 0.0012621349  0.001593396  1057.281  4.513193e+00 -5.266995e+01
[60,]   60 0.0012621349  0.001593395  1057.281  4.514692e+00 -5.267942e+01
[61,]   61 0.0012621349  0.001593395  1057.281  4.514970e+00 -5.268118e+01
[62,]   62 0.0012621349  0.001593395  1057.281  4.515021e+00 -5.268150e+01
[63,]   63 0.0012621349  0.001593395  1057.281  4.515031e+00 -5.268156e+01
[64,]   64 0.0012621349  0.001593395  1057.281  4.515033e+00 -5.268158e+01
[65,]   65 0.0012621349  0.001593395  1057.281  4.515033e+00 -5.268158e+01
[66,]   66 0.0012621349  0.001593395  1057.281  4.515033e+00 -5.268158e+01
[67,]   67 0.0012621349  0.001593395  1057.281  4.515033e+00 -5.268158e+01
[68,]   68 0.0012621349  0.001593395  1057.281  4.515033e+00 -5.268158e+01
[69,]   69 0.0012621349  0.001593395  1057.281  4.515033e+00 -5.268158e+01

