[22;0t]0;IPython: scripts/01_msprime_simulations$par
[1] 0.002522316 0.468552813

$value
[1] -16319.53

$counts
function gradient 
      31       31 

$convergence
[1] 0

$message
[1] "CONVERGENCE: REL_REDUCTION_OF_F <= FACTR*EPSMCH"

$loginfo
      step         par1       par2       fn           gr1           gr2
 [1,]    1 0.1000000000  0.0100000 19267.54  7.409678e+03 -2.735823e+05
 [2,]    2 0.0000010000 10.0000000 29956.09  2.416085e+03  1.855932e+03
 [3,]    3 0.0668151786  3.3251968 19013.21  2.436161e+03  1.252767e+03
 [4,]    4 0.0889239434  1.1165091 16953.10  3.916312e+03  6.998381e+02
 [5,]    5 0.0731184726  1.1136427 16889.17  3.914013e+03  7.155395e+02
 [6,]    6 0.0098965894  1.1021769 16645.00  2.756346e+03  8.316154e+02
 [7,]    7 0.0000010000  1.0953662 16734.69 -6.862958e+05  7.935582e+02
 [8,]    8 0.0059824994  1.0994830 16633.58  1.777427e+03  8.223628e+02
 [9,]    9 0.0000010000  1.0779484 16721.25 -6.858311e+05  7.497556e+02
[10,]   10 0.0036717475  1.0911638 16624.25  1.949755e+02  8.001946e+02
[11,]   11 0.0000010000  1.0351312 16691.38 -6.803370e+05  6.447321e+02
[12,]   12 0.0021186581  1.0674565 16607.56 -2.992590e+03  7.528424e+02
[13,]   13 0.0008237338  0.8758607 16508.85 -1.866009e+04  3.539026e+02
[14,]   14 0.0083745042  0.4699234 16340.91  5.243474e+03  2.122864e+01
[15,]   15 0.0073085898  0.4864429 16337.52  4.899887e+03  2.204312e+02
[16,]   16 0.0000010000  0.4719698 16449.68 -8.673363e+05  2.935622e+00
[17,]   17 0.0044500762  0.4807815 16324.33  3.294323e+03  1.600591e+02
[18,]   18 0.0000010000  0.4660997 16449.92 -8.677699e+05 -8.241802e+01
[19,]   19 0.0028877825  0.4756260 16320.05  9.835112e+02  9.464528e+01
[20,]   20 0.0022556686  0.4670073 16319.66 -9.167416e+02 -2.194758e+01
[21,]   21 0.0026244205  0.4675898 16319.55  2.939428e+02 -1.273024e+01
[22,]   22 0.0025296480  0.4690831 16319.53  2.213744e+01  7.202453e+00
[23,]   23 0.0025261520  0.4686011 16319.53  1.002608e+01  6.771737e-01
[24,]   24 0.0025223159  0.4685528 16319.53 -1.788024e+00  1.175215e-02
[25,]   25 0.0025229038  0.4685518 16319.53 -1.712106e-03  3.217610e-04
[26,]   26 0.0025223595  0.4685527 16319.53 -1.655424e+00  1.090370e-02
[27,]   27 0.0025223194  0.4685528 16319.53 -1.777391e+00  1.168431e-02
[28,]   28 0.0025223162  0.4685528 16319.53 -1.787166e+00  1.174642e-02
[29,]   29 0.0025223159  0.4685528 16319.53 -1.787952e+00  1.174936e-02
[30,]   30 0.0025223159  0.4685528 16319.53 -1.787946e+00  1.174954e-02
[31,]   31 0.0025223159  0.4685528 16319.53 -1.787952e+00  1.174936e-02

