[22;0t]0;IPython: scripts/01_msprime_simulations$par
[1] 0.0386900639 0.0009226735

$value
[1] -729.7027

$counts
function gradient 
      20       20 

$convergence
[1] 0

$message
[1] "CONVERGENCE: REL_REDUCTION_OF_F <= FACTR*EPSMCH"

$loginfo
      step        par1         par2        fn           gr1           gr2
 [1,]    1 0.100000000 0.0100000000  947.5430  1.596648e+03  6.639426e+03
 [2,]    2 0.000001000 0.0000010000 1137.6670  1.135861e+05 -3.800389e+06
 [3,]    3 0.053401764 0.0053405958  837.2610  1.031837e+03  1.481113e+04
 [4,]    4 0.018675750 0.0018683069  747.0333  7.312162e+01  2.384638e+04
 [5,]    5 0.006350415 0.0006358844  732.8947  1.838684e+02 -2.737392e+04
 [6,]    6 0.012630821 0.0012638684  733.9338 -5.083020e+01  1.706744e+04
 [7,]    7 0.004000832 0.0000010000 1227.7559  4.434634e+03 -4.033717e+06
 [8,]    8 0.010018879 0.0008816502  730.1993 -3.758050e+01 -5.065506e+02
 [9,]    9 0.010690274 0.0008987588  730.1812 -4.089427e+01  6.210578e+02
[10,]   10 0.013188090 0.0009210254  730.1148 -3.981025e+01  1.702160e+03
[11,]   11 0.022696839 0.0009684120  729.9573 -2.332858e+01  4.008623e+03
[12,]   12 0.026257345 0.0009567870  729.8442 -1.532427e+01  2.987872e+03
[13,]   13 0.032569591 0.0009188039  729.7157 -5.031562e+00 -2.687686e+02
[14,]   14 0.036045221 0.0009231710  729.7052 -1.871155e+00  5.704973e+01
[15,]   15 0.038062679 0.0009227975  729.7028 -4.006918e-01  1.255093e+01
[16,]   16 0.038612283 0.0009226875  729.7027 -4.829844e-02  1.389863e+00
[17,]   17 0.038687959 0.0009226848  729.7027 -1.328935e-03  9.986520e-01
[18,]   18 0.038684018 0.0009219477  729.7024 -2.190494e-03 -6.385902e+01
[19,]   19 0.038687899 0.0009226736  729.7027 -1.343585e-03  8.169185e-03
[20,]   20 0.038690064 0.0009226735  729.7027 -5.351239e-06  1.222486e-04

