[22;0t]0;IPython: scripts/01_msprime_simulations$par
[1] 0.00149497 0.79748698

$value
[1] -48025.94

$counts
function gradient 
      47       47 

$convergence
[1] 0

$message
[1] "CONVERGENCE: REL_REDUCTION_OF_F <= FACTR*EPSMCH"

$loginfo
      step         par1       par2        fn           gr1           gr2
 [1,]    1 0.1000000000  0.0100000 112583.59  6.235193e+04 -2.895819e+06
 [2,]    2 0.0000010000 10.0000000  53046.42 -1.405255e+06  6.619840e+02
 [3,]    3 3.2184381589 10.0000000  62722.44  2.193293e+03  4.821902e+02
 [4,]    4 1.0690747313 10.0000000  56804.18  3.414499e+03  5.028757e+02
 [5,]    5 0.3550150349 10.0000000  54148.86  4.036899e+03  5.821513e+02
 [6,]    6 0.1179872812 10.0000000  53177.68  4.089997e+03  6.356909e+02
 [7,]    7 0.0393247262 10.0000000  52868.00  3.561061e+03  6.671225e+02
 [8,]    8 0.0392253361  9.9977060  52866.12  3.559546e+03  6.670702e+02
 [9,]    9 0.0388277757  9.9885300  52858.58  3.553281e+03  6.668271e+02
[10,]   10 0.0372375338  9.9518262  52828.50  3.524877e+03  6.655176e+02
[11,]   11 0.0308765664  9.8050107  52709.31  3.358586e+03  6.601076e+02
[12,]   12 0.0054326968  9.2177490  52264.57 -2.081768e+03  6.615392e+02
[13,]   13 0.0000010000  9.0896682  52450.87 -1.498103e+06  6.206747e+02
[14,]   14 0.0032865645  9.1671427  52239.70 -6.535138e+03  6.557072e+02
[15,]   15 0.0000010000  9.0783610  52443.87 -1.504537e+06  6.182566e+02
[16,]   16 0.0021183424  9.1355753  52229.74 -1.274570e+04  6.562210e+02
[17,]   17 0.0011768741  9.0933626  52219.10 -2.651254e+04  6.640251e+02
[18,]   18 0.0009163831  9.0271666  52183.08 -3.501744e+04  6.596491e+02
[19,]   19 0.0000010000  8.7945494  52272.73 -1.607065e+06  0.000000e+00
[20,]   20 0.0005084371  8.9234993  52135.25 -6.707649e+04  6.347659e+02
[21,]   21 0.0002987804  7.0614348  51099.02 -1.379714e+05  5.911347e+02
[22,]   22 0.0000010000  4.4166994  49966.73 -1.839880e+06  5.296516e+02
[23,]   23 0.0010216977  0.0000010 391687.07  1.233450e+05 -1.453423e+09
[24,]   24 0.0003443252  2.9310844  48742.69 -1.024311e+05  4.477371e+02
[25,]   25 0.0002418034  0.0000010 391590.41  1.245012e+05 -1.453422e+09
[26,]   26 0.0003100571  1.9513634  48445.30 -1.168390e+05  3.361714e+02
[27,]   27 0.0002781279  0.0000010 391594.94  1.244496e+05 -1.453422e+09
[28,]   28 0.0002994002  1.3000625  48148.23 -1.244343e+05  2.788246e+02
[29,]   29 0.0003182356  0.0000010 391599.93  1.243923e+05 -1.453422e+09
[30,]   30 0.0003056825  0.8664426  48082.09 -1.152160e+05  4.571655e+02
[31,]   31 0.0003119590  0.4332218  48123.40 -1.071802e+05 -8.754552e+02
[32,]   32 0.0003084569  0.6749480  48070.44 -1.065759e+05 -1.028643e+02
[33,]   33 0.0004888636  0.8493270  48058.40 -5.823725e+04  5.241742e+02
[34,]   34 0.0003652461  0.7298398  48053.63 -8.649059e+04 -2.957266e+01
[35,]   35 0.0005336917  0.7728427  48042.85 -5.058965e+04 -1.011020e+02
[36,]   36 0.0028868878  1.7740081  48287.26  2.694111e+03  6.633872e+02
[37,]   37 0.0010623290  0.9977510  48051.64 -1.474871e+04  2.343101e+02
[38,]   38 0.0007249229  0.8542019  48050.84 -3.156405e+04  5.005528e+02
[39,]   39 0.0006002886  0.8011763  48038.91 -4.138804e+04  2.945326e+01
[40,]   40 0.0008213647  0.8003149  48032.09 -2.281561e+04  2.742173e+01
[41,]   41 0.0010935633  0.7943000  48027.75 -1.011672e+04 -6.951140e+00
[42,]   42 0.0013121613  0.7961621  48026.27 -3.839448e+03 -4.005381e+00
[43,]   43 0.0014463196  0.7977256  48025.96 -9.385233e+02  2.526403e+00
[44,]   44 0.0014904353  0.7968046  48025.94 -7.049571e+01 -4.336991e+00
[45,]   45 0.0014914990  0.7970680  48025.94 -5.614713e+01 -2.678674e+00
[46,]   46 0.0014951647  0.7974978  48025.94  3.498232e+00  6.616719e-02
[47,]   47 0.0014949697  0.7974870  48025.94  8.769744e-02 -2.041415e-03

