[22;0t]0;IPython: scripts/01_msprime_simulations$par
[1] 0.0001707188 0.0004350792

$value
[1] -353.7075

$counts
function gradient 
      80       80 

$convergence
[1] 52

$message
[1] "ERROR: ABNORMAL_TERMINATION_IN_LNSRCH"

$loginfo
      step         par1         par2         fn          gr1           gr2
 [1,]    1 1.000000e-01 1.000000e-02   582.6131   1978.34095     4376.0666
 [2,]    2 1.000000e-06 1.000000e-06   522.5852  86635.91851 -1572075.6913
 [3,]    3 9.668936e-02 9.668966e-03   574.6138   1966.22045     4506.0350
 [4,]    4 4.834518e-02 4.834983e-03   455.7848   1663.95487     8583.4970
 [5,]    5 1.708054e-02 1.708800e-03   379.2075   1071.02636    10472.2626
 [6,]    6 1.000000e-06 1.000000e-06   522.5852  86635.91851 -1572075.6913
 [7,]    7 1.147572e-02 1.148369e-03   368.3943    759.58464     9584.1099
 [8,]    8 1.000000e-06 1.000000e-06   522.5852  86635.91851 -1572075.6913
 [9,]    9 8.535238e-03 8.543470e-04   363.7057    526.58088     9260.9641
[10,]   10 1.000000e-06 1.000000e-06   522.5852  86635.91851 -1572075.6913
[11,]   11 7.109757e-03 7.118117e-04   361.7573    439.68315     7653.0725
[12,]   12 2.367288e-05 2.654845e-05   397.1260  56707.32787  -374180.7669
[13,]   13 6.997087e-03 7.009160e-04   361.6221    435.17073     7417.9655
[14,]   14 3.510380e-03 3.637322e-04   360.2413    761.04815   -21033.1948
[15,]   15 5.340307e-03 5.406962e-04   360.0882    431.70736      780.6520
[16,]   16 2.906749e-03 4.129310e-04   359.0822    889.64776   -11238.1341
[17,]   17 1.000000e-06 3.106533e-04   357.1305 -31730.67406     1692.6921
[18,]   18 2.862115e-03 4.113599e-04   359.0571    907.56845   -11424.7510
[19,]   19 1.431557e-03 3.610066e-04   357.7483   2002.81631   -17307.9517
[20,]   20 4.753776e-04 3.273506e-04   355.4015   4393.67620   -17141.4737
[21,]   21 2.193804e-04 3.183399e-04   354.3011   4230.17351   -12958.7956
[22,]   22 1.000000e-06 3.367460e-04   357.2813 -34321.76236     3422.4233
[23,]   23 1.873918e-04 3.210361e-04   354.1371   3438.58987   -11272.5655
[24,]   24 4.973100e-03 2.650894e-03   369.5094   1776.06243     3322.9504
[25,]   25 7.024241e-04 5.717727e-04   355.0756   2817.60104      180.3769
[26,]   26 2.762676e-04 3.643041e-04   354.1755   3672.34458    -7996.8286
[27,]   27 2.073696e-04 3.307620e-04   354.1389   3581.81576   -10484.5234
[28,]   28 1.918057e-04 3.231849e-04   354.1371   3477.08113   -11096.9933
[29,]   29 2.020779e-04 3.281858e-04   354.1380   3551.26409   -10691.3576
[30,]   30 1.939719e-04 3.242395e-04   354.1372   3494.46357   -11011.0690
[31,]   31 1.922580e-04 3.234051e-04   354.1371   3480.79053   -11079.0392
[32,]   32 1.918057e-04 3.231849e-04   354.1371   3477.08113   -11096.9933
[33,]   33 1.162825e-04 3.881457e-04   353.7361  -4523.20909    -1753.6226
[34,]   34 2.827714e-04 5.063331e-04   353.8861   1919.90318      100.8148
[35,]   35 1.653853e-04 4.230029e-04   353.7088   -132.51092    -1261.1459
[36,]   36 1.745742e-04 4.435536e-04   353.7088    -38.47201     -586.8225
[37,]   37 1.678349e-04 4.284813e-04   353.7078   -106.22261    -1068.2290
[38,]   38 1.809057e-04 4.583844e-04   353.7149     13.84619     -170.0227
[39,]   39 1.707188e-04 4.350792e-04   353.7075    -78.96874     -847.7964
[40,]   40 1.814818e-04 4.601574e-04   353.7158     13.10324     -121.1617
[41,]   41 1.726802e-04 4.396493e-04   353.7079    -62.15959     -702.4133
[42,]   42 1.711045e-04 4.359777e-04   353.7075    -75.64792     -818.7098
[43,]   43 1.707957e-04 4.352582e-04   353.7075    -78.30622     -841.9802
[44,]   44 1.707342e-04 4.351150e-04   353.7075    -78.83633     -846.6335
[45,]   45 1.707219e-04 4.350863e-04   353.7075    -78.94227     -847.5639
[46,]   46 1.707195e-04 4.350806e-04   353.7075    -78.96344     -847.7499
[47,]   47 1.707190e-04 4.350795e-04   353.7075    -78.96768     -847.7871
[48,]   48 1.707189e-04 4.350792e-04   353.7075    -78.96852     -847.7945
[49,]   49 1.707188e-04 4.350792e-04   353.7075    -78.96869     -847.7960
[50,]   50 1.707188e-04 4.350792e-04   353.7075    -78.96873     -847.7963
[51,]   51 1.707188e-04 4.350792e-04   353.7075    -78.96873     -847.7964
[52,]   52 1.707188e-04 4.350792e-04   353.7075    -78.96873     -847.7964
[53,]   53 1.707188e-04 4.350792e-04   353.7075    -78.96874     -847.7964
[54,]   54 1.707188e-04 4.350792e-04   353.7075    -78.96874     -847.7964
[55,]   55 1.707188e-04 4.350792e-04   353.7075    -78.96874     -847.7964
[56,]   56 1.707188e-04 4.350792e-04   353.7075    -78.96874     -847.7964
[57,]   57 1.707188e-04 4.350792e-04   353.7075    -78.96874     -847.7964
[58,]   58 1.707188e-04 4.350792e-04   353.7075    -78.96874     -847.7964
[59,]   59 1.000000e+01 1.000000e+01 47356.3657   2177.03683     2324.9096
[60,]   60 4.180881e-01 4.183414e-01  2263.1699   2392.85865     2440.3608
[61,]   61 1.883245e-02 1.909632e-02   417.9540   2359.63084      719.7340
[62,]   62 1.161793e-03 1.426127e-03   358.8129   2969.22121     3598.8837
[63,]   63 2.147534e-04 4.791125e-04   353.7554    864.76294       17.2902
[64,]   64 1.760425e-04 4.404027e-04   353.7102     71.59680     -732.1773
[65,]   65 1.714201e-04 4.357804e-04   353.7078    -58.27216     -832.3778
[66,]   66 1.708117e-04 4.351720e-04   353.7075    -76.21259     -845.7517
[67,]   67 1.707311e-04 4.350915e-04   353.7075    -78.60337     -847.5255
[68,]   68 1.707205e-04 4.350808e-04   353.7075    -78.92033     -847.7605
[69,]   69 1.707191e-04 4.350794e-04   353.7075    -78.96232     -847.7916
[70,]   70 1.707189e-04 4.350792e-04   353.7075    -78.96789     -847.7958
[71,]   71 1.707188e-04 4.350792e-04   353.7075    -78.96862     -847.7963
[72,]   72 1.707188e-04 4.350792e-04   353.7075    -78.96872     -847.7964
[73,]   73 1.707188e-04 4.350792e-04   353.7075    -78.96873     -847.7964
[74,]   74 1.707188e-04 4.350792e-04   353.7075    -78.96874     -847.7964
[75,]   75 1.707188e-04 4.350792e-04   353.7075    -78.96874     -847.7964
[76,]   76 1.707188e-04 4.350792e-04   353.7075    -78.96874     -847.7964
[77,]   77 1.707188e-04 4.350792e-04   353.7075    -78.96874     -847.7964

