[22;0t]0;IPython: scripts/01_msprime_simulations$par
[1] 0.0007241853 0.1489175320

$value
[1] -35373.11

$counts
function gradient 
      54       54 

$convergence
[1] 0

$message
[1] "CONVERGENCE: REL_REDUCTION_OF_F <= FACTR*EPSMCH"

$loginfo
      step         par1        par2        fn           gr1           gr2
 [1,]    1 0.1000000000  0.01000000  54955.92  3.374917e+04 -1.184615e+06
 [2,]    2 0.0000010000 10.00000000  42042.70 -4.692316e+05  1.033286e+03
 [3,]    3 2.9178965896 10.00000000  49041.10  2.267768e+03  9.539636e+02
 [4,]    4 0.9651078776 10.00000000  44382.17  2.518568e+03  1.001040e+03
 [5,]    5 0.3192647105 10.00000000  42731.51  2.587689e+03  1.036197e+03
 [6,]    6 0.1057423587 10.00000000  42182.65  2.512038e+03  1.044004e+03
 [7,]    7 0.0351440871 10.00000000  42012.32  2.205613e+03  1.041540e+03
 [8,]    8 0.0349798238  9.99124780  42002.85  2.202668e+03  1.040773e+03
 [9,]    9 0.0343227708  9.95623900  41965.02  2.190674e+03  1.037647e+03
[10,]   10 0.0316945587  9.81620380  41814.91  2.141626e+03  1.025030e+03
[11,]   11 0.0211817102  9.25606301  41229.19  1.927804e+03  9.915107e+02
[12,]   12 0.0000010000  8.12752208  40207.42 -5.561384e+05  9.509252e+02
[13,]   13 0.0191114972  9.14575887  41116.37  1.855704e+03  9.829678e+02
[14,]   14 0.0056303371  8.42746185  40395.34 -1.218998e+02  9.927174e+02
[15,]   15 0.0017415827  8.22026301  40201.35 -6.994950e+03  9.641075e+02
[16,]   16 0.0000010000  8.09584703  40177.39 -5.548456e+05  9.455700e+02
[17,]   17 0.0015453338  8.20623524  40189.33 -8.235206e+03  9.618523e+02
[18,]   18 0.0007731669  8.15104114  40146.03 -1.875944e+04  9.512096e+02
[19,]   19 0.0000010000  7.56128124  39692.24 -6.504417e+05  8.737157e+02
[20,]   20 0.0015732668  0.00000100 176778.19  1.208822e+05 -6.552519e+08
[21,]   21 0.0005457959  4.94127143  37647.77 -4.001152e+04  5.977284e+02
[22,]   22 0.0003743899  0.00000100 176631.48  1.237883e+05 -6.552511e+08
[23,]   23 0.0004877734  3.26860540  36503.66 -3.725816e+04  5.890719e+02
[24,]   24 0.0004310816  1.63430320  35728.30 -5.643973e+04  5.982184e+02
[25,]   25 0.0003932921  0.54491204  35418.49 -5.990361e+04  5.695282e+01
[26,]   26 0.0004535985  0.09657600  35616.22 -9.488084e+03 -1.192792e+04
[27,]   27 0.0004144978  0.38726235  35393.12 -5.325586e+04 -1.429362e+02
[28,]   28 0.0004001582  0.49386749  35410.88 -6.005793e+04  4.292279e+02
[29,]   29 0.0004114921  0.40960781  35391.25 -5.556799e+04  3.951505e+01
[30,]   30 0.0005144465  0.07060142  36117.35  1.291245e+04 -3.287706e+04
[31,]   31 0.0004438823  0.30295384  35388.93 -4.260223e+04  5.923702e+02
[32,]   32 0.0004850966  0.16724435  35382.75 -2.873761e+04  5.435874e+02
[33,]   33 0.0005044675  0.10346002  35543.30 -4.699493e+03 -8.889573e+03
[34,]   34 0.0004884936  0.15605858  35379.27 -2.798746e+04  5.468815e+02
[35,]   35 0.0004906985  0.14879848  35375.08 -2.065237e+04  1.565537e+02
[36,]   36 0.0004975830  0.12612925  35429.46 -1.698824e+04 -4.257681e+03
[37,]   37 0.0004906985  0.14879848  35375.08 -2.065237e+04  1.565537e+02
[38,]   38 0.0005310936  0.00000100 176650.85  1.234344e+05 -6.552512e+08
[39,]   39 0.0005041457  0.09926505  35585.17 -4.626617e+03 -1.092668e+04
[40,]   40 0.0004910649  0.14744853  35375.05 -1.956474e+04 -1.296912e+02
[41,]   41 0.0005285699  0.14817762  35374.38 -1.552866e+04  7.904500e-01
[42,]   42 0.0006569946  0.14866422  35373.23 -4.311239e+03  1.656879e+00
[43,]   43 0.0007062671  0.14884075  35373.11 -1.143260e+03 -1.207335e+00
[44,]   44 0.0007241853  0.14891753  35373.11 -1.135978e+02 -1.458263e-01
[45,]   45 0.0007261641  0.14892617  35373.11 -3.344876e+00 -7.243616e-03
[46,]   46 0.0007243231  0.14891813  35373.11 -1.058991e+02 -1.361279e-01
[47,]   47 0.0007241955  0.14891758  35373.11 -1.130247e+02 -1.451048e-01
[48,]   48 0.0007241861  0.14891754  35373.11 -1.135549e+02 -1.457741e-01
[49,]   49 0.0007241854  0.14891753  35373.11 -1.135946e+02 -1.458233e-01
[50,]   50 0.0007241853  0.14891753  35373.11 -1.135975e+02 -1.458310e-01
[51,]   51 0.0007241853  0.14891753  35373.11 -1.135977e+02 -1.458271e-01
[52,]   52 0.0007241853  0.14891753  35373.11 -1.135978e+02 -1.458263e-01
[53,]   53 0.0007241853  0.14891753  35373.11 -1.135978e+02 -1.458263e-01
[54,]   54 0.0007241853  0.14891753  35373.11 -1.135978e+02 -1.458263e-01

