[22;0t]0;IPython: scripts/01_msprime_simulations$par
[1] 0.08526186 0.09844301

$value
[1] -28408.37

$counts
function gradient 
      28       28 

$convergence
[1] 0

$message
[1] "CONVERGENCE: REL_REDUCTION_OF_F <= FACTR*EPSMCH"

$loginfo
      step       par1        par2        fn           gr1           gr2
 [1,]    1 0.10000000  0.01000000  36598.52  1.888644e+04 -6.822869e+05
 [2,]    2 0.00000100 10.00000000  35865.46  2.415489e+03  1.362564e+03
 [3,]    3 0.06667715  3.33898631  29962.85  1.088292e+03  1.490436e+02
 [4,]    4 0.06136062  3.33817375  29957.19  9.936077e+02  1.459367e+02
 [5,]    5 0.04009449  3.33492349  29941.11  4.028336e+02  1.299592e+02
 [6,]    6 0.02378953  3.33177917  29941.42 -6.515165e+02  1.073911e+02
 [7,]    7 0.03195569  3.33335397  29939.17 -2.392074e+00  1.207330e+02
 [8,]    8 0.03155236  3.33264014  29939.09 -2.815862e+01  1.201500e+02
 [9,]    9 0.02891553  3.32154665  29938.10 -2.225688e+02  1.154886e+02
[10,]   10 0.02603183  3.29287018  29935.95 -5.074804e+02  1.070051e+02
[11,]   11 0.02300291  3.20539083  29929.91 -1.013008e+03  8.122351e+01
[12,]   12 0.02427273  3.02390507  29916.84 -1.306926e+03  5.074186e+01
[13,]   13 0.03717069  2.54297897  29866.28 -9.085290e+02  1.352160e+02
[14,]   14 0.08876257  0.61927457  29355.94  3.577206e+03  5.176075e+02
[15,]   15 0.10537088  0.00000100 116828.10  2.415725e+04 -4.123584e+08
[16,]   16 0.09430913  0.41246006  29211.76  3.196932e+03  1.217175e+03
[17,]   17 0.10167982  0.13762934  28498.81  4.955845e+01  3.714004e+03
[18,]   18 0.10343498  0.00000100 116780.89  2.461541e+04 -4.123570e+08
[19,]   19 0.10226649  0.09162688  28420.51  5.463888e+02 -2.293066e+03
[20,]   20 0.10046499  0.10909166  28417.33  8.443725e+01  1.498119e+03
[21,]   21 0.09999605  0.10217329  28410.63  1.988413e+02  3.631354e+02
[22,]   22 0.09869871  0.09974685  28410.01  2.355170e+02 -9.432433e+01
[23,]   23 0.09720110  0.09945917  28409.70  2.179706e+02 -1.165532e+02
[24,]   24 0.08217418  0.09814390  28408.48 -7.139372e+01  3.004130e+01
[25,]   25 0.08592685  0.09850255  28408.38  1.452230e+01 -7.029299e+00
[26,]   26 0.08529753  0.09844610  28408.37  7.820785e-01 -4.000108e-01
[27,]   27 0.08526186  0.09844301  28408.37 -8.901879e-03  2.544148e-03

