[22;0t]0;IPython: scripts/01_msprime_simulations$par
[1] 0.003615736 3.592188178

$value
[1] -56042.46

$counts
function gradient 
      54       54 

$convergence
[1] 0

$message
[1] "CONVERGENCE: REL_REDUCTION_OF_F <= FACTR*EPSMCH"

$loginfo
      step         par1      par2        fn           gr1           gr2
 [1,]    1 0.1000000000  0.010000 112705.59  6.948478e+04 -2.811508e+06
 [2,]    2 0.0000010000 10.000000  57625.15 -7.635044e+05  3.064346e+02
 [3,]    3 2.3144254106 10.000000  64272.72  2.412191e+03 -1.585862e+01
 [4,]    4 0.7669206941 10.000000  59975.54  3.191655e+03  1.141370e+02
 [5,]    5 0.2541334494 10.000000  58254.40  3.500109e+03  2.440868e+02
 [6,]    6 0.0843584333 10.000000  57661.64  3.381093e+03  3.222637e+02
 [7,]    7 0.0281505441 10.000000  57487.20  2.496801e+03  3.453945e+02
 [8,]    8 0.0280588522  9.998776  57486.55  2.492887e+03  3.453743e+02
 [9,]    9 0.0276920845  9.993879  57483.95  2.476983e+03  3.452850e+02
[10,]   10 0.0262250139  9.974292  57473.60  2.409203e+03  3.449513e+02
[11,]   11 0.0203567312  9.895946  57433.44  2.051280e+03  3.445408e+02
[12,]   12 0.0000010000  9.624178  57486.12 -9.014513e+05  4.420270e+02
[13,]   13 0.0099405279  9.756880  57369.05  6.269368e+02  3.692301e+02
[14,]   14 0.0000010000  9.624036  57486.06 -9.014526e+05  4.420114e+02
[15,]   15 0.0058801587  9.702612  57349.07 -1.173919e+03  3.857943e+02
[16,]   16 0.0000010000  9.621110  57484.77 -9.014825e+05  4.416922e+02
[17,]   17 0.0037510705  9.673097  57342.20 -3.572713e+03  3.976864e+02
[18,]   18 0.0018785046  9.642772  57341.19 -9.852030e+03  4.122638e+02
[19,]   19 0.0028625571  9.658708  57340.41 -5.552509e+03  4.040094e+02
[20,]   20 0.0023767993  9.645736  57338.22 -7.196931e+03  4.080841e+02
[21,]   21 0.0010930225  9.568802  57320.63 -1.785892e+04  4.238196e+02
[22,]   22 0.0000010000  9.333950  57362.80 -8.922181e+05  4.087652e+02
[23,]   23 0.0005792761  9.458315  57286.59 -3.571772e+04  4.134076e+02
[24,]   24 0.0000010000  8.098188  56919.98 -1.013141e+06  2.767430e+02
[25,]   25 0.0017582564  0.000001 385936.81  1.240113e+05 -1.431730e+09
[26,]   26 0.0005920402  5.374423  56136.94 -3.553879e+04  2.053627e+02
[27,]   27 0.0007734254  0.000001 385814.45  1.244764e+05 -1.431730e+09
[28,]   28 0.0006526515  3.578516  56069.61 -3.838656e+04 -2.680698e+01
[29,]   29 0.0006737465  3.775597  56086.02 -3.264432e+04  1.841533e+02
[30,]   30 0.0006552023  3.602347  56069.31 -3.829195e+04  1.027376e+01
[31,]   31 0.0009891612  3.597526  56059.61 -2.230418e+04  2.147937e+00
[32,]   32 0.0014552757  3.596677  56051.85 -1.238978e+04  1.103433e+00
[33,]   33 0.0020377644  3.595746  56046.57 -6.438172e+03  7.579615e-01
[34,]   34 0.0026679188  3.594487  56043.72 -2.951862e+03  5.275540e-01
[35,]   35 0.0032015764  3.593200  56042.67 -1.076516e+03  2.854794e-01
[36,]   36 0.0035080146  3.592452  56042.47 -2.561499e+02  2.047186e-01
[37,]   37 0.0036038600  3.592217  56042.46 -2.783900e+01  1.861963e-01
[38,]   38 0.0036157356  3.592188  56042.46 -3.803653e-01  1.837268e-01
[39,]   39 0.0036160961  3.592187  56042.46  4.492532e-01  1.831272e-01
[40,]   40 0.0036157660  3.592188  56042.46 -3.102370e-01  1.836617e-01
[41,]   41 0.0036157382  3.592188  56042.46 -3.741823e-01  1.837147e-01
[42,]   42 0.0036157358  3.592188  56042.46 -3.798132e-01  1.837223e-01
[43,]   43 0.0036157356  3.592188  56042.46 -3.803523e-01  1.837301e-01
[44,]   44 0.0036157356  3.592188  56042.46 -3.803652e-01  1.837267e-01
[45,]   45 0.0036157356  3.592188  56042.46 -3.803652e-01  1.837267e-01
[46,]   46 0.0036157356  3.592188  56042.46 -3.803563e-01  1.837191e-01
[47,]   47 0.0036157356  3.592188  56042.46 -3.803655e-01  1.837266e-01
[48,]   48 0.0036157356  3.592188  56042.46 -3.803655e-01  1.837266e-01
[49,]   49 0.0036157356  3.592188  56042.46 -3.803652e-01  1.837274e-01
[50,]   50 0.0036157356  3.592188  56042.46 -3.803655e-01  1.837264e-01
[51,]   51 0.0036157356  3.592188  56042.46 -3.803655e-01  1.837266e-01
[52,]   52 0.0036157356  3.592188  56042.46 -3.803655e-01  1.837266e-01

