[22;0t]0;IPython: scripts/01_msprime_simulations$par
[1] 1.259709e-02 8.706199e-05

$value
[1] -114.0936

$counts
function gradient 
      89       89 

$convergence
[1] 0

$message
[1] "CONVERGENCE: REL_REDUCTION_OF_F <= FACTR*EPSMCH"

$loginfo
      step         par1         par2         fn           gr1          gr2
 [1,]    1 1.000000e-01 1.000000e-02   353.7129  2.218097e+03    2990.7991
 [2,]    2 1.000000e-06 1.000000e-06   143.1679  4.016697e+04 -275990.6823
 [3,]    3 1.000000e-06 1.000000e+01 24354.8216  2.416099e+03    2323.5766
 [4,]    4 1.000000e-06 3.289556e+00  8278.9248  2.416074e+03    2467.2583
 [5,]    5 1.000000e-06 1.081995e+00  2783.8217  2.415987e+03    2508.7677
 [6,]    6 1.000000e-06 3.559982e-01   961.5353  2.415709e+03    2503.9457
 [7,]    7 1.000000e-06 1.172486e-01   367.9343  2.414859e+03    2446.2602
 [8,]    8 1.000000e-06 3.871805e-02   180.5810  2.412285e+03    2257.6938
 [9,]    9 1.000000e-06 1.286928e-02   126.9873  2.404558e+03    1687.6013
[10,]   10 1.000000e-06 1.279108e-02   126.8556  2.404488e+03    1682.3766
[11,]   11 1.000000e-06 1.247825e-02   126.3326  2.404195e+03    1660.8226
[12,]   12 1.000000e-06 1.122693e-02   124.3137  2.402861e+03    1562.5900
[13,]   13 1.000000e-06 6.221643e-03   118.0810  2.391932e+03     774.3420
[14,]   14 1.000000e-06 5.851870e-04   116.4191  1.003324e+04    1365.8919
[15,]   15 1.000000e-06 1.000000e-06   143.1679  4.016697e+04 -275990.6823
[16,]   16 1.000000e-06 5.851870e-04   116.4191  1.003324e+04    1365.8919
[17,]   17 1.000000e-06 1.000000e-06   143.1679  4.016697e+04 -275990.6823
[18,]   18 1.000000e-06 4.349370e-04   116.1928  9.804824e+03    1684.1680
[19,]   19 1.000000e-06 2.179685e-04   115.7641  2.438171e+03    2024.7577
[20,]   20 1.000000e-06 2.159208e-04   115.7595  2.283647e+03    2012.0294
[21,]   21 1.000000e-06 2.142155e-04   115.7557  2.153304e+03    2000.4656
[22,]   22 1.000000e-06 1.076078e-04   115.5680 -8.422936e+03  -38547.1162
[23,]   23 1.000000e-06 2.089559e-04   115.7439  1.741766e+03    1958.6769
[24,]   24 1.000000e-06 1.393600e-04   115.6004 -4.982016e+03   -1886.5850
[25,]   25 1.000000e-06 1.076078e-04   115.5680 -8.422936e+03  -38547.1162
[26,]   26 1.000000e+01 1.000000e+01 47317.0598  2.177166e+03    2328.1736
[27,]   27 2.898326e+00 2.898401e+00 14202.3760  2.339324e+03    2480.6854
[28,]   28 8.382995e-01 8.383972e-01  4184.2853  2.385239e+03    2517.0459
[29,]   29 2.427191e-01 2.428231e-01  1262.6800  2.397543e+03    2498.4300
[30,]   30 7.059954e-02 7.070539e-02   425.1325  2.399752e+03    2393.3306
[31,]   31 2.077393e-02 2.088032e-02   191.9206  2.395388e+03    2029.2317
[32,]   32 6.254707e-03 6.361248e-03   133.0820  2.370002e+03     857.5145
[33,]   33 1.924714e-03 2.031301e-03   123.9740  2.295939e+03   -2194.4842
[34,]   34 5.421721e-04 6.487741e-04   120.2408  4.437014e+03    2879.3778
[35,]   35 1.417027e-04 2.483090e-04   116.3406  1.635983e+03    9956.7231
[36,]   36 4.345024e-05 1.500576e-04   115.4641 -3.360850e+03    5361.6458
[37,]   37 4.852373e-05 1.475384e-04   115.4164 -3.346635e+03    5172.7627
[38,]   38 6.881767e-05 1.374616e-04   115.2113 -3.150650e+03    2372.3623
[39,]   39 1.620356e-04 1.072833e-04   114.5372 -2.793032e+03  -60966.4718
[40,]   40 8.632678e-05 1.317932e-04   115.0655 -2.838829e+03   -1232.8961
[41,]   41 1.433627e-04 1.248778e-04   114.7868 -3.229238e+03  -10112.6354
[42,]   42 7.085007e-04 8.716444e-05   114.1444 -1.749845e+02   12020.1591
[43,]   43 1.175755e-03 4.763472e-05   116.1286  2.703017e+02  -17201.7422
[44,]   44 7.301808e-04 8.533030e-05   114.1647 -1.458311e+02   11364.8527
[45,]   45 7.107922e-04 8.697057e-05   114.1463 -1.718406e+02   11953.2000
[46,]   46 7.087529e-04 8.714310e-05   114.1446 -1.746377e+02   12012.8162
[47,]   47 7.085285e-04 8.716208e-05   114.1444 -1.749461e+02   12019.3478
[48,]   48 7.085038e-04 8.716418e-05   114.1444 -1.749802e+02   12020.0694
[49,]   49 7.085010e-04 8.716441e-05   114.1444 -1.749840e+02   12020.1492
[50,]   50 7.085007e-04 8.716443e-05   114.1444 -1.749844e+02   12020.1580
[51,]   51 7.085007e-04 8.716444e-05   114.1444 -1.749845e+02   12020.1590
[52,]   52 7.085007e-04 8.716444e-05   114.1444 -1.749845e+02   12020.1591
[53,]   53 7.085007e-04 8.716444e-05   114.1444 -1.749845e+02   12020.1591
[54,]   54 7.085007e-04 8.716444e-05   114.1444 -1.749845e+02   12020.1591
[55,]   55 7.085007e-04 8.716444e-05   114.1444 -1.749845e+02   12020.1591
[56,]   56 7.085007e-04 8.716444e-05   114.1444 -1.749845e+02   12020.1591
[57,]   57 7.085007e-04 8.716444e-05   114.1444 -1.749845e+02   12020.1591
[58,]   58 7.085007e-04 8.716444e-05   114.1444 -1.749845e+02   12020.1591
[59,]   59 7.085007e-04 8.716444e-05   114.1444 -1.749845e+02   12020.1591
[60,]   60 7.085007e-04 8.716444e-05   114.1444 -1.749845e+02   12020.1591
[61,]   61 7.085007e-04 8.716444e-05   114.1444 -1.749845e+02   12020.1591
[62,]   62 7.085007e-04 8.716444e-05   114.1444 -1.749845e+02   12020.1591
[63,]   63 1.000000e+01 1.000000e-06   155.0664 -8.216716e-07 -407664.9814
[64,]   64 3.216301e+00 5.945550e-05   115.9753 -3.983897e-04   -8529.8202
[65,]   65 1.065868e+00 7.798590e-05   114.8448  3.439750e-03    9203.0805
[66,]   66 3.530386e-01 8.412839e-05   114.6074  8.538686e-02   13754.8357
[67,]   67 1.164041e-01 8.616748e-05   114.4937  6.344743e-01   14995.2034
[68,]   68 3.804097e-02 8.684274e-05   114.3414  4.765163e+00   14915.5618
[69,]   69 1.259709e-02 8.706199e-05   114.0936  1.632826e+01   13514.6418
[70,]   70 1.225482e-02 1.000000e-06   154.2784  4.063665e+01 -404198.4565
[71,]   71 1.259481e-02 8.648825e-05   114.1083  1.638439e+01   13167.0708
[72,]   72 1.259695e-02 8.702648e-05   114.0945  1.633169e+01   13493.2404
[73,]   73 1.259708e-02 8.705978e-05   114.0937  1.632847e+01   13513.3078
[74,]   74 1.259709e-02 8.706185e-05   114.0936  1.632827e+01   13514.5586
[75,]   75 1.259709e-02 8.706198e-05   114.0936  1.632826e+01   13514.6366
[76,]   76 1.259709e-02 8.706199e-05   114.0936  1.632826e+01   13514.6415
[77,]   77 1.259709e-02 8.706199e-05   114.0936  1.632826e+01   13514.6418
[78,]   78 1.259709e-02 8.706199e-05   114.0936  1.632826e+01   13514.6418
[79,]   79 1.259709e-02 8.706199e-05   114.0936  1.632826e+01   13514.6418
[80,]   80 1.259709e-02 8.706199e-05   114.0936  1.632826e+01   13514.6418
[81,]   81 1.259709e-02 8.706199e-05   114.0936  1.632826e+01   13514.6418
[82,]   82 1.259709e-02 8.706199e-05   114.0936  1.632826e+01   13514.6418
[83,]   83 1.259709e-02 8.706199e-05   114.0936  1.632826e+01   13514.6418
[84,]   84 1.259709e-02 8.706199e-05   114.0936  1.632826e+01   13514.6418
[85,]   85 1.259709e-02 8.706199e-05   114.0936  1.632826e+01   13514.6418
[86,]   86 1.259709e-02 8.706199e-05   114.0936  1.632826e+01   13514.6418
[87,]   87 1.259709e-02 8.706199e-05   114.0936  1.632826e+01   13514.6418
[88,]   88 1.259709e-02 8.706199e-05   114.0936  1.632826e+01   13514.6418

