[22;0t]0;IPython: scripts/01_msprime_simulations$par
[1] 0.1017557 0.5060118

$value
[1] -52942.61

$counts
function gradient 
      29       29 

$convergence
[1] 0

$message
[1] "CONVERGENCE: REL_REDUCTION_OF_F <= FACTR*EPSMCH"

$loginfo
      step       par1       par2        fn           gr1           gr2
 [1,]    1 0.10000000  0.0100000 114902.74  6.474450e+04 -2.933390e+06
 [2,]    2 0.00000100 10.0000000  60905.60 -9.417063e+06  5.018324e+02
 [3,]    3 1.51234778 10.0000000  60467.14  2.049200e+03  3.678956e+02
 [4,]    4 0.50344673 10.0000000  58369.75  1.893804e+03  4.410619e+02
 [5,]    5 0.16776090 10.0000000  57909.58  2.086295e+02  4.779555e+02
 [6,]    6 0.16775718  9.9983401  57908.78  2.086804e+02  4.779189e+02
 [7,]    7 0.16774229  9.9917005  57905.61  2.088802e+02  4.777676e+02
 [8,]    8 0.16768276  9.9651419  57892.91  2.096165e+02  4.771541e+02
 [9,]    9 0.16744463  9.8589078  57842.31  2.115555e+02  4.745575e+02
[10,]   10 0.16649212  9.4339711  57642.93  2.036395e+02  4.630000e+02
[11,]   11 0.16268208  7.7342245  56897.47  2.205428e+02  4.101846e+02
[12,]   12 0.14438500  0.0000010 409846.48  5.719321e+04 -1.477407e+09
[13,]   13 0.15654244  5.1389833  55787.86  7.263721e+02  4.489309e+02
[14,]   14 0.15046372  2.5694921  54631.78  1.015616e+03  5.366050e+02
[15,]   15 0.14641162  0.8566585  53225.32  2.920652e+02  1.114179e+03
[16,]   16 0.14506092  0.2857146  53915.66  7.470928e+03 -1.191324e+04
[17,]   17 0.14641162  0.8566585  53225.32  2.920652e+02  1.114179e+03
[18,]   18 0.13726303  0.0000010 409433.22  5.887133e+04 -1.477405e+09
[19,]   19 0.14335682  0.5706126  52973.79  9.113789e+02  2.765772e+02
[20,]   20 0.13957232  0.4700377  52998.49  1.826223e+03 -1.055026e+03
[21,]   21 0.14219509  0.5397391  52968.43  1.115630e+03 -1.830622e+01
[22,]   22 0.13912625  0.5351349  52965.20  1.083698e+03 -4.417875e+01
[23,]   23 0.12685087  0.5167181  52954.59  9.243181e+02 -1.482790e+02
[24,]   24 0.08636815  0.4934472  52948.56 -8.782481e+02  5.305668e+01
[25,]   25 0.10671351  0.5051425  52943.31  2.673086e+02 -6.877450e+01
[26,]   26 0.09966349  0.5045745  52942.71 -1.011457e+02  8.535378e+00
[27,]   27 0.10190647  0.5061035  52942.61  7.208406e+00 -7.330630e-01
[28,]   28 0.10175997  0.5060143  52942.61  2.067623e-01 -2.152810e-02
[29,]   29 0.10175566  0.5060118  52942.61 -3.427340e-04 -1.021544e-04

