[22;0t]0;IPython: scripts/01_msprime_simulations$par
[1] 0.006603386 0.134023614

$value
[1] -29691.09

$counts
function gradient 
      32       32 

$convergence
[1] 0

$message
[1] "CONVERGENCE: REL_REDUCTION_OF_F <= FACTR*EPSMCH"

$loginfo
      step         par1        par2        fn           gr1           gr2
 [1,]    1 1.000000e-01  0.01000000  40519.69  2.292384e+04 -7.890968e+05
 [2,]    2 1.000000e-06 10.00000000  37241.71 -1.182804e+05  1.260663e+03
 [3,]    3 6.663764e-02  3.34293280  31090.57  1.901385e+03  4.660249e+02
 [4,]    4 5.858501e-02  3.34083154  31074.95  1.728441e+03  4.678721e+02
 [5,]    5 2.637450e-02  3.33242647  31036.08 -4.082888e+00  4.768566e+02
 [6,]    6 2.381303e-02  3.32917932  31034.95 -3.337694e+02  4.776727e+02
 [7,]    7 2.166392e-02  3.31398809  31028.76 -6.612842e+02  4.770266e+02
 [8,]    8 4.385659e-03  3.05621351  30974.83 -1.390961e+04  5.148067e+02
 [9,]    9 1.287068e-02  3.18280164  30980.76 -2.989185e+03  4.778249e+02
[10,]   10 1.000000e-06  2.69368266  31295.21 -2.531688e+06  3.981082e+02
[11,]   11 7.397453e-03  2.97478881  30902.23 -6.987814e+03  5.246861e+02
[12,]   12 1.000000e-06  2.27261933  31094.10 -2.587383e+06  5.113656e+02
[13,]   13 3.816899e-03  2.63487513  30770.19 -1.719385e+04  5.073564e+02
[14,]   14 3.069231e-03  0.00000100 125338.89  1.138095e+05 -4.636315e+08
[15,]   15 3.565115e-03  1.74755724  30387.56 -1.847384e+04  2.554581e+02
[16,]   16 9.436288e-03  0.83633126  29991.23 -3.181171e+03  3.138465e+02
[17,]   17 1.357007e-02  0.00000100 126410.10  9.178015e+04 -4.636536e+08
[18,]   18 1.081682e-02  0.55702792  29870.28 -6.673852e+00  3.296075e+02
[19,]   19 1.219345e-02  0.27851446  29761.43  3.838046e+03  3.759714e+02
[20,]   20 1.311051e-02  0.09297803  29773.23  8.818098e+03 -3.143808e+03
[21,]   21 1.267809e-02  0.18046411  29723.95  5.470521e+03  4.113196e+02
[22,]   22 1.287571e-02  0.14048173  29715.88  6.214811e+03 -9.568341e+01
[23,]   23 1.148972e-02  0.32345700  29779.43  3.008139e+03  5.138365e+02
[24,]   24 1.275039e-02  0.15702561  29716.47  5.861998e+03  2.292334e+02
[25,]   25 1.282889e-02  0.14666259  29715.45  6.072221e+03  4.565746e+01
[26,]   26 1.124159e-02  0.14507605  29706.30  5.315125e+03  4.560767e+01
[27,]   27 3.344754e-06  0.13184932  30266.86 -2.545715e+06 -2.857854e+02
[28,]   28 7.300967e-03  0.14043818  29691.79  1.125995e+03  8.820794e+01
[29,]   29 6.084290e-03  0.13455550  29691.45 -1.370214e+03  4.155514e+01
[30,]   30 6.663580e-03  0.13405443  29691.10  1.376190e+02 -2.760375e+00
[31,]   31 6.609036e-03  0.13402876  29691.09  1.276718e+01 -1.644390e-01
[32,]   32 6.603386e-03  0.13402361  29691.09 -1.635909e-01  5.242126e-02

