[22;0t]0;IPython: scripts/01_msprime_simulations$par
[1] 0.0001272257 0.0010520849

$value
[1] -1115.816

$counts
function gradient 
      71       71 

$convergence
[1] 52

$message
[1] "ERROR: ABNORMAL_TERMINATION_IN_LNSRCH"

$loginfo
      step         par1         par2        fn         gr1           gr2
 [1,]    1 1.000000e-01 1.000000e-02  1328.723   1282.4861  1.121679e+04
 [2,]    2 1.000000e-06 1.000000e-06  1902.354 115511.2990 -6.661868e+06
 [3,]    3 5.967621e-02 5.967984e-03  1229.150    842.8938  1.673204e+04
 [4,]    4 2.079104e-02 2.079817e-03  1140.550    212.5367  1.143526e+04
 [5,]    5 4.903052e-03 1.000000e-06  2040.556   7372.5450 -6.880753e+06
 [6,]    6 1.576660e-02 1.422409e-03  1136.265    261.9312 -5.617523e+03
 [7,]    7 1.521256e-02 1.560192e-03  1135.786    263.4073  1.339737e+02
 [8,]    8 1.212728e-02 1.583149e-03  1134.841    370.5398  9.813892e+02
 [9,]    9 1.000000e-06 1.673376e-03  1125.517 -83623.6476  0.000000e+00
[10,]   10 1.207484e-02 1.583539e-03  1134.821    372.9736  9.939623e+02
[11,]   11 6.037919e-03 1.628458e-03  1131.230    984.5902  1.603591e+03
[12,]   12 1.980115e-03 1.658650e-03  1124.394   2971.9906  9.308689e+02
[13,]   13 6.818201e-04 1.668311e-03  1119.315   5062.4772  1.148849e+03
[14,]   14 1.000000e-06 1.647473e-03  1125.469 -83572.9914  1.941631e+03
[15,]   15 4.295739e-04 1.660590e-03  1117.991   5149.7857  1.339678e+03
[16,]   16 2.516644e-04 1.655145e-03  1117.142   3231.7167  1.505068e+03
[17,]   17 1.000000e-06 1.557397e-03  1125.292 -83265.8564  2.229460e+03
[18,]   18 2.352641e-04 1.648750e-03  1117.074   2717.4029  1.515948e+03
[19,]   19 1.266367e-04 1.501007e-03  1116.740  -9494.6764  1.778481e+03
[20,]   20 1.914721e-04 1.589189e-03  1116.866    552.4317  1.543824e+03
[21,]   21 1.350102e-04 1.370565e-03  1116.458  -6468.0003  2.323155e+03
[22,]   22 1.000000e-06 3.092825e-04  1147.819  12631.4953 -1.457901e+05
[23,]   23 1.043817e-04 1.128005e-03  1115.932 -28862.4318  1.587453e+03
[24,]   24 1.220623e-04 1.268025e-03  1116.216 -10557.9308  2.642268e+03
[25,]   25 1.844350e-05 1.000000e-06  1904.446 113533.8371 -6.662280e+06
[26,]   26 9.142462e-05 8.933947e-04  1116.081   5478.7535 -3.380882e+03
[27,]   27 1.104954e-04 1.126588e-03  1115.905 -18973.8950  1.502976e+03
[28,]   28 1.230956e-04 1.039560e-03  1115.818  -8711.4078 -3.908570e+02
[29,]   29 1.398561e-04 1.090386e-03  1115.838  -3589.1820  4.820440e+02
[30,]   30 1.272257e-04 1.052085e-03  1115.816  -7149.9250 -1.762285e+02
[31,]   31 1.449087e-04 1.071306e-03  1115.840  -2105.8607 -7.000081e+00
[32,]   32 1.310801e-04 1.056275e-03  1115.818  -5767.9673 -1.433504e+02
[33,]   33 1.280346e-04 1.052964e-03  1115.816  -6842.1491 -1.695831e+02
[34,]   34 1.273922e-04 1.052266e-03  1115.816  -7085.7172 -1.748720e+02
[35,]   35 1.272598e-04 1.052122e-03  1115.816  -7136.7307 -1.759510e+02
[36,]   36 1.272327e-04 1.052092e-03  1115.816  -7147.2223 -1.761717e+02
[37,]   37 1.272271e-04 1.052086e-03  1115.816  -7149.3717 -1.762169e+02
[38,]   38 1.272260e-04 1.052085e-03  1115.816  -7149.8118 -1.762261e+02
[39,]   39 1.272257e-04 1.052085e-03  1115.816  -7149.9018 -1.762280e+02
[40,]   40 1.272257e-04 1.052085e-03  1115.816  -7149.9203 -1.762284e+02
[41,]   41 1.272257e-04 1.052085e-03  1115.816  -7149.9240 -1.762285e+02
[42,]   42 1.272257e-04 1.052085e-03  1115.816  -7149.9248 -1.762285e+02
[43,]   43 1.272257e-04 1.052085e-03  1115.816  -7149.9250 -1.762285e+02
[44,]   44 1.272257e-04 1.052085e-03  1115.816  -7149.9250 -1.762285e+02
[45,]   45 1.272257e-04 1.052085e-03  1115.816  -7149.9250 -1.762285e+02
[46,]   46 1.272257e-04 1.052085e-03  1115.816  -7149.9250 -1.762285e+02
[47,]   47 1.272257e-04 1.052085e-03  1115.816  -7149.9250 -1.762285e+02
[48,]   48 1.272257e-04 1.052085e-03  1115.816  -7149.9250 -1.762285e+02
[49,]   49 1.272257e-04 1.052085e-03  1115.816  -7149.9250 -1.762285e+02
[50,]   50 1.272257e-04 1.052085e-03  1115.816  -7149.9250 -1.762285e+02
[51,]   51 1.000000e+01 1.000000e+01 47497.432   2176.6039  2.313164e+03
[52,]   52 1.753475e+00 1.754237e+00  9096.443   2364.3097  2.422092e+03
[53,]   53 3.152357e-01 3.161314e-01  2303.663   2392.6482  2.061080e+03
[54,]   54 6.286522e-02 6.378428e-02  1294.345   2352.5288  4.138092e+02
[55,]   55 1.353850e-02 1.446212e-02  1183.614   3182.0654 -1.073624e+03
[56,]   56 2.154380e-03 3.079051e-03  1129.586   4375.2216  3.257053e+03
[57,]   57 4.314430e-04 1.356274e-03  1117.710   6039.8413  3.557074e+02
[58,]   58 1.739482e-04 1.098803e-03  1115.946   2201.8818  2.116131e+02
[59,]   59 1.371342e-04 1.061992e-03  1115.824  -3944.6129 -1.063505e+02
[60,]   60 1.293561e-04 1.054215e-03  1115.817  -6356.9568 -1.626721e+02
[61,]   61 1.276677e-04 1.052527e-03  1115.816  -6979.7405 -1.734930e+02
[62,]   62 1.273163e-04 1.052176e-03  1115.816  -7114.7753 -1.756710e+02
[63,]   63 1.272442e-04 1.052103e-03  1115.816  -7142.7260 -1.761146e+02
[64,]   64 1.272295e-04 1.052089e-03  1115.816  -7148.4531 -1.762052e+02
[65,]   65 1.272265e-04 1.052086e-03  1115.816  -7149.6242 -1.762237e+02
[66,]   66 1.272258e-04 1.052085e-03  1115.816  -7149.8635 -1.762275e+02
[67,]   67 1.272257e-04 1.052085e-03  1115.816  -7149.9124 -1.762283e+02
[68,]   68 1.272257e-04 1.052085e-03  1115.816  -7149.9224 -1.762284e+02
[69,]   69 1.272257e-04 1.052085e-03  1115.816  -7149.9245 -1.762285e+02
[70,]   70 1.272257e-04 1.052085e-03  1115.816  -7149.9249 -1.762285e+02

