[22;0t]0;IPython: scripts/01_msprime_simulations$par
[1] 0.000001 3.498575

$value
[1] -28822.87

$counts
function gradient 
      10       10 

$convergence
[1] 0

$message
[1] "CONVERGENCE: REL_REDUCTION_OF_F <= FACTR*EPSMCH"

$loginfo
      step        par1      par2       fn       gr1           gr2
 [1,]    1 0.100000000  0.010000 35085.37 19114.600 -6.218851e+05
 [2,]    2 0.000001000 10.000000 35155.15  2414.765  1.421867e+03
 [3,]    3 0.066630282  3.343668 28988.76  2368.365 -8.732634e+01
 [4,]    4 0.053950671  3.343922 28958.73  2365.192 -8.904861e+01
 [5,]    5 0.003232227  3.344937 28838.72  2393.562 -1.064055e+02
 [6,]    6 0.000001000  3.345002 28830.95  2409.670 -1.068276e+02
 [7,]    7 0.000001000  3.345575 28830.89  2409.676 -1.064103e+02
 [8,]    8 0.000001000  3.491655 28822.89  2410.379 -4.605707e+00
 [9,]    9 0.000001000  3.498264 28822.87  2410.401 -2.066833e-01
[10,]   10 0.000001000  3.498575 28822.87  2410.402 -6.611117e-04

