[22;0t]0;IPython: scripts/01_msprime_simulations$par
[1] 0.0016307618 0.0004889828

$value
[1] -436.5658

$counts
function gradient 
      51       51 

$convergence
[1] 0

$message
[1] "CONVERGENCE: REL_REDUCTION_OF_F <= FACTR*EPSMCH"

$loginfo
      step        par1         par2       fn           gr1           gr2
 [1,]    1 0.100000000 0.0100000000 656.7881   1904.068958  4.597445e+03
 [2,]    2 0.000001000 0.0000010000 640.4456  96945.183872 -1.955800e+06
 [3,]    3 0.097659214 0.0097659425 651.2567   1893.730751  4.687481e+03
 [4,]    4 0.048830107 0.0048834713 536.9213   1491.645252  8.287195e+03
 [5,]    5 0.017213976 0.0017221427 462.3482    636.456121  1.893773e+04
 [6,]    6 0.007362155 0.0007370493 439.3735    163.254151  1.343720e+04
 [7,]    7 0.000001000 0.0000010000 640.4456  96945.183872 -1.955800e+06
 [8,]    8 0.006309566 0.0006317998 438.0024    156.551378  8.093310e+03
 [9,]    9 0.000001000 0.0000010000 640.4456  96945.183872 -1.955800e+06
[10,]   10 0.005940824 0.0005949290 437.6670    163.863325  5.479937e+03
[11,]   11 0.004644730 0.0004908680 437.2406    233.501773 -5.031848e+03
[12,]   12 0.004694228 0.0005122179 437.2024    216.498663 -2.250834e+03
[13,]   13 0.004292422 0.0005231876 437.1121    216.829690 -6.728863e+02
[14,]   14 0.000001000 0.0005715711 442.2358 -28431.193544  9.397952e+02
[15,]   15 0.002760956 0.0005404541 436.8170    190.935198  2.290888e+03
[16,]   16 0.000001000 0.0005482063 442.2134 -28940.773286  9.164786e+02
[17,]   17 0.001855131 0.0005429984 436.7043     38.153888  3.448752e+03
[18,]   18 0.001570300 0.0005276850 436.6461    -66.278844  2.710296e+03
[19,]   19 0.001645179 0.0004864566 436.5660     54.449608 -1.195366e+03
[20,]   20 0.001579856 0.0004980996 436.5721     -4.812899  1.485753e+02
[21,]   21 0.001631779 0.0004888449 436.5658     42.491156 -9.084450e+02
[22,]   22 0.001577889 0.0004961453 436.5697     -1.379134 -3.560894e+01
[23,]   23 0.001622350 0.0004901224 436.5659     34.986819 -7.515849e+02
[24,]   24 0.001629829 0.0004891092 436.5658     40.944466 -8.758488e+02
[25,]   25 0.001631362 0.0004889015 436.5658     42.160542 -9.014657e+02
[26,]   26 0.001630350 0.0004890386 436.5658     41.358140 -8.845533e+02
[27,]   27 0.001631147 0.0004889306 436.5658     41.989918 -8.978663e+02
[28,]   28 0.001630621 0.0004890019 436.5658     41.573001 -8.890783e+02
[29,]   29 0.001631035 0.0004889457 436.5658     41.901505 -8.960018e+02
[30,]   30 0.001630762 0.0004889828 436.5658     41.684707 -8.914319e+02
[31,]   31 0.001630669 0.0004889954 436.5658     41.610983 -8.898785e+02
[32,]   32 0.001630762 0.0004889828 436.5658     41.684707 -8.914319e+02
[33,]   33 0.001578859 0.0004962390 436.5698     -1.087480 -2.888845e+01
[34,]   34 0.001621924 0.0004902183 436.5659     34.554090 -7.405974e+02
[35,]   35 0.001628992 0.0004892302 436.5658     40.261649 -8.610955e+02
[36,]   36 0.001630396 0.0004890339 436.5658     41.390870 -8.851583e+02
[37,]   37 0.001630686 0.0004889934 436.5658     41.623610 -8.901270e+02
[38,]   38 0.001630746 0.0004889850 436.5658     41.671985 -8.911602e+02
[39,]   39 0.001630759 0.0004889832 436.5658     41.682057 -8.913753e+02
[40,]   40 0.001630761 0.0004889829 436.5658     41.684155 -8.914201e+02
[41,]   41 0.001630762 0.0004889828 436.5658     41.684592 -8.914294e+02
[42,]   42 0.001630762 0.0004889828 436.5658     41.684683 -8.914314e+02
[43,]   43 0.001630762 0.0004889828 436.5658     41.684702 -8.914318e+02
[44,]   44 0.001630762 0.0004889828 436.5658     41.684706 -8.914319e+02
[45,]   45 0.001630762 0.0004889828 436.5658     41.684707 -8.914319e+02
[46,]   46 0.001630762 0.0004889828 436.5658     41.684707 -8.914319e+02
[47,]   47 0.001630762 0.0004889828 436.5658     41.684707 -8.914319e+02
[48,]   48 0.001630762 0.0004889828 436.5658     41.684707 -8.914319e+02
[49,]   49 0.001630762 0.0004889828 436.5658     41.684707 -8.914319e+02
[50,]   50 0.001630762 0.0004889828 436.5658     41.684707 -8.914319e+02
[51,]   51 0.001630762 0.0004889828 436.5658     41.684707 -8.914319e+02

