[22;0t]0;IPython: scripts/01_msprime_simulations$par
[1] 0.0105390 0.1014248

$value
[1] -29007.2

$counts
function gradient 
      30       30 

$convergence
[1] 0

$message
[1] "CONVERGENCE: REL_REDUCTION_OF_F <= FACTR*EPSMCH"

$loginfo
      step        par1        par2        fn           gr1           gr2
 [1,]    1 0.100000000  0.01000000  38615.93  2.146493e+04 -7.345457e+05
 [2,]    2 0.000001000 10.00000000  36592.53  2.413885e+03  1.301862e+03
 [3,]    3 0.066669641  3.33973614  30407.00  1.695906e+03  5.429040e+02
 [4,]    4 0.058952295  3.33714630  30393.16  1.518190e+03  5.442844e+02
 [5,]    5 0.028082909  3.32678691  30360.26 -1.432636e+02  5.418327e+02
 [6,]    6 0.027275944  3.32296304  30358.34 -2.356905e+02  5.416792e+02
 [7,]    7 0.024048081  3.30766758  30351.48 -6.629198e+02  5.416855e+02
 [8,]    8 0.009348291  3.01506889  30235.71 -6.602236e+03  5.052974e+02
 [9,]    9 0.007565157  1.91011140  29781.50 -9.590039e+03  3.233249e+02
[10,]   10 0.033773776  0.00000100 121126.49  6.281445e+04 -4.383068e+08
[11,]   11 0.016362148  1.26897786  29501.77 -1.883959e+03  3.414184e+02
[12,]   12 0.024511951  0.00000100 120496.76  7.365579e+04 -4.382894e+08
[13,]   13 0.019088299  0.84449854  29377.91  2.783484e+02  3.318684e+02
[14,]   14 0.021800125  0.42224977  29244.09  3.110713e+03  4.556251e+02
[15,]   15 0.023607117  0.14088960  29059.28  4.054669e+03  7.159871e+02
[16,]   16 0.024209444  0.04710340  29586.52  1.648392e+04 -3.288770e+04
[17,]   17 0.023607117  0.14088960  29059.28  4.054669e+03  7.159871e+02
[18,]   18 0.021456753  0.00000100 120265.28  7.795099e+04 -4.382831e+08
[19,]   19 0.022890746  0.09395405  29058.64  5.416941e+03 -1.755641e+03
[20,]   20 0.023379747  0.12599268  29049.49  4.132871e+03  4.439114e+02
[21,]   21 0.000001000  0.09355063  29889.85 -4.086962e+06  6.089626e+02
[22,]   22 0.014976891  0.11433227  29015.93  2.394968e+03  3.475074e+02
[23,]   23 0.002756637  0.08384562  29087.59 -3.616388e+04 -4.606619e+02
[24,]   24 0.010873029  0.10409410  29007.42  1.398757e+02  1.423350e+02
[25,]   25 0.010776771  0.09525175  29008.84  8.546698e+02 -5.279456e+02
[26,]   26 0.010848962  0.10188324  29007.25  2.971807e+02  4.358901e+00
[27,]   27 0.010209319  0.10103231  29007.26 -3.512771e+02  2.314543e+00
[28,]   28 0.010540548  0.10147295  29007.20 -2.488314e+00  3.160637e+00
[29,]   29 0.010538990  0.10142096  29007.20  3.195139e-01 -2.629363e-01
[30,]   30 0.010539003  0.10142482  29007.20 -4.487629e-03  4.841604e-04

