[22;0t]0;IPython: scripts/01_msprime_simulations$par
[1] 0.04460129 0.05072705

$value
[1] -18943.15

$counts
function gradient 
      31       31 

$convergence
[1] 0

$message
[1] "CONVERGENCE: REL_REDUCTION_OF_F <= FACTR*EPSMCH"

$loginfo
      step         par1        par2       fn           gr1           gr2
 [1,]    1 0.1000000000  0.01000000 21818.50  8.159348e+03 -3.251629e+05
 [2,]    2 0.0000010000 10.00000000 30759.22  2.416097e+03  1.788880e+03
 [3,]    3 0.0667596312  3.33074605 20657.59  2.329642e+03  9.510651e+02
 [4,]    4 0.0429683449  3.32087372 20592.98  2.312912e+03  9.439061e+02
 [5,]    5 0.0000010000  3.30304418 20482.48  2.179757e+03  9.223960e+02
 [6,]    6 0.0000010000  3.22662647 20413.29  2.071968e+03  8.883384e+02
 [7,]    7 0.0000010000  1.23339209 20001.67 -1.304378e+06 -5.130153e+01
 [8,]    8 0.0023194109  0.00000100 62174.52  1.144311e+05 -2.294002e+08
 [9,]    9 0.0008117088  0.80209621 19654.82 -5.110705e+04  3.753076e+02
[10,]   10 0.0011118144  0.00000100 62032.95  1.200570e+05 -2.293975e+08
[11,]   11 0.0009122769  0.53330696 19562.97 -5.224079e+04  2.197291e+02
[12,]   12 0.0289246215  0.00000100 64095.98  4.532372e+04 -2.294931e+08
[13,]   13 0.0104863298  0.35103377 19386.86 -1.119745e+03  5.292577e+02
[14,]   14 0.0133741721  0.00000100 63196.69  7.411868e+04 -2.294423e+08
[15,]   15 0.0114515208  0.23370962 19327.42 -1.084919e+03  7.138092e+02
[16,]   16 0.0124128464  0.11685531 19185.26 -3.946946e+03  1.978598e+03
[17,]   17 0.0130526733  0.03908091 19007.48 -6.012144e+03 -1.845039e+03
[18,]   18 0.0127508698  0.07576675 19082.32 -6.729610e+03  2.916874e+03
[19,]   19 0.0130082363  0.04448246 19004.65 -7.075059e+03  4.560088e+02
[20,]   20 0.0140999062  0.00000100 63249.78  7.219217e+04 -2.294451e+08
[21,]   21 0.0133707074  0.02971312 19061.40 -1.446113e+03 -1.179862e+04
[22,]   22 0.0130512282  0.04273070 19004.06 -6.784591e+03 -1.495088e+02
[23,]   23 0.0453177124  0.05815982 18952.75 -2.591407e+02  2.361723e+03
[24,]   24 0.0436612988  0.05128316 18943.27 -8.625403e+01  2.919235e+02
[25,]   25 0.0437032022  0.05038580 18943.18 -2.844784e+01 -9.309240e+01
[26,]   26 0.0438844835  0.05062689 18943.16 -3.352719e+01  1.231650e+00
[27,]   27 0.0441150622  0.05070060 18943.16 -2.515663e+01  1.879199e+01
[28,]   28 0.0445413396  0.05074885 18943.15 -4.616405e+00  1.322012e+01
[29,]   29 0.0446002005  0.05072715 18943.15 -6.668944e-02  1.041248e-01
[30,]   30 0.0446012872  0.05072705 18943.15 -1.811404e-03 -4.742888e-03

