[22;0t]0;IPython: scripts/01_msprime_simulations$par
[1] 0.0560897546 0.0005211371

$value
[1] -449.097

$counts
function gradient 
      32       32 

$convergence
[1] 0

$message
[1] "CONVERGENCE: REL_REDUCTION_OF_F <= FACTR*EPSMCH"

$loginfo
      step        par1         par2       fn           gr1           gr2
 [1,]    1 0.100000000 0.0100000000 677.9766   1950.104230     2774.4649
 [2,]    2 0.000001000 0.0000010000 652.8795 102149.896249 -2000963.2331
 [3,]    3 0.097775965 0.0097776165 673.0258   1939.838962     2849.1380
 [4,]    4 0.048888482 0.0048893082 563.3048   1467.540807     8707.1214
 [5,]    5 0.017137233 0.0017144691 481.4155    397.435491    25849.1635
 [6,]    6 0.007297298 0.0007305641 453.6401   -120.290016    20594.8084
 [7,]    7 0.001014809 0.0000010000 694.9580  13822.028183 -2194082.0688
 [8,]    8 0.005612848 0.0005349547 450.9416   -128.256573     5584.8344
 [9,]    9 0.005918952 0.0004764041 450.7448    -90.876893    -3277.3298
[10,]   10 0.006685992 0.0004981531 450.6662   -102.893127     -163.5397
[11,]   11 0.010065095 0.0005376818 450.4593    -94.851268     4344.9456
[12,]   12 0.014857457 0.0005621297 450.2337    -67.584822     6752.2632
[13,]   13 0.020713603 0.0005617709 449.9149    -42.744702     6247.0052
[14,]   14 0.030330516 0.0005347054 449.4742    -22.742812     1870.2019
[15,]   15 0.040554835 0.0005198937 449.2657    -14.073617     -850.7444
[16,]   16 0.056089755 0.0005211371 449.0970     -8.525189     -761.2824
[17,]   17 0.063201907 0.0015710071 487.6711    138.211948    47474.5080
[18,]   18 0.056135839 0.0005279398 449.1041     -8.549267      470.0691
[19,]   19 0.056094515 0.0005218398 449.0974     -8.528196     -632.4000
[20,]   20 0.056090328 0.0005212217 449.0970     -8.525558     -745.7325
[21,]   21 0.056089825 0.0005211475 449.0970     -8.525235     -759.3755
[22,]   22 0.056089763 0.0005211383 449.0970     -8.525195     -761.0481
[23,]   23 0.056089756 0.0005211372 449.0970     -8.525190     -761.2536
[24,]   24 0.056089755 0.0005211371 449.0970     -8.525189     -761.2789
[25,]   25 0.056089755 0.0005211371 449.0970     -8.525189     -761.2820
[26,]   26 0.056089755 0.0005211371 449.0970     -8.525189     -761.2824
[27,]   27 0.056089755 0.0005211371 449.0970     -8.525189     -761.2824
[28,]   28 0.056089755 0.0005211371 449.0970     -8.525189     -761.2824
[29,]   29 0.056089755 0.0005211371 449.0970     -8.525189     -761.2824
[30,]   30 0.056089755 0.0005211371 449.0970     -8.525189     -761.2824
[31,]   31 0.056089755 0.0005211371 449.0970     -8.525189     -761.2824
[32,]   32 0.056089755 0.0005211371 449.0970     -8.525189     -761.2824

