[22;0t]0;IPython: scripts/01_msprime_simulations$par
[1] 0.004220694 0.073235570

$value
[1] -18899.54

$counts
function gradient 
      35       35 

$convergence
[1] 0

$message
[1] "CONVERGENCE: REL_REDUCTION_OF_F <= FACTR*EPSMCH"

$loginfo
      step        par1        par2       fn           gr1           gr2
 [1,]    1 0.100000000  0.01000000 22561.60  9.479260e+03 -3.490123e+05
 [2,]    2 0.000001000 10.00000000 31047.98  2.200787e+03  1.764771e+03
 [3,]    3 0.066745736  3.33213423 21017.21  2.335010e+03  1.016996e+03
 [4,]    4 0.044493121  3.32224955 20956.06  2.248405e+03  1.012004e+03
 [5,]    5 0.000001000  3.30248603 20906.53 -2.753168e+05  9.718062e+02
 [6,]    6 0.044060685  3.32205746 20954.90  2.245893e+03  1.011899e+03
 [7,]    7 0.022030842  3.31227175 20897.69  1.997391e+03  1.005556e+03
 [8,]    8 0.000001000  3.26881529 20874.04 -2.758937e+05  9.579326e+02
 [9,]    9 0.021715357  3.31164941 20896.44  1.990319e+03  1.005273e+03
[10,]   10 0.010858179  3.29023235 20855.42  1.519548e+03  9.940675e+02
[11,]   11 0.000001000  2.95641776 20596.34 -3.471859e+05  8.167734e+02
[12,]   12 0.009874624  3.25999200 20824.08  1.410913e+03  9.837229e+02
[13,]   13 0.004937812  3.10820488 20673.54  2.450852e+02  9.379323e+02
[14,]   14 0.001566901  3.00456292 20582.78 -4.241632e+03  8.891318e+02
[15,]   15 0.049396960  0.00000100 67565.54  3.012068e+04 -2.398753e+08
[16,]   16 0.018198566  1.95980430 19841.89  7.798855e+02  5.669485e+02
[17,]   17 0.026717808  0.29437348 19106.61  6.504080e+03  7.281962e+01
[18,]   18 0.013930043  0.01293707 20300.72  3.499013e+04 -1.677619e+05
[19,]   19 0.022317093  0.19752141 19062.78  6.945293e+03  3.203925e+02
[20,]   20 0.016977251  0.08000079 18960.08  5.466871e+03  2.519849e+02
[21,]   21 0.015844510  0.05507114 18967.99  5.658930e+03 -2.055684e+03
[22,]   22 0.016560274  0.07082387 18957.21  5.365124e+03 -1.639145e+02
[23,]   23 0.000001000  0.20142328 19275.93 -1.584995e+06  9.015356e+01
[24,]   24 0.010051222  0.12215935 18940.63  5.593816e+03  5.817718e+02
[25,]   25 0.000001000  0.09164177 19230.15 -1.740989e+06  3.887177e+02
[26,]   26 0.006250921  0.11061971 18917.11  2.939689e+03  5.250784e+02
[27,]   27 0.002980107  0.00000100 65016.77  1.059941e+05 -2.397483e+08
[28,]   28 0.005161353  0.07377060 18900.59  2.051489e+03 -5.745962e+00
[29,]   29 0.001127066  0.07670895 18932.98 -3.744501e+04  2.954684e+02
[30,]   30 0.004131671  0.07452056 18899.59 -3.019610e+02  5.510726e+01
[31,]   31 0.004195278  0.07119196 18899.63  2.975784e+00 -8.513280e+01
[32,]   32 0.004158619  0.07311039 18899.55 -1.731360e+02 -2.973909e+00
[33,]   33 0.004250483  0.07330602 18899.54  8.055671e+01  1.871308e+00
[34,]   34 0.004221214  0.07323562 18899.54  1.446948e+00 -1.521970e-02
[35,]   35 0.004220694  0.07323557 18899.54 -1.369252e-02  7.340714e-04

