[22;0t]0;IPython: scripts/01_msprime_simulations$par
[1] 0.15194580 0.01052948

$value
[1] -5826.999

$counts
function gradient 
      20       20 

$convergence
[1] 0

$message
[1] "CONVERGENCE: REL_REDUCTION_OF_F <= FACTR*EPSMCH"

$loginfo
      step       par1        par2        fn           gr1           gr2
 [1,]    1  0.1000000  0.01000000  5828.274 -3.523975e+01 -1.993046e+03
 [2,]    2 10.0000000 10.00000000 48644.033  2.172580e+03  2.217901e+03
 [3,]    3  0.9554040  0.87318042  8514.547  2.361866e+03  1.344473e+03
 [4,]    4  0.1971389  0.10802203  6633.513  1.947627e+03 -1.002916e+03
 [5,]    5  0.1036783  0.01371178  5855.317 -9.424534e+01  1.397450e+04
 [6,]    6  0.1003194  0.01032229  5827.969 -4.825349e+01  1.491242e+02
 [7,]    7  0.1003184  0.01030704  5827.968 -4.765001e+01  5.162169e+01
 [8,]    8  0.1003389  0.01029958  5827.967 -4.731330e+01  2.914749e+00
 [9,]    9  0.1004710  0.01028013  5827.962 -4.628353e+01 -1.276811e+02
[10,]   10  0.1008315  0.01025517  5827.951 -4.460169e+01 -3.042132e+02
[11,]   11  0.1019199  0.01021748  5827.921 -4.109605e+01 -5.955216e+02
[12,]   12  0.1046709  0.01017410  5827.851 -3.467637e+01 -9.951775e+02
[13,]   13  0.1111049  0.01014678  5827.696 -2.415562e+01 -1.429040e+03
[14,]   14  0.1242448  0.01019716  5827.394 -1.114835e+01 -1.532634e+03
[15,]   15  0.1476592  0.01097758  5827.678 -1.135291e+01  2.858176e+03
[16,]   16  0.1339155  0.01051950  5827.096 -1.180263e+01  3.498046e+02
[17,]   17  0.1440867  0.01052377  5827.015 -4.509786e+00  1.338924e+02
[18,]   18  0.1503743  0.01052635  5826.999 -7.968917e-01  1.253800e+01
[19,]   19  0.1518099  0.01052924  5826.999 -6.966632e-02  1.318455e+00
[20,]   20  0.1519458  0.01052948  5826.999 -1.218777e-03  2.345035e-02

