[22;0t]0;IPython: scripts/01_msprime_simulations$par
[1] 0.002690034 0.364561965

$value
[1] -27695.3

$counts
function gradient 
      36       36 

$convergence
[1] 0

$message
[1] "CONVERGENCE: REL_REDUCTION_OF_F <= FACTR*EPSMCH"

$loginfo
      step         par1       par2        fn           gr1           gr2
 [1,]    1 0.1000000000  0.0100000  37616.33  2.073037e+04 -7.154449e+05
 [2,]    2 0.0000010000 10.0000000  36270.32 -1.820166e+05  1.344521e+03
 [3,]    3 0.0666306788  3.3436285  29153.55  2.674177e+03  5.960821e+02
 [4,]    4 0.0541470795  3.3406632  29119.09  2.553872e+03  6.002043e+02
 [5,]    5 0.0042126823  3.3288019  29041.65 -4.996177e+03  6.085796e+02
 [6,]    6 0.0363086874  3.3364259  29073.45  2.233985e+03  6.065796e+02
 [7,]    7 0.0000010000  3.3229964  29238.70 -1.055170e+06  6.804283e+02
 [8,]    8 0.0210825871  3.3307941  29040.38  1.532556e+03  6.132254e+02
 [9,]    9 0.0000010000  3.3187461  29235.81 -1.053835e+06  6.809791e+02
[10,]   10 0.0132317223  3.3263074  29028.89  5.386304e+02  6.167949e+02
[11,]   11 0.0061626062  3.3178810  29027.94 -2.487000e+03  6.189296e+02
[12,]   12 0.0102529719  3.3227567  29026.15 -2.353604e+02  6.180868e+02
[13,]   13 0.0083091872  3.3143052  29022.10 -1.035625e+03  6.207631e+02
[14,]   14 0.0041115478  3.2672693  29003.62 -5.045720e+03  6.335445e+02
[15,]   15 0.0015495801  3.1378208  28942.52 -1.557284e+04  6.547175e+02
[16,]   16 0.0000010000  2.4715427  28744.98 -1.145950e+06  5.621791e+02
[17,]   17 0.0011974087  2.9862987  28850.05 -1.999526e+04  6.288247e+02
[18,]   18 0.0005992043  2.7289207  28716.59 -4.512466e+04  5.679961e+02
[19,]   19 0.0073728060  0.0000010 115968.03  1.020556e+05 -4.270867e+08
[20,]   20 0.0028921670  1.8051417  28206.16 -8.178546e+03  1.900960e+02
[21,]   21 0.0034993262  1.3501866  28026.15 -4.627491e+03  4.895005e+02
[22,]   22 0.0053012134  0.0000010 115751.04  0.000000e+00 -4.270810e+08
[23,]   23 0.0041032743  0.8976377  27845.61 -2.150486e+03  3.902262e+02
[24,]   24 0.0048939141  0.3051975  27715.39  8.020547e+03 -3.265823e+01
[25,]   25 0.0042845331  0.5528661  27738.53  2.570716e+03  2.622601e+02
[26,]   26 0.0047796043  0.3516560  27705.07  6.652838e+03 -2.303713e+02
[27,]   27 0.0046846754  0.3902376  27706.50  6.163895e+03  2.608550e+02
[28,]   28 0.0047424202  0.3667686  27703.42  6.567034e+03  2.599163e+01
[29,]   29 0.0043156197  0.3458678  27703.84  5.691888e+03 -3.344922e+02
[30,]   30 0.0045497089  0.3573314  27702.59  6.249202e+03 -1.219215e+02
[31,]   31 0.0012495090  0.3640598  27705.07 -1.823583e+04 -2.254453e+01
[32,]   32 0.0028748186  0.3607461  27695.50  9.865862e+02 -6.166454e+01
[33,]   33 0.0025654130  0.3646413  27695.34 -7.584136e+02  5.436119e-01
[34,]   34 0.0027119490  0.3649456  27695.30  1.275390e+02  5.426425e+00
[35,]   35 0.0026911415  0.3645552  27695.30  6.367428e+00 -9.070211e-02
[36,]   36 0.0026900341  0.3645620  27695.30 -2.369441e-02 -1.642547e-04

