[22;0t]0;IPython: scripts/01_msprime_simulations$par
[1] 0.005375681 0.110726698

$value
[1] -25850.24

$counts
function gradient 
      36       36 

$convergence
[1] 0

$message
[1] "CONVERGENCE: REL_REDUCTION_OF_F <= FACTR*EPSMCH"

$loginfo
      step         par1        par2        fn           gr1           gr2
 [1,]    1 0.1000000000  0.01000000  34211.99  1.820067e+04 -6.326642e+05
 [2,]    2 0.0000010000 10.00000000  35097.76 -8.987894e+04  1.439931e+03
 [3,]    3 0.0666146913  3.34522569  27446.12  2.119480e+03  7.899816e+02
 [4,]    4 0.0553992308  3.34089331  27419.96  1.923521e+03  7.906835e+02
 [5,]    5 0.0105373885  3.32356378  27372.06 -2.559476e+03  7.620629e+02
 [6,]    6 0.0331487388  3.33229824  27377.52  1.155500e+03  7.874679e+02
 [7,]    7 0.0000010000  3.31177815  27738.63 -1.748761e+06  6.115412e+02
 [8,]    8 0.0210858539  3.32483072  27363.14  1.098970e+02  7.793175e+02
 [9,]    9 0.0143373505  3.31391216  27357.80 -1.190282e+03  7.694157e+02
[10,]   10 0.0141700817  3.29868214  27346.29 -1.263770e+03  7.678965e+02
[11,]   11 0.0135010066  3.23776204  27300.65 -1.569335e+03  7.615692e+02
[12,]   12 0.0108247059  2.99408163  27124.43 -2.933418e+03  7.334142e+02
[13,]   13 0.0001195033  2.01936002  26712.25 -7.294626e+05  4.795392e+02
[14,]   14 0.0099129783  2.91106773  27066.86 -3.647924e+03  7.257638e+02
[15,]   15 0.0050162408  2.46521388  26775.06 -1.074083e+04  7.243595e+02
[16,]   16 0.0198790885  0.00000100 105742.73  7.275193e+04 -3.851682e+08
[17,]   17 0.0100594432  1.62872764  26312.48 -3.251365e+03  2.488314e+02
[18,]   18 0.0117279892  1.18281320  26175.46 -1.842649e+03  3.252626e+02
[19,]   19 0.0161538979  0.00000100 105459.44  0.000000e+00 -3.851577e+08
[20,]   20 0.0132084909  0.78715310  26077.53  2.528408e+02  8.212232e+01
[21,]   21 0.0119548943  0.35101191  25953.98  3.053981e+03  1.442002e+02
[22,]   22 0.0109459869  0.00000100 105015.76  9.136688e+04 -3.851417e+08
[23,]   23 0.0116186176  0.23401723  25921.76  4.829040e+03  5.881983e+02
[24,]   24 0.0111705915  0.07814362  25938.64  1.032794e+04 -4.077203e+03
[25,]   25 0.0113847479  0.15265118  25882.39  6.137329e+03  3.954986e+02
[26,]   26 0.0112434046  0.10347619  25883.93  8.100589e+03 -7.990525e+02
[27,]   27 0.0113847479  0.15265118  25882.39  6.137329e+03  3.954986e+02
[28,]   28 0.0024752588  0.00000100 104136.37  1.173797e+05 -3.851188e+08
[29,]   29 0.0084156134  0.10177970  25864.45  6.308102e+03 -7.367579e+02
[30,]   30 0.0000010000  0.13186244  26446.47 -3.202642e+06 -2.402665e+01
[31,]   31 0.0054353180  0.11243443  25850.30  6.292913e+01  6.436605e+01
[32,]   32 0.0040824792  0.10126641  25854.90 -4.821333e+03 -4.235150e+02
[33,]   33 0.0053221446  0.11150016  25850.26 -2.252780e+02  3.622861e+01
[34,]   34 0.0053868189  0.11054088  25850.24  4.791851e+01 -8.863997e+00
[35,]   35 0.0053760768  0.11073309  25850.24  7.127579e-01  2.456192e-01
[36,]   36 0.0053756806  0.11072670  25850.24 -8.460536e-02 -2.663983e-03

