[22;0t]0;IPython: scripts/01_msprime_simulations$par
[1] 0.046951322 0.004893611

$value
[1] -3055.517

$counts
function gradient 
      14       14 

$convergence
[1] 0

$message
[1] "CONVERGENCE: REL_REDUCTION_OF_F <= FACTR*EPSMCH"

$loginfo
      step       par1        par2       fn           gr1           gr2
 [1,]    1 0.10000000 0.010000000 3135.356  1.826574e+02  2.154039e+04
 [2,]    2 0.00000100 0.000001000 6060.062  1.223094e+05 -2.207698e+07
 [3,]    3 0.06530835 0.006531147 3067.619  9.713038e+00  1.315136e+04
 [4,]    4 0.02893493 0.001802767 3180.354  1.098171e+03 -1.360411e+05
 [5,]    5 0.05397558 0.005057938 3055.668  5.755809e+00  1.572888e+03
 [6,]    6 0.05232568 0.004852739 3055.574  1.395318e+01 -8.873654e+02
 [7,]    7 0.05275059 0.004918808 3055.549  1.077769e+01 -5.840600e+01
 [8,]    8 0.05264044 0.004917517 3055.548  1.064423e+01 -6.840600e+01
 [9,]    9 0.05219985 0.004912352 3055.544  1.010633e+01 -1.081954e+02
[10,]   10 0.04701638 0.004884486 3055.518  8.968155e-01 -1.293342e+02
[11,]   11 0.04682795 0.004917162 3055.521 -1.782946e+00  2.910071e+02
[12,]   12 0.04696527 0.004893349 3055.517  1.654632e-01 -1.442346e+01
[13,]   13 0.04691812 0.004894235 3055.517 -7.095312e-03 -8.534215e-02
[14,]   14 0.04695132 0.004893611 3055.517  1.144501e-01 -1.018102e+01

