[22;0t]0;IPython: scripts/01_msprime_simulations$par
[1] 0.008154564 0.047513973

$value
[1] -15793.43

$counts
function gradient 
      25       25 

$convergence
[1] 0

$message
[1] "CONVERGENCE: REL_REDUCTION_OF_F <= FACTR*EPSMCH"

$loginfo
      step        par1        par2       fn           gr1           gr2
 [1,]    1 0.100000000  0.01000000 18447.62  7.379996e+03 -2.688489e+05
 [2,]    2 0.000001000 10.00000000 29748.54  2.416099e+03  1.873260e+03
 [3,]    3 0.066831733  3.32354298 18675.68  2.283338e+03  1.296375e+03
 [4,]    4 0.088923378  1.11656563 16603.63  2.814956e+03  5.669211e+02
 [5,]    5 0.077348394  1.11415673 16570.17  2.720851e+03  5.814922e+02
 [6,]    6 0.031048459  1.10452114 16459.11  1.410433e+03  6.178689e+02
 [7,]    7 0.000001000  1.09443704 16824.98 -1.593747e+06  2.715769e+02
 [8,]    8 0.019846102  1.10088265 16447.07  1.562267e+02  6.180021e+02
 [9,]    9 0.016657434  1.09677072 16445.02 -4.948443e+02  6.147473e+02
[10,]   10 0.015247834  1.08689159 16439.93 -8.666085e+02  6.090456e+02
[11,]   11 0.004947506  0.91747113 16378.65 -9.672274e+03  5.568954e+02
[12,]   12 0.007071362  0.66006413 16204.64 -4.488767e+03  6.713943e+02
[13,]   13 0.012517517  0.00000100 53197.72  6.131128e+04 -1.932934e+08
[14,]   14 0.008903214  0.43804728 16069.69 -2.490771e+03  5.793165e+02
[15,]   15 0.011288654  0.14893674 15899.86  1.430643e+03  8.863533e+02
[16,]   16 0.012106831  0.04977533 15798.18  2.086654e+03 -1.160922e+02
[17,]   17 0.010806128  0.19892654 15936.27  9.537321e+02  6.035836e+02
[18,]   18 0.012070325  0.05396150 15798.93  1.713912e+03  4.672439e+02
[19,]   19 0.012099740  0.05058852 15798.12  2.001416e+03  1.836574e+01
[20,]   20 0.009317803  0.04881943 15793.96  8.027358e+02  4.619834e+01
[21,]   21 0.007348231  0.04716672 15793.75 -8.584530e+02  6.831815e+01
[22,]   22 0.008308811  0.04797276 15793.45  8.440428e+01  4.885791e+01
[23,]   23 0.008130997  0.04752166 15793.43 -2.460635e+01  4.668046e+00
[24,]   24 0.008155840  0.04751174 15793.43  1.600794e+00 -5.325345e-01
[25,]   25 0.008154564  0.04751397 15793.43  6.728678e-03  6.188093e-03

