[22;0t]0;IPython: scripts/01_msprime_simulations$par
[1] 0.0004281639 0.1717570590

$value
[1] -4739.769

$counts
function gradient 
      39       39 

$convergence
[1] 0

$message
[1] "CONVERGENCE: REL_REDUCTION_OF_F <= FACTR*EPSMCH"

$loginfo
      step         par1       par2        fn           gr1           gr2
 [1,]    1 0.1000000000  0.0100000  5083.618    721.435272 -6.995256e+03
 [2,]    2 0.0000010000 10.0000000 25539.532   2416.098563  2.224666e+03
 [3,]    3 0.0763231746  2.3753385  8760.285   2413.486723  2.091551e+03
 [4,]    4 0.0938424340  0.6251470  5520.299   2941.652711  1.688281e+03
 [5,]    5 0.0980996427  0.1998476  5067.292   2923.743452  3.331748e+02
 [6,]    6 0.0308806676  0.2121750  4860.278   3483.632268  3.476056e+02
 [7,]    7 0.0000010000  0.2178381  4762.170 -88140.331543  3.560058e+02
 [8,]    8 0.0297280967  0.2123864  4856.322   3507.859073  3.503138e+02
 [9,]    9 0.0094217988  0.2161104  4782.048   3848.859595  3.551746e+02
[10,]   10 0.0000010000  0.2178381  4762.170 -88140.331543  3.560058e+02
[11,]   11 0.0950138393  0.1917646  5055.807   2917.471629  2.779981e+02
[12,]   12 0.0300621538  0.2095887  4856.553   3500.999001  3.220232e+02
[13,]   13 0.0095318292  0.2152226  4782.163   3846.349193  3.403084e+02
[14,]   14 0.0030973919  0.2169884  4758.643   3490.008686  3.493786e+02
[15,]   15 0.0029820440  0.2079651  4755.860   3423.472121  1.795826e+02
[16,]   16 0.0027038723  0.1962051  4753.617   3343.371257  1.666564e+02
[17,]   17 0.0015911856  0.1491649  4748.972   3723.570474 -1.543411e+02
[18,]   18 0.0017047762  0.1609353  4744.867   3479.652364 -3.394189e+02
[19,]   19 0.0021591384  0.2080168  4753.143   3172.947141  1.747004e+02
[20,]   20 0.0017910973  0.1698800  4743.417   3602.913507 -5.419706e+01
[21,]   21 0.0014996800  0.1735474  4742.400   3403.797916  5.719652e+01
[22,]   22 0.0000010000  0.1715359  4749.857 -87541.927540 -9.395091e+00
[23,]   23 0.0008838579  0.1727209  4740.500   2476.959465  3.031755e+01
[24,]   24 0.0000010000  0.1718170  4749.856 -87540.927559 -5.796101e-01
[25,]   25 0.0005973037  0.1724275  4739.914   1373.744710  2.039669e+01
[26,]   26 0.0002408504  0.1717833  4740.029  -4079.325007 -7.960485e-01
[27,]   27 0.0004298729  0.1721249  4739.771     16.681251  1.048415e+01
[28,]   28 0.0004281638  0.1717571  4739.769     -4.183467 -9.588231e-01
[29,]   29 0.0004286076  0.1717877  4739.769      1.030212 -2.876177e-03
[30,]   30 0.0004282231  0.1717611  4739.769     -3.486948 -8.312168e-01
[31,]   31 0.0004281730  0.1717577  4739.769     -4.075721 -9.390858e-01
[32,]   32 0.0004281653  0.1717572  4739.769     -4.166432 -9.557028e-01
[33,]   33 0.0004281641  0.1717571  4739.769     -4.180763 -9.583261e-01
[34,]   34 0.0004281639  0.1717571  4739.769     -4.183041 -9.587447e-01
[35,]   35 0.0004281639  0.1717571  4739.769     -4.183396 -9.588100e-01
[36,]   36 0.0004281639  0.1717571  4739.769     -4.183161 -9.587668e-01
[37,]   37 0.0004281639  0.1717571  4739.769     -4.183363 -9.588027e-01
[38,]   38 0.0004281639  0.1717571  4739.769     -4.183394 -9.588073e-01
[39,]   39 0.0004281639  0.1717571  4739.769     -4.183396 -9.588100e-01

