[22;0t]0;IPython: scripts/01_msprime_simulations$par
[1] 0.091880863 0.001002923

$value
[1] -791.527

$counts
function gradient 
      82       82 

$convergence
[1] 0

$message
[1] "CONVERGENCE: REL_REDUCTION_OF_F <= FACTR*EPSMCH"

$loginfo
      step        par1         par2         fn           gr1           gr2
 [1,]    1 0.100000000 0.0100000000  1009.6524  1.502039e+03  5.889379e+03
 [2,]    2 0.000001000 0.0000010000  1249.5412  1.166243e+05 -4.215750e+06
 [3,]    3 0.055349625 0.0055353643   913.9874  9.087433e+02  1.403543e+04
 [4,]    4 0.019288974 0.0019296238   813.6975 -1.960604e+01  2.965024e+04
 [5,]    5 0.007587841 0.0007596158   796.7676 -3.039863e+02 -1.575234e+04
 [6,]    6 0.027733908 0.0071022451   894.0100  1.447490e+03  2.331768e+03
 [7,]    7 0.010192370 0.0015796053   805.2424 -2.512474e+02  2.373474e+04
 [8,]    8 0.008183546 0.0009471630   795.5942 -4.205407e+02  2.713897e+03
 [9,]    9 0.012892584 0.0009628886   794.1953 -2.221380e+02  1.964085e+03
[10,]   10 0.018027086 0.0009675948   793.3349 -1.284968e+02  9.927512e+02
[11,]   11 0.025128876 0.0009778136   792.6644 -7.155958e+01  6.487166e+02
[12,]   12 0.033999468 0.0009879710   792.1968 -4.015556e+01  5.730185e+02
[13,]   13 0.045170663 0.0009937472   791.8693 -2.158530e+01  3.270226e+02
[14,]   14 0.056247946 0.0008574172   792.5860 -5.843241e+00 -1.468869e+04
[15,]   15 0.046895932 0.0009725140   791.8414 -1.858425e+01 -1.688416e+03
[16,]   16 0.059610407 0.0009933255   791.6526 -9.841602e+00 -2.979896e+02
[17,]   17 0.073063241 0.0010031922   791.5637 -4.338979e+00  2.699423e+02
[18,]   18 0.083143878 0.0010036116   791.5345 -1.676659e+00  1.534851e+02
[19,]   19 0.089443216 0.0010030399   791.5277 -4.654149e-01  2.919653e+01
[20,]   20 0.091874449 0.0010030103   791.5270 -7.360465e-02  2.532835e+00
[21,]   21 0.092484961 0.0010052673   791.5280 -1.715757e-03  2.031796e+02
[22,]   22 0.091879238 0.0010030280   791.5270 -7.303704e-02  4.109600e+00
[23,]   23 0.091874490 0.0010030105   791.5270 -7.359970e-02  2.546526e+00
[24,]   24 0.091874449 0.0010030103   791.5270 -7.360459e-02  2.532954e+00
[25,]   25 0.091874449 0.0010030103   791.5270 -7.360466e-02  2.532836e+00
[26,]   26 0.091874449 0.0010030103   791.5270 -7.360464e-02  2.532835e+00
[27,]   27 0.091874449 0.0010030103   791.5270 -7.360465e-02  2.532835e+00
[28,]   28 0.091874449 0.0010030103   791.5270 -7.360463e-02  2.532835e+00
[29,]   29 0.091874449 0.0010030103   791.5270 -7.360465e-02  2.532835e+00
[30,]   30 0.091874449 0.0010030103   791.5270 -7.360463e-02  2.532835e+00
[31,]   31 0.091874449 0.0010030103   791.5270 -7.360465e-02  2.532835e+00
[32,]   32 0.091874449 0.0010030103   791.5270 -7.360464e-02  2.532835e+00
[33,]   33 0.091874449 0.0010030103   791.5270 -7.360465e-02  2.532835e+00
[34,]   34 0.091874449 0.0010030103   791.5270 -7.360463e-02  2.532835e+00
[35,]   35 0.091874449 0.0010030103   791.5270 -7.360465e-02  2.532835e+00
[36,]   36 0.165479094 0.0000010000  1380.2664  1.730820e+01 -4.510641e+06
[37,]   37 0.112089351 0.0007278166   795.8512  5.381636e+00 -3.637458e+04
[38,]   38 0.091880863 0.0010029230   791.5270 -7.179133e-02 -5.528487e+00
[39,]   39 0.091884864 0.0010029267   791.5270 -7.121193e-02 -5.230803e+00
[40,]   40 0.091881037 0.0010029232   791.5270 -7.176611e-02 -5.515540e+00
[41,]   41 0.091880871 0.0010029230   791.5270 -7.179022e-02 -5.527923e+00
[42,]   42 0.091880864 0.0010029230   791.5270 -7.179129e-02 -5.528462e+00
[43,]   43 0.091880863 0.0010029230   791.5270 -7.179131e-02 -5.528486e+00
[44,]   44 0.091880863 0.0010029230   791.5270 -7.179133e-02 -5.528487e+00
[45,]   45 0.091880863 0.0010029230   791.5270 -7.179132e-02 -5.528487e+00
[46,]   46 0.091880863 0.0010029230   791.5270 -7.179134e-02 -5.528487e+00
[47,]   47 0.091880863 0.0010029230   791.5270 -7.179133e-02 -5.528487e+00
[48,]   48 0.091880863 0.0010029230   791.5270 -7.179134e-02 -5.528487e+00
[49,]   49 0.091880863 0.0010029230   791.5270 -7.179133e-02 -5.528487e+00
[50,]   50 0.163672190 5.5294896065 14318.0580  2.411948e+03  2.402897e+03
[51,]   51 0.091921247 0.0041128149   904.0166  4.091399e+02  3.482443e+04
[52,]   52 0.091880865 0.0010030397   791.5270 -7.289767e-02  5.160939e+00
[53,]   53 0.091880863 0.0010029233   791.5270 -7.179435e-02 -5.499259e+00
[54,]   54 0.091880863 0.0010029230   791.5270 -7.179133e-02 -5.528406e+00
[55,]   55 0.091880863 0.0010029230   791.5270 -7.179133e-02 -5.528486e+00
[56,]   56 0.091880863 0.0010029230   791.5270 -7.179133e-02 -5.528486e+00
[57,]   57 0.091880863 0.0010029230   791.5270 -7.179132e-02 -5.528446e+00
[58,]   58 0.091880863 0.0010029230   791.5270 -7.179133e-02 -5.528486e+00
[59,]   59 0.091880863 0.0010029230   791.5270 -7.179133e-02 -5.528486e+00
[60,]   60 0.091880863 0.0010029230   791.5270 -7.179133e-02 -5.528486e+00
[61,]   61 0.091880863 0.0010029230   791.5270 -7.179133e-02 -5.528486e+00
[62,]   62 0.091880863 0.0010029230   791.5270 -7.179133e-02 -5.528486e+00
[63,]   63 0.091880863 0.0010029230   791.5270 -7.179134e-02 -5.528486e+00
[64,]   64 0.091880863 0.0010029230   791.5270 -7.179133e-02 -5.528486e+00
[65,]   65 0.091880863 0.0010029230   791.5270 -7.179133e-02 -5.528486e+00
[66,]   66 0.091880863 0.0010029230   791.5270 -7.179133e-02 -5.528486e+00

