[22;0t]0;IPython: scripts/01_msprime_simulations$par
[1] 1.000000e-06 3.739809e-05

$value
[1] -119.7116

$counts
function gradient 
      49       49 

$convergence
[1] 0

$message
[1] "CONVERGENCE: REL_REDUCTION_OF_F <= FACTR*EPSMCH"

$loginfo
      step  par1         par2         fn       gr1           gr2
 [1,]    1 1e-01 1.000000e-02   360.9701  2219.385  2.805214e+03
 [2,]    2 1e-06 1.000000e-06   149.6479 59858.915 -3.021695e+05
 [3,]    3 1e-06 1.000000e+01 24356.1107  2416.088  2.323469e+03
 [4,]    4 1e-06 3.293307e+00  8290.6318  2415.994  2.466868e+03
 [5,]    5 1e-06 1.084479e+00  2793.6346  2415.575  2.507806e+03
 [6,]    6 1e-06 3.572204e-01   969.2940  2414.124  2.501217e+03
 [7,]    7 1e-06 1.177756e-01   375.0335  2409.624  2.438169e+03
 [8,]    8 1e-06 3.892388e-02   187.9636  2395.991  2.233492e+03
 [9,]    9 1e-06 1.293888e-02   135.1242  2354.945  1.614905e+03
[10,]   10 1e-06 1.287010e-02   135.0133  2354.613  1.609950e+03
[11,]   11 1e-06 1.259499e-02   134.5732  2353.247  1.589589e+03
[12,]   12 1e-06 1.149456e-02   132.8726  2347.110  1.498395e+03
[13,]   13 1e-06 7.092815e-03   127.4749  2301.751  8.505370e+02
[14,]   14 1e-06 5.877116e-04   122.4697 12557.647  3.977834e+03
[15,]   15 1e-06 1.000000e-06   149.6479 59858.915 -3.021695e+05
[16,]   16 1e-06 5.877116e-04   122.4697 12557.647  3.977834e+03
[17,]   17 1e-06 1.000000e-06   149.6479 59858.915 -3.021695e+05
[18,]   18 1e-06 4.247341e-04   121.7337 13916.883  5.230479e+03
[19,]   19 1e-06 2.128670e-04   120.3647 12533.516  7.832720e+03
[20,]   20 1e-06 2.064328e-04   120.3128 12323.210  7.871073e+03
[21,]   21 1e-06 2.007522e-04   120.2665 12124.518  7.889448e+03
[22,]   22 1e-06 1.008761e-04   119.4301  7507.658  8.373504e+03
[23,]   23 1e-06 1.002006e-04   119.4254  7489.296  8.365131e+03
[24,]   24 1e-06 3.472822e-05   119.7865 20098.318 -8.437536e+02
[25,]   25 1e-06 1.000000e+01 24356.1107  2416.088  2.323469e+03
[26,]   26 1e-06 6.700491e-01  1753.6347  2415.143  2.510044e+03
[27,]   27 1e-06 4.589646e-02   203.7085  2399.084  2.280176e+03
[28,]   28 1e-06 4.249509e-03   126.3925  2203.596 -2.787940e+02
[29,]   29 1e-06 3.198506e-04   121.1314 14178.660  6.440576e+03
[30,]   30 1e-06 4.789990e-05   119.4843 12104.887  3.318867e+03
[31,]   31 1e-06 3.739809e-05   119.7116 17820.824  1.345538e+02
[32,]   32 1e-06 3.703088e-05   119.7211 18112.133  7.805903e+00
[33,]   33 1e-06 3.739777e-05   119.7116 17821.073  1.344451e+02
[34,]   34 1e-06 3.739809e-05   119.7116 17820.824  1.345537e+02
[35,]   35 1e-06 3.739809e-05   119.7116 17820.824  1.345538e+02
[36,]   36 1e-06 3.739809e-05   119.7116 17820.824  1.345538e+02
[37,]   37 1e-06 3.739809e-05   119.7116 17820.824  1.345538e+02
[38,]   38 1e-06 3.739809e-05   119.7116 17820.824  1.345538e+02
[39,]   39 1e-06 3.739809e-05   119.7116 17820.824  1.345538e+02
[40,]   40 1e-06 3.739809e-05   119.7116 17820.824  1.345538e+02
[41,]   41 1e-06 3.739809e-05   119.7116 17820.824  1.345538e+02
[42,]   42 1e-06 3.739809e-05   119.7116 17820.824  1.345538e+02
[43,]   43 1e-06 3.739809e-05   119.7116 17820.824  1.345538e+02
[44,]   44 1e-06 3.739809e-05   119.7116 17820.824  1.345538e+02

