[22;0t]0;IPython: scripts/01_msprime_simulations$par
[1] 1.000000e-06 6.634106e-05

$value
[1] -137.3025

$counts
function gradient 
      43       43 

$convergence
[1] 0

$message
[1] "CONVERGENCE: REL_REDUCTION_OF_F <= FACTR*EPSMCH"

$loginfo
      step  par1         par2         fn        gr1          gr2
 [1,]    1 1e-01 1.000000e-02   375.8198  2189.3634    3118.0941
 [2,]    2 1e-06 1.000000e-06   174.5172 62906.9287 -372250.0974
 [3,]    3 1e-06 1.000000e+01 24358.6890  2416.0878    2323.2537
 [4,]    4 1e-06 3.300795e+00  8314.0062  2415.9944    2466.0906
 [5,]    5 1e-06 1.089458e+00  2813.2753  2415.5776    2505.8952
 [6,]    6 1e-06 3.596891e-01   984.8520  2414.1395    2495.8162
 [7,]    7 1e-06 1.188585e-01   389.2760  2409.6852    2422.2305
 [8,]    8 1e-06 3.936652e-02   202.7658  2396.1700    2186.1276
 [9,]    9 1e-06 1.311081e-02   151.4152  2352.8445    1474.4989
[10,]   10 1e-06 1.305908e-02   151.3391  2352.5683    1470.2704
[11,]   11 1e-06 1.285219e-02   151.0366  2351.4385    1453.0163
[12,]   12 1e-06 1.202461e-02   149.8645  2346.4758    1378.0602
[13,]   13 1e-06 8.714298e-03   145.9562  2314.9047     935.8207
[14,]   14 1e-06 1.076446e-03   141.5304  8678.8780    2266.6702
[15,]   15 1e-06 1.000000e-06   174.5172     0.0000 -372250.0974
[16,]   16 1e-06 7.355260e-04   140.6233 10118.6750    3210.0665
[17,]   17 1e-06 1.000000e-06   174.5172 62906.9287 -372250.0974
[18,]   18 1e-06 5.198440e-04   139.8251 10622.0897    4334.0208
[19,]   19 1e-06 2.604220e-04   138.4180  7201.8473    6775.4545
[20,]   20 1e-06 2.470081e-04   138.3254  6710.1617    6893.9871
[21,]   21 1e-06 2.372732e-04   138.2569  6324.6343    6963.6438
[22,]   22 1e-06 1.191366e-04   137.3908   790.8333  -11309.4717
[23,]   23 1e-06 1.922529e-04   137.9263  4242.8659    6843.7730
[24,]   24 1e-06 1.317401e-04   137.4744  1212.2658     424.6801
[25,]   25 1e-06 1.000000e-06   174.5172 62906.9287 -372250.0974
[26,]   26 1e-06 1.316821e-04   137.4740  1209.9591     401.1268
[27,]   27 1e-06 6.634106e-05   137.3025  3707.4469    4270.4154
[28,]   28 1e-06 6.623719e-05   137.3034  3728.5863    4253.3909
[29,]   29 1e-06 6.634106e-05   137.3025  3707.4469    4270.4154
[30,]   30 1e-06 1.000000e-06   174.5172 62906.9287 -372250.0974
[31,]   31 1e-06 6.623719e-05   137.3034  3728.5863    4253.3909
[32,]   32 1e-06 6.633505e-05   137.3026  3708.6669    4269.4329
[33,]   33 1e-06 6.634071e-05   137.3025  3707.5177    4270.3584
[34,]   34 1e-06 6.634104e-05   137.3025  3707.4510    4270.4121
[35,]   35 1e-06 6.634106e-05   137.3025  3707.4472    4270.4152
[36,]   36 1e-06 6.634106e-05   137.3025  3707.4470    4270.4154
[37,]   37 1e-06 6.634106e-05   137.3025  3707.4469    4270.4154
[38,]   38 1e-06 6.634106e-05   137.3025  3707.4469    4270.4154
[39,]   39 1e-06 6.634106e-05   137.3025  3707.4469    4270.4154
[40,]   40 1e-06 6.634106e-05   137.3025  3707.4469    4270.4154
[41,]   41 1e-06 6.634106e-05   137.3025  3707.4469    4270.4154
[42,]   42 1e-06 6.634106e-05   137.3025  3707.4469    4270.4154

