[22;0t]0;IPython: scripts/01_msprime_simulations$par
[1] 0.000001000 0.003132187

$value
[1] -89.45864

$counts
function gradient 
      17       17 

$convergence
[1] 0

$message
[1] "CONVERGENCE: REL_REDUCTION_OF_F <= FACTR*EPSMCH"

$loginfo
      step  par1         par2          fn       gr1           gr2
 [1,]    1 1e-01  0.010000000   328.85443  2243.017  2.953198e+03
 [2,]    2 1e-06  0.000001000    99.87672 42375.173 -1.710563e+05
 [3,]    3 1e-06 10.000000000 24350.95418  2416.088  2.323899e+03
 [4,]    4 1e-06  3.263204510  8206.51588  2415.992  2.468751e+03
 [5,]    5 1e-06  1.064576851  2729.31933  2415.562  2.511826e+03
 [6,]    6 1e-06  0.347404241   925.84016  2414.062  2.512030e+03
 [7,]    7 1e-06  0.113488862   341.20164  2409.368  2.469694e+03
 [8,]    8 1e-06  0.037176677   156.21887  2394.568  2.326670e+03
 [9,]    9 1e-06  0.012259486   101.75109  2339.720  1.889842e+03
[10,]   10 1e-06  0.004102444    89.76925  2011.605  5.924016e+02
[11,]   11 1e-06  0.004088289    89.76090  2009.034  5.856539e+02
[12,]   12 1e-06  0.004031668    89.72849  1998.460  5.581932e+02
[13,]   13 1e-06  0.003805187    89.61507  1951.048  4.403009e+02
[14,]   14 1e-06  0.002944689    89.47200  1664.590 -1.427607e+02
[15,]   15 1e-06  0.003155379    89.45885  1752.441  1.741216e+01
[16,]   16 1e-06  0.003132475    89.45864  1743.367  2.165139e-01
[17,]   17 1e-06  0.003132187    89.45864  1743.252 -6.763441e-04

