[22;0t]0;IPython: scripts/01_msprime_simulations$par
[1] 0.0006264333 0.0003560794

$value
[1] -237.2991

$counts
function gradient 
      45       45 

$convergence
[1] 0

$message
[1] "CONVERGENCE: REL_REDUCTION_OF_F <= FACTR*EPSMCH"

$loginfo
      step         par1         par2       fn           gr1           gr2
 [1,]    1 0.1000000000 0.0100000000 467.7557   2107.003888  3.460602e+03
 [2,]    2 0.0000010000 0.0000010000 336.1221  69829.304210 -8.901464e+05
 [3,]    3 0.0886594166 0.0088660437 440.0222   2079.099936  3.587022e+03
 [4,]    4 0.0443302083 0.0044335219 333.1337   1838.428172  5.776225e+03
 [5,]    5 0.0158495619 0.0015857136 262.8705   1327.103435  1.128508e+04
 [6,]    6 0.0103157024 0.0010323774 249.7856   1061.910878  1.125828e+04
 [7,]    7 0.0000010000 0.0000010000 336.1221  69829.304210 -8.901464e+05
 [8,]    8 0.0092362490 0.0009244418 247.4890    989.891304  1.064735e+04
 [9,]    9 0.0046186245 0.0004627209 240.3529    607.954138  1.657819e+03
[10,]   10 0.0000010000 0.0000010000 336.1221  69829.304210 -8.901464e+05
[11,]   11 0.0045782886 0.0004586877 240.3205    606.854809  1.486765e+03
[12,]   12 0.0022896443 0.0002298438 240.1352   1020.975254 -3.134688e+04
[13,]   13 0.0039755897 0.0003984232 239.9200    615.267432 -1.626309e+03
[14,]   14 0.0018317880 0.0003050198 238.5992   1045.934715 -9.725284e+03
[15,]   15 0.0000010000 0.0002252542 247.4207 -79488.140860  4.191569e+03
[16,]   16 0.0012128255 0.0002780522 238.1203   1223.462223 -1.330051e+04
[17,]   17 0.0005040669 0.0002471723 237.6743    373.155499 -1.527740e+04
[18,]   18 0.0001421380 0.0003279666 238.8478 -19403.854160  2.329110e+03
[19,]   19 0.0003714783 0.0002767704 237.5177  -1589.695188 -6.671984e+03
[20,]   20 0.0061846569 0.0016011816 250.0058   1321.390333  6.460943e+03
[21,]   21 0.0014196757 0.0005155803 238.3474    843.720378  4.619743e+03
[22,]   22 0.0006669890 0.0003440963 237.3051    324.218626 -1.505055e+03
[23,]   23 0.0006516628 0.0003508416 237.3011    232.197026 -8.667974e+02
[24,]   24 0.0006130162 0.0003600058 237.3016     15.778789  1.608678e+01
[25,]   25 0.0006397237 0.0003536727 237.2996    168.975563 -5.846870e+02
[26,]   26 0.0006079483 0.0003595705 237.3009     -7.474863  1.198473e+01
[27,]   27 0.0006313596 0.0003552252 237.2992    124.871295 -4.241488e+02
[28,]   28 0.0006076887 0.0003593296 237.3006     -7.631733 -3.539496e+00
[29,]   29 0.0006264333 0.0003560794 237.2991     98.425686 -3.351972e+02
[30,]   30 0.0006080985 0.0003592983 237.3006     -5.408190 -7.886699e+00
[31,]   31 0.0006234185 0.0003566087 237.2992     81.925303 -2.806536e+02
[32,]   32 0.0006258586 0.0003561803 237.2991     95.297058 -3.247773e+02
[33,]   33 0.0006263207 0.0003560991 237.2991     97.813462 -3.331552e+02
[34,]   34 0.0006264111 0.0003560833 237.2991     98.305149 -3.347950e+02
[35,]   35 0.0006264289 0.0003560801 237.2991     98.401925 -3.351179e+02
[36,]   36 0.0006264324 0.0003560795 237.2991     98.421001 -3.351815e+02
[37,]   37 0.0006264331 0.0003560794 237.2991     98.424762 -3.351941e+02
[38,]   38 0.0006264332 0.0003560794 237.2991     98.425503 -3.351965e+02
[39,]   39 0.0006264333 0.0003560794 237.2991     98.425650 -3.351970e+02
[40,]   40 0.0006264333 0.0003560794 237.2991     98.425678 -3.351971e+02
[41,]   41 0.0006264333 0.0003560794 237.2991     98.425684 -3.351971e+02
[42,]   42 0.0006264333 0.0003560794 237.2991     98.425680 -3.351971e+02
[43,]   43 0.0006264333 0.0003560794 237.2991     98.425684 -3.351971e+02
[44,]   44 0.0006264333 0.0003560794 237.2991     98.425684 -3.351971e+02
[45,]   45 0.0006264333 0.0003560794 237.2991     98.425684 -3.351971e+02

