[22;0t]0;IPython: scripts/01_msprime_simulations$par
[1] 0.01044163 0.52208211

$value
[1] -51092.06

$counts
function gradient 
      37       37 

$convergence
[1] 0

$message
[1] "CONVERGENCE: REL_REDUCTION_OF_F <= FACTR*EPSMCH"

$loginfo
      step        par1       par2        fn           gr1           gr2
 [1,]    1 0.100000000  0.0100000 114744.17  6.440594e+04 -2.923939e+06
 [2,]    2 0.000001000 10.0000000  55824.15 -5.349004e+06  4.464350e+02
 [3,]    3 2.369949995 10.0000000  60693.53  2.240305e+03  3.212224e+02
 [4,]    4 0.789542834 10.0000000  56604.97  2.964394e+03  3.763779e+02
 [5,]    5 0.263157226 10.0000000  54999.39  2.983272e+03  4.403894e+02
 [6,]    6 0.087715415 10.0000000  54545.98  1.664236e+03  4.653753e+02
 [7,]    7 0.087688138  9.9984140  54545.19  1.663783e+03  4.654519e+02
 [8,]    8 0.087579032  9.9920699  54542.06  1.661963e+03  4.657665e+02
 [9,]    9 0.087142608  9.9666934  54529.50  1.654533e+03  4.670140e+02
[10,]   10 0.085396913  9.8651875  54478.96  1.623341e+03  4.725848e+02
[11,]   11 0.078414132  9.4591639  54272.07  1.469863e+03  4.860640e+02
[12,]   12 0.050483006  7.8350696  53500.98  5.372988e+02  4.377853e+02
[13,]   13 0.000001000  4.8997230  53726.61 -6.571954e+06  3.144982e+02
[14,]   14 0.022915057  6.2320927  52783.79 -3.558904e+03  4.407890e+02
[15,]   15 0.000001000  4.8893171  53723.36 -6.579622e+06  3.102916e+02
[16,]   16 0.013315682  5.6695644  52609.93 -9.517082e+03  3.861794e+02
[17,]   17 0.000001000  4.8682278  53716.89 -6.595330e+06  3.029789e+02
[18,]   18 0.008465767  5.3776750  52555.51 -1.727856e+04  4.175734e+02
[19,]   19 0.001816774  4.9470078  52622.00 -9.244990e+04  3.996599e+02
[20,]   20 0.006017599  5.2191028  52538.55 -2.594692e+04  4.415311e+02
[21,]   21 0.004990121  5.1183263  52524.28 -3.230757e+04  4.282524e+02
[22,]   22 0.004334342  4.6821933  52382.76 -3.660395e+04  3.405925e+02
[23,]   23 0.009410843  3.0126722  51724.47 -1.422117e+04  3.585606e+02
[24,]   24 0.016423135  0.0000010 398931.59  1.104256e+05 -1.473645e+09
[25,]   25 0.011754028  2.0059762  51425.39 -7.863637e+03  2.444715e+02
[26,]   26 0.015875033  0.0000010 398870.94  1.108844e+05 -1.473645e+09
[27,]   27 0.013129083  1.3366429  51280.50 -3.676590e+03  2.980088e+02
[28,]   28 0.014502058  0.6683220  51118.90  2.616971e+03  2.058471e+02
[29,]   29 0.015148060  0.0000010 398790.11  1.114992e+05 -1.473644e+09
[30,]   30 0.014717379  0.4455617  51130.56  7.910422e+03 -5.774779e+02
[31,]   31 0.014600951  0.5660127  51104.19  4.559876e+03  3.102500e+01
[32,]   32 0.010047260  0.4998278  51093.35 -2.560473e+02 -1.120409e+02
[33,]   33 0.010383125  0.5485038  51093.54 -7.487926e+02  9.720659e+01
[34,]   34 0.010196906  0.5215156  51092.12 -4.775715e+02  3.002036e+00
[35,]   35 0.010736692  0.5226103  51092.14  5.464629e+02 -4.501025e+00
[36,]   36 0.010440614  0.5220098  51092.06 -2.384358e-01 -3.708996e-01
[37,]   37 0.010441630  0.5220821  51092.06  6.617265e-03 -3.144403e-02

