[22;0t]0;IPython: scripts/01_msprime_simulations$par
[1] 0.030671469 0.009942333

$value
[1] -4991.751

$counts
function gradient 
      30       30 

$convergence
[1] 0

$message
[1] "CONVERGENCE: REL_REDUCTION_OF_F <= FACTR*EPSMCH"

$loginfo
      step        par1         par2        fn           gr1           gr2
 [1,]    1 0.100000000  0.010000000  5010.043  3.372114e+02 -3.993718e+03
 [2,]    2 0.000001000 10.000000000 25504.725  2.416098e+03  2.227572e+03
 [3,]    3 0.080434973  1.964565764  7844.502  2.413243e+03  2.032628e+03
 [4,]    4 0.095474291  0.462122834  5408.218  2.367424e+03  6.633904e+02
 [5,]    5 0.098883726  0.121516897  5432.330  2.653911e+03 -4.358525e+02
 [6,]    6 0.099874590  0.022528592  5129.484  5.426001e+02  1.311494e+04
 [7,]    7 0.099988678  0.011131082  5008.655  3.128407e+02  1.258024e+03
 [8,]    8 0.099922746  0.010860507  5008.441  3.175357e+02  1.536689e+02
 [9,]    9 0.099826657  0.010803491  5008.409  3.185607e+02 -8.851956e+01
[10,]   10 0.099404192  0.010696152  5008.308  3.204412e+02 -5.501828e+02
[11,]   11 0.098106854  0.010525554  5008.047  3.233930e+02 -1.298234e+03
[12,]   12 0.094322435  0.010245833  5007.350  3.284432e+02 -2.553782e+03
[13,]   13 0.083653720  0.009781892  5005.463  3.383415e+02 -4.650845e+03
[14,]   14 0.052591678  0.008942903  4999.991  3.474221e+02 -7.681662e+03
[15,]   15 0.000001000  0.008119644  5129.355 -3.905563e+05  1.956875e+03
[16,]   16 0.034064310  0.008652874  4996.301  2.599188e+02 -6.982244e+03
[17,]   17 0.002504666  0.008694313  5028.160 -8.988110e+03  2.217729e+03
[18,]   18 0.023515706  0.008666725  4994.534  1.733604e+01 -4.602445e+03
[19,]   19 0.030098107  0.009441326  4992.227  5.542428e+01 -2.020919e+03
[20,]   20 0.030633117  0.009898499  4991.755  4.459753e+00 -1.647891e+02
[21,]   21 0.030684139  0.009939202  4991.751  6.609105e-01 -1.363799e+01
[22,]   22 0.030671469  0.009942333  4991.751 -1.358522e-02 -8.790541e-02
[23,]   23 0.030672350  0.009942385  4991.751  7.316430e-04  2.805659e-03
[24,]   24 0.030671488  0.009942335  4991.751 -1.326528e-02 -8.587940e-02
[25,]   25 0.030671469  0.009942333  4991.751 -1.357778e-02 -8.785874e-02
[26,]   26 0.030671469  0.009942333  4991.751 -1.358506e-02 -8.790487e-02
[27,]   27 0.030671469  0.009942333  4991.751 -1.358023e-02 -8.787427e-02
[28,]   28 0.030671469  0.009942333  4991.751 -1.358476e-02 -8.790356e-02
[29,]   29 0.030671469  0.009942333  4991.751 -1.358484e-02 -8.790362e-02
[30,]   30 0.030671469  0.009942333  4991.751 -1.358476e-02 -8.790356e-02

