[22;0t]0;IPython: scripts/01_msprime_simulations$par
[1] 0.0068886561 0.0005817868

$value
[1] -506.9296

$counts
function gradient 
      21       21 

$convergence
[1] 0

$message
[1] "CONVERGENCE: REL_REDUCTION_OF_F <= FACTR*EPSMCH"

$loginfo
      step        par1         par2       fn           gr1           gr2
 [1,]    1 0.100000000 0.0100000000 724.5952  1.854831e+03  4.224465e+03
 [2,]    2 0.000001000 0.0000010000 752.3250  1.068456e+05 -2.369726e+06
 [3,]    3 0.044599800 0.0044604786 599.2015  1.270461e+03  9.971178e+03
 [4,]    4 0.015164592 0.0015172227 526.9495  2.441162e+02  2.524022e+04
 [5,]    5 0.006626889 0.0006635292 507.3382 -3.234003e+01  8.090507e+03
 [6,]    6 0.006221954 0.0000010000 818.2426  1.324129e+03 -2.632574e+06
 [7,]    7 0.006527761 0.0005013429 507.3162  5.483593e+01 -1.276064e+04
 [8,]    8 0.006588422 0.0006005918 506.9638 -1.206835e+01  1.941376e+03
 [9,]    9 0.006888656 0.0005817868 506.9296  4.885576e-01 -4.694894e+02
[10,]   10 0.006940308 0.0005857787 506.9327 -1.006430e+00  5.311120e+00
[11,]   11 0.006892612 0.0005820925 506.9298  3.711341e-01 -4.328376e+02
[12,]   12 0.006888981 0.0005818119 506.9296  4.789044e-01 -4.664803e+02
[13,]   13 0.006888683 0.0005817888 506.9296  4.877611e-01 -4.692411e+02
[14,]   14 0.006888658 0.0005817869 506.9296  4.884919e-01 -4.694689e+02
[15,]   15 0.006888656 0.0005817868 506.9296  4.885522e-01 -4.694877e+02
[16,]   16 0.006888656 0.0005817868 506.9296  4.885572e-01 -4.694892e+02
[17,]   17 0.006888656 0.0005817868 506.9296  4.885576e-01 -4.694894e+02
[18,]   18 0.006888656 0.0005817868 506.9296  4.885576e-01 -4.694894e+02
[19,]   19 0.006888656 0.0005817868 506.9296  4.885576e-01 -4.694894e+02
[20,]   20 0.006888656 0.0005817868 506.9296  4.885576e-01 -4.694894e+02
[21,]   21 0.006888656 0.0005817868 506.9296  4.885576e-01 -4.694894e+02

