[22;0t]0;IPython: scripts/01_msprime_simulations$par
[1] 0.000001000 0.002342501

$value
[1] -70.31705

$counts
function gradient 
      18       18 

$convergence
[1] 0

$message
[1] "CONVERGENCE: REL_REDUCTION_OF_F <= FACTR*EPSMCH"

$loginfo
      step  par1         par2          fn       gr1           gr2
 [1,]    1 1e-01  0.010000000   315.27914  2265.810  2.889998e+03
 [2,]    2 1e-06  0.000001000    80.92464 30685.067 -1.244617e+05
 [3,]    3 1e-06 10.000000000 24348.37592  2416.099  2.324115e+03
 [4,]    4 1e-06  3.237732858  8138.68538  2416.073  2.469923e+03
 [5,]    5 1e-06  1.047884943  2680.15733  2415.983  2.513997e+03
 [6,]    6 1e-06  0.339248391   895.85372  2415.688  2.517568e+03
 [7,]    7 1e-06  0.109966003   320.74789  2414.775  2.485717e+03
 [8,]    8 1e-06  0.035764087   138.93329  2411.968  2.374140e+03
 [9,]    9 1e-06  0.011729097    84.52148  2402.817  2.030874e+03
[10,]   10 1e-06  0.003922983    71.24557  2360.407  1.012853e+03
[11,]   11 1e-06  0.003891325    71.21369  2359.687  1.000404e+03
[12,]   12 1e-06  0.003764689    71.09021  2356.623  9.485134e+02
[13,]   13 1e-06  0.003258145    70.66926  2340.579  7.007070e+02
[14,]   14 1e-06  0.001765714    70.47617  2433.141 -4.693879e+02
[15,]   15 1e-06  0.002364408    70.31730  2291.979  2.158237e+01
[16,]   16 1e-06  0.002338091    70.31705  2290.739 -4.368113e+00
[17,]   17 1e-06  0.002342521    70.31705  2290.939  1.909097e-02
[18,]   18 1e-06  0.002342501    70.31705  2290.938  1.624819e-05

