[22;0t]0;IPython: scripts/01_msprime_simulations$par
[1] 0.04516541 0.48019221

$value
[1] -52649.59

$counts
function gradient 
      29       29 

$convergence
[1] 0

$message
[1] "CONVERGENCE: REL_REDUCTION_OF_F <= FACTR*EPSMCH"

$loginfo
      step       par1       par2        fn           gr1           gr2
 [1,]    1 0.10000000  0.0100000 114475.53  6.456680e+04 -2.913882e+06
 [2,]    2 0.00000100 10.0000000  59491.88 -9.319807e+06  3.594789e+02
 [3,]    3 1.51706572 10.0000000  59752.77  2.288793e+03  3.315781e+02
 [4,]    4 0.50573267 10.0000000  57347.22  2.294835e+03  4.326875e+02
 [5,]    5 0.16849951 10.0000000  56722.04  8.310572e+02  4.825488e+02
 [6,]    6 0.16848451  9.9983126  56721.22  8.310623e+02  4.825051e+02
 [7,]    7 0.16842450  9.9915631  56717.91  8.310805e+02  4.823241e+02
 [8,]    8 0.16818448  9.9645649  56704.70  8.311154e+02  4.815906e+02
 [9,]    9 0.16722437  9.8565721  56652.06  8.307997e+02  4.785970e+02
[10,]   10 0.16338397  9.4246012  56444.68  8.263655e+02  4.661687e+02
[11,]   11 0.14802236  7.6967174  55705.98  6.350638e+02  3.857116e+02
[12,]   12 0.07952925  0.0000010 403554.47  7.616948e+04 -1.469531e+09
[13,]   13 0.12504502  5.1147049  54689.73  8.552322e+02  3.975431e+02
[14,]   14 0.10228714  2.5573530  53724.66  1.550159e+03  3.794388e+02
[15,]   15 0.08726693  0.8695007  52875.29  1.989826e+03  6.276834e+02
[16,]   16 0.08210990  0.2899935  53339.92  1.027243e+04 -8.166598e+03
[17,]   17 0.08726693  0.8695007  52875.29  1.989826e+03  6.276834e+02
[18,]   18 0.07177532  0.0000010 402952.30  7.918487e+04 -1.469527e+09
[19,]   19 0.08209811  0.5793895  52722.03  2.763435e+03  1.390246e+02
[20,]   20 0.07369207  0.4543139  52727.34  3.938173e+03 -8.278662e+02
[21,]   21 0.07815759  0.5207575  52711.31  3.144404e+03 -1.947512e+02
[22,]   22 0.06722294  0.5053649  52682.22  2.650788e+03 -1.706131e+02
[23,]   23 0.01023608  0.4320211  53004.46 -4.100070e+04  4.938119e+02
[24,]   24 0.04805242  0.4806919  52650.48  6.067331e+02 -4.977208e+01
[25,]   25 0.04269698  0.4761947  52650.21 -5.328217e+02  1.524855e+01
[26,]   26 0.04526383  0.4783502  52649.61  5.753771e+01 -1.670086e+01
[27,]   27 0.04518144  0.4806510  52649.60 -4.819126e+00  3.337131e+00
[28,]   28 0.04516100  0.4801844  52649.59 -7.677322e-01  1.642431e-02
[29,]   29 0.04516541  0.4801922  52649.59  1.023756e-01 -4.431386e-03

