[22;0t]0;IPython: scripts/01_msprime_simulations$par
[1] 0.3769194232 0.0009443271

$value
[1] -751.7616

$counts
function gradient 
      52       52 

$convergence
[1] 0

$message
[1] "CONVERGENCE: REL_REDUCTION_OF_F <= FACTR*EPSMCH"

$loginfo
      step        par1         par2        fn           gr1           gr2
 [1,]    1 0.100000000 0.0100000000  972.1222  1.549535e+03  6.301231e+03
 [2,]    2 0.000001000 0.0000010000 1174.9561  1.129540e+05 -3.938869e+06
 [3,]    3 0.054028281 0.0054032419  868.7943  9.488714e+02  1.460943e+04
 [4,]    4 0.018849507 0.0018856810  772.2922  4.938896e+01  2.789231e+04
 [5,]    5 0.007450781 0.0007459111  754.3524 -1.281058e+02 -1.289081e+04
 [6,]    6 0.018155538 0.0066436707  835.2040  1.752962e+03  2.053386e+03
 [7,]    7 0.008706781 0.0014379008  761.3318 -1.590306e+02  2.133906e+04
 [8,]    8 0.007711210 0.0008893933  753.6478 -2.301042e+02  1.437659e+03
 [9,]    9 0.011668838 0.0009073519  753.0088 -1.243558e+02  1.178757e+03
[10,]   10 0.016147542 0.0009175138  752.5983 -7.207169e+01  8.179045e+02
[11,]   11 0.022233182 0.0009277835  752.2822 -3.989074e+01  6.497953e+02
[12,]   12 0.029605804 0.0009347464  752.0700 -2.173929e+01  4.773938e+02
[13,]   13 0.038302762 0.0009400297  751.9352 -1.150659e+01  4.005178e+02
[14,]   14 0.040951336 0.0000010000 1294.1560  1.384135e+02 -4.224406e+06
[15,]   15 0.039020026 0.0006857297  755.4137  9.427891e+00 -3.310845e+04
[16,]   16 0.038316928 0.0009350073  751.9322 -1.125261e+01 -5.611843e+01
[17,]   17 0.047967132 0.0009406430  751.8548 -5.882420e+00  1.037492e+02
[18,]   18 0.058338535 0.0009436797  751.8121 -2.991112e+00  1.711456e+02
[19,]   19 0.068877505 0.0009441382  751.7896 -1.500863e+00  9.094143e+01
[20,]   20 0.079482320 0.0009444867  751.7783 -7.413869e-01  5.206718e+01
[21,]   21 0.089820013 0.0009446696  751.7729 -3.605762e-01  2.793945e+01
[22,]   22 0.097477516 0.0009112493  751.8133 -8.652352e-02 -3.393653e+03
[23,]   23 0.090339847 0.0009424009  751.7721 -3.399907e-01 -1.947766e+02
[24,]   24 0.090072710 0.0009435668  751.7724 -3.505257e-01 -8.015509e+01
[25,]   25 0.099786565 0.0009444683  751.7703 -1.693281e-01 -1.640536e+01
[26,]   26 0.108804510 0.0009448697  751.7694 -7.950018e-02  8.957668e+00
[27,]   27 0.116735264 0.0009449064  751.7689 -3.709392e-02  4.511995e+00
[28,]   28 0.123671313 0.0009449321  751.7688 -1.743627e-02  2.261761e+00
[29,]   29 0.129822910 0.0009449522  751.7687 -8.727922e-03  1.290913e+00
[30,]   30 0.134081130 0.0009278717  751.7768  6.411109e-03 -1.740345e+03
[31,]   31 0.130397489 0.0009426475  751.7681 -7.118433e-03 -2.293582e+02
[32,]   32 0.129831532 0.0009449176  751.7687 -8.704797e-03 -2.159967e+00
[33,]   33 0.135993892 0.0009449588  751.7687 -5.392746e-03 -1.161581e-01
[34,]   34 0.146007515 0.0009449937  751.7686 -6.893598e-03  1.446028e+00
[35,]   35 0.186062011 0.0009451330  751.7679 -3.354918e-02  1.656795e+01
[36,]   36 0.346279993 0.0009456903  751.7623 -1.287198e-02  9.469505e+01
[37,]   37 0.522519772 0.0009463034  751.7661  4.572470e-02  1.725920e+02
[38,]   38 0.373559729 0.0009457852  751.7622 -1.623524e-03  1.072864e+02
[39,]   39 0.481538206 0.0009447614  751.7637  3.544289e-02  9.003606e+00
[40,]   40 0.383459124 0.0009456913  751.7621  2.332667e-03  9.847349e+01
[41,]   41 0.376919423 0.0009443271  751.7616 -3.976584e-04 -4.399962e+01
[42,]   42 0.377815181 0.0009447495  751.7617 -1.722356e-06  4.903363e-02
[43,]   43 0.376937286 0.0009443355  751.7616 -3.899169e-04 -4.312086e+01
[44,]   44 0.376919786 0.0009443272  751.7616 -3.977226e-04 -4.398175e+01
[45,]   45 0.376919430 0.0009443271  751.7616 -3.975731e-04 -4.399925e+01
[46,]   46 0.376919423 0.0009443271  751.7616 -3.975214e-04 -4.399961e+01
[47,]   47 0.376919423 0.0009443271  751.7616 -3.975123e-04 -4.399961e+01
[48,]   48 0.376919427 0.0009443271  751.7616 -3.981734e-04 -4.399943e+01
[49,]   49 0.376919423 0.0009443271  751.7616 -3.975805e-04 -4.399961e+01
[50,]   50 0.376919423 0.0009443271  751.7616 -3.975362e-04 -4.399961e+01
[51,]   51 0.376919423 0.0009443271  751.7616 -3.975509e-04 -4.399961e+01
[52,]   52 0.376919423 0.0009443271  751.7616 -3.975362e-04 -4.399961e+01

