[22;0t]0;IPython: scripts/01_msprime_simulations$par
[1] 0.0005470156 0.4425368544

$value
[1] -41247.91

$counts
function gradient 
      42       42 

$convergence
[1] 0

$message
[1] "CONVERGENCE: REL_REDUCTION_OF_F <= FACTR*EPSMCH"

$loginfo
      step         par1       par2        fn           gr1           gr2
 [1,]    1 0.1000000000  0.0100000  65973.46  4.252892e+04 -1.470496e+06
 [2,]    2 0.0000010000 10.0000000  46306.62 -3.647935e+05  7.432979e+02
 [3,]    3 2.1529186500 10.0000000  51440.25  2.286198e+03  5.911021e+02
 [4,]    4 0.7105881605 10.0000000  48014.26  2.489466e+03  6.584654e+02
 [5,]    5 0.2345770114 10.0000000  46809.73  2.547396e+03  7.064945e+02
 [6,]    6 0.0775529571 10.0000000  46414.06  2.456991e+03  7.203485e+02
 [7,]    7 0.0257430008 10.0000000  46291.04  2.213569e+03  7.274827e+02
 [8,]    8 0.0255875278  9.9950694  46287.11  2.212412e+03  7.270326e+02
 [9,]    9 0.0249656358  9.9753468  46271.41  2.207569e+03  7.252116e+02
[10,]   10 0.0224780681  9.8964567  46209.02  2.184471e+03  7.179317e+02
[11,]   11 0.0125277969  9.5808962  45966.58  1.912797e+03  6.846624e+02
[12,]   12 0.0000010000  9.1836244  45738.88 -2.742866e+05  6.310961e+02
[13,]   13 0.0114628087  9.5471214  45941.53  1.838607e+03  6.801827e+02
[14,]   14 0.0035023161  9.2946643  45764.77 -1.345684e+02  6.425849e+02
[15,]   15 0.0000010000  9.1760187  45734.09 -2.742854e+05  6.297912e+02
[16,]   16 0.0032263765  9.2853138  45758.83 -3.609355e+02  6.410131e+02
[17,]   17 0.0016136883  9.2306663  45726.28 -2.860703e+03  6.322849e+02
[18,]   18 0.0000010000  9.1595441  45723.73 -2.742888e+05  6.269577e+02
[19,]   19 0.0014651365  9.2241149  45722.59 -3.293109e+03  6.316853e+02
[20,]   20 0.0007330683  9.1918295  45705.77 -7.201156e+03  6.307743e+02
[21,]   21 0.0000010000  9.1161738  45696.70 -2.743352e+05  6.194487e+02
[22,]   22 0.0005748526  9.1754787  45696.74 -9.257416e+03  6.296123e+02
[23,]   23 0.0002879263  9.1458262  45681.83 -1.987543e+04  6.252168e+02
[24,]   24 0.0000010000  8.8516880  45539.04 -2.806751e+05  5.726518e+02
[25,]   25 0.0016792781  0.0000010 214991.12  1.227843e+05 -7.970796e+08
[26,]   26 0.0005736954  5.8311394  43305.06 -6.650259e+03  7.329939e+02
[27,]   27 0.0013107232  1.9438583  41470.63 -3.938077e+03  6.695623e+02
[28,]   28 0.0015539694  0.6609125  41343.44  8.827112e+03  2.097294e+02
[29,]   29 0.0016386112  0.0000010 214986.13  1.228346e+05 -7.970796e+08
[30,]   30 0.0015821908  0.4405502  41259.78  1.680214e+04 -1.190059e+02
[31,]   31 0.0015542667  0.5210889  41283.82  1.362873e+04  5.055013e+02
[32,]   32 0.0015793359  0.4487844  41260.01  1.603432e+04  1.720971e+02
[33,]   33 0.0015810663  0.4437937  41259.58  1.654816e+04  5.908039e+00
[34,]   34 0.0015591768  0.4437448  41259.22  1.643306e+04  6.121908e+00
[35,]   35 0.0014716191  0.4435491  41257.80  1.593651e+04  6.785210e+00
[36,]   36 0.0011213881  0.4427661  41252.65  1.311290e+04  2.309962e+00
[37,]   37 0.0000010000  0.4404293  41322.21 -6.202576e+05 -1.641620e+02
[38,]   38 0.0007484131  0.4419882  41248.73  6.954110e+03 -2.614540e+01
[39,]   39 0.0003277004  0.4426105  41249.40 -1.815723e+04 -3.979057e+00
[40,]   40 0.0005541386  0.4422756  41247.92  3.177043e+02 -1.559025e+01
[41,]   41 0.0005448050  0.4426792  41247.91 -1.115856e+02  8.140307e+00
[42,]   42 0.0005470156  0.4425369  41247.91 -9.538133e+00 -2.863025e-01

