[22;0t]0;IPython: scripts/01_msprime_simulations$par
[1] 1.00000e-05 4.86506e-05

$value
[1] -82.35418

$counts
function gradient 
      40       40 

$convergence
[1] 0

$message
[1] "CONVERGENCE: REL_REDUCTION_OF_F <= FACTR*EPSMCH"

$loginfo
      step  par1         par2         fn        gr1         gr2
 [1,]    1 1e-01 1.000000e-02  328.93503  2243.0599   2918.7918
 [2,]    2 1e-05 1.000000e-05   85.51125 24337.6120 -25505.0078
 [3,]    3 1e-05 1.000000e+00 2567.10491  2415.5164   2512.7565
 [4,]    4 1e-05 2.917783e-01  786.20890  2413.6295   2508.8595
 [5,]    5 1e-05 8.559618e-02  272.61870  2407.0928   2447.3360
 [6,]    6 1e-05 2.545941e-02  129.48395  2385.2305   2227.9002
 [7,]    7 1e-05 7.792106e-03   94.03928  2313.1077   1515.9095
 [8,]    8 1e-05 2.467744e-03   89.62874  2084.8114   -344.0166
 [9,]    9 1e-05 7.295842e-04   86.88014  7370.5935   3237.5152
[10,]   10 1e-05 2.314063e-04   84.27764  7033.0288   9118.3140
[11,]   11 1e-05 1.730973e-04   83.70613  5054.2421  10574.1037
[12,]   12 1e-05 1.000000e-05   85.51125     0.0000 -25505.0078
[13,]   13 1e-05 1.408098e-04   83.34044  3427.4033   9836.4115
[14,]   14 1e-05 1.157607e-04   83.03338  1947.0726   1530.2271
[15,]   15 1e-05 9.243937e-05   82.73919   591.5922  11685.9391
[16,]   16 1e-05 1.000000e-05   85.51125     0.0000 -25505.0078
[17,]   17 1e-05 8.730120e-05   82.67580   337.7955  11796.4739
[18,]   18 1e-05 4.865060e-05   82.35418   755.4856  10784.1602
[19,]   19 1e-05 2.314120e-05   82.96716 10121.5011   1584.1616
[20,]   20 1e-05 4.711886e-05   82.35620   953.7240  10585.6027
[21,]   21 1e-05 4.865060e-05   82.35418   755.4856  10784.1602
[22,]   22 1e-05 1.000000e-05   85.51125 24337.6120 -25505.0078
[23,]   23 1e-05 4.776758e-05   82.35506   866.7186  10672.6053
[24,]   24 1e-05 4.848416e-05   82.35429   775.8337  10763.7214
[25,]   25 1e-05 4.861809e-05   82.35420   759.4376  10780.1894
[26,]   26 1e-05 4.864421e-05   82.35418   756.2618  10783.3803
[27,]   27 1e-05 4.864934e-05   82.35418   755.6384  10784.0067
[28,]   28 1e-05 4.865035e-05   82.35418   755.5157  10784.1300
[29,]   29 1e-05 4.865055e-05   82.35418   755.4915  10784.1543
[30,]   30 1e-05 4.865059e-05   82.35418   755.4868  10784.1591
[31,]   31 1e-05 4.865060e-05   82.35418   755.4858  10784.1600
[32,]   32 1e-05 4.865060e-05   82.35418   755.4856  10784.1602
[33,]   33 1e-05 4.865060e-05   82.35418   755.4856  10784.1602
[34,]   34 1e-05 4.865060e-05   82.35418   755.4856  10784.1602
[35,]   35 1e-05 4.865060e-05   82.35418   755.4856  10784.1602
[36,]   36 1e-05 4.865060e-05   82.35418   755.4856  10784.1602
[37,]   37 1e-05 4.865060e-05   82.35418   755.4856  10784.1602
[38,]   38 1e-05 4.865060e-05   82.35418   755.4856  10784.1602
[39,]   39 1e-05 4.865060e-05   82.35418   755.4856  10784.1602
[40,]   40 1e-05 4.865060e-05   82.35418   755.4856  10784.1602

