[22;0t]0;IPython: scripts/01_msprime_simulations$par
[1] 0.410963341 0.001043709

$value
[1] -821.3688

$counts
function gradient 
      36       36 

$convergence
[1] 0

$message
[1] "CONVERGENCE: REL_REDUCTION_OF_F <= FACTR*EPSMCH"

$loginfo
      step        par1         par2        fn           gr1           gr2
 [1,]    1 0.100000000 0.0100000000 1048.2821  1.435891e+03  7.407646e+03
 [2,]    2 0.000001000 0.0000010000 1299.2633  1.175479e+05 -4.400359e+06
 [3,]    3 0.055377212 0.0055381228  946.1215  7.980902e+02  1.778298e+04
 [4,]    4 0.019298330 0.0019305593  840.8965 -4.217634e+01  2.714240e+04
 [5,]    5 0.007578088 0.0007586406  826.9960 -8.714899e+01 -2.028861e+04
 [6,]    6 0.012757670 0.0012765522  826.9023 -2.029974e+02  1.532816e+04
 [7,]    7 0.009811758 0.0000010000 1418.6382  1.401057e+03 -4.658048e+06
 [8,]    8 0.011876117 0.0008948483  824.7455 -1.157426e+02 -7.721923e+03
 [9,]    9 0.021232217 0.0010625651  823.5790 -7.973169e+01  3.519508e+03
[10,]   10 0.027561950 0.0010561386  823.1489 -5.242269e+01  2.370459e+03
[11,]   11 0.039657730 0.0010415773  822.6603 -2.801215e+01  5.622958e+02
[12,]   12 0.054094660 0.0010445620  822.3497 -1.696371e+01  4.626994e+02
[13,]   13 0.076140880 0.0010450983  822.0622 -1.018344e+01  3.167623e+02
[14,]   14 0.109086659 0.0010385540  821.8063 -5.800610e+00 -3.793324e+02
[15,]   15 0.201185346 0.0013474625  825.0907 -7.680119e-01  2.121550e+04
[16,]   16 0.115615387 0.0010604520  821.7895 -5.284801e+00  1.528622e+03
[17,]   17 0.156673801 0.0010498914  821.6126 -2.915192e+00  5.656338e+02
[18,]   18 0.207227095 0.0010437906  821.5013 -1.527797e+00 -1.294166e+01
[19,]   19 0.262976303 0.0010441189  821.4382 -8.312920e-01  5.593702e+00
[20,]   20 0.329509116 0.0010442033  821.3970 -4.575517e-01  8.043829e+00
[21,]   21 0.410963341 0.0010437093  821.3688 -2.600545e-01 -4.157279e+01
[22,]   22 0.660508020 0.0016105024  832.6121  2.364556e-01  3.442253e+04
[23,]   23 0.411733911 0.0010454595  821.3692 -2.589164e-01  1.228202e+02
[24,]   24 0.411028453 0.0010438572  821.3688 -2.599582e-01 -2.766023e+01
[25,]   25 0.410969373 0.0010437230  821.3688 -2.600450e-01 -4.028378e+01
[26,]   26 0.410963904 0.0010437106  821.3688 -2.600535e-01 -4.145239e+01
[27,]   27 0.410963393 0.0010437094  821.3688 -2.600541e-01 -4.156154e+01
[28,]   28 0.410963346 0.0010437093  821.3688 -2.600541e-01 -4.157174e+01
[29,]   29 0.410963341 0.0010437093  821.3688 -2.600542e-01 -4.157269e+01
[30,]   30 0.410963341 0.0010437093  821.3688 -2.600542e-01 -4.157278e+01
[31,]   31 0.410963341 0.0010437093  821.3688 -2.600545e-01 -4.157279e+01
[32,]   32 0.410963341 0.0010437093  821.3688 -2.600545e-01 -4.157279e+01
[33,]   33 0.410963341 0.0010437093  821.3688 -2.600530e-01 -4.157278e+01
[34,]   34 0.410963341 0.0010437093  821.3688 -2.600530e-01 -4.157278e+01
[35,]   35 0.410963341 0.0010437093  821.3688 -2.600530e-01 -4.157278e+01
[36,]   36 0.410963341 0.0010437093  821.3688 -2.600530e-01 -4.157278e+01

