[22;0t]0;IPython: scripts/01_msprime_simulations$par
[1] 0.0008765996 0.0118420829

$value
[1] -6673.239

$counts
function gradient 
      40       40 

$convergence
[1] 0

$message
[1] "CONVERGENCE: REL_REDUCTION_OF_F <= FACTR*EPSMCH"

$loginfo
      step         par1        par2        fn           gr1           gr2
 [1,]    1 0.1000000000  0.01000000  6939.638  9.065950e+02 -3.637330e+04
 [2,]    2 0.0000010000 10.00000000 26068.075  2.416088e+03  2.180539e+03
 [3,]    3 0.0689818364  3.10874553 11337.440  2.413915e+03  2.032669e+03
 [4,]    4 0.0901508529  0.99393964  7655.516  2.399250e+03  1.185000e+03
 [5,]    5 0.0967934475  0.33033780  7170.027  3.361570e+03  1.910382e+02
 [6,]    6 0.0989696183  0.11293616  7194.578  3.795668e+03  4.224792e+02
 [7,]    7 0.0996962072  0.04034920  6967.340  1.307232e+03  7.365968e+03
 [8,]    8 0.0998936025  0.02062921  6833.668  6.502276e+02  2.882586e+03
 [9,]    9 0.0997202409  0.01984933  6831.651  6.452909e+02  1.980496e+03
[10,]   10 0.0987571044  0.01801840  6829.733  6.469252e+02 -7.138692e+02
[11,]   11 0.0983900380  0.01827203  6829.370  6.471141e+02 -2.836352e+02
[12,]   12 0.0951888492  0.01899275  6827.492  6.559688e+02  8.276650e+02
[13,]   13 0.0829234604  0.02044328  6821.693  7.067116e+02  2.552285e+03
[14,]   14 0.0293119708  0.02490010  6780.183  1.937938e+03  3.503300e+03
[15,]   15 0.0000010000  0.02733677  6747.154 -4.054118e+05  4.323663e+02
[16,]   16 0.0291934076  0.02490995  6779.987  1.946402e+03  3.497199e+03
[17,]   17 0.0096978367  0.02653066  6725.682  4.577944e+03  1.534694e+03
[18,]   18 0.0032870546  0.02706360  6692.147  5.655623e+03  6.525600e+02
[19,]   19 0.0000010000  0.02724417  6747.114 -4.056820e+05  4.264223e+02
[20,]   20 0.0020386380  0.02713220  6685.813  4.094561e+03  6.168472e+02
[21,]   21 0.0000010000  0.02705260  6747.033 -4.063283e+05  4.154032e+02
[22,]   22 0.0013591013  0.02710565  6683.919  8.354656e+02  6.661729e+02
[23,]   23 0.0011757879  0.02686190  6683.739 -8.441386e+02  7.085172e+02
[24,]   24 0.0011521388  0.02634802  6683.384 -1.031725e+03  7.603228e+02
[25,]   25 0.0010575421  0.02429248  6681.740 -1.831481e+03  9.484375e+02
[26,]   26 0.0006791555  0.01607033  6676.392 -8.299045e+03  7.125290e+02
[27,]   27 0.0007105482  0.00000100 16737.185  1.024283e+05 -6.146454e+07
[28,]   28 0.0006895200  0.01076493  6673.643 -2.786791e+03 -2.921544e+02
[29,]   29 0.0010026463  0.01399693  6674.020 -3.286637e+02  4.926547e+02
[30,]   30 0.0007935214  0.01183840  6673.302 -1.799745e+03  1.284671e+02
[31,]   31 0.0008959974  0.01171506  6673.254  5.515786e+02 -1.152519e+02
[32,]   32 0.0008818629  0.01186894  6673.240  5.558079e+01  1.000565e+01
[33,]   33 0.0008765996  0.01184208  6673.239 -3.422295e+00  1.609882e-01
[34,]   34 0.0008767970  0.01184229  6673.239  3.630143e-02 -2.501756e-03
[35,]   35 0.0008766008  0.01184208  6673.239 -3.401580e+00  1.600096e-01
[36,]   36 0.0008765997  0.01184208  6673.239 -3.422170e+00  1.609825e-01
[37,]   37 0.0008765996  0.01184208  6673.239 -3.422294e+00  1.609881e-01
[38,]   38 0.0008765996  0.01184208  6673.239 -3.422294e+00  1.609881e-01
[39,]   39 0.0008765996  0.01184208  6673.239 -3.422294e+00  1.609881e-01

