[22;0t]0;IPython: scripts/01_msprime_simulations$par
[1] 0.210840789 0.005917471

$value
[1] -3609.26

$counts
function gradient 
      16       16 

$convergence
[1] 0

$message
[1] "CONVERGENCE: REL_REDUCTION_OF_F <= FACTR*EPSMCH"

$loginfo
      step       par1        par2       fn           gr1           gr2
 [1,]    1 0.10000000 0.010000000 3672.619  2.650222e+01  2.239508e+04
 [2,]    2 0.00000100 0.000001000 7315.521  1.230484e+05 -2.673844e+07
 [3,]    3 0.06570095 0.006570404 3615.071 -6.709851e+01  8.621715e+03
 [4,]    4 0.05012206 0.004696541 3617.450  5.684874e+01 -1.405860e+04
 [5,]    5 0.05863130 0.005720051 3611.276 -4.173369e+01  7.408772e+02
 [6,]    6 0.05872707 0.005677855 3611.251 -3.903393e+01  2.362255e+02
 [7,]    7 0.05960246 0.005655380 3611.216 -3.688130e+01 -8.975935e+01
 [8,]    8 0.06586786 0.005603902 3611.040 -2.917045e+01 -1.113844e+03
 [9,]    9 0.08052705 0.005591802 3610.698 -2.059112e+01 -2.042947e+03
[10,]   10 0.12346242 0.005689990 3609.863 -9.541743e+00 -2.119500e+03
[11,]   11 0.18095529 0.005918213 3609.296 -2.654832e+00  1.710144e+02
[12,]   12 0.19093413 0.005937808 3609.280 -1.706372e+00  3.654855e+02
[13,]   13 0.20253042 0.005931984 3609.265 -6.556872e-01  2.297710e+02
[14,]   14 0.20845594 0.005911974 3609.260 -1.368025e-01 -6.373087e+01
[15,]   15 0.21023975 0.005916711 3609.260 -3.770206e-02 -7.408972e+00
[16,]   16 0.21084079 0.005917471 3609.260 -1.606609e-03  3.890560e-01

