[22;0t]0;IPython: scripts/01_msprime_simulations$par
[1] 0.000001 2.979060

$value
[1] -25896.96

$counts
function gradient 
      10       10 

$convergence
[1] 0

$message
[1] "CONVERGENCE: REL_REDUCTION_OF_F <= FACTR*EPSMCH"

$loginfo
      step       par1      par2       fn       gr1           gr2
 [1,]    1 0.10000000  0.010000 30932.19 14068.782 -5.095751e+05
 [2,]    2 0.00000100 10.000000 33628.82  2416.096  1.549299e+03
 [3,]    3 0.06665244  3.341454 26104.75  2390.964  2.570234e+02
 [4,]    4 0.05101590  3.339573 26066.87  2391.931  2.552618e+02
 [5,]    5 0.00000100  3.333435 25942.89  2415.994  2.495578e+02
 [6,]    6 0.00000100  3.331804 25942.48  2415.993  2.485340e+02
 [7,]    7 0.00000100  2.935872 25897.71  2415.830 -3.465668e+01
 [8,]    8 0.00000100  2.984326 25896.97  2415.867  4.155764e+00
 [9,]    9 0.00000100  2.979138 25896.96  2415.864  6.150673e-02
[10,]   10 0.00000100  2.979060 25896.96  2415.864  5.477705e-04

