[22;0t]0;IPython: scripts/01_msprime_simulations$par
[1] 0.0003487762 0.0051249744

$value
[1] -4134.484

$counts
function gradient 
      41       41 

$convergence
[1] 0

$message
[1] "CONVERGENCE: REL_REDUCTION_OF_F <= FACTR*EPSMCH"

$loginfo
      step         par1        par2       fn          gr1           gr2
 [1,]    1 1.000000e-01 0.010000000 4221.031     243.9761  8.111379e+03
 [2,]    2 1.000000e-06 0.000001000 8968.747  121767.8549 -3.287681e+07
 [3,]    3 6.664183e-02 0.006664483 4211.481     336.3114 -1.132509e+04
 [4,]    4 7.584604e-02 0.008074521 4206.718     265.1961 -2.876786e+02
 [5,]    5 7.029426e-02 0.007854352 4205.403     282.5836 -1.575012e+03
 [6,]    6 1.000000e-06 0.005961619 4172.604 -321709.7216 -1.615474e+02
 [7,]    7 7.024182e-02 0.007852940 4205.390     282.7603 -1.583179e+03
 [8,]    8 3.512141e-02 0.006907280 4195.693     581.1862 -6.728383e+03
 [9,]    9 1.166739e-02 0.006275751 4176.443    1898.1495 -6.415513e+03
[10,]   10 3.892266e-03 0.006066396 4155.799    4365.5284 -2.623597e+03
[11,]   11 1.000000e-06 0.006429171 4172.131 -308495.7762 -1.101276e+03
[12,]   12 2.109176e-03 0.006232630 4146.368    6144.5747 -3.417468e+02
[13,]   13 7.721702e-04 0.006357276 4137.389    6122.9419  1.174047e+03
[14,]   14 2.631979e-04 0.006404726 4136.748  -12689.4896  1.589617e+03
[15,]   15 6.098090e-04 0.006372413 4136.514    4517.7003  1.333598e+03
[16,]   16 1.000000e-06 0.006336222 4172.245 -310747.9281 -1.264336e+03
[17,]   17 4.584674e-04 0.006363416 4136.008    1109.8977  1.476831e+03
[18,]   18 7.379017e-05 0.000001000 8977.640  119593.1181 -3.287750e+07
[19,]   19 3.331612e-04 0.004290899 4135.808    3270.2683 -4.198650e+03
[20,]   20 4.235766e-04 0.005786335 4135.119     919.0451  1.349584e+03
[21,]   21 3.790743e-04 0.005050284 4134.524    1404.2764 -2.942721e+02
[22,]   22 3.200825e-04 0.005195709 4134.530   -3018.4879  4.428131e+02
[23,]   23 3.487762e-04 0.005124974 4134.484    -642.6003  9.079891e+01
[24,]   24 3.610443e-04 0.005122014 4134.489     130.2326  3.310897e+01
[25,]   25 3.506259e-04 0.005124528 4134.484    -521.4256  8.206575e+01
[26,]   26 3.491017e-04 0.005124896 4134.484    -621.1515  8.926112e+01
[27,]   27 3.488350e-04 0.005124960 4134.484    -638.7221  9.052111e+01
[28,]   28 3.487869e-04 0.005124972 4134.484    -641.8964  9.074849e+01
[29,]   29 3.487781e-04 0.005124974 4134.484    -642.4725  9.078975e+01
[30,]   30 3.487765e-04 0.005124974 4134.484    -642.5771  9.079724e+01
[31,]   31 3.487762e-04 0.005124974 4134.484    -642.5961  9.079860e+01
[32,]   32 3.487762e-04 0.005124974 4134.484    -642.5995  9.079885e+01
[33,]   33 3.487762e-04 0.005124974 4134.484    -642.6002  9.079890e+01
[34,]   34 3.487762e-04 0.005124974 4134.484    -642.6003  9.079890e+01
[35,]   35 3.487762e-04 0.005124974 4134.484    -642.6003  9.079891e+01
[36,]   36 3.487762e-04 0.005124974 4134.484    -642.6003  9.079891e+01
[37,]   37 3.487762e-04 0.005124974 4134.484    -642.6003  9.079891e+01
[38,]   38 3.487762e-04 0.005124974 4134.484    -642.6003  9.079891e+01
[39,]   39 3.487762e-04 0.005124974 4134.484    -642.6003  9.079891e+01

