[22;0t]0;IPython: scripts/01_msprime_simulations$par
[1] 0.005187591 0.602275469

$value
[1] -54429.04

$counts
function gradient 
      38       38 

$convergence
[1] 0

$message
[1] "CONVERGENCE: REL_REDUCTION_OF_F <= FACTR*EPSMCH"

$loginfo
      step        par1       par2        fn           gr1           gr2
 [1,]    1 0.100000000  0.0100000 130607.10  7.287685e+04 -3.390731e+06
 [2,]    2 0.000001000 10.0000000  57975.64 -3.888311e+06  3.821264e+02
 [3,]    3 3.107852191 10.0000000  65777.04  2.046332e+03  1.583140e+02
 [4,]    4 1.034887648 10.0000000  60522.22  3.163137e+03  1.987914e+02
 [5,]    5 0.344667221 10.0000000  58138.60  3.696896e+03  2.794344e+02
 [6,]    6 0.114916416 10.0000000  57306.01  3.317640e+03  3.394143e+02
 [7,]    7 0.114818439  9.9989982  57305.34  3.317241e+03  3.394797e+02
 [8,]    8 0.114426530  9.9949910  57302.68  3.315628e+03  3.397434e+02
 [9,]    9 0.112858896  9.9789621  57292.04  3.308875e+03  3.407282e+02
[10,]   10 0.106588356  9.9148465  57249.44  3.276548e+03  3.435441e+02
[11,]   11 0.081506199  9.6583841  57081.42  3.040268e+03  3.436769e+02
[12,]   12 0.000001000  8.8250020  57595.69 -4.347026e+06  3.826781e+02
[13,]   13 0.044005826  9.2749467  56852.21  1.950300e+03  3.475913e+02
[14,]   14 0.000001000  8.8332133  57598.83 -4.345733e+06  3.819303e+02
[15,]   15 0.026729227  9.1015191  56767.70  2.798878e+02  3.777268e+02
[16,]   16 0.000001000  8.8293946  57597.37 -4.346338e+06  3.822757e+02
[17,]   17 0.017102683  9.0035097  56737.76 -2.226117e+03  3.853073e+02
[18,]   18 0.010361693  8.9297666  56737.13 -6.775804e+03  3.868278e+02
[19,]   19 0.014144963  8.9711537  56733.90 -3.695051e+03  3.860360e+02
[20,]   20 0.013074223  8.9557769  56732.28 -4.389144e+03  3.862120e+02
[21,]   21 0.011263980  8.8569605  56703.30 -5.826965e+03  3.862663e+02
[22,]   22 0.004023007  8.4616950  56640.47 -2.360775e+04  3.723916e+02
[23,]   23 0.006178003  7.6130159  56263.06 -1.399470e+04  4.160855e+02
[24,]   24 0.014797985  4.2182997  55199.26 -1.010934e+03  1.654690e+02
[25,]   25 0.015417068  0.8399652  54522.32  1.191394e+04  1.818063e+01
[26,]   26 0.009423314  0.0000010 456987.21  1.169680e+05 -1.692131e+09
[27,]   27 0.013419393  0.5600113  54523.99  1.608807e+04 -2.604644e+02
[28,]   28 0.014438802  0.7028711  54517.08  1.340338e+04 -6.373601e+01
[29,]   29 0.000001000  0.6355948  55319.25 -4.926131e+06  1.918945e+02
[30,]   30 0.008996125  0.6775097  54453.17  9.197493e+03  4.004268e+01
[31,]   31 0.000001000  0.4254536  55309.42 -4.948431e+06 -4.529420e+02
[32,]   32 0.005839284  0.5890506  54430.53  3.317971e+03 -4.766808e+01
[33,]   33 0.004328719  0.6189645  54432.29 -5.979125e+03  1.057666e+02
[34,]   34 0.005215183  0.6014097  54429.05  1.624877e+02 -4.110548e+00
[35,]   35 0.005195204  0.6034568  54429.05  1.565094e+01  5.050272e+00
[36,]   36 0.005169330  0.6019477  54429.04 -9.143801e+01 -9.661241e-01
[37,]   37 0.005191750  0.6021842  54429.04  2.336941e+01 -4.106700e-01
[38,]   38 0.005187591  0.6022755  54429.04 -5.499339e-01  6.148948e-02

