[22;0t]0;IPython: scripts/01_msprime_simulations$par
[1] 0.0047520070 0.0004517559

$value
[1] -393.5331

$counts
function gradient 
      25       25 

$convergence
[1] 0

$message
[1] "CONVERGENCE: REL_REDUCTION_OF_F <= FACTR*EPSMCH"

$loginfo
      step         par1         par2       fn           gr1           gr2
 [1,]    1 0.1000000000 0.0100000000 610.0671   2009.169006     2943.3545
 [2,]    2 0.0000010000 0.0000010000 565.8704 100057.046583 -1677643.1492
 [3,]    3 0.0967091455 0.0096709442 602.4966   1999.028389     2984.9591
 [4,]    4 0.0483550727 0.0048359721 494.3916   1663.348242     4946.9018
 [5,]    5 0.0171314013 0.0017138860 422.8249    670.366447    20642.0478
 [6,]    6 0.0077439760 0.0007752279 397.7204     92.492559    19348.7658
 [7,]    7 0.0002744013 0.0000010000 586.3452  45498.263827 -1804398.8298
 [8,]    8 0.0058152235 0.0005753110 394.3900     -7.218277    11202.2618
 [9,]    9 0.0036883269 0.0003281468 394.7103    173.769353   -28836.0916
[10,]   10 0.0047520070 0.0004517559 393.5331      5.506067     -971.5717
[11,]   11 0.0048288971 0.0004612161 393.5455      1.040258      336.2764
[12,]   12 0.0047591423 0.0004526338 393.5338      5.059034     -846.7453
[13,]   13 0.0047527448 0.0004518466 393.5332      5.459528     -958.6315
[14,]   14 0.0047520841 0.0004517653 393.5331      5.501200     -970.2190
[15,]   15 0.0047520151 0.0004517569 393.5331      5.505558     -971.4302
[16,]   16 0.0047520079 0.0004517560 393.5331      5.506014     -971.5569
[17,]   17 0.0047520071 0.0004517559 393.5331      5.506062     -971.5702
[18,]   18 0.0047520070 0.0004517559 393.5331      5.506067     -971.5716
[19,]   19 0.0047520070 0.0004517559 393.5331      5.506067     -971.5717
[20,]   20 0.0047520070 0.0004517559 393.5331      5.506067     -971.5717
[21,]   21 0.0047520070 0.0004517559 393.5331      5.506067     -971.5717
[22,]   22 0.0047520070 0.0004517559 393.5331      5.506067     -971.5717
[23,]   23 0.0047520070 0.0004517559 393.5331      5.506067     -971.5717
[24,]   24 0.0047520070 0.0004517559 393.5331      5.506067     -971.5717
[25,]   25 0.0047520070 0.0004517559 393.5331      5.506067     -971.5717

