[22;0t]0;IPython: scripts/01_msprime_simulations$par
[1] 0.009883547 0.005010667

$value
[1] -2832.707

$counts
function gradient 
      32       32 

$convergence
[1] 0

$message
[1] "CONVERGENCE: REL_REDUCTION_OF_F <= FACTR*EPSMCH"

$loginfo
      step        par1        par2       fn           gr1           gr2
 [1,]    1 0.100000000 0.010000000 2913.151  5.179603e+02  1.509979e+04
 [2,]    2 0.000001000 0.000001000 5718.454  1.207112e+05 -2.083085e+07
 [3,]    3 0.065481318 0.006548443 2857.756  4.202855e+02  5.518525e+03
 [4,]    4 0.021676598 0.003492833 2856.734  9.772458e+02 -2.761270e+04
 [5,]    5 0.045372658 0.005145758 2847.672  4.674695e+02 -4.539915e+03
 [6,]    6 0.030299453 0.004773600 2842.350  5.354144e+02 -7.078358e+03
 [7,]    7 0.000001000 0.004025530 2899.633 -2.821730e+05 -5.962859e+01
 [8,]    8 0.019058415 0.004496058 2838.082  5.921004e+02 -7.930438e+03
 [9,]    9 0.006506917 0.004186161 2834.869 -1.713591e+02 -4.779762e+03
[10,]   10 0.019137857 0.017434753 2920.413  2.277478e+03  4.921857e+03
[11,]   11 0.008053380 0.005808246 2834.918 -4.390107e+02  3.936094e+03
[12,]   12 0.007208493 0.004922044 2833.210 -4.472105e+02  4.262722e+02
[13,]   13 0.034338897 0.006359612 2843.858  4.033602e+02  4.912260e+03
[14,]   14 0.011927829 0.005172109 2832.912  1.519403e+02  4.443176e+02
[15,]   15 0.010549571 0.005040155 2832.729  6.605353e+01 -2.118939e+01
[16,]   16 0.009740470 0.004999872 2832.708 -1.419038e+01 -2.380045e+01
[17,]   17 0.009895154 0.005010519 2832.707  1.583618e+00 -6.058895e+00
[18,]   18 0.009883547 0.005010667 2832.707  1.131474e-01 -1.295862e+00
[19,]   19 0.009883984 0.005011119 2832.707  1.916926e-02  1.477809e+00
[20,]   20 0.009883556 0.005010678 2832.707  1.110284e-01 -1.233341e+00
[21,]   21 0.009883547 0.005010668 2832.707  1.130970e-01 -1.294378e+00
[22,]   22 0.009883547 0.005010667 2832.707  1.131460e-01 -1.295827e+00
[23,]   23 0.009883547 0.005010667 2832.707  1.131475e-01 -1.295862e+00
[24,]   24 0.009883547 0.005010667 2832.707  1.131474e-01 -1.295862e+00
[25,]   25 0.009883547 0.005010667 2832.707  1.131475e-01 -1.295862e+00
[26,]   26 0.009883547 0.005010667 2832.707  1.131474e-01 -1.295862e+00
[27,]   27 0.009883547 0.005010667 2832.707  1.131474e-01 -1.295862e+00
[28,]   28 0.009883547 0.005010667 2832.707  1.131474e-01 -1.295862e+00
[29,]   29 0.009883547 0.005010667 2832.707  1.131474e-01 -1.295862e+00
[30,]   30 0.009883547 0.005010667 2832.707  1.131474e-01 -1.295862e+00
[31,]   31 0.009883547 0.005010667 2832.707  1.131474e-01 -1.295862e+00

