[22;0t]0;IPython: scripts/01_msprime_simulations$par
[1] 0.000001 2.567391

$value
[1] -23390.58

$counts
function gradient 
      11       11 

$convergence
[1] 0

$message
[1] "CONVERGENCE: REL_REDUCTION_OF_F <= FACTR*EPSMCH"

$loginfo
      step       par1      par2       fn       gr1           gr2
 [1,]    1 0.10000000  0.010000 27441.85 10501.302 -4.224987e+05
 [2,]    2 0.00000100 10.000000 32400.28  2416.097  1.651869e+03
 [3,]    3 0.06668109  3.338593 23781.05  2412.638  5.460609e+02
 [4,]    4 0.04766567  3.334123 23732.73  2413.597  5.436196e+02
 [5,]    5 0.00000100  3.322918 23611.57  2416.045  5.375070e+02
 [6,]    6 0.00000100  3.318688 23609.30  2416.045  5.351997e+02
 [7,]    7 0.00000100  2.337581 23416.66  2415.967 -2.344810e+02
 [8,]    8 0.00000100  2.636472 23392.75  2416.006  6.232756e+01
 [9,]    9 0.00000100  2.573707 23390.59  2416.000  5.841180e+00
[10,]   10 0.00000100  2.567217 23390.58  2416.000 -1.608358e-01
[11,]   11 0.00000100  2.567391 23390.58  2415.999  4.027243e-05

