[22;0t]0;IPython: scripts/01_msprime_simulations$par
[1] 1.673793864 0.001084203

$value
[1] -843.7988

$counts
function gradient 
      35       35 

$convergence
[1] 0

$message
[1] "CONVERGENCE: REL_REDUCTION_OF_F <= FACTR*EPSMCH"

$loginfo
      step        par1         par2        fn           gr1           gr2
 [1,]    1 0.100000000 0.0100000000 1077.6774  1.376038e+03  8.068168e+03
 [2,]    2 0.000001000 0.0000010000 1342.9919  1.169966e+05 -4.584982e+06
 [3,]    3 0.055700681 0.0055704668  973.8779  7.289100e+02  1.905965e+04
 [4,]    4 0.019393386 0.0019400641  865.3191 -8.275368e+01  2.902546e+04
 [5,]    5 0.007588097 0.0007596414  851.4314 -1.384569e+02 -2.242311e+04
 [6,]    6 0.012992471 0.0013000302  850.9228 -2.588475e+02  1.646668e+04
 [7,]    7 0.010242196 0.0000010000 1468.4791  1.358178e+03 -4.842132e+06
 [8,]    8 0.012166522 0.0009099120  848.5537 -1.641035e+02 -8.009456e+03
 [9,]    9 0.026060577 0.0010968922  846.6932 -8.172736e+01  4.190547e+03
[10,]   10 0.033307965 0.0010768072  846.1416 -5.471408e+01  1.919966e+03
[11,]   11 0.048694836 0.0010682425  845.5105 -2.962772e+01  1.794644e+02
[12,]   12 0.067744433 0.0010800037  845.0887 -1.701489e+01  4.816747e+02
[13,]   13 0.092857161 0.0010856932  844.7741 -9.454869e+00  5.645148e+02
[14,]   14 0.128514179 0.0006590616  855.1430  2.379976e-01 -6.234445e+04
[15,]   15 0.094181393 0.0010698489  844.7590 -9.042450e+00 -7.992491e+02
[16,]   16 0.124945038 0.0010796576  844.5437 -5.343040e+00 -1.570594e+02
[17,]   17 0.168875555 0.0010849441  844.3665 -3.134674e+00  1.927414e+02
[18,]   18 0.230821566 0.0010846279  844.2166 -1.885664e+00  1.098301e+02
[19,]   19 0.324350813 0.0010843248  844.0817 -1.106894e+00  5.133700e+01
[20,]   20 0.457302229 0.0010842559  843.9708 -6.249360e-01  2.704670e+01
[21,]   21 0.575105876 0.0000010000 1489.5234  1.178615e+00 -4.882792e+06
[22,]   22 0.490234544 0.0007814289  848.9806 -3.598424e-01 -3.848631e+04
[23,]   23 0.457417823 0.0010831929  843.9705 -6.245573e-01 -6.939112e+01
[24,]   24 0.629780856 0.0010838859  843.8911 -3.337428e-01 -1.700362e+01
[25,]   25 0.827569996 0.0010842061  843.8432 -1.705044e-01  6.630780e+00
[26,]   26 1.034151610 0.0010841954  843.8179 -8.436440e-02  2.725552e+00
[27,]   27 1.236475325 0.0010841971  843.8058 -3.989719e-02  1.272692e+00
[28,]   28 1.418005663 0.0010841989  843.8008 -1.734463e-02  5.199109e-01
[29,]   29 1.521460209 0.0000010000 1489.9852  2.214716e-01 -4.883776e+06
[30,]   30 1.446916579 0.0007814933  848.8882  6.342828e-03 -3.885816e+04
[31,]   31 1.418007959 0.0010841748  843.8008 -1.734305e-02 -1.691268e+00
[32,]   32 1.557599962 0.0010842753  843.7992 -6.400099e-03  7.032566e+00
[33,]   33 1.639235528 0.0010842022  843.7988 -1.703004e-03  5.039110e-02
[34,]   34 1.668835214 0.0010842026  843.7988 -2.443579e-04  6.538643e-03
[35,]   35 1.673793864 0.0010842027  843.7988 -1.174897e-05  3.344616e-04

