[22;0t]0;IPython: scripts/01_msprime_simulations$par
[1] 0.01140275 0.13168835

$value
[1] -30673.49

$counts
function gradient 
      40       40 

$convergence
[1] 0

$message
[1] "CONVERGENCE: REL_REDUCTION_OF_F <= FACTR*EPSMCH"

$loginfo
      step         par1        par2        fn           gr1           gr2
 [1,]    1  0.100000000  0.01000000  42850.19  2.501538e+04 -8.576551e+05
 [2,]    2  0.000001000 10.00000000  38198.93 -1.567540e+05  1.178650e+03
 [3,]    3  0.066627394  3.34395666  32299.87  1.803445e+03  6.132293e+02
 [4,]    4  0.059586969  3.34145428  32286.26  1.619570e+03  6.151881e+02
 [5,]    5  0.031425268  3.33144475  32251.62  8.869246e+01  6.191197e+02
 [6,]    6  0.025066209  3.32538827  32249.67 -7.106754e+02  6.180609e+02
 [7,]    7  0.026045572  3.31885571  32245.01 -5.627637e+02  6.163803e+02
 [8,]    8  0.029963024  3.29272546  32227.81 -6.448402e+01  6.099518e+02
 [9,]    9  0.055781590  2.85435653  31998.25  1.614883e+03  5.792298e+02
[10,]   10  0.143528156  0.74304532  31617.65  5.248130e+03  3.557007e+01
[11,]   11  0.106681502  1.20571138  31465.64  4.722215e+03  1.974734e+02
[12,]   12  0.033697981  1.47902535  31277.61  1.521712e+03  4.301274e+02
[13,]   13  0.000001000  0.96520883  31950.76 -3.851993e+06  1.814134e+02
[14,]   14  0.020104380  1.27174812  31182.49 -5.572900e+02  4.071277e+02
[15,]   15  0.017377925  0.00000100 135539.37  8.359333e+04 -4.963393e+08
[16,]   16  0.019192357  0.84633755  31042.11  8.980734e+00  3.052396e+02
[17,]   17  0.000001000  0.00000100 133775.22  1.246808e+05 -4.962999e+08
[18,]   18  0.012784762  0.56376337  30927.29 -2.181603e+03  5.754149e+02
[19,]   19  0.006392881  0.28188218  30805.96 -1.219782e+04  7.161854e+02
[20,]   20  0.002174239  0.09584060  30798.28 -5.223565e+04 -5.466947e+02
[21,]   21  0.005538588  0.24420797  30788.66 -1.572239e+04  8.268930e+02
[22,]   22  0.003562905  0.15708057  30756.46 -2.965738e+04  8.161458e+02
[23,]   23 10.000000000  0.00000100 148290.83  4.123270e+01 -4.965758e+08
[24,]   24  5.117325022  0.07672518  34562.50  8.621679e+01 -4.728045e+04
[25,]   25  1.648983535  0.13122516  32489.63  4.618185e+02 -8.612510e+03
[26,]   26  0.520669016  0.14895499  31715.71  8.929144e+02 -2.554908e+03
[27,]   27  0.159048159  0.15463734  31198.85  2.484710e+03 -6.263677e+02
[28,]   28  0.048740447  0.15637067  30821.91  4.506965e+03  7.654723e+01
[29,]   29  0.018312971  0.15684879  30691.24  2.925735e+03  4.074217e+02
[30,]   30  0.016989155  0.15666853  30687.55  2.516390e+03  4.285078e+02
[31,]   31  0.008510310  0.15371428  30686.98 -4.774703e+03  5.899857e+02
[32,]   32  0.013865101  0.15558003  30681.20  1.103494e+03  4.756787e+02
[33,]   33  0.010985655  0.15339213  30679.89 -1.165156e+03  5.124358e+02
[34,]   34  0.011968497  0.15327993  30679.18 -2.133280e+02  4.845585e+02
[35,]   35  0.012209663  0.15204269  30678.57  2.278512e+01  4.573558e+02
[36,]   36  0.013073474  0.13894091  30674.95  1.056332e+03  1.444885e+02
[37,]   37  0.012496577  0.13390096  30673.98  8.332223e+02  2.080117e+01
[38,]   38  0.011299870  0.13132573  30673.49 -8.210558e+01 -6.579812e+00
[39,]   39  0.011414521  0.13170034  30673.49  1.063995e+01 -1.349056e-01
[40,]   40  0.011402747  0.13168835  30673.49 -3.196583e-03  3.456027e-02

