[22;0t]0;IPython: scripts/01_msprime_simulations$par
[1] 0.497592879 0.001204111

$value
[1] -924.8686

$counts
function gradient 
      35       35 

$convergence
[1] 0

$message
[1] "CONVERGENCE: REL_REDUCTION_OF_F <= FACTR*EPSMCH"

$loginfo
      step        par1         par2        fn           gr1           gr2
 [1,]    1 0.100000000 0.0100000000 1151.4523  1.341292e+03  8.886292e+03
 [2,]    2 0.000001000 0.0000010000 1492.1569  1.188458e+05 -5.138805e+06
 [3,]    3 0.057118567 0.0057122426 1049.1576  7.327727e+02  1.913397e+04
 [4,]    4 0.019886205 0.0019893415  941.9822 -8.432454e+01  2.577138e+04
 [5,]    5 0.006761970 0.0006770361  937.5696  2.508115e+02 -4.956244e+04
 [6,]    6 0.015341166 0.0015348785  932.3970 -1.863357e+02  1.781610e+04
 [7,]    7 0.007911377 0.0000010000 1624.7713  2.341168e+03 -5.384875e+06
 [8,]    8 0.013050033 0.0010618745  928.6251 -1.490540e+02 -4.353984e+03
 [9,]    9 0.019236234 0.0011805744  927.7335 -1.156952e+02  2.374912e+03
[10,]   10 0.028200391 0.0012006041  926.9766 -7.082608e+01  2.401969e+03
[11,]   11 0.041315350 0.0011388482  926.3163 -3.588117e+01 -3.201171e+03
[12,]   12 0.056488087 0.0011847726  925.8094 -2.255069e+01 -4.601929e+02
[13,]   13 0.078080372 0.0012123009  925.4651 -1.205515e+01  1.098071e+03
[14,]   14 0.099989879 0.0012123766  925.2644 -6.908846e+00  9.164978e+02
[15,]   15 0.126188626 0.0011216505  925.3585 -3.552532e+00 -6.653311e+03
[16,]   16 0.109993629 0.0011777336  925.2100 -5.349768e+00 -1.805728e+03
[17,]   17 0.134334334 0.0011949942  925.0900 -3.382388e+00 -5.486522e+02
[18,]   18 0.174224842 0.0012055901  924.9924 -1.759889e+00  2.035340e+02
[19,]   19 0.216087965 0.0012057541  924.9376 -9.571397e-01  1.799519e+02
[20,]   20 0.265722514 0.0011974746  924.9026 -4.880250e-01 -5.078906e+02
[21,]   21 0.314682242 0.0012017632  924.8844 -2.586579e-01 -1.769407e+02
[22,]   22 0.374926778 0.0012005683  924.8737 -1.129269e-01 -2.846560e+02
[23,]   23 0.480059571 0.0012828038  925.1260 -5.574617e-04  5.995353e+03
[24,]   24 0.380537089 0.0012049568  924.8737 -1.043894e-01  7.053496e+01
[25,]   25 0.424598387 0.0012046751  924.8703 -4.947053e-02  4.381871e+01
[26,]   26 0.464270919 0.0012041770  924.8689 -1.796964e-02  8.496315e-01
[27,]   27 0.486922869 0.0012041824  924.8686 -5.109214e-03  1.544788e-01
[28,]   28 0.495922527 0.0012041920  924.8686 -7.974154e-04  5.336933e-01
[29,]   29 0.497592879 0.0012041106  924.8686 -3.757748e-05 -6.162374e+00
[30,]   30 0.498432097 0.0012042713  924.8686  3.314966e-04  6.893694e+00
[31,]   31 0.497596717 0.0012041114  924.8686 -3.596824e-05 -6.102653e+00
[32,]   32 0.497592897 0.0012041106  924.8686 -3.703860e-05 -6.162098e+00
[33,]   33 0.497592879 0.0012041106  924.8686 -3.708351e-05 -6.162373e+00
[34,]   34 0.497592879 0.0012041106  924.8686 -3.708010e-05 -6.162373e+00
[35,]   35 0.497592879 0.0012041106  924.8686 -3.708351e-05 -6.162373e+00

