[22;0t]0;IPython: scripts/01_msprime_simulations$par
[1] 0.0000010000 0.0001479915

$value
[1] -124.7078

$counts
function gradient 
      39       39 

$convergence
[1] 52

$message
[1] "ERROR: ABNORMAL_TERMINATION_IN_LNSRCH"

$loginfo
      step         par1         par2         fn        gr1          gr2
 [1,]    1 1.000000e-01 1.000000e-02   363.5169  2233.8501    2651.0970
 [2,]    2 1.000000e-06 1.000000e-06   155.6187 47071.5548 -309249.7224
 [3,]    3 1.000000e-06 1.000000e+01 24356.1107  2416.0985    2323.4690
 [4,]    4 1.000000e-06 3.294223e+00  8292.8929  2416.0739    2466.8493
 [5,]    5 1.000000e-06 1.085094e+00  2795.1757  2415.9872    2507.7989
 [6,]    6 1.000000e-06 3.575318e-01   970.0731  2415.7108    2501.2393
 [7,]    7 1.000000e-06 1.179201e-01   375.3859  2414.8660    2438.2911
 [8,]    8 1.000000e-06 3.899173e-02   188.1151  2412.3127    2234.0269
 [9,]    9 1.000000e-06 1.297488e-02   135.1825  2404.6230    1617.4742
[10,]   10 1.000000e-06 1.290738e-02   135.0735  2404.5618    1612.6384
[11,]   11 1.000000e-06 1.263736e-02   134.6407  2404.3102    1592.7786
[12,]   12 1.000000e-06 1.155729e-02   132.9668  2403.1799    1504.0560
[13,]   13 1.000000e-06 7.237004e-03   127.6001  2394.7141     884.2345
[14,]   14 1.000000e-06 3.175336e-04   125.0353  7952.1127    1898.7174
[15,]   15 1.000000e-06 1.000000e-06   155.6187 47071.5548 -309249.7224
[16,]   16 1.000000e-06 3.175336e-04   125.0353  7952.1127    1898.7174
[17,]   17 1.000000e-06 1.000000e-06   155.6187 47071.5548 -309249.7224
[18,]   18 1.000000e-06 2.949831e-04   124.9915  7222.9136    1933.9812
[19,]   19 1.000000e-06 1.479915e-04   124.7078 -2454.3265   -1503.0452
[20,]   20 1.000000e+01 1.000000e+01 47318.3306  2177.1623    2328.0678
[21,]   21 1.243756e+00 1.243884e+00  6172.8277  2376.4028    2511.4744
[22,]   22 1.539870e-01 1.541317e-01   834.7035  2399.0461    2468.1522
[23,]   23 1.996266e-02 2.010936e-02   196.0086  2395.9588    1958.1128
[24,]   24 3.111185e-03 3.258131e-03   134.3583  2351.0196   -1021.6143
[25,]   25 4.398104e-04 5.867955e-04   128.7747  4971.3153    3617.5079
[26,]   26 3.503298e-05 1.820240e-04   124.8505  -750.3659    4455.2420
[27,]   27 5.461349e-06 1.524528e-04   124.7149 -2173.8126    -175.6121
[28,]   28 1.687054e-06 1.486786e-04   124.7085 -2409.2078   -1271.6505
[29,]   29 1.108018e-06 1.480996e-04   124.7079 -2447.1820   -1465.8564
[30,]   30 1.017025e-06 1.480086e-04   124.7078 -2453.1992   -1497.1632
[31,]   31 1.002684e-06 1.479942e-04   124.7078 -2454.1487   -1502.1173
[32,]   32 1.000423e-06 1.479920e-04   124.7078 -2454.2984   -1502.8989
[33,]   33 1.000067e-06 1.479916e-04   124.7078 -2454.3220   -1503.0222
[34,]   34 1.000011e-06 1.479915e-04   124.7078 -2454.3258   -1503.0416
[35,]   35 1.000002e-06 1.479915e-04   124.7078 -2454.3264   -1503.0447
[36,]   36 1.000000e-06 1.479915e-04   124.7078 -2454.3264   -1503.0452
[37,]   37 1.000000e-06 1.479915e-04   124.7078 -2454.3265   -1503.0452
[38,]   38 1.000000e-06 1.479915e-04   124.7078 -2454.3265   -1503.0452
[39,]   39 1.000000e-06 1.479915e-04   124.7078 -2454.3265   -1503.0452

