[22;0t]0;IPython: scripts/01_msprime_simulations$par
[1] 0.001476793 3.699458037

$value
[1] -33605.46

$counts
function gradient 
      31       31 

$convergence
[1] 0

$message
[1] "CONVERGENCE: REL_REDUCTION_OF_F <= FACTR*EPSMCH"

$loginfo
      step        par1      par2       fn           gr1           gr2
 [1,]    1 0.100000000  0.010000 43565.23  2.588760e+04 -8.349146e+05
 [2,]    2 0.000001000 10.000000 38156.24  2.416098e+03  1.171308e+03
 [3,]    3 0.066650874  3.341611 33803.02  2.765330e+03 -1.205627e+02
 [4,]    4 0.055632420  3.341897 33772.67  2.735005e+03 -1.187018e+02
 [5,]    5 0.011558606  3.343043 33658.53  2.235449e+03 -1.287660e+02
 [6,]    6 0.000001000  3.343903 33657.30 -9.604492e+04 -1.233413e+02
 [7,]    7 0.011294595  3.343063 33657.94  2.223612e+03 -1.291561e+02
 [8,]    8 0.005647798  3.343483 33646.38  1.757559e+03 -1.407267e+02
 [9,]    9 0.000001000  3.344551 33657.22 -9.598901e+04 -1.227963e+02
[10,]   10 0.003134162  3.343958 33642.56  1.107969e+03 -1.478654e+02
[11,]   11 0.000001000  3.345237 33657.14 -9.593175e+04 -1.222224e+02
[12,]   12 0.001992339  3.344424 33641.61  3.163245e+02 -1.506377e+02
[13,]   13 0.001444231  3.345337 33641.50 -4.965066e+02 -1.506815e+02
[14,]   14 0.001609851  3.345593 33641.41 -1.934690e+02 -1.506028e+02
[15,]   15 0.001842133  3.347472 33641.12  1.451208e+02 -1.495764e+02
[16,]   16 0.002540937  3.358047 33639.93  8.209782e+02 -1.435644e+02
[17,]   17 0.003700890  3.384729 33637.56  1.423469e+03 -1.375256e+02
[18,]   18 0.006282449  3.461394 33630.97  2.037513e+03 -1.394935e+02
[19,]   19 0.016178847  3.787905 33637.16  2.538709e+03  4.710694e+01
[20,]   20 0.010329175  3.594907 33625.78  2.342648e+03 -7.425858e+01
[21,]   21 0.000001000  3.699604 33619.87 -9.152842e+04 -2.603137e+01
[22,]   22 0.009990367  3.598341 33624.73  2.328873e+03 -7.240227e+01
[23,]   23 0.004995684  3.648973 33611.05  1.896855e+03 -3.994738e+01
[24,]   24 0.000001000  3.712820 33619.59 -9.088322e+04 -1.669811e+01
[25,]   25 0.002645036  3.679021 33606.43  1.159982e+03 -1.641680e+01
[26,]   26 0.000001000  3.691967 33620.09 -9.201554e+04 -3.161386e+01
[27,]   27 0.001695082  3.683672 33605.59  3.660814e+02 -1.061495e+01
[28,]   28 0.001361265  3.706444 33605.49 -2.278331e+02  4.610464e+00
[29,]   29 0.001515672  3.700576 33605.46  5.980456e+01  5.772000e-01
[30,]   30 0.001478419  3.699369 33605.46  2.897420e+00 -5.959013e-02
[31,]   31 0.001476793  3.699458 33605.46 -7.321531e-02  1.227090e-04

