[22;0t]0;IPython: scripts/01_msprime_simulations$par
[1] 0.2895313669 0.0008940802

$value
[1] -717.086

$counts
function gradient 
      36       36 

$convergence
[1] 0

$message
[1] "CONVERGENCE: REL_REDUCTION_OF_F <= FACTR*EPSMCH"

$loginfo
      step       par1         par2        fn           gr1           gr2
 [1,]    1 0.10000000 0.0100000000  944.2946  1.602912e+03  5.577294e+03
 [2,]    2 0.00000100 0.0000010000 1112.8085  1.162116e+05 -3.708065e+06
 [3,]    3 0.05291773 0.0052921966  838.0810  9.306862e+02  1.581480e+04
 [4,]    4 0.01848272 0.0018490060  740.7668  1.868885e+01  2.898142e+04
 [5,]    5 0.00736364 0.0007371977  721.1844 -1.450539e+02 -8.690615e+03
 [6,]    6 0.01025077 0.0069672708  784.4617  3.651436e+03 -8.694193e+02
 [7,]    7 0.00765881 0.0013741402  728.9654 -1.791356e+02  2.194952e+04
 [8,]    8 0.00740701 0.0008307855  720.8985 -2.178299e+02  9.897471e+02
 [9,]    9 0.01307206 0.0008647820  720.0403 -1.238035e+02  1.528868e+03
[10,]   10 0.01986628 0.0008843314  719.4039 -8.121634e+01  1.786770e+03
[11,]   11 0.03193070 0.0008962825  718.6897 -4.597551e+01  1.561410e+03
[12,]   12 0.04714980 0.0008977301  718.1724 -2.508170e+01  1.001810e+03
[13,]   13 0.06530209 0.0008959428  717.8295 -1.400634e+01  5.081133e+02
[14,]   14 0.09235104 0.0009859202  718.0067 -7.360820e+00  8.678575e+03
[15,]   15 0.07320906 0.0009222451  717.7862 -1.150039e+01  3.012567e+03
[16,]   16 0.09722607 0.0009028837  717.5276 -6.756509e+00  1.041735e+03
[17,]   17 0.13120375 0.0008920991  717.3449 -3.843936e+00 -1.436103e+02
[18,]   18 0.17588445 0.0008930074  717.2170 -2.108832e+00 -9.285678e+01
[19,]   19 0.23017526 0.0008951400  717.1341 -1.101583e+00  1.098423e+02
[20,]   20 0.28953137 0.0008940802  717.0860 -5.655443e-01 -2.171040e+01
[21,]   21 0.39103829 0.0010526943  718.3363 -1.266162e-01  1.474687e+04
[22,]   22 0.29153757 0.0008972151  717.0867 -5.537978e-01  3.202244e+02
[23,]   23 0.28984411 0.0008945689  717.0860 -5.637030e-01  3.174864e+01
[24,]   24 0.28958825 0.0008941691  717.0860 -5.652089e-01 -1.198302e+01
[25,]   25 0.28954199 0.0008940968  717.0860 -5.654813e-01 -1.989302e+01
[26,]   26 0.28953336 0.0008940833  717.0860 -5.655325e-01 -2.136919e+01
[27,]   27 0.28953174 0.0008940808  717.0860 -5.655420e-01 -2.164628e+01
[28,]   28 0.28953144 0.0008940803  717.0860 -5.655439e-01 -2.169835e+01
[29,]   29 0.28953138 0.0008940802  717.0860 -5.655440e-01 -2.170813e+01
[30,]   30 0.28953137 0.0008940802  717.0860 -5.655440e-01 -2.170997e+01
[31,]   31 0.28953137 0.0008940802  717.0860 -5.655438e-01 -2.171032e+01
[32,]   32 0.28953137 0.0008940802  717.0860 -5.655443e-01 -2.171038e+01
[33,]   33 0.28953137 0.0008940802  717.0860 -5.655443e-01 -2.171040e+01
[34,]   34 0.28953137 0.0008940802  717.0860 -5.655443e-01 -2.171040e+01
[35,]   35 0.28953137 0.0008940802  717.0860 -5.655443e-01 -2.171040e+01
[36,]   36 0.28953137 0.0008940802  717.0860 -5.655443e-01 -2.171040e+01

