[22;0t]0;IPython: scripts/01_msprime_simulations$par
[1] 0.001812348 0.418827637

$value
[1] -34406.3

$counts
function gradient 
      45       45 

$convergence
[1] 0

$message
[1] "CONVERGENCE: REL_REDUCTION_OF_F <= FACTR*EPSMCH"

$loginfo
      step         par1       par2        fn           gr1           gr2
 [1,]    1 0.1000000000  0.0100000  48163.50  3.020911e+04 -9.675793e+05
 [2,]    2 0.0000010000 10.0000000  39910.75  2.416060e+03  1.024827e+03
 [3,]    3 0.0666428391  3.3424137  35643.80  3.451363e+03  3.920274e+02
 [4,]    4 0.0547471176  3.3408542  35602.55  3.374938e+03  4.005221e+02
 [5,]    5 0.0071642315  3.3346161  35467.01  4.684696e+02  4.330618e+02
 [6,]    6 0.0000010000  3.3312952  35623.56 -8.909903e+05  3.099190e+02
 [7,]    7 0.0047853631  3.3335132  35467.11 -1.166872e+03  4.299424e+02
 [8,]    8 0.0060053720  3.3340788  35466.58 -1.732936e+02  4.319207e+02
 [9,]    9 0.0059610847  3.3316195  35465.53 -2.050004e+02  4.304012e+02
[10,]   10 0.0057839355  3.3217824  35461.37 -3.375198e+02  4.245172e+02
[11,]   11 0.0050753389  3.2824339  35445.49 -9.666701e+02  4.084584e+02
[12,]   12 0.0022409525  3.1250398  35389.26 -7.123886e+03  3.998261e+02
[13,]   13 0.0026748284  1.2624916  34540.70 -3.645307e+03  1.990604e+02
[14,]   14 0.0036153501  0.0000010 150578.05  1.176124e+05 -5.570393e+08
[15,]   15 0.0029887989  0.8410395  34464.57 -4.802350e+02  3.761313e+02
[16,]   16 0.0033020745  0.4205203  34413.65  8.208694e+03 -2.046206e+00
[17,]   17 0.0000010000  0.3575997  34565.83 -1.095741e+06  2.352960e+01
[18,]   18 0.0021303862  0.3981871  34408.91  2.730383e+03 -5.413138e+01
[19,]   19 0.0000010000  0.5717972  34573.67 -1.088134e+06  7.086412e+01
[20,]   20 0.0014355048  0.4548412  34413.87 -5.465994e+03  3.164467e+02
[21,]   21 0.0019168351  0.4155981  34406.45  1.035828e+03 -5.954413e+01
[22,]   22 0.0001769106  0.7279115  34451.19 -1.507538e+05  2.959329e+02
[23,]   23 0.0013102380  0.5244812  34410.14 -7.801238e+03  3.830976e+01
[24,]   24 0.0017661817  0.4426401  34409.53 -8.761570e+02  2.201392e+02
[25,]   25 0.0018957520  0.4193825  34406.33  7.864585e+02  8.048763e+00
[26,]   26 0.0018393546  0.4189691  34406.30  2.554778e+02  1.928600e+00
[27,]   27 0.0018123479  0.4188276  34406.30 -1.183298e+01 -7.170456e-02
[28,]   28 0.0018135416  0.4188329  34406.30  1.699294e-01  6.792834e-04
[29,]   29 0.0018124786  0.4188282  34406.30 -1.051830e+01 -6.377864e-02
[30,]   30 0.0018123640  0.4188277  34406.30 -1.167093e+01 -7.072798e-02
[31,]   31 0.0018123499  0.4188276  34406.30 -1.181273e+01 -7.158251e-02
[32,]   32 0.0018123482  0.4188276  34406.30 -1.183045e+01 -7.168670e-02
[33,]   33 0.0018123479  0.4188276  34406.30 -1.183269e+01 -7.170045e-02
[34,]   34 0.0018123479  0.4188276  34406.30 -1.183296e+01 -7.170558e-02
[35,]   35 0.0018123479  0.4188276  34406.30 -1.183298e+01 -7.170354e-02
[36,]   36 0.0018123479  0.4188276  34406.30 -1.183298e+01 -7.170354e-02
[37,]   37 0.0018123479  0.4188276  34406.30 -1.183297e+01 -7.170260e-02
[38,]   38 0.0018123479  0.4188276  34406.30 -1.183298e+01 -7.170373e-02
[39,]   39 0.0018123479  0.4188276  34406.30 -1.183298e+01 -7.170354e-02
[40,]   40 0.0018123479  0.4188276  34406.30 -1.183298e+01 -7.170354e-02
[41,]   41 0.0018123479  0.4188276  34406.30 -1.183298e+01 -7.170362e-02
[42,]   42 0.0018123479  0.4188276  34406.30 -1.183298e+01 -7.170362e-02
[43,]   43 0.0018123479  0.4188276  34406.30 -1.183298e+01 -7.170376e-02
[44,]   44 0.0018123479  0.4188276  34406.30 -1.183298e+01 -7.170362e-02

