[22;0t]0;IPython: scripts/01_msprime_simulations$par
[1] 0.0005221095 0.6744349605

$value
[1] -18536.83

$counts
function gradient 
      49       49 

$convergence
[1] 0

$message
[1] "CONVERGENCE: REL_REDUCTION_OF_F <= FACTR*EPSMCH"

$loginfo
      step         par1       par2       fn           gr1           gr2
 [1,]    1 0.1000000000  0.0100000 24013.19  1.176838e+04 -4.041400e+05
 [2,]    2 0.0000010000 10.0000000 31727.35  2.416099e+03  1.708051e+03
 [3,]    3 0.0667247595  3.3342298 21296.31  3.265352e+03  1.582710e+03
 [4,]    4 0.0398407190  3.3209664 21187.67  3.253530e+03  1.577060e+03
 [5,]    5 0.0000010000  3.3013114 21046.14 -8.898933e+04  1.567613e+03
 [6,]    6 0.0380995672  3.3201074 21180.66  3.251713e+03  1.576668e+03
 [7,]    7 0.0120200749  3.3072410 21076.46  3.144173e+03  1.570545e+03
 [8,]    8 0.0038733138  3.3032218 21045.44  2.795829e+03  1.568563e+03
 [9,]    9 0.0000010000  3.2408893 20952.34 -8.898926e+04  1.536778e+03
[10,]   10 0.0026966872  3.2842817 21012.64  2.570579e+03  1.559040e+03
[11,]   11 0.0013488436  3.2625855 20975.86  1.827392e+03  1.547986e+03
[12,]   12 0.0003432336  3.2463982 20950.27 -2.687661e+03  1.539638e+03
[13,]   13 0.0186808814  0.0000010 72749.61  5.259312e+04 -2.641452e+08
[14,]   14 0.0068624648  2.0922691 19570.86  2.123045e+03  1.137900e+03
[15,]   15 0.0110892356  0.0000010 72289.61  7.051206e+04 -2.641103e+08
[16,]   16 0.0083167463  1.3723940 18860.23  3.544143e+03  7.839108e+02
[17,]   17 0.0067890461  0.0000010 71952.09  8.758835e+04 -2.640850e+08
[18,]   18 0.0077999650  0.9081491 18587.53  5.436108e+03  3.390418e+02
[19,]   19 0.0025952847  0.5258910 18572.68  5.845363e+03 -5.595323e+02
[20,]   20 0.0053925416  0.7313357 18567.74  5.600070e+03  1.211990e+02
[21,]   21 0.0000010000  0.6651351 18558.31 -1.765724e+05 -1.209368e+02
[22,]   22 0.0051861286  0.7288013 18566.27  5.635830e+03  1.278979e+02
[23,]   23 0.0025935643  0.6969682 18547.92  5.420001e+03  1.113641e+02
[24,]   24 0.0009236910  0.6764645 18537.68  3.358779e+03  2.388827e+01
[25,]   25 0.0000010000  0.6628908 18558.61 -1.766872e+05 -1.463068e+02
[26,]   26 0.0006382791  0.6722658 18536.95  1.410485e+03 -2.497585e+01
[27,]   27 0.0000010000  0.6910415 18556.32 -1.481707e+05 -5.079506e+01
[28,]   28 0.0004915235  0.6765895 18536.86 -4.956442e+02  2.512660e+01
[29,]   29 0.0005214818  0.6741091 18536.83 -1.647309e+01 -3.757085e+00
[30,]   30 0.0005253949  0.6744796 18536.83  4.318958e+01  5.974451e-01
[31,]   31 0.0005221095  0.6744350 18536.83 -6.231971e+00  6.744673e-02
[32,]   32 0.0005225347  0.6744283 18536.83  1.743295e-01 -1.017594e-02
[33,]   33 0.0005221149  0.6744349 18536.83 -6.150503e+00  6.645141e-02
[34,]   34 0.0005221095  0.6744350 18536.83 -6.230925e+00  6.742785e-02
[35,]   35 0.0005221095  0.6744350 18536.83 -6.231957e+00  6.744405e-02
[36,]   36 0.0005221095  0.6744350 18536.83 -6.231971e+00  6.744678e-02
[37,]   37 0.0005221095  0.6744350 18536.83 -6.231971e+00  6.744673e-02
[38,]   38 0.0005221095  0.6744350 18536.83 -6.231971e+00  6.744673e-02
[39,]   39 0.0005221095  0.6744350 18536.83 -6.231971e+00  6.744651e-02
[40,]   40 0.0005221095  0.6744350 18536.83 -6.231971e+00  6.744651e-02
[41,]   41 0.0005221095  0.6744350 18536.83 -6.231971e+00  6.744674e-02
[42,]   42 0.0005221095  0.6744350 18536.83 -6.231971e+00  6.744651e-02
[43,]   43 0.0005221095  0.6744350 18536.83 -6.231971e+00  6.744673e-02
[44,]   44 0.0005221095  0.6744350 18536.83 -6.231971e+00  6.744651e-02
[45,]   45 0.0005221095  0.6744350 18536.83 -6.231971e+00  6.744674e-02

