[22;0t]0;IPython: scripts/01_msprime_simulations$par
[1] 0.0004646316 0.3510598707

$value
[1] -24138.13

$counts
function gradient 
      49       49 

$convergence
[1] 0

$message
[1] "CONVERGENCE: REL_REDUCTION_OF_F <= FACTR*EPSMCH"

$loginfo
      step         par1       par2       fn           gr1           gr2
 [1,]    1 0.1000000000  0.0100000 29753.07   14161.76385 -4.955340e+05
 [2,]    2 0.0000010000 10.0000000 33333.61    2416.09793  1.573946e+03
 [3,]    3 0.0666630985  3.3403898 25521.80    2387.29551  3.965266e+02
 [4,]    4 0.0506044666  3.3375061 25482.41    2376.87960  3.921321e+02
 [5,]    5 0.0000010000  3.3284193 25377.76  -89742.39142  3.704078e+02
 [6,]    6 0.0492601622  3.3372647 25479.12    2375.74914  3.916871e+02
 [7,]    7 0.0246305811  3.3328420 25419.25    2339.69498  3.811527e+02
 [8,]    8 0.0080184861  3.3298590 25380.01    2194.50818  3.729832e+02
 [9,]    9 0.0026904597  3.3289022 25368.78    1715.34585  3.713159e+02
[10,]   10 0.0000010000  3.3250648 25376.52  -89757.45118  3.685061e+02
[11,]   11 0.0015364976  3.3272557 25366.45    1159.35534  3.702473e+02
[12,]   12 0.0000010000  3.2680769 25356.47  -89829.92719  3.346325e+02
[13,]   13 0.0012799960  3.3173700 25362.55     897.53987  3.643846e+02
[14,]   14 0.0006404980  3.2927235 25353.56    -683.24744  3.496192e+02
[15,]   15 0.0022063097  2.5972574 25093.60   -1079.73507  6.682330e+02
[16,]   16 0.0080539200  0.0000010 87622.90  100719.29376 -3.215813e+08
[17,]   17 0.0041949869  1.7139728 24573.47    3297.69673  4.039512e+02
[18,]   18 0.0052120479  1.2622381 24452.62    3641.17100  3.160170e+02
[19,]   19 0.0050814114  0.0000010 87312.06  108601.73046 -3.215739e+08
[20,]   20 0.0051683029  0.8395655 24286.72    6457.72861  4.921150e+02
[21,]   21 0.0051248572  0.4197832 24231.36   11363.69850  6.566214e+02
[22,]   22 0.0050959069  0.1400595 24242.72   21483.55690 -4.258984e+02
[23,]   23 0.0051133193  0.3083017 24202.01   15263.65649 -2.289059e+02
[24,]   24 0.0000010000  0.5974495 24232.68 -266378.86054 -2.543175e+02
[25,]   25 0.0024502651  0.4589214 24203.73    7359.67824 -4.102994e+02
[26,]   26 0.0045845418  0.3382088 24188.92   14483.64089 -1.659746e+02
[27,]   27 0.0000010000  0.3996501 24200.69 -332353.24425  1.091182e+03
[28,]   28 0.0020939056  0.3715952 24156.20   11917.90956  2.556783e+02
[29,]   29 0.0000010000  0.3367739 24178.33 -322469.68629 -3.792023e+02
[30,]   30 0.0011134357  0.3552824 24142.60    9571.05276  1.680339e+02
[31,]   31 0.0000010000  0.3186867 24180.93 -345380.26410 -4.116017e+02
[32,]   32 0.0007071224  0.3419159 24139.73    5128.93706 -1.225002e+02
[33,]   33 0.0000010000  0.3582570 24175.06 -308108.37514  2.513003e+02
[34,]   34 0.0005047721  0.3465987 24138.46     879.46068 -1.201888e+02
[35,]   35 0.0003396234  0.3634642 24141.35   -6487.97721  3.998583e+02
[36,]   36 0.0004698661  0.3501634 24138.14      48.27791 -3.253070e+01
[37,]   37 0.0004664189  0.3514728 24138.13      38.68177  1.511517e+01
[38,]   38 0.0004646316  0.3510599 24138.13     -60.61493 -6.827211e-01
[39,]   39 0.0004667629  0.3510712 24138.13      17.19886 -7.995728e-02
[40,]   40 0.0004647220  0.3510604 24138.13     -57.30081 -6.571473e-01
[41,]   41 0.0004646356  0.3510599 24138.13     -60.46742 -6.815811e-01
[42,]   42 0.0004646318  0.3510599 24138.13     -60.60834 -6.826786e-01
[43,]   43 0.0004646316  0.3510599 24138.13     -60.61463 -6.827160e-01
[44,]   44 0.0004646317  0.3510599 24138.13     -60.61048 -6.826839e-01
[45,]   45 0.0004646316  0.3510599 24138.13     -60.61444 -6.827125e-01
[46,]   46 0.0004646316  0.3510599 24138.13     -60.61463 -6.827149e-01
[47,]   47 0.0004646316  0.3510599 24138.13     -60.61450 -6.827147e-01
[48,]   48 0.0004646316  0.3510599 24138.13     -60.61462 -6.827152e-01
[49,]   49 0.0004646316  0.3510599 24138.13     -60.61463 -6.827149e-01

