[22;0t]0;IPython: scripts/01_msprime_simulations$par
[1] 0.629728701 0.005117837

$value
[1] -3190.849

$counts
function gradient 
      21       21 

$convergence
[1] 0

$message
[1] "CONVERGENCE: REL_REDUCTION_OF_F <= FACTR*EPSMCH"

$loginfo
      step       par1        par2       fn           gr1           gr2
 [1,]    1 0.10000000 0.010000000 3289.104  4.653592e+01  2.590269e+04
 [2,]    2 0.00000100 0.000001000 6327.537  1.229402e+05 -2.309235e+07
 [3,]    3 0.06515793 0.006516106 3213.352 -1.365502e+02  1.581064e+04
 [4,]    4 0.03543906 0.002068667 3304.656  6.657146e+02 -1.140708e+05
 [5,]    5 0.05552680 0.005074804 3199.931 -1.337515e+02  3.141097e+03
 [6,]    6 0.05562461 0.004819166 3199.558 -1.161433e+02 -4.395211e+02
 [7,]    7 0.05743395 0.004856271 3199.342 -1.141898e+02 -1.656544e+01
 [8,]    8 0.06467130 0.005004690 3198.669 -1.065293e+02  1.674029e+03
 [9,]    9 0.09098875 0.005194016 3196.816 -7.253544e+01  3.228726e+03
[10,]   10 0.12802391 0.005218907 3194.816 -4.296369e+01  2.776994e+03
[11,]   11 0.17802719 0.005122916 3193.074 -2.260797e+01  7.571669e+02
[12,]   12 0.23447627 0.005096136 3192.114 -1.231591e+01 -1.929560e+01
[13,]   13 0.31012851 0.005204205 3191.527 -6.159887e+00  1.569551e+03
[14,]   14 0.40491023 0.005023514 3191.139 -2.508636e+00 -1.624312e+03
[15,]   15 0.45145808 0.005094176 3190.973 -1.653725e+00 -3.876411e+02
[16,]   16 0.52252359 0.005129443 3190.887 -7.602267e-01  2.192293e+02
[17,]   17 0.57561316 0.005127563 3190.858 -3.237712e-01  1.807150e+02
[18,]   18 0.61499425 0.005118720 3190.850 -8.539326e-02  1.967643e+01
[19,]   19 0.62885815 0.005117279 3190.849 -1.492784e-02 -7.078787e+00
[20,]   20 0.63254861 0.005119644 3190.849  2.670708e-03  3.539394e+01
[21,]   21 0.62972870 0.005117837 3190.849 -1.074116e-02  2.940182e+00

