[22;0t]0;IPython: scripts/01_msprime_simulations$par
[1] 0.0218744265 0.0006243995

$value
[1] -516.0534

$counts
function gradient 
      33       33 

$convergence
[1] 0

$message
[1] "CONVERGENCE: REL_REDUCTION_OF_F <= FACTR*EPSMCH"

$loginfo
      step        par1         par2       fn           gr1           gr2
 [1,]    1 0.100000000 0.0100000000 731.4344  1.803398e+03  4.450781e+03
 [2,]    2 0.000001000 0.0000010000 771.1973  1.103156e+05 -2.461972e+06
 [3,]    3 0.045661864 0.0045666755 611.6759  1.245511e+03  9.628819e+03
 [4,]    4 0.015525694 0.0015533297 536.9396  2.152273e+02  2.629988e+04
 [5,]    5 0.006728240 0.0006736634 517.1171 -1.954910e+02  7.804152e+03
 [6,]    6 0.012711605 0.0000010000 844.6193  4.381485e+02 -2.738295e+06
 [7,]    7 0.008199773 0.0005082304 517.0866 -6.303683e+01 -1.512781e+04
 [8,]    8 0.007310688 0.0006081833 516.6649 -1.480958e+02  9.684430e+02
 [9,]    9 0.032807839 0.0007630716 517.2984  1.436659e+01  1.458445e+04
[10,]   10 0.015901035 0.0006603673 516.2426 -2.723154e+01  4.877544e+03
[11,]   11 0.017080837 0.0006186193 516.0834 -1.579992e+01 -2.738669e+02
[12,]   12 0.018304538 0.0006199357 516.0681 -1.071535e+01 -2.529535e+02
[13,]   13 0.020930264 0.0006244639 516.0548 -2.679483e+00  8.563490e+01
[14,]   14 0.021762095 0.0006243556 516.0534 -5.877826e-01  4.750205e+00
[15,]   15 0.022000574 0.0006244715 516.0534 -4.415664e-02  2.186399e+00
[16,]   16 0.021817005 0.0006243823 516.0534 -4.609638e-01  4.114670e+00
[17,]   17 0.022016028 0.0006244419 516.0534 -6.817028e-03 -2.898455e+00
[18,]   18 0.021874427 0.0006243995 516.0534 -3.286022e-01  2.055844e+00
[19,]   19 0.022087801 0.0006289697 516.0587 -1.691583e-01  5.888516e+02
[20,]   20 0.021874911 0.0006244099 516.0534 -3.282597e-01  3.399205e+00
[21,]   21 0.021874428 0.0006243995 516.0534 -3.286013e-01  2.059206e+00
[22,]   22 0.021874427 0.0006243995 516.0534 -3.286021e-01  2.055852e+00
[23,]   23 0.021874427 0.0006243995 516.0534 -3.286022e-01  2.055844e+00
[24,]   24 0.021874427 0.0006243995 516.0534 -3.286022e-01  2.055844e+00
[25,]   25 0.021874427 0.0006243995 516.0534 -3.286022e-01  2.055848e+00
[26,]   26 0.021874427 0.0006243995 516.0534 -3.286021e-01  2.055844e+00
[27,]   27 0.021874427 0.0006243995 516.0534 -3.286021e-01  2.055846e+00
[28,]   28 0.021874427 0.0006243995 516.0534 -3.286021e-01  2.055844e+00
[29,]   29 0.021874427 0.0006243995 516.0534 -3.286021e-01  2.055844e+00
[30,]   30 0.021874427 0.0006243995 516.0534 -3.286022e-01  2.055844e+00
[31,]   31 0.021874427 0.0006243995 516.0534 -3.286021e-01  2.055844e+00

