[22;0t]0;IPython: scripts/01_msprime_simulations$par
[1] 0.003246151 0.836633752

$value
[1] -23785.13

$counts
function gradient 
      35       35 

$convergence
[1] 0

$message
[1] "CONVERGENCE: REL_REDUCTION_OF_F <= FACTR*EPSMCH"

$loginfo
      step         par1       par2       fn           gr1           gr2
 [1,]    1 0.1000000000  0.0100000 28639.26  1.276459e+04 -4.647887e+05
 [2,]    2 0.0000010000 10.0000000 32923.67  2.416088e+03  1.608172e+03
 [3,]    3 0.0666717091  3.3395296 24701.60  2.479843e+03  5.963983e+02
 [4,]    4 0.0488875259  3.3350473 24654.96  2.459340e+03  6.010990e+02
 [5,]    5 0.0000010000  3.3227261 24570.69 -1.307257e+05  5.040900e+02
 [6,]    6 0.0479293742  3.3348058 24652.46  2.457491e+03  6.013014e+02
 [7,]    7 0.0239651871  3.3287659 24590.91  2.345839e+03  6.049336e+02
 [8,]    8 0.0079624573  3.3247327 24553.47  1.850371e+03  6.061759e+02
 [9,]    9 0.0000010000  3.3153768 24567.00 -1.371238e+05  5.003741e+02
[10,]   10 0.0041586699  3.3202627 24544.75  1.163254e+03  6.048830e+02
[11,]   11 0.0000010000  3.2628440 24541.42 -1.895919e+05  4.738161e+02
[12,]   12 0.0039531914  3.3174249 24542.81  1.088716e+03  6.036990e+02
[13,]   13 0.0019770957  3.2901344 24525.50 -4.261974e+02  5.915961e+02
[14,]   14 0.0000010000  3.0016953 24418.24 -2.742652e+05  4.261964e+02
[15,]   15 0.0014072707  3.2069604 24478.59 -1.652669e+03  5.483552e+02
[16,]   16 0.0007041354  3.1043279 24427.67 -5.955044e+03  4.881479e+02
[17,]   17 0.0170983211  1.4246329 23959.16  3.218621e+03  3.368495e+02
[18,]   18 0.0259381324  0.0000010 85181.05  6.647100e+04 -3.069421e+08
[19,]   19 0.0200606878  0.9472153 23891.85  5.579021e+03  4.339408e+02
[20,]   20 0.0229994101  0.4736081 23932.85  9.641308e+03 -1.891276e+02
[21,]   21 0.0174422133  0.8558817 23848.95  5.808206e+03  1.002048e+02
[22,]   22 0.0142198230  0.7923560 23832.16  5.630896e+03 -1.523767e+02
[23,]   23 0.0000010000  0.8098788 23929.62 -8.598727e+05 -2.322638e+02
[24,]   24 0.0078947145  0.8001508 23798.98  4.276836e+03 -1.020154e+02
[25,]   25 0.0000010000  0.8198878 23927.42 -8.540351e+05 -2.105519e+02
[26,]   26 0.0048894300  0.8076651 23787.95  2.367136e+03 -5.495858e+01
[27,]   27 0.0011540767  0.8160269 23795.24 -1.355705e+04 -5.905992e+01
[28,]   28 0.0034554642  0.8108751 23785.72  2.855381e+02 -4.073406e+01
[29,]   29 0.0032781099  0.8228987 23785.37 -3.273038e+01 -2.422239e+01
[30,]   30 0.0033133152  0.8408642 23785.17  1.652808e+02  1.994907e+01
[31,]   31 0.0032578176  0.8328675 23785.15 -3.883462e-01 -1.307785e+01
[32,]   32 0.0032446100  0.8361009 23785.13 -9.245793e+00 -1.881239e+00
[33,]   33 0.0032506897  0.8366381 23785.13  7.371161e+00  3.296650e-01
[34,]   34 0.0032388313  0.8366268 23785.13 -1.900167e+01  2.144998e-01
[35,]   35 0.0032461510  0.8366338 23785.13 -2.700316e+00  2.856376e-01

