[22;0t]0;IPython: scripts/01_msprime_simulations$par
[1] 0.01008835 0.11658362

$value
[1] -29191.1

$counts
function gradient 
      30       30 

$convergence
[1] 0

$message
[1] "CONVERGENCE: REL_REDUCTION_OF_F <= FACTR*EPSMCH"

$loginfo
      step        par1        par2        fn           gr1           gr2
 [1,]    1 0.100000000  0.01000000  39510.98  2.226434e+04 -7.641533e+05
 [2,]    2 0.000001000 10.00000000  36965.08 -3.691933e+04  1.270769e+03
 [3,]    3 0.066659004  3.34079886  30710.24  1.807652e+03  6.057772e+02
 [4,]    4 0.058748081  3.33802768  30694.95  1.625323e+03  6.061274e+02
 [5,]    5 0.027104393  3.32694296  30657.78 -1.272036e+02  5.999399e+02
 [6,]    6 0.025422134  3.32244000  30655.47 -3.372736e+02  5.989740e+02
 [7,]    7 0.015719091  3.22775159  30610.85 -2.394676e+03  5.911669e+02
 [8,]    8 0.001474505  2.78787835  30534.62 -5.216422e+04  4.995356e+02
 [9,]    9 0.011423822  3.09511357  30548.40 -4.542261e+03  5.608719e+02
[10,]   10 0.004880163  1.74737765  29895.86 -1.517640e+04  4.743188e+02
[11,]   11 0.018863737  0.00000100 123620.78  8.045177e+04 -4.516191e+08
[12,]   12 0.009579203  1.16018928  29634.37 -5.796154e+03  3.447163e+02
[13,]   13 0.009450243  0.00000100 122783.95  9.859340e+04 -4.515957e+08
[14,]   14 0.009536086  0.77229103  29509.71 -5.642649e+03  1.562099e+02
[15,]   15 0.014058067  0.45582387  29389.85  3.277505e+02  5.251673e+02
[16,]   16 0.020571293  0.00000100 123755.92  7.785779e+04 -4.516230e+08
[17,]   17 0.016232229  0.30366689  29320.25  2.154925e+03  4.883598e+02
[18,]   18 0.019096011  0.10324740  29230.44  5.391961e+03 -1.449589e+03
[19,]   19 0.016892633  0.25744903  29293.62  2.917989e+03  7.939718e+02
[20,]   20 0.018516261  0.14382074  29216.87  3.782867e+03  4.005750e+02
[21,]   21 0.015299700  0.00000100 123323.60  8.646332e+04 -4.516107e+08
[22,]   22 0.017445037  0.09592386  29234.41  5.667394e+03 -2.166186e+03
[23,]   23 0.018132352  0.12665528  29211.55  4.059143e+03 -1.231444e+01
[24,]   24 0.010481412  0.11827355  29191.20  3.331558e+02  3.854852e+01
[25,]   25 0.009674335  0.11561736  29191.20 -4.500865e+02 -1.338548e+01
[26,]   26 0.010092302  0.11699294  29191.10 -2.193022e+01  1.597298e+01
[27,]   27 0.010100861  0.11633022  29191.10  3.123267e+01 -1.110635e+01
[28,]   28 0.010087712  0.11658608  29191.10 -8.701600e-01  1.435215e-01
[29,]   29 0.010088348  0.11658362  29191.10  3.985149e-02  2.900779e-03

