[22;0t]0;IPython: scripts/01_msprime_simulations$par
[1] 0.005849507 0.055275539

$value
[1] -18099.24

$counts
function gradient 
      41       41 

$convergence
[1] 0

$message
[1] "CONVERGENCE: REL_REDUCTION_OF_F <= FACTR*EPSMCH"

$loginfo
      step        par1        par2       fn           gr1           gr2
 [1,]    1 0.100000000  0.01000000 21340.05  8.543324e+03 -3.211165e+05
 [2,]    2 0.000001000 10.00000000 30638.04  2.416088e+03  1.798997e+03
 [3,]    3 0.066767640  3.32994600 20332.30  2.162777e+03  1.096215e+03
 [4,]    4 0.088899651  1.11893594 18721.01  3.196373e+03  4.217097e+02
 [5,]    5 0.077868903  1.11740844 18685.53  3.112088e+03  4.376710e+02
 [6,]    6 0.033745910  1.11129844 18562.06  2.028234e+03  4.935056e+02
 [7,]    7 0.000001000  1.10439593 18925.38 -1.609813e+06  5.216545e+02
 [8,]    8 0.021184767  1.10872906 18541.58  8.521182e+02  5.066057e+02
 [9,]    9 0.010932010  1.10466915 18542.43 -2.047523e+03  5.130225e+02
[10,]   10 0.016118017  1.10672272 18538.49 -1.234508e+02  5.105005e+02
[11,]   11 0.015700284  1.10446795 18537.41 -2.288368e+02  5.072465e+02
[12,]   12 0.014029354  1.09544888 18533.67 -7.155170e+02  4.942385e+02
[13,]   13 0.009466639  1.01083043 18503.66 -2.693512e+03  4.048253e+02
[14,]   14 0.008807232  0.77974978 18451.42 -2.650598e+03  1.249752e+02
[15,]   15 0.015355266  0.68380375 18427.51  6.727206e+02  2.877473e+02
[16,]   16 0.049603014  0.00000100 63533.71  2.796768e+04 -2.252035e+08
[17,]   17 0.026800682  0.45528049 18377.48  4.129824e+03  4.157654e+02
[18,]   18 0.046052259  0.00000100 63430.97  2.994329e+04 -2.251983e+08
[19,]   19 0.033226750  0.30331077 18360.46  5.734024e+03  2.629901e+02
[20,]   20 0.032225061  0.27237504 18345.06  5.985909e+03  3.456188e+02
[21,]   21 0.028218308  0.14863213 18268.28  6.011425e+03  6.009426e+02
[22,]   22 0.023405683  0.00000100 62551.53  0.000000e+00 -2.251511e+08
[23,]   23 0.026613025  0.09905524 18216.99  5.241061e+03  1.044569e+03
[24,]   24 0.024479067  0.03315097 18325.33  8.184309e+03 -1.699894e+04
[25,]   25 0.025779228  0.07330460 18187.60  4.610527e+03  7.459171e+02
[26,]   26 0.025166728  0.05438840 18185.36  4.780705e+03 -1.404936e+03
[27,]   27 0.009917983  0.24967544 18227.89  1.612948e+03  4.766716e+02
[28,]   28 0.020710445  0.11145896 18196.53  5.596103e+03  8.634013e+02
[29,]   29 0.023810484  0.07175750 18177.38  4.678590e+03  6.504696e+02
[30,]   30 0.000001000  0.06810295 18535.30 -2.028531e+06  6.263593e+02
[31,]   31 0.014502783  0.07032885 18132.29  4.615621e+03  5.463479e+02
[32,]   32 0.004931606  0.06885976 18107.28 -3.287594e+03  7.944924e+02
[33,]   33 0.012338718  0.06360058 18119.66  4.397637e+03  2.802656e+02
[34,]   34 0.006875288  0.06747971 18104.41  8.364190e+02  6.562989e+02
[35,]   35 0.006470163  0.06059999 18100.47  6.309659e+02  3.657118e+02
[36,]   36 0.005757172  0.05156611 18099.91  3.002298e+02 -3.855896e+02
[37,]   37 0.005856762  0.05587380 18099.25 -4.935112e+01  5.412640e+01
[38,]   38 0.005848071  0.05534782 18099.24 -1.116886e+01  6.894885e+00
[39,]   39 0.005849960  0.05527461 18099.24  3.869469e-01 -1.504555e-01
[40,]   40 0.005849507  0.05527554 18099.24 -5.933875e-01 -1.492968e-02

