[22;0t]0;IPython: scripts/01_msprime_simulations$par
[1] 0.008592198 0.010632193

$value
[1] -4806.434

$counts
function gradient 
      54       54 

$convergence
[1] 0

$message
[1] "CONVERGENCE: REL_REDUCTION_OF_F <= FACTR*EPSMCH"

$loginfo
      step        par1         par2        fn           gr1           gr2
 [1,]    1 0.100000000  0.010000000  4885.231  7.428750e+02 -1.066959e+04
 [2,]    2 0.000001000 10.000000000 25495.701  2.416098e+03  2.228326e+03
 [3,]    3 0.073820268  2.625381375  9190.070  2.413761e+03  2.136602e+03
 [4,]    4 0.092738352  0.735445884  5647.845  2.378233e+03  1.336558e+03
 [5,]    5 0.097861803  0.223607974  5267.046  2.751366e+03  1.576776e+02
 [6,]    6 0.099463328  0.063614076  5196.778  2.270748e+03  2.802943e+03
 [7,]    7 0.099907454  0.019245488  4910.385  7.372519e+02  8.726515e+03
 [8,]    8 0.099971589  0.012838296  4873.057  6.886991e+02  6.560736e+02
 [9,]    9 0.099799833  0.012674785  4872.867  6.904241e+02  2.135586e+02
[10,]   10 0.098983651  0.012324714  4872.400  6.953154e+02 -7.940719e+02
[11,]   11 0.097439897  0.012029891  4871.688  7.013876e+02 -1.702905e+03
[12,]   12 0.090915888  0.011347335  4868.970  7.246149e+02 -4.012909e+03
[13,]   13 0.073337630  0.010309824  4861.778  8.017025e+02 -7.973313e+03
[14,]   14 0.000001000  0.007453087  4908.655 -4.746783e+05 -1.831589e+02
[15,]   15 0.040965402  0.009048804  4845.178  1.068124e+03 -1.244206e+04
[16,]   16 0.013754013  0.007988818  4823.152  1.602794e+03 -1.181074e+04
[17,]   17 0.004714394  0.007636691  4814.669  1.573504e+02 -6.097458e+03
[18,]   18 0.016610484  0.008790220  4819.122  1.268209e+03 -8.486283e+03
[19,]   19 0.006597872  0.007819327  4814.570  9.307998e+02 -7.395506e+03
[20,]   20 0.012307833  0.011531693  4807.656  3.922524e+02  8.573918e+02
[21,]   21 0.010011230  0.010724760  4806.615  2.479390e+02 -1.459278e+02
[22,]   22 0.008750885  0.010455874  4806.472  7.777664e+01 -3.601131e+02
[23,]   23 0.008652950  0.010528097  4806.446  3.820169e+01 -2.009897e+02
[24,]   24 0.008600580  0.010629809  4806.434  2.269205e+00 -6.354642e+00
[25,]   25 0.008592198  0.010632193  4806.434 -1.899523e-01 -2.538987e-01
[26,]   26 0.008593460  0.010632539  4806.434  1.823856e-02  6.239851e-02
[27,]   27 0.008592324  0.010632227  4806.434 -1.692618e-01 -2.224715e-01
[28,]   28 0.008592212  0.010632197  4806.434 -1.876327e-01 -2.503755e-01
[29,]   29 0.008592200  0.010632193  4806.434 -1.896902e-01 -2.535003e-01
[30,]   30 0.008592198  0.010632193  4806.434 -1.899215e-01 -2.538524e-01
[31,]   31 0.008592198  0.010632193  4806.434 -1.899501e-01 -2.538958e-01
[32,]   32 0.008592198  0.010632193  4806.434 -1.899523e-01 -2.538985e-01
[33,]   33 0.008592198  0.010632193  4806.434 -1.899523e-01 -2.538987e-01
[34,]   34 0.008592198  0.010632193  4806.434 -1.899523e-01 -2.538987e-01
[35,]   35 0.008592198  0.010632193  4806.434 -1.899523e-01 -2.538987e-01
[36,]   36 0.008592198  0.010632193  4806.434 -1.899523e-01 -2.538987e-01
[37,]   37 0.008592198  0.010632193  4806.434 -1.899523e-01 -2.538988e-01
[38,]   38 0.008592198  0.010632193  4806.434 -1.899523e-01 -2.538987e-01
[39,]   39 0.008592198  0.010632193  4806.434 -1.899523e-01 -2.538988e-01
[40,]   40 0.008592198  0.010632193  4806.434 -1.899523e-01 -2.538987e-01
[41,]   41 0.008592198  0.010632193  4806.434 -1.899523e-01 -2.538987e-01
[42,]   42 0.198544496  0.264530940  5522.905  2.333388e+03  4.497810e+01
[43,]   43 0.008597832  0.010639724  4806.435 -6.317585e-01  1.160678e+01
[44,]   44 0.008592316  0.010632351  4806.434 -1.992838e-01 -4.772946e-03
[45,]   45 0.008592205  0.010632201  4806.434 -1.904559e-01 -2.404589e-01
[46,]   46 0.008592199  0.010632193  4806.434 -1.899806e-01 -2.531540e-01
[47,]   47 0.008592198  0.010632193  4806.434 -1.899538e-01 -2.538553e-01
[48,]   48 0.008592198  0.010632193  4806.434 -1.899521e-01 -2.538976e-01
[49,]   49 0.008592198  0.010632193  4806.434 -1.899521e-01 -2.538976e-01
[50,]   50 0.008592198  0.010632193  4806.434 -1.899521e-01 -2.538976e-01

