[22;0t]0;IPython: scripts/01_msprime_simulations$par
[1] 0.0003419854 0.0008874909

$value
[1] -675.8593

$counts
function gradient 
      42       42 

$convergence
[1] 0

$message
[1] "CONVERGENCE: REL_REDUCTION_OF_F <= FACTR*EPSMCH"

$loginfo
      step         par1         par2         fn          gr1           gr2
 [1,]    1 0.1000000000 1.000000e-02   894.9992   1632.29427  7.762999e+03
 [2,]    2 0.0000010000 1.000000e-06  1087.9428  93382.95000 -3.627959e+06
 [3,]    3 0.0531052013 5.310942e-03   775.7804   1267.39850  1.435379e+04
 [4,]    4 0.0186052316 1.861256e-03   686.6663    626.82396  1.139949e+04
 [5,]    5 0.0000010000 1.000000e-06  1087.9428  93382.95000 -3.627959e+06
 [6,]    6 0.0126558293 1.266369e-03   679.5285    500.19999 -6.081523e+02
 [7,]    7 0.0000010000 1.000000e+01 24452.7954   2416.09853  2.315397e+03
 [8,]    8 0.0119914313 5.262152e-01  1744.8824   2415.14124  2.365159e+03
 [9,]    9 0.0126129896 3.511453e-02   734.4336   2347.43671  2.715143e+02
[10,]   10 0.0126534664 3.133293e-03   699.1984    944.80751  1.188304e+04
[11,]   11 0.0126557946 1.293785e-03   679.5275    496.21553  2.908072e+02
[12,]   12 0.0126406334 1.284868e-03   679.5176    497.09121  6.417457e+00
[13,]   13 0.0125352051 1.257842e-03   679.4736    498.57353 -8.798245e+02
[14,]   14 0.0122720956 1.224922e-03   679.3856    497.82864 -2.004720e+03
[15,]   15 0.0114282856 1.167708e-03   679.1333    489.49042 -4.052733e+03
[16,]   16 0.0092454528 1.088136e-03   678.5209    456.77134 -6.868438e+03
[17,]   17 0.0038825323 9.904526e-04   677.1850    291.50434 -7.483960e+03
[18,]   18 0.0000010000 1.152860e-03   682.1535 -49063.61325  1.220413e+03
[19,]   19 0.0023172608 1.055945e-03   676.5680    125.90512 -2.337712e+03
[20,]   20 0.0003314725 1.060090e-03   676.0339   -939.41672  1.606993e+03
[21,]   21 0.0020753437 1.056450e-03   676.5357    135.97132 -1.914230e+03
[22,]   22 0.0012034081 1.058270e-03   676.3502    341.14286 -1.850209e+02
[23,]   23 0.0005176862 1.059702e-03   676.0317    354.90237  1.241385e+03
[24,]   24 0.0000010000 1.023995e-03   681.9976 -50081.02694  1.169481e+03
[25,]   25 0.0004149346 1.052601e-03   675.9971    -68.92062  1.386905e+03
[26,]   26 0.0003674465 9.333038e-04   675.8754    -90.71728  4.400634e+02
[27,]   27 0.0003706541 8.823342e-04   675.8653    219.67451 -2.283893e+02
[28,]   28 0.0003419854 8.874909e-04   675.8593   -149.07120  3.091249e+01
[29,]   29 0.0003597427 8.956468e-04   675.8623     21.50728  2.427859e+01
[30,]   30 0.0003437536 8.883030e-04   675.8595   -130.44762  2.993251e+01
[31,]   31 0.0003421755 8.875782e-04   675.8593   -147.05029  3.080367e+01
[32,]   32 0.0003420060 8.875003e-04   675.8593   -148.85200  3.090066e+01
[33,]   33 0.0003419876 8.874919e-04   675.8593   -149.04743  3.091120e+01
[34,]   34 0.0003419856 8.874910e-04   675.8593   -149.06862  3.091235e+01
[35,]   35 0.0003419854 8.874909e-04   675.8593   -149.07092  3.091247e+01
[36,]   36 0.0003419854 8.874909e-04   675.8593   -149.07117  3.091249e+01
[37,]   37 0.0003419854 8.874909e-04   675.8593   -149.07120  3.091249e+01
[38,]   38 0.0003419854 8.874909e-04   675.8593   -149.07120  3.091249e+01
[39,]   39 0.0003419854 8.874909e-04   675.8593   -149.07120  3.091249e+01
[40,]   40 0.0003419854 8.874909e-04   675.8593   -149.07120  3.091249e+01
[41,]   41 0.0003419854 8.874909e-04   675.8593   -149.07120  3.091249e+01

