[22;0t]0;IPython: scripts/01_msprime_simulations$par
[1] 0.002161278 0.610399769

$value
[1] -21248.39

$counts
function gradient 
      27       27 

$convergence
[1] 0

$message
[1] "CONVERGENCE: REL_REDUCTION_OF_F <= FACTR*EPSMCH"

$loginfo
      step         par1       par2       fn           gr1           gr2
 [1,]    1 0.1000000000  0.0100000 25497.52  1.103369e+04 -4.024445e+05
 [2,]    2 0.0000010000 10.0000000 31940.06  2.416076e+03  1.690292e+03
 [3,]    3 0.0667047383  3.3362299 22846.04  2.400359e+03  8.434799e+02
 [4,]    4 0.0468372322  3.3290459 22792.65  2.351375e+03  8.571148e+02
 [5,]    5 0.0000010000  3.3121102 22718.31 -1.829609e+05  9.118444e+02
 [6,]    6 0.0461645367  3.3288027 22790.87  2.348708e+03  8.575384e+02
 [7,]    7 0.0230827684  3.3204565 22731.14  2.160096e+03  8.714215e+02
 [8,]    8 0.0077002015  3.3148942 22696.24  1.543877e+03  8.890888e+02
 [9,]    9 0.0000010000  3.2977096 22705.18 -1.826388e+05  9.096934e+02
[10,]   10 0.0037153945  3.3060001 22683.56  6.324088e+02  8.903195e+02
[11,]   11 0.0000010000  3.0723203 22512.63 -1.884420e+05  8.011942e+02
[12,]   12 0.0026346614  3.2380091 22623.27 -1.644065e+02  8.731845e+02
[13,]   13 0.0013178307  3.1551647 22552.45 -1.902383e+03  8.614134e+02
[14,]   14 0.0003571747  3.0947280 22506.19 -1.363462e+04  8.348168e+02
[15,]   15 0.0120837263  0.0000010 74516.20  8.401766e+04 -2.717089e+08
[16,]   16 0.0044126697  2.0244517 21848.32  2.878724e+02  4.298243e+02
[17,]   17 0.0047901238  0.9044107 21367.23  2.664524e+03  7.470827e+02
[18,]   18 0.0050949100  0.0000010 73861.59  1.047159e+05 -2.716848e+08
[19,]   19 0.0048926645  0.6001356 21256.32  4.409817e+03 -5.036358e+01
[20,]   20 0.0038117883  0.7446520 21290.18  2.218314e+03  3.031338e+02
[21,]   21 0.0048112206  0.6110249 21255.72  4.383583e+03  4.709357e+00
[22,]   22 0.0028366748  0.6156358 21249.17  1.881658e+03  3.126024e+01
[23,]   23 0.0013435129  0.6094403 21250.05 -4.833884e+03 -7.861638e+00
[24,]   24 0.0021928920  0.6129646 21248.42  1.101219e+02  1.736495e+01
[25,]   25 0.0021532323  0.6095806 21248.39 -2.947501e+01 -5.807408e+00
[26,]   26 0.0021611381  0.6104315 21248.39 -7.655059e-02  2.205897e-01
[27,]   27 0.0021612778  0.6103998 21248.39  4.453137e-01 -1.989192e-03

