[22;0t]0;IPython: scripts/01_msprime_simulations$par
[1] 0.04720791 0.01028263

$value
[1] -5800.402

$counts
function gradient 
      24       24 

$convergence
[1] 0

$message
[1] "CONVERGENCE: REL_REDUCTION_OF_F <= FACTR*EPSMCH"

$loginfo
      step       par1        par2        fn          gr1          gr2
 [1,]    1 0.10000000  0.01000000  5805.022  100.4794965 -4936.397111
 [2,]    2 0.00000100 10.00000000 25703.251 2416.0985935  2210.997477
 [3,]    3 0.07852171  2.15570278  8676.436 2413.4271908  1996.490942
 [4,]    4 0.09457912  0.55155134  6137.393 2390.6880527   617.925478
 [5,]    5 0.09847400  0.16244875  6240.135 2859.7383873  -976.740143
 [6,]    6 0.09977693  0.03228521  6099.432  969.4688992 12344.122011
 [7,]    7 0.09998434  0.01156426  5804.583   50.6952356  3728.703620
 [8,]    8 0.09997806  0.01089120  5803.134   68.0410703   467.975253
 [9,]    9 0.09996259  0.01079438  5803.112   71.0231834   -53.997486
[10,]   10 0.09995042  0.01080223  5803.111   70.7713678   -10.761561
[11,]   11 0.09986567  0.01082361  5803.106   70.0667031   108.275343
[12,]   12 0.09962628  0.01085263  5803.095   69.0638576   272.395072
[13,]   13 0.09888499  0.01090068  5803.065   67.2519060   551.508747
[14,]   14 0.09687899  0.01097132  5802.987   64.0844296   981.799820
[15,]   15 0.09156366  0.01106977  5802.793   57.7096276  1642.157394
[16,]   16 0.07900786  0.01116827  5802.364   42.1336083  2524.832745
[17,]   17 0.05903470  0.01113340  5801.772    0.3926311  3169.107505
[18,]   18 0.05055875  0.01076794  5800.880  -16.4171211  2049.268867
[19,]   19 0.05309684  0.01018533  5800.567   37.2526084 -1002.012034
[20,]   20 0.04535267  0.01027143  5800.412  -10.9624819   102.173907
[21,]   21 0.04787684  0.01029680  5800.403    2.8950435    13.128948
[22,]   22 0.04722724  0.01028151  5800.402    0.3188604    -9.453419
[23,]   23 0.04717787  0.01028437  5800.402   -0.2247028     9.197596
[24,]   24 0.04720791  0.01028263  5800.402    0.1061414    -2.147444

