[22;0t]0;IPython: scripts/01_msprime_simulations$par
[1] 0.4945498 0.5063277

$value
[1] -58975.08

$counts
function gradient 
      40       40 

$convergence
[1] 0

$message
[1] "CONVERGENCE: REL_REDUCTION_OF_F <= FACTR*EPSMCH"

$loginfo
      step       par1       par2        fn           gr1           gr2
 [1,]    1 0.10000000  0.0100000 121516.23  7.191295e+04 -3.087252e+06
 [2,]    2 0.00000100 10.0000000  66480.97 -6.438458e+06  7.717826e+01
 [3,]    3 2.15033794 10.0000000  67402.75  1.676687e+03 -2.568695e+01
 [4,]    4 0.71677787 10.0000000  64813.77  1.847256e+03  9.623683e+01
 [5,]    5 0.23877513 10.0000000  64067.47  8.283976e+02  1.973525e+02
 [6,]    6 0.23874443  9.9993434  64067.32  8.283438e+02  1.974299e+02
 [7,]    7 0.23862160  9.9967172  64066.70  8.281289e+02  1.977624e+02
 [8,]    8 0.23813032  9.9862123  64064.21  8.272785e+02  1.990976e+02
 [9,]    9 0.23616517  9.9441928  64054.10  8.240082e+02  2.045145e+02
[10,]   10 0.22830458  9.7761146  64011.43  8.120026e+02  2.269262e+02
[11,]   11 0.19686222  9.1038018  63803.28  7.630840e+02  3.180694e+02
[12,]   12 0.07109280  6.4145505  62735.16 -5.893259e+02  2.788472e+02
[13,]   13 0.00000100  4.8944379  63841.03 -2.553511e+06 -4.428293e+02
[14,]   14 0.04299084  5.8136635  62644.22 -3.205326e+03  1.750977e+02
[15,]   15 0.01981815  5.2747647  62708.13 -1.035967e+04  1.161503e+02
[16,]   16 0.03971828  5.7375575  62642.80 -3.734733e+03  1.600741e+02
[17,]   17 0.04035912  5.7176085  62637.27 -3.650567e+03  1.572549e+02
[18,]   18 0.04292247  5.6378122  62616.18 -3.336499e+03  1.475885e+02
[19,]   19 0.05317590  5.3186271  62540.20 -2.293899e+03  1.593290e+02
[20,]   20 0.11898129  1.5556930  61272.17 -3.018850e+02  9.091222e+02
[21,]   21 0.14618690  0.0000010 432745.19  6.220453e+04 -1.557971e+09
[22,]   22 0.12807438  1.0357249  60601.17 -2.286387e+03  1.733049e+03
[23,]   23 0.14014660  0.3454018  59338.42 -1.757755e+03 -2.453869e+03
[24,]   24 0.13317534  0.7440380  59984.10 -3.845102e+03  2.371615e+03
[25,]   25 0.14014660  0.3454018  59338.42 -1.757755e+03 -2.453869e+03
[26,]   26 0.07184529  4.9428914  62451.96 -9.038467e+02  1.532667e+02
[27,]   27 0.12515409  1.3545760  61061.43 -8.373310e+02  1.165901e+03
[28,]   28 0.13778176  0.5045841  59402.82 -4.217691e+03  1.912413e+03
[29,]   29 0.13930795  0.4018530  59279.13 -3.155378e+03  1.669308e+01
[30,]   30 0.15599440  0.4098402  59231.11 -2.622241e+03 -1.411287e+01
[31,]   31 0.24085197  0.4543800  59081.00 -1.251887e+03  2.542258e+02
[32,]   32 0.30551211  0.4778639  59025.33 -7.368762e+02  3.529657e+02
[33,]   33 0.37894567  0.4934443  58991.37 -3.557331e+02  2.792044e+02
[34,]   34 0.43737765  0.5002001  58978.56 -1.431372e+02  1.244144e+02
[35,]   35 0.47263768  0.5000247  58975.62 -2.708267e+01 -7.956312e+01
[36,]   36 0.50664836  0.5147622  58975.83 -1.097436e+01  1.935245e+02
[37,]   37 0.48798557  0.5066753  58975.15 -1.933377e+01  4.461997e+01
[38,]   38 0.49365339  0.5063215  58975.08 -2.323802e+00  4.437475e+00
[39,]   39 0.49452428  0.5063233  58975.08 -4.413610e-02 -5.835500e-03
[40,]   40 0.49454975  0.5063277  58975.08 -1.557055e-04 -1.038024e-03

