[22;0t]0;IPython: scripts/01_msprime_simulations$par
[1] 0.005822122 0.004821378

$value
[1] -3025.175

$counts
function gradient 
      35       35 

$convergence
[1] 0

$message
[1] "CONVERGENCE: REL_REDUCTION_OF_F <= FACTR*EPSMCH"

$loginfo
      step        par1        par2       fn           gr1           gr2
 [1,]    1 0.100000000 0.010000000 3109.430  3.858300e+02  1.686934e+04
 [2,]    2 0.000001000 0.000001000 6128.643  1.131795e+05 -2.235417e+07
 [3,]    3 0.065557740 0.006556084 3052.632  3.054947e+02  6.993185e+03
 [4,]    4 0.025052891 0.003381581 3060.504  9.709717e+02 -3.449748e+04
 [5,]    5 0.047754127 0.005160754 3043.786  3.776771e+02 -3.898178e+03
 [6,]    6 0.039897282 0.004990720 3041.429  4.237714e+02 -5.282789e+03
 [7,]    7 0.008469900 0.004310586 3027.497  6.835711e+02 -5.796997e+03
 [8,]    8 0.000001000 0.004127306 3079.379 -2.156219e+05 -1.343330e+03
 [9,]    9 0.005557170 0.004247550 3026.238  3.043516e+02 -4.176699e+03
[10,]   10 0.000001000 0.009134220 3082.325 -1.737888e+05  5.336198e+02
[11,]   11 0.003446437 0.006103947 3029.947 -1.275325e+03  3.905253e+03
[12,]   12 0.004989447 0.004746864 3025.268 -2.382642e+02 -4.215417e+01
[13,]   13 0.108154688 0.018258597 3246.177  8.392613e+02  1.309720e+04
[14,]   14 0.007932725 0.005132351 3025.666  2.672505e+02  1.079438e+03
[15,]   15 0.005804063 0.004853556 3025.179 -1.911140e+01  1.934914e+02
[16,]   16 0.005808298 0.004828080 3025.175 -7.233017e+00  4.444971e+01
[17,]   17 0.005822122 0.004821378 3025.175 -6.337841e-01 -8.721565e-01
[18,]   18 0.005824570 0.004821670 3025.175 -1.072495e-01 -2.150776e-01
[19,]   19 0.005822366 0.004821407 3025.175 -5.811669e-01 -8.065585e-01
[20,]   20 0.005822148 0.004821381 3025.175 -6.280544e-01 -8.650138e-01
[21,]   21 0.005822125 0.004821378 3025.175 -6.331544e-01 -8.713716e-01
[22,]   22 0.005822122 0.004821378 3025.175 -6.337148e-01 -8.720700e-01
[23,]   23 0.005822122 0.004821378 3025.175 -6.337764e-01 -8.721471e-01
[24,]   24 0.005822122 0.004821378 3025.175 -6.337834e-01 -8.721556e-01
[25,]   25 0.005822122 0.004821378 3025.175 -6.337842e-01 -8.721564e-01
[26,]   26 0.005822122 0.004821378 3025.175 -6.337841e-01 -8.721565e-01
[27,]   27 0.005822122 0.004821378 3025.175 -6.337841e-01 -8.721565e-01
[28,]   28 0.005822122 0.004821378 3025.175 -6.337841e-01 -8.721565e-01
[29,]   29 0.005822122 0.004821378 3025.175 -6.337841e-01 -8.721565e-01
[30,]   30 0.005822122 0.004821378 3025.175 -6.337841e-01 -8.721565e-01
[31,]   31 0.005822122 0.004821378 3025.175 -6.337841e-01 -8.721565e-01
[32,]   32 0.005822122 0.004821378 3025.175 -6.337841e-01 -8.721565e-01
[33,]   33 0.005822122 0.004821378 3025.175 -6.337841e-01 -8.721565e-01
[34,]   34 0.005822122 0.004821378 3025.175 -6.337841e-01 -8.721565e-01

