[22;0t]0;IPython: scripts/01_msprime_simulations$par
[1] 0.0007155636 0.1003869472

$value
[1] -17369.84

$counts
function gradient 
      40       40 

$convergence
[1] 0

$message
[1] "CONVERGENCE: REL_REDUCTION_OF_F <= FACTR*EPSMCH"

$loginfo
      step         par1        par2       fn           gr1           gr2
 [1,]    1 0.1000000000  0.01000000 20494.44  8.228032e+03 -3.010805e+05
 [2,]    2 0.0000010000 10.00000000 30326.07  2.416081e+03  1.825043e+03
 [3,]    3 0.0667846005  3.32825159 19846.47  2.408779e+03  1.037501e+03
 [4,]    4 0.0889117993  1.11772232 18166.38  4.066184e+03  4.577913e+02
 [5,]    5 0.0739699250  1.11598389 18104.86  4.058531e+03  4.639025e+02
 [6,]    6 0.0142024275  1.10903015 17866.46  3.447369e+03  5.395831e+02
 [7,]    7 0.0000010000  1.10465417 17917.40 -4.786662e+05  3.915900e+02
 [8,]    8 0.0077319441  1.10703636 17845.11  2.651314e+03  5.434651e+02
 [9,]    9 0.0000010000  1.10022249 17915.69 -4.836048e+05  3.782499e+02
[10,]   10 0.0047164940  1.10437861 17837.12  1.504056e+03  5.389302e+02
[11,]   11 0.0000010000  1.09813189 17914.91 -4.861010e+05  3.720715e+02
[12,]   12 0.0030642184  1.10218981 17834.59 -9.328152e+01  5.337409e+02
[13,]   13 0.0024513133  1.09542367 17831.42 -1.238685e+03  5.166495e+02
[14,]   14 0.0010241869  1.03095302 17804.72 -8.222057e+03  5.660123e+02
[15,]   15 0.0000010000  0.86591924 17806.50 -3.908858e+05  3.490762e+02
[16,]   16 0.0004569226  0.93945676 17772.37 -2.697105e+04  3.187331e+02
[17,]   17 0.0039309357  0.61999019 17582.68  3.382700e+03  7.807056e+02
[18,]   18 0.0106729577  0.00000100 58702.58  7.396058e+04 -2.139512e+08
[19,]   19 0.0061962731  0.41167216 17485.52  6.719714e+03  2.418353e+02
[20,]   20 0.0081249944  0.09839831 17464.49  1.201272e+04 -1.236187e+02
[21,]   21 0.0071676291  0.25389902 17457.99  1.054893e+04  2.416250e+02
[22,]   22 0.0079448072  0.00000100 58491.54  8.094353e+04 -2.139409e+08
[23,]   23 0.0074267437  0.16924829 17449.32  1.267544e+04  3.482696e+01
[24,]   24 0.0064654069  0.16098887 17437.04  1.282015e+04 -2.668410e+01
[25,]   25 0.0026200595  0.12795118 17389.29  1.282524e+04  1.323175e+02
[26,]   26 0.0000010000  0.10544927 17441.29 -5.388313e+05  2.890081e+02
[27,]   27 0.0015179741  0.11848251 17375.54  9.573435e+03  1.894928e+02
[28,]   28 0.0000010000  0.05641522 17435.85 -5.977554e+05 -5.642466e+02
[29,]   29 0.0009386248  0.09477832 17371.24  4.914022e+03 -2.438711e+02
[30,]   30 0.0000010000  0.12079032 17444.75 -5.478641e+05  4.279342e+02
[31,]   31 0.0006588722  0.10253934 17369.98 -2.104367e+03  7.188924e+01
[32,]   32 0.0008630276  0.10344574 17370.19  3.154501e+03 -1.056086e+01
[33,]   33 0.0007148850  0.10278802 17369.94 -3.552264e+02  5.277453e+01
[34,]   34 0.0006596479  0.09737907 17370.17 -2.249024e+03 -1.851751e+02
[35,]   35 0.0006965797  0.10099552 17369.85 -5.986399e+02  3.175217e+01
[36,]   36 0.0007003545  0.09876569 17369.92 -5.984411e+02 -1.016555e+02
[37,]   37 0.0006975669  0.10041236 17369.84 -5.513000e+02  1.399658e+00
[38,]   38 0.0007164628  0.10039701 17369.84  2.679562e+01  5.620601e-01
[39,]   39 0.0007155861  0.10038613 17369.84  6.451761e-01 -4.305271e-02
[40,]   40 0.0007155636  0.10038695 17369.84 -2.602326e-02  2.335364e-03

