[22;0t]0;IPython: scripts/01_msprime_simulations$par
[1] 0.4211218 0.4873342

$value
[1] -58062.99

$counts
function gradient 
      52       52 

$convergence
[1] 0

$message
[1] "CONVERGENCE: REL_REDUCTION_OF_F <= FACTR*EPSMCH"

$loginfo
      step       par1       par2        fn           gr1           gr2
 [1,]    1 0.10000000  0.0100000 118750.36  7.042123e+04 -3.010250e+06
 [2,]    2 0.00000100 10.0000000  65467.74 -6.496522e+06 -8.851449e+01
 [3,]    3 2.09460011 10.0000000  66413.79  1.740557e+03  1.460619e+01
 [4,]    4 0.69819715 10.0000000  63810.12  1.876418e+03  1.257561e+02
 [5,]    5 0.23258766 10.0000000  63090.60  7.447709e+02  2.142157e+02
 [6,]    6 0.23256103  9.9992694  63090.43  7.447294e+02  2.142598e+02
 [7,]    7 0.23245452  9.9963471  63089.72  7.445634e+02  2.144471e+02
 [8,]    8 0.23202849  9.9846579  63086.89  7.438959e+02  2.151903e+02
 [9,]    9 0.23032437  9.9379011  63075.50  7.411754e+02  2.180791e+02
[10,]   10 0.22350786  9.7508738  63028.67  7.301786e+02  2.289177e+02
[11,]   11 0.19624183  9.0027648  62819.76  7.003228e+02  2.812542e+02
[12,]   12 0.08717771  6.0103285  61677.73  2.146457e+02  2.681589e+02
[13,]   13 0.00000100  3.6184258  62895.10 -4.657300e+06  5.327121e+02
[14,]   14 0.05055594  5.0055220  61509.48 -3.189475e+03  1.690801e+02
[15,]   15 0.00000100  3.5702254  62870.16 -4.610105e+06  5.106486e+02
[16,]   16 0.03309195  4.5097050  61495.75 -6.954115e+03  2.645711e+02
[17,]   17 0.02189179  4.1700685  61498.81 -1.158979e+04  3.047109e+02
[18,]   18 0.02821258  4.3617417  61492.48 -8.620528e+03  2.871754e+02
[19,]   19 0.02704213  4.2944191  61483.29 -9.057036e+03  2.930687e+02
[20,]   20 0.02236033  4.0251286  61449.99 -1.099216e+04  2.962984e+02
[21,]   21 0.00000100  1.5981478  62558.44 -5.006454e+06  2.062321e+02
[22,]   22 0.01331832  3.0436684  61325.93 -2.027938e+04  2.559052e+02
[23,]   23 0.01552332  0.8583352  60230.99 -3.063493e+04  1.053708e+03
[24,]   24 0.01638938  0.0000010 411687.15  1.140942e+05 -1.520903e+09
[25,]   25 0.01581250  0.5717340  59861.40 -3.633678e+04  1.470294e+03
[26,]   26 0.01619693  0.1907331  59559.76 -2.323964e+04 -4.658265e+03
[27,]   27 0.01590682  0.4782509  59715.10 -3.826710e+04  1.570251e+03
[28,]   28 0.01610528  0.2815627  59444.86 -3.722353e+04  4.791993e+02
[29,]   29 0.03526766  0.0000010 413735.72  1.031687e+05 -1.520911e+09
[30,]   30 0.02249889  0.1876185  59472.80 -1.131441e+04 -7.209372e+03
[31,]   31 0.01929226  0.2347349  59358.50 -2.654845e+04 -1.461587e+03
[32,]   32 1.22691002  6.8687695  64570.87  2.295191e+03  1.142052e+02
[33,]   33 0.35360167  2.0712599  61026.77  2.166019e+03  8.125623e+02
[34,]   34 0.11326781  0.7509885  59074.33 -4.149583e+03  2.187761e+03
[35,]   35 0.10015213  0.6288561  58865.23 -5.561515e+03  2.248791e+03
[36,]   36 0.04768943  0.1403265  60585.79  1.955321e+04 -3.896679e+04
[37,]   37 0.08080224  0.4486711  58621.29 -7.469700e+03  1.632929e+03
[38,]   38 0.05789603  0.1330738  61126.21  2.304881e+04 -5.004708e+04
[39,]   39 0.07440348  0.3605102  58575.44 -7.041507e+03  2.439671e+02
[40,]   40 0.08441153  0.3805496  58517.00 -6.218014e+03  5.263445e+02
[41,]   41 0.13797540  0.4073686  58296.94 -2.947711e+03  2.778822e+02
[42,]   42 0.18556953  0.4283333  58194.05 -1.722662e+03  2.137229e+02
[43,]   43 0.24977127  0.4461376  58117.64 -8.279312e+02  3.423727e+01
[44,]   44 0.31607465  0.4839046  58085.47 -5.096334e+02  5.567222e+02
[45,]   45 0.49592467  0.3987707  58285.07  8.986813e+02 -4.971896e+03
[46,]   46 0.35484895  0.4655504  58070.02 -1.394280e+02 -2.547279e+02
[47,]   47 0.39065332  0.4809846  58064.16 -7.745941e+01 -9.354903e+00
[48,]   48 0.41481844  0.4867729  58063.04 -1.895781e+01  2.000764e+01
[49,]   49 0.42039199  0.4873262  58062.99 -2.486492e+00  4.051207e+00
[50,]   50 0.42110745  0.4873367  58062.99 -6.474656e-02  1.664772e-01
[51,]   51 0.42112185  0.4873342  58062.99 -1.915760e-04  4.755893e-03

