[22;0t]0;IPython: scripts/01_msprime_simulations$par
[1] 0.4831992 0.4955931

$value
[1] -58352.2

$counts
function gradient 
      43       43 

$convergence
[1] 0

$message
[1] "CONVERGENCE: REL_REDUCTION_OF_F <= FACTR*EPSMCH"

$loginfo
      step       par1       par2        fn           gr1           gr2
 [1,]    1 0.10000000  0.0100000 119237.10  7.074831e+04 -3.020285e+06
 [2,]    2 0.00000100 10.0000000  65935.82 -6.038130e+06 -1.635353e+02
 [3,]    3 2.21919882 10.0000000  66858.09  1.621979e+03 -1.517989e+01
 [4,]    4 0.73973113 10.0000000  64295.75  1.744008e+03  9.008803e+01
 [5,]    5 0.24642453 10.0000000  63592.13  6.401452e+02  1.569402e+02
 [6,]    6 0.24639843  9.9994661  63592.03  6.399842e+02  1.569955e+02
 [7,]    7 0.24629406  9.9973306  63591.62  6.393404e+02  1.572396e+02
 [8,]    8 0.24587655  9.9887884  63590.01  6.367694e+02  1.582215e+02
 [9,]    9 0.24420654  9.9546197  63583.48  6.265626e+02  1.622357e+02
[10,]   10 0.23752647  9.8179448  63556.09  5.876111e+02  1.795955e+02
[11,]   11 0.21080620  9.2712453  63423.15  4.721325e+02  2.564494e+02
[12,]   12 0.10392513  7.0844472  62513.92  3.376132e+02  4.636433e+02
[13,]   13 0.00000100  4.9581484  63230.10 -2.447008e+06 -4.716533e+02
[14,]   14 0.05414692  6.0659797  62112.56 -1.672041e+03  3.099489e+02
[15,]   15 0.03471680  5.6684373  62067.41 -4.599543e+03  2.014476e+02
[16,]   16 0.05778136  6.1104999  62121.15 -1.349279e+03  3.220283e+02
[17,]   17 0.03711299  5.7143635  62066.58 -4.084044e+03  2.145936e+02
[18,]   18 0.03750205  5.6938352  62060.64 -4.034611e+03  2.102876e+02
[19,]   19 0.03905828  5.6117223  62037.90 -3.852623e+03  1.943851e+02
[20,]   20 0.04528321  5.2832706  61959.62 -3.321151e+03  1.544589e+02
[21,]   21 0.07423571  4.0920609  61695.91 -1.051864e+03  2.392367e+02
[22,]   22 0.17369373  0.0000010 425755.41  5.442724e+04 -1.526646e+09
[23,]   23 0.10746024  2.7250846  61287.99  7.210678e+02  3.178120e+02
[24,]   24 0.15161203  0.9085215  59696.02 -2.455447e+03  2.122339e+03
[25,]   25 0.16632927  0.3030013  58856.26  4.112980e+02 -6.428177e+03
[26,]   26 0.15533739  0.7552469  59333.23 -3.154216e+03  2.457864e+03
[27,]   27 0.16632927  0.3030013  58856.26  4.112980e+02 -6.428177e+03
[28,]   28 0.00000100  5.2674196  63138.37 -2.342612e+06 -1.270489e+02
[29,]   29 0.07603828  2.9979265  61364.05 -5.087874e+02  2.934854e+02
[30,]   30 0.14249072  1.0145132  59926.48 -2.113212e+03  1.835555e+03
[31,]   31 0.16023366  0.4849376  58673.78 -3.387400e+03  1.683987e+03
[32,]   32 0.17901904  0.4534212  58574.28 -2.587542e+03  1.016046e+03
[33,]   33 0.22946046  0.3931102  58499.50 -7.369851e+02 -1.639921e+03
[34,]   34 0.27005409  0.4446362  58423.98 -8.603405e+02 -1.003489e+02
[35,]   35 0.33577743  0.4759451  58382.30 -5.367426e+02  3.103620e+02
[36,]   36 0.39712358  0.4898428  58362.19 -2.781125e+02  3.110860e+02
[37,]   37 0.44636531  0.4930964  58353.82 -1.001044e+02  1.226822e+02
[38,]   38 0.47312924  0.4943386  58352.30 -2.200188e+01  1.423640e+01
[39,]   39 0.48212264  0.4955487  58352.20 -2.757449e+00  4.297127e+00
[40,]   40 0.48282651  0.4949397  58352.20  2.432881e+00 -1.871640e+01
[41,]   41 0.48230446  0.4953914  58352.20 -1.417136e+00 -1.634513e+00
[42,]   42 0.48318162  0.4955895  58352.20 -2.980909e-02 -2.006826e-02
[43,]   43 0.48319917  0.4955931  58352.20 -9.229552e-05  9.113137e-05

