[22;0t]0;IPython: scripts/01_msprime_simulations$par
[1] 0.04797330 0.04975906

$value
[1] -17579.02

$counts
function gradient 
      50       50 

$convergence
[1] 0

$message
[1] "CONVERGENCE: REL_REDUCTION_OF_F <= FACTR*EPSMCH"

$loginfo
      step        par1        par2       fn           gr1           gr2
 [1,]    1 0.100000000  0.01000000 20092.75  7.127391e+03 -2.914847e+05
 [2,]    2 0.000001000 10.00000000 30221.65  2.416099e+03  1.833761e+03
 [3,]    3 0.066794704  3.32724228 19635.66  2.301127e+03  1.089382e+03
 [4,]    4 0.088917452  1.11715765 18401.31  1.913537e+03  4.215682e+00
 [5,]    5 0.081651339  1.11708442 18387.74  1.818543e+03  5.370592e+00
 [6,]    6 0.052586886  1.11679151 18342.72  1.194130e+03  9.279761e+00
 [7,]    7 0.000001000  1.11619841 18730.34 -1.425342e+06 -1.562968e+02
 [8,]    8 0.033320621  1.11657421 18327.51  2.592697e+02  1.632309e+01
 [9,]    9 0.027972636  1.11644444 18327.27 -1.964116e+02  2.116462e+01
[10,]   10 0.030271564  1.11642768 18327.07  1.704496e+01  1.891679e+01
[11,]   11 0.030088723  1.11635615 18327.07  1.199847e+00  1.915001e+01
[12,]   12 0.029984103  1.11606255 18327.06 -7.706540e+00  1.952079e+01
[13,]   13 0.029277171  1.11236435 18327.01 -6.731563e+01  2.391416e+01
[14,]   14 0.027651850  1.09961053 18326.82 -2.044134e+02  4.177357e+01
[15,]   15 0.021150569  1.04859523 18325.51 -8.908599e+02  1.464212e+02
[16,]   16 0.000001000  0.88263539 18614.59 -1.262564e+06  9.215413e+02
[17,]   17 0.014081567  0.99312505 18325.05 -2.472291e+03  2.582727e+02
[18,]   18 0.018557951  1.02825106 18324.87 -1.306093e+03  1.941212e+02
[19,]   19 0.016333461  1.01079557 18324.58 -1.795233e+03  2.291617e+02
[20,]   20 0.000001000  0.86811065 18601.45 -1.263519e+06  8.905525e+02
[21,]   21 0.010915871  0.96346600 18325.65 -3.661035e+03  3.760199e+02
[22,]   22 0.015350270  1.00220614 18324.44 -2.065538e+03  2.424650e+02
[23,]   23 0.011872290  0.93543324 18310.45 -2.889514e+03  4.808391e+02
[24,]   24 0.000001000  0.70751922 18481.37 -1.223686e+06  4.828001e+02
[25,]   25 0.007061052  0.84306345 18272.86 -5.649103e+03  6.944776e+02
[26,]   26 0.002482686  0.75516452 18257.04 -1.704234e+04  6.123348e+02
[27,]   27 0.004348683  0.79098934 18256.54 -9.621133e+03  6.776513e+02
[28,]   28 0.003399770  0.77277139 18254.83 -1.250384e+04  6.495443e+02
[29,]   29 0.000001000  0.61255455 18468.36 -1.388041e+06 -5.083073e+01
[30,]   30 0.002137192  0.71325391 18240.44 -2.033924e+04  4.904555e+02
[31,]   31 0.020942014  0.00000100 58409.40  5.226104e+04 -2.102351e+08
[32,]   32 0.008487949  0.47237444 18108.29 -4.387941e+03  1.276733e+02
[33,]   33 0.010323462  0.39149456 18070.79 -2.465808e+03  6.131505e+02
[34,]   34 0.017665516  0.06797505 17672.06 -4.645079e+03  3.137516e+03
[35,]   35 0.019208141  0.00000100 58316.13  0.000000e+00 -2.102292e+08
[36,]   36 0.018180332  0.04529027 17616.31 -4.093730e+03  4.658616e+02
[37,]   37 0.019724201  0.00000100 58344.46  5.441388e+04 -2.102310e+08
[38,]   38 0.018692994  0.03025137 17677.37  4.684646e+01 -1.207772e+04
[39,]   39 0.018234739  0.04369423 17615.79 -3.885724e+03 -1.094227e+02
[40,]   40 0.020990384  0.04462668 17606.31 -2.978406e+03 -7.585288e+01
[41,]   41 0.030004811  0.04758182 17588.20 -1.314673e+03  2.328110e+02
[42,]   42 0.036550031  0.04846801 17582.14 -6.384959e+02  1.232247e+02
[43,]   43 0.042694644  0.04924319 17579.60 -2.394661e+02  6.739748e+01
[44,]   44 0.046301254  0.04960078 17579.08 -6.746185e+01  1.985366e+01
[45,]   45 0.047706133  0.04971512 17579.03 -9.344102e+00 -4.961967e+00
[46,]   46 0.048036614  0.04993725 17579.03 -6.291710e+00  7.193256e+01
[47,]   47 0.047782086  0.04976617 17579.03 -8.647968e+00  1.279392e+01
[48,]   48 0.047971767  0.04975894 17579.02 -6.009579e-02  2.704515e-02
[49,]   49 0.047973296  0.04975906 17579.02 -3.742207e-04  6.293703e-05

