[22;0t]0;IPython: scripts/01_msprime_simulations$par
[1] 6.1045122456 0.0005167291

$value
[1] -440.6369

$counts
function gradient 
      40       40 

$convergence
[1] 0

$message
[1] "CONVERGENCE: REL_REDUCTION_OF_F <= FACTR*EPSMCH"

$loginfo
      step        par1         par2       fn           gr1           gr2
 [1,]    1 0.100000000 0.0100000000 674.9321  1.998825e+03  1.795176e+03
 [2,]    2 0.000001000 0.0000010000 640.4524  1.060439e+05 -1.954449e+06
 [3,]    3 0.097620943 0.0097621157 669.7578  1.989062e+03  1.826626e+03
 [4,]    4 0.048810971 0.0048815579 565.8964  1.481393e+03  7.013541e+03
 [5,]    5 0.017057026 0.0017064490 478.9077  2.880802e+02  3.087070e+04
 [6,]    6 0.007361100 0.0007369438 448.9522 -2.475484e+02  2.371168e+04
 [7,]    7 0.001330933 0.0000010000 687.7264  9.350906e+03 -2.162272e+06
 [8,]    8 0.005718279 0.0005364478 445.7717 -2.758232e+02  8.770064e+03
 [9,]    9 0.036572734 0.0003907046 444.0195 -2.589236e+01 -2.989250e+04
[10,]   10 0.054556358 0.0005989783 442.9179 -1.945248e+01  1.353551e+04
[11,]   11 0.053150853 0.0005423279 442.3515 -2.007562e+01  5.233322e+03
[12,]   12 0.056013230 0.0005098019 442.1786 -1.830123e+01 -5.418571e+02
[13,]   13 0.061121172 0.0005053523 442.0893 -1.617475e+01 -1.472000e+03
[14,]   14 0.096877057 0.0005053139 441.6743 -8.370015e+00 -1.829528e+03
[15,]   15 0.136701397 0.0005377915 441.4952 -4.988232e+00  4.101081e+03
[16,]   16 0.169876362 0.0005299119 441.3216 -3.473207e+00  2.634066e+03
[17,]   17 0.245534843 0.0005153555 441.0954 -1.820613e+00 -1.947257e+02
[18,]   18 0.325566345 0.0005144185 440.9819 -1.086722e+00 -4.175417e+02
[19,]   19 0.451893144 0.0005419270 440.9738 -5.848341e-01  4.718787e+03
[20,]   20 0.516952490 0.0005246814 440.8664 -4.496368e-01  1.544357e+03
[21,]   21 0.658956083 0.0005131240 440.7968 -2.786483e-01 -7.173563e+02
[22,]   22 0.824503251 0.0005118101 440.7593 -1.789103e-01 -9.862147e+02
[23,]   23 1.126496801 0.0005184974 440.7260 -9.644455e-02  3.390632e+02
[24,]   24 1.445268248 0.0005189279 440.7027 -5.859399e-02  4.227247e+02
[25,]   25 1.982958170 0.0004967463 440.6907 -3.075252e-02 -4.132013e+03
[26,]   26 1.634764989 0.0005111105 440.6857 -4.567166e-02 -1.134767e+03
[27,]   27 2.045067485 0.0005146536 440.6726 -2.891190e-02 -4.233283e+02
[28,]   28 2.740201290 0.0005170603 440.6603 -1.577520e-02  5.472152e+01
[29,]   29 3.559015168 0.0005172228 440.6507 -9.121839e-03  8.696063e+01
[30,]   30 4.681237315 0.0005168633 440.6426 -5.101823e-03  1.596602e+01
[31,]   31 6.104512245 0.0005167291 440.6369 -2.885340e-03 -1.049596e+01
[32,]   32 9.298516837 0.0006291256 441.8264 -1.086057e-03  1.817161e+04
[33,]   33 6.115232412 0.0005171063 440.6374 -2.871583e-03  6.422857e+01
[34,]   34 6.104643784 0.0005167337 440.6369 -2.881620e-03 -9.578383e+00
[35,]   35 6.104513873 0.0005167291 440.6369 -2.884626e-03 -1.048460e+01
[36,]   36 6.104512265 0.0005167291 440.6369 -2.883600e-03 -1.049582e+01
[37,]   37 6.104512246 0.0005167291 440.6369 -2.881225e-03 -1.049595e+01
[38,]   38 6.104512246 0.0005167291 440.6369 -2.881227e-03 -1.049595e+01
[39,]   39 6.104512246 0.0005167291 440.6369 -2.881225e-03 -1.049595e+01

