[22;0t]0;IPython: scripts/01_msprime_simulations$par
[1] 0.0152323696 0.0005612419

$value
[1] -468.5819

$counts
function gradient 
      49       49 

$convergence
[1] 52

$message
[1] "ERROR: ABNORMAL_TERMINATION_IN_LNSRCH"

$loginfo
      step        par1         par2         fn           gr1           gr2
 [1,]    1 0.100000000 1.000000e-02   685.6108  1.854226e+03  3.855145e+03
 [2,]    2 0.000001000 1.000000e-06   690.1672  1.012636e+05 -2.139388e+06
 [3,]    3 0.042345879 4.235107e-03   559.4573  1.245495e+03  9.805469e+03
 [4,]    4 0.014398259 1.440596e-03   487.6214  2.082280e+02  2.636027e+04
 [5,]    5 0.006483585 6.492001e-04   469.7683 -2.283224e+02  1.036536e+04
 [6,]    6 0.010396643 1.000000e-06   753.5112  4.798155e+02 -2.414583e+06
 [7,]    7 0.007440878 4.906240e-04   469.1253 -1.050685e+02 -9.134765e+03
 [8,]    8 0.032643722 7.190493e-04   470.5945  3.876647e+01  1.744735e+04
 [9,]    9 0.015232370 5.612419e-04   468.5819  8.686375e-01 -3.106864e+02
[10,]   10 0.015211319 5.632141e-04   468.5837  5.769304e-01 -3.828666e+01
[11,]   11 0.015231317 5.613405e-04   468.5820  8.539893e-01 -2.970019e+02
[12,]   12 0.015232315 5.612471e-04   468.5819  8.678758e-01 -3.099748e+02
[13,]   13 0.015232367 5.612422e-04   468.5819  8.685978e-01 -3.106493e+02
[14,]   14 0.015232369 5.612420e-04   468.5819  8.686354e-01 -3.106845e+02
[15,]   15 0.015232370 5.612419e-04   468.5819  8.686374e-01 -3.106863e+02
[16,]   16 0.015232370 5.612419e-04   468.5819  8.686375e-01 -3.106864e+02
[17,]   17 0.015232370 5.612419e-04   468.5819  8.686375e-01 -3.106864e+02
[18,]   18 0.015232370 5.612419e-04   468.5819  8.686375e-01 -3.106864e+02
[19,]   19 0.015232370 5.612419e-04   468.5819  8.686375e-01 -3.106864e+02
[20,]   20 0.015232370 5.612419e-04   468.5819  8.686375e-01 -3.106864e+02
[21,]   21 0.015232370 5.612419e-04   468.5819  8.686375e-01 -3.106864e+02
[22,]   22 0.015232370 5.612419e-04   468.5819  8.686375e-01 -3.106864e+02
[23,]   23 0.015232370 5.612419e-04   468.5819  8.686375e-01 -3.106864e+02
[24,]   24 0.015232370 5.612419e-04   468.5819  8.686375e-01 -3.106864e+02
[25,]   25 0.015232370 5.612419e-04   468.5819  8.686375e-01 -3.106864e+02
[26,]   26 0.000001000 1.000000e+01 24411.5433  2.416099e+03  2.318841e+03
[27,]   27 0.014791645 2.898984e-01  1047.8523  2.414308e+03  2.346261e+03
[28,]   28 0.015215971 1.132720e-02   515.7282  2.264979e+03 -1.422659e+03
[29,]   29 0.015232200 6.725715e-04   469.3587 -2.830675e-01  1.157755e+04
[30,]   30 0.015232367 5.629865e-04   468.5834  7.333298e-01 -7.107695e+01
[31,]   31 0.015232369 5.613270e-04   468.5820  8.619509e-01 -2.989619e+02
[32,]   32 0.015232370 5.612462e-04   468.5819  8.683002e-01 -3.100952e+02
[33,]   33 0.015232370 5.612422e-04   468.5819  8.686204e-01 -3.106565e+02
[34,]   34 0.015232370 5.612420e-04   468.5819  8.686366e-01 -3.106849e+02
[35,]   35 0.015232370 5.612419e-04   468.5819  8.686374e-01 -3.106863e+02
[36,]   36 0.015232370 5.612419e-04   468.5819  8.686375e-01 -3.106864e+02
[37,]   37 0.015232370 5.612419e-04   468.5819  8.686375e-01 -3.106864e+02
[38,]   38 0.015232370 5.612419e-04   468.5819  8.686375e-01 -3.106864e+02
[39,]   39 0.015232370 5.612419e-04   468.5819  8.686375e-01 -3.106864e+02
[40,]   40 0.015232370 5.612419e-04   468.5819  8.686375e-01 -3.106864e+02
[41,]   41 0.015232370 5.612419e-04   468.5819  8.686375e-01 -3.106864e+02
[42,]   42 0.015232370 5.612419e-04   468.5819  8.686375e-01 -3.106864e+02
[43,]   43 0.015232370 5.612419e-04   468.5819  8.686375e-01 -3.106864e+02
[44,]   44 0.015232370 5.612419e-04   468.5819  8.686375e-01 -3.106864e+02
[45,]   45 0.015232370 5.612419e-04   468.5819  8.686375e-01 -3.106864e+02

