[22;0t]0;IPython: scripts/01_msprime_simulations$par
[1] 0.0091752270 0.0005360575

$value
[1] -462.3504

$counts
function gradient 
      29       29 

$convergence
[1] 0

$message
[1] "CONVERGENCE: REL_REDUCTION_OF_F <= FACTR*EPSMCH"

$loginfo
      step        par1         par2       fn           gr1           gr2
 [1,]    1 0.100000000 0.0100000000 680.5459  1.912783e+03  3.562198e+03
 [2,]    2 0.000001000 0.0000010000 677.7451  1.075025e+05 -2.092782e+06
 [3,]    3 0.097818862 0.0097819058 675.6024  1.903139e+03  3.609322e+03
 [4,]    4 0.048909931 0.0048914529 567.7853  1.434016e+03  7.289537e+03
 [5,]    5 0.016630036 0.0016637540 489.9869  3.673125e+02  2.588260e+04
 [6,]    6 0.007235678 0.0007244027 464.4692 -6.095333e+01  1.723173e+04
 [7,]    7 0.002092633 0.0000010000 728.4150  4.814942e+03 -2.323622e+06
 [8,]    8 0.005870487 0.0005323798 462.4340 -6.973189e+01  1.086166e+03
 [9,]    9 0.006712586 0.0005249001 462.3786 -3.685691e+01 -4.725787e+02
[10,]   10 0.008045161 0.0005353610 462.3578 -1.471432e+01  3.553007e+02
[11,]   11 0.008758450 0.0005354783 462.3510 -5.296690e+00  8.444624e+01
[12,]   12 0.009175227 0.0005360575 462.3504 -1.127235e+00  1.476333e+01
[13,]   13 0.009288993 0.0005362453 462.3506 -1.164714e-01  1.941819e+00
[14,]   14 0.009185894 0.0005360751 462.3504 -1.030486e+00  1.352674e+01
[15,]   15 0.009176322 0.0005360593 462.3504 -1.117286e+00  1.463608e+01
[16,]   16 0.009175340 0.0005360577 462.3504 -1.126205e+00  1.475015e+01
[17,]   17 0.009175239 0.0005360575 462.3504 -1.127128e+00  1.476197e+01
[18,]   18 0.009175228 0.0005360575 462.3504 -1.127224e+00  1.476319e+01
[19,]   19 0.009175227 0.0005360575 462.3504 -1.127234e+00  1.476332e+01
[20,]   20 0.009175227 0.0005360575 462.3504 -1.127235e+00  1.476333e+01
[21,]   21 0.009175227 0.0005360575 462.3504 -1.127235e+00  1.476333e+01
[22,]   22 0.009175227 0.0005360575 462.3504 -1.127235e+00  1.476333e+01
[23,]   23 0.009175227 0.0005360575 462.3504 -1.127235e+00  1.476333e+01
[24,]   24 0.009175227 0.0005360575 462.3504 -1.127235e+00  1.476333e+01
[25,]   25 0.009175227 0.0005360575 462.3504 -1.127235e+00  1.476333e+01
[26,]   26 0.009175227 0.0005360575 462.3504 -1.127235e+00  1.476333e+01
[27,]   27 0.009175227 0.0005360575 462.3504 -1.127235e+00  1.476333e+01
[28,]   28 0.009175227 0.0005360575 462.3504 -1.127235e+00  1.476333e+01
[29,]   29 0.009175227 0.0005360575 462.3504 -1.127235e+00  1.476333e+01

