[22;0t]0;IPython: scripts/01_msprime_simulations$par
[1] 0.04825437 0.51474358

$value
[1] -54609.45

$counts
function gradient 
      28       28 

$convergence
[1] 0

$message
[1] "CONVERGENCE: REL_REDUCTION_OF_F <= FACTR*EPSMCH"

$loginfo
      step       par1       par2        fn           gr1           gr2
 [1,]    1 0.10000000  0.0100000 123175.76  6.928752e+04 -3.170834e+06
 [2,]    2 0.00000100 10.0000000  61088.26 -9.210537e+06  2.297418e+02
 [3,]    3 1.64764179 10.0000000  61600.22  2.214837e+03  2.308521e+02
 [4,]    4 0.54924357 10.0000000  59015.98  2.339220e+03  3.356209e+02
 [5,]    5 0.18298047 10.0000000  58309.73  9.614863e+02  3.800878e+02
 [6,]    6 0.18296139  9.9987757  58309.25  9.614053e+02  3.800587e+02
 [7,]    7 0.18288507  9.9938784  58307.31  9.610802e+02  3.799357e+02
 [8,]    8 0.18257980  9.9742892  58299.58  9.597577e+02  3.794298e+02
 [9,]    9 0.18135873  9.8959325  58268.77  9.540399e+02  3.771778e+02
[10,]   10 0.17647445  9.5825059  58147.70  9.213829e+02  3.658787e+02
[11,]   11 0.15693734  8.3287991  57672.49  7.663972e+02  3.722612e+02
[12,]   12 0.07878886  3.3139722  56027.37 -5.401652e+02  3.516214e+02
[13,]   13 0.02762571  0.0000010 431270.58  1.047410e+05 -1.589267e+09
[14,]   14 0.06169703  2.2068898  55586.62 -1.455982e+03  5.022136e+02
[15,]   15 0.04466137  1.1034454  54991.93 -3.862471e+03  7.123176e+02
[16,]   16 0.03330670  0.3679738  54703.79  2.292801e+02 -1.646225e+03
[17,]   17 0.04143268  0.8943148  54847.80 -4.425177e+03  7.595926e+02
[18,]   18 0.03574130  0.5256694  54632.67 -3.900506e+03  2.805238e+02
[19,]   19 0.02799926  0.0000010 431309.67  1.045296e+05 -1.589267e+09
[20,]   20 0.03316119  0.3504848  54737.19  1.232044e+03 -2.208959e+03
[21,]   21 0.03519037  0.4882624  54628.12 -3.409961e+03  5.864137e+01
[22,]   22 0.03546901  0.4874590  54627.15 -3.273396e+03  4.657547e+01
[23,]   23 0.03658353  0.4842453  54623.73 -2.747198e+03 -2.768677e+00
[24,]   24 0.04395323  0.5016400  54611.15 -7.567710e+02 -2.086636e+01
[25,]   25 0.04704365  0.5133062  54609.58 -2.330500e+02  1.019819e+01
[26,]   26 0.04816551  0.5137476  54609.45 -1.455021e+00 -5.794145e+00
[27,]   27 0.04825901  0.5148396  54609.45 -6.792067e-01  6.260892e-01
[28,]   28 0.04825437  0.5147436  54609.45 -1.120090e-02  2.968081e-03

