[22;0t]0;IPython: scripts/01_msprime_simulations$par
[1] 1.000000e-06 1.436096e-05

$value
[1] -63.65044

$counts
function gradient 
      70       70 

$convergence
[1] 52

$message
[1] "ERROR: ABNORMAL_TERMINATION_IN_LNSRCH"

$loginfo
      step  par1         par2          fn          gr1          gr2
 [1,]    1 1e-01 1.000000e-02   311.75893  2240.251312    3209.2578
 [2,]    2 1e-06 1.000000e-06    74.93979 29574.672868 -110463.5303
 [3,]    3 1e-06 1.000000e+01 24348.37592  2416.087797    2324.1147
 [4,]    4 1e-06 3.226030e+00  8109.77940  2415.990305    2470.1727
 [5,]    5 1e-06 1.040253e+00  2660.96909  2415.545564    2514.1226
 [6,]    6 1e-06 3.355286e-01   886.48910  2413.982124    2517.4530
 [7,]    7 1e-06 1.083522e-01   316.73709  2409.039024    2484.9401
 [8,]    8 1e-06 3.510018e-02   137.35811  2393.775280    2370.9817
 [9,]    9 1e-06 1.145611e-02    83.96866  2347.217550    2018.6937
[10,]   10 1e-06 3.799956e-03    71.12376  2188.297966     963.3952
[11,]   11 1e-06 3.767110e-03    71.09233  2185.707899     949.6284
[12,]   12 1e-06 3.635727e-03    70.97125  2174.654389     892.0875
[13,]   13 1e-06 3.110196e-03    70.57146  2115.691370     614.3942
[14,]   14 1e-06 1.895917e-03    70.31001  2156.133088     102.3587
[15,]   15 1e-06 1.653176e-03    70.21554  2810.244638     822.1835
[16,]   16 1e-06 6.822130e-04    67.98628  6239.296598    3505.6057
[17,]   17 1e-06 1.000000e-06    74.93979     0.000000 -110463.5303
[18,]   18 1e-06 4.397134e-04    66.94064  7201.808394    5470.1397
[19,]   19 1e-06 2.245974e-04    65.40416  6457.426638    9945.2685
[20,]   20 1e-06 1.969334e-04    65.12472  5873.923787   10970.9441
[21,]   21 1e-06 1.795046e-04    64.93371  5377.854589   11662.5637
[22,]   22 1e-06 1.000000e-06    74.93979 29574.672868 -110463.5303
[23,]   23 1e-06 1.664218e-04    64.78181  4925.728526   12164.3740
[24,]   24 1e-06 8.371090e-05    63.62250   119.646149   13584.5347
[25,]   25 1e-06 8.196399e-05    63.59461    -4.869253   13668.1628
[26,]   26 1e-06 8.029527e-05    63.56792  -122.528735   13747.2574
[27,]   27 1e-06 4.064764e-05    63.01949  -987.069989   14392.8218
[28,]   28 1e-06 4.029694e-05    63.01730  -954.267923   14368.4220
[29,]   29 1e-06 1.436096e-05    63.65044 10836.123042    4430.0864
[30,]   30 1e-06 1.000000e-06    74.93979 29574.672868 -110463.5303
[31,]   31 1e-06 1.434879e-05    63.65179 10849.697021    4414.7761
[32,]   32 1e-06 1.436088e-05    63.65045 10836.210290    4429.9881
[33,]   33 1e-06 1.436096e-05    63.65044 10836.123604    4430.0858
[34,]   34 1e-06 1.436096e-05    63.65044 10836.123046    4430.0864
[35,]   35 1e-06 1.436096e-05    63.65044 10836.123042    4430.0864
[36,]   36 1e-06 1.436096e-05    63.65044 10836.123042    4430.0864
[37,]   37 1e-06 1.436096e-05    63.65044 10836.123042    4430.0864
[38,]   38 1e-06 1.436096e-05    63.65044 10836.123042    4430.0864
[39,]   39 1e-06 1.436096e-05    63.65044 10836.123042    4430.0864
[40,]   40 1e-06 1.436096e-05    63.65044 10836.123042    4430.0864
[41,]   41 1e-06 1.436096e-05    63.65044 10836.123042    4430.0864
[42,]   42 1e-06 1.436096e-05    63.65044 10836.123042    4430.0864
[43,]   43 1e-06 1.436096e-05    63.65044 10836.123042    4430.0864
[44,]   44 1e-06 1.436096e-05    63.65044 10836.123042    4430.0864
[45,]   45 1e-06 1.436096e-05    63.65044 10836.123042    4430.0864
[46,]   46 1e-06 1.436096e-05    63.65044 10836.123042    4430.0864
[47,]   47 1e-06 1.436096e-05    63.65044 10836.123042    4430.0864
[48,]   48 1e-06 1.436096e-05    63.65044 10836.123042    4430.0864
[49,]   49 1e-06 1.436096e-05    63.65044 10836.123042    4430.0864
[50,]   50 1e-06 1.000000e-06    74.93979 29574.672868 -110463.5303
[51,]   51 1e-06 1.434879e-05    63.65179 10849.697021    4414.7761
[52,]   52 1e-06 1.436088e-05    63.65045 10836.210290    4429.9881
[53,]   53 1e-06 1.436096e-05    63.65044 10836.123604    4430.0858
[54,]   54 1e-06 1.436096e-05    63.65044 10836.123046    4430.0864
[55,]   55 1e-06 1.436096e-05    63.65044 10836.123042    4430.0864
[56,]   56 1e-06 1.436096e-05    63.65044 10836.123042    4430.0864
[57,]   57 1e-06 1.436096e-05    63.65044 10836.123042    4430.0864
[58,]   58 1e-06 1.436096e-05    63.65044 10836.123042    4430.0864
[59,]   59 1e-06 1.436096e-05    63.65044 10836.123042    4430.0864
[60,]   60 1e-06 1.436096e-05    63.65044 10836.123042    4430.0864
[61,]   61 1e-06 1.436096e-05    63.65044 10836.123042    4430.0864
[62,]   62 1e-06 1.436096e-05    63.65044 10836.123042    4430.0864
[63,]   63 1e-06 1.436096e-05    63.65044 10836.123042    4430.0864
[64,]   64 1e-06 1.436096e-05    63.65044 10836.123042    4430.0864
[65,]   65 1e-06 1.436096e-05    63.65044 10836.123042    4430.0864
[66,]   66 1e-06 1.436096e-05    63.65044 10836.123042    4430.0864
[67,]   67 1e-06 1.436096e-05    63.65044 10836.123042    4430.0864
[68,]   68 1e-06 1.436096e-05    63.65044 10836.123042    4430.0864
[69,]   69 1e-06 1.436096e-05    63.65044 10836.123042    4430.0864

