[22;0t]0;IPython: scripts/01_msprime_simulations$par
[1] 0.005387358 0.005369253

$value
[1] -3112.417

$counts
function gradient 
      51       51 

$convergence
[1] 0

$message
[1] "CONVERGENCE: REL_REDUCTION_OF_F <= FACTR*EPSMCH"

$loginfo
      step        par1        par2       fn           gr1           gr2
 [1,]    1 0.100000000 0.010000000 3191.576  4.754882e+02  1.223900e+04
 [2,]    2 0.000001000 0.000001000 6402.117  1.205025e+05 -2.336928e+07
 [3,]    3 0.065914306 0.006591737 3148.270  4.265761e+02  2.013644e+03
 [4,]    4 0.032539069 0.004658239 3140.813  7.534242e+02 -1.470475e+04
 [5,]    5 0.011092689 0.004435502 3121.794  1.364285e+03 -1.079568e+04
 [6,]    6 0.000001000 0.004320307 3209.524 -4.602020e+05  9.186816e+02
 [7,]    7 0.007084932 0.004393879 3116.860  1.192540e+03 -8.203404e+03
 [8,]    8 0.002409537 0.004345321 3116.910 -2.928362e+03 -3.027532e+03
 [9,]    9 0.004531258 0.004367357 3114.867  2.980544e+02 -5.762957e+03
[10,]   10 0.000001000 0.004590757 3209.893 -4.605937e+05  1.794978e+03
[11,]   11 0.003066776 0.004439574 3115.207 -1.484461e+03 -3.318156e+03
[12,]   12 0.003968477 0.004395109 3114.686 -2.024814e+02 -4.826222e+03
[13,]   13 0.012490406 0.008970060 3129.755  8.562928e+02  5.983124e+03
[14,]   14 0.005939512 0.005453248 3112.479  1.945645e+02  1.210354e+02
[15,]   15 0.005600264 0.005377071 3112.427  9.313243e+01 -6.437339e+01
[16,]   16 0.005381522 0.005352780 3112.417  4.914947e+00 -6.975732e+01
[17,]   17 0.005387909 0.005363173 3112.417  3.064453e+00 -2.699583e+01
[18,]   18 0.005387358 0.005369253 3112.417 -5.054285e-02 -1.251907e-01
[19,]   19 0.005387512 0.005369299 3112.417  2.325264e-03 -1.340277e-04
[20,]   20 0.005387359 0.005369254 3112.417 -5.018580e-02 -1.243463e-01
[21,]   21 0.005387358 0.005369253 3112.417 -5.054059e-02 -1.251851e-01
[22,]   22 0.005387358 0.005369253 3112.417 -5.054293e-02 -1.251906e-01
[23,]   23 0.005387358 0.005369253 3112.417 -5.054285e-02 -1.251907e-01
[24,]   24 0.005387358 0.005369253 3112.417 -5.054294e-02 -1.251907e-01
[25,]   25 0.005387358 0.005369253 3112.417 -5.054285e-02 -1.251907e-01
[26,]   26 0.005387358 0.005369253 3112.417 -5.054285e-02 -1.251907e-01
[27,]   27 0.005387358 0.005369253 3112.417 -5.054292e-02 -1.251907e-01
[28,]   28 0.005387358 0.005369253 3112.417 -5.054285e-02 -1.251907e-01
[29,]   29 0.005387358 0.005369253 3112.417 -5.054287e-02 -1.251906e-01
[30,]   30 0.005387358 0.005369253 3112.417 -5.054285e-02 -1.251907e-01
[31,]   31 0.005387358 0.005369253 3112.417 -5.054286e-02 -1.251907e-01
[32,]   32 0.005387358 0.005369253 3112.417 -5.054285e-02 -1.251907e-01
[33,]   33 0.005387358 0.005369253 3112.417 -5.054285e-02 -1.251906e-01
[34,]   34 0.055930207 0.130559928 3325.294  2.412371e+03 -9.659855e+01
[35,]   35 0.005388229 0.005371411 3112.417 -6.401162e-01  8.879608e+00
[36,]   36 0.005387361 0.005369260 3112.417 -5.243966e-02 -9.625260e-02
[37,]   37 0.005387358 0.005369253 3112.417 -5.055057e-02 -1.250757e-01
[38,]   38 0.005387358 0.005369253 3112.417 -5.054297e-02 -1.251904e-01
[39,]   39 0.005387358 0.005369253 3112.417 -5.054287e-02 -1.251907e-01
[40,]   40 0.005387358 0.005369253 3112.417 -5.054302e-02 -1.251905e-01
[41,]   41 0.005387358 0.005369253 3112.417 -5.054286e-02 -1.251907e-01
[42,]   42 0.005387358 0.005369253 3112.417 -5.054287e-02 -1.251907e-01
[43,]   43 0.005387358 0.005369253 3112.417 -5.054286e-02 -1.251907e-01
[44,]   44 0.005387358 0.005369253 3112.417 -5.054287e-02 -1.251907e-01

