[22;0t]0;IPython: scripts/01_msprime_simulations$par
[1] 0.0124673675 0.0005336037

$value
[1] -440.2888

$counts
function gradient 
      17       17 

$convergence
[1] 0

$message
[1] "CONVERGENCE: REL_REDUCTION_OF_F <= FACTR*EPSMCH"

$loginfo
      step        par1         par2       fn           gr1           gr2
 [1,]    1 0.100000000 0.0100000000 663.0594  1.940225e+03  3.326699e+03
 [2,]    2 0.000001000 0.0000010000 640.4526  1.025212e+05 -1.954391e+06
 [3,]    3 0.097611887 0.0097612102 657.6373  1.930568e+03  3.375616e+03
 [4,]    4 0.048806444 0.0048811051 549.0801  1.520250e+03  7.143816e+03
 [5,]    5 0.017161714 0.0017169169 469.0665  4.821554e+02  2.528331e+04
 [6,]    6 0.007414423 0.0007422756 442.6772 -9.208369e+01  1.667865e+04
 [7,]    7 0.002772107 0.0000010000 692.4288  3.286300e+03 -2.198819e+06
 [8,]    8 0.006164863 0.0005427484 440.5824 -1.031163e+02  2.400080e+03
 [9,]    9 0.007942159 0.0005168607 440.4014 -5.804846e+01 -1.600854e+03
[10,]   10 0.010826586 0.0005339238 440.3017 -1.653229e+01  9.043888e+01
[11,]   11 0.011885368 0.0005352166 440.2921 -5.061680e+00  2.135785e+02
[12,]   12 0.012342434 0.0005339195 440.2892 -1.010287e+00  4.081768e+01
[13,]   13 0.012456368 0.0005336120 440.2888 -8.780667e-02  9.747445e-01
[14,]   14 0.012467283 0.0005336061 440.2888 -6.186679e-04  3.204347e-01
[15,]   15 0.012464567 0.0005332311 440.2884 -3.147440e-02 -4.973410e+01
[16,]   16 0.012467266 0.0005336038 440.2888 -8.133856e-04  6.175628e-03
[17,]   17 0.012467368 0.0005336037 440.2888 -2.145839e-06 -1.266021e-03

