[22;0t]0;IPython: scripts/01_msprime_simulations$par
[1] 0.0001787525 0.0088774047

$value
[1] -3224.318

$counts
function gradient 
      38       38 

$convergence
[1] 0

$message
[1] "CONVERGENCE: REL_REDUCTION_OF_F <= FACTR*EPSMCH"

$loginfo
      step         par1        par2       fn          gr1           gr2
 [1,]    1 0.1000000000 0.010000000 3414.917     505.0570  8.171732e+03
 [2,]    2 0.0000010000 0.000001000 6986.342  121855.2179 -2.553846e+07
 [3,]    3 0.0662836500 0.006628668 3383.281     512.9437 -1.425330e+03
 [4,]    4 0.0348494872 0.005301466 3367.753    1156.0259 -1.147411e+04
 [5,]    5 0.0000010000 0.003830106 3254.800  -89889.9705 -1.634215e+04
 [6,]    6 0.0345930180 0.005290638 3367.580    1167.0684 -1.157644e+04
 [7,]    7 0.0107962258 0.004285898 3332.494    4207.5056 -2.105175e+04
 [8,]    8 0.0031587870 0.003963433 3289.645   10537.6297 -2.152241e+04
 [9,]    9 0.0000010000 0.003830106 3254.800  -89889.9705 -1.634215e+04
[10,]   10 0.0658938479 0.006979203 3382.896     524.0443  3.081331e+02
[11,]   11 0.0211234795 0.004839574 3352.715    2099.3907 -1.573934e+04
[12,]   12 0.0064338303 0.004137538 3312.890    6520.0538 -2.122453e+04
[13,]   13 0.0018387421 0.003917934 3274.757   13774.5858 -2.096516e+04
[14,]   14 0.0005270644 0.003855247 3254.069   21242.8305 -2.075814e+04
[15,]   15 0.0005257832 0.006235417 3232.139   13864.0575 -3.481933e+03
[16,]   16 0.0004640488 0.006689789 3229.807   12105.7946 -3.167843e+03
[17,]   17 0.0000010000 0.010160296 3241.536 -155106.8228  1.593922e+03
[18,]   18 0.0002865685 0.008019987 3225.367    7163.9361 -1.201852e+03
[19,]   19 0.0001222676 0.009066891 3224.568  -21848.7964  3.261896e+02
[20,]   20 0.0002237217 0.008420439 3224.580    2940.9772 -7.483652e+02
[21,]   21 0.0001614106 0.008908608 3224.336   -5950.3503  8.551689e+01
[22,]   22 0.0002009187 0.008835168 3224.343     325.0872 -4.918015e+01
[23,]   23 0.0001742992 0.008884650 3224.319   -3401.7231  4.332176e+01
[24,]   24 0.0001914414 0.008856390 3224.326    -825.5918 -9.705085e+00
[25,]   25 0.0001784715 0.008877772 3224.318   -2702.9965  3.065601e+01
[26,]   26 0.0001945333 0.008856796 3224.331    -436.3239 -1.071606e+01
[27,]   27 0.0001816940 0.008873563 3224.319   -2198.2676  2.249634e+01
[28,]   28 0.0001791551 0.008876879 3224.318   -2593.5406  2.893124e+01
[29,]   29 0.0001786178 0.008877581 3224.318   -2679.4536  3.028707e+01
[30,]   30 0.0001789724 0.008877118 3224.318   -2622.6596  2.939245e+01
[31,]   31 0.0001786932 0.008877482 3224.318   -2667.3477  3.009692e+01
[32,]   32 0.0001788775 0.008877242 3224.318   -2637.8288  2.963203e+01
[33,]   33 0.0001787323 0.008877431 3224.318   -2661.0850  2.999843e+01
[34,]   34 0.0001788281 0.008877306 3224.318   -2645.7292  2.975662e+01
[35,]   35 0.0001787525 0.008877405 3224.318   -2657.8351  2.994730e+01
[36,]   36 0.0001788024 0.008877340 3224.318   -2649.8434  2.982146e+01
[37,]   37 0.0001787631 0.008877391 3224.318   -2656.1459  2.992071e+01
[38,]   38 0.0001787525 0.008877405 3224.318   -2657.8351  2.994730e+01

