[22;0t]0;IPython: scripts/01_msprime_simulations$par
[1] 0.570424131 0.009528194

$value
[1] -5335.793

$counts
function gradient 
      18       18 

$convergence
[1] 0

$message
[1] "CONVERGENCE: REL_REDUCTION_OF_F <= FACTR*EPSMCH"

$loginfo
      step       par1        par2        fn           gr1           gr2
 [1,]    1  0.1000000 0.010000000  5348.476 -1.486134e+02  6.459112e+03
 [2,]    2 10.0000000 0.000001000 13028.101  3.700154e-01 -4.342008e+07
 [3,]    3  3.7488919 0.006314619  5406.372  5.831311e-01 -4.940385e+04
 [4,]    4  1.2707940 0.008817498  5339.136  1.291396e+00 -7.472219e+03
 [5,]    5  1.7724847 0.014958598  5441.199  5.357305e+00  3.289013e+04
 [6,]    6  1.3325544 0.009573495  5336.642  1.177597e+00  4.411370e+02
 [7,]    7  1.3184146 0.009521958  5336.615  1.182445e+00 -5.738041e+01
 [8,]    8  1.2967020 0.009494140  5336.594  1.193681e+00 -3.292254e+02
 [9,]    9  1.1986881 0.009428438  5336.517  1.244636e+00 -9.762417e+02
[10,]   10  0.9133255 0.009316553  5336.320  1.290894e+00 -2.067557e+03
[11,]   11  0.2569972 0.009163155  5337.713 -1.590721e+01 -2.387140e+03
[12,]   12  0.6911333 0.009264622  5336.182  9.087548e-01 -2.518789e+03
[13,]   13  0.4696004 0.009294634  5336.094 -1.353361e+00 -2.049476e+03
[14,]   14  0.6157923 0.009491510  5335.809  4.132108e-01 -3.452867e+02
[15,]   15  0.5838949 0.009529018  5335.794  1.345883e-01  3.332608e+00
[16,]   16  0.5697524 0.009529671  5335.793 -7.573281e-03  1.344875e+01
[17,]   17  0.5704701 0.009528301  5335.793  4.447566e-04  9.385343e-01
[18,]   18  0.5704241 0.009528194  5335.793 -4.674803e-06 -3.351479e-03

