[22;0t]0;IPython: scripts/01_msprime_simulations$par
[1] 0.08883657 0.50107001

$value
[1] -54309.17

$counts
function gradient 
      32       32 

$convergence
[1] 0

$message
[1] "CONVERGENCE: REL_REDUCTION_OF_F <= FACTR*EPSMCH"

$loginfo
      step       par1       par2        fn           gr1           gr2
 [1,]    1 0.10000000  0.0100000 120057.95  6.739505e+04 -3.084223e+06
 [2,]    2 0.00000100 10.0000000  62257.91 -1.022151e+07  3.707182e+02
 [3,]    3 1.47130777 10.0000000  61409.35  2.089576e+03  3.040964e+02
 [4,]    4 0.48980678 10.0000000  59355.32  1.848813e+03  3.904169e+02
 [5,]    5 0.16322875 10.0000000  58959.20 -1.639636e+02  4.301550e+02
 [6,]    6 0.16323138  9.9985803  58958.59 -1.637902e+02  4.301842e+02
 [7,]    7 0.16324188  9.9929015  58956.15 -1.630919e+02  4.303050e+02
 [8,]    8 0.16328391  9.9701863  58946.36 -1.602318e+02  4.307879e+02
 [9,]    9 0.16345201  9.8793255  58907.11 -1.477074e+02  4.326869e+02
[10,]   10 0.16412443  9.5158823  58748.64 -8.382851e+01  4.380111e+02
[11,]   11 0.16681411  8.0621094  58124.07  1.978592e+02  4.139886e+02
[12,]   12 0.17757283  2.2470179  55819.91  1.709862e+03  5.706137e+02
[13,]   13 0.18173012  0.0000010 431204.95  0.000000e+00 -1.547752e+09
[14,]   14 0.17896196  1.4961916  55306.45  1.567396e+03  8.618392e+02
[15,]   15 0.18080710  0.4988933  54476.13  2.656163e+03 -1.227667e+03
[16,]   16 0.17971971  1.0866240  54903.88  1.330080e+03  1.105514e+03
[17,]   17 0.18080710  0.4988933  54476.13  2.656163e+03 -1.227667e+03
[18,]   18 0.16774016  7.5406833  57909.56  3.094225e+02  4.093477e+02
[19,]   19 0.17808339  1.9667010  55652.44  1.679020e+03  6.355239e+02
[20,]   20 0.18035147  0.7444286  54524.65  1.370687e+03  9.452984e+02
[21,]   21 0.18064703  0.5851529  54431.02  1.919356e+03  4.206738e+01
[22,]   22 0.18061739  0.5825198  54430.89  1.935247e+03  1.525474e+01
[23,]   23 0.18051718  0.5788227  54430.71  1.957590e+03 -2.298538e+01
[24,]   24 0.18033286  0.5758076  54430.46  1.975388e+03 -5.434383e+01
[25,]   25 0.04371557  0.4918817  54438.29 -7.996874e+03  6.426005e+02
[26,]   26 0.10508953  0.5295846  54316.17  6.367577e+02  9.898126e+01
[27,]   27 0.06080760  0.4852985  54344.48 -3.179915e+03  2.864494e+02
[28,]   28 0.09091742  0.5154111  54310.04 -4.356639e+01  1.263909e+02
[29,]   29 0.08861376  0.5010631  54309.17 -1.698285e+01  3.184433e+00
[30,]   30 0.08889786  0.5010711  54309.17  4.664055e+00 -8.846334e-01
[31,]   31 0.08883684  0.5010704  54309.17  1.523302e-02 -1.193257e-05
[32,]   32 0.08883657  0.5010700  54309.17 -1.498847e-05 -6.457412e-05

