[22;0t]0;IPython: scripts/01_msprime_simulations$par
[1] 0.044597656 0.004808769

$value
[1] -2994.739

$counts
function gradient 
      13       13 

$convergence
[1] 0

$message
[1] "CONVERGENCE: REL_REDUCTION_OF_F <= FACTR*EPSMCH"

$loginfo
      step       par1        par2       fn           gr1           gr2
 [1,]    1 0.10000000 0.010000000 3077.580  1.946345e+02  2.202404e+04
 [2,]    2 0.00000100 0.000001000 5929.768  1.227020e+05 -2.161545e+07
 [3,]    3 0.06521902 0.006522215 3007.917  2.297683e+01  1.351199e+04
 [4,]    4 0.02705904 0.001677259 3128.631  1.224670e+03 -1.483398e+05
 [5,]    5 0.05311416 0.004985330 2994.962  1.873554e+01  1.551854e+03
 [6,]    6 0.05115230 0.004767649 2994.856  2.728247e+01 -1.063053e+03
 [7,]    7 0.05154900 0.004836972 2994.824  2.349519e+01 -1.803578e+02
 [8,]    8 0.05133063 0.004839640 2994.818  2.265257e+01 -1.309008e+02
 [9,]    9 0.05045711 0.004850313 2994.800  1.917393e+01  6.671926e+01
[10,]   10 0.04550107 0.004844766 2994.746  9.642300e-01  3.757665e+02
[11,]   11 0.04470386 0.004820000 2994.739 -5.054270e-01  1.328191e+02
[12,]   12 0.04463238 0.004808552 2994.739  1.608152e-01 -5.649970e+00
[13,]   13 0.04459766 0.004808769 2994.739 -1.588906e-02  1.260640e-01

