[22;0t]0;IPython: scripts/01_msprime_simulations$par
[1] 0.0007715321 0.0981479302

$value
[1] -23432.11

$counts
function gradient 
      58       58 

$convergence
[1] 0

$message
[1] "CONVERGENCE: REL_REDUCTION_OF_F <= FACTR*EPSMCH"

$loginfo
      step         par1        par2       fn           gr1           gr2
 [1,]    1 0.1000000000  0.01000000 28364.75  1.254610e+04 -4.596104e+05
 [2,]    2 0.0000010000 10.00000000 32839.87  2.416088e+03  1.615168e+03
 [3,]    3 0.0666742737  3.33927335 24448.29  2.415590e+03  5.657716e+02
 [4,]    4 0.0491577375  3.33496943 24403.79  2.385434e+03  5.617316e+02
 [5,]    5 0.0000010000  3.32289134 24317.36 -1.610366e+05  4.950645e+02
 [6,]    6 0.0483987680  3.33478295 24401.88  2.383688e+03  5.614922e+02
 [7,]    7 0.0241998840  3.32883715 24341.86  2.285268e+03  5.491389e+02
 [8,]    8 0.0080268217  3.32486333 24304.45  1.964717e+03  5.349124e+02
 [9,]    9 0.0000010000  3.31554285 24313.74 -1.635653e+05  4.922470e+02
[10,]   10 0.0039953000  3.32018148 24294.80  1.474503e+03  5.298715e+02
[11,]   11 0.0000010000  3.25479666 24284.31 -1.783061e+05  4.780975e+02
[12,]   12 0.0037708877  3.31650796 24292.53  1.414037e+03  5.277811e+02
[13,]   13 0.0018859439  3.28565231 24274.63  3.484585e+02  5.097076e+02
[14,]   14 0.0000010000  2.46693325 23995.86 -4.437032e+05  2.802207e+02
[15,]   15 0.0011172438  2.95177001 24119.96 -4.571856e+03  4.162764e+02
[16,]   16 0.0332125326  0.00000100 84805.79  5.558436e+04 -3.039602e+08
[17,]   17 0.0119927804  1.95155867 23837.79  1.566379e+03  3.252852e+01
[18,]   18 0.0111243172  1.89727561 23832.97  1.498308e+03  8.850028e+01
[19,]   19 0.0076504645  1.68014338 23796.92  1.263707e+03  3.202524e+02
[20,]   20 0.0000010000  1.20201564 23788.62 -8.972822e+05  0.000000e+00
[21,]   21 0.0074732440  1.66906626 23793.04  1.286341e+03  3.400782e+02
[22,]   22 0.0025198912  1.35945827 23693.59 -3.447636e+03  2.023511e+02
[23,]   23 0.0009226169  1.25962106 23684.54 -1.852035e+04  4.379248e+02
[24,]   24 0.0229052464  0.00000100 84159.07  7.079866e+04 -3.039353e+08
[25,]   25 0.0083347644  0.83489982 23593.87  3.677885e+03  9.906498e+01
[26,]   26 0.0063363123  0.66026692 23538.20  4.989347e+03  1.514013e+02
[27,]   27 0.0000010000  0.10666151 23556.56 -9.293775e+05  0.000000e+00
[28,]   28 0.0028752108  0.35782177 23485.52  5.583174e+03  4.957675e+02
[29,]   29 0.0010405021  0.19749744 23449.84 -3.370622e+03 -4.743039e+02
[30,]   30 0.0019178420  0.27416298 23464.53  4.203770e+03  2.985338e+02
[31,]   31 0.0012541200  0.21616425 23447.12  6.257573e+02  1.783336e+02
[32,]   32 0.0003229552  0.00000100 81993.45  1.241256e+05 -3.038877e+08
[33,]   33 0.0009438534  0.14413808 23441.32 -1.162500e+03  4.670505e+01
[34,]   34 0.0014785385  0.11405755 23439.05  1.185134e+04  9.203381e+01
[35,]   35 0.0011375211  0.13324264 23438.75  5.470967e+03  2.863046e+02
[36,]   36 0.0013470613  0.12145425 23439.24  9.258437e+03  1.859507e+02
[37,]   37 0.0028944032  0.00000100 82304.98  1.180016e+05 -3.038889e+08
[38,]   38 0.0018620709  0.08103035 23444.88  1.740365e+04  3.973285e+02
[39,]   39 0.0013723673  0.11946794 23439.03  9.895996e+03  2.541656e+02
[40,]   40 0.0014107760  0.11645318 23438.67  1.084947e+04  2.237137e+02
[41,]   41 0.0016364235  0.09874176 23440.55  1.508834e+04  6.392623e+01
[42,]   42 0.0014402091  0.11414294 23438.61  1.145611e+04  1.010427e+02
[43,]   43 0.0012386294  0.11279266 23436.42  9.093852e+03  4.070617e+01
[44,]   44 0.0002687910  0.11947026 23447.89 -6.658232e+04  4.773278e+02
[45,]   45 0.0009086512  0.11506465 23434.75  1.902881e+03  2.263268e+02
[46,]   46 0.0006231164  0.10461551 23434.69 -9.034623e+03  3.169864e+02
[47,]   47 0.0002219410  0.06429629 23434.65 -7.716386e+04 -6.921492e+01
[48,]   48 0.0005374994  0.09601077 23433.77 -1.440145e+04 -1.971264e+02
[49,]   49 0.0005940066  0.10168990 23433.71 -1.007131e+04  4.435721e+02
[50,]   50 0.0005656314  0.09883812 23433.18 -1.180999e+04  9.321682e+01
[51,]   51 0.0007311669  0.09741221 23432.17 -1.950205e+03 -8.386215e+01
[52,]   52 0.0007926850  0.09968976 23432.28  6.499403e+02  2.050552e+02
[53,]   53 0.0007539282  0.09825489 23432.11 -8.918521e+02  1.516151e+01
[54,]   54 0.0007706038  0.09815264 23432.11 -1.983675e+02  2.901041e+00
[55,]   55 0.0007753740  0.09812845 23432.11 -5.759686e+00  1.010176e-01
[56,]   56 0.0007715321  0.09814793 23432.11 -1.606855e+02  2.354058e+00

