[22;0t]0;IPython: scripts/01_msprime_simulations$par
[1] 0.009464195 0.094365633

$value
[1] -29961.43

$counts
function gradient 
      33       33 

$convergence
[1] 0

$message
[1] "CONVERGENCE: REL_REDUCTION_OF_F <= FACTR*EPSMCH"

$loginfo
      step        par1        par2        fn           gr1           gr2
 [1,]    1 0.100000000  0.01000000  40253.82  2.308572e+04 -7.794928e+05
 [2,]    2 0.000001000 10.00000000  37181.66  2.416081e+03  1.252676e+03
 [3,]    3 0.066664446  3.34025510  31372.49  1.836797e+03  3.812497e+02
 [4,]    4 0.058799226  3.33849128  31357.96  1.681930e+03  3.810350e+02
 [5,]    5 0.027338344  3.33143601  31319.54  2.578834e+02  3.817330e+02
 [6,]    6 0.018781839  3.32751081  31320.05 -8.608427e+02  3.873723e+02
 [7,]    7 0.023424841  3.32964073  31318.62 -1.585877e+02  3.837244e+02
 [8,]    8 0.023249510  3.32724943  31317.74 -1.786224e+02  3.834843e+02
 [9,]    9 0.022548189  3.31768424  31314.23 -2.615341e+02  3.825603e+02
[10,]   10 0.019742905  3.27942347  31300.92 -6.540476e+02  3.787293e+02
[11,]   11 0.000001000  2.54016000  31611.98 -2.699435e+06  2.859700e+02
[12,]   12 0.010929793  2.94940408  31188.48 -4.000806e+03  4.271222e+02
[13,]   13 0.000001000  2.08796143  31439.92 -2.759359e+06  4.436092e+02
[14,]   14 0.005789568  2.54423494  31060.75 -1.220586e+04  3.877750e+02
[15,]   15 0.009808444  0.00000100 124905.33  9.958086e+04 -4.593528e+08
[16,]   16 0.007140052  1.68928250  30666.81 -9.588688e+03  3.398314e+02
[17,]   17 0.012356133  0.00000100 125152.66  9.464195e+04 -4.593578e+08
[18,]   18 0.008887090  1.12348621  30518.80 -7.132890e+03  2.065142e+02
[19,]   19 0.014012252  0.24798045  30093.30  1.842922e+03  7.859519e+02
[20,]   20 0.015463909  0.00000100 125438.03  0.000000e+00 -4.593639e+08
[21,]   21 0.014496462  0.16526524  30019.18  2.063737e+03  9.447503e+02
[22,]   22 0.015140614  0.05522796  30206.50  1.383474e+04 -1.763493e+04
[23,]   23 0.014738890  0.12385254  29982.84  2.382328e+03  7.486653e+02
[24,]   24 0.012835201  0.00000100 125197.79  9.375234e+04 -4.593587e+08
[25,]   25 0.014104907  0.08260644  29985.61  5.182668e+03 -2.142067e+03
[26,]   26 0.014411980  0.10258420  29971.02  3.086204e+03  1.169802e+02
[27,]   27 0.008580006  0.09054992  29962.14 -8.117350e+02 -1.967121e+02
[28,]   28 0.009880115  0.09703257  29961.67  2.351323e+02  1.356426e+02
[29,]   29 0.009619784  0.09428704  29961.45  2.064691e+02 -2.305063e+01
[30,]   30 0.009236391  0.09441638  29961.47 -3.097889e+02  2.930900e+01
[31,]   31 0.009462051  0.09434025  29961.43  1.554427e-01 -1.504852e+00
[32,]   32 0.009464195  0.09436563  29961.43  8.859337e-02  8.916120e-02

