[22;0t]0;IPython: scripts/01_msprime_simulations$par
[1] 0.000001000 0.003538244

$value
[1] -98.83449

$counts
function gradient 
      17       17 

$convergence
[1] 0

$message
[1] "CONVERGENCE: REL_REDUCTION_OF_F <= FACTR*EPSMCH"

$loginfo
      step  par1         par2          fn       gr1           gr2
 [1,]    1 1e-01  0.010000000   339.47400  2251.365  2.734206e+03
 [2,]    2 1e-06  0.000001000   118.31672 40952.052 -2.124059e+05
 [3,]    3 1e-06 10.000000000 24352.24331  2416.099  2.323792e+03
 [4,]    4 1e-06  3.276640870  8242.14298  2416.074  2.468154e+03
 [5,]    5 1e-06  1.073444500  2755.18481  2415.986  2.510754e+03
 [6,]    6 1e-06  0.351775496   941.53504  2415.704  2.509370e+03
 [7,]    7 1e-06  0.115403305   351.76110  2414.839  2.462148e+03
 [8,]    8 1e-06  0.037966761   165.00158  2412.211  2.304783e+03
 [9,]    9 1e-06  0.012579069   110.40533  2404.004  1.826901e+03
[10,]   10 1e-06  0.012471808   110.20970  2403.889  1.820750e+03
[11,]   11 1e-06  0.012042762   109.43396  2403.404  1.795048e+03
[12,]   12 1e-06  0.010326582   106.45439  2400.946  1.670876e+03
[13,]   13 1e-06  0.003461859    98.83660  2319.445 -5.620275e+01
[14,]   14 1e-06  0.003733969    98.84771  2334.879  1.321433e+02
[15,]   15 1e-06  0.003538063    98.83449  2324.172 -7.045958e-01
[16,]   16 1e-06  0.003539030    98.83449  2324.230 -1.423946e-02
[17,]   17 1e-06  0.003538244    98.83449  2324.183 -5.750731e-01

