[22;0t]0;IPython: scripts/01_msprime_simulations$par
[1] 0.0041916967 0.0008436957

$value
[1] -616.1496

$counts
function gradient 
      29       29 

$convergence
[1] 0

$message
[1] "CONVERGENCE: REL_REDUCTION_OF_F <= FACTR*EPSMCH"

$loginfo
      step        par1         par2         fn           gr1           gr2
 [1,]    1 0.100000000 1.000000e-02   832.6506  1.698566e+03  6.471159e+03
 [2,]    2 0.000001000 1.000000e-06   951.2143  1.087743e+05 -3.108083e+06
 [3,]    3 0.050357813 5.036228e-03   713.4477  1.209133e+03  1.267283e+04
 [4,]    4 0.017720444 1.772785e-03   630.3859  4.134085e+02  1.889666e+04
 [5,]    5 0.006025611 6.034069e-04   618.8916  3.255500e+02 -2.554733e+04
 [6,]    6 0.011777609 1.178555e-03   618.9998  2.095201e+02  1.118310e+04
 [7,]    7 0.000001000 1.000000e-06   951.2143  1.087743e+05 -3.108083e+06
 [8,]    8 0.008489785 8.498021e-04   616.5450  1.624570e+02 -2.193631e+03
 [9,]    9 0.000001000 1.000000e+01 24438.6150  2.416099e+03  2.316581e+03
[10,]   10 0.007367896 1.322350e+00  3624.0135  2.415751e+03  2.455655e+03
[11,]   11 0.008333288 1.851910e-01   903.7430  2.414148e+03  2.127725e+03
[12,]   12 0.008461520 3.414401e-02   648.7132  2.392048e+03  3.398356e+02
[13,]   13 0.008484521 7.050082e-03   659.5502  2.605530e+03  7.218116e+02
[14,]   14 0.008489538 1.140483e-03   618.0309  1.241705e+02  1.000788e+04
[15,]   15 0.008489756 8.841272e-04   616.5187  1.518531e+02 -6.504775e+01
[16,]   16 0.008487312 8.851661e-04   616.5186  1.514951e+02 -3.689303e+00
[17,]   17 0.008457419 8.910893e-04   616.5170  1.490515e+02  3.464309e+02
[18,]   18 0.008391210 8.974920e-04   616.5127  1.455056e+02  7.260174e+02
[19,]   19 0.008177740 9.086317e-04   616.4977  1.364103e+02  1.392072e+03
[20,]   20 0.007670245 9.221386e-04   616.4618  1.166022e+02  2.231266e+03
[21,]   21 0.006621939 9.319962e-04   616.3901  7.308037e+01  3.028064e+03
[22,]   22 0.005302998 9.186411e-04   616.2886  1.258286e+01  2.949398e+03
[23,]   23 0.005237410 2.573956e-04   643.5432  1.234708e+03 -1.826186e+05
[24,]   24 0.005289131 7.788323e-04   616.3534  1.129126e+02 -5.314426e+03
[25,]   25 0.005296626 8.544011e-04   616.1802  5.016575e+01 -3.239237e+02
[26,]   26 0.004296485 8.491774e-04   616.1521  1.187408e+00  1.990249e+02
[27,]   27 0.004196419 8.440644e-04   616.1498 -7.281114e-02  1.567077e+01
[28,]   28 0.004192266 8.436957e-04   616.1496  3.096785e-02 -5.089416e-01
[29,]   29 0.004191697 8.436957e-04   616.1496 -4.135884e-03  5.390196e-02

