[22;0t]0;IPython: scripts/01_msprime_simulations$par
[1] 0.01000618 0.01037945

$value
[1] -5221.948

$counts
function gradient 
      30       30 

$convergence
[1] 0

$message
[1] "CONVERGENCE: REL_REDUCTION_OF_F <= FACTR*EPSMCH"

$loginfo
      step        par1         par2        fn           gr1           gr2
 [1,]    1 0.100000000  0.010000000  5284.133  5.789281e+02 -1.202380e+04
 [2,]    2 0.000001000 10.000000000 25591.097  2.416099e+03  2.220361e+03
 [3,]    3 0.073089284  2.698407429  9541.224  2.413833e+03  2.116211e+03
 [4,]    4 0.092335830  0.775658199  5995.479  2.398203e+03  1.276389e+03
 [5,]    5 0.097677826  0.241987517  5652.929  2.618752e+03 -1.423858e+02
 [6,]    6 0.099391457  0.070794025  5663.949  2.587524e+03  2.075079e+03
 [7,]    7 0.099895274  0.020462197  5328.561  5.770850e+02  1.105834e+04
 [8,]    8 0.099971149  0.012882258  5270.489  5.074830e+02  9.865789e+02
 [9,]    9 0.099859698  0.012664209  5270.291  5.107922e+02  3.007069e+02
[10,]   10 0.099574883  0.012484234  5270.144  5.139455e+02 -2.907931e+02
[11,]   11 0.098944716  0.012321882  5269.910  5.173370e+02 -8.403382e+02
[12,]   12 0.096329116  0.011960768  5269.075  5.271311e+02 -2.114441e+03
[13,]   13 0.089407154  0.011424701  5267.012  5.496402e+02 -4.115914e+03
[14,]   14 0.067199675  0.010376445  5260.278  6.452720e+02 -8.148456e+03
[15,]   15 0.000001000  0.008159145  5353.861 -4.873398e+05  1.304927e+03
[16,]   16 0.041294330  0.009521667  5249.235  8.551260e+02 -1.039431e+04
[17,]   17 0.013917434  0.008618334  5230.278  1.119050e+03 -8.059149e+03
[18,]   18 0.004819571  0.008318139  5227.037 -1.257487e+03 -2.744210e+03
[19,]   19 0.010391278  0.008501984  5227.432  9.323982e+02 -6.555514e+03
[20,]   20 0.004819571  0.008318139  5227.037 -1.257487e+03 -2.744210e+03
[21,]   21 0.055133883  0.010473003  5251.583  6.774431e+02 -6.731795e+03
[22,]   22 0.015661968  0.008782498  5230.885  1.089682e+03 -8.026094e+03
[23,]   23 0.007776166  0.008444764  5225.866  4.358690e+02 -4.907859e+03
[24,]   24 0.007766052  0.008745231  5224.575  2.081194e+02 -3.695403e+03
[25,]   25 0.008684858  0.009835338  5222.236 -1.041784e+02 -8.310578e+02
[26,]   26 0.009391423  0.010262074  5221.978 -8.635137e+01 -7.493818e+01
[27,]   27 0.009751489  0.010376570  5221.954 -4.693411e+01  6.768947e+01
[28,]   28 0.009942636  0.010387891  5221.949 -1.397558e+01  3.729517e+01
[29,]   29 0.010004841  0.010381344  5221.948 -7.334452e-01  5.079020e+00
[30,]   30 0.010006184  0.010379448  5221.948  5.413045e-02  5.111551e-01

