[22;0t]0;IPython: scripts/01_msprime_simulations$par
[1] 5.261658e-02 9.603984e-05

$value
[1] -132.9745

$counts
function gradient 
      71       71 

$convergence
[1] 0

$message
[1] "CONVERGENCE: REL_REDUCTION_OF_F <= FACTR*EPSMCH"

$loginfo
      step        par1         par2         fn           gr1           gr2
 [1,]    1  0.10000000 1.000000e-02   371.7254  2.232004e+03    2532.55119
 [2,]    2  0.00000100 1.000000e-06   168.0542  5.164800e+04 -343210.22818
 [3,]    3  0.00000100 1.000000e+01 24357.3998  2.416099e+03    2323.36134
 [4,]    4  0.00000100 3.298067e+00  8304.8252  2.416074e+03    2466.45816
 [5,]    5  0.00000100 1.087648e+00  2805.1605  2.415988e+03    2506.84115
 [6,]    6  0.00000100 3.587977e-01   977.9333  2.415712e+03    2498.53446
 [7,]    7  0.00000100 1.184748e-01   382.5426  2.414872e+03    2430.30638
 [8,]    8  0.00000100 3.921787e-02   195.5308  2.412334e+03    2210.28953
 [9,]    9  0.00000100 1.306204e-02   143.3336  2.404398e+03    1547.07610
[10,]   10  0.00000100 1.300343e-02   143.2430  2.404341e+03    1542.59122
[11,]   11  0.00000100 1.276899e-02   142.8835  2.404107e+03    1524.23984
[12,]   12  0.00000100 1.183122e-02   141.4910  2.403066e+03    1443.55897
[13,]   13  0.00000100 8.080140e-03   136.9115  2.395944e+03     933.49220
[14,]   14  0.00000100 5.007973e-04   134.3133  1.016531e+04    1451.99259
[15,]   15  0.00000100 1.000000e-06   168.0542  0.000000e+00 -343210.22818
[16,]   16  0.00000100 5.007973e-04   134.3133  1.016531e+04    1451.99259
[17,]   17  0.00000100 1.000000e-06   168.0542  5.164800e+04 -343210.22818
[18,]   18  0.00000100 3.858374e-04   134.1339  8.990464e+03    1680.44530
[19,]   19  0.00000100 1.934187e-04   133.7835  6.478781e+02    1071.56577
[20,]   20  0.00000100 1.000000e-06   168.0542  5.164800e+04 -343210.22818
[21,]   21  0.00000100 1.928851e-04   133.7826  6.065874e+02    1057.01721
[22,]   22  0.00000100 9.694254e-05   133.7439 -6.902023e+03     457.03976
[23,]   23 10.00000000 1.000000e-06   182.6974 -9.714540e-07 -499966.24792
[24,]   24  3.32976833 6.499590e-05   134.8320 -5.057828e-04  -21115.62139
[25,]   25  1.10983460 8.629451e-05   133.2813 -5.705155e-03     -61.26372
[26,]   26  0.36943548 9.339809e-05   132.9768 -5.458548e-02    5331.98305
[27,]   27  0.12303427 9.576212e-05   132.9280 -4.391992e-01    6943.82226
[28,]   28  0.04102789 9.654891e-05   132.9780 -2.175119e+00    7340.64326
[29,]   29  0.04113615 1.000000e-06   182.6578  1.875579e+00 -498173.07936
[30,]   30  0.04102826 9.622213e-05   132.9891 -2.168361e+00    7123.49744
[31,]   31  0.04102790 9.653892e-05   132.9784 -2.174913e+00    7334.02087
[32,]   32  0.04102789 9.654861e-05   132.9780 -2.175112e+00    7340.44004
[33,]   33  0.04102789 9.654890e-05   132.9780 -2.175118e+00    7340.63702
[34,]   34  0.04102789 9.654891e-05   132.9780 -2.175119e+00    7340.64307
[35,]   35  0.04102789 9.654891e-05   132.9780 -2.175119e+00    7340.64325
[36,]   36  0.04102789 9.654891e-05   132.9780 -2.175119e+00    7340.64326
[37,]   37  0.04102789 9.654891e-05   132.9780 -2.175119e+00    7340.64326
[38,]   38  0.04102789 9.654891e-05   132.9780 -2.175119e+00    7340.64326
[39,]   39  0.04102789 9.654891e-05   132.9780 -2.175119e+00    7340.64326
[40,]   40  0.04102789 9.654891e-05   132.9780 -2.175119e+00    7340.64326
[41,]   41  0.04102789 9.654891e-05   132.9780 -2.175119e+00    7340.64326
[42,]   42  0.04102789 9.654891e-05   132.9780 -2.175119e+00    7340.64326
[43,]   43  0.04102789 9.654891e-05   132.9780 -2.175119e+00    7340.64326
[44,]   44  0.04102789 9.654891e-05   132.9780 -2.175119e+00    7340.64326
[45,]   45  0.04102789 9.654891e-05   132.9780 -2.175119e+00    7340.64326
[46,]   46  0.04102789 9.654891e-05   132.9780 -2.175119e+00    7340.64326
[47,]   47  0.04102789 9.654891e-05   132.9780 -2.175119e+00    7340.64326
[48,]   48  0.04102789 9.654891e-05   132.9780 -2.175119e+00    7340.64326
[49,]   49  2.21614644 1.000000e-06   182.6974 -2.439307e-05 -499942.26679
[50,]   50  0.09466953 9.419254e-05   133.0005 -6.436741e-01    5837.72625
[51,]   51  0.05261658 9.603984e-05   132.9745 -1.506195e+00    7045.06609
[52,]   52  0.03804239 1.000000e-06   182.6515  2.248623e+00 -498035.74849
[53,]   53  0.05257067 9.574041e-05   132.9850 -1.504227e+00    6842.94676
[54,]   54  0.05261530 9.603149e-05   132.9748 -1.506141e+00    7039.44025
[55,]   55  0.05261655 9.603961e-05   132.9745 -1.506193e+00    7044.90862
[56,]   56  0.05261658 9.603984e-05   132.9745 -1.506195e+00    7045.06168
[57,]   57  0.05261658 9.603984e-05   132.9745 -1.506195e+00    7045.06597
[58,]   58  0.05261658 9.603984e-05   132.9745 -1.506195e+00    7045.06609
[59,]   59  0.05261658 9.603984e-05   132.9745 -1.506195e+00    7045.06609
[60,]   60  0.05261658 9.603984e-05   132.9745 -1.506195e+00    7045.06609
[61,]   61  0.05261658 9.603984e-05   132.9745 -1.506195e+00    7045.06609
[62,]   62  0.05261658 9.603984e-05   132.9745 -1.506195e+00    7045.06609
[63,]   63  0.05261658 9.603984e-05   132.9745 -1.506195e+00    7045.06609
[64,]   64  0.05261658 9.603984e-05   132.9745 -1.506195e+00    7045.06609
[65,]   65  0.05261658 9.603984e-05   132.9745 -1.506195e+00    7045.06609
[66,]   66  0.05261658 9.603984e-05   132.9745 -1.506195e+00    7045.06609
[67,]   67  0.05261658 9.603984e-05   132.9745 -1.506195e+00    7045.06609
[68,]   68  0.05261658 9.603984e-05   132.9745 -1.506195e+00    7045.06609
[69,]   69  0.05261658 9.603984e-05   132.9745 -1.506195e+00    7045.06609

