[22;0t]0;IPython: scripts/01_msprime_simulations$par
[1] 0.00000100 0.00786689

$value
[1] -196.3356

$counts
function gradient 
      23       23 

$convergence
[1] 0

$message
[1] "CONVERGENCE: REL_REDUCTION_OF_F <= FACTR*EPSMCH"

$loginfo
      step  par1         par2         fn       gr1           gr2
 [1,]    1 1e-01  0.010000000   424.4532  2167.849  2.585715e+03
 [2,]    2 1e-06  0.000001000   249.1121 76656.943 -5.957004e+05
 [3,]    3 1e-06 10.000000000 24366.4237  2416.088  2.322608e+03
 [4,]    4 1e-06  3.312986568  8358.7490  2415.995  2.463980e+03
 [5,]    5 1e-06  1.097586063  2855.0602  2415.583  2.500296e+03
 [6,]    6 1e-06  0.363728846  1023.0164  2414.164  2.479614e+03
 [7,]    7 1e-06  0.120633571   428.2925  2409.783  2.374137e+03
 [8,]    8 1e-06  0.040091938   245.6831  2396.576  2.042840e+03
 [9,]    9 1e-06  0.013371355   199.7209  2354.727  1.046522e+03
[10,]   10 1e-06  0.013347907   199.6964  2354.605  1.043895e+03
[11,]   11 1e-06  0.013254116   199.5989  2354.113  1.033294e+03
[12,]   12 1e-06  0.012878952   199.2194  2352.056  9.893434e+02
[13,]   13 1e-06  0.011378296   197.8820  2342.085  7.845533e+02
[14,]   14 1e-06  0.005409412   197.5683  1958.142 -1.102911e+03
[15,]   15 1e-06  0.008897239   196.4936  2314.480  2.944111e+02
[16,]   16 1e-06  0.007406956   196.3711  2277.922 -1.578757e+02
[17,]   17 1e-06  0.007927156   196.3362  2294.534  1.931961e+01
[18,]   18 1e-06  0.007870438   196.3356  2293.006  1.137540e+00
[19,]   19 1e-06  0.007866890   196.3356  2292.909 -8.714202e-03
[20,]   20 1e-06  0.007866917   196.3356  2292.909  4.403518e-06
[21,]   21 1e-06  0.007866890   196.3356  2292.909 -8.620179e-03
[22,]   22 1e-06  0.007866890   196.3356  2292.909 -8.610261e-03
[23,]   23 1e-06  0.007866890   196.3356  2292.909 -8.620179e-03

