[22;0t]0;IPython: scripts/01_msprime_simulations$par
[1] 0.0007948853 1.0000000000

$value
[1] -35802.1

$counts
function gradient 
      32       32 

$convergence
[1] 0

$message
[1] "CONVERGENCE: REL_REDUCTION_OF_F <= FACTR*EPSMCH"

$loginfo
      step         par1 par2       fn           gr1           gr2
 [1,]    1 0.1000000000 0.01 52202.34  2.978040e+04 -1.072443e+06
 [2,]    2 0.0000100000 1.00 35832.61 -2.045379e+05 -4.424507e+01
 [3,]    3 0.1778958531 1.00 37358.93  7.529599e+03 -3.204738e+02
 [4,]    4 0.0556890101 1.00 36337.33  9.397556e+03 -1.652211e+02
 [5,]    5 0.0174371924 1.00 35960.17  1.027396e+04 -4.509345e+01
 [6,]    6 0.0055640481 1.00 35839.22  9.761654e+03 -3.119356e+00
 [7,]    7 0.0018840015 1.00 35806.80  6.703034e+03 -2.076431e+01
 [8,]    8 0.0018245362 1.00 35806.41  6.544660e+03 -2.138566e+01
 [9,]    9 0.0015866752 1.00 35804.93  5.790825e+03 -2.397815e+01
[10,]   10 0.0000100000 1.00 35832.61 -2.045379e+05 -4.424507e+01
[11,]   11 0.0010226224 1.00 35802.43  2.588778e+03 -3.084800e+01
[12,]   12 0.0000100000 1.00 35832.61 -2.045379e+05 -4.424507e+01
[13,]   13 0.0007358566 1.00 35802.12 -9.355726e+02 -3.478091e+01
[14,]   14 0.0008119813 1.00 35802.10  2.447889e+02 -3.370430e+01
[15,]   15 0.0007961942 1.00 35802.10  1.874186e+01 -3.392555e+01
[16,]   16 0.0007948853 1.00 35802.10 -4.070133e-01 -3.394395e+01
[17,]   17 0.0007949131 1.00 35802.10  6.623304e-04 -3.394355e+01
[18,]   18 0.0007948853 1.00 35802.10 -4.065562e-01 -3.394394e+01
[19,]   19 0.0007948853 1.00 35802.10 -4.070128e-01 -3.394395e+01
[20,]   20 0.0007948853 1.00 35802.10 -4.070133e-01 -3.394395e+01
[21,]   21 0.0007948853 1.00 35802.10 -4.070133e-01 -3.394395e+01
[22,]   22 0.0007948853 1.00 35802.10 -4.070131e-01 -3.394395e+01
[23,]   23 0.0007948853 1.00 35802.10 -4.070131e-01 -3.394395e+01
[24,]   24 0.0007948853 1.00 35802.10 -4.070131e-01 -3.394395e+01
[25,]   25 0.0007948853 1.00 35802.10 -4.070131e-01 -3.394395e+01
[26,]   26 0.0007948853 1.00 35802.10 -4.070131e-01 -3.394395e+01
[27,]   27 0.0007948853 1.00 35802.10 -4.070131e-01 -3.394395e+01
[28,]   28 0.0007948853 1.00 35802.10 -4.070130e-01 -3.394395e+01
[29,]   29 0.0007948853 1.00 35802.10 -4.070130e-01 -3.394395e+01
[30,]   30 0.0007948853 1.00 35802.10 -4.070130e-01 -3.394395e+01
[31,]   31 0.0007948853 1.00 35802.10 -4.070130e-01 -3.394395e+01

