[22;0t]0;IPython: scripts/01_msprime_simulations$par
[1] 0.0071144701 0.0005547808

$value
[1] -470.7043

$counts
function gradient 
      22       22 

$convergence
[1] 0

$message
[1] "CONVERGENCE: REL_REDUCTION_OF_F <= FACTR*EPSMCH"

$loginfo
      step        par1         par2       fn           gr1           gr2
 [1,]    1 0.100000000 0.0100000000 685.9986  1.832555e+03  4.793017e+03
 [2,]    2 0.000001000 0.0000010000 696.6133  1.072334e+05 -2.185104e+06
 [3,]    3 0.042971143 0.0042976276 558.4006  1.257708e+03  9.399505e+03
 [4,]    4 0.014610849 0.0014618534 490.1349  2.560206e+02  2.512251e+04
 [5,]    5 0.006615815 0.0006624220 471.4487 -5.635398e+01  1.085790e+04
 [6,]    6 0.005741095 0.0000010000 757.5493  1.340886e+03 -2.448215e+06
 [7,]    7 0.006399157 0.0004985954 470.8409  1.880768e+01 -8.010743e+03
 [8,]    8 0.007218285 0.0005711954 470.7377 -4.856986e+00  1.988542e+03
 [9,]    9 0.007063723 0.0005567897 470.7068 -1.847519e+00  2.700651e+02
[10,]   10 0.007114470 0.0005547808 470.7043  5.671687e-01 -1.848343e+01
[11,]   11 0.007090165 0.0005548058 470.7043 -8.602681e-02 -2.043375e+00
[12,]   12 0.007112350 0.0005547830 470.7043  5.105486e-01 -1.705188e+01
[13,]   13 0.007114265 0.0005547810 470.7043  5.616862e-01 -1.834476e+01
[14,]   14 0.007114450 0.0005547808 470.7043  5.666324e-01 -1.846986e+01
[15,]   15 0.007114468 0.0005547808 470.7043  5.671162e-01 -1.848210e+01
[16,]   16 0.007114470 0.0005547808 470.7043  5.671636e-01 -1.848330e+01
[17,]   17 0.007114470 0.0005547808 470.7043  5.671682e-01 -1.848342e+01
[18,]   18 0.007114470 0.0005547808 470.7043  5.671687e-01 -1.848343e+01
[19,]   19 0.007114470 0.0005547808 470.7043  5.671684e-01 -1.848342e+01
[20,]   20 0.007114470 0.0005547808 470.7043  5.671687e-01 -1.848343e+01
[21,]   21 0.007114470 0.0005547808 470.7043  5.671687e-01 -1.848343e+01
[22,]   22 0.007114470 0.0005547808 470.7043  5.671687e-01 -1.848343e+01

