[22;0t]0;IPython: scripts/01_msprime_simulations$par
[1] 0.002043024 1.498414671

$value
[1] -31425.78

$counts
function gradient 
      34       34 

$convergence
[1] 0

$message
[1] "CONVERGENCE: REL_REDUCTION_OF_F <= FACTR*EPSMCH"

$loginfo
      step         par1      par2       fn           gr1           gr2
 [1,]    1 0.1000000000  0.010000 44053.77  2.526213e+04 -8.726883e+05
 [2,]    2 0.0000010000 10.000000 38380.86 -8.982815e+04  1.186501e+03
 [3,]    3 0.0666337740  3.343319 32049.94  3.548902e+03  4.483718e+02
 [4,]    4 0.0530689796  3.341406 32001.17  3.512262e+03  4.462955e+02
 [5,]    5 0.0000010000  3.333920 31900.79 -3.536170e+05  4.385260e+02
 [6,]    6 0.0525377185  3.341331 31999.27  3.510364e+03  4.461921e+02
 [7,]    7 0.0262693593  3.337626 31907.41  3.312161e+03  4.382755e+02
 [8,]    8 0.0087864310  3.335159 31852.96  2.510465e+03  4.298186e+02
 [9,]    9 0.0000010000  3.331964 31899.93 -3.537238e+05  4.373974e+02
[10,]   10 0.0051784268  3.333847 31844.61  1.655624e+03  4.277989e+02
[11,]   11 0.0000010000  3.329130 31898.69 -3.538590e+05  4.358041e+02
[12,]   12 0.0032976046  3.332134 31841.72  4.632944e+02  4.262680e+02
[13,]   13 0.0019600661  3.327550 31840.38 -1.752961e+03  4.230425e+02
[14,]   14 0.0021531666  3.320621 31837.18 -1.260462e+03  4.170433e+02
[15,]   15 0.0029255688  3.292905 31825.55  5.756347e+01  3.931906e+02
[16,]   16 0.0052189426  2.977543 31730.03  1.036290e+03  2.142746e+02
[17,]   17 0.0069393669  2.622550 31670.07  2.035591e+03  2.612059e+02
[18,]   18 0.0138210642  1.202581 31572.29  6.177649e+03 -5.156864e+02
[19,]   19 0.0091096602  2.174732 31605.52  2.835614e+03  1.235910e+02
[20,]   20 0.0116464003  1.252590 31533.60  5.776443e+03 -5.110741e+02
[21,]   21 0.0095666465  2.008611 31578.79  3.174724e+03  2.338071e+02
[22,]   22 0.0109613950  1.501599 31463.30  5.572366e+03  3.072254e+01
[23,]   23 0.0089347633  1.330301 31479.11  5.377983e+03 -4.032660e+02
[24,]   24 0.0103913108  1.453414 31462.34  5.453796e+03 -9.677964e+01
[25,]   25 0.0000010000  1.497678 31499.48 -4.939857e+05  3.420816e+01
[26,]   26 0.0053497264  1.474892 31435.56  4.156603e+03 -6.780193e+01
[27,]   27 0.0000010000  1.513291 31500.51 -4.982105e+05  9.785026e+01
[28,]   28 0.0032470210  1.489987 31427.59  2.470099e+03 -2.527585e+01
[29,]   29 0.0001020708  1.496371 31449.97 -2.448418e+05 -9.372517e-01
[30,]   30 0.0020282483  1.492461 31425.84 -7.609835e+01 -2.150800e+01
[31,]   31 0.0020575383  1.501761 31425.80  5.739660e+01  1.219104e+01
[32,]   32 0.0020426111  1.498406 31425.78 -4.168219e+00 -1.542510e-01
[33,]   33 0.0020444076  1.498444 31425.78  1.819773e+00 -8.796123e-03
[34,]   34 0.0020430236  1.498415 31425.78 -2.792464e+00 -1.208583e-01

