[22;0t]0;IPython: scripts/01_msprime_simulations$par
[1] 0.04954563 0.05225655

$value
[1] -18620.23

$counts
function gradient 
      38       38 

$convergence
[1] 0

$message
[1] "CONVERGENCE: REL_REDUCTION_OF_F <= FACTR*EPSMCH"

$loginfo
      step        par1        par2       fn           gr1           gr2
 [1,]    1 0.100000000  0.01000000 21498.85  8.120327e+03 -3.216610e+05
 [2,]    2 0.000001000 10.00000000 30671.56  2.415987e+03  1.796198e+03
 [3,]    3 0.066765036  3.33020611 20498.84  2.336768e+03  9.652727e+02
 [4,]    4 0.088901302  1.11877105 19501.43  2.346004e+03  2.142097e+02
 [5,]    5 0.080816550  1.11796902 19482.57  2.270674e+03  2.341618e+02
 [6,]    6 0.048477542  1.11476087 19416.90  1.609002e+03  2.943563e+02
 [7,]    7 0.000001000  1.10846732 19723.64 -1.111616e+06  6.394682e+02
 [8,]    8 0.029914583  1.11235090 19394.59  5.513723e+02  3.148092e+02
 [9,]    9 0.019470947  1.10982218 19394.49 -8.803809e+02  3.157511e+02
[10,]   10 0.025335972  1.11124228 19392.78  6.281527e+01  3.168131e+02
[11,]   11 0.024022199  1.10973472 19392.33 -1.102911e+02  3.170717e+02
[12,]   12 0.022089191  1.10389831 19390.96 -4.017520e+02  3.177964e+02
[13,]   13 0.018329096  1.07944485 19385.81 -1.108336e+03  3.381862e+02
[14,]   14 0.009584931  0.97762390 19354.77 -3.653768e+03  5.903363e+02
[15,]   15 0.000001000  0.86602433 19568.16 -9.545098e+05  8.727302e+02
[16,]   16 0.006169519  0.93785332 19347.64 -6.861261e+03  6.262329e+02
[17,]   17 0.000001000  0.77124846 19504.18 -8.486392e+05  4.934614e+02
[18,]   18 0.003749091  0.87248024 19329.58 -1.240464e+04  5.929805e+02
[19,]   19 0.006459921  0.15771576 18950.47 -9.063626e+03  1.147628e+03
[20,]   20 0.007058073  0.00000100 61803.47  9.106775e+04 -2.262855e+08
[21,]   21 0.006659712  0.10503674 18873.53 -1.164308e+04  1.771316e+03
[22,]   22 0.006924804  0.03513999 18745.91 -1.327446e+04 -1.963379e+03
[23,]   23 0.010442405  0.66056088 19194.03 -2.825143e+03  2.659200e+02
[24,]   24 0.007643337  0.16289346 18947.08 -6.748147e+03  1.129982e+03
[25,]   25 0.007032709  0.05432521 18759.59 -1.543021e+04  2.121177e+03
[26,]   26 0.006955620  0.04061890 18741.19 -1.483897e+04  1.939071e+02
[27,]   27 0.014268865  0.04564212 18674.67 -5.859690e+03  5.151592e+02
[28,]   28 0.018708115  0.04690068 18654.47 -3.694534e+03  3.748695e+02
[29,]   29 0.026179247  0.04866137 18635.30 -1.815526e+03  2.212834e+02
[30,]   30 0.033312128  0.05014794 18626.16 -9.185366e+02  1.814716e+02
[31,]   31 0.040364215  0.05124324 18621.83 -4.003775e+02  1.209951e+02
[32,]   32 0.045479732  0.05057655 18620.78 -7.150356e+01 -4.912919e+02
[33,]   33 0.050271593  0.05308792 18620.35 -1.548007e+01  3.012812e+02
[34,]   34 0.049381399  0.05228979 18620.23 -7.978264e+00  2.263882e+01
[35,]   35 0.049488063  0.05225330 18620.23 -1.993259e+00  1.694821e+00
[36,]   36 0.049541257  0.05225540 18620.23 -1.021688e-01 -2.725326e-01
[37,]   37 0.049545632  0.05225655 18620.23  6.871051e-04 -2.356170e-02

