[22;0t]0;IPython: scripts/01_msprime_simulations$par
[1] 0.01053207 0.05227142

$value
[1] -17239.89

$counts
function gradient 
      30       30 

$convergence
[1] 0

$message
[1] "CONVERGENCE: REL_REDUCTION_OF_F <= FACTR*EPSMCH"

$loginfo
      step        par1       par2       fn           gr1           gr2
 [1,]    1 0.100000000 0.01000000 19933.99  7.405893e+03 -2.881343e+05
 [2,]    2 0.000010000 1.00000000 18033.51 -9.392466e+05  4.495694e+02
 [3,]    3 0.191483198 1.00000000 18176.75  3.012075e+03  1.689138e+01
 [4,]    4 0.063835066 1.00000000 17804.83  2.540239e+03  2.683615e+02
 [5,]    5 0.063662759 0.99919548 17804.17  2.539514e+03  2.687423e+02
 [6,]    6 0.062973530 0.99597739 17801.56  2.536580e+03  2.703536e+02
 [7,]    7 0.060216613 0.98310503 17791.05  2.524635e+03  2.787447e+02
 [8,]    8 0.049188946 0.93161559 17747.47  2.478398e+03  3.464517e+02
 [9,]    9 0.005078279 0.72565784 17633.91 -8.634063e+03  4.185196e+02
[10,]   10 0.032422175 0.85332962 17680.57  1.944603e+03  3.966767e+02
[11,]   11 0.012645308 0.76098916 17621.46 -1.081307e+03  4.595130e+02
[12,]   12 0.000010000 0.67419848 17915.18 -9.984626e+05  1.383860e+02
[13,]   13 0.008279980 0.73100415 17617.62 -3.744091e+03  4.354648e+02
[14,]   14 0.009822826 0.69684370 17598.81 -2.586352e+03  3.856864e+02
[15,]   15 0.013210188 0.43078679 17482.77  5.068843e+02  3.634890e+02
[16,]   16 0.014185078 0.00001000 47031.29  6.523104e+04 -1.080111e+08
[17,]   17 0.013536225 0.28672005 17433.80  1.276638e+03  3.718667e+02
[18,]   18 0.013860651 0.14336503 17339.42  2.333876e+03  9.610017e+02
[19,]   19 0.014076519 0.04797919 17245.44  1.874716e+03 -9.648472e+02
[20,]   20 0.013967835 0.09600339 17287.67  1.769238e+03  1.255100e+03
[21,]   21 0.014058744 0.05583330 17243.19  1.434060e+03  2.597639e+02
[22,]   22 0.012793279 0.00001000 46938.15  6.866779e+04 -1.080054e+08
[23,]   23 0.013638847 0.03731044 17272.52  3.595208e+03 -5.085362e+03
[24,]   24 0.014002572 0.05335537 17242.82  1.503619e+03 -3.912314e+01
[25,]   25 0.009911185 0.05244496 17240.03 -4.496354e+02  5.695248e+01
[26,]   26 0.010822145 0.05235705 17239.92  1.777817e+02 -6.699221e+00
[27,]   27 0.010555746 0.05228474 17239.89  1.429294e+01  2.141135e-01
[28,]   28 0.010531796 0.05227138 17239.89 -5.320812e-01  3.521904e-02
[29,]   29 0.010532622 0.05227150 17239.89  1.102635e-03  6.594928e-04
[30,]   30 0.010532065 0.05227142 17239.89 -3.584720e-01  2.396575e-02

