[22;0t]0;IPython: scripts/01_msprime_simulations$par
[1] 0.000001000 0.003132269

$value
[1] -89.45869

$counts
function gradient 
      17       17 

$convergence
[1] 0

$message
[1] "CONVERGENCE: REL_REDUCTION_OF_F <= FACTR*EPSMCH"

$loginfo
      step  par1         par2          fn       gr1           gr2
 [1,]    1 1e-01  0.010000000   328.56802  2237.314  3.061748e+03
 [2,]    2 1e-06  0.000001000    99.88999 44824.211 -1.711099e+05
 [3,]    3 1e-06 10.000000000 24350.95418  2416.088  2.323899e+03
 [4,]    4 1e-06  3.263225995  8206.56892  2415.992  2.468751e+03
 [5,]    5 1e-06  1.064590985  2729.35483  2415.562  2.511826e+03
 [6,]    6 1e-06  0.347411179   925.85759  2414.062  2.512031e+03
 [7,]    7 1e-06  0.113491882   341.20910  2409.369  2.469696e+03
 [8,]    8 1e-06  0.037177913   156.22175  2394.630  2.326677e+03
 [9,]    9 1e-06  0.012259982   101.75203  2340.725  1.889868e+03
[10,]   10 1e-06  0.004102654    89.76939  2028.413  5.924867e+02
[11,]   11 1e-06  0.004088500    89.76104  2026.029  5.857402e+02
[12,]   12 1e-06  0.004031887    89.72863  2016.236  5.582846e+02
[13,]   13 1e-06  0.003805432    89.61520  1972.538  4.404144e+02
[14,]   14 1e-06  0.002944652    89.47207  1718.402 -1.428762e+02
[15,]   15 1e-06  0.003155499    89.45890  1793.880  1.744281e+01
[16,]   16 1e-06  0.003132559    89.45869  1785.934  2.177810e-01
[17,]   17 1e-06  0.003132269    89.45869  1785.832 -6.824933e-04

