[22;0t]0;IPython: scripts/01_msprime_simulations$par
[1] 0.000961307 0.001148171

$value
[1] -953.5445

$counts
function gradient 
      28       28 

$convergence
[1] 0

$message
[1] "CONVERGENCE: REL_REDUCTION_OF_F <= FACTR*EPSMCH"

$loginfo
      step         par1        par2        fn           gr1           gr2
 [1,]    1 0.1000000000 0.010000000 1154.6774  1.363260e+03  1.026338e+04
 [2,]    2 0.0000010000 0.000001000 1572.7276  1.141996e+05 -5.415734e+06
 [3,]    3 0.0579553295 0.005795911 1053.7643  9.232626e+02  1.499079e+04
 [4,]    4 0.0202225428 0.002022972  965.5058  2.600267e+02  1.356243e+04
 [5,]    5 0.0009061969 0.000001000 1634.5078  3.688211e+04 -5.540235e+06
 [6,]    6 0.0140370987 0.001375500  959.1471  2.369136e+02 -1.121107e+03
 [7,]    7 0.0125972822 0.001327402  958.8798  2.573285e+02 -2.811660e+03
 [8,]    8 0.0000010000 0.001082851  970.5458 -1.294425e+05  2.328092e+02
 [9,]    9 0.0078651240 0.001235529  957.7371  4.093928e+02 -5.064262e+03
[10,]   10 0.0026933214 0.001135121  954.9295  9.365280e+02 -4.402260e+03
[11,]   11 0.0009901694 0.001102055  953.5709  2.299326e+02 -1.319870e+03
[12,]   12 0.0000010000 0.001094179  970.5496 -1.293494e+05  3.229212e+02
[13,]   13 0.0007170905 0.001099881  953.6332 -8.809185e+02 -3.536152e+02
[14,]   14 0.0009127380 0.001101439  953.5608  6.749961e+00 -1.053236e+03
[15,]   15 0.0009478795 0.001130378  953.5454  1.734111e+01 -4.170821e+02
[16,]   16 0.0009613070 0.001148171  953.5445  1.575698e+00 -2.722703e+01
[17,]   17 0.0009620564 0.001149389  953.5447  1.166398e-01 -8.452038e-01
[18,]   18 0.0009613280 0.001148205  953.5445  1.534714e+00 -2.648830e+01
[19,]   19 0.0009613076 0.001148172  953.5445  1.574523e+00 -2.720585e+01
[20,]   20 0.0009613070 0.001148171  953.5445  1.575664e+00 -2.722642e+01
[21,]   21 0.0009613070 0.001148171  953.5445  1.575697e+00 -2.722702e+01
[22,]   22 0.0009613070 0.001148171  953.5445  1.575698e+00 -2.722703e+01
[23,]   23 0.0009613070 0.001148171  953.5445  1.575698e+00 -2.722703e+01
[24,]   24 0.0009613070 0.001148171  953.5445  1.575698e+00 -2.722702e+01
[25,]   25 0.0009613070 0.001148171  953.5445  1.575698e+00 -2.722703e+01
[26,]   26 0.0009613070 0.001148171  953.5445  1.575698e+00 -2.722703e+01
[27,]   27 0.0009613070 0.001148171  953.5445  1.575698e+00 -2.722703e+01

