[22;0t]0;IPython: scripts/01_msprime_simulations$par
[1] 0.0006117235 3.7746044998

$value
[1] -35422.36

$counts
function gradient 
      26       26 

$convergence
[1] 0

$message
[1] "CONVERGENCE: REL_REDUCTION_OF_F <= FACTR*EPSMCH"

$loginfo
      step         par1      par2       fn           gr1           gr2
 [1,]    1 0.1000000000  0.010000 48589.77  29149.683946 -9.629537e+05
 [2,]    2 0.0000010000 10.000000 39936.53   2416.047593  1.022674e+03
 [3,]    3 0.0666397387  3.342723 35679.26   3103.576131 -2.542174e+02
 [4,]    4 0.0559192129  3.343421 35646.00   3066.406311 -2.550790e+02
 [5,]    5 0.0130371095  3.346211 35521.89   2434.558744 -2.802838e+02
 [6,]    6 0.0000010000  3.348244 35514.06 -89308.740463 -3.955489e+02
 [7,]    7 0.0126848954  3.346266 35521.02   2415.579777 -2.809823e+02
 [8,]    8 0.0063429477  3.347255 35506.97   1815.579066 -3.006982e+02
 [9,]    9 0.0000010000  3.349583 35513.53 -89301.007846 -3.941447e+02
[10,]   10 0.0032342997  3.348396 35502.07    963.121962 -3.228375e+02
[11,]   11 0.0000010000  3.351156 35512.91 -89292.269770 -3.924965e+02
[12,]   12 0.0019865102  3.349461 35500.95    195.343498 -3.416020e+02
[13,]   13 0.0011315145  3.352064 35500.22   -753.217084 -3.622297e+02
[14,]   14 0.0007042880  3.357234 35498.80  -1619.619844 -3.717426e+02
[15,]   15 0.0000010000  3.384126 35500.53 -89167.187040 -3.583166e+02
[16,]   16 0.0003420464  3.371086 35494.53  -3915.586786 -3.683035e+02
[17,]   17 0.0000010000  3.459644 35476.36 -89053.615413 -2.825549e+02
[18,]   18 0.0019477273  5.330132 36154.40   2043.365128  7.889733e+02
[19,]   19 0.0003831182  3.826798 35423.65  -2042.713490  4.219606e+01
[20,]   20 0.0003881145  3.780157 35422.54  -1973.538513  4.521982e+00
[21,]   21 0.0003968689  3.774313 35422.52  -1852.638341 -2.644554e-01
[22,]   22 0.0004125851  3.771645 35422.49  -1648.742627 -2.453926e+00
[23,]   23 0.0004702589  3.768172 35422.43  -1023.277255 -5.303791e+00
[24,]   24 0.0005606646  3.773768 35422.36   -311.304965 -6.938509e-01
[25,]   25 0.0006012582  3.774446 35422.36    -63.790970 -1.323394e-01
[26,]   26 0.0006117235  3.774604 35422.36     -5.473612 -9.045834e-04

