[22;0t]0;IPython: scripts/01_msprime_simulations$par
[1] 0.052454678 0.009562973

$value
[1] -5038.907

$counts
function gradient 
      13       13 

$convergence
[1] 0

$message
[1] "CONVERGENCE: REL_REDUCTION_OF_F <= FACTR*EPSMCH"

$loginfo
      step        par1        par2        fn           gr1           gr2
 [1,]    1 0.100000000 0.010000000  5044.385  1.763085e+02  2.495561e+02
 [2,]    2 0.000001000 0.000001000 11237.499  1.233188e+05 -4.132281e+07
 [3,]    3 0.067117866 0.006712083  5074.875  3.668319e+02 -2.814384e+04
 [4,]    4 0.096491259 0.009649158  5044.000  1.810331e+02 -1.659475e+03
 [5,]    5 0.092838650 0.009612364  5043.410  1.763698e+02 -1.761380e+03
 [6,]    6 0.078228211 0.009465188  5041.296  1.490887e+02 -2.067813e+03
 [7,]    7 0.006231022 0.009361128  5075.670 -3.903342e+03  4.250615e+03
 [8,]    8 0.054222856 0.009430492  5038.985  2.595882e+01 -8.459549e+02
 [9,]    9 0.050360260 0.009527229  5038.926 -1.842605e+01 -3.168487e+01
[10,]   10 0.052689776 0.009570566  5038.907  1.781311e+00  2.136613e+01
[11,]   11 0.052459052 0.009562777  5038.907  1.379826e-01 -2.717630e+00
[12,]   12 0.052440090 0.009563628  5038.907 -1.063438e-01  3.119776e+00
[13,]   13 0.052454678 0.009562973  5038.907  8.164008e-02 -1.370928e+00

