[22;0t]0;IPython: scripts/01_msprime_simulations$par
[1] 1.136076e-05 1.457620e-04

$value
[1] -151.4932

$counts
function gradient 
      71       71 

$convergence
[1] 52

$message
[1] "ERROR: ABNORMAL_TERMINATION_IN_LNSRCH"

$loginfo
      step         par1         par2         fn        gr1          gr2
 [1,]    1 1.000000e-01 1.000000e-02   387.5872  2219.3259    2544.2753
 [2,]    2 1.000000e-06 1.000000e-06   192.9491 67798.8497 -413415.7038
 [3,]    3 1.000000e-06 1.000000e+01 24359.9781  2416.0985    2323.1461
 [4,]    4 1.000000e-06 3.304029e+00  8324.4304  2416.0740    2465.7132
 [5,]    5 1.000000e-06 1.091617e+00  2822.2588  2415.9880    2504.9488
 [6,]    6 1.000000e-06 3.607667e-01   992.2298  2415.7145    2493.1286
 [7,]    7 1.000000e-06 1.193384e-01   396.2350  2414.8732    2414.3056
 [8,]    8 1.000000e-06 3.956988e-02   210.1119  2411.8425    2162.6703
 [9,]    9 1.000000e-06 1.319744e-02   159.5429  2391.8885    1405.7235
[10,]   10 1.000000e-06 1.315272e-02   159.4801  2391.7268    1401.8599
[11,]   11 1.000000e-06 1.297385e-02   159.2307  2391.0609    1386.1391
[12,]   12 1.000000e-06 1.225834e-02   158.2626  2388.0585    1318.6665
[13,]   13 1.000000e-06 9.396298e-03   154.9745  2366.6429     945.9871
[14,]   14 1.000000e-06 1.574781e-03   152.9327  5915.6197     225.0745
[15,]   15 1.000000e-06 1.000000e-06   192.9491 67798.8497 -413415.7038
[16,]   16 1.000000e-06 1.083612e-03   152.6310  7428.3788     833.9073
[17,]   17 1.000000e-06 5.423059e-04   152.0827  8156.2647    1318.3827
[18,]   18 1.000000e-06 2.856780e-04   151.6953  5319.7221    1547.5349
[19,]   19 1.000000e-06 2.781504e-04   151.6829  5119.2675    1525.3801
[20,]   20 1.000000e-06 2.698029e-04   151.6693  4884.6583    1493.4122
[21,]   21 1.000000e-06 1.354014e-04   151.5298  -151.8908   -6325.2661
[22,]   22 1.000000e+01 1.000000e+01 47322.1432  2177.1506    2327.7503
[23,]   23 1.635434e+00 1.635546e+00  8093.8412  2367.7206    2503.2334
[24,]   24 2.663178e-01 2.664486e-01  1398.2814  2397.0329    2486.8935
[25,]   25 4.453557e-02 4.466938e-02   328.3708  2398.9099    2215.1459
[26,]   26 8.225272e-03 8.359563e-03   173.6333  2380.8602     805.3938
[27,]   27 1.773131e-03 1.907509e-03   161.2331  2747.9394   -1998.9477
[28,]   28 2.265256e-04 3.609240e-04   153.2304  4808.9702    5803.0948
[29,]   29 3.330025e-05 1.677012e-04   151.5332  1111.1766   -1197.6577
[30,]   30 1.136076e-05 1.457620e-04   151.4932   466.1783   -4918.7011
[31,]   31 1.160593e-05 1.784511e-04   151.5268  1730.7998    -171.3077
[32,]   32 1.141767e-05 1.533505e-04   151.4974   732.1801   -3265.9757
[33,]   33 1.137257e-05 1.473367e-04   151.4939   519.0750   -4533.7401
[34,]   34 1.136307e-05 1.460709e-04   151.4933   476.4479   -4841.0937
[35,]   35 1.136120e-05 1.458218e-04   151.4933   468.1605   -4903.6063
[36,]   36 1.136084e-05 1.457736e-04   151.4932   466.5605   -4915.7867
[37,]   37 1.136077e-05 1.457643e-04   151.4932   466.2520   -4918.1392
[38,]   38 1.136076e-05 1.457625e-04   151.4932   466.1925   -4918.5928
[39,]   39 1.136076e-05 1.457621e-04   151.4932   466.1810   -4918.6803
[40,]   40 1.136076e-05 1.457621e-04   151.4932   466.1788   -4918.6971
[41,]   41 1.136076e-05 1.457621e-04   151.4932   466.1784   -4918.7004
[42,]   42 1.136076e-05 1.457620e-04   151.4932   466.1783   -4918.7010
[43,]   43 1.136076e-05 1.457620e-04   151.4932   466.1783   -4918.7011
[44,]   44 1.136076e-05 1.457620e-04   151.4932   466.1783   -4918.7011
[45,]   45 1.136076e-05 1.457620e-04   151.4932   466.1783   -4918.7011
[46,]   46 1.136076e-05 1.457620e-04   151.4932   466.1783   -4918.7011
[47,]   47 1.136076e-05 1.457620e-04   151.4932   466.1783   -4918.7011
[48,]   48 1.136076e-05 1.457620e-04   151.4932   466.1783   -4918.7011
[49,]   49 1.136076e-05 1.457620e-04   151.4932   466.1783   -4918.7011
[50,]   50 1.136076e-05 1.457620e-04   151.4932   466.1783   -4918.7011
[51,]   51 1.000000e-06 1.000000e+01 24359.9781  2416.0985    2323.1461
[52,]   52 9.338361e-06 1.952093e+00  4972.7238  2416.0453    2492.1569
[53,]   53 1.096595e-05 3.811990e-01  1043.2129  2415.7358    2494.9093
[54,]   54 1.128129e-05 7.684790e-02   294.9164  2414.1355    2345.7395
[55,]   55 1.134296e-05 1.732517e-02   165.9795  2401.4922    1676.4495
[56,]   56 1.135565e-05 5.076500e-03   153.2489  2152.6430    -410.1966
[57,]   57 1.135932e-05 1.527437e-03   152.9839  6012.1165     269.2258
[58,]   58 1.136042e-05 4.728948e-04   152.0640  7945.2128    1522.6289
[59,]   59 1.136068e-05 2.169515e-04   151.5953  3279.7211    1410.7705
[60,]   60 1.136074e-05 1.624580e-04   151.5058  1079.0627   -1802.0955
[61,]   61 1.136075e-05 1.494341e-04   151.4949   591.2465   -4056.9571
[62,]   62 1.136076e-05 1.464962e-04   151.4935   490.6163   -4735.5692
[63,]   63 1.136076e-05 1.459044e-04   151.4933   470.8925   -4882.7284
[64,]   64 1.136076e-05 1.457895e-04   151.4932   467.0852   -4911.7564
[65,]   65 1.136076e-05 1.457673e-04   151.4932   466.3527   -4917.3650
[66,]   66 1.136076e-05 1.457631e-04   151.4932   466.2118   -4918.4442
[67,]   67 1.136076e-05 1.457622e-04   151.4932   466.1847   -4918.6517
[68,]   68 1.136076e-05 1.457621e-04   151.4932   466.1795   -4918.6916
[69,]   69 1.136076e-05 1.457621e-04   151.4932   466.1785   -4918.6993
[70,]   70 1.136076e-05 1.457621e-04   151.4932   466.1783   -4918.7008

