[22;0t]0;IPython: scripts/01_msprime_simulations$par
[1] 0.137656673 0.005429006

$value
[1] -3357.74

$counts
function gradient 
      17       17 

$convergence
[1] 0

$message
[1] "CONVERGENCE: REL_REDUCTION_OF_F <= FACTR*EPSMCH"

$loginfo
      step       par1        par2       fn           gr1           gr2
 [1,]    1 0.10000000 0.010000000 3435.031  4.554319e+01  2.404789e+04
 [2,]    2 0.00000100 0.000001000 6731.298  1.232854e+05 -2.456925e+07
 [3,]    3 0.06543105 0.006543416 3368.204 -1.085337e+02  1.237708e+04
 [4,]    4 0.04307186 0.003494316 3386.709  1.536660e+02 -3.675968e+04
 [5,]    5 0.05694572 0.005386281 3360.238 -9.943808e+01  2.018386e+03
 [6,]    6 0.05710835 0.005242411 3360.060 -8.920454e+01  1.839757e+02
 [7,]    7 0.05866075 0.005228734 3359.926 -8.322958e+01 -1.066920e+02
 [8,]    8 0.06487036 0.005174026 3359.513 -6.257357e+01 -1.271062e+03
 [9,]    9 0.08446857 0.005258659 3358.513 -3.226353e+01 -1.084838e+03
[10,]   10 0.10699480 0.005480700 3357.992 -1.675271e+01  1.241131e+03
[11,]   11 0.11680987 0.005459012 3357.842 -9.717559e+00  7.427061e+02
[12,]   12 0.13025056 0.005425047 3357.749 -2.599620e+00  3.954742e+01
[13,]   13 0.13567939 0.005428400 3357.740 -6.306419e-01  5.220736e+00
[14,]   14 0.13747685 0.005432276 3357.740 -7.603373e-02  3.452353e+01
[15,]   15 0.13767921 0.005428544 3357.740  4.153278e-02 -2.056995e+01
[16,]   16 0.13761097 0.005429944 3357.740  1.459966e-05  9.909936e-03
[17,]   17 0.13765667 0.005429006 3357.740  2.782876e-02 -1.377199e+01

