[22;0t]0;IPython: scripts/01_msprime_simulations$par
[1] 1.437559e-04 4.957662e-05

$value
[1] -86.23954

$counts
function gradient 
      84       84 

$convergence
[1] 0

$message
[1] "CONVERGENCE: REL_REDUCTION_OF_F <= FACTR*EPSMCH"

$loginfo
      step         par1         par2          fn           gr1          gr2
 [1,]    1 1.000000e-01 1.000000e-02   331.24916  2.252908e+03    2858.1648
 [2,]    2 1.000000e-06 1.000000e-06   105.82135  2.572277e+04 -181903.1574
 [3,]    3 1.000000e-06 1.000000e+01 24350.95418  2.416099e+03    2323.8995
 [4,]    4 1.000000e-06 3.267312e+00  8216.65622  2.416074e+03    2468.6647
 [5,]    5 1.000000e-06 1.067288e+00  2736.13013  2.415985e+03    2511.7857
 [6,]    6 1.000000e-06 3.487450e-01   929.20818  2.415700e+03    2512.0894
 [7,]    7 1.000000e-06 1.140826e-01   342.66802  2.414824e+03    2470.0480
 [8,]    8 1.000000e-06 3.742992e-02   156.80828  2.412155e+03    2328.1198
 [9,]    9 1.000000e-06 1.237152e-02   101.96322  2.404118e+03    1895.7428
[10,]   10 1.000000e-06 1.224393e-02   101.72176  2.403993e+03    1889.0066
[11,]   11 1.000000e-06 1.173356e-02   100.76481  2.403466e+03    1860.5959
[12,]   12 1.000000e-06 9.692084e-03    97.10363  2.400799e+03    1717.0174
[13,]   13 1.000000e-06 1.526175e-03    89.85149  4.419476e+03    1134.7793
[14,]   14 1.000000e-06 1.000000e-06   105.82135  2.572277e+04 -181903.1574
[15,]   15 1.000000e-06 1.014516e-03    89.20209  5.898795e+03    1056.8679
[16,]   16 1.000000e-06 5.077580e-04    88.60498  7.007034e+03    1633.2420
[17,]   17 1.000000e-06 2.717419e-04    88.12681  3.333387e+03    2565.9903
[18,]   18 1.000000e-06 2.568405e-04    88.08822  2.675259e+03    2642.9393
[19,]   19 1.000000e-06 2.468117e-04    88.06153  2.182002e+03    2693.0195
[20,]   20 1.000000e-06 1.239059e-04    87.69390 -8.075557e+03   -1945.9695
[21,]   21 1.000000e+01 1.000000e+01 47313.24718  2.177178e+03    2328.4911
[22,]   22 1.984302e+00 1.984400e+00  9769.96032  2.359959e+03    2500.6733
[23,]   23 3.913433e-01 3.914614e-01  1977.56925  2.394672e+03    2519.7973
[24,]   24 7.776939e-02 7.789134e-02   440.92643  2.399971e+03    2445.6541
[25,]   25 1.594665e-02 1.606936e-02   147.55457  2.395305e+03    2057.8874
[26,]   26 3.555276e-03 3.678138e-03    97.98533  2.364619e+03     420.0972
[27,]   27 8.347523e-04 9.576479e-04    93.01725  3.236786e+03     197.4905
[28,]   28 1.354079e-04 2.583121e-04    88.42912  1.891688e+03    8794.4401
[29,]   29 3.119505e-05 1.541005e-04    87.58465 -3.373961e+03    7453.3444
[30,]   30 4.678888e-05 1.331958e-04    87.28327 -3.790585e+03    6201.9475
[31,]   31 1.091642e-04 4.957679e-05    86.25238 -4.979204e+03    9761.6430
[32,]   32 1.453999e-04 1.000000e-06   109.05793  0.000000e+00 -226436.4512
[33,]   33 1.093672e-04 4.930468e-05    86.25695 -4.903139e+03    9673.2810
[34,]   34 1.091642e-04 4.957679e-05    86.25238 -4.979204e+03    9761.6430
[35,]   35 1.327068e-04 2.243758e-05    88.25780  4.801843e+03  -14894.4507
[36,]   36 1.099040e-04 4.872398e-05    86.26715 -4.718349e+03    9477.3848
[37,]   37 1.092247e-04 4.950701e-05    86.25353 -4.957984e+03    9739.0220
[38,]   38 1.091693e-04 4.957093e-05    86.25247 -4.977423e+03    9759.7478
[39,]   39 1.091646e-04 4.957629e-05    86.25239 -4.979054e+03    9761.4835
[40,]   40 1.091642e-04 4.957675e-05    86.25238 -4.979191e+03    9761.6295
[41,]   41 1.091642e-04 4.957678e-05    86.25238 -4.979203e+03    9761.6418
[42,]   42 1.091642e-04 4.957679e-05    86.25238 -4.979204e+03    9761.6429
[43,]   43 1.091642e-04 4.957679e-05    86.25238 -4.979204e+03    9761.6430
[44,]   44 1.091642e-04 4.957679e-05    86.25238 -4.979204e+03    9761.6430
[45,]   45 1.091642e-04 4.957679e-05    86.25238 -4.979204e+03    9761.6430
[46,]   46 1.091642e-04 4.957679e-05    86.25238 -4.979204e+03    9761.6430
[47,]   47 1.091642e-04 4.957679e-05    86.25238 -4.979204e+03    9761.6430
[48,]   48 1.091642e-04 4.957679e-05    86.25238 -4.979204e+03    9761.6430
[49,]   49 1.091642e-04 4.957679e-05    86.25238 -4.979204e+03    9761.6430
[50,]   50 1.091642e-04 4.957679e-05    86.25238 -4.979204e+03    9761.6430
[51,]   51 1.091642e-04 4.957679e-05    86.25238 -4.979204e+03    9761.6430
[52,]   52 1.091642e-04 4.957679e-05    86.25238 -4.979204e+03    9761.6430
[53,]   53 1.091642e-04 4.957679e-05    86.25238 -4.979204e+03    9761.6430
[54,]   54 1.091642e-04 4.957679e-05    86.25238 -4.979204e+03    9761.6430
[55,]   55 1.000000e+01 1.000000e-06   113.61982 -5.974243e-07 -269213.0816
[56,]   56 3.330183e+00 3.340018e-05    88.79176 -1.679917e-04  -10792.4558
[57,]   57 1.109800e+00 4.418621e-05    87.63303 -1.941425e-03    5364.3063
[58,]   58 3.698202e-01 4.778083e-05    87.37110 -1.399297e-02    9619.0385
[59,]   59 1.231958e-01 4.897887e-05    87.29711 -2.211832e-02   10854.4926
[60,]   60 4.099834e-02 4.937816e-05    87.27570  3.989575e-02   10992.6265
[61,]   61 1.360322e-02 4.951124e-05    87.23363  5.214837e+00    9983.9745
[62,]   62 4.481768e-03 4.955555e-05    87.09761  3.697612e+01    5926.5876
[63,]   63 1.466513e-03 4.957019e-05    86.86596  1.795303e+02    3616.2723
[64,]   64 4.984120e-04 4.957490e-05    86.51702  7.004254e+02    5427.5979
[65,]   65 2.175239e-04 4.957626e-05    86.28169  6.290386e+02    8021.5703
[66,]   66 1.437559e-04 4.957662e-05    86.23954 -1.134656e+03    9206.3685
[67,]   67 1.469494e-04 1.000000e-06   109.07760  1.401434e+04 -226668.5501
[68,]   68 1.437683e-04 4.938833e-05    86.24373 -1.109390e+03    9136.1924
[69,]   69 1.437566e-04 4.956686e-05    86.23976 -1.133351e+03    9202.7487
[70,]   70 1.437560e-04 4.957611e-05    86.23955 -1.134588e+03    9206.1798
[71,]   71 1.437559e-04 4.957659e-05    86.23954 -1.134653e+03    9206.3587
[72,]   72 1.437559e-04 4.957662e-05    86.23954 -1.134656e+03    9206.3680
[73,]   73 1.437559e-04 4.957662e-05    86.23954 -1.134656e+03    9206.3685
[74,]   74 1.437559e-04 4.957662e-05    86.23954 -1.134656e+03    9206.3685
[75,]   75 1.437559e-04 4.957662e-05    86.23954 -1.134656e+03    9206.3685
[76,]   76 1.437559e-04 4.957662e-05    86.23954 -1.134656e+03    9206.3685
[77,]   77 1.437559e-04 4.957662e-05    86.23954 -1.134656e+03    9206.3685
[78,]   78 1.437559e-04 4.957662e-05    86.23954 -1.134656e+03    9206.3685
[79,]   79 1.437559e-04 4.957662e-05    86.23954 -1.134656e+03    9206.3685
[80,]   80 1.437559e-04 4.957662e-05    86.23954 -1.134656e+03    9206.3685
[81,]   81 1.437559e-04 4.957662e-05    86.23954 -1.134656e+03    9206.3685
[82,]   82 1.437559e-04 4.957662e-05    86.23954 -1.134656e+03    9206.3685

