[22;0t]0;IPython: scripts/01_msprime_simulations$par
[1] 2.7118627162 0.0009643841

$value
[1] -765.9735

$counts
function gradient 
      69       69 

$convergence
[1] 0

$message
[1] "CONVERGENCE: REL_REDUCTION_OF_F <= FACTR*EPSMCH"

$loginfo
      step        par1         par2        fn           gr1           gr2
 [1,]    1 0.100000000 0.0100000000 1003.9625  1.552275e+03  5.833967e+03
 [2,]    2 0.000001000 0.0000010000 1199.8125  1.092076e+05 -4.031235e+06
 [3,]    3 0.053913455 0.0053917603  897.3032  9.040740e+02  1.747192e+04
 [4,]    4 0.018771330 0.0018778641  790.7971 -2.935353e+01  2.982721e+04
 [5,]    5 0.007386432 0.0007394767  773.1156 -1.078427e+02 -1.428124e+04
 [6,]    6 0.019031784 0.0068496202  863.7187  2.117279e+03  1.273241e+03
 [7,]    7 0.008763326 0.0014619124  780.7164 -1.818533e+02  2.260220e+04
 [8,]    8 0.007679377 0.0008931808  772.2860 -2.339522e+02  1.624794e+03
 [9,]    9 0.011511974 0.0009121751  771.5220 -1.844446e+02  1.380345e+03
[10,]   10 0.025579431 0.0009766565  769.9205 -8.579714e+01  3.789857e+03
[11,]   11 0.035508460 0.0009696420  769.2190 -5.441324e+01  2.415534e+03
[12,]   12 0.052715198 0.0009571268  768.4921 -3.117840e+01  5.920060e+02
[13,]   13 0.076314618 0.0009595624  767.9219 -1.906103e+01  3.545948e+02
[14,]   14 0.114738311 0.0010296027  767.6223 -1.116214e+01  6.365235e+03
[15,]   15 0.157647594 0.0009703962  767.0111 -6.760204e+00  8.798748e+02
[16,]   16 0.212813912 0.0009522878  766.7158 -4.075312e+00 -1.054025e+03
[17,]   17 0.292795573 0.0009569462  766.4690 -2.280580e+00 -6.619802e+02
[18,]   18 0.394559300 0.0009642148  766.2959 -1.263307e+00  3.762664e+01
[19,]   19 0.519463688 0.0009659637  766.1787 -6.995980e-01  1.934990e+02
[20,]   20 0.720167621 0.0007985560  767.6077 -2.898568e-01 -2.071441e+04
[21,]   21 0.531747598 0.0009557177  766.1701 -6.624549e-01 -8.670651e+02
[22,]   22 0.681002308 0.0009616487  766.0945 -3.699807e-01 -2.643942e+02
[23,]   23 0.869403038 0.0009644482  766.0440 -1.961736e-01  1.707175e+01
[24,]   24 1.081713125 0.0009644854  766.0132 -1.046751e-01  1.657615e+01
[25,]   25 1.324491085 0.0009460484  766.0054 -5.473303e-02 -1.933830e+03
[26,]   26 1.441755488 0.0009605184  765.9883 -4.099541e-02 -3.997989e+02
[27,]   27 1.642962143 0.0009656215  765.9830 -2.518643e-02  1.297345e+02
[28,]   28 1.897784978 0.0009663337  765.9786 -1.353898e-02  2.026355e+02
[29,]   29 2.210217955 0.0009617614  765.9742 -5.759425e-03 -2.732542e+02
[30,]   30 2.376842853 0.0009633295  765.9737 -3.230375e-03 -1.100067e+02
[31,]   31 2.583227215 0.0009644861  765.9736 -1.030001e-03  1.005447e+01
[32,]   32 2.674653373 0.0009644842  765.9736 -2.968005e-04  9.773199e+00
[33,]   33 2.658978132 0.0008270820  766.9971  8.963991e-04 -1.668389e+04
[34,]   34 2.674641542 0.0009643805  765.9736 -2.986644e-04 -1.005865e+00
[35,]   35 2.711862716 0.0009643841  765.9735 -3.100126e-05 -6.678235e-01
[36,]   36 2.716174482 0.0009643905  765.9735 -8.554935e-07  6.999869e-04
[37,]   37 2.711905369 0.0009643841  765.9735 -3.478590e-05 -6.612136e-01
[38,]   38 2.711863140 0.0009643841  765.9735 -3.179423e-05 -6.677618e-01
[39,]   39 2.711862719 0.0009643841  765.9735 -2.873378e-05 -6.678222e-01
[40,]   40 2.711862716 0.0009643841  765.9735 -3.094499e-05 -6.678235e-01
[41,]   41 2.711862716 0.0009643841  765.9735 -3.100126e-05 -6.678235e-01
[42,]   42 2.711862716 0.0009643841  765.9735 -3.098933e-05 -6.678235e-01
[43,]   43 2.711862716 0.0009643841  765.9735 -3.097455e-05 -6.678235e-01
[44,]   44 2.711862716 0.0009643841  765.9735 -3.098933e-05 -6.678235e-01
[45,]   45 2.711862716 0.0009643841  765.9735 -3.098194e-05 -6.678235e-01
[46,]   46 2.711862716 0.0009643841  765.9735 -3.098933e-05 -6.678235e-01
[47,]   47 2.711862716 0.0009643841  765.9735 -3.131902e-05 -6.678235e-01
[48,]   48 2.711862716 0.0009643841  765.9735 -3.098933e-05 -6.678235e-01
[49,]   49 2.711862716 0.0009643841  765.9735 -3.158334e-05 -6.678235e-01
[50,]   50 2.711893717 0.6687878899 8500.1521  2.312039e+03  2.473776e+03
[51,]   51 2.711862717 0.0009712942  765.9785 -3.600576e-05  7.125229e+02
[52,]   52 2.711862716 0.0009643857  765.9735 -2.741615e-05 -4.994585e-01
[53,]   53 2.711862716 0.0009643841  765.9735 -2.955233e-05 -6.677784e-01
[54,]   54 2.711862716 0.0009643841  765.9735 -2.954721e-05 -6.677785e-01
[55,]   55 2.711862716 0.0009643849  765.9735 -2.781235e-05 -5.836206e-01
[56,]   56 2.711862716 0.0009643841  765.9735 -2.701825e-05 -6.677446e-01
[57,]   57 2.711862716 0.0009643841  765.9735 -2.953698e-05 -6.677784e-01
[58,]   58 2.711862716 0.0009643841  765.9735 -2.789761e-05 -6.677626e-01
[59,]   59 2.711862716 0.0009643841  765.9735 -2.789250e-05 -6.677626e-01
[60,]   60 2.711862716 0.0009643841  765.9735 -2.789250e-05 -6.677626e-01
[61,]   61 2.711862716 0.0009643841  765.9735 -2.921070e-05 -6.677503e-01
[62,]   62 2.711862716 0.0009643841  765.9735 -2.789250e-05 -6.677626e-01

