[22;0t]0;IPython: scripts/01_msprime_simulations$par
[1] 0.4735090 0.4929104

$value
[1] -58230.34

$counts
function gradient 
      39       39 

$convergence
[1] 0

$message
[1] "CONVERGENCE: REL_REDUCTION_OF_F <= FACTR*EPSMCH"

$loginfo
      step       par1       par2        fn           gr1           gr2
 [1,]    1 0.10000000  0.0100000 118981.69  7.066062e+04 -3.015479e+06
 [2,]    2 0.00000100 10.0000000  65775.93 -5.540687e+06 -2.598404e+02
 [3,]    3 2.35916426 10.0000000  67214.43  1.631022e+03 -1.503566e+01
 [4,]    4 0.78633142 10.0000000  64430.72  1.879460e+03  1.123211e+02
 [5,]    5 0.26192430 10.0000000  63557.82  1.039939e+03  2.349754e+02
 [6,]    6 0.26187522  9.9991990  63557.58  1.039853e+03  2.350752e+02
 [7,]    7 0.26167890  9.9959948  63556.63  1.039511e+03  2.354974e+02
 [8,]    8 0.26089362  9.9831782  63552.78  1.038143e+03  2.371880e+02
 [9,]    9 0.25775250  9.9319118  63537.20  1.032671e+03  2.439770e+02
[10,]   10 0.24518802  9.7268461  63471.52  1.010154e+03  2.715512e+02
[11,]   11 0.19493011  8.9065835  63155.96  8.727915e+02  3.739004e+02
[12,]   12 0.00000100  5.7251328  62987.15 -2.717488e+06  0.000000e+00
[13,]   13 0.19443105  8.8984383  63152.48  8.704598e+02  3.745779e+02
[14,]   14 0.09721602  7.3117856  62454.47 -1.159445e+02  4.355885e+02
[15,]   15 0.03257919  6.2568436  62111.11 -4.231061e+03  3.541996e+02
[16,]   16 0.00000100  5.6924134  62978.88 -2.693182e+06  2.399812e+02
[17,]   17 0.02128776  6.0612151  62110.18 -7.366861e+03  3.000931e+02
[18,]   18 0.02729668  6.1653219  62105.07 -5.410670e+03  3.302076e+02
[19,]   19 0.02677410  6.1226926  62094.14 -5.523821e+03  3.169077e+02
[20,]   20 0.02468377  5.9521752  62056.94 -6.067247e+03  2.602235e+02
[21,]   21 0.03332616  5.3050701  61891.53 -4.427496e+03  1.558072e+02
[22,]   22 0.05222140  4.2697500  61642.26 -2.617426e+03  2.422002e+02
[23,]   23 0.12780239  0.1284692  63171.27  2.080180e+04 -7.676498e+04
[24,]   24 0.08558118  2.4418803  61070.25  5.419061e+01  4.083642e+02
[25,]   25 0.11335075  0.9203126  59713.72 -3.352556e+03  1.904629e+03
[26,]   26 0.12229724  0.4301112  58604.78 -4.498511e+03  1.173981e+03
[27,]   27 0.13844425  0.0000010 422879.20  6.317109e+04 -1.523818e+09
[28,]   28 0.12768297  0.2866507  58802.49 -3.850166e+01 -6.174167e+03
[29,]   29 0.12396362  0.3857234  58568.44 -3.737798e+03  5.318691e+01
[30,]   30 0.16852975  0.4083079  58438.86 -2.264497e+03  8.454024e+00
[31,]   31 0.23804416  0.4460152  58327.34 -1.241685e+03  3.088470e+02
[32,]   32 0.30725463  0.4589316  58268.76 -5.869455e+02  5.881899e+01
[33,]   33 0.37603721  0.4796159  58241.85 -2.923681e+02  1.803367e+02
[34,]   34 0.42973784  0.4842301  58232.30 -8.928863e+01 -2.210742e+01
[35,]   35 0.47116507  0.5015987  58231.64 -5.319926e+01  2.796792e+02
[36,]   36 0.47372118  0.4924996  58230.35  2.889818e+00 -1.432324e+01
[37,]   37 0.47352991  0.4929315  58230.34 -4.581201e-02  5.659191e-01
[38,]   38 0.47350904  0.4929104  58230.34  1.249806e-02  6.749106e-03

