[22;0t]0;IPython: scripts/01_msprime_simulations$par
[1] 0.0392856418 0.0009053138

$value
[1] -721.4594

$counts
function gradient 
      21       21 

$convergence
[1] 0

$message
[1] "CONVERGENCE: REL_REDUCTION_OF_F <= FACTR*EPSMCH"

$loginfo
      step        par1         par2        fn           gr1           gr2
 [1,]    1 0.100000000 0.0100000000  939.4207  1.566187e+03  6.042953e+03
 [2,]    2 0.000001000 0.0000010000 1125.2288  1.073014e+05 -3.754360e+06
 [3,]    3 0.053501303 0.0053505488  834.9734  9.658308e+02  1.439618e+04
 [4,]    4 0.018671823 0.0018679142  741.5606  5.676957e+01  2.749975e+04
 [5,]    5 0.007392334 0.0007400669  723.8526 -2.092078e+02 -1.092416e+04
 [6,]    6 0.017222319 0.0068152986  802.1356  1.698375e+03  1.491007e+03
 [7,]    7 0.008465715 0.0014034494  730.6912 -2.556279e+02  2.100596e+04
 [8,]    8 0.007596250 0.0008660935  723.3295 -2.987881e+02  1.415964e+03
 [9,]    9 0.013215048 0.0008973583  722.2972 -1.232576e+02  1.690272e+03
[10,]   10 0.016860230 0.0008968953  721.9476 -7.313709e+01  8.805931e+02
[11,]   11 0.022230235 0.0008995401  721.6707 -3.560489e+01  3.837829e+02
[12,]   12 0.027343527 0.0009030219  721.5420 -1.757507e+01  2.710771e+02
[13,]   13 0.032285579 0.0009046336  721.4828 -7.670168e+00  1.575869e+02
[14,]   14 0.033190465 0.0006518400  725.0548  1.500367e+01 -3.422296e+04
[15,]   15 0.032293383 0.0009024534  721.4817 -7.566844e+00 -4.121336e+01
[16,]   16 0.036106593 0.0009045902  721.4633 -2.819066e+00  1.716983e+01
[17,]   17 0.038354487 0.0009052840  721.4597 -7.435870e-01  1.952824e+01
[18,]   18 0.039153296 0.0009053034  721.4594 -1.042959e-01  2.172571e+00
[19,]   19 0.039283834 0.0009053138  721.4594 -4.670032e-03  1.364398e-01
[20,]   20 0.039289940 0.0009053139  721.4594 -3.107345e-05  1.159606e-07
[21,]   21 0.039285642 0.0009053138  721.4594 -3.296236e-03  9.603540e-02

