[22;0t]0;IPython: scripts/01_msprime_simulations$par
[1] 0.052625602 0.009861368

$value
[1] -5469.088

$counts
function gradient 
      18       18 

$convergence
[1] 0

$message
[1] "CONVERGENCE: REL_REDUCTION_OF_F <= FACTR*EPSMCH"

$loginfo
      step       par1         par2        fn           gr1           gr2
 [1,]    1 0.10000000  0.010000000  5472.650  115.14605291 -1600.6381832
 [2,]    2 0.00000100 10.000000000 25616.879 2416.08786375  2218.2085716
 [3,]    3 0.08751441  1.257323230  6795.001 2410.53848429  1719.9663466
 [4,]    4 0.09755722  0.254036573  5805.276 2181.00399139  -693.2172096
 [5,]    5 0.09972683  0.037290421  5824.525 1298.01911263  9140.1741241
 [6,]    6 0.09999318  0.010681456  5472.908   95.61920600  2225.1175684
 [7,]    7 0.09999732  0.010268055  5472.438  106.70464705    -2.2549570
 [8,]    8 0.09997942  0.010268518  5472.436  106.67538992     0.9250950
 [9,]    9 0.09990782  0.010270369  5472.429  106.55820582    13.6407369
[10,]   10 0.09962144  0.010277773  5472.399  106.08696805    64.4302696
[11,]   11 0.09847593  0.010307390  5472.283  104.16136681   266.4207811
[12,]   12 0.09389385  0.010425858  5471.904   95.76459809  1055.7466209
[13,]   13 0.06931591  0.010566701  5470.384   39.93277474  2623.2504628
[14,]   14 0.05225138  0.010349320  5469.711  -35.48729224  2447.2664105
[15,]   15 0.05409720  0.009976397  5469.119    1.19957097   504.5390118
[16,]   16 0.05229341  0.009846624  5469.089   -1.13856786   -53.8277728
[17,]   17 0.05264942  0.009861322  5469.088    0.14595524    -1.6170905
[18,]   18 0.05262560  0.009861368  5469.088   -0.01709821     0.4334703

