[22;0t]0;IPython: scripts/01_msprime_simulations$par
[1] 0.000001 3.853450

$value
[1] -30688.01

$counts
function gradient 
      11       11 

$convergence
[1] 0

$message
[1] "CONVERGENCE: REL_REDUCTION_OF_F <= FACTR*EPSMCH"

$loginfo
      step       par1      par2       fn       gr1           gr2
 [1,]    1 0.10000000  0.010000 38016.28 19074.337 -6.935542e+05
 [2,]    2 0.00000100 10.000000 36182.59  2416.063  1.336087e+03
 [3,]    3 0.06666784  3.339916 30906.08  2045.851 -2.864902e+02
 [4,]    4 0.05686755  3.341149 30885.77  2025.155 -2.915715e+02
 [5,]    5 0.01766638  3.346084 30806.99  1916.784 -3.234347e+02
 [6,]    6 0.00000100  3.348308 30771.90  2400.124 -3.489491e+02
 [7,]    7 0.00000100  3.349984 30771.31  2400.326 -3.476116e+02
 [8,]    8 0.00000100  3.785646 30689.40  2414.952 -4.126337e+01
 [9,]    9 0.00000100  3.844327 30688.04  2415.184 -5.464444e+00
[10,]   10 0.00000100  3.853285 30688.01  2415.213 -9.938653e-02
[11,]   11 0.00000100  3.853450 30688.01  2415.213 -4.385947e-04

