[22;0t]0;IPython: scripts/01_msprime_simulations$par
[1] 0.05242943 0.10150860

$value
[1] -28544.88

$counts
function gradient 
      28       28 

$convergence
[1] 0

$message
[1] "CONVERGENCE: REL_REDUCTION_OF_F <= FACTR*EPSMCH"

$loginfo
      step       par1        par2        fn           gr1           gr2
 [1,]    1 0.10000000  0.01000000  37266.78  2.001961e+04 -7.035293e+05
 [2,]    2 0.00000100 10.00000000  36136.18  2.416048e+03  1.339962e+03
 [3,]    3 0.06667512  3.33918911  30241.54  9.716150e+02  3.175995e+02
 [4,]    4 0.06205749  3.33760790  30236.80  8.616243e+02  3.150605e+02
 [5,]    5 0.02173488  3.32117473  30234.13 -1.798436e+03  2.719398e+02
 [6,]    6 0.04714866  3.33153193  30225.41  3.721347e+02  3.047865e+02
 [7,]    7 0.03220826  3.32308344  30223.28 -5.272311e+02  2.892984e+02
 [8,]    8 0.03822823  3.32429473  30221.84 -8.959091e+01  2.964429e+02
 [9,]    9 0.03868330  3.32164936  30221.02 -6.447356e+01  2.969376e+02
[10,]   10 0.04050359  3.31106788  30217.84  3.118916e+01  2.987834e+02
[11,]   11 0.04778474  3.26874198  30206.52  3.517802e+02  3.039893e+02
[12,]   12 0.08505324  2.88133103  30122.83  1.228803e+03  2.875100e+02
[13,]   13 0.14369688  2.02225218  29972.62  2.319025e+03  2.850369e+02
[14,]   14 0.23927136  0.13160342  28738.98  9.012119e+02  2.031722e+03
[15,]   15 0.24592402  0.00000100 121601.35  9.670884e+03 -4.221037e+08
[16,]   16 0.23927136  0.13160342  28738.98  9.012119e+02  2.031722e+03
[17,]   17 0.21289503  0.00000100 121252.67  1.153364e+04 -4.220958e+08
[18,]   18 0.23047327  0.08770609  28849.29  1.427407e+03 -1.059183e+04
[19,]   19 0.23673612  0.11895403  28722.30  9.472724e+02  9.535320e+01
[20,]   20 0.00000100  0.11234981  29942.66 -3.761308e+06  4.639752e+02
[21,]   21 0.14872874  0.11649888  28631.80  1.079555e+03  3.284531e+02
[22,]   22 0.04981758  0.11373955  28554.70 -5.406413e+02  1.345697e+03
[23,]   23 0.10942590  0.10946334  28588.50  1.104913e+03 -2.921631e+02
[24,]   24 0.06122841  0.11292095  28551.98  1.705392e+02  1.061819e+03
[25,]   25 0.05594306  0.10347310  28545.28  1.481174e+02  1.380711e+02
[26,]   26 0.05228735  0.10130220  28544.88 -1.389477e+00 -2.327936e+01
[27,]   27 0.05241928  0.10152465  28544.88 -1.099699e+00  2.498540e+00
[28,]   28 0.05242943  0.10150860  28544.88  2.246885e-01 -1.262963e-01

