[22;0t]0;IPython: scripts/01_msprime_simulations$par
[1] 0.009735573 0.111174152

$value
[1] -29829.87

$counts
function gradient 
      43       43 

$convergence
[1] 0

$message
[1] "CONVERGENCE: REL_REDUCTION_OF_F <= FACTR*EPSMCH"

$loginfo
      step        par1       par2        fn           gr1           gr2
 [1,]    1 0.100000000 0.01000000  40613.15  2.352808e+04 -7.931480e+05
 [2,]    2 0.000010000 1.00000000  30849.54 -1.821305e+06  3.700943e+02
 [3,]    3 0.238890198 1.00000000  31322.39  4.854219e+03 -1.412327e+02
 [4,]    4 0.079569864 1.00000000  30505.90  5.096694e+03  1.736116e+02
 [5,]    5 0.079347825 0.99979687  30504.73  5.094903e+03  1.742380e+02
 [6,]    6 0.078459670 0.99898434  30500.06  5.087497e+03  1.766810e+02
 [7,]    7 0.074907048 0.99573422  30481.46  5.053735e+03  1.864872e+02
 [8,]    8 0.060696560 0.98273376  30408.35  4.831135e+03  2.257116e+02
 [9,]    9 0.003854610 0.93073190  30320.62 -2.238387e+04  3.362710e+02
[10,]   10 0.050135595 0.97307206  30356.49  4.522090e+03  2.541691e+02
[11,]   11 0.019848380 0.94536380  30246.46  1.088434e+03  3.177597e+02
[12,]   12 0.000010000 0.91769631  30827.13 -1.863414e+06  2.804286e+02
[13,]   13 0.013097662 0.93594895  30245.04 -1.973701e+03  3.157756e+02
[14,]   14 0.016474905 0.94065900  30243.21 -1.289346e+02  3.176511e+02
[15,]   15 0.015605071 0.93495851  30241.70 -5.236655e+02  3.121058e+02
[16,]   16 0.012860417 0.89163235  30232.46 -2.090331e+03  2.818978e+02
[17,]   17 0.010682706 0.79018350  30201.77 -3.607837e+03  5.001474e+02
[18,]   18 0.001971863 0.38438809  30125.25 -5.038286e+04  5.064350e+02
[19,]   19 0.006992465 0.61827328  30136.19 -8.633271e+03  4.777879e+02
[20,]   20 0.003791020 0.46913370  30109.09 -2.219377e+04  5.043483e+02
[21,]   21 0.001461120 0.00001000 102441.76  1.195335e+05 -2.417366e+08
[22,]   22 0.003013398 0.31256004  30042.14 -3.033885e+04  5.365164e+02
[23,]   23 0.002237259 0.15628502  29954.06 -4.533315e+04  8.774126e+02
[24,]   24 0.001720830 0.05230242  30084.26 -3.569376e+04 -1.310741e+04
[25,]   25 0.002043681 0.11730827  29933.69 -5.062184e+04  7.424915e+02
[26,]   26 0.001830600 0.07440441  29953.59 -5.175747e+04 -1.758037e+03
[27,]   27 0.001977877 0.10405868  29928.54 -5.149156e+04  4.569427e+02
[28,]   28 0.005934839 0.00001000 102943.26  1.055678e+05 -2.417488e+08
[29,]   29 0.003296403 0.06938792  29919.94 -1.757314e+04 -3.548846e+03
[30,]   30 0.002579205 0.08824671  29903.90 -3.423243e+04 -6.976091e+02
[31,]   31 0.066531995 1.00000000  30440.57  4.904829e+03  2.143286e+02
[32,]   32 0.019221741 0.32551372  29989.56  3.821532e+03  5.540484e+02
[33,]   33 0.007646033 0.16048275  29862.91 -5.096082e+03  8.664895e+02
[34,]   34 0.007443259 0.14075080  29848.53 -5.249166e+03  6.804922e+02
[35,]   35 0.008340700 0.07354321  29887.74  4.015423e+03 -4.500701e+03
[36,]   36 0.007800110 0.11402693  29833.14 -3.286378e+03  2.475846e+02
[37,]   37 0.008368451 0.09861108  29833.85 -7.928290e+02 -6.113285e+02
[38,]   38 0.008063652 0.10687854  29831.69 -2.184854e+03 -6.359587e+01
[39,]   39 0.008489772 0.10799747  29830.84 -1.526005e+03 -4.718373e+01
[40,]   40 0.009486384 0.11082710  29829.91 -2.852238e+02  2.873763e+00
[41,]   41 0.009697951 0.11109913  29829.87 -4.021752e+01 -5.765969e-01
[42,]   42 0.009734379 0.11117434  29829.87 -1.448720e+00  8.824627e-02
[43,]   43 0.009735573 0.11117415  29829.87  3.627119e-03 -4.910307e-03

