[22;0t]0;IPython: scripts/01_msprime_simulations$par
[1] 0.04527162 0.49301327

$value
[1] -53676.55

$counts
function gradient 
      32       32 

$convergence
[1] 0

$message
[1] "CONVERGENCE: REL_REDUCTION_OF_F <= FACTR*EPSMCH"

$loginfo
      step        par1       par2        fn           gr1           gr2
 [1,]    1 0.100000000  0.0100000 118934.08  6.688455e+04 -3.044508e+06
 [2,]    2 0.000001000 10.0000000  60015.59 -8.159503e+06  4.612553e+02
 [3,]    3 1.762769023 10.0000000  61142.33  2.235449e+03  3.043739e+02
 [4,]    4 0.587578773 10.0000000  58325.24  2.431307e+03  3.979513e+02
 [5,]    5 0.195733753 10.0000000  57508.14  1.223188e+03  4.368172e+02
 [6,]    6 0.195704411  9.9985321  57507.46  1.223054e+03  4.367972e+02
 [7,]    7 0.195587042  9.9926605  57504.76  1.222525e+03  4.367165e+02
 [8,]    8 0.195117567  9.9691741  57493.93  1.220474e+03  4.364245e+02
 [9,]    9 0.193239666  9.8752286  57450.68  1.213316e+03  4.357464e+02
[10,]   10 0.185728061  9.4994466  57277.78  1.193561e+03  4.361964e+02
[11,]   11 0.155681640  7.9963183  56624.04  1.011443e+03  3.815923e+02
[12,]   12 0.000001000  0.2989763  57180.78 -1.280715e+07 -9.422847e+01
[13,]   13 0.070836776  3.8013205  55137.66 -8.567648e+02  3.767428e+02
[14,]   14 0.000001000  0.2775871  57189.70 -1.270488e+07 -1.188650e+03
[15,]   15 0.040527338  2.2935742  54664.20 -4.672943e+03  4.088247e+02
[16,]   16 0.000001000  0.2576643  57228.29 -1.278809e+07 -2.670918e+03
[17,]   17 0.025058362  1.5164637  54403.00 -1.166685e+04  5.453800e+02
[18,]   18 0.008520503  0.6856561  54265.56 -5.006545e+04  8.226794e+02
[19,]   19 0.019093595  1.1696514  54286.92 -1.773048e+04  6.005555e+02
[20,]   20 0.012252878  0.8565098  54245.22 -3.246005e+04  6.878527e+02
[21,]   21 0.009189388  0.4295553  54042.95 -4.323339e+04  5.109268e+02
[22,]   22 0.013044024  0.0000010 413937.42  1.136530e+05 -1.530734e+09
[23,]   23 0.010474595  0.2863339  54090.57 -2.639324e+04 -2.707031e+03
[24,]   24 0.009724490  0.3699245  54007.29 -3.747156e+04 -1.808707e+02
[25,]   25 0.025117582  0.4847367  53743.44 -8.660715e+03  3.467107e+02
[26,]   26 0.028629241  0.4702076  53714.34 -5.813727e+03  1.812847e+02
[27,]   27 0.035887958  0.4557948  53686.80 -1.915313e+03 -1.145175e+02
[28,]   28 0.040179270  0.4709303  53679.49 -8.509496e+02 -8.052153e+01
[29,]   29 0.044165049  0.4894062  53676.67 -1.849941e+02 -8.035881e+00
[30,]   30 0.045163779  0.4924511  53676.55 -1.273987e+01 -2.635631e+00
[31,]   31 0.045268613  0.4929493  53676.55  1.450396e+00 -6.462032e-01
[32,]   32 0.045271616  0.4930133  53676.55  9.396700e-01 -1.982220e-01

