[22;0t]0;IPython: scripts/01_msprime_simulations$par
[1] 0.000001000 0.002746067

$value
[1] -79.96135

$counts
function gradient 
      24       24 

$convergence
[1] 0

$message
[1] "CONVERGENCE: REL_REDUCTION_OF_F <= FACTR*EPSMCH"

$loginfo
      step  par1         par2          fn       gr1           gr2
 [1,]    1 1e-01  0.010000000   323.34205  2260.979  2.839664e+03
 [2,]    2 1e-06  0.000001000    93.38610 29963.180 -1.524493e+05
 [3,]    3 1e-06 10.000000000 24349.66505  2416.099  2.324007e+03
 [4,]    4 1e-06  3.254855588  8183.43891  2416.074  2.469243e+03
 [5,]    5 1e-06  1.059095708  2711.94578  2415.984  2.512860e+03
 [6,]    6 1e-06  0.344725095   914.37618  2415.695  2.514819e+03
 [7,]    7 1e-06  0.112336006   332.49760  2414.803  2.477906e+03
 [8,]    8 1e-06  0.036721867   148.18529  2412.078  2.351254e+03
 [9,]    9 1e-06  0.012098281    93.36068  2403.848  1.963810e+03
[10,]   10 1e-06  0.004053511    80.56115  2376.356  8.153650e+02
[11,]   11 1e-06  0.004031952    80.54366  2376.088  8.061270e+02
[12,]   12 1e-06  0.003945715    80.47573  2374.974  7.681660e+02
[13,]   13 1e-06  0.003600766    80.23903  2369.750  5.981729e+02
[14,]   14 1e-06  0.002353853    80.03366  2359.535 -3.750494e+02
[15,]   15 1e-06  0.002834374    79.96482  2352.661  7.661536e+01
[16,]   16 1e-06  0.002752864    79.96137  2350.876  5.896992e+00
[17,]   17 1e-06  0.002746067    79.96135  2350.744 -1.442629e-01
[18,]   18 1e-06  0.002746229    79.96135  2350.747  2.551564e-04
[19,]   19 1e-06  0.002746072    79.96135  2350.744 -1.399032e-01
[20,]   20 1e-06  0.002746067    79.96135  2350.744 -1.441272e-01
[21,]   21 1e-06  0.002746067    79.96135  2350.744 -1.442586e-01
[22,]   22 1e-06  0.002746067    79.96135  2350.744 -1.442627e-01
[23,]   23 1e-06  0.002746067    79.96135  2350.744 -1.442627e-01
[24,]   24 1e-06  0.002746067    79.96135  2350.744 -1.442627e-01

