[22;0t]0;IPython: scripts/01_msprime_simulations$par
[1] 0.0003516539 2.1071062131

$value
[1] -22760.42

$counts
function gradient 
      36       36 

$convergence
[1] 0

$message
[1] "CONVERGENCE: REL_REDUCTION_OF_F <= FACTR*EPSMCH"

$loginfo
      step         par1      par2       fn           gr1           gr2
 [1,]    1 0.1000000000  0.010000 26744.21  11185.461861 -4.197835e+05
 [2,]    2 0.0000010000 10.000000 32275.23   2416.061738  1.662309e+03
 [3,]    3 0.0666898445  3.337718 23484.62   2458.205598  7.313081e+02
 [4,]    4 0.0471833808  3.331721 23432.37   2447.405857  7.395691e+02
 [5,]    5 0.0000010000  3.317214 23320.04 -43761.209455  7.303009e+02
 [6,]    6 0.0444523960  3.330881 23425.06   2445.828165  7.411681e+02
 [7,]    7 0.0222266980  3.324048 23365.81   2417.379344  7.562508e+02
 [8,]    8 0.0069686861  3.319357 23326.44   2168.369911  7.624524e+02
 [9,]    9 0.0000010000  3.298743 23306.64 -43926.664071  7.204784e+02
[10,]   10 0.0063017428  3.317383 23323.50   2126.078529  7.618134e+02
[11,]   11 0.0031513714  3.308063 23310.27   1680.080609  7.579035e+02
[12,]   12 0.0000010000  2.184168 22769.23 -43274.378764  1.012541e+02
[13,]   13 0.0476959046  0.000001 79979.34  39121.701616 -2.837778e+08
[14,]   14 0.0163557917  1.435208 22778.48   3548.531484  4.828109e+02
[15,]   15 0.0044184366  1.981874 22776.42   2252.385540 -1.091158e+02
[16,]   16 0.0014844964  2.116232 22762.28   2185.457141  1.261531e+01
[17,]   17 0.0013084922  2.052874 22763.83   2018.348583 -7.260159e+01
[18,]   18 0.0014466728  2.102616 22762.16   2164.050612 -5.787282e+00
[19,]   19 0.0013583577  2.102553 22761.97   2120.022899 -5.906433e+00
[20,]   20 0.0010050975  2.102301 22761.26   1863.991955 -6.366081e+00
[21,]   21 0.0000010000  2.107216 22765.28 -43275.341040  1.910611e-01
[22,]   22 0.0006324660  2.104125 22760.65   1273.242497 -3.964451e+00
[23,]   23 0.0000010000  2.107137 22765.28 -43275.343385  8.382291e-02
[24,]   24 0.0004545839  2.104973 22760.46    633.910270 -2.834282e+00
[25,]   25 0.0002782322  2.107114 22760.44   -889.252078  6.511607e-02
[26,]   26 0.0003789544  2.105891 22760.43    168.617020 -1.591268e+00
[27,]   27 0.0003516539  2.107106 22760.42    -52.418402  6.155102e-02
[28,]   28 0.0003570972  2.106923 22760.42     -5.409497 -1.873736e-01
[29,]   29 0.0003522796  2.107085 22760.42    -46.933823  3.292516e-02
[30,]   30 0.0003517337  2.107104 22760.42    -51.717658  5.789752e-02
[31,]   31 0.0003516642  2.107106 22760.42    -52.327528  6.107983e-02
[32,]   32 0.0003516553  2.107106 22760.42    -52.406410  6.148963e-02
[33,]   33 0.0003516541  2.107106 22760.42    -52.416568  6.154289e-02
[34,]   34 0.0003516539  2.107106 22760.42    -52.417965  6.155606e-02
[35,]   35 0.0003516539  2.107106 22760.42    -52.417958  6.155318e-02
[36,]   36 0.0003516539  2.107106 22760.42    -52.417965  6.155606e-02

