[22;0t]0;IPython: scripts/01_msprime_simulations$par
[1] 0.04734040 0.09926766

$value
[1] -29003.69

$counts
function gradient 
      35       35 

$convergence
[1] 0

$message
[1] "CONVERGENCE: REL_REDUCTION_OF_F <= FACTR*EPSMCH"

$loginfo
      step       par1        par2        fn           gr1           gr2
 [1,]    1 0.10000000  0.01000000  37802.87  2.026663e+04 -7.125920e+05
 [2,]    2 0.00000100 10.00000000  36293.45  2.414042e+03  1.326831e+03
 [3,]    3 0.06667241  3.33945953  30474.59  9.316089e+02  2.204407e+02
 [4,]    4 0.06230689  3.33835502  30470.51  8.248468e+02  2.170203e+02
 [5,]    5 0.02666363  3.32805264  30465.27 -1.115751e+03  1.695665e+02
 [6,]    6 0.04611909  3.33367608  30460.24  2.735672e+02  2.010116e+02
 [7,]    7 0.03649560  3.32969422  30459.20 -2.545670e+02  1.876109e+02
 [8,]    8 0.03971611  3.32983768  30458.74 -5.454580e+01  1.921919e+02
 [9,]    9 0.04049296  3.32824529  30458.41 -1.258190e+01  1.928027e+02
[10,]   10 0.04360036  3.32187573  30457.38  1.424301e+02  1.950097e+02
[11,]   11 0.04909560  3.29241752  30453.04  3.566601e+02  1.936906e+02
[12,]   12 0.06566917  3.14437280  30435.11  7.914604e+02  1.822114e+02
[13,]   13 0.08912790  2.82568778  30402.61  1.229736e+03  1.752420e+02
[14,]   14 0.13668839  1.94263632  30321.65  2.359365e+03  2.076391e+02
[15,]   15 0.21389590  0.00000100 122925.27  1.163565e+04 -4.277249e+08
[16,]   16 0.16246736  1.29400609  30245.61  3.582381e+03  2.375404e+02
[17,]   17 0.19014598  0.00000100 122628.93  1.338705e+04 -4.277180e+08
[18,]   18 0.17170759  0.86201562  30205.81  4.152930e+03  1.300367e+02
[19,]   19 0.12664840  0.45729399  29862.60  4.053948e+03  8.849567e+02
[20,]   20 0.07573625  0.00000100 120193.15  3.468818e+04 -4.276541e+08
[21,]   21 0.10960002  0.30416540  29589.59  3.136944e+03  2.007591e+03
[22,]   22 0.08703995  0.10153085  29034.28  1.208946e+03 -9.760173e+02
[23,]   23 0.09297521  0.15484138  29138.27  1.077314e+03  3.146752e+03
[24,]   24 0.08703995  0.10153085  29034.28  1.208946e+03 -9.760173e+02
[25,]   25 0.00000100  0.93043654  30604.36 -3.061122e+06  2.043181e+02
[26,]   26 0.05021746  0.45220570  29569.30  2.844309e+03  7.471710e+02
[27,]   27 0.08354267  0.13483675  29071.62  8.314298e+02  2.540428e+03
[28,]   28 0.08636498  0.10795884  29031.11  1.043460e+03  1.688411e+02
[29,]   29 0.03981256  0.10089703  29006.85 -7.806308e+02  4.988093e+02
[30,]   30 0.05792094  0.10154431  29006.70  5.303177e+02 -5.760239e+01
[31,]   31 0.05004895  0.10018944  29003.92  1.552323e+02  2.527175e+01
[32,]   32 0.04648414  0.09921348  29003.72 -6.463428e+01  2.713818e+01
[33,]   33 0.04741247  0.09931287  29003.69  3.462958e+00  3.706989e+00
[34,]   34 0.04733631  0.09924446  29003.69  4.371790e-01 -2.912741e+00
[35,]   35 0.04734040  0.09926766  29003.69 -1.861869e-01  2.077509e-01

