[22;0t]0;IPython: scripts/01_msprime_simulations$par
[1] 0.03800139 0.01004956

$value
[1] -5686.36

$counts
function gradient 
      24       24 

$convergence
[1] 0

$message
[1] "CONVERGENCE: REL_REDUCTION_OF_F <= FACTR*EPSMCH"

$loginfo
      step       par1         par2        fn           gr1           gr2
 [1,]    1 0.10000000  0.010000000  5692.987  1.347982e+02 -4.184041e+03
 [2,]    2 0.00000100 10.000000000 25674.890  2.416088e+03  2.213365e+03
 [3,]    3 0.07981279  2.026722454  8358.949  2.413131e+03  1.979154e+03
 [4,]    4 0.09508947  0.500566880  6013.485  2.365013e+03  5.049074e+02
 [5,]    5 0.09868998  0.140871939  6149.482  2.840162e+03 -1.172709e+03
 [6,]    6 0.09984654  0.025331252  5889.460  5.731686e+02  1.509325e+04
 [7,]    7 0.09998937  0.011062445  5691.976  1.013963e+02  1.961443e+03
 [8,]    8 0.09997338  0.010723435  5691.602  1.103247e+02  2.036781e+02
 [9,]    9 0.09994995  0.010683031  5691.595  1.114882e+02 -1.697646e+01
[10,]   10 0.09991833  0.010674133  5691.592  1.117401e+02 -6.513932e+01
[11,]   11 0.09948204  0.010610526  5691.558  1.135220e+02 -4.065266e+02
[12,]   12 0.09852827  0.010536210  5691.493  1.155860e+02 -7.985998e+02
[13,]   13 0.09539727  0.010389920  5691.296  1.196948e+02 -1.546474e+03
[14,]   14 0.08709145  0.010145682  5690.791  1.268687e+02 -2.704996e+03
[15,]   15 0.06253475  0.009654323  5689.304  1.377050e+02 -4.437340e+03
[16,]   16 0.00000100  0.008730290  5760.198 -1.582617e+05  2.714880e+03
[17,]   17 0.04090888  0.009334767  5687.986  1.045989e+02 -4.342928e+03
[18,]   18 0.02680397  0.013648588  5708.864 -1.667483e+02  8.975816e+03
[19,]   19 0.03838013  0.010108155  5686.367 -2.278812e+00  2.451746e+02
[20,]   20 0.03628212  0.010016699  5686.371 -1.316428e+01  1.577837e+01
[21,]   21 0.03751056  0.010070249  5686.363 -6.575617e+00  1.482256e+02
[22,]   22 0.03832703  0.010035088  5686.362  4.345464e+00 -1.027445e+02
[23,]   23 0.03801032  0.010049838  5686.360  5.333010e-02  4.890855e-01
[24,]   24 0.03800139  0.010049560  5686.360 -7.534709e-05  2.626974e-02

