[22;0t]0;IPython: scripts/01_msprime_simulations$par
[1] 0.744247765 0.004833673

$value
[1] -3042.732

$counts
function gradient 
      22       22 

$convergence
[1] 0

$message
[1] "CONVERGENCE: REL_REDUCTION_OF_F <= FACTR*EPSMCH"

$loginfo
      step       par1         par2       fn           gr1           gr2
 [1,]    1 0.10000000 0.0100000000 3160.606  4.447492e+01  2.794024e+04
 [2,]    2 0.00000100 0.0000010000 5979.489  1.229619e+05 -2.180006e+07
 [3,]    3 0.06486182 0.0064864984 3074.902 -1.654950e+02  1.926050e+04
 [4,]    4 0.02825164 0.0002455772 3897.349  2.484516e+03 -1.922671e+06
 [5,]    5 0.05255688 0.0043888800 3054.899 -1.510370e+02 -2.172525e+03
 [6,]    6 0.05645604 0.0046908441 3054.360 -1.612670e+02  2.497286e+03
 [7,]    7 0.05869218 0.0046689143 3053.961 -1.518942e+02  2.008502e+03
 [8,]    8 0.06763670 0.0045811952 3052.659 -1.204830e+02  1.029380e+01
 [9,]    9 0.10366472 0.0046299126 3049.409 -6.685519e+01 -8.211618e+02
[10,]   10 0.15214532 0.0048118144 3046.946 -3.927751e+01  1.151936e+03
[11,]   11 0.20947567 0.0048693994 3045.317 -2.222039e+01  1.473202e+03
[12,]   12 0.28130470 0.0047569444 3044.136 -1.126951e+01 -9.517689e+02
[13,]   13 0.36355937 0.0048387242 3043.425 -5.987200e+00  3.178581e+02
[14,]   14 0.46520712 0.0047832319 3043.022 -2.667814e+00 -8.593710e+02
[15,]   15 0.55833607 0.0048559809 3042.832 -1.255758e+00  4.671741e+02
[16,]   16 0.62840371 0.0048439357 3042.764 -6.105059e-01  2.179849e+02
[17,]   17 0.69474939 0.0048335312 3042.737 -2.104557e-01  4.630345e+00
[18,]   18 0.73066379 0.0048352025 3042.732 -5.226799e-02  3.143861e+01
[19,]   19 0.74607480 0.0048123290 3042.736  9.525463e-03 -4.161173e+02
[20,]   20 0.73301505 0.0048317127 3042.732 -4.251632e-02 -3.649832e+01
[21,]   21 0.74272371 0.0048335096 3042.732 -5.783465e-03 -2.957939e+00
[22,]   22 0.74424777 0.0048336731 3042.732 -1.833860e-04  1.564402e-02

