[22;0t]0;IPython: scripts/01_msprime_simulations$par
[1] 0.002302971 2.544646147

$value
[1] -56186.93

$counts
function gradient 
      39       39 

$convergence
[1] 0

$message
[1] "CONVERGENCE: REL_REDUCTION_OF_F <= FACTR*EPSMCH"

$loginfo
      step        par1      par2        fn           gr1           gr2
 [1,]    1 0.100000000  0.010000 172797.71  8.865260e+04 -4.666655e+06
 [2,]    2 0.000001000 10.000000  58518.70 -2.129833e+06  1.804768e+02
 [3,]    3 3.155159305 10.000000  66895.11  1.672635e+03 -8.319898e+01
 [4,]    4 1.049516542 10.000000  62213.80  3.009270e+03 -7.808934e+01
 [5,]    5 0.348932722 10.000000  59744.25  4.253183e+03  4.962595e+01
 [6,]    6 0.116044842 10.000000  58650.73  5.165854e+03  1.323796e+02
 [7,]    7 0.038687861 10.000000  58249.62  4.901484e+03  1.804961e+02
 [8,]    8 0.038599034  9.999615  58249.12  4.899210e+03  1.806039e+02
 [9,]    9 0.038243724  9.998074  58247.10  4.889934e+03  1.810626e+02
[10,]   10 0.036822485  9.991909  58239.06  4.849885e+03  1.828814e+02
[11,]   11 0.031137528  9.967251  58207.46  4.632052e+03  1.899229e+02
[12,]   12 0.008397702  9.868620  58111.11  2.269480e+02  2.356611e+02
[13,]   13 0.000001000  9.831260  58475.97 -2.106642e+06  3.602787e+02
[14,]   14 0.005599653  9.856170  58110.99 -2.687006e+03  2.514719e+02
[15,]   15 0.007142636  9.863036  58110.11 -8.016732e+02  2.421982e+02
[16,]   16 0.006791627  9.860787  58109.90 -1.153505e+03  2.445454e+02
[17,]   17 0.006348154  9.856090  58109.36 -1.646017e+03  2.485917e+02
[18,]   18 0.005319400  9.839033  58107.40 -3.080130e+03  2.614459e+02
[19,]   19 0.004072086  9.800291  58102.21 -5.764080e+03  2.808431e+02
[20,]   20 0.001663189  9.657258  58089.03 -2.279550e+04  2.929868e+02
[21,]   21 0.002331857  9.524099  58035.91 -1.519285e+04  3.268679e+02
[22,]   22 0.005006530  8.991461  57802.40 -3.600766e+03  4.542375e+02
[23,]   23 0.015705225  6.860912  57010.02  6.058858e+03  2.326558e+02
[24,]   24 0.026794254  2.791019  56554.56  1.459029e+04  1.730076e+02
[25,]   25 0.030411302  0.000001 618448.41  1.131243e+05 -2.282429e+09
[26,]   26 0.028000522  1.860228  56655.95  1.760616e+04 -1.528516e+02
[27,]   27 0.027024866  2.613073  56535.86  1.515075e+04  3.671508e+01
[28,]   28 0.016456684  2.547314  56371.51  1.569046e+04 -1.222178e+01
[29,]   29 0.000001000  2.444921  56475.76 -1.877027e+06  1.905124e+01
[30,]   30 0.008075062  2.495161  56246.60  1.399746e+04 -9.705214e+01
[31,]   31 0.000001000  2.570191  56476.85 -1.909391e+06  2.909185e+01
[32,]   32 0.004737953  2.526172  56202.75  1.028247e+04 -3.387752e+01
[33,]   33 0.000001000  2.491910  56477.54 -1.904161e+06  1.905479e+01
[34,]   34 0.003037799  2.513875  56189.59  5.008234e+03 -4.932453e+01
[35,]   35 0.001294342  2.597203  56194.38 -1.551356e+04  5.445641e+01
[36,]   36 0.002335382  2.547447  56186.94  2.763550e+02  2.282833e+00
[37,]   37 0.002268096  2.543554  56186.94 -3.100207e+02 -8.334158e-01
[38,]   38 0.002302597  2.544797  56186.93 -4.962234e+00  1.672508e-01
[39,]   39 0.002302971  2.544646  56186.93 -1.518359e+00  4.118632e-02

