[22;0t]0;IPython: scripts/01_msprime_simulations$par
[1] 0.009464173 0.010029133

$value
[1] -5416.638

$counts
function gradient 
      29       29 

$convergence
[1] 0

$message
[1] "CONVERGENCE: REL_REDUCTION_OF_F <= FACTR*EPSMCH"

$loginfo
      step        par1         par2        fn           gr1           gr2
 [1,]    1 0.100000000  0.010000000  5474.119  3.700028e+02 -7.649888e+03
 [2,]    2 0.000001000 10.000000000 25628.482  2.416088e+03  2.217240e+03
 [3,]    3 0.075615356  2.446050286  9097.057  2.413504e+03  2.072551e+03
 [4,]    4 0.093460291  0.663323501  5978.445  2.375348e+03  1.050824e+03
 [5,]    5 0.098072506  0.202558604  5790.348  2.605628e+03 -2.757327e+02
 [6,]    6 0.099557360  0.054220154  5777.522  1.857461e+03  3.282415e+03
 [7,]    7 0.099941686  0.015825640  5490.162  3.764087e+02  8.615660e+03
 [8,]    8 0.099982752  0.011723055  5468.389  3.420785e+02  3.155914e+02
 [9,]    9 0.099909188  0.011655270  5468.350  3.427600e+02  7.448043e+01
[10,]   10 0.099587020  0.011528843  5468.259  3.445665e+02 -3.865461e+02
[11,]   11 0.098845247  0.011391154  5468.091  3.476441e+02 -9.038060e+02
[12,]   12 0.096195933  0.011117438  5467.549  3.576121e+02 -1.974792e+03
[13,]   13 0.088798085  0.010668657  5466.092  3.877834e+02 -3.829987e+03
[14,]   14 0.062676192  0.009623986  5460.293  5.674207e+02 -8.366179e+03
[15,]   15 0.000001000  0.007117469  5585.722 -5.662215e+05  2.588355e+03
[16,]   16 0.040227997  0.008726234  5453.393  9.198651e+02 -1.220556e+04
[17,]   17 0.013572867  0.007660238  5432.240  1.709718e+03 -1.240493e+04
[18,]   18 0.004718371  0.007306127  5427.030 -1.539877e+03 -6.168561e+03
[19,]   19 0.009991101  0.007516995  5428.038  1.497407e+03 -1.084433e+04
[20,]   20 0.004718371  0.007306127  5427.030 -1.539877e+03 -6.168561e+03
[21,]   21 0.078205527  0.010964816  5460.920  4.209037e+02 -2.265262e+03
[22,]   22 0.022147421  0.008173863  5439.422  1.429702e+03 -1.240992e+04
[23,]   23 0.008545246  0.007496655  5426.288  1.178840e+03 -9.666654e+03
[24,]   24 0.008394902  0.008142940  5421.214  5.702996e+02 -5.840254e+03
[25,]   25 0.008745177  0.009207484  5417.360  6.198901e+01 -1.897807e+03
[26,]   26 0.009237353  0.009777882  5416.701  8.237560e+00 -5.203471e+02
[27,]   27 0.009453170  0.009998833  5416.638  7.570974e+00 -6.599908e+01
[28,]   28 0.009465003  0.010027349  5416.638  2.840715e+00 -5.123339e+00
[29,]   29 0.009464173  0.010029133  5416.638  2.056471e+00 -8.787781e-01

