[22;0t]0;IPython: scripts/01_msprime_simulations$par
[1] 0.0118937132 0.0004302834

$value
[1] -362.7043

$counts
function gradient 
      24       24 

$convergence
[1] 0

$message
[1] "CONVERGENCE: REL_REDUCTION_OF_F <= FACTR*EPSMCH"

$loginfo
      step        par1         par2       fn           gr1           gr2
 [1,]    1 0.100000000 0.0100000000 585.1748  2001.2543094     2864.3678
 [2,]    2 0.000001000 0.0000010000 516.1501 99374.3437927 -1493678.9025
 [3,]    3 0.095623225 0.0095623619 575.1879  1985.4095729     2905.7385
 [4,]    4 0.047812113 0.0047816810 469.3156  1589.4764126     6163.6639
 [5,]    5 0.016964871 0.0016972345 392.9668   627.3748109    21871.8710
 [6,]    6 0.008202607 0.0008210869 369.1812    16.6530094    22674.6378
 [7,]    7 0.000108197 0.0000010000 526.6560 80218.3054454 -1564162.4899
 [8,]    8 0.006625035 0.0006612549 365.8545  -111.0490059    18844.8974
 [9,]    9 0.025601575 0.0000010000 566.5453    77.1906954 -1782750.1461
[10,]   10 0.011608686 0.0004878576 363.0166     1.7315232     7792.7447
[11,]   11 0.012030686 0.0003706843 362.9450     2.2798597   -13138.1179
[12,]   12 0.011765660 0.0004442720 362.7389    -1.1380572     1883.8853
[13,]   13 0.011893713 0.0004302834 362.7043    -0.7133688     -409.4440
[14,]   14 0.011900977 0.0004327424 362.7082    -0.5576861       10.8407
[15,]   15 0.011893992 0.0004303778 362.7044    -0.7076761     -393.1914
[16,]   16 0.011893724 0.0004302872 362.7043    -0.7131439     -408.8005
[17,]   17 0.011893714 0.0004302836 362.7043    -0.7133599     -409.4185
[18,]   18 0.011893713 0.0004302834 362.7043    -0.7133684     -409.4430
[19,]   19 0.011893713 0.0004302834 362.7043    -0.7133688     -409.4440
[20,]   20 0.011893713 0.0004302834 362.7043    -0.7133688     -409.4440
[21,]   21 0.011893713 0.0004302834 362.7043    -0.7133688     -409.4440
[22,]   22 0.011893713 0.0004302834 362.7043    -0.7133688     -409.4440
[23,]   23 0.011893713 0.0004302834 362.7043    -0.7133688     -409.4440

