[22;0t]0;IPython: scripts/01_msprime_simulations$par
[1] 0.000001000 0.002746033

$value
[1] -79.96133

$counts
function gradient 
      34       34 

$convergence
[1] 0

$message
[1] "CONVERGENCE: REL_REDUCTION_OF_F <= FACTR*EPSMCH"

$loginfo
      step  par1         par2          fn       gr1           gr2
 [1,]    1 1e-01  0.010000000   323.34416  2260.995  2.838016e+03
 [2,]    2 1e-06  0.000001000    93.38489 29467.414 -1.524846e+05
 [3,]    3 1e-06 10.000000000 24349.66505  2416.099  2.324007e+03
 [4,]    4 1e-06  3.254873268  8183.48256  2416.074  2.469243e+03
 [5,]    5 1e-06  1.059107280  2711.97486  2415.984  2.512860e+03
 [6,]    6 1e-06  0.344730726   914.39034  2415.695  2.514819e+03
 [7,]    7 1e-06  0.112338413   332.50357  2414.804  2.477908e+03
 [8,]    8 1e-06  0.036722810   148.18751  2412.079  2.351259e+03
 [9,]    9 1e-06  0.012098616    93.36134  2403.849  1.963826e+03
[10,]   10 1e-06  0.004053610    80.56122  2373.795  8.154107e+02
[11,]   11 1e-06  0.004032053    80.54374  2373.452  8.061747e+02
[12,]   12 1e-06  0.003945829    80.47582  2372.011  7.682221e+02
[13,]   13 1e-06  0.003600933    80.23913  2364.972  5.982703e+02
[14,]   14 1e-06  0.002353707    80.03368  2327.839 -3.751301e+02
[15,]   15 1e-06  0.002834364    79.96481  2337.872  7.663291e+01
[16,]   16 1e-06  0.002752830    79.96135  2334.098  5.896743e+00
[17,]   17 1e-06  0.002746033    79.96133  2333.787 -1.442735e-01
[18,]   18 1e-06  0.002746195    79.96133  2333.794  2.551098e-04
[19,]   19 1e-06  0.002746038    79.96133  2333.787 -1.399122e-01
[20,]   20 1e-06  0.002746033    79.96133  2333.787 -1.441378e-01
[21,]   21 1e-06  0.002746033    79.96133  2333.787 -1.442693e-01
[22,]   22 1e-06  0.002746033    79.96133  2333.787 -1.442734e-01
[23,]   23 1e-06  0.002746033    79.96133  2333.787 -1.442735e-01
[24,]   24 1e-06  0.002746033    79.96133  2333.787 -1.442735e-01
[25,]   25 1e-06  0.002746033    79.96133  2333.787 -1.442735e-01
[26,]   26 1e-06  0.002746033    79.96133  2333.787 -1.442735e-01
[27,]   27 1e-06  0.002746033    79.96133  2333.787 -1.442735e-01
[28,]   28 1e-06  0.002746033    79.96133  2333.787 -1.442735e-01
[29,]   29 1e-06  0.002746033    79.96133  2333.787 -1.442735e-01

