[22;0t]0;IPython: scripts/01_msprime_simulations$par
[1] 0.00436118 0.10953519

$value
[1] -22132.41

$counts
function gradient 
      39       39 

$convergence
[1] 0

$message
[1] "CONVERGENCE: REL_REDUCTION_OF_F <= FACTR*EPSMCH"

$loginfo
      step        par1        par2       fn           gr1           gr2
 [1,]    1 0.100000000  0.01000000 28744.21  1.464089e+04 -5.083187e+05
 [2,]    2 0.000001000 10.00000000 33263.14 -8.987154e+04  1.591289e+03
 [3,]    3 0.066644674  3.34223042 24419.05  2.287723e+03  9.864602e+02
 [4,]    4 0.051594382  3.33556109 24379.18  2.120601e+03  9.886126e+02
 [5,]    5 0.000001000  3.31269820 24542.09 -1.222995e+06  9.245419e+02
 [6,]    6 0.028676800  3.32540548 24326.08  1.523041e+03  9.861040e+02
 [7,]    7 0.000001000  3.29760537 24528.18 -1.219638e+06  9.189869e+02
 [8,]    8 0.017313573  3.31438926 24302.07  6.562027e+02  9.795790e+02
 [9,]    9 0.000001000  3.27562469 24508.07 -1.215033e+06  9.105056e+02
[10,]   10 0.010767715  3.29973243 24287.08 -6.461033e+02  9.711163e+02
[11,]   11 0.003458490  3.24238289 24253.51 -7.694793e+03  9.418238e+02
[12,]   12 0.004526700  3.06146007 24077.63 -5.962166e+03  9.333060e+02
[13,]   13 0.008799541  2.33776882 23372.55 -2.415400e+03  8.776959e+02
[14,]   14 0.022602264  0.00000100 87985.57  0.000000e+00 -3.193852e+08
[15,]   15 0.013507926  1.54030944 22757.44  9.015487e+01  6.677347e+02
[16,]   16 0.012667378  0.00000100 87326.99  7.535649e+04 -3.193555e+08
[17,]   17 0.013224485  1.02090288 22448.21  8.674232e+02  5.071801e+02
[18,]   18 0.010166191  0.00000100 87131.21  8.137324e+04 -3.193458e+08
[19,]   19 0.012199154  0.67863280 22318.94  1.580591e+03  3.735220e+02
[20,]   20 0.007176345  0.00000100 86875.04  9.040231e+04 -3.193324e+08
[21,]   21 0.010520319  0.45180543 22247.56  2.017208e+03  1.689179e+02
[22,]   22 0.006471161  0.23934784 22180.23  5.783590e+02  1.868242e+02
[23,]   23 0.001909529  0.00000100 86340.18  0.000000e+00 -3.193062e+08
[24,]   24 0.004951055  0.15958854 22158.11 -7.526243e+02  5.429634e+02
[25,]   25 0.002925932  0.05333123 22285.33  3.880476e+03 -9.230385e+03
[26,]   26 0.004254342  0.12303235 22135.88 -1.105120e+03  4.360506e+02
[27,]   27 0.004015728  0.11051233 22132.68 -1.399652e+03  6.414954e+01
[28,]   28 0.007085048  0.00000100 86866.77  9.072061e+04 -3.193320e+08
[29,]   29 0.005037086  0.07373819 22178.49  6.333118e+03 -3.175567e+03
[30,]   30 0.004073996  0.10841436 22132.58 -1.052793e+03 -4.229466e+01
[31,]   31 0.008485073  0.12304555 22150.88  6.249734e+03  2.647930e+02
[32,]   32 0.004428753  0.10959105 22132.42  2.341735e+02 -6.889866e-01
[33,]   33 0.004366325  0.10954489 22132.41  1.754903e+01  2.187754e-01
[34,]   34 0.004361180  0.10953519 22132.41 -3.177151e-01  5.591592e-03
[35,]   35 0.004361269  0.10953517 22132.41 -9.149517e-06  2.228080e-04
[36,]   36 0.004361181  0.10953519 22132.41 -3.121002e-01  5.499151e-03
[37,]   37 0.004361180  0.10953519 22132.41 -3.176080e-01  5.590791e-03
[38,]   38 0.004361180  0.10953519 22132.41 -3.176077e-01  5.590518e-03
[39,]   39 0.004361180  0.10953519 22132.41 -3.176080e-01  5.590791e-03

