[22;0t]0;IPython: scripts/01_msprime_simulations$par
[1] 0.001830667 1.413538350

$value
[1] -48274.89

$counts
function gradient 
      40       40 

$convergence
[1] 0

$message
[1] "CONVERGENCE: REL_REDUCTION_OF_F <= FACTR*EPSMCH"

$loginfo
      step         par1       par2        fn           gr1           gr2
 [1,]    1 0.1000000000  0.0100000 113447.63  6.304686e+04 -2.916679e+06
 [2,]    2 0.0000010000 10.0000000  53397.52 -1.203590e+06  6.681350e+02
 [3,]    3 3.0058322129 10.0000000  62051.61  2.157638e+03  3.881831e+02
 [4,]    4 0.9980661380 10.0000000  56783.56  3.231089e+03  4.658893e+02
 [5,]    5 0.3312674713 10.0000000  54423.76  3.898765e+03  5.743512e+02
 [6,]    6 0.1100352498 10.0000000  53535.53  4.053767e+03  6.368080e+02
 [7,]    7 0.0366644272 10.0000000  53250.91  3.463729e+03  6.722538e+02
 [8,]    8 0.0365592267  9.9977042  53249.00  3.462788e+03  6.727604e+02
 [9,]    9 0.0361384245  9.9885208  53241.35  3.459148e+03  6.748065e+02
[10,]   10 0.0344552160  9.9517873  53210.61  3.446462e+03  6.825532e+02
[11,]   11 0.0277223820  9.8048534  53086.24  3.335355e+03  6.923214e+02
[12,]   12 0.0007910460  9.2171177  52683.51 -3.624711e+04  6.368804e+02
[13,]   13 0.0155454144  9.5391095  52866.82  2.554901e+03  6.758015e+02
[14,]   14 0.0037527972  9.2817535  52687.72 -3.961721e+03  6.410677e+02
[15,]   15 0.0000010000  9.1956776  52850.81 -1.209937e+06  6.486101e+02
[16,]   16 0.0023684834  9.2499938  52675.97 -9.149074e+03  6.356592e+02
[17,]   17 0.0009669394  9.2032408  52669.04 -2.881609e+04  6.332456e+02
[18,]   18 0.0015168992  9.1886746  52647.85 -1.676110e+04  6.274183e+02
[19,]   19 0.0029323149  8.9665852  52496.66 -6.193664e+03  6.150804e+02
[20,]   20 0.0139621735  6.6313279  50868.86  3.842858e+03  6.350499e+02
[21,]   21 0.0452831755  0.0000010 398980.00  0.000000e+00 -1.464221e+09
[22,]   22 0.0244930812  4.4017092  49537.86  6.795387e+03  3.763226e+02
[23,]   23 0.0423447673  0.0000010 398728.42  8.627246e+04 -1.464219e+09
[24,]   24 0.0304628550  2.9297361  49161.42  9.385937e+03  3.724364e+02
[25,]   25 0.0364038112  1.4648685  48769.30  1.408786e+04  1.184597e+02
[26,]   26 0.0319630735  0.6408477  48903.44  1.678059e+04 -6.945958e+02
[27,]   27 0.0351085612  1.2245227  48778.58  1.454294e+04 -1.037962e+02
[28,]   28 0.0360778360  1.4043808  48762.78  1.419942e+04 -6.224199e+01
[29,]   29 0.0000010000  1.3844911  48481.11 -1.402109e+06 -2.757509e+02
[30,]   30 0.0357170464  1.4041819  48757.66  1.423134e+04 -6.297062e+01
[31,]   31 0.0178590232  1.3943365  48491.23  1.553388e+04 -1.005521e+02
[32,]   32 0.0059817691  1.3877884  48313.76  1.297702e+04 -1.251208e+02
[33,]   33 0.0020872203  1.3856413  48277.26  2.157560e+03 -1.372227e+02
[34,]   34 0.0000010000  1.4316268  48473.34 -1.359315e+06  2.724806e+01
[35,]   35 0.0014211444  1.4003233  48276.39 -5.283957e+03 -7.881714e+01
[36,]   36 0.0028464456  1.5414756  48317.26  5.498373e+03  4.986368e+02
[37,]   37 0.0015922564  1.4172691  48275.24 -2.750931e+03  2.414602e+01
[38,]   38 0.0018551548  1.4113991  48274.90  2.498190e+02 -1.326008e+01
[39,]   39 0.0018330958  1.4134662  48274.89  2.627447e+01 -4.303337e-01
[40,]   40 0.0018306670  1.4135383  48274.89  1.701396e+00  2.602425e-02

