[22;0t]0;IPython: scripts/01_msprime_simulations$par
[1] 0.06727431 0.01017265

$value
[1] -5494.495

$counts
function gradient 
      20       20 

$convergence
[1] 0

$message
[1] "CONVERGENCE: REL_REDUCTION_OF_F <= FACTR*EPSMCH"

$loginfo
      step       par1         par2        fn           gr1           gr2
 [1,]    1 0.10000000  0.010000000  5496.332  8.197393e+01 -2.613477e+03
 [2,]    2 0.00000100 10.000000000 25620.747  2.416099e+03  2.217886e+03
 [3,]    3 0.08363173  1.645206718  7499.800  2.412829e+03  1.894950e+03
 [4,]    4 0.09642660  0.366985970  5801.059  2.329518e+03 -8.665884e+01
 [5,]    5 0.09928998  0.080931804  6021.153  2.800652e+03  4.652705e+02
 [6,]    6 0.09996388  0.013608732  5516.285  1.880637e+01  1.127572e+04
 [7,]    7 0.09999531  0.010468259  5495.761  6.510119e+01  1.090400e+02
 [8,]    8 0.09998419  0.010449548  5495.759  6.570525e+01  7.631503e+00
 [9,]    9 0.09996279  0.010440803  5495.758  6.596681e+01 -3.941152e+01
[10,]   10 0.09984750  0.010417492  5495.752  6.658967e+01 -1.634224e+02
[11,]   11 0.09954908  0.010384803  5495.740  6.729183e+01 -3.339851e+02
[12,]   12 0.09866126  0.010327424  5495.708  6.807607e+01 -6.239577e+02
[13,]   13 0.09634519  0.010236195  5495.626  6.819005e+01 -1.058384e+03
[14,]   14 0.09045539  0.010093364  5495.427  6.506548e+01 -1.651397e+03
[15,]   15 0.07755401  0.009912861  5495.025  4.833366e+01 -2.082534e+03
[16,]   16 0.06272861  0.009913761  5494.645 -2.750346e+00 -1.120871e+03
[17,]   17 0.06715523  0.010107554  5494.505  3.548431e+00 -3.434649e+02
[18,]   18 0.06709371  0.010173466  5494.495 -7.930182e-01  1.537384e+01
[19,]   19 0.06728918  0.010172872  5494.495  4.771277e-02  2.384662e-01
[20,]   20 0.06727431  0.010172652  5494.495  1.676835e-04 -2.254843e-02

