[22;0t]0;IPython: scripts/01_msprime_simulations$par
[1] 0.0115924708 0.0005014742

$value
[1] -431.9973

$counts
function gradient 
      31       31 

$convergence
[1] 0

$message
[1] "CONVERGENCE: REL_REDUCTION_OF_F <= FACTR*EPSMCH"

$loginfo
      step         par1         par2       fn           gr1           gr2
 [1,]    1 0.1000000000 0.0100000000 651.8915   1911.432939  3.834694e+03
 [2,]    2 0.0000010000 0.0000010000 628.0221 103115.409718 -1.908190e+06
 [3,]    3 0.0974496425 0.0097449872 646.0418   1900.384002  3.923064e+03
 [4,]    4 0.0487253212 0.0048729936 533.6825   1545.523325  8.013309e+03
 [5,]    5 0.0172264500 0.0017233900 459.9786    592.747115  1.858716e+04
 [6,]    6 0.0074965299 0.0007504855 435.4564     11.041877  2.003252e+04
 [7,]    7 0.0005955124 0.0000010000 659.8580  22746.226198 -2.077103e+06
 [8,]    8 0.0056395306 0.0005488060 432.3993    -56.851190  7.343901e+03
 [9,]    9 0.0049007855 0.0004443512 432.2011    -18.744638 -7.183519e+03
[10,]   10 0.0052798538 0.0004979495 432.1305    -48.961389  1.341684e+03
[11,]   11 0.0053290381 0.0004895801 432.1102    -44.921652  1.273687e+02
[12,]   12 0.0055054478 0.0004874696 432.0996    -42.262406 -2.689974e+02
[13,]   13 0.0072821817 0.0004820125 432.0398    -23.027720 -1.915252e+03
[14,]   14 0.0093007659 0.0004870934 432.0050    -10.611248 -1.776725e+03
[15,]   15 0.0115924708 0.0005014742 431.9973     -3.625402  2.116763e+01
[16,]   16 0.0122524778 0.0005033615 431.9984     -1.748329  2.016149e+02
[17,]   17 0.0116971811 0.0005017736 431.9974     -3.308866  4.899454e+01
[18,]   18 0.0116111435 0.0005015276 431.9973     -3.568409  2.610695e+01
[19,]   19 0.0115958690 0.0005014839 431.9973     -3.615012  2.206577e+01
[20,]   20 0.0115930915 0.0005014760 431.9973     -3.623504  2.133165e+01
[21,]   21 0.0115925843 0.0005014745 431.9973     -3.625055  2.119761e+01
[22,]   22 0.0115924916 0.0005014743 431.9973     -3.625338  2.117311e+01
[23,]   23 0.0115924746 0.0005014742 431.9973     -3.625390  2.116863e+01
[24,]   24 0.0115924715 0.0005014742 431.9973     -3.625400  2.116781e+01
[25,]   25 0.0115924709 0.0005014742 431.9973     -3.625401  2.116766e+01
[26,]   26 0.0115924708 0.0005014742 431.9973     -3.625402  2.116763e+01
[27,]   27 0.0115924708 0.0005014742 431.9973     -3.625402  2.116763e+01
[28,]   28 0.0115924708 0.0005014742 431.9973     -3.625402  2.116763e+01
[29,]   29 0.0115924708 0.0005014742 431.9973     -3.625402  2.116763e+01
[30,]   30 0.0115924708 0.0005014742 431.9973     -3.625402  2.116763e+01
[31,]   31 0.0115924708 0.0005014742 431.9973     -3.625402  2.116763e+01

