[22;0t]0;IPython: scripts/01_msprime_simulations$par
[1] 0.0005552066 0.0009032987

$value
[1] -762.0362

$counts
function gradient 
      34       34 

$convergence
[1] 0

$message
[1] "CONVERGENCE: REL_REDUCTION_OF_F <= FACTR*EPSMCH"

$loginfo
      step         par1         par2        fn           gr1           gr2
 [1,]    1 0.1000000000 0.0100000000  975.9197  1.548403e+03  8.760300e+03
 [2,]    2 0.0000010000 0.0000010000 1231.1174  1.102056e+05 -4.169652e+06
 [3,]    3 0.0548374504 0.0054841515  860.6753  1.162415e+03  1.481257e+04
 [4,]    4 0.0192064056 0.0019213677  777.1298  3.860118e+02  1.039479e+04
 [5,]    5 0.0000010000 0.0000010000 1231.1174  1.102056e+05 -4.169652e+06
 [6,]    6 0.0131241867 0.0013132006  771.1779  2.294748e+02  2.181202e+03
 [7,]    7 0.0000010000 0.0000010000 1231.1174  1.102056e+05 -4.169652e+06
 [8,]    8 0.0093585495 0.0009366707  771.3634  3.706704e+02 -1.152049e+04
 [9,]    9 0.0113201999 0.0011328181  770.7244  2.559092e+02 -2.550949e+03
[10,]   10 0.0103312410 0.0011269745  770.4734  2.815298e+02 -2.609923e+03
[11,]   11 0.0063754050 0.0011035998  769.0108  5.445561e+02 -2.403612e+03
[12,]   12 0.0000010000 0.0010659341  781.6130 -1.457562e+05  0.000000e+00
[13,]   13 0.0039451667 0.0010892398  767.2271  1.014073e+03 -1.999995e+03
[14,]   14 0.0013898689 0.0010741408  763.4186  1.960484e+03  3.326722e+02
[15,]   15 0.0005694776 0.0010692932  762.3304 -8.328111e+02  3.141057e+03
[16,]   16 0.0091076088 0.0011644883  770.0434  3.192746e+02 -1.190143e+03
[17,]   17 0.0015103950 0.0010797839  763.6569  1.946844e+03  1.790201e+02
[18,]   18 0.0006737788 0.0010704561  762.3154  2.388516e+02  2.672107e+03
[19,]   19 0.0006057487 0.0009747414  762.0938  1.055375e+02  1.238639e+03
[20,]   20 0.0005481102 0.0008923875  762.0377 -2.562138e+01 -5.479090e+02
[21,]   21 0.0005641703 0.0009172919  762.0385  4.097951e-01  6.652655e+01
[22,]   22 0.0005531557 0.0009002117  762.0363 -1.731506e+01 -3.481686e+02
[23,]   23 0.0005622602 0.0009139087  762.0376  4.229756e-01 -1.534744e+01
[24,]   24 0.0005551323 0.0009031853  762.0362 -1.340986e+01 -2.743412e+02
[25,]   25 0.0005623569 0.0009142123  762.0376 -5.367378e-01 -7.403838e+00
[26,]   26 0.0005563739 0.0009050804  762.0362 -1.117482e+01 -2.276149e+02
[27,]   27 0.0005553866 0.0009035734  762.0362 -1.295142e+01 -2.647443e+02
[28,]   28 0.0005551862 0.0009032676  762.0362 -1.331266e+01 -2.723059e+02
[29,]   29 0.0005553184 0.0009034694  762.0362 -1.307421e+01 -2.673142e+02
[30,]   30 0.0005552141 0.0009033101  762.0362 -1.326238e+01 -2.712532e+02
[31,]   31 0.0005551921 0.0009032766  762.0362 -1.330202e+01 -2.720831e+02
[32,]   32 0.0005552066 0.0009032987  762.0362 -1.327586e+01 -2.715353e+02

