[22;0t]0;IPython: scripts/01_msprime_simulations$par
[1] 0.005832421 0.010567343

$value
[1] -6013.076

$counts
function gradient 
      45       45 

$convergence
[1] 0

$message
[1] "CONVERGENCE: REL_REDUCTION_OF_F <= FACTR*EPSMCH"

$loginfo
      step        par1        par2        fn           gr1           gr2
 [1,]    1 0.100000000  0.01000000  6104.792  4.703817e+02 -1.682603e+04
 [2,]    2 0.000001000 10.00000000 25808.960  2.416088e+03  2.202172e+03
 [3,]    3 0.071397551  2.86741326 10334.809  2.413808e+03  2.073393e+03
 [4,]    4 0.091426997  0.86645154  6758.154  2.404690e+03  1.210933e+03
 [5,]    5 0.097290039  0.28072782  6400.478  2.766680e+03 -1.353542e+02
 [6,]    6 0.099204053  0.08951587  6464.510  2.703873e+03  6.940270e+02
 [7,]    7 0.099824860  0.02749664  6191.903  6.605827e+02  9.910794e+03
 [8,]    8 0.099954002  0.01459524  6081.733  3.602180e+02  2.877045e+03
 [9,]    9 0.099872945  0.01392463  6080.299  3.644700e+02  1.263559e+03
[10,]   10 0.099653057  0.01338057  6079.936  3.709106e+02 -2.676489e+02
[11,]   11 0.099524897  0.01342187  6079.880  3.706888e+02 -1.418353e+02
[12,]   12 0.099012260  0.01358705  6079.708  3.699299e+02  3.473772e+02
[13,]   13 0.096434531  0.01385175  6078.944  3.735482e+02  1.103431e+03
[14,]   14 0.079443636  0.01482034  6074.488  4.219792e+02  3.417977e+03
[15,]   15 0.000001000  0.01809988  6186.361 -6.280699e+05  3.139933e+02
[16,]   16 0.049722770  0.01604727  6064.667  6.416823e+02  5.088073e+03
[17,]   17 0.016710871  0.01741006  6041.495  1.213972e+03  4.609550e+03
[18,]   18 0.005733821  0.01786322  6034.198 -7.491621e+02  3.648328e+03
[19,]   19 0.010868773  0.01765124  6035.672  1.045558e+03  4.161979e+03
[20,]   20 0.005733821  0.01786322  6034.198 -7.491621e+02  3.648328e+03
[21,]   21 0.061797426  0.01498233  6066.837  5.210138e+02  3.752655e+03
[22,]   22 0.014928516  0.01739074  6039.244  1.209015e+03  4.470902e+03
[23,]   23 0.007687369  0.01776283  6033.621  3.847124e+02  3.859628e+03
[24,]   24 0.007443289  0.01734944  6031.953  2.477889e+02  3.834951e+03
[25,]   25 0.006466970  0.01569589  6025.781 -3.726202e+02  3.668987e+03
[26,]   26 0.007444245  0.00000100 14683.755  4.012164e+04 -5.228058e+07
[27,]   27 0.006790836  0.01049466  6013.443  6.678175e+02 -6.183359e+02
[28,]   28 0.005994330  0.01110195  6013.301 -1.070347e+02  8.425638e+02
[29,]   29 0.005792575  0.01058633  6013.078 -4.269137e+01  5.508755e+01
[30,]   30 0.005850417  0.01056593  6013.076  1.546466e+01 -1.211909e+01
[31,]   31 0.005832421  0.01056734  6013.076 -3.885734e-02 -4.900460e-01
[32,]   32 0.005832681  0.01056769  6013.076  4.181302e-03  3.987597e-02
[33,]   33 0.005832433  0.01056736  6013.076 -3.687656e-02 -4.656551e-01
[34,]   34 0.005832421  0.01056734  6013.076 -3.876178e-02 -4.888661e-01
[35,]   35 0.005832421  0.01056734  6013.076 -3.885289e-02 -4.899906e-01
[36,]   36 0.005832421  0.01056734  6013.076 -3.885733e-02 -4.900439e-01
[37,]   37 0.005832421  0.01056734  6013.076 -3.885730e-02 -4.900459e-01
[38,]   38 0.005832421  0.01056734  6013.076 -3.885733e-02 -4.900453e-01
[39,]   39 0.005832421  0.01056734  6013.076 -3.885722e-02 -4.900459e-01
[40,]   40 0.005832421  0.01056734  6013.076 -3.885734e-02 -4.900457e-01
[41,]   41 0.005832421  0.01056734  6013.076 -3.885722e-02 -4.900459e-01
[42,]   42 0.005832421  0.01056734  6013.076 -3.885723e-02 -4.900459e-01
[43,]   43 0.005832421  0.01056734  6013.076 -3.885722e-02 -4.900459e-01

