[22;0t]0;IPython: scripts/01_msprime_simulations$par
[1] 1.000000e-06 6.607666e-05

$value
[1] -128.3329

$counts
function gradient 
      43       43 

$convergence
[1] 0

$message
[1] "CONVERGENCE: REL_REDUCTION_OF_F <= FACTR*EPSMCH"

$loginfo
      step  par1         par2         fn       gr1          gr2
 [1,]    1 1e-01 1.000000e-02   368.3402  2212.673    2901.6666
 [2,]    2 1e-06 1.000000e-06   162.0904 63688.789 -337011.2683
 [3,]    3 1e-06 1.000000e+01 24357.3998  2416.088    2323.3613
 [4,]    4 1e-06 3.297414e+00  8303.2166  2415.994    2466.4715
 [5,]    5 1e-06 1.087209e+00  2804.0595  2415.576    2506.8459
 [6,]    6 1e-06 3.585732e-01   977.3724  2414.133    2498.5167
 [7,]    7 1e-06 1.183688e-01   382.2849  2409.606    2430.2105
 [8,]    8 1e-06 3.916629e-02   195.4167  2394.191    2209.8547
 [9,]    9 1e-06 1.303305e-02   143.2887  2321.193    1544.8735
[10,]   10 1e-06 1.297359e-02   143.1970  2320.522    1540.3026
[11,]   11 1e-06 1.273572e-02   142.8328  2317.748    1521.5921
[12,]   12 1e-06 1.178425e-02   141.4232  2305.026    1439.1941
[13,]   13 1e-06 7.978369e-03   136.8174  2203.567     913.0128
[14,]   14 1e-06 6.745576e-04   131.6367  8378.332    3495.2917
[15,]   15 1e-06 1.000000e-06   162.0904     0.000 -337011.2683
[16,]   16 1e-06 6.745576e-04   131.6367  8378.332    3495.2917
[17,]   17 1e-06 1.000000e-06   162.0904 63688.789 -337011.2683
[18,]   18 1e-06 4.799639e-04   130.8561  8638.013    4685.0399
[19,]   19 1e-06 2.404820e-04   129.4566  5750.163    7249.2625
[20,]   20 1e-06 2.308111e-04   129.3851  5467.269    7335.3306
[21,]   21 1e-06 2.229278e-04   129.3259  5224.383    7390.5486
[22,]   22 1e-06 1.119639e-04   128.4576  1780.763  -24698.0592
[23,]   23 1e-06 1.973710e-04   129.1283  4366.777    7405.2377
[24,]   24 1e-06 1.313908e-04   128.5994  2079.630    1588.8882
[25,]   25 1e-06 1.000000e-06   162.0904 63688.789 -337011.2683
[26,]   26 1e-06 1.311533e-04   128.5976  2073.696    1508.5461
[27,]   27 1e-06 6.607666e-05   128.3329  5065.958    5443.0885
[28,]   28 1e-06 6.593241e-05   128.3337  5094.652    5422.9686
[29,]   29 1e-06 6.607666e-05   128.3329  5065.958    5443.0885
[30,]   30 1e-06 1.000000e-06   162.0904 63688.789 -337011.2683
[31,]   31 1e-06 6.593241e-05   128.3337  5094.652    5422.9686
[32,]   32 1e-06 6.606393e-05   128.3329  5068.484    5441.3186
[33,]   33 1e-06 6.607553e-05   128.3329  5066.182    5442.9317
[34,]   34 1e-06 6.607656e-05   128.3329  5065.978    5443.0746
[35,]   35 1e-06 6.607665e-05   128.3329  5065.960    5443.0873
[36,]   36 1e-06 6.607666e-05   128.3329  5065.958    5443.0884
[37,]   37 1e-06 6.607666e-05   128.3329  5065.958    5443.0885
[38,]   38 1e-06 6.607666e-05   128.3329  5065.958    5443.0885
[39,]   39 1e-06 6.607666e-05   128.3329  5065.958    5443.0885
[40,]   40 1e-06 6.607666e-05   128.3329  5065.958    5443.0885
[41,]   41 1e-06 6.607666e-05   128.3329  5065.958    5443.0885
[42,]   42 1e-06 6.607666e-05   128.3329  5065.958    5443.0885
[43,]   43 1e-06 6.607666e-05   128.3329  5065.958    5443.0885

