[22;0t]0;IPython: scripts/01_msprime_simulations$par
[1] 0.001195861 0.363691242

$value
[1] -23876.69

$counts
function gradient 
      34       34 

$convergence
[1] 0

$message
[1] "CONVERGENCE: REL_REDUCTION_OF_F <= FACTR*EPSMCH"

$loginfo
      step         par1       par2       fn           gr1           gr2
 [1,]    1 0.1000000000  0.0100000 28979.89  1.297574e+04 -4.731909e+05
 [2,]    2 0.0000010000 10.0000000 33043.56  2.416087e+03  1.598162e+03
 [3,]    3 0.0666688686  3.3398133 24872.71  2.387686e+03  5.299773e+02
 [4,]    4 0.0498485190  3.3358801 24830.78  2.345958e+03  5.290715e+02
 [5,]    5 0.0000010000  3.3242240 24758.67 -1.688653e+05  4.513975e+02
 [6,]    6 0.0491295590  3.3357120 24829.00  2.343519e+03  5.290280e+02
 [7,]    7 0.0245652795  3.3299680 24769.99  2.177459e+03  5.267984e+02
 [8,]    8 0.0082001351  3.3261413 24735.63  1.573546e+03  5.235817e+02
 [9,]    9 0.0000010000  3.3188524 24756.25 -1.712405e+05  4.492497e+02
[10,]   10 0.0045992576  3.3229402 24729.25  9.271436e+02  5.221582e+02
[11,]   11 0.0000010000  3.2990003 24747.40 -1.831576e+05  4.424473e+02
[12,]   12 0.0025578024  3.3123117 24722.69 -1.192040e+02  5.224131e+02
[13,]   13 0.0000010000  3.2438718 24723.26 -2.325007e+05  4.373300e+02
[14,]   14 0.0010909894  3.2730484 24703.74 -3.059267e+03  5.297572e+02
[15,]   15 0.0000010000  3.0720043 24635.31 -2.337926e+05  5.530217e+02
[16,]   16 0.0006353767  3.1890125 24661.36 -6.903019e+03  5.247250e+02
[17,]   17 0.0001700285  3.1031809 24624.22 -3.783335e+04  4.941229e+02
[18,]   18 0.0029980102  0.0000010 84281.86  1.182244e+05 -3.111809e+08
[19,]   19 0.0011315497  2.0480916 24174.89 -7.159397e+03  3.077539e+02
[20,]   20 0.0015379273  0.3357543 23885.11  3.067533e+03 -4.625879e+02
[21,]   21 0.0012942824  1.3623912 24144.50 -3.353963e+03  5.802537e+02
[22,]   22 0.0014793663  0.5825103 23944.08 -2.727074e+03  5.210540e+02
[23,]   23 0.0015239688  0.3945705 23890.45  3.749158e+03  7.712044e+02
[24,]   24 0.0015379273  0.3357543 23885.11  3.067533e+03 -4.625879e+02
[25,]   25 0.0013772077  1.3634921 24144.88 -2.915162e+03  5.772999e+02
[26,]   26 0.0014994119  0.5820448 23943.79 -2.551331e+03  5.154751e+02
[27,]   27 0.0015287710  0.3943051 23890.27  3.783294e+03  7.669401e+02
[28,]   28 0.0015339274  0.3613319 23877.31  3.044484e+03 -5.007284e+01
[29,]   29 0.0014506675  0.3644615 23877.05  2.520584e+03  3.327271e+01
[30,]   30 0.0012800436  0.3646576 23876.75  9.738887e+02  3.116587e+01
[31,]   31 0.0011778551  0.3637071 23876.69 -2.139155e+02 -5.119471e-01
[32,]   32 0.0011973266  0.3636824 23876.69  1.674627e+01 -1.683428e-01
[33,]   33 0.0011958816  0.3636913 23876.69  2.482195e-01  3.980113e-03
[34,]   34 0.0011958609  0.3636912 23876.69 -1.067747e-05  4.802132e-05

