[22;0t]0;IPython: scripts/01_msprime_simulations$par
[1] 0.0002779280 0.0008727934

$value
[1] -793.1545

$counts
function gradient 
      43       43 

$convergence
[1] 0

$message
[1] "CONVERGENCE: REL_REDUCTION_OF_F <= FACTR*EPSMCH"

$loginfo
      step         par1         par2        fn           gr1           gr2
 [1,]    1 0.1000000000 0.0100000000 1010.6313  1.523687e+03  9.555824e+03
 [2,]    2 0.0000010000 0.0000010000 1286.8218  1.022382e+05 -4.354760e+06
 [3,]    3 0.0551861134 0.0055190147  895.9508  1.131336e+03  1.482077e+04
 [4,]    4 0.0192898542 0.0019297118  811.8312  3.846803e+02  1.231289e+04
 [5,]    5 0.0000010000 0.0000010000 1286.8218  1.022382e+05 -4.354760e+06
 [6,]    6 0.0131306180 0.0013138436  804.6059  2.717987e+02  2.761286e+03
 [7,]    7 0.0000010000 0.0000010000 1286.8218  1.022382e+05 -4.354760e+06
 [8,]    8 0.0093271394 0.0009335300  805.0387  4.081657e+02 -1.443971e+04
 [9,]    9 0.0114518424 0.0011459812  804.0917  2.915707e+02 -2.880527e+03
[10,]   10 0.0105641873 0.0011418158  803.8370  3.088160e+02 -2.947292e+03
[11,]   11 0.0070135666 0.0011251544  802.5509  4.795793e+02 -2.829868e+03
[12,]   12 0.0000010000 0.0010922478  803.2749 -8.903330e+04  0.000000e+00
[13,]   13 0.0032464861 0.0011074773  799.6533  1.283152e+03 -1.863027e+03
[14,]   14 0.0011187110 0.0010974926  795.4896  2.898819e+03 -2.242515e+02
[15,]   15 0.0000010000 0.0010431567  803.1508 -8.895843e+04  2.589669e+03
[16,]   16 0.0007011243 0.0010771922  794.2123  3.054397e+03  3.171113e+02
[17,]   17 0.0003343950 0.0010593642  793.3367  3.757985e+02  1.399220e+03
[18,]   18 0.0001299110 0.0009559917  793.7420 -1.437192e+04  1.773101e+03
[19,]   19 0.0002643400 0.0010239494  793.2925 -1.446384e+03  1.475842e+03
[20,]   20 0.0002871919 0.0009271181  793.1769 -1.331876e+02  5.433712e+02
[21,]   21 0.0002780615 0.0008545700  793.1550  1.792623e+02 -2.434232e+02
[22,]   22 0.0002778854 0.0008748652  793.1547 -2.017607e+01  2.660738e+01
[23,]   23 0.0002779220 0.0008728793  793.1545 -9.785680e-01  1.139945e+00
[24,]   24 0.0002779280 0.0008727934  793.1545  1.088026e-03 -1.007112e-02
[25,]   25 0.0002779282 0.0008727944  793.1545 -6.881635e-04 -3.064042e-04
[26,]   26 0.0002779280 0.0008727934  793.1545  1.087978e-03 -1.007104e-02
[27,]   27 0.0002779280 0.0008727934  793.1545  1.088026e-03 -1.007112e-02
[28,]   28 0.0002779280 0.0008727934  793.1545  1.088026e-03 -1.007112e-02
[29,]   29 0.0002779280 0.0008727934  793.1545  1.088005e-03 -1.007107e-02
[30,]   30 0.0002779280 0.0008727934  793.1545  1.087992e-03 -1.007105e-02
[31,]   31 0.0002779280 0.0008727934  793.1545  1.088005e-03 -1.007107e-02
[32,]   32 0.0002779280 0.0008727934  793.1545  1.088019e-03 -1.007106e-02
[33,]   33 0.0002779280 0.0008727934  793.1545  1.088005e-03 -1.007107e-02
[34,]   34 0.0002779280 0.0008727934  793.1545  1.088011e-03 -1.007110e-02
[35,]   35 0.0002779280 0.0008727934  793.1545  1.088005e-03 -1.007107e-02
[36,]   36 0.0002779280 0.0008727934  793.1545  1.088015e-03 -1.007109e-02
[37,]   37 0.0002779280 0.0008727934  793.1545  1.088005e-03 -1.007107e-02

