[22;0t]0;IPython: scripts/01_msprime_simulations$par
[1] 0.0005939750 0.0004707319

$value
[1] -476.8788

$counts
function gradient 
      38       38 

$convergence
[1] 0

$message
[1] "CONVERGENCE: REL_REDUCTION_OF_F <= FACTR*EPSMCH"

$loginfo
      step         par1         par2       fn          gr1           gr2
 [1,]    1 0.1000000000 0.0100000000 698.3419   1888.83158  3.912744e+03
 [2,]    2 0.0000010000 0.0000010000 702.5994 101147.63470 -2.185373e+06
 [3,]    3 0.0423004478 0.0042305641 566.6712   1316.29934  1.088385e+04
 [4,]    4 0.0150751334 0.0015082777 497.3687    323.24853  2.280828e+04
 [5,]    5 0.0066211423 0.0006629546 478.3137     29.76942  1.007681e+04
 [6,]    6 0.0030631957 0.0000010000 758.7311   3380.74308 -2.429571e+06
 [7,]    7 0.0057372468 0.0004985062 477.7235     98.19010 -7.949494e+03
 [8,]    8 0.0049631275 0.0005632742 477.5543     67.52389  1.539660e+03
 [9,]    9 0.0035971042 0.0005538592 477.4227     92.28621  1.358113e+03
[10,]   10 0.0000010000 0.0005290740 480.3949 -21578.49401 -1.079599e+02
[11,]   11 0.0023512507 0.0005452725 477.2700    119.05474  1.636521e+03
[12,]   12 0.0008973720 0.0005352520 477.0592     53.45554  3.244571e+03
[13,]   13 0.0005905592 0.0005331374 477.0714   -303.21543  3.970228e+03
[14,]   14 0.0008973720 0.0005352520 477.0592     53.45554  3.244571e+03
[15,]   15 0.0000010000 0.0005207303 480.3955 -21920.42054 -1.436707e+02
[16,]   16 0.0006697254 0.0005315640 477.0481   -147.61659  3.662450e+03
[17,]   17 0.0000010000 0.0000010000 702.5994 101147.63470 -2.185373e+06
[18,]   18 0.0005240533 0.0004159884 476.9141    329.49118 -4.970917e+03
[19,]   19 0.0006066760 0.0004815409 476.8948    -62.17061  7.732942e+02
[20,]   20 0.0006512501 0.0004708270 476.8821     89.96868 -4.283455e+02
[21,]   21 0.0005939750 0.0004707319 476.8788    -21.38268 -1.688295e+00
[22,]   22 0.0006141235 0.0004731196 476.8819      6.36815  4.522358e+01
[23,]   23 0.0005944264 0.0004707854 476.8789    -20.71146 -7.082115e-01
[24,]   24 0.0005939854 0.0004707332 476.8788    -21.36721 -1.665789e+00
[25,]   25 0.0005939752 0.0004707320 476.8788    -21.38232 -1.687777e+00
[26,]   26 0.0005939750 0.0004707319 476.8788    -21.38267 -1.688283e+00
[27,]   27 0.0005939750 0.0004707319 476.8788    -21.38268 -1.688295e+00
[28,]   28 0.0005939750 0.0004707319 476.8788    -21.38268 -1.688295e+00
[29,]   29 0.0005939750 0.0004707319 476.8788    -21.38268 -1.688295e+00
[30,]   30 0.0005939750 0.0004707319 476.8788    -21.38268 -1.688295e+00
[31,]   31 0.0005939750 0.0004707319 476.8788    -21.38268 -1.688295e+00
[32,]   32 0.0005939750 0.0004707319 476.8788    -21.38268 -1.688295e+00
[33,]   33 0.0005939750 0.0004707319 476.8788    -21.38268 -1.688295e+00
[34,]   34 0.0005939750 0.0004707319 476.8788    -21.38268 -1.688295e+00
[35,]   35 0.0005939750 0.0004707319 476.8788    -21.38268 -1.688295e+00
[36,]   36 0.0005939750 0.0004707319 476.8788    -21.38268 -1.688295e+00
[37,]   37 0.0005939750 0.0004707319 476.8788    -21.38268 -1.688295e+00

