[22;0t]0;IPython: scripts/01_msprime_simulations$par
[1] 0.003984127 0.001020316

$value
[1] -789.9771

$counts
function gradient 
      35       35 

$convergence
[1] 0

$message
[1] "CONVERGENCE: REL_REDUCTION_OF_F <= FACTR*EPSMCH"

$loginfo
      step        par1         par2        fn           gr1           gr2
 [1,]    1 0.100000000 0.0100000000  992.8534  1.499650e+03  8.446372e+03
 [2,]    2 0.000001000 0.0000010000 1261.9707  1.137357e+05 -4.261915e+06
 [3,]    3 0.055384936 0.0055388951  886.2869  1.043672e+03  1.395766e+04
 [4,]    4 0.019377443 0.0019384700  801.4634  2.536658e+02  1.581972e+04
 [5,]    5 0.000892705 0.0000010000 1317.8460  2.987905e+04 -4.400718e+06
 [6,]    6 0.013386540 0.0013105360  792.3809  1.445813e+02  7.481811e+03
 [7,]    7 0.007465171 0.0007206608  794.5616  4.497906e+02 -3.032119e+04
 [8,]    8 0.010976026 0.0010704053  791.0919  1.761852e+02 -1.099277e+03
 [9,]    9 0.010312276 0.0010492304  790.9994  1.856070e+02 -2.021588e+03
[10,]   10 0.001098395 0.0008679452  791.9389 -2.534500e+03 -5.457213e+02
[11,]   11 0.006069201 0.0009657469  790.3775  2.212699e+02 -4.754910e+03
[12,]   12 0.000001000 0.0008845615  802.1350 -3.567138e+04  2.928355e+02
[13,]   13 0.004058225 0.0009388424  790.1266  1.055496e+02 -4.351348e+03
[14,]   14 0.003338348 0.0009682866  790.0345 -8.933601e+01 -1.729504e+03
[15,]   15 0.004483316 0.0010482879  790.0080  5.251233e+01  7.431759e+02
[16,]   16 0.004085335 0.0010227581  789.9785  1.568726e+01 -2.506534e+01
[17,]   17 0.003984127 0.0010203157  789.9771  2.132389e-01 -3.619211e+01
[18,]   18 0.003987814 0.0010211929  789.9773  3.695031e-02 -6.920847e-01
[19,]   19 0.003984211 0.0010203357  789.9771  2.091866e-01 -3.538116e+01
[20,]   20 0.003984129 0.0010203162  789.9771  2.131444e-01 -3.617321e+01
[21,]   21 0.003984127 0.0010203157  789.9771  2.132367e-01 -3.619167e+01
[22,]   22 0.003984127 0.0010203157  789.9771  2.132388e-01 -3.619210e+01
[23,]   23 0.003984127 0.0010203157  789.9771  2.132389e-01 -3.619211e+01
[24,]   24 0.003984127 0.0010203157  789.9771  2.132389e-01 -3.619211e+01
[25,]   25 0.003984127 0.0010203157  789.9771  2.132389e-01 -3.619211e+01
[26,]   26 0.003984127 0.0010203157  789.9771  2.132389e-01 -3.619211e+01
[27,]   27 0.003984127 0.0010203157  789.9771  2.132389e-01 -3.619211e+01
[28,]   28 0.003984127 0.0010203157  789.9771  2.132389e-01 -3.619211e+01
[29,]   29 0.003984127 0.0010203157  789.9771  2.132389e-01 -3.619211e+01
[30,]   30 0.003984127 0.0010203157  789.9771  2.132389e-01 -3.619211e+01
[31,]   31 0.003984127 0.0010203157  789.9771  2.132389e-01 -3.619211e+01

