[22;0t]0;IPython: scripts/01_msprime_simulations$par
[1] 0.05849719 0.05260748

$value
[1] -18636.18

$counts
function gradient 
      34       34 

$convergence
[1] 0

$message
[1] "CONVERGENCE: REL_REDUCTION_OF_F <= FACTR*EPSMCH"

$loginfo
      step        par1       par2       fn           gr1           gr2
 [1,]    1 0.100000000 0.01000000 21451.84  7.791359e+03 -3.195230e+05
 [2,]    2 0.000010000 1.00000000 19654.46 -6.706476e+05  1.003248e+03
 [3,]    3 0.253785584 1.00000000 19920.13  2.803415e+03 -1.378933e+02
 [4,]    4 0.084514748 1.00000000 19454.33  2.439215e+03  1.282363e+02
 [5,]    5 0.084208008 0.99961493 19453.54  2.436812e+03  1.290548e+02
 [6,]    6 0.082981051 0.99807465 19450.35  2.426926e+03  1.323904e+02
 [7,]    7 0.078073223 0.99191354 19437.69  2.382300e+03  1.459886e+02
 [8,]    8 0.058441911 0.96726908 19389.13  2.095182e+03  2.113581e+02
 [9,]    9 0.000010000 0.89391573 19555.15 -5.266951e+05  0.000000e+00
[10,]   10 0.032464213 0.93465760 19334.50  1.150265e+03  3.709968e+02
[11,]   11 0.000010000 0.84964184 19520.74 -5.115172e+05  6.557440e+02
[12,]   12 0.019592043 0.90093818 19314.73 -3.207136e+02  3.844810e+02
[13,]   13 0.013029156 0.84029904 19298.17 -1.850251e+03  3.892887e+02
[14,]   14 0.004689714 0.57149574 19224.88 -1.087229e+04  3.280600e+02
[15,]   15 0.010703647 0.00001000 50698.32  8.024069e+04 -1.171206e+08
[16,]   16 0.006705396 0.37995161 19141.45 -6.591541e+03  5.127715e+02
[17,]   17 0.008704521 0.18998081 19014.78 -5.246212e+03  9.553561e+02
[18,]   18 0.010035366 0.06351474 18782.66 -1.041230e+04  2.658026e+03
[19,]   19 0.010478956 0.02136174 18945.26  5.838171e+03 -3.289493e+04
[20,]   20 0.010035366 0.06351474 18782.66 -1.041230e+04  2.658026e+03
[21,]   21 0.018495924 0.00001000 51242.19  6.076029e+04 -1.171504e+08
[22,]   22 0.012859723 0.04231518 18719.45 -7.098199e+03 -4.932003e+02
[23,]   23 0.311241463 0.35307486 20117.44  2.813107e+03  1.045507e+03
[24,]   24 0.064525503 0.09612424 18803.70  5.006661e+02  4.815085e+03
[25,]   25 0.029157551 0.05928910 18673.73 -2.337281e+03  2.732683e+03
[26,]   26 0.035832507 0.04686749 18648.10 -8.991148e+02 -1.300752e+03
[27,]   27 0.039432688 0.05066910 18642.89 -8.697479e+02  1.833671e+02
[28,]   28 0.047032322 0.05215886 18638.40 -4.464744e+02  3.575054e+02
[29,]   29 0.053665581 0.05246185 18636.53 -1.585143e+02  1.591961e+02
[30,]   30 0.057183776 0.05251162 18636.20 -3.681104e+01  1.698163e+01
[31,]   31 0.058334297 0.05259149 18636.18 -4.301649e+00  1.580141e-01
[32,]   32 0.058496023 0.05261058 18636.18 -2.400201e-01  1.402623e+00
[33,]   33 0.058511798 0.05256878 18636.18  2.129921e+00 -1.809019e+01
[34,]   34 0.058497193 0.05260748 18636.18 -6.455535e-02 -4.041060e-02

