[22;0t]0;IPython: scripts/01_msprime_simulations$par
[1] 0.0005353098 0.0011859460

$value
[1] -1038.196

$counts
function gradient 
      56       56 

$convergence
[1] 0

$message
[1] "CONVERGENCE: REL_REDUCTION_OF_F <= FACTR*EPSMCH"

$loginfo
      step         par1         par2        fn           gr1           gr2
 [1,]    1 0.1000000000  0.010000000  1230.817   1305.047738  1.140443e+04
 [2,]    2 0.0000010000  0.000001000  1734.324 117301.602339 -6.015712e+06
 [3,]    3 0.0588919894  0.005889569  1130.052    885.970420  1.555003e+04
 [4,]    4 0.0200239364  0.002003113  1047.469    188.953570  9.739767e+03
 [5,]    5 0.0072204880  0.000001000  1871.983   3802.169730 -6.257401e+06
 [6,]    6 0.0160004236  0.001373945  1044.615    218.936656 -6.502209e+03
 [7,]    7 0.0151756812  0.001570064  1043.984    196.444928  9.924731e+02
 [8,]    8 0.0124424736  0.001557508  1043.409    216.600474  9.635800e+02
 [9,]    9 0.0015096431  0.001507285  1039.291    781.838999  2.512384e+03
[10,]   10 0.0000010000  0.001500355  1049.357 -86308.936770  1.086531e+03
[11,]   11 0.0015096431  0.001507285  1039.291    781.838999  2.512384e+03
[12,]   12 0.0000010000  0.001444674  1049.297 -86527.079521  1.048855e+03
[13,]   13 0.0010094864  0.001486528  1038.833    804.030983  2.270436e+03
[14,]   14 0.0005052432  0.001465601  1038.541   -407.616364  1.881379e+03
[15,]   15 0.0008865765  0.001271318  1038.427    872.616557  2.156837e+02
[16,]   16 0.0005686716  0.001201594  1038.202    174.612411  5.669204e+01
[17,]   17 0.0004880528  0.001181526  1038.200   -361.292815  4.877363e+01
[18,]   18 0.0005403849  0.001194553  1038.197     17.326661  5.087233e+01
[19,]   19 0.0005353098  0.001185946  1038.196      7.420918 -4.358202e+01
[20,]   20 0.0005352873  0.001189521  1038.196     -3.326778  2.556368e+00
[21,]   21 0.0005353082  0.001186196  1038.196      6.659524 -4.032634e+01
[22,]   22 0.0005353097  0.001185965  1038.196      7.363727 -4.333754e+01
[23,]   23 0.0005353098  0.001185947  1038.196      7.416604 -4.356358e+01
[24,]   24 0.0005353098  0.001185946  1038.196      7.420592 -4.358063e+01
[25,]   25 0.0005353098  0.001185946  1038.196      7.420893 -4.358191e+01
[26,]   26 0.0005353098  0.001185946  1038.196      7.420916 -4.358201e+01
[27,]   27 0.0005353098  0.001185946  1038.196      7.420918 -4.358202e+01
[28,]   28 0.0005353098  0.001185946  1038.196      7.420918 -4.358202e+01
[29,]   29 0.0005353098  0.001185946  1038.196      7.420918 -4.358202e+01
[30,]   30 0.0005353098  0.001185946  1038.196      7.420918 -4.358202e+01
[31,]   31 0.0005353098  0.001185946  1038.196      7.420918 -4.358202e+01
[32,]   32 0.0005353098  0.001185946  1038.196      7.420918 -4.358202e+01
[33,]   33 0.0005353098  0.001185946  1038.196      7.420918 -4.358202e+01
[34,]   34 0.0005353098  0.001185946  1038.196      7.420918 -4.358202e+01
[35,]   35 0.0005353098  0.001185946  1038.196      7.420918 -4.358202e+01
[36,]   36 0.0005353098  0.001185946  1038.196      7.420918 -4.358202e+01
[37,]   37 0.0005353098  0.001185946  1038.196      7.420918 -4.358202e+01
[38,]   38 0.0000010000 10.000000000 24519.830   2416.098518  2.309800e+03
[39,]   39 0.0005328873  0.046519521  1057.935   1368.636165  7.025558e+02
[40,]   40 0.0005352323  0.002637017  1041.314   1625.033378  2.273799e+03
[41,]   41 0.0005353094  0.001193394  1038.196    -14.331094  5.149525e+01
[42,]   42 0.0005353098  0.001186428  1038.196      5.977283 -3.732686e+01
[43,]   43 0.0005353098  0.001185982  1038.196      7.313498 -4.311683e+01
[44,]   44 0.0005353098  0.001185949  1038.196      7.412859 -4.354712e+01
[45,]   45 0.0005353098  0.001185946  1038.196      7.420313 -4.357940e+01
[46,]   46 0.0005353098  0.001185946  1038.196      7.420873 -4.358182e+01
[47,]   47 0.0005353098  0.001185946  1038.196      7.420915 -4.358200e+01
[48,]   48 0.0005353098  0.001185946  1038.196      7.420918 -4.358202e+01
[49,]   49 0.0005353098  0.001185946  1038.196      7.420916 -4.358201e+01
[50,]   50 0.0005353098  0.001185946  1038.196      7.420918 -4.358202e+01
[51,]   51 0.0005353098  0.001185946  1038.196      7.420916 -4.358201e+01
[52,]   52 0.0005353098  0.001185946  1038.196      7.420917 -4.358202e+01
[53,]   53 0.0005353098  0.001185946  1038.196      7.420918 -4.358202e+01
[54,]   54 0.0005353098  0.001185946  1038.196      7.420918 -4.358202e+01

