[22;0t]0;IPython: scripts/01_msprime_simulations$par
[1] 0.445434964 0.001064151

$value
[1] -834.7929

$counts
function gradient 
      49       49 

$convergence
[1] 0

$message
[1] "CONVERGENCE: REL_REDUCTION_OF_F <= FACTR*EPSMCH"

$loginfo
      step        par1         par2        fn           gr1           gr2
 [1,]    1 0.100000000 0.0100000000 1069.6895  1.420175e+03  8.201186e+03
 [2,]    2 0.000001000 0.0000010000 1324.1221  1.161030e+05 -4.492672e+06
 [3,]    3 0.055277657 0.0055281682  962.3431  7.851018e+02  1.846573e+04
 [4,]    4 0.019257521 0.0019264788  856.6105 -9.744283e+01  2.839618e+04
 [5,]    5 0.007547953 0.0007556274  843.0545 -1.766777e+02 -2.137393e+04
 [6,]    6 0.012907051 0.0012914890  842.6476 -2.919553e+02  1.662931e+04
 [7,]    7 0.011278792 0.0000010000 1448.2905  1.080640e+03 -4.752970e+06
 [8,]    8 0.012418090 0.0009039590  840.0629 -2.082846e+02 -7.311007e+03
 [9,]    9 0.030818956 0.0010908693  837.4345 -8.470429e+01  4.593796e+03
[10,]   10 0.039753510 0.0010569225  836.7124 -5.501794e+01  1.330171e+03
[11,]   11 0.056802668 0.0010475499  836.0149 -2.946761e+01 -2.743476e+02
[12,]   12 0.077155489 0.0010601360  835.5699 -1.628204e+01  3.033381e+02
[13,]   13 0.101794265 0.0010647944  835.2763 -8.775090e+00  4.279181e+02
[14,]   14 0.135718287 0.0007400894  840.7956 -1.242810e+00 -4.203106e+04
[15,]   15 0.103341735 0.0010499828  835.2618 -8.354730e+00 -8.832920e+02
[16,]   16 0.131368229 0.0010590855  835.0833 -4.673082e+00 -2.280829e+02
[17,]   17 0.166652924 0.0010638785  834.9626 -2.518322e+00  1.082318e+02
[18,]   18 0.207640204 0.0010639432  834.8861 -1.359400e+00  6.164860e+01
[19,]   19 0.255714188 0.0010639416  834.8383 -7.083403e-01  2.765677e+01
[20,]   20 0.308023136 0.0010640429  834.8116 -3.519704e-01  1.544351e+01
[21,]   21 0.346673081 0.0006844591  843.4524  3.976051e-01 -5.507911e+04
[22,]   22 0.308082104 0.0010634638  834.8114 -3.514967e-01 -3.759569e+01
[23,]   23 0.359723074 0.0010639447  834.7988 -1.604364e-01 -6.772141e+00
[24,]   24 0.403072368 0.0010641398  834.7941 -6.302224e-02  3.678988e+00
[25,]   25 0.431108590 0.0010641520  834.7930 -1.869553e-02  1.122592e+00
[26,]   26 0.442933295 0.0010641567  834.7929 -3.242835e-03  2.118781e-01
[27,]   27 0.445414756 0.0010641575  834.7929 -2.101774e-04  1.399419e-02
[28,]   28 0.445583232 0.0010641039  834.7929 -1.464855e-06 -4.954505e+00
[29,]   29 0.445434964 0.0010641510  834.7929 -1.851237e-04 -5.819291e-01
[30,]   30 0.445589574 0.0010641575  834.7929  5.394440e-07  1.917687e-03
[31,]   31 0.445435400 0.0010641511  834.7929 -1.847292e-04 -5.802856e-01
[32,]   32 0.445434966 0.0010641510  834.7929 -1.848150e-04 -5.819249e-01
[33,]   33 0.445434964 0.0010641510  834.7929 -1.851316e-04 -5.819291e-01
[34,]   34 0.445434964 0.0010641510  834.7929 -1.851237e-04 -5.819291e-01
[35,]   35 0.445434964 0.0010641510  834.7929 -1.851322e-04 -5.819291e-01
[36,]   36 0.445434964 0.0010641510  834.7929 -1.851237e-04 -5.819291e-01
[37,]   37 0.445434964 0.0010641510  834.7929 -1.851424e-04 -5.819291e-01
[38,]   38 0.445434964 0.0010641510  834.7929 -1.851095e-04 -5.819291e-01
[39,]   39 0.445434964 0.0010641510  834.7929 -1.851424e-04 -5.819291e-01
[40,]   40 0.445434964 0.0010641510  834.7929 -1.851146e-04 -5.819291e-01
[41,]   41 0.445434964 0.0010641510  834.7929 -1.851168e-04 -5.819291e-01
[42,]   42 0.445434964 0.0010641510  834.7929 -1.851146e-04 -5.819291e-01

