[22;0t]0;IPython: scripts/01_msprime_simulations$par
[1] 0.001217132 0.004769529

$value
[1] -3318.744

$counts
function gradient 
      30       30 

$convergence
[1] 0

$message
[1] "CONVERGENCE: REL_REDUCTION_OF_F <= FACTR*EPSMCH"

$loginfo
      step        par1        par2       fn           gr1           gr2
 [1,]    1 0.100000000 0.010000000 3404.405  3.416969e+02  1.411314e+04
 [2,]    2 0.000001000 0.000001000 6862.038  1.212220e+05 -2.507694e+07
 [3,]    3 0.065964579 0.006596764 3362.360  2.466380e+02  2.273331e+03
 [4,]    4 0.047213379 0.005384866 3360.109  3.230234e+02 -7.743782e+03
 [5,]    5 0.046376731 0.005710678 3357.895  3.094953e+02 -4.347548e+03
 [6,]    6 0.025238553 0.006119796 3348.875  5.317906e+02  5.946134e+01
 [7,]    7 0.000001000 0.006608255 3364.644 -2.769197e+05  7.959888e+02
 [8,]    8 0.013951582 0.006338249 3340.792  1.020178e+03  1.761698e+03
 [9,]    9 0.004717771 0.006516964 3327.369  2.181621e+03  2.011130e+03
[10,]   10 0.001675057 0.006575854 3321.053  8.692071e+02  1.897588e+03
[11,]   11 0.000001000 0.006355761 3364.469 -2.800125e+05  6.978345e+02
[12,]   12 0.001163924 0.006508654 3321.005 -1.606862e+03  1.981834e+03
[13,]   13 0.001443089 0.006545357 3320.881  2.687549e+01  1.926194e+03
[14,]   14 0.001254140 0.003253022 3324.486  5.746145e+03 -1.111327e+04
[15,]   15 0.001361743 0.005127936 3318.875  3.807732e+02  5.434334e+02
[16,]   16 0.001181129 0.004502255 3318.816  2.439115e+02 -6.089855e+02
[17,]   17 0.001174593 0.004795439 3318.752 -3.330623e+02  1.208558e+02
[18,]   18 0.001250592 0.004803988 3318.748  1.600219e+02  2.616019e+01
[19,]   19 0.001218738 0.004768909 3318.744  1.093562e+01 -3.632941e+00
[20,]   20 0.001217132 0.004769529 3318.744 -5.588175e-01  2.269136e-01
[21,]   21 0.001217205 0.004769478 3318.744  8.085499e-04  5.413722e-04
[22,]   22 0.001217132 0.004769529 3318.744 -5.556586e-01  2.256361e-01
[23,]   23 0.001217132 0.004769529 3318.744 -5.587993e-01  2.269064e-01
[24,]   24 0.001217132 0.004769529 3318.744 -5.588170e-01  2.269134e-01
[25,]   25 0.001217132 0.004769529 3318.744 -5.588170e-01  2.269134e-01
[26,]   26 0.001217132 0.004769529 3318.744 -5.588082e-01  2.269100e-01
[27,]   27 0.001217132 0.004769529 3318.744 -5.588169e-01  2.269134e-01
[28,]   28 0.001217132 0.004769529 3318.744 -5.588169e-01  2.269134e-01
[29,]   29 0.001217132 0.004769529 3318.744 -5.588169e-01  2.269134e-01

