[22;0t]0;IPython: scripts/01_msprime_simulations$par
[1] 0.000001000 0.002716942

$value
[1] -79.95642

$counts
function gradient 
      18       18 

$convergence
[1] 0

$message
[1] "CONVERGENCE: REL_REDUCTION_OF_F <= FACTR*EPSMCH"

$loginfo
      step  par1         par2          fn       gr1           gr2
 [1,]    1 1e-01  0.010000000   320.86026  2247.711  2.977073e+03
 [2,]    2 1e-06  0.000001000    87.41361 36052.898 -1.403787e+05
 [3,]    3 1e-06 10.000000000 24349.66505  2416.088  2.324007e+03
 [4,]    4 1e-06  3.248278028  8167.19685  2415.991  2.469383e+03
 [5,]    5 1e-06  1.054775914  2701.09059  2415.555  2.512927e+03
 [6,]    6 1e-06  0.342602686   909.03879  2414.031  2.514740e+03
 [7,]    7 1e-06  0.111405078   330.19108  2409.239  2.477406e+03
 [8,]    8 1e-06  0.036331706   147.26831  2394.515  2.349216e+03
 [9,]    9 1e-06  0.011931759    93.03427  2347.036  1.955743e+03
[10,]   10 1e-06  0.003978926    80.50124  2119.009  7.831352e+02
[11,]   11 1e-06  0.003956858    80.48405  2116.162  7.733256e+02
[12,]   12 1e-06  0.003868583    80.41752  2104.216  7.329750e+02
[13,]   13 1e-06  0.003515484    80.18957  2045.537  5.516045e+02
[14,]   14 1e-06  0.002411368    79.98977  1686.917 -1.939040e+02
[15,]   15 1e-06  0.002698545    79.95656  1797.981 -1.410201e+01
[16,]   16 1e-06  0.002721068    79.95643  1807.335  3.174801e+00
[17,]   17 1e-06  0.002716929    79.95642  1805.622 -9.673007e-03
[18,]   18 1e-06  0.002716942    79.95642  1805.627 -5.948877e-06

