[22;0t]0;IPython: scripts/01_msprime_simulations$par
[1] 0.004278594 0.010909479

$value
[1] -5063.178

$counts
function gradient 
      65       65 

$convergence
[1] 0

$message
[1] "CONVERGENCE: REL_REDUCTION_OF_F <= FACTR*EPSMCH"

$loginfo
      step        par1         par2        fn           gr1           gr2
 [1,]    1 0.100000000  0.010000000  5187.321  7.592412e+02 -1.383049e+04
 [2,]    2 0.000001000 10.000000000 25575.627  2.416088e+03  2.221653e+03
 [3,]    3 0.072434812  2.763789785  9646.644  2.413755e+03  2.127734e+03
 [4,]    4 0.092032937  0.805917539  5983.971  2.396745e+03  1.370892e+03
 [5,]    5 0.097572477  0.252511971  5504.763  2.726374e+03  1.954490e+02
 [6,]    6 0.099315809  0.078351366  5471.197  2.652121e+03  1.460625e+03
 [7,]    7 0.099851974  0.024787922  5233.323  9.676247e+02  8.136362e+03
 [8,]    8 0.099956682  0.014327467  5167.235  7.355069e+02  1.636689e+03
 [9,]    9 0.099754743  0.013871298  5166.546  7.338193e+02  7.133456e+02
[10,]   10 0.099124803  0.013359538  5166.013  7.342426e+02 -4.641020e+02
[11,]   11 0.098302159  0.013168134  5165.542  7.364634e+02 -9.462905e+02
[12,]   12 0.090750095  0.012252528  5161.908  7.644283e+02 -3.569134e+03
[13,]   13 0.072581254  0.011103706  5153.453  8.706175e+02 -7.516880e+03
[14,]   14 0.000001000  0.008168745  5207.039 -7.183737e+05  1.291320e+02
[15,]   15 0.040538342  0.009807972  5132.411  1.321136e+03 -1.170186e+04
[16,]   16 0.013591100  0.008718294  5093.826  2.881208e+03 -1.105183e+04
[17,]   17 0.004646546  0.008356599  5070.015  2.259151e+03 -6.286529e+03
[18,]   18 0.000001000  0.008629276  5207.326 -7.154762e+05  1.278627e+03
[19,]   19 0.003074534  0.008448871  5067.557 -1.917292e+02 -4.058328e+03
[20,]   20 0.011977105  0.018273927  5086.419  1.823858e+03  2.885195e+03
[21,]   21 0.005332985  0.010941343  5063.740  9.752174e+02 -3.983606e+02
[22,]   22 0.004652512  0.010827816  5063.278  4.587358e+02 -2.689842e+02
[23,]   23 0.004103497  0.010812855  5063.196 -1.911103e+02 -3.817995e+01
[24,]   24 0.004288114  0.010875588  5063.179  2.685381e+01 -4.590701e+01
[25,]   25 0.004279295  0.010895712  5063.178  6.687258e+00 -1.732530e+01
[26,]   26 0.004278594  0.010909479  5063.178 -3.252860e-01 -3.053594e-01
[27,]   27 0.004278968  0.010909867  5063.178 -2.127952e-02 -2.214488e-03
[28,]   28 0.004278611  0.010909497  5063.178 -3.112027e-01 -2.913167e-01
[29,]   29 0.004278594  0.010909480  5063.178 -3.246040e-01 -3.046798e-01
[30,]   30 0.004278594  0.010909479  5063.178 -3.252525e-01 -3.053261e-01
[31,]   31 0.004278594  0.010909479  5063.178 -3.252854e-01 -3.053586e-01
[32,]   32 0.004278594  0.010909479  5063.178 -3.252859e-01 -3.053594e-01
[33,]   33 0.004278594  0.010909479  5063.178 -3.252860e-01 -3.053594e-01
[34,]   34 0.004278594  0.010909479  5063.178 -3.252860e-01 -3.053594e-01
[35,]   35 0.004278594  0.010909479  5063.178 -3.252860e-01 -3.053594e-01
[36,]   36 0.004278594  0.010909479  5063.178 -3.252860e-01 -3.053594e-01
[37,]   37 0.004278594  0.010909479  5063.178 -3.252860e-01 -3.053594e-01
[38,]   38 0.004278594  0.010909479  5063.178 -3.252860e-01 -3.053594e-01
[39,]   39 0.004278594  0.010909479  5063.178 -3.252860e-01 -3.053594e-01
[40,]   40 0.004278594  0.010909479  5063.178 -3.252860e-01 -3.053594e-01
[41,]   41 0.004278594  0.010909479  5063.178 -3.252860e-01 -3.053594e-01
[42,]   42 0.004278594  0.010909479  5063.178 -3.252860e-01 -3.053594e-01
[43,]   43 0.329564626  0.316268897  6103.291  2.403840e+03  3.081124e+02
[44,]   44 0.004293017  0.010923019  5063.178  1.194124e+01  9.666612e+00
[45,]   45 0.004278848  0.010909718  5063.178 -1.081907e-01 -1.294955e-01
[46,]   46 0.004278606  0.010909490  5063.178 -3.151361e-01 -2.971377e-01
[47,]   47 0.004278594  0.010909480  5063.178 -3.247976e-01 -3.049639e-01
[48,]   48 0.004278594  0.010909479  5063.178 -3.252619e-01 -3.053397e-01
[49,]   49 0.004278594  0.010909479  5063.178 -3.252853e-01 -3.053584e-01
[50,]   50 0.004278594  0.010909479  5063.178 -3.252859e-01 -3.053594e-01
[51,]   51 0.004278594  0.010909479  5063.178 -3.252855e-01 -3.053592e-01
[52,]   52 0.004278594  0.010909479  5063.178 -3.252860e-01 -3.053594e-01
[53,]   53 0.004278594  0.010909479  5063.178 -3.252859e-01 -3.053594e-01
[54,]   54 0.004278594  0.010909479  5063.178 -3.252859e-01 -3.053594e-01
[55,]   55 0.004278594  0.010909479  5063.178 -3.252860e-01 -3.053594e-01
[56,]   56 0.004278594  0.010909479  5063.178 -3.252859e-01 -3.053594e-01
[57,]   57 0.004278594  0.010909479  5063.178 -3.252860e-01 -3.053594e-01
[58,]   58 0.004278594  0.010909479  5063.178 -3.252859e-01 -3.053594e-01

