[22;0t]0;IPython: scripts/01_msprime_simulations$par
[1] 0.0044367933 0.0005506419

$value
[1] -437.6222

$counts
function gradient 
      32       32 

$convergence
[1] 0

$message
[1] "CONVERGENCE: REL_REDUCTION_OF_F <= FACTR*EPSMCH"

$loginfo
      step        par1         par2       fn           gr1           gr2
 [1,]    1 0.100000000 0.0100000000 659.2398  1.910014e+03  3.984298e+03
 [2,]    2 0.000001000 0.0000010000 640.4513  1.005090e+05 -1.954406e+06
 [3,]    3 0.097625666 0.0097625880 653.7624  1.899026e+03  4.064747e+03
 [4,]    4 0.048813333 0.0048817940 542.1924  1.443340e+03  8.944050e+03
 [5,]    5 0.017207236 0.0017214687 460.4878  5.168961e+02  2.165318e+04
 [6,]    6 0.007469063 0.0007477391 438.9583  1.410083e+00  1.165275e+04
 [7,]    7 0.003785631 0.0000010000 693.5069  2.174228e+03 -2.210754e+06
 [8,]    8 0.006488886 0.0005490285 437.6445  2.185186e+01 -1.586588e+03
 [9,]    9 0.006188493 0.0005707602 437.6498  7.618436e+00  7.391166e+02
[10,]   10 0.006396225 0.0005557320 437.6405  1.756167e+01 -8.398935e+02
[11,]   11 0.005972375 0.0005630162 437.6385  8.595892e+00  1.074181e+02
[12,]   12 0.005626286 0.0005627607 437.6360  4.371563e+00  2.814785e+02
[13,]   13 0.005092818 0.0005589191 437.6305  5.773815e-01  2.663438e+02
[14,]   14 0.004764317 0.0005533150 437.6247  1.290636e+00 -2.465368e+01
[15,]   15 0.004578752 0.0005518779 437.6233  4.992345e-01 -6.986197e+00
[16,]   16 0.004450873 0.0005508250 437.6224 -4.328465e-03  4.995501e+00
[17,]   17 0.004432970 0.0005504654 437.6221  1.178038e-01 -1.384795e+01
[18,]   18 0.004444169 0.0005506903 437.6223  4.121112e-02 -2.070432e+00
[19,]   19 0.004436914 0.0005506440 437.6222 -4.985731e-04  9.125228e-02
[20,]   20 0.004436793 0.0005506419 437.6222 -2.425992e-05  1.677922e-03
[21,]   21 0.004436796 0.0005506419 437.6222  1.813305e-07 -3.634568e-05
[22,]   22 0.004436793 0.0005506419 437.6222 -2.425026e-05  1.677919e-03
[23,]   23 0.004436795 0.0005506419 437.6222 -1.205080e-05  8.208281e-04
[24,]   24 0.004436793 0.0005506419 437.6222 -2.426873e-05  1.677923e-03
[25,]   25 0.004436793 0.0005506419 437.6222 -2.425026e-05  1.677919e-03
[26,]   26 0.004436793 0.0005506419 437.6222 -2.424656e-05  1.677923e-03
[27,]   27 0.004436793 0.0005506419 437.6222 -2.425026e-05  1.677919e-03
[28,]   28 0.004436793 0.0005506419 437.6222 -2.426560e-05  1.677922e-03

