[22;0t]0;IPython: scripts/01_msprime_simulations$par
[1] 1.815317e-04 7.765275e-05

$value
[1] -114.428

$counts
function gradient 
      58       58 

$convergence
[1] 0

$message
[1] "CONVERGENCE: REL_REDUCTION_OF_F <= FACTR*EPSMCH"

$loginfo
      step         par1         par2         fn       gr1          gr2
 [1,]    1 1.000000e-01 1.000000e-02   355.4893  2239.404    2691.4423
 [2,]    2 1.000000e-06 1.000000e-06   143.2100 47340.359 -276498.6211
 [3,]    3 1.000000e-06 1.000000e+01 24354.8216  2416.099    2323.5766
 [4,]    4 1.000000e-06 3.289635e+00  8279.1205  2416.074    2467.2566
 [5,]    5 1.000000e-06 1.082048e+00  2783.9533  2415.987    2508.7670
 [6,]    6 1.000000e-06 3.560240e-01   961.5999  2415.709    2503.9473
 [7,]    7 1.000000e-06 1.172597e-01   367.9616  2414.859    2446.2689
 [8,]    8 1.000000e-06 3.872249e-02   180.5910  2412.284    2257.7262
 [9,]    9 1.000000e-06 1.287091e-02   126.9901  2403.417    1687.7099
[10,]   10 1.000000e-06 1.279283e-02   126.8585  2403.316    1682.4951
[11,]   11 1.000000e-06 1.248051e-02   126.3364  2402.892    1660.9833
[12,]   12 1.000000e-06 1.123124e-02   124.3204  2400.836    1562.9672
[13,]   13 1.000000e-06 6.234146e-03   118.0907  2370.947     777.9034
[14,]   14 1.000000e-06 5.595731e-04   116.3784  6007.566    1425.7574
[15,]   15 1.000000e-06 1.000000e-06   143.2100     0.000 -276498.6211
[16,]   16 1.000000e-06 5.595731e-04   116.3784  6007.566    1425.7574
[17,]   17 1.000000e-06 1.000000e-06   143.2100 47340.359 -276498.6211
[18,]   18 1.000000e-06 4.192856e-04   116.1584  4641.232    1747.3446
[19,]   19 1.000000e-06 2.101428e-04   115.7322 -2492.009    1968.3643
[20,]   20 1.000000e-06 2.084519e-04   115.7284 -2593.882    1951.5158
[21,]   21 1.000000e-06 2.073663e-04   115.7259 -2659.729    1940.0631
[22,]   22 1.000000e-06 1.041832e-04   115.5585 -9545.495  -65058.6842
[23,]   23 1.000000e-06 2.043785e-04   115.7192 -2842.764    1905.7964
[24,]   24 1.000000e-06 1.364706e-04   115.5817 -7532.064   -2765.2551
[25,]   25 1.000000e-06 1.041832e-04   115.5585 -9545.495  -65058.6842
[26,]   26 1.000000e+01 1.000000e+01 47317.0598  2177.166    2328.1736
[27,]   27 3.043896e+00 3.043967e+00 14903.5547  2336.021    2477.6547
[28,]   28 9.252371e-01 9.253308e-01  4610.3576  2383.362    2516.3367
[29,]   29 2.813940e-01 2.814942e-01  1452.1158  2396.811    2503.7248
[30,]   30 8.580605e-02 8.590835e-02   498.2293  2399.800    2420.1203
[31,]   31 2.633711e-02 2.644003e-02   216.8680  2397.592    2136.8820
[32,]   32 8.191988e-03 8.295087e-03   139.7758  2387.037    1241.8589
[33,]   33 2.590637e-03 2.693793e-03   124.1156  2394.137   -1115.9342
[34,]   34 8.004831e-04 9.036580e-04   120.8495  3728.949    1347.6710
[35,]   35 2.344784e-04 3.376592e-04   116.6408  2122.538    7789.8349
[36,]   36 7.469074e-05 1.778732e-04   115.2750 -2224.626    5977.1678
[37,]   37 7.644846e-05 1.737993e-04   115.2373 -2344.777    5773.9362
[38,]   38 8.347937e-05 1.575038e-04   115.0787 -2765.446    3990.7028
[39,]   39 1.815317e-04 7.765275e-05   114.4280 -1820.192    6105.1337
[40,]   40 2.756568e-04 1.000000e-06   150.2216     0.000 -360481.2972
[41,]   41 1.819043e-04 7.734937e-05   114.4314 -1794.508    6029.4685
[42,]   42 1.815317e-04 7.765275e-05   114.4280 -1820.192    6105.1337
[43,]   43 2.206049e-04 1.000000e-06   149.7228 11048.872 -354705.6577
[44,]   44 1.816649e-04 7.739161e-05   114.4312 -1802.422    6040.5718
[45,]   45 1.815404e-04 7.763578e-05   114.4282 -1819.041    6100.9607
[46,]   46 1.815323e-04 7.765164e-05   114.4280 -1820.117    6104.8610
[47,]   47 1.815318e-04 7.765268e-05   114.4280 -1820.187    6105.1159
[48,]   48 1.815317e-04 7.765274e-05   114.4280 -1820.192    6105.1325
[49,]   49 1.815317e-04 7.765275e-05   114.4280 -1820.192    6105.1336
[50,]   50 1.815317e-04 7.765275e-05   114.4280 -1820.192    6105.1337
[51,]   51 1.815317e-04 7.765275e-05   114.4280 -1820.192    6105.1337
[52,]   52 1.815317e-04 7.765275e-05   114.4280 -1820.192    6105.1337
[53,]   53 1.815317e-04 7.765275e-05   114.4280 -1820.192    6105.1337
[54,]   54 1.815317e-04 7.765275e-05   114.4280 -1820.192    6105.1337
[55,]   55 1.815317e-04 7.765275e-05   114.4280 -1820.192    6105.1337
[56,]   56 1.815317e-04 7.765275e-05   114.4280 -1820.192    6105.1337

