[22;0t]0;IPython: scripts/01_msprime_simulations$par
[1] 0.0102959 0.5981992

$value
[1] -54129.55

$counts
function gradient 
      39       39 

$convergence
[1] 0

$message
[1] "CONVERGENCE: REL_REDUCTION_OF_F <= FACTR*EPSMCH"

$loginfo
      step        par1       par2        fn           gr1           gr2
 [1,]    1 0.100000000  0.0100000 125026.59  7.025776e+04 -3.215308e+06
 [2,]    2 0.000001000 10.0000000  57866.19 -6.166969e+06  3.047274e+02
 [3,]    3 2.291230404 10.0000000  62669.72  2.296913e+03  1.807209e+02
 [4,]    4 0.763367311 10.0000000  58588.66  3.113017e+03  2.393339e+02
 [5,]    5 0.254442562 10.0000000  56940.17  3.197230e+03  3.248561e+02
 [6,]    6 0.084809722 10.0000000  56467.69  1.834281e+03  3.468523e+02
 [7,]    7 0.084784511  9.9989257  56467.27  1.833699e+03  3.467706e+02
 [8,]    8 0.084683670  9.9946286  56465.60  1.831369e+03  3.464286e+02
 [9,]    9 0.084280304  9.9774402  56458.92  1.821972e+03  3.450803e+02
[10,]   10 0.082666841  9.9086866  56432.46  1.783339e+03  3.401044e+02
[11,]   11 0.076212988  9.6336722  56329.77  1.610126e+03  3.291106e+02
[12,]   12 0.050397576  8.5336144  55965.43  4.773346e+02  2.640414e+02
[13,]   13 0.000001000  6.3738556  57034.58 -6.908128e+06  2.406839e+02
[14,]   14 0.029156573  7.6233255  55759.08 -2.245703e+03  2.073430e+02
[15,]   15 0.001907171  6.4444596  55848.93 -9.531490e+04  2.900379e+02
[16,]   16 0.016106493  7.0587519  55680.83 -7.751007e+03  2.890876e+02
[17,]   17 0.000001000  6.3511352  57029.14 -6.915586e+06  2.386529e+02
[18,]   18 0.010580901  6.8159775  55666.21 -1.418904e+04  3.054900e+02
[19,]   19 0.011297057  6.8387139  55663.42 -1.300492e+04  3.054136e+02
[20,]   20 0.013277059  6.5118789  55543.54 -9.974407e+03  2.869553e+02
[21,]   21 0.021197067  5.2045387  55161.55 -4.004326e+03  2.920178e+02
[22,]   22 0.038780002  0.0000010 438713.85  1.008365e+05 -1.612342e+09
[23,]   23 0.027075927  3.4643999  54726.16  9.795449e+01  1.602375e+02
[24,]   24 0.029450986  1.4267929  54324.08  5.692583e+03  1.754231e+02
[25,]   25 0.031114072  0.0000010 437924.59  1.051218e+05 -1.612339e+09
[26,]   26 0.030005516  0.9510511  54287.96  8.242214e+03  5.979128e+01
[27,]   27 0.024780375  0.0000010 437247.01  1.088724e+05 -1.612335e+09
[28,]   28 0.028263897  0.6340516  54267.92  1.098104e+04 -2.143506e+02
[29,]   29 0.029299210  0.8224934  54269.51  9.265969e+03  8.180208e+01
[30,]   30 0.028718270  0.7167540  54263.76  1.000873e+04 -4.638158e+01
[31,]   31 0.015461310  0.4771895  54194.42  1.033292e+04 -6.720299e+02
[32,]   32 0.000001000  0.6387869  55733.69 -8.001591e+06  2.216838e+02
[33,]   33 0.009802729  0.5363353  54136.04  5.251219e+02 -1.982887e+02
[34,]   34 0.015272490  0.6806033  54149.86  5.278392e+03  1.162200e+02
[35,]   35 0.011406420  0.5786335  54132.01  2.574179e+03 -1.012393e+02
[36,]   36 0.010232033  0.6050164  54129.64 -2.946614e+02  2.470835e+01
[37,]   37 0.010298365  0.5986040  54129.55 -3.446844e+00  1.399897e+00
[38,]   38 0.010293824  0.5981524  54129.55 -2.878579e+00 -1.269217e-01
[39,]   39 0.010295898  0.5981992  54129.55  5.177033e-01 -4.696922e-03

