[22;0t]0;IPython: scripts/01_msprime_simulations$par
[1] 0.000001000 0.002746057

$value
[1] -79.96134

$counts
function gradient 
      27       27 

$convergence
[1] 0

$message
[1] "CONVERGENCE: REL_REDUCTION_OF_F <= FACTR*EPSMCH"

$loginfo
      step  par1         par2          fn       gr1           gr2
 [1,]    1 1e-01  0.010000000   323.34410  2260.995  2.838065e+03
 [2,]    2 1e-06  0.000001000    93.39746 34217.193 -1.525447e+05
 [3,]    3 1e-06 10.000000000 24349.66505  2416.099  2.324007e+03
 [4,]    4 1e-06  3.254903398  8183.55696  2416.073  2.469242e+03
 [5,]    5 1e-06  1.059127041  2712.02451  2415.984  2.512859e+03
 [6,]    6 1e-06  0.344740390   914.41464  2415.695  2.514820e+03
 [7,]    7 1e-06  0.112342596   332.51394  2414.804  2.477910e+03
 [8,]    8 1e-06  0.036724502   148.19149  2412.079  2.351268e+03
 [9,]    9 1e-06  0.012099276    93.36264  2403.806  1.963857e+03
[10,]   10 1e-06  0.004053871    80.56144  2373.459  8.155205e+02
[11,]   11 1e-06  0.004032319    80.54395  2373.143  8.062874e+02
[12,]   12 1e-06  0.003946111    80.47603  2371.830  7.683470e+02
[13,]   13 1e-06  0.003601281    80.23934  2365.614  5.984546e+02
[14,]   14 1e-06  0.002353484    80.03378  2347.878 -3.753991e+02
[15,]   15 1e-06  0.002834482    79.96482  2344.590  7.671483e+01
[16,]   16 1e-06  0.002752867    79.96136  2342.209  5.907334e+00
[17,]   17 1e-06  0.002746057    79.96134  2342.025 -1.447207e-01
[18,]   18 1e-06  0.002746220    79.96134  2342.030  2.564009e-04
[19,]   19 1e-06  0.002746062    79.96134  2342.026 -1.403335e-01
[20,]   20 1e-06  0.002746058    79.96134  2342.025 -1.445838e-01
[21,]   21 1e-06  0.002746057    79.96134  2342.025 -1.447164e-01
[22,]   22 1e-06  0.002746057    79.96134  2342.025 -1.447205e-01
[23,]   23 1e-06  0.002746057    79.96134  2342.025 -1.447207e-01
[24,]   24 1e-06  0.002746057    79.96134  2342.025 -1.447207e-01
[25,]   25 1e-06  0.002746057    79.96134  2342.025 -1.447206e-01
[26,]   26 1e-06  0.002746057    79.96134  2342.025 -1.447207e-01
[27,]   27 1e-06  0.002746057    79.96134  2342.025 -1.447207e-01

