[22;0t]0;IPython: scripts/01_msprime_simulations$par
[1] 0.0003401129 0.0001208250

$value
[1] -105.3884

$counts
function gradient 
      61       61 

$convergence
[1] 0

$message
[1] "CONVERGENCE: REL_REDUCTION_OF_F <= FACTR*EPSMCH"

$loginfo
      step         par1         par2         fn        gr1          gr2
 [1,]    1 1.000000e-01 1.000000e-02   346.8579  2236.1102    2864.4782
 [2,]    2 1.000000e-06 1.000000e-06   130.7304 39145.6664 -243936.3004
 [3,]    3 1.000000e-06 1.000000e+01 24353.5324  2416.0985    2323.6842
 [4,]    4 1.000000e-06 3.283872e+00  8262.4467  2416.0738    2467.6896
 [5,]    5 1.000000e-06 1.078228e+00  2770.7834  2415.9865    2509.7505
 [6,]    6 1.000000e-06 3.541359e-01   952.1653  2415.7068    2506.6561
 [7,]    7 1.000000e-06 1.164340e-01   360.1205  2414.8500    2454.2187
 [8,]    8 1.000000e-06 3.838610e-02   172.9003  2412.2499    2281.3037
 [9,]    9 1.000000e-06 1.274098e-02   118.7366  2403.7961    1757.4934
[10,]   10 1.000000e-06 1.264985e-02   118.5767  2403.6947    1751.8408
[11,]   11 1.000000e-06 1.228532e-02   117.9424  2403.2710    1728.3912
[12,]   12 1.000000e-06 1.082722e-02   115.4987  2401.2227    1618.7966
[13,]   13 1.000000e-06 4.994808e-03   108.4065  2372.9966     540.2168
[14,]   14 1.000000e-06 1.557123e-03   108.2211  5684.3081    1333.5402
[15,]   15 1.000000e-06 1.000000e-06   130.7304 39145.6664 -243936.3004
[16,]   16 1.000000e-06 1.041322e-03   107.7574  6482.9701     726.2554
[17,]   17 1.000000e-06 4.244730e-04   107.0323  7322.6249    1782.7893
[18,]   18 1.000000e-06 1.000000e-06   130.7304 39145.6664 -243936.3004
[19,]   19 1.000000e-06 3.401128e-04   106.8719  6045.0332    2055.4541
[20,]   20 1.000000e-06 1.705564e-04   106.4745 -2324.8811    1715.7854
[21,]   21 1.000000e-06 1.014600e-04   106.3371 -8514.3396 -102872.5191
[22,]   22 1.000000e-06 1.694229e-04   106.4716 -2420.0207    1676.2686
[23,]   23 1.000000e-06 1.234496e-04   106.3668 -6588.2161   -4875.8328
[24,]   24 1.000000e-06 1.014600e-04   106.3371 -8514.3396 -102872.5191
[25,]   25 1.000000e+01 1.000000e+01 47315.7889  2177.1701    2328.2794
[26,]   26 3.132971e+00 3.133040e+00 15329.6589  2334.0028    2476.1176
[27,]   27 9.805717e-01 9.806623e-01  4877.7443  2382.1681    2516.7955
[28,]   28 3.069863e-01 3.070837e-01  1572.7062  2396.3300    2509.6285
[29,]   29 9.625476e-02 9.635425e-02   542.6487  2399.7922    2443.9583
[30,]   30 3.029638e-02 3.039654e-02   227.7627  2398.2143    2223.2204
[31,]   31 9.611872e-03 9.712235e-03   136.7588  2388.2489    1535.2539
[32,]   32 3.084670e-03 3.185099e-03   115.5267  2343.4967    -490.9392
[33,]   33 9.846098e-04 1.085060e-03   113.0075  4098.7923    -267.4518
[34,]   34 2.980385e-04 3.984955e-04   108.7183  4137.7823    6313.0999
[35,]   35 9.141644e-05 1.918755e-04   106.4605   321.3545    8784.1883
[36,]   36 3.162995e-05 1.320896e-04   106.0417 -2903.5273    1020.6991
[37,]   37 3.380696e-05 1.325272e-04   106.0318 -2784.7400    1171.3794
[38,]   38 4.251500e-05 1.342773e-04   106.0006 -2384.6087    1736.2308
[39,]   39 8.129940e-05 1.371176e-04   105.9036 -1540.8324    2241.6084
[40,]   40 1.479597e-04 1.314722e-04   105.7191 -1740.0293   -2268.2924
[41,]   41 2.183338e-03 1.869228e-05   112.8117   224.7011  -78300.8611
[42,]   42 3.401129e-04 1.208250e-04   105.3884  -748.5857  -18012.1043
[43,]   43 3.722600e-04 1.258941e-04   105.4289  -690.0605  -11127.5363
[44,]   44 3.451823e-04 1.216244e-04   105.3943  -738.9031  -16783.2907
[45,]   45 3.408722e-04 1.209448e-04   105.3893  -747.1232  -17824.0781
[46,]   46 3.402255e-04 1.208428e-04   105.3885  -748.3685  -17984.1240
[47,]   47 3.401296e-04 1.208277e-04   105.3884  -748.5535  -18007.9583
[48,]   48 3.401154e-04 1.208254e-04   105.3884  -748.5809  -18011.4904
[49,]   49 3.401133e-04 1.208251e-04   105.3884  -748.5850  -18012.0134
[50,]   50 3.401130e-04 1.208251e-04   105.3884  -748.5856  -18012.0909
[51,]   51 3.401129e-04 1.208250e-04   105.3884  -748.5857  -18012.1024
[52,]   52 3.401129e-04 1.208250e-04   105.3884  -748.5857  -18012.1041
[53,]   53 3.401129e-04 1.208250e-04   105.3884  -748.5857  -18012.1043
[54,]   54 3.401129e-04 1.208250e-04   105.3884  -748.5857  -18012.1043
[55,]   55 3.401129e-04 1.208250e-04   105.3884  -748.5857  -18012.1043
[56,]   56 3.401129e-04 1.208250e-04   105.3884  -748.5857  -18012.1043
[57,]   57 3.401129e-04 1.208250e-04   105.3884  -748.5857  -18012.1043
[58,]   58 3.401129e-04 1.208250e-04   105.3884  -748.5857  -18012.1043
[59,]   59 3.401129e-04 1.208250e-04   105.3884  -748.5857  -18012.1043
[60,]   60 3.401129e-04 1.208250e-04   105.3884  -748.5857  -18012.1043

