[22;0t]0;IPython: scripts/01_msprime_simulations$par
[1] 0.0007837093 0.0004530224

$value
[1] -455.5577

$counts
function gradient 
      40       40 

$convergence
[1] 0

$message
[1] "CONVERGENCE: REL_REDUCTION_OF_F <= FACTR*EPSMCH"

$loginfo
      step         par1         par2       fn           gr1           gr2
 [1,]    1 0.1000000000 0.0100000000 681.5326  1.890197e+03  4.303381e+03
 [2,]    2 0.0000010000 0.0000010000 671.7403  9.520858e+04 -2.093454e+06
 [3,]    3 0.0980071255 0.0098007305 676.9091  1.880474e+03  4.392731e+03
 [4,]    4 0.0490040627 0.0049008652 562.6356  1.422488e+03  9.483852e+03
 [5,]    5 0.0171793745 0.0017186828 481.9362  4.562178e+02  2.265839e+04
 [6,]    6 0.0071929700 0.0007201323 458.7220  1.026565e+02  1.276299e+04
 [7,]    7 0.0007974895 0.0000010000 708.7711  1.898300e+04 -2.273628e+06
 [8,]    8 0.0055317569 0.0005333391 457.1107  1.914053e+02 -1.610641e+03
 [9,]    9 0.0051177659 0.0005295927 457.0290  2.137070e+02 -1.809032e+03
[10,]   10 0.0034618019 0.0005146071 456.5969  3.302517e+02 -2.108118e+03
[11,]   11 0.0000010000 0.0004832886 460.0980 -2.312139e+04  1.860484e+03
[12,]   12 0.0021644792 0.0005028670 456.1075  4.250889e+02 -1.195297e+03
[13,]   13 0.0008673871 0.0004911289 455.6509 -3.738775e+01  2.616363e+03
[14,]   14 0.0006046038 0.0004617757 455.6112 -5.642250e+02  2.044590e+03
[15,]   15 0.0007540077 0.0004784643 455.6167 -1.924749e+02  2.274282e+03
[16,]   16 0.0017433764 0.0000010000 719.8402  7.444045e+03 -2.316666e+06
[17,]   17 0.0009359830 0.0003906440 455.8538  9.043175e+02 -1.163812e+04
[18,]   18 0.0008138497 0.0004495849 455.5590  1.538357e+02 -1.115109e+03
[19,]   19 0.0007686986 0.0004571890 455.5622 -9.650478e-01  1.235775e+02
[20,]   20 0.0008029584 0.0004514191 455.5584  1.179329e+02 -8.077818e+02
[21,]   21 0.0007576471 0.0004551262 455.5591 -9.328199e+00  2.340618e+00
[22,]   22 0.0007897945 0.0004524961 455.5577  8.279849e+01 -5.698871e+02
[23,]   23 0.0007592116 0.0004551410 455.5591 -5.811471e+00 -1.000419e+01
[24,]   24 0.0007837093 0.0004530224 455.5577  6.582951e+01 -4.574786e+02
[25,]   25 0.0007611061 0.0004553157 455.5594 -2.882580e+00 -8.223078e+00
[26,]   26 0.0007804846 0.0004533496 455.5578  5.630556e+01 -3.928073e+02
[27,]   27 0.0007831812 0.0004530760 455.5577  6.427592e+01 -4.468740e+02
[28,]   28 0.0007836209 0.0004530313 455.5577  6.556968e+01 -4.557035e+02
[29,]   29 0.0007836945 0.0004530239 455.5577  6.578587e+01 -4.571804e+02
[30,]   30 0.0007837068 0.0004530226 455.5577  6.582217e+01 -4.574285e+02
[31,]   31 0.0007837089 0.0004530224 455.5577  6.582827e+01 -4.574701e+02
[32,]   32 0.0007837092 0.0004530224 455.5577  6.582930e+01 -4.574771e+02
[33,]   33 0.0007837093 0.0004530224 455.5577  6.582947e+01 -4.574783e+02
[34,]   34 0.0007837093 0.0004530224 455.5577  6.582950e+01 -4.574785e+02
[35,]   35 0.0007837093 0.0004530224 455.5577  6.582951e+01 -4.574786e+02
[36,]   36 0.0007837093 0.0004530224 455.5577  6.582951e+01 -4.574786e+02
[37,]   37 0.0007837093 0.0004530224 455.5577  6.582951e+01 -4.574786e+02
[38,]   38 0.0007837093 0.0004530224 455.5577  6.582951e+01 -4.574786e+02
[39,]   39 0.0007837093 0.0004530224 455.5577  6.582951e+01 -4.574786e+02
[40,]   40 0.0007837093 0.0004530224 455.5577  6.582951e+01 -4.574786e+02

