[22;0t]0;IPython: scripts/01_msprime_simulations$par
[1] 0.001491202 0.398189660

$value
[1] -9438.772

$counts
function gradient 
      21       21 

$convergence
[1] 0

$message
[1] "CONVERGENCE: REL_REDUCTION_OF_F <= FACTR*EPSMCH"

$loginfo
      step        par1       par2        fn           gr1           gr2
 [1,]    1 0.100000000  0.0100000 10193.677    1925.98524 -8.525097e+04
 [2,]    2 0.000001000 10.0000000 27040.079    2416.09702  2.099387e+03
 [3,]    3 0.067550439  3.2517436 13478.704    2406.16656  1.833135e+03
 [4,]    4 0.089323261  1.0766169 10259.271    2787.76328  1.145610e+03
 [5,]    5 0.096422863  0.3673596  9821.665    3987.67190 -2.748108e+02
 [6,]    6 0.079615897  0.3690909  9753.484    4069.60867 -2.539352e+02
 [7,]    7 0.012388035  0.3760162  9475.397    3872.70528 -1.525519e+02
 [8,]    8 0.000001000  0.3772922  9485.342 -318460.57377 -2.003031e+02
 [9,]    9 0.005715432  0.3767036  9450.856    3284.49714 -1.579101e+02
[10,]   10 0.000001000  0.3780427  9485.191 -318451.75526 -2.013437e+02
[11,]   11 0.003344654  0.3772591  9443.795    2442.66466 -1.693442e+02
[12,]   12 0.000001000  0.3792635  9484.946 -318436.71951 -1.992534e+02
[13,]   13 0.002136112  0.3779836  9441.313    1278.93345 -1.784577e+02
[14,]   14 0.000679787  0.3801604  9442.254   -5760.52474 -1.871454e+02
[15,]   15 0.001513719  0.3789139  9440.712     -52.28705 -1.828328e+02
[16,]   16 0.001405264  0.3804750  9440.454    -391.68233 -1.772675e+02
[17,]   17 0.001007770  0.3983252  9439.239   -2255.06748  6.406145e-01
[18,]   18 0.001392588  0.3972531  9438.792    -333.52964 -1.032135e+01
[19,]   19 0.001459043  0.3982030  9438.774    -103.33565  1.184463e-01
[20,]   20 0.001487646  0.3982194  9438.772     -11.39179  3.472429e-01
[21,]   21 0.001491202  0.3981897  9438.772      -0.26806  3.228382e-02

