[22;0t]0;IPython: scripts/01_msprime_simulations$par
[1] 0.0410932267 0.0001429428

$value
[1] -132.3513

$counts
function gradient 
      46       46 

$convergence
[1] 0

$message
[1] "CONVERGENCE: REL_REDUCTION_OF_F <= FACTR*EPSMCH"

$loginfo
      step        par1         par2         fn           gr1          gr2
 [1,]    1  0.10000000 1.000000e-02   370.6963  2.218022e+03    2761.5775
 [2,]    2  0.00000100 1.000000e-06   168.0420  4.513237e+04 -343096.1292
 [3,]    3  0.00000100 1.000000e+01 24357.3998  2.416099e+03    2323.3613
 [4,]    4  0.00000100 3.298055e+00  8304.7965  2.416074e+03    2466.4583
 [5,]    5  0.00000100 1.087640e+00  2805.1412  2.415988e+03    2506.8412
 [6,]    6  0.00000100 3.587939e-01   977.9238  2.415712e+03    2498.5342
 [7,]    7  0.00000100 1.184732e-01   382.5386  2.414872e+03    2430.3049
 [8,]    8  0.00000100 3.921721e-02   195.5293  2.412334e+03    2210.2840
 [9,]    9  0.00000100 1.306179e-02   143.3332  2.404728e+03    1547.0574
[10,]   10  0.00000100 1.300317e-02   143.2426  2.404677e+03    1542.5710
[11,]   11  0.00000100 1.276865e-02   142.8830  2.404466e+03    1524.2133
[12,]   12  0.00000100 1.183060e-02   141.4901  2.403537e+03    1443.5018
[13,]   13  0.00000100 8.078400e-03   136.9099  2.397607e+03     933.1448
[14,]   14  0.00000100 5.036596e-04   134.3188  8.082836e+03    1443.2745
[15,]   15  0.00000100 1.000000e-06   168.0420  0.000000e+00 -343096.1292
[16,]   16  0.00000100 5.036596e-04   134.3188  8.082836e+03    1443.2745
[17,]   17  0.00000100 1.000000e-06   168.0420  4.513237e+04 -343096.1292
[18,]   18  0.00000100 3.875157e-04   134.1385  5.094332e+03    1672.3636
[19,]   19  0.00000100 1.942578e-04   133.7875 -7.131503e+03    1113.2685
[20,]   20 10.00000000 1.000000e-06   182.6974 -9.720225e-07 -499966.2479
[21,]   21  3.33102232 1.298832e-04   132.3205 -6.742924e-04  -32630.7178
[22,]   22  1.10886300 1.728282e-04   132.9040 -3.013459e-03   14101.6703
[23,]   23  0.36914294 1.871239e-04   133.2986  1.243840e-02   22320.7921
[24,]   24  0.12290588 1.918826e-04   133.4336  1.865596e-01   24369.8487
[25,]   25  0.04094011 1.934667e-04   133.4217  2.780832e+00   24064.4533
[26,]   26  0.04154337 1.000000e-06   182.5025  5.147583e+00 -498345.7690
[27,]   27  0.04096331 1.860639e-04   133.1993  2.507274e+00   20538.9919
[28,]   28  0.04109323 1.429428e-04   132.3513  1.556901e+00  -13027.0279
[29,]   29  0.04103173 1.596859e-04   132.5765  1.800332e+00    3656.8263
[30,]   30  0.04108613 1.448740e-04   132.3692  1.577017e+00  -10726.2287
[31,]   31  0.04109242 1.431618e-04   132.3532  1.559080e+00  -12759.8823
[32,]   32  0.04109314 1.429675e-04   132.3515  1.557145e+00  -12996.8305
[33,]   33  0.04109322 1.429456e-04   132.3513  1.556929e+00  -13023.6253
[34,]   34  0.04109323 1.429431e-04   132.3513  1.556904e+00  -13026.6446
[35,]   35  0.04109323 1.429428e-04   132.3513  1.556902e+00  -13026.9847
[36,]   36  0.04109323 1.429428e-04   132.3513  1.556901e+00  -13027.0231
[37,]   37  0.04109323 1.429428e-04   132.3513  1.556901e+00  -13027.0274
[38,]   38  0.04109323 1.429428e-04   132.3513  1.556901e+00  -13027.0279
[39,]   39  0.04109323 1.429428e-04   132.3513  1.556901e+00  -13027.0279
[40,]   40  0.04109323 1.429428e-04   132.3513  1.556901e+00  -13027.0279
[41,]   41  0.04109323 1.429428e-04   132.3513  1.556901e+00  -13027.0279
[42,]   42  0.04109323 1.429428e-04   132.3513  1.556901e+00  -13027.0279
[43,]   43  0.04109323 1.429428e-04   132.3513  1.556901e+00  -13027.0279
[44,]   44  0.04109323 1.429428e-04   132.3513  1.556901e+00  -13027.0279
[45,]   45  0.04109323 1.429428e-04   132.3513  1.556901e+00  -13027.0279
[46,]   46  0.04109323 1.429428e-04   132.3513  1.556901e+00  -13027.0279

