[22;0t]0;IPython: scripts/01_msprime_simulations$par
[1] 0.224742266 0.001044484

$value
[1] -821.2395

$counts
function gradient 
      33       33 

$convergence
[1] 0

$message
[1] "CONVERGENCE: REL_REDUCTION_OF_F <= FACTR*EPSMCH"

$loginfo
      step        par1         par2        fn           gr1           gr2
 [1,]    1 0.100000000 0.0100000000 1045.4729  1.422056e+03  8.025090e+03
 [2,]    2 0.000001000 0.0000010000 1299.2615  1.158321e+05 -4.400375e+06
 [3,]    3 0.055313516 0.0055317538  939.6596  8.013703e+02  1.783627e+04
 [4,]    4 0.019287170 0.0019294434  839.6974 -1.722286e+01  2.665218e+04
 [5,]    5 0.007570453 0.0007578772  825.7806 -5.750525e+01 -2.074791e+04
 [6,]    6 0.012796819 0.0012804667  825.7348 -1.714701e+02  1.529615e+04
 [7,]    7 0.009918804 0.0000010000 1417.9017  1.386012e+03 -4.658749e+06
 [8,]    8 0.011935088 0.0008973707  823.5508 -9.493693e+01 -7.743862e+03
 [9,]    9 0.019677228 0.0010553994  822.6354 -7.246156e+01  3.195795e+03
[10,]   10 0.025112801 0.0010493493  822.2938 -4.906737e+01  2.060940e+03
[11,]   11 0.036639450 0.0010409591  821.8699 -2.561805e+01  5.171729e+02
[12,]   12 0.049826405 0.0010471749  821.6227 -1.400444e+01  5.257767e+02
[13,]   13 0.065447064 0.0010466735  821.4633 -7.214171e+00  2.503145e+02
[14,]   14 0.082065533 0.0010467764  821.3751 -3.821065e+00  1.737769e+02
[15,]   15 0.085175791 0.0003552340  862.5199  1.888972e+01 -1.948972e+05
[16,]   16 0.082297218 0.0009952629  821.4662 -3.522047e+00 -4.500668e+03
[17,]   17 0.082079778 0.0010436092  821.3740 -3.810235e+00 -9.836905e+01
[18,]   18 0.100783474 0.0010452989  821.3218 -2.045685e+00  2.313399e+01
[19,]   19 0.122441113 0.0010453548  821.2888 -1.123990e+00  3.176661e+01
[20,]   20 0.148854445 0.0010449117  821.2664 -6.300862e-01  5.654341e+00
[21,]   21 0.182542812 0.0010446683  821.2504 -3.503983e-01 -1.468316e+00
[22,]   22 0.224742266 0.0010444838  821.2395 -1.833918e-01 -6.262832e+00
[23,]   23 0.371031146 0.0045262360  999.0236  5.345987e+01  6.598438e+04
[24,]   24 0.224754289 0.0010447700  821.2396 -1.832977e-01  2.010644e+01
[25,]   25 0.224742357 0.0010444860  821.2395 -1.833911e-01 -6.064095e+00
[26,]   26 0.224742267 0.0010444839  821.2395 -1.833918e-01 -6.261314e+00
[27,]   27 0.224742266 0.0010444838  821.2395 -1.833918e-01 -6.262821e+00
[28,]   28 0.224742266 0.0010444838  821.2395 -1.833918e-01 -6.262832e+00
[29,]   29 0.224742266 0.0010444838  821.2395 -1.833918e-01 -6.262832e+00
[30,]   30 0.224742266 0.0010444838  821.2395 -1.833918e-01 -6.262832e+00
[31,]   31 0.224742266 0.0010444838  821.2395 -1.833918e-01 -6.262832e+00
[32,]   32 0.224742266 0.0010444838  821.2395 -1.833918e-01 -6.262832e+00

