[22;0t]0;IPython: scripts/01_msprime_simulations$par
[1] 0.242662084 0.001004502

$value
[1] -793.3195

$counts
function gradient 
      32       32 

$convergence
[1] 0

$message
[1] "CONVERGENCE: REL_REDUCTION_OF_F <= FACTR*EPSMCH"

$loginfo
      step        par1         par2        fn           gr1           gr2
 [1,]    1 0.100000000 0.0100000000 1017.7642  1.505307e+03  6.246046e+03
 [2,]    2 0.000001000 0.0000010000 1249.5389  1.144428e+05 -4.215775e+06
 [3,]    3 0.055009902 0.0055013951  917.5514  8.715025e+02  1.577317e+04
 [4,]    4 0.019165181 0.0019172456  815.1853 -9.695922e+00  2.915410e+04
 [5,]    5 0.007532959 0.0007541281  798.3042 -1.648557e+02 -1.652591e+04
 [6,]    6 0.025460685 0.0068185147  895.5582  1.489405e+03  2.600362e+03
 [7,]    7 0.009804559 0.0015225390  805.5897 -2.096448e+02  2.281329e+04
 [8,]    8 0.008080464 0.0009393318  797.1020 -2.993016e+02  2.054872e+03
 [9,]    9 0.011641713 0.0009534375  796.2988 -1.832962e+02  1.513613e+03
[10,]   10 0.017152674 0.0009680105  795.5617 -1.049103e+02  1.089755e+03
[11,]   11 0.024396310 0.0009810419  794.9917 -6.336734e+01  8.937252e+02
[12,]   12 0.035215414 0.0009917254  794.4792 -3.730187e+01  6.878404e+02
[13,]   13 0.050500707 0.0010023816  794.0608 -2.103280e+01  7.913703e+02
[14,]   14 0.076693228 0.0000010000 1379.5563  4.893324e+01 -4.506182e+06
[15,]   15 0.057716341 0.0007265165  797.8796 -3.653616e+00 -3.454227e+04
[16,]   16 0.050895141 0.0009873018  794.0456 -2.018639e+01 -5.578354e+02
[17,]   17 0.070256124 0.0009997811  793.7541 -1.116594e+01  6.981982e+01
[18,]   18 0.093714540 0.0010056865  793.5636 -6.002477e+00  3.510860e+02
[19,]   19 0.120618731 0.0010050344  793.4442 -3.186450e+00  1.668913e+02
[20,]   20 0.151082415 0.0010047569  793.3737 -1.606689e+00  7.729363e+01
[21,]   21 0.182071641 0.0010046281  793.3384 -7.536949e-01  3.449870e+01
[22,]   22 0.211655117 0.0010484104  793.4272 -2.858559e-01  4.029419e+03
[23,]   23 0.184324067 0.0010079616  793.3385 -7.110389e-01  3.493424e+02
[24,]   24 0.182663392 0.0010055038  793.3383 -7.423580e-01  1.173873e+02
[25,]   25 0.211250550 0.0010056534  793.3241 -2.935264e-01  1.181483e+02
[26,]   26 0.231646391 0.0000010000 1382.4317  7.463232e+00 -4.511748e+06
[27,]   27 0.216856286 0.0007295274  797.6850  5.201113e-01 -3.693477e+04
[28,]   28 0.211277690 0.0010043165  793.3236 -2.927256e-01 -9.846614e+00
[29,]   29 0.229925279 0.0010044740  793.3201 -1.003073e-01 -1.265767e-01
[30,]   30 0.239644804 0.0010045045  793.3195 -2.187723e-02  8.035559e-01
[31,]   31 0.242355679 0.0010045019  793.3195 -2.221616e-03  7.282780e-02
[32,]   32 0.242662084 0.0010045017  793.3195 -5.659160e-05  2.006739e-03

