[22;0t]0;IPython: scripts/01_msprime_simulations$par
[1] 0.003341691 0.000889719

$value
[1] -620.2541

$counts
function gradient 
      27       27 

$convergence
[1] 0

$message
[1] "CONVERGENCE: REL_REDUCTION_OF_F <= FACTR*EPSMCH"

$loginfo
      step        par1         par2       fn           gr1           gr2
 [1,]    1 0.100000000 0.0100000000 823.7035  1.706120e+03  6.265189e+03
 [2,]    2 0.000001000 0.0000010000 970.0846  1.096786e+05 -3.200387e+06
 [3,]    3 0.051636577 0.0051640929 711.1450  1.283195e+03  1.039796e+04
 [4,]    4 0.017557096 0.0017564516 631.9876  4.932399e+02  1.525731e+04
 [5,]    5 0.000001000 0.0000010000 970.0846  1.096786e+05 -3.200387e+06
 [6,]    6 0.011962947 0.0011970870 622.7900  2.793217e+02  8.069648e+03
 [7,]    7 0.000001000 0.0000010000 970.0846  1.096786e+05 -3.200387e+06
 [8,]    8 0.008635571 0.0008643794 621.0561  2.203428e+02 -4.654323e+03
 [9,]    9 0.008637364 0.0009284522 620.8954  2.028518e+02 -1.107899e+03
[10,]   10 0.007818032 0.0009443249 620.7339  1.765829e+02 -1.389910e+02
[11,]   11 0.002821306 0.0009604537 620.4204 -1.547807e+02  2.989410e+03
[12,]   12 0.005227469 0.0009526869 620.3977  8.185927e+01  1.216316e+03
[13,]   13 0.002681313 0.0009236970 620.3432 -1.587946e+02  1.953493e+03
[14,]   14 0.004178270 0.0009407410 620.3171  3.371711e+01  1.350844e+03
[15,]   15 0.002859510 0.0008517267 620.2712 -3.040085e+01 -1.140306e+03
[16,]   16 0.003478856 0.0008926250 620.2558  1.320885e+01 -3.475180e+01
[17,]   17 0.003308856 0.0008932166 620.2554 -7.440074e+00  1.601007e+02
[18,]   18 0.003341691 0.0008897190 620.2541  2.320203e-01 -2.153037e+01
[19,]   19 0.003345340 0.0008903297 620.2543  6.532972e-02  7.795653e-01
[20,]   20 0.003341734 0.0008897263 620.2541  2.300216e-01 -2.126365e+01
[21,]   21 0.003341691 0.0008897191 620.2541  2.319961e-01 -2.152715e+01
[22,]   22 0.003341691 0.0008897190 620.2541  2.320200e-01 -2.153033e+01
[23,]   23 0.003341691 0.0008897190 620.2541  2.320203e-01 -2.153037e+01
[24,]   24 0.003341691 0.0008897190 620.2541  2.320201e-01 -2.153034e+01
[25,]   25 0.003341691 0.0008897190 620.2541  2.320202e-01 -2.153037e+01
[26,]   26 0.003341691 0.0008897190 620.2541  2.320203e-01 -2.153037e+01
[27,]   27 0.003341691 0.0008897190 620.2541  2.320203e-01 -2.153037e+01

