[22;0t]0;IPython: scripts/01_msprime_simulations$par
[1] 0.01088955 0.11205954

$value
[1] -30967.26

$counts
function gradient 
      32       32 

$convergence
[1] 0

$message
[1] "CONVERGENCE: REL_REDUCTION_OF_F <= FACTR*EPSMCH"

$loginfo
      step        par1        par2        fn           gr1           gr2
 [1,]    1 0.100000000  0.01000000  42617.39  2.495490e+04 -8.451900e+05
 [2,]    2 0.000001000 10.00000000  38062.14 -1.703874e+04  1.179168e+03
 [3,]    3 0.066654427  3.34125606  32465.74  1.686349e+03  4.847746e+02
 [4,]    4 0.059983753  3.33922941  32454.06  1.513827e+03  4.854819e+02
 [5,]    5 0.033301055  3.33112278  32424.20  1.857362e+02  4.879813e+02
 [6,]    6 0.025866831  3.32609958  32423.17 -6.343526e+02  4.877140e+02
 [7,]    7 0.028630609  3.32420003  32420.99 -2.822954e+02  4.876141e+02
 [8,]    8 0.033473359  3.30894895  32413.43  2.026636e+02  4.860282e+02
 [9,]    9 0.046486467  3.23316806  32385.64  1.045299e+03  4.747863e+02
[10,]   10 0.070241975  3.02324929  32325.91  1.875022e+03  4.351535e+02
[11,]   11 0.105676537  2.58412044  32231.79  2.678882e+03  3.707447e+02
[12,]   12 0.139133906  1.94779863  32148.34  3.553110e+03  2.088165e+02
[13,]   13 0.097036769  1.63408379  31931.03  3.660112e+03  1.801704e+02
[14,]   14 0.000001000  0.91095718  32261.42 -3.399069e+06  9.337375e+01
[15,]   15 0.050301131  1.28580209  31663.04  3.288332e+03  3.187203e+02
[16,]   16 0.016900047  1.03689168  31513.64 -1.423141e+03  4.501730e+02
[17,]   17 0.000001000  0.40165337  32055.35 -3.603605e+06  6.277424e+02
[18,]   18 0.009947736  0.77555302  31406.14 -6.190177e+03  5.393546e+02
[19,]   19 0.003382890  0.52877925  31381.00 -3.290212e+04  5.674253e+02
[20,]   20 0.013286985  0.00000100 133719.39  9.291505e+04 -4.908844e+08
[21,]   21 0.006698002  0.35178589  31186.72 -1.133030e+04  7.204002e+02
[22,]   22 0.010288438  0.00000100 133433.05  9.814075e+04 -4.908789e+08
[23,]   23 0.007896679  0.23434158  31079.46 -7.384846e+03  8.998320e+02
[24,]   24 0.009092558  0.11717129  30970.66 -2.812131e+03  3.836786e+02
[25,]   25 0.009070885  0.00000100 133312.20  1.003797e+05 -4.908767e+08
[26,]   26 0.009085345  0.07817143  31020.69  2.845647e+03 -4.394625e+03
[27,]   27 0.009091239  0.11004028  30969.13 -2.272479e+03  1.709771e+01
[28,]   28 0.011884379  0.11382770  30967.73  8.447549e+02  2.994002e+01
[29,]   29 0.011097579  0.11224901  30967.28  2.069359e+02 -4.191548e+00
[30,]   30 0.010863150  0.11205339  30967.26 -2.833167e+01  1.616530e+00
[31,]   31 0.010890147  0.11205787  30967.26  7.728786e-01 -1.321890e-01
[32,]   32 0.010889550  0.11205954  30967.26  1.046647e-04  1.138184e-02

