[22;0t]0;IPython: scripts/01_msprime_simulations$par
[1] 0.0002010901 0.0001102788

$value
[1] -42.06813

$counts
function gradient 
      42       42 

$convergence
[1] 0

$message
[1] "CONVERGENCE: REL_REDUCTION_OF_F <= FACTR*EPSMCH"

$loginfo
      step         par1         par2          fn          gr1          gr2
 [1,]    1 0.1000000000 1.000000e-02   296.23963   2254.88254   3268.13826
 [2,]    2 0.0000010000 1.000000e-06    49.86120   9768.06253 -55411.08711
 [3,]    3 0.0000010000 1.000000e+01 24345.79766   2416.08780   2324.33000
 [4,]    4 0.0000010000 3.126693e+00  7859.28197   2415.98469   2472.94243
 [5,]    5 0.0000010000 9.766450e-01  2493.64457   2415.49894   2517.20519
 [6,]    6 0.0000010000 3.051325e-01   800.27175   2413.74843   2522.90923
 [7,]    7 0.0000010000 9.547486e-02   272.74183   2408.05250   2498.71832
 [8,]    8 0.0000010000 2.999361e-02   110.96375   2389.38889   2408.68827
 [9,]    9 0.0000010000 9.510869e-03    63.48511   2288.63748   2121.93729
[10,]   10 0.0000010000 3.071870e-03    51.63136    -38.85093   1243.40523
[11,]   11 0.0000010000 1.014957e-03    49.72874 -17906.93217   2288.96634
[12,]   12 0.0002411397 1.089913e-03    47.69490  -1755.59854   2808.31851
[13,]   13 0.0002557041 1.043423e-03    47.54164  -1527.67019   2899.09524
[14,]   14 0.0003139616 8.574638e-04    46.90544   -818.01665   3361.46206
[15,]   15 0.0005469914 1.136263e-04    42.42052    970.39151   2129.33050
[16,]   16 0.0005170703 1.000000e-06    51.94060   1350.96387 -97214.19302
[17,]   17 0.0005467691 1.127897e-04    42.40925    970.79255   1313.40991
[18,]   18 0.0003389074 1.110762e-04    42.17554    919.00080    -53.77838
[19,]   19 0.0000010000 1.082909e-04    44.44878 -23024.94252  10456.48183
[20,]   20 0.0002902031 1.106748e-04    42.12522    744.76679   -262.45588
[21,]   21 0.0000010000 1.116732e-04    44.50689 -23088.15425  12924.21361
[22,]   22 0.0002704135 1.107431e-04    42.11018    625.90462    -22.18445
[23,]   23 0.0001643688 1.098409e-04    42.06684  -1339.20231    156.67349
[24,]   24 0.0002366213 1.104556e-04    42.08382    321.23107    -72.38152
[25,]   25 0.0002010901 1.102788e-04    42.06813   -236.07325    135.48970
[26,]   26 0.0002161083 1.103062e-04    42.07245     40.15486    -29.61693
[27,]   27 0.0002025935 1.102815e-04    42.06844   -205.09760    117.85939
[28,]   28 0.0002012438 1.102790e-04    42.06816   -232.86957    133.67590
[29,]   29 0.0002011059 1.102788e-04    42.06813   -235.74505    135.30399
[30,]   30 0.0002010917 1.102788e-04    42.06813   -236.03967    135.47070
[31,]   31 0.0002010903 1.102788e-04    42.06813   -236.06982    135.48776
[32,]   32 0.0002010902 1.102788e-04    42.06813   -236.07290    135.48951
[33,]   33 0.0002010901 1.102788e-04    42.06813   -236.07322    135.48968
[34,]   34 0.0002010901 1.102788e-04    42.06813   -236.07325    135.48970
[35,]   35 0.0002010901 1.102788e-04    42.06813   -236.07325    135.48970
[36,]   36 0.0002010901 1.102788e-04    42.06813   -236.07325    135.48970
[37,]   37 0.0002010901 1.102788e-04    42.06813   -236.07325    135.48970
[38,]   38 0.0002010901 1.102788e-04    42.06813   -236.07325    135.48970
[39,]   39 0.0002010901 1.102788e-04    42.06813   -236.07325    135.48970
[40,]   40 0.0002010901 1.102788e-04    42.06813   -236.07325    135.48970
[41,]   41 0.0002010901 1.102788e-04    42.06813   -236.07325    135.48970

