[22;0t]0;IPython: scripts/01_msprime_simulations$par
[1] 0.0136311023 0.0007292163

$value
[1] -584.6339

$counts
function gradient 
      24       24 

$convergence
[1] 0

$message
[1] "CONVERGENCE: REL_REDUCTION_OF_F <= FACTR*EPSMCH"

$loginfo
      step        par1         par2       fn           gr1           gr2
 [1,]    1 0.100000000 0.0100000000 797.1211  1.770327e+03  4.696201e+03
 [2,]    2 0.000001000 0.0000010000 889.0638  1.127170e+05 -2.877312e+06
 [3,]    3 0.049228414 0.0049232984 682.6034  1.276655e+03  1.041502e+04
 [4,]    4 0.017353456 0.0017360895 604.2591  2.921041e+02  2.325687e+04
 [5,]    5 0.007177765 0.0007186119 584.9393 -1.138515e+02  4.828480e+02
 [6,]    6 0.014768190 0.0000010000 971.5063  4.375081e+02 -3.154354e+06
 [7,]    7 0.009058567 0.0005407976 586.5393  1.924901e+01 -2.489840e+04
 [8,]    8 0.007376996 0.0006997762 584.9136 -1.010530e+02 -1.330868e+03
 [9,]    9 0.023702572 0.0008176982 585.3165  4.830006e+01  7.694564e+03
[10,]   10 0.012923296 0.0007398379 584.6494 -1.002549e+01  1.045661e+03
[11,]   11 0.013320679 0.0007303874 584.6355 -4.383116e+00  1.162044e+02
[12,]   12 0.013631102 0.0007292163 584.6339 -9.577715e-01 -3.157372e+01
[13,]   13 0.013722556 0.0007295744 584.6341 -6.070242e-02 -7.206180e+00
[14,]   14 0.013638154 0.0007292439 584.6339 -8.881305e-01 -2.970406e+01
[15,]   15 0.013631688 0.0007292186 584.6339 -9.519878e-01 -3.141858e+01
[16,]   16 0.013631151 0.0007292165 584.6339 -9.572885e-01 -3.156076e+01
[17,]   17 0.013631106 0.0007292163 584.6339 -9.577312e-01 -3.157264e+01
[18,]   18 0.013631103 0.0007292163 584.6339 -9.577681e-01 -3.157363e+01
[19,]   19 0.013631102 0.0007292163 584.6339 -9.577712e-01 -3.157371e+01
[20,]   20 0.013631102 0.0007292163 584.6339 -9.577715e-01 -3.157372e+01
[21,]   21 0.013631102 0.0007292163 584.6339 -9.577715e-01 -3.157372e+01
[22,]   22 0.013631102 0.0007292163 584.6339 -9.577715e-01 -3.157372e+01
[23,]   23 0.013631102 0.0007292163 584.6339 -9.577715e-01 -3.157372e+01
[24,]   24 0.013631102 0.0007292163 584.6339 -9.577715e-01 -3.157372e+01

