[22;0t]0;IPython: scripts/01_msprime_simulations$par
[1] 0.030148057 0.009845887

$value
[1] -5690.904

$counts
function gradient 
      34       34 

$convergence
[1] 0

$message
[1] "CONVERGENCE: REL_REDUCTION_OF_F <= FACTR*EPSMCH"

$loginfo
      step       par1         par2        fn           gr1           gr2
 [1,]    1 0.10000000  0.010000000  5699.369  1.387835e+02 -3.469691e+03
 [2,]    2 0.00000100 10.000000000 25676.179  2.416099e+03  2.213258e+03
 [3,]    3 0.08127556  1.880590599  8078.892  2.413070e+03  1.942125e+03
 [4,]    4 0.09560777  0.448788262  5991.082  2.328116e+03  3.480161e+02
 [5,]    5 0.09890011  0.119880204  6150.139  2.714671e+03 -8.219851e+02
 [6,]    6 0.09989579  0.020410333  5818.436  3.396999e+02  1.603926e+04
 [7,]    7 0.09999250  0.010749539  5698.487  1.164731e+02  9.479818e+02
 [8,]    8 0.09997353  0.010588798  5698.401  1.205870e+02  8.257145e+01
 [9,]    9 0.09994862  0.010570700  5698.397  1.210774e+02 -1.686759e+01
[10,]   10 0.09985249  0.010542959  5698.388  1.218508e+02 -1.687315e+02
[11,]   11 0.09953072  0.010495015  5698.363  1.232515e+02 -4.296577e+02
[12,]   12 0.09860840  0.010417019  5698.298  1.257167e+02 -8.496630e+02
[13,]   13 0.09599268  0.010283382  5698.123  1.305288e+02 -1.554765e+03
[14,]   14 0.08864233  0.010043666  5697.642  1.411874e+02 -2.762486e+03
[15,]   15 0.06605732  0.009533374  5696.102  1.713557e+02 -4.939631e+03
[16,]   16 0.00000100  0.008361291  5771.507 -1.053310e+05  3.870419e+03
[17,]   17 0.04315890  0.009127071  5694.156  1.831953e+02 -5.643092e+03
[18,]   18 0.01467468  0.008621656  5694.562 -3.324771e+02 -2.975860e+03
[19,]   19 0.02855430  0.008867932  5693.171  1.255388e+02 -5.109557e+03
[20,]   20 0.00000100  0.010847299  5771.031 -9.479947e+04  1.770142e+03
[21,]   21 0.01827176  0.009580737  5692.253 -3.091814e+02  4.763441e+02
[22,]   22 0.09596731  0.014997430  5734.403  1.224828e+02  1.341929e+04
[23,]   23 0.02836323  0.010284283  5691.419 -7.032831e+01  1.985341e+03
[24,]   24 0.02828757  0.009840948  5690.930 -2.863129e+01  1.837864e+02
[25,]   25 0.02911311  0.009816030  5690.911 -1.222634e+01 -2.230837e+01
[26,]   26 0.02993759  0.009835381  5690.905 -1.935454e+00 -2.682331e+01
[27,]   27 0.03014770  0.009845863  5690.904 -6.634095e-02 -2.067550e+00
[28,]   28 0.03015769  0.009846547  5690.904  1.057620e-03 -3.558191e-02
[29,]   29 0.03014942  0.009845981  5690.904 -5.471172e-02 -1.717147e+00
[30,]   30 0.03014806  0.009845887  5690.904 -6.389683e-02 -1.993911e+00
[31,]   31 0.03014896  0.009845949  5690.904 -5.783462e-02 -1.811248e+00
[32,]   32 0.03014824  0.009845900  5690.904 -6.265488e-02 -1.956491e+00
[33,]   33 0.03014810  0.009845890  5690.904 -6.363661e-02 -1.986078e+00
[34,]   34 0.03014806  0.009845887  5690.904 -6.389683e-02 -1.993911e+00

