[22;0t]0;IPython: scripts/01_msprime_simulations$par
[1] 0.000001 3.888857

$value
[1] -30868.64

$counts
function gradient 
      18       18 

$convergence
[1] 0

$message
[1] "CONVERGENCE: REL_REDUCTION_OF_F <= FACTR*EPSMCH"

$loginfo
      step         par1      par2       fn        gr1           gr2
 [1,]    1 0.1000000000  0.010000 38311.98 19378.1375 -7.003305e+05
 [2,]    2 0.0000010000 10.000000 36284.43  2416.0843  1.327585e+03
 [3,]    3 0.0666666749  3.340032 31096.32  2102.8322 -3.275530e+02
 [4,]    4 0.0566925331  3.341445 31074.95  2088.4467 -3.318598e+02
 [5,]    5 0.0167959660  3.347094 30991.54  1965.7009 -3.531683e+02
 [6,]    6 0.0000010000  3.349471 30963.89 -1564.6267 -3.722503e+02
 [7,]    7 0.0275089799  3.347432 31012.81  2021.4663 -3.453456e+02
 [8,]    8 0.0036765743  3.349199 30966.04  1686.2235 -3.621101e+02
 [9,]    9 0.0010508160  3.349394 30962.44   487.9685 -3.634595e+02
[10,]   10 0.0007797806  3.351186 30961.73  -112.4142 -3.622250e+02
[11,]   11 0.0000010000  3.364487 30958.39 -1148.0893 -3.602230e+02
[12,]   12 0.0000010000  3.370086 30956.38 -1003.3554 -3.557666e+02
[13,]   13 0.0000010000  3.392483 30948.61  -477.7805 -3.380906e+02
[14,]   14 0.0000010000  3.482070 30921.42   943.7611 -2.697212e+02
[15,]   15 0.0000010000  3.832504 30869.59  2297.9868 -3.384042e+01
[16,]   16 0.0000010000  3.882778 30868.65  2331.8453 -3.601624e+00
[17,]   17 0.0000010000  3.888766 30868.64  2335.1381 -5.406158e-02
[18,]   18 0.0000010000  3.888857 30868.64  2335.1876  2.783781e-04

