[22;0t]0;IPython: scripts/01_msprime_simulations$par
[1] 0.04977335 0.10248689

$value
[1] -29693.15

$counts
function gradient 
      34       34 

$convergence
[1] 0

$message
[1] "CONVERGENCE: REL_REDUCTION_OF_F <= FACTR*EPSMCH"

$loginfo
      step        par1        par2        fn           gr1           gr2
 [1,]    1 0.100000000  0.01000000  39018.72  2.118957e+04 -7.437614e+05
 [2,]    2 0.000001000 10.00000000  36727.89  2.416070e+03  1.290561e+03
 [3,]    3 0.066668082  3.33989189  31236.90  9.855887e+02  2.353482e+02
 [4,]    4 0.062242430  3.33876252  31232.50  8.817336e+02  2.322601e+02
 [5,]    5 0.022485309  3.32724138  31229.64 -1.596170e+03  1.757544e+02
 [6,]    6 0.047115370  3.33437888  31221.56  3.920365e+02  2.178650e+02
 [7,]    7 0.033210447  3.32908533  31219.98 -4.067496e+02  1.976701e+02
 [8,]    8 0.038955678  3.33008734  31219.02 -1.614745e+01  2.067934e+02
 [9,]    9 0.038694046  3.32874528  31218.75 -3.353840e+01  2.062226e+02
[10,]   10 0.037647520  3.32337707  31217.72 -1.053199e+02  2.039305e+02
[11,]   11 0.033461415  3.30190419  31214.54 -4.327297e+02  1.946780e+02
[12,]   12 0.028705805  3.20879885  31200.53 -1.030872e+03  1.810349e+02
[13,]   13 0.021798138  2.63553209  31096.85 -2.980314e+03  2.365254e+02
[14,]   14 0.000001000  0.82658935  31201.17 -2.104655e+06  2.133276e+02
[15,]   15 0.010331181  1.68389025  30832.29 -9.129279e+03  4.361771e+02
[16,]   16 0.003589985  1.12443891  30757.91 -2.906370e+04  2.553943e+02
[17,]   17 0.017124335  0.00000100 121230.82  8.632843e+04 -4.431170e+08
[18,]   18 0.008125875  0.74759578  30536.18 -1.327718e+04  4.310335e+02
[19,]   19 0.012625105  0.37379839  30243.70 -9.069543e+03  9.513133e+02
[20,]   20 0.015622940  0.12473732  29830.74 -1.008053e+04  2.082102e+03
[21,]   21 0.016622208  0.04171784  30224.08  1.060753e+04 -3.521806e+04
[22,]   22 0.015622940  0.12473732  29830.74 -1.008053e+04  2.082102e+03
[23,]   23 0.021584985  0.00000100 121599.48  7.913108e+04 -4.431263e+08
[24,]   24 0.017612152  0.08311957  29764.59 -6.451151e+03 -8.900443e+02
[25,]   25 1.177378774  1.50749030  33969.65  2.375822e+03 -2.802421e+02
[26,]   26 0.232140192  0.34659280  30743.08  2.741139e+03  2.798407e+03
[27,]   27 0.058984127  0.13393068  29737.08  2.511948e+01  2.348601e+03
[28,]   28 0.054121309  0.10648669  29694.22  1.253791e+02  3.888580e+02
[29,]   29 0.052347099  0.10063929  29693.82  2.419182e+02 -3.914077e+02
[30,]   30 0.052058887  0.10297941  29693.29  1.284067e+02 -1.826437e+01
[31,]   31 0.051196007  0.10293064  29693.20  7.659121e+01  8.041147e+00
[32,]   32 0.049704780  0.10252055  29693.15 -6.054638e+00  7.598342e+00
[33,]   33 0.049776489  0.10248968  29693.15  1.085645e-01  2.884241e-01
[34,]   34 0.049773353  0.10248689  29693.15  5.039619e-03  1.012706e-02

