[22;0t]0;IPython: scripts/01_msprime_simulations$par
[1] 0.001026191 0.011424674

$value
[1] -6425.385

$counts
function gradient 
      50       50 

$convergence
[1] 0

$message
[1] "CONVERGENCE: REL_REDUCTION_OF_F <= FACTR*EPSMCH"

$loginfo
      step         par1        par2        fn           gr1           gr2
 [1,]    1 0.1000000000  0.01000000  6576.686  3.596502e+02 -1.918390e+04
 [2,]    2 0.0000010000 10.00000000 25926.271  2.416088e+03  2.192378e+03
 [3,]    3 0.0708138425  2.92572630 10688.744  2.413808e+03  2.048192e+03
 [4,]    4 0.0910919302  0.89992507  7133.867  2.428361e+03  1.210215e+03
 [5,]    5 0.0971278931  0.29692635  6802.281  3.147014e+03 -2.494383e+02
 [6,]    6 0.0991213284  0.09778017  6960.707  3.624634e+03 -4.644821e+02
 [7,]    7 0.0998008705  0.02989323  6709.606  8.083434e+02  1.130575e+04
 [8,]    8 0.0999514509  0.01485011  6551.464  2.316697e+02  4.112310e+03
 [9,]    9 0.0999070794  0.01399419  6548.896  2.366381e+02  1.778192e+03
[10,]   10 0.0997847268  0.01333737  6548.389  2.453243e+02 -3.874938e+02
[11,]   11 0.0997283383  0.01344081  6548.354  2.438902e+02 -2.120901e+01
[12,]   12 0.0995943958  0.01348382  6548.324  2.436363e+02  1.298954e+02
[13,]   13 0.0984785163  0.01366094  6548.130  2.443984e+02  7.415174e+02
[14,]   14 0.0957177346  0.01389554  6547.714  2.498987e+02  1.519936e+03
[15,]   15 0.0862748416  0.01439048  6546.354  2.800055e+02  3.004068e+03
[16,]   16 0.0446572719  0.01601446  6535.279  7.529332e+02  5.464618e+03
[17,]   17 0.0000010000  0.01775701  6494.994 -3.950671e+05 -2.726620e+02
[18,]   18 0.0445963491  0.01601684  6535.246  7.545365e+02  5.464552e+03
[19,]   19 0.0148086168  0.01717919  6495.262  3.062141e+03  3.405196e+03
[20,]   20 0.0049547514  0.01756371  6452.138  6.264674e+03  1.464489e+03
[21,]   21 0.0000010000  0.01769237  6495.012 -3.958443e+05 -2.821128e+02
[22,]   22 0.0028300339  0.01761889  6438.527  6.250529e+03  1.181546e+03
[23,]   23 0.0009628715  0.01766739  6431.848 -3.444003e+03  1.198109e+03
[24,]   24 0.0023977575  0.01744749  6435.721  5.743688e+03  1.160800e+03
[25,]   25 0.0012618677  0.01762157  6431.447  6.329226e+02  1.183252e+03
[26,]   26 0.0012281349  0.01745310  6431.230  2.940804e+02  1.193988e+03
[27,]   27 0.0010932034  0.01677923  6430.467 -1.289031e+03  1.241995e+03
[28,]   28 0.0004776796  0.01074885  6429.011 -1.877222e+04  3.721745e+01
[29,]   29 0.0008645568  0.01453915  6428.233 -4.814497e+03  1.283462e+03
[30,]   30 0.0002254624  0.00299116  6560.617  1.256865e+04 -1.109019e+05
[31,]   31 0.0006671522  0.01097218  6426.615 -8.442387e+03 -1.065361e+00
[32,]   32 0.0008869267  0.01165185  6425.576 -2.634948e+03  2.381890e+02
[33,]   33 0.0009763852  0.01122419  6425.407 -6.522660e+02 -9.415109e+01
[34,]   34 0.0010155502  0.01140342  6425.385 -1.563755e+02 -5.752112e+00
[35,]   35 0.0010261911  0.01142467  6425.385 -1.177003e+01  6.797712e-01
[36,]   36 0.0010269647  0.01142451  6425.385 -2.652846e-01  5.755973e-02
[37,]   37 0.0010262171  0.01142467  6425.385 -1.138343e+01  6.588776e-01
[38,]   38 0.0010261920  0.01142467  6425.385 -1.175663e+01  6.790469e-01
[39,]   39 0.0010261911  0.01142467  6425.385 -1.176957e+01  6.797461e-01
[40,]   40 0.0010261911  0.01142467  6425.385 -1.177002e+01  6.797705e-01
[41,]   41 0.0010261911  0.01142467  6425.385 -1.177003e+01  6.797712e-01
[42,]   42 0.0010261911  0.01142467  6425.385 -1.177003e+01  6.797712e-01
[43,]   43 0.0010261911  0.01142467  6425.385 -1.177003e+01  6.797712e-01
[44,]   44 0.0010261911  0.01142467  6425.385 -1.177003e+01  6.797712e-01
[45,]   45 0.0010261911  0.01142467  6425.385 -1.177003e+01  6.797712e-01
[46,]   46 0.0010261911  0.01142467  6425.385 -1.177003e+01  6.797712e-01

