[22;0t]0;IPython: scripts/01_msprime_simulations$par
[1] 1.000000e-06 3.787029e-05

$value
[1] -110.4865

$counts
function gradient 
      45       45 

$convergence
[1] 0

$message
[1] "CONVERGENCE: REL_REDUCTION_OF_F <= FACTR*EPSMCH"

$loginfo
      step  par1         par2         fn       gr1          gr2
 [1,]    1 1e-01 1.000000e-02   352.4269  2216.861    2984.0092
 [2,]    2 1e-06 1.000000e-06   137.2189 55595.055 -268484.6535
 [3,]    3 1e-06 1.000000e+01 24354.8216  2416.088    2323.5766
 [4,]    4 1e-06 3.288336e+00  8275.9166  2415.994    2467.2838
 [5,]    5 1e-06 1.081181e+00  2781.7775  2415.572    2508.7779
 [6,]    6 1e-06 3.555875e-01   960.5070  2414.114    2503.9190
 [7,]    7 1e-06 1.170601e-01   367.4733  2409.583    2446.1134
 [8,]    8 1e-06 3.863152e-02   180.3856  2395.806    2257.0597
 [9,]    9 1e-06 1.282511e-02   126.9128  2349.350    1684.6634
[10,]   10 1e-06 1.274514e-02   126.7783  2348.841    1679.2836
[11,]   11 1e-06 1.242528e-02   126.2447  2346.722    1657.0716
[12,]   12 1e-06 1.114583e-02   124.1871  2336.596    1555.4701
[13,]   13 1e-06 6.028014e-03   117.9363  2210.813     717.6032
[14,]   14 1e-06 9.842591e-04   114.7769  5911.804    2470.7714
[15,]   15 1e-06 1.000000e-06   137.2189 55595.055 -268484.6535
[16,]   16 1e-06 6.670357e-04   113.8400  6664.906    3581.2412
[17,]   17 1e-06 3.037431e-04   112.0707  6075.264    6874.1663
[18,]   18 1e-06 1.000000e-06   137.2189 55595.055 -268484.6535
[19,]   19 1e-06 2.714025e-04   111.8427  5629.166    7388.5680
[20,]   20 1e-06 1.362012e-04   110.6911  1713.491    5223.7664
[21,]   21 1e-06 1.000000e-06   137.2189 55595.055 -268484.6535
[22,]   22 1e-06 1.351281e-04   110.6810  1674.234    5033.4645
[23,]   23 1e-06 6.806403e-05   110.1752  1973.820    8140.7117
[24,]   24 1e-06 6.777791e-05   110.1748  2005.493    8118.8081
[25,]   25 1e-06 2.370449e-05   111.1722 25254.738   -5985.4960
[26,]   26 1e-06 6.536861e-05   110.1727  2294.247    7918.2295
[27,]   27 1e-06 3.787029e-05   110.4865 10758.708    2203.6619
[28,]   28 1e-06 1.000000e-06   137.2189 55595.055 -268484.6535
[29,]   29 1e-06 3.784902e-05   110.4871 10772.854    2196.3680
[30,]   30 1e-06 3.787000e-05   110.4865 10758.902    2203.5616
[31,]   31 1e-06 3.787029e-05   110.4865 10758.711    2203.6606
[32,]   32 1e-06 3.787029e-05   110.4865 10758.708    2203.6619
[33,]   33 1e-06 3.787029e-05   110.4865 10758.708    2203.6619
[34,]   34 1e-06 3.787029e-05   110.4865 10758.708    2203.6619
[35,]   35 1e-06 3.787029e-05   110.4865 10758.708    2203.6619
[36,]   36 1e-06 3.787029e-05   110.4865 10758.708    2203.6619
[37,]   37 1e-06 3.787029e-05   110.4865 10758.708    2203.6619
[38,]   38 1e-06 3.787029e-05   110.4865 10758.708    2203.6619
[39,]   39 1e-06 3.787029e-05   110.4865 10758.708    2203.6619
[40,]   40 1e-06 3.787029e-05   110.4865 10758.708    2203.6619
[41,]   41 1e-06 3.787029e-05   110.4865 10758.708    2203.6619
[42,]   42 1e-06 3.787029e-05   110.4865 10758.708    2203.6619
[43,]   43 1e-06 3.787029e-05   110.4865 10758.708    2203.6619

