[22;0t]0;IPython: scripts/01_msprime_simulations$par
[1] 0.003145667 1.674391771

$value
[1] -19509.62

$counts
function gradient 
      23       23 

$convergence
[1] 0

$message
[1] "CONVERGENCE: REL_REDUCTION_OF_F <= FACTR*EPSMCH"

$loginfo
      step         par1      par2       fn           gr1           gr2
 [1,]    1 0.1000000000  0.010000 22113.87  7.764752e+03 -3.173880e+05
 [2,]    2 0.0000010000 10.000000 30750.19  2.416088e+03  1.789633e+03
 [3,]    3 0.0667554975  3.331159 20624.79  2.426414e+03  9.888269e+02
 [4,]    4 0.0413809091  3.320672 20552.90  2.419848e+03  9.937563e+02
 [5,]    5 0.0000010000  3.303570 20454.23 -8.980366e+04  1.010600e+03
 [6,]    6 0.0401107655  3.320147 20549.30  2.419162e+03  9.942090e+02
 [7,]    7 0.0128947933  3.308899 20472.84  2.335095e+03  1.006276e+03
 [8,]    8 0.0042279934  3.305317 20449.85  2.023052e+03  1.009420e+03
 [9,]    9 0.0000010000  3.268912 20419.32 -8.979650e+04  1.002756e+03
[10,]   10 0.0037349485  3.301071 20444.58  1.962194e+03  1.009142e+03
[11,]   11 0.0018679742  3.284991 20425.09  1.430991e+03  1.006797e+03
[12,]   12 0.0006150393  3.274200 20413.33 -7.759349e+02  1.004238e+03
[13,]   13 0.0053520787  0.000001 62421.89  1.056369e+05 -2.290826e+08
[14,]   14 0.0022800165  2.123383 19602.20  7.905788e+02  3.142398e+02
[15,]   15 0.0010845006  1.598469 19517.41 -5.092117e+03 -1.002213e+02
[16,]   16 0.0058914907  1.671859 19511.79  1.308618e+03 -1.961438e+00
[17,]   17 0.0046234283  1.691908 19510.60  9.080159e+02  2.493220e+01
[18,]   18 0.0019110381  1.675732 19510.56 -1.835119e+03  1.530082e+00
[19,]   19 0.0036291546  1.685978 19509.81  3.806754e+02  1.668131e+01
[20,]   20 0.0029228662  1.673258 19509.64 -2.166553e+02 -1.777894e+00
[21,]   21 0.0032017603  1.673748 19509.62  4.897111e+01 -9.366982e-01
[22,]   22 0.0031495732  1.674537 19509.62  3.250089e+00  1.968304e-01
[23,]   23 0.0031456673  1.674392 19509.62 -3.217818e-01 -1.705414e-02

