[22;0t]0;IPython: scripts/01_msprime_simulations$par
[1] 0.007448466 1.128068516

$value
[1] -54119.42

$counts
function gradient 
      36       36 

$convergence
[1] 0

$message
[1] "CONVERGENCE: REL_REDUCTION_OF_F <= FACTR*EPSMCH"

$loginfo
      step         par1      par2        fn           gr1           gr2
 [1,]    1 0.1000000000  0.010000 127186.79  7.177680e+04 -3.279348e+06
 [2,]    2 0.0000010000 10.000000  57558.12 -4.564486e+06  4.645920e+02
 [3,]    3 2.8220716752 10.000000  64072.88  2.004629e+03  9.216410e+01
 [4,]    4 0.9399469478 10.000000  59509.40  3.006528e+03  2.009523e+02
 [5,]    5 0.3131346430 10.000000  57442.18  3.574895e+03  3.522020e+02
 [6,]    6 0.1042801602 10.000000  56713.24  3.107157e+03  4.245506e+02
 [7,]    7 0.1042092117  9.998706  56712.48  3.106998e+03  4.246222e+02
 [8,]    8 0.1039254180  9.993530  56709.39  3.106358e+03  4.249156e+02
 [9,]    9 0.1027902430  9.972826  56697.06  3.103716e+03  4.260917e+02
[10,]   10 0.0982495431  9.890009  56647.51  3.091245e+03  4.306523e+02
[11,]   11 0.0800867434  9.558741  56448.35  2.953316e+03  4.351304e+02
[12,]   12 0.0074355445  8.233670  55875.01 -1.344507e+04  3.529435e+02
[13,]   13 0.0454735010  8.918727  56081.92  1.886777e+03  4.231668e+02
[14,]   14 0.0146972426  8.364452  55864.13 -4.495477e+03  3.717949e+02
[15,]   15 0.0129863430  8.329049  55859.78 -5.741389e+03  3.659701e+02
[16,]   16 0.0107231092  8.275213  55855.65 -7.964697e+03  3.584460e+02
[17,]   17 0.0102240180  8.253685  55852.08 -8.582455e+03  3.560150e+02
[18,]   18 0.0082276535  8.167573  55841.87 -1.178068e+04  3.492535e+02
[19,]   19 0.0067700724  7.881111  55757.39 -1.506892e+04  3.643329e+02
[20,]   20 0.0009397477  6.735264  55641.86 -1.216831e+05  2.212864e+02
[21,]   21 0.0043235542  7.400291  55645.97 -2.557315e+04  2.929626e+02
[22,]   22 0.0067610602  4.583429  54963.63 -1.342060e+04  3.781236e+02
[23,]   23 0.0107272215  0.000001 443721.92  1.178842e+05 -1.642283e+09
[24,]   24 0.0080875808  3.050457  54446.63 -7.486098e+03  1.891151e+02
[25,]   25 0.0095435893  0.000001 443581.91  1.186921e+05 -1.642282e+09
[26,]   26 0.0085734283  2.032567  54298.56 -3.600185e+03  2.529540e+02
[27,]   27 0.0090585088  1.016284  54136.39  3.846882e+03 -9.810581e+01
[28,]   28 0.0087327610  1.711246  54213.87 -1.821253e+03  2.306938e+02
[29,]   29 0.0089999998  1.141109  54122.47  3.226844e+03  5.670663e+01
[30,]   30 0.0066861642  1.087339  54123.52 -2.195508e+03 -1.464934e+02
[31,]   31 0.0079436216  1.116561  54120.03  1.218795e+03 -5.170663e+01
[32,]   32 0.0067638673  1.138245  54120.34 -1.987902e+03  5.244385e+01
[33,]   33 0.0074072557  1.126419  54119.43 -1.027508e+02 -7.593177e+00
[34,]   34 0.0074551166  1.128300  54119.42  1.651917e+01  1.073078e+00
[35,]   35 0.0074484783  1.128068  54119.42  3.052177e-02 -4.301946e-03
[36,]   36 0.0074484656  1.128069  54119.42 -4.915819e-03  1.329317e-04

