[22;0t]0;IPython: scripts/01_msprime_simulations$par
[1] 0.09906612 0.49996183

$value
[1] -55431.98

$counts
function gradient 
      35       35 

$convergence
[1] 0

$message
[1] "CONVERGENCE: REL_REDUCTION_OF_F <= FACTR*EPSMCH"

$loginfo
      step       par1       par2        fn           gr1           gr2
 [1,]    1 0.10000000  0.0100000 121014.02  6.875698e+04 -3.100096e+06
 [2,]    2 0.00000100 10.0000000  62978.17 -1.000220e+07  2.969076e+02
 [3,]    3 1.50562466 10.0000000  62107.97  2.005611e+03  2.315261e+02
 [4,]    4 0.50123144 10.0000000  60102.65  1.751246e+03  2.887725e+02
 [5,]    5 0.16703346 10.0000000  59715.08 -1.341664e+02  3.353314e+02
 [6,]    6 0.16703571  9.9988981  59714.71 -1.340139e+02  3.353545e+02
 [7,]    7 0.16704469  9.9944905  59713.23 -1.334032e+02  3.354514e+02
 [8,]    8 0.16708060  9.9768601  59707.31 -1.309523e+02  3.358392e+02
 [9,]    9 0.16722427  9.9063384  59683.55 -1.210148e+02  3.373794e+02
[10,]   10 0.16779893  9.6242517  59587.55 -7.874330e+01  3.426079e+02
[11,]   11 0.17009759  8.4959048  59191.93  1.604569e+02  3.498493e+02
[12,]   12 0.17929224  3.9825174  57695.69  1.373391e+03  3.883224e+02
[13,]   13 0.18740539  0.0000010 434523.52  0.000000e+00 -1.557996e+09
[14,]   14 0.18200469  2.6510525  57157.64  1.699541e+03  4.616783e+02
[15,]   15 0.18560483  0.8838465  55804.34  1.133707e+03  1.210642e+03
[16,]   16 0.18558591  0.8798683  55799.50  1.131613e+03  1.209053e+03
[17,]   17 0.18551024  0.8639557  55780.24  1.124085e+03  1.201203e+03
[18,]   18 0.18520756  0.8003051  55705.09  1.111732e+03  1.141121e+03
[19,]   19 0.18399685  0.5457030  55528.54  1.823344e+03 -2.352864e+02
[20,]   20 0.18414736  0.5987709  55532.51  1.502092e+03  3.324551e+02
[21,]   21 0.18405017  0.5645045  55526.44  1.693685e+03 -4.175880e+00
[22,]   22 0.18399651  0.5644233  55526.35  1.693672e+03 -4.752199e+00
[23,]   23 0.18378187  0.5640987  55525.99  1.693619e+03 -7.059129e+00
[24,]   24 0.18292330  0.5628001  55524.55  1.693387e+03 -1.631296e+01
[25,]   25 0.17948903  0.5576058  55518.92  1.692084e+03 -5.374694e+01
[26,]   26 0.16575194  0.5368285  55498.47  1.679243e+03 -2.101397e+02
[27,]   27 0.03466036  0.4250699  55654.71 -1.168835e+04  3.185655e+02
[28,]   28 0.11148557  0.4905651  55438.26  7.664382e+02 -2.853987e+02
[29,]   29 0.08112542  0.4815904  55441.06 -1.134504e+03  2.630449e+01
[30,]   30 0.09743832  0.4864127  55432.92  8.054220e+01 -1.511017e+02
[31,]   31 0.09874942  0.4968614  55432.03  2.033621e+01 -3.381183e+01
[32,]   32 0.09905270  0.4998018  55431.98  1.210052e+00 -1.760762e+00
[33,]   33 0.09906534  0.4999594  55431.98 -1.130462e-02 -1.946282e-02
[34,]   34 0.09906612  0.4999618  55431.98  5.440488e-03 -4.492540e-04

