[22;0t]0;IPython: scripts/01_msprime_simulations$par
[1] 0.007973502 0.045956273

$value
[1] -13190.13

$counts
function gradient 
      26       26 

$convergence
[1] 0

$message
[1] "CONVERGENCE: REL_REDUCTION_OF_F <= FACTR*EPSMCH"

$loginfo
      step        par1        par2       fn           gr1           gr2
 [1,]    1 0.100000000  0.01000000 15511.57  6.819320e+03 -2.305413e+05
 [2,]    2 0.000001000 10.00000000 28895.14  2.416099e+03  1.944510e+03
 [3,]    3 0.066913161  3.31540829 17070.81  2.262160e+03  1.451253e+03
 [4,]    4 0.088981985  1.11071073 14464.50  2.819631e+03  9.279694e+02
 [5,]    5 0.075545314  1.10619997 14422.90  2.736616e+03  9.481546e+02
 [6,]    6 0.021798629  1.08815694 14284.54  1.081853e+03  1.015980e+03
 [7,]    7 0.000001000  1.07183130 14541.05 -1.313186e+06  9.771000e+02
 [8,]    8 0.013863892  1.08221411 14274.15 -1.708042e+02  1.030112e+03
 [9,]    9 0.009885827  1.06688320 14261.31 -1.507476e+03  1.039713e+03
[10,]   10 0.001669839  0.95864569 14199.75 -2.205360e+04  1.025121e+03
[11,]   11 0.005294856  0.66774889 13865.28 -6.889955e+03  8.435150e+02
[12,]   12 0.006387058  0.00000100 44418.52  6.489630e+04 -1.627589e+08
[13,]   13 0.005663828  0.44216772 13660.04 -5.329361e+03  1.030445e+03
[14,]   14 0.006025443  0.22108436 13429.57 -3.773345e+03  1.107716e+03
[15,]   15 0.006266311  0.07382286 13227.75 -3.394080e+03  1.689992e+03
[16,]   16 0.006346598  0.02473684 13291.23  8.155374e+03 -1.642364e+04
[17,]   17 0.006266311  0.07382286 13227.75 -3.394080e+03  1.689992e+03
[18,]   18 0.007280762  0.00000100 44475.35  6.231978e+04 -1.627628e+08
[19,]   19 0.006604613  0.04920456 13192.55 -1.947973e+03  6.641759e+02
[20,]   20 0.007456531  0.03382371 13211.52  2.922013e+03 -4.686514e+03
[21,]   21 0.006825584  0.04521507 13190.71 -1.108186e+03  4.281025e+01
[22,]   22 0.007548886  0.04552367 13190.20 -3.368420e+02 -1.577065e+01
[23,]   23 0.007904664  0.04596617 13190.13 -6.350744e+01  1.216773e+01
[24,]   24 0.007971520  0.04592810 13190.13  2.450929e+00 -4.947529e+00
[25,]   25 0.007974210  0.04595905 13190.13  2.010867e-01  4.116110e-01
[26,]   26 0.007973502  0.04595627 13190.13 -1.414939e-02  1.799690e-03

