[22;0t]0;IPython: scripts/01_msprime_simulations$par
[1] 0.0548808943 0.0003991222

$value
[1] -348.304

$counts
function gradient 
      47       47 

$convergence
[1] 0

$message
[1] "CONVERGENCE: REL_REDUCTION_OF_F <= FACTR*EPSMCH"

$loginfo
      step        par1         par2       fn           gr1           gr2
 [1,]    1 0.100000000 0.0100000000 573.6004  2038.5831429  2.775686e+03
 [2,]    2 0.000001000 0.0000010000 491.2790 94785.1335665 -1.402131e+06
 [3,]    3 0.095147638 0.0095148075 562.3855  2022.3468719  2.840813e+03
 [4,]    4 0.047574319 0.0047579037 455.1124  1649.7133678  5.640769e+03
 [5,]    5 0.016818911 0.0016826398 384.4890   625.8959727  2.033484e+04
 [6,]    6 0.008019616 0.0008027895 357.9754    75.3023972  2.966833e+04
 [7,]    7 0.000001000 0.0000010000 491.2790 94785.1335665 -1.402131e+06
 [8,]    8 0.007211423 0.0007219774 355.5659    19.9715930  2.829800e+04
 [9,]    9 0.003606211 0.0003614887 348.9696  -128.3438332 -2.381287e+03
[10,]   10 0.004228784 0.0004079951 349.0912  -137.6808397  6.117767e+03
[11,]   11 0.003730694 0.0003707876 348.9654  -132.3047176 -4.700576e+02
[12,]   12 0.003971889 0.0003821918 348.9688  -130.3674689  1.625560e+03
[13,]   13 0.003789116 0.0003735499 348.9642  -131.8984811  4.934019e+01
[14,]   14 0.004219356 0.0003877870 348.9621  -122.5654522  2.488513e+03
[15,]   15 0.004576349 0.0003935150 348.9497  -111.4467647  3.287845e+03
[16,]   16 0.005820287 0.0004024251 348.8841   -81.0375079  4.174821e+03
[17,]   17 0.008018969 0.0003987576 348.7248   -50.2381002  2.518911e+03
[18,]   18 0.011626847 0.0003935791 348.5675   -29.4830179  4.180939e+02
[19,]   19 0.017261660 0.0003975845 348.4537   -16.0981598  4.581399e+02
[20,]   20 0.025225217 0.0000010000 539.8849    69.7914072 -1.690371e+06
[21,]   21 0.018157001 0.0003529966 348.5542    -9.2996159 -1.133138e+04
[22,]   22 0.017509845 0.0003852249 348.4337   -14.3531391 -2.463426e+03
[23,]   23 0.017327252 0.0003943180 348.4451   -15.6480930 -2.909819e+02
[24,]   24 0.024024013 0.0003982401 348.3785    -7.6713080  1.479388e+02
[25,]   25 0.030322624 0.0003994932 348.3462    -3.9672073  2.571863e+02
[26,]   26 0.036990251 0.0003992007 348.3260    -2.1282337  1.058500e+02
[27,]   27 0.044720529 0.0003991647 348.3135    -1.2086455  5.962738e+01
[28,]   28 0.054880894 0.0003991222 348.3040    -0.7316645  3.508998e+01
[29,]   29 0.071457249 0.0004183230 348.3776    -0.4305032  4.566306e+03
[30,]   30 0.055477716 0.0003998135 348.3051    -0.7157636  2.041357e+02
[31,]   31 0.054909658 0.0003991555 348.3040    -0.7308845  4.324652e+01
[32,]   32 0.054882298 0.0003991238 348.3040    -0.7316265  3.548794e+01
[33,]   33 0.054880963 0.0003991223 348.3040    -0.7316627  3.510940e+01
[34,]   34 0.054880898 0.0003991222 348.3040    -0.7316645  3.509092e+01
[35,]   35 0.054880894 0.0003991222 348.3040    -0.7316645  3.509002e+01
[36,]   36 0.054880894 0.0003991222 348.3040    -0.7316646  3.508998e+01
[37,]   37 0.054880894 0.0003991222 348.3040    -0.7316646  3.508998e+01
[38,]   38 0.054880894 0.0003991222 348.3040    -0.7316646  3.508998e+01
[39,]   39 0.054880894 0.0003991222 348.3040    -0.7316645  3.508998e+01
[40,]   40 0.054880894 0.0003991222 348.3040    -0.7316646  3.508998e+01
[41,]   41 0.054880894 0.0003991222 348.3040    -0.7316645  3.508998e+01
[42,]   42 0.054880894 0.0003991222 348.3040    -0.7316645  3.508998e+01
[43,]   43 0.054880894 0.0003991222 348.3040    -0.7316645  3.508998e+01
[44,]   44 0.054880894 0.0003991222 348.3040    -0.7316645  3.508998e+01

