[22;0t]0;IPython: scripts/01_msprime_simulations$par
[1] 0.0001600315 0.0064123937

$value
[1] -4685.742

$counts
function gradient 
      52       52 

$convergence
[1] 0

$message
[1] "CONVERGENCE: REL_REDUCTION_OF_F <= FACTR*EPSMCH"

$loginfo
      step         par1        par2        fn          gr1           gr2
 [1,]    1 0.1000000000 0.010000000  4841.553     276.9622  2.352705e+02
 [2,]    2 0.0000010000 0.000001000 10653.275  122670.3737 -3.915362e+07
 [3,]    3 0.0670660819 0.006706905  4861.362     551.8868 -2.397463e+04
 [4,]    4 0.0935883670 0.009358894  4840.486     295.2772 -2.712724e+03
 [5,]    5 0.0865095407 0.009262654  4838.597     318.5900 -3.133508e+03
 [6,]    6 0.0581942354 0.008877693  4828.922     502.5285 -4.534363e+03
 [7,]    7 0.0000010000 0.008086526  4704.407 -145518.0508 -8.896943e+02
 [8,]    8 0.0580184723 0.008875303  4828.844     504.4321 -4.541134e+03
 [9,]    9 0.0188146071 0.008342307  4793.190    2011.8352 -4.706979e+03
[10,]   10 0.0059285092 0.008167114  4750.119    6097.2990 -2.660244e+03
[11,]   11 0.0000010000 0.008086526  4704.407 -145518.0508 -8.896943e+02
[12,]   12 0.0934284935 0.009836643  4839.700     292.8406 -4.515129e+02
[13,]   13 0.0305653905 0.008659069  4809.421    1130.4978 -4.310265e+03
[14,]   14 0.0097640821 0.008269412  4768.410    3900.4056 -3.489960e+03
[15,]   15 0.0030242000 0.008143158  4727.716    9927.3464 -1.288544e+03
[16,]   16 0.0009420668 0.008104155  4700.863   16847.0444  2.979828e+02
[17,]   17 0.0008446237 0.008072077  4699.190   17223.5518  4.195022e+02
[18,]   18 0.0004548515 0.007943768  4692.313   16361.1915  1.202074e+03
[19,]   19 0.0000010000 0.007794364  4704.710 -157635.7597  0.000000e+00
[20,]   20 0.0003061397 0.007894813  4690.001   12246.8883  1.821784e+03
[21,]   21 0.0000010000 0.007407572  4704.334 -165630.0382  2.147737e+03
[22,]   22 0.0002483319 0.007802507  4689.139    9059.2128  2.278163e+03
[23,]   23 0.0000010000 0.007163090  4703.822 -166339.7060  1.702408e+03
[24,]   24 0.0002181658 0.007724520  4688.671    6569.5466  2.529131e+03
[25,]   25 0.0000010000 0.006729539  4703.642 -171447.4700 -1.144439e+03
[26,]   26 0.0001928519 0.007608540  4688.181    3700.5676  2.688467e+03
[27,]   27 0.0000010000 0.006243394  4704.573 -182415.9431  1.282076e+03
[28,]   28 0.0001754600 0.007484786  4687.752     907.5873  2.688584e+03
[29,]   29 0.0000506224 0.006097931  4688.752  -27370.8793 -1.196649e+03
[30,]   30 0.0001291688 0.006970524  4686.532  -17024.0598  1.884408e+03
[31,]   31 0.0001345705 0.006624982  4685.960  -16843.8559  1.091979e+03
[32,]   32 0.0001912361 0.006046887  4686.278    4048.4359 -2.417021e+03
[33,]   33 0.0001552496 0.006414017  4685.743   -8017.0878  1.202638e+02
[34,]   34 0.0001761261 0.006406931  4685.776    -962.1635  3.433473e+01
[35,]   35 0.0001600315 0.006412394  4685.742   -6161.4656  1.022149e+02
[36,]   36 0.0001758467 0.006396738  4685.775   -1031.8445 -2.533456e+01
[37,]   37 0.0001630369 0.006409419  4685.744   -5077.8268  7.906741e+01
[38,]   38 0.0001606313 0.006411800  4685.742   -5940.5553  9.764162e+01
[39,]   39 0.0001601521 0.006412274  4685.742   -6116.8647  1.012975e+02
[40,]   40 0.0001600558 0.006412370  4685.742   -6152.4795  1.020303e+02
[41,]   41 0.0001600364 0.006412389  4685.742   -6159.6559  1.021778e+02
[42,]   42 0.0001600325 0.006412393  4685.742   -6161.1012  1.022075e+02
[43,]   43 0.0001600317 0.006412393  4685.742   -6161.3922  1.022134e+02
[44,]   44 0.0001600316 0.006412394  4685.742   -6161.4508  1.022146e+02
[45,]   45 0.0001600315 0.006412394  4685.742   -6161.4626  1.022149e+02
[46,]   46 0.0001600315 0.006412394  4685.742   -6161.4650  1.022149e+02
[47,]   47 0.0001600315 0.006412394  4685.742   -6161.4655  1.022149e+02
[48,]   48 0.0001600315 0.006412394  4685.742   -6161.4656  1.022149e+02
[49,]   49 0.0001600315 0.006412394  4685.742   -6161.4655  1.022149e+02
[50,]   50 0.0001600315 0.006412394  4685.742   -6161.4655  1.022149e+02
[51,]   51 0.0001600315 0.006412394  4685.742   -6161.4656  1.022149e+02
[52,]   52 0.0001600315 0.006412394  4685.742   -6161.4656  1.022149e+02

