[22;0t]0;IPython: scripts/01_msprime_simulations$par
[1] 0.004285887 0.719557902

$value
[1] -20398.05

$counts
function gradient 
      31       31 

$convergence
[1] 0

$message
[1] "CONVERGENCE: REL_REDUCTION_OF_F <= FACTR*EPSMCH"

$loginfo
      step        par1       par2       fn           gr1           gr2
 [1,]    1 0.100000000  0.0100000 24766.20  1.100472e+04 -3.942433e+05
 [2,]    2 0.000001000 10.0000000 31764.74  2.416098e+03  1.704930e+03
 [3,]    3 0.066714279  3.3352768 22331.95  2.451909e+03  9.047375e+02
 [4,]    4 0.046002295  3.3274214 22274.44  2.410991e+03  9.017302e+02
 [5,]    5 0.000001000  3.3099746 22180.18 -1.020800e+05  8.287474e+02
 [6,]    6 0.044790636  3.3269618 22271.11  2.407389e+03  9.014663e+02
 [7,]    7 0.022395818  3.3184682 22210.73  2.276077e+03  8.932503e+02
 [8,]    8 0.007363755  3.3127671 22173.58  1.873983e+03  8.793641e+02
 [9,]    9 0.000001000  3.2908806 22164.45 -1.081571e+05  8.191700e+02
[10,]   10 0.007063929  3.3118758 22172.24  1.851007e+03  8.786080e+02
[11,]   11 0.003532465  3.3013782 22157.27  1.315691e+03  8.688129e+02
[12,]   12 0.000001000  2.7168186 21767.51 -2.461618e+05  5.423323e+02
[13,]   13 0.001832676  3.0200140 21929.51 -1.470694e+03  7.489014e+02
[14,]   14 0.072922245  0.0000010 75326.53  2.304283e+04 -2.655538e+08
[15,]   15 0.026281752  1.9813732 21227.73  2.251793e+03  7.877022e+02
[16,]   16 0.057064477  0.6736675 20662.34  5.814658e+03 -1.465302e+02
[17,]   17 0.033112087  1.2214068 20663.33  3.824511e+03  4.614703e+02
[18,]   18 0.046079728  0.9248650 20629.16  4.600266e+03  2.184881e+02
[19,]   19 0.027876382  0.8523840 20528.22  4.621351e+03  2.406789e+02
[20,]   20 0.000001000  0.7413915 20565.65 -9.870729e+05  7.308926e+01
[21,]   21 0.012993498  0.7931242 20438.43  4.182488e+03  3.837867e+02
[22,]   22 0.004432454  0.7590364 20402.52  3.807175e+02  2.282568e+02
[23,]   23 0.000001000  0.5512361 20580.90 -1.055964e+06  4.617440e+01
[24,]   24 0.002781569  0.6816229 20402.83 -4.145693e+03 -6.725121e+01
[25,]   25 0.003712820  0.7252912 20398.36 -8.797295e+02  2.471639e+01
[26,]   26 0.010662979  0.6812642 20413.33  3.633730e+03 -6.672663e+00
[27,]   27 0.004500319  0.7203027 20398.09  2.973197e+02  5.815168e+00
[28,]   28 0.004315681  0.7196573 20398.05  4.178989e+01  7.881496e-01
[29,]   29 0.004285450  0.7195579 20398.05 -1.991299e+00 -1.064427e-02
[30,]   30 0.004286852  0.7195578 20398.05  2.667402e-03  3.156929e-03
[31,]   31 0.004285887  0.7195579 20398.05 -1.369318e+00 -6.345217e-03

