[22;0t]0;IPython: scripts/01_msprime_simulations$par
[1] 0.002739054 0.004025367

$value
[1] -2644.622

$counts
function gradient 
      18       18 

$convergence
[1] 0

$message
[1] "CONVERGENCE: REL_REDUCTION_OF_F <= FACTR*EPSMCH"

$loginfo
      step        par1         par2       fn           gr1           gr2
 [1,]    1 0.100000000 0.0100000000 2749.796  5.040790e+02  1.650675e+04
 [2,]    2 0.000001000 0.0000010000 5202.370  1.194391e+05 -1.889243e+07
 [3,]    3 0.065133856 0.0065136994 2686.013  3.140613e+02  1.026180e+04
 [4,]    4 0.007684611 0.0007795512 2888.657  8.935493e+03 -3.541184e+05
 [5,]    5 0.045871094 0.0045910365 2670.335  2.900765e+02 -1.712590e+03
 [6,]    6 0.039317811 0.0044125086 2668.770  3.321099e+02 -3.477481e+03
 [7,]    7 0.013104681 0.0036983974 2658.014  1.107245e+03 -8.986950e+03
 [8,]    8 0.000001000 0.0033414203 2698.423 -3.403407e+05  8.133882e+02
 [9,]    9 0.008064001 0.0035610766 2652.686  1.497621e+03 -8.448021e+03
[10,]   10 0.002786620 0.0034173076 2645.773  8.463104e+02 -4.251592e+03
[11,]   11 0.000001000 0.0036399550 2698.713 -3.390543e+05  1.268426e+03
[12,]   12 0.001876728 0.0034900329 2645.408 -7.785274e+02 -1.862321e+03
[13,]   13 0.004412954 0.0049750124 2646.694  7.131866e+02  2.749401e+03
[14,]   14 0.002775171 0.0040160782 2644.624  4.840187e+01 -7.437867e+01
[15,]   15 0.002755222 0.0040228662 2644.623  2.046079e+01 -2.516606e+01
[16,]   16 0.002739165 0.0040255150 2644.622  1.613948e-02  6.890172e-01
[17,]   17 0.002739054 0.0040253669 2644.622  1.100043e-02  7.780297e-02

