[22;0t]0;IPython: scripts/01_msprime_simulations$par
[1] 1.000000e-06 6.592249e-05

$value
[1] -128.3438

$counts
function gradient 
      69       69 

$convergence
[1] 52

$message
[1] "ERROR: ABNORMAL_TERMINATION_IN_LNSRCH"

$loginfo
      step  par1         par2         fn       gr1          gr2
 [1,]    1 1e-01 1.000000e-02   369.0764  2215.293    2742.5919
 [2,]    2 1e-06 1.000000e-06   162.0776 61524.853 -336758.2241
 [3,]    3 1e-06 1.000000e+01 24357.3998  2416.088    2323.3613
 [4,]    4 1e-06 3.297388e+00  8303.1508  2415.994    2466.4720
 [5,]    5 1e-06 1.087191e+00  2804.0152  2415.576    2506.8461
 [6,]    6 1e-06 3.585645e-01   977.3507  2414.133    2498.5160
 [7,]    7 1e-06 1.183651e-01   382.2758  2409.657    2430.2071
 [8,]    8 1e-06 3.916481e-02   195.4135  2396.116    2209.8421
 [9,]    9 1e-06 1.303252e-02   143.2879  2355.576    1544.8262
[10,]   10 1e-06 1.297301e-02   143.1961  2355.297    1540.2518
[11,]   11 1e-06 1.273499e-02   142.8317  2354.155    1521.5263
[12,]   12 1e-06 1.178287e-02   141.4213  2349.124    1439.0560
[13,]   13 1e-06 7.974417e-03   136.8139  2316.720     912.1708
[14,]   14 1e-06 6.815776e-04   131.6657 12786.927    3455.4511
[15,]   15 1e-06 1.000000e-06   162.0776     0.000 -336758.2241
[16,]   16 1e-06 6.815776e-04   131.6657 12786.927    3455.4511
[17,]   17 1e-06 1.000000e-06   162.0776 61524.853 -336758.2241
[18,]   18 1e-06 4.843223e-04   130.8829 14662.049    4637.8674
[19,]   19 1e-06 2.426612e-04   129.4838 13910.482    7204.8009
[20,]   20 1e-06 2.325418e-04   129.4096 13609.790    7299.4789
[21,]   21 1e-06 2.243853e-04   129.3487 13339.746    7361.2217
[22,]   22 1e-06 1.126926e-04   128.4756  7728.578  -22125.5700
[23,]   23 1e-06 1.965018e-04   129.1340 12221.530    7387.3527
[24,]   24 1e-06 1.310861e-04   128.6105  8652.669    1623.0905
[25,]   25 1e-06 1.000000e-06   162.0776 61524.853 -336758.2241
[26,]   26 1e-06 1.308450e-04   128.6087  8639.212    1539.1859
[27,]   27 1e-06 6.592249e-05   128.3438  8685.344    5453.7191
[28,]   28 1e-06 6.577863e-05   128.3446  8704.588    5433.6536
[29,]   29 1e-06 6.592249e-05   128.3438  8685.344    5453.7191
[30,]   30 1e-06 1.000000e-06   162.0776 61524.853 -336758.2241
[31,]   31 1e-06 6.577863e-05   128.3446  8704.588    5433.6536
[32,]   32 1e-06 6.590980e-05   128.3439  8687.035    5451.9551
[33,]   33 1e-06 6.592136e-05   128.3438  8685.493    5453.5629
[34,]   34 1e-06 6.592239e-05   128.3438  8685.357    5453.7053
[35,]   35 1e-06 6.592248e-05   128.3438  8685.345    5453.7179
[36,]   36 1e-06 6.592249e-05   128.3438  8685.344    5453.7190
[37,]   37 1e-06 6.592249e-05   128.3438  8685.344    5453.7191
[38,]   38 1e-06 6.592249e-05   128.3438  8685.344    5453.7191
[39,]   39 1e-06 6.592249e-05   128.3438  8685.344    5453.7191
[40,]   40 1e-06 6.592249e-05   128.3438  8685.344    5453.7191
[41,]   41 1e-06 6.592249e-05   128.3438  8685.344    5453.7191
[42,]   42 1e-06 6.592249e-05   128.3438  8685.344    5453.7191
[43,]   43 1e-06 6.592249e-05   128.3438  8685.344    5453.7191
[44,]   44 1e-06 6.592249e-05   128.3438  8685.344    5453.7191
[45,]   45 1e-06 6.592249e-05   128.3438  8685.344    5453.7191
[46,]   46 1e-06 6.592249e-05   128.3438  8685.344    5453.7191
[47,]   47 1e-06 6.592249e-05   128.3438  8685.344    5453.7191
[48,]   48 1e-06 6.592249e-05   128.3438  8685.344    5453.7191
[49,]   49 1e-06 6.592249e-05   128.3438  8685.344    5453.7191
[50,]   50 1e-06 1.000000e-06   162.0776 61524.853 -336758.2241
[51,]   51 1e-06 6.577863e-05   128.3446  8704.588    5433.6536
[52,]   52 1e-06 6.590980e-05   128.3439  8687.035    5451.9551
[53,]   53 1e-06 6.592136e-05   128.3438  8685.493    5453.5629
[54,]   54 1e-06 6.592239e-05   128.3438  8685.357    5453.7053
[55,]   55 1e-06 6.592248e-05   128.3438  8685.345    5453.7179
[56,]   56 1e-06 6.592249e-05   128.3438  8685.344    5453.7190
[57,]   57 1e-06 6.592249e-05   128.3438  8685.344    5453.7191
[58,]   58 1e-06 6.592249e-05   128.3438  8685.344    5453.7191
[59,]   59 1e-06 6.592249e-05   128.3438  8685.344    5453.7191
[60,]   60 1e-06 6.592249e-05   128.3438  8685.344    5453.7191
[61,]   61 1e-06 6.592249e-05   128.3438  8685.344    5453.7191
[62,]   62 1e-06 6.592249e-05   128.3438  8685.344    5453.7191
[63,]   63 1e-06 6.592249e-05   128.3438  8685.344    5453.7191
[64,]   64 1e-06 6.592249e-05   128.3438  8685.344    5453.7191
[65,]   65 1e-06 6.592249e-05   128.3438  8685.344    5453.7191
[66,]   66 1e-06 6.592249e-05   128.3438  8685.344    5453.7191
[67,]   67 1e-06 6.592249e-05   128.3438  8685.344    5453.7191
[68,]   68 1e-06 6.592249e-05   128.3438  8685.344    5453.7191
[69,]   69 1e-06 6.592249e-05   128.3438  8685.344    5453.7191

