[22;0t]0;IPython: scripts/01_msprime_simulations$par
[1] 0.0004830006 0.0041098614

$value
[1] -3697.845

$counts
function gradient 
      40       40 

$convergence
[1] 0

$message
[1] "CONVERGENCE: REL_REDUCTION_OF_F <= FACTR*EPSMCH"

$loginfo
      step         par1        par2       fn           gr1           gr2
 [1,]    1 1.000000e-01 0.010000000 3791.769     142.24902  1.746348e+04
 [2,]    2 1.000000e-06 0.000001000 7732.159  122938.45848 -2.830765e+07
 [3,]    3 6.602941e-02 0.006603247 3748.487     110.23876  2.454323e+03
 [4,]    4 5.579689e-02 0.005820121 3747.945     165.34903 -4.954551e+03
 [5,]    5 5.820383e-02 0.006133360 3747.294     141.36366 -1.641971e+03
 [6,]    6 5.636269e-02 0.006172578 3746.976     144.68918 -1.165487e+03
 [7,]    7 4.899814e-02 0.006329453 3745.808     163.71906  6.151717e+02
 [8,]    8 1.000000e-06 0.006927118 3720.646 -162186.70784  4.285359e+02
 [9,]    9 4.895099e-02 0.006330028 3745.800     163.89696  6.221410e+02
[10,]   10 2.447599e-02 0.006628573 3740.072     451.73851  3.478023e+03
[11,]   11 8.090411e-03 0.006828443 3725.226    1977.41753  3.004985e+03
[12,]   12 2.694791e-03 0.006894259 3709.058    4513.37014  1.525271e+03
[13,]   13 1.000000e-06 0.006423271 3720.299 -161994.86900  9.913993e+02
[14,]   14 1.468927e-03 0.006679926 3702.991    4577.72439  1.177476e+03
[15,]   15 5.827950e-04 0.006524993 3700.230    -857.58756  1.134307e+03
[16,]   16 2.023853e-03 0.000001000 7927.555   70606.25817 -2.835668e+07
[17,]   17 1.052381e-03 0.004399073 3699.970    5874.91582 -1.182504e+03
[18,]   18 7.462071e-04 0.005785189 3699.555    1263.02195  8.888473e+02
[19,]   19 1.980688e-05 0.000001000 7734.488  122507.38111 -2.830766e+07
[20,]   20 5.100836e-04 0.003904982 3697.995    1903.59953 -1.291025e+03
[21,]   21 6.283985e-04 0.004847101 3698.442     699.53013  1.189693e+03
[22,]   22 5.418432e-04 0.004157878 3697.888    1269.79384 -1.382764e+02
[23,]   23 3.773819e-04 0.004123223 3698.037   -4332.09867  5.924307e+02
[24,]   24 4.868743e-04 0.004146295 3697.847    -175.08603  9.515292e+01
[25,]   25 4.755206e-04 0.004039509 3697.853      56.17311 -2.966901e+02
[26,]   26 4.830006e-04 0.004109861 3697.845    -102.78483 -2.687468e+01
[27,]   27 4.900371e-04 0.004125317 3697.846      30.02165 -2.233231e+00
[28,]   28 4.837663e-04 0.004111543 3697.845     -88.11471 -2.414978e+01
[29,]   29 4.830945e-04 0.004110068 3697.845    -100.98316 -2.653997e+01
[30,]   30 4.830123e-04 0.004109887 3697.845    -102.56076 -2.683305e+01
[31,]   31 4.830021e-04 0.004109865 3697.845    -102.75692 -2.686949e+01
[32,]   32 4.830008e-04 0.004109862 3697.845    -102.78135 -2.687403e+01
[33,]   33 4.830006e-04 0.004109861 3697.845    -102.78440 -2.687460e+01
[34,]   34 4.830006e-04 0.004109861 3697.845    -102.78478 -2.687467e+01
[35,]   35 4.830006e-04 0.004109861 3697.845    -102.78482 -2.687468e+01
[36,]   36 4.830006e-04 0.004109861 3697.845    -102.78483 -2.687468e+01
[37,]   37 4.830006e-04 0.004109861 3697.845    -102.78483 -2.687468e+01
[38,]   38 4.830006e-04 0.004109861 3697.845    -102.78483 -2.687468e+01
[39,]   39 4.830006e-04 0.004109861 3697.845    -102.78483 -2.687468e+01

