[22;0t]0;IPython: scripts/01_msprime_simulations$par
[1] 0.004591985 0.061302325

$value
[1] -18335.53

$counts
function gradient 
      31       31 

$convergence
[1] 0

$message
[1] "CONVERGENCE: REL_REDUCTION_OF_F <= FACTR*EPSMCH"

$loginfo
      step        par1       par2       fn           gr1           gr2
 [1,]    1 0.100000000 0.01000000 21950.51  9.251970e+03 -3.378079e+05
 [2,]    2 0.000010000 1.00000000 19065.98 -9.371075e+05  5.668508e+02
 [3,]    3 0.212392928 1.00000000 19479.17  3.684739e+03  1.636233e+02
 [4,]    4 0.070650039 1.00000000 18943.76  3.724334e+03  5.655314e+02
 [5,]    5 0.070370404 0.99850583 18941.88  3.727311e+03  5.664480e+02
 [6,]    6 0.069251866 0.99252913 18934.31  3.737403e+03  5.685314e+02
 [7,]    7 0.064777713 0.96862233 18904.00  3.757122e+03  5.607628e+02
 [8,]    8 0.046881103 0.87299514 18784.91  3.781393e+03  5.317229e+02
 [9,]    9 0.000010000 0.62254817 18849.03 -1.060930e+06  0.000000e+00
[10,]   10 0.021590500 0.73785953 18628.48  2.986087e+03  4.225114e+02
[11,]   11 0.000010000 0.42954129 18793.17 -1.151941e+06  3.968156e+02
[12,]   12 0.011537136 0.59422823 18550.91  1.271481e+03  3.967027e+02
[13,]   13 0.000010000 0.23425033 18733.30 -1.226711e+06  5.895005e+02
[14,]   14 0.006422549 0.43450614 18495.00 -1.988911e+03  4.401848e+02
[15,]   15 0.001070938 0.00001000 51390.18  1.177190e+05 -1.209693e+08
[16,]   16 0.004632492 0.28917182 18450.31 -4.205478e+03  4.460862e+02
[17,]   17 0.002851715 0.14459091 18393.48 -1.093792e+04  5.475165e+02
[18,]   18 0.001666779 0.04838626 18363.29 -2.237783e+04 -1.445794e+03
[19,]   19 0.002622527 0.12598317 18385.54 -1.284175e+04  5.686336e+02
[20,]   20 0.001931251 0.06985866 18356.91 -2.007812e+04  4.110996e+02
[21,]   21 0.006270101 0.00001000 51916.20  8.834296e+04 -1.210015e+08
[22,]   22 0.003375472 0.04660898 18349.73 -2.131897e+03 -2.247680e+03
[23,]   23 0.002565921 0.05964147 18343.76 -1.052571e+04  1.634187e+02
[24,]   24 0.013270738 0.43878590 18503.87  2.860960e+03  3.762513e+02
[25,]   25 0.003263469 0.08434731 18349.57 -6.624013e+03  7.630962e+02
[26,]   26 0.002685522 0.06387749 18343.68 -9.989957e+03  3.378521e+02
[27,]   27 0.003751589 0.05924827 18336.59 -2.625620e+03 -5.074007e+01
[28,]   28 0.004222123 0.06156682 18335.74 -1.143731e+03  6.016651e+01
[29,]   29 0.004537349 0.06094950 18335.54 -1.099819e+02 -1.804136e+01
[30,]   30 0.004585800 0.06128904 18335.53 -1.583544e+01 -1.551322e-01
[31,]   31 0.004591985 0.06130232 18335.53 -5.276208e-01  3.101164e-02

