[22;0t]0;IPython: scripts/01_msprime_simulations$par
[1] 0.000001000 0.003537991

$value
[1] -98.83435

$counts
function gradient 
      17       17 

$convergence
[1] 0

$message
[1] "CONVERGENCE: REL_REDUCTION_OF_F <= FACTR*EPSMCH"

$loginfo
      step  par1         par2          fn       gr1           gr2
 [1,]    1 1e-01  0.010000000   339.16459  2245.288  2.877269e+03
 [2,]    2 1e-06  0.000001000   118.32043 31347.409 -2.128116e+05
 [3,]    3 1e-06 10.000000000 24352.24331  2416.099  2.323792e+03
 [4,]    4 1e-06  3.276746848  8242.40455  2416.074  2.468152e+03
 [5,]    5 1e-06  1.073514301  2755.36007  2415.986  2.510753e+03
 [6,]    6 1e-06  0.351809658   941.62077  2415.704  2.509371e+03
 [7,]    7 1e-06  0.115417979   351.79723  2414.839  2.462157e+03
 [8,]    8 1e-06  0.037972522   165.01486  2412.091  2.304819e+03
 [9,]    9 1e-06  0.012581117   110.40907  2400.807  1.827018e+03
[10,]   10 1e-06  0.012474034   110.21375  2400.622  1.820879e+03
[11,]   11 1e-06  0.012045703   109.43924  2399.840  1.795231e+03
[12,]   12 1e-06  0.010332378   106.46407  2395.757  1.671366e+03
[13,]   13 1e-06  0.003479079    98.83560  2177.861 -4.327985e+01
[14,]   14 1e-06  0.003689706    98.84235  2220.751  1.034460e+02
[15,]   15 1e-06  0.003537798    98.83435  2191.097 -7.243660e-01
[16,]   16 1e-06  0.003538797    98.83435  2191.313 -1.133936e-02
[17,]   17 1e-06  0.003537991    98.83435  2191.139 -5.867946e-01

