[22;0t]0;IPython: scripts/01_msprime_simulations$par
[1] 0.004940722 0.056928507

$value
[1] -17960.21

$counts
function gradient 
      34       34 

$convergence
[1] 0

$message
[1] "CONVERGENCE: REL_REDUCTION_OF_F <= FACTR*EPSMCH"

$loginfo
      step        par1        par2       fn           gr1           gr2
 [1,]    1 0.100000000  0.01000000 21229.16  8.505456e+03 -3.182038e+05
 [2,]    2 0.000001000 10.00000000 30609.68  2.416091e+03  1.801365e+03
 [3,]    3 0.066770151  3.32969514 20279.01  2.203028e+03  1.109799e+03
 [4,]    4 0.088901108  1.11879038 18579.39  3.044486e+03  2.977118e+02
 [5,]    5 0.078297845  1.11767825 18547.12  2.973792e+03  3.143860e+02
 [6,]    6 0.035884794  1.11322975 18432.40  2.110954e+03  3.799457e+02
 [7,]    7 0.000001000  1.10776042 18809.83 -1.843204e+06  4.200147e+02
 [8,]    8 0.022462551  1.11118396 18409.15  1.074952e+03  3.881213e+02
 [9,]    9 0.007739984  1.10747601 18416.86 -3.984702e+03  3.601278e+02
[10,]   10 0.016393884  1.10965554 18404.80  5.688807e+01  3.850203e+02
[11,]   11 0.015481842  1.10798140 18404.21 -1.648262e+02  3.840434e+02
[12,]   12 0.013309056  1.09684852 18400.98 -8.267732e+02  3.827724e+02
[13,]   13 0.009667283  1.05413139 18390.56 -2.631430e+03  3.869624e+02
[14,]   14 0.005518440  0.92516069 18350.25 -7.736824e+03  4.544460e+02
[15,]   15 0.000001000  0.51100187 18569.44 -2.022912e+06  1.663198e+02
[16,]   16 0.003173168  0.74911618 18282.42 -1.423859e+04  6.095957e+02
[17,]   17 0.001172496  0.59893857 18260.84 -4.775951e+04  3.565501e+02
[18,]   18 0.005449301  0.00000100 61050.28  9.472026e+04 -2.240655e+08
[19,]   19 0.002607981  0.39790865 18155.14 -1.765829e+04  3.716088e+02
[20,]   20 0.003862730  0.00000100 60894.01  1.024743e+05 -2.240568e+08
[21,]   21 0.003027273  0.26494231 18100.42 -1.382930e+04  2.538952e+02
[22,]   22 0.004201196  0.00000100 60928.40  1.007170e+05 -2.240587e+08
[23,]   23 0.003418869  0.17656349 18048.20 -9.932314e+03  6.951158e+02
[24,]   24 0.003810033  0.08828224 17982.13 -6.206765e+03  6.982017e+02
[25,]   25 0.004068201  0.03001662 18047.75  7.706820e+03 -1.282664e+04
[26,]   26 0.003910668  0.06556989 17964.87 -4.316232e+03  5.755846e+02
[27,]   27 0.003966936  0.05287083 17961.67 -2.592567e+03 -1.642429e+02
[28,]   28 0.004014381  0.13162044 18011.74 -6.257590e+03  5.990191e+02
[29,]   29 0.003969430  0.05700972 17961.66 -3.265443e+03  1.304601e+02
[30,]   30 0.004210638  0.05575587 17960.92 -2.117292e+03  2.454002e+01
[31,]   31 0.004658323  0.05549653 17960.33 -5.868603e+02 -5.982856e+01
[32,]   32 0.004899288  0.05693745 17960.21 -1.093642e+02  5.720440e+00
[33,]   33 0.004941585  0.05690562 17960.21  5.081532e+00 -1.645086e+00
[34,]   34 0.004940722  0.05692851 17960.21 -1.695462e-03 -3.199390e-02

