[22;0t]0;IPython: scripts/01_msprime_simulations$par
[1] 0.000001 1.053756

$value
[1] -12176.75

$counts
function gradient 
      10       10 

$convergence
[1] 0

$message
[1] "CONVERGENCE: REL_REDUCTION_OF_F <= FACTR*EPSMCH"

$loginfo
      step       par1      par2       fn      gr1           gr2
 [1,]    1 0.10000000  0.010000 12794.53 1527.130 -1.166642e+05
 [2,]    2 0.00000100 10.000000 27733.63 2416.088  2.041483e+03
 [3,]    3 0.06722151  3.284604 14864.86 2413.852  1.648031e+03
 [4,]    4 0.08911590  1.097332 12393.73 2405.833  9.949473e+01
 [5,]    5 0.06672355  1.096798 12339.78 2407.984  9.785530e+01
 [6,]    6 0.00000100  1.095208 12178.72 2415.527  9.363616e+01
 [7,]    7 0.00000100  1.094336 12178.64 2415.526  9.174056e+01
 [8,]    8 0.00000100  1.052143 12176.76 2415.489 -3.792217e+00
 [9,]    9 0.00000100  1.053818 12176.75 2415.490  1.473819e-01
[10,]   10 0.00000100  1.053756 12176.75 2415.490  2.513389e-04

