[22;0t]0;IPython: scripts/01_msprime_simulations$par
[1] 1.000000e-06 6.602443e-05

$value
[1] -128.3414

$counts
function gradient 
      45       45 

$convergence
[1] 0

$message
[1] "CONVERGENCE: REL_REDUCTION_OF_F <= FACTR*EPSMCH"

$loginfo
      step  par1         par2         fn       gr1          gr2
 [1,]    1 1e-01 1.000000e-02   365.2127  2199.698    3147.2367
 [2,]    2 1e-06 1.000000e-06   162.0857 61386.194 -336875.5628
 [3,]    3 1e-06 1.000000e+01 24357.3998  2416.088    2323.3613
 [4,]    4 1e-06 3.297400e+00  8303.1813  2415.995    2466.4719
 [5,]    5 1e-06 1.087199e+00  2804.0358  2415.576    2506.8461
 [6,]    6 1e-06 3.585686e-01   977.3608  2414.112    2498.5163
 [7,]    7 1e-06 1.183668e-01   382.2801  2408.939    2430.2087
 [8,]    8 1e-06 3.916550e-02   195.4150  2383.417    2209.8487
 [9,]    9 1e-06 1.303277e-02   143.2881  2200.988    1544.8705
[10,]   10 1e-06 1.297328e-02   143.1964  2199.245    1540.2979
[11,]   11 1e-06 1.273533e-02   142.8321  2192.051    1521.5803
[12,]   12 1e-06 1.178350e-02   141.4220  2159.268    1439.1479
[13,]   13 1e-06 7.976181e-03   136.8151  1913.775     912.6286
[14,]   14 1e-06 6.770905e-04   131.6465  9251.037    3478.6637
[15,]   15 1e-06 1.000000e-06   162.0857     0.000 -336875.5628
[16,]   16 1e-06 6.770905e-04   131.6465  9251.037    3478.6637
[17,]   17 1e-06 1.000000e-06   162.0857 61386.194 -336875.5628
[18,]   18 1e-06 4.815513e-04   130.8658 10367.588    4662.5888
[19,]   19 1e-06 2.412756e-04   129.4688  7864.793    7217.4496
[20,]   20 1e-06 2.314631e-04   129.3966  7491.227    7306.3547
[21,]   21 1e-06 2.234934e-04   129.3370  7163.951    7363.9664
[22,]   22 1e-06 1.122467e-04   128.4686  1480.771  -23655.5713
[23,]   23 1e-06 1.970837e-04   129.1336  5928.525    7384.3528
[24,]   24 1e-06 1.312927e-04   128.6078  2275.841    1634.6155
[25,]   25 1e-06 1.000000e-06   162.0857 61386.194 -336875.5628
[26,]   26 1e-06 1.310489e-04   128.6059  2263.564    1551.5464
[27,]   27 1e-06 6.602443e-05   128.3414  3522.808    5437.9686
[28,]   28 1e-06 6.588052e-05   128.3423  3547.717    5417.9121
[29,]   29 1e-06 6.602443e-05   128.3414  3522.808    5437.9686
[30,]   30 1e-06 1.000000e-06   162.0857 61386.194 -336875.5628
[31,]   31 1e-06 6.588052e-05   128.3423  3547.717    5417.9121
[32,]   32 1e-06 6.601175e-05   128.3415  3524.996    5436.2077
[33,]   33 1e-06 6.602331e-05   128.3414  3523.002    5437.8129
[34,]   34 1e-06 6.602433e-05   128.3414  3522.826    5437.9548
[35,]   35 1e-06 6.602443e-05   128.3414  3522.810    5437.9674
[36,]   36 1e-06 6.602443e-05   128.3414  3522.809    5437.9685
[37,]   37 1e-06 6.602443e-05   128.3414  3522.808    5437.9686
[38,]   38 1e-06 6.602443e-05   128.3414  3522.808    5437.9686
[39,]   39 1e-06 6.602443e-05   128.3414  3522.808    5437.9686
[40,]   40 1e-06 6.602443e-05   128.3414  3522.808    5437.9686
[41,]   41 1e-06 6.602443e-05   128.3414  3522.808    5437.9686
[42,]   42 1e-06 6.602443e-05   128.3414  3522.808    5437.9686
[43,]   43 1e-06 6.602443e-05   128.3414  3522.808    5437.9686
[44,]   44 1e-06 6.602443e-05   128.3414  3522.808    5437.9686
[45,]   45 1e-06 6.602443e-05   128.3414  3522.808    5437.9686

