[22;0t]0;IPython: scripts/01_msprime_simulations$par
[1] 0.003367425 2.425444509

$value
[1] -44192.76

$counts
function gradient 
      41       41 

$convergence
[1] 0

$message
[1] "CONVERGENCE: REL_REDUCTION_OF_F <= FACTR*EPSMCH"

$loginfo
      step         par1       par2        fn           gr1           gr2
 [1,]    1 0.1000000000  0.0100000 100558.63  5.305846e+04 -2.540800e+06
 [2,]    2 0.0000010000 10.0000000  49185.45 -1.490911e+06  8.981711e+02
 [3,]    3 3.3917205603 10.0000000  58306.42  2.068949e+03  7.113726e+02
 [4,]    4 1.1272908598 10.0000000  52729.73  2.987218e+03  6.608560e+02
 [5,]    5 0.3745603621 10.0000000  50231.10  3.711159e+03  7.536407e+02
 [6,]    6 0.1245429147 10.0000000  49281.81  3.792328e+03  8.094837e+02
 [7,]    7 0.0415246780 10.0000000  48982.08  3.178429e+03  8.307679e+02
 [8,]    8 0.0414361964  9.9967455  48979.09  3.176961e+03  8.307473e+02
 [9,]    9 0.0410822699  9.9837273  48967.15  3.170983e+03  8.306857e+02
[10,]   10 0.0396665638  9.9316549  48919.42  3.146087e+03  8.309052e+02
[11,]   11 0.0340037394  9.7233649  48728.06  3.045767e+03  8.399110e+02
[12,]   12 0.0113524420  8.8902051  47926.09  1.511889e+03  9.599021e+02
[13,]   13 0.0000010000  8.4726765  47732.73 -1.186829e+06  1.010503e+03
[14,]   14 0.0110001826  8.8772483  47913.13  1.427783e+03  9.607260e+02
[15,]   15 0.0036223228  8.6058760  47653.14 -4.364725e+03  9.762656e+02
[16,]   16 0.0000010000  8.4667394  47726.73 -1.183804e+06  1.010701e+03
[17,]   17 0.0018854544  8.5391429  47600.90 -1.195935e+04  9.709487e+02
[18,]   18 0.0000010000  8.4246062  47684.26 -1.162394e+06  1.003578e+03
[19,]   19 0.0010495247  8.4883353  47566.01 -2.453758e+04  9.611159e+02
[20,]   20 0.0000010000  8.2916584  47553.37 -1.122646e+06  9.657009e+02
[21,]   21 0.0009006970  8.4604189  47543.21 -2.934955e+04  9.569798e+02
[22,]   22 0.0004508485  8.3760387  47481.45 -6.194002e+04  9.546238e+02
[23,]   23 0.0000010000  7.6476791  46978.93 -1.230681e+06  8.077003e+02
[24,]   24 0.0013145194  0.0000010 346918.73  1.234418e+05 -1.287087e+09
[25,]   25 0.0004471428  5.0501106  45102.61 -7.341611e+04  5.394412e+02
[26,]   26 0.0005495480  0.1463452  46402.60  1.803371e+04 -4.700062e+04
[27,]   27 0.0004981645  2.6068892  44253.29 -5.946194e+04  2.131841e+02
[28,]   28 0.0005500888  1.0033519  44011.38 -4.875898e+04 -9.797517e+02
[29,]   29 0.0005075248  2.3178241  44231.28 -5.804996e+04 -6.990951e+01
[30,]   30 0.0005974354  2.3877373  44223.27 -4.683515e+04 -3.695222e+01
[31,]   31 0.0008173669  2.5190570  44223.35 -3.353225e+04  1.377788e+02
[32,]   32 0.0006972472  2.4473343  44220.55 -3.929746e+04  7.233983e+01
[33,]   33 0.0028821243  2.2930886  44197.51 -2.045356e+03 -1.028874e+02
[34,]   34 0.0028347369  2.3480789  44194.35 -1.949882e+03 -2.630812e+01
[35,]   35 0.0029382172  2.3656348  44193.77 -1.473351e+03 -2.063216e+01
[36,]   36 0.0032861258  2.4271025  44192.77 -2.652220e+02  1.649823e+00
[37,]   37 0.0033011995  2.4258751  44192.76 -2.102718e+02  6.430817e-01
[38,]   38 0.0033733025  2.4258783  44192.76  1.602408e+01  2.909049e-01
[39,]   39 0.0033674652  2.4254108  44192.76  2.653142e-01 -2.472825e-02
[40,]   40 0.0033674246  2.4254445  44192.76 -1.978908e-02  4.507456e-05

