[22;0t]0;IPython: scripts/01_msprime_simulations$par
[1] 0.008281603 0.052095012

$value
[1] -18912.79

$counts
function gradient 
      38       38 

$convergence
[1] 0

$message
[1] "CONVERGENCE: REL_REDUCTION_OF_F <= FACTR*EPSMCH"

$loginfo
      step        par1        par2       fn           gr1           gr2
 [1,]    1 0.100000000  0.01000000 22220.41  8.945778e+03 -3.357251e+05
 [2,]    2 0.000001000 10.00000000 30906.18  2.416098e+03  1.776610e+03
 [3,]    3 0.066752300  3.33147846 20872.56  2.190670e+03  9.977173e+02
 [4,]    4 0.045053099  3.32141784 20816.09  2.079627e+03  9.898348e+02
 [5,]    5 0.000001000  3.30052987 20759.36 -8.841234e+04  8.896584e+02
 [6,]    6 0.043789909  3.32083217 20812.89  2.070299e+03  9.892780e+02
 [7,]    7 0.014405491  3.30720837 20744.44  1.496874e+03  9.696580e+02
 [8,]    8 0.000001000  3.27644742 20738.04 -9.723262e+04  8.813496e+02
 [9,]    9 0.013885977  3.30609895 20742.59  1.466828e+03  9.688603e+02
[10,]   10 0.006943488  3.29127318 20720.31  6.621808e+02  9.572596e+02
[11,]   11 0.000001000  3.06910872 20562.80 -1.683811e+05  8.002899e+02
[12,]   12 0.005695308  3.25133055 20681.80  2.731425e+02  9.408645e+02
[13,]   13 0.002848154  3.16021963 20599.37 -1.808594e+03  9.019583e+02
[14,]   14 0.032932565  0.00000100 65652.48  4.154401e+04 -2.347676e+08
[15,]   15 0.013331223  2.05902506 19784.73 -4.204083e+02  6.284325e+02
[16,]   16 0.028727873  0.00000100 65468.69  4.599828e+04 -2.347579e+08
[17,]   17 0.018569488  1.35850167 19463.09 -4.731642e+02  3.755265e+02
[18,]   18 0.027809827  0.30660429 19165.02  4.696095e+03  1.122824e+02
[19,]   19 0.019556935  0.00000100 64991.27  5.902923e+04 -2.347322e+08
[20,]   20 0.025057328  0.20434617 19110.04  5.145469e+03  6.060334e+02
[21,]   21 0.022307131  0.10217358 19005.33  4.154831e+03  1.417672e+03
[22,]   22 0.020477199  0.03418975 19049.69  7.516347e+03 -1.360655e+04
[23,]   23 0.021429872  0.06958251 18956.40  3.506579e+03  1.100006e+03
[24,]   24 0.020828596  0.04724452 18959.31  4.415482e+03 -2.810600e+03
[25,]   25 0.021429872  0.06958251 18956.40  3.506579e+03  1.100006e+03
[26,]   26 0.014651490  0.00000100 64678.60  6.890654e+04 -2.347150e+08
[27,]   27 0.019173067  0.04641593 18954.31  4.497652e+03 -2.940485e+03
[28,]   28 0.020604956  0.06111458 18946.66  3.534322e+03  4.335092e+02
[29,]   29 0.000001000  0.05415526 19477.37 -2.781313e+06  8.524349e+02
[30,]   30 0.013160086  0.05859995 18921.68  2.576900e+03  4.017530e+02
[31,]   31 0.000001000  0.04872597 19473.72 -2.781029e+06 -2.581357e+02
[32,]   32 0.008631907  0.05520221 18913.37  4.919668e+01  3.479333e+02
[33,]   33 0.008207587  0.04902596 18913.52  3.587225e+02 -5.102645e+02
[34,]   34 0.008427758  0.05223068 18912.80  1.470832e+02  1.267986e+00
[35,]   35 0.008156685  0.05205666 18912.80 -1.409658e+02  1.026614e+01
[36,]   36 0.008285729  0.05213950 18912.79 -8.576389e-01  5.852286e+00
[37,]   37 0.008281345  0.05208786 18912.79  5.902565e-01 -9.908176e-01
[38,]   38 0.008281603  0.05209501 18912.79 -1.177346e-02  3.062360e-03

