[22;0t]0;IPython: scripts/01_msprime_simulations$par
[1] 0.00858616 0.45864338

$value
[1] -47123.51

$counts
function gradient 
      38       38 

$convergence
[1] 0

$message
[1] "CONVERGENCE: REL_REDUCTION_OF_F <= FACTR*EPSMCH"

$loginfo
      step        par1       par2        fn           gr1           gr2
 [1,]    1 0.100000000  0.0100000 103305.20  5.741372e+04 -2.604131e+06
 [2,]    2 0.000001000 10.0000000  52444.50 -4.155509e+06  6.227069e+02
 [3,]    3 2.598859927 10.0000000  58331.06  2.245619e+03  5.372781e+02
 [4,]    4 0.865577677 10.0000000  53851.16  2.980026e+03  5.981703e+02
 [5,]    5 0.288404418 10.0000000  52067.42  3.075477e+03  6.564055e+02
 [6,]    6 0.096087338 10.0000000  51529.64  2.136351e+03  6.772624e+02
 [7,]    7 0.096037999  9.9974043  51527.77  2.135823e+03  6.771439e+02
 [8,]    8 0.095840645  9.9870217  51520.33  2.133704e+03  6.766626e+02
 [9,]    9 0.095051227  9.9454910  51490.58  2.125164e+03  6.747875e+02
[10,]   10 0.091893554  9.7793684  51372.34  2.092597e+03  6.693552e+02
[11,]   11 0.079262863  9.1148780  50904.18  1.979484e+03  6.597444e+02
[12,]   12 0.028740098  6.4569164  49349.50 -9.099787e+02  4.973787e+02
[13,]   13 0.000001000  4.9312829  49828.37 -5.288219e+06  4.499211e+02
[14,]   14 0.014857719  5.7199614  49024.44 -5.919746e+03  4.951271e+02
[15,]   15 0.000001000  4.9148408  49820.97 -5.293606e+06  4.500588e+02
[16,]   16 0.008919782  5.3981706  48912.39 -1.253934e+04  5.030956e+02
[17,]   17 0.000001000  4.8836014  49806.90 -5.302247e+06  4.503799e+02
[18,]   18 0.005693283  5.2120177  48873.63 -2.216696e+04  4.898377e+02
[19,]   19 0.003851037  5.0667027  48854.93 -3.505671e+04  4.700850e+02
[20,]   20 0.003993618  4.7849615  48720.33 -3.361082e+04  4.491744e+02
[21,]   21 0.004563940  3.6579968  48246.88 -2.969549e+04  3.827906e+02
[22,]   22 0.008687933  0.0000010 356780.69  1.130160e+05 -1.320462e+09
[23,]   23 0.005943579  2.4342517  47727.30 -2.040687e+04  3.101901e+02
[24,]   24 0.008956777  0.0000010 356811.03  1.126919e+05 -1.320463e+09
[25,]   25 0.006949867  1.6213093  47433.85 -1.467881e+04  3.809639e+02
[26,]   26 0.007953322  0.8106552  47181.58 -8.024835e+03  4.282843e+02
[27,]   27 0.008622099  0.2703755  47394.24  1.312746e+04 -4.706153e+03
[28,]   28 0.008235379  0.5827917  47132.13 -4.596232e+03  5.357386e+01
[29,]   29 0.008911798  0.1968891  48051.93  2.708460e+04 -1.557604e+04
[30,]   30 0.008415282  0.4801555  47124.39 -1.280396e+03  5.533460e+01
[31,]   31 0.008490293  0.4373611  47124.97  5.766607e+02 -1.534064e+02
[32,]   32 0.008449942  0.4603821  47123.55 -4.099281e+02  1.396094e+01
[33,]   33 0.008386879  0.4083558  47134.56  1.480454e+03 -5.410412e+02
[34,]   34 0.008447378  0.4582668  47123.53 -3.334062e+02  3.446585e+00
[35,]   35 0.009188244  0.4630467  47123.87  1.203149e+03 -4.261731e+00
[36,]   36 0.008587512  0.4591709  47123.51 -1.736704e+01  2.652775e+00
[37,]   37 0.008586271  0.4586325  47123.51  7.089700e-01 -6.032347e-02
[38,]   38 0.008586160  0.4586434  47123.51  7.159942e-03  8.715142e-04

