[22;0t]0;IPython: scripts/01_msprime_simulations$par
[1] 0.000001 3.170629

$value
[1] -27004.73

$counts
function gradient 
      12       12 

$convergence
[1] 0

$message
[1] "CONVERGENCE: REL_REDUCTION_OF_F <= FACTR*EPSMCH"

$loginfo
      step       par1      par2       fn       gr1           gr2
 [1,]    1 0.10000000  0.010000 32630.89 15286.176 -5.479054e+05
 [2,]    2 0.00000100 10.000000 34194.75  2416.087  1.502050e+03
 [3,]    3 0.06664110  3.342588 27175.95  2407.149  1.210282e+02
 [4,]    4 0.05200172  3.341654 27140.59  2408.850  1.201786e+02
 [5,]    5 0.00000100  3.338338 27014.76  2415.896  1.175462e+02
 [6,]    6 0.00000100  3.337623 27014.67  2415.895  1.170705e+02
 [7,]    7 0.00000100  3.161707 27004.76  2415.860 -6.613067e+00
 [8,]    8 0.00000100  3.171113 27004.73  2415.862  3.579640e-01
 [9,]    9 0.00000100  3.170630 27004.73  2415.862  4.108733e-04
[10,]   10 0.00000100  3.170629 27004.73  2415.863  8.191455e-04
[11,]   11 0.00000100  3.170627 27004.73  2415.862 -8.687675e-04
[12,]   12 0.00000100  3.170629 27004.73  2415.862  2.059096e-05

