[22;0t]0;IPython: scripts/01_msprime_simulations$par
[1] 0.001495135 2.477690769

$value
[1] -28548.93

$counts
function gradient 
      32       32 

$convergence
[1] 0

$message
[1] "CONVERGENCE: REL_REDUCTION_OF_F <= FACTR*EPSMCH"

$loginfo
      step        par1      par2       fn           gr1           gr2
 [1,]    1 0.100000000  0.010000 35772.08  1.817024e+04 -6.336870e+05
 [2,]    2 0.000001000 10.000000 35356.25  2.416097e+03  1.405077e+03
 [3,]    3 0.066676313  3.339070 28821.25  2.674037e+03  2.742404e+02
 [4,]    4 0.052622600  3.337427 28783.40  2.645174e+03  2.755433e+02
 [5,]    5 0.000001000  3.331274 28683.00 -9.474400e+04  1.743106e+02
 [6,]    6 0.051176121  3.337257 28779.53  2.641149e+03  2.756610e+02
 [7,]    7 0.025588560  3.334266 28712.63  2.487538e+03  2.756425e+02
 [8,]    8 0.008436758  3.332261 28672.70  1.920420e+03  2.661739e+02
 [9,]    9 0.000001000  3.329705 28682.73 -9.503705e+04  1.731411e+02
[10,]   10 0.004353545  3.331023 28665.64  1.245483e+03  2.592132e+02
[11,]   11 0.000001000  3.327689 28682.38 -9.543533e+04  1.716359e+02
[12,]   12 0.002675664  3.329738 28663.80  4.233143e+02  2.549120e+02
[13,]   13 0.001430471  3.326432 28663.35 -1.425934e+03  2.499775e+02
[14,]   14 0.001951355  3.323590 28662.20 -3.782011e+02  2.503317e+02
[15,]   15 0.002824749  3.304942 28657.67  4.659385e+02  2.445855e+02
[16,]   16 0.006891584  3.179447 28633.45  1.492032e+03  2.109652e+02
[17,]   17 0.016166288  2.855523 28598.89  2.350086e+03  8.630974e+01
[18,]   18 0.015727665  2.803076 28593.85  2.335779e+03  7.327075e+01
[19,]   19 0.000001000  2.511422 28580.86 -2.273631e+05  1.752682e+01
[20,]   20 0.015475843  2.798406 28592.92  2.328788e+03  7.448219e+01
[21,]   21 0.007738421  2.654914 28563.44  2.180789e+03  5.774135e+01
[22,]   22 0.000001000  2.147898 28633.14 -2.732199e+05 -2.495077e+02
[23,]   23 0.004488975  2.441985 28553.91  2.133722e+03 -3.481208e+01
[24,]   24 0.000001000  2.524662 28581.04 -2.273874e+05  7.696757e+00
[25,]   25 0.002686822  2.475184 28549.97  1.451334e+03 -1.500046e+00
[26,]   26 0.000001000  2.441977 28581.28 -2.274267e+05 -4.651721e+01
[27,]   27 0.001770648  2.463857 28549.11  4.961013e+02 -1.498149e+01
[28,]   28 0.001138436  2.487526 28549.15 -1.036371e+03  9.290156e+00
[29,]   29 0.001462963  2.475376 28548.94 -7.505394e+01 -2.496506e+00
[30,]   30 0.001520033  2.478441 28548.94  5.492687e+01  8.010749e-01
[31,]   31 0.001495146  2.477726 28548.93  9.901865e-02  3.562145e-02
[32,]   32 0.001495135  2.477691 28548.93  4.139714e-02 -1.725130e-03

