[22;0t]0;IPython: scripts/01_msprime_simulations$par
[1] 0.0108164176 0.0005024661

$value
[1] -418.3276

$counts
function gradient 
      52       52 

$convergence
[1] 0

$message
[1] "CONVERGENCE: REL_REDUCTION_OF_F <= FACTR*EPSMCH"

$loginfo
      step        par1         par2         fn           gr1           gr2
 [1,]    1 0.100000000 1.000000e-02   638.5321  1.929328e+03  3.652687e+03
 [2,]    2 0.000001000 1.000000e-06   609.5989  1.028597e+05 -1.862286e+06
 [3,]    3 0.097320922 9.732116e-03   632.3894  1.917087e+03  3.742030e+03
 [4,]    4 0.048660961 4.866558e-03   522.3028  1.443498e+03  7.989263e+03
 [5,]    5 0.017184748 1.719220e-03   447.6461  4.127766e+02  2.372492e+04
 [6,]    6 0.007534988 7.543310e-04   421.7230 -6.757753e+01  1.989912e+04
 [7,]    7 0.001195250 1.000000e-06   650.5100  9.185391e+03 -2.071654e+06
 [8,]    8 0.005797230 5.478387e-04   418.7567 -1.160317e+02  7.265345e+03
 [9,]    9 0.005806904 4.450133e-04   418.5433 -4.421524e+01 -7.337285e+03
[10,]   10 0.005802048 4.966261e-04   418.4760 -8.624883e+01  1.118581e+03
[11,]   11 0.006369417 4.899879e-04   418.4221 -6.249197e+01 -2.145336e+02
[12,]   12 0.008012683 4.937438e-04   418.3539 -2.858092e+01 -5.163829e+02
[13,]   13 0.009525886 5.017237e-04   418.3336 -1.144343e+01  1.455555e+02
[14,]   14 0.010398527 5.035363e-04   418.3299 -3.608581e+00  1.982814e+02
[15,]   15 0.010757172 5.031507e-04   418.3286 -6.641532e-01  6.726533e+01
[16,]   16 0.010816418 5.024661e-04   418.3276 -9.002698e-02 -4.607492e+01
[17,]   17 0.010838229 5.028078e-04   418.3281  8.154703e-03  5.427319e-01
[18,]   18 0.010816560 5.024683e-04   418.3276 -8.938525e-02 -4.577002e+01
[19,]   19 0.010816419 5.024661e-04   418.3276 -9.002276e-02 -4.607292e+01
[20,]   20 0.010816418 5.024661e-04   418.3276 -9.002698e-02 -4.607491e+01
[21,]   21 0.010816418 5.024661e-04   418.3276 -9.002700e-02 -4.607492e+01
[22,]   22 0.010816418 5.024661e-04   418.3276 -9.002699e-02 -4.607492e+01
[23,]   23 0.010816418 5.024661e-04   418.3276 -9.002698e-02 -4.607492e+01
[24,]   24 0.010816418 5.024661e-04   418.3276 -9.002698e-02 -4.607492e+01
[25,]   25 0.010816418 5.024661e-04   418.3276 -9.002698e-02 -4.607492e+01
[26,]   26 0.010816418 5.024661e-04   418.3276 -9.002698e-02 -4.607492e+01
[27,]   27 0.010816418 5.024661e-04   418.3276 -9.002698e-02 -4.607492e+01
[28,]   28 0.010816418 5.024661e-04   418.3276 -9.002698e-02 -4.607492e+01
[29,]   29 0.010816418 5.024661e-04   418.3276 -9.002698e-02 -4.607492e+01
[30,]   30 0.010816418 5.024661e-04   418.3276 -9.002698e-02 -4.607492e+01
[31,]   31 0.100843397 1.000000e+01 24647.3297  2.413650e+03  2.319487e+03
[32,]   32 0.011231026 4.655398e-02   481.4220  2.388698e+03  1.496072e+03
[33,]   33 0.010819997 9.000569e-04   424.9729  4.167524e+01  2.434496e+04
[34,]   34 0.010816421 5.028201e-04   418.3281 -1.562004e-01  6.593269e+00
[35,]   35 0.010816418 5.024682e-04   418.3276 -9.041218e-02 -4.576861e+01
[36,]   36 0.010816418 5.024661e-04   418.3276 -9.002925e-02 -4.607313e+01
[37,]   37 0.010816418 5.024661e-04   418.3276 -9.002700e-02 -4.607491e+01
[38,]   38 0.010816418 5.024661e-04   418.3276 -9.002698e-02 -4.607492e+01
[39,]   39 0.010816418 5.024661e-04   418.3276 -9.002698e-02 -4.607492e+01
[40,]   40 0.010816418 5.024661e-04   418.3276 -9.002698e-02 -4.607492e+01
[41,]   41 0.010816418 5.024661e-04   418.3276 -9.002698e-02 -4.607492e+01
[42,]   42 0.010816418 5.024661e-04   418.3276 -9.002698e-02 -4.607492e+01
[43,]   43 0.010816418 5.024661e-04   418.3276 -9.002698e-02 -4.607492e+01
[44,]   44 0.010816418 5.024661e-04   418.3276 -9.002698e-02 -4.607492e+01
[45,]   45 0.010816418 5.024661e-04   418.3276 -9.002698e-02 -4.607492e+01
[46,]   46 0.010816418 5.024661e-04   418.3276 -9.002698e-02 -4.607492e+01

