[22;0t]0;IPython: scripts/01_msprime_simulations$par
[1] 0.05288735 0.10162229

$value
[1] -27895.9

$counts
function gradient 
      40       40 

$convergence
[1] 0

$message
[1] "CONVERGENCE: REL_REDUCTION_OF_F <= FACTR*EPSMCH"

$loginfo
      step       par1        par2        fn           gr1           gr2
 [1,]    1 0.10000000  0.01000000  36424.61  1.949518e+04 -6.867034e+05
 [2,]    2 0.00000100 10.00000000  35860.30  2.413802e+03  1.362995e+03
 [3,]    3 0.06667903  3.33879805  29723.58  8.827786e+02  3.123322e+02
 [4,]    4 0.06237932  3.33721104  29719.52  7.765866e+02  3.098192e+02
 [5,]    5 0.02668300  3.32124681  29714.16 -1.273604e+03  2.848972e+02
 [6,]    6 0.04653168  3.33012361  29708.98  2.311178e+02  2.998691e+02
 [7,]    7 0.03605206  3.32292108  29707.33 -3.711579e+02  2.922227e+02
 [8,]    8 0.03902301  3.32233559  29706.36 -1.714333e+02  2.940442e+02
 [9,]    9 0.04250052  3.31516304  29704.01  2.498891e+01  2.949909e+02
[10,]   10 0.05305802  3.26784950  29692.78  4.564989e+02  2.938961e+02
[11,]   11 0.07373277  3.11767133  29663.49  9.293891e+02  2.983727e+02
[12,]   12 0.13316000  2.55735247  29556.13  1.819060e+03  3.385307e+02
[13,]   13 0.31336481  0.59660318  29587.81  3.408673e+03  8.703329e+02
[14,]   14 0.15174953  2.35508591  29523.36  2.078160e+03  3.488644e+02
[15,]   15 0.23255717  1.47584455  29486.99  3.264463e+03  1.396535e+02
[16,]   16 0.19183573  1.91892120  29466.32  2.735272e+03  3.169222e+02
[17,]   17 0.22275087  1.29351097  29432.99  3.423190e+03  9.897587e+01
[18,]   18 0.13260475  1.21053060  29111.62  3.332859e+03  2.453390e+02
[19,]   19 0.00000100  1.08846758  29641.20 -2.859410e+06  4.390578e+02
[20,]   20 0.07285842  1.15553354  28912.08  2.587612e+03  3.377299e+02
[21,]   21 0.00000100  0.62160170  29460.75 -2.975182e+06  5.993238e+02
[22,]   22 0.04132265  0.92442529  28754.29  1.358113e+03  4.796952e+02
[23,]   23 0.01405036  0.72456172  28693.72 -6.168644e+03  5.024512e+02
[24,]   24 0.03400024  0.00000100 113961.92  5.965112e+04 -4.121000e+08
[25,]   25 0.02072675  0.48208165  28499.89 -2.240897e+03  7.650787e+02
[26,]   26 0.02736349  0.24104132  28210.43 -1.948341e+03  1.774220e+03
[27,]   27 0.03178416  0.08048692  27931.56 -9.847450e+02 -2.765580e+03
[28,]   28 0.02913305  0.17677270  28076.46 -2.677059e+03  2.253401e+03
[29,]   29 0.03123417  0.10046208  27917.20 -2.545503e+03  6.481697e+02
[30,]   30 0.04442845  0.00000100 114533.85  5.045663e+04 -4.121166e+08
[31,]   31 0.03562677  0.06701684  28006.53  1.813096e+03 -8.969812e+03
[32,]   32 0.03209948  0.09387360  27913.44 -2.049021e+03 -1.593468e+02
[33,]   33 0.98413331  0.67831318  31394.83  1.939688e+03  1.764851e+03
[34,]   34 0.12232988  0.14926472  28026.95  1.010149e+03  3.214528e+03
[35,]   35 0.05371432  0.10714263  27897.75 -1.090757e+02  6.616205e+02
[36,]   36 0.05275068  0.10159795  27895.90 -7.520067e+00  1.247130e+00
[37,]   37 0.05282069  0.10160922  27895.90 -3.619906e+00  4.369609e-01
[38,]   38 0.05288717  0.10162257  27895.90 -1.967901e-02  4.161679e-02
[39,]   39 0.05288735  0.10162229  27895.90  9.347787e-04 -4.777321e-03

