[22;0t]0;IPython: scripts/01_msprime_simulations$par
[1] 1.000000e-06 1.446471e-05

$value
[1] -63.60516

$counts
function gradient 
      70       70 

$convergence
[1] 52

$message
[1] "ERROR: ABNORMAL_TERMINATION_IN_LNSRCH"

$loginfo
      step  par1         par2          fn       gr1           gr2
 [1,]    1 1e-01 1.000000e-02   312.79849  2252.581    3027.05157
 [2,]    2 1e-06 1.000000e-06    74.91731 24042.510 -110230.39073
 [3,]    3 1e-06 1.000000e+01 24348.37592  2416.088    2324.11474
 [4,]    4 1e-06 3.225812e+00  8109.23915  2415.990    2470.17723
 [5,]    5 1e-06 1.040110e+00  2660.61188  2415.545    2514.12484
 [6,]    6 1e-06 3.354598e-01   886.31596  2413.982    2517.45086
 [7,]    7 1e-06 1.083228e-01   316.66400  2409.037    2484.92571
 [8,]    8 1e-06 3.508849e-02   137.33038  2393.768    2370.92498
 [9,]    9 1e-06 1.145169e-02    83.95975  2347.249    2018.49193
[10,]   10 1e-06 3.798346e-03    71.12223  2207.662     962.70334
[11,]   11 1e-06 3.765469e-03    71.09079  2205.769     948.91066
[12,]   12 1e-06 3.633960e-03    70.96969  2197.801     891.25760
[13,]   13 1e-06 3.107925e-03    70.57011  2157.813     612.94586
[14,]   14 1e-06 1.897970e-03    70.31038  2342.477      98.91283
[15,]   15 1e-06 1.665144e-03    70.22515  2995.113     772.27307
[16,]   16 1e-06 7.338415e-04    68.15983  6661.566    3254.66713
[17,]   17 1e-06 1.000000e-06    74.91731     0.000 -110230.39073
[18,]   18 1e-06 4.686200e-04    67.09331  8242.682    5136.82489
[19,]   19 1e-06 2.301302e-04    65.45964  7220.967    9754.94771
[20,]   20 1e-06 1.996646e-04    65.15643  6100.957   10872.32701
[21,]   21 1e-06 1.813794e-04    64.95775  5179.825   11606.08393
[22,]   22 1e-06 1.000000e-06    74.91731 24042.510 -110230.39073
[23,]   23 1e-06 1.678373e-04    64.80147  4356.637   12142.43326
[24,]   24 1e-06 8.441865e-05    63.63300 -3506.834   13587.27083
[25,]   25 1e-06 8.263190e-05    63.60427 -3704.657   13675.36951
[26,]   26 1e-06 8.092608e-05    63.57677 -3891.978   13758.82587
[27,]   27 1e-06 4.096304e-05    63.00942 -6204.302   14560.50129
[28,]   28 1e-06 4.060209e-05    63.00687 -6181.296   14538.39514
[29,]   29 1e-06 1.446471e-05    63.60516  5180.372    4914.76520
[30,]   30 1e-06 1.000000e-06    74.91731 24042.510 -110230.39073
[31,]   31 1e-06 1.445102e-05    63.60665  5195.463    4897.82153
[32,]   32 1e-06 1.446461e-05    63.60517  5180.481    4914.64276
[33,]   33 1e-06 1.446471e-05    63.60516  5180.373    4914.76431
[34,]   34 1e-06 1.446471e-05    63.60516  5180.372    4914.76520
[35,]   35 1e-06 1.446471e-05    63.60516  5180.372    4914.76520
[36,]   36 1e-06 1.446471e-05    63.60516  5180.372    4914.76520
[37,]   37 1e-06 1.446471e-05    63.60516  5180.372    4914.76520
[38,]   38 1e-06 1.446471e-05    63.60516  5180.372    4914.76520
[39,]   39 1e-06 1.446471e-05    63.60516  5180.372    4914.76520
[40,]   40 1e-06 1.446471e-05    63.60516  5180.372    4914.76520
[41,]   41 1e-06 1.446471e-05    63.60516  5180.372    4914.76520
[42,]   42 1e-06 1.446471e-05    63.60516  5180.372    4914.76520
[43,]   43 1e-06 1.446471e-05    63.60516  5180.372    4914.76520
[44,]   44 1e-06 1.446471e-05    63.60516  5180.372    4914.76520
[45,]   45 1e-06 1.446471e-05    63.60516  5180.372    4914.76520
[46,]   46 1e-06 1.446471e-05    63.60516  5180.372    4914.76520
[47,]   47 1e-06 1.446471e-05    63.60516  5180.372    4914.76520
[48,]   48 1e-06 1.446471e-05    63.60516  5180.372    4914.76520
[49,]   49 1e-06 1.446471e-05    63.60516  5180.372    4914.76520
[50,]   50 1e-06 1.000000e-06    74.91731 24042.510 -110230.39073
[51,]   51 1e-06 1.445102e-05    63.60665  5195.463    4897.82153
[52,]   52 1e-06 1.446461e-05    63.60517  5180.481    4914.64276
[53,]   53 1e-06 1.446471e-05    63.60516  5180.373    4914.76431
[54,]   54 1e-06 1.446471e-05    63.60516  5180.372    4914.76520
[55,]   55 1e-06 1.446471e-05    63.60516  5180.372    4914.76520
[56,]   56 1e-06 1.446471e-05    63.60516  5180.372    4914.76520
[57,]   57 1e-06 1.446471e-05    63.60516  5180.372    4914.76520
[58,]   58 1e-06 1.446471e-05    63.60516  5180.372    4914.76520
[59,]   59 1e-06 1.446471e-05    63.60516  5180.372    4914.76520
[60,]   60 1e-06 1.446471e-05    63.60516  5180.372    4914.76520
[61,]   61 1e-06 1.446471e-05    63.60516  5180.372    4914.76520
[62,]   62 1e-06 1.446471e-05    63.60516  5180.372    4914.76520
[63,]   63 1e-06 1.446471e-05    63.60516  5180.372    4914.76520
[64,]   64 1e-06 1.446471e-05    63.60516  5180.372    4914.76520
[65,]   65 1e-06 1.446471e-05    63.60516  5180.372    4914.76520
[66,]   66 1e-06 1.446471e-05    63.60516  5180.372    4914.76520
[67,]   67 1e-06 1.446471e-05    63.60516  5180.372    4914.76520
[68,]   68 1e-06 1.446471e-05    63.60516  5180.372    4914.76520
[69,]   69 1e-06 1.446471e-05    63.60516  5180.372    4914.76520

