[22;0t]0;IPython: scripts/01_msprime_simulations$par
[1] 0.006616797 0.010142170

$value
[1] -4398.282

$counts
function gradient 
      28       28 

$convergence
[1] 0

$message
[1] "CONVERGENCE: REL_REDUCTION_OF_F <= FACTR*EPSMCH"

$loginfo
      step         par1         par2        fn           gr1           gr2
 [1,]    1 0.1000000000  0.010000000  4489.516  7.778619e+02 -7.403919e+03
 [2,]    2 0.0000010000 10.000000000 25384.836  2.416099e+03  2.237582e+03
 [3,]    3 0.0761315561  2.394481388  8466.431  2.413675e+03  2.145355e+03
 [4,]    4 0.0938439584  0.624994706  5166.525  2.395199e+03  1.246840e+03
 [5,]    5 0.0983013390  0.179697928  4835.147  2.665151e+03  1.305211e+02
 [6,]    6 0.0996326940  0.046694236  4720.345  1.859287e+03  4.404482e+03
 [7,]    7 0.0999475834  0.015236470  4494.922  8.003758e+02  6.290630e+03
 [8,]    8 0.0999802436  0.011973687  4482.985  7.694054e+02  1.172590e+02
 [9,]    9 0.0997785738  0.011944710  4482.827  7.697666e+02  3.353994e+01
[10,]   10 0.0989718947  0.011828804  4482.221  7.712985e+02 -3.072742e+02
[11,]   11 0.0957451785  0.011365181  4480.196  7.789147e+02 -1.771045e+03
[12,]   12 0.0764669181  0.010091876  4469.750  8.513624e+02 -6.570719e+03
[13,]   13 0.0003239052  0.007266134  4440.040 -6.115264e+04  8.149772e+02
[14,]   14 0.0757175545  0.010064066  4469.295  8.549227e+02 -6.681526e+03
[15,]   15 0.0380207299  0.008665100  4444.815  1.225408e+03 -1.188411e+04
[16,]   16 0.0129180308  0.007733514  4416.503  2.036551e+03 -1.097596e+04
[17,]   17 0.0048570559  0.007434364  4404.559  7.533305e+02 -5.904339e+03
[18,]   18 0.0000010000  0.007854725  4505.784 -4.337149e+05  1.517345e+01
[19,]   19 0.0032563752  0.007572925  4404.276 -1.527545e+03 -3.212923e+03
[20,]   20 0.0040519354  0.007504058  4403.923 -1.446512e+02 -4.570894e+03
[21,]   21 0.0895942226  0.065262352  4755.763  2.400365e+03  1.999602e+03
[22,]   22 0.0141491419  0.014321709  4410.119  9.780152e+02  3.122579e+03
[23,]   23 0.0076984348  0.009966181  4398.602  4.654508e+02 -6.168214e+02
[24,]   24 0.0072682916  0.009987388  4398.422  3.153970e+02 -4.454737e+02
[25,]   25 0.0064043628  0.010077715  4398.292 -8.357399e+01 -3.050566e+01
[26,]   26 0.0066281165  0.010125489  4398.282  1.023407e+01 -2.818832e+01
[27,]   27 0.0066177470  0.010138224  4398.282  1.592167e+00 -6.170616e+00
[28,]   28 0.0066167966  0.010142170  4398.282 -2.864369e-02 -5.447683e-02

