[22;0t]0;IPython: scripts/01_msprime_simulations$par
[1] 0.035454117 0.009685538

$value
[1] -5297.218

$counts
function gradient 
      21       21 

$convergence
[1] 0

$message
[1] "CONVERGENCE: REL_REDUCTION_OF_F <= FACTR*EPSMCH"

$loginfo
      step       par1         par2        fn           gr1           gr2
 [1,]    1 0.10000000  0.010000000  5305.219  1.704575e+02 -2.099710e+03
 [2,]    2 0.00000100 10.000000000 25574.338  2.416088e+03  2.221760e+03
 [3,]    3 0.08546403  1.462158228  7045.422  2.410532e+03  1.848820e+03
 [4,]    4 0.09703781  0.305925565  5610.631  2.356767e+03 -1.500282e+02
 [5,]    5 0.09951406  0.058546017  5738.436  2.194512e+03  2.675616e+03
 [6,]    6 0.09998131  0.011866837  5309.840  1.333373e+02  6.273508e+03
 [7,]    7 0.09999616  0.010383367  5304.829  1.594809e+02  2.065285e+01
 [8,]    8 0.09996734  0.010379773  5304.824  1.595600e+02  2.642151e+00
 [9,]    9 0.09985206  0.010365394  5304.806  1.598783e+02 -6.957435e+01
[10,]   10 0.09939094  0.010307880  5304.744  1.611882e+02 -3.612415e+02
[11,]   11 0.09583058  0.010107920  5304.333  1.652660e+02 -1.350161e+03
[12,]   12 0.08398559  0.009737080  5303.154  1.725385e+02 -3.075954e+03
[13,]   13 0.04969100  0.009069307  5300.002  1.649432e+02 -4.967673e+03
[14,]   14 0.00000100  0.008491711  5395.661 -2.456648e+05  1.147911e+03
[15,]   15 0.03260613  0.008870713  5298.671  7.484739e+01 -3.971666e+03
[16,]   16 0.03008691  0.009134802  5297.791 -4.340078e+00 -2.054003e+03
[17,]   17 0.04247597  0.009923558  5297.443  4.538680e+01  4.541556e+02
[18,]   18 0.03629596  0.009679074  5297.223  1.043950e+01 -1.185192e+02
[19,]   19 0.03526522  0.009679914  5297.218 -1.680256e+00 -6.232302e+00
[20,]   20 0.03546069  0.009685634  5297.218  6.885953e-02 -2.429653e-01
[21,]   21 0.03545412  0.009685538  5297.218  4.115827e-04  1.230501e-04

