[22;0t]0;IPython: scripts/01_msprime_simulations$par
[1] 0.0002391436 0.3935575614

$value
[1] -8319.536

$counts
function gradient 
      39       39 

$convergence
[1] 0

$message
[1] "CONVERGENCE: REL_REDUCTION_OF_F <= FACTR*EPSMCH"

$loginfo
      step         par1       par2        fn           gr1           gr2
 [1,]    1 0.1000000000  0.0100000  9581.673   2745.222713 -8.506447e+04
 [2,]    2 0.0000010000 10.0000000 26948.550   2416.082943  2.107029e+03
 [3,]    3 0.0675892217  3.2478691 13235.220   2503.799443  2.024151e+03
 [4,]    4 0.0893528183  1.0736641  9255.959   3057.036627  1.415390e+03
 [5,]    5 0.0519812553  1.0567665  9117.695   3068.725705  1.398696e+03
 [6,]    6 0.0000010000  1.0332637  8937.112 -43028.776654  1.314434e+03
 [7,]    7 0.0478112321  1.0548811  9102.261   3069.133849  1.398316e+03
 [8,]    8 0.0142681939  1.0397146  8978.564   2988.676813  1.406413e+03
 [9,]    9 0.0043541060  1.0352319  8943.806   2637.284238  1.387205e+03
[10,]   10 0.0000010000  0.9563591  8838.465 -68934.202003  1.550938e+03
[11,]   11 0.0025919393  1.0033037  8895.315   2094.577068  1.380833e+03
[12,]   12 0.0005130757  0.9656372  8841.612  -2443.864231  1.374420e+03
[13,]   13 0.0052358126  0.0000010 25638.791  63090.874834 -9.302594e+07
[14,]   14 0.0021741751  0.6259999  8442.440   3245.517509  9.033553e+02
[15,]   15 0.0000010000  0.0000010 25152.976 124262.571709 -9.296811e+07
[16,]   16 0.0014319951  0.4122096  8324.604   3328.167754  1.784566e+02
[17,]   17 0.0000010000  0.0000010 25152.976 124262.571709 -9.296811e+07
[18,]   18 0.0009535493  0.2743898  8373.126   3604.248875 -1.064075e+03
[19,]   19 0.0013379543  0.3851204  8323.050   3547.168577 -1.032568e+02
[20,]   20 0.0000010000  0.3939757  8323.976 -41785.127507  1.035685e+01
[21,]   21 0.0006248055  0.3898439  8320.349   2757.522421 -4.853288e+01
[22,]   22 0.0000010000  0.3940463  8323.977 -41786.112741  1.127241e+01
[23,]   23 0.0004083102  0.3913024  8319.771   1877.162318 -2.862717e+01
[24,]   24 0.0000010000  0.3931893  8323.972 -41774.515771  1.310123e-01
[25,]   25 0.0003224107  0.3917003  8319.621   1171.554081 -2.278160e+01
[26,]   26 0.0001828493  0.3936208  8319.559  -1774.422826  3.341803e+00
[27,]   27 0.0002597099  0.3925631  8319.548    313.923067 -1.109717e+01
[28,]   28 0.0002391436  0.3935576  8319.536    -91.326873  1.842285e+00
[29,]   29 0.0002433092  0.3934013  8319.537     -3.199319 -1.999661e-01
[30,]   30 0.0002395614  0.3935419  8319.536    -82.320692  1.637441e+00
[31,]   31 0.0002391891  0.3935559  8319.536    -90.343408  1.819957e+00
[32,]   32 0.0002391486  0.3935574  8319.536    -91.218724  1.839827e+00
[33,]   33 0.0002391441  0.3935575  8319.536    -91.314972  1.842014e+00
[34,]   34 0.0002391436  0.3935576  8319.536    -91.325558  1.842255e+00
[35,]   35 0.0002391436  0.3935576  8319.536    -91.326734  1.842283e+00
[36,]   36 0.0002391436  0.3935576  8319.536    -91.325955  1.842269e+00
[37,]   37 0.0002391436  0.3935576  8319.536    -91.326648  1.842286e+00
[38,]   38 0.0002391436  0.3935576  8319.536    -91.326724  1.842283e+00
[39,]   39 0.0002391436  0.3935576  8319.536    -91.326734  1.842283e+00

