[22;0t]0;IPython: scripts/01_msprime_simulations$par
[1] 0.002872062 0.500432857

$value
[1] -29528.16

$counts
function gradient 
      31       31 

$convergence
[1] 0

$message
[1] "CONVERGENCE: REL_REDUCTION_OF_F <= FACTR*EPSMCH"

$loginfo
      step         par1       par2        fn           gr1           gr2
 [1,]    1 1.000000e-01  0.0100000  41946.58  2.465917e+04 -8.376909e+05
 [2,]    2 1.000000e-06 10.0000000  37808.77 -8.984576e+04  1.233110e+03
 [3,]    3 6.664161e-02  3.3425365  31087.08  3.294819e+03  7.663294e+02
 [4,]    4 5.350815e-02  3.3392871  31041.91  3.195558e+03  7.714651e+02
 [5,]    5 9.742995e-04  3.3262894  30948.76 -2.526393e+04  7.720824e+02
 [6,]    6 4.725705e-02  3.3377405  31020.94  3.127766e+03  7.735932e+02
 [7,]    7 2.411567e-02  3.3320150  30949.21  2.561804e+03  7.765546e+02
 [8,]    8 1.000000e-06  3.3206980  31106.49 -1.052680e+06  8.292583e+02
 [9,]    9 1.426651e-02  3.3273928  30923.63  1.769229e+03  7.724253e+02
[10,]   10 1.000000e-06  3.3149927  31101.75 -1.049924e+06  8.349113e+02
[11,]   11 8.989045e-03  3.3228054  30913.32  6.215084e+02  7.674711e+02
[12,]   12 3.115551e-03  3.3107872  30912.02 -5.344825e+03  7.578561e+02
[13,]   13 6.838358e-03  3.3184047  30909.57 -3.667332e+02  7.638334e+02
[14,]   14 4.297258e-03  3.3015171  30900.35 -2.833310e+03  7.527731e+02
[15,]   15 2.316290e-03  3.2448607  30868.62 -8.434130e+03  7.258868e+02
[16,]   16 4.157362e-05  2.8105111  30617.54 -2.846686e+05  6.901170e+02
[17,]   17 1.270227e-03  3.0451184  30723.11 -1.783163e+04  8.671012e+02
[18,]   18 3.029751e-04  2.8604249  30606.81 -7.918970e+04  7.332923e+02
[19,]   19 6.162587e-04  0.0000010 131010.97  1.232129e+05 -4.857309e+08
[20,]   20 4.090167e-04  1.8922166  30018.21 -5.840175e+04  2.985617e+02
[21,]   21 1.824763e-03  1.2807286  29698.75 -1.092219e+04  3.381302e+02
[22,]   22 3.579281e-03  0.0000010 131363.23  1.142431e+05 -4.857343e+08
[23,]   23 2.411449e-03  0.8524714  29583.41 -5.056760e+03  1.758200e+02
[24,]   24 3.024219e-03  0.3924341  29552.35  1.165440e+03 -1.849475e+02
[25,]   25 2.714560e-03  0.6249111  29528.50 -2.242192e+03  2.069999e+02
[26,]   26 2.878561e-03  0.5017870  29528.17 -5.754526e+00  6.305505e+00
[27,]   27 2.892823e-03  0.4891515  29528.64  2.579060e+02 -9.222691e+01
[28,]   28 2.879751e-03  0.5007327  29528.16  2.649737e+01  1.365301e+00
[29,]   29 2.852616e-03  0.5002706  29528.16 -8.326678e+01 -4.035395e-01
[30,]   30 2.868828e-03  0.5005467  29528.16 -1.735472e+01  6.773947e-01
[31,]   31 2.872062e-03  0.5004329  29528.16 -2.307047e-01  1.807111e-03

