[22;0t]0;IPython: scripts/01_msprime_simulations$par
[1] 0.09258781 0.49476685

$value
[1] -54334.92

$counts
function gradient 
      32       32 

$convergence
[1] 0

$message
[1] "CONVERGENCE: REL_REDUCTION_OF_F <= FACTR*EPSMCH"

$loginfo
      step       par1       par2        fn           gr1           gr2
 [1,]    1 0.10000000  0.0100000 117983.93  6.666875e+04 -3.014074e+06
 [2,]    2 0.00000100 10.0000000  61924.40 -9.061160e+06  3.255753e+02
 [3,]    3 1.59998216 10.0000000  61411.13  2.021222e+03  2.790517e+02
 [4,]    4 0.53262575 10.0000000  59220.71  1.863057e+03  3.506688e+02
 [5,]    5 0.17749342 10.0000000  58759.64  3.831814e+01  3.843151e+02
 [6,]    6 0.17749268  9.9986988  58759.14  3.841281e+01  3.843119e+02
 [7,]    7 0.17748971  9.9934939  58757.14  3.879491e+01  3.842985e+02
 [8,]    8 0.17747784  9.9726745  58749.14  4.038041e+01  3.842518e+02
 [9,]    9 0.17743034  9.8893966  58717.14  4.768208e+01  3.841985e+02
[10,]   10 0.17724035  9.5562852  58588.75  9.503548e+01  3.878712e+02
[11,]   11 0.17648039  8.2238394  58067.81  3.008782e+02  3.816114e+02
[12,]   12 0.17344056  2.8940566  56088.05  1.570981e+03  4.162728e+02
[13,]   13 0.17178993  0.0000010 422415.66  0.000000e+00 -1.517149e+09
[14,]   14 0.17288904  1.9270753  55604.14  1.645834e+03  6.385560e+02
[15,]   15 0.17215639  0.6425205  54451.36  1.321620e+03  6.162411e+02
[16,]   16 0.17213052  0.6404340  54450.05  1.328870e+03  6.050977e+02
[17,]   17 0.17202702  0.6320882  54445.05  1.359204e+03  5.583631e+02
[18,]   18 0.17161303  0.5987051  54429.41  1.503502e+03  3.320849e+02
[19,]   19 0.17065034  0.5440082  54423.40  1.835804e+03 -2.129712e+02
[20,]   20 0.17076413  0.5622070  54421.70  1.706614e+03 -1.562486e+00
[21,]   21 0.17055091  0.5612926  54421.34  1.710287e+03 -1.003019e+01
[22,]   22 0.16969802  0.5576352  54419.98  1.725358e+03 -4.446940e+01
[23,]   23 0.16628647  0.5430054  54415.69  1.792143e+03 -1.916791e+02
[24,]   24 0.15078085  0.5131803  54397.15  1.837970e+03 -4.568200e+02
[25,]   25 0.00000100  0.4588277  59080.52 -1.425100e+07  4.364668e+02
[26,]   26 0.09870553  0.4944084  54336.15  3.865123e+02 -8.892881e+01
[27,]   27 0.08447972  0.4884561  54336.83 -5.262382e+02  4.329639e+01
[28,]   28 0.09228638  0.4917225  54334.97  2.233294e+01 -3.172416e+01
[29,]   29 0.09252168  0.4942371  54334.92  2.885930e+00 -5.262676e+00
[30,]   30 0.09258950  0.4947614  54334.92  1.771537e-01 -8.595667e-02
[31,]   31 0.09258781  0.4947669  54334.92 -1.389933e-02  1.628105e-03

