[22;0t]0;IPython: scripts/01_msprime_simulations$par
[1] 0.001285554 0.077283157

$value
[1] -19290.94

$counts
function gradient 
      34       34 

$convergence
[1] 0

$message
[1] "CONVERGENCE: REL_REDUCTION_OF_F <= FACTR*EPSMCH"

$loginfo
      step         par1        par2       fn           gr1           gr2
 [1,]    1 0.1000000000  0.01000000 22767.92  8.711899e+03 -3.407687e+05
 [2,]    2 0.0000010000 10.00000000 31036.38  2.414861e+03  1.765740e+03
 [3,]    3 0.0667434508  3.33236249 20994.08  2.343126e+03  1.065634e+03
 [4,]    4 0.0438884533  3.32180750 20930.37  2.232748e+03  1.064322e+03
 [5,]    5 0.0000010000  3.30153922 20920.24 -4.697150e+05  1.036821e+03
 [6,]    6 0.0436351236  3.32169051 20929.68  2.230878e+03  1.064304e+03
 [7,]    7 0.0145744985  3.30826962 20856.56  1.607187e+03  1.059089e+03
 [8,]    8 0.0000010000  3.27639458 20894.27 -4.728535e+05  1.028814e+03
 [9,]    9 0.0075583420  3.29292394 20831.37  7.864884e+02  1.051236e+03
[10,]   10 0.0000010000  3.04539673 20666.62 -4.963279e+05  9.375812e+02
[11,]   11 0.0070269249  3.27551832 20812.73  6.419283e+02  1.046882e+03
[12,]   12 0.0035139625  3.16045753 20694.62 -1.378275e+03  1.013232e+03
[13,]   13 0.0011718906  3.08374716 20626.96 -8.833609e+03  9.842374e+02
[14,]   14 0.0180377840  0.00000100 66252.26  6.687728e+04 -2.393749e+08
[15,]   15 0.0070685668  2.00560371 19740.45  6.668960e+02  5.935271e+02
[16,]   16 0.0059430205  0.35049429 19345.92  4.942660e+03  4.869984e+01
[17,]   17 0.0022416557  0.16329199 19307.22  2.253446e+03  2.252904e+02
[18,]   18 0.0000010000  0.04996733 19456.04 -1.149315e+06  3.398034e+02
[19,]   19 0.0014516101  0.12333420 19298.17 -2.775544e+03  5.341086e+01
[20,]   20 0.0019153248  0.00000100 64802.24  1.182366e+05 -2.393207e+08
[21,]   21 0.0016059627  0.08228138 19292.51  4.177922e+03  2.283850e+02
[22,]   22 0.0017606437  0.04114119 19325.57  1.528820e+04 -4.295245e+03
[23,]   23 0.0016496397  0.07066470 19293.90  6.510542e+03 -3.271726e+02
[24,]   24 0.0016178600  0.07911707 19291.95  4.865695e+03  1.189183e+02
[25,]   25 0.0016219163  0.07803821 19291.88  5.066373e+03  2.787924e+01
[26,]   26 0.0011938592  0.00000100 64715.98  1.208676e+05 -2.393200e+08
[27,]   27 0.0014795691  0.05208752 19299.85  8.103018e+03 -9.042221e+02
[28,]   28 0.0016070395  0.07532608 19292.09  5.250536e+03 -2.310581e+02
[29,]   29 0.0016187574  0.07746232 19291.87  5.106700e+03 -2.637438e+01
[30,]   30 0.0006856721  0.07675136 19296.10 -2.195573e+04  5.766131e+01
[31,]   31 0.0013114149  0.07722814 19290.94  5.050123e+02 -8.695671e+00
[32,]   32 0.0012783063  0.07727453 19290.94 -1.421402e+02  1.029730e-01
[33,]   33 0.0012857145  0.07728400 19290.94  3.068452e+00  5.929234e-02
[34,]   34 0.0012855539  0.07728316 19290.94  2.073122e-02 -1.702301e-03

