[22;0t]0;IPython: scripts/01_msprime_simulations$par
[1] 0.002918211 4.554083821

$value
[1] -57252.67

$counts
function gradient 
      42       42 

$convergence
[1] 0

$message
[1] "CONVERGENCE: REL_REDUCTION_OF_F <= FACTR*EPSMCH"

$loginfo
      step         par1      par2        fn           gr1           gr2
 [1,]    1 0.1000000000  0.010000 123958.16  7.403517e+04 -3.156226e+06
 [2,]    2 0.0000010000 10.000000  59026.42 -7.445223e+05  4.871277e+02
 [3,]    3 2.0821696440 10.000000  66203.69  2.643933e+03  4.364645e+01
 [4,]    4 0.6889059205 10.000000  61702.44  3.853143e+03  3.473891e+02
 [5,]    5 0.2278503027 10.000000  59825.14  4.325226e+03  4.541292e+02
 [6,]    6 0.0754600845 10.000000  59159.81  4.311168e+03  4.906823e+02
 [7,]    7 0.0251075683 10.000000  58952.97  3.656469e+03  4.999621e+02
 [8,]    8 0.0249848956  9.998421  58951.73  3.651625e+03  4.998243e+02
 [9,]    9 0.0244942048  9.992105  58946.79  3.631729e+03  4.992427e+02
[10,]   10 0.0225314416  9.966840  58927.16  3.542872e+03  4.967487e+02
[11,]   11 0.0146803888  9.865781  58851.75  2.942389e+03  4.848606e+02
[12,]   12 0.0000010000  9.676827  58882.09 -7.600601e+05  4.053352e+02
[13,]   13 0.0068202724  9.764605  58786.18  9.780325e+02  4.671157e+02
[14,]   14 0.0000010000  9.676974  58882.15 -7.600202e+05  4.053681e+02
[15,]   15 0.0040315204  9.728768  58769.70 -1.427103e+03  4.569968e+02
[16,]   16 0.0000010000  9.673596  58880.79 -7.609482e+05  4.046241e+02
[17,]   17 0.0025930751  9.709078  58764.69 -4.433381e+03  4.507692e+02
[18,]   18 0.0017934950  9.693847  58762.63 -7.938461e+03  4.472233e+02
[19,]   19 0.0016725511  9.682561  58758.60 -8.757144e+03  4.457705e+02
[20,]   20 0.0011887754  9.637414  58743.88 -1.367843e+04  4.405444e+02
[21,]   21 0.0000010000  9.132227  58678.76 -8.780910e+05  3.708647e+02
[22,]   22 0.0009580157  9.539267  58704.65 -1.869197e+04  4.333319e+02
[23,]   23 0.0004795078  9.335747  58633.65 -4.464149e+04  3.937075e+02
[24,]   24 0.0020649157  6.427895  57799.14 -4.700566e+03  1.889098e+02
[25,]   25 0.0027316819  3.839280  57347.69 -5.807527e+02 -6.551999e+01
[26,]   26 0.0026153671  4.502487  57254.24 -1.096159e+03 -5.348966e+01
[27,]   27 0.0026799572  7.443431  57962.62 -3.092136e+03  2.355327e+02
[28,]   28 0.0026183823  4.639777  57257.12 -8.137161e+02  1.033669e+02
[29,]   29 0.0026164771  4.553029  57252.81 -9.453833e+02 -1.932238e+00
[30,]   30 0.0079801927  4.539258  57270.05  5.192178e+03 -1.226981e+01
[31,]   31 0.0030332644  4.551959  57252.69  3.024624e+02 -2.079043e+00
[32,]   32 0.0029307240  4.554225  57252.67  3.341023e+01  1.658645e-01
[33,]   33 0.0029182109  4.554084  57252.67 -1.723110e+00 -1.905191e-02
[34,]   34 0.0029188152  4.554100  57252.67  3.072273e-03  3.544483e-04
[35,]   35 0.0029182810  4.554086  57252.67 -1.522902e+00 -1.680652e-02
[36,]   36 0.0029182202  4.554084  57252.67 -1.696754e+00 -1.875516e-02
[37,]   37 0.0029182122  4.554084  57252.67 -1.719528e+00 -1.901102e-02
[38,]   38 0.0029182111  4.554084  57252.67 -1.722640e+00 -1.905115e-02
[39,]   39 0.0029182118  4.554084  57252.67 -1.720590e+00 -1.902965e-02
[40,]   40 0.0029182112  4.554084  57252.67 -1.722438e+00 -1.904376e-02
[41,]   41 0.0029182111  4.554084  57252.67 -1.722629e+00 -1.905235e-02
[42,]   42 0.0029182111  4.554084  57252.67 -1.722640e+00 -1.905115e-02

