[22;0t]0;IPython: scripts/01_msprime_simulations$par
[1] 0.000001000 0.007866887

$value
[1] -196.3356

$counts
function gradient 
      59       59 

$convergence
[1] 52

$message
[1] "ERROR: ABNORMAL_TERMINATION_IN_LNSRCH"

$loginfo
      step  par1         par2         fn       gr1           gr2
 [1,]    1 1e-01  0.010000000   422.2321  2152.243  2.794658e+03
 [2,]    2 1e-06  0.000001000   249.1103 76232.093 -5.959295e+05
 [3,]    3 1e-06 10.000000000 24366.4237  2416.088  2.322608e+03
 [4,]    4 1e-06  3.312994334  8358.7681  2415.995  2.463979e+03
 [5,]    5 1e-06  1.097591208  2855.0731  2415.583  2.500296e+03
 [6,]    6 1e-06  0.363731363  1023.0226  2414.164  2.479614e+03
 [7,]    7 1e-06  0.120634636   428.2950  2409.783  2.374138e+03
 [8,]    8 1e-06  0.040092335   245.6839  2396.443  2.042845e+03
 [9,]    9 1e-06  0.013371474   199.7210  2351.637  1.046536e+03
[10,]   10 1e-06  0.013348035   199.6965  2351.504  1.043910e+03
[11,]   11 1e-06  0.013254277   199.5991  2350.969  1.033312e+03
[12,]   12 1e-06  0.012879249   199.2197  2348.731  9.893797e+02
[13,]   13 1e-06  0.011379136   197.8827  2337.888  7.846838e+02
[14,]   14 1e-06  0.005408761   197.5689  1921.057 -1.102921e+03
[15,]   15 1e-06  0.008897230   196.4936  2307.806  2.944102e+02
[16,]   16 1e-06  0.007406841   196.3711  2269.346 -1.579184e+02
[17,]   17 1e-06  0.007927170   196.3362  2286.404  1.932522e+01
[18,]   18 1e-06  0.007870437   196.3356  2284.801  1.138224e+00
[19,]   19 1e-06  0.007866887   196.3356  2284.698 -8.722328e-03
[20,]   20 1e-06  0.007866914   196.3356  2284.699  4.124843e-06
[21,]   21 1e-06  0.007866887   196.3356  2284.698 -8.630127e-03
[22,]   22 1e-06  0.007866887   196.3356  2284.698 -8.722061e-03
[23,]   23 1e-06  0.007866887   196.3356  2284.698 -8.722315e-03
[24,]   24 1e-06  0.007866887   196.3356  2284.698 -8.722217e-03
[25,]   25 1e-06  0.007866887   196.3356  2284.698 -8.722307e-03
[26,]   26 1e-06  0.007866887   196.3356  2284.698 -8.721943e-03
[27,]   27 1e-06  0.007866887   196.3356  2284.698 -8.722307e-03
[28,]   28 1e-06  0.007866887   196.3356  2284.698 -8.722296e-03
[29,]   29 1e-06  0.007866887   196.3356  2284.698 -8.722057e-03
[30,]   30 1e-06  0.007866887   196.3356  2284.698 -8.722296e-03
[31,]   31 1e-06  0.007866887   196.3356  2284.698 -8.722296e-03
[32,]   32 1e-06  0.007866887   196.3356  2284.698 -8.722141e-03
[33,]   33 1e-06  0.007866887   196.3356  2284.698 -8.722141e-03
[34,]   34 1e-06  0.007866887   196.3356  2284.698 -8.722084e-03
[35,]   35 1e-06  0.007866887   196.3356  2284.698 -8.722141e-03
[36,]   36 1e-06  0.016589215   203.5887  2365.708  1.336595e+03
[37,]   37 1e-06  0.007866920   196.3356  2284.699  1.893208e-03
[38,]   38 1e-06  0.007866887   196.3356  2284.698 -8.611243e-03
[39,]   39 1e-06  0.007866887   196.3356  2284.698 -8.721499e-03
[40,]   40 1e-06  0.007866887   196.3356  2284.698 -8.722328e-03
[41,]   41 1e-06  0.007866887   196.3356  2284.698 -8.722328e-03
[42,]   42 1e-06  0.007866887   196.3356  2284.698 -8.722321e-03
[43,]   43 1e-06  0.007866887   196.3356  2284.698 -8.722324e-03
[44,]   44 1e-06  0.007866887   196.3356  2284.698 -8.721973e-03
[45,]   45 1e-06  0.007866887   196.3356  2284.698 -8.722324e-03
[46,]   46 1e-06  0.007866887   196.3356  2284.698 -8.722324e-03
[47,]   47 1e-06  0.007866887   196.3356  2284.698 -8.721999e-03
[48,]   48 1e-06  0.007866887   196.3356  2284.698 -8.722315e-03
[49,]   49 1e-06  0.007866887   196.3356  2284.698 -8.722056e-03
[50,]   50 1e-06  0.007866887   196.3356  2284.698 -8.722315e-03
[51,]   51 1e-06  0.007866887   196.3356  2284.698 -8.722315e-03
[52,]   52 1e-06  0.007866887   196.3356  2284.698 -8.722126e-03
[53,]   53 1e-06  0.007866887   196.3356  2284.698 -8.722126e-03
[54,]   54 1e-06  0.007866887   196.3356  2284.698 -8.722133e-03

