[22;0t]0;IPython: scripts/01_msprime_simulations$par
[1] 7.6968886111 0.0003876914

$value
[1] -335.5625

$counts
function gradient 
      53       53 

$convergence
[1] 0

$message
[1] "CONVERGENCE: REL_REDUCTION_OF_F <= FACTR*EPSMCH"

$loginfo
      step         par1         par2       fn           gr1           gr2
 [1,]    1  0.100000000 0.0100000000 565.7593  2.032003e+03  2.678835e+03
 [2,]    2  0.000001000 0.0000010000 472.8608  9.576879e+04 -1.357359e+06
 [3,]    3  0.094557210 0.0094557700 553.2739  2.012153e+03  2.759618e+03
 [4,]    4  0.047279105 0.0047283850 447.2568  1.608431e+03  6.196253e+03
 [5,]    5  0.016662913 0.0016670413 371.4462  5.825055e+02  2.344369e+04
 [6,]    6  0.008282806 0.0008291060 346.6447  5.063110e+01  2.835720e+04
 [7,]    7  0.000001000 0.0000010000 472.8608  9.576879e+04 -1.357359e+06
 [8,]    8  0.007481290 0.0007489617 344.3535 -1.910932e+00  2.783813e+04
 [9,]    9  0.003741145 0.0003749809 336.9196 -1.683536e+02  2.501642e+03
[10,]   10  0.003918702 0.0003591105 336.8385 -1.413918e+02 -1.096938e+03
[11,]   11  0.004909521 0.0003643954 336.7233 -1.119780e+02 -9.511631e+02
[12,]   12  0.008741633 0.0003867558 336.4660 -6.453735e+01  1.812477e+03
[13,]   13  0.012833164 0.0003913446 336.2763 -3.998574e+01  1.763998e+03
[14,]   14  0.019146787 0.0003810618 336.0722 -1.921766e+01 -1.374754e+03
[15,]   15  0.025605209 0.0003896424 335.9958 -1.038798e+01  3.796707e+02
[16,]   16  0.034180688 0.0003828672 335.9200 -5.314295e+00 -1.396980e+03
[17,]   17  0.044012972 0.0003906223 335.8932 -3.414929e+00  5.166803e+02
[18,]   18  0.058949466 0.0003912493 335.8530 -2.360269e+00  6.769432e+02
[19,]   19  0.094149783 0.0003769313 335.7752 -1.276753e+00 -3.156964e+03
[20,]   20  0.120107359 0.0003843349 335.7492 -8.952823e-01 -1.164868e+03
[21,]   21  0.172524395 0.0003902924 335.7246 -5.355880e-01  3.958251e+02
[22,]   22  0.238494772 0.0003915653 335.6995 -3.558723e-01  7.235344e+02
[23,]   23  0.365973243 0.0003904856 335.6625 -1.991072e-01  4.355319e+02
[24,]   24  0.528022511 0.0003889284 335.6344 -1.127145e-01  1.880096e+01
[25,]   25  0.771999022 0.0003956072 335.6349 -6.048782e-02  1.772685e+03
[26,]   26  0.602590664 0.0003909697 335.6320 -9.107238e-02  5.607616e+02
[27,]   27  0.913507339 0.0003889724 335.6070 -4.534322e-02  2.808919e+01
[28,]   28  1.258623580 0.0003920284 335.6033 -2.528902e-02  8.401102e+02
[29,]   29  1.698459521 0.0003887523 335.5864 -1.418618e-02 -3.188925e+01
[30,]   30  2.212551958 0.0003882623 335.5797 -8.620673e-03 -1.639060e+02
[31,]   31  3.031464747 0.0003898239 335.5779 -5.056056e-03  2.551843e+02
[32,]   32  4.199928470 0.0003888142 335.5710 -3.013100e-03 -1.553668e+01
[33,]   33  5.966444192 0.0003891980 335.5679 -1.637955e-03  8.751953e+01
[34,]   34  8.630522101 0.0003814003 335.5545 -7.740707e-04 -2.051594e+03
[35,]   35  6.674660172 0.0003871251 335.5626 -1.318297e-03 -4.720693e+02
[36,]   36  8.546897285 0.0003882749 335.5629 -7.916091e-04 -1.609283e+02
[37,]   37  7.082259109 0.0003873754 335.5625 -1.172573e-03 -4.041715e+02
[38,]   38 10.000000000 0.0003888756 335.5632 -5.631716e-04  8.657342e-01
[39,]   39  7.696853808 0.0003876914 335.5625 -9.859019e-04 -3.185878e+02
[40,]   40 10.000000000 0.0003888683 335.5632 -5.648445e-04 -1.123691e+00
[41,]   41  8.111393664 0.0003879032 335.5625 -8.840874e-04 -2.613017e+02
[42,]   42  7.780938460 0.0003877344 335.5625 -9.671157e-04 -3.069628e+02
[43,]   43  7.714332363 0.0003877004 335.5625 -9.817779e-04 -3.161711e+02
[44,]   44  7.700509762 0.0003876933 335.5625 -9.856399e-04 -3.180823e+02
[45,]   45  7.697619393 0.0003876918 335.5625 -9.864632e-04 -3.184819e+02
[46,]   46  7.697014271 0.0003876915 335.5625 -9.889598e-04 -3.185656e+02
[47,]   47  7.696887458 0.0003876914 335.5625 -9.866739e-04 -3.185831e+02
[48,]   48  7.696913970 0.0003876915 335.5625 -9.844157e-04 -3.185794e+02
[49,]   49  7.696892992 0.0003876914 335.5625 -9.865312e-04 -3.185823e+02
[50,]   50  7.696888611 0.0003876914 335.5625 -9.907714e-04 -3.185830e+02
[51,]   51  7.696889459 0.0003876914 335.5625 -9.863734e-04 -3.185828e+02
[52,]   52  7.696888611 0.0003876914 335.5625 -9.907714e-04 -3.185830e+02

