[22;0t]0;IPython: scripts/01_msprime_simulations$par
[1] 0.0003350229 0.0001463966

$value
[1] -123.0993

$counts
function gradient 
      46       46 

$convergence
[1] 0

$message
[1] "CONVERGENCE: REL_REDUCTION_OF_F <= FACTR*EPSMCH"

$loginfo
      step         par1         par2         fn          gr1          gr2
 [1,]    1 0.1000000000 1.000000e-02   362.8952  2231.163357    2739.4322
 [2,]    2 0.0000010000 1.000000e-06   155.6071 43752.375757 -310041.6755
 [3,]    3 0.0000010000 1.000000e+01 24356.1107  2416.098516    2323.4690
 [4,]    4 0.0000010000 3.294322e+00  8293.1359  2416.074361    2466.8472
 [5,]    5 0.0000010000 1.085159e+00  2795.3391  2415.987262    2507.7981
 [6,]    6 0.0000010000 3.575638e-01   970.1529  2415.710203    2501.2416
 [7,]    7 0.0000010000 1.179338e-01   375.4192  2414.784694    2438.3026
 [8,]    8 0.0000010000 3.899701e-02   188.1269  2410.871795    2234.0685
 [9,]    9 0.0000010000 1.297666e-02   135.1853  2390.668960    1617.6027
[10,]   10 0.0000010000 1.290931e-02   135.0766  2390.467283    1612.7796
[11,]   11 0.0000010000 1.263992e-02   134.6447  2389.632503    1592.9731
[12,]   12 0.0000010000 1.156236e-02   132.9744  2385.776732    1504.5142
[13,]   13 0.0000010000 7.252124e-03   127.6134  2353.453845     887.7021
[14,]   14 0.0000010000 2.899692e-04   124.9556 -3595.319783    2087.4305
[15,]   15 0.0000010000 1.000000e-06   155.6071 43752.375757 -310041.6755
[16,]   16 0.0000010000 2.899692e-04   124.9556 -3595.319783    2087.4305
[17,]   17 0.0280675246 1.000000e-06   168.7896     4.810708 -451723.5776
[18,]   18 0.0079608673 2.080155e-04   125.0620    88.330606   23733.7998
[19,]   19 0.0025788366 2.634281e-04   125.5360   250.666486   20312.2706
[20,]   20 0.0007692630 2.820593e-04   125.1832   797.340965   14678.3848
[21,]   21 0.0002399708 2.875088e-04   124.6908  1106.600552    9873.7719
[22,]   22 0.0004329609 1.000000e-06   164.3380  6225.225767 -413371.5427
[23,]   23 0.0002542589 2.662970e-04   124.4844   832.198306   10514.2815
[24,]   24 0.0003436099 1.336485e-04   122.9952   109.623836  -14786.2719
[25,]   25 0.0002901008 2.130869e-04   123.8804   258.478073   10593.0811
[26,]   26 0.0003350229 1.463966e-04   123.0993    34.022622   -4348.8173
[27,]   27 0.0000010000 2.127992e-04   124.7850 -8340.662383    2007.6732
[28,]   28 0.0003162833 1.501220e-04   123.1342   -30.826093   -2023.1313
[29,]   29 0.0003338699 1.466258e-04   123.1013    30.302476   -4195.3384
[30,]   30 0.0003349543 1.464102e-04   123.0994    33.802114   -4339.6426
[31,]   31 0.0003350188 1.463974e-04   123.0993    34.009530   -4348.2723
[32,]   32 0.0003350227 1.463966e-04   123.0993    34.021845   -4348.7849
[33,]   33 0.0003350229 1.463966e-04   123.0993    34.022576   -4348.8154
[34,]   34 0.0003350229 1.463966e-04   123.0993    34.022620   -4348.8172
[35,]   35 0.0003350229 1.463966e-04   123.0993    34.022622   -4348.8173
[36,]   36 0.0003350229 1.463966e-04   123.0993    34.022622   -4348.8173
[37,]   37 0.0003350229 1.463966e-04   123.0993    34.022622   -4348.8173
[38,]   38 0.0003350229 1.463966e-04   123.0993    34.022622   -4348.8173
[39,]   39 0.0003350229 1.463966e-04   123.0993    34.022622   -4348.8173
[40,]   40 0.0003350229 1.463966e-04   123.0993    34.022622   -4348.8173
[41,]   41 0.0003350229 1.463966e-04   123.0993    34.022622   -4348.8173
[42,]   42 0.0003350229 1.463966e-04   123.0993    34.022622   -4348.8173
[43,]   43 0.0003350229 1.463966e-04   123.0993    34.022622   -4348.8173
[44,]   44 0.0003350229 1.463966e-04   123.0993    34.022622   -4348.8173

