[22;0t]0;IPython: scripts/01_msprime_simulations$par
[1] 0.003939549 0.010334105

$value
[1] -5751.195

$counts
function gradient 
      38       38 

$convergence
[1] 0

$message
[1] "CONVERGENCE: REL_REDUCTION_OF_F <= FACTR*EPSMCH"

$loginfo
      step        par1        par2        fn           gr1           gr2
 [1,]    1 0.100000000 0.010000000  5844.915  4.517982e+02 -1.456872e+04
 [2,]    2 0.000010000 1.000000000  6509.097  2.415497e+03  1.427741e+03
 [3,]    3 0.068268142 0.324176814  6051.138  2.837224e+03  3.264136e+02
 [4,]    4 0.090281904 0.106218768  6162.134  3.047579e+03 -2.855928e+01
 [5,]    5 0.097787715 0.031903809  5968.319  1.005299e+03  8.497603e+03
 [6,]    6 0.099489813 0.015051358  5827.376  4.035084e+02  3.710338e+03
 [7,]    7 0.099476857 0.014037246  5824.589  3.973220e+02  1.690046e+03
 [8,]    8 0.099265862 0.013187004  5823.943  3.975715e+02 -4.477897e+02
 [9,]    9 0.099127991 0.013325840  5823.853  3.975313e+02 -6.623490e+01
[10,]   10 0.098559157 0.013493525  5823.653  3.984704e+02  3.768797e+02
[11,]   11 0.096040311 0.013867768  5822.960  4.036197e+02  1.294627e+03
[12,]   12 0.088845965 0.014487979  5821.220  4.202065e+02  2.603408e+03
[13,]   13 0.065176394 0.015864108  5815.496  5.079629e+02  4.616352e+03
[14,]   14 0.000010000 0.018989390  5864.993 -3.826904e+05  1.109359e+03
[15,]   15 0.039038740 0.017117630  5805.131  8.417387e+02  5.200858e+03
[16,]   16 0.013134882 0.018359940  5780.004  1.587721e+03  3.845840e+03
[17,]   17 0.004546625 0.018771820  5768.753  5.337325e+02  2.559846e+03
[18,]   18 0.000010000 0.018838324  5864.826 -3.830801e+05  1.093803e+03
[19,]   19 0.003103012 0.018792982  5769.238 -1.500764e+03  2.363852e+03
[20,]   20 0.004063892 0.018778897  5768.616  7.882028e+01  2.489363e+03
[21,]   21 0.004811251 0.013665345  5755.715  1.576238e+02  2.255912e+03
[22,]   22 0.006807015 0.000010000 11464.995  0.000000e+00 -2.570689e+07
[23,]   23 0.005467957 0.009172052  5754.278  1.709004e+03 -3.317728e+03
[24,]   24 0.005064052 0.011935637  5752.555  3.868455e+02  1.332982e+03
[25,]   25 0.005398517 0.004470967  5851.620  1.185890e+04 -5.960457e+04
[26,]   26 0.005138388 0.010276585  5751.812  8.930918e+02 -6.351468e+02
[27,]   27 0.004354762 0.010644154  5751.284  2.457580e+02  2.250248e+02
[28,]   28 0.003875541 0.010411240  5751.204 -1.027056e+02  1.289711e+02
[29,]   29 0.003949175 0.010343784  5751.195  5.384341e+00  7.834369e+00
[30,]   30 0.003939549 0.010334105  5751.195 -3.342240e-02 -6.122420e-01
[31,]   31 0.003939832 0.010334663  5751.195 -1.454237e-04  8.950110e-04
[32,]   32 0.003939566 0.010334140  5751.195 -3.132563e-02 -5.735845e-01
[33,]   33 0.003939550 0.010334107  5751.195 -3.328127e-02 -6.096398e-01
[34,]   34 0.003939549 0.010334105  5751.195 -3.341300e-02 -6.120651e-01
[35,]   35 0.003939549 0.010334105  5751.195 -3.342182e-02 -6.122279e-01
[36,]   36 0.003939549 0.010334105  5751.195 -3.342188e-02 -6.122273e-01
[37,]   37 0.003939549 0.010334105  5751.195 -3.342182e-02 -6.122279e-01

