[22;0t]0;IPython: scripts/01_msprime_simulations$par
[1] 0.079293153 0.004849705

$value
[1] -3025.819

$counts
function gradient 
      14       14 

$convergence
[1] 0

$message
[1] "CONVERGENCE: REL_REDUCTION_OF_F <= FACTR*EPSMCH"

$loginfo
      step       par1        par2       fn           gr1           gr2
 [1,]    1 0.10000000 0.010000000 3115.419  1.617737e+02  2.398929e+04
 [2,]    2 0.00001000 0.000010000 4856.385  1.215934e+05 -1.108728e+07
 [3,]    3 0.06410016 0.006413247 3039.331 -4.051647e+01  1.449045e+04
 [4,]    4 0.03121026 0.001795230 3146.885  9.235819e+02 -1.335874e+05
 [5,]    5 0.05360828 0.004940100 3026.465 -5.095532e+01  2.186562e+03
 [6,]    6 0.05277099 0.004722463 3026.325 -4.035706e+01 -6.324891e+02
 [7,]    7 0.05348163 0.004785951 3026.282 -4.252909e+01  1.980407e+02
 [8,]    8 0.05436098 0.004809501 3026.253 -4.160624e+01  4.627967e+02
 [9,]    9 0.05986993 0.004887322 3026.116 -3.223686e+01  1.206285e+03
[10,]   10 0.06632775 0.004918542 3025.988 -2.047633e+01  1.348022e+03
[11,]   11 0.07430291 0.004892823 3025.853 -7.206255e+00  7.386490e+02
[12,]   12 0.07836688 0.004855834 3025.820 -1.189879e+00  1.106307e+02
[13,]   13 0.07917663 0.004849376 3025.819 -1.261298e-01 -2.385780e+00
[14,]   14 0.07929315 0.004849705 3025.819 -9.715673e-03 -8.768805e-01

