[22;0t]0;IPython: scripts/01_msprime_simulations$par
[1] 0.063072351 0.001069587

$value
[1] -835.9381

$counts
function gradient 
      59       59 

$convergence
[1] 52

$message
[1] "ERROR: ABNORMAL_TERMINATION_IN_LNSRCH"

$loginfo
      step        par1         par2         fn           gr1           gr2
 [1,]    1 0.100000000 1.000000e-02  1057.7082  1.454705e+03  7.051762e+03
 [2,]    2 0.000001000 1.000000e-06  1330.5589  1.140427e+05 -4.538847e+06
 [3,]    3 0.055947743 5.595171e-03   956.1818  8.736285e+02  1.691224e+04
 [4,]    4 0.019489330 1.949658e-03   853.6022 -1.056276e+01  2.668779e+04
 [5,]    5 0.007621867 7.630181e-04   840.2452 -4.783314e+01 -2.275041e+04
 [6,]    6 0.013156129 1.316394e-03   839.9242 -1.658460e+02  1.550857e+04
 [7,]    7 0.008239340 1.000000e-06  1448.8232  1.863058e+03 -4.790704e+06
 [8,]    8 0.011677240 9.207454e-04   837.6707 -1.062790e+02 -7.411769e+03
 [9,]    9 0.017833524 1.071544e-03   836.8384 -8.185607e+01  2.946296e+03
[10,]   10 0.022475000 1.066357e-03   836.5197 -5.224007e+01  1.837288e+03
[11,]   11 0.030702054 1.058829e-03   836.2041 -2.544814e+01  3.551259e+02
[12,]   12 0.038994243 1.065662e-03   836.0541 -1.304506e+01  3.137723e+02
[13,]   13 0.047554167 1.069078e-03   835.9777 -5.967435e+00  2.247880e+02
[14,]   14 0.054649243 1.067992e-03   835.9482 -2.512028e+00 -5.364212e+01
[15,]   15 0.065085523 1.133706e-03   836.1113 -3.663713e-01  4.838129e+03
[16,]   16 0.055322000 1.072228e-03   835.9483 -2.358094e+00  2.747003e+02
[17,]   17 0.054832425 1.069145e-03   835.9481 -2.469889e+00  3.593843e+01
[18,]   18 0.060259649 1.071180e-03   835.9401 -8.553859e-01  9.962707e+01
[19,]   19 0.063072351 1.069587e-03   835.9381 -1.998284e-01 -7.319249e+01
[20,]   20 0.064021288 1.070609e-03   835.9383 -2.919290e-02 -2.159272e+00
[21,]   21 0.063211386 1.069736e-03   835.9381 -1.740933e-01 -6.282927e+01
[22,]   22 0.063095905 1.069612e-03   835.9381 -1.954506e-01 -7.143800e+01
[23,]   23 0.063076436 1.069591e-03   835.9381 -1.990686e-01 -7.288823e+01
[24,]   24 0.063073063 1.069587e-03   835.9381 -1.996961e-01 -7.313951e+01
[25,]   25 0.063072475 1.069587e-03   835.9381 -1.998053e-01 -7.318326e+01
[26,]   26 0.063072373 1.069587e-03   835.9381 -1.998244e-01 -7.319088e+01
[27,]   27 0.063072355 1.069587e-03   835.9381 -1.998277e-01 -7.319221e+01
[28,]   28 0.063072352 1.069587e-03   835.9381 -1.998283e-01 -7.319244e+01
[29,]   29 0.063072352 1.069587e-03   835.9381 -1.998284e-01 -7.319248e+01
[30,]   30 0.063072351 1.069587e-03   835.9381 -1.998284e-01 -7.319249e+01
[31,]   31 0.063072351 1.069587e-03   835.9381 -1.998284e-01 -7.319249e+01
[32,]   32 0.063072351 1.069587e-03   835.9381 -1.998284e-01 -7.319249e+01
[33,]   33 0.063072351 1.069587e-03   835.9381 -1.998284e-01 -7.319249e+01
[34,]   34 0.063072351 1.069587e-03   835.9381 -1.998284e-01 -7.319249e+01
[35,]   35 0.063072351 1.069587e-03   835.9381 -1.998284e-01 -7.319249e+01
[36,]   36 0.063072351 1.069587e-03   835.9381 -1.998284e-01 -7.319249e+01
[37,]   37 0.063072351 1.069587e-03   835.9381 -1.998284e-01 -7.319249e+01
[38,]   38 0.262900754 1.000000e+01 25112.9309  2.409728e+03  2.313250e+03
[39,]   39 0.064523158 7.366444e-02  1019.2672  2.375872e+03  1.130737e+03
[40,]   40 0.063080506 1.477640e-03   841.2172  6.187278e+00  2.244413e+04
[41,]   41 0.063072369 1.070492e-03   835.9384 -2.125985e-01  1.164343e+00
[42,]   42 0.063072352 1.069624e-03   835.9381 -2.003509e-01 -7.016023e+01
[43,]   43 0.063072351 1.069588e-03   835.9381 -1.998506e-01 -7.306376e+01
[44,]   44 0.063072351 1.069587e-03   835.9381 -1.998293e-01 -7.318701e+01
[45,]   45 0.063072351 1.069587e-03   835.9381 -1.998284e-01 -7.319226e+01
[46,]   46 0.063072351 1.069587e-03   835.9381 -1.998284e-01 -7.319248e+01
[47,]   47 0.063072351 1.069587e-03   835.9381 -1.998284e-01 -7.319249e+01
[48,]   48 0.063072351 1.069587e-03   835.9381 -1.998284e-01 -7.319249e+01
[49,]   49 0.063072351 1.069587e-03   835.9381 -1.998284e-01 -7.319249e+01
[50,]   50 0.063072351 1.069587e-03   835.9381 -1.998284e-01 -7.319249e+01
[51,]   51 0.063072351 1.069587e-03   835.9381 -1.998284e-01 -7.319249e+01
[52,]   52 0.063072351 1.069587e-03   835.9381 -1.998284e-01 -7.319249e+01
[53,]   53 0.063072351 1.069587e-03   835.9381 -1.998284e-01 -7.319249e+01
[54,]   54 0.063072351 1.069587e-03   835.9381 -1.998284e-01 -7.319249e+01
[55,]   55 0.063072351 1.069587e-03   835.9381 -1.998284e-01 -7.319249e+01

