[22;0t]0;IPython: scripts/01_msprime_simulations$par
[1] 0.09446976 0.04821237

$value
[1] -18286.54

$counts
function gradient 
      53       53 

$convergence
[1] 0

$message
[1] "CONVERGENCE: REL_REDUCTION_OF_F <= FACTR*EPSMCH"

$loginfo
      step        par1        par2       fn           gr1           gr2
 [1,]    1 0.100000000  0.01000000 20723.72  6.973124e+03 -2.977001e+05
 [2,]    2 0.000001000 10.00000000 30371.19  2.416088e+03  1.821276e+03
 [3,]    3 0.066782051  3.32850629 19932.17  2.407829e+03  1.026974e+03
 [4,]    4 0.088907540  1.11814779 19137.45  2.254151e+03 -1.166109e+02
 [5,]    5 0.080517784  1.11853301 19118.73  2.197431e+03 -9.461266e+01
 [6,]    6 0.046958759  1.12007389 19051.07  1.748424e+03  5.238729e+00
 [7,]    7 0.000001000  1.12166187 19270.25 -1.057615e+06 -9.119549e+01
 [8,]    8 0.028183512  1.12070882 19023.57  1.091701e+03  7.345348e+01
 [9,]    9 0.000001000  1.12099144 19270.31 -1.059369e+06 -8.609007e+01
[10,]   10 0.018090085  1.12081004 19016.10  2.724227e+02  1.250933e+02
[11,]   11 0.014717805  1.12031004 19015.94 -2.574333e+02  1.435786e+02
[12,]   12 0.016209752  1.11999458 19015.72  8.472862e+00  1.373109e+02
[13,]   13 0.016302759  1.11904613 19015.59  2.808312e+01  1.399000e+02
[14,]   14 0.016674784  1.11525235 19015.06  1.055924e+02  1.506650e+02
[15,]   15 0.018162887  1.10007724 19012.80  4.039948e+02  1.993158e+02
[16,]   16 0.024115300  1.03937677 19000.90  1.371120e+03  3.467212e+02
[17,]   17 0.047924948  0.79657488 18971.75  3.468633e+03  3.869430e+02
[18,]   18 0.105971778  0.00000100 62029.10  1.131155e+04 -2.156984e+08
[19,]   19 0.067304972  0.53062374 18989.92  4.492244e+03  8.269971e+01
[20,]   20 0.053929078  0.71418050 18964.15  3.939001e+03  2.980972e+02
[21,]   21 0.047879673  0.67189704 18929.14  3.968944e+03  2.312594e+02
[22,]   22 0.023682057  0.50276318 18802.73  3.574366e+03  2.853934e+02
[23,]   23 0.000001000  0.33723991 18835.51 -3.766785e+05 -4.361636e+02
[24,]   24 0.011104865  0.41485249 18742.72  1.878700e+03  2.255544e+02
[25,]   25 0.000001000  0.04286886 18784.11 -8.113128e+05 -7.204168e+02
[26,]   26 0.005440921  0.22510825 18677.78 -2.066218e+03  4.571964e+02
[27,]   27 0.001918799  0.10711584 18634.54 -2.335175e+04  9.298433e+02
[28,]   28 0.000001000  0.01868949 18785.73 -8.738799e+05 -1.161963e+04
[29,]   29 0.001227249  0.07522967 18623.72 -4.275146e+04  1.137642e+03
[30,]   30 0.001192885  0.00000100 58294.82  1.191575e+05 -2.155061e+08
[31,]   31 0.001215804  0.05017535 18591.28 -5.006490e+04  1.455452e+03
[32,]   32 0.001204344  0.02508818 18567.80 -4.765593e+04 -8.313518e+02
[33,]   33 0.199678918  0.00000100 62728.48  5.020338e+03 -2.157315e+08
[34,]   34 0.075521182  0.01569453 19405.36  6.267527e+03 -1.334831e+05
[35,]   35 0.021657083  0.02250295 18534.99  4.719876e+03 -3.258412e+04
[36,]   36 6.062500129 10.00000000 44523.74  2.252456e+03  1.830944e+03
[37,]   37 1.821450573  2.99517317 23739.42  2.312479e+03  9.437086e+02
[38,]   38 0.578692245  0.94254286 20427.17  2.362606e+03 -7.051818e+02
[39,]   39 0.186627319  0.29497983 19482.63  3.784842e+03  8.900907e+02
[40,]   40 0.068388057  0.09968724 18576.34  9.031843e+02  5.660091e+03
[41,]   41 0.038310248  0.05000853 18320.95 -1.651064e+03  2.930959e+03
[42,]   42 0.037889644  0.04843732 18317.43 -1.636059e+03  2.429415e+03
[43,]   43 0.037125277  0.04217569 18311.87 -1.278138e+03 -6.004687e+02
[44,]   44 0.038222532  0.04386870 18310.22 -1.346073e+03  3.383597e+02
[45,]   45 0.040552504  0.04500035 18307.82 -1.261374e+03  7.854953e+02
[46,]   46 0.053242858  0.04718134 18297.57 -7.443696e+02  1.192246e+03
[47,]   47 0.067000907  0.04652509 18290.12 -3.134283e+02  8.183352e+01
[48,]   48 0.078924059  0.04722061 18287.53 -1.359842e+02 -3.954852e+01
[49,]   49 0.088869931  0.04817602 18286.68 -5.339160e+01  1.924502e+02
[50,]   50 0.094349242  0.04772173 18286.62  1.822763e+01 -3.494965e+02
[51,]   51 0.094368883  0.04820158 18286.54 -4.945789e-01 -3.769176e+00
[52,]   52 0.094454223  0.04821146 18286.54 -1.054224e-01 -4.297819e-02
[53,]   53 0.094469764  0.04821237 18286.54 -4.764479e-04  3.102159e-03

