[22;0t]0;IPython: scripts/01_msprime_simulations$par
[1] 1.000000e-06 6.596672e-05

$value
[1] -128.3393

$counts
function gradient 
      69       69 

$convergence
[1] 52

$message
[1] "ERROR: ABNORMAL_TERMINATION_IN_LNSRCH"

$loginfo
      step  par1         par2         fn       gr1          gr2
 [1,]    1 1e-01 1.000000e-02   368.9754  2213.517    2766.8003
 [2,]    2 1e-06 1.000000e-06   162.0816 62312.236 -336842.7026
 [3,]    3 1e-06 1.000000e+01 24357.3998  2416.088    2323.3613
 [4,]    4 1e-06 3.297397e+00  8303.1728  2415.994    2466.4717
 [5,]    5 1e-06 1.087197e+00  2804.0300  2415.576    2506.8461
 [6,]    6 1e-06 3.585675e-01   977.3580  2414.133    2498.5162
 [7,]    7 1e-06 1.183663e-01   382.2789  2409.658    2430.2082
 [8,]    8 1e-06 3.916530e-02   195.4146  2396.117    2209.8462
 [9,]    9 1e-06 1.303270e-02   143.2882  2355.488    1544.8398
[10,]   10 1e-06 1.297320e-02   143.1964  2355.206    1540.2665
[11,]   11 1e-06 1.273523e-02   142.8321  2354.054    1521.5459
[12,]   12 1e-06 1.178333e-02   141.4219  2348.965    1439.0992
[13,]   13 1e-06 7.975744e-03   136.8151  2315.395     912.4429
[14,]   14 1e-06 6.794059e-04   131.6574 12046.067    3467.4260
[15,]   15 1e-06 1.000000e-06   162.0816     0.000 -336842.7026
[16,]   16 1e-06 6.794059e-04   131.6574 12046.067    3467.4260
[17,]   17 1e-06 1.000000e-06   162.0816 62312.236 -336842.7026
[18,]   18 1e-06 4.829719e-04   130.8753 13543.760    4652.3548
[19,]   19 1e-06 2.419860e-04   129.4759 12404.492    7221.7591
[20,]   20 1e-06 2.320036e-04   129.4025 12121.486    7314.3084
[21,]   21 1e-06 2.239290e-04   129.3421 11869.330    7374.5379
[22,]   22 1e-06 1.124645e-04   128.4696  6898.315  -22902.1806
[23,]   23 1e-06 1.967795e-04   129.1326 10863.867    7399.0379
[24,]   24 1e-06 1.311756e-04   128.6069  7683.230    1627.0619
[25,]   25 1e-06 1.000000e-06   162.0816 62312.236 -336842.7026
[26,]   26 1e-06 1.309334e-04   128.6051  7671.619    1543.3151
[27,]   27 1e-06 6.596672e-05   128.3393  8294.310    5463.9510
[28,]   28 1e-06 6.582241e-05   128.3401  8315.225    5443.8647
[29,]   29 1e-06 6.596672e-05   128.3393  8294.310    5463.9510
[30,]   30 1e-06 1.000000e-06   162.0816 62312.236 -336842.7026
[31,]   31 1e-06 6.582241e-05   128.3401  8315.225    5443.8647
[32,]   32 1e-06 6.595393e-05   128.3393  8296.158    5462.1761
[33,]   33 1e-06 6.596558e-05   128.3393  8294.475    5463.7930
[34,]   34 1e-06 6.596662e-05   128.3393  8294.325    5463.9369
[35,]   35 1e-06 6.596671e-05   128.3393  8294.312    5463.9497
[36,]   36 1e-06 6.596672e-05   128.3393  8294.311    5463.9509
[37,]   37 1e-06 6.596672e-05   128.3393  8294.310    5463.9510
[38,]   38 1e-06 6.596672e-05   128.3393  8294.310    5463.9510
[39,]   39 1e-06 6.596672e-05   128.3393  8294.310    5463.9510
[40,]   40 1e-06 6.596672e-05   128.3393  8294.310    5463.9510
[41,]   41 1e-06 6.596672e-05   128.3393  8294.310    5463.9510
[42,]   42 1e-06 6.596672e-05   128.3393  8294.310    5463.9510
[43,]   43 1e-06 6.596672e-05   128.3393  8294.310    5463.9510
[44,]   44 1e-06 6.596672e-05   128.3393  8294.310    5463.9510
[45,]   45 1e-06 1.000000e-06   162.0816 62312.236 -336842.7026
[46,]   46 1e-06 6.582241e-05   128.3401  8315.225    5443.8647
[47,]   47 1e-06 6.595393e-05   128.3393  8296.158    5462.1761
[48,]   48 1e-06 6.596558e-05   128.3393  8294.475    5463.7930
[49,]   49 1e-06 6.596662e-05   128.3393  8294.325    5463.9369
[50,]   50 1e-06 6.596671e-05   128.3393  8294.312    5463.9497
[51,]   51 1e-06 6.596672e-05   128.3393  8294.311    5463.9509
[52,]   52 1e-06 6.596672e-05   128.3393  8294.310    5463.9510
[53,]   53 1e-06 6.596672e-05   128.3393  8294.310    5463.9510
[54,]   54 1e-06 6.596672e-05   128.3393  8294.310    5463.9510
[55,]   55 1e-06 6.596672e-05   128.3393  8294.310    5463.9510
[56,]   56 1e-06 6.596672e-05   128.3393  8294.310    5463.9510
[57,]   57 1e-06 6.596672e-05   128.3393  8294.310    5463.9510
[58,]   58 1e-06 6.596672e-05   128.3393  8294.310    5463.9510
[59,]   59 1e-06 6.596672e-05   128.3393  8294.310    5463.9510

