[22;0t]0;IPython: scripts/01_msprime_simulations$par
[1] 0.0011328597 0.0005369261

$value
[1] -455.4214

$counts
function gradient 
      82       82 

$convergence
[1] 52

$message
[1] "ERROR: ABNORMAL_TERMINATION_IN_LNSRCH"

$loginfo
      step         par1         par2         fn          gr1           gr2
 [1,]    1 0.1000000000 1.000000e-02   671.0887  1891.123454  4.653526e+03
 [2,]    2 0.0000010000 1.000000e-06   677.7309 92066.579564 -2.094133e+06
 [3,]    3 0.0425399879 4.254516e-03   536.5158  1418.164061  8.776643e+03
 [4,]    4 0.0144642559 1.447195e-03   471.8174   557.064506  1.808267e+04
 [5,]    5 0.0064354745 6.443895e-04   457.2472   252.691276  2.801298e+03
 [6,]    6 0.0000010000 1.000000e-06   677.7309 92066.579564 -2.094133e+06
 [7,]    7 0.0057544602 5.762942e-04   456.9999   286.290546 -2.570590e+03
 [8,]    8 0.0000010000 1.000000e+01 24410.2541  2416.098518  2.318949e+03
 [9,]    9 0.0049253885 1.441490e+00  3838.3417  2415.853313  2.473240e+03
[10,]   10 0.0056311227 2.149350e-01   846.8162  2414.796647  2.286363e+03
[11,]   11 0.0057326595 3.846556e-02   491.7780  2402.716170  1.141004e+03
[12,]   12 0.0057494904 9.213811e-03   482.8708  2118.442039 -2.716045e+02
[13,]   13 0.0057539726 1.423834e-03   466.2436   702.278224  1.228391e+04
[14,]   14 0.0057544348 6.205248e-04   457.0063   272.219835  1.217460e+03
[15,]   15 0.0057544507 5.928484e-04   456.9835   280.338642 -1.044268e+03
[16,]   16 0.0057514479 6.041644e-04   456.9848   276.830467 -7.716292e+01
[17,]   17 0.0057536646 5.958107e-04   456.9829   279.384046 -7.852664e+02
[18,]   18 0.0057476834 6.056178e-04   456.9848   276.501327  4.379033e+01
[19,]   19 0.0057523199 5.980157e-04   456.9826   278.712040 -5.949480e+02
[20,]   20 0.0057431304 6.068455e-04   456.9845   276.265659  1.456097e+02
[21,]   21 0.0057503755 5.998839e-04   456.9825   278.176482 -4.352308e+02
[22,]   22 0.0057371595 6.083172e-04   456.9842   276.002023  2.668958e+02
[23,]   23 0.0057475729 6.016723e-04   456.9824   277.699574 -2.835835e+02
[24,]   24 0.0057290093 6.100904e-04   456.9838   275.717413  4.119816e+02
[25,]   25 0.0057434365 6.035480e-04   456.9822   277.242271 -1.257614e+02
[26,]   26 0.0057175350 6.122339e-04   456.9831   275.427509  5.858997e+02
[27,]   27 0.0057371315 6.056624e-04   456.9819   276.783620  5.067287e+01
[28,]   28 0.0057003419 6.148505e-04   456.9820   275.174877  7.962347e+02
[29,]   29 0.0057267344 6.082590e-04   456.9812   276.309209  2.653112e+02
[30,]   30 0.0056717824 6.183124e-04   456.9797   275.022587  1.071300e+03
[31,]   31 0.0056168666 6.236130e-04   456.9748   275.146875  1.484801e+03
[32,]   32 0.0053189345 6.412105e-04   456.9408   279.371783  2.794345e+03
[33,]   33 0.0045454200 6.697154e-04   456.8400   299.268089  4.673688e+03
[34,]   34 0.0013394095 7.559439e-04   456.4556    14.449753  7.327605e+03
[35,]   35 0.0029832226 7.117321e-04   456.5899   351.282432  6.675250e+03
[36,]   36 0.0017396536 7.451790e-04   456.4313   233.776856  7.320394e+03
[37,]   37 0.0004259139 7.517764e-04   457.3535 -3694.594268  6.573443e+03
[38,]   38 0.0013701110 7.470348e-04   456.3898    34.876589  7.201987e+03
[39,]   39 0.0015213419 4.970243e-04   455.6044   438.120109 -5.684619e+03
[40,]   40 0.0009885456 5.957799e-04   455.5701  -361.562710  3.230339e+03
[41,]   41 0.0012909130 5.655100e-04   455.4592   103.558705  8.518445e+02
[42,]   42 0.0011328597 5.369261e-04   455.4214    33.095073 -5.930293e+02
[43,]   43 0.0011281226 5.452688e-04   455.4257    -1.527461  1.492234e+01
[44,]   44 0.0011322684 5.379674e-04   455.4216    28.676805 -5.150174e+02
[45,]   45 0.0011327771 5.370716e-04   455.4214    32.476157 -5.820936e+02
[46,]   46 0.0011328480 5.369468e-04   455.4214    33.007256 -5.914775e+02
[47,]   47 0.0011328580 5.369291e-04   455.4214    33.082590 -5.928087e+02
[48,]   48 0.0011328594 5.369265e-04   455.4214    33.093298 -5.929979e+02
[49,]   49 0.0011328596 5.369262e-04   455.4214    33.094821 -5.930248e+02
[50,]   50 0.0011328597 5.369261e-04   455.4214    33.095037 -5.930286e+02
[51,]   51 0.0011328597 5.369261e-04   455.4214    33.095068 -5.930292e+02
[52,]   52 0.0011328597 5.369261e-04   455.4214    33.095072 -5.930292e+02
[53,]   53 0.0011328597 5.369261e-04   455.4214    33.095073 -5.930293e+02
[54,]   54 0.0011328597 5.369261e-04   455.4214    33.095073 -5.930293e+02
[55,]   55 0.0011328597 5.369261e-04   455.4214    33.095073 -5.930293e+02
[56,]   56 0.0011328597 5.369261e-04   455.4214    33.095073 -5.930293e+02
[57,]   57 0.0011328597 5.369261e-04   455.4214    33.095073 -5.930293e+02
[58,]   58 0.0011328597 5.369261e-04   455.4214    33.095073 -5.930293e+02
[59,]   59 0.0011328597 5.369261e-04   455.4214    33.095073 -5.930293e+02
[60,]   60 0.0011328597 5.369261e-04   455.4214    33.095073 -5.930293e+02
[61,]   61 0.0011328597 5.369261e-04   455.4214    33.095073 -5.930293e+02
[62,]   62 0.0000010000 1.000000e+01 24410.2541  2416.098518  2.318949e+03
[63,]   63 0.0010751933 5.099927e-01  1536.9320  2415.774438  2.425226e+03
[64,]   64 0.0011293780 3.129606e-02   473.6170  2404.037688  8.171094e+02
[65,]   65 0.0011323225 5.282586e-03   468.9977  3039.974299 -9.296778e+01
[66,]   66 0.0011328430 6.840618e-04   455.9783  -227.066688  5.931691e+03
[67,]   67 0.0011328589 5.436846e-04   455.4245     9.505899 -1.113735e+02
[68,]   68 0.0011328596 5.377614e-04   455.4216    30.105295 -5.321912e+02
[69,]   69 0.0011328597 5.370386e-04   455.4214    32.691290 -5.848160e+02
[70,]   70 0.0011328597 5.369414e-04   455.4214    33.040073 -5.919106e+02
[71,]   71 0.0011328597 5.369282e-04   455.4214    33.087572 -5.928767e+02
[72,]   72 0.0011328597 5.369264e-04   455.4214    33.094050 -5.930085e+02
[73,]   73 0.0011328597 5.369262e-04   455.4214    33.094933 -5.930264e+02
[74,]   74 0.0011328597 5.369261e-04   455.4214    33.095054 -5.930289e+02
[75,]   75 0.0011328597 5.369261e-04   455.4214    33.095070 -5.930292e+02
[76,]   76 0.0011328597 5.369261e-04   455.4214    33.095073 -5.930293e+02
[77,]   77 0.0011328597 5.369261e-04   455.4214    33.095073 -5.930293e+02
[78,]   78 0.0011328597 5.369261e-04   455.4214    33.095073 -5.930293e+02
[79,]   79 0.0011328597 5.369261e-04   455.4214    33.095073 -5.930293e+02
[80,]   80 0.0011328597 5.369261e-04   455.4214    33.095073 -5.930293e+02
[81,]   81 0.0011328597 5.369261e-04   455.4214    33.095073 -5.930293e+02

