[22;0t]0;IPython: scripts/01_msprime_simulations$par
[1] 0.002370964 0.492254294

$value
[1] -29661.32

$counts
function gradient 
      30       30 

$convergence
[1] 0

$message
[1] "CONVERGENCE: REL_REDUCTION_OF_F <= FACTR*EPSMCH"

$loginfo
      step        par1       par2        fn           gr1           gr2
 [1,]    1 0.100000000  0.0100000  41126.14  2.373032e+04 -8.027327e+05
 [2,]    2 0.000001000 10.0000000  37457.61 -2.743510e+05  1.291737e+03
 [3,]    3 0.066602608  3.3464328  31070.29  3.037086e+03  5.232461e+02
 [4,]    4 0.053962552  3.3440601  31031.26  2.933757e+03  5.266043e+02
 [5,]    5 0.003402328  3.3345692  30931.56 -4.553984e+03  5.049956e+02
 [6,]    6 0.033496251  3.3402183  30972.15  2.588385e+03  5.289070e+02
 [7,]    7 0.000001000  3.3306707  31092.22 -8.948777e+05  4.181706e+02
 [8,]    8 0.018757894  3.3360172  30936.07  1.872095e+03  5.241533e+02
 [9,]    9 0.000001000  3.3278742  31091.05 -8.954749e+05  4.159876e+02
[10,]   10 0.011618005  3.3329176  30924.01  9.074940e+02  5.177910e+02
[11,]   11 0.003279394  3.3264808  30928.07 -4.861409e+03  5.015188e+02
[12,]   12 0.007969436  3.3301012  30921.03 -2.007353e+02  5.127606e+02
[13,]   13 0.007343978  3.3264051  30919.36 -4.977013e+02  5.108120e+02
[14,]   14 0.002517500  3.2528135  30896.81 -7.713048e+03  4.773074e+02
[15,]   15 0.003363702  3.1332899  30831.79 -5.424412e+03  5.215515e+02
[16,]   16 0.006748510  2.6551954  30578.95 -6.315619e+02  5.458799e+02
[17,]   17 0.020287743  0.7428174  29818.70  8.570842e+03  2.304240e+02
[18,]   18 0.017140817  0.0000010 128816.33  8.525324e+04 -4.713670e+08
[19,]   19 0.019237494  0.4949111  29812.60  1.085442e+04 -1.524152e+02
[20,]   20 0.008306317  0.4986270  29699.32  9.152193e+03  3.117579e+00
[21,]   21 0.000001000  0.4559738  29868.51 -1.350740e+06 -1.484905e+02
[22,]   22 0.004941402  0.4813459  29672.12  6.740755e+03 -2.834756e+01
[23,]   23 0.000001000  0.4827908  29861.64 -1.330087e+06 -3.050896e+02
[24,]   24 0.003162500  0.4818662  29662.88  3.116356e+03 -2.866814e+01
[25,]   25 0.001627863  0.4928771  29663.18 -5.738540e+03 -7.816162e+00
[26,]   26 0.002392360  0.4873919  29661.39  4.528471e+01 -2.613624e+01
[27,]   27 0.002342411  0.4976209  29661.44 -1.154554e+02  4.744983e+01
[28,]   28 0.002369962  0.4919786  29661.32 -8.488342e+00 -1.947772e+00
[29,]   29 0.002371222  0.4923429  29661.32  2.457506e+00  6.251307e-01
[30,]   30 0.002370964  0.4922543  29661.32  7.314771e-02 -8.616880e-03

