[22;0t]0;IPython: scripts/01_msprime_simulations$par
[1] 0.000990858 0.010628797

$value
[1] -6352.991

$counts
function gradient 
      39       39 

$convergence
[1] 0

$message
[1] "CONVERGENCE: REL_REDUCTION_OF_F <= FACTR*EPSMCH"

$loginfo
      step         par1         par2        fn           gr1           gr2
 [1,]    1 0.1000000000  0.010000000  6540.545  6.112687e+02 -2.474507e+04
 [2,]    2 0.0000010000 10.000000000 25932.716  2.416099e+03  2.191840e+03
 [3,]    3 0.0699968069  3.007348967 10867.085  2.413969e+03  2.056114e+03
 [4,]    4 0.0906899212  0.940086170  7206.303  2.409549e+03  1.212000e+03
 [5,]    5 0.0969971201  0.309990698  6747.429  3.225041e+03 -6.178171e+00
 [6,]    6 0.0990525902  0.104647188  6851.775  3.513041e+03 -2.578616e+02
 [7,]    7 0.0997517663  0.034798797  6656.338  1.120190e+03  8.985380e+03
 [8,]    8 0.0999300551  0.016987570  6496.115  4.594670e+02  4.321306e+03
 [9,]    9 0.0998245582  0.015949281  6492.543  4.570890e+02  2.387667e+03
[10,]   10 0.0994468414  0.014642722  6491.225  4.652302e+02 -7.955469e+02
[11,]   11 0.0993250505  0.014913741  6491.055  4.632001e+02 -5.364583e+01
[12,]   12 0.0989990327  0.015008485  6490.910  4.636015e+02  1.969951e+02
[13,]   13 0.0953438568  0.015542897  6489.664  4.737834e+02  1.512740e+03
[14,]   14 0.0860222446  0.016316792  6486.889  5.125291e+02  3.100921e+03
[15,]   15 0.0436992145  0.018846505  6468.586  1.042836e+03  5.155522e+03
[16,]   16 0.0000010000  0.021458416  6450.946 -6.006962e+05  5.339804e+02
[17,]   17 0.0436458374  0.018849696  6468.546  1.044284e+03  5.154545e+03
[18,]   18 0.0145386729  0.020589476  6423.027  3.350364e+03  2.775922e+03
[19,]   19 0.0048910594  0.021166129  6380.251  5.890765e+03  1.111446e+03
[20,]   20 0.0000010000  0.021386544  6450.909 -6.010512e+05  5.199628e+02
[21,]   21 0.0029545566  0.021253415  6368.866  5.702434e+03  9.036014e+02
[22,]   22 0.0010052093  0.021341281  6362.456 -3.365555e+03  9.476475e+02
[23,]   23 0.0024400259  0.021114800  6365.925  5.177252e+03  8.815677e+02
[24,]   24 0.0013136210  0.021292599  6362.060  5.894305e+02  9.116636e+02
[25,]   25 0.0012775716  0.021148959  6361.913  2.581592e+02  9.129589e+02
[26,]   26 0.0011333741  0.020574402  6361.454 -1.329628e+03  9.156260e+02
[27,]   27 0.0009109357  0.018319819  6360.018 -4.736807e+03  9.369044e+02
[28,]   28 0.0005467535  0.009759359  6355.366 -1.308913e+04 -7.712335e+02
[29,]   29 0.0007811464  0.015268994  6357.728 -7.365291e+03  1.083894e+03
[30,]   30 0.0006057750  0.011146718  6354.924 -1.124875e+04  8.954336e+02
[31,]   31 0.0005435012  0.000001000 15421.464  1.114851e+05 -5.660698e+07
[32,]   32 0.0005853084  0.007483613  6358.591 -5.736153e+03 -2.897630e+03
[33,]   33 0.0006010474  0.010300573  6354.545 -1.038234e+04 -3.646945e+00
[34,]   34 0.0009434465  0.010688555  6353.011 -8.368800e+02  9.801748e+01
[35,]   35 0.0009702111  0.010620072  6352.994 -3.388386e+02  2.709819e+00
[36,]   36 0.0009899025  0.010625871  6352.991 -4.973334e+01 -1.148045e+01
[37,]   37 0.0009941602  0.010638909  6352.991 -1.129087e+00 -2.841587e+00
[38,]   38 0.0009908580  0.010628797  6352.991 -3.876786e+01 -9.531755e+00

