[22;0t]0;IPython: scripts/01_msprime_simulations$par
[1] 0.006116142 0.054904717

$value
[1] -19808.29

$counts
function gradient 
      35       35 

$convergence
[1] 0

$message
[1] "CONVERGENCE: REL_REDUCTION_OF_F <= FACTR*EPSMCH"

$loginfo
      step        par1       par2       fn           gr1           gr2
 [1,]    1 0.100000000 0.01000000 23675.57  1.012825e+04 -3.707903e+05
 [2,]    2 0.000010000 1.00000000 20490.14 -1.151610e+06  4.571437e+02
 [3,]    3 0.197385455 1.00000000 20775.20  3.734940e+03  3.502501e+01
 [4,]    4 0.065743582 1.00000000 20283.43  3.439407e+03  3.054764e+02
 [5,]    5 0.065547752 0.99928067 20282.54  3.438630e+03  3.057039e+02
 [6,]    6 0.064764431 0.99640335 20278.97  3.435511e+03  3.065826e+02
 [7,]    7 0.061631146 0.98489406 20264.67  3.421587e+03  3.101758e+02
 [8,]    8 0.049098006 0.93885692 20208.35  3.273410e+03  2.976071e+02
 [9,]    9 0.000010000 0.75854522 20417.93 -1.164583e+06  0.000000e+00
[10,]   10 0.026606246 0.85623944 20121.78  2.246023e+03  2.257954e+02
[11,]   11 0.000010000 0.71925275 20412.56 -1.151293e+06  1.367747e+02
[12,]   12 0.016253036 0.80291417 20092.94  8.042036e+02  2.264152e+02
[13,]   13 0.002062426 0.70520015 20141.17 -2.548591e+04  1.885161e+02
[14,]   14 0.011157001 0.76782378 20085.32 -9.759324e+02  1.877565e+02
[15,]   15 0.010725360 0.74592236 20082.06 -1.233075e+03  1.561922e+02
[16,]   16 0.012858501 0.63702980 20056.41  3.207770e+02  3.152183e+02
[17,]   17 0.021391064 0.20145954 19969.84  5.661302e+03  5.941214e+02
[18,]   18 0.025337341 0.00001000 57565.58  0.000000e+00 -1.311749e+08
[19,]   19 0.022707160 0.13427550 19934.97  5.347850e+03  8.239329e+02
[20,]   20 0.024456849 0.04495736 19931.90  6.491545e+03 -6.809035e+03
[21,]   21 0.022871531 0.12588465 19928.63  5.256052e+03  8.920283e+02
[22,]   22 0.023890813 0.07385235 19882.47  4.429520e+03  6.427971e+02
[23,]   23 0.016233268 0.00001000 57025.65  6.743592e+04 -1.311474e+08
[24,]   24 0.021343985 0.04929306 19890.12  5.946214e+03 -3.756342e+03
[25,]   25 0.022745263 0.06280571 19874.61  4.674240e+03 -2.987561e+02
[26,]   26 0.000010000 0.05761731 20184.37 -1.476894e+06  5.285641e+02
[27,]   27 0.013808123 0.06076617 19832.86  4.527870e+03 -3.808165e+01
[28,]   28 0.004701362 0.05868792 19812.16 -4.148492e+03  6.055808e+02
[29,]   29 0.012876536 0.05842921 19828.96  4.559354e+03 -2.560695e+02
[30,]   30 0.006686625 0.05862510 19809.18  5.481955e+02  3.754910e+02
[31,]   31 0.006218972 0.05370658 19808.42  3.588237e+02 -1.838627e+02
[32,]   32 0.006162168 0.05504256 19808.29  6.994455e+01  1.244322e+01
[33,]   33 0.006120026 0.05491610 19808.29  5.938031e+00  1.015138e+00
[34,]   34 0.006116142 0.05490472 19808.29 -5.626560e-02 -4.834928e-03

