[22;0t]0;IPython: scripts/01_msprime_simulations$par
[1] 0.083053106 0.004477755

$value
[1] -2816.661

$counts
function gradient 
      21       21 

$convergence
[1] 0

$message
[1] "CONVERGENCE: REL_REDUCTION_OF_F <= FACTR*EPSMCH"

$loginfo
      step       par1        par2       fn           gr1           gr2
 [1,]    1 0.10000000 0.010000000 2920.580  1.729059e+02  2.488399e+04
 [2,]    2 0.00000100 0.000001000 5482.278  1.229484e+05 -1.995394e+07
 [3,]    3 0.06479570 0.006479887 2838.989 -4.765304e+01  1.791399e+04
 [4,]    4 0.05011489 0.000001000 5994.983  1.109992e+03 -2.021613e+07
 [5,]    5 0.05989773 0.004318330 2817.123 -3.207354e+01 -1.585390e+03
 [6,]    6 0.06133086 0.004503276 2817.044 -3.891268e+01  1.201445e+03
 [7,]    7 0.06199560 0.004445185 2816.975 -3.431799e+01  3.001416e+02
 [8,]    8 0.06419221 0.004411728 2816.907 -2.766005e+01 -3.288687e+02
 [9,]    9 0.07023319 0.004396569 2816.788 -1.536400e+01 -8.514972e+02
[10,]   10 0.07795797 0.004425420 2816.690 -4.728541e+00 -6.842892e+02
[11,]   11 0.08253695 0.004470692 2816.661 -3.328317e-01 -1.064566e+02
[12,]   12 0.08305508 0.004477728 2816.661  8.498561e-02 -1.033709e+01
[13,]   13 0.08302253 0.004478168 2816.661  3.479494e-02 -2.558713e+00
[14,]   14 0.08304901 0.004477810 2816.661  7.564255e-02 -8.888269e+00
[15,]   15 0.08305377 0.004477746 2816.661  8.297162e-02 -1.002475e+01
[16,]   16 0.08305063 0.004477788 2816.661  7.813454e-02 -9.274670e+00
[17,]   17 0.08305311 0.004477755 2816.661  8.194965e-02 -9.866262e+00
[18,]   18 0.08305147 0.004477777 2816.661  7.943172e-02 -9.475810e+00
[19,]   19 0.08305276 0.004477760 2816.661  8.142309e-02 -9.784611e+00
[20,]   20 0.08305303 0.004477756 2816.661  8.183866e-02 -9.849048e+00
[21,]   21 0.08305311 0.004477755 2816.661  8.194965e-02 -9.866262e+00

