[22;0t]0;IPython: scripts/01_msprime_simulations$par
[1] 0.025647616 0.000480499

$value
[1] -417.1923

$counts
function gradient 
      57       57 

$convergence
[1] 52

$message
[1] "ERROR: ABNORMAL_TERMINATION_IN_LNSRCH"

$loginfo
      step        par1         par2         fn          gr1           gr2
 [1,]    1 0.100000000 1.000000e-02   639.1560  1948.564060  3.225701e+03
 [2,]    2 0.000001000 1.000000e-06   603.1505 96604.780693 -1.816615e+06
 [3,]    3 0.097398872 9.739911e-03   633.2562  1938.124067  3.271864e+03
 [4,]    4 0.048699936 4.870455e-03   525.7968  1520.166853  6.557070e+03
 [5,]    5 0.017084841 1.709230e-03   449.4293   433.123173  2.532467e+04
 [6,]    6 0.007359061 7.367399e-04   421.3347  -100.886948  2.192051e+04
 [7,]    7 0.005325189 1.000000e-06   656.3891  1066.604753 -2.080597e+06
 [8,]    8 0.006802016 5.352325e-04   417.9816  -134.743603  8.347809e+03
 [9,]    9 0.059913638 2.843415e-04   422.6338     7.677908 -7.373759e+04
[10,]   10 0.024584116 4.512327e-04   417.2662     1.911837 -7.268389e+03
[11,]   11 0.027246282 5.158028e-04   417.3048     2.300740  4.696072e+03
[12,]   12 0.025613666 4.762041e-04   417.1933     1.615740 -2.199327e+03
[13,]   13 0.025811843 4.867220e-04   417.1967     1.554392 -2.396590e+02
[14,]   14 0.025662362 4.787886e-04   417.1923     1.591214 -1.708226e+03
[15,]   15 0.025586250 4.876166e-04   417.1976     1.429314 -7.539284e+01
[16,]   16 0.025647616 4.804990e-04   417.1923     1.554867 -1.385954e+03
[17,]   17 0.025357563 4.878932e-04   417.1976     1.303679 -2.324316e+01
[18,]   18 0.025600156 4.817089e-04   417.1925     1.511766 -1.159187e+03
[19,]   19 0.025638541 4.807303e-04   417.1923     1.546566 -1.342480e+03
[20,]   20 0.025645830 4.805445e-04   417.1923     1.553231 -1.377396e+03
[21,]   21 0.025647262 4.805080e-04   417.1923     1.554543 -1.384261e+03
[22,]   22 0.025647546 4.805008e-04   417.1923     1.554803 -1.385619e+03
[23,]   23 0.025647602 4.804993e-04   417.1923     1.554854 -1.385888e+03
[24,]   24 0.025647613 4.804991e-04   417.1923     1.554864 -1.385941e+03
[25,]   25 0.025647615 4.804990e-04   417.1923     1.554866 -1.385952e+03
[26,]   26 0.025647615 4.804990e-04   417.1923     1.554867 -1.385954e+03
[27,]   27 0.025647616 4.804990e-04   417.1923     1.554867 -1.385954e+03
[28,]   28 0.025647616 4.804990e-04   417.1923     1.554867 -1.385954e+03
[29,]   29 0.025647616 4.804990e-04   417.1923     1.554867 -1.385954e+03
[30,]   30 0.025647616 4.804990e-04   417.1923     1.554867 -1.385954e+03
[31,]   31 0.025647616 4.804990e-04   417.1923     1.554867 -1.385954e+03
[32,]   32 0.025647616 4.804990e-04   417.1923     1.554867 -1.385954e+03
[33,]   33 0.025647616 4.804990e-04   417.1923     1.554867 -1.385954e+03
[34,]   34 0.025647616 4.804990e-04   417.1923     1.554867 -1.385954e+03
[35,]   35 0.025647616 4.804990e-04   417.1923     1.554867 -1.385954e+03
[36,]   36 0.000001000 1.000000e+01 24402.5194  2416.098518  2.319594e+03
[37,]   37 0.023139792 9.782717e-01  2715.8024  2415.047278  2.471841e+03
[38,]   38 0.025392253 1.000452e-01   608.2274  2409.271566  2.061457e+03
[39,]   39 0.025617704 1.214293e-02   483.5199  2249.876795 -8.149323e+02
[40,]   40 0.025646576 8.856690e-04   425.6813    64.043637  3.184571e+04
[41,]   41 0.025647594 4.888989e-04   417.1996     1.449177  1.549930e+02
[42,]   42 0.025647612 4.817794e-04   417.1926     1.534809 -1.146746e+03
[43,]   43 0.025647615 4.807303e-04   417.1923     1.551139 -1.342627e+03
[44,]   44 0.025647615 4.805420e-04   417.1923     1.554170 -1.377892e+03
[45,]   45 0.025647616 4.805070e-04   417.1923     1.554736 -1.384446e+03
[46,]   46 0.025647616 4.805005e-04   417.1923     1.554842 -1.385672e+03
[47,]   47 0.025647616 4.804993e-04   417.1923     1.554862 -1.385901e+03
[48,]   48 0.025647616 4.804990e-04   417.1923     1.554866 -1.385944e+03
[49,]   49 0.025647616 4.804990e-04   417.1923     1.554867 -1.385952e+03
[50,]   50 0.025647616 4.804990e-04   417.1923     1.554867 -1.385954e+03
[51,]   51 0.025647616 4.804990e-04   417.1923     1.554867 -1.385954e+03
[52,]   52 0.025647616 4.804990e-04   417.1923     1.554867 -1.385954e+03
[53,]   53 0.025647616 4.804990e-04   417.1923     1.554867 -1.385954e+03
[54,]   54 0.025647616 4.804990e-04   417.1923     1.554867 -1.385954e+03
[55,]   55 0.025647616 4.804990e-04   417.1923     1.554867 -1.385954e+03

