[22;0t]0;IPython: scripts/01_msprime_simulations$par
[1] 3.142008e-03 9.274859e-05

$value
[1] -108.6231

$counts
function gradient 
      43       43 

$convergence
[1] 0

$message
[1] "CONVERGENCE: REL_REDUCTION_OF_F <= FACTR*EPSMCH"

$loginfo
      step        par1         par2         fn         gr1          gr2
 [1,]    1 0.100000000 1.000000e-02   350.4363  2200.36719    3331.4649
 [2,]    2 0.000001000 1.000000e-06   137.2184 50488.89948 -268514.5928
 [3,]    3 0.000001000 1.000000e+01 24354.8216  2416.08780    2323.5766
 [4,]    4 0.000001000 3.288341e+00  8275.9288  2415.99362    2467.2835
 [5,]    5 0.000001000 1.081184e+00  2781.7857  2415.57245    2508.7778
 [6,]    6 0.000001000 3.555891e-01   960.5110  2414.11434    2503.9191
 [7,]    7 0.000001000 1.170608e-01   367.4750  2409.58292    2446.1139
 [8,]    8 0.000001000 3.863179e-02   180.3862  2395.83645    2257.0617
 [9,]    9 0.000001000 1.282520e-02   126.9130  2353.61390    1684.6684
[10,]   10 0.000001000 1.274524e-02   126.7785  2353.19652    1679.2892
[11,]   11 0.000001000 1.242541e-02   126.2449  2351.46662    1657.0797
[12,]   12 0.000001000 1.114609e-02   124.1876  2343.40614    1555.4911
[13,]   13 0.000001000 6.028791e-03   117.9369  2258.73369     717.8125
[14,]   14 0.000001000 9.830063e-04   114.7750  6012.44807    2473.2563
[15,]   15 0.000001000 1.000000e-06   137.2184 50488.89948 -268514.5928
[16,]   16 0.000001000 6.662453e-04   113.8387  5421.66289    3584.2256
[17,]   17 0.000001000 3.035044e-04   112.0700 -1332.69888    6887.0382
[18,]   18 0.009221166 1.000000e-06   149.1933    89.79539 -402948.7459
[19,]   19 0.001757874 2.458631e-04   111.3263   330.74704   22738.1250
[20,]   20 0.002363610 1.000000e-06   147.8303   498.25611 -393386.3359
[21,]   21 0.001808072 2.255712e-04   110.8293   237.64071   22623.4090
[22,]   22 0.002085841 1.132856e-04   108.4828    37.51389  -51000.9413
[23,]   23 0.001891770 1.917369e-04   109.9658   111.42794   19582.5267
[24,]   24 0.004300806 1.000000e-06   148.4849   237.07084 -398617.7703
[25,]   25 0.001983209 1.844972e-04   109.7892    89.61939   18328.9198
[26,]   26 0.003142008 9.274859e-05   108.6231    79.05309   14962.4344
[27,]   27 0.003443224 1.000000e-06   148.2524   311.40636 -396881.6814
[28,]   28 0.003144410 9.201669e-05   108.6337    80.06081   14650.3562
[29,]   29 0.003142230 9.268087e-05   108.6240    79.14568   14933.7971
[30,]   30 0.003142028 9.274225e-05   108.6232    79.06174   14959.7581
[31,]   31 0.003142010 9.274799e-05   108.6231    79.05390   14962.1839
[32,]   32 0.003142008 9.274853e-05   108.6231    79.05316   14962.4110
[33,]   33 0.003142008 9.274858e-05   108.6231    79.05310   14962.4322
[34,]   34 0.003142008 9.274859e-05   108.6231    79.05309   14962.4342
[35,]   35 0.003142008 9.274859e-05   108.6231    79.05309   14962.4344
[36,]   36 0.003142008 9.274859e-05   108.6231    79.05309   14962.4344
[37,]   37 0.003142008 9.274859e-05   108.6231    79.05309   14962.4344
[38,]   38 0.003142008 9.274859e-05   108.6231    79.05309   14962.4344
[39,]   39 0.003142008 9.274859e-05   108.6231    79.05309   14962.4344
[40,]   40 0.003142008 9.274859e-05   108.6231    79.05309   14962.4344
[41,]   41 0.003142008 9.274859e-05   108.6231    79.05309   14962.4344
[42,]   42 0.003142008 9.274859e-05   108.6231    79.05309   14962.4344

