[22;0t]0;IPython: scripts/01_msprime_simulations$par
[1] 0.0004348541 0.6189802671

$value
[1] -18871.62

$counts
function gradient 
      34       34 

$convergence
[1] 0

$message
[1] "CONVERGENCE: REL_REDUCTION_OF_F <= FACTR*EPSMCH"

$loginfo
      step         par1       par2       fn           gr1           gr2
 [1,]    1 0.1000000000  0.0100000 20936.46  6.160414e+03 -2.910335e+05
 [2,]    2 0.0000010000 10.0000000 30363.45  2.416086e+03  1.821922e+03
 [3,]    3 0.0667796272  3.3287484 19917.90  2.411727e+03  1.028320e+03
 [4,]    4 0.0393443124  3.3169856 19839.65  2.413422e+03  1.023529e+03
 [5,]    5 0.0000010000  3.3001173 19727.44  2.415936e+03  1.016652e+03
 [6,]    6 0.0000010000  3.2391032 19666.18  2.415930e+03  9.912975e+02
 [7,]    7 0.0000010000  0.8536072 19153.05 -1.660030e+05  2.074670e+03
 [8,]    8 0.0000010000  0.0000010 58074.80  1.246558e+05 -2.152276e+08
 [9,]    9 0.0000010000  0.5598455 18897.63 -3.087362e+04 -7.267925e+02
[10,]   10 0.1570452352  0.0000010 62557.30  6.489119e+03 -2.154402e+08
[11,]   11 0.0559549666  0.3603761 19317.94  7.276046e+03 -2.413176e+02
[12,]   12 0.0136128287  0.5113209 18993.33  5.057838e+03 -8.040256e+02
[13,]   13 0.0033838162  0.5477862 18915.53  4.365463e+03 -8.240953e+02
[14,]   14 0.0009148791  0.5565877 18897.84  3.539240e+03 -8.267261e+02
[15,]   15 0.0003366005  0.5586492 18894.67  3.446171e+02 -7.957698e+02
[16,]   16 0.0211739278 10.0000000 30414.60  2.415522e+03  1.821922e+03
[17,]   17 0.0029600036  1.7473078 18902.44  2.388106e+03 -2.076330e+02
[18,]   18 0.0010959740  0.9027198 19211.07 -8.785513e+03  1.783958e+03
[19,]   19 0.0004642373  0.6164812 18871.67  3.916016e+02 -3.072643e+01
[20,]   20 0.0004648943  0.6187385 18871.63  3.186764e+02 -3.883256e+00
[21,]   21 0.0004615586  0.6190482 18871.63  2.747060e+02 -9.584039e-02
[22,]   22 0.0004543932  0.6192148 18871.63  1.963074e+02  2.131829e+00
[23,]   23 0.0004413881  0.6192291 18871.63  5.947141e+01  2.776511e+00
[24,]   24 0.0004348541  0.6189803 18871.62 -2.048119e+00  7.473353e-02
[25,]   25 0.0004350759  0.6189733 18871.62  6.468355e-01 -1.634666e-02
[26,]   26 0.0004348567  0.6189802 18871.62 -2.016398e+00  7.366223e-02
[27,]   27 0.0004348541  0.6189803 18871.62 -2.047743e+00  7.472336e-02
[28,]   28 0.0004348541  0.6189803 18871.62 -2.048117e+00  7.473816e-02
[29,]   29 0.0004348541  0.6189803 18871.62 -2.048120e+00  7.473349e-02
[30,]   30 0.0004348541  0.6189803 18871.62 -2.048117e+00  7.473775e-02
[31,]   31 0.0004348541  0.6189803 18871.62 -2.048120e+00  7.473334e-02
[32,]   32 0.0004348541  0.6189803 18871.62 -2.048117e+00  7.473594e-02
[33,]   33 0.0004348541  0.6189803 18871.62 -2.048117e+00  7.473584e-02
[34,]   34 0.0004348541  0.6189803 18871.62 -2.048117e+00  7.473594e-02

