[22;0t]0;IPython: scripts/01_msprime_simulations$par
[1] 0.0918309 0.4921572

$value
[1] -57505.3

$counts
function gradient 
      32       32 

$convergence
[1] 0

$message
[1] "CONVERGENCE: REL_REDUCTION_OF_F <= FACTR*EPSMCH"

$loginfo
      step       par1       par2        fn           gr1           gr2
 [1,]    1 0.10000000  0.0100000 124747.61  7.155822e+04 -3.196011e+06
 [2,]    2 0.00000100 10.0000000  64380.58 -1.003393e+07  2.136178e+02
 [3,]    3 1.54129559 10.0000000  63656.94  2.061681e+03  1.458613e+02
 [4,]    4 0.51309648 10.0000000  61517.58  1.872857e+03  2.249414e+02
 [5,]    5 0.17098244 10.0000000  61076.39 -1.586373e+01  2.750679e+02
 [6,]    6 0.17098272  9.9991226  61076.15 -1.571393e+01  2.750361e+02
 [7,]    7 0.17098382  9.9956130  61075.18 -1.511466e+01  2.749010e+02
 [8,]    8 0.17098823  9.9815747  61071.32 -1.271569e+01  2.743600e+02
 [9,]    9 0.17100588  9.9254213  61055.98 -3.076979e+00  2.721940e+02
[10,]   10 0.17107646  9.7008077  60995.78  3.680055e+01  2.640009e+02
[11,]   11 0.17135877  8.8023536  60765.50  2.240838e+02  2.560130e+02
[12,]   12 0.17248803  5.2085369  59839.74  9.632642e+02  2.107870e+02
[13,]   13 0.17408900  0.0000010 447212.78  5.597707e+04 -1.605798e+09
[14,]   14 0.17302279  3.4687638  59370.92  1.711478e+03  3.267026e+02
[15,]   15 0.17355589  1.7343824  58662.35  1.987278e+03  6.258865e+02
[16,]   16 0.17391125  0.5782896  57607.01  1.658571e+03  2.763394e+02
[17,]   17 0.17394049  0.4831433  57638.02  2.378085e+03 -1.120448e+03
[18,]   18 0.17391125  0.5782896  57607.01  1.658571e+03  2.763394e+02
[19,]   19 0.17406140  0.0000010 447211.24  5.598295e+04 -1.605798e+09
[20,]   20 0.17396129  0.3855485  57889.76  4.003131e+03 -4.549741e+03
[21,]   21 0.17391774  0.5532798  57603.27  1.794761e+03  1.425916e+01
[22,]   22 0.17388691  0.5519476  57603.20  1.802591e+03 -1.209755e+00
[23,]   23 0.17367772  0.5483535  57602.90  1.822960e+03 -4.304946e+01
[24,]   24 0.17302165  0.5426178  57602.13  1.853809e+03 -1.103927e+02
[25,]   25 0.05223634  0.4786298  57581.23 -5.123322e+03  4.182432e+02
[26,]   26 0.14064199  0.5254641  57548.54  1.515721e+03 -8.676610e+01
[27,]   27 0.00000100  0.4566642  62078.68 -1.360104e+07  5.260008e+02
[28,]   28 0.09233665  0.5018337  57505.81 -8.381247e+01  1.069102e+02
[29,]   29 0.09228791  0.4935714  57505.31  1.247185e+01  1.156541e+01
[30,]   30 0.09147246  0.4917393  57505.31 -1.891115e+01 -4.080114e-01
[31,]   31 0.09185239  0.4920938  57505.30  2.109949e+00 -8.988002e-01
[32,]   32 0.09183090  0.4921572  57505.30 -1.278074e-01  1.456355e-01

