[22;0t]0;IPython: scripts/01_msprime_simulations$par
[1] 0.004430826 0.009314688

$value
[1] -5138.432

$counts
function gradient 
      32       32 

$convergence
[1] 0

$message
[1] "CONVERGENCE: REL_REDUCTION_OF_F <= FACTR*EPSMCH"

$loginfo
      step        par1         par2        fn           gr1           gr2
 [1,]    1 0.100000000  0.010000000  5203.960  3.665031e+02 -5.100484e+03
 [2,]    2 0.000001000 10.000000000 25552.423  2.416088e+03  2.223590e+03
 [3,]    3 0.078497659  2.158105320  8343.644  2.413193e+03  2.052180e+03
 [4,]    4 0.094695493  0.539925501  5604.390  2.400939e+03  8.952356e+02
 [5,]    5 0.098531514  0.156703240  5517.846  2.902553e+03 -5.040486e+02
 [6,]    6 0.099742452  0.035729293  5422.867  1.291669e+03  7.341338e+03
 [7,]    7 0.099974958  0.012501769  5204.158  3.589261e+02  4.126221e+03
 [8,]    8 0.099988453  0.011153562  5201.191  3.572019e+02  6.773158e+00
 [9,]    9 0.099907771  0.011152693  5201.162  3.573823e+02  3.836572e+00
[10,]   10 0.099585042  0.011149217  5201.047  3.581078e+02 -7.885117e+00
[11,]   11 0.098294128  0.011135310  5200.583  3.610685e+02 -5.437357e+01
[12,]   12 0.093130471  0.011079683  5198.694  3.739233e+02 -2.337009e+02
[13,]   13 0.072475845  0.010857176  5190.403  4.478038e+02 -8.264892e+02
[14,]   14 0.000001000  0.010076421  5240.392 -4.889392e+05  4.000628e+02
[15,]   15 0.041311254  0.010521447  5173.491  7.038171e+02 -1.156648e+03
[16,]   16 0.013872749  0.010225858  5147.929  1.205744e+03  1.852337e+01
[17,]   17 0.004760469  0.010127694  5138.896  7.560645e+01  1.056393e+03
[18,]   18 0.000001000  0.009825187  5240.304 -4.906705e+05  2.866131e+02
[19,]   19 0.003241638  0.010031159  5139.624 -1.426378e+03  1.083008e+03
[20,]   20 0.004547506  0.010114158  5138.879 -5.682373e+01  1.061644e+03
[21,]   21 0.004482852  0.008915679  5138.578  1.650883e+02 -7.426985e+02
[22,]   22 0.004389644  0.009391615  5138.438 -5.055114e+01  1.326570e+02
[23,]   23 0.004432485  0.009324659  5138.432 -1.739060e+00  1.517378e+01
[24,]   24 0.004430826  0.009314688  5138.432 -3.429978e-01 -6.404753e-01
[25,]   25 0.004431517  0.009315189  5138.432  3.400975e-02 -4.802414e-03
[26,]   26 0.004430880  0.009314727  5138.432 -3.137754e-01 -5.912114e-01
[27,]   27 0.004430831  0.009314692  5138.432 -3.405334e-01 -6.363206e-01
[28,]   28 0.004430827  0.009314689  5138.432 -3.427882e-01 -6.401218e-01
[29,]   29 0.004430827  0.009314688  5138.432 -3.429801e-01 -6.404450e-01
[30,]   30 0.004430826  0.009314688  5138.432 -3.429969e-01 -6.404732e-01
[31,]   31 0.004430826  0.009314688  5138.432 -3.429969e-01 -6.404734e-01
[32,]   32 0.004430826  0.009314688  5138.432 -3.429969e-01 -6.404732e-01

