[22;0t]0;IPython: scripts/01_msprime_simulations$par
[1] 0.004236113 0.000548853

$value
[1] -469.3962

$counts
function gradient 
      77       77 

$convergence
[1] 52

$message
[1] "ERROR: ABNORMAL_TERMINATION_IN_LNSRCH"

$loginfo
      step        par1         par2         fn           gr1           gr2
 [1,]    1 0.100000000 1.000000e-02   682.5973  1.856631e+03  4.628546e+03
 [2,]    2 0.000001000 1.000000e-06   696.6140  1.074224e+05 -2.185117e+06
 [3,]    3 0.043309690 4.331479e-03   554.8138  1.270230e+03  9.892351e+03
 [4,]    4 0.014725955 1.473363e-03   487.4874  3.191543e+02  2.092779e+04
 [5,]    5 0.006671866 6.680265e-04   470.1773  4.322538e+01  9.808834e+03
 [6,]    6 0.002913136 1.000000e-06   750.6355  3.419299e+03 -2.428699e+06
 [7,]    7 0.005734823 5.017384e-04   469.6060  9.928742e+01 -8.057303e+03
 [8,]    8 0.005071469 5.694423e-04   469.4500  3.291064e+01  1.654536e+03
 [9,]    9 0.004477058 5.560935e-04   469.4075  1.207385e+01  5.793940e+02
[10,]   10 0.004139033 5.487756e-04   469.3963 -6.528015e+00  2.975588e+01
[11,]   11 0.004236202 5.491055e-04   469.3964  1.042817e+00 -2.302500e+01
[12,]   12 0.004164411 5.488618e-04   469.3963 -4.483740e+00  1.568189e+01
[13,]   13 0.004221713 5.491956e-04   469.3965 -1.688706e-01  1.037978e+00
[14,]   14 0.004170902 5.488996e-04   469.3963 -3.983173e+00  1.396736e+01
[15,]   15 0.004165240 5.488666e-04   469.3963 -4.419659e+00  1.546219e+01
[16,]   16 0.004164519 5.488624e-04   469.3963 -4.475435e+00  1.565342e+01
[17,]   17 0.004164425 5.488619e-04   469.3963 -4.482662e+00  1.567820e+01
[18,]   18 0.004164413 5.488618e-04   469.3963 -4.483600e+00  1.568141e+01
[19,]   19 0.004164412 5.488618e-04   469.3963 -4.483722e+00  1.568183e+01
[20,]   20 0.004164412 5.488618e-04   469.3963 -4.483738e+00  1.568189e+01
[21,]   21 0.004164411 5.488618e-04   469.3963 -4.483740e+00  1.568189e+01
[22,]   22 0.004164411 5.488618e-04   469.3963 -4.483740e+00  1.568189e+01
[23,]   23 0.004164411 5.488618e-04   469.3963 -4.483740e+00  1.568189e+01
[24,]   24 0.004164411 5.488618e-04   469.3963 -4.483740e+00  1.568189e+01
[25,]   25 0.004164411 5.488618e-04   469.3963 -4.483740e+00  1.568189e+01
[26,]   26 0.004164411 5.488618e-04   469.3963 -4.483740e+00  1.568189e+01
[27,]   27 0.004164411 5.488618e-04   469.3963 -4.483740e+00  1.568189e+01
[28,]   28 0.004164411 5.488618e-04   469.3963 -4.483740e+00  1.568189e+01
[29,]   29 0.004164411 5.488618e-04   469.3963 -4.483740e+00  1.568189e+01
[30,]   30 0.004164411 5.488618e-04   469.3963 -4.483740e+00  1.568189e+01
[31,]   31 0.004164411 5.488618e-04   469.3963 -4.483740e+00  1.568189e+01
[32,]   32 4.487904841 1.000000e-06   771.8426  3.914517e-02 -2.484392e+06
[33,]   33 0.965221754 4.314316e-04   474.8674  2.166900e-01 -3.213524e+04
[34,]   34 0.112336616 5.356444e-04   472.3511  6.456208e+00 -5.995157e+03
[35,]   35 0.007137941 5.484984e-04   469.5598  7.939379e+01 -2.009623e+03
[36,]   36 0.004236113 5.488530e-04   469.3962  1.263588e+00 -5.269598e+01
[37,]   37 0.004259450 5.521464e-04   469.4002  1.390143e-01  3.108601e+02
[38,]   38 0.004236262 5.488742e-04   469.3962  1.256107e+00 -5.034274e+01
[39,]   39 0.004236114 5.488532e-04   469.3962  1.263538e+00 -5.268019e+01
[40,]   40 0.004236113 5.488530e-04   469.3962  1.263588e+00 -5.269588e+01
[41,]   41 0.004236113 5.488530e-04   469.3962  1.263588e+00 -5.269598e+01
[42,]   42 0.004236113 5.488530e-04   469.3962  1.263588e+00 -5.269598e+01
[43,]   43 0.004236113 5.488530e-04   469.3962  1.263588e+00 -5.269598e+01
[44,]   44 0.004236113 5.488530e-04   469.3962  1.263588e+00 -5.269598e+01
[45,]   45 0.004236113 5.488530e-04   469.3962  1.263588e+00 -5.269598e+01
[46,]   46 0.004236113 5.488530e-04   469.3962  1.263588e+00 -5.269598e+01
[47,]   47 0.004236113 5.488530e-04   469.3962  1.263588e+00 -5.269598e+01
[48,]   48 0.004236113 5.488530e-04   469.3962  1.263588e+00 -5.269598e+01
[49,]   49 0.004236113 5.488530e-04   469.3962  1.263588e+00 -5.269598e+01
[50,]   50 0.004236113 5.488530e-04   469.3962  1.263588e+00 -5.269598e+01
[51,]   51 0.000001000 1.000000e+01 24412.8324  2.416088e+03  2.318733e+03
[52,]   52 0.004213574 5.376442e-02   522.0806  2.399095e+03  1.500928e+03
[53,]   53 0.004235732 1.446476e-03   482.7619  6.807078e+02  1.495107e+04
[54,]   54 0.004236112 5.496465e-04   469.3970  5.497156e-01  4.064803e+01
[55,]   55 0.004236113 5.488594e-04   469.3962  1.257852e+00 -5.194668e+01
[56,]   56 0.004236113 5.488531e-04   469.3962  1.263542e+00 -5.268991e+01
[57,]   57 0.004236113 5.488530e-04   469.3962  1.263588e+00 -5.269593e+01
[58,]   58 0.004236113 5.488530e-04   469.3962  1.263588e+00 -5.269598e+01
[59,]   59 0.004236113 5.488530e-04   469.3962  1.263588e+00 -5.269598e+01
[60,]   60 0.004236113 5.488530e-04   469.3962  1.263588e+00 -5.269598e+01
[61,]   61 0.004236113 5.488530e-04   469.3962  1.263588e+00 -5.269598e+01
[62,]   62 0.004236113 5.488530e-04   469.3962  1.263588e+00 -5.269598e+01
[63,]   63 0.004236113 5.488530e-04   469.3962  1.263588e+00 -5.269598e+01
[64,]   64 0.004236113 5.488530e-04   469.3962  1.263588e+00 -5.269598e+01
[65,]   65 0.004236113 5.488530e-04   469.3962  1.263588e+00 -5.269598e+01
[66,]   66 0.004236113 5.488530e-04   469.3962  1.263588e+00 -5.269598e+01

