[22;0t]0;IPython: scripts/01_msprime_simulations$par
[1] 5.895925e-04 6.774263e-05

$value
[1] -85.97544

$counts
function gradient 
      92       92 

$convergence
[1] 0

$message
[1] "CONVERGENCE: REL_REDUCTION_OF_F <= FACTR*EPSMCH"

$loginfo
      step         par1         par2          fn           gr1         gr2
 [1,]    1 1.000000e-01 1.000000e-02   331.35691  2.255127e+03    2815.089
 [2,]    2 1.000000e-06 1.000000e-06   105.86668  3.041105e+04 -182651.153
 [3,]    3 1.000000e-06 1.000000e+01 24350.95418  2.416099e+03    2323.899
 [4,]    4 1.000000e-06 3.267576e+00  8217.30895  2.416074e+03    2468.659
 [5,]    5 1.000000e-06 1.067462e+00  2736.56671  2.415985e+03    2511.783
 [6,]    6 1.000000e-06 3.488300e-01   929.42174  2.415700e+03    2512.093
 [7,]    7 1.000000e-06 1.141192e-01   342.75844  2.414824e+03    2470.070
 [8,]    8 1.000000e-06 3.744444e-02   156.84210  2.412156e+03    2328.202
 [9,]    9 1.000000e-06 1.237687e-02   101.97335  2.403815e+03    1896.022
[10,]   10 1.000000e-06 1.224972e-02   101.73270  2.403673e+03    1889.315
[11,]   11 1.000000e-06 1.174112e-02   100.77888  2.403067e+03    1861.035
[12,]   12 1.000000e-06 9.706746e-03    97.12881  2.399791e+03    1718.265
[13,]   13 1.000000e-06 1.569235e-03    89.89664  2.324154e+03    1010.826
[14,]   14 1.000000e-06 1.000000e-06   105.86668  3.041105e+04 -182651.153
[15,]   15 1.000000e-06 1.044746e-03    89.23159  3.544949e+03    1089.250
[16,]   16 1.000000e-06 5.228730e-04    88.62160  1.925288e+03    1615.695
[17,]   17 1.000000e-06 2.747238e-04    88.11640 -3.451236e+03    2623.078
[18,]   18 1.000000e-06 2.581803e-04    88.07252 -4.118585e+03    2712.495
[19,]   19 1.000000e-06 2.475820e-04    88.04352 -4.576294e+03    2767.293
[20,]   20 1.000000e-06 1.242910e-04    87.66476 -1.182080e+04   -2255.271
[21,]   21 1.000000e+01 1.000000e+01 47313.24718  2.177178e+03    2328.491
[22,]   22 2.239538e+00 2.239634e+00 11009.17201  2.354224e+03    2495.482
[23,]   23 4.989608e-01 4.990779e-01  2506.45537  2.392459e+03    2521.758
[24,]   24 1.116561e-01 1.117780e-01   605.69502  2.399736e+03    2475.586
[25,]   25 2.545127e-02 2.557425e-02   190.89358  2.397932e+03    2239.803
[26,]   26 6.098628e-03 6.221844e-03   106.38109  2.383684e+03    1285.850
[27,]   27 1.573535e-03 1.696807e-03    93.61500  2.464850e+03    -685.166
[28,]   28 3.586187e-04 4.819053e-04    89.44846  2.693877e+03    4481.302
[29,]   29 8.489296e-05 2.081829e-04    87.30464 -5.973300e+02    7863.521
[30,]   30 8.918138e-05 1.431846e-04    86.71101 -1.877763e+03    5120.954
[31,]   31 1.480216e-04 1.000000e-06   109.43118  1.090770e+04 -233012.135
[32,]   32 8.986966e-05 1.415214e-04    86.69235 -1.893264e+03    4733.533
[33,]   33 1.189456e-04 7.126068e-05    86.05057 -4.799821e+03    8645.768
[34,]   34 1.191444e-04 7.078031e-05    86.05053 -4.763158e+03    8595.208
[35,]   35 1.382034e-04 2.472531e-05    88.12132  2.265624e+03  -17328.012
[36,]   36 1.199023e-04 6.894882e-05    86.05186 -4.619253e+03    8386.868
[37,]   37 1.191444e-04 7.078031e-05    86.05053 -4.763158e+03    8595.208
[38,]   38 1.886316e-04 1.000000e-06   109.78328  8.358507e+03 -237205.439
[39,]   39 1.197267e-04 7.019555e-05    86.04982 -4.678746e+03    8534.720
[40,]   40 1.541792e-04 3.559777e-05    86.95491  5.505728e+02   -4759.454
[41,]   41 1.221662e-04 6.774575e-05    86.04982 -4.329786e+03    8249.769
[42,]   42 1.432948e-04 4.652809e-05    86.36757 -1.271289e+03    2496.398
[43,]   43 1.241369e-04 6.576678e-05    86.05365 -4.051726e+03    7979.260
[44,]   44 1.225163e-04 6.739426e-05    86.05024 -4.280206e+03    8204.474
[45,]   45 1.222320e-04 6.767972e-05    86.04989 -4.320465e+03    8241.348
[46,]   46 1.221662e-04 6.774575e-05    86.04982 -4.329786e+03    8249.769
[47,]   47 1.461213e-04 1.000000e-06   109.41277  1.108227e+04 -232788.340
[48,]   48 1.223079e-04 6.735096e-05    86.05089 -4.300181e+03    8196.928
[49,]   49 1.221882e-04 6.768463e-05    86.04998 -4.325227e+03    8241.673
[50,]   50 1.221697e-04 6.773618e-05    86.04984 -4.329073e+03    8248.503
[51,]   51 1.221668e-04 6.774425e-05    86.04982 -4.329674e+03    8249.570
[52,]   52 1.221663e-04 6.774552e-05    86.04982 -4.329769e+03    8249.738
[53,]   53 1.221663e-04 6.774571e-05    86.04982 -4.329784e+03    8249.764
[54,]   54 1.221662e-04 6.774575e-05    86.04982 -4.329786e+03    8249.768
[55,]   55 1.221662e-04 6.774575e-05    86.04982 -4.329786e+03    8249.769
[56,]   56 1.221662e-04 6.774575e-05    86.04982 -4.329786e+03    8249.769
[57,]   57 1.221662e-04 6.774575e-05    86.04982 -4.329786e+03    8249.769
[58,]   58 1.221662e-04 6.774575e-05    86.04982 -4.329786e+03    8249.769
[59,]   59 1.221662e-04 6.774575e-05    86.04982 -4.329786e+03    8249.769
[60,]   60 1.221662e-04 6.774575e-05    86.04982 -4.329786e+03    8249.769
[61,]   61 1.221662e-04 6.774575e-05    86.04982 -4.329786e+03    8249.769
[62,]   62 1.221662e-04 6.774575e-05    86.04982 -4.329786e+03    8249.769
[63,]   63 1.221662e-04 6.774575e-05    86.04982 -4.329786e+03    8249.769
[64,]   64 1.221662e-04 6.774575e-05    86.04982 -4.329786e+03    8249.769
[65,]   65 1.221662e-04 6.774575e-05    86.04982 -4.329786e+03    8249.769
[66,]   66 1.221662e-04 6.774575e-05    86.04982 -4.329786e+03    8249.769
[67,]   67 1.000000e+01 1.000000e-06   113.61982 -5.974243e-07 -269213.082
[68,]   68 3.329866e+00 4.552086e-05    87.52702 -2.081558e-04    7015.078
[69,]   69 1.109803e+00 6.033901e-05    86.75604 -2.285119e-03   21780.665
[70,]   70 3.699008e-01 6.527761e-05    86.62582 -2.086127e-02   25584.574
[71,]   71 1.232904e-01 6.692365e-05    86.60266 -9.534964e-02   26596.343
[72,]   72 4.109200e-02 6.747229e-05    86.60142  1.335029e-02   26380.544
[73,]   73 1.369412e-02 6.765516e-05    86.57053  4.820871e+00   24062.594
[74,]   74 4.569744e-03 6.771606e-05    86.41378  4.663047e+01   13241.002
[75,]   75 1.558246e-03 6.773617e-05    86.17625  1.418301e+02    7588.272
[76,]   76 5.895925e-04 6.774263e-05    85.97544  2.666880e+02    8357.534
[77,]   77 5.640376e-04 1.000000e-06   111.33147  2.271289e+03 -253811.688
[78,]   78 5.894724e-04 6.742898e-05    85.97979  2.698765e+02    8267.593
[79,]   79 5.895843e-04 6.772137e-05    85.97573  2.669030e+02    8351.472
[80,]   80 5.895919e-04 6.774118e-05    85.97546  2.667026e+02    8357.120
[81,]   81 5.895925e-04 6.774253e-05    85.97544  2.666890e+02    8357.505
[82,]   82 5.895925e-04 6.774262e-05    85.97544  2.666880e+02    8357.532
[83,]   83 5.895925e-04 6.774263e-05    85.97544  2.666880e+02    8357.533
[84,]   84 5.895925e-04 6.774263e-05    85.97544  2.666880e+02    8357.534
[85,]   85 5.895925e-04 6.774263e-05    85.97544  2.666880e+02    8357.534
[86,]   86 5.895925e-04 6.774263e-05    85.97544  2.666880e+02    8357.534
[87,]   87 5.895925e-04 6.774263e-05    85.97544  2.666880e+02    8357.534
[88,]   88 5.895925e-04 6.774263e-05    85.97544  2.666880e+02    8357.534
[89,]   89 5.895925e-04 6.774263e-05    85.97544  2.666880e+02    8357.534
[90,]   90 5.895925e-04 6.774263e-05    85.97544  2.666880e+02    8357.534
[91,]   91 5.895925e-04 6.774263e-05    85.97544  2.666880e+02    8357.534

