[22;0t]0;IPython: scripts/01_msprime_simulations$par
[1] 0.001299788 0.082664971

$value
[1] -15777.67

$counts
function gradient 
      37       37 

$convergence
[1] 0

$message
[1] "CONVERGENCE: REL_REDUCTION_OF_F <= FACTR*EPSMCH"

$loginfo
      step         par1        par2       fn           gr1           gr2
 [1,]    1 0.1000000000  0.01000000 18757.96  7.509955e+03 -2.746886e+05
 [2,]    2 0.0000010000 10.00000000 29834.91  2.416088e+03  1.866049e+03
 [3,]    3 0.0668233086  3.32438462 18723.43  2.426694e+03  1.333713e+03
 [4,]    4 0.0889304957  1.11585454 16620.78  3.521844e+03  4.396785e+02
 [5,]    5 0.0747690095  1.11402371 16570.09  3.519860e+03  4.621834e+02
 [6,]    6 0.0181230646  1.10670039 16374.81  2.827766e+03  5.315955e+02
 [7,]    7 0.0000010000  1.10140295 16464.16 -6.940803e+05  5.685685e+02
 [8,]    8 0.0104246799  1.10445000 16354.45  2.007304e+03  5.245068e+02
 [9,]    9 0.0000010000  1.09793694 16462.20 -6.942352e+05  5.617118e+02
[10,]   10 0.0065263619  1.10201420 16347.19  9.029837e+02  5.207629e+02
[11,]   11 0.0022128054  1.09532520 16347.16 -4.231409e+03  5.408327e+02
[12,]   12 0.0050805329  1.09977216 16345.25  1.086033e+02  5.220137e+02
[13,]   13 0.0033965553  1.09151951 16341.95 -1.528601e+03  5.263583e+02
[14,]   14 0.0022611851  1.07100850 16334.32 -4.005935e+03  4.963089e+02
[15,]   15 0.0013035867  0.96254404 16288.63 -1.068361e+04  5.114883e+02
[16,]   16 0.0000010000  0.81500375 16353.56 -8.658385e+05  1.541854e+02
[17,]   17 0.0007470997  0.89951235 16262.48 -2.474784e+04  5.742686e+02
[18,]   18 0.0000010000  0.51549920 16145.46 -8.424972e+05  7.680130e+02
[19,]   19 0.0004656877  0.75467122 16208.93 -5.265924e+04  4.744325e+02
[20,]   20 0.0035723510  0.00000100 53351.29  9.187959e+04 -1.963427e+08
[21,]   21 0.0015117381  0.50056481 15993.89 -9.918184e+03  8.660368e+02
[22,]   22 0.0025420446  0.25028290 15848.41  2.860050e+02  4.453560e+02
[23,]   23 0.0030353882  0.00000100 53301.27  9.445934e+04 -1.963388e+08
[24,]   24 0.0027067324  0.16673390 15805.65  3.554206e+03  2.040830e+02
[25,]   25 0.0027187811  0.09865242 15785.39  7.913975e+03  1.015257e+02
[26,]   26 0.0024897738  0.02245026 16040.73  2.681782e+04 -2.903421e+04
[27,]   27 0.0026519915  0.07642818 15785.99  9.198264e+03 -7.722586e+00
[28,]   28 0.0027041328  0.09377822 15785.07  8.310905e+03 -1.492803e+01
[29,]   29 0.0024672765  0.09255032 15783.20  7.609359e+03 -1.917567e+01
[30,]   30 0.0015198511  0.08763872 15778.18  1.872353e+03  5.965831e+01
[31,]   31 0.0010490478  0.08163728 15778.20 -4.630944e+03 -3.254566e+01
[32,]   32 0.0012710683  0.08446743 15777.76 -7.751512e+02  8.394298e+01
[33,]   33 0.0011989591  0.07962710 15777.94 -1.531297e+03 -1.210681e+02
[34,]   34 0.0012474182  0.08287992 15777.69 -8.497556e+02  1.866124e+01
[35,]   35 0.0013064335  0.08266652 15777.67  9.836014e+01 -7.849014e-01
[36,]   36 0.0012999782  0.08265891 15777.67  3.599858e+00 -2.839058e-01
[37,]   37 0.0012997878  0.08266497 15777.67 -6.823991e-02  4.533851e-02

