[22;0t]0;IPython: scripts/01_msprime_simulations$par
[1] 0.006837681 7.476475164

$value
[1] -54619.69

$counts
function gradient 
      33       33 

$convergence
[1] 0

$message
[1] "CONVERGENCE: REL_REDUCTION_OF_F <= FACTR*EPSMCH"

$loginfo
      step         par1      par2        fn           gr1           gr2
 [1,]    1 1.000000e-01  0.010000 111839.40  6.617119e+04 -2.805724e+06
 [2,]    2 1.000000e-06 10.000000  55663.75 -1.287955e+06  4.753833e+02
 [3,]    3 3.143251e+00 10.000000  64660.12  2.174575e+03  1.990696e+02
 [4,]    4 1.043994e+00 10.000000  59100.24  3.222477e+03  2.776311e+02
 [5,]    5 3.466612e-01 10.000000  56678.50  3.753084e+03  3.983388e+02
 [6,]    6 1.151989e-01 10.000000  55795.21  3.807262e+03  4.645033e+02
 [7,]    7 3.838901e-02 10.000000  55515.41  3.263024e+03  4.825489e+02
 [8,]    8 3.829201e-02  9.998287  55514.27  3.261285e+03  4.826397e+02
 [9,]    9 3.790401e-02  9.991436  55509.69  3.254309e+03  4.830509e+02
[10,]   10 3.635200e-02  9.964030  55491.40  3.226181e+03  4.853680e+02
[11,]   11 3.014397e-02  9.854408  55417.60  3.113544e+03  5.041466e+02
[12,]   12 5.311868e-03  9.415919  55149.06 -1.857043e+03  4.995146e+02
[13,]   13 1.000000e-06  9.319908  55339.80 -1.369257e+06  5.063108e+02
[14,]   14 3.372429e-03  9.380857  55138.02 -5.306188e+03  4.977717e+02
[15,]   15 1.318380e-03  9.336723  55137.39 -1.980771e+04  4.933432e+02
[16,]   16 2.614056e-03  9.364562  55134.88 -8.011376e+03  4.960893e+02
[17,]   17 1.887780e-03  9.338784  55129.44 -1.260527e+04  4.922038e+02
[18,]   18 1.169872e-03  9.278302  55111.95 -2.239803e+04  4.859060e+02
[19,]   19 1.345572e-05  8.963218  55097.80 -6.368233e+05  4.068874e+02
[20,]   20 9.698583e-04  9.223805  55090.40 -2.707864e+04  4.841827e+02
[21,]   21 4.916570e-04  9.093512  55047.55 -5.816095e+04  4.528459e+02
[22,]   22 4.029417e-04  7.851431  54694.00 -7.057202e+04  1.094250e+02
[23,]   23 1.678568e-03  7.427794  54640.46 -1.403557e+04 -1.778814e+01
[24,]   24 1.973266e-03  7.477260  54636.08 -1.113843e+04 -9.385420e+00
[25,]   25 2.960187e-03  7.582877  54628.75 -5.681871e+03  2.235951e+01
[26,]   26 3.740235e-03  7.551050  54624.62 -3.596401e+03  1.396029e+01
[27,]   27 5.084718e-03  7.497971  54620.91 -1.521784e+03  2.177896e+00
[28,]   28 6.055993e-03  7.485530  54619.90 -5.704199e+02  8.519323e-01
[29,]   29 6.638616e-03  7.477727  54619.70 -1.341939e+02 -2.263150e-03
[30,]   30 6.815628e-03  7.476615  54619.69 -1.477662e+01  3.924652e-04
[31,]   31 6.837539e-03  7.476476  54619.69 -4.252787e-01  1.197259e-04
[32,]   32 6.838189e-03  7.476472  54619.69 -1.001645e-03  7.479684e-05
[33,]   33 6.837681e-03  7.476475  54619.69 -3.320288e-01  1.271474e-04

