[22;0t]0;IPython: scripts/01_msprime_simulations$par
[1] 0.0005732641 3.2573978638

$value
[1] -52577.14

$counts
function gradient 
      52       52 

$convergence
[1] 0

$message
[1] "CONVERGENCE: REL_REDUCTION_OF_F <= FACTR*EPSMCH"

$loginfo
      step         par1      par2        fn           gr1           gr2
 [1,]    1 1.000000e-01  0.010000 205681.95   95060.74347 -5.688654e+06
 [2,]    2 1.000000e-06 10.000000  53232.20 -535413.61096  2.956860e+02
 [3,]    3 9.187243e-01 10.000000  57441.44    2927.54693 -9.705442e+01
 [4,]    4 3.019064e-01 10.000000  55138.23    5100.67945 -9.644572e+01
 [5,]    5 9.878140e-02 10.000000  53884.10    7543.90360  2.360717e+01
 [6,]    6 3.236000e-02 10.000000  53355.59    8118.80211  7.882543e+01
 [7,]    7 1.071621e-02 10.000000  53188.03    6828.86801  1.006640e+02
 [8,]    8 1.058120e-02  9.999819  53187.09    6801.76761  1.009635e+02
 [9,]    9 1.004116e-02  9.999095  53183.38    6685.93668  1.023333e+02
[10,]   10 7.881006e-03  9.996201  53169.25    6065.44222  1.091538e+02
[11,]   11 1.000000e-06  9.991090  53229.56 -528381.37892  2.952307e+02
[12,]   12 4.424984e-03  9.993959  53151.09    3910.14054  1.270931e+02
[13,]   13 1.000000e-06  9.990544  53229.40 -527961.80682  2.952940e+02
[14,]   14 2.802256e-03  9.992706  53146.39    1314.74819  1.439645e+02
[15,]   15 1.902597e-03  9.991454  53146.23   -1720.67814  1.596677e+02
[16,]   16 2.349904e-03  9.992077  53145.97      43.26505  1.510832e+02
[17,]   17 2.256851e-03  9.991575  53145.91    -267.15018  1.532125e+02
[18,]   18 2.073385e-03  9.989255  53145.65    -925.39073  1.594341e+02
[19,]   19 1.687474e-03  9.980597  53144.85   -2628.48281  1.783373e+02
[20,]   20 1.132711e-03  9.958632  53143.01   -6789.15113  2.100948e+02
[21,]   21 5.540531e-04  9.909534  53138.04  -18045.52984  2.608085e+02
[22,]   22 1.000000e-06  9.778818  53150.36 -408300.60958  3.568301e+02
[23,]   23 3.006063e-04  9.849631  53126.03  -28850.19231  3.326188e+02
[24,]   24 2.010488e-04  9.826100  53121.03  -43130.34408  3.608932e+02
[25,]   25 1.233567e-04  9.807737  53118.25  -94649.22275  3.620872e+02
[26,]   26 1.000000e-06  9.528719  53061.79 -403651.98260  3.198163e+02
[27,]   27 1.225803e-03  0.000001 740774.30  124542.32728 -2.749493e+09
[28,]   28 4.108257e-04  6.340357  53350.57  -50806.16242  3.583968e+02
[29,]   29 6.669681e-05  9.017611  52900.05  -97683.95576  2.824567e+02
[30,]   30 5.299813e-05  4.869426  52678.58 -108130.84431  2.124906e+02
[31,]   31 6.456958e-05  0.000001 740629.51  124809.55524 -2.749493e+09
[32,]   32 5.685943e-05  3.244537  52596.91 -115595.76246 -7.218832e+01
[33,]   33 8.617948e-05  3.654237  52611.40 -101483.85090 -2.353863e+02
[34,]   34 5.943658e-05  3.280549  52595.78 -106636.90214  4.030117e+01
[35,]   35 8.749579e-05  3.267856  52591.04  -78568.12017  5.348809e+00
[36,]   36 1.585141e-04  3.259872  52584.75  -76663.36182 -1.085467e+01
[37,]   37 4.425876e-04  3.227936  52578.75   -8172.68974 -7.633773e+01
[38,]   38 4.932961e-04  3.273414  52577.58   -3901.88128  3.908718e+01
[39,]   39 5.066913e-04  3.259232  52577.23   -3289.09452  3.484886e+00
[40,]   40 5.297585e-04  3.257004  52577.17   -2089.11441 -1.937891e+00
[41,]   41 5.652923e-04  3.256777  52577.14    -391.53670 -2.089849e+00
[42,]   42 5.732641e-04  3.257398  52577.14     -33.31940 -4.090271e-01
[43,]   43 5.739481e-04  3.257561  52577.14      -1.96258  1.700177e-02
[44,]   44 5.733239e-04  3.257412  52577.14     -30.57311 -3.717551e-01
[45,]   45 5.732698e-04  3.257399  52577.14     -33.05603 -4.054546e-01
[46,]   46 5.732646e-04  3.257398  52577.14     -33.29394 -4.086825e-01
[47,]   47 5.732641e-04  3.257398  52577.14     -33.31693 -4.089985e-01
[48,]   48 5.732641e-04  3.257398  52577.14     -33.31914 -4.090303e-01
[49,]   49 5.732641e-04  3.257398  52577.14     -33.31938 -4.090344e-01
[50,]   50 5.732641e-04  3.257398  52577.14     -33.31936 -4.090315e-01
[51,]   51 5.732641e-04  3.257398  52577.14     -33.31938 -4.090345e-01
[52,]   52 5.732641e-04  3.257398  52577.14     -33.31938 -4.090344e-01

