[22;0t]0;IPython: scripts/01_msprime_simulations$par
[1] 0.0003268708 0.0006091891

$value
[1] -564.1083

$counts
function gradient 
      58       58 

$convergence
[1] 0

$message
[1] "CONVERGENCE: REL_REDUCTION_OF_F <= FACTR*EPSMCH"

$loginfo
      step         par1         par2         fn           gr1           gr2
 [1,]    1 1.000000e-01 1.000000e-02   775.9215   1798.579838  5.317167e+03
 [2,]    2 1.000000e-06 1.000000e-06   864.1941 102784.217769 -2.785349e+06
 [3,]    3 4.881737e-02 4.882198e-03   657.4786   1371.681682  9.318786e+03
 [4,]    4 1.659857e-02 1.660607e-03   585.6665    385.270760  1.780609e+04
 [5,]    5 5.644173e-03 5.652665e-04   569.4869    387.878378 -1.588723e+04
 [6,]    6 1.000000e-06 6.374703e-03   578.5770 -32110.359189  1.485180e+03
 [7,]    7 2.847955e-03 3.443869e-03   580.4805   3917.416706  1.735991e+03
 [8,]    8 5.040016e-03 1.187224e-03   573.0818    745.578662  1.264065e+04
 [9,]    9 5.489972e-03 7.240103e-04   568.6228    328.909053  1.635968e+03
[10,]   10 1.000000e-06 6.918721e-04   574.8198 -90788.438791  1.547724e+03
[11,]   11 3.368901e-03 7.115914e-04   567.6472    612.903232  9.596366e+02
[12,]   12 1.183011e-03 6.987929e-04   565.5077   1521.282824  4.952137e+02
[13,]   13 4.820318e-04 6.946886e-04   564.3337   1265.414195  1.207171e+03
[14,]   14 1.000000e-06 6.702474e-04   574.7853 -91293.060377  1.514860e+03
[15,]   15 3.880482e-04 6.899133e-04   564.2287    428.024891  1.514100e+03
[16,]   16 2.738303e-04 5.329153e-04   564.1646   -625.665278 -3.284061e+03
[17,]   17 3.505794e-04 6.384106e-04   564.1367    169.965291  5.449922e+02
[18,]   18 3.268708e-04 6.091891e-04   564.1083    -47.383618 -1.801050e+02
[19,]   19 3.320961e-04 6.164304e-04   564.1131     -3.464223  2.204086e+01
[20,]   20 3.271152e-04 6.095278e-04   564.1085    -45.288839 -1.703782e+02
[21,]   21 3.268825e-04 6.092054e-04   564.1083    -47.283000 -1.796376e+02
[22,]   22 3.268714e-04 6.091899e-04   564.1083    -47.378783 -1.800825e+02
[23,]   23 3.268708e-04 6.091892e-04   564.1083    -47.383386 -1.801039e+02
[24,]   24 3.268708e-04 6.091891e-04   564.1083    -47.383607 -1.801049e+02
[25,]   25 3.268708e-04 6.091891e-04   564.1083    -47.383617 -1.801049e+02
[26,]   26 3.268708e-04 6.091891e-04   564.1083    -47.383618 -1.801050e+02
[27,]   27 3.268708e-04 6.091891e-04   564.1083    -47.383618 -1.801050e+02
[28,]   28 3.268708e-04 6.091891e-04   564.1083    -47.383618 -1.801050e+02
[29,]   29 3.268708e-04 6.091891e-04   564.1083    -47.383618 -1.801050e+02
[30,]   30 3.268708e-04 6.091891e-04   564.1083    -47.383618 -1.801050e+02
[31,]   31 3.268708e-04 6.091891e-04   564.1083    -47.383618 -1.801050e+02
[32,]   32 3.268708e-04 6.091891e-04   564.1083    -47.383618 -1.801050e+02
[33,]   33 3.268708e-04 6.091891e-04   564.1083    -47.383618 -1.801050e+02
[34,]   34 3.268708e-04 6.091891e-04   564.1083    -47.383618 -1.801050e+02
[35,]   35 3.268708e-04 6.091891e-04   564.1083    -47.383618 -1.801050e+02
[36,]   36 1.000000e+01 1.000000e+01 47390.7699   2176.940003  2.322036e+03
[37,]   37 1.150183e-01 1.152974e-01   977.9491   2396.159261  1.952403e+03
[38,]   38 2.230086e-03 2.512350e-03   576.0316   3740.106496  2.676450e+03
[39,]   39 3.438518e-04 6.261696e-04   564.1236    147.511072  2.322307e+02
[40,]   40 3.275955e-04 6.099139e-04   564.1088    -38.316710 -1.614198e+02
[41,]   41 3.269035e-04 6.092218e-04   564.1084    -46.973177 -1.792602e+02
[42,]   42 3.268723e-04 6.091906e-04   564.1083    -47.365064 -1.800668e+02
[43,]   43 3.268709e-04 6.091892e-04   564.1083    -47.382779 -1.801032e+02
[44,]   44 3.268708e-04 6.091891e-04   564.1083    -47.383580 -1.801049e+02
[45,]   45 3.268708e-04 6.091891e-04   564.1083    -47.383616 -1.801049e+02
[46,]   46 3.268708e-04 6.091891e-04   564.1083    -47.383618 -1.801050e+02
[47,]   47 3.268708e-04 6.091891e-04   564.1083    -47.383618 -1.801050e+02
[48,]   48 3.268708e-04 6.091891e-04   564.1083    -47.383618 -1.801050e+02
[49,]   49 3.268708e-04 6.091891e-04   564.1083    -47.383618 -1.801050e+02
[50,]   50 3.268708e-04 6.091891e-04   564.1083    -47.383618 -1.801050e+02
[51,]   51 3.268708e-04 6.091891e-04   564.1083    -47.383618 -1.801050e+02
[52,]   52 3.268708e-04 6.091891e-04   564.1083    -47.383618 -1.801050e+02
[53,]   53 3.268708e-04 6.091891e-04   564.1083    -47.383618 -1.801050e+02
[54,]   54 3.268708e-04 6.091891e-04   564.1083    -47.383618 -1.801050e+02

