[22;0t]0;IPython: scripts/01_msprime_simulations$par
[1] 0.001431979 0.292839203

$value
[1] -23642.5

$counts
function gradient 
      40       40 

$convergence
[1] 0

$message
[1] "CONVERGENCE: REL_REDUCTION_OF_F <= FACTR*EPSMCH"

$loginfo
      step         par1       par2        fn           gr1           gr2
 [1,]    1 0.1000000000  0.0100000  34182.73  1.970138e+04 -6.731942e+05
 [2,]    2 0.0000010000 10.0000000  35400.08  2.414618e+03  1.401418e+03
 [3,]    3 0.0666449736  3.3422005  26319.80  3.359304e+03  1.171676e+03
 [4,]    4 0.0499740419  3.3361731  26257.20  3.293300e+03  1.184075e+03
 [5,]    5 0.0000010000  3.3181054  26206.87 -6.337134e+05  1.171858e+03
 [6,]    6 0.0496821008  3.3360675  26256.11  3.291797e+03  1.184352e+03
 [7,]    7 0.0248415504  3.3270865  26166.07  3.025073e+03  1.210088e+03
 [8,]    8 0.0083472032  3.3211229  26115.14  1.881574e+03  1.206567e+03
 [9,]    9 0.0000010000  3.3066914  26193.53 -6.356505e+05  1.167244e+03
[10,]   10 0.0049925069  3.3153223  26103.42  7.605118e+02  1.197924e+03
[11,]   11 0.0000010000  3.2127462  26082.86 -6.408960e+05  1.208687e+03
[12,]   12 0.0047950210  3.3112639  26098.42  6.366474e+02  1.195956e+03
[13,]   13 0.0023980105  3.2620051  26041.37 -2.466775e+03  1.181619e+03
[14,]   14 0.0000010000  2.7365213  25551.23 -5.545933e+05  9.145207e+02
[15,]   15 0.0013909237  3.0412268  25782.22 -6.411550e+03  1.150688e+03
[16,]   16 0.0003019007  2.8024861  25544.54 -4.044327e+04  9.679202e+02
[17,]   17 0.0159464246  0.0000010 108005.15  6.525673e+04 -3.956268e+08
[18,]   18 0.0056688326  1.8410796  24798.78  1.709110e+03  8.531951e+02
[19,]   19 0.0098069347  0.0000010 107574.48  7.590485e+04 -3.956056e+08
[20,]   20 0.0070672235  1.2189231  24218.45  2.776622e+03  9.067122e+02
[21,]   21 0.0084370791  0.6094620  23776.48  7.054498e+03  2.343804e+02
[22,]   22 0.0087468092  0.1772118  23744.92  1.318200e+04 -6.419284e+02
[23,]   23 0.0085177297  0.4969083  23740.10  8.939256e+03  5.676089e+02
[24,]   24 0.0086322565  0.3370781  23715.23  1.048722e+04  2.020329e+02
[25,]   25 0.0078384134  0.0000010 107420.32  8.093957e+04 -3.955960e+08
[26,]   26 0.0083676275  0.2247128  23722.59  1.234713e+04 -5.798668e+01
[27,]   27 0.0085736394  0.3121884  23710.47  1.090207e+04  9.331684e+01
[28,]   28 0.0072332746  0.2798315  23696.36  1.118468e+04 -1.551371e+02
[29,]   29 0.0000010000  0.2854054  23770.09 -8.612956e+05 -6.731233e+02
[30,]   30 0.0039092971  0.2823933  23660.10  9.868976e+03 -1.443404e+02
[31,]   31 0.0000010000  0.3051598  23767.31 -8.416433e+05  5.268978e+02
[32,]   32 0.0023819881  0.2912901  23646.23  6.581585e+03 -2.602146e+01
[33,]   33 0.0000010000  0.2817180  23772.22 -8.753395e+05 -3.968237e+02
[34,]   34 0.0015796351  0.2880645  23642.79  1.604868e+03 -6.904960e+01
[35,]   35 0.0012729304  0.2987887  23643.00 -2.083733e+03  1.239088e+02
[36,]   36 0.0014432360  0.2928338  23642.50  1.317497e+02  2.131846e-02
[37,]   37 0.0014259405  0.2927236  23642.50 -7.179712e+01 -1.643349e+00
[38,]   38 0.0014319689  0.2928412  23642.50 -3.984398e-01  1.565655e-01
[39,]   39 0.0014320236  0.2928302  23642.50  2.648948e-01 -1.487439e-02
[40,]   40 0.0014319789  0.2928392  23642.50 -2.777893e-01  1.253661e-01

