[22;0t]0;IPython: scripts/01_msprime_simulations$par
[1] 0.475369732 0.005248219

$value
[1] -3265.198

$counts
function gradient 
      29       29 

$convergence
[1] 0

$message
[1] "CONVERGENCE: REL_REDUCTION_OF_F <= FACTR*EPSMCH"

$loginfo
      step       par1        par2       fn           gr1           gr2
 [1,]    1 0.10000000 0.010000000 3358.161  3.601750e+01  2.605582e+04
 [2,]    2 0.00000100 0.000001000 6495.122  1.232465e+05 -2.369234e+07
 [3,]    3 0.06521470 0.006521783 3283.597 -1.346826e+02  1.503560e+04
 [4,]    4 0.03794739 0.002623712 3334.180  3.999196e+02 -7.232357e+04
 [5,]    5 0.05583902 0.005181457 3271.918 -1.272711e+02  2.966361e+03
 [6,]    6 0.05583347 0.004950898 3271.588 -1.112503e+02 -1.969842e+02
 [7,]    7 0.05748975 0.004973838 3271.405 -1.082513e+02  1.448781e+01
 [8,]    8 0.06411484 0.005065599 3270.767 -9.759045e+01  8.936679e+02
 [9,]    9 0.10036035 0.005258667 3268.457 -5.170151e+01  2.092945e+03
[10,]   10 0.13256451 0.005252040 3267.184 -2.921976e+01  1.284487e+03
[11,]   11 0.17395676 0.005228614 3266.287 -1.499431e+01  4.015805e+02
[12,]   12 0.21871891 0.005236209 3265.793 -8.036166e+00  2.089255e+02
[13,]   13 0.27148104 0.005282911 3265.504 -4.231694e+00  7.678968e+02
[14,]   14 0.39858550 0.004753090 3267.427  1.157379e-01 -9.315262e+03
[15,]   15 0.29287094 0.005193749 3265.423 -3.079700e+00 -7.350481e+02
[16,]   16 0.34100146 0.005230417 3265.293 -1.729732e+00 -2.061307e+02
[17,]   17 0.40048913 0.005250278 3265.222 -7.205476e-01  7.164350e+01
[18,]   18 0.44172385 0.005249657 3265.202 -2.728774e-01  3.812577e+01
[19,]   19 0.46681034 0.005248307 3265.198 -6.932070e-02  4.618315e+00
[20,]   20 0.47536973 0.005248219 3265.198 -9.447544e-03  3.696811e-02
[21,]   21 0.47752078 0.005258679 3265.199  1.524913e-03  1.785505e+02
[22,]   22 0.47538590 0.005248298 3265.198 -9.366026e-03  1.380748e+00
[23,]   23 0.47537016 0.005248221 3265.198 -9.445428e-03  7.216086e-02
[24,]   24 0.47536974 0.005248219 3265.198 -9.447519e-03  3.790700e-02
[25,]   25 0.47536973 0.005248219 3265.198 -9.447631e-03  3.699266e-02
[26,]   26 0.47536973 0.005248219 3265.198 -9.447638e-03  3.696864e-02
[27,]   27 0.47536973 0.005248219 3265.198 -9.447665e-03  3.696909e-02
[28,]   28 0.47536973 0.005248219 3265.198 -9.447608e-03  3.696862e-02
[29,]   29 0.47536973 0.005248219 3265.198 -9.447638e-03  3.696864e-02

