[22;0t]0;IPython: scripts/01_msprime_simulations$par
[1] 0.006990419 0.004213117

$value
[1] -2817.578

$counts
function gradient 
      28       28 

$convergence
[1] 0

$message
[1] "CONVERGENCE: REL_REDUCTION_OF_F <= FACTR*EPSMCH"

$loginfo
      step        par1        par2       fn           gr1           gr2
 [1,]    1 0.100000000 0.010000000 2906.700  3.584692e+02  1.831084e+04
 [2,]    2 0.000001000 0.000001000 5550.420  1.218213e+05 -2.018471e+07
 [3,]    3 0.065243049 0.006524618 2841.310  1.609931e+02  1.248208e+04
 [4,]    4 0.018865481 0.000001000 5978.207  4.803855e+03 -2.041525e+07
 [5,]    5 0.049849913 0.004359370 2826.075  1.741716e+02 -4.294254e+03
 [6,]    6 0.050102886 0.004753998 2825.478  1.561229e+02  7.896168e+02
 [7,]    7 0.047507049 0.004675721 2825.032  1.631375e+02 -1.017673e+01
 [8,]    8 0.037123701 0.004362612 2823.661  2.047587e+02 -3.372469e+03
 [9,]    9 0.000001000 0.003767642 2853.784 -2.231011e+05  1.269776e+03
[10,]   10 0.023343214 0.004141751 2821.328  2.701814e+02 -4.863338e+03
[11,]   11 0.007883372 0.003893974 2818.175  2.015618e+02 -3.441334e+03
[12,]   12 0.002681007 0.003810595 2818.701 -7.402418e+02 -3.694443e+02
[13,]   13 0.005818897 0.003860887 2817.972  7.219621e+01 -2.525108e+03
[14,]   14 0.000001000 0.003897982 2853.945 -2.230012e+05  1.005634e+03
[15,]   15 0.003916255 0.003873018 2818.084 -2.642170e+02 -1.022781e+03
[16,]   16 0.005190209 0.003864895 2817.942 -6.975850e+00 -2.047606e+03
[17,]   17 0.007292017 0.004221390 2817.581  1.909753e+01 -4.571692e+01
[18,]   18 0.007086933 0.004212151 2817.579  7.534378e+00 -4.654175e+01
[19,]   19 0.006990419 0.004213117 2817.578 -1.146857e-01 -4.614156e+00
[20,]   20 0.006995523 0.004213890 2817.578  2.467455e-03 -4.168481e-01
[21,]   21 0.006990766 0.004213169 2817.578 -1.067222e-01 -4.329025e+00
[22,]   22 0.006990444 0.004213121 2817.578 -1.141082e-01 -4.593483e+00
[23,]   23 0.006990421 0.004213117 2817.578 -1.146437e-01 -4.612650e+00
[24,]   24 0.006990419 0.004213117 2817.578 -1.146826e-01 -4.614046e+00
[25,]   25 0.006990419 0.004213117 2817.578 -1.146855e-01 -4.614148e+00
[26,]   26 0.006990419 0.004213117 2817.578 -1.146857e-01 -4.614156e+00
[27,]   27 0.006990419 0.004213117 2817.578 -1.146857e-01 -4.614156e+00
[28,]   28 0.006990419 0.004213117 2817.578 -1.146857e-01 -4.614156e+00

