[22;0t]0;IPython: scripts/01_msprime_simulations$par
[1] 0.4809180 0.5010485

$value
[1] -59307.24

$counts
function gradient 
      42       42 

$convergence
[1] 0

$message
[1] "CONVERGENCE: REL_REDUCTION_OF_F <= FACTR*EPSMCH"

$loginfo
      step       par1       par2        fn           gr1           gr2
 [1,]    1 0.10000000  0.0100000 122172.51  7.274151e+04 -3.104588e+06
 [2,]    2 0.00000100 10.0000000  66854.21 -6.356584e+06 -1.196395e+02
 [3,]    3 2.18002868 10.0000000  67661.53  1.627598e+03 -6.105549e+01
 [4,]    4 0.72668525 10.0000000  65113.82  1.779199e+03  6.718358e+01
 [5,]    5 0.24208216 10.0000000  64409.34  6.573283e+02  1.743984e+02
 [6,]    6 0.24205716  9.9994230  64409.22  6.573299e+02  1.744792e+02
 [7,]    7 0.24195714  9.9971148  64408.75  6.573369e+02  1.748295e+02
 [8,]    8 0.24155707  9.9878820  64406.87  6.573749e+02  1.762318e+02
 [9,]    9 0.23995681  9.9509510  64399.20  6.576854e+02  1.818557e+02
[10,]   10 0.23355576  9.8032271  64366.45  6.611639e+02  2.043891e+02
[11,]   11 0.20795156  9.2123314  64202.04  7.156605e+02  2.930242e+02
[12,]   12 0.10553475  6.8487485  63194.68  7.181552e+02  4.035277e+02
[13,]   13 0.00000100  4.4132326  64263.98 -3.956171e+06  0.000000e+00
[14,]   14 0.05734455  5.7366113  62858.92 -9.978016e+02  1.706918e+02
[15,]   15 0.00000100  4.3795743  64273.11 -4.038379e+06 -2.198128e+02
[16,]   16 0.03677774  5.2498971  62854.20 -4.030140e+03  4.602064e+01
[17,]   17 0.04688828  5.4891635  62840.73 -2.094146e+03  1.005255e+02
[18,]   18 0.04618523  5.4577086  62839.21 -2.221572e+03  9.230485e+01
[19,]   19 0.04552428  5.3047587  62828.69 -2.625632e+03  7.050160e+01
[20,]   20 0.04895636  4.8261802  62773.80 -2.933587e+03  1.343441e+02
[21,]   21 0.06268468  2.9118666  62266.55 -1.267847e+03  3.058369e+02
[22,]   22 0.08356684  0.0000010 430590.78  8.340526e+04 -1.566482e+09
[23,]   23 0.06965780  1.9395152  61889.57 -1.526106e+03  5.407396e+02
[24,]   24 0.07892937  0.6466628  60394.15 -7.727101e+03  2.125464e+03
[25,]   25 0.08201988  0.2157127  60596.48  3.691457e+03 -1.420357e+04
[26,]   26 0.07892937  0.6466628  60394.15 -7.727101e+03  2.125464e+03
[27,]   27 0.09026473  0.0000010 431140.63  8.079935e+04 -1.566484e+09
[28,]   28 0.08271757  0.4305529  59934.05 -7.768584e+03  1.370298e+03
[29,]   29 0.46599058  0.0000010 447088.76  2.255001e+04 -1.566587e+09
[30,]   30 0.21127652  0.2861355  60070.55  2.229036e+03 -1.118274e+04
[31,]   31 0.14311255  0.3627078  59636.02 -2.262038e+03 -1.635273e+03
[32,]   32 0.31576117  0.6704786  59724.11 -1.170820e+03  2.809556e+03
[33,]   33 0.21007152  0.4820718  59484.55 -2.044658e+03  1.195471e+03
[34,]   34 0.24450136  0.4773831  59420.37 -1.434170e+03  8.465502e+02
[35,]   35 0.32495624  0.4652582  59341.76 -4.962359e+02 -1.312743e+02
[36,]   36 0.38433275  0.4830102  59318.58 -2.616208e+02  8.835255e-01
[37,]   37 0.44289126  0.4964770  59308.85 -9.605182e+01  6.376674e+01
[38,]   38 0.47037058  0.4999150  59307.35 -2.493672e+01  2.019343e+01
[39,]   39 0.47939622  0.5005126  59307.24 -1.526178e+00 -8.945288e+00
[40,]   40 0.48136713  0.5014399  59307.24 -7.744155e-01  1.000135e+01
[41,]   41 0.48093004  0.5010483  59307.24  3.578654e-02 -7.013929e-02
[42,]   42 0.48091802  0.5010485  59307.24  4.753019e-04 -4.468529e-04

