[22;0t]0;IPython: scripts/01_msprime_simulations$par
[1] 1.000000e-06 2.816893e-05

$value
[1] -101.4908

$counts
function gradient 
      74       74 

$convergence
[1] 52

$message
[1] "ERROR: ABNORMAL_TERMINATION_IN_LNSRCH"

$loginfo
      step  par1         par2         fn       gr1           gr2
 [1,]    1 1e-01 1.000000e-02   343.0655  2218.235    3145.27801
 [2,]    2 1e-06 1.000000e-06   124.7801 54493.413 -235128.39552
 [3,]    3 1e-06 1.000000e+01 24353.5324  2416.088    2323.68423
 [4,]    4 1e-06 3.282036e+00  8257.9151  2415.993    2467.72783
 [5,]    5 1e-06 1.077006e+00  2767.7163  2415.570    2509.76667
 [6,]    6 1e-06 3.535246e-01   950.6330  2414.101    2506.62071
 [7,]    7 1e-06 1.161576e-01   359.4423  2409.463    2454.02048
 [8,]    8 1e-06 3.826323e-02   172.6200  2393.319    2280.47042
 [9,]    9 1e-06 1.268188e-02   118.6328  2311.947    1753.84904
[10,]   10 1e-06 1.258799e-02   118.4684  2310.705    1747.96977
[11,]   11 1e-06 1.221244e-02   117.8165  2305.459    1723.54839
[12,]   12 1e-06 1.071024e-02   115.3098  2278.984    1608.73019
[13,]   13 1e-06 4.701419e-03   108.2653  1833.378     415.47988
[14,]   14 1e-06 2.223985e-03   108.2142  3602.709    1767.82866
[15,]   15 1e-06 1.000000e-06   124.7801 54493.413 -235128.39552
[16,]   16 1e-06 1.403040e-03   106.5661  4604.460    1625.77375
[17,]   17 1e-06 9.600953e-04   105.7209  5843.706    2488.83571
[18,]   18 1e-06 3.879049e-04   103.5887  9264.228    5817.99430
[19,]   19 1e-06 1.000000e-06   124.7801 54493.413 -235128.39552
[20,]   20 1e-06 3.064914e-04   103.0772  9530.473    6982.46072
[21,]   21 1e-06 1.537457e-04   101.8005  7343.889    8462.28644
[22,]   22 1e-06 1.509490e-04   101.7726  7245.884    8275.87693
[23,]   23 1e-06 1.494198e-04   101.7573  7191.505    8156.90542
[24,]   24 1e-06 7.520992e-05   101.0483  5409.666    9614.84578
[25,]   25 1e-06 7.472745e-05   101.0452  5426.114    9600.03343
[26,]   26 1e-06 2.606733e-05   101.5957 21598.617    -757.54531
[27,]   27 1e-06 1.000000e+01 24353.5324  2416.088    2323.68423
[28,]   28 1e-06 6.144864e-01  1605.8723  2415.039    2512.91383
[29,]   29 1e-06 3.848496e-02   173.1258  2393.476    2281.97135
[30,]   30 1e-06 3.236118e-03   108.2622  1306.131    -483.52824
[31,]   31 1e-06 1.811953e-04   102.0664  8187.542    9033.19107
[32,]   32 1e-06 4.738414e-05   101.0442  8757.412    6926.35811
[33,]   33 1e-06 2.816893e-05   101.4908 19379.347     506.64947
[34,]   34 1e-06 2.732667e-05   101.5295 20241.148      32.75765
[35,]   35 1e-06 2.816739e-05   101.4908 19380.885     505.81952
[36,]   36 1e-06 2.816892e-05   101.4908 19379.350     506.64788
[37,]   37 1e-06 2.816893e-05   101.4908 19379.347     506.64946
[38,]   38 1e-06 2.816893e-05   101.4908 19379.347     506.64947
[39,]   39 1e-06 2.816893e-05   101.4908 19379.347     506.64947
[40,]   40 1e-06 2.816893e-05   101.4908 19379.347     506.64947
[41,]   41 1e-06 2.816893e-05   101.4908 19379.347     506.64947
[42,]   42 1e-06 2.816893e-05   101.4908 19379.347     506.64947
[43,]   43 1e-06 2.816893e-05   101.4908 19379.347     506.64947
[44,]   44 1e-06 2.816893e-05   101.4908 19379.347     506.64947
[45,]   45 1e-06 2.816893e-05   101.4908 19379.347     506.64947
[46,]   46 1e-06 2.816893e-05   101.4908 19379.347     506.64947
[47,]   47 1e-06 2.816893e-05   101.4908 19379.347     506.64947
[48,]   48 1e-06 2.816893e-05   101.4908 19379.347     506.64947
[49,]   49 1e-06 2.816893e-05   101.4908 19379.347     506.64947
[50,]   50 1e-06 1.000000e-06   124.7801 54493.413 -235128.39552
[51,]   51 1e-06 2.816598e-05   101.4909 19382.294     505.05874
[52,]   52 1e-06 2.816892e-05   101.4908 19379.353     506.64643
[53,]   53 1e-06 2.816893e-05   101.4908 19379.347     506.64946
[54,]   54 1e-06 2.816893e-05   101.4908 19379.347     506.64947
[55,]   55 1e-06 2.816893e-05   101.4908 19379.347     506.64947
[56,]   56 1e-06 2.816893e-05   101.4908 19379.347     506.64947
[57,]   57 1e-06 2.816893e-05   101.4908 19379.347     506.64947
[58,]   58 1e-06 2.816893e-05   101.4908 19379.347     506.64947
[59,]   59 1e-06 2.816893e-05   101.4908 19379.347     506.64947
[60,]   60 1e-06 2.816893e-05   101.4908 19379.347     506.64947
[61,]   61 1e-06 2.816893e-05   101.4908 19379.347     506.64947
[62,]   62 1e-06 2.816893e-05   101.4908 19379.347     506.64947
[63,]   63 1e-06 2.816893e-05   101.4908 19379.347     506.64947
[64,]   64 1e-06 2.816893e-05   101.4908 19379.347     506.64947
[65,]   65 1e-06 2.816893e-05   101.4908 19379.347     506.64947
[66,]   66 1e-06 2.816893e-05   101.4908 19379.347     506.64947
[67,]   67 1e-06 2.816893e-05   101.4908 19379.347     506.64947

