[22;0t]0;IPython: scripts/01_msprime_simulations$par
[1] 0.001448699 0.217160508

$value
[1] -26200.06

$counts
function gradient 
      38       38 

$convergence
[1] 0

$message
[1] "CONVERGENCE: REL_REDUCTION_OF_F <= FACTR*EPSMCH"

$loginfo
      step         par1        par2        fn           gr1           gr2
 [1,]    1 0.1000000000  0.01000000  34501.67  1.859117e+04 -6.325026e+05
 [2,]    2 0.0000010000 10.00000000  35147.41  2.416047e+03  1.422513e+03
 [3,]    3 0.0666369653  3.34300049  27638.48  2.979309e+03  8.607418e+02
 [4,]    4 0.0509027104  3.33824004  27588.20  2.882023e+03  8.593050e+02
 [5,]    5 0.0000010000  3.32283956  27587.66 -6.906077e+05  7.720301e+02
 [6,]    6 0.0506720977  3.33817027  27587.48  2.880164e+03  8.592847e+02
 [7,]    7 0.0253365489  3.33050492  27511.87  2.482142e+03  8.559983e+02
 [8,]    8 0.0000010000  3.31283802  27579.97 -6.936158e+05  7.665860e+02
 [9,]    9 0.0135521291  3.32228744  27478.71  1.830394e+03  8.470712e+02
[10,]   10 0.0000010000  3.29638904  27567.44 -6.984675e+05  7.571694e+02
[11,]   11 0.0079151569  3.31151428  27461.53  8.909740e+02  8.349892e+02
[12,]   12 0.0000010000  3.25902641  27539.57 -7.097821e+05  7.344007e+02
[13,]   13 0.0045404848  3.28913295  27442.30 -7.608180e+02  8.188460e+02
[14,]   14 0.0000010000  3.15803509  27468.28 -7.527735e+05  6.856923e+02
[15,]   15 0.0021435926  3.21991200  27392.81 -5.242497e+03  7.790869e+02
[16,]   16 0.0003883191  2.37741541  26906.38 -5.112221e+04  4.344941e+02
[17,]   17 0.0185225283  0.00000100 106039.07  7.811992e+04 -3.865459e+08
[18,]   18 0.0065421089  1.57064693  26555.48  1.317668e+03  2.968078e+02
[19,]   19 0.0084699477  0.62465016  26302.36  6.939670e+03  2.930230e+02
[20,]   20 0.0097429149  0.00000100 105277.71  0.000000e+00 -3.865233e+08
[21,]   21 0.0088948315  0.41615826  26283.76  9.843416e+03  9.069374e+01
[22,]   22 0.0086643547  0.01098905  30877.47  6.681474e+04 -4.579778e+05
[23,]   23 0.0088195262  0.28377441  26282.56  1.248262e+04  6.126554e+01
[24,]   24 0.0070880232  0.00000100 105013.34  1.029747e+05 -3.865165e+08
[25,]   25 0.0082425591  0.18921615  26281.23  1.471242e+04 -2.483504e+02
[26,]   26 0.0085516535  0.23987317  26279.40  1.354778e+04  5.254667e+01
[27,]   27 0.0084093991  0.21655930  26279.22  1.398467e+04 -1.657552e+02
[28,]   28 0.0061999406  0.22575242  26247.75  1.336658e+04 -6.227792e+01
[29,]   29 0.0000010000  0.25154501  26371.27 -1.129918e+06  0.000000e+00
[30,]   30 0.0035486164  0.23678407  26215.72  1.032588e+04  1.310599e+02
[31,]   31 0.0000010000  0.19833286  26363.77 -1.146160e+06  4.067064e+02
[32,]   32 0.0022213066  0.22239788  26203.07  6.306546e+03  5.624842e+01
[33,]   33 0.0001424305  0.21138018  26239.26 -2.120169e+05 -3.241849e+02
[34,]   34 0.0014596425  0.21836119  26200.07  1.229201e+02  2.612742e+01
[35,]   35 0.0014516019  0.21340212  26200.13 -5.228956e+01 -2.006942e+01
[36,]   36 0.0014578467  0.21725365  26200.06  1.186758e+02  1.856592e+00
[37,]   37 0.0014426197  0.21716282  26200.06 -7.967614e+01  1.244121e-01
[38,]   38 0.0014486994  0.21716051  26200.06  2.225027e-01  5.545764e-02

