[22;0t]0;IPython: scripts/01_msprime_simulations$par
[1] 0.5845797723 0.0009035814

$value
[1] -724.6175

$counts
function gradient 
      33       33 

$convergence
[1] 0

$message
[1] "CONVERGENCE: REL_REDUCTION_OF_F <= FACTR*EPSMCH"

$loginfo
      step        par1         par2        fn           gr1           gr2
 [1,]    1 0.100000000 0.0100000000  956.0115  1.589266e+03  6.468040e+03
 [2,]    2 0.000001000 0.0000010000 1125.2350  1.120728e+05 -3.754251e+06
 [3,]    3 0.052726161 0.0052730416  844.1500  9.747446e+02  1.652052e+04
 [4,]    4 0.018411101 0.0018418444  747.1841  6.688595e+01  2.698589e+04
 [5,]    5 0.007312389 0.0007320731  728.6720 -2.550380e+01 -1.066747e+04
 [6,]    6 0.010412617 0.0063474919  788.0755  3.149898e+03 -1.157408e+02
 [7,]    7 0.007670462 0.0013806470  735.7006 -1.823607e+01  2.042604e+04
 [8,]    8 0.007375501 0.0008463871  728.2317 -1.085651e+02  1.022489e+03
 [9,]    9 0.009937892 0.0008551812  727.9875 -9.175437e+01  5.881870e+02
[10,]   10 0.025512308 0.0009285841  727.1097 -4.959907e+01  3.866347e+03
[11,]   11 0.037116091 0.0009284360  726.6533 -3.097179e+01  3.177735e+03
[12,]   12 0.055577760 0.0009052447  726.1771 -1.712749e+01  5.950790e+02
[13,]   13 0.079040345 0.0009032392  725.8618 -1.059008e+01  1.859746e+02
[14,]   14 0.127102407 0.0010629968  726.7380 -5.322250e+00  1.406796e+04
[15,]   15 0.086521434 0.0009281062  725.8317 -9.477555e+00  2.611914e+03
[16,]   16 0.123331270 0.0009136788  725.5237 -5.964830e+00  1.137759e+03
[17,]   17 0.185787558 0.0009024266  725.2292 -3.511974e+00 -9.399622e+01
[18,]   18 0.275266687 0.0009033945  724.9873 -2.103420e+00 -3.646964e+01
[19,]   19 0.408882669 0.0009041287  724.7756 -1.194733e+00  8.373700e+00
[20,]   20 0.584579772 0.0009035814  724.6175 -6.756345e-01 -7.312815e+01
[21,]   21 1.086784984 0.0026462017  800.4638  9.641078e-01  6.430132e+04
[22,]   22 0.585591726 0.0009070928  724.6187 -6.739770e-01  3.115000e+02
[23,]   23 0.584684945 0.0009039463  724.6176 -6.754634e-01 -3.301147e+01
[24,]   24 0.584592586 0.0009036258  724.6175 -6.756134e-01 -6.823859e+01
[25,]   25 0.584581362 0.0009035869  724.6175 -6.756321e-01 -7.252144e+01
[26,]   26 0.584579970 0.0009035820  724.6175 -6.756342e-01 -7.305270e+01
[27,]   27 0.584579797 0.0009035814  724.6175 -6.756346e-01 -7.311876e+01
[28,]   28 0.584579775 0.0009035814  724.6175 -6.756343e-01 -7.312698e+01
[29,]   29 0.584579773 0.0009035814  724.6175 -6.756344e-01 -7.312801e+01
[30,]   30 0.584579772 0.0009035814  724.6175 -6.756349e-01 -7.312813e+01
[31,]   31 0.584579772 0.0009035814  724.6175 -6.756348e-01 -7.312812e+01
[32,]   32 0.584579772 0.0009035814  724.6175 -6.756345e-01 -7.312813e+01
[33,]   33 0.584579772 0.0009035814  724.6175 -6.756349e-01 -7.312813e+01

