[22;0t]0;IPython: scripts/01_msprime_simulations$par
[1] 0.000001 3.842703

$value
[1] -30632.99

$counts
function gradient 
      11       11 

$convergence
[1] 0

$message
[1] "CONVERGENCE: REL_REDUCTION_OF_F <= FACTR*EPSMCH"

$loginfo
      step       par1      par2       fn       gr1           gr2
 [1,]    1 0.10000000  0.010000 37898.40 19091.125 -6.927714e+05
 [2,]    2 0.00000100 10.000000 36151.65  2416.087  1.338671e+03
 [3,]    3 0.06666856  3.339844 30854.55  2102.787 -2.999918e+02
 [4,]    4 0.05658449  3.341140 30833.00  2094.999 -3.045392e+02
 [5,]    5 0.01624819  3.346326 30747.95  2030.555 -3.277465e+02
 [6,]    6 0.00000100  3.348414 30713.40  2406.182 -3.415016e+02
 [7,]    7 0.00000100  3.350057 30712.84  2406.240 -3.401950e+02
 [8,]    8 0.00000100  3.777663 30634.27  2413.525 -3.967432e+01
 [9,]    9 0.00000100  3.834115 30633.01  2413.902 -5.158357e+00
[10,]   10 0.00000100  3.842552 30632.99  2413.954 -9.079400e-02
[11,]   11 0.00000100  3.842703 30632.99  2413.954  3.646528e-04

