[22;0t]0;IPython: scripts/01_msprime_simulations$par
[1] 0.0004579362 0.0011260123

$value
[1] -890.666

$counts
function gradient 
      33       33 

$convergence
[1] 0

$message
[1] "CONVERGENCE: REL_REDUCTION_OF_F <= FACTR*EPSMCH"

$loginfo
      step         par1        par2        fn           gr1           gr2
 [1,]    1 0.1000000000 0.010000000 1090.2191  1.492672e+03  8.320772e+03
 [2,]    2 0.0000010000 0.000001000 1460.8570  1.160019e+05 -5.000346e+06
 [3,]    3 0.0574109734 0.005741481  991.2959  1.061922e+03  1.260825e+04
 [4,]    4 0.0195203909 0.001952763  907.6274  2.504733e+02  1.394535e+04
 [5,]    5 0.0014862500 0.000001000 1535.6452  2.074327e+04 -5.169561e+06
 [6,]    6 0.0137443683 0.001327647  900.3850  2.280372e+02  2.356977e+03
 [7,]    7 0.0105238158 0.001093078  900.0123  3.415882e+02 -7.976502e+03
 [8,]    8 0.0105913663 0.001168426  899.6120  3.214001e+02 -3.888899e+03
 [9,]    9 0.0079974808 0.001221990  898.5228  4.406136e+02 -1.028399e+03
[10,]   10 0.0000010000 0.001387116  897.7775 -4.990434e+04  0.000000e+00
[11,]   11 0.0079241543 0.001223504  898.4891  4.453547e+02 -9.557390e+02
[12,]   12 0.0039625772 0.001305310  895.9943  9.576332e+02  2.022322e+03
[13,]   13 0.0013582893 0.001359088  892.4667  1.970595e+03  2.317809e+03
[14,]   14 0.0005486110 0.001375808  891.0952  5.835782e+02  2.544097e+03
[15,]   15 0.0000010000 0.001323197  897.7352 -5.063331e+04  5.828884e+02
[16,]   16 0.0004417803 0.001365544  891.0496 -4.850980e+02  2.549065e+03
[17,]   17 0.0004639170 0.000962094  890.9482  5.619528e+02 -4.131216e+03
[18,]   18 0.0004502426 0.001211314  890.7297 -2.338154e+02  1.240806e+03
[19,]   19 0.0004578178 0.001064979  890.6960  1.528753e+02 -1.257825e+03
[20,]   20 0.0004540109 0.001138519  890.6681 -6.285659e+01  1.870199e+02
[21,]   21 0.0004579362 0.001126012  890.6660  1.153005e+01 -3.635969e+01
[22,]   22 0.0004573544 0.001128057  890.6662  9.729947e-02  8.467885e-01
[23,]   23 0.0004578920 0.001126167  890.6660  1.066206e+01 -3.352502e+01
[24,]   24 0.0004579326 0.001126025  890.6660  1.145894e+01 -3.612741e+01
[25,]   25 0.0004579359 0.001126013  890.6660  1.152419e+01 -3.634055e+01
[26,]   26 0.0004579362 0.001126012  890.6660  1.152957e+01 -3.635811e+01
[27,]   27 0.0004579362 0.001126012  890.6660  1.153001e+01 -3.635956e+01
[28,]   28 0.0004579362 0.001126012  890.6660  1.153005e+01 -3.635968e+01
[29,]   29 0.0004579362 0.001126012  890.6660  1.153005e+01 -3.635969e+01
[30,]   30 0.0004579362 0.001126012  890.6660  1.153005e+01 -3.635969e+01
[31,]   31 0.0004579362 0.001126012  890.6660  1.153005e+01 -3.635969e+01
[32,]   32 0.0004579362 0.001126012  890.6660  1.153005e+01 -3.635969e+01

