[22;0t]0;IPython: scripts/01_msprime_simulations$par
[1] 0.0007430905 0.0930414252

$value
[1] -29718.85

$counts
function gradient 
      59       59 

$convergence
[1] 0

$message
[1] "CONVERGENCE: REL_REDUCTION_OF_F <= FACTR*EPSMCH"

$loginfo
      step         par1        par2        fn           gr1           gr2
 [1,]    1 0.1000000000  0.01000000  41052.07  2.430178e+04 -8.032975e+05
 [2,]    2 0.0000010000 10.00000000  37507.81  2.415955e+03  1.225446e+03
 [3,]    3 0.0666626471  3.34043486  31354.13  3.401161e+03  8.771785e+02
 [4,]    4 0.0525293358  3.33657576  31303.21  3.315249e+03  8.906216e+02
 [5,]    5 0.0000010000  3.32223287  31316.84 -8.767495e+05  9.472808e+02
 [6,]    6 0.0228037797  3.32845918  31202.98  2.794533e+03  9.357605e+02
 [7,]    7 0.0000010000  3.31410808  31309.15 -8.771328e+05  9.471226e+02
 [8,]    8 0.0128518910  3.32219589  31172.01  2.098720e+03  9.592644e+02
 [9,]    9 0.0000010000  3.30017527  31295.96 -8.778270e+05  9.457746e+02
[10,]   10 0.0077230893  3.31340744  31155.13  9.791717e+02  9.680058e+02
[11,]   11 0.0000010000  3.27100742  31268.48 -8.794973e+05  9.370838e+02
[12,]   12 0.0046192805  3.29636522  31138.11 -9.899648e+02  9.674258e+02
[13,]   13 0.0000010000  3.20005183  31203.36 -8.867068e+05  8.977986e+02
[14,]   14 0.0024498376  3.25112189  31100.58 -5.513822e+03  9.559598e+02
[15,]   15 0.0000010000  2.93288168  30951.27 -8.547770e+05  1.012544e+03
[16,]   16 0.0021045246  3.20624652  31059.93 -7.369700e+03  9.557224e+02
[17,]   17 0.0010527623  3.06956410  30942.00 -1.901009e+04  9.396054e+02
[18,]   18 0.0000010000  0.28593953  29900.42 -1.134116e+06  1.009999e+03
[19,]   19 0.0008656559  0.00000100 127070.15  1.219641e+05 -4.710085e+08
[20,]   20 0.0002917973  0.18977395  29744.54 -8.499351e+04  1.588475e+02
[21,]   21 0.0001677415  0.00000100 126984.19  1.243006e+05 -4.710080e+08
[22,]   22 0.0002504842  0.12657571  29737.87 -9.729431e+04  6.140598e+02
[23,]   23 0.0002091128  0.06328835  29779.02 -1.038506e+05 -7.382726e+03
[24,]   24 0.0002337408  0.10096275  29740.67 -1.039248e+05  7.058756e+02
[25,]   25 0.0002478229  0.12250465  29735.35 -9.344766e+04  7.031534e+02
[26,]   26 0.0002458495  0.11948582  29733.83 -9.260489e+04  3.714654e+02
[27,]   27 0.0002397951  0.11022428  29737.47 -9.827324e+04 -1.313665e+03
[28,]   28 0.0002443125  0.11713463  29733.41 -9.352165e+04  1.168560e+02
[29,]   29 0.0014084101  0.00000100 127135.81  1.199637e+05 -4.710094e+08
[30,]   30 0.0006320230  0.07812249  29746.02 -1.016737e+04 -2.186183e+03
[31,]   31 0.0004009657  0.10137189  29730.64 -4.033450e+04  7.483712e+02
[32,]   32 0.0004662512  0.09480275  29722.51 -2.808139e+04  6.086496e+02
[33,]   33 0.0012028677  0.00000100 127111.07  1.207315e+05 -4.710090e+08
[34,]   34 0.0007114002  0.06325234  29768.98  9.987119e+03 -7.243425e+03
[35,]   35 0.0005397376  0.08534513  29726.46 -1.170486e+04 -2.161262e+03
[36,]   36 0.0004926204  0.09140906  29721.50 -2.276674e+04 -3.181698e+02
[37,]   37 0.0005502257  0.09225667  29720.22 -1.590349e+04 -1.721886e+02
[38,]   38 0.0006773944  0.09355331  29719.02 -4.651676e+03  1.738518e+02
[39,]   39 0.0007249875  0.09306382  29718.85 -1.269418e+03  9.195151e+00
[40,]   40 0.0007430905  0.09304143  29718.85 -1.430273e+02 -2.166075e+00
[41,]   41 0.0007454331  0.09305005  29718.85 -4.401538e+00 -8.776806e-02
[42,]   42 0.0007432991  0.09304219  29718.85 -1.306480e+02 -1.981153e+00
[43,]   43 0.0007431108  0.09304150  29718.85 -1.418251e+02 -2.148126e+00
[44,]   44 0.0007430925  0.09304143  29718.85 -1.429096e+02 -2.164319e+00
[45,]   45 0.0007430907  0.09304143  29718.85 -1.430157e+02 -2.165904e+00
[46,]   46 0.0007430906  0.09304143  29718.85 -1.430261e+02 -2.166060e+00
[47,]   47 0.0007430906  0.09304143  29718.85 -1.430271e+02 -2.166075e+00
[48,]   48 0.0007430906  0.09304143  29718.85 -1.430272e+02 -2.166076e+00
[49,]   49 0.0007430905  0.09304143  29718.85 -1.430273e+02 -2.166075e+00
[50,]   50 0.0007430905  0.09304143  29718.85 -1.430273e+02 -2.166075e+00
[51,]   51 0.0007430905  0.09304143  29718.85 -1.430273e+02 -2.166078e+00
[52,]   52 0.0007430905  0.09304143  29718.85 -1.430273e+02 -2.166075e+00
[53,]   53 0.0007430905  0.09304143  29718.85 -1.430273e+02 -2.166075e+00
[54,]   54 0.0007430905  0.09304143  29718.85 -1.430273e+02 -2.166075e+00
[55,]   55 0.0007430905  0.09304143  29718.85 -1.430273e+02 -2.166075e+00
[56,]   56 0.0007430905  0.09304143  29718.85 -1.430273e+02 -2.166075e+00
[57,]   57 0.0007430905  0.09304143  29718.85 -1.430273e+02 -2.166075e+00

