[22;0t]0;IPython: scripts/01_msprime_simulations$par
[1] 0.009356757 0.009337099

$value
[1] -3820.697

$counts
function gradient 
      30       30 

$convergence
[1] 0

$message
[1] "CONVERGENCE: REL_REDUCTION_OF_F <= FACTR*EPSMCH"

$loginfo
      step        par1         par2        fn           gr1           gr2
 [1,]    1 0.100000000  0.010000000  3909.763  9.244751e+02 -4.453780e+03
 [2,]    2 0.000001000 10.000000000 25239.164  2.416099e+03  2.249744e+03
 [3,]    3 0.079991206  2.008898543  7324.483  2.413305e+03  2.146043e+03
 [4,]    4 0.095536003  0.455957798  4485.524  2.348768e+03  1.128029e+03
 [5,]    5 0.098965557  0.113341875  4258.133  2.608490e+03  5.634743e+02
 [6,]    6 0.099858494  0.024136623  3995.518  1.115268e+03  8.667717e+03
 [7,]    7 0.099981310  0.011867173  3907.300  9.100713e+02  1.325800e+03
 [8,]    8 0.099690469  0.011441073  3906.692  9.122989e+02  2.613796e+02
 [9,]    9 0.098941982  0.011085598  3906.087  9.156906e+02 -7.235039e+02
[10,]   10 0.096796005  0.010643441  3904.727  9.233513e+02 -2.077781e+03
[11,]   11 0.089023314  0.009814710  3900.343  9.530198e+02 -5.029002e+03
[12,]   12 0.065981852  0.008485280  3887.419  1.087769e+03 -1.086220e+04
[13,]   13 0.000001000  0.006216138  3937.188 -4.204940e+05  2.780093e+03
[14,]   14 0.036014755  0.007454684  3863.799  1.431343e+03 -1.491627e+04
[15,]   15 0.012136415  0.006633486  3837.152  1.687572e+03 -1.336910e+04
[16,]   16 0.004217520  0.006361148  3832.368 -9.765856e+02 -7.248800e+03
[17,]   17 0.008173872  0.006497211  3832.825  1.237555e+03 -1.118723e+04
[18,]   18 0.004217520  0.006361148  3832.368 -9.765856e+02 -7.248800e+03
[19,]   19 0.044701403  0.008535699  3862.482  1.213984e+03 -8.936209e+03
[20,]   20 0.011831374  0.006770119  3834.917  1.571502e+03 -1.209528e+04
[21,]   21 0.006455775  0.006481374  3831.313  6.507614e+02 -9.472311e+03
[22,]   22 0.007347309  0.007276778  3825.726  2.939474e+02 -5.789493e+03
[23,]   23 0.009272464  0.008642539  3821.248  1.880089e+02 -1.699082e+03
[24,]   24 0.009778012  0.009134458  3820.786  1.567096e+02 -5.671612e+02
[25,]   25 0.009762456  0.009310518  3820.721  1.068671e+02 -1.589749e+02
[26,]   26 0.009584900  0.009361479  3820.703  5.162064e+01 -4.468754e+00
[27,]   27 0.009399502  0.009355982  3820.697  6.369429e+00  2.940253e+01
[28,]   28 0.009351428  0.009331392  3820.697  4.136213e-02 -1.080807e+01
[29,]   29 0.009356858  0.009337097  3820.697  2.766220e-02 -2.973847e-02
[30,]   30 0.009356757  0.009337099  3820.697  1.023047e-03 -9.956261e-04

