[22;0t]0;IPython: scripts/01_msprime_simulations$par
[1] 0.006076638 0.130589756

$value
[1] -25757.7

$counts
function gradient 
      26       26 

$convergence
[1] 0

$message
[1] "CONVERGENCE: REL_REDUCTION_OF_F <= FACTR*EPSMCH"

$loginfo
      step        par1        par2        fn           gr1           gr2
 [1,]    1 0.100000000  0.01000000  35508.18  2.007719e+04 -6.888436e+05
 [2,]    2 0.000001000 10.00000000  35671.28 -2.632921e+05  1.401061e+03
 [3,]    3 0.066570807  3.34960973  27968.41  2.303871e+03  9.424390e+02
 [4,]    4 0.055352812  3.34486950  27939.01  2.125515e+03  9.517534e+02
 [5,]    5 0.010480832  3.32590859  27878.80 -2.773362e+03  9.645602e+02
 [6,]    6 0.036637099  3.33064724  27890.08  1.563825e+03  9.643976e+02
 [7,]    7 0.019218733  3.32749161  27870.55 -1.080789e+01  9.692948e+02
 [8,]    8 0.018707668  3.32155057  27864.82 -1.021752e+02  9.692626e+02
 [9,]    9 0.016663411  3.29778642  27842.42 -5.255580e+02  9.679415e+02
[10,]   10 0.008486382  3.20272982  27767.58 -4.269563e+03  9.462806e+02
[11,]   11 0.000001000  2.80443774  27883.67 -2.265241e+06  7.099113e+02
[12,]   12 0.004106279  2.99713387  27609.89 -1.186145e+04  8.768002e+02
[13,]   13 0.007909744  0.73480170  26120.40 -4.095375e+03  7.163449e+02
[14,]   14 0.010025515  0.00000100 110541.32  8.568783e+04 -4.063958e+08
[15,]   15 0.008618132  0.48878062  25964.32 -1.919060e+03  5.018771e+02
[16,]   16 0.008564031  0.00000100 110413.94  8.866082e+04 -4.063918e+08
[17,]   17 0.008600067  0.32556968  25870.40 -1.884942e+02  6.924743e+02
[18,]   18 0.008582049  0.16278534  25771.96  2.601878e+03  4.837322e+02
[19,]   19 0.008570157  0.05534768  26162.44  1.673387e+04 -1.965972e+04
[20,]   20 0.008578934  0.13464042  25763.30  3.942905e+03 -2.748756e+01
[21,]   21 0.006273944  0.12721288  25758.02  7.451460e+02 -1.472746e+02
[22,]   22 0.002418782  0.22492141  25852.56 -2.873612e+04  8.425349e+02
[23,]   23 0.006004875  0.13403241  25757.93 -4.412460e+02  1.191460e+02
[24,]   24 0.006069220  0.13082355  25757.70 -3.658832e+01  8.896675e+00
[25,]   25 0.006076885  0.13057138  25757.70  2.249187e+00 -6.664199e-01
[26,]   26 0.006076638  0.13058976  25757.70  2.134579e-01  1.032027e-02

