[22;0t]0;IPython: scripts/01_msprime_simulations$par
[1] 0.09107734 0.10333583

$value
[1] -29253.97

$counts
function gradient 
      38       38 

$convergence
[1] 0

$message
[1] "CONVERGENCE: REL_REDUCTION_OF_F <= FACTR*EPSMCH"

$loginfo
      step        par1       par2       fn           gr1           gr2
 [1,]    1 0.100000000 0.01000000 38022.91  2.016332e+04 -7.173187e+05
 [2,]    2 0.000010000 1.00000000 30894.37 -1.243329e+06  1.926985e+02
 [3,]    3 0.282195689 1.00000000 31095.05  3.635697e+03  6.172807e+01
 [4,]    4 0.094101808 1.00000000 30410.24  3.190705e+03  3.194012e+02
 [5,]    5 0.093861005 0.99957184 30409.34  3.187525e+03  3.200169e+02
 [6,]    6 0.092897795 0.99785921 30405.72  3.174489e+03  3.225421e+02
 [7,]    7 0.089044956 0.99100869 30391.36  3.116962e+03  3.321643e+02
 [8,]    8 0.073633597 0.96360662 30336.15  2.776844e+03  3.611752e+02
 [9,]    9 0.011988164 0.85399832 30289.98 -8.045448e+03  3.540177e+02
[10,]   10 0.054181155 0.92901932 30276.39  1.951471e+03  3.749565e+02
[11,]   11 0.000010000 0.84710662 30818.48 -1.102827e+06  7.668267e+02
[12,]   12 0.033578780 0.89786628 30242.12 -5.916182e+01  3.620298e+02
[13,]   13 0.028687586 0.88045599 30238.24 -9.430445e+02  3.534154e+02
[14,]   14 0.027201859 0.85407668 30230.57 -1.279867e+03  3.567525e+02
[15,]   15 0.021258950 0.74855942 30195.95 -2.733615e+03  5.311244e+02
[16,]   16 0.000010000 0.37128105 30713.44 -1.377236e+06  0.000000e+00
[17,]   17 0.013169211 0.60492486 30156.86 -7.799836e+03  5.487108e+02
[18,]   18 0.000010000 0.03946825 30588.14 -2.077210e+06 -6.489675e+03
[19,]   19 0.007784139 0.37352615 30056.72 -1.922642e+04  9.539767e+02
[20,]   20 0.002774100 0.15824274 29970.14 -7.356565e+04  1.689332e+03
[21,]   21 0.002902088 0.00001000 94826.69  1.172384e+05 -2.232958e+08
[22,]   22 0.002816820 0.10542771 29868.91 -7.836529e+04  1.886828e+03
[23,]   23 0.002859454 0.05271885 29815.26 -6.839427e+04 -1.956113e+03
[24,]   24 0.002838411 0.07873506 29823.59 -7.870741e+04  1.323824e+03
[25,]   25 0.088493970 0.00001000 99855.00  3.017957e+04 -2.234263e+08
[26,]   26 0.033179790 0.05084864 29617.16  4.358905e+03 -2.299993e+04
[27,]   27 0.288512645 1.00000000 31117.97  3.623145e+03  5.695086e+01
[28,]   28 0.109168286 0.33332143 29990.40  2.484243e+03  2.174141e+03
[29,]   29 0.057204166 0.14015469 29366.87 -1.716512e+03  3.306459e+03
[30,]   30 0.056112091 0.13024518 29337.22 -1.867421e+03  3.049418e+03
[31,]   31 0.051743791 0.09060712 29281.02 -1.364295e+03 -9.791764e+02
[32,]   32 0.064790380 0.10473819 29266.35 -1.030628e+03  9.917892e+02
[33,]   33 0.072409052 0.10315980 29258.99 -6.026088e+02  5.245765e+02
[34,]   34 0.083586663 0.10180103 29254.58 -1.540557e+02 -7.196384e+01
[35,]   35 0.088786070 0.10298791 29254.03 -4.649196e+01 -8.923207e-01
[36,]   36 0.090827414 0.10331455 29253.97 -5.378423e+00  3.064158e+00
[37,]   37 0.091068164 0.10333482 29253.97 -1.930541e-01  9.312120e-02
[38,]   38 0.091077338 0.10333583 29253.97 -2.891065e-03  2.519522e-02

