[22;0t]0;IPython: scripts/01_msprime_simulations$par
[1] 0.000001000 0.003130903

$value
[1] -89.45733

$counts
function gradient 
      17       17 

$convergence
[1] 0

$message
[1] "CONVERGENCE: REL_REDUCTION_OF_F <= FACTR*EPSMCH"

$loginfo
      step  par1         par2          fn        gr1           gr2
 [1,]    1 1e-01  0.010000000   325.99854  2226.9829  3.237748e+03
 [2,]    2 1e-06  0.000001000    99.89491 44217.1183 -1.712999e+05
 [3,]    3 1e-06 10.000000000 24350.95418  2416.0878  2.323899e+03
 [4,]    4 1e-06  3.263301903  8206.75632  2415.9924  2.468749e+03
 [5,]    5 1e-06  1.064640817  2729.48000  2415.5618  2.511825e+03
 [6,]    6 1e-06  0.347435517   925.91872  2414.0617  2.512032e+03
 [7,]    7 1e-06  0.113502344   341.23494  2409.2203  2.469702e+03
 [8,]    8 1e-06  0.037182056   156.23138  2391.0544  2.326701e+03
 [9,]    9 1e-06  0.012261500   101.75484  2283.7526  1.889961e+03
[10,]   10 1e-06  0.004103155    89.76896  1348.4155  5.931301e+02
[11,]   11 1e-06  0.004089000    89.76061  1340.9189  5.863893e+02
[12,]   12 1e-06  0.004032381    89.72816  1310.1095  5.589575e+02
[13,]   13 1e-06  0.003805904    89.61455  1172.2631  4.411981e+02
[14,]   14 1e-06  0.002942712    89.47077   323.7296 -1.430770e+02
[15,]   15 1e-06  0.003154090    89.45754   592.2888  1.739175e+01
[16,]   16 1e-06  0.003131181    89.45733   565.3384  2.087775e-01
[17,]   17 1e-06  0.003130903    89.45733   565.0077 -6.441493e-04

