[22;0t]0;IPython: scripts/01_msprime_simulations$par
[1] 0.0162776075 0.0004940799

$value
[1] -424.5171

$counts
function gradient 
      28       28 

$convergence
[1] 0

$message
[1] "CONVERGENCE: REL_REDUCTION_OF_F <= FACTR*EPSMCH"

$loginfo
      step        par1         par2       fn           gr1           gr2
 [1,]    1 0.100000000 0.0100000000 642.8033  1.940262e+03  3.562891e+03
 [2,]    2 0.000001000 0.0000010000 615.5894  1.015309e+05 -1.862152e+06
 [3,]    3 0.097359258 0.0097359495 636.7455  1.929808e+03  3.616623e+03
 [4,]    4 0.048680129 0.0048684748 527.9950  1.562932e+03  6.103261e+03
 [5,]    5 0.017170952 0.0017178407 456.0101  5.604016e+02  2.273366e+04
 [6,]    6 0.007465626 0.0007473954 428.5135 -5.182805e+01  2.164537e+04
 [7,]    7 0.005718723 0.0000010000 669.6564  1.017727e+03 -2.127906e+06
 [8,]    8 0.006985399 0.0005422101 425.0875 -9.395636e+01  8.259490e+03
 [9,]    9 0.051381206 0.0002792520 430.9818  1.455318e+01 -8.046289e+04
[10,]   10 0.019595891 0.0004675177 424.5591  8.395825e+00 -5.237447e+03
[11,]   11 0.020027742 0.0005076212 424.5618  6.149675e+00  1.997252e+03
[12,]   12 0.019766084 0.0004833225 424.5272  7.264961e+00 -2.207994e+03
[13,]   13 0.018834839 0.0004940860 424.5243  5.242196e+00 -2.132089e+02
[14,]   14 0.017598551 0.0004964300 424.5226  2.841296e+00  2.822774e+02
[15,]   15 0.016283915 0.0004958138 424.5198 -2.644740e-01  2.951777e+02
[16,]   16 0.015907321 0.0003922963 425.3762  1.721873e+01 -2.320395e+04
[17,]   17 0.016270676 0.0004921746 424.5147  6.475397e-02 -3.235414e+02
[18,]   18 0.016277607 0.0004940799 424.5171 -1.101158e-01  1.868384e+00
[19,]   19 0.016323880 0.0004940956 424.5171  1.451184e-02 -1.239339e-01
[20,]   20 0.016279345 0.0004940805 424.5171 -1.054136e-01  1.792971e+00
[21,]   21 0.016277676 0.0004940799 424.5171 -1.099314e-01  1.865425e+00
[22,]   22 0.016277610 0.0004940799 424.5171 -1.101086e-01  1.868268e+00
[23,]   23 0.016277608 0.0004940799 424.5171 -1.101156e-01  1.868380e+00
[24,]   24 0.016277607 0.0004940799 424.5171 -1.101158e-01  1.868384e+00
[25,]   25 0.016277607 0.0004940799 424.5171 -1.101158e-01  1.868384e+00
[26,]   26 0.016277607 0.0004940799 424.5171 -1.101158e-01  1.868384e+00
[27,]   27 0.016277607 0.0004940799 424.5171 -1.101158e-01  1.868384e+00

