[22;0t]0;IPython: scripts/01_msprime_simulations$par
[1] 0.0025523031 0.0002790998

$value
[1] -254.5743

$counts
function gradient 
      61       61 

$convergence
[1] 52

$message
[1] "ERROR: ABNORMAL_TERMINATION_IN_LNSRCH"

$loginfo
      step        par1         par2         fn        gr1          gr2
 [1,]    1 0.100000000 1.000000e-02   484.5327  2109.2183    2898.2105
 [2,]    2 0.000001000 1.000000e-06   348.5653 87855.8303 -918526.4261
 [3,]    3 0.062442784 6.244616e-03   395.5245  1960.1602    3782.2234
 [4,]    4 0.019377459 1.938472e-03   294.6397  1301.3526   11206.7521
 [5,]    5 0.012056880 1.206480e-03   276.2447   889.3284   17828.6795
 [6,]    6 0.011170625 1.117862e-03   273.8576   812.7551   19060.9752
 [7,]    7 0.010422605 1.043067e-03   271.8116   743.0797   20062.8123
 [8,]    8 0.005211802 5.220333e-04   258.1067   134.2124   19973.6208
 [9,]    9 0.000001000 1.000000e-06   348.5653 87855.8303 -918526.4261
[10,]   10 0.005103618 5.112159e-04   257.8726   123.0763   19648.1378
[11,]   11 0.002552309 2.561079e-04   254.6293   173.7226  -11265.1691
[12,]   12 0.000001000 1.000000e+01 24376.7368  2416.0878    2321.7469
[13,]   13 0.001905218 2.536500e+00  6465.9217  2415.8871    2475.9008
[14,]   14 0.002388059 6.440274e-01  1759.7907  2414.9576    2484.9182
[15,]   15 0.002509985 1.661439e-01   587.2315  2410.0841    2370.4563
[16,]   16 0.002540945 4.479738e-02   315.6607  2371.8026    1920.9090
[17,]   17 0.002549023 1.313595e-02   268.8525  2184.3987     507.5688
[18,]   18 0.002551374 3.919276e-03   269.0873  2691.4538    -296.4796
[19,]   19 0.002552127 9.676040e-04   263.7384  1440.4925    9759.2368
[20,]   20 0.002552287 3.428062e-04   254.9430   108.6200    7946.9296
[21,]   21 0.002552303 2.790998e-04   254.5743   141.5876   -4107.2189
[22,]   22 0.002551904 2.922908e-04   254.5962   128.3522    -818.5811
[23,]   23 0.002552234 2.813819e-04   254.5755   139.0376   -3500.4022
[24,]   24 0.002552290 2.795295e-04   254.5744   141.0989   -3991.6651
[25,]   25 0.002552301 2.791820e-04   254.5743   141.4938   -4085.0738
[26,]   26 0.002552303 2.791155e-04   254.5743   141.5696   -4102.9697
[27,]   27 0.002552303 2.791028e-04   254.5743   141.5841   -4106.4034
[28,]   28 0.002552303 2.791003e-04   254.5743   141.5869   -4107.0624
[29,]   29 0.002552303 2.790999e-04   254.5743   141.5874   -4107.1889
[30,]   30 0.002552303 2.790998e-04   254.5743   141.5875   -4107.2132
[31,]   31 0.002552303 2.790998e-04   254.5743   141.5876   -4107.2178
[32,]   32 0.002552303 2.790998e-04   254.5743   141.5876   -4107.2187
[33,]   33 0.002552303 2.790998e-04   254.5743   141.5876   -4107.2189
[34,]   34 0.002552303 2.790998e-04   254.5743   141.5876   -4107.2189
[35,]   35 0.002552303 2.790998e-04   254.5743   141.5876   -4107.2189
[36,]   36 0.002552303 2.790998e-04   254.5743   141.5876   -4107.2189
[37,]   37 0.002552303 2.790998e-04   254.5743   141.5876   -4107.2189
[38,]   38 0.002552303 2.790998e-04   254.5743   141.5876   -4107.2189
[39,]   39 0.002552303 2.790998e-04   254.5743   141.5876   -4107.2189
[40,]   40 0.002552303 2.790998e-04   254.5743   141.5876   -4107.2189
[41,]   41 0.002552303 2.790998e-04   254.5743   141.5876   -4107.2189
[42,]   42 0.000001000 1.000000e+01 24376.7368  2416.0878    2321.7469
[43,]   43 0.002090005 1.812236e+00  4668.8407  2415.7738    2487.3462
[44,]   44 0.002467989 3.307466e-01   985.4677  2413.5791    2450.6210
[45,]   45 0.002536028 6.406875e-02   354.6577  2391.3189    2105.7187
[46,]   46 0.002548618 1.472123e-02   269.8211  2208.5196     709.5298
[47,]   47 0.002551436 3.677157e-03   269.1594  2704.5148    -292.4226
[48,]   48 0.002552211 6.404258e-04   259.5950   637.4269   15633.4640
[49,]   49 0.002552297 3.017661e-04   254.6322   120.9779    1243.9370
[50,]   50 0.002552302 2.827630e-04   254.5768   137.5394   -3141.3094
[51,]   51 0.002552303 2.797810e-04   254.5745   140.8132   -3924.3559
[52,]   52 0.002552303 2.792296e-04   254.5743   141.4392   -4072.2524
[53,]   53 0.002552303 2.791246e-04   254.5743   141.5591   -4100.5197
[54,]   54 0.002552303 2.791045e-04   254.5743   141.5821   -4105.9350
[55,]   55 0.002552303 2.791007e-04   254.5743   141.5865   -4106.9728
[56,]   56 0.002552303 2.790999e-04   254.5743   141.5874   -4107.1718
[57,]   57 0.002552303 2.790998e-04   254.5743   141.5875   -4107.2099
[58,]   58 0.002552303 2.790998e-04   254.5743   141.5876   -4107.2172
[59,]   59 0.002552303 2.790998e-04   254.5743   141.5876   -4107.2186
[60,]   60 0.002552303 2.790998e-04   254.5743   141.5876   -4107.2189
[61,]   61 0.002552303 2.790998e-04   254.5743   141.5876   -4107.2189

