[22;0t]0;IPython: scripts/01_msprime_simulations$par
[1] 0.000001000 0.003537969

$value
[1] -98.83422

$counts
function gradient 
      17       17 

$convergence
[1] 0

$message
[1] "CONVERGENCE: REL_REDUCTION_OF_F <= FACTR*EPSMCH"

$loginfo
      step  par1         par2          fn       gr1           gr2
 [1,]    1 1e-01  0.010000000   338.29403  2234.381  3.096098e+03
 [2,]    2 1e-06  0.000001000   118.33354 46584.531 -2.126572e+05
 [3,]    3 1e-06 10.000000000 24352.24331  2416.099  2.323792e+03
 [4,]    4 1e-06  3.276706623  8242.30527  2416.074  2.468153e+03
 [5,]    5 1e-06  1.073487836  2755.29362  2415.986  2.510753e+03
 [6,]    6 1e-06  0.351796740   941.58835  2415.704  2.509371e+03
 [7,]    7 1e-06  0.115412467   351.78366  2414.813  2.462154e+03
 [8,]    8 1e-06  0.037970399   165.00996  2411.338  2.304806e+03
 [9,]    9 1e-06  0.012580405   110.40776  2391.137  1.826979e+03
[10,]   10 1e-06  0.012473253   110.21232  2390.760  1.820836e+03
[11,]   11 1e-06  0.012044647   109.43733  2389.150  1.795168e+03
[12,]   12 1e-06  0.010330223   106.46045  2380.501  1.671188e+03
[13,]   13 1e-06  0.003472524    98.83577  2050.332 -4.809866e+01
[14,]   14 1e-06  0.003706156    98.84403  2103.368  1.142643e+02
[15,]   15 1e-06  0.003537779    98.83422  2066.385 -7.182125e-01
[16,]   16 1e-06  0.003538769    98.83422  2066.621 -1.246991e-02
[17,]   17 1e-06  0.003537969    98.83422  2066.430 -5.832482e-01

