[22;0t]0;IPython: scripts/01_msprime_simulations$par
[1] 0.0006472382 0.7650725065

$value
[1] -23001.01

$counts
function gradient 
      43       43 

$convergence
[1] 0

$message
[1] "CONVERGENCE: REL_REDUCTION_OF_F <= FACTR*EPSMCH"

$loginfo
      step         par1       par2       fn           gr1           gr2
 [1,]    1 0.1000000000  0.0100000 29095.74  1.483040e+04 -4.954132e+05
 [2,]    2 0.0000010000 10.0000000 33238.21  2.416088e+03  1.581910e+03
 [3,]    3 0.0666703912  3.3396612 25297.27  2.300884e+03  6.512570e+02
 [4,]    4 0.0511705812  3.3350530 25259.19  2.216348e+03  6.573749e+02
 [5,]    5 0.0000010000  3.3198398 25198.78 -1.085327e+05  3.431614e+02
 [6,]    6 0.0500571966  3.3347220 25256.51  2.208216e+03  6.577752e+02
 [7,]    7 0.0250290983  3.3272809 25199.81  1.857782e+03  6.660179e+02
 [8,]    8 0.0000010000  3.3106449 25195.59 -1.346169e+05  3.538182e+02
 [9,]    9 0.0246078537  3.3270009 25198.84  1.846753e+03  6.662938e+02
[10,]   10 0.0123044269  3.3188229 25173.49  1.273281e+03  6.800103e+02
[11,]   11 0.0000010000  3.2961297 25190.09 -1.765904e+05  4.117240e+02
[12,]   12 0.0062449289  3.3076464 25160.09  4.346709e+02  7.173190e+02
[13,]   13 0.0000010000  3.2592349 25169.59 -2.562851e+05  7.652880e+02
[14,]   14 0.0029440434  3.2820534 25140.99 -9.901545e+02  7.958316e+02
[15,]   15 0.0000010000  3.2181171 25136.29 -2.831001e+05  8.395515e+02
[16,]   16 0.0027734344  3.2783470 25138.21 -1.157225e+03  8.026514e+02
[17,]   17 0.0013872172  3.2482321 25116.65 -4.302704e+03  8.470788e+02
[18,]   18 0.0000010000  3.1207841 25052.67 -3.181328e+05  9.199553e+02
[19,]   19 0.0010551297  3.2177001 25091.63 -5.419220e+03  8.938373e+02
[20,]   20 0.0005280648  3.1692421 25052.10 -1.240224e+04  8.989138e+02
[21,]   21 0.0002066379  3.1396903 25032.21 -3.921914e+04  8.897181e+02
[22,]   22 0.0000010000  2.4207132 24391.39 -4.469111e+05  1.041499e+03
[23,]   23 0.0104385834  1.2451622 23225.79  5.277326e+03  6.650736e+02
[24,]   24 0.0097453041  0.0000010 86827.78  8.807886e+04 -3.181787e+08
[25,]   25 0.0102052901  0.8261568 23076.40  7.042581e+03  3.095747e+02
[26,]   26 0.0097889460  0.4545907 23134.60  1.109387e+04 -6.090057e+02
[27,]   27 0.0100708847  0.7062068 23069.60  7.207923e+03 -2.356197e+02
[28,]   28 0.0099232066  0.7562245 23059.70  7.427908e+03 -2.474744e+01
[29,]   29 0.0089347518  0.7683276 23052.73  7.407070e+03  8.738386e+01
[30,]   30 0.0000010000  0.7954189 23030.33 -1.970466e+05  3.687957e+02
[31,]   31 0.0086239706  0.7692700 23050.52  7.386074e+03  9.579581e+01
[32,]   32 0.0043124853  0.7823445 23021.80  6.725504e+03  2.148845e+02
[33,]   33 0.0000010000  0.7601992 23024.08 -1.839339e+05 -2.079573e+01
[34,]   34 0.0018855506  0.7698789 23005.26  4.968668e+03  7.118476e+01
[35,]   35 0.0000010000  0.7660774 23024.16 -1.855721e+05  4.674964e+01
[36,]   36 0.0011414686  0.7683780 23002.03  3.217452e+03  4.410806e+01
[37,]   37 0.0000010000  0.7655993 23024.14 -1.854296e+05  4.128177e+01
[38,]   38 0.0007721705  0.7674782 23001.12  1.214876e+03  2.766364e+01
[39,]   39 0.0005691627  0.7634036 23001.05 -1.029224e+03 -1.936006e+01
[40,]   40 0.0006669052  0.7648599 23001.01  2.062291e+02 -2.125292e+00
[41,]   41 0.0006524863  0.7649035 23001.01  5.121671e+01 -1.913776e+00
[42,]   42 0.0006473371  0.7650158 23001.01 -4.212199e+00 -8.030242e-01
[43,]   43 0.0006472382  0.7650725 23001.01 -4.360355e+00 -1.985231e-01

