[22;0t]0;IPython: scripts/01_msprime_simulations$par
[1] 2.2686714629 0.0003974998

$value
[1] -348.1463

$counts
function gradient 
      44       44 

$convergence
[1] 0

$message
[1] "CONVERGENCE: REL_REDUCTION_OF_F <= FACTR*EPSMCH"

$loginfo
      step        par1         par2       fn           gr1           gr2
 [1,]    1 0.100000000 0.0100000000 577.9692  2.068758e+03  2.031077e+03
 [2,]    2 0.000001000 0.0000010000 491.2880  1.011632e+05 -1.401584e+06
 [3,]    3 0.094493147 0.0094493642 565.4976  2.052357e+03  2.053522e+03
 [4,]    4 0.047247073 0.0047251821 460.5950  1.692868e+03  5.530423e+03
 [5,]    5 0.016775729 0.0016783219 388.2862  5.809407e+02  2.254427e+04
 [6,]    6 0.008458492 0.0008466731 362.1528  9.148646e+00  3.200454e+04
 [7,]    7 0.000001000 0.0000010000 491.2880  1.011632e+05 -1.401584e+06
 [8,]    8 0.007611160 0.0007619475 359.4744 -5.315031e+01  3.101803e+04
 [9,]    9 0.003806080 0.0003814737 351.4638 -2.411195e+02  3.165873e+03
[10,]   10 0.004096784 0.0003667807 351.3371 -2.209355e+02 -2.546196e+02
[11,]   11 0.006809052 0.0003651021 350.8202 -1.604588e+02 -2.886143e+03
[12,]   12 0.015469253 0.0004005862 349.9455 -7.419830e+01  2.611136e+03
[13,]   13 0.021612983 0.0004042165 349.6014 -4.645510e+01  2.663721e+03
[14,]   14 0.031776564 0.0002856867 350.6944 -1.679590e+01 -3.915386e+04
[15,]   15 0.024414993 0.0003715389 349.4541 -3.581527e+01 -5.693052e+03
[16,]   16 0.032977245 0.0003926932 349.1924 -2.310315e+01 -7.029452e+02
[17,]   17 0.046130688 0.0004018066 348.9847 -1.323090e+01  1.200500e+03
[18,]   18 0.062648922 0.0004018166 348.8167 -7.870080e+00  1.049980e+03
[19,]   19 0.086582310 0.0003906097 348.6533 -4.621586e+00 -1.906813e+03
[20,]   20 0.116458649 0.0003932519 348.5452 -2.942667e+00 -1.294314e+03
[21,]   21 0.167527640 0.0004023869 348.4500 -1.679480e+00  9.938166e+02
[22,]   22 0.247461566 0.0003917754 348.3352 -8.507337e-01 -1.796156e+03
[23,]   23 0.329587397 0.0003986281 348.2908 -4.935222e-01 -5.755077e+00
[24,]   24 0.437129525 0.0003998318 348.2534 -2.816895e-01  3.003023e+02
[25,]   25 0.590875862 0.0003912175 348.2097 -1.543242e-01 -1.981711e+03
[26,]   26 0.722280772 0.0003956350 348.1967 -1.039727e-01 -7.998849e+02
[27,]   27 0.973932678 0.0003994637 348.1842 -5.820444e-02  2.044314e+02
[28,]   28 1.265054994 0.0004000018 348.1723 -3.541392e-02  3.449459e+02
[29,]   29 1.726677483 0.0003971805 348.1541 -1.999113e-02 -3.914618e+02
[30,]   30 2.268671461 0.0003974998 348.1463 -1.220406e-02 -3.069657e+02
[31,]   31 2.921806934 0.0004167495 348.2197 -7.595790e-03  4.509705e+03
[32,]   32 2.296792181 0.0003983286 348.1475 -1.193335e-02 -8.940996e+01
[33,]   33 2.270313582 0.0003975482 348.1463 -1.218783e-02 -2.942350e+02
[34,]   34 2.268768845 0.0003975027 348.1463 -1.220285e-02 -3.062106e+02
[35,]   35 2.268677242 0.0003975000 348.1463 -1.220215e-02 -3.069209e+02
[36,]   36 2.268671804 0.0003974998 348.1463 -1.220408e-02 -3.069630e+02
[37,]   37 2.268671481 0.0003974998 348.1463 -1.220317e-02 -3.069655e+02
[38,]   38 2.268671462 0.0003974998 348.1463 -1.220518e-02 -3.069657e+02
[39,]   39 2.268671463 0.0003974998 348.1463 -1.220344e-02 -3.069657e+02
[40,]   40 2.268671472 0.0003974998 348.1463 -1.220186e-02 -3.069656e+02
[41,]   41 2.268671463 0.0003974998 348.1463 -1.220134e-02 -3.069657e+02
[42,]   42 2.268671463 0.0003974998 348.1463 -1.220148e-02 -3.069657e+02
[43,]   43 2.268671463 0.0003974998 348.1463 -1.220134e-02 -3.069657e+02

