[22;0t]0;IPython: scripts/01_msprime_simulations$par
[1] 0.202623144 0.005026522

$value
[1] -3146.833

$counts
function gradient 
      20       20 

$convergence
[1] 0

$message
[1] "CONVERGENCE: REL_REDUCTION_OF_F <= FACTR*EPSMCH"

$loginfo
      step       par1         par2       fn           gr1           gr2
 [1,]    1 0.10000000 0.0100000000 3243.199  6.246196e+01  2.613239e+04
 [2,]    2 0.00000100 0.0000010000 6228.095  1.228029e+05 -2.272312e+07
 [3,]    3 0.06509750 0.0065100643 3165.647 -1.300194e+02  1.625996e+04
 [4,]    4 0.03419349 0.0018243134 3281.940  7.873314e+02 -1.405158e+05
 [5,]    5 0.05521391 0.0050114871 3151.312 -1.327273e+02  3.001920e+03
 [6,]    6 0.05544319 0.0047710740 3150.961 -1.146327e+02 -4.234152e+02
 [7,]    7 0.05729540 0.0048029032 3150.745 -1.102987e+02 -8.284443e+01
 [8,]    8 0.06470420 0.0049302203 3150.066 -9.498080e+01  1.305148e+03
 [9,]    9 0.08848069 0.0050486164 3148.570 -5.188426e+01  1.954978e+03
[10,]   10 0.11235245 0.0050076415 3147.617 -2.622102e+01  6.965936e+02
[11,]   11 0.13750530 0.0050005047 3147.144 -1.261687e+01  1.306593e+02
[12,]   12 0.16157354 0.0050166639 3146.932 -5.737097e+00  1.062816e+02
[13,]   13 0.16430647 0.0001941232 4251.540  2.043053e+02 -2.737297e+06
[14,]   14 0.16239329 0.0035701360 3168.621  2.234978e+01 -3.478614e+04
[15,]   15 0.16157718 0.0050102466 3146.932 -5.677167e+00  4.110026e+00
[16,]   16 0.18148541 0.0050214639 3146.856 -2.287110e+00  3.000970e+01
[17,]   17 0.19478270 0.0050259856 3146.836 -7.303952e-01  2.789476e+01
[18,]   18 0.20094117 0.0050263859 3146.834 -1.460580e-01  5.225648e+00
[19,]   19 0.20248191 0.0050265141 3146.833 -1.227907e-02  4.922307e-01
[20,]   20 0.20262314 0.0050265222 3146.833 -2.308411e-04  7.497240e-03

