[22;0t]0;IPython: scripts/01_msprime_simulations$par
[1] 0.0000010000 0.0001561968

$value
[1] -142.6813

$counts
function gradient 
      47       47 

$convergence
[1] 52

$message
[1] "ERROR: ABNORMAL_TERMINATION_IN_LNSRCH"

$loginfo
      step  par1         par2         fn        gr1          gr2
 [1,]    1 1e-01 1.000000e-02   377.8599  2199.6577    2935.4766
 [2,]    2 1e-06 1.000000e-06   180.5017 58578.1906 -377715.0447
 [3,]    3 1e-06 1.000000e+01 24358.6890  2416.0985    2323.2537
 [4,]    4 1e-06 3.301271e+00  8315.1798  2416.0740    2466.0808
 [5,]    5 1e-06 1.089780e+00  2814.0823  2415.9878    2505.8919
 [6,]    6 1e-06 3.598553e-01   985.2668  2415.7135    2495.8305
 [7,]    7 1e-06 1.189386e-01   389.4700  2414.8768    2422.3080
 [8,]    8 1e-06 3.940702e-02   202.8544  2412.3517    2186.4919
 [9,]    9 1e-06 1.313491e-02   151.4508  2404.7383    1476.4534
[10,]   10 1e-06 1.308377e-02   151.3754  2404.6927    1472.2883
[11,]   11 1e-06 1.287921e-02   151.0760  2404.5061    1455.2968
[12,]   12 1e-06 1.206098e-02   149.9147  2403.6906    1381.5654
[13,]   13 1e-06 8.788065e-03   146.0258  2398.5933     949.2942
[14,]   14 1e-06 9.603840e-04   143.7164 10483.2675     900.8698
[15,]   15 1e-06 1.000000e-06   180.5017     0.0000 -377715.0447
[16,]   16 1e-06 6.760727e-04   143.4321 12465.3040    1146.9728
[17,]   17 1e-06 1.000000e-06   180.5017 58578.1906 -377715.0447
[18,]   18 1e-06 4.939726e-04   143.2010 13437.3535    1412.0135
[19,]   19 1e-06 2.474863e-04   142.8059  9246.8084    1495.5060
[20,]   20 1e-06 2.453180e-04   142.8023  9134.8623    1480.7789
[21,]   21 1e-06 2.437486e-04   142.7996  9052.6018    1469.4966
[22,]   22 1e-06 1.223743e-04   142.6840   155.7342  -13398.5098
[23,]   23 1e-06 2.317525e-04   142.7797  8389.0631    1363.2776
[24,]   24 1e-06 1.561968e-04   142.6813  2880.0785   -2032.7789
[25,]   25 1e-06 1.622460e-04   142.6857  3384.9728   -1300.7147
[26,]   26 1e-06 1.561968e-04   142.6813  2880.0785   -2032.7789
[27,]   27 1e-06 1.000000e+01 24358.6890  2416.0985    2323.2537
[28,]   28 1e-06 1.246293e+00  3206.1503  2416.0045    2504.0759
[29,]   29 1e-06 1.565244e-01   481.0784  2415.1770    2449.7490
[30,]   30 1e-06 2.195692e-02   166.6852  2409.3476    1904.5253
[31,]   31 1e-06 4.860794e-03   144.3314  2370.0686    -337.7715
[32,]   32 1e-06 1.245852e-03   143.9512  8755.7443     675.7457
[33,]   33 1e-06 3.426658e-04   142.9680 12461.2468    1643.1697
[34,]   34 1e-06 1.868620e-04   142.7123  5360.0871     370.2266
[35,]   35 1e-06 1.616157e-04   142.6852  3332.5678   -1369.6177
[36,]   36 1e-06 1.570483e-04   142.6819  2951.3542   -1920.4924
[37,]   37 1e-06 1.563244e-04   142.6814  2890.7678   -2015.7663
[38,]   38 1e-06 1.562158e-04   142.6813  2881.6681   -2030.2451
[39,]   39 1e-06 1.561996e-04   142.6813  2880.3146   -2032.4025
[40,]   40 1e-06 1.561972e-04   142.6813  2880.1135   -2032.7230
[41,]   41 1e-06 1.561969e-04   142.6813  2880.0837   -2032.7706
[42,]   42 1e-06 1.561968e-04   142.6813  2880.0792   -2032.7777
[43,]   43 1e-06 1.561968e-04   142.6813  2880.0786   -2032.7787
[44,]   44 1e-06 1.561968e-04   142.6813  2880.0785   -2032.7789
[45,]   45 1e-06 1.561968e-04   142.6813  2880.0785   -2032.7789
[46,]   46 1e-06 1.561968e-04   142.6813  2880.0785   -2032.7789

