[22;0t]0;IPython: scripts/01_msprime_simulations$par
[1] 0.007335086 0.009210346

$value
[1] -4216.553

$counts
function gradient 
      30       30 

$convergence
[1] 0

$message
[1] "CONVERGENCE: REL_REDUCTION_OF_F <= FACTR*EPSMCH"

$loginfo
      step        par1         par2        fn           gr1           gr2
 [1,]    1 0.100000000  0.010000000  4292.648  7.673628e+02 -5.037109e+03
 [2,]    2 0.000001000 10.000000000 25333.271  2.416099e+03  2.241887e+03
 [3,]    3 0.078917390  2.116173834  7764.987  2.413446e+03  2.126185e+03
 [4,]    4 0.095045749  0.504934597  4852.822  2.369340e+03  1.073194e+03
 [5,]    5 0.098761256  0.133751790  4674.230  2.881405e+03  5.113395e+01
 [6,]    6 0.099813981  0.028583500  4441.110  1.167629e+03  9.454004e+03
 [7,]    7 0.099979314  0.012066577  4290.758  7.417718e+02  2.474289e+03
 [8,]    8 0.099779696  0.011387199  4289.582  7.470144e+02  4.826228e+02
 [9,]    9 0.099435298  0.011146795  4289.302  7.499240e+02 -3.175092e+02
[10,]   10 0.098529438  0.010916111  4288.787  7.537794e+02 -1.130661e+03
[11,]   11 0.094425002  0.010377691  4286.819  7.676932e+02 -3.205563e+03
[12,]   12 0.083573210  0.009618138  4281.957  8.056504e+02 -6.528858e+03
[13,]   13 0.045410777  0.008043714  4263.313  1.071456e+03 -1.391881e+04
[14,]   14 0.000001000  0.006170295  4314.334 -4.030102e+05  9.861996e+02
[15,]   15 0.026838646  0.007277505  4252.148  1.457900e+03 -1.654953e+04
[16,]   16 0.009059715  0.006544020  4231.812  2.063988e+03 -1.320108e+04
[17,]   17 0.003169657  0.006301021  4226.409 -8.629294e+02 -6.569760e+03
[18,]   18 0.057720201  0.010049449  4258.478  8.459307e+02 -3.425875e+03
[19,]   19 0.014360560  0.007070001  4235.071  1.771090e+03 -1.303456e+04
[20,]   20 0.005259731  0.006444640  4226.138  1.230538e+03 -9.245224e+03
[21,]   21 0.005889802  0.007402664  4220.110  4.402577e+02 -4.723244e+03
[22,]   22 0.007103539  0.008554102  4217.001  1.770041e+02 -1.494360e+03
[23,]   23 0.007578566  0.009059192  4216.599  1.244936e+02 -4.109725e+02
[24,]   24 0.007587131  0.009196623  4216.564  8.193409e+01 -1.096130e+02
[25,]   25 0.007484426  0.009229777  4216.556  4.072743e+01 -7.494367e+00
[26,]   26 0.007370488  0.009227195  4216.553  5.939689e+00  2.232797e+01
[27,]   27 0.007334726  0.009210106  4216.553 -1.998651e-01 -1.974810e+00
[28,]   28 0.007336552  0.009211327  4216.553  6.036271e-03 -7.790741e-03
[29,]   29 0.007335086  0.009210346  4216.553 -1.593202e-01 -1.587460e+00

