[22;0t]0;IPython: scripts/01_msprime_simulations$par
[1] 0.004326627 0.004569943

$value
[1] -2091.131

$counts
function gradient 
      35       35 

$convergence
[1] 0

$message
[1] "CONVERGENCE: REL_REDUCTION_OF_F <= FACTR*EPSMCH"

$loginfo
      step        par1        par2       fn           gr1           gr2
 [1,]    1 0.100000000 0.010000000 2203.303  9.807661e+02  9.812805e+03
 [2,]    2 0.000001000 0.000001000 4145.795  1.153976e+05 -1.496942e+07
 [3,]    3 0.064868267 0.006487143 2144.203  8.566669e+02  4.193950e+03
 [4,]    4 0.000001000 0.002340302 2164.151 -4.251757e+05  4.333345e+03
 [5,]    5 0.030540855 0.004292657 2116.596  9.605752e+02 -8.555366e+03
 [6,]    6 0.000001000 0.003794743 2165.478 -4.261390e+05  1.756752e+03
 [7,]    7 0.017815710 0.004085189 2105.463  1.090087e+03 -8.826916e+03
 [8,]    8 0.006041396 0.003893224 2093.562  9.912362e+02 -5.137409e+03
 [9,]    9 0.002054735 0.003828227 2093.113 -2.060191e+03 -1.008425e+03
[10,]   10 0.004829039 0.003873458 2092.576  7.558169e+02 -4.136526e+03
[11,]   11 0.000001000 0.004029181 2165.936 -4.238723e+05  2.036402e+03
[12,]   12 0.003216035 0.003925484 2091.836 -2.170933e+02 -2.008329e+03
[13,]   13 0.009322977 0.006601841 2096.655  6.132397e+02  3.352347e+03
[14,]   14 0.004695913 0.004574038 2091.160  1.556065e+02 -2.015750e+02
[15,]   15 0.004446810 0.004570326 2091.134  5.519179e+01 -7.077093e+01
[16,]   16 0.004309443 0.004567972 2091.131 -6.736856e+00  1.754147e+00
[17,]   17 0.004326627 0.004569943 2091.131  3.073448e-01 -1.325405e+00
[18,]   18 0.004326361 0.004570200 2091.131  2.841214e-02 -2.384822e-01
[19,]   19 0.004326614 0.004569956 2091.131  2.931385e-01 -1.270041e+00
[20,]   20 0.004326627 0.004569944 2091.131  3.065890e-01 -1.322460e+00
[21,]   21 0.004326627 0.004569943 2091.131  3.073043e-01 -1.325248e+00
[22,]   22 0.004326627 0.004569943 2091.131  3.073425e-01 -1.325396e+00
[23,]   23 0.004326627 0.004569943 2091.131  3.073447e-01 -1.325405e+00
[24,]   24 0.004326627 0.004569943 2091.131  3.073448e-01 -1.325405e+00
[25,]   25 0.004326627 0.004569943 2091.131  3.073448e-01 -1.325405e+00
[26,]   26 0.004326627 0.004569943 2091.131  3.073448e-01 -1.325405e+00
[27,]   27 0.004326627 0.004569943 2091.131  3.073448e-01 -1.325405e+00
[28,]   28 0.004326627 0.004569943 2091.131  3.073448e-01 -1.325405e+00
[29,]   29 0.004326627 0.004569943 2091.131  3.073448e-01 -1.325405e+00
[30,]   30 0.004326627 0.004569943 2091.131  3.073448e-01 -1.325405e+00
[31,]   31 0.004326627 0.004569943 2091.131  3.073448e-01 -1.325405e+00

