[22;0t]0;IPython: scripts/01_msprime_simulations$par
[1] 0.027137201 0.001071785

$value
[1] -843.004

$counts
function gradient 
      24       24 

$convergence
[1] 0

$message
[1] "CONVERGENCE: REL_REDUCTION_OF_F <= FACTR*EPSMCH"

$loginfo
      step        par1         par2        fn           gr1           gr2
 [1,]    1 0.100000000 0.0100000000 1059.7256  1.378256e+03  8.748281e+03
 [2,]    2 0.000001000 0.0000010000 1342.9912  1.158690e+05 -4.584981e+06
 [3,]    3 0.055928408 0.0055932375  956.7126  8.221747e+02  1.670345e+04
 [4,]    4 0.019498909 0.0019506154  858.1940  4.186255e+01  2.447900e+04
 [5,]    5 0.006630289 0.0006638692  849.3523  1.829784e+02 -4.002563e+04
 [6,]    6 0.014420742 0.0014428444  847.3372 -8.610206e+01  1.722844e+04
 [7,]    7 0.006102986 0.0000010000 1456.7148  2.999706e+03 -4.826675e+06
 [8,]    8 0.011867699 0.0010002862  843.4102 -7.023446e+01 -2.427150e+03
 [9,]    9 0.014048965 0.0010658186  843.2632 -6.011653e+01  1.557764e+03
[10,]   10 0.016500237 0.0010668837  843.1481 -3.708458e+01  1.071776e+03
[11,]   11 0.020340139 0.0010641626  843.0483 -1.588158e+01  2.097822e+02
[12,]   12 0.023428427 0.0010687176  843.0160 -7.098544e+00  1.303978e+02
[13,]   13 0.025880448 0.0010713354  843.0057 -2.441563e+00  6.282772e+01
[14,]   14 0.027137201 0.0010717850  843.0040 -5.504704e-01 -1.873097e+01
[15,]   15 0.028114429 0.0010858583  843.0141 -3.693831e-01  9.219835e+02
[16,]   16 0.027157841 0.0010720823  843.0041 -5.472623e-01  1.332501e+00
[17,]   17 0.027137866 0.0010717946  843.0040 -5.503675e-01 -1.808478e+01
[18,]   18 0.027137223 0.0010717853  843.0040 -5.504671e-01 -1.870993e+01
[19,]   19 0.027137202 0.0010717850  843.0040 -5.504703e-01 -1.873029e+01
[20,]   20 0.027137201 0.0010717850  843.0040 -5.504704e-01 -1.873095e+01
[21,]   21 0.027137201 0.0010717850  843.0040 -5.504704e-01 -1.873097e+01
[22,]   22 0.027137201 0.0010717850  843.0040 -5.504704e-01 -1.873097e+01
[23,]   23 0.027137201 0.0010717850  843.0040 -5.504704e-01 -1.873097e+01
[24,]   24 0.027137201 0.0010717850  843.0040 -5.504704e-01 -1.873097e+01

