[22;0t]0;IPython: scripts/01_msprime_simulations$par
[1] 0.001960021 0.000940988

$value
[1] -824.1654

$counts
function gradient 
      38       38 

$convergence
[1] 0

$message
[1] "CONVERGENCE: REL_REDUCTION_OF_F <= FACTR*EPSMCH"

$loginfo
      step        par1         par2        fn           gr1           gr2
 [1,]    1 0.100000000 0.0100000000 1037.1173  1.454680e+03  8.645047e+03
 [2,]    2 0.000001000 0.0000010000 1311.6871  1.098893e+05 -4.446657e+06
 [3,]    3 0.055557259 0.0055561259  931.0334  9.578087e+02  1.546062e+04
 [4,]    4 0.019384008 0.0019391263  837.7215  1.863010e+02  2.025896e+04
 [5,]    5 0.006591223 0.0006599630  830.5147  5.443954e+02 -4.040350e+04
 [6,]    6 0.014426092 0.0014433794  828.4385  8.319106e+01  1.324543e+04
 [7,]    7 0.005474377 0.0000010000 1418.1186  3.689184e+03 -4.686808e+06
 [8,]    8 0.011689323 0.0010024071  825.4418  1.087599e+02 -4.124757e+03
 [9,]    9 0.010775243 0.0010886399  825.2625  9.114065e+01  1.257171e+03
[10,]   10 0.008886912 0.0010777942  825.0642  1.026337e+02  1.231316e+03
[11,]   11 0.001333590 0.0010344116  824.4666 -2.333971e+02  3.790999e+03
[12,]   12 0.006308115 0.0010629829  824.7496  1.225330e+02  1.551595e+03
[13,]   13 0.002712100 0.0010423291  824.3427  4.385992e+00  3.012009e+03
[14,]   14 0.000001000 0.0009685546  828.7398 -4.107658e+04  1.165591e+03
[15,]   15 0.001813448 0.0010178750  824.3157 -1.333506e+02  3.012032e+03
[16,]   16 0.002148694 0.0008667692  824.3219  2.172141e+02 -4.568422e+03
[17,]   17 0.001987344 0.0009394947  824.1655  1.589835e+01 -2.147707e+02
[18,]   18 0.001937853 0.0009432792  824.1660 -1.814449e+00  5.177373e+01
[19,]   19 0.001976451 0.0009403277  824.1655  1.201964e+01 -1.554969e+02
[20,]   20 0.001935473 0.0009420406  824.1656 -5.877479e-04  1.356094e+00
[21,]   21 0.001966398 0.0009407479  824.1654  9.091721e+00 -1.168350e+02
[22,]   22 0.001934352 0.0009419546  824.1656 -8.146907e-02 -2.934195e-01
[23,]   23 0.001960021 0.0009409880  824.1654  7.277395e+00 -9.356081e+01
[24,]   24 0.001934495 0.0009419574  824.1656 -5.555524e-02 -4.484535e-01
[25,]   25 0.001955974 0.0009411418  824.1654  6.120385e+00 -7.875017e+01
[26,]   26 0.001959256 0.0009410171  824.1654  7.058765e+00 -9.075870e+01
[27,]   27 0.001959872 0.0009409937  824.1654  7.234729e+00 -9.301384e+01
[28,]   28 0.001959992 0.0009409891  824.1654  7.269017e+00 -9.345339e+01
[29,]   29 0.001960016 0.0009409882  824.1654  7.275748e+00 -9.353969e+01
[30,]   30 0.001960020 0.0009409881  824.1654  7.277071e+00 -9.355665e+01
[31,]   31 0.001960021 0.0009409880  824.1654  7.277331e+00 -9.355999e+01
[32,]   32 0.001960021 0.0009409880  824.1654  7.277383e+00 -9.356065e+01
[33,]   33 0.001960021 0.0009409880  824.1654  7.277393e+00 -9.356077e+01
[34,]   34 0.001960021 0.0009409880  824.1654  7.277395e+00 -9.356080e+01
[35,]   35 0.001960021 0.0009409880  824.1654  7.277393e+00 -9.356078e+01
[36,]   36 0.001960021 0.0009409880  824.1654  7.277394e+00 -9.356080e+01
[37,]   37 0.001960021 0.0009409880  824.1654  7.277395e+00 -9.356080e+01
[38,]   38 0.001960021 0.0009409880  824.1654  7.277395e+00 -9.356080e+01

