[22;0t]0;IPython: scripts/01_msprime_simulations$par
[1] 0.07954028 0.09990819

$value
[1] -28669.55

$counts
function gradient 
      29       29 

$convergence
[1] 0

$message
[1] "CONVERGENCE: REL_REDUCTION_OF_F <= FACTR*EPSMCH"

$loginfo
      step        par1        par2        fn           gr1           gr2
 [1,]    1 0.100000000  0.01000000  37131.57  1.966099e+04 -6.964099e+05
 [2,]    2 0.000001000 10.00000000  36058.83  2.416095e+03  1.346420e+03
 [3,]    3 0.066675088  3.33919196  30344.39  1.033957e+03  1.376219e+02
 [4,]    4 0.061726100  3.33845131  30339.41  9.360612e+02  1.341678e+02
 [5,]    5 0.041930145  3.33548871  30325.60  3.591077e+02  1.143580e+02
 [6,]    6 0.028224481  3.33289492  30325.12 -4.144036e+02  9.016147e+01
 [7,]    7 0.035223432  3.33421947  30324.05  4.459427e+01  1.041430e+02
 [8,]    8 0.033877692  3.33343533  30323.97 -3.199713e+01  1.017370e+02
 [9,]    9 0.033433528  3.33231434  30323.87 -6.002186e+01  1.008741e+02
[10,]   10 0.030775352  3.31849505  30322.93 -2.576147e+02  9.499127e+01
[11,]   11 0.028495920  3.28831792  30321.02 -4.988467e+02  8.859614e+01
[12,]   12 0.025331494  3.16742440  30313.35 -1.160344e+03  8.358125e+01
[13,]   13 0.020591285  2.50998767  30228.54 -2.815049e+03  2.204659e+02
[14,]   14 0.002493940  0.00000100 113299.96  1.173640e+05 -4.191346e+08
[15,]   15 0.014532115  1.66961929  29921.43 -3.643123e+03  4.526792e+02
[16,]   16 0.006507623  0.55667337  29585.02 -1.665536e+04  5.141165e+02
[17,]   17 0.003858592  0.18926960  29341.19 -4.521328e+04  1.479950e+03
[18,]   18 0.120188232  0.00000100 119082.38  2.171593e+04 -4.192897e+08
[19,]   19 0.044281400  0.12350160  28752.02 -2.641738e+03  2.837738e+03
[20,]   20 0.053530342  0.00000100 117004.65  4.539224e+04 -4.192303e+08
[21,]   21 0.047368882  0.08227462  28702.03 -8.712292e+02 -2.516896e+03
[22,]   22 0.079935860  0.11191889  28681.17 -2.589453e+02  1.785378e+03
[23,]   23 0.077312403  0.10195047  28670.15 -1.313088e+02  4.399938e+02
[24,]   24 0.078424268  0.09905193  28669.61 -5.875258e+00 -1.309289e+02
[25,]   25 0.078710900  0.09976818  28669.56 -2.061790e+01 -3.890282e-01
[26,]   26 0.079102478  0.09985981  28669.55 -1.161627e+01  4.662605e+00
[27,]   27 0.079535187  0.09990462  28669.55 -3.737914e-02 -5.402383e-01
[28,]   28 0.079540280  0.09990819  28669.55  5.965012e-04 -1.375302e-02

