[22;0t]0;IPython: scripts/01_msprime_simulations$par
[1] 0.01130332 0.58030835

$value
[1] -53377.76

$counts
function gradient 
      39       39 

$convergence
[1] 0

$message
[1] "CONVERGENCE: REL_REDUCTION_OF_F <= FACTR*EPSMCH"

$loginfo
      step        par1       par2        fn           gr1           gr2
 [1,]    1 0.100000000  0.0100000 127808.54  7.073846e+04 -3.314708e+06
 [2,]    2 0.000001000 10.0000000  57894.74 -6.106842e+06  2.689340e+02
 [3,]    3 2.359529355 10.0000000  62818.90  2.286884e+03  2.219295e+02
 [4,]    4 0.786120390 10.0000000  58586.18  3.156793e+03  2.659856e+02
 [5,]    5 0.262033044 10.0000000  56885.31  3.142936e+03  3.237274e+02
 [6,]    6 0.087346672 10.0000000  56419.06  1.587397e+03  3.428567e+02
 [7,]    7 0.087323986  9.9989693  56418.67  1.586815e+03  3.428412e+02
 [8,]    8 0.087233242  9.9948467  56417.12  1.584479e+03  3.427756e+02
 [9,]    9 0.086870265  9.9783561  56410.89  1.575075e+03  3.425283e+02
[10,]   10 0.085418358  9.9123937  56386.07  1.536440e+03  3.417372e+02
[11,]   11 0.079610730  9.6485442  56287.66  1.365794e+03  3.408040e+02
[12,]   12 0.056380219  8.5931463  55904.21  3.861240e+02  3.362598e+02
[13,]   13 0.000001000  6.0317515  56663.97 -6.901209e+06  2.440195e+02
[14,]   14 0.030058458  7.3973082  55522.29 -2.788811e+03  3.511556e+02
[15,]   15 0.000001000  6.0235834  56661.97 -6.906125e+06  2.448469e+02
[16,]   16 0.018152915  6.8531857  55382.73 -7.293979e+03  3.686251e+02
[17,]   17 0.000001000  6.0109643  56658.87 -6.913238e+06  2.467406e+02
[18,]   18 0.011611745  6.5496853  55329.68 -1.333841e+04  4.159261e+02
[19,]   19 0.001261994  6.0513143  55525.15 -1.478526e+05  3.386291e+02
[20,]   20 0.008243547  6.3874966  55315.69 -2.016141e+04  4.249490e+02
[21,]   21 0.008063030  6.3634054  55309.18 -2.070200e+04  4.221614e+02
[22,]   22 0.007340962  6.2670405  55284.99 -2.318716e+04  4.070647e+02
[23,]   23 0.006824206  4.7829806  54769.31 -2.595809e+04  3.312143e+02
[24,]   24 0.021312827  0.0000010 448411.85  1.079225e+05 -1.655354e+09
[25,]   25 0.011671454  3.1828083  54090.87 -1.153673e+04  3.995250e+02
[26,]   26 0.016492141  1.5914047  53617.59 -2.044483e+03  2.687735e+02
[27,]   27 0.018804318  0.0000010 448139.11  1.095395e+05 -1.655352e+09
[28,]   28 0.017263384  1.0605806  53476.17  1.276650e+03  3.006677e+02
[29,]   29 0.018033851  0.5302908  53420.88  8.592371e+03 -4.112977e+02
[30,]   30 0.017581993  0.8412911  53420.13  3.109556e+03  1.983734e+02
[31,]   31 0.016650086  0.0000010 447901.58  1.109972e+05 -1.655351e+09
[32,]   32 0.017271345  0.5608501  53405.33  7.364356e+03 -2.203633e+02
[33,]   33 0.017430566  0.7045888  53401.35  4.625127e+03  7.806591e+01
[34,]   34 0.013592024  0.5617070  53383.69  3.981694e+03 -1.225847e+02
[35,]   35 0.000001000  0.6638719  55091.50 -8.288379e+06  4.420150e+01
[36,]   36 0.009005609  0.5961835  53384.83 -5.951451e+03  9.336881e+01
[37,]   37 0.011340919  0.5786287  53377.76  1.201020e+02 -5.120112e+00
[38,]   38 0.011294099  0.5801288  53377.76 -8.073525e+00 -6.909504e-02
[39,]   39 0.011303315  0.5803084  53377.76  4.384056e+00  1.251671e-01

