[22;0t]0;IPython: scripts/01_msprime_simulations$par
[1] 0.000001000 0.002715392

$value
[1] -79.95555

$counts
function gradient 
      18       18 

$convergence
[1] 0

$message
[1] "CONVERGENCE: REL_REDUCTION_OF_F <= FACTR*EPSMCH"

$loginfo
      step  par1         par2          fn        gr1           gr2
 [1,]    1 1e-01  0.010000000   320.86837  2247.8675  2.971928e+03
 [2,]    2 1e-06  0.000001000    87.42324 35805.2393 -1.406366e+05
 [3,]    3 1e-06 10.000000000 24349.66505  2416.0878  2.324007e+03
 [4,]    4 1e-06  3.248429490  8167.57087  2415.9915  2.469379e+03
 [5,]    5 1e-06  1.054874931  2701.33942  2415.5554  2.512926e+03
 [6,]    6 1e-06  0.342650873   909.15997  2414.0309  2.514742e+03
 [7,]    7 1e-06  0.111425749   330.24229  2409.2407  2.477417e+03
 [8,]    8 1e-06  0.036339901   147.28756  2394.4962  2.349260e+03
 [9,]    9 1e-06  0.011934792    93.04020  2343.5787  1.955894e+03
[10,]   10 1e-06  0.003979962    80.50184  1923.6649  7.837902e+02
[11,]   11 1e-06  0.003957910    80.48465  1916.8416  7.739982e+02
[12,]   12 1e-06  0.003869700    80.41811  1887.9354  7.337222e+02
[13,]   13 1e-06  0.003516860    80.18999  1740.1846  5.527343e+02
[14,]   14 1e-06  0.002409022    79.98890   550.6851 -1.927925e+02
[15,]   15 1e-06  0.002695508    79.95571  1015.2961 -1.518997e+01
[16,]   16 1e-06  0.002720010    79.95556  1049.3667  3.542338e+00
[17,]   17 1e-06  0.002715377    79.95555  1042.9979 -1.221535e-02
[18,]   18 1e-06  0.002715392    79.95555  1043.0198 -8.746710e-06

