[22;0t]0;IPython: scripts/01_msprime_simulations$par
[1] 0.1199885894 0.0007451552

$value
[1] -609.379

$counts
function gradient 
      31       31 

$convergence
[1] 0

$message
[1] "CONVERGENCE: REL_REDUCTION_OF_F <= FACTR*EPSMCH"

$loginfo
      step        par1         par2        fn           gr1           gr2
 [1,]    1 0.100000000 0.0100000000  830.9361  1.713529e+03  4.108149e+03
 [2,]    2 0.000001000 0.0000010000  926.3529  1.135383e+05 -3.015792e+06
 [3,]    3 0.049682701 0.0049687229  723.2771  1.096276e+03  1.215413e+04
 [4,]    4 0.017423353 0.0017430785  635.9620  9.107946e+01  3.023123e+04
 [5,]    5 0.007122581 0.0007130940  612.8336 -3.806535e+02  3.201890e+03
 [6,]    6 0.024752405 0.0000010000 1017.7812  1.852763e+02 -3.298322e+06
 [7,]    7 0.011543347 0.0005345329  613.5294 -9.805039e+01 -2.807538e+04
 [8,]    8 0.008918362 0.0006405599  612.3327 -2.404897e+02 -6.730554e+03
 [9,]    9 0.104420242 0.0019939259  653.8165  6.538438e+01  4.971712e+04
[10,]   10 0.023420288 0.0008460680  611.1969 -7.091484e+01  1.182124e+04
[11,]   11 0.023433528 0.0007704309  610.5147 -6.439102e+01  4.940809e+03
[12,]   12 0.026535731 0.0007189337  610.2125 -4.604901e+01 -1.222898e+03
[13,]   13 0.030682780 0.0007183152  610.0469 -3.476743e+01 -1.719806e+03
[14,]   14 0.044366276 0.0007409610  609.7094 -1.691420e+01  2.546215e+02
[15,]   15 0.056471629 0.0007458027  609.5599 -9.394044e+00  4.967208e+02
[16,]   16 0.071254423 0.0007463990  609.4606 -4.677768e+00  3.504521e+02
[17,]   17 0.085506536 0.0007346084  609.4111 -2.257035e+00 -1.264938e+03
[18,]   18 0.104349256 0.0007521646  609.3918 -7.466095e-01  8.908484e+02
[19,]   19 0.110401617 0.0007471950  609.3825 -4.154068e-01  2.517627e+02
[20,]   20 0.117424664 0.0007449429  609.3791 -1.159789e-01 -4.916448e+01
[21,]   21 0.119988589 0.0007451552  609.3790 -2.482504e-02 -2.613773e+01
[22,]   22 0.120699059 0.0007453480  609.3791 -1.084341e-03 -2.493130e+00
[23,]   23 0.120011619 0.0007451615  609.3790 -2.404708e-02 -2.537175e+01
[24,]   24 0.119989359 0.0007451555  609.3790 -2.479903e-02 -2.611212e+01
[25,]   25 0.119988615 0.0007451553  609.3790 -2.482419e-02 -2.613687e+01
[26,]   26 0.119988590 0.0007451552  609.3790 -2.482502e-02 -2.613770e+01
[27,]   27 0.119988589 0.0007451552  609.3790 -2.482507e-02 -2.613772e+01
[28,]   28 0.119988589 0.0007451552  609.3790 -2.482505e-02 -2.613772e+01
[29,]   29 0.119988589 0.0007451552  609.3790 -2.482504e-02 -2.613772e+01
[30,]   30 0.119988589 0.0007451552  609.3790 -2.482506e-02 -2.613772e+01
[31,]   31 0.119988589 0.0007451552  609.3790 -2.482504e-02 -2.613772e+01

