[22;0t]0;IPython: scripts/01_msprime_simulations$par
[1] 0.04005617 0.04889860

$value
[1] -17803.62

$counts
function gradient 
      37       37 

$convergence
[1] 0

$message
[1] "CONVERGENCE: REL_REDUCTION_OF_F <= FACTR*EPSMCH"

$loginfo
      step        par1        par2       fn           gr1           gr2
 [1,]    1 0.100000000  0.01000000 20385.31  7.414516e+03 -2.981073e+05
 [2,]    2 0.000001000 10.00000000 30310.60  2.416089e+03  1.826334e+03
 [3,]    3 0.066787777  3.32793428 19802.67  2.315940e+03  1.058549e+03
 [4,]    4 0.088913585  1.11754393 18651.49  2.081590e+03  1.954482e+02
 [5,]    5 0.081181616  1.11675740 18635.63  1.976989e+03  1.996130e+02
 [6,]    6 0.050253739  1.11361128 18583.60  1.233910e+03  2.108669e+02
 [7,]    7 0.000001000  1.10756660 18988.76 -1.573123e+06  5.296628e+01
 [8,]    8 0.031895822  1.11140309 18568.54  2.260959e+02  2.275537e+02
 [9,]    9 0.027254712  1.10995010 18568.10 -2.007421e+02  2.380149e+02
[10,]   10 0.028611931  1.10932673 18567.77 -6.145948e+01  2.351649e+02
[11,]   11 0.030195498  1.10601229 18567.02  9.273348e+01  2.336068e+02
[12,]   12 0.034077644  1.08751136 18563.74  4.406033e+02  2.359120e+02
[13,]   13 0.042153351  1.02019067 18553.19  1.108118e+03  2.679400e+02
[14,]   14 0.072201131  0.67773168 18523.38  3.022928e+03  1.651849e+02
[15,]   15 0.058763697  0.76077466 18503.31  2.655557e+03  2.813101e+02
[16,]   16 0.019619327  0.74305708 18424.40  2.119369e+02  3.419751e+02
[17,]   17 0.008435993  0.52921545 18359.42 -4.227837e+03  3.799244e+02
[18,]   18 0.009112474  0.00000100 58499.01  8.350508e+04 -2.133718e+08
[19,]   19 0.008662262  0.35220472 18278.99 -3.951143e+03  5.043762e+02
[20,]   20 0.008887368  0.17610286 18146.32 -5.806018e+03  1.176740e+03
[21,]   21 0.009037277  0.05882813 17920.19 -1.186107e+04  2.504892e+03
[22,]   22 0.009087245  0.01973777 18106.92  5.792317e+03 -3.630587e+04
[23,]   23 0.009037277  0.05882813 17920.19 -1.186107e+04  2.504892e+03
[24,]   24 0.031216371  0.00000100 59761.52  3.949899e+04 -2.134470e+08
[25,]   25 0.016459309  0.03914217 17842.42 -3.561468e+03 -2.173666e+03
[26,]   26 3.843376438  6.83145851 33774.31  2.300783e+03  1.693793e+03
[27,]   27 0.765352367  1.36833702 20268.82  2.333532e+03 -4.051211e+01
[28,]   28 0.163731412  0.30053239 18763.57  3.559043e+03  9.227555e+02
[29,]   29 0.038185680  0.07770386 17885.24 -1.029092e+02  3.825265e+03
[30,]   30 0.023246607  0.05118880 17821.64 -2.391217e+03  1.563349e+03
[31,]   31 0.027554912  0.04914306 17811.12 -1.393367e+03  8.197956e+02
[32,]   32 0.033634823  0.04697334 17805.24 -4.208749e+02 -3.901337e+02
[33,]   33 0.036997241  0.04826062 17803.93 -1.928312e+02 -7.708782e+01
[34,]   34 0.039465606  0.04885069 17803.63 -3.832412e+01  1.485287e+01
[35,]   35 0.039993396  0.04889731 17803.62 -4.218971e+00  3.184652e+00
[36,]   36 0.040054183  0.04889687 17803.62 -3.447416e-02 -5.310742e-01
[37,]   37 0.040056166  0.04889860 17803.62  2.317211e-04  6.809551e-02

