[22;0t]0;IPython: scripts/01_msprime_simulations$par
[1] 0.005297089 0.056584124

$value
[1] -16755.46

$counts
function gradient 
      33       33 

$convergence
[1] 0

$message
[1] "CONVERGENCE: REL_REDUCTION_OF_F <= FACTR*EPSMCH"

$loginfo
      step         par1        par2       fn           gr1           gr2
 [1,]    1 0.1000000000  0.01000000 19689.99  7.775331e+03 -2.891912e+05
 [2,]    2 0.0000010000 10.00000000 30119.81  2.416088e+03  1.842263e+03
 [3,]    3 0.0668020983  3.32650355 19338.39  2.296676e+03  1.189065e+03
 [4,]    4 0.0889202030  1.11688279 17447.57  2.988624e+03  3.283903e+02
 [5,]    5 0.0774887237  1.11555267 17413.38  2.910602e+03  3.352219e+02
 [6,]    6 0.0317628066  1.11023220 17294.11  1.932454e+03  3.552159e+02
 [7,]    7 0.0000010000  1.10491968 17595.00 -1.556782e+06  4.633890e+02
 [8,]    8 0.0198647057  1.10824211 17275.36  9.527443e+02  3.596014e+02
 [9,]    9 0.0075477543  1.10469527 17279.49 -3.022931e+03  3.773664e+02
[10,]   10 0.0145060263  1.10669900 17271.95  1.956782e+01  3.633098e+02
[11,]   11 0.0137860046  1.10496664 17271.37 -1.563035e+02  3.638499e+02
[12,]   12 0.0107861494  1.08680508 17266.46 -1.091226e+03  3.743754e+02
[13,]   13 0.0063480701  1.02756367 17253.78 -4.079114e+03  3.876087e+02
[14,]   14 0.0041553790  0.89966966 17215.70 -8.508044e+03  4.192386e+02
[15,]   15 0.0000010000  0.25598245 17253.09 -2.011694e+06  5.440149e+02
[16,]   16 0.0018917132  0.54893307 17055.93 -2.297200e+04  5.477253e+02
[17,]   17 0.0007196712  0.36733470 17010.59 -6.934678e+04  4.745757e+02
[18,]   18 0.0030659389  0.00000100 56065.89  9.978210e+04 -2.065260e+08
[19,]   19 0.0015063751  0.24416766 16911.35 -3.058613e+04  6.652708e+02
[20,]   20 0.0022861570  0.12208433 16816.68 -1.656968e+04  6.823705e+02
[21,]   21 0.0029572993  0.00000100 56055.01  1.004004e+05 -2.065251e+08
[22,]   22 0.0025099244  0.08138018 16784.49 -1.429098e+04  8.051188e+02
[23,]   23 0.0027336119  0.04069059 16774.31 -7.485891e+03 -2.061254e+03
[24,]   24 0.0025779972  0.06899749 16774.29 -1.337699e+04  6.245143e+02
[25,]   25 0.0026721660  0.05186782 16765.84 -1.064019e+04 -7.631567e+00
[26,]   26 0.0060380917  0.07561681 16762.36  1.827966e+02  6.670751e+02
[27,]   27 0.0070638339  0.03477056 16807.95  7.050231e+03 -6.935438e+03
[28,]   28 0.0063859472  0.06176480 16756.57  1.302558e+03  1.440194e+02
[29,]   29 0.0059127259  0.05780394 16755.76  9.593334e+02 -5.365854e+00
[30,]   30 0.0052157444  0.05650861 16755.46 -1.586918e+02  5.865250e+00
[31,]   31 0.0053087336  0.05659377 16755.46  2.237449e+01 -8.963047e-01
[32,]   32 0.0052973231  0.05658463 16755.46  4.129465e-01 -2.899542e-03
[33,]   33 0.0052970892  0.05658412 16755.46  4.653339e-04 -2.018005e-03

