[22;0t]0;IPython: scripts/01_msprime_simulations$par
[1] 0.4581901 0.4914024

$value
[1] -58729.06

$counts
function gradient 
      43       43 

$convergence
[1] 0

$message
[1] "CONVERGENCE: REL_REDUCTION_OF_F <= FACTR*EPSMCH"

$loginfo
      step       par1       par2        fn           gr1           gr2
 [1,]    1 0.10000000  0.0100000 120168.58  7.148338e+04 -3.046592e+06
 [2,]    2 0.00000100 10.0000000  66025.44 -5.542826e+06 -1.417547e+02
 [3,]    3 2.37566337 10.0000000  67404.10  1.604426e+03 -4.235048e+01
 [4,]    4 0.79183725 10.0000000  64661.41  1.766741e+03  5.872637e+01
 [5,]    5 0.26375663 10.0000000  63872.35  8.163456e+02  1.601138e+02
 [6,]    6 0.26371782  9.9994597  63872.23  8.162588e+02  1.601958e+02
 [7,]    7 0.26356258  9.9972983  63871.76  8.159124e+02  1.605532e+02
 [8,]    8 0.26294161  9.9886530  63869.86  8.145397e+02  1.619889e+02
 [9,]    9 0.26045772  9.9540715  63862.14  8.092524e+02  1.678174e+02
[10,]   10 0.25052218  9.8157456  63829.33  7.902788e+02  1.917466e+02
[11,]   11 0.21078003  9.2624423  63671.60  6.611642e+02  2.656313e+02
[12,]   12 0.05181139  7.0492287  62796.66 -2.051675e+03  4.889059e+02
[13,]   13 0.00000100  6.3279074  63641.69 -3.154662e+06  0.000000e+00
[14,]   14 0.03171430  6.7694303  62723.96 -4.574883e+03  4.743530e+02
[15,]   15 0.00000100  6.3132951  63630.61 -3.130273e+06  7.545631e+02
[16,]   16 0.02066593  6.6105206  62716.27 -7.925764e+03  4.582327e+02
[17,]   17 0.02492078  6.6410192  62700.31 -6.244018e+03  4.584720e+02
[18,]   18 0.03241058  6.5936582  62640.69 -4.184718e+03  4.375154e+02
[19,]   19 0.05377267  6.2084350  62440.52 -1.251327e+03  3.277009e+02
[20,]   20 0.07252582  5.3163974  62232.26 -3.996139e+02  1.430432e+02
[21,]   21 0.07084376  4.5770477  62130.75 -7.612156e+02  1.541857e+02
[22,]   22 0.06411551  1.6196490  61135.49 -3.176062e+03  6.930905e+02
[23,]   23 0.06043072  0.0000010 421140.39  9.217339e+04 -1.539104e+09
[24,]   24 0.06288459  1.0785988  60634.44 -5.911836e+03  1.250179e+03
[25,]   25 0.06124903  0.3596900  59432.02 -9.933000e+03  5.631903e+02
[26,]   26 0.60862969  0.0000010 442050.33  1.618189e+04 -1.539238e+09
[27,]   27 0.24557028  0.2385707  60299.99  4.790405e+03 -2.232457e+04
[28,]   28 0.12396653  0.3184777  59159.22 -1.688581e+03 -3.394369e+03
[29,]   29 4.76909323 10.0000000  70925.79  1.381140e+03  5.497189e+01
[30,]   30 1.16955900  2.4977351  63781.94  1.674294e+03  1.112357e+03
[31,]   31 0.32412965  0.7356641  59333.98 -9.582375e+02  2.965242e+03
[32,]   32 0.19683053  0.4703432  58904.38 -2.137832e+03  1.180593e+03
[33,]   33 0.21652006  0.4671356  58863.06 -1.722491e+03  9.617167e+02
[34,]   34 0.29756457  0.4518814  58768.87 -5.614942e+02 -1.562287e+02
[35,]   35 0.34934901  0.4670867  58744.91 -3.104939e+02 -8.225689e+01
[36,]   36 0.41295974  0.4855150  58731.48 -1.232317e+02  7.610568e+01
[37,]   37 0.44426199  0.4891436  58729.27 -3.124327e+01  6.387982e+00
[38,]   38 0.45687387  0.4920889  58729.07 -7.787559e+00  2.901468e+01
[39,]   39 0.45973203  0.4896899  58729.12  1.416613e+01 -6.353540e+01
[40,]   40 0.45780032  0.4913113  58729.06 -6.772003e-01 -7.448851e-01
[41,]   41 0.45817395  0.4913990  58729.06 -2.964658e-02 -2.176545e-02
[42,]   42 0.45819011  0.4914024  58729.06 -3.874447e-05  1.477019e-05

