[22;0t]0;IPython: scripts/01_msprime_simulations$par
[1] 0.0000010000 0.0001243659

$value
[1] -87.72485

$counts
function gradient 
      41       41 

$convergence
[1] 52

$message
[1] "ERROR: ABNORMAL_TERMINATION_IN_LNSRCH"

$loginfo
      step  par1         par2          fn       gr1          gr2
 [1,]    1 1e-01 1.000000e-02   331.40920  2256.180    2786.0057
 [2,]    2 1e-06 1.000000e-06   105.86626 41946.601 -181966.6813
 [3,]    3 1e-06 1.000000e+01 24350.95418  2416.099    2323.8995
 [4,]    4 1e-06 3.267335e+00  8216.71221  2416.074    2468.6642
 [5,]    5 1e-06 1.067303e+00  2736.16782  2415.985    2511.7854
 [6,]    6 1e-06 3.487524e-01   929.22690  2415.700    2512.0897
 [7,]    7 1e-06 1.140859e-01   342.67625  2414.824    2470.0499
 [8,]    8 1e-06 3.743137e-02   156.81166  2412.154    2328.1280
 [9,]    9 1e-06 1.237220e-02   101.96450  2403.631    1895.7781
[10,]   10 1e-06 1.224464e-02   101.72310  2403.487    1889.0445
[11,]   11 1e-06 1.173441e-02   100.76639  2402.876    1860.6452
[12,]   12 1e-06 9.693488e-03    97.10604  2399.664    1717.1373
[13,]   13 1e-06 1.529805e-03    89.85635  5070.771    1124.9904
[14,]   14 1e-06 1.000000e-06   105.86626 41946.601 -181966.6813
[15,]   15 1e-06 1.017207e-03    89.20577  6773.570    1058.0778
[16,]   16 1e-06 5.091035e-04    88.61008 10071.511    1618.3731
[17,]   17 1e-06 2.723393e-04    88.13719 12035.630    2495.9316
[18,]   18 1e-06 2.576241e-04    88.10001 12039.166    2560.6749
[19,]   19 1e-06 2.477318e-04    88.07439 12018.648    2601.1759
[20,]   20 1e-06 1.243659e-04    87.72485  8570.378   -2339.4567
[21,]   21 1e-06 1.000000e+01 24350.95418  2416.099    2323.8995
[22,]   22 1e-06 1.352999e+00  3453.12256  2416.013    2507.1085
[23,]   23 1e-06 1.828479e-01   513.51827  2415.314    2494.9130
[24,]   24 1e-06 2.615097e-02   131.00614  2410.426    2236.1829
[25,]   25 1e-06 4.803073e-03    90.28965  2375.286     876.7407
[26,]   26 1e-06 1.358626e-03    89.63279  5816.661    1367.6047
[27,]   27 1e-06 3.330548e-04    88.27933 11734.480    2221.5946
[28,]   28 1e-06 1.502907e-04    87.79842 10007.254    1617.2733
[29,]   29 1e-06 1.272520e-04    87.73266  8754.183   -1557.8760
[30,]   30 1e-06 1.246233e-04    87.72554  8587.011   -2262.8627
[31,]   31 1e-06 1.243878e-04    87.72491  8571.798   -2332.8649
[32,]   32 1e-06 1.243677e-04    87.72485  8570.499   -2338.8967
[33,]   33 1e-06 1.243660e-04    87.72485  8570.389   -2339.4092
[34,]   34 1e-06 1.243659e-04    87.72485  8570.379   -2339.4527
[35,]   35 1e-06 1.243659e-04    87.72485  8570.378   -2339.4564
[36,]   36 1e-06 1.243659e-04    87.72485  8570.378   -2339.4567
[37,]   37 1e-06 1.243659e-04    87.72485  8570.378   -2339.4567
[38,]   38 1e-06 1.243659e-04    87.72485  8570.378   -2339.4567
[39,]   39 1e-06 1.243659e-04    87.72485  8570.378   -2339.4567
[40,]   40 1e-06 1.243659e-04    87.72485  8570.378   -2339.4567

