[22;0t]0;IPython: scripts/01_msprime_simulations$par
[1] 0.005908476 0.000959848

$value
[1] -765.1623

$counts
function gradient 
      28       28 

$convergence
[1] 0

$message
[1] "CONVERGENCE: REL_REDUCTION_OF_F <= FACTR*EPSMCH"

$loginfo
      step        par1         par2        fn           gr1           gr2
 [1,]    1 0.100000000 0.0100000000  970.4430  1.543045e+03  7.618707e+03
 [2,]    2 0.000001000 0.0000010000 1212.2412  1.072069e+05 -4.077463e+06
 [3,]    3 0.054804821 0.0054808888  866.2979  9.901737e+02  1.336002e+04
 [4,]    4 0.019145517 0.0019152794  779.5947  1.964557e+02  2.040616e+04
 [5,]    5 0.006510136 0.0006518550  769.3565  3.630009e+02 -3.412700e+04
 [6,]    6 0.013798859 0.0013806618  769.1365  9.854748e+01  1.433097e+04
 [7,]    7 0.003464798 0.0000010000 1299.7720  5.771766e+03 -4.303591e+06
 [8,]    8 0.010640238 0.0009589661  765.5406  1.108647e+02 -2.173805e+03
 [9,]    9 0.010042755 0.0009928439  765.4564  9.891783e+01  1.956139e+02
[10,]   10 0.007664150 0.0010029973  765.2694  5.938750e+01  1.567638e+03
[11,]   11 0.003653696 0.0009788052  765.5122 -3.605786e+02  2.804419e+03
[12,]   12 0.006242836 0.0009944236  765.2039  1.596400e+00  1.747977e+03
[13,]   13 0.005858947 0.0009670878  765.1665 -8.627674e+00  4.515881e+02
[14,]   14 0.005992392 0.0009590680  765.1623  6.046705e+00 -1.072840e+02
[15,]   15 0.005908476 0.0009598480  765.1623 -2.951934e-01 -5.099289e+00
[16,]   16 0.005914630 0.0009600264  765.1624  2.463808e-02  1.380871e+00
[17,]   17 0.005908523 0.0009598493  765.1623 -2.927553e-01 -5.049999e+00
[18,]   18 0.005908477 0.0009598480  765.1623 -2.951747e-01 -5.098910e+00
[19,]   19 0.005908476 0.0009598480  765.1623 -2.951933e-01 -5.099286e+00
[20,]   20 0.005908476 0.0009598480  765.1623 -2.951934e-01 -5.099289e+00
[21,]   21 0.005908476 0.0009598480  765.1623 -2.951934e-01 -5.099289e+00
[22,]   22 0.005908476 0.0009598480  765.1623 -2.951934e-01 -5.099287e+00
[23,]   23 0.005908476 0.0009598480  765.1623 -2.951934e-01 -5.099289e+00
[24,]   24 0.005908476 0.0009598480  765.1623 -2.951934e-01 -5.099289e+00
[25,]   25 0.005908476 0.0009598480  765.1623 -2.951934e-01 -5.099289e+00
[26,]   26 0.005908476 0.0009598480  765.1623 -2.951934e-01 -5.099289e+00
[27,]   27 0.005908476 0.0009598480  765.1623 -2.951934e-01 -5.099289e+00
[28,]   28 0.005908476 0.0009598480  765.1623 -2.951934e-01 -5.099289e+00

