[22;0t]0;IPython: scripts/01_msprime_simulations$par
[1] 0.0549762551 0.0005668061

$value
[1] -478.3631

$counts
function gradient 
      31       31 

$convergence
[1] 0

$message
[1] "CONVERGENCE: REL_REDUCTION_OF_F <= FACTR*EPSMCH"

$loginfo
      step        par1         par2       fn           gr1           gr2
 [1,]    1 0.100000000 0.0100000000 702.7822  1.884847e+03  3.607292e+03
 [2,]    2 0.000001000 0.0000010000 702.6019  1.044005e+05 -2.185166e+06
 [3,]    3 0.041836949 0.0041842184 570.9487  1.254992e+03  1.100126e+04
 [4,]    4 0.014917530 0.0014925188 500.1316  2.142051e+02  2.654753e+04
 [5,]    5 0.006613114 0.0006621519 480.0720 -1.345717e+02  1.225908e+04
 [6,]    6 0.006158073 0.0000010000 765.9025  1.128697e+03 -2.448821e+06
 [7,]    7 0.006500014 0.0004978234 479.2487 -7.067142e+01 -6.825622e+03
 [8,]    8 0.013164260 0.0005793276 478.7817 -4.940228e+01  2.889823e+03
 [9,]    9 0.017606097 0.0005792476 478.6114 -2.892685e+01  2.309426e+03
[10,]   10 0.023571915 0.0005680130 478.4645 -1.337268e+01  3.413947e+02
[11,]   11 0.028918522 0.0005677832 478.4122 -6.786903e+00  1.655275e+02
[12,]   12 0.034430753 0.0005676545 478.3853 -3.302067e+00  9.994429e+01
[13,]   13 0.039598054 0.0005644918 478.3702 -1.621392e+00 -4.073431e+02
[14,]   14 0.049322863 0.0005827346 478.4002 -2.326815e-01  2.493160e+03
[15,]   15 0.040924321 0.0005669798 478.3704 -1.338296e+00 -8.251251e+00
[16,]   16 0.039903771 0.0005650653 478.3701 -1.552513e+00 -3.153109e+02
[17,]   17 0.045880263 0.0005677144 478.3665 -6.072827e-01  1.217527e+02
[18,]   18 0.049672285 0.0005670796 478.3642 -2.862170e-01  3.069836e+01
[19,]   19 0.053061537 0.0005668967 478.3633 -1.032910e-01  1.079767e+01
[20,]   20 0.054976255 0.0005668061 478.3631 -3.017688e-02  1.261640e+00
[21,]   21 0.055824930 0.0005672419 478.3636 -2.134009e-03  7.513135e+01
[22,]   22 0.054983852 0.0005668100 478.3631 -2.991216e-02  1.922777e+00
[23,]   23 0.054976324 0.0005668062 478.3631 -3.017444e-02  1.267674e+00
[24,]   24 0.054976256 0.0005668061 478.3631 -3.017683e-02  1.261696e+00
[25,]   25 0.054976255 0.0005668061 478.3631 -3.017688e-02  1.261641e+00
[26,]   26 0.054976255 0.0005668061 478.3631 -3.017688e-02  1.261640e+00
[27,]   27 0.054976255 0.0005668061 478.3631 -3.017688e-02  1.261640e+00
[28,]   28 0.054976255 0.0005668061 478.3631 -3.017689e-02  1.261640e+00
[29,]   29 0.054976255 0.0005668061 478.3631 -3.017688e-02  1.261640e+00
[30,]   30 0.054976255 0.0005668061 478.3631 -3.017688e-02  1.261640e+00
[31,]   31 0.054976255 0.0005668061 478.3631 -3.017688e-02  1.261640e+00

