[22;0t]0;IPython: scripts/01_msprime_simulations$par
[1] 0.0019445792 0.0004750429

$value
[1] -398.7726

$counts
function gradient 
      37       37 

$convergence
[1] 0

$message
[1] "CONVERGENCE: REL_REDUCTION_OF_F <= FACTR*EPSMCH"

$loginfo
      step        par1         par2       fn           gr1           gr2
 [1,]    1 0.100000000 0.0100000000 617.7782  1.926430e+03  3.978936e+03
 [2,]    2 0.000001000 0.0000010000 584.7328  9.418485e+04 -1.770207e+06
 [3,]    3 0.097270203 0.0097270449 611.4413  1.915058e+03  4.035595e+03
 [4,]    4 0.048635602 0.0048640225 500.3377  1.492843e+03  8.261054e+03
 [5,]    5 0.017164798 0.0017172254 421.9609  6.242773e+02  1.842380e+04
 [6,]    6 0.007539816 0.0007548137 401.3635  1.628387e+02  1.254450e+04
 [7,]    7 0.000001000 0.0000010000 584.7328  9.418485e+04 -1.770207e+06
 [8,]    8 0.006640332 0.0006648734 400.2121  1.410030e+02  9.150114e+03
 [9,]    9 0.000001000 0.0000010000 584.7328  9.418485e+04 -1.770207e+06
[10,]   10 0.006291252 0.0006299686 399.8581  1.377096e+02  7.394595e+03
[11,]   11 0.004334975 0.0004592293 399.2147  2.085816e+02 -7.426218e+03
[12,]   12 0.004816036 0.0005195497 399.1499  1.568051e+02 -4.488770e+02
[13,]   13 0.004575909 0.0005108373 399.1101  1.604439e+02 -1.172175e+03
[14,]   14 0.002398053 0.0004607343 398.8319  1.461286e+02 -3.941509e+03
[15,]   15 0.000001000 0.0004302302 406.8876 -4.958638e+04  2.137695e+03
[16,]   16 0.001645554 0.0004511582 398.7806  1.196813e+01 -2.871335e+03
[17,]   17 0.001954859 0.0004726561 398.7728  3.884813e+01 -1.331478e+03
[18,]   18 0.001904628 0.0004843184 398.7786 -5.303739e+00  5.867237e+01
[19,]   19 0.001944579 0.0004750429 398.7726  2.980908e+01 -1.036836e+03
[20,]   20 0.001918515 0.0004836822 398.7778  2.041508e-01 -4.365991e+01
[21,]   21 0.001940442 0.0004764144 398.7729  2.507372e+01 -8.748134e+02
[22,]   22 0.001943822 0.0004752939 398.7726  2.894144e+01 -1.007058e+03
[23,]   23 0.001944437 0.0004750900 398.7726  2.964622e+01 -1.031243e+03
[24,]   24 0.001944552 0.0004750518 398.7726  2.977837e+01 -1.035781e+03
[25,]   25 0.001944574 0.0004750446 398.7726  2.980329e+01 -1.036637e+03
[26,]   26 0.001944578 0.0004750432 398.7726  2.980799e+01 -1.036798e+03
[27,]   27 0.001944579 0.0004750429 398.7726  2.980888e+01 -1.036829e+03
[28,]   28 0.001944579 0.0004750429 398.7726  2.980904e+01 -1.036834e+03
[29,]   29 0.001944579 0.0004750429 398.7726  2.980908e+01 -1.036836e+03
[30,]   30 0.001944579 0.0004750429 398.7726  2.980908e+01 -1.036836e+03
[31,]   31 0.001944579 0.0004750429 398.7726  2.980908e+01 -1.036836e+03
[32,]   32 0.001944579 0.0004750429 398.7726  2.980908e+01 -1.036836e+03
[33,]   33 0.001944579 0.0004750429 398.7726  2.980908e+01 -1.036836e+03
[34,]   34 0.001944579 0.0004750429 398.7726  2.980908e+01 -1.036836e+03
[35,]   35 0.001944579 0.0004750429 398.7726  2.980908e+01 -1.036836e+03
[36,]   36 0.001944579 0.0004750429 398.7726  2.980908e+01 -1.036836e+03
[37,]   37 0.001944579 0.0004750429 398.7726  2.980908e+01 -1.036836e+03

