[22;0t]0;IPython: scripts/01_msprime_simulations$par
[1] 0.0064135 0.0097424

$value
[1] -4740.421

$counts
function gradient 
      35       35 

$convergence
[1] 0

$message
[1] "CONVERGENCE: REL_REDUCTION_OF_F <= FACTR*EPSMCH"

$loginfo
      step        par1         par2        fn           gr1           gr2
 [1,]    1 0.100000000  0.010000000  4814.406  6.286625e+02 -6.722332e+03
 [2,]    2 0.000001000 10.000000000 25464.762  2.415987e+03  2.230909e+03
 [3,]    3 0.076674506  2.340240139  8525.258  2.413222e+03  2.111710e+03
 [4,]    4 0.094028725  0.606536387  5393.859  2.369735e+03  1.158946e+03
 [5,]    5 0.098338446  0.175990889  5178.243  2.833371e+03 -2.476151e+02
 [6,]    6 0.099669435  0.043023816  5089.395  1.876230e+03  5.865662e+03
 [7,]    7 0.099962431  0.013753223  4817.626  5.860093e+02  6.233166e+03
 [8,]    8 0.099985104  0.011488094  4809.790  5.965774e+02  5.408110e+01
 [9,]    9 0.099854142  0.011476909  4809.711  5.969120e+02  1.487126e+01
[10,]   10 0.099330293  0.011432169  4809.401  5.982752e+02 -1.429282e+02
[11,]   11 0.097234897  0.011253212  4808.224  6.041410e+02 -7.898135e+02
[12,]   12 0.051713747  0.009096183  4787.065  8.645202e+02 -9.506682e+03
[13,]   13 0.000001000  0.007645425  4850.461 -5.229698e+05 -3.374765e+02
[14,]   14 0.030283921  0.008494987  4771.732  1.175442e+03 -1.049358e+04
[15,]   15 0.010205309  0.007931698  4748.885  1.486073e+03 -7.326696e+03
[16,]   16 0.003541456  0.007744749  4745.356 -1.407032e+03 -3.386138e+03
[17,]   17 0.007138613  0.007845664  4745.428  1.039664e+03 -5.861880e+03
[18,]   18 0.003541456  0.007744749  4745.356 -1.407032e+03 -3.386138e+03
[19,]   19 0.040550285  0.009658205  4773.131  8.960064e+02 -5.278859e+03
[20,]   20 0.010722981  0.008116053  4748.352  1.427593e+03 -6.648058e+03
[21,]   21 0.005600757  0.007851221  4744.226  4.168334e+02 -4.731345e+03
[22,]   22 0.005788394  0.008369250  4742.286  1.833730e+02 -3.040996e+03
[23,]   23 0.006436767  0.009370396  4740.552  9.319583e+01 -7.224982e+02
[24,]   24 0.006552699  0.009660823  4740.433  7.240326e+01 -1.756137e+02
[25,]   25 0.006504330  0.009736897  4740.423  3.822327e+01 -2.742431e+01
[26,]   26 0.006444284  0.009749601  4740.421  1.145163e+01  6.424168e+00
[27,]   27 0.006416283  0.009745358  4740.421  6.772379e-01  4.169394e+00
[28,]   28 0.006413500  0.009742400  4740.421  7.506077e-02 -5.297391e-01
[29,]   29 0.006413467  0.009742693  4740.421  6.372388e-03 -5.783236e-03
[30,]   30 0.006413498  0.009742420  4740.421  7.035549e-02 -4.938508e-01
[31,]   31 0.006413500  0.009742401  4740.421  7.471612e-02 -5.271092e-01
[32,]   32 0.006413500  0.009742400  4740.421  7.503489e-02 -5.295431e-01
[33,]   33 0.006413500  0.009742400  4740.421  7.505860e-02 -5.297245e-01
[34,]   34 0.006413500  0.009742400  4740.421  7.505850e-02 -5.297229e-01
[35,]   35 0.006413500  0.009742400  4740.421  7.505860e-02 -5.297245e-01

