[22;0t]0;IPython: scripts/01_msprime_simulations$par
[1] 9.13843897 0.01140896

$value
[1] -6183.225

$counts
function gradient 
      39       39 

$convergence
[1] 0

$message
[1] "CONVERGENCE: REL_REDUCTION_OF_F <= FACTR*EPSMCH"

$loginfo
      step       par1         par2        fn           gr1           gr2
 [1,]    1  0.1000000  0.010000000  6218.560 -1.533799e+02 -3.847363e+03
 [2,]    2 10.0000000 10.000000000 48735.145  2.172485e+03  2.210229e+03
 [3,]    3  1.4425320  1.364736868 10679.815  2.362855e+03  1.691590e+03
 [4,]    4  0.3193518  0.231345943  7107.195  2.282672e+03 -1.727718e+03
 [5,]    5  0.1250032  0.035230522  6686.932  1.054501e+03  1.638026e+04
 [6,]    6  0.1011192  0.011129381  6218.550 -2.035775e+02  3.789987e+03
 [7,]    7  0.1006426  0.010595633  6217.483 -1.826638e+02  4.685885e+02
 [8,]    8  0.1006564  0.010546628  6217.465 -1.803779e+02  1.362370e+02
 [9,]    9  0.1007575  0.010519736  6217.446 -1.789273e+02 -5.244999e+01
[10,]   10  0.1014741  0.010436867  6217.349 -1.736432e+02 -6.626256e+02
[11,]   11  0.1032918  0.010338683  6217.144 -1.656100e+02 -1.452783e+03
[12,]   12  0.1088466  0.010194694  6216.574 -1.494702e+02 -2.797314e+03
[13,]   13  0.1230142  0.010046817  6215.195 -1.235078e+02 -4.627554e+03
[14,]   14  0.1598874  0.009987706  6211.689 -8.769439e+01 -6.544442e+03
[15,]   15  0.2563357  0.010304586  6203.220 -5.114801e+01 -6.021103e+03
[16,]   16  0.4076214  0.012811886  6202.514 -3.536411e+01  9.773162e+03
[17,]   17  0.4152742  0.011591509  6194.607 -3.066465e+01  2.438009e+03
[18,]   18  0.4881183  0.011200565  6192.376 -2.145188e+01 -6.568419e+02
[19,]   19  0.6231460  0.011180572  6190.103 -1.339077e+01 -1.174201e+03
[20,]   20  0.8682028  0.011549327  6187.721 -7.200254e+00  1.371404e+03
[21,]   21  1.0834102  0.011520459  6186.455 -4.523537e+00  1.061166e+03
[22,]   22  1.4462659  0.011414506  6185.197 -2.360083e+00  1.467995e+02
[23,]   23  1.8476370  0.011410596  6184.488 -1.304424e+00  7.109494e+01
[24,]   24  2.3705004  0.011782160  6184.565 -6.871405e-01  3.010645e+03
[25,]   25  2.0761183  0.011572962  6184.348 -9.751607e-01  1.369890e+03
[26,]   26  2.5049550  0.011464540  6183.919 -5.925013e-01  4.852116e+02
[27,]   27  3.1487372  0.011396329  6183.625 -3.157081e-01 -8.999106e+01
[28,]   28  3.8571180  0.011394531  6183.457 -1.755749e-01 -1.121789e+02
[29,]   29  4.7451171  0.011406515  6183.343 -9.115741e-02 -1.572764e+01
[30,]   30  5.7016954  0.011410499  6183.279 -4.650205e-02  1.557323e+01
[31,]   31  7.2937511  0.010558350  6186.468 -8.032293e-03 -7.811632e+03
[32,]   32  5.7235141  0.011398821  6183.279 -4.576902e-02 -8.330484e+01
[33,]   33  6.7091255  0.011405867  6183.246 -2.223357e-02 -2.499253e+01
[34,]   34  7.6399762  0.011408985  6183.231 -9.993637e-03  7.391950e-01
[35,]   35  8.3998158  0.011408981  6183.226 -3.997666e-03  3.431879e-01
[36,]   36  8.9064195  0.011408968  6183.225 -1.255758e-03  6.733337e-02
[37,]   37  9.1384378  0.011408970  6183.225 -2.492561e-04  1.576906e-02
[38,]   38  9.1828387  0.011154098  6183.505  2.687284e-04 -2.218685e+03
[39,]   39  9.1384390  0.011408963  6183.225 -2.597790e-04 -4.326183e-02

