[22;0t]0;IPython: scripts/01_msprime_simulations$par
[1] 0.01016448 0.10798182

$value
[1] -30660.89

$counts
function gradient 
      41       41 

$convergence
[1] 0

$message
[1] "CONVERGENCE: REL_REDUCTION_OF_F <= FACTR*EPSMCH"

$loginfo
      step        par1       par2        fn           gr1           gr2
 [1,]    1 0.100000000  0.0100000  41599.99  2.375483e+04 -8.115125e+05
 [2,]    2 0.000001000 10.0000000  37661.22  2.407397e+03  1.212638e+03
 [3,]    3 0.066660213  3.3406780  31937.71  1.537447e+03  4.947258e+02
 [4,]    4 0.060323955  3.3385385  31927.44  1.363214e+03  4.976135e+02
 [5,]    5 0.004258097  3.3156274  32008.14 -1.794359e+04  4.908581e+02
 [6,]    6 0.036668161  3.3288717  31901.85  2.066523e+02  5.087524e+02
 [7,]    7 0.028124559  3.3221710  31900.02 -6.509464e+02  5.133171e+02
 [8,]    8 0.030586935  3.3199475  31897.65 -3.567644e+02  5.130538e+02
 [9,]    9 0.037428637  3.2950224  31884.70  2.806876e+02  5.149396e+02
[10,]   10 0.054902949  3.1759852  31838.07  1.265228e+03  5.091482e+02
[11,]   11 0.091872996  2.8133654  31723.85  2.345200e+03  4.883967e+02
[12,]   12 0.159207285  1.9613255  31636.40  3.540992e+03  1.281287e+02
[13,]   13 0.119691987  2.1889542  31550.25  3.132449e+03  2.785145e+02
[14,]   14 0.000001000  2.0876934  32110.54 -3.300320e+06  3.281116e+02
[15,]   15 0.067341332  2.1446646  31388.80  2.372492e+03  3.019201e+02
[16,]   16 0.000001000  1.6182144  32025.93 -3.651953e+06  1.894148e+02
[17,]   17 0.039346992  1.9258117  31279.08  1.278098e+03  2.457418e+02
[18,]   18 0.001266077  1.0734316  31309.71 -7.864323e+04  2.768941e+02
[19,]   19 0.018600677  1.4614387  31167.12 -1.595029e+03  1.430185e+02
[20,]   20 0.043003105  0.4545185  31013.00  5.949913e+03  4.555236e+02
[21,]   21 0.054018207  0.0000010 132663.66  0.000000e+00 -4.765917e+08
[22,]   22 0.046676908  0.3029259  30957.20  5.794228e+03  7.009727e+02
[23,]   23 0.051567653  0.1011185  30883.54  5.372182e+03 -3.508978e+03
[24,]   24 0.047329693  0.2759899  30940.89  5.615124e+03  7.839311e+02
[25,]   25 0.050268995  0.1547052  30842.46  4.437645e+03  7.290378e+02
[26,]   26 0.011535494  0.0000010 129730.86  9.868821e+04 -4.765167e+08
[27,]   27 0.037347412  0.1030955  30798.58  5.744441e+03 -2.339059e+03
[28,]   28 0.000001000  0.1219763  31589.97 -4.261492e+06  1.073123e+02
[29,]   29 0.022666119  0.1105178  30705.57  5.189429e+03 -6.992685e+02
[30,]   30 0.000001000  0.1083617  31581.53 -4.280898e+06  1.091516e+03
[31,]   31 0.014519684  0.1097428  30669.15  3.340238e+03 -2.413384e+02
[32,]   32 0.000001000  0.1084082  31581.58 -4.281088e+06  1.097052e+03
[33,]   33 0.009572271  0.1092880  30661.24 -9.183920e+02  1.206013e+02
[34,]   34 0.010580137  0.1087446  30660.99  4.360722e+02  7.400198e+00
[35,]   35 0.010248935  0.1086287  30660.91  5.093171e+01  2.871081e+01
[36,]   36 0.010186890  0.1084551  30660.90 -1.200062e+01  2.440396e+01
[37,]   37 0.010148600  0.1082036  30660.90 -3.915260e+01  1.372504e+01
[38,]   38 0.010151059  0.1080146  30660.89 -1.995136e+01  2.945778e+00
[39,]   39 0.010162309  0.1079785  30660.89 -2.606632e+00 -4.729956e-02
[40,]   40 0.010164481  0.1079818  30660.89 -1.440816e-01 -4.321908e-02

