[22;0t]0;IPython: scripts/01_msprime_simulations$par
[1] 10.000000000  0.004359669

$value
[1] -2796.944

$counts
function gradient 
      69       69 

$convergence
[1] 0

$message
[1] "CONVERGENCE: REL_REDUCTION_OF_F <= FACTR*EPSMCH"

$loginfo
      step        par1        par2       fn           gr1           gr2
 [1,]    1  0.10000000 0.010000000 2922.282  1.945066e+02  2.584236e+04
 [2,]    2  0.00000100 0.000001000 5401.256  1.212526e+05 -1.963087e+07
 [3,]    3  0.06462158 0.006462476 2832.476 -3.576917e+01  2.101497e+04
 [4,]    4  0.04050069 0.000001000 5903.994  1.505440e+03 -1.988683e+07
 [5,]    5  0.05653170 0.004295369 2803.005 -5.723302e+01  2.351751e+03
 [6,]    6  0.05721246 0.004046318 2802.920 -4.137673e+01 -2.107057e+03
 [7,]    7  0.05823433 0.004161326 2802.755 -4.813309e+01 -3.449216e+01
 [8,]    8  0.06014297 0.004193194 2802.669 -4.853956e+01  4.204675e+02
 [9,]    9  0.08039335 0.004385467 2802.050 -4.324220e+01  2.825381e+03
[10,]   10  0.10189809 0.004476326 2801.514 -3.469155e+01  3.744462e+03
[11,]   11  0.14518288 0.004515173 2800.478 -2.120374e+01  3.735703e+03
[12,]   12  0.20292068 0.000001000 5969.561  1.184230e+02 -1.991626e+07
[13,]   13  0.16377986 0.003061186 2819.594  9.784702e+00 -3.640586e+04
[14,]   14  0.14776749 0.004313098 2800.030 -1.826351e+01  8.629550e+01
[15,]   15  0.20666457 0.004342837 2799.216 -1.041488e+01  1.324219e+02
[16,]   16  0.28415144 0.004371075 2798.625 -5.692668e+00  4.190318e+02
[17,]   17  0.37557266 0.004362574 2798.228 -3.290610e+00  1.359872e+02
[18,]   18  0.50156377 0.004364872 2797.913 -1.902855e+00  1.339313e+02
[19,]   19  0.67401779 0.004310784 2797.689 -1.091396e+00 -1.058755e+03
[20,]   20  1.05275819 0.004458671 2797.499 -4.713597e-01  2.125467e+03
[21,]   21  1.18344616 0.004390573 2797.347 -3.823711e-01  6.785338e+02
[22,]   22  1.49120373 0.004343031 2797.243 -2.503972e-01 -3.680195e+02
[23,]   23  1.87300504 0.004334262 2797.170 -1.639981e-01 -5.673121e+02
[24,]   24  2.57017119 0.004347281 2797.080 -8.765883e-02 -2.759786e+02
[25,]   25  3.36902597 0.004360055 2797.027 -4.821648e-02  1.092901e+01
[26,]   26  4.32527479 0.004362361 2796.993 -2.618501e-02  6.228365e+01
[27,]   27  5.88895140 0.004176315 2797.353 -1.089544e-02 -4.333691e+03
[28,]   28  4.42645418 0.004350323 2796.991 -2.466780e-02 -2.101338e+02
[29,]   29  5.51963728 0.004356536 2796.970 -1.363867e-02 -7.004525e+01
[30,]   30  6.87010083 0.004359750 2796.956 -7.177075e-03  2.308434e+00
[31,]   31  8.36850846 0.004359789 2796.948 -3.727528e-03  2.910952e+00
[32,]   32  9.98765377 0.004359661 2796.944 -1.870501e-03 -1.997095e-01
[33,]   33 10.00000000 0.004359669 2796.944 -1.866651e-03 -5.469055e-03
[34,]   34 10.00000000 0.004359673 2796.944 -1.861367e-03  7.010264e-02
[35,]   35 10.00000000 0.004359669 2796.944 -1.851272e-03 -5.468198e-03
[36,]   36 10.00000000 0.004359669 2796.944 -1.866651e-03 -5.469055e-03
[37,]   37 10.00000000 0.004359669 2796.944 -1.872700e-03 -5.469112e-03
[38,]   38 10.00000000 0.004359669 2796.944 -1.866651e-03 -5.469055e-03
[39,]   39 10.00000000 0.004359669 2796.944 -1.873277e-03 -5.473280e-03
[40,]   40 10.00000000 0.004359669 2796.944 -1.862127e-03 -5.472662e-03
[41,]   41 10.00000000 0.004359669 2796.944 -1.873277e-03 -5.473280e-03
[42,]   42 10.00000000 0.004359669 2796.944 -1.862791e-03 -5.470540e-03
[43,]   43 10.00000000 0.004359669 2796.944 -1.873277e-03 -5.473280e-03
[44,]   44 10.00000000 0.004359669 2796.944 -1.866197e-03 -5.471295e-03
[45,]   45 10.00000000 0.004359669 2796.944 -1.873277e-03 -5.473280e-03
[46,]   46 10.00000000 0.004359669 2796.944 -1.871986e-03 -5.471904e-03
[47,]   47 10.00000000 0.009828725 2986.343  1.096696e-01  5.455552e+04
[48,]   48 10.00000000 0.004359670 2796.944 -1.871717e-03  1.407202e-03
[49,]   49 10.00000000 0.004359669 2796.944 -1.870330e-03 -5.473789e-03
[50,]   50 10.00000000 0.004359669 2796.944 -1.874218e-03 -5.475652e-03
[51,]   51 10.00000000 0.004359669 2796.944 -1.868120e-03 -2.032784e-03
[52,]   52 10.00000000 0.004359669 2796.944 -1.874196e-03 -5.474217e-03
[53,]   53 10.00000000 0.004359669 2796.944 -1.859639e-03 -3.751543e-03
[54,]   54 10.00000000 0.004359669 2796.944 -1.873000e-03 -5.470970e-03
[55,]   55 10.00000000 0.004359669 2796.944 -1.858975e-03 -4.615536e-03
[56,]   56 10.00000000 0.004359669 2796.944 -1.872891e-03 -5.471068e-03
[57,]   57 10.00000000 0.004359669 2796.944 -1.872772e-03 -5.471049e-03
[58,]   58 10.00000000 0.004359669 2796.944 -1.859466e-03 -5.034635e-03
[59,]   59 10.00000000 0.004359669 2796.944 -1.867834e-03 -5.470940e-03
[60,]   60 10.00000000 0.004359669 2796.944 -1.872772e-03 -5.471049e-03

