[22;0t]0;IPython: scripts/01_msprime_simulations$par
[1] 0.004824963 0.110496717

$value
[1] -30072.71

$counts
function gradient 
      67       67 

$convergence
[1] 52

$message
[1] "ERROR: ABNORMAL_TERMINATION_IN_LNSRCH"

$loginfo
      step        par1        par2        fn           gr1           gr2
 [1,]    1 0.100000000  0.01000000  41193.41  2.373081e+04 -8.030093e+05
 [2,]    2 0.000001000 10.00000000  37528.43 -3.640460e+04  1.223776e+03
 [3,]    3 0.066653589  3.34133973  31481.00  2.225118e+03  4.849450e+02
 [4,]    4 0.057401683  3.33917383  31460.08  2.061412e+03  4.896419e+02
 [5,]    5 0.020394056  3.33051025  31405.24  1.064861e+01  5.050220e+02
 [6,]    6 0.017672890  3.32731185  31404.20 -4.554437e+02  5.055081e+02
 [7,]    7 0.016849936  3.31477152  31398.30 -6.198019e+02  5.049412e+02
 [8,]    8 0.013558119  3.26461020  31376.33 -1.435371e+03  5.028134e+02
 [9,]    9 0.000001000  2.67423231  31488.21 -1.937979e+06  2.802091e+02
[10,]   10 0.006655627  2.96402430  31243.58 -4.585417e+03  5.234925e+02
[11,]   11 0.000001000  2.11372164  31297.32 -2.499431e+06  3.201383e+02
[12,]   12 0.002986267  2.49516756  31037.70 -1.802358e+04  6.002006e+02
[13,]   13 0.001015991  2.24341325  30960.68 -6.245673e+04  5.158422e+02
[14,]   14 0.005855259  0.00000100 127852.28  1.085101e+05 -4.717554e+08
[15,]   15 0.002646885  1.48735506  30612.04 -2.180459e+04  3.865581e+02
[16,]   16 0.001755196  0.00000100 127383.45  1.203142e+05 -4.717473e+08
[17,]   17 0.002348424  0.98951655  30419.44 -2.708792e+04  3.423769e+02
[18,]   18 0.004604896  0.00000100 127714.46  1.119824e+05 -4.717523e+08
[19,]   19 0.003102734  0.65873425  30316.46 -1.883593e+04  4.338554e+02
[20,]   20 0.003853815  0.32936762  30197.22 -1.177294e+04  4.846932e+02
[21,]   21 0.004354220  0.10992792  30073.18 -2.107365e+03  1.633243e+01
[22,]   22 0.004542774  0.06734911  30182.74  9.042575e+03 -8.263314e+03
[23,]   23 0.004367306  0.10697287  30073.47 -1.638852e+03 -2.278192e+02
[24,]   24 0.004355622  0.10961142  30073.18 -2.057289e+03 -8.755746e+00
[25,]   25 0.004732286  0.11035878  30072.73 -3.739460e+02  7.912287e-01
[26,]   26 0.004814888  0.11048603  30072.71 -4.119599e+01  4.248787e-01
[27,]   27 0.004824963  0.11049672  30072.71 -9.329683e-01  1.571192e-02
[28,]   28 0.004825194  0.11049688  30072.71 -2.431771e-03  1.141780e-04
[29,]   29 0.004824974  0.11049672  30072.71 -8.900605e-01  1.499380e-02
[30,]   30 0.004824964  0.11049672  30072.71 -9.309079e-01  1.567694e-02
[31,]   31 0.004824963  0.11049672  30072.71 -9.328761e-01  1.570996e-02
[32,]   32 0.004824963  0.11049672  30072.71 -9.329671e-01  1.571296e-02
[33,]   33 0.004824963  0.11049672  30072.71 -9.329682e-01  1.571196e-02
[34,]   34 0.004824963  0.11049672  30072.71 -9.329683e-01  1.571192e-02
[35,]   35 0.004824963  0.11049672  30072.71 -9.329683e-01  1.571192e-02
[36,]   36 0.004824963  0.11049672  30072.71 -9.329681e-01  1.571188e-02
[37,]   37 0.004824963  0.11049672  30072.71 -9.329683e-01  1.571192e-02
[38,]   38 0.004824963  0.11049672  30072.71 -9.329681e-01  1.571192e-02
[39,]   39 0.004824963  0.11049672  30072.71 -9.329683e-01  1.571192e-02
[40,]   40 0.004824963  0.11049672  30072.71 -9.329682e-01  1.571196e-02
[41,]   41 0.004824963  0.11049672  30072.71 -9.329683e-01  1.571192e-02
[42,]   42 0.937793250  0.09478480  31872.32  5.666230e+02 -2.088682e+04
[43,]   43 0.004914359  0.11049521  30072.73  3.594084e+02 -1.099258e+01
[44,]   44 0.004825178  0.11049671  30072.71 -4.669826e-02 -1.099752e-02
[45,]   45 0.004824973  0.11049672  30072.71 -8.914511e-01  1.446162e-02
[46,]   46 0.004824964  0.11049672  30072.71 -9.309545e-01  1.565191e-02
[47,]   47 0.004824963  0.11049672  30072.71 -9.328859e-01  1.571048e-02
[48,]   48 0.004824963  0.11049672  30072.71 -9.329678e-01  1.571236e-02
[49,]   49 0.004824963  0.11049672  30072.71 -9.329683e-01  1.571192e-02
[50,]   50 0.004824963  0.11049672  30072.71 -9.329683e-01  1.571192e-02
[51,]   51 0.004824963  0.11049672  30072.71 -9.329679e-01  1.571219e-02
[52,]   52 0.004824963  0.11049672  30072.71 -9.329683e-01  1.571192e-02
[53,]   53 0.004824963  0.11049672  30072.71 -9.329681e-01  1.571225e-02
[54,]   54 0.004824963  0.11049672  30072.71 -9.329683e-01  1.571192e-02
[55,]   55 0.004824963  0.11049672  30072.71 -9.329683e-01  1.571196e-02
[56,]   56 0.004824963  0.11049672  30072.71 -9.329683e-01  1.571212e-02
[57,]   57 0.004824963  0.11049672  30072.71 -9.329683e-01  1.571198e-02
[58,]   58 0.004824963  0.11049672  30072.71 -9.329682e-01  1.571198e-02
[59,]   59 0.004824963  0.11049672  30072.71 -9.329684e-01  1.571216e-02
[60,]   60 0.004824963  0.11049672  30072.71 -9.329684e-01  1.571216e-02

