[22;0t]0;IPython: scripts/01_msprime_simulations$par
[1] 0.000001 3.789913

$value
[1] -30361.46

$counts
function gradient 
      11       11 

$convergence
[1] 0

$message
[1] "CONVERGENCE: REL_REDUCTION_OF_F <= FACTR*EPSMCH"

$loginfo
      step       par1      par2       fn       gr1           gr2
 [1,]    1 0.10000000  0.010000 37471.42 18623.754 -6.807986e+05
 [2,]    2 0.00000100 10.000000 35999.53  2416.091  1.351371e+03
 [3,]    3 0.06667009  3.339691 30560.46  2101.462 -2.362704e+02
 [4,]    4 0.05641154  3.340701 30538.73  2087.176 -2.410445e+02
 [5,]    5 0.01537732  3.344740 30454.42  1907.833 -2.722559e+02
 [6,]    6 0.00000100  3.346254 30426.65  2386.994 -3.069967e+02
 [7,]    7 0.00000100  3.347756 30426.19  2387.484 -3.058164e+02
 [8,]    8 0.00000100  3.736992 30362.32  2414.441 -3.267402e+01
 [9,]    9 0.00000100  3.783553 30361.47  2414.759 -3.877013e+00
[10,]   10 0.00000100  3.789822 30361.46  2414.797 -5.565951e-02
[11,]   11 0.00000100  3.789913 30361.46  2414.796 -7.170638e-04

