[22;0t]0;IPython: scripts/01_msprime_simulations$par
[1] 0.004075873 9.038978337

$value
[1] -62707.24

$counts
function gradient 
      33       33 

$convergence
[1] 0

$message
[1] "CONVERGENCE: REL_REDUCTION_OF_F <= FACTR*EPSMCH"

$loginfo
      step        par1      par2        fn           gr1           gr2
 [1,]    1 0.100000000  0.010000 150324.41  8.686517e+04 -3.943410e+06
 [2,]    2 0.000001000 10.000000  62891.62 -7.579770e+05  8.946724e+01
 [3,]    3 1.762631259 10.000000  69479.24  2.973085e+03 -2.202628e+02
 [4,]    4 0.582943477 10.000000  65348.75  4.146516e+03 -9.764082e+01
 [5,]    5 0.192701240 10.000000  63612.02  4.757690e+03  2.426066e+01
 [6,]    6 0.063805929 10.000000  62993.51  4.737407e+03  6.437169e+01
 [7,]    7 0.021246217 10.000000  62802.71  3.909929e+03  6.635868e+01
 [8,]    8 0.021137184  9.999832  62802.27  3.903340e+03  6.636234e+01
 [9,]    9 0.020701050  9.999159  62800.53  3.876329e+03  6.636395e+01
[10,]   10 0.018956515  9.996469  62793.69  3.756588e+03  6.644198e+01
[11,]   11 0.011978374  9.985709  62769.15  2.954606e+03  6.822190e+01
[12,]   12 0.000001000  9.970680  62889.12 -7.572244e+05  8.070628e+01
[13,]   13 0.007347141  9.979898  62757.64  1.632543e+03  7.138680e+01
[14,]   14 0.001295674  9.972035  62768.18 -1.239885e+04  8.185447e+01
[15,]   15 0.005074861  9.976945  62755.20  1.570747e+02  7.427882e+01
[16,]   16 0.004682829  9.976176  62755.15 -2.324947e+02  7.490530e+01
[17,]   17 0.004768847  9.976154  62755.14 -1.414719e+02  7.472743e+01
[18,]   18 0.004919220  9.975395  62755.07  1.182123e+01  7.429281e+01
[19,]   19 0.005264293  9.971450  62754.84  3.360075e+02  7.295214e+01
[20,]   20 0.005750533  9.960849  62754.35  7.364675e+02  7.035783e+01
[21,]   21 0.006528018  9.931408  62753.14  1.261752e+03  6.508619e+01
[22,]   22 0.007618427  9.862648  62750.54  1.775622e+03  6.188522e+01
[23,]   23 0.010515505  9.603239  62739.51  2.642756e+03  6.345781e+01
[24,]   24 0.023163440  8.228294  62810.89  4.640625e+03 -6.170819e+01
[25,]   25 0.012574827  9.379372  62734.37  3.276177e+03  3.649219e+01
[26,]   26 0.008164334  9.223010  62716.35  2.454758e+03  2.769458e+01
[27,]   27 0.000001000  8.816732  62831.18 -6.543592e+05 -1.131865e+02
[28,]   28 0.005070982  9.069058  62707.88  9.954587e+02  6.565963e+00
[29,]   29 0.002835119  9.029900  62708.42 -2.121823e+03 -5.483178e+00
[30,]   30 0.004082664  9.051749  62707.25  3.660609e+01  2.387317e+00
[31,]   31 0.004088231  9.031925  62707.24  7.323709e+00 -1.292970e+00
[32,]   32 0.004065384  9.039083  62707.24 -7.154907e+00  1.746059e-02
[33,]   33 0.004075873  9.038978  62707.24  5.269504e+00  1.710850e-02

