[22;0t]0;IPython: scripts/01_msprime_simulations$par
[1] 0.0010107043 0.0001960259

$value
[1] -111.2383

$counts
function gradient 
      41       41 

$convergence
[1] 0

$message
[1] "CONVERGENCE: REL_REDUCTION_OF_F <= FACTR*EPSMCH"

$loginfo
      step         par1         par2         fn          gr1           gr2
 [1,]    1 0.1000000000 1.000000e-02   353.7352  2222.138227    2949.26557
 [2,]    2 0.0000010000 1.000000e-06   143.2043 35505.530640 -277283.62735
 [3,]    3 0.0000010000 1.000000e+01 24354.8216  2416.098514    2323.57660
 [4,]    4 0.0000010000 3.289757e+00  8279.4211  2416.073881    2467.25404
 [5,]    5 0.0000010000 1.082128e+00  2784.1552  2415.986891    2508.76600
 [6,]    6 0.0000010000 3.560634e-01   961.6986  2415.709093    2503.94988
 [7,]    7 0.0000010000 1.172766e-01   368.0030  2414.859095    2446.28208
 [8,]    8 0.0000010000 3.872906e-02   180.6058  2412.284283    2257.77424
 [9,]    9 0.0000010000 1.287317e-02   126.9939  2402.697024    1687.85995
[10,]   10 0.0000010000 1.279529e-02   126.8627  2402.574561    1682.66039
[11,]   11 0.0000010000 1.248377e-02   126.3418  2402.059101    1661.21315
[12,]   12 0.0000010000 1.123768e-02   124.3305  2399.484811    1563.52881
[13,]   13 0.0000010000 6.253333e-03   118.1057  2352.132621     783.33437
[14,]   14 0.0000010000 5.204431e-04   116.3047 -9463.314398    1555.11058
[15,]   15 0.0000010000 1.000000e-06   143.2043 35505.530640 -277283.62735
[16,]   16 0.0000010000 5.204431e-04   116.3047 -9463.314398    1555.11058
[17,]   17 0.0688576401 1.000000e-06   154.7860     3.598449 -407000.28047
[18,]   18 0.0239277355 3.399438e-04   122.8915    99.117494   53126.37292
[19,]   19 0.0074231794 4.644514e-04   118.3278  1065.702665   14854.00632
[20,]   20 0.0024577732 5.019096e-04   114.1093   591.101868   11011.26726
[21,]   21 0.0027855927 1.000000e-06   152.8528   441.745384 -403796.79385
[22,]   22 0.0025420423 3.731461e-04   112.7653   530.668438    9582.49110
[23,]   23 0.0024877661 1.000000e-06   152.7099   522.580285 -403309.42336
[24,]   24 0.0025329903 3.110806e-04   112.1918   504.143960    7448.96320
[25,]   25 0.0021030745 9.759211e-05   112.3287   362.671048   -8598.27450
[26,]   26 0.0023466251 2.185350e-04   111.5918   434.996525     760.17218
[27,]   27 0.0018438713 2.010947e-04   111.3820   301.077590   -1444.40371
[28,]   28 0.0007071255 2.129132e-04   111.3665  -416.877368    4001.74656
[29,]   29 0.0013799804 2.059176e-04   111.2874   125.923800      79.58759
[30,]   30 0.0010052704 2.009302e-04   111.2536   -29.287744     769.82056
[31,]   31 0.0010323383 1.966799e-04   111.2404     9.468118     -16.05313
[32,]   32 0.0010107043 1.960259e-04   111.2383     1.065885     -17.49373
[33,]   33 0.0010092702 1.963248e-04   111.2392    -1.423090      38.23230
[34,]   34 0.0010107024 1.960263e-04   111.2383     1.062606     -17.42002
[35,]   35 0.0010107043 1.960259e-04   111.2383     1.065881     -17.49363
[36,]   36 0.0010107043 1.960259e-04   111.2383     1.065885     -17.49373
[37,]   37 0.0010107043 1.960259e-04   111.2383     1.065885     -17.49373
[38,]   38 0.0010107043 1.960259e-04   111.2383     1.065885     -17.49373
[39,]   39 0.0010107043 1.960259e-04   111.2383     1.065885     -17.49373
[40,]   40 0.0010107043 1.960259e-04   111.2383     1.065885     -17.49373
[41,]   41 0.0010107043 1.960259e-04   111.2383     1.065885     -17.49373

