[22;0t]0;IPython: scripts/01_msprime_simulations$par
[1] 0.011289127 0.009525245

$value
[1] -5027.221

$counts
function gradient 
      26       26 

$convergence
[1] 0

$message
[1] "CONVERGENCE: REL_REDUCTION_OF_F <= FACTR*EPSMCH"

$loginfo
      step        par1         par2        fn           gr1           gr2
 [1,]    1 0.100000000  0.010000000  5065.446  3.973975e+02 -3.613368e+03
 [2,]    2 0.000001000 10.000000000 25517.616  2.416088e+03  2.226496e+03
 [3,]    3 0.081199899  1.888148921  7721.840  2.412773e+03  2.010354e+03
 [4,]    4 0.095735870  0.435990895  5411.688  2.359239e+03  6.214159e+02
 [5,]    5 0.098952674  0.114628946  5466.511  2.815355e+03 -6.107037e+02
 [6,]    6 0.099891928  0.020796546  5165.828  6.124099e+02  1.328910e+04
 [7,]    7 0.099990545  0.010944600  5064.326  3.820392e+02  1.026290e+03
 [8,]    8 0.099914152  0.010736180  5064.176  3.847225e+02  1.136111e+02
 [9,]    9 0.099793863  0.010677681  5064.131  3.856652e+02 -1.515456e+02
[10,]   10 0.099149917  0.010533867  5063.951  3.885539e+02 -8.175033e+02
[11,]   11 0.097368291  0.010326968  5063.524  3.942785e+02 -1.808599e+03
[12,]   12 0.091880584  0.009964062  5062.300  4.097451e+02 -3.626084e+03
[13,]   13 0.075647948  0.009312780  5058.707  4.619638e+02 -7.018416e+03
[14,]   14 0.009195997  0.007426773  5034.132  5.137492e+02 -7.989936e+03
[15,]   15 0.000001000  0.007165805  5126.336 -3.998936e+05 -9.018580e+02
[16,]   16 0.006148542  0.007340281  5034.205 -3.053809e+02 -6.173449e+03
[17,]   17 0.009195997  0.007426773  5034.132  5.137492e+02 -7.989936e+03
[18,]   18 0.000001000  0.007428267  5126.258 -4.010738e+05  2.056434e+01
[19,]   19 0.006100259  0.007427276  5033.706 -3.998335e+02 -5.692930e+03
[20,]   20 0.013159666  0.009697376  5027.377  1.410021e+02  1.775778e+02
[21,]   21 0.012319118  0.009536588  5027.273  9.894261e+01 -1.411769e+02
[22,]   22 0.011483289  0.009457179  5027.231  3.247555e+01 -2.220877e+02
[23,]   23 0.011303194  0.009487609  5027.223  7.806875e+00 -1.067712e+02
[24,]   24 0.011287973  0.009524720  5027.221 -1.180138e-01 -3.803340e+00
[25,]   25 0.011291552  0.009526348  5027.221  7.377453e-03 -2.854034e-02
[26,]   26 0.011289127  0.009525245  5027.221 -7.755673e-02 -2.585090e+00

