[22;0t]0;IPython: scripts/01_msprime_simulations$par
[1] 0.00519958 7.27212493

$value
[1] -56418.11

$counts
function gradient 
      34       34 

$convergence
[1] 0

$message
[1] "CONVERGENCE: REL_REDUCTION_OF_F <= FACTR*EPSMCH"

$loginfo
      step        par1       par2        fn           gr1           gr2
 [1,]    1 0.100000000  0.0100000 145601.52  7.947937e+04 -3.822620e+06
 [2,]    2 0.000001000 10.0000000  57307.31 -1.464603e+06  4.233130e+02
 [3,]    3 2.897368740 10.0000000  65940.62  2.030296e+03  3.246993e+01
 [4,]    4 0.962541981 10.0000000  60911.53  3.371021e+03  9.808067e+01
 [5,]    5 0.319582384 10.0000000  58458.09  4.341256e+03  2.094350e+02
 [6,]    6 0.106163712 10.0000000  57475.42  4.882353e+03  2.918282e+02
 [7,]    7 0.035371059 10.0000000  57132.41  4.549807e+03  3.088675e+02
 [8,]    8 0.035261459  9.9991940  57131.66  4.546983e+03  3.087528e+02
 [9,]    9 0.034823059  9.9959701  57128.67  4.535438e+03  3.082562e+02
[10,]   10 0.033069459  9.9830744  57116.80  4.485026e+03  3.062558e+02
[11,]   11 0.026055057  9.9314918  57070.67  4.193948e+03  2.987096e+02
[12,]   12 0.000001000  9.7398948  57197.15 -1.356480e+06  4.197211e+02
[13,]   13 0.013710590  9.8407127  56998.39  2.900779e+03  2.969558e+02
[14,]   14 0.000001000  9.7414924  57197.83 -1.357338e+06  4.200423e+02
[15,]   15 0.008312091  9.8016422  56974.78  1.217914e+03  3.059411e+02
[16,]   16 0.000001000  9.7406492  57197.47 -1.356885e+06  4.198734e+02
[17,]   17 0.005362890  9.7799987  56967.48 -1.156752e+03  3.117608e+02
[18,]   18 0.003928927  9.7681254  56967.00 -3.621229e+03  3.146229e+02
[19,]   19 0.004524724  9.7720597  56966.46 -2.404370e+03  3.131655e+02
[20,]   20 0.004679537  9.7638116  56963.54 -2.108689e+03  3.113720e+02
[21,]   21 0.005298786  9.7308193  56952.40 -1.092946e+03  3.047011e+02
[22,]   22 0.007775782  9.5988500  56914.28  1.418260e+03  2.866765e+02
[23,]   23 0.014360774  8.8486384  56765.36  3.646656e+03  1.879585e+02
[24,]   24 0.019980453  7.7903457  56526.88  4.912919e+03  1.724210e+02
[25,]   25 0.051660813  0.4051476  57977.75  2.417672e+04 -5.789064e+03
[26,]   26 0.033534432  4.6306965  56751.58  8.080161e+03  3.622879e+01
[27,]   27 0.022302168  7.2491167  56485.35  5.381417e+03  9.408364e+00
[28,]   28 0.009796052  7.2585820  56427.31  3.319736e+03  2.266026e+00
[29,]   29 0.000001000  7.2768546  56666.12 -1.435492e+06 -7.106689e+01
[30,]   30 0.006297295  7.2651089  56418.83  1.224248e+03 -1.076714e+00
[31,]   31 0.004227905  7.2788720  56418.84 -1.609702e+03  1.596310e+00
[32,]   32 0.005233834  7.2721818  56418.11  4.639437e+01  8.716230e-02
[33,]   33 0.005192318  7.2720297  56418.11 -1.000408e+01 -4.453559e-02
[34,]   34 0.005199580  7.2721249  56418.11  3.345074e-02  8.400602e-03

