[22;0t]0;IPython: scripts/01_msprime_simulations$par
[1] 0.3975411 0.4858354

$value
[1] -57509.82

$counts
function gradient 
      40       40 

$convergence
[1] 0

$message
[1] "CONVERGENCE: REL_REDUCTION_OF_F <= FACTR*EPSMCH"

$loginfo
      step       par1       par2        fn           gr1           gr2
 [1,]    1 0.10000000  0.0100000 117869.44  6.989450e+04 -2.988009e+06
 [2,]    2 0.00000100 10.0000000  65208.77 -6.368218e+06  5.443634e+01
 [3,]    3 2.11491390 10.0000000  66019.88  1.690502e+03  3.640915e+01
 [4,]    4 0.70498063 10.0000000  63491.54  1.784559e+03  1.514606e+02
 [5,]    5 0.23485440 10.0000000  62810.49  6.416516e+02  2.375507e+02
 [6,]    6 0.23483077  9.9991837  62810.28  6.415894e+02  2.376027e+02
 [7,]    7 0.23473622  9.9959183  62809.45  6.413411e+02  2.378238e+02
 [8,]    8 0.23435801  9.9828568  62806.09  6.403532e+02  2.387084e+02
 [9,]    9 0.23284521  9.9306108  62792.56  6.365133e+02  2.422577e+02
[10,]   10 0.22679398  9.7216268  62736.59  6.246782e+02  2.572364e+02
[11,]   11 0.20258908  8.8856908  62473.03  6.814872e+02  3.407008e+02
[12,]   12 0.10576946  5.5419468  61171.28  5.137192e+02  2.492399e+02
[13,]   13 0.00000100  1.8891471  62025.24 -4.869354e+06  5.356205e+02
[14,]   14 0.05656235  3.8425392  60766.53 -2.500275e+03  3.574287e+02
[15,]   15 0.01904878  2.5469776  60566.22 -1.433279e+04  4.117191e+02
[16,]   16 0.02110614  2.5829383  60553.17 -1.274858e+04  4.081635e+02
[17,]   17 0.02317333  0.0000010 409411.35  1.088373e+05 -1.509740e+09
[18,]   18 0.02179674  1.7200423  60161.85 -1.567949e+04  5.568524e+02
[19,]   19 0.02248503  0.8600216  59458.49 -2.262494e+04  1.202210e+03
[20,]   20 0.02294377  0.2868293  58650.80 -2.585059e+04  4.064318e+01
[21,]   21 0.05393098  0.0000010 412508.74  9.305734e+04 -1.509753e+09
[22,]   22 0.03328213  0.1911338  58817.32 -2.733382e+03 -1.010741e+04
[23,]   23 0.02675300  0.2515697  58590.73 -1.869117e+04 -1.659129e+03
[24,]   24 1.07694678  4.6675018  63365.76  2.407138e+03  2.260634e+02
[25,]   25 0.29973144  1.3994096  59557.73  9.383686e+02  1.582666e+03
[26,]   26 0.10795627  0.5930192  58146.48 -5.091444e+03  2.202830e+03
[27,]   27 0.10309477  0.5224337  58022.66 -5.501126e+03  1.999683e+03
[28,]   28 0.08509875  0.0000010 415195.86  7.980524e+04 -1.509767e+09
[29,]   29 0.09708694  0.3480236  57877.41 -3.949786e+03 -9.337378e+02
[30,]   30 0.10973955  0.4183208  57827.26 -4.441436e+03  8.381830e+02
[31,]   31 0.12438142  0.4208449  57770.51 -3.611657e+03  7.005982e+02
[32,]   32 0.18708941  0.4275370  57621.04 -1.535704e+03  7.088148e+01
[33,]   33 0.23996870  0.4496872  57561.39 -8.687637e+02  1.334373e+02
[34,]   34 0.30266208  0.4684095  57525.42 -4.015773e+02  1.322088e+02
[35,]   35 0.35127817  0.4780131  57513.07 -1.604157e+02  6.216080e+01
[36,]   36 0.38218285  0.4815992  57510.16 -3.640610e+01 -3.267483e+01
[37,]   37 0.40033703  0.4922387  57510.33 -2.661354e+01  1.706058e+02
[38,]   38 0.38992074  0.4861341  57509.94 -3.211775e+01  5.480295e+01
[39,]   39 0.39740592  0.4857671  57509.82 -1.267845e-01 -1.225569e+00
[40,]   40 0.39754109  0.4858354  57509.82 -1.362714e-02  6.172413e-03

