[22;0t]0;IPython: scripts/01_msprime_simulations$par
[1] 0.004375626 0.005090968

$value
[1] -3076.981

$counts
function gradient 
      16       16 

$convergence
[1] 0

$message
[1] "CONVERGENCE: REL_REDUCTION_OF_F <= FACTR*EPSMCH"

$loginfo
      step        par1        par2       fn           gr1           gr2
 [1,]    1 0.100000000 0.010000000 3153.090  4.488595e+02  1.293209e+04
 [2,]    2 0.000001000 0.000001000 6283.807  1.218940e+05 -2.290774e+07
 [3,]    3 0.065851828 0.006585490 3108.894  3.447448e+02  3.052420e+03
 [4,]    4 0.035655286 0.004657184 3104.238  5.644815e+02 -1.323215e+04
 [5,]    5 0.033270455 0.005145143 3098.085  5.366847e+02 -6.978684e+03
 [6,]    6 0.000001000 0.005676710 3156.852 -3.734420e+05  1.078540e+03
 [7,]    7 0.020005718 0.005357082 3088.728  7.284013e+02 -3.502741e+03
 [8,]    8 0.006800308 0.005568073 3077.992  5.676514e+02  6.792480e+02
 [9,]    9 0.000001000 0.005585707 3156.745 -3.741859e+05  1.184377e+03
[10,]   10 0.004530417 0.005573960 3077.382 -1.795805e+02  1.609014e+03
[11,]   11 0.004992993 0.005497114 3077.257  9.143790e+01  1.167856e+03
[12,]   12 0.004917990 0.005343485 3077.106  1.338431e+02  6.678675e+02
[13,]   13 0.004451469 0.005078627 3076.984  5.519517e+01 -1.079817e+02
[14,]   14 0.004368376 0.005090724 3076.981 -4.369851e+00  4.151161e+00
[15,]   15 0.004375998 0.005091086 3076.981  1.490643e-01  2.193117e-01
[16,]   16 0.004375626 0.005090968 3076.981  1.280901e-03 -1.819141e-02

