[22;0t]0;IPython: scripts/01_msprime_simulations$par
[1] 0.0001306795 0.0046883697

$value
[1] -3603.667

$counts
function gradient 
      38       38 

$convergence
[1] 0

$message
[1] "CONVERGENCE: REL_REDUCTION_OF_F <= FACTR*EPSMCH"

$loginfo
      step         par1        par2       fn          gr1           gr2
 [1,]    1 1.000000e-01 0.010000000 3697.643    127.47010  1.630409e+04
 [2,]    2 1.000000e-05 0.000010000 6102.092 121931.63556 -1.403692e+07
 [3,]    3 6.563088e-02 0.006566181 3656.420     60.99469  3.169105e+03
 [4,]    4 5.508617e-02 0.005631464 3656.235    118.91863 -5.296010e+03
 [5,]    5 6.042418e-02 0.006104642 3655.420     81.73121 -5.655461e+02
 [6,]    6 5.879673e-02 0.006051551 3655.324     87.02490 -1.002972e+03
 [7,]    7 3.836606e-02 0.005602255 3653.809    199.42475 -4.289664e+03
 [8,]    8 1.000000e-05 0.004758757 3606.874 -32648.34502  0.000000e+00
 [9,]    9 3.824299e-02 0.005599549 3653.796    200.55762 -4.307567e+03
[10,]   10 1.188167e-02 0.005019830 3645.200    988.86468 -5.456975e+03
[11,]   11 3.353655e-03 0.004832288 3629.674   4091.07937 -2.203125e+03
[12,]   12 1.000000e-05 0.004758757 3606.874 -32648.34502  0.000000e+00
[13,]   13 5.868207e-02 0.006117466 3655.269     84.50388 -3.762333e+02
[14,]   14 1.864773e-02 0.005190364 3649.271    567.99755 -5.832323e+03
[15,]   15 5.496424e-03 0.004885810 3636.192   2394.16356 -3.305314e+03
[16,]   16 1.429566e-03 0.004791631 3618.407   8597.53526 -1.029331e+03
[17,]   17 3.601795e-04 0.004766866 3606.142  13557.64585  2.902783e+01
[18,]   18 2.574276e-04 0.004763811 3604.796  11405.03715  2.187156e+02
[19,]   19 1.000000e-05 0.004733684 3606.885 -32774.71461 -6.126940e+02
[20,]   20 1.815691e-04 0.004754574 3604.003   7390.18192  2.832836e+02
[21,]   21 4.084709e-05 0.004727416 3604.131  -4141.96362 -6.077460e+02
[22,]   22 1.329105e-04 0.004745184 3603.682    459.22217  1.814315e+02
[23,]   23 1.294694e-04 0.004743228 3603.667   -603.48046  1.626979e+02
[24,]   24 1.311077e-04 0.004744159 3603.674    -76.75567  1.718263e+02
[25,]   25 1.310529e-04 0.004743294 3603.673    -96.77302  1.693864e+02
[26,]   26 1.308337e-04 0.004739833 3603.672   -177.67974  1.596522e+02
[27,]   27 1.306795e-04 0.004688370 3603.667   -493.96187  4.312981e+01
[28,]   28 1.320726e-04 0.004666193 3603.673   -225.07072  1.435767e+01
[29,]   29 1.307383e-04 0.004687434 3603.667   -481.61865  4.171811e+01
[30,]   30 1.306820e-04 0.004688330 3603.667   -493.43466  4.306938e+01
[31,]   31 1.306796e-04 0.004688368 3603.667   -493.93942  4.312724e+01
[32,]   32 1.306795e-04 0.004688370 3603.667   -493.96091  4.312970e+01
[33,]   33 1.306795e-04 0.004688370 3603.667   -493.96183  4.312981e+01
[34,]   34 1.306795e-04 0.004688370 3603.667   -493.96186  4.312981e+01
[35,]   35 1.306795e-04 0.004688370 3603.667   -493.96184  4.312981e+01
[36,]   36 1.306795e-04 0.004688370 3603.667   -493.96186  4.312981e+01
[37,]   37 1.306795e-04 0.004688370 3603.667   -493.96186  4.312981e+01
[38,]   38 1.306795e-04 0.004688370 3603.667   -493.96186  4.312981e+01

