[22;0t]0;IPython: scripts/01_msprime_simulations$par
[1] 0.001716803 0.477356621

$value
[1] -31973.73

$counts
function gradient 
      30       30 

$convergence
[1] 0

$message
[1] "CONVERGENCE: REL_REDUCTION_OF_F <= FACTR*EPSMCH"

$loginfo
      step        par1       par2        fn           gr1           gr2
 [1,]    1 0.100000000  0.0100000  46646.81  2.767731e+04 -9.555020e+05
 [2,]    2 0.000001000 10.0000000  39294.59 -8.979120e+04  1.127220e+03
 [3,]    3 0.066630289  3.3436675  33320.92  3.551427e+03  4.430969e+02
 [4,]    4 0.054230422  3.3419333  33276.51  3.481582e+03  4.495947e+02
 [5,]    5 0.004630957  3.3349966  33135.20 -8.905471e+02  4.731788e+02
 [6,]    6 0.016136445  3.3348853  33151.98  2.503086e+03  4.707437e+02
 [7,]    7 0.006141031  3.3349820  33134.79  2.568532e+02  4.731396e+02
 [8,]    8 0.005808953  3.3331716  33133.88  5.398175e+01  4.722353e+02
 [9,]    9 0.004480640  3.3259302  33131.07 -1.046859e+03  4.681977e+02
[10,]   10 0.002676026  3.2961614  33121.70 -4.227697e+03  4.479006e+02
[11,]   11 0.001546876  3.1920831  33086.81 -1.053842e+04  3.711574e+02
[12,]   12 0.004062997  2.6368744  32865.73 -2.089294e+03  4.143096e+02
[13,]   13 0.014127480  0.4160395  32139.80  1.388332e+04 -5.366717e+02
[14,]   14 0.008230717  1.7172228  32403.81  3.947934e+03  8.445709e+02
[15,]   15 0.012143395  0.8538490  32094.49  8.557766e+03  2.563876e+02
[16,]   16 0.013174271  0.0000010 148276.85  9.394244e+04 -5.448786e+08
[17,]   17 0.012487400  0.5689188  32073.81  1.177500e+04 -3.077381e+02
[18,]   18 0.012292414  0.7304204  32060.03  1.007888e+04  1.654440e+02
[19,]   19 0.009704198  0.4791049  32055.34  1.298487e+04 -1.390875e+02
[20,]   20 0.004838711  0.4371000  32004.61  1.150976e+04 -3.823316e+02
[21,]   21 0.000001000  0.5276672  32141.47 -1.066683e+06 -4.428321e+02
[22,]   22 0.002798620  0.4752927  31977.90  6.523873e+03 -6.180738e+01
[23,]   23 0.000001000  0.4552454  32137.65 -1.111175e+06 -3.042519e+02
[24,]   24 0.001853544  0.4685204  31974.27  1.610156e+03 -8.736576e+01
[25,]   25 0.001569608  0.4867189  31974.57 -1.906798e+03  1.549596e+02
[26,]   26 0.001723391  0.4768624  31973.73  6.703615e+01 -6.696881e+00
[27,]   27 0.001722870  0.4776531  31973.73  2.782501e+01  3.533492e+00
[28,]   28 0.001716071  0.4773553  31973.73 -2.587712e+01 -9.760290e-02
[29,]   29 0.001719487  0.4773613  31973.73  7.265401e+00 -1.673361e-01
[30,]   30 0.001716803  0.4773566  31973.73 -1.876401e+01 -1.125848e-01

