[22;0t]0;IPython: scripts/01_msprime_simulations$par
[1] 0.0000010 0.6234492

$value
[1] -19104.35

$counts
function gradient 
      13       13 

$convergence
[1] 0

$message
[1] "CONVERGENCE: REL_REDUCTION_OF_F <= FACTR*EPSMCH"

$loginfo
      step       par1       par2       fn         gr1           gr2
 [1,]    1 0.10000000  0.0100000 21218.86    6367.578 -2.975161e+05
 [2,]    2 0.00000100 10.0000000 30460.14    2416.088  1.813849e+03
 [3,]    3 0.06677350  3.3293603 20101.63    2411.578  1.005440e+03
 [4,]    4 0.03992502  3.3180931 20025.56    2413.313  1.000765e+03
 [5,]    5 0.00000100  3.3013386 19912.45    2415.992  9.938198e+02
 [6,]    6 0.00000100  3.2644992 19876.12    2415.990  9.783857e+02
 [7,]    7 0.00000100  0.9292006 19504.86 -456408.919  1.827587e+03
 [8,]    8 0.00000100  0.0000010 59007.07  124538.130 -2.186891e+08
 [9,]    9 0.00000100  0.6099534 19105.47    6859.163 -1.681137e+02
[10,]   10 0.00000100  0.9991953 19593.26 -597434.071  6.540849e+02
[11,]   11 0.00000100  0.6196736 19104.43    6864.681 -4.629779e+01
[12,]   12 0.00000100  0.6233679 19104.35    6850.955 -9.972498e-01
[13,]   13 0.00000100  0.6234492 19104.35    6850.584 -5.856982e-03

