[22;0t]0;IPython: scripts/01_msprime_simulations$par
[1] 0.0013428756 0.0005272728

$value
[1] -426.2973

$counts
function gradient 
      37       37 

$convergence
[1] 0

$message
[1] "CONVERGENCE: REL_REDUCTION_OF_F <= FACTR*EPSMCH"

$loginfo
      step         par1         par2       fn           gr1           gr2
 [1,]    1 0.1000000000 0.0100000000 641.4787  1.894809e+03  4.977776e+03
 [2,]    2 0.0000010000 0.0000010000 634.4629  1.013803e+05 -1.954323e+06
 [3,]    3 0.0975188294 0.0097519053 635.5434  1.884483e+03  5.073574e+03
 [4,]    4 0.0487599147 0.0048764526 520.3581  1.525726e+03  7.868524e+03
 [5,]    5 0.0173218233 0.0017329264 448.2225  7.397698e+02  1.508575e+04
 [6,]    6 0.0058900799 0.0005898550 427.7554  2.982238e+02 -3.576722e+02
 [7,]    7 0.0000010000 0.0031451359 441.1985 -2.136140e+04  1.055272e+03
 [8,]    8 0.0039566095 0.0014287908 435.2879  7.940921e+02  9.701473e+03
 [9,]    9 0.0058413565 0.0006109961 427.7651  2.922843e+02  1.277080e+03
[10,]   10 0.0058796000 0.0005944022 427.7546  2.968669e+02  1.041389e+01
[11,]   11 0.0000010000 0.0004939490 437.3657 -5.918072e+04  2.026116e+03
[12,]   12 0.0037541155 0.0005580820 427.0661  3.677469e+02 -1.811015e+03
[13,]   13 0.0013841035 0.0005175834 426.3004  4.494668e+01 -1.605193e+03
[14,]   14 0.0008548629 0.0005513650 426.5603 -1.155756e+03  2.207375e+03
[15,]   15 0.0013151286 0.0005219861 426.2981 -3.936988e+01 -1.047571e+03
[16,]   16 0.0017800468 0.0005956864 426.4625  1.661592e+02  2.845878e+03
[17,]   17 0.0013750081 0.0005314783 426.2982 -3.169735e-01 -4.883912e+02
[18,]   18 0.0013314813 0.0005245783 426.2974 -2.816192e+01 -8.932020e+02
[19,]   19 0.0013896629 0.0005383366 426.3021 -2.148201e+00 -2.568823e+01
[20,]   20 0.0013428756 0.0005272728 426.2973 -2.292310e+01 -7.185818e+02
[21,]   21 0.0013911342 0.0005384086 426.3022 -8.837837e-01 -2.414376e+01
[22,]   22 0.0013505798 0.0005290505 426.2976 -1.930999e+01 -6.051553e+02
[23,]   23 0.0013442925 0.0005275997 426.2974 -2.225580e+01 -6.976475e+02
[24,]   24 0.0013431428 0.0005273344 426.2973 -2.279717e+01 -7.146314e+02
[25,]   25 0.0013429263 0.0005272845 426.2973 -2.289924e+01 -7.178332e+02
[26,]   26 0.0013428852 0.0005272750 426.2973 -2.291858e+01 -7.184398e+02
[27,]   27 0.0013428775 0.0005272732 426.2973 -2.292224e+01 -7.185549e+02
[28,]   28 0.0013428760 0.0005272729 426.2973 -2.292294e+01 -7.185767e+02
[29,]   29 0.0013428757 0.0005272728 426.2973 -2.292307e+01 -7.185808e+02
[30,]   30 0.0013428757 0.0005272728 426.2973 -2.292310e+01 -7.185816e+02
[31,]   31 0.0013428756 0.0005272728 426.2973 -2.292310e+01 -7.185817e+02
[32,]   32 0.0013428756 0.0005272728 426.2973 -2.292310e+01 -7.185818e+02
[33,]   33 0.0013428756 0.0005272728 426.2973 -2.292310e+01 -7.185818e+02
[34,]   34 0.0013428756 0.0005272728 426.2973 -2.292310e+01 -7.185818e+02
[35,]   35 0.0013428756 0.0005272728 426.2973 -2.292310e+01 -7.185818e+02
[36,]   36 0.0013428756 0.0005272728 426.2973 -2.292310e+01 -7.185818e+02
[37,]   37 0.0013428756 0.0005272728 426.2973 -2.292310e+01 -7.185818e+02

