[22;0t]0;IPython: scripts/01_msprime_simulations$par
[1] 0.054794303 0.009792394

$value
[1] -5285.937

$counts
function gradient 
      19       19 

$convergence
[1] 0

$message
[1] "CONVERGENCE: REL_REDUCTION_OF_F <= FACTR*EPSMCH"

$loginfo
      step       par1         par2        fn           gr1           gr2
 [1,]    1 0.10000000  0.010000000  5288.634   99.87909846  -943.3426300
 [2,]    2 0.00000100 10.000000000 25566.603 2416.08785920  2222.4060735
 [3,]    3 0.09127687  0.881448928  6063.914 2408.63185777  1437.3599860
 [4,]    4 0.09853664  0.156190645  5721.624 2600.85732008  -949.4491302
 [5,]    5 0.09993862  0.016132415  5347.582  119.62551066 15258.3531689
 [6,]    6 0.09999810  0.010189989  5288.559   94.29428851   135.1824536
 [7,]    7 0.09998160  0.010166257  5288.555   94.94526693     4.2597883
 [8,]    8 0.09994719  0.010153350  5288.553   95.27143348   -66.6041702
 [9,]    9 0.09976090  0.010118362  5288.540   96.05556200  -257.3185253
[10,]   10 0.09928403  0.010069780  5288.513   96.91653678  -518.7031309
[11,]   11 0.09786378  0.009984695  5288.438   97.83252119  -965.9284971
[12,]   12 0.09415369  0.009850179  5288.249   97.78277487 -1638.4059821
[13,]   13 0.08462037  0.009639142  5287.782   93.05057834 -2552.0739294
[14,]   14 0.06335060  0.009367879  5286.849   63.32156760 -3053.7493081
[15,]   15 0.04379210  0.009493437  5286.277  -46.58932056  -693.6196532
[16,]   16 0.05761816  0.009788127  5285.957   13.55990093  -211.5610424
[17,]   17 0.05536095  0.009810187  5285.938    1.60902717    54.7412654
[18,]   18 0.05476911  0.009792731  5285.937   -0.14364426     3.3314847
[19,]   19 0.05479430  0.009792394  5285.937    0.00574074    -0.1584272

