[22;0t]0;IPython: scripts/01_msprime_simulations$par
[1] 0.056203572 0.001174147

$value
[1] -904.7489

$counts
function gradient 
      19       19 

$convergence
[1] 0

$message
[1] "CONVERGENCE: REL_REDUCTION_OF_F <= FACTR*EPSMCH"

$loginfo
      step        par1         par2        fn           gr1           gr2
 [1,]    1 0.100000000 0.0100000000 1119.2606  1.393725e+03  9.062302e+03
 [2,]    2 0.000001000 0.0000010000 1454.8661  1.182843e+05 -5.000347e+06
 [3,]    3 0.056851348 0.0056855231 1016.3504  8.794247e+02  1.622886e+04
 [4,]    4 0.019815362 0.0019822579  918.6111 -8.709705e+00  2.370952e+04
 [5,]    5 0.006737883 0.0006746277  913.7371  4.037032e+02 -4.829915e+04
 [6,]    6 0.015264645 0.0015272271  909.4033 -9.149069e+01  1.650005e+04
 [7,]    7 0.008129184 0.0000010000 1583.4151  2.272141e+03 -5.249216e+06
 [8,]    8 0.013067029 0.0010571719  905.7827 -5.413510e+01 -4.447490e+03
 [9,]    9 0.015610199 0.0011671865  905.5480 -6.889229e+01  2.295684e+03
[10,]   10 0.018022990 0.0011609954  905.3857 -5.535011e+01  1.472754e+03
[11,]   11 0.028876986 0.0011662455  904.9838 -2.416860e+01  4.736390e+02
[12,]   12 0.037497434 0.0011752127  904.8393 -1.195926e+01  5.289321e+02
[13,]   13 0.045585022 0.0011681052  904.7716 -4.792251e+00 -2.542763e+02
[14,]   14 0.051553211 0.0011755408  904.7538 -1.840547e+00  1.452558e+02
[15,]   15 0.056796581 0.0011615940  904.7517  1.544052e-01 -9.411519e+02
[16,]   16 0.053943647 0.0011691825  904.7497 -8.269380e-01 -3.469543e+02
[17,]   17 0.056082929 0.0011740537  904.7489 -2.018396e-01 -2.342551e+01
[18,]   18 0.056706100 0.0011745370  904.7490 -2.546345e-02  4.366974e+00
[19,]   19 0.056203572 0.0011741473  904.7489 -1.670528e-01 -1.807817e+01

