[22;0t]0;IPython: scripts/01_msprime_simulations$par
[1] 0.0001315948 0.0008261523

$value
[1] -592.5341

$counts
function gradient 
      41       41 

$convergence
[1] 52

$message
[1] "ERROR: ABNORMAL_TERMINATION_IN_LNSRCH"

$loginfo
      step         par1         par2        fn           gr1          gr2
 [1,]    1 1.000000e-01 0.0100000000  812.1549  1.705799e+03     6659.779
 [2,]    2 1.000000e-06 0.0000010000  932.7814  9.403900e+04 -3078681.620
 [3,]    3 5.038009e-02 0.0050384559  690.6984  1.295514e+03    12382.399
 [4,]    4 1.769115e-02 0.0017698559  610.1779  7.431842e+02    12106.316
 [5,]    5 1.000000e-06 0.0000010000  932.7814  9.403900e+04 -3078681.620
 [6,]    6 1.199025e-02 0.0011998167  601.4876  5.391308e+02     3873.611
 [7,]    7 1.000000e-06 0.0000010000  932.7814  9.403900e+04 -3078681.620
 [8,]    8 8.599374e-03 0.0008607600  600.2678  4.372549e+02    -7962.573
 [9,]    9 8.198716e-03 0.0009670363  599.4951  4.714710e+02    -3772.513
[10,]   10 3.923032e-03 0.0011427198  597.2695  4.239767e+02     1091.086
[11,]   11 1.000000e-06 0.0012052700  597.3379 -4.028360e+04     2524.667
[12,]   12 1.679374e-03 0.0011785026  595.8863  1.088473e+03     2961.448
[13,]   13 5.932798e-04 0.0011958241  594.3938  2.113426e+03     2620.974
[14,]   14 2.701657e-04 0.0012009772  593.5787  2.690451e+03     2214.090
[15,]   15 1.000000e-06 0.0011136660  597.1020 -4.001483e+04     2623.571
[16,]   16 2.321178e-04 0.0011886353  593.4450  2.381511e+03     2179.700
[17,]   17 1.165589e-04 0.0011511507  593.1685 -5.482936e+03     2236.346
[18,]   18 1.866288e-04 0.0011738797  593.2996  1.445130e+03     2167.400
[19,]   19 1.000000e-06 0.0000010000  932.7814  9.403900e+04 -3078681.620
[20,]   20 1.315948e-04 0.0008261523  592.5341 -9.652051e+02     1351.396
[21,]   21 1.000000e+01 0.0000010000 1034.5339  3.012938e-03 -3361304.323
[22,]   22 3.502752e+00 0.0005371290  616.6471  1.977927e-02   -41286.241
[23,]   23 1.153283e+00 0.0007309985  612.7614  1.988115e-01    -3311.736
[24,]   24 3.711249e-01 0.0007955393  612.4286  1.597759e+00     4954.880
[25,]   25 1.114950e-01 0.0008169630  611.3048  1.513117e+01     6354.208
[26,]   26 2.781740e-02 0.0008238678  606.5760  2.081087e+02    -2702.190
[27,]   27 4.933065e-03 0.0008257561  598.8049  5.572016e+02    -9381.423
[28,]   28 6.105143e-04 0.0008261128  593.9317  2.422905e+03    -1268.045
[29,]   29 1.610080e-04 0.0008261499  592.6016  1.512822e+03     1119.759
[30,]   30 1.336569e-04 0.0008261522  592.5379 -6.967793e+02     1334.175
[31,]   31 1.317253e-04 0.0008261523  592.5343 -9.475549e+02     1350.301
[32,]   32 1.316029e-04 0.0008261523  592.5341 -9.641029e+02     1351.328
[33,]   33 1.315953e-04 0.0008261523  592.5341 -9.651365e+02     1351.391
[34,]   34 1.315948e-04 0.0008261523  592.5341 -9.652008e+02     1351.395
[35,]   35 1.315948e-04 0.0008261523  592.5341 -9.652048e+02     1351.396
[36,]   36 1.315948e-04 0.0008261523  592.5341 -9.652051e+02     1351.396
[37,]   37 1.315948e-04 0.0008261523  592.5341 -9.652051e+02     1351.396
[38,]   38 1.315948e-04 0.0008261523  592.5341 -9.652051e+02     1351.396
[39,]   39 1.315948e-04 0.0008261523  592.5341 -9.652051e+02     1351.396
[40,]   40 1.315948e-04 0.0008261523  592.5341 -9.652051e+02     1351.396

