[22;0t]0;IPython: scripts/01_msprime_simulations$par
[1] 0.000001 2.003087

$value
[1] -19633.13

$counts
function gradient 
      13       13 

$convergence
[1] 0

$message
[1] "CONVERGENCE: REL_REDUCTION_OF_F <= FACTR*EPSMCH"

$loginfo
      step       par1      par2       fn         gr1           gr2
 [1,]    1 0.10000000  0.010000 21943.96    6813.341 -3.120387e+05
 [2,]    2 0.00000100 10.000000 30688.32    2416.081  1.794799e+03
 [3,]    3 0.06675903  3.330806 20535.15    2412.047  9.514094e+02
 [4,]    4 0.04113001  3.320607 20463.63    2413.490  9.470382e+02
 [5,]    5 0.00000100  3.304241 20348.87    2415.864  9.400093e+02
 [6,]    6 0.00000100  3.255960 20303.99    2415.856  9.189497e+02
 [7,]    7 0.00000100  1.149181 20216.88 -327789.460 -1.249972e+03
 [8,]    8 0.00000100  2.363340 19702.95    2415.561  3.669599e+02
 [9,]    9 0.00000100  1.769931 19668.74    2406.680 -3.188035e+02
[10,]   10 0.00000100  2.045800 19634.21    2414.828  5.040398e+01
[11,]   11 0.00000100  2.008138 19633.15    2414.567  6.075038e+00
[12,]   12 0.00000100  2.002977 19633.13    2414.525 -1.321567e-01
[13,]   13 0.00000100  2.003087 19633.13    2414.525  3.064270e-04

