[22;0t]0;IPython: scripts/01_msprime_simulations$par
[1] 0.006086411 0.109891318

$value
[1] -26250.11

$counts
function gradient 
      32       32 

$convergence
[1] 0

$message
[1] "CONVERGENCE: REL_REDUCTION_OF_F <= FACTR*EPSMCH"

$loginfo
      step         par1       par2       fn           gr1           gr2
 [1,]    1 0.1000000000 0.01000000 35840.27  2.067810e+04 -6.926268e+05
 [2,]    2 0.0000100000 1.00000000 27258.41 -1.502369e+06  4.260271e+02
 [3,]    3 0.2473979970 1.00000000 27895.05  4.681358e+03  6.852082e+01
 [4,]    4 0.0823190428 1.00000000 27062.72  5.153606e+03  2.988321e+02
 [5,]    5 0.0820376277 0.99959677 27061.15  5.152769e+03  2.992346e+02
 [6,]    6 0.0809119673 0.99798386 27054.87  5.149229e+03  3.007629e+02
 [7,]    7 0.0764093257 0.99153220 27029.76  5.131702e+03  3.078355e+02
 [8,]    8 0.0583987594 0.96572558 26930.07  4.972018e+03  3.464293e+02
 [9,]    9 0.0000100000 0.88206267 27191.50 -1.457273e+06  0.000000e+00
[10,]   10 0.0309887104 0.92645082 26790.40  3.819309e+03  4.086043e+02
[11,]   11 0.0000100000 0.83032053 27153.48 -1.450880e+06  7.312231e+02
[12,]   12 0.0184125674 0.88742569 26735.92  1.800792e+03  4.446364e+02
[13,]   13 0.0000100000 0.78736317 27125.46 -1.467323e+06  5.248159e+02
[14,]   14 0.0116098092 0.85043622 26715.25 -1.228727e+03  4.935877e+02
[15,]   15 0.0066264673 0.74424274 26662.00 -6.385678e+03  6.945952e+02
[16,]   16 0.0000100000 0.60324786 27014.81 -1.534179e+06  0.000000e+00
[17,]   17 0.0042812443 0.69426676 26652.73 -1.379353e+04  6.009898e+02
[18,]   18 0.0006855749 0.20629357 26447.60 -1.252874e+05  7.042710e+02
[19,]   19 0.0037715946 0.00001000 90362.67  1.000782e+05 -2.126018e+08
[20,]   20 0.0017191092 0.13720745 26318.76 -4.299226e+04  6.717797e+02
[21,]   21 0.0022250705 0.00001000 90203.45  1.063624e+05 -2.125917e+08
[22,]   22 0.0018876169 0.09151457 26294.95 -3.356651e+04 -7.146783e+02
[23,]   23 0.0109349755 0.17249616 26285.93  3.922753e+03  6.628637e+02
[24,]   24 0.0095272424 0.14607560 26265.99  3.317175e+03  4.225597e+02
[25,]   25 0.0058099328 0.08955204 26261.69  2.032181e+03 -1.639482e+03
[26,]   26 0.0084176762 0.12920409 26256.83  2.765372e+03  2.728999e+02
[27,]   27 0.0054208353 0.08898668 26262.02  1.030237e+03 -1.674513e+03
[28,]   28 0.0070189626 0.11043344 26251.03  1.898560e+03 -6.889772e+01
[29,]   29 0.0061079876 0.10875805 26250.13  1.667044e+02 -3.840500e+01
[30,]   30 0.0060813114 0.11011316 26250.11 -3.446071e+01  7.374121e+00
[31,]   31 0.0060867989 0.10989891 26250.11  1.271383e-02  1.925129e-01
[32,]   32 0.0060864113 0.10989132 26250.11 -2.024679e-01 -6.238206e-03

