[22;0t]0;IPython: scripts/01_msprime_simulations$par
[1] 0.093172906 0.004908535

$value
[1] -3079.009

$counts
function gradient 
      27       27 

$convergence
[1] 0

$message
[1] "CONVERGENCE: REL_REDUCTION_OF_F <= FACTR*EPSMCH"

$loginfo
      step       par1        par2       fn           gr1           gr2
 [1,]    1 0.10000000 0.010000000 3166.528  1.328469e+02  2.341263e+04
 [2,]    2 0.00000100 0.000001000 6084.922  1.220190e+05 -2.216929e+07
 [3,]    3 0.06520140 0.006520453 3094.153 -5.782482e+01  1.504517e+04
 [4,]    4 0.02990299 0.001308863 3292.087  1.342968e+03 -2.334129e+05
 [5,]    5 0.05426778 0.004906173 3079.892 -5.778193e+01  1.540150e+03
 [6,]    6 0.05415817 0.004768855 3079.811 -4.939309e+01 -3.263143e+02
 [7,]    7 0.05491435 0.004799162 3079.769 -4.940783e+01  5.165311e+01
 [8,]    8 0.05999932 0.004894066 3079.589 -4.283714e+01  1.057296e+03
 [9,]    9 0.06801840 0.004958495 3079.382 -3.050454e+01  1.538693e+03
[10,]   10 0.07935412 0.004970301 3079.146 -1.499007e+01  1.271895e+03
[11,]   11 0.08867815 0.004931879 3079.024 -4.355771e+00  4.521163e+02
[12,]   12 0.09239399 0.004909350 3079.009 -6.966524e-01  2.698645e+01
[13,]   13 0.09317291 0.004908535 3079.009 -8.205385e-02 -5.256441e+00
[14,]   14 0.09337160 0.004910473 3079.009  1.711129e-02  1.780617e+01
[15,]   15 0.09319857 0.004908785 3079.009 -6.923056e-02 -2.278785e+00
[16,]   16 0.09317779 0.004908582 3079.009 -7.961347e-02 -4.689850e+00
[17,]   17 0.09317390 0.004908544 3079.009 -8.155817e-02 -5.141347e+00
[18,]   18 0.09317311 0.004908537 3079.009 -8.195179e-02 -5.232755e+00
[19,]   19 0.09317295 0.004908535 3079.009 -8.203280e-02 -5.251554e+00
[20,]   20 0.09317291 0.004908535 3079.009 -8.204947e-02 -5.255431e+00
[21,]   21 0.09317291 0.004908535 3079.009 -8.205300e-02 -5.256233e+00
[22,]   22 0.09317291 0.004908535 3079.009 -8.205375e-02 -5.256397e+00
[23,]   23 0.09317291 0.004908535 3079.009 -8.205383e-02 -5.256434e+00
[24,]   24 0.09317291 0.004908535 3079.009 -8.205391e-02 -5.256440e+00
[25,]   25 0.09317291 0.004908535 3079.009 -8.205384e-02 -5.256441e+00
[26,]   26 0.09317291 0.004908535 3079.009 -8.205383e-02 -5.256441e+00
[27,]   27 0.09317291 0.004908535 3079.009 -8.205384e-02 -5.256441e+00

