[22;0t]0;IPython: scripts/01_msprime_simulations$par
[1] 0.065669389 0.001342421

$value
[1] -1018.263

$counts
function gradient 
      25       25 

$convergence
[1] 0

$message
[1] "CONVERGENCE: REL_REDUCTION_OF_F <= FACTR*EPSMCH"

$loginfo
      step        par1         par2       fn           gr1           gr2
 [1,]    1 0.100000000 0.0100000000 1235.441  1.237483e+03  1.067582e+04
 [2,]    2 0.000001000 0.0000010000 1666.178  1.164130e+05 -5.784966e+06
 [3,]    3 0.058311963 0.0058315715 1135.179  6.752306e+02  1.920260e+04
 [4,]    4 0.020293606 0.0020300779 1028.806 -8.779187e+01  2.175321e+04
 [5,]    5 0.006900486 0.0006908865 1032.892  5.848611e+02 -6.322097e+04
 [6,]    6 0.013658118 0.0013665889 1019.816 -1.506492e+02  4.733270e+03
 [7,]    7 0.027604526 0.0000010000 1831.471  4.446108e+02 -6.059965e+06
 [8,]    8 0.017775032 0.0009634734 1023.100  2.824439e+01 -2.801133e+04
 [9,]    9 0.014686874 0.0012658563 1019.455 -1.076177e+02 -8.044964e+02
[10,]   10 0.032162232 0.0013962910 1018.608 -2.723766e+01  3.709475e+03
[11,]   11 0.034947036 0.0013449617 1018.420 -1.819656e+01  7.651541e+02
[12,]   12 0.039889247 0.0013295878 1018.346 -1.027924e+01 -3.728369e+02
[13,]   13 0.046212630 0.0013339763 1018.298 -5.119399e+00 -3.047553e+02
[14,]   14 0.052644794 0.0013416196 1018.275 -2.358901e+00  4.556981e+01
[15,]   15 0.057774092 0.0013435182 1018.267 -1.093997e+00  1.063805e+02
[16,]   16 0.062404310 0.0013361623 1018.264 -3.468700e-01 -3.914782e+02
[17,]   17 0.064375621 0.0013416787 1018.263 -1.778125e-01 -5.557572e+01
[18,]   18 0.065837259 0.0013428993 1018.263 -5.536329e-02  1.344341e+01
[19,]   19 0.064737481 0.0013419809 1018.263 -1.458168e-01 -3.858441e+01
[20,]   20 0.066310565 0.0013428103 1018.263 -1.694994e-02  5.428557e+00
[21,]   21 0.065177750 0.0013422131 1018.263 -1.076794e-01 -2.637421e+01
[22,]   22 0.066409850 0.0013427488 1018.263 -8.907173e-03  1.043794e+00
[23,]   23 0.065475945 0.0013423427 1018.263 -8.264468e-02 -1.979549e+01
[24,]   24 0.066458401 0.0013427402 1018.263 -5.110638e-03  2.634735e-01
[25,]   25 0.065669389 0.0013424210 1018.263 -6.677003e-02 -1.587634e+01

