[22;0t]0;IPython: scripts/01_msprime_simulations$par
[1] 0.52043572 0.01020188

$value
[1] -5631.249

$counts
function gradient 
      18       18 

$convergence
[1] 0

$message
[1] "CONVERGENCE: REL_REDUCTION_OF_F <= FACTR*EPSMCH"

$loginfo
      step       par1        par2        fn           gr1           gr2
 [1,]    1  0.1000000 0.010000000  5645.674 -1.693383e+02  2.624196e+03
 [2,]    2 10.0000000 0.000001000 13946.982  5.777949e-01 -4.651219e+07
 [3,]    3  3.7569747 0.006306456  5737.012  1.499444e+00 -6.013016e+04
 [4,]    4  1.2066112 0.008882323  5642.270  4.023869e+00 -1.388410e+04
 [5,]    5  1.9270431 0.017657696  5804.509  9.665732e+00  3.773376e+04
 [6,]    6  1.3254781 0.010330207  5633.948  3.439791e+00  1.004164e+03
 [7,]    7  1.2912116 0.010203744  5633.773  3.485547e+00 -1.222612e+02
 [8,]    8  1.2295414 0.010108933  5633.607  3.580567e+00 -9.839375e+02
 [9,]    9  1.0200495 0.009937834  5633.127  3.856472e+00 -2.551262e+03
[10,]   10  0.3078117 0.009575503  5633.859 -1.410519e+01 -4.576604e+03
[11,]   11  0.6838703 0.009766812  5632.423  3.273591e+00 -4.001764e+03
[12,]   12  0.1915558 0.009677765  5636.849 -5.078849e+01 -2.217524e+03
[13,]   13  0.5399447 0.009740780  5632.175  1.258359e+00 -4.050087e+03
[14,]   14  0.4437678 0.012185637  5645.243 -2.896116e+00  1.287276e+04
[15,]   15  0.5215749 0.010207747  5631.249  3.032927e-02  4.781353e+01
[16,]   16  0.5186347 0.010201554  5631.249 -5.809624e-02  3.309361e-01
[17,]   17  0.5208801 0.010200926  5631.249  1.585653e-02 -7.487711e+00
[18,]   18  0.5204357 0.010201878  5631.249  3.518608e-04  8.648233e-01

