[22;0t]0;IPython: scripts/01_msprime_simulations$par
[1] 0.04555799 0.52271007

$value
[1] -51839.18

$counts
function gradient 
      29       29 

$convergence
[1] 0

$message
[1] "CONVERGENCE: REL_REDUCTION_OF_F <= FACTR*EPSMCH"

$loginfo
      step       par1       par2        fn           gr1           gr2
 [1,]    1 0.10000000  0.0100000 114703.35  6.414179e+04 -2.927906e+06
 [2,]    2 0.00000100 10.0000000  58731.46 -9.042330e+06  4.252603e+02
 [3,]    3 1.56378087 10.0000000  59153.80  2.238790e+03  3.611023e+02
 [4,]    4 0.52129435 10.0000000  56718.16  2.296190e+03  4.430679e+02
 [5,]    5 0.17367528 10.0000000  56059.08  9.164953e+02  4.754584e+02
 [6,]    6 0.17365769  9.9983439  56058.28  9.163414e+02  4.754067e+02
 [7,]    7 0.17358732  9.9917195  56055.06  9.157261e+02  4.751933e+02
 [8,]    8 0.17330585  9.9652218  56042.23  9.132660e+02  4.743324e+02
 [9,]    9 0.17217997  9.8592313  55991.12  9.035430e+02  4.707957e+02
[10,]   10 0.16767642  9.4352690  55790.48  8.737234e+02  4.575058e+02
[11,]   11 0.14966225  7.7394200  55003.50  9.092213e+02  4.527260e+02
[12,]   12 0.07760554  0.9560238  52044.59  1.495545e+03  5.931889e+02
[13,]   13 0.06745017  0.0000010 403905.14  0.000000e+00 -1.474650e+09
[14,]   14 0.07760554  0.9560238  52044.59  1.495545e+03  5.931889e+02
[15,]   15 0.07757683  0.9539576  52043.32  1.497914e+03  5.937098e+02
[16,]   16 0.07746198  0.9456929  52038.24  1.507430e+03  5.954485e+02
[17,]   17 0.07700262  0.9126342  52017.81  1.544947e+03  5.958700e+02
[18,]   18 0.07516516  0.7803992  51941.35  1.705805e+03  4.910386e+02
[19,]   19 0.06277838  0.0000010 403525.98  8.214281e+04 -1.474648e+09
[20,]   20 0.07103394  0.5201219  51888.12  3.172802e+03 -4.059526e+02
[21,]   21 0.07229047  0.6253582  51881.73  2.193208e+03  1.519494e+02
[22,]   22 0.07159466  0.5905348  51877.18  2.414147e+03  1.186641e+01
[23,]   23 0.07114245  0.5748804  51876.44  2.527154e+03 -6.071411e+01
[24,]   24 0.00000100  0.4695207  55386.21 -1.287906e+07  6.471725e+02
[25,]   25 0.04668405  0.5386578  51839.71 -1.058030e+01  6.530200e+01
[26,]   26 0.04501235  0.5217100  51839.21 -1.041814e+02  3.332424e+00
[27,]   27 0.04585090  0.5223425  51839.19  6.924707e+01 -6.975990e+00
[28,]   28 0.04557091  0.5228369  51839.18  5.967062e-01  4.482163e-01
[29,]   29 0.04555799  0.5227101  51839.18 -1.265000e-01 -5.539881e-02

