[22;0t]0;IPython: scripts/01_msprime_simulations$par
[1] 0.0002095056 0.0070543591

$value
[1] -4678.616

$counts
function gradient 
      75       75 

$convergence
[1] 52

$message
[1] "ERROR: ABNORMAL_TERMINATION_IN_LNSRCH"

$loginfo
      step         par1        par2        fn           gr1           gr2
 [1,]    1 1.000000e-01 0.010000000  4782.010  2.208578e+02  2.106689e+03
 [2,]    2 1.000000e-06 0.000001000 10429.529  1.223271e+05 -3.832287e+07
 [3,]    3 6.700185e-02 0.006700482  4798.413  4.328231e+02 -2.188405e+04
 [4,]    4 9.137278e-02 0.009137356  4779.952  2.344418e+02 -2.031323e+03
 [5,]    5 8.573794e-02 0.009053544  4778.784  2.467702e+02 -2.436969e+03
 [6,]    6 6.319858e-02 0.008718295  4773.426  3.370433e+02 -3.855040e+03
 [7,]    7 1.000000e-06 0.007778299  4699.875 -1.934229e+05  1.466071e+03
 [8,]    8 6.310731e-02 0.008716937  4773.401  3.376125e+02 -3.859886e+03
 [9,]    9 3.155416e-02 0.008247618  4759.348  8.095377e+02 -4.704849e+03
[10,]   10 1.033718e-02 0.007932039  4729.932  2.638830e+03 -3.063240e+03
[11,]   11 3.367970e-03 0.007828379  4703.410  5.898384e+03 -1.245643e+03
[12,]   12 1.000000e-06 0.007778299  4699.875 -1.934229e+05  1.466071e+03
[13,]   13 9.128237e-02 0.009466577  4779.550  2.325935e+02 -3.209863e+02
[14,]   14 3.017352e-02 0.008336349  4757.817  8.451197e+02 -4.092801e+03
[15,]   15 9.882103e-03 0.007961053  4728.625  2.730140e+03 -2.852633e+03
[16,]   16 3.220365e-03 0.007837842  4702.517  6.053725e+03 -1.179490e+03
[17,]   17 1.081744e-03 0.007798288  4686.380  9.272045e+03 -3.284329e+02
[18,]   18 1.032672e-03 0.007835879  4685.912  9.312983e+03 -2.795775e+02
[19,]   19 8.363833e-04 0.007986241  4684.045  9.395716e+03 -8.940466e+01
[20,]   20 5.122814e-05 0.008587690  4683.404 -3.613138e+04  1.531206e+03
[21,]   21 6.774972e-04 0.008107951  4682.553  9.303978e+03  6.042235e+01
[22,]   22 3.062545e-04 0.008392333  4679.520  4.661001e+03  4.671534e+02
[23,]   23 1.000000e-06 0.008501130  4699.025 -1.830901e+05  4.359889e+02
[24,]   24 2.872154e-04 0.008399119  4679.428  3.616805e+03  4.963317e+02
[25,]   25 2.223760e-04 0.008323302  4679.224 -2.229956e+03  4.552014e+02
[26,]   26 2.412993e-04 0.008309614  4679.235  1.487786e+01  4.238847e+02
[27,]   27 2.265336e-04 0.008320295  4679.223 -1.688718e+03  4.478970e+02
[28,]   28 2.412183e-04 0.008262799  4679.216  2.230293e+01  3.579053e+02
[29,]   29 2.483960e-04 0.008174245  4679.205  7.231014e+02  2.516359e+02
[30,]   30 2.510971e-04 0.008031211  4679.184  8.534666e+02  1.578073e+02
[31,]   31 2.413224e-04 0.007801634  4679.125 -2.824457e+02  2.991556e+02
[32,]   32 2.022235e-04 0.006883326  4678.661 -2.170609e+03 -6.712433e+02
[33,]   33 2.306386e-04 0.007550705  4678.978 -7.819431e+02  7.593220e+02
[34,]   34 2.078320e-04 0.007015051  4678.615 -1.303113e+03 -1.200258e+02
[35,]   35 2.095056e-04 0.007054359  4678.616 -1.119271e+03  3.871544e+01
[36,]   36 2.172506e-04 0.006999394  4678.636  7.260317e+01 -1.928418e+02
[37,]   37 2.101470e-04 0.007049807  4678.617 -1.013253e+03  1.917897e+01
[38,]   38 2.095666e-04 0.007053926  4678.616 -1.109127e+03  3.685497e+01
[39,]   39 2.095115e-04 0.007054317  4678.616 -1.118293e+03  3.853626e+01
[40,]   40 2.095062e-04 0.007054355  4678.616 -1.119177e+03  3.869816e+01
[41,]   41 2.095056e-04 0.007054359  4678.616 -1.119262e+03  3.871377e+01
[42,]   42 2.095056e-04 0.007054359  4678.616 -1.119270e+03  3.871528e+01
[43,]   43 2.095056e-04 0.007054359  4678.616 -1.119271e+03  3.871542e+01
[44,]   44 2.095056e-04 0.007054359  4678.616 -1.119271e+03  3.871544e+01
[45,]   45 2.095056e-04 0.007054359  4678.616 -1.119271e+03  3.871544e+01
[46,]   46 2.095056e-04 0.007054359  4678.616 -1.119271e+03  3.871544e+01
[47,]   47 2.095056e-04 0.007054359  4678.616 -1.119271e+03  3.871544e+01
[48,]   48 2.095056e-04 0.007054359  4678.616 -1.119271e+03  3.871544e+01
[49,]   49 2.095056e-04 0.007054359  4678.616 -1.119271e+03  3.871544e+01
[50,]   50 2.095056e-04 0.007054359  4678.616 -1.119271e+03  3.871544e+01
[51,]   51 2.095056e-04 0.007054359  4678.616 -1.119271e+03  3.871544e+01
[52,]   52 2.095056e-04 0.007054359  4678.616 -1.119271e+03  3.871544e+01
[53,]   53 2.095056e-04 0.007054359  4678.616 -1.119271e+03  3.871544e+01
[54,]   54 2.095056e-04 0.007054359  4678.616 -1.119271e+03  3.871544e+01
[55,]   55 2.095056e-04 0.007054359  4678.616 -1.119271e+03  3.871544e+01
[56,]   56 1.000000e+01 0.000001000 11586.772  3.434795e-01 -3.862041e+07
[57,]   57 4.753002e+00 0.003701974  5061.849  7.567664e-01 -1.264197e+05
[58,]   58 1.437668e+00 0.006040446  4879.985  4.607642e+00 -3.844583e+04
[59,]   59 3.882160e-01 0.006780678  4842.599  4.741355e+01 -2.370443e+04
[60,]   60 7.533666e-02 0.007001368  4795.570  3.575100e+02 -1.883456e+04
[61,]   61 7.219918e-03 0.007049414  4723.765  3.873266e+03 -5.420567e+03
[62,]   62 4.377707e-04 0.007054198  4680.308  9.642804e+03 -2.709060e+02
[63,]   63 2.183333e-04 0.007054353  4678.634  1.312672e+02  2.258394e+01
[64,]   64 2.101465e-04 0.007054359  4678.617 -1.022975e+03  3.752143e+01
[65,]   65 2.095533e-04 0.007054359  4678.616 -1.112076e+03  3.862648e+01
[66,]   66 2.095091e-04 0.007054359  4678.616 -1.118735e+03  3.870881e+01
[67,]   67 2.095058e-04 0.007054359  4678.616 -1.119231e+03  3.871495e+01
[68,]   68 2.095056e-04 0.007054359  4678.616 -1.119268e+03  3.871540e+01
[69,]   69 2.095056e-04 0.007054359  4678.616 -1.119271e+03  3.871544e+01
[70,]   70 2.095056e-04 0.007054359  4678.616 -1.119271e+03  3.871544e+01
[71,]   71 2.095056e-04 0.007054359  4678.616 -1.119271e+03  3.871544e+01
[72,]   72 2.095056e-04 0.007054359  4678.616 -1.119271e+03  3.871544e+01
[73,]   73 2.095056e-04 0.007054359  4678.616 -1.119271e+03  3.871544e+01
[74,]   74 2.095056e-04 0.007054359  4678.616 -1.119271e+03  3.871544e+01
[75,]   75 2.095056e-04 0.007054359  4678.616 -1.119271e+03  3.871544e+01

