[22;0t]0;IPython: scripts/01_msprime_simulations$par
[1] 0.0027794812 0.0002974244

$value
[1] -307.6831

$counts
function gradient 
      51       51 

$convergence
[1] 0

$message
[1] "CONVERGENCE: REL_REDUCTION_OF_F <= FACTR*EPSMCH"

$loginfo
      step         par1         par2         fn          gr1           gr2
 [1,]    1  0.100000000 1.000000e-02   535.4957   2092.22014     2138.4385
 [2,]    2  0.000001000 1.000000e-06   423.1461 101425.64637 -1174867.3981
 [3,]    3  0.087437618 8.743875e-03   506.7613   2058.78709     2085.9330
 [4,]    4  0.043719309 4.372437e-03   411.8005   1746.69189     3149.7144
 [5,]    5  0.000001000 1.000000e-06   423.1461 101425.64637 -1174867.3981
 [6,]    6  0.020186814 2.019400e-03   361.0927    858.30225    18214.9431
 [7,]    7  0.011589042 1.159700e-03   333.2421    245.98911    34805.5520
 [8,]    8  0.010051476 1.005957e-03   327.4595    130.15506    36320.1008
 [9,]    9  0.009058301 9.066486e-04   323.7273     49.75248    36715.5994
[10,]   10  0.004529651 4.538243e-04   309.2128   -379.24888    23125.8676
[11,]   11  0.002758498 2.767250e-04   307.7395   -360.73580   -11227.3557
[12,]   12 10.000000000 1.000000e+01 47346.1988   2177.06803     2325.7562
[13,]   13  2.102210963 2.100250e+00 10412.9661   2357.08226     2485.9951
[14,]   14  0.443195836 4.408234e-01  2342.2884   2392.45580     2463.0596
[15,]   15  0.097120480 9.466213e-02   684.7046   2394.09547     2194.6389
[16,]   16  0.024239712 2.176327e-02   373.7180   2368.62077     1039.0672
[17,]   17  0.008001867 5.521395e-03   338.1741   2221.44057    -2891.2301
[18,]   18  0.003616799 1.135239e-03   327.6467   1668.43028    19082.4350
[19,]   19  0.002832529 3.507742e-04   308.0247   -493.76687     9501.3962
[20,]   20  0.002778374 2.966060e-04   307.6831   -409.97157    -4124.4599
[21,]   21  0.002793623 3.094034e-04   307.7037   -435.93648     -250.0663
[22,]   22  0.002781204 2.989808e-04   307.6837   -415.10980    -3368.3203
[23,]   23  0.002778964 2.971009e-04   307.6831   -411.05460    -3965.4127
[24,]   24  0.002778500 2.967116e-04   307.6831   -410.20321    -4090.4567
[25,]   25  0.002778806 2.969686e-04   307.6831   -410.76557    -4007.8736
[26,]   26  0.002778565 2.967662e-04   307.6831   -410.32271    -4072.9126
[27,]   27  0.002778724 2.968998e-04   307.6831   -410.61512    -4029.9722
[28,]   28  0.002778599 2.967944e-04   307.6831   -410.38463    -4063.8202
[29,]   29  0.002778681 2.968640e-04   307.6831   -410.53679    -4041.4766
[30,]   30  0.002778616 2.968091e-04   307.6831   -410.41680    -4059.0972
[31,]   31  0.002778659 2.968453e-04   307.6831   -410.49600    -4047.4665
[32,]   32  0.002778625 2.968168e-04   307.6831   -410.43352    -4056.6409
[33,]   33  0.002778616 2.968091e-04   307.6831   -410.41680    -4059.0972
[34,]   34  0.002798374 3.110752e-04   307.7082   -438.76815      215.8534
[35,]   35  0.002782254 2.994360e-04   307.6838   -416.03485    -3226.5428
[36,]   36  0.002779377 2.973589e-04   307.6831   -411.60764    -3883.0749
[37,]   37  0.002781276 2.987298e-04   307.6834   -414.54239    -3448.2582
[38,]   38  0.002779764 2.976378e-04   307.6831   -412.20882    -3794.1238
[39,]   39  0.002779457 2.974164e-04   307.6831   -411.73179    -3864.7101
[40,]   40  0.002779377 2.973589e-04   307.6831   -411.60764    -3883.0749
[41,]   41  0.002801666 3.114175e-04   307.7081   -439.12661      305.7037
[42,]   42  0.002783421 2.999091e-04   307.6839   -416.98376    -3080.0467
[43,]   43  0.002780209 2.978831e-04   307.6831   -412.72700    -3716.3457
[44,]   44  0.002779553 2.974694e-04   307.6831   -411.84419    -3847.8600
[45,]   45  0.002779415 2.973823e-04   307.6831   -411.65779    -3875.6100
[46,]   46  0.002779506 2.974398e-04   307.6831   -411.78084    -3857.2924
[47,]   47  0.002779434 2.973945e-04   307.6831   -411.68384    -3871.7325
[48,]   48  0.002779481 2.974244e-04   307.6831   -411.74786    -3862.2013
[49,]   49  0.002779497 2.974345e-04   307.6831   -411.76963    -3858.9613
[50,]   50  0.002779485 2.974265e-04   307.6831   -411.75246    -3861.5175
[51,]   51  0.002779481 2.974244e-04   307.6831   -411.74786    -3862.2013

