[22;0t]0;IPython: scripts/01_msprime_simulations$par
[1] 0.0001563407 0.0075864227

$value
[1] -4668.44

$counts
function gradient 
      78       78 

$convergence
[1] 0

$message
[1] "CONVERGENCE: REL_REDUCTION_OF_F <= FACTR*EPSMCH"

$loginfo
      step         par1         par2        fn           gr1           gr2
 [1,]    1 1.000000e-01  0.010000000  4758.420  5.132706e+01  8.802943e+03
 [2,]    2 1.000000e-06  0.000001000 10255.507  1.237879e+05 -3.767672e+07
 [3,]    3 6.677120e-02  0.006677419  4759.187  2.209861e+02 -1.560742e+04
 [4,]    4 8.310038e-02  0.008310190  4749.569  8.475991e+01 -3.880675e+02
 [5,]    5 8.061698e-02  0.008216656  4749.416  9.108641e+01 -1.002364e+03
 [6,]    6 6.324020e-02  0.007822086  4748.263  1.473809e+02 -3.342305e+03
 [7,]    7 1.000000e-06  0.006386129  4682.838 -1.315458e+05  0.000000e+00
 [8,]    8 6.320585e-02  0.007821306  4748.261  1.475397e+02 -3.346780e+03
 [9,]    9 3.160343e-02  0.007103717  4743.114  5.135718e+02 -6.549748e+03
[10,]   10 1.025228e-02  0.006618902  4723.162  2.242623e+03 -4.903096e+03
[11,]   11 3.250698e-03  0.006459919  4698.059  6.363791e+03 -1.838698e+03
[12,]   12 1.000000e-06  0.006386129  4682.838 -1.315458e+05  0.000000e+00
[13,]   13 8.057562e-02  0.008279980  4749.364  8.904716e+01 -5.301240e+02
[14,]   14 2.653391e-02  0.007009767  4740.756  6.689218e+02 -6.506329e+03
[15,]   15 8.577732e-03  0.006587719  4719.197  2.687894e+03 -4.315813e+03
[16,]   16 2.712476e-03  0.006449860  4694.414  7.279567e+03 -1.513742e+03
[17,]   17 8.726665e-04  0.006406617  4677.136  1.165264e+04 -3.432056e+02
[18,]   18 8.018172e-04  0.006420227  4676.302  1.175160e+04 -3.020075e+02
[19,]   19 5.184198e-04  0.006474667  4672.940  1.162804e+04 -2.142909e+02
[20,]   20 1.000000e-06  0.006574064  4682.692 -1.313155e+05 -5.824862e+02
[21,]   21 3.367323e-04  0.006509570  4670.897  1.021808e+04 -2.825611e+02
[22,]   22 1.000000e-06  0.006588335  4682.684 -1.313980e+05 -5.496834e+02
[23,]   23 2.677699e-04  0.006525749  4670.211  8.586748e+03 -3.781851e+02
[24,]   24 1.000000e-06  0.006620203  4682.667 -1.316299e+05 -4.730838e+02
[25,]   25 2.391268e-04  0.006535890  4669.956  7.365177e+03 -4.468818e+02
[26,]   26 5.791336e-05  0.006621359  4670.370 -9.741121e+03 -1.496492e+03
[27,]   27 1.790066e-04  0.006564246  4669.529  2.113601e+03 -6.872090e+02
[28,]   28 1.500047e-04  0.006588171  4669.408 -3.627914e+03 -8.947643e+02
[29,]   29 1.650504e-04  0.006575759  4669.460 -1.779477e+02 -7.815928e+02
[30,]   30 1.618084e-04  0.006585441  4669.441 -7.883709e+02 -8.313553e+02
[31,]   31 1.461238e-04  0.006667441  4669.316 -4.426831e+03 -1.193846e+03
[32,]   32 1.121224e-04  0.006930208  4668.927 -2.610782e+04 -1.688245e+03
[33,]   33 1.369871e-04  0.006738051  4669.210 -7.445475e+03 -1.434647e+03
[34,]   34 7.697729e-05  0.007352150  4668.788 -1.396043e+03 -4.636918e+02
[35,]   35 1.916953e-05  0.007919303  4672.937 -4.455540e+04  1.033600e+03
[36,]   36 7.642701e-05  0.007357548  4668.796 -1.557151e+03 -4.425691e+02
[37,]   37 7.696144e-05  0.007352305  4668.788 -1.400649e+03 -4.630831e+02
[38,]   38 7.697683e-05  0.007352154  4668.788 -1.396177e+03 -4.636741e+02
[39,]   39 7.697728e-05  0.007352150  4668.788 -1.396047e+03 -4.636913e+02
[40,]   40 7.697729e-05  0.007352150  4668.788 -1.396043e+03 -4.636918e+02
[41,]   41 7.697729e-05  0.007352150  4668.788 -1.396043e+03 -4.636918e+02
[42,]   42 7.697729e-05  0.007352150  4668.788 -1.396043e+03 -4.636918e+02
[43,]   43 7.697729e-05  0.007352150  4668.788 -1.396043e+03 -4.636918e+02
[44,]   44 7.697729e-05  0.007352150  4668.788 -1.396043e+03 -4.636918e+02
[45,]   45 7.697729e-05  0.007352150  4668.788 -1.396043e+03 -4.636918e+02
[46,]   46 7.697729e-05  0.007352150  4668.788 -1.396043e+03 -4.636918e+02
[47,]   47 7.697729e-05  0.007352150  4668.788 -1.396043e+03 -4.636918e+02
[48,]   48 7.697729e-05  0.007352150  4668.788 -1.396043e+03 -4.636918e+02
[49,]   49 7.697729e-05  0.007352150  4668.788 -1.396043e+03 -4.636918e+02
[50,]   50 7.697729e-05  0.007352150  4668.788 -1.396043e+03 -4.636918e+02
[51,]   51 1.000000e+01 10.000000000 48350.637  2.173802e+03  2.242198e+03
[52,]   52 7.966983e-01  0.803393957  7154.130  2.376533e+03  1.508503e+03
[53,]   53 8.717659e-02  0.094388392  5083.662  3.296828e+03 -1.443450e+03
[54,]   54 5.374959e-03  0.012646277  4717.649  6.039658e+03  2.123282e+03
[55,]   55 2.961655e-04  0.007571178  4669.862  1.195217e+04 -2.552699e+02
[56,]   56 1.071909e-04  0.007382341  4668.427 -3.663144e+04 -4.181028e+02
[57,]   57 1.580647e-04  0.007433178  4668.478  7.343372e+02 -3.626510e+02
[58,]   58 1.431819e-04  0.007448474  4668.401 -3.872274e+03 -2.976581e+02
[59,]   59 1.545392e-04  0.007436801  4668.456 -1.958743e+02 -3.480737e+02
[60,]   60 1.547651e-04  0.007490364  4668.443 -2.343149e+02 -2.227093e+02
[61,]   61 1.563407e-04  0.007586423  4668.440 -5.338512e+01 -3.277292e+01
[62,]   62 1.566987e-04  0.007603099  4668.442 -8.225654e+00 -4.382668e+00
[63,]   63 1.563574e-04  0.007587203  4668.440 -5.121578e+01 -3.141700e+01
[64,]   64 1.563415e-04  0.007586461  4668.440 -5.327968e+01 -3.270703e+01
[65,]   65 1.563407e-04  0.007586425  4668.440 -5.337999e+01 -3.276972e+01
[66,]   66 1.563407e-04  0.007586423  4668.440 -5.338487e+01 -3.277277e+01
[67,]   67 1.563407e-04  0.007586423  4668.440 -5.338511e+01 -3.277291e+01
[68,]   68 1.563407e-04  0.007586423  4668.440 -5.338512e+01 -3.277292e+01
[69,]   69 1.563407e-04  0.007586423  4668.440 -5.338512e+01 -3.277292e+01
[70,]   70 1.563407e-04  0.007586423  4668.440 -5.338512e+01 -3.277292e+01
[71,]   71 1.563407e-04  0.007586423  4668.440 -5.338512e+01 -3.277292e+01
[72,]   72 1.563407e-04  0.007586423  4668.440 -5.338512e+01 -3.277292e+01
[73,]   73 1.563407e-04  0.007586423  4668.440 -5.338512e+01 -3.277292e+01
[74,]   74 1.563407e-04  0.007586423  4668.440 -5.338512e+01 -3.277292e+01

