[22;0t]0;IPython: scripts/01_msprime_simulations$par
[1] 0.06428256 0.00935491

$value
[1] -5151.647

$counts
function gradient 
      11       11 

$convergence
[1] 0

$message
[1] "CONVERGENCE: REL_REDUCTION_OF_F <= FACTR*EPSMCH"

$loginfo
      step       par1        par2        fn           gr1           gr2
 [1,]    1 0.10000000 0.010000000  5153.582  5.790396e+01  2.289253e+03
 [2,]    2 0.00000100 0.000001000 11405.084  1.233159e+05 -4.192280e+07
 [3,]    3 0.06708186 0.006708482  5181.152  2.561408e+02 -2.612909e+04
 [4,]    4 0.09506284 0.009506329  5152.805  6.527578e+01 -4.320482e+02
 [5,]    5 0.09344368 0.009461893  5152.724  6.462179e+01 -6.558441e+02
 [6,]    6 0.07421726 0.009180760  5152.006  4.135441e+01 -1.634763e+03
 [7,]    7 0.06048099 0.009164513  5151.741 -4.268206e+00 -9.144355e+02
 [8,]    8 0.06427392 0.009302725  5151.655  3.035264e+00 -3.109422e+02
 [9,]    9 0.06417975 0.009356000  5151.647 -4.770918e-01  1.241835e+01
[10,]   10 0.06428626 0.009354972  5151.647  1.112088e-02  1.457567e-01
[11,]   11 0.06428256 0.009354910  5151.647 -5.793481e-05 -9.686619e-03

