[22;0t]0;IPython: scripts/01_msprime_simulations$par
[1] 0.001492362 0.020605726

$value
[1] -6139.933

$counts
function gradient 
      31       31 

$convergence
[1] 0

$message
[1] "CONVERGENCE: REL_REDUCTION_OF_F <= FACTR*EPSMCH"

$loginfo
      step        par1         par2        fn           gr1           gr2
 [1,]    1 0.100000000  0.010000000  6404.372  8.702703e+02 -2.878641e+04
 [2,]    2 0.000001000 10.000000000 25918.536  2.416088e+03  2.193024e+03
 [3,]    3 0.069598539  3.047136356 10920.157  2.413866e+03  2.064314e+03
 [4,]    4 0.090500473  0.959012220  7143.888  2.430741e+03  1.370243e+03
 [5,]    5 0.096926953  0.317000513  6575.104  3.067082e+03  2.637133e+02
 [6,]    6 0.099009826  0.108919390  6589.271  3.452975e+03  1.301995e+02
 [7,]    7 0.099707415  0.039229509  6442.384  1.539329e+03  5.835437e+03
 [8,]    8 0.099901466  0.019843674  6328.968  8.505007e+02  2.882878e+03
 [9,]    9 0.099645466  0.018950084  6326.585  8.344113e+02  1.938880e+03
[10,]   10 0.098281562  0.016911701  6324.281  8.112271e+02 -9.746054e+02
[11,]   11 0.097771264  0.017217868  6323.646  8.174079e+02 -4.670478e+02
[12,]   12 0.092006443  0.018391621  6319.236  8.656854e+02  1.134964e+03
[13,]   13 0.066601064  0.021440824  6301.431  1.143874e+03  3.250772e+03
[14,]   14 0.000001000  0.029434294  6239.841 -5.866564e+05  3.001155e+02
[15,]   15 0.066515614  0.021451080  6301.367  1.145188e+03  3.253868e+03
[16,]   16 0.033258307  0.025442687  6263.370  2.138328e+03  2.723082e+03
[17,]   17 0.011077163  0.028104911  6196.856  5.207032e+03  1.322261e+03
[18,]   18 0.003758790  0.028983277  6154.751  5.720251e+03  1.073130e+03
[19,]   19 0.000001000  0.029199724  6239.770 -5.886968e+05  3.094931e+02
[20,]   20 0.002373775  0.029063053  6148.005  3.663303e+03  1.102422e+03
[21,]   21 0.000001000  0.028568012  6239.557 -5.940933e+05  3.676320e+02
[22,]   22 0.001589101  0.028899344  6146.154 -3.510141e+01  1.159127e+03
[23,]   23 0.001536211  0.028310486  6145.481 -3.914326e+02  1.157294e+03
[24,]   24 0.001324652  0.025955056  6143.133 -2.154247e+03  1.014479e+03
[25,]   25 0.001335545  0.009084424  6166.022  8.853052e+03 -9.251059e+03
[26,]   26 0.001328554  0.019911047  6140.092 -1.394752e+03 -1.509367e+02
[27,]   27 0.001492180  0.020795789  6139.938 -2.599934e+01  4.830150e+01
[28,]   28 0.001494725  0.020585169  6139.933  2.171294e+01 -5.576276e+00
[29,]   29 0.001492495  0.020606019  6139.933  1.060526e+00  6.076893e-02
[30,]   30 0.001492362  0.020605726  6139.933  2.785557e-02  3.264317e-03

