[22;0t]0;IPython: scripts/01_msprime_simulations$par
[1] 1.000000e-06 1.432441e-05

$value
[1] -63.66697

$counts
function gradient 
      70       70 

$convergence
[1] 52

$message
[1] "ERROR: ABNORMAL_TERMINATION_IN_LNSRCH"

$loginfo
      step  par1         par2          fn        gr1          gr2
 [1,]    1 1e-01 1.000000e-02   312.57775  2248.8122    3121.6443
 [2,]    2 1e-06 1.000000e-06    74.94766 31465.2638 -110489.6296
 [3,]    3 1e-06 1.000000e+01 24348.37592  2416.0878    2324.1147
 [4,]    4 1e-06 3.226055e+00  8109.83982  2415.9904    2470.1722
 [5,]    5 1e-06 1.040268e+00  2661.00909  2415.5456    2514.1222
 [6,]    6 1e-06 3.355363e-01   886.50854  2413.9822    2517.4533
 [7,]    7 1e-06 1.083555e-01   316.74536  2409.0384    2484.9417
 [8,]    8 1e-06 3.510153e-02   137.36131  2393.4324    2370.9883
 [9,]    9 1e-06 1.145664e-02    83.96974  2337.0332    2018.7207
[10,]   10 1e-06 3.800182e-03    71.12382  2033.7514     963.5820
[11,]   11 1e-06 3.767336e-03    71.09238  2028.1903     949.8190
[12,]   12 1e-06 3.635951e-03    70.97127  2004.4738     892.2943
[13,]   13 1e-06 3.110410e-03    70.57134  1879.2864     614.6877
[14,]   14 1e-06 1.895159e-03    70.30939  1617.6374     103.8472
[15,]   15 1e-06 1.648114e-03    70.21078  2231.0449     843.7790
[16,]   16 1e-06 6.599350e-04    67.90621  5227.5162    3628.2662
[17,]   17 1e-06 1.000000e-06    74.94766     0.0000 -110489.6296
[18,]   18 1e-06 4.272686e-04    66.87147  6417.6332    5620.6494
[19,]   19 1e-06 2.225031e-04    65.38460  6754.7175    9995.2998
[20,]   20 1e-06 1.958750e-04    65.11472  6386.7971   10982.4770
[21,]   21 1e-06 1.787979e-04    64.92743  6017.8848   11655.2117
[22,]   22 1e-06 1.000000e-06    74.94766 31465.2638 -110489.6296
[23,]   23 1e-06 1.659080e-04    64.77783  5652.6736   12142.7615
[24,]   24 1e-06 8.345401e-05    63.62490  1125.5596   13547.8208
[25,]   25 1e-06 8.172470e-05    63.59742  1006.5615   13629.6607
[26,]   26 1e-06 8.007228e-05    63.57112   894.3880   13707.0493
[27,]   27 1e-06 4.053614e-05    63.02966   287.8041   14307.7782
[28,]   28 1e-06 4.018944e-05    63.02758   324.2395   14282.9247
[29,]   29 1e-06 1.432441e-05    63.66697 12510.4434    4303.9340
[30,]   30 1e-06 1.000000e-06    74.94766 31465.2638 -110489.6296
[31,]   31 1e-06 1.431264e-05    63.66828 12523.8236    4289.0816
[32,]   32 1e-06 1.432434e-05    63.66697 12510.5267    4303.8416
[33,]   33 1e-06 1.432441e-05    63.66697 12510.4440    4303.9334
[34,]   34 1e-06 1.432441e-05    63.66697 12510.4435    4303.9340
[35,]   35 1e-06 1.432441e-05    63.66697 12510.4434    4303.9340
[36,]   36 1e-06 1.432441e-05    63.66697 12510.4434    4303.9340
[37,]   37 1e-06 1.432441e-05    63.66697 12510.4434    4303.9340
[38,]   38 1e-06 1.432441e-05    63.66697 12510.4434    4303.9340
[39,]   39 1e-06 1.432441e-05    63.66697 12510.4434    4303.9340
[40,]   40 1e-06 1.432441e-05    63.66697 12510.4434    4303.9340
[41,]   41 1e-06 1.432441e-05    63.66697 12510.4434    4303.9340
[42,]   42 1e-06 1.432441e-05    63.66697 12510.4434    4303.9340
[43,]   43 1e-06 1.432441e-05    63.66697 12510.4434    4303.9340
[44,]   44 1e-06 1.432441e-05    63.66697 12510.4434    4303.9340
[45,]   45 1e-06 1.432441e-05    63.66697 12510.4434    4303.9340
[46,]   46 1e-06 1.432441e-05    63.66697 12510.4434    4303.9340
[47,]   47 1e-06 1.432441e-05    63.66697 12510.4434    4303.9340
[48,]   48 1e-06 1.432441e-05    63.66697 12510.4434    4303.9340
[49,]   49 1e-06 1.000000e-06    74.94766 31465.2638 -110489.6296
[50,]   50 1e-06 1.431264e-05    63.66828 12523.8236    4289.0816
[51,]   51 1e-06 1.432434e-05    63.66697 12510.5267    4303.8416
[52,]   52 1e-06 1.432441e-05    63.66697 12510.4440    4303.9334
[53,]   53 1e-06 1.432441e-05    63.66697 12510.4435    4303.9340
[54,]   54 1e-06 1.432441e-05    63.66697 12510.4434    4303.9340
[55,]   55 1e-06 1.432441e-05    63.66697 12510.4434    4303.9340
[56,]   56 1e-06 1.432441e-05    63.66697 12510.4434    4303.9340
[57,]   57 1e-06 1.432441e-05    63.66697 12510.4434    4303.9340
[58,]   58 1e-06 1.432441e-05    63.66697 12510.4434    4303.9340
[59,]   59 1e-06 1.432441e-05    63.66697 12510.4434    4303.9340
[60,]   60 1e-06 1.432441e-05    63.66697 12510.4434    4303.9340
[61,]   61 1e-06 1.432441e-05    63.66697 12510.4434    4303.9340
[62,]   62 1e-06 1.432441e-05    63.66697 12510.4434    4303.9340
[63,]   63 1e-06 1.432441e-05    63.66697 12510.4434    4303.9340
[64,]   64 1e-06 1.432441e-05    63.66697 12510.4434    4303.9340
[65,]   65 1e-06 1.432441e-05    63.66697 12510.4434    4303.9340
[66,]   66 1e-06 1.432441e-05    63.66697 12510.4434    4303.9340
[67,]   67 1e-06 1.432441e-05    63.66697 12510.4434    4303.9340

