[22;0t]0;IPython: scripts/01_msprime_simulations$par
[1] 0.000001 1.809262

$value
[1] -18241.85

$counts
function gradient 
      28       28 

$convergence
[1] 0

$message
[1] "CONVERGENCE: REL_REDUCTION_OF_F <= FACTR*EPSMCH"

$loginfo
      step         par1      par2       fn          gr1           gr2
 [1,]    1 0.1000000000  0.010000 20022.78    5911.2875 -2.774237e+05
 [2,]    2 0.0000010000 10.000000 30092.74    2416.0880  1.844523e+03
 [3,]    3 0.0667990985  3.326803 19403.03    2410.9426  1.092467e+03
 [4,]    4 0.0889133937  1.117563 18710.89    2563.0662 -3.906738e+02
 [5,]    5 0.0786703197  1.119104 18684.20    2533.0485 -3.628194e+02
 [6,]    6 0.0376980236  1.125266 18584.48    2133.7562 -2.654936e+02
 [7,]    7 0.0000010000  1.132147 18633.38 -308462.4122 -7.813534e+02
 [8,]    8 0.0192978415  1.128625 18549.76    1391.5855 -2.348138e+02
 [9,]    9 0.0000010000  1.133128 18632.61 -304944.8098 -7.872521e+02
[10,]   10 0.0117511349  1.130386 18541.74     492.8560 -2.421792e+02
[11,]   11 0.0071200552  1.132573 18541.53    -834.2704 -2.616489e+02
[12,]   12 0.0096174946  1.131393 18540.91      21.7758 -2.498757e+02
[13,]   13 0.0089594935  1.132925 18540.57    -158.6810 -2.559908e+02
[14,]   14 0.0070333135  1.142742 18538.80    -825.7160 -2.885360e+02
[15,]   15 0.0035861498  1.175227 18533.79   -3256.6720 -4.366863e+02
[16,]   16 0.0000010000  1.237931 18522.51  -94765.5954 -1.122977e+03
[17,]   17 0.0033885965  1.178682 18532.89   -3450.1365 -4.653758e+02
[18,]   18 0.0016947983  1.208307 18522.06   -5376.5560 -7.576916e+02
[19,]   19 0.0006002255  1.227451 18513.65   -9999.0854 -8.943200e+02
[20,]   20 0.0002047367  1.234368 18513.17  -25891.1432 -9.364605e+02
[21,]   21 0.0004529733  1.230026 18512.96  -12579.1407 -9.065801e+02
[22,]   22 0.0000010000  1.248288 18511.02  -79605.8421 -1.095235e+03
[23,]   23 0.0002699859  1.237420 18508.95  -19308.9379 -9.236307e+02
[24,]   24 0.0000010000  1.524114 18303.00    1325.2577 -4.552526e+02
[25,]   25 0.0000010000  1.789655 18242.11    2401.7687 -2.659623e+01
[26,]   26 0.0000010000  1.806130 18241.85    2404.8918 -4.208455e+00
[27,]   27 0.0000010000  1.809227 18241.85    2405.3932 -4.639805e-02
[28,]   28 0.0000010000  1.809262 18241.85    2405.3986 -1.124135e-05

