[22;0t]0;IPython: scripts/01_msprime_simulations$par
[1] 0.0698925438 0.0009727433

$value
[1] -772.4834

$counts
function gradient 
      58       58 

$convergence
[1] 0

$message
[1] "CONVERGENCE: REL_REDUCTION_OF_F <= FACTR*EPSMCH"

$loginfo
      step        par1         par2        fn           gr1           gr2
 [1,]    1 0.100000000 0.0100000000  991.0795  1.527516e+03  6.451024e+03
 [2,]    2 0.000001000 0.0000010000 1212.2496  1.156617e+05 -4.077296e+06
 [3,]    3 0.054598650 0.0054602736  890.2580  9.118420e+02  1.452668e+04
 [4,]    4 0.019044646 0.0019051932  792.9015  3.609753e+01  2.829061e+04
 [5,]    5 0.007515219 0.0007523543  775.4359 -1.384983e+02 -1.459475e+04
 [6,]    6 0.021674131 0.0066531650  862.8618  1.464584e+03  2.637127e+03
 [7,]    7 0.009244350 0.0014729799  782.3348 -1.788781e+02  2.175357e+04
 [8,]    8 0.007907317 0.0009157635  774.5085 -2.550511e+02  1.662031e+03
 [9,]    9 0.011559431 0.0009313926  773.8396 -1.427289e+02  1.254935e+03
[10,]   10 0.016065572 0.0009424242  773.3695 -8.116578e+01  8.626656e+02
[11,]   11 0.021918511 0.0009528693  773.0247 -4.547417e+01  6.599737e+02
[12,]   12 0.029227935 0.0009608674  772.7842 -2.498907e+01  4.912842e+02
[13,]   13 0.038005977 0.0009673445  772.6281 -1.317128e+01  4.184261e+02
[14,]   14 0.041760323 0.0000010000 1335.0791  1.429180e+02 -4.362731e+06
[15,]   15 0.039030454 0.0007036506  776.2891  1.082757e+01 -3.356288e+04
[16,]   16 0.038027443 0.0009618191  772.6248 -1.283465e+01 -7.185620e+01
[17,]   17 0.047659329 0.0009686804  772.5382 -6.349169e+00  1.049439e+02
[18,]   18 0.056882676 0.0009721680  772.4992 -2.788798e+00  1.607270e+02
[19,]   19 0.063943810 0.0009725488  772.4863 -1.033462e+00  6.205178e+01
[20,]   20 0.068097669 0.0009727275  772.4837 -2.788083e-01  1.815646e+01
[21,]   21 0.069630564 0.0009727713  772.4835 -4.100120e-02  2.690391e+00
[22,]   22 0.069892544 0.0009727433  772.4834 -1.913208e-03 -3.085854e+00
[23,]   23 0.070055153 0.0009737719  772.4839  9.452481e-03  8.979298e+01
[24,]   24 0.069892789 0.0009727449  772.4834 -1.896101e-03 -2.945593e+00
[25,]   25 0.069892544 0.0009727433  772.4834 -1.913175e-03 -3.085633e+00
[26,]   26 0.069892544 0.0009727433  772.4834 -1.913208e-03 -3.085853e+00
[27,]   27 0.069892544 0.0009727433  772.4834 -1.913199e-03 -3.085854e+00
[28,]   28 0.069892544 0.0009727433  772.4834 -1.913208e-03 -3.085854e+00
[29,]   29 0.069892544 0.0009727433  772.4834 -1.913198e-03 -3.085854e+00
[30,]   30 0.069892544 0.0009727433  772.4834 -1.913208e-03 -3.085854e+00
[31,]   31 0.069892544 0.0009727433  772.4834 -1.913210e-03 -3.085854e+00
[32,]   32 0.069892544 0.0009727433  772.4834 -1.913206e-03 -3.085854e+00
[33,]   33 0.069892544 0.0009727433  772.4834 -1.913210e-03 -3.085854e+00
[34,]   34 0.069892544 0.0009727433  772.4834 -1.913202e-03 -3.085854e+00
[35,]   35 0.069892544 0.0009727433  772.4834 -1.913210e-03 -3.085854e+00
[36,]   36 0.069892544 0.0009727433  772.4834 -1.913216e-03 -3.085854e+00
[37,]   37 0.071805752 3.0868264413 8168.3773  2.414090e+03  2.442915e+03
[38,]   38 0.069893165 0.0019749550  797.7058  5.501691e+01  3.741725e+04
[39,]   39 0.069892544 0.0009727839  772.4835 -2.408639e-03  6.615054e-01
[40,]   40 0.069892544 0.0009727434  772.4834 -1.913883e-03 -3.080495e+00
[41,]   41 0.069892544 0.0009727433  772.4834 -1.913199e-03 -3.085846e+00
[42,]   42 0.069892544 0.0009727433  772.4834 -1.913208e-03 -3.085854e+00
[43,]   43 0.069892544 0.0009727433  772.4834 -1.913184e-03 -3.085850e+00
[44,]   44 0.069892544 0.0009727433  772.4834 -1.913209e-03 -3.085854e+00
[45,]   45 0.069892544 0.0009727433  772.4834 -1.913208e-03 -3.085854e+00
[46,]   46 0.069892544 0.0009727433  772.4834 -1.913211e-03 -3.085854e+00
[47,]   47 0.069892544 0.0009727433  772.4834 -1.913208e-03 -3.085854e+00
[48,]   48 0.069892544 0.0009727433  772.4834 -1.913208e-03 -3.085854e+00

