[22;0t]0;IPython: scripts/01_msprime_simulations$par
[1] 0.009123742 0.055467095

$value
[1] -20047.69

$counts
function gradient 
      40       40 

$convergence
[1] 0

$message
[1] "CONVERGENCE: REL_REDUCTION_OF_F <= FACTR*EPSMCH"

$loginfo
      step        par1        par2       fn           gr1           gr2
 [1,]    1 0.100000000  0.01000000 23861.70  1.020860e+04 -3.752405e+05
 [2,]    2 0.000001000 10.00000000 31464.37  2.416088e+03  1.730007e+03
 [3,]    3 0.066726252  3.33408067 21909.00  2.207007e+03  8.821176e+02
 [4,]    4 0.047142594  3.32606335 21859.53  2.117249e+03  8.748911e+02
 [5,]    5 0.000001000  3.30676414 21804.47 -2.401671e+05  8.397907e+02
 [6,]    6 0.046660977  3.32586618 21858.34  2.114232e+03  8.746840e+02
 [7,]    7 0.023330988  3.31631516 21803.16  1.857145e+03  8.610148e+02
 [8,]    8 0.000001000  3.28301109 21784.63 -2.353580e+05  8.302446e+02
 [9,]    9 0.023027512  3.31588194 21802.23  1.851007e+03  8.606555e+02
[10,]   10 0.011514256  3.29944652 21768.78  1.452961e+03  8.433064e+02
[11,]   11 0.000001000  3.16776299 21692.12 -2.124779e+05  7.737419e+02
[12,]   12 0.010919183  3.29264034 21762.20  1.406286e+03  8.400479e+02
[13,]   13 0.005460092  3.23020166 21704.83  6.227220e+02  8.057992e+02
[14,]   14 0.000001000  1.66713374 21050.68 -1.291103e+06  2.589365e+02
[15,]   15 0.004588095  2.98052811 21514.84 -8.393136e+02  7.231715e+02
[16,]   16 0.074243003  0.00000100 72370.41  2.140012e+04 -2.548045e+08
[17,]   17 0.028531272  1.95600174 20862.56  1.177026e+03  4.672410e+02
[18,]   18 0.047986058  0.34895821 20432.09  5.550484e+03  1.587835e+02
[19,]   19 0.028553298  0.00000100 70902.93  4.908375e+04 -2.547363e+08
[20,]   20 0.041496491  0.23242401 20363.24  5.607231e+03  5.221027e+02
[21,]   21 0.035024895  0.11621250 20198.89  4.159147e+03  1.695654e+03
[22,]   22 0.030717920  0.03887147 20222.63  6.325314e+03 -1.365724e+04
[23,]   23 0.032752399  0.07540493 20122.84  3.254160e+03  1.217080e+03
[24,]   24 0.031444176  0.05191297 20127.52  4.047461e+03 -3.365335e+03
[25,]   25 0.032752399  0.07540493 20122.84  3.254160e+03  1.217080e+03
[26,]   26 0.019454489  0.00000100 70399.94  6.238269e+04 -2.547115e+08
[27,]   27 0.028322529  0.05028598 20120.31  4.293644e+03 -3.769125e+03
[28,]   28 0.031100525  0.06603821 20109.72  3.319758e+03  3.228053e+02
[29,]   29 0.000001000  0.06008559 20581.45 -2.465300e+06  2.924922e+02
[30,]   30 0.019384898  0.06379577 20070.44  3.072724e+03  3.439926e+02
[31,]   31 0.006591525  0.06134705 20054.88 -3.975523e+03  7.996443e+02
[32,]   32 0.013616668  0.06269170 20054.73  2.002168e+03  4.768041e+02
[33,]   33 0.000001000  0.05284202 20578.02 -2.502449e+06  1.728030e+03
[34,]   34 0.008955268  0.05931961 20048.68 -5.375043e+02  4.621875e+02
[35,]   35 0.009365240  0.05287409 20048.30  5.523689e+02 -4.445310e+02
[36,]   36 0.009163763  0.05604167 20047.71 -2.696247e+01  7.341755e+01
[37,]   37 0.009079782  0.05529790 20047.69 -2.184364e+01 -1.864596e+01
[38,]   38 0.009134013  0.05547148 20047.69  9.110258e+00 -5.965706e-01
[39,]   39 0.009121949  0.05547053 20047.69 -2.069260e+00  6.552793e-01
[40,]   40 0.009123742  0.05546710 20047.69  4.594986e-03 -2.873969e-02

