[22;0t]0;IPython: scripts/01_msprime_simulations$par
[1] 0.0245890599 0.0004910053

$value
[1] -415.658

$counts
function gradient 
      36       36 

$convergence
[1] 0

$message
[1] "CONVERGENCE: REL_REDUCTION_OF_F <= FACTR*EPSMCH"

$loginfo
      step         par1         par2       fn           gr1           gr2
 [1,]    1 0.1000000000 0.0100000000 632.7552  1.972637e+03  3.035180e+03
 [2,]    2 0.0000010000 0.0000010000 603.1613  1.030112e+05 -1.816067e+06
 [3,]    3 0.0971849630 0.0097185216 626.3554  1.962186e+03  3.087438e+03
 [4,]    4 0.0485929815 0.0048597608 517.7275  1.566709e+03  6.564285e+03
 [5,]    5 0.0172036847 0.0017211136 444.0009  5.518910e+02  1.999767e+04
 [6,]    6 0.0076314092 0.0007639722 419.9789 -1.766562e+01  2.036798e+04
 [7,]    7 0.0006211692 0.0000010000 635.4087  2.039099e+04 -1.989190e+06
 [8,]    8 0.0057206965 0.0005560163 416.6801 -1.053935e+02  9.314450e+03
 [9,]    9 0.0047893417 0.0004063888 416.5305 -5.448729e+01 -1.249237e+04
[10,]   10 0.0053454481 0.0004957305 416.2759 -1.043739e+02  2.800573e+03
[11,]   11 0.0054866237 0.0004758461 416.2053 -9.483008e+01 -3.201715e+01
[12,]   12 0.0058958549 0.0004727234 416.1644 -8.744730e+01 -6.859470e+02
[13,]   13 0.0103759254 0.0004718536 415.8821 -4.373917e+01 -2.224633e+03
[14,]   14 0.0153672273 0.0004875428 415.7307 -2.057342e+01 -2.729275e+02
[15,]   15 0.0193586757 0.0004949749 415.6857 -8.979612e+00  7.398137e+02
[16,]   16 0.0220009524 0.0004946878 415.6688 -3.694512e+00  6.272310e+02
[17,]   17 0.0216070299 0.0003878869 416.5693  3.687467e+00 -2.398029e+04
[18,]   18 0.0219766374 0.0004880954 415.6590 -3.598764e+00 -5.106786e+02
[19,]   19 0.0238122809 0.0004912854 415.6587 -9.671864e-01  1.763440e+01
[20,]   20 0.0244625318 0.0004913004 415.6584 -1.590482e-01  1.441076e+01
[21,]   21 0.0245890599 0.0004910053 415.6580 -7.468686e-03 -3.830792e+01
[22,]   22 0.0245947993 0.0004912183 415.6583 -2.556667e-03 -9.618860e-01
[23,]   23 0.0245890857 0.0004910062 415.6580 -7.446741e-03 -3.814020e+01
[24,]   24 0.0245890600 0.0004910053 415.6580 -7.468589e-03 -3.830716e+01
[25,]   25 0.0245890599 0.0004910053 415.6580 -7.468680e-03 -3.830791e+01
[26,]   26 0.0245890599 0.0004910053 415.6580 -7.468676e-03 -3.830792e+01
[27,]   27 0.0245890599 0.0004910053 415.6580 -7.468674e-03 -3.830792e+01
[28,]   28 0.0245890599 0.0004910053 415.6580 -7.468660e-03 -3.830792e+01
[29,]   29 0.0245890599 0.0004910053 415.6580 -7.468676e-03 -3.830792e+01
[30,]   30 0.0245890599 0.0004910053 415.6580 -7.468677e-03 -3.830792e+01
[31,]   31 0.0245890599 0.0004910053 415.6580 -7.468670e-03 -3.830792e+01
[32,]   32 0.0245890599 0.0004910053 415.6580 -7.468673e-03 -3.830792e+01

