[22;0t]0;IPython: scripts/01_msprime_simulations$par
[1] 0.04626278 0.10574252

$value
[1] -28344.61

$counts
function gradient 
      29       29 

$convergence
[1] 0

$message
[1] "CONVERGENCE: REL_REDUCTION_OF_F <= FACTR*EPSMCH"

$loginfo
      step       par1        par2        fn           gr1           gr2
 [1,]    1 0.10000000  0.01000000  37258.16  2.013461e+04 -7.069959e+05
 [2,]    2 0.00000100 10.00000000  36161.96  2.415970e+03  1.337810e+03
 [3,]    3 0.06667570  3.33913110  30141.97  7.051969e+02  4.748050e+02
 [4,]    4 0.06332107  3.33683791  30138.67  6.091175e+02  4.730765e+02
 [5,]    5 0.04990256  3.32766514  30129.33  1.064017e+02  4.629682e+02
 [6,]    6 0.03836553  3.31205707  30124.66 -5.883449e+02  4.497975e+02
 [7,]    7 0.03824489  3.30075119  30119.64 -6.152461e+02  4.509944e+02
 [8,]    8 0.03776231  3.25552767  30099.45 -7.235393e+02  4.561642e+02
 [9,]    9 0.03583202  3.07463359  30016.75 -1.084747e+03  4.769142e+02
[10,]   10 0.02811086  2.35105727  29737.11 -2.691445e+03  3.318153e+02
[11,]   11 0.08461204  0.00000100 119053.35  3.077539e+04 -4.229596e+08
[12,]   12 0.04708879  1.56137135  29416.10  1.537112e+02  3.818315e+02
[13,]   13 0.06585042  0.78068617  29135.54  2.576291e+03  4.693937e+02
[14,]   14 0.07835476  0.26037132  28696.46  2.095454e+03  2.098115e+03
[15,]   15 0.08252285  0.08693397  28442.45  2.300572e+03 -6.208295e+03
[16,]   16 0.00000100  2.23464383  30531.68 -2.980592e+06  3.491151e+02
[17,]   17 0.03777432  1.25155698  29297.43 -6.621571e+02  3.881268e+02
[18,]   18 0.07007022  0.41102541  28903.09  2.946928e+03  1.100468e+03
[19,]   19 0.07947930  0.16614502  28464.01  1.087026e+03  2.617341e+03
[20,]   20 0.08138896  0.11644443  28372.74  1.176333e+03  3.167510e+02
[21,]   21 0.06661482  0.11267077  28356.14  9.119112e+02  1.857641e+02
[22,]   22 0.01854845  0.10149487  28410.34 -7.378710e+03  8.596303e+02
[23,]   23 0.04949870  0.10869111  28345.20  1.632057e+02  2.161055e+02
[24,]   24 0.04453017  0.10649981  28344.83 -1.926564e+02  1.508305e+02
[25,]   25 0.04632140  0.10633545  28344.63 -1.708744e+01  6.593397e+01
[26,]   26 0.04633735  0.10588026  28344.61  1.444286e+00  1.314872e+01
[27,]   27 0.04626765  0.10574283  28344.61  4.285669e-01 -1.512728e-01
[28,]   28 0.04626278  0.10574252  28344.61  2.437791e-03 -1.049793e-03

