[22;0t]0;IPython: scripts/01_msprime_simulations$par
[1] 0.0000010000 0.0001243616

$value
[1] -87.7234

$counts
function gradient 
      41       41 

$convergence
[1] 52

$message
[1] "ERROR: ABNORMAL_TERMINATION_IN_LNSRCH"

$loginfo
      step  par1         par2          fn       gr1          gr2
 [1,]    1 1e-01 1.000000e-02   331.40920  2256.180    2786.0049
 [2,]    2 1e-06 1.000000e-06   105.86609 40276.514 -181982.0885
 [3,]    3 1e-06 1.000000e+01 24350.95418  2416.099    2323.8995
 [4,]    4 1e-06 3.267340e+00  8216.72569  2416.074    2468.6640
 [5,]    5 1e-06 1.067307e+00  2736.17683  2415.985    2511.7854
 [6,]    6 1e-06 3.487542e-01   929.23130  2415.700    2512.0898
 [7,]    7 1e-06 1.140866e-01   342.67811  2414.824    2470.0504
 [8,]    8 1e-06 3.743167e-02   156.81235  2412.155    2328.1297
 [9,]    9 1e-06 1.237230e-02   101.96469  2403.819    1895.7835
[10,]   10 1e-06 1.224475e-02   101.72332  2403.681    1889.0505
[11,]   11 1e-06 1.173456e-02   100.76667  2403.097    1860.6539
[12,]   12 1e-06 9.693787e-03    97.10655  2400.051    1717.1626
[13,]   13 1e-06 1.530696e-03    89.85734  5033.763    1122.6053
[14,]   14 1e-06 1.000000e-06   105.86609 40276.514 -181982.0885
[15,]   15 1e-06 1.017818e-03    89.20637  6735.228    1058.7151
[16,]   16 1e-06 5.094091e-04    88.61040  9893.382    1618.2402
[17,]   17 1e-06 2.723878e-04    88.13679 11471.470    2499.1580
[18,]   18 1e-06 2.576326e-04    88.09947 11424.157    2564.5478
[19,]   19 1e-06 2.477233e-04    88.07377 11366.470    2605.4689
[20,]   20 1e-06 1.243616e-04    87.72340  7249.874   -2336.4992
[21,]   21 1e-06 1.000000e+01 24350.95418  2416.099    2323.8995
[22,]   22 1e-06 1.352006e+00  3450.63398  2416.013    2507.1259
[23,]   23 1e-06 1.825812e-01   512.85266  2415.313    2494.8549
[24,]   24 1e-06 2.609666e-02   130.88471  2410.424    2235.5475
[25,]   25 1e-06 4.792670e-03    90.28055  2376.820     873.1237
[26,]   26 1e-06 1.355115e-03    89.62789  5799.082    1368.2986
[27,]   27 1e-06 3.322091e-04    88.27709 11337.629    2227.3878
[28,]   28 1e-06 1.501203e-04    87.79675  8844.577    1615.0105
[29,]   29 1e-06 1.272188e-04    87.73117  7450.455   -1559.8585
[30,]   30 1e-06 1.246156e-04    87.72409  7267.936   -2260.7194
[31,]   31 1e-06 1.243832e-04    87.72346  7251.410   -2329.9993
[32,]   32 1e-06 1.243635e-04    87.72341  7250.004   -2335.9488
[33,]   33 1e-06 1.243618e-04    87.72340  7249.885   -2336.4526
[34,]   34 1e-06 1.243617e-04    87.72340  7249.875   -2336.4952
[35,]   35 1e-06 1.243616e-04    87.72340  7249.874   -2336.4988
[36,]   36 1e-06 1.243616e-04    87.72340  7249.874   -2336.4991
[37,]   37 1e-06 1.243616e-04    87.72340  7249.874   -2336.4992
[38,]   38 1e-06 1.243616e-04    87.72340  7249.874   -2336.4992
[39,]   39 1e-06 1.243616e-04    87.72340  7249.874   -2336.4992
[40,]   40 1e-06 1.243616e-04    87.72340  7249.874   -2336.4992

