[22;0t]0;IPython: scripts/01_msprime_simulations$par
[1] 0.011555877 0.004555658

$value
[1] -2981.825

$counts
function gradient 
      21       21 

$convergence
[1] 0

$message
[1] "CONVERGENCE: REL_REDUCTION_OF_F <= FACTR*EPSMCH"

$loginfo
      step        par1        par2       fn           gr1           gr2
 [1,]    1 0.100000000 0.010000000 3061.982  2.910736e+02  1.910301e+04
 [2,]    2 0.000001000 0.000001000 5923.329  1.221709e+05 -2.156930e+07
 [3,]    3 0.065372959 0.006537608 2998.649  1.252384e+02  1.110946e+04
 [4,]    4 0.024836045 0.002024037 3075.936  1.316845e+03 -1.031974e+05
 [5,]    5 0.052270924 0.005078765 2987.639  1.281699e+02  5.369667e+02
 [6,]    6 0.048394822 0.004844762 2987.274  1.422807e+02 -1.946358e+03
 [7,]    7 0.045030953 0.004786974 2986.909  1.495920e+02 -2.437999e+03
 [8,]    8 0.031575476 0.004555821 2985.371  1.975701e+02 -4.061094e+03
 [9,]    9 0.000001000 0.004013400 3025.512 -1.465845e+05  3.012680e+01
[10,]   10 0.020424834 0.004364263 2983.710  2.467912e+02 -4.572856e+03
[11,]   11 0.007008594 0.004133784 2982.836 -3.255644e+02 -1.957095e+03
[12,]   12 0.016145386 0.004290746 2982.991  2.357504e+02 -4.341316e+03
[13,]   13 0.010448514 0.004192878 2982.360  6.933362e+01 -3.286148e+03
[14,]   14 0.001183123 0.004332538 2993.861 -6.057519e+03  2.386479e+03
[15,]   15 0.008239125 0.004226181 2982.364 -1.737426e+02 -1.772815e+03
[16,]   16 0.009332453 0.004209701 2982.289 -3.467910e+01 -2.530407e+03
[17,]   17 0.016341909 0.005179526 2983.253  6.193428e+01  3.911403e+03
[18,]   18 0.011788238 0.004549483 2981.827  1.545731e+01 -1.266680e+02
[19,]   19 0.011638955 0.004554709 2981.826  5.242868e+00 -3.384226e+01
[20,]   20 0.011553635 0.004555658 2981.825 -1.337659e-01  6.694285e-01
[21,]   21 0.011555877 0.004555658 2981.825  1.351741e-03 -1.203873e-02

