[22;0t]0;IPython: scripts/01_msprime_simulations$par
[1] 0.001298682 0.783220909

$value
[1] -19364.34

$counts
function gradient 
      27       27 

$convergence
[1] 0

$message
[1] "CONVERGENCE: REL_REDUCTION_OF_F <= FACTR*EPSMCH"

$loginfo
      step         par1       par2       fn           gr1           gr2
 [1,]    1 0.1000000000  0.0100000 22764.49  8.781367e+03 -3.374675e+05
 [2,]    2 0.0000010000 10.0000000 31009.31  2.416099e+03  1.768000e+03
 [3,]    3 0.0667436205  3.3323455 21114.35  2.384523e+03  8.924420e+02
 [4,]    4 0.0432602806  3.3233731 21050.51  2.370535e+03  8.872639e+02
 [5,]    5 0.0000010000  3.3068447 20952.53 -8.987189e+04  8.779752e+02
 [6,]    6 0.0419896272  3.3228876 21047.07  2.369303e+03  8.869779e+02
 [7,]    7 0.0135249722  3.3120119 20970.85  2.275104e+03  8.806227e+02
 [8,]    8 0.0044398915  3.3085407 20948.00  1.975862e+03  8.787848e+02
 [9,]    9 0.0000010000  3.2803151 20929.39 -8.987261e+04  8.660249e+02
[10,]   10 0.0040746678  3.3062183 20945.24  1.935583e+03  8.777418e+02
[11,]   11 0.0020378339  3.2932667 20930.35  1.445095e+03  8.719016e+02
[12,]   12 0.0007006557  3.2847640 20921.85 -4.460959e+02  8.680481e+02
[13,]   13 0.0104273429  0.0000010 65402.40  8.582852e+04 -2.383803e+08
[14,]   14 0.0040893941  2.1403659 20042.01  2.432397e+03  8.141805e+02
[15,]   15 0.0082724403  0.7277251 19395.32  4.804753e+03 -8.600214e+01
[16,]   16 0.0009069090  0.9558222 19443.08 -9.236744e+02  8.181317e+02
[17,]   17 0.0060452194  0.7966980 19381.73  4.741537e+03  1.127247e+02
[18,]   18 0.0000010000  0.7728758 19402.30 -2.494638e+05 -6.038522e+01
[19,]   19 0.0031574794  0.7853165 19368.61  3.538949e+03  2.481517e+01
[20,]   20 0.0000010000  0.7918491 19402.56 -2.607591e+05  8.402937e+01
[21,]   21 0.0019633386  0.7877879 19365.20  2.057062e+03  3.666424e+01
[22,]   22 0.0002772641  0.7765837 19370.40 -2.306154e+04 -6.418459e+01
[23,]   23 0.0013408515  0.7836514 19364.34  1.916972e+02  3.394736e+00
[24,]   24 0.0012768262  0.7832324 19364.34 -1.031583e+02 -8.101801e-02
[25,]   25 0.0013009955  0.7830920 19364.34  9.434728e+00 -9.218219e-01
[26,]   26 0.0012986555  0.7832037 19364.34 -5.843837e-01 -1.314180e-01
[27,]   27 0.0012986825  0.7832209 19364.34 -3.369415e-01 -7.074777e-03

