[22;0t]0;IPython: scripts/01_msprime_simulations$par
[1] 0.0001701493 0.0151588285

$value
[1] -4223.79

$counts
function gradient 
      71       71 

$convergence
[1] 52

$message
[1] "ERROR: ABNORMAL_TERMINATION_IN_LNSRCH"

$loginfo
      step         par1        par2       fn         gr1          gr2
 [1,]    1 0.1000000000 0.010000000 4514.323   1198.9036 -21265.90936
 [2,]    2 0.0000100000 1.000000000 5593.207   2413.4258   1679.83569
 [3,]    3 0.0687719793 0.319188324 4761.166   3681.4050   1584.89436
 [4,]    4 0.0900454979 0.108559427 4639.849   3311.1550   1049.16027
 [5,]    5 0.0969880136 0.039821648 4482.038   1648.0473   4416.30511
 [6,]    6 0.0956420170 0.034910348 4458.650   1525.8358   4178.88397
 [7,]    7 0.0902580306 0.015265149 4433.784   1307.8647  -6942.01258
 [8,]    8 0.0934283242 0.026832981 4426.739   1370.7861   2595.97252
 [9,]    9 0.0810200919 0.007519217 4560.763   1359.6201 -37346.54531
[10,]   10 0.0896573569 0.020963364 4414.320   1318.2830   -474.09179
[11,]   11 0.0849116817 0.020331682 4408.509   1324.1953   -978.87202
[12,]   12 0.0659289809 0.017804958 4388.073   1402.1658  -3267.09635
[13,]   13 0.0000100000 0.015524485 4231.312 -71443.7877    551.67454
[14,]   14 0.0647603064 0.017764527 4386.562   1409.5355  -3295.48122
[15,]   15 0.0323851532 0.016644506 4339.015   1890.2691  -3575.87126
[16,]   16 0.0099991578 0.015870060 4286.902   3439.1183  -2346.03566
[17,]   17 0.0029539573 0.015626331 4251.806   7761.3440    102.65649
[18,]   18 0.0000100000 0.015524485 4231.312 -71443.7877    551.67454
[19,]   19 0.0648952421 0.020338529 4381.495   1383.2031   -941.83755
[20,]   20 0.0205030965 0.017044933 4313.024   2327.0482  -2511.42664
[21,]   21 0.0062423252 0.015986881 4271.997   4637.4307  -1272.83586
[22,]   22 0.0018178878 0.015658618 4242.088   9601.2269    177.17140
[23,]   23 0.0005594496 0.015565250 4227.646  12812.4253     42.96074
[24,]   24 0.0004752568 0.015462573 4226.569  12369.7354     63.22388
[25,]   25 0.0001384856 0.015051865 4223.868 -12397.7463   -265.08317
[26,]   26 0.0003087057 0.015259456 4224.647   9253.8845     47.18733
[27,]   27 0.0000100000 0.014853468 4231.368 -71674.8461   -977.51023
[28,]   28 0.0002516046 0.015181847 4224.150   6429.3515    -20.65249
[29,]   29 0.0001231450 0.015142318 4223.950 -21088.1919    -90.66143
[30,]   30 0.0002216437 0.015172627 4223.956   4069.4957    -30.04064
[31,]   31 0.0001701493 0.015158828 4223.790  -3046.1650    -51.50942
[32,]   32 0.0001922709 0.015166360 4223.829    696.1974    -38.35575
[33,]   33 0.0001738020 0.015160072 4223.793  -2325.9965    -49.14754
[34,]   34 0.0001707913 0.015159047 4223.791  -2916.0611    -51.08865
[35,]   35 0.0001702629 0.015158867 4223.790  -3023.0394    -51.43482
[36,]   36 0.0001701694 0.015158835 4223.790  -3042.0672    -51.49621
[37,]   37 0.0001701529 0.015158830 4223.790  -3045.4393    -51.50708
[38,]   38 0.0001701500 0.015158829 4223.790  -3046.0365    -51.50901
[39,]   39 0.0001701495 0.015158829 4223.790  -3046.1422    -51.50935
[40,]   40 0.0001701494 0.015158828 4223.790  -3046.1610    -51.50941
[41,]   41 0.0001701493 0.015158828 4223.790  -3046.1643    -51.50942
[42,]   42 0.0001701493 0.015158828 4223.790  -3046.1649    -51.50942
[43,]   43 0.0001701493 0.015158828 4223.790  -3046.1650    -51.50942
[44,]   44 0.0001701493 0.015158828 4223.790  -3046.1650    -51.50942
[45,]   45 0.0001701493 0.015158828 4223.790  -3046.1650    -51.50942
[46,]   46 0.0001701493 0.015158828 4223.790  -3046.1650    -51.50942
[47,]   47 0.0001701493 0.015158828 4223.790  -3046.1650    -51.50942
[48,]   48 0.0001701493 0.015158828 4223.790  -3046.1650    -51.50942
[49,]   49 0.0001701493 0.015158828 4223.790  -3046.1650    -51.50942
[50,]   50 0.0001701493 0.015158828 4223.790  -3046.1650    -51.50942
[51,]   51 0.0001701493 0.015158828 4223.790  -3046.1650    -51.50942
[52,]   52 1.0000000000 1.000000000 7982.870   2370.0850   1710.96636
[53,]   53 0.1274373496 0.140518137 4791.243   3222.0239    820.80161
[54,]   54 0.0140120145 0.028793187 4296.208   3066.1232    826.80907
[55,]   55 0.0014567427 0.016426134 4238.612  10690.3163    262.62256
[56,]   56 0.0002398804 0.015227514 4224.068   5593.1224     38.87159
[57,]   57 0.0001796167 0.015168154 4223.800  -1271.9414    -35.57606
[58,]   58 0.0001718054 0.015160460 4223.791  -2713.5418    -48.63148
[59,]   59 0.0001704454 0.015159120 4223.790  -2985.9462    -50.99207
[60,]   60 0.0001702024 0.015158881 4223.790  -3035.3446    -51.41658
[61,]   61 0.0001701589 0.015158838 4223.790  -3044.2235    -51.49277
[62,]   62 0.0001701510 0.015158830 4223.790  -3045.8167    -51.50644
[63,]   63 0.0001701496 0.015158829 4223.790  -3046.1025    -51.50889
[64,]   64 0.0001701494 0.015158829 4223.790  -3046.1538    -51.50933
[65,]   65 0.0001701494 0.015158828 4223.790  -3046.1630    -51.50941
[66,]   66 0.0001701493 0.015158828 4223.790  -3046.1646    -51.50942
[67,]   67 0.0001701493 0.015158828 4223.790  -3046.1649    -51.50942
[68,]   68 0.0001701493 0.015158828 4223.790  -3046.1650    -51.50942
[69,]   69 0.0001701493 0.015158828 4223.790  -3046.1650    -51.50942
[70,]   70 0.0001701493 0.015158828 4223.790  -3046.1650    -51.50942
[71,]   71 0.0001701493 0.015158828 4223.790  -3046.1650    -51.50942

