[22;0t]0;IPython: scripts/01_msprime_simulations$par
[1] 1.653135274 0.001114186

$value
[1] -864.2414

$counts
function gradient 
      34       34 

$convergence
[1] 0

$message
[1] "CONVERGENCE: REL_REDUCTION_OF_F <= FACTR*EPSMCH"

$loginfo
      step       par1         par2        fn           gr1           gr2
 [1,]    1 0.10000000 0.0100000000 1085.8190  1.400193e+03  8.421251e+03
 [2,]    2 0.00000100 0.0000010000 1380.2799  1.138125e+05 -4.723476e+06
 [3,]    3 0.05619170 0.0056195645  983.4602  8.441905e+02  1.660913e+04
 [4,]    4 0.01956898 0.0019576221  881.8885  7.735465e+00  2.651193e+04
 [5,]    5 0.00763392 0.0007642233  869.2548  1.073513e+02 -2.601353e+04
 [6,]    6 0.01341044 0.0013418233  868.5972 -1.151514e+02  1.508476e+04
 [7,]    7 0.00932421 0.0000010000 1505.3786  1.755044e+03 -4.977733e+06
 [8,]    8 0.01217977 0.0009380016  866.5082 -3.389102e+01 -8.753515e+03
 [9,]    9 0.01585636 0.0011005691  865.9596 -6.599846e+01  3.075650e+03
[10,]   10 0.01857117 0.0010861821  865.7669 -4.963259e+01  1.531937e+03
[11,]   11 0.02786045 0.0010831014  865.4202 -2.821549e+01 -6.969194e+01
[12,]   12 0.04183003 0.0011063909  865.1194 -1.772529e+01  6.003520e+02
[13,]   13 0.06288569 0.0011254268  864.8693 -9.248617e+00  1.356358e+03
[14,]   14 0.08362927 0.0011162730  864.7163 -5.078700e+00  3.783285e+02
[15,]   15 0.11232262 0.0011273517  864.6195 -2.800117e+00  1.141513e+03
[16,]   16 0.16729017 0.0010519442  864.6554 -1.280559e+00 -5.614438e+03
[17,]   17 0.13682565 0.0010937371  864.5633 -1.883652e+00 -1.723901e+03
[18,]   18 0.16632235 0.0011072869  864.5041 -1.371844e+00 -5.857230e+02
[19,]   19 0.23619372 0.0011183929  864.4335 -7.885048e-01  3.548004e+02
[20,]   20 0.32311685 0.0011188690  864.3805 -4.765122e-01  4.026405e+02
[21,]   21 0.45618586 0.0011128417  864.3303 -2.722073e-01 -1.182833e+02
[22,]   22 0.62798102 0.0011120530  864.2943 -1.608744e-01 -1.866483e+02
[23,]   23 1.04246611 0.0013849355  867.1212 -2.299384e-02  1.935721e+04
[24,]   24 0.63508595 0.0011167307  864.2945 -1.577479e-01  2.279196e+02
[25,]   25 0.62989661 0.0011133142  864.2941 -1.600307e-01 -7.453763e+01
[26,]   26 0.87966890 0.0011150074  864.2654 -8.281758e-02  7.596525e+01
[27,]   27 1.14753522 0.0011141710  864.2494 -3.845021e-02  4.594841e-01
[28,]   28 1.37970208 0.0011141807  864.2433 -1.587466e-02  4.042005e-01
[29,]   29 1.54275296 0.0010309372  864.5432 -3.777440e-03 -8.062316e+03
[30,]   30 1.38051020 0.0011137681  864.2432 -1.581242e-02 -3.651199e+01
[31,]   31 1.54324280 0.0011141043  864.2416 -5.340983e-03 -6.980695e+00
[32,]   32 1.62623998 0.0011141856  864.2414 -1.199620e-03  4.338650e-02
[33,]   33 1.65028018 0.0011141859  864.2414 -1.273469e-04  4.740131e-03
[34,]   34 1.65313527 0.0011141859  864.2414 -7.554490e-07 -8.711822e-06

