[22;0t]0;IPython: scripts/01_msprime_simulations$par
[1] 0.001596370 0.005381136

$value
[1] -2676.171

$counts
function gradient 
      58       58 

$convergence
[1] 52

$message
[1] "ERROR: ABNORMAL_TERMINATION_IN_LNSRCH"

$loginfo
      step        par1        par2       fn           gr1           gr2
 [1,]    1 0.100000000 0.010000000 2790.263  8.461224e+02  7.673655e+03
 [2,]    2 0.000001000 0.000001000 5556.860  1.209285e+05 -2.023086e+07
 [3,]    3 0.065796199 0.006579928 2751.335  7.594505e+02 -2.764904e+03
 [4,]    4 0.027273871 0.005317194 2726.364  1.102379e+03 -1.072522e+04
 [5,]    5 0.000001000 0.004423209 2749.847 -4.816432e+05 -4.896357e+02
 [6,]    6 0.015026788 0.004915743 2714.569  1.728088e+03 -1.186252e+04
 [7,]    7 0.005065976 0.004589235 2690.572  4.147604e+03 -8.390367e+03
 [8,]    8 0.000001000 0.006171751 2751.947 -4.702823e+05  2.257572e+03
 [9,]    9 0.002976192 0.005242174 2679.162  3.150289e+03 -2.523346e+03
[10,]   10 0.000001000 0.005658496 2750.830 -4.738705e+05  1.979654e+03
[11,]   11 0.001948240 0.005386016 2676.431  1.346491e+03 -5.883108e+02
[12,]   12 0.000001000 0.004291552 2749.920 -4.821353e+05 -5.656082e+02
[13,]   13 0.001347023 0.005048096 2676.319 -9.482109e+02 -3.189401e+02
[14,]   14 0.001663291 0.005225858 2676.226  5.911111e+02 -4.585848e+02
[15,]   15 0.001571406 0.005423064 2676.176 -2.000039e+02  1.216545e+02
[16,]   16 0.001604362 0.005394979 2676.171  1.566408e+01  1.136745e+01
[17,]   17 0.001596370 0.005381136 2676.171 -2.062335e-01 -2.017448e+00
[18,]   18 0.001596942 0.005382667 2676.171  9.002879e-03  1.807934e-02
[19,]   19 0.001596393 0.005381196 2676.171 -1.977067e-01 -1.936953e+00
[20,]   20 0.001596371 0.005381138 2676.171 -2.058827e-01 -2.014137e+00
[21,]   21 0.001596370 0.005381136 2676.171 -2.062190e-01 -2.017312e+00
[22,]   22 0.001596370 0.005381136 2676.171 -2.062329e-01 -2.017443e+00
[23,]   23 0.001596370 0.005381136 2676.171 -2.062335e-01 -2.017448e+00
[24,]   24 0.001596370 0.005381136 2676.171 -2.062335e-01 -2.017448e+00
[25,]   25 0.001596370 0.005381136 2676.171 -2.062335e-01 -2.017448e+00
[26,]   26 0.001596370 0.005381136 2676.171 -2.062335e-01 -2.017448e+00
[27,]   27 0.001596370 0.005381136 2676.171 -2.062335e-01 -2.017448e+00
[28,]   28 0.001596370 0.005381136 2676.171 -2.062335e-01 -2.017448e+00
[29,]   29 0.001596370 0.005381136 2676.171 -2.062335e-01 -2.017448e+00
[30,]   30 0.001596370 0.005381136 2676.171 -2.062335e-01 -2.017448e+00
[31,]   31 0.001596370 0.005381136 2676.171 -2.062335e-01 -2.017448e+00
[32,]   32 0.001596370 0.005381136 2676.171 -2.062335e-01 -2.017448e+00
[33,]   33 0.207829871 2.022829443 6925.008  2.409388e+03  2.273891e+03
[34,]   34 0.001651668 0.005922081 2676.367 -5.832311e+02  6.944497e+02
[35,]   35 0.001596494 0.005382348 2676.171 -1.682295e+00  1.633447e-01
[36,]   36 0.001596378 0.005381215 2676.171 -3.031202e-01 -1.874236e+00
[37,]   37 0.001596371 0.005381141 2676.171 -2.130367e-01 -2.007392e+00
[38,]   38 0.001596370 0.005381136 2676.171 -2.067131e-01 -2.016739e+00
[39,]   39 0.001596370 0.005381136 2676.171 -2.062667e-01 -2.017399e+00
[40,]   40 0.001596370 0.005381136 2676.171 -2.062352e-01 -2.017445e+00
[41,]   41 0.001596370 0.005381136 2676.171 -2.062336e-01 -2.017448e+00
[42,]   42 0.001596370 0.005381136 2676.171 -2.062335e-01 -2.017448e+00
[43,]   43 0.001596370 0.005381136 2676.171 -2.062335e-01 -2.017448e+00
[44,]   44 0.001596370 0.005381136 2676.171 -2.062335e-01 -2.017448e+00
[45,]   45 0.001596370 0.005381136 2676.171 -2.062335e-01 -2.017448e+00
[46,]   46 0.001596370 0.005381136 2676.171 -2.062335e-01 -2.017448e+00
[47,]   47 0.001596370 0.005381136 2676.171 -2.062335e-01 -2.017448e+00
[48,]   48 0.001596370 0.005381136 2676.171 -2.062335e-01 -2.017448e+00

