[22;0t]0;IPython: scripts/01_msprime_simulations$par
[1] 0.000001000 0.002342427

$value
[1] -70.31702

$counts
function gradient 
      18       18 

$convergence
[1] 0

$message
[1] "CONVERGENCE: REL_REDUCTION_OF_F <= FACTR*EPSMCH"

$loginfo
      step  par1         par2          fn       gr1           gr2
 [1,]    1 1e-01  0.010000000   314.07573  2252.920  3.072912e+03
 [2,]    2 1e-06  0.000001000    80.91224 26050.163 -1.244238e+05
 [3,]    3 1e-06 10.000000000 24348.37592  2416.099  2.324115e+03
 [4,]    4 1e-06  3.237704665  8138.61574  2416.074  2.469924e+03
 [5,]    5 1e-06  1.047866534  2680.11104  2415.982  2.513998e+03
 [6,]    6 1e-06  0.339239417   895.83113  2415.688  2.517567e+03
 [7,]    7 1e-06  0.109962118   320.73823  2414.775  2.485715e+03
 [8,]    8 1e-06  0.035762503   138.92952  2411.969  2.374132e+03
 [9,]    9 1e-06  0.011728461    84.52019  2403.389  2.030846e+03
[10,]   10 1e-06  0.003922714    71.24530  2361.796  1.012751e+03
[11,]   11 1e-06  0.003891051    71.21342  2360.977  1.000299e+03
[12,]   12 1e-06  0.003764398    71.08993  2357.455  9.483946e+02
[13,]   13 1e-06  0.003257787    70.66901  2338.029  7.005159e+02
[14,]   14 1e-06  0.001765990    70.47592  2328.259 -4.691188e+02
[15,]   15 1e-06  0.002364322    70.31727  2264.773  2.156772e+01
[16,]   16 1e-06  0.002338023    70.31702  2261.887 -4.360995e+00
[17,]   17 1e-06  0.002342447    70.31702  2262.370  1.902699e-02
[18,]   18 1e-06  0.002342427    70.31702  2262.368  1.611816e-05

