[22;0t]0;IPython: scripts/01_msprime_simulations$par
[1] 0.04782755 0.10201146

$value
[1] -29059.45

$counts
function gradient 
      30       30 

$convergence
[1] 0

$message
[1] "CONVERGENCE: REL_REDUCTION_OF_F <= FACTR*EPSMCH"

$loginfo
      step       par1        par2        fn           gr1           gr2
 [1,]    1 0.10000000  0.01000000  38078.42  2.029537e+04 -7.222657e+05
 [2,]    2 0.00000100 10.00000000  36413.34  2.414843e+03  1.316822e+03
 [3,]    3 0.06667180  3.33952044  30601.42  8.315216e+02  2.791970e+02
 [4,]    4 0.06282140  3.33816852  30598.03  7.306452e+02  2.777837e+02
 [5,]    5 0.03139721  3.32482748  30592.07 -9.447289e+02  2.571447e+02
 [6,]    6 0.04698785  3.33144644  30588.76  1.547064e+02  2.703729e+02
 [7,]    7 0.03964581  3.32625737  30587.68 -2.609671e+02  2.650090e+02
 [8,]    8 0.04096572  3.32480843  30587.01 -1.774321e+02  2.658459e+02
 [9,]    9 0.04864193  3.29870624  30580.25  2.119950e+02  2.679725e+02
[10,]   10 0.06292926  3.20629533  30562.30  6.741469e+02  2.621112e+02
[11,]   11 0.09104971  2.93429535  30522.98  1.190699e+03  2.260943e+02
[12,]   12 0.11751723  2.53607179  30473.19  1.609718e+03  2.156505e+02
[13,]   13 0.18554456  1.12209755  30382.02  3.768015e+03  1.604263e+02
[14,]   14 0.16341938  0.79138300  30227.40  4.076146e+03  2.507370e+02
[15,]   15 0.11047503  0.00000100 122335.57  0.000000e+00 -4.319743e+08
[16,]   16 0.14571677  0.52677440  30045.66  4.004012e+03  7.138139e+02
[17,]   17 0.12223183  0.17573488  29290.57  1.352067e+03  3.564167e+03
[18,]   18 0.11440361  0.05872316  29686.19  4.402613e+03 -3.235187e+04
[19,]   19 0.11905498  0.12824915  29142.04  1.084462e+03  1.889805e+03
[20,]   20 0.08689653  0.00000100 121693.43  3.059425e+04 -4.319569e+08
[21,]   21 0.10832947  0.08547573  29196.84  2.097910e+03 -7.660084e+03
[22,]   22 0.11510675  0.11250357  29121.33  1.219895e+03 -2.043223e+01
[23,]   23 0.00000100  0.10424669  30483.75 -4.206471e+06  1.628639e+02
[24,]   24 0.07416374  0.10956661  29075.09  9.045683e+02  2.886054e+02
[25,]   25 0.00000100  0.09779570  30480.74 -4.233804e+06  5.872751e+02
[26,]   26 0.04867063  0.10552041  29060.20 -5.576834e+01  4.278040e+02
[27,]   27 0.04784807  0.10206732  29059.45 -6.378927e-02  6.777510e+00
[28,]   28 0.04781202  0.10200709  29059.45 -5.860472e-01 -2.977166e-01
[29,]   29 0.04782755  0.10201146  29059.45  4.597808e-01 -2.751814e-01

