[22;0t]0;IPython: scripts/01_msprime_simulations$par
[1] 0.08759886 0.04787104

$value
[1] -18134.92

$counts
function gradient 
      43       43 

$convergence
[1] 0

$message
[1] "CONVERGENCE: REL_REDUCTION_OF_F <= FACTR*EPSMCH"

$loginfo
      step         par1       par2       fn           gr1           gr2
 [1,]    1 0.1000000000 0.01000000 20505.98  6.698453e+03 -2.918992e+05
 [2,]    2 0.0000100000 1.00000000 19096.86 -5.428974e+05  2.103438e+02
 [3,]    3 0.2725319409 1.00000000 19449.18  2.422924e+03 -4.127076e+02
 [4,]    4 0.0906215470 1.00000000 19014.51  2.264109e+03 -3.042923e+01
 [5,]    5 0.0902452283 1.00000000 19013.66  2.262489e+03 -2.921364e+01
 [6,]    6 0.0887399538 1.00000000 19010.25  2.255780e+03 -2.434672e+01
 [7,]    7 0.0827188557 1.00000000 18996.76  2.224830e+03 -4.855042e+00
 [8,]    8 0.0586344632 1.00000000 18945.52  1.994195e+03  7.082164e+01
 [9,]    9 0.0000100000 0.94829139 19077.67 -5.314192e+05  6.732639e+02
[10,]   10 0.0322037022 0.97668724 18896.30  1.345577e+03  2.252316e+02
[11,]   11 0.0000100000 0.90513924 19036.84 -4.894330e+05  1.107790e+03
[12,]   12 0.0191887560 0.94776253 18875.17  3.744614e+02  3.864845e+02
[13,]   13 0.0000100000 0.88895589 19018.52 -4.788122e+05  1.147133e+03
[14,]   14 0.0120774186 0.92595747 18867.02 -1.114973e+03  5.060903e+02
[15,]   15 0.0039307842 0.85048037 18845.40 -6.126115e+03  8.435080e+02
[16,]   16 0.0000100000 0.75559472 18841.17 -2.569323e+05  1.262968e+03
[17,]   17 0.0036980126 0.84484714 18842.07 -6.392172e+03  8.572242e+02
[18,]   18 0.0018540063 0.80022093 18817.58 -1.194808e+04  9.922350e+02
[19,]   19 0.0000100000 0.67061712 18756.15 -1.549015e+05  6.756710e+02
[20,]   20 0.0012089499 0.75488390 18780.84 -1.322323e+04  9.520357e+02
[21,]   21 0.0003665925 0.69567981 18744.94 -3.187170e+04  7.211609e+02
[22,]   22 0.0127337290 0.00001000 48096.65  7.569525e+04 -1.105281e+08
[23,]   23 0.0045789548 0.45872817 18677.17 -4.209561e+03  1.042163e+02
[24,]   24 0.0052255791 0.41895246 18666.73 -3.162687e+03  2.960433e+02
[25,]   25 0.0078120760 0.25984965 18613.49 -7.817817e+02  3.543786e+02
[26,]   26 0.0120362278 0.00001000 48043.13  7.780701e+04 -1.105252e+08
[27,]   27 0.0092220913 0.17311558 18561.13 -2.125358e+03  8.428275e+02
[28,]   28 0.0110952787 0.05789047 18319.17 -1.001426e+04  3.415314e+03
[29,]   29 0.0117196310 0.01948477 18440.96  5.256853e+03 -3.358753e+04
[30,]   30 0.0110952787 0.05789047 18319.17 -1.001426e+04  3.415314e+03
[31,]   31 0.0127337274 0.00001000 48096.65  7.569525e+04 -1.105281e+08
[32,]   32 0.0116417816 0.03858450 18262.44 -9.466087e+03  7.693555e+02
[33,]   33 0.0158120378 0.03187978 18244.56 -4.373981e+03 -5.003980e+03
[34,]   34 0.0257983601 0.04333954 18187.71 -3.286113e+03  1.068271e+03
[35,]   35 0.0328820246 0.04545868 18171.07 -2.253224e+03  1.447620e+03
[36,]   36 0.0449701798 0.04653330 18152.39 -1.197101e+03  1.212201e+03
[37,]   37 0.0573952793 0.04633928 18141.59 -5.745212e+02  4.201276e+02
[38,]   38 0.0693443267 0.04661608 18136.92 -2.443602e+02 -3.111876e+01
[39,]   39 0.0807184920 0.04844839 18135.48 -1.134419e+02  6.286354e+02
[40,]   40 0.0894752370 0.04692060 18135.32  5.928252e+01 -7.409777e+02
[41,]   41 0.0875094365 0.04787827 18134.92 -1.338807e+00  8.137837e+00
[42,]   42 0.0875857592 0.04787053 18134.92 -1.469948e-01  3.528008e-02
[43,]   43 0.0875988638 0.04787104 18134.92 -1.319419e-02 -1.274667e-01

