[22;0t]0;IPython: scripts/01_msprime_simulations$par
[1] 0.047002795 0.001120726

$value
[1] -874.2933

$counts
function gradient 
      34       34 

$convergence
[1] 0

$message
[1] "CONVERGENCE: REL_REDUCTION_OF_F <= FACTR*EPSMCH"

$loginfo
      step        par1         par2        fn           gr1           gr2
 [1,]    1 0.100000000 0.0100000000 1088.6323  1.411664e+03  7.764554e+03
 [2,]    2 0.000001000 0.0000010000 1398.7040  1.163766e+05 -4.769586e+06
 [3,]    3 0.056667917 0.0056671817  990.0581  8.298127e+02  1.613347e+04
 [4,]    4 0.019745146 0.0019752369  889.9645  9.173021e+00  2.547089e+04
 [5,]    5 0.007708861 0.0007717167  878.6120  6.018592e+01 -2.696913e+04
 [6,]    6 0.013820246 0.0013828003  877.6215 -1.141684e+02  1.492644e+04
 [7,]    7 0.008759441 0.0000010000 1520.9698  1.882326e+03 -5.022514e+06
 [8,]    8 0.012288974 0.0009647024  875.4134 -5.107043e+01 -8.062885e+03
 [9,]    9 0.016042571 0.0011250430  874.8749 -6.573728e+01  2.966710e+03
[10,]   10 0.018530343 0.0011075949  874.6944 -4.634333e+01  1.369901e+03
[11,]   11 0.024998722 0.0010989863  874.4749 -2.238933e+01 -1.690883e+02
[12,]   12 0.031771105 0.0011112402  874.3653 -1.174641e+01  6.743085e+01
[13,]   13 0.038959375 0.0011206292  874.3116 -4.944647e+00  3.058689e+02
[14,]   14 0.043898495 0.0011167580  874.2950 -1.493025e+00 -1.955634e+02
[15,]   15 0.047022987 0.0011250690  874.2951 -2.091255e-01  3.197220e+02
[16,]   16 0.045048410 0.0011198167  874.2941 -9.930311e-01 -8.066681e+00
[17,]   17 0.046997371 0.0011208413  874.2933 -9.204978e-02  4.776241e+00
[18,]   18 0.047274752 0.0011149698  874.2930  2.123923e-01 -4.474237e+02
[19,]   19 0.047002795 0.0011207265  874.2933 -8.607928e-02 -4.007572e+00
[20,]   20 0.047191933 0.0011208543  874.2933 -5.977097e-03 -2.207918e-01
[21,]   21 0.047018026 0.0011207368  874.2933 -7.958961e-02 -3.705273e+00
[22,]   22 0.047004122 0.0011207274  874.2933 -8.551354e-02 -3.981250e+00
[23,]   23 0.047002912 0.0011207266  874.2933 -8.602968e-02 -4.005263e+00
[24,]   24 0.047002806 0.0011207265  874.2933 -8.607494e-02 -4.007369e+00
[25,]   25 0.047002796 0.0011207265  874.2933 -8.607891e-02 -4.007554e+00
[26,]   26 0.047002795 0.0011207265  874.2933 -8.607927e-02 -4.007571e+00
[27,]   27 0.047002795 0.0011207265  874.2933 -8.607929e-02 -4.007572e+00
[28,]   28 0.047002795 0.0011207265  874.2933 -8.607929e-02 -4.007572e+00
[29,]   29 0.047002795 0.0011207265  874.2933 -8.607928e-02 -4.007572e+00
[30,]   30 0.047002795 0.0011207265  874.2933 -8.607929e-02 -4.007572e+00
[31,]   31 0.047002795 0.0011207265  874.2933 -8.607930e-02 -4.007572e+00
[32,]   32 0.047002795 0.0011207265  874.2933 -8.607929e-02 -4.007572e+00
[33,]   33 0.047002795 0.0011207265  874.2933 -8.607929e-02 -4.007572e+00
[34,]   34 0.047002795 0.0011207265  874.2933 -8.607930e-02 -4.007572e+00

