[22;0t]0;IPython: scripts/01_msprime_simulations$par
[1] 0.000001 3.940025

$value
[1] -31127.98

$counts
function gradient 
      11       11 

$convergence
[1] 0

$message
[1] "CONVERGENCE: REL_REDUCTION_OF_F <= FACTR*EPSMCH"

$loginfo
      step       par1      par2       fn       gr1           gr2
 [1,]    1 0.10000000  0.010000 38756.04 19727.456 -7.103625e+05
 [2,]    2 0.00000100 10.000000 36431.39  2416.087  1.315315e+03
 [3,]    3 0.06666488  3.340212 31373.70  2106.221 -3.389013e+02
 [4,]    4 0.05681618  3.341656 31352.53  2093.378 -3.434754e+02
 [5,]    5 0.01742136  3.347432 31269.91  1948.171 -3.680403e+02
 [6,]    6 0.00000100  3.349986 31241.31  1735.066 -4.067960e+02
 [7,]    7 0.00000100  3.353902 31239.73  1760.026 -4.036098e+02
 [8,]    8 0.00000100  3.849958 31130.39  2403.694 -5.378503e+01
 [9,]    9 0.00000100  3.926226 31128.04  2408.612 -8.074996e+00
[10,]   10 0.00000100  3.939700 31127.98  2409.238 -1.902252e-01
[11,]   11 0.00000100  3.940025 31127.98  2409.252 -4.534741e-05

