[22;0t]0;IPython: scripts/01_msprime_simulations$par
[1] 0.000001000 0.007472797

$value
[1] -187.7929

$counts
function gradient 
      19       19 

$convergence
[1] 0

$message
[1] "CONVERGENCE: REL_REDUCTION_OF_F <= FACTR*EPSMCH"

$loginfo
      step  par1         par2         fn       gr1           gr2
 [1,]    1 1e-01  0.010000000   415.1471  2157.688  2.940421e+03
 [2,]    2 1e-06  0.000001000   236.6759 74673.380 -5.579269e+05
 [3,]    3 1e-06 10.000000000 24365.1346  2416.088  2.322716e+03
 [4,]    4 1e-06  3.311606538  8352.9015  2415.995  2.464317e+03
 [5,]    5 1e-06  1.096664552  2849.1857  2415.582  2.501221e+03
 [6,]    6 1e-06  0.363270163  1017.1975  2414.161  2.482316e+03
 [7,]    7 1e-06  0.120431787   422.0259  2409.766  2.382175e+03
 [8,]    8 1e-06  0.040009422   238.6243  2395.882  2.066815e+03
 [9,]    9 1e-06  0.013359531   191.7211  2338.911  1.120066e+03
[10,]   10 1e-06  0.013332767   191.6912  2338.657  1.117211e+03
[11,]   11 1e-06  0.013225710   191.5722  2337.618  1.105678e+03
[12,]   12 1e-06  0.012797483   191.1089  2333.094  1.057615e+03
[13,]   13 1e-06  0.011084576   189.4843  2305.747  8.282213e+02
[14,]   14 1e-06  0.004628510   189.4837 -2389.479 -7.016378e+02
[15,]   15 1e-06  0.007992312   187.8368  2102.795  1.651769e+02
[16,]   16 1e-06  0.007221971   187.8038  1919.753 -8.823459e+01
[17,]   17 1e-06  0.007490194   187.7929  1998.460  5.900656e+00
[18,]   18 1e-06  0.007473381   187.7929  1994.087  1.979386e-01
[19,]   19 1e-06  0.007472797   187.7929  1993.934 -4.593726e-04

