[22;0t]0;IPython: scripts/01_msprime_simulations$par
[1] 0.0060692152 0.0007880965

$value
[1] -667.3764

$counts
function gradient 
      19       19 

$convergence
[1] 0

$message
[1] "CONVERGENCE: REL_REDUCTION_OF_F <= FACTR*EPSMCH"

$loginfo
      step        par1         par2        fn           gr1           gr2
 [1,]    1 0.100000000 0.0100000000  880.6100  1.685874e+03  4.938667e+03
 [2,]    2 0.000001000 0.0000010000 1032.2358  1.152816e+05 -3.431147e+06
 [3,]    3 0.052229800 0.0052234099  775.7208  1.067981e+03  1.284409e+04
 [4,]    4 0.018291250 0.0018298604  687.6174  1.855957e+02  2.503049e+04
 [5,]    5 0.007352196 0.0007360535  667.5517  8.229722e+01 -5.976692e+03
 [6,]    6 0.000001000 0.0071317625  676.4039  9.047498e+03  1.704966e+03
 [7,]    7 0.006300961 0.0016506521  680.5353  4.001035e+02  1.898863e+04
 [8,]    8 0.007258537 0.0008175392  667.4370  3.029954e+01  1.722976e+03
 [9,]    9 0.005509335 0.0007878607  667.3856 -3.530582e+01  3.926750e+02
[10,]   10 0.006269267 0.0007880467  667.3774  1.005932e+01 -1.443736e+02
[11,]   11 0.006105133 0.0007883662  667.3766  1.610601e+00 -3.455145e+00
[12,]   12 0.006069215 0.0007880965  667.3764 -1.086981e-01 -1.190741e+00
[13,]   13 0.006071718 0.0007881305  667.3764  1.667275e-03 -5.706729e-02
[14,]   14 0.006069222 0.0007880966  667.3764 -1.083885e-01 -1.187565e+00
[15,]   15 0.006069215 0.0007880965  667.3764 -1.086972e-01 -1.190732e+00
[16,]   16 0.006069215 0.0007880965  667.3764 -1.086981e-01 -1.190741e+00
[17,]   17 0.006069215 0.0007880965  667.3764 -1.086981e-01 -1.190741e+00
[18,]   18 0.006069215 0.0007880965  667.3764 -1.086981e-01 -1.190741e+00
[19,]   19 0.006069215 0.0007880965  667.3764 -1.086981e-01 -1.190741e+00

