[22;0t]0;IPython: scripts/01_msprime_simulations$par
[1] 0.35464239 0.00533548

$value
[1] -3308.051

$counts
function gradient 
      28       28 

$convergence
[1] 0

$message
[1] "CONVERGENCE: REL_REDUCTION_OF_F <= FACTR*EPSMCH"

$loginfo
      step       par1        par2       fn           gr1           gr2
 [1,]    1  0.1000000 0.010000000 3401.682 -1.270335e+01  2.633739e+04
 [2,]    2 10.0000000 0.000001000 7337.565  1.836164e-01 -2.440601e+07
 [3,]    3  3.5662923 0.006499045 3322.732  5.027428e-01  1.738280e+04
 [4,]    4  2.4696881 0.000001000 7332.342  2.582478e+00 -2.440477e+07
 [5,]    5  3.2030156 0.004346410 3322.156  5.531080e-01 -2.242443e+04
 [6,]    6  3.4068503 0.005554255 3312.314  4.818681e-01  3.763820e+03
 [7,]    7  3.2572721 0.005287735 3311.855  5.092449e-01 -9.738062e+02
 [8,]    8  3.1627367 0.005325893 3311.783  5.309959e-01 -2.672403e+02
 [9,]    9  2.4543497 0.005433177 3311.411  7.541792e-01  1.650414e+03
[10,]   10  0.0000010 0.005726049 3317.565  4.684900e+04  1.407474e+03
[11,]   11  2.4543351 0.005433179 3311.411  7.541853e-01  1.650444e+03
[12,]   12  1.2271680 0.005579614 3310.419  1.767957e+00  4.039664e+03
[13,]   13  1.2271512 0.005579616 3310.419  1.767982e+00  4.039694e+03
[14,]   14  1.2271344 0.005579618 3310.419  1.768008e+00  4.039724e+03
[15,]   15  0.6135677 0.005652834 3309.346  2.702535e+00  4.995973e+03
[16,]   16  0.6135539 0.005652835 3309.346  2.702527e+00  4.995991e+03
[17,]   17  0.2086090 0.005701156 3309.945 -1.630444e+01  5.707149e+03
[18,]   18  0.4387620 0.005673693 3309.029  1.782592e+00  5.201214e+03
[19,]   19  0.3579547 0.005683335 3308.999 -7.859114e-02  5.299024e+03
[20,]   20  1.4293111 0.005519394 3310.532  1.490318e+00  3.072519e+03
[21,]   21  0.4601687 0.005667694 3309.039  2.038231e+00  5.126588e+03
[22,]   22  0.3879415 0.005678747 3308.987  8.260705e-01  5.246017e+03
[23,]   23  0.3823961 0.005597293 3308.603  6.601259e-01  4.059267e+03
[24,]   24  0.3603540 0.005318679 3308.054  2.085017e-01 -2.850517e+02
[25,]   25  0.3538218 0.005336581 3308.051 -2.927447e-02  1.919366e+01
[26,]   26  0.3546942 0.005335505 3308.051  1.651260e-03  2.915739e-01
[27,]   27  0.3546424 0.005335480 3308.051 -4.735057e-05 -4.592323e-02

