[22;0t]0;IPython: scripts/01_msprime_simulations$par
[1] 0.0409658523 0.0006575517

$value
[1] -544.4936

$counts
function gradient 
      22       22 

$convergence
[1] 0

$message
[1] "CONVERGENCE: REL_REDUCTION_OF_F <= FACTR*EPSMCH"

$loginfo
      step        par1         par2       fn           gr1           gr2
 [1,]    1 0.100000000 0.0100000000 765.1952  1.776699e+03  4.923173e+03
 [2,]    2 0.000001000 0.0000010000 814.4757  1.069942e+05 -2.600491e+06
 [3,]    3 0.046361432 0.0046366259 643.7248  1.157964e+03  1.186623e+04
 [4,]    4 0.016363641 0.0016371168 566.4726  2.301299e+02  2.516692e+04
 [5,]    5 0.006867904 0.0006876286 545.4328 -1.199989e+02  6.466806e+03
 [6,]    6 0.011532050 0.0000010000 891.2227  5.573814e+02 -2.874074e+06
 [7,]    7 0.008019220 0.0005181385 545.8186 -4.771311e+00 -1.729680e+04
 [8,]    8 0.007352913 0.0006162283 545.1237 -7.931947e+01 -1.206132e+03
 [9,]    9 0.019402039 0.0006863187 544.7381 -2.352419e+01  4.147258e+03
[10,]   10 0.021784987 0.0006601308 544.6045 -1.611446e+01  9.282761e+02
[11,]   11 0.026349050 0.0006511556 544.5400 -8.773905e+00 -5.023482e+02
[12,]   12 0.031780681 0.0006541859 544.5075 -4.046527e+00 -3.124449e+02
[13,]   13 0.036487007 0.0006577533 544.4971 -1.574286e+00  6.816903e+01
[14,]   14 0.039334698 0.0006580836 544.4945 -5.349120e-01  8.222973e+01
[15,]   15 0.041427785 0.0006097647 544.6142  7.619790e-01 -7.025884e+03
[16,]   16 0.039426143 0.0006559726 544.4929 -4.876451e-01 -2.010084e+02
[17,]   17 0.039368483 0.0006573037 544.4938 -5.175546e-01 -2.214360e+01
[18,]   18 0.040790900 0.0006575382 544.4936 -1.067346e-01 -1.329284e+00
[19,]   19 0.041159676 0.0006575685 544.4936 -9.650408e-03  4.298874e-01
[20,]   20 0.040894645 0.0006575467 544.4936 -7.903977e-02 -8.513135e-01
[21,]   21 0.041190637 0.0006575673 544.4936 -1.645761e-03  7.058104e-02
[22,]   22 0.040965852 0.0006575517 544.4936 -6.019934e-02 -6.392405e-01

