[22;0t]0;IPython: scripts/01_msprime_simulations$par
[1] 0.0000010000 0.0001071539

$value
[1] -115.584

$counts
function gradient 
      45       45 

$convergence
[1] 52

$message
[1] "ERROR: ABNORMAL_TERMINATION_IN_LNSRCH"

$loginfo
      step         par1         par2         fn        gr1          gr2
 [1,]    1 1.000000e-01 1.000000e-02   355.0934  2232.3711    2878.5919
 [2,]    2 1.000000e-06 1.000000e-06   143.1940 49916.8914 -276073.1784
 [3,]    3 1.000000e-06 1.000000e+01 24354.8216  2416.0985    2323.5766
 [4,]    4 1.000000e-06 3.289569e+00  8278.9567  2416.0743    2467.2580
 [5,]    5 1.000000e-06 1.082004e+00  2783.8432  2415.9869    2508.7676
 [6,]    6 1.000000e-06 3.560024e-01   961.5459  2415.7090    2503.9459
 [7,]    7 1.000000e-06 1.172505e-01   367.9389  2414.8588    2446.2617
 [8,]    8 1.000000e-06 3.871884e-02   180.5828  2412.1773    2257.6995
 [9,]    9 1.000000e-06 1.286962e-02   126.9879  2398.5744    1687.6249
[10,]   10 1.000000e-06 1.279143e-02   126.8562  2398.3951    1682.4018
[11,]   11 1.000000e-06 1.247868e-02   126.3333  2397.6438    1660.8548
[12,]   12 1.000000e-06 1.122768e-02   124.3148  2393.9691    1562.6582
[13,]   13 1.000000e-06 6.223687e-03   118.0826  2347.0315     774.9426
[14,]   14 1.000000e-06 5.807439e-04   116.4119  9353.0057    1373.8227
[15,]   15 1.000000e-06 1.000000e-06   143.1940 49916.8914 -276073.1784
[16,]   16 1.000000e-06 5.807439e-04   116.4119  9353.0057    1373.8227
[17,]   17 1.000000e-06 1.000000e-06   143.1940 49916.8914 -276073.1784
[18,]   18 1.000000e-06 4.322727e-04   116.1873  9848.6393    1687.2057
[19,]   19 1.000000e-06 2.166364e-04   115.7635  6812.2825    1946.7656
[20,]   20 1.000000e-06 2.147231e-04   115.7594  6728.4726    1932.0364
[21,]   21 1.000000e-06 2.133077e-04   115.7563  6665.3912    1920.3559
[22,]   22 1.000000e-06 1.071539e-04   115.5840  -486.9631  -41198.1594
[23,]   23 1.000000e-06 2.085800e-04   115.7459  6447.8852    1876.0370
[24,]   24 1.000000e-06 1.392251e-04   115.6096  2009.9215   -2216.0754
[25,]   25 1.000000e-06 1.071539e-04   115.5840  -486.9631  -41198.1594
[26,]   26 1.000000e+01 1.000000e+01 47317.0598  2177.1662    2328.1736
[27,]   27 2.851954e+00 2.852030e+00 13978.8204  2340.3748    2481.6475
[28,]   28 8.115228e-01 8.116203e-01  4053.0078  2385.8147    2517.2119
[29,]   29 2.312044e-01 2.313081e-01  1206.3134  2397.7559    2496.4539
[30,]   30 6.622275e-02 6.632820e-02   404.1770  2399.7528    2383.2040
[31,]   31 1.922508e-02 1.933103e-02   185.1043  2395.9277    1986.9926
[32,]   32 5.731174e-03 5.837267e-03   131.3324  2366.5259     750.8855
[33,]   33 1.748624e-03 1.854760e-03   123.1713  1941.3682   -1746.5062
[34,]   34 4.841236e-04 5.902723e-04   119.7570  4533.6073    2309.2936
[35,]   35 1.226867e-04 2.288392e-04   116.5921  3453.3386    7244.8718
[36,]   36 3.326284e-05 1.394164e-04   115.7966  -661.4352   -1491.9431
[37,]   37 8.996060e-06 1.151498e-04   115.6306  -634.7312  -17099.7128
[38,]   38 2.749311e-06 1.089032e-04   115.5937  -525.6920  -33084.3176
[39,]   39 1.335331e-06 1.074892e-04   115.5858  -494.6494  -39435.6501
[40,]   40 1.061130e-06 1.072150e-04   115.5843  -488.3733  -40868.3781
[41,]   41 1.011020e-06 1.071649e-04   115.5840  -487.2176  -41138.4183
[42,]   42 1.001983e-06 1.071558e-04   115.5840  -487.0089  -41187.4023
[43,]   43 1.000357e-06 1.071542e-04   115.5840  -486.9713  -41196.2246
[44,]   44 1.000064e-06 1.071539e-04   115.5840  -486.9646  -41197.8114
[45,]   45 1.000012e-06 1.071539e-04   115.5840  -486.9634  -41198.0968

