[22;0t]0;IPython: scripts/01_msprime_simulations$par
[1] 1.00000e+01 6.25744e-04

$value
[1] -518.207

$counts
function gradient 
      44       44 

$convergence
[1] 0

$message
[1] "CONVERGENCE: REL_REDUCTION_OF_F <= FACTR*EPSMCH"

$loginfo
      step         par1         par2       fn           gr1           gr2
 [1,]    1  0.100000000 0.0100000000 753.6087  1.853766e+03  3.408283e+03
 [2,]    2  0.000001000 0.0000010000 771.1982  1.118372e+05 -2.461945e+06
 [3,]    3  0.043703303 0.0043708370 626.8906  1.123838e+03  1.390808e+04
 [4,]    4  0.015469015 0.0015476623 545.0689  9.358691e+01  3.115099e+04
 [5,]    5  0.006675711 0.0006684110 522.8731 -2.129633e+02  1.004168e+04
 [6,]    6  0.009950680 0.0000010000 847.5446  6.115406e+02 -2.732296e+06
 [7,]    7  0.007482638 0.0005039660 522.5614 -9.153290e+01 -1.309453e+04
 [8,]    8  0.007052675 0.0005915888 522.2717 -1.662409e+02  1.547905e+03
 [9,]    9  0.029451601 0.0006934224 520.9437 -4.072748e+01  9.586678e+03
[10,]   10  0.033431959 0.0006233144 520.3652 -3.245348e+01  8.282186e+02
[11,]   11  0.040833678 0.0006089284 520.1483 -2.459080e+01 -1.533705e+03
[12,]   12  0.061859432 0.0006112014 519.7509 -1.461552e+01 -1.582982e+03
[13,]   13  0.093087046 0.0006234540 519.4038 -8.558133e+00  6.116670e+01
[14,]   14  0.135766750 0.0006283035 519.1320 -4.962627e+00  6.556052e+02
[15,]   15  0.194620054 0.0006232848 518.9058 -2.845324e+00 -2.321121e+02
[16,]   16  0.299689222 0.0006865611 519.0243 -1.413987e+00  8.882273e+03
[17,]   17  0.227209293 0.0006429112 518.8650 -2.235016e+00  2.770400e+03
[18,]   18  0.307574073 0.0006327255 518.6972 -1.348415e+00  1.180703e+03
[19,]   19  0.429133230 0.0006247888 518.5633 -7.587571e-01 -1.057590e+02
[20,]   20  0.583905282 0.0006246862 518.4737 -4.419570e-01 -1.413894e+02
[21,]   21  0.802364576 0.0006476959 518.4581 -2.503866e-01  3.434266e+03
[22,]   22  0.947723871 0.0006331060 518.3814 -1.841833e-01  1.187574e+03
[23,]   23  1.251816086 0.0006224381 518.3257 -1.090630e-01 -5.294664e+02
[24,]   24  1.593473979 0.0006213598 518.2958 -6.867862e-02 -7.095400e+02
[25,]   25  2.181691499 0.0006272201 518.2698 -3.720924e-02  2.416200e+02
[26,]   26  2.817769335 0.0006276976 518.2520 -2.228755e-02  3.175915e+02
[27,]   27  3.934905193 0.0005928874 518.2926 -1.112852e-02 -5.632909e+03
[28,]   28  3.159585892 0.0006170465 518.2418 -1.762724e-02 -1.429279e+03
[29,]   29  3.875305671 0.0006242214 518.2319 -1.153883e-02 -2.465919e+02
[30,]   30  4.973632391 0.0006270461 518.2245 -6.806167e-03  2.114015e+02
[31,]   31  6.432092082 0.0006269934 518.2169 -3.912061e-03  2.026455e+02
[32,]   32  8.230315003 0.0005685176 518.4372 -2.260570e-03 -1.025288e+04
[33,]   33  6.538634609 0.0006235288 518.2138 -3.776345e-03 -3.605531e+02
[34,]   34  8.425401945 0.0006254871 518.2097 -2.168586e-03 -4.162905e+01
[35,]   35 10.000000000 0.0006258337 518.2071 -1.488748e-03  1.455728e+01
[36,]   36 10.000000000 0.0006257496 518.2070 -1.487223e-03  9.072589e-01
[37,]   37 10.000000000 0.0006257440 518.2070 -1.486430e-03 -1.335127e-04
[38,]   38 10.000000000 0.0006257440 518.2070 -1.487714e-03  2.224851e-06
[39,]   39 10.000000000 0.0006257440 518.2070 -1.486430e-03 -1.335127e-04
[40,]   40 10.000000000 0.0006257440 518.2070 -1.486430e-03 -1.335138e-04
[41,]   41 10.000000000 0.0006257440 518.2070 -1.479000e-03 -7.059271e-05
[42,]   42 10.000000000 0.0006257440 518.2070 -1.486430e-03 -1.335138e-04
[43,]   43 10.000000000 0.0006257440 518.2070 -1.488207e-03 -1.002633e-04

