[22;0t]0;IPython: scripts/01_msprime_simulations$par
[1] 0.0190748320 0.0009442503

$value
[1] -753.8353

$counts
function gradient 
      25       25 

$convergence
[1] 0

$message
[1] "CONVERGENCE: REL_REDUCTION_OF_F <= FACTR*EPSMCH"

$loginfo
      step        par1         par2        fn           gr1           gr2
 [1,]    1 0.100000000 0.0100000000  974.4158  1.502554e+03  7.189896e+03
 [2,]    2 0.000001000 0.0000010000 1181.3982  1.156042e+05 -3.984987e+06
 [3,]    3 0.054040008 0.0054044145  868.6192  9.153632e+02  1.581207e+04
 [4,]    4 0.018867346 0.0018874648  771.1896  7.530302e+01  2.572631e+04
 [5,]    5 0.007469264 0.0007477592  755.2103 -1.062187e+01 -1.470422e+04
 [6,]    6 0.019216819 0.0061945985  837.2563  1.561316e+03  4.330555e+03
 [7,]    7 0.008908138 0.0014149037  760.5168 -1.518367e+02  1.943540e+04
 [8,]    8 0.007822925 0.0009117369  754.2754 -1.372895e+02  1.103930e+03
 [9,]    9 0.009912651 0.0009201018  754.0693 -7.671074e+01  6.191656e+02
[10,]   10 0.012557608 0.0009306289  753.9320 -3.859576e+01  4.008087e+02
[11,]   11 0.015171996 0.0009387923  753.8660 -1.825579e+01  3.028847e+02
[12,]   12 0.017414991 0.0009425435  753.8408 -6.954085e+00  1.256106e+02
[13,]   13 0.018786483 0.0009446498  753.8359 -1.953036e+00  5.863159e+01
[14,]   14 0.018612977 0.0008935475  753.9197  6.467592e+00 -4.289017e+03
[15,]   15 0.018782345 0.0009434310  753.8354 -1.776393e+00 -3.774263e+01
[16,]   16 0.019304628 0.0009449419  753.8354 -2.761462e-01  2.725141e+00
[17,]   17 0.018939067 0.0009438844  753.8353 -1.312518e+00 -2.614009e+01
[18,]   18 0.019378282 0.0009450747  753.8354 -6.307316e-02  2.441550e+00
[19,]   19 0.019037760 0.0009441519  753.8353 -1.023782e+00 -2.003099e+01
[20,]   20 0.019386666 0.0009450778  753.8354 -3.721635e-02  1.449027e+00
[21,]   21 0.019099942 0.0009443169  753.8353 -8.437477e-01 -1.636798e+01
[22,]   22 0.019051347 0.0009441879  753.8353 -9.842848e-01 -1.923681e+01
[23,]   23 0.019083420 0.0009442731  753.8353 -8.914030e-01 -1.734834e+01
[24,]   24 0.019058161 0.0009442060  753.8353 -9.645096e-01 -1.883720e+01
[25,]   25 0.019074832 0.0009442503  753.8353 -9.162248e-01 -1.785589e+01

