[22;0t]0;IPython: scripts/01_msprime_simulations$par
[1] 0.0082243418 0.0003921952

$value
[1] -339.6447

$counts
function gradient 
      35       35 

$convergence
[1] 0

$message
[1] "CONVERGENCE: REL_REDUCTION_OF_F <= FACTR*EPSMCH"

$loginfo
      step        par1         par2       fn           gr1           gr2
 [1,]    1 0.100000000 0.0100000000 564.4374  2.032390e+03  2.971996e+03
 [2,]    2 0.000001000 0.0000010000 478.8572  9.912162e+04 -1.355752e+06
 [3,]    3 0.093991536 0.0093992076 550.4732  2.011630e+03  3.070535e+03
 [4,]    4 0.046996268 0.0047001038 443.1433  1.629142e+03  6.443590e+03
 [5,]    5 0.016875101 0.0016882582 372.4275  6.222275e+02  2.032568e+04
 [6,]    6 0.008895988 0.0008904187 349.9022  1.473042e+02  2.608723e+04
 [7,]    7 0.000001000 0.0000010000 478.8572  9.912162e+04 -1.355752e+06
 [8,]    8 0.008079756 0.0008088029 347.6853  9.070823e+01  2.549385e+04
 [9,]    9 0.004040378 0.0004049015 339.8262 -9.715484e+01  4.406834e+03
[10,]   10 0.003647479 0.0003324028 339.8319 -3.383095e+01 -1.043066e+04
[11,]   11 0.003827094 0.0003655457 339.7139 -7.151146e+01 -2.587949e+03
[12,]   12 0.003997989 0.0003829137 339.7274 -7.999976e+01  6.787156e+02
[13,]   13 0.003865340 0.0003694326 339.7126 -7.372650e+01 -1.819844e+03
[14,]   14 0.004075881 0.0003829199 339.7213 -7.522966e+01  5.983421e+02
[15,]   15 0.003910706 0.0003723388 339.7121 -7.416515e+01 -1.280117e+03
[16,]   16 0.004205647 0.0003857052 339.7204 -7.057221e+01  9.867793e+02
[17,]   17 0.003974617 0.0003752352 339.7115 -7.336702e+01 -7.740792e+02
[18,]   18 0.004360971 0.0003883224 339.7186 -6.503256e+01  1.321924e+03
[19,]   19 0.004061155 0.0003781665 339.7107 -7.128434e+01 -2.941452e+02
[20,]   20 0.004500803 0.0003909086 339.7193 -6.081791e+01  1.668178e+03
[21,]   21 0.004153780 0.0003808510 339.7103 -6.876311e+01  1.263717e+02
[22,]   22 0.004642148 0.0003922624 339.7163 -5.607073e+01  1.795603e+03
[23,]   23 0.004262453 0.0003833903 339.7096 -6.547961e+01  5.003414e+02
[24,]   24 0.004886086 0.0003935453 339.7086 -4.830549e+01  1.840111e+03
[25,]   25 0.005456489 0.0003947712 339.6903 -3.373461e+01  1.682320e+03
[26,]   26 0.006196527 0.0003542298 339.6847  2.450587e+00 -7.488805e+03
[27,]   27 0.005629470 0.0003852948 339.6573 -2.466593e+01 -2.020409e+02
[28,]   28 0.006664402 0.0003890273 339.6469 -1.212412e+01 -2.961134e+01
[29,]   29 0.007635217 0.0003918248 339.6454 -4.541782e+00  1.338966e+02
[30,]   30 0.008159825 0.0003921728 339.6447 -1.088082e+00  3.890254e+01
[31,]   31 0.008322755 0.0003922299 339.6447 -1.189547e-01  4.559629e+00
[32,]   32 0.008198421 0.0003921863 339.6447 -8.538609e-01  3.056023e+01
[33,]   33 0.008339082 0.0003922348 339.6447 -2.440904e-02  1.081728e+00
[34,]   34 0.008224342 0.0003921952 339.6447 -6.981596e-01  2.500037e+01

