[22;0t]0;IPython: scripts/01_msprime_simulations$par
[1] 0.0000010000 0.0001270222

$value
[1] -172.3625

$counts
function gradient 
      44       44 

$convergence
[1] 52

$message
[1] "ERROR: ABNORMAL_TERMINATION_IN_LNSRCH"

$loginfo
      step  par1         par2         fn         gr1          gr2
 [1,]    1 1e-01 1.000000e-02   408.6156  2177.26500    2765.8993
 [2,]    2 1e-06 1.000000e-06   224.2360 69108.00812 -519152.2021
 [3,]    3 1e-06 1.000000e+01 24363.8455  2416.08780    2322.8232
 [4,]    4 1e-06 3.309983e+00  8346.4533  2415.99475    2464.6604
 [5,]    5 1e-06 1.095581e+00  2842.9045  2415.58139    2502.1485
 [6,]    6 1e-06 3.627314e-01  1011.1772  2414.15780    2485.0150
 [7,]    7 1e-06 1.201951e-01   415.6725  2409.75924    2390.1982
 [8,]    8 1e-06 3.991285e-02   231.5321  2396.49415    2090.7315
 [9,]    9 1e-06 1.332238e-02   183.6895  2356.86721    1191.1661
[10,]   10 1e-06 1.329188e-02   183.6532  2356.73051    1188.0668
[11,]   11 1e-06 1.316990e-02   183.5091  2356.17727    1175.5261
[12,]   12 1e-06 1.268198e-02   182.9481  2353.85669    1122.9499
[13,]   13 1e-06 1.073028e-02   180.9943  2342.41284     864.8175
[14,]   14 1e-06 3.861293e-03   180.4273  4912.26283    1946.0287
[15,]   15 1e-06 1.000000e-06   224.2360     0.00000 -519152.2021
[16,]   16 1e-06 2.463967e-03   177.8168  6405.67182     723.5750
[17,]   17 1e-06 1.000000e-06   224.2360 69108.00812 -519152.2021
[18,]   18 1e-06 1.652669e-03   177.1131  8692.94740    1664.1616
[19,]   19 1e-06 8.268347e-04   175.4309 12420.57539    2820.7534
[20,]   20 1e-06 3.584630e-04   173.6495 10491.74952    5194.8374
[21,]   21 1e-06 2.616570e-04   173.1111  6895.72935    5731.5507
[22,]   22 1e-06 2.530444e-04   173.0600  6471.31103    5732.4403
[23,]   23 1e-06 1.270222e-04   172.3625    94.97366  -11703.6914
[24,]   24 1e-06 1.000000e+01 24363.8455  2416.08780    2322.8232
[25,]   25 1e-06 2.556695e+00  6484.2001  2415.94224    2479.5392
[26,]   26 1e-06 6.532030e-01  1735.9051  2415.11365    2500.7157
[27,]   27 1e-06 1.686904e-01   532.7215  2411.65364    2432.1873
[28,]   28 1e-06 4.500834e-02   242.3204  2398.74239    2141.6766
[29,]   29 1e-06 1.292783e-02   183.2276  2355.04814    1149.9380
[30,]   30 1e-06 4.027702e-03   180.6948  3992.17610    1176.9245
[31,]   31 1e-06 1.119987e-03   176.1471 10905.74663    2121.7306
[32,]   32 1e-06 3.409704e-04   173.5575  9994.61722    5321.1461
[33,]   33 1e-06 1.692549e-04   172.5613  1783.98827    2937.1103
[34,]   34 1e-06 1.355121e-04   172.3940   284.26725   -3500.7686
[35,]   35 1e-06 1.285846e-04   172.3678   120.93674   -9679.9380
[36,]   36 1e-06 1.272724e-04   172.3634    98.83632  -11360.5837
[37,]   37 1e-06 1.270608e-04   172.3627    95.56237  -11650.2419
[38,]   38 1e-06 1.270281e-04   172.3625    95.06378  -11695.4816
[39,]   39 1e-06 1.270231e-04   172.3625    94.98747  -11702.4331
[40,]   40 1e-06 1.270223e-04   172.3625    94.97578  -11703.4986
[41,]   41 1e-06 1.270222e-04   172.3625    94.97399  -11703.6618
[42,]   42 1e-06 1.270222e-04   172.3625    94.97371  -11703.6868
[43,]   43 1e-06 1.270222e-04   172.3625    94.97367  -11703.6907

