[22;0t]0;IPython: scripts/01_msprime_simulations$par
[1] 0.0010625962 0.0005347996

$value
[1] -481.7071

$counts
function gradient 
      26       26 

$convergence
[1] 0

$message
[1] "CONVERGENCE: REL_REDUCTION_OF_F <= FACTR*EPSMCH"

$loginfo
      step         par1         par2       fn           gr1           gr2
 [1,]    1 0.1000000000 0.0100000000 698.8959  1.844806e+03  5.053386e+03
 [2,]    2 0.0000010000 0.0000010000 721.4665  9.896582e+04 -2.278284e+06
 [3,]    3 0.0440699662 0.0044075000 566.7461  1.304457e+03  1.087618e+04
 [4,]    4 0.0156859587 0.0015693547 499.7561  4.153515e+02  1.742446e+04
 [5,]    5 0.0053338860 0.0005342406 483.2589  3.101530e+02 -8.247225e+03
 [6,]    6 0.0000010000 0.0068934643 494.9725 -5.653025e+03 -5.630822e+02
 [7,]    7 0.0038156028 0.0023447241 500.3528  2.206382e+03  6.014199e+03
 [8,]    8 0.0051602343 0.0007413123 483.7672  2.560827e+02  8.843401e+03
 [9,]    9 0.0052791082 0.0005995606 483.0379  2.750785e+02 -5.889077e+02
[10,]   10 0.0000010000 0.0005819476 488.5825 -4.031732e+04  3.238302e+03
[11,]   11 0.0032990722 0.0005929532 482.4289  3.337084e+02  6.984028e+01
[12,]   12 0.0012177642 0.0005860079 481.8245  5.762124e+00  2.895726e+03
[13,]   13 0.0006133803 0.0005572750 482.0033 -1.423693e+03  3.366040e+03
[14,]   14 0.0010589846 0.0005784594 481.8073 -1.530805e+02  2.900790e+03
[15,]   15 0.0010711948 0.0004856715 481.7696  2.801990e+02 -4.953918e+03
[16,]   16 0.0010634925 0.0005442030 481.7181 -3.100292e+01  6.190570e+02
[17,]   17 0.0010625962 0.0005347996 481.7071  7.003238e+00 -1.088114e+02
[18,]   18 0.0010614072 0.0005361347 481.7083 -3.327814e-01  3.657092e+00
[19,]   19 0.0010625717 0.0005348271 481.7072  6.851785e+00 -1.064861e+02
[20,]   20 0.0010625957 0.0005348002 481.7071  7.000071e+00 -1.087628e+02
[21,]   21 0.0010625962 0.0005347997 481.7071  7.003172e+00 -1.088104e+02
[22,]   22 0.0010625962 0.0005347996 481.7071  7.003237e+00 -1.088114e+02
[23,]   23 0.0010625962 0.0005347996 481.7071  7.003238e+00 -1.088114e+02
[24,]   24 0.0010625962 0.0005347996 481.7071  7.003238e+00 -1.088114e+02
[25,]   25 0.0010625962 0.0005347996 481.7071  7.003238e+00 -1.088114e+02
[26,]   26 0.0010625962 0.0005347996 481.7071  7.003238e+00 -1.088114e+02

