[22;0t]0;IPython: scripts/01_msprime_simulations$par
[1] 0.002932274 0.514960851

$value
[1] -22173.58

$counts
function gradient 
      24       24 

$convergence
[1] 0

$message
[1] "CONVERGENCE: REL_REDUCTION_OF_F <= FACTR*EPSMCH"

$loginfo
      step         par1       par2       fn           gr1           gr2
 [1,]    1 0.1000000000  0.0100000 28209.87  1.411000e+04 -4.839433e+05
 [2,]    2 0.0000010000 10.0000000 33007.46  2.415211e+03  1.601176e+03
 [3,]    3 0.0666788283  3.3388183 24301.46  2.608153e+03  1.029746e+03
 [4,]    4 0.0486906112  3.3315028 24247.96  2.490237e+03  1.029867e+03
 [5,]    5 0.0000010000  3.3117015 24278.79 -7.113501e+05  8.818011e+02
 [6,]    6 0.0224955523  3.3208497 24176.70  1.986569e+03  1.028043e+03
 [7,]    7 0.0000010000  3.2938790 24263.11 -7.237588e+05  8.774476e+02
 [8,]    8 0.0124820970  3.3088437 24147.51  1.241397e+03  1.022748e+03
 [9,]    9 0.0000010000  3.2395103 24215.78 -7.749731e+05  8.632309e+02
[10,]   10 0.0066182342  3.2762695 24110.58 -2.539388e+02  1.010169e+03
[11,]   11 0.0000010000  3.0355931 24028.91 -8.726757e+05  9.341155e+02
[12,]   12 0.0063423582  3.2662356 24100.55 -4.013997e+02  1.006717e+03
[13,]   13 0.0031716791  3.1509143 23992.58 -3.935081e+03  9.642742e+02
[14,]   14 0.0072556168  0.4850581 22193.80  5.936245e+03 -2.615596e+02
[15,]   15 0.0028165867  1.0379098 22332.33 -4.091150e+03  7.736009e+02
[16,]   16 0.0060346486  0.6371216 22217.72  3.551459e+03  1.900621e+02
[17,]   17 0.0070177997  0.5146767 22188.54  5.684349e+03 -8.281980e+00
[18,]   18 0.0005591468  0.5145591 22197.50 -4.084057e+04 -3.895930e+01
[19,]   19 0.0037301559  0.5146168 22174.49  2.100250e+03 -5.898676e-01
[20,]   20 0.0018025765  0.5141230 22176.48 -6.115884e+03 -1.179646e+01
[21,]   21 0.0029925470  0.5144279 22173.59  1.972701e+02 -2.652403e+00
[22,]   22 0.0029160054  0.5147430 22173.58 -5.398446e+01 -1.308090e+00
[23,]   23 0.0029314946  0.5148710 22173.58 -1.463373e+00 -6.235205e-01
[24,]   24 0.0029322737  0.5149609 22173.58  1.451877e+00 -1.796438e-01

