[22;0t]0;IPython: scripts/01_msprime_simulations$par
[1] 0.048002612 0.005495259

$value
[1] -3396.717

$counts
function gradient 
      50       50 

$convergence
[1] 0

$message
[1] "CONVERGENCE: REL_REDUCTION_OF_F <= FACTR*EPSMCH"

$loginfo
      step       par1        par2       fn           gr1           gr2
 [1,]    1 0.10000000 0.010000000 3457.608  9.794478e+01  2.038296e+04
 [2,]    2 0.00000100 0.000001000 6868.031  1.230249e+05 -2.507693e+07
 [3,]    3 0.06569209 0.006569517 3401.587 -4.752871e+00  8.665877e+03
 [4,]    4 0.04468549 0.004230389 3407.682  1.548733e+02 -2.011367e+04
 [5,]    5 0.05695391 0.005596503 3396.810  1.373474e+01  5.064705e+02
 [6,]    6 0.05608106 0.005519420 3396.788  1.692045e+01 -3.027420e+02
 [7,]    7 0.05603612 0.005529830 3396.785  1.617798e+01 -1.814452e+02
 [8,]    8 0.05544096 0.005547754 3396.775  1.394831e+01  5.842264e+01
 [9,]    9 0.05366052 0.005561447 3396.757  9.498996e+00  3.256457e+02
[10,]   10 0.05041931 0.005554084 3396.734  2.340805e+00  4.666644e+02
[11,]   11 0.04817135 0.005518145 3396.720 -1.285760e+00  2.400149e+02
[12,]   12 0.04793730 0.005496584 3396.717 -2.978354e-01  1.976533e+01
[13,]   13 0.04800261 0.005495259 3396.717  2.797835e-03 -1.651408e-01
[14,]   14 0.04800194 0.005495269 3396.717  8.913048e-07 -2.003571e-04
[15,]   15 0.04800261 0.005495259 3396.717  2.782067e-03 -1.642060e-01
[16,]   16 0.04800261 0.005495259 3396.717  2.797760e-03 -1.651355e-01
[17,]   17 0.04800261 0.005495259 3396.717  2.797860e-03 -1.651408e-01
[18,]   18 0.04800261 0.005495259 3396.717  2.797835e-03 -1.651408e-01
[19,]   19 0.04800261 0.005495259 3396.717  2.797815e-03 -1.651408e-01
[20,]   20 0.04800261 0.005495259 3396.717  2.797835e-03 -1.651408e-01
[21,]   21 0.04800261 0.005495259 3396.717  2.797831e-03 -1.651408e-01
[22,]   22 0.04800261 0.005495259 3396.717  2.797835e-03 -1.651408e-01
[23,]   23 0.04800261 0.005495259 3396.717  2.797838e-03 -1.651408e-01
[24,]   24 0.04800261 0.005495259 3396.717  2.797835e-03 -1.651408e-01
[25,]   25 0.04800261 0.005495259 3396.717  2.797835e-03 -1.651408e-01
[26,]   26 0.04800261 0.005495259 3396.717  2.797835e-03 -1.651408e-01
[27,]   27 0.04800261 0.005495259 3396.717  2.797826e-03 -1.651408e-01
[28,]   28 0.04800261 0.005495259 3396.717  2.797835e-03 -1.651408e-01
[29,]   29 0.04520478 0.170636054 3542.732  2.303073e+03 -5.126544e+02
[30,]   30 0.04800254 0.005499515 3396.717 -3.339850e-01  4.719485e+01
[31,]   31 0.04800261 0.005495265 3396.717  2.288823e-03 -9.359593e-02
[32,]   32 0.04800261 0.005495259 3396.717  2.796464e-03 -1.649505e-01
[33,]   33 0.04800261 0.005495259 3396.717  2.797883e-03 -1.651402e-01
[34,]   34 0.04800261 0.005495259 3396.717  2.797835e-03 -1.651408e-01
[35,]   35 0.04800261 0.005495259 3396.717  2.797849e-03 -1.651408e-01
[36,]   36 0.04800261 0.005495259 3396.717  2.797835e-03 -1.651408e-01
[37,]   37 0.04800261 0.005495259 3396.717  2.797849e-03 -1.651408e-01
[38,]   38 0.04800261 0.005495259 3396.717  2.797835e-03 -1.651408e-01
[39,]   39 0.04800261 0.005495259 3396.717  2.797849e-03 -1.651408e-01
[40,]   40 0.04800261 0.005495259 3396.717  2.797835e-03 -1.651408e-01
[41,]   41 0.04800261 0.005495259 3396.717  2.797835e-03 -1.651408e-01

