[22;0t]0;IPython: scripts/01_msprime_simulations$par
[1] 0.004531451 0.004869173

$value
[1] -2900.388

$counts
function gradient 
      34       34 

$convergence
[1] 0

$message
[1] "CONVERGENCE: REL_REDUCTION_OF_F <= FACTR*EPSMCH"

$loginfo
      step        par1        par2       fn           gr1           gr2
 [1,]    1 0.100000000 0.010000000 2981.148  4.666808e+02  1.433872e+04
 [2,]    2 0.000001000 0.000001000 5880.047  1.221967e+05 -2.143084e+07
 [3,]    3 0.065629455 0.006563255 2929.818  3.534008e+02  5.263001e+03
 [4,]    4 0.026227628 0.003723731 2930.172  8.115586e+02 -2.450949e+04
 [5,]    5 0.045561619 0.005117050 2921.610  4.088546e+02 -5.258097e+03
 [6,]    6 0.036252481 0.005010905 2918.189  4.552451e+02 -5.713945e+03
 [7,]    7 0.000001000 0.004597554 2982.432 -3.752021e+05 -1.850127e+02
 [8,]    8 0.022594424 0.004855171 2912.065  5.923742e+02 -5.566813e+03
 [9,]    9 0.007664724 0.004684938 2902.110  7.486938e+02 -2.656489e+03
[10,]   10 0.002709398 0.004628436 2901.563 -1.657788e+03 -1.430688e+02
[11,]   11 0.006167588 0.004667867 2901.126  5.922940e+02 -1.988750e+03
[12,]   12 0.000001000 0.004520633 2982.451 -3.761824e+05 -2.543849e+02
[13,]   13 0.004129219 0.004619199 2900.533 -8.482245e+01 -1.064111e+03
[14,]   14 0.004667415 0.004770322 2900.422  1.106820e+02 -5.585395e+02
[15,]   15 0.004561914 0.004860250 2900.388  1.890416e+01 -5.852586e+01
[16,]   16 0.004531451 0.004869173 2900.388  4.361105e-01 -2.546517e+00
[17,]   17 0.004530962 0.004869655 2900.388 -1.503946e-02 -6.631916e-02
[18,]   18 0.004531415 0.004869210 2900.388  4.022146e-01 -2.360146e+00
[19,]   19 0.004531448 0.004869176 2900.388  4.333603e-01 -2.531396e+00
[20,]   20 0.004531451 0.004869174 2900.388  4.358859e-01 -2.545283e+00
[21,]   21 0.004531451 0.004869173 2900.388  4.360922e-01 -2.546417e+00
[22,]   22 0.004531451 0.004869173 2900.388  4.361090e-01 -2.546509e+00
[23,]   23 0.004531451 0.004869173 2900.388  4.361105e-01 -2.546517e+00
[24,]   24 0.004531451 0.004869173 2900.388  4.361105e-01 -2.546517e+00
[25,]   25 0.004531451 0.004869173 2900.388  4.361105e-01 -2.546517e+00
[26,]   26 0.004531451 0.004869173 2900.388  4.361105e-01 -2.546517e+00
[27,]   27 0.004531451 0.004869173 2900.388  4.361105e-01 -2.546517e+00
[28,]   28 0.004531451 0.004869173 2900.388  4.361105e-01 -2.546517e+00
[29,]   29 0.004531451 0.004869173 2900.388  4.361105e-01 -2.546517e+00
[30,]   30 0.004531451 0.004869173 2900.388  4.361105e-01 -2.546517e+00
[31,]   31 0.004531451 0.004869173 2900.388  4.361105e-01 -2.546517e+00
[32,]   32 0.004531451 0.004869173 2900.388  4.361105e-01 -2.546517e+00

