[22;0t]0;IPython: scripts/01_msprime_simulations$par
[1] 0.630364086 0.004762202

$value
[1] -3010.721

$counts
function gradient 
      21       21 

$convergence
[1] 0

$message
[1] "CONVERGENCE: REL_REDUCTION_OF_F <= FACTR*EPSMCH"

$loginfo
      step       par1         par2       fn           gr1           gr2
 [1,]    1 0.10000000 0.0100000000 3119.692  7.320919e+01  2.701429e+04
 [2,]    2 0.00000100 0.0000010000 5898.468  1.217411e+05 -2.147699e+07
 [3,]    3 0.06487961 0.0064882768 3036.948 -1.345726e+02  1.820148e+04
 [4,]    4 0.02887569 0.0006205212 3464.837  1.968215e+03 -6.205866e+05
 [5,]    5 0.05315799 0.0045779403 3017.835 -1.262614e+02  5.667103e+02
 [6,]    6 0.05509343 0.0046013864 3017.611 -1.224290e+02  7.823212e+02
 [7,]    7 0.06283518 0.0046951709 3016.836 -1.084192e+02  1.698565e+03
 [8,]    8 0.10657369 0.0047567319 3013.764 -4.572089e+01  1.001209e+03
 [9,]    9 0.13743767 0.0047524185 3012.693 -2.571060e+01  4.163145e+02
[10,]   10 0.17783158 0.0047745876 3011.947 -1.339480e+01  4.810346e+02
[11,]   11 0.22164157 0.0046331912 3011.631 -7.196863e+00 -2.186240e+03
[12,]   12 0.26808678 0.0047388032 3011.231 -4.631859e+00 -3.246539e+02
[13,]   13 0.33287929 0.0047835081 3011.004 -2.685516e+00  4.566282e+02
[14,]   14 0.41200079 0.0047829836 3010.847 -1.415208e+00  4.306678e+02
[15,]   15 0.49996139 0.0047651794 3010.756 -6.151744e-01  7.725341e+01
[16,]   16 0.56676211 0.0047593966 3010.728 -2.406916e-01 -4.590529e+01
[17,]   17 0.62058969 0.0047946730 3010.732 -3.455807e-02  6.290713e+02
[18,]   18 0.58748677 0.0047729787 3010.725 -1.538518e-01  2.140931e+02
[19,]   19 0.61848153 0.0047637060 3010.721 -3.877842e-02  3.052104e+01
[20,]   20 0.62890377 0.0047621501 3010.721 -4.767362e-03 -1.069889e+00
[21,]   21 0.63036409 0.0047622022 3010.721 -2.003549e-04 -2.305981e-01

