[22;0t]0;IPython: scripts/01_msprime_simulations$par
[1] 0.0100352126 0.0005198205

$value
[1] -439.9749

$counts
function gradient 
      51       51 

$convergence
[1] 0

$message
[1] "CONVERGENCE: REL_REDUCTION_OF_F <= FACTR*EPSMCH"

$loginfo
      step        par1         par2         fn           gr1           gr2
 [1,]    1 0.100000000 0.0100000000   654.1662  1.885203e+03  4.055500e+03
 [2,]    2 0.000001000 0.0000010000   646.8881  1.020429e+05 -2.000814e+06
 [3,]    3 0.097716413 0.0097716618   648.9399  1.875282e+03  4.113888e+03
 [4,]    4 0.048858706 0.0048863309   539.4971  1.456221e+03  7.407903e+03
 [5,]    5 0.017247797 0.0017255245   468.3464  4.559569e+02  2.071534e+04
 [6,]    6 0.007390100 0.0007398435   442.8024 -5.757502e+01  1.915886e+04
 [7,]    7 0.001404050 0.0000010000   690.7958  8.065303e+03 -2.215398e+06
 [8,]    8 0.005775170 0.0005405167   440.2445 -1.261623e+02  4.383330e+03
 [9,]    9 0.006475687 0.0004919215   440.0698 -6.537542e+01 -2.868628e+03
[10,]   10 0.007224159 0.0005111028   440.0237 -5.004353e+01 -2.835422e+02
[11,]   11 0.008442124 0.0005204724   439.9934 -2.397255e+01  5.988559e+02
[12,]   12 0.009328521 0.0005210135   439.9799 -9.395538e+00  3.827072e+02
[13,]   13 0.009869482 0.0005199239   439.9752 -2.162807e+00  5.720208e+01
[14,]   14 0.010035213 0.0005198205   439.9749 -2.747377e-01 -5.859769e+00
[15,]   15 0.010065061 0.0005200018   439.9751 -1.691581e-03  1.315571e+01
[16,]   16 0.010035412 0.0005198217   439.9749 -2.729074e-01 -5.733090e+00
[17,]   17 0.010035214 0.0005198205   439.9749 -2.747254e-01 -5.858918e+00
[18,]   18 0.010035213 0.0005198205   439.9749 -2.747376e-01 -5.859763e+00
[19,]   19 0.010035213 0.0005198205   439.9749 -2.747377e-01 -5.859769e+00
[20,]   20 0.010035213 0.0005198205   439.9749 -2.747377e-01 -5.859769e+00
[21,]   21 0.010035213 0.0005198205   439.9749 -2.747377e-01 -5.859769e+00
[22,]   22 0.010035213 0.0005198205   439.9749 -2.747377e-01 -5.859769e+00
[23,]   23 0.010035213 0.0005198205   439.9749 -2.747377e-01 -5.859769e+00
[24,]   24 0.010035213 0.0005198205   439.9749 -2.747377e-01 -5.859769e+00
[25,]   25 0.010035213 0.0005198205   439.9749 -2.747377e-01 -5.859769e+00
[26,]   26 0.010035213 0.0005198205   439.9749 -2.747377e-01 -5.859769e+00
[27,]   27 0.010035213 0.0005198205   439.9749 -2.747377e-01 -5.859769e+00
[28,]   28 0.010035213 0.0005198205   439.9749 -2.747377e-01 -5.859769e+00
[29,]   29 0.284772936 5.8602889510 15314.7374  2.408912e+03  2.405296e+03
[30,]   30 0.010193187 0.0038891822   479.2622  1.375448e+03  1.638941e+03
[31,]   31 0.010035227 0.0005201178   439.9753 -3.572671e-01  3.910687e+01
[32,]   32 0.010035213 0.0005198208   439.9749 -2.748009e-01 -5.825361e+00
[33,]   33 0.010035213 0.0005198205   439.9749 -2.747378e-01 -5.859743e+00
[34,]   34 0.010035213 0.0005198205   439.9749 -2.747377e-01 -5.859769e+00
[35,]   35 0.010035213 0.0005198205   439.9749 -2.747377e-01 -5.859769e+00
[36,]   36 0.010035213 0.0005198205   439.9749 -2.747378e-01 -5.859756e+00
[37,]   37 0.010035213 0.0005198205   439.9749 -2.747377e-01 -5.859769e+00
[38,]   38 0.010035213 0.0005198205   439.9749 -2.747377e-01 -5.859769e+00
[39,]   39 0.010035213 0.0005198205   439.9749 -2.747377e-01 -5.859769e+00
[40,]   40 0.010035213 0.0005198205   439.9749 -2.747377e-01 -5.859769e+00
[41,]   41 0.010035213 0.0005198205   439.9749 -2.747377e-01 -5.859769e+00
[42,]   42 0.010035213 0.0005198205   439.9749 -2.747377e-01 -5.859769e+00

