[22;0t]0;IPython: scripts/01_msprime_simulations$par
[1] 0.001749758 0.005578260

$value
[1] -3312.3

$counts
function gradient 
      35       35 

$convergence
[1] 0

$message
[1] "CONVERGENCE: REL_REDUCTION_OF_F <= FACTR*EPSMCH"

$loginfo
      step        par1        par2       fn           gr1           gr2
 [1,]    1 0.100000000 0.010000000 3414.607  6.758284e+02  5.429108e+03
 [2,]    2 0.000001000 0.000001000 7110.644  1.196478e+05 -2.599999e+07
 [3,]    3 0.066385306 0.006638833 3394.523  7.163986e+02 -9.598632e+03
 [4,]    4 0.055947178 0.007155052 3382.865  7.613449e+02 -5.845659e+03
 [5,]    5 0.000001000 0.008682223 3393.139 -4.828076e+05  9.978587e+02
 [6,]    6 0.025653277 0.007981989 3352.971  1.162101e+03 -4.927572e+02
 [7,]    7 0.008618100 0.008447001 3326.992  2.026527e+03  1.631701e+03
 [8,]    8 0.002973888 0.008601072 3316.729  7.588797e+02  2.071348e+03
 [9,]    9 0.000001000 0.008469142 3392.930 -4.842457e+05  9.775063e+02
[10,]   10 0.002018227 0.008558662 3316.730 -1.267040e+03  2.168960e+03
[11,]   11 0.002478103 0.008579070 3316.492 -5.887055e+01  2.121084e+03
[12,]   12 0.002245490 0.005105963 3313.686  2.723793e+03 -3.036316e+03
[13,]   13 0.002379034 0.007099888 3313.712  2.014151e+02  1.507336e+03
[14,]   14 0.001588150 0.003099170 3334.569  9.236921e+03 -2.895463e+04
[15,]   15 0.002157557 0.005979536 3312.522  7.630055e+02  2.313488e+02
[16,]   16 0.001483392 0.005347254 3312.416 -9.411061e+02 -4.496373e+01
[17,]   17 0.001821040 0.005663926 3312.309  1.388931e+02  7.920558e+01
[18,]   18 0.001733421 0.005551836 3312.300 -1.913003e+01 -3.816489e+01
[19,]   19 0.001748179 0.005582694 3312.300 -1.719377e+01  1.550791e+01
[20,]   20 0.001753467 0.005578315 3312.300  1.709587e+01 -8.116024e+00
[21,]   21 0.001750233 0.005580994 3312.300 -3.856237e+00  6.347068e+00
[22,]   22 0.001749758 0.005578260 3312.300 -1.162390e-01 -1.750345e-01
[23,]   23 0.001749845 0.005578392 3312.300  3.084697e-03 -1.885860e-04
[24,]   24 0.001749758 0.005578261 3312.300 -1.158440e-01 -1.744559e-01
[25,]   25 0.001749758 0.005578260 3312.300 -1.162377e-01 -1.750322e-01
[26,]   26 0.001749758 0.005578260 3312.300 -1.162376e-01 -1.750321e-01
[27,]   27 0.001749758 0.005578260 3312.300 -1.160408e-01 -1.747438e-01
[28,]   28 0.001749758 0.005578260 3312.300 -1.162368e-01 -1.750312e-01
[29,]   29 0.001749758 0.005578260 3312.300 -1.162376e-01 -1.750322e-01
[30,]   30 0.001749758 0.005578260 3312.300 -1.162375e-01 -1.750321e-01
[31,]   31 0.001749758 0.005578260 3312.300 -1.162372e-01 -1.750316e-01
[32,]   32 0.001749758 0.005578260 3312.300 -1.162371e-01 -1.750317e-01
[33,]   33 0.001749758 0.005578260 3312.300 -1.162372e-01 -1.750317e-01
[34,]   34 0.001749758 0.005578260 3312.300 -1.162370e-01 -1.750315e-01
[35,]   35 0.001749758 0.005578260 3312.300 -1.162372e-01 -1.750317e-01

