[22;0t]0;IPython: scripts/01_msprime_simulations$par
[1] 0.08118474 0.04764258

$value
[1] -17729.13

$counts
function gradient 
      41       41 

$convergence
[1] 0

$message
[1] "CONVERGENCE: REL_REDUCTION_OF_F <= FACTR*EPSMCH"

$loginfo
      step        par1        par2       fn           gr1           gr2
 [1,]    1 0.100000000  0.01000000 20069.84  6.762508e+03 -2.857099e+05
 [2,]    2 0.000001000 10.00000000 30171.37  2.416087e+03  1.837958e+03
 [3,]    3 0.066796396  3.32707324 19551.61  2.395782e+03  1.075302e+03
 [4,]    4 0.088916254  1.11727727 18625.16  2.252820e+03 -2.604260e+01
 [5,]    5 0.080186973  1.11732782 18605.71  2.200375e+03 -1.734433e+00
 [6,]    6 0.045269849  1.11753000 18535.27  1.733302e+03  1.049086e+02
 [7,]    7 0.000001000  1.11685325 18737.44 -8.294335e+05 -7.520548e+01
 [8,]    8 0.027103981  1.11725842 18509.65  9.511928e+02  1.486928e+02
 [9,]    9 0.004896707  1.11614200 18530.22 -6.391493e+03  1.944261e+02
[10,]   10 0.018780579  1.11683998 18504.73  1.230821e+02  1.639791e+02
[11,]   11 0.017447431  1.11612583 18504.57 -7.406477e+01  1.667839e+02
[12,]   12 0.017328500  1.11502864 18504.40 -9.122400e+01  1.678059e+02
[13,]   13 0.016852777  1.11063986 18503.72 -1.622168e+02  1.718582e+02
[14,]   14 0.014949884  1.09308476 18501.17 -4.914453e+02  1.874601e+02
[15,]   15 0.000001000  0.86388926 18607.14 -8.080717e+05  8.777997e+02
[16,]   16 0.009075861  1.00302454 18483.89 -2.305276e+03  4.152733e+02
[17,]   17 0.003141166  0.91203411 18462.32 -1.007092e+04  7.389319e+02
[18,]   18 0.000001000  0.83436908 18578.39 -7.715978e+05  1.057123e+03
[19,]   19 0.002012812  0.88412680 18455.11 -1.621494e+04  7.860689e+02
[20,]   20 0.000001000  0.33812107 18357.91 -5.341034e+05  8.958668e+01
[21,]   21 0.001451815  0.73187217 18361.68 -1.977522e+04  4.616839e+02
[22,]   22 0.009333177  0.46287238 18251.35  8.955885e+01  2.513380e+02
[23,]   23 0.010738606  0.27753235 18187.50  9.233751e+02  3.645597e+02
[24,]   24 0.012843119  0.00000100 57457.44  0.000000e+00 -2.083986e+08
[25,]   25 0.011440959  0.18490995 18133.01  4.342527e+02  8.637873e+02
[26,]   26 0.012374775  0.06176350 17900.09 -7.407053e+03  3.422514e+03
[27,]   27 0.012686038  0.02071600 17979.63  4.293689e+03 -2.855554e+04
[28,]   28 0.012374775  0.06176350 17900.09 -7.407053e+03  3.422514e+03
[29,]   29 0.015475941  0.00000100 57640.66  6.623823e+04 -2.084090e+08
[30,]   30 0.013409826  0.04114953 17830.01 -7.382878e+03  1.616909e+03
[31,]   31 0.031729367  0.01870293 18206.07  7.885078e+03 -6.471864e+04
[32,]   32 0.018144704  0.03534797 17803.55 -3.832311e+03 -2.204926e+03
[33,]   33 0.034429433  0.04907606 17764.17 -2.063314e+03  2.708886e+03
[34,]   34 0.039045776  0.04668411 17750.67 -1.506581e+03  1.641621e+03
[35,]   35 0.051946897  0.04321815 17737.39 -4.599715e+02 -1.265303e+03
[36,]   36 0.060280959  0.04568599 17732.33 -3.353035e+02 -1.795128e+02
[37,]   37 0.071795094  0.04734562 17729.72 -1.418355e+02  2.442531e+02
[38,]   38 0.077558956  0.04761138 17729.22 -5.241998e+01  1.440857e+02
[39,]   39 0.080519430  0.04762000 17729.13 -8.405901e+00  1.751345e+01
[40,]   40 0.081118411  0.04763287 17729.13 -5.648866e-01 -5.232700e-01
[41,]   41 0.081184744  0.04764258 17729.13 -7.181434e-02  2.903668e+00

