[22;0t]0;IPython: scripts/01_msprime_simulations$par
[1] 0.0003944615 0.0007878805

$value
[1] -569.7806

$counts
function gradient 
      66       66 

$convergence
[1] 0

$message
[1] "CONVERGENCE: REL_REDUCTION_OF_F <= FACTR*EPSMCH"

$loginfo
      step         par1         par2         fn          gr1           gr2
 [1,]    1 1.000000e-01 1.000000e-02   787.3662    1736.7220  7.815942e+03
 [2,]    2 1.000000e-06 1.000000e-06   901.4810   92523.2487 -2.924345e+06
 [3,]    3 4.976287e-02 4.976739e-03   658.4769    1387.1215  1.164705e+04
 [4,]    4 1.755467e-02 1.756209e-03   586.7169     842.9111  6.108773e+03
 [5,]    5 1.000000e-06 1.000000e-06   901.4810   92523.2487 -2.924345e+06
 [6,]    6 1.202790e-02 1.203582e-03   580.9735     688.4152 -1.945928e+03
 [7,]    7 1.000000e-06 1.000000e+01 24433.4585    2416.0985  2.317011e+03
 [8,]    8 1.055065e-02 1.229346e+00  3389.5983    2415.6192  2.456632e+03
 [9,]    9 1.183642e-02 1.603892e-01   838.1662    2413.2896  2.089863e+03
[10,]   10 1.199624e-02 2.752426e-02   624.4831    2437.3647  4.767392e+02
[11,]   11 1.202376e-02 4.646592e-03   601.6054    1561.8903  5.643735e+03
[12,]   12 1.202764e-02 1.420564e-03   580.9585     747.2508  1.544023e+03
[13,]   13 1.198292e-02 1.325377e-03   580.8399     724.5511  1.392510e+02
[14,]   14 1.190863e-02 1.294079e-03   580.7889     716.2849 -3.875305e+02
[15,]   15 1.151193e-02 1.222303e-03   580.5820     696.7887 -1.763807e+03
[16,]   16 1.038302e-02 1.129438e-03   580.0681     675.4006 -3.971465e+03
[17,]   17 6.615529e-03 9.876251e-04   578.3426     719.2877 -7.926627e+03
[18,]   18 1.000000e-06 8.887448e-04   587.9690 -153409.8195  3.559025e+03
[19,]   19 3.951052e-03 9.477939e-04   576.3861    1105.9139 -7.333172e+03
[20,]   20 1.374576e-03 9.092783e-04   571.9611    2652.2354 -3.323828e+03
[21,]   21 5.457990e-04 8.968890e-04   569.9306    1137.0105  5.306115e+02
[22,]   22 1.000000e-06 8.506342e-04   587.8289 -153528.4573  3.447578e+03
[23,]   23 4.280531e-04 8.868921e-04   569.8538    -462.9056  1.251236e+03
[24,]   24 3.479267e-04 6.507188e-04   569.9697     400.8189 -4.042487e+03
[25,]   25 3.944615e-04 7.878805e-04   569.7806    -284.3046 -1.272289e+02
[26,]   26 4.249265e-04 8.078944e-04   569.7887     170.7020 -2.560088e+01
[27,]   27 3.990858e-04 7.909184e-04   569.7809    -207.7561 -1.118528e+02
[28,]   28 3.953047e-04 7.884344e-04   569.7806    -270.1288 -1.244270e+02
[29,]   29 3.946202e-04 7.879848e-04   569.7806    -281.6287 -1.267015e+02
[30,]   30 3.944915e-04 7.879003e-04   569.7806    -283.7977 -1.271290e+02
[31,]   31 3.944672e-04 7.878843e-04   569.7806    -284.2085 -1.272100e+02
[32,]   32 3.944626e-04 7.878812e-04   569.7806    -284.2864 -1.272253e+02
[33,]   33 3.944617e-04 7.878806e-04   569.7806    -284.3012 -1.272282e+02
[34,]   34 3.944615e-04 7.878805e-04   569.7806    -284.3040 -1.272288e+02
[35,]   35 3.944615e-04 7.878805e-04   569.7806    -284.3045 -1.272289e+02
[36,]   36 3.944615e-04 7.878805e-04   569.7806    -284.3046 -1.272289e+02
[37,]   37 3.944615e-04 7.878805e-04   569.7806    -284.3046 -1.272289e+02
[38,]   38 3.944615e-04 7.878805e-04   569.7806    -284.3046 -1.272289e+02
[39,]   39 3.944615e-04 7.878805e-04   569.7806    -284.3046 -1.272289e+02
[40,]   40 3.944615e-04 7.878805e-04   569.7806    -284.3046 -1.272289e+02
[41,]   41 3.944615e-04 7.878805e-04   569.7806    -284.3046 -1.272289e+02
[42,]   42 3.944615e-04 7.878805e-04   569.7806    -284.3046 -1.272289e+02
[43,]   43 3.944615e-04 7.878805e-04   569.7806    -284.3046 -1.272289e+02
[44,]   44 3.944615e-04 7.878805e-04   569.7806    -284.3046 -1.272289e+02
[45,]   45 1.000000e+01 1.000000e+01 47394.5757    2176.9266  2.321721e+03
[46,]   46 2.018598e-01 2.022453e-01  1384.5962    2395.9727  2.190856e+03
[47,]   47 5.435889e-03 5.829109e-03   592.7560    2632.8677  1.805760e+03
[48,]   48 4.992670e-04 8.926819e-04   569.8806     640.4747  7.964438e+02
[49,]   49 4.046314e-04 7.980500e-04   569.7823    -156.8927 -1.854958e+01
[50,]   50 3.961014e-04 7.895204e-04   569.7807    -263.0075 -1.093604e+02
[51,]   51 3.947449e-04 7.881639e-04   569.7806    -280.6034 -1.241318e+02
[52,]   52 3.945110e-04 7.879300e-04   569.7806    -283.6569 -1.266872e+02
[53,]   53 3.944702e-04 7.878892e-04   569.7806    -284.1912 -1.271340e+02
[54,]   54 3.944630e-04 7.878820e-04   569.7806    -284.2848 -1.272123e+02
[55,]   55 3.944618e-04 7.878808e-04   569.7806    -284.3012 -1.272260e+02
[56,]   56 3.944615e-04 7.878806e-04   569.7806    -284.3040 -1.272284e+02
[57,]   57 3.944615e-04 7.878805e-04   569.7806    -284.3045 -1.272288e+02
[58,]   58 3.944615e-04 7.878805e-04   569.7806    -284.3046 -1.272289e+02
[59,]   59 3.944615e-04 7.878805e-04   569.7806    -284.3046 -1.272289e+02
[60,]   60 3.944615e-04 7.878805e-04   569.7806    -284.3046 -1.272289e+02
[61,]   61 3.944615e-04 7.878805e-04   569.7806    -284.3046 -1.272289e+02
[62,]   62 3.944615e-04 7.878805e-04   569.7806    -284.3046 -1.272289e+02
[63,]   63 3.944615e-04 7.878805e-04   569.7806    -284.3046 -1.272289e+02
[64,]   64 3.944615e-04 7.878805e-04   569.7806    -284.3046 -1.272289e+02

