[22;0t]0;IPython: scripts/01_msprime_simulations$par
[1] 0.0039227138 0.0004690991

$value
[1] -303.6621

$counts
function gradient 
      37       37 

$convergence
[1] 0

$message
[1] "CONVERGENCE: REL_REDUCTION_OF_F <= FACTR*EPSMCH"

$loginfo
      step        par1         par2         fn        gr1           gr2
 [1,]    1 0.100000000 1.000000e-02   530.0018  2044.1923  3.289954e+03
 [2,]    2 0.000001000 1.000000e-06   429.1368 82023.6656 -1.198158e+06
 [3,]    3 0.094089996 9.409053e-03   516.0050  2025.5078  3.381940e+03
 [4,]    4 0.047045498 4.705026e-03   404.6087  1713.1185  7.471281e+03
 [5,]    5 0.016667529 1.667503e-03   327.1780  1149.8423  1.354797e+04
 [6,]    6 0.008484339 8.492575e-04   308.6221   735.5271  1.064469e+04
 [7,]    7 0.000001000 1.000000e-06   429.1368 82023.6656 -1.198158e+06
 [8,]    8 0.007844487 7.852781e-04   307.5141   679.5927  9.760209e+03
 [9,]    9 0.003922744 3.931391e-04   303.8210   319.4392 -6.660369e+03
[10,]   10 0.000001000 1.000000e+01 24384.4716  2416.0985  2.321101e+03
[11,]   11 0.003064637 2.188381e+00  5623.0017  2415.9632  2.478974e+03
[12,]   12 0.003734177 4.811968e-01  1385.6113  2415.5560  2.461255e+03
[13,]   13 0.003879857 1.097459e-01   494.2181  2412.9012  2.230383e+03
[14,]   14 0.003912049 2.766171e-02   332.5076  2394.1484  1.317528e+03
[15,]   15 0.003919796 7.910181e-03   316.4873  3063.6115 -4.922849e+01
[16,]   16 0.003922093 2.052194e-03   313.8541  1803.1455  4.860318e+03
[17,]   17 0.003922652 6.265462e-04   304.1072   423.6068  4.529268e+03
[18,]   18 0.003922714 4.690991e-04   303.6621   334.2478 -5.090660e+02
[19,]   19 0.003918569 4.753970e-04   303.6632   336.8473 -1.671616e+02
[20,]   20 0.003921945 4.702673e-04   303.6621   334.7189 -4.441742e+02
[21,]   21 0.003922562 4.693297e-04   303.6621   334.3404 -4.962008e+02
[22,]   22 0.003922683 4.691452e-04   303.6621   334.2663 -5.064928e+02
[23,]   23 0.003922708 4.691084e-04   303.6621   334.2515 -5.085504e+02
[24,]   24 0.003922713 4.691010e-04   303.6621   334.2486 -5.089627e+02
[25,]   25 0.003922714 4.690995e-04   303.6621   334.2480 -5.090453e+02
[26,]   26 0.003922714 4.690992e-04   303.6621   334.2479 -5.090619e+02
[27,]   27 0.003922714 4.690991e-04   303.6621   334.2478 -5.090652e+02
[28,]   28 0.003922714 4.690991e-04   303.6621   334.2478 -5.090659e+02
[29,]   29 0.003922714 4.690991e-04   303.6621   334.2478 -5.090660e+02
[30,]   30 0.003922714 4.690991e-04   303.6621   334.2478 -5.090660e+02
[31,]   31 0.003922714 4.690991e-04   303.6621   334.2478 -5.090660e+02
[32,]   32 0.003922714 4.690991e-04   303.6621   334.2478 -5.090660e+02
[33,]   33 0.003922714 4.690991e-04   303.6621   334.2478 -5.090660e+02
[34,]   34 0.003922714 4.690991e-04   303.6621   334.2478 -5.090660e+02
[35,]   35 0.003922714 4.690991e-04   303.6621   334.2478 -5.090660e+02
[36,]   36 0.003922714 4.690991e-04   303.6621   334.2478 -5.090660e+02
[37,]   37 0.003922714 4.690991e-04   303.6621   334.2478 -5.090660e+02

