[22;0t]0;IPython: scripts/01_msprime_simulations$par
[1] 0.002770538 9.182666635

$value
[1] -53995.83

$counts
function gradient 
      32       32 

$convergence
[1] 0

$message
[1] "CONVERGENCE: REL_REDUCTION_OF_F <= FACTR*EPSMCH"

$loginfo
      step         par1      par2        fn           gr1           gr2
 [1,]    1 0.1000000000  0.010000 128378.20  7.336407e+04 -3.287458e+06
 [2,]    2 0.0000010000 10.000000  54080.34 -2.742534e+05  1.140513e+02
 [3,]    3 0.8160642464 10.000000  56921.66  2.819215e+03 -8.955732e+01
 [4,]    4 0.2666359305 10.000000  55134.52  3.850823e+03 -5.544007e+01
 [5,]    5 0.0869884329 10.000000  54388.95  4.434999e+03  3.517656e+01
 [6,]    6 0.0284920615 10.000000  54130.51  4.255268e+03  6.295669e+01
 [7,]    7 0.0094501750 10.000000  54054.95  3.396188e+03  6.712776e+01
 [8,]    8 0.0093345587  9.999794  54054.54  3.381662e+03  6.710824e+01
 [9,]    9 0.0088720935  9.998972  54052.94  3.320316e+03  6.700125e+01
[10,]   10 0.0070222326  9.995684  54046.85  3.008000e+03  6.630746e+01
[11,]   11 0.0000010000  9.986655  54078.81 -2.708058e+05  1.150519e+02
[12,]   12 0.0040195020  9.991823  54038.80  2.032273e+03  6.407272e+01
[13,]   13 0.0000010000  9.989378  54079.13 -2.714988e+05  1.150452e+02
[14,]   14 0.0025644618  9.990937  54036.50  8.840371e+02  6.284992e+01
[15,]   15 0.0013969235  9.989853  54036.62 -1.760110e+03  6.271271e+01
[16,]   16 0.0020018011  9.990415  54036.20  5.865852e+00  6.258683e+01
[17,]   17 0.0019608756  9.990140  54036.18 -7.817499e+01  6.255871e+01
[18,]   18 0.0017951296  9.987367  54036.05 -4.587138e+02  6.232653e+01
[19,]   19 0.0015460417  9.978672  54035.71 -1.184648e+03  6.171559e+01
[20,]   20 0.0012335474  9.954670  54034.80 -2.459184e+03  6.089788e+01
[21,]   21 0.0007448859  9.868610  54031.17 -5.294826e+03  6.339745e+01
[22,]   22 0.0000010000  9.580156  54053.59 -2.286223e+05  9.350512e+00
[23,]   23 0.0004772644  9.764835  54027.67 -1.058399e+04  4.023477e+01
[24,]   24 0.0009597423  9.596687  54017.77 -6.462507e+03  5.189841e+01
[25,]   25 0.0028896537  8.924096  54005.07 -5.866646e+02 -5.429104e+01
[26,]   26 0.0021852391  9.317503  53998.66 -1.106518e+03  3.643190e+01
[27,]   27 0.0026708476  9.153712  53995.97 -2.341219e+02 -8.926560e+00
[28,]   28 0.0026376596  9.182802  53995.84 -2.516194e+02 -1.634058e-01
[29,]   29 0.0088746387  9.194845  54010.58  3.526793e+03  2.472476e+00
[30,]   30 0.0028343635  9.183181  53995.83  1.134685e+02  2.440343e-01
[31,]   31 0.0027735405  9.182674  53995.83  5.314820e+00  6.454502e-03
[32,]   32 0.0027705380  9.182667  53995.83 -1.174408e-01 -1.741137e-04

