[22;0t]0;IPython: scripts/01_msprime_simulations$par
[1] 0.0112621832 0.0006106261

$value
[1] -509.0257

$counts
function gradient 
      68       68 

$convergence
[1] 52

$message
[1] "ERROR: ABNORMAL_TERMINATION_IN_LNSRCH"

$loginfo
      step        par1         par2         fn           gr1           gr2
 [1,]    1 0.100000000 1.000000e-02   724.7741  1.836754e+03  4.173127e+03
 [2,]    2 0.000001000 1.000000e-06   758.7687  1.112304e+05 -2.415812e+06
 [3,]    3 0.045176820 4.518175e-03   602.1300  1.265836e+03  1.054720e+04
 [4,]    4 0.016051661 1.605922e-03   529.8046  2.765354e+02  2.350542e+04
 [5,]    5 0.006924606 6.932982e-04   509.6094 -6.945413e+01  8.803609e+03
 [6,]    6 0.007311084 1.000000e-06   827.8908  1.024044e+03 -2.682092e+06
 [7,]    7 0.007021505 5.197228e-04   509.4345  6.331382e+00 -1.169019e+04
 [8,]    8 0.006966328 6.185606e-04   509.1304 -5.023929e+01  2.097679e+03
 [9,]    9 0.010156868 6.040113e-04   509.0273 -7.100346e+00 -6.563945e+02
[10,]   10 0.011031406 6.129518e-04   509.0287 -4.162352e+00  2.106611e+02
[11,]   11 0.010378932 6.062815e-04   509.0267 -6.296509e+00 -4.372995e+02
[12,]   12 0.011495316 6.130986e-04   509.0274 -1.810691e+00  1.209825e+02
[13,]   13 0.010683864 6.081436e-04   509.0260 -4.942852e+00 -2.890776e+02
[14,]   14 0.011668527 6.129513e-04   509.0271 -9.560527e-01  6.454417e+01
[15,]   15 0.010919940 6.092962e-04   509.0257 -3.896203e+00 -2.074674e+02
[16,]   16 0.011748806 6.128670e-04   509.0269 -5.685154e-01  3.668759e+01
[17,]   17 0.011088904 6.100241e-04   509.0257 -3.162050e+00 -1.596907e+02
[18,]   18 0.011795784 6.127776e-04   509.0268 -3.366679e-01  1.556635e+01
[19,]   19 0.011214457 6.105132e-04   509.0257 -2.624307e+00 -1.298596e+02
[20,]   20 0.011115981 6.101296e-04   509.0257 -3.044646e+00 -1.533066e+02
[21,]   21 0.011180975 6.103828e-04   509.0257 -2.766065e+00 -1.378715e+02
[22,]   22 0.011129621 6.101827e-04   509.0257 -2.985803e+00 -1.500801e+02
[23,]   23 0.011163515 6.103148e-04   509.0257 -2.840460e+00 -1.420333e+02
[24,]   24 0.011136635 6.102101e-04   509.0257 -2.955624e+00 -1.484184e+02
[25,]   25 0.011131088 6.101885e-04   509.0257 -2.979486e+00 -1.497327e+02
[26,]   26 0.011129621 6.101827e-04   509.0257 -2.985803e+00 -1.500801e+02
[27,]   27 0.011827237 6.125159e-04   509.0266 -1.400716e-01 -2.328898e+01
[28,]   28 0.011262183 6.106261e-04   509.0257 -2.407336e+00 -1.273227e+02
[29,]   29 0.011714517 6.156314e-04   509.0300 -1.312454e+00  3.797017e+02
[30,]   30 0.011289377 6.109270e-04   509.0259 -2.339445e+00 -9.683826e+01
[31,]   31 0.011263992 6.106461e-04   509.0257 -2.402810e+00 -1.252946e+02
[32,]   32 0.011262304 6.106274e-04   509.0257 -2.407033e+00 -1.271869e+02
[33,]   33 0.011262191 6.106262e-04   509.0257 -2.407316e+00 -1.273136e+02
[34,]   34 0.011262184 6.106261e-04   509.0257 -2.407335e+00 -1.273220e+02
[35,]   35 0.011262183 6.106261e-04   509.0257 -2.407336e+00 -1.273226e+02
[36,]   36 0.011262183 6.106261e-04   509.0257 -2.407336e+00 -1.273227e+02
[37,]   37 0.011262183 6.106261e-04   509.0257 -2.407336e+00 -1.273227e+02
[38,]   38 0.011262183 6.106261e-04   509.0257 -2.407336e+00 -1.273227e+02
[39,]   39 0.011262183 6.106261e-04   509.0257 -2.407336e+00 -1.273227e+02
[40,]   40 0.011262183 6.106261e-04   509.0257 -2.407336e+00 -1.273227e+02
[41,]   41 0.011262183 6.106261e-04   509.0257 -2.407336e+00 -1.273227e+02
[42,]   42 0.011262183 6.106261e-04   509.0257 -2.407336e+00 -1.273227e+02
[43,]   43 0.011262183 6.106261e-04   509.0257 -2.407336e+00 -1.273227e+02
[44,]   44 0.011262183 6.106261e-04   509.0257 -2.407336e+00 -1.273227e+02
[45,]   45 0.011262183 6.106261e-04   509.0257 -2.407336e+00 -1.273227e+02
[46,]   46 0.011262183 6.106261e-04   509.0257 -2.407336e+00 -1.273227e+02
[47,]   47 2.418598351 1.000000e+01 30192.2576  2.357801e+03  2.318523e+03
[48,]   48 0.035988699 1.033175e-01   717.4723  2.400868e+03  1.955152e+03
[49,]   49 0.011681718 2.353256e-03   541.4295  7.168289e+02  1.340125e+04
[50,]   50 0.011262816 6.132537e-04   509.0282 -3.006952e+00  1.927964e+02
[51,]   51 0.011262197 6.106853e-04   509.0257 -2.420979e+00 -1.200702e+02
[52,]   52 0.011262184 6.106275e-04   509.0257 -2.407660e+00 -1.271506e+02
[53,]   53 0.011262183 6.106261e-04   509.0257 -2.407344e+00 -1.273186e+02
[54,]   54 0.011262183 6.106261e-04   509.0257 -2.407336e+00 -1.273226e+02
[55,]   55 0.011262183 6.106261e-04   509.0257 -2.407336e+00 -1.273227e+02
[56,]   56 0.011262183 6.106261e-04   509.0257 -2.407336e+00 -1.273227e+02
[57,]   57 0.011262183 6.106261e-04   509.0257 -2.407336e+00 -1.273227e+02
[58,]   58 0.011262183 6.106261e-04   509.0257 -2.407336e+00 -1.273227e+02
[59,]   59 0.011262183 6.106261e-04   509.0257 -2.407336e+00 -1.273227e+02
[60,]   60 0.011262183 6.106261e-04   509.0257 -2.407336e+00 -1.273227e+02
[61,]   61 0.011262183 6.106261e-04   509.0257 -2.407336e+00 -1.273227e+02
[62,]   62 0.011262183 6.106261e-04   509.0257 -2.407336e+00 -1.273227e+02
[63,]   63 0.011262183 6.106261e-04   509.0257 -2.407336e+00 -1.273227e+02
[64,]   64 0.011262183 6.106261e-04   509.0257 -2.407336e+00 -1.273227e+02
[65,]   65 0.011262183 6.106261e-04   509.0257 -2.407336e+00 -1.273227e+02

