[22;0t]0;IPython: scripts/01_msprime_simulations$par
[1] 0.0002758494 0.0061327762

$value
[1] -4667.244

$counts
function gradient 
      65       65 

$convergence
[1] 52

$message
[1] "ERROR: ABNORMAL_TERMINATION_IN_LNSRCH"

$loginfo
      step         par1        par2        fn           gr1           gr2
 [1,]    1 1.000000e-01 0.010000000  4729.652     102.30699  7.489458e+03
 [2,]    2 1.000000e-06 0.000001000 10211.777  123322.44218 -3.749211e+07
 [3,]    3 6.680657e-02 0.006680956  4731.516     271.17556 -1.597281e+04
 [4,]    4 8.365598e-02 0.008365745  4721.797     135.72277 -8.840308e+02
 [5,]    5 7.997911e-02 0.008258694  4721.411     144.28971 -1.518927e+03
 [6,]    6 6.527159e-02 0.007830491  4720.164     192.92206 -4.115788e+03
 [7,]    7 1.000000e-06 0.006559445  4696.375 -264647.55685  1.077952e+03
 [8,]    8 6.524379e-02 0.007829949  4720.161     193.02626 -4.118601e+03
 [9,]    9 3.262240e-02 0.007194697  4714.335     424.14978 -6.422653e+03
[10,]   10 1.083585e-02 0.006770437  4702.254    1150.57352 -4.127713e+03
[11,]   11 3.605131e-03 0.006629630  4688.709    3655.04409 -1.479826e+03
[12,]   12 1.000000e-06 0.006952206  4696.526 -264623.71763 -6.027846e+01
[13,]   13 1.845235e-03 0.006787144  4679.889    6713.21346 -5.885573e+02
[14,]   14 6.694791e-04 0.006892376  4669.851    9386.53916 -2.414751e+02
[15,]   15 3.258659e-04 0.006923130  4667.418    1227.78020  1.117895e+02
[16,]   16 1.000000e-06 0.006173009  4695.751 -262571.31416  1.802519e+03
[17,]   17 3.153507e-04 0.006898850  4667.398     563.25638  1.202138e+02
[18,]   18 2.825573e-04 0.005361560  4667.848     809.59986 -1.265984e+03
[19,]   19 3.068715e-04 0.006501361  4667.332     740.08051  1.667036e+02
[20,]   20 3.025860e-04 0.006300468  4667.293    1089.20266  1.078949e+02
[21,]   21 3.010415e-04 0.006228064  4667.283    1231.11252  4.420208e+01
[22,]   22 2.463834e-04 0.005125995  4668.117   -3465.40439 -9.269286e+02
[23,]   23 2.989124e-04 0.006185135  4667.277    1223.47612 -1.201421e+00
[24,]   24 2.758494e-04 0.006132776  4667.244    -487.66894 -4.549147e-01
[25,]   25 2.824429e-04 0.006148301  4667.250      37.85768  1.502529e+00
[26,]   26 2.763113e-04 0.006133864  4667.244    -449.75612 -2.785048e-01
[27,]   27 2.758833e-04 0.006132856  4667.244    -484.87751 -4.417490e-01
[28,]   28 2.758519e-04 0.006132782  4667.244    -487.46312 -4.539428e-01
[29,]   29 2.758496e-04 0.006132777  4667.244    -487.65376 -4.548428e-01
[30,]   30 2.758494e-04 0.006132776  4667.244    -487.66782 -4.549093e-01
[31,]   31 2.758494e-04 0.006132776  4667.244    -487.66886 -4.549142e-01
[32,]   32 2.758494e-04 0.006132776  4667.244    -487.66894 -4.549147e-01
[33,]   33 2.758494e-04 0.006132776  4667.244    -487.66894 -4.549148e-01
[34,]   34 2.758494e-04 0.006132776  4667.244    -487.66894 -4.549147e-01
[35,]   35 2.758494e-04 0.006132776  4667.244    -487.66894 -4.549147e-01
[36,]   36 2.758494e-04 0.006132776  4667.244    -487.66894 -4.549147e-01
[37,]   37 2.758494e-04 0.006132776  4667.244    -487.66894 -4.549147e-01
[38,]   38 2.758494e-04 0.006132776  4667.244    -487.66894 -4.549147e-01
[39,]   39 2.758494e-04 0.006132776  4667.244    -487.66894 -4.549147e-01
[40,]   40 2.758494e-04 0.006132776  4667.244    -487.66894 -4.549147e-01
[41,]   41 2.758494e-04 0.006132776  4667.244    -487.66894 -4.549147e-01
[42,]   42 2.758494e-04 0.006132776  4667.244    -487.66894 -4.549147e-01
[43,]   43 2.758494e-04 0.006132776  4667.244    -487.66894 -4.549147e-01
[44,]   44 1.000000e+01 0.461047474 24953.948    1557.45398  1.060550e+04
[45,]   45 5.049083e-01 0.029089880  5261.562     586.18641  2.434713e+04
[46,]   46 4.659691e-02 0.008240047  4715.375     233.35745 -1.916110e+02
[47,]   47 3.385542e-03 0.006274245  4688.559    4108.57464 -2.494878e+03
[48,]   48 3.196080e-04 0.006134767  4667.340    2792.91554 -1.362468e+02
[49,]   49 2.781622e-04 0.006132881  4667.245    -280.14277 -8.221263e+00
[50,]   50 2.760188e-04 0.006132784  4667.244    -472.31762 -1.026141e+00
[51,]   51 2.758620e-04 0.006132777  4667.244    -486.52193 -4.975776e-01
[52,]   52 2.758503e-04 0.006132776  4667.244    -487.58318 -4.581047e-01
[53,]   53 2.758494e-04 0.006132776  4667.244    -487.66253 -4.551533e-01
[54,]   54 2.758494e-04 0.006132776  4667.244    -487.66846 -4.549323e-01
[55,]   55 2.758494e-04 0.006132776  4667.244    -487.66891 -4.549162e-01
[56,]   56 2.758494e-04 0.006132776  4667.244    -487.66894 -4.549147e-01
[57,]   57 2.758494e-04 0.006132776  4667.244    -487.66894 -4.549147e-01
[58,]   58 2.758494e-04 0.006132776  4667.244    -487.66894 -4.549147e-01
[59,]   59 2.758494e-04 0.006132776  4667.244    -487.66894 -4.549147e-01
[60,]   60 2.758494e-04 0.006132776  4667.244    -487.66894 -4.549147e-01
[61,]   61 2.758494e-04 0.006132776  4667.244    -487.66894 -4.549147e-01

