[22;0t]0;IPython: scripts/01_msprime_simulations$par
[1] 0.05254424 0.10067811

$value
[1] -28605.72

$counts
function gradient 
      37       37 

$convergence
[1] 0

$message
[1] "CONVERGENCE: REL_REDUCTION_OF_F <= FACTR*EPSMCH"

$loginfo
      step        par1        par2        fn           gr1           gr2
 [1,]    1 0.100000000  0.01000000  37339.39  2.031560e+04 -7.045383e+05
 [2,]    2 0.000001000 10.00000000  36150.36  2.415845e+03  1.338778e+03
 [3,]    3 0.066674652  3.33923557  30364.75  1.083871e+03  1.982615e+02
 [4,]    4 0.061542370  3.33821017  30359.25  9.779767e+02  1.942069e+02
 [5,]    5 0.041013242  3.33410854  30344.37  3.149191e+02  1.718131e+02
 [6,]    6 0.029469111  3.33088435  30344.04 -4.207592e+02  1.517591e+02
 [7,]    7 0.035361626  3.33253009  30343.15  9.463600e+00  1.630096e+02
 [8,]    8 0.034377837  3.33136188  30342.99 -5.460887e+01  1.612908e+02
 [9,]    9 0.032426073  3.32575156  30342.34 -1.984805e+02  1.576531e+02
[10,]   10 0.029437576  3.30729594  30340.48 -4.737917e+02  1.513042e+02
[11,]   11 0.025702389  3.25245965  30335.13 -9.803207e+02  1.407192e+02
[12,]   12 0.021528401  3.06912628  30316.44 -2.119294e+03  1.458676e+02
[13,]   13 0.000001000  1.11391970  30257.34 -2.500649e+06  3.797414e+02
[14,]   14 0.021431691  3.06034269  30315.35 -2.165830e+03  1.494896e+02
[15,]   15 0.010716346  2.08713120  30040.50 -9.057599e+03  6.010925e+02
[16,]   16 0.003666326  1.44681960  29774.34 -2.535713e+04  4.031245e+02
[17,]   17 0.002847660  1.37246497  29772.06 -3.205104e+04  2.820178e+02
[18,]   18 0.004619829  0.00000100 114420.24  1.093017e+05 -4.224185e+08
[19,]   19 0.003440608  0.91325411  29592.53 -3.171869e+04  3.449125e+02
[20,]   20 0.004030219  0.45662756  29360.83 -3.458487e+04  7.290644e+02
[21,]   21 0.004423119  0.15234435  29020.44 -4.229337e+04  1.709292e+03
[22,]   22 0.004554085  0.05091736  28950.59 -3.076824e+04 -6.353932e+03
[23,]   23 0.126106709  1.33188651  29799.93  3.347537e+03  2.648444e+02
[24,]   24 0.041052834  0.43555548  29168.15  2.052218e+03  8.728077e+02
[25,]   25 0.016001672  0.17155652  28839.60 -8.251881e+03  1.977689e+03
[26,]   26 0.052431926  0.05580481  28952.13  5.656330e+03 -2.361027e+04
[27,]   27 0.034522251  0.11271014  28633.39 -2.077887e+03  1.609197e+03
[28,]   28 0.051392282  0.03394678  29989.29  1.489904e+04 -8.686529e+04
[29,]   29 0.038809567  0.09269338  28613.05 -8.030348e+02 -6.292890e+02
[30,]   30 0.039284310  0.09705288  28611.35 -9.755625e+02  2.068994e+01
[31,]   31 0.041175176  0.09812856  28609.72 -8.080802e+02  8.529068e+01
[32,]   32 0.048851394  0.10045973  28606.12 -2.294553e+02  1.036305e+02
[33,]   33 0.051474545  0.10056592  28605.75 -6.013586e+01  2.234875e+01
[34,]   34 0.052434322  0.10065373  28605.72 -5.528028e+00  2.517107e-01
[35,]   35 0.052541217  0.10067879  28605.72 -1.702757e-01  7.493136e-02
[36,]   36 0.052544241  0.10067811  28605.72  3.118965e-02 -1.351359e-01

