[22;0t]0;IPython: scripts/01_msprime_simulations$par
[1] 0.0001997652 0.0005430100

$value
[1] -540.3073

$counts
function gradient 
      41       41 

$convergence
[1] 0

$message
[1] "CONVERGENCE: REL_REDUCTION_OF_F <= FACTR*EPSMCH"

$loginfo
      step         par1         par2       fn          gr1           gr2
 [1,]    1 1.000000e-01 0.0100000000 764.6370   1803.66652  4.554888e+03
 [2,]    2 1.000000e-06 0.0000010000 814.4805 106793.34732 -2.600817e+06
 [3,]    3 4.641967e-02 0.0046424488 640.6435   1244.01753  1.343022e+04
 [4,]    4 1.640994e-02 0.0016417468 558.5606    384.15460  2.030669e+04
 [5,]    5 5.580041e-03 0.0005588539 543.6635    169.50294 -1.390313e+04
 [6,]    6 6.221544e-04 0.0072420748 547.4155   4796.55158 -6.529517e+01
 [7,]    7 4.225269e-03 0.0023850834 559.9869   1938.55413  7.044951e+03
 [8,]    8 5.358014e-03 0.0008581465 543.8449     35.60741  8.639164e+03
 [9,]    9 5.489553e-03 0.0006808313 542.9524     77.88978 -6.686446e+02
[10,]   10 3.197629e-03 0.0006716611 542.6486    222.71205  8.310826e+01
[11,]   11 1.000000e-06 0.0006588711 544.3006 -37427.48519  1.687820e+03
[12,]   12 1.907956e-03 0.0006665010 542.1999    523.98647  5.267207e+02
[13,]   13 6.813146e-04 0.0006615931 541.0691   1438.07098  1.273478e+03
[14,]   14 3.111405e-04 0.0006601120 540.5281   1105.96715  1.781186e+03
[15,]   15 1.000000e-06 0.0006351360 544.2602 -37452.76926  1.651935e+03
[16,]   16 2.799536e-04 0.0006576005 540.4884    903.52791  1.770813e+03
[17,]   17 1.368701e-04 0.0003047682 541.3505   5524.43146 -2.241839e+04
[18,]   18 2.249453e-04 0.0005219544 540.3371    798.17177 -1.272143e+03
[19,]   19 9.304449e-05 0.0005688008 540.4560  -1437.19602  8.570973e+02
[20,]   20 1.980121e-04 0.0005315201 540.3084    112.60594 -6.493575e+02
[21,]   21 2.093059e-04 0.0005587960 540.3147    204.15354  6.499707e+00
[22,]   22 2.002489e-04 0.0005369222 540.3083    129.75413 -5.131028e+02
[23,]   23 1.987873e-04 0.0005553192 540.3083    -31.42235 -3.985621e+00
[24,]   24 1.997652e-04 0.0005430100 540.3073     72.87842 -3.363362e+02
[25,]   25 2.006250e-04 0.0005550692 540.3091     17.86186 -2.413587e+01
[26,]   26 1.999139e-04 0.0005450954 540.3074     62.44873 -2.804765e+02
[27,]   27 1.997952e-04 0.0005434298 540.3073     70.74691 -3.250261e+02
[28,]   28 1.997714e-04 0.0005430970 540.3073     72.43512 -3.339884e+02
[29,]   29 1.997665e-04 0.0005430281 540.3073     72.78588 -3.358463e+02
[30,]   30 1.997655e-04 0.0005430137 540.3073     72.85909 -3.362339e+02
[31,]   31 1.997653e-04 0.0005430107 540.3073     72.87438 -3.363149e+02
[32,]   32 1.997653e-04 0.0005430101 540.3073     72.87757 -3.363318e+02
[33,]   33 1.997652e-04 0.0005430100 540.3073     72.87824 -3.363353e+02
[34,]   34 1.997652e-04 0.0005430100 540.3073     72.87838 -3.363360e+02
[35,]   35 1.997652e-04 0.0005430100 540.3073     72.87841 -3.363362e+02
[36,]   36 1.997652e-04 0.0005430100 540.3073     72.87841 -3.363362e+02
[37,]   37 1.997652e-04 0.0005430100 540.3073     72.87841 -3.363362e+02
[38,]   38 1.997652e-04 0.0005430100 540.3073     72.87841 -3.363362e+02
[39,]   39 1.997652e-04 0.0005430100 540.3073     72.87841 -3.363362e+02
[40,]   40 1.997652e-04 0.0005430100 540.3073     72.87841 -3.363362e+02

