[22;0t]0;IPython: scripts/01_msprime_simulations$par
[1] 0.0007348124 0.0234565630

$value
[1] -9506.755

$counts
function gradient 
      42       42 

$convergence
[1] 0

$message
[1] "CONVERGENCE: REL_REDUCTION_OF_F <= FACTR*EPSMCH"

$loginfo
      step         par1        par2        fn           gr1           gr2
 [1,]    1 0.1000000000  0.01000000  9920.152  1.135827e+03 -7.164927e+04
 [2,]    2 0.0000010000 10.00000000 26907.298  2.416086e+03  2.110473e+03
 [3,]    3 0.0677216627  3.23463814 13199.936  2.413510e+03  1.840169e+03
 [4,]    4 0.0894060217  1.06834901 10056.594  2.403827e+03  6.882178e+02
 [5,]    5 0.0964650202  0.36314801  9921.465  3.882129e+03 -5.863524e+02
 [6,]    6 0.0988269238  0.12719149 10167.511  4.530567e+03 -2.777985e+02
 [7,]    7 0.0996315346  0.04681007  9909.593  1.428597e+03  9.530420e+03
 [8,]    8 0.0990424540  0.04249721  9865.923  1.144505e+03  1.034602e+04
 [9,]    9 0.0966861317  0.02524577  9685.490  2.769076e+02  7.514860e+03
[10,]   10 0.1007270977  0.00000100 26818.223  3.887817e+03 -9.172587e+07
[11,]   11 0.0980339759  0.01682550  9682.120  4.093400e+02 -1.112580e+04
[12,]   12 0.0972256876  0.02187505  9666.932  2.526793e+02  3.121169e+03
[13,]   13 0.0972681263  0.01951137  9665.200  2.943782e+02 -2.000365e+03
[14,]   14 0.0969106885  0.02043411  9664.326  2.730623e+02  2.615055e+02
[15,]   15 0.0965908606  0.02036756  9664.226  2.756588e+02  1.176468e+02
[16,]   16 0.0953115493  0.02010138  9663.912  2.866407e+02 -4.712913e+02
[17,]   17 0.0890865845  0.01957451  9662.543  3.288273e+02 -1.593461e+03
[18,]   18 0.0376881360  0.01656631  9641.115  1.323466e+03 -6.808068e+03
[19,]   19 0.0000010000  0.01436060  9589.025 -6.230530e+05 -2.039676e+03
[20,]   20 0.0376322777  0.01656304  9641.064  1.325995e+03 -6.811056e+03
[21,]   21 0.0124986098  0.01509204  9593.092  4.069556e+03 -5.709295e+03
[22,]   22 0.0041750084  0.01460489  9547.059  8.641229e+03 -3.279971e+03
[23,]   23 0.0000010000  0.01475000  9588.267 -6.205287e+05 -1.685514e+03
[24,]   24 0.0023212404  0.01466933  9528.683  1.105380e+04 -2.503895e+03
[25,]   25 0.0008521007  0.01472041  9512.755  7.091201e+03 -1.563372e+03
[26,]   26 0.0000010000  0.01587776  9587.504 -6.176790e+05 -1.351642e+02
[27,]   27 0.0006061314  0.01505488  9511.244  3.041405e+02 -1.093205e+03
[28,]   28 0.0015782960  0.03002529  9512.784  8.975325e+03  2.849361e+02
[29,]   29 0.0009952939  0.02104761  9508.076  5.732081e+03 -4.014657e+02
[30,]   30 0.0008522898  0.02242296  9507.038  3.079954e+03 -1.597832e+02
[31,]   31 0.0006720684  0.02317699  9506.803 -1.886664e+03 -1.031056e+01
[32,]   32 0.0007459524  0.02340921  9506.758  3.227945e+02 -8.131510e+00
[33,]   33 0.0007359806  0.02344193  9506.755  3.578719e+01 -2.057433e+00
[34,]   34 0.0007348124  0.02345656  9506.755 -1.544647e+00 -3.123552e-01
[35,]   35 0.0007348378  0.02345869  9506.755 -1.440477e+00 -1.161471e-01
[36,]   36 0.0007348131  0.02345663  9506.755 -1.541426e+00 -3.062830e-01
[37,]   37 0.0007348124  0.02345657  9506.755 -1.544546e+00 -3.121638e-01
[38,]   38 0.0007348124  0.02345656  9506.755 -1.544644e+00 -3.123489e-01
[39,]   39 0.0007348124  0.02345656  9506.755 -1.544647e+00 -3.123550e-01
[40,]   40 0.0007348124  0.02345656  9506.755 -1.544647e+00 -3.123551e-01
[41,]   41 0.0007348124  0.02345656  9506.755 -1.544647e+00 -3.123550e-01

