[22;0t]0;IPython: scripts/01_msprime_simulations$par
[1] 0.04428252 0.10119046

$value
[1] -29199.64

$counts
function gradient 
      34       34 

$convergence
[1] 0

$message
[1] "CONVERGENCE: REL_REDUCTION_OF_F <= FACTR*EPSMCH"

$loginfo
      step        par1        par2        fn           gr1           gr2
 [1,]    1 0.100000000  0.01000000  38235.48  2.064286e+04 -7.245534e+05
 [2,]    2 0.000001000 10.00000000  36458.46  2.416082e+03  1.313055e+03
 [3,]    3 0.066671000  3.33960044  30741.70  8.272982e+02  2.972423e+02
 [4,]    4 0.062850294  3.33816865  30738.31  7.233181e+02  2.938736e+02
 [5,]    5 0.032670935  3.32442529  30731.50 -8.163425e+02  2.548972e+02
 [6,]    6 0.046290308  3.32864158  30728.34  9.565017e+01  2.752264e+02
 [7,]    7 0.043650462  3.32590615  30727.53 -4.429396e+01  2.713646e+02
 [8,]    8 0.039417423  3.31736604  30725.97 -3.085959e+02  2.637984e+02
 [9,]    9 0.036363334  3.29894638  30722.49 -5.514581e+02  2.552251e+02
[10,]   10 0.028103549  3.18102559  30703.21 -1.582879e+03  2.150488e+02
[11,]   11 0.025599209  2.93955419  30659.51 -2.563951e+03  2.138552e+02
[12,]   12 0.015581848  1.97366857  30393.84 -6.534548e+03  4.395880e+02
[13,]   13 0.000001000  0.47134503  30815.07 -3.495657e+06  3.812811e+02
[14,]   14 0.008222633  1.26408445  30199.22 -1.492357e+04  2.896528e+02
[15,]   15 0.009385894  0.00000100 117904.05  1.008624e+05 -4.334537e+08
[16,]   16 0.008611590  0.84141500  30040.10 -1.523250e+04  3.738798e+02
[17,]   17 0.008998742  0.42070800  29802.87 -1.508686e+04  8.020009e+02
[18,]   18 0.009256718  0.14037243  29437.81 -1.926801e+04  1.939429e+03
[19,]   19 0.009342710  0.04692804  29528.24 -2.721708e+03 -1.724531e+04
[20,]   20 0.009256718  0.14037243  29437.81 -1.926801e+04  1.939429e+03
[21,]   21 0.020090886  0.00000100 118865.30  8.012199e+04 -4.334785e+08
[22,]   22 0.012877267  0.09346328  29299.41 -1.171029e+04  9.272526e+02
[23,]   23 1.353285958 10.00000000  39672.89  2.351343e+03  1.324598e+03
[24,]   24 0.182083259  1.34401125  30466.12  3.413330e+03  1.023706e+02
[25,]   25 0.029974066  0.21982031  29447.84 -1.293054e+03  1.867577e+03
[26,]   26 0.014798290  0.10766095  29297.45 -1.001432e+04  1.637542e+03
[27,]   27 0.025334128  0.07685659  29244.50 -1.115280e+03 -3.381157e+03
[28,]   28 0.030971977  0.10526543  29213.44 -2.029159e+03  9.689469e+02
[29,]   29 0.033547392  0.10210851  29206.57 -1.399467e+03  5.788385e+02
[30,]   30 0.039275102  0.09743067  29200.94 -3.304487e+02 -2.773908e+02
[31,]   31 0.041339965  0.09931364  29200.03 -1.964821e+02 -1.175962e+02
[32,]   32 0.043903367  0.10108922  29199.65 -2.942261e+01  3.339814e+00
[33,]   33 0.044247282  0.10118875  29199.64 -3.096350e+00  1.411820e+00
[34,]   34 0.044282519  0.10119046  29199.64 -6.000235e-02  9.123383e-02

