[22;0t]0;IPython: scripts/01_msprime_simulations$par
[1] 0.0004279196 0.0144214362

$value
[1] -3237.638

$counts
function gradient 
      60       60 

$convergence
[1] 0

$message
[1] "CONVERGENCE: REL_REDUCTION_OF_F <= FACTR*EPSMCH"

$loginfo
      step         par1        par2       fn           gr1           gr2
 [1,]    1 1.000000e-01 0.010000000 3402.054  3.161092e+02  1.657335e+04
 [2,]    2 1.000000e-06 0.000001000 6805.878  1.219148e+05 -2.484617e+07
 [3,]    3 6.579890e-02 0.006580198 3349.437  2.486746e+02  6.168557e+03
 [4,]    4 3.257251e-02 0.003950681 3353.268  7.779208e+02 -2.635598e+04
 [5,]    5 5.055664e-02 0.005373935 3343.056  3.504737e+02 -3.833607e+03
 [6,]    6 4.414237e-02 0.005236900 3341.207  4.215561e+02 -5.153043e+03
 [7,]    7 1.848528e-02 0.004688764 3326.941  1.259990e+03 -1.001995e+04
 [8,]    8 1.000000e-06 0.004293867 3280.816 -2.119377e+05 -9.838073e+03
 [9,]    9 1.839459e-02 0.004686827 3326.846  1.267076e+03 -1.003314e+04
[10,]   10 6.005586e-03 0.004422149 3302.768  3.916839e+03 -1.100884e+04
[11,]   11 1.952412e-03 0.004335557 3279.994  9.455138e+03 -1.136335e+04
[12,]   12 1.000000e-06 0.005089755 3274.552 -2.141711e+05 -6.065418e+03
[13,]   13 1.832677e-03 0.004381833 3278.317  9.909483e+03 -1.108835e+04
[14,]   14 9.168387e-04 0.004735794 3263.653  1.432411e+04 -9.311052e+03
[15,]   15 3.603834e-04 0.004950857 3253.980  1.038392e+04 -7.576246e+03
[16,]   16 1.231904e-04 0.005042529 3252.926 -3.605064e+04 -6.528396e+03
[17,]   17 2.929719e-04 0.004976911 3253.150  6.925349e+03 -7.292647e+03
[18,]   18 1.000000e-06 0.007699838 3269.581 -2.383283e+05  1.072117e+03
[19,]   19 1.983989e-04 0.005858898 3248.158 -6.031996e+03 -3.642097e+03
[20,]   20 6.805657e-02 0.247439962 3481.947  2.539196e+03  7.380365e+02
[21,]   21 1.880543e-02 0.072101559 3319.477  3.789162e+03 -9.619491e+02
[22,]   22 4.651793e-03 0.021713374 3272.150  8.777259e+03 -3.057169e+02
[23,]   23 1.304624e-03 0.009797157 3248.176  1.173452e+04 -1.799845e+03
[24,]   24 6.209854e-04 0.007363344 3246.183  1.042923e+04 -3.254348e+03
[25,]   25 6.249015e-04 0.008457529 3243.228  9.551451e+03 -2.183146e+03
[26,]   26 4.508794e-04 0.010509995 3238.962  3.671312e+03 -9.727740e+02
[27,]   27 3.385326e-04 0.012141611 3238.221 -2.662234e+03  6.291553e+01
[28,]   28 3.927345e-04 0.012085168 3238.185  2.654600e+02 -1.243474e+01
[29,]   29 3.879541e-04 0.012099697 3238.182  2.994200e+01 -6.127737e+00
[30,]   30 3.872821e-04 0.012111413 3238.182 -1.738585e+01 -5.691403e+00
[31,]   31 3.865508e-04 0.012158138 3238.182 -1.184731e+02 -8.397698e+00
[32,]   32 3.836256e-04 0.012345038 3238.177 -5.412444e+02 -4.462120e+01
[33,]   33 3.719248e-04 0.013092636 3238.042 -2.194418e+03 -3.399870e+02
[34,]   34 3.251218e-04 0.016083031 3238.687 -6.158733e+03  9.029384e+02
[35,]   35 3.562767e-04 0.014092445 3237.768 -3.597433e+03 -1.574709e+02
[36,]   36 3.539787e-04 0.014239274 3237.757 -3.766394e+03 -8.262962e+01
[37,]   37 3.535960e-04 0.014263727 3237.757 -3.794413e+03 -6.960926e+01
[38,]   38 3.393589e-04 0.015173379 3237.984 -4.874600e+03  4.572032e+02
[39,]   39 3.533024e-04 0.014282482 3237.757 -3.815895e+03 -5.953024e+01
[40,]   40 2.835082e-05 0.037216670 3258.095 -8.418886e+04  5.363060e+02
[41,]   41 3.523602e-04 0.014348985 3237.757 -3.886260e+03 -2.322368e+01
[42,]   42 3.529606e-04 0.014306605 3237.756 -3.841425e+03 -4.646338e+01
[43,]   43 3.531634e-04 0.014292297 3237.756 -3.826283e+03 -5.422891e+01
[44,]   44 3.563276e-04 0.014298524 3237.746 -3.644360e+03 -5.159004e+01
[45,]   45 3.689847e-04 0.014323436 3237.709 -2.950664e+03 -4.089893e+01
[46,]   46 4.222706e-04 0.014420884 3237.639 -5.203838e+02  1.785078e+00
[47,]   47 4.335974e-04 0.014421533 3237.639 -8.256744e+01 -2.201602e-01
[48,]   48 4.257589e-04 0.014421084 3237.638 -3.828844e+02  1.166422e+00
[49,]   49 4.354779e-04 0.014422670 3237.639 -1.246128e+01  2.828110e-02
[50,]   50 4.278778e-04 0.014421430 3237.638 -3.005856e+02  9.176012e-01
[51,]   51 4.356166e-04 0.014422677 3237.639 -7.298984e+00  2.897418e-03
[52,]   52 4.292101e-04 0.014421644 3237.638 -2.492825e+02  7.597621e-01
[53,]   53 4.281491e-04 0.014421473 3237.638 -2.901087e+02  8.854408e-01
[54,]   54 4.279349e-04 0.014421439 3237.638 -2.983790e+02  9.108303e-01
[55,]   55 4.278898e-04 0.014421431 3237.638 -3.001185e+02  9.161678e-01
[56,]   56 4.279196e-04 0.014421436 3237.638 -2.989704e+02  9.126451e-01
[57,]   57 4.279297e-04 0.014421438 3237.638 -2.985801e+02  9.114478e-01
[58,]   58 4.279217e-04 0.014421437 3237.638 -2.988881e+02  9.123927e-01
[59,]   59 4.279196e-04 0.014421436 3237.638 -2.989704e+02  9.126451e-01

