[22;0t]0;IPython: scripts/01_msprime_simulations$par
[1] 0.0496676624 0.0009988641

$value
[1] -785.2761

$counts
function gradient 
      30       30 

$convergence
[1] 0

$message
[1] "CONVERGENCE: REL_REDUCTION_OF_F <= FACTR*EPSMCH"

$loginfo
      step        par1         par2        fn           gr1           gr2
 [1,]    1 0.100000000 0.0100000000 1002.9243  1.459778e+03  7.988157e+03
 [2,]    2 0.000001000 0.0000010000 1237.1064  1.121880e+05 -4.169643e+06
 [3,]    3 0.054716995 0.0054721070  897.7396  8.764332e+02  1.558191e+04
 [4,]    4 0.019091179 0.0019098461  802.5575  2.325782e+01  2.561289e+04
 [5,]    5 0.007515739 0.0007524063  788.0817 -3.893844e+01 -1.796444e+04
 [6,]    6 0.026269351 0.0062093818  878.5786  1.107087e+03  6.976914e+03
 [7,]    7 0.010050170 0.0014898817  793.2922 -1.587649e+02  1.995987e+04
 [8,]    8 0.008218147 0.0009567949  786.6354 -1.870071e+02  1.506257e+03
 [9,]    9 0.010098045 0.0009620257  786.3500 -1.307048e+02  9.767397e+02
[10,]   10 0.014514666 0.0009772535  785.9429 -7.143559e+01  6.872310e+02
[11,]   11 0.019724109 0.0009901058  785.6689 -4.231796e+01  6.817519e+02
[12,]   12 0.026965073 0.0008347435  786.4997 -4.379552e+00 -1.546481e+04
[13,]   13 0.021045714 0.0009617494  785.6235 -3.339232e+01 -1.754364e+03
[14,]   14 0.028095555 0.0009898845  785.4261 -1.880909e+01 -1.710623e+02
[15,]   15 0.036055329 0.0010033593  785.3286 -8.451105e+00  5.511225e+02
[16,]   16 0.041945014 0.0010017494  785.2924 -3.823852e+00  3.062567e+02
[17,]   17 0.046786715 0.0009992561  785.2788 -1.422457e+00  5.240957e+01
[18,]   18 0.049667662 0.0009988641  785.2761 -4.122279e-01  4.172953e+00
[19,]   19 0.051298752 0.0010083700  785.2828  4.114318e-02  7.959380e+02
[20,]   20 0.049705622 0.0009990853  785.2761 -4.014198e-01  2.270824e+01
[21,]   21 0.049668919 0.0009988714  785.2761 -4.118700e-01  4.786415e+00
[22,]   22 0.049667704 0.0009988643  785.2761 -4.122159e-01  4.193456e+00
[23,]   23 0.049667664 0.0009988641  785.2761 -4.122274e-01  4.173638e+00
[24,]   24 0.049667662 0.0009988641  785.2761 -4.122278e-01  4.172976e+00
[25,]   25 0.049667662 0.0009988641  785.2761 -4.122278e-01  4.172954e+00
[26,]   26 0.049667662 0.0009988641  785.2761 -4.122278e-01  4.172953e+00
[27,]   27 0.049667662 0.0009988641  785.2761 -4.122278e-01  4.172953e+00
[28,]   28 0.049667662 0.0009988641  785.2761 -4.122278e-01  4.172953e+00
[29,]   29 0.049667662 0.0009988641  785.2761 -4.122278e-01  4.172953e+00
[30,]   30 0.049667662 0.0009988641  785.2761 -4.122278e-01  4.172953e+00

