[22;0t]0;IPython: scripts/01_msprime_simulations$par
[1] 0.009649059 0.058116503

$value
[1] -19162.08

$counts
function gradient 
      36       36 

$convergence
[1] 0

$message
[1] "CONVERGENCE: REL_REDUCTION_OF_F <= FACTR*EPSMCH"

$loginfo
      step        par1        par2       fn           gr1           gr2
 [1,]    1 0.100000000  0.01000000 22692.65  9.293512e+03 -3.490998e+05
 [2,]    2 0.000001000 10.00000000 31085.37  2.416086e+03  1.761650e+03
 [3,]    3 0.066744188  3.33228887 21109.03  2.189151e+03  1.041451e+03
 [4,]    4 0.045879689  3.32219172 21054.19  2.045087e+03  1.035283e+03
 [5,]    5 0.000001000  3.29998922 21060.65 -4.201647e+05  9.531501e+02
 [6,]    6 0.019746587  3.30954489 20993.24  1.475573e+03  1.022684e+03
 [7,]    7 0.000001000  3.27573860 21037.63 -4.333769e+05  9.450422e+02
 [8,]    8 0.010302712  3.29337609 20966.06  6.272154e+02  1.011042e+03
 [9,]    9 0.000001000  3.16522395 20935.13 -4.881162e+05  9.106424e+02
[10,]   10 0.010025098  3.28992261 20962.40  5.775745e+02  1.009611e+03
[11,]   11 0.005013049  3.22757328 20900.75 -1.112616e+03  9.842699e+02
[12,]   12 0.000001000  2.49244294 20432.95 -7.224007e+05  5.512765e+02
[13,]   13 0.004098175  3.09338624 20773.01 -1.864034e+03  9.382141e+02
[14,]   14 0.002049587  2.79291459 20519.43 -7.285058e+03  7.969312e+02
[15,]   15 0.044517049  0.00000100 67808.05  3.256715e+04 -2.412043e+08
[16,]   16 0.016744609  1.82648229 19911.10 -2.851209e+02  4.276172e+02
[17,]   17 0.023704785  0.82805777 19558.51  1.265863e+03  4.050178e+02
[18,]   18 0.029477301  0.00000100 67230.99  0.000000e+00 -2.411745e+08
[19,]   19 0.025638360  0.55068999 19458.87  2.443907e+03  1.867303e+02
[20,]   20 0.025282303  0.00000100 67030.26  5.050203e+04 -2.411638e+08
[21,]   21 0.025519523  0.36689337 19418.11  3.677957e+03  2.406783e+02
[22,]   22 0.025400913  0.18344719 19335.28  4.652351e+03  7.931563e+02
[23,]   23 0.025321925  0.06128196 19203.36  3.527959e+03 -3.213361e+02
[24,]   24 0.025344523  0.09623242 19240.62  3.533799e+03  1.495273e+03
[25,]   25 0.025321925  0.06128196 19203.36  3.527959e+03 -3.213361e+02
[26,]   26 0.019103448  0.35535171 19394.57  2.605690e+03  2.730789e+02
[27,]   27 0.024795074  0.08619657 19223.83  3.342109e+03  1.447891e+03
[28,]   28 0.025262928  0.06407195 19202.91  3.431767e+03  1.283412e+02
[29,]   29 0.017507554  0.06206693 19177.25  2.959979e+03  1.194819e+02
[30,]   30 0.000001000  0.05691730 19749.21 -2.706229e+06  1.520443e+03
[31,]   31 0.011378386  0.06026401 19163.29  1.096174e+03  1.821271e+02
[32,]   32 0.007512501  0.05773781 19164.50 -2.547707e+03  1.397284e+02
[33,]   33 0.009728899  0.05918613 19162.16 -1.520530e+01  1.487933e+02
[34,]   34 0.009637721  0.05816717 19162.08 -1.448301e+01  8.586448e+00
[35,]   35 0.009652929  0.05811426 19162.08  3.489435e+00 -7.048455e-01
[36,]   36 0.009649059  0.05811650 19162.08 -1.385952e-01 -3.988936e-02

