[22;0t]0;IPython: scripts/01_msprime_simulations$par
[1] 0.08353709 0.48921132

$value
[1] -53482.94

$counts
function gradient 
      31       31 

$convergence
[1] 0

$message
[1] "CONVERGENCE: REL_REDUCTION_OF_F <= FACTR*EPSMCH"

$loginfo
      step       par1       par2        fn           gr1           gr2
 [1,]    1 0.10000000  0.0100000 115602.40  6.522133e+04 -2.946550e+06
 [2,]    2 0.00000100 10.0000000  61155.04 -9.991800e+06  3.845564e+02
 [3,]    3 1.44199626 10.0000000  60307.41  2.057590e+03  3.249227e+02
 [4,]    4 0.48005149 10.0000000  58352.38  1.768971e+03  3.958604e+02
 [5,]    5 0.15997895 10.0000000  57979.43 -1.290081e+02  4.293983e+02
 [6,]    6 0.15998102  9.9985176  57978.79 -1.288303e+02  4.294674e+02
 [7,]    7 0.15998931  9.9925878  57976.24 -1.281113e+02  4.297565e+02
 [8,]    8 0.16002247  9.9688688  57966.03 -1.251103e+02  4.309582e+02
 [9,]    9 0.16015509  9.8739926  57924.89 -1.116381e+02  4.359720e+02
[10,]   10 0.16068558  9.4944880  57757.05 -5.747969e+01  4.450908e+02
[11,]   11 0.16280753  7.9764695  57105.27  1.623518e+02  4.162688e+02
[12,]   12 0.17129533  1.9043955  54674.01  1.698355e+03  6.076583e+02
[13,]   13 0.17395738  0.0000010 413642.53  0.000000e+00 -1.484938e+09
[14,]   14 0.17218470  1.2681541  54202.49  1.534230e+03  8.934633e+02
[15,]   15 0.17336626  0.4228802  53775.91  3.631078e+03 -2.914069e+03
[16,]   16 0.16168119  8.7714174  57439.84  3.767619e+01  4.288888e+02
[17,]   17 0.17017658  2.7017848  55089.93  1.546744e+03  4.707376e+02
[18,]   18 0.17255238  1.0043672  53951.40  1.362316e+03  1.001905e+03
[19,]   19 0.17310358  0.6105515  53610.93  1.768870e+03  3.187593e+02
[20,]   20 0.17309624  0.5921864  53606.30  1.858308e+03  1.805055e+02
[21,]   21 0.17305075  0.5680808  53604.39  1.996649e+03 -3.618200e+01
[22,]   22 0.17302476  0.5716701  53604.27  1.974053e+03 -9.050177e-01
[23,]   23 0.03018247  0.4817236  53719.81 -1.407024e+04  8.036276e+02
[24,]   24 0.10540914  0.5290931  53495.97  8.319860e+02  1.430030e+02
[25,]   25 0.04235004  0.4618707  53583.65 -7.021294e+03  4.400560e+02
[26,]   26 0.08639025  0.5088186  53484.54 -4.181328e+01  1.660029e+02
[27,]   27 0.08289225  0.4876811  53482.95 -3.008180e+01 -7.964092e+00
[28,]   28 0.08369695  0.4893079  53482.94  1.146594e+01 -1.277111e+00
[29,]   29 0.08353223  0.4892622  53482.94 -1.116182e+00  5.964794e-01
[30,]   30 0.08353709  0.4892113  53482.94  1.494995e-02 -4.868991e-02

