[22;0t]0;IPython: scripts/01_msprime_simulations$par
[1] 0.014433451 0.005983487

$value
[1] -3665.1

$counts
function gradient 
      30       30 

$convergence
[1] 0

$message
[1] "CONVERGENCE: REL_REDUCTION_OF_F <= FACTR*EPSMCH"

$loginfo
      step        par1        par2       fn           gr1           gr2
 [1,]    1 0.100000000 0.010000000 3708.959  2.172100e+02  1.462341e+04
 [2,]    2 0.000001000 0.000001000 7620.286  1.222630e+05 -2.789227e+07
 [3,]    3 0.066146948 0.006614999 3673.583  1.943487e+02 -5.581680e+02
 [4,]    4 0.058772147 0.006317184 3672.601  2.089002e+02 -2.851306e+03
 [5,]    5 0.033955430 0.005858182 3668.860  2.453393e+02 -5.063907e+03
 [6,]    6 0.000001000 0.005230171 3733.236 -2.098711e+05  0.000000e+00
 [7,]    7 0.022114720 0.005639180 3667.027  2.463592e+02 -4.966623e+03
 [8,]    8 0.007591565 0.005370564 3666.503 -3.904194e+02 -1.429023e+03
 [9,]    9 0.018187519 0.005566544 3666.440  2.248221e+02 -4.540787e+03
[10,]   10 0.011885442 0.005449982 3665.837  6.815638e+01 -3.142474e+03
[11,]   11 0.000001000 0.009939589 3735.307 -1.759600e+05  1.730170e+03
[12,]   12 0.007546915 0.007088955 3671.214 -8.162383e+02  5.404024e+03
[13,]   13 0.011008485 0.005781272 3665.327 -1.350294e+02 -2.633398e+02
[14,]   14 0.049537900 0.008489537 3681.153  1.499623e+02  9.771147e+03
[15,]   15 0.015364181 0.006087437 3665.128  8.224791e+00  4.450506e+02
[16,]   16 0.014622980 0.005994404 3665.101  4.792190e+00  1.809160e+01
[17,]   17 0.014461849 0.005983438 3665.100  1.408264e+00 -1.206217e+01
[18,]   18 0.014433451 0.005983487 3665.100  2.556801e-01 -3.984709e+00
[19,]   19 0.014429954 0.005983910 3665.100 -7.428253e-04 -1.804375e-01
[20,]   20 0.014432943 0.005983548 3665.100  2.184393e-01 -3.432043e+00
[21,]   21 0.014433364 0.005983497 3665.100  2.493514e-01 -3.890783e+00
[22,]   22 0.014433436 0.005983488 3665.100  2.545771e-01 -3.968339e+00
[23,]   23 0.014433448 0.005983487 3665.100  2.554871e-01 -3.981841e+00
[24,]   24 0.014433450 0.005983487 3665.100  2.556461e-01 -3.984203e+00
[25,]   25 0.014433451 0.005983487 3665.100  2.556742e-01 -3.984621e+00
[26,]   26 0.014433451 0.005983487 3665.100  2.556790e-01 -3.984691e+00
[27,]   27 0.014433451 0.005983487 3665.100  2.556759e-01 -3.984645e+00
[28,]   28 0.014433451 0.005983487 3665.100  2.556749e-01 -3.984629e+00
[29,]   29 0.014433451 0.005983487 3665.100  2.556758e-01 -3.984644e+00
[30,]   30 0.014433451 0.005983487 3665.100  2.556759e-01 -3.984645e+00

