[22;0t]0;IPython: scripts/01_msprime_simulations$par
[1] 0.0001897217 0.0004396040

$value
[1] -395.7408

$counts
function gradient 
      34       34 

$convergence
[1] 0

$message
[1] "CONVERGENCE: REL_REDUCTION_OF_F <= FACTR*EPSMCH"

$loginfo
      step         par1         par2       fn         gr1           gr2
 [1,]    1 1.000000e-01 0.0100000000 621.5049   1958.5333  4.244255e+03
 [2,]    2 1.000000e-06 0.0000010000 584.7171  83097.7462 -1.793640e+06
 [3,]    3 9.758408e-02 0.0097584295 615.7497   1949.2150  4.323445e+03
 [4,]    4 4.879254e-02 0.0048797148 499.8848   1574.3134  8.040880e+03
 [5,]    5 1.708779e-02 0.0017095250 423.1296    751.3209  1.830707e+04
 [6,]    6 7.191433e-03 0.0007199786 400.0271    350.8485  9.536724e+03
 [7,]    7 1.000000e-06 0.0000010000 584.7171  83097.7462 -1.793640e+06
 [8,]    8 6.067901e-03 0.0006076355 398.8789    335.3216  2.636707e+03
 [9,]    9 1.000000e-06 0.0000010000 584.7171  83097.7462 -1.793640e+06
[10,]   10 5.696872e-03 0.0005705360 398.6864    341.0450 -4.213805e+02
[11,]   11 4.902321e-03 0.0005327830 398.4583    360.0345 -3.845450e+03
[12,]   12 2.857858e-03 0.0004802982 397.8576    524.4475 -7.639016e+03
[13,]   13 1.000000e-06 0.0004069578 401.6783 -58829.3777  3.002477e+03
[14,]   14 1.788928e-03 0.0004528570 397.3581    787.7623 -8.270996e+03
[15,]   15 6.537008e-04 0.0004237138 396.3622   1357.0734 -5.525537e+03
[16,]   16 3.052999e-04 0.0004147697 395.8785   1392.0216 -2.944959e+03
[17,]   17 1.000000e-06 0.0004174026 401.7039 -59037.4378  2.984531e+03
[18,]   18 2.792290e-04 0.0004149953 395.8410   1291.7657 -2.632526e+03
[19,]   19 1.401145e-04 0.0004161990 395.7272  -3607.9935 -7.598491e+02
[20,]   20 2.420293e-04 0.0004153172 395.7915   1028.4241 -2.180709e+03
[21,]   21 6.376284e-05 0.0004172086 396.0648  -3410.5557  1.074022e+03
[22,]   22 2.118275e-04 0.0004156376 395.7570    599.1880 -1.797508e+03
[23,]   23 1.897217e-04 0.0004396040 395.7408   -199.6350 -9.877906e+01
[24,]   24 2.057981e-04 0.0004459596 395.7562    209.1800  8.991057e+01
[25,]   25 1.903629e-04 0.0004398575 395.7413   -179.8551 -9.149034e+01
[26,]   26 1.897465e-04 0.0004396138 395.7408   -198.8640 -9.849768e+01
[27,]   27 1.897227e-04 0.0004396043 395.7408   -199.6052 -9.876821e+01
[28,]   28 1.897218e-04 0.0004396040 395.7408   -199.6339 -9.877864e+01
[29,]   29 1.897217e-04 0.0004396040 395.7408   -199.6350 -9.877905e+01
[30,]   30 1.897217e-04 0.0004396040 395.7408   -199.6350 -9.877906e+01
[31,]   31 1.897217e-04 0.0004396040 395.7408   -199.6350 -9.877906e+01
[32,]   32 1.897217e-04 0.0004396040 395.7408   -199.6350 -9.877906e+01
[33,]   33 1.897217e-04 0.0004396040 395.7408   -199.6350 -9.877906e+01

