[22;0t]0;IPython: scripts/01_msprime_simulations$par
[1] 0.1073454 0.1013467

$value
[1] -29110.84

$counts
function gradient 
      31       31 

$convergence
[1] 0

$message
[1] "CONVERGENCE: REL_REDUCTION_OF_F <= FACTR*EPSMCH"

$loginfo
      step       par1        par2        fn           gr1           gr2
 [1,]    1 0.10000000  0.01000000  37612.32  1.969636e+04 -7.038271e+05
 [2,]    2 0.00000100 10.00000000  36195.48  2.416097e+03  1.335011e+03
 [3,]    3 0.06667254  3.33944666  30661.61  1.234392e+03  8.817091e+01
 [4,]    4 0.06083161  3.33893487  30654.63  1.137586e+03  8.460615e+01
 [5,]    5 0.03746790  3.33688772  30634.33  4.971098e+02  6.397994e+01
 [6,]    6 0.01761941  3.33491630  30636.64 -1.069854e+03  3.173100e+01
 [7,]    7 0.02869312  3.33601618  30631.79  3.464126e+01  5.238607e+01
 [8,]    8 0.02794519  3.33569431  30631.77 -1.646864e+01  5.121105e+01
 [9,]    9 0.02787257  3.33530775  30631.75 -2.209718e+01  5.103859e+01
[10,]   10 0.02758210  3.33376152  30631.68 -4.486734e+01  5.034416e+01
[11,]   11 0.02554340  3.30709422  30630.73 -2.433864e+02  4.251561e+01
[12,]   12 0.02449492  3.25223854  30629.07 -4.249177e+02  3.076364e+01
[13,]   13 0.02595208  3.12404190  30625.76 -4.916464e+02  1.162766e+01
[14,]   14 0.03090765  2.99142725  30621.89 -3.011974e+02  2.459450e+01
[15,]   15 0.05072993  2.46096862  30563.50  3.122211e+02  2.091199e+02
[16,]   16 0.13001905  0.33913410  29955.16  2.893246e+03  2.184738e+03
[17,]   17 0.14269184  0.00000100 120962.00  1.812155e+04 -4.241915e+08
[18,]   18 0.13426496  0.22551042  29610.79  1.316931e+03  4.179200e+03
[19,]   19 0.12945089  0.00000100 120708.85  2.017781e+04 -4.241847e+08
[20,]   20 0.13264940  0.14983141  29256.33  1.461002e+02  4.658473e+03
[21,]   21 0.13105015  0.07491620  29261.48  1.424924e+03 -1.274881e+04
[22,]   22 0.13177797  0.10901025  29116.97  1.382046e+02  1.108230e+03
[23,]   23 0.13516871  0.06555508  29428.33  2.180858e+03 -2.197260e+04
[24,]   24 0.13217691  0.10389753  29114.02  2.289105e+02  3.497010e+01
[25,]   25 0.12908813  0.10355498  29113.34  2.087660e+02  1.790508e+01
[26,]   26 0.11673302  0.10218480  29111.36  1.083808e+02 -3.121004e+01
[27,]   27 0.10384601  0.10117088  29110.93 -5.170246e+01  4.695945e+01
[28,]   28 0.10780971  0.10137359  29110.84  6.408982e+00 -5.287745e+00
[29,]   29 0.10736848  0.10134853  29110.84  3.072362e-01 -1.644996e-01
[30,]   30 0.10734543  0.10134674  29110.84 -1.678181e-03 -4.787889e-03

