[22;0t]0;IPython: scripts/01_msprime_simulations$par
[1] 0.001103032 0.051375176

$value
[1] -18719.84

$counts
function gradient 
      48       48 

$convergence
[1] 0

$message
[1] "CONVERGENCE: REL_REDUCTION_OF_F <= FACTR*EPSMCH"

$loginfo
      step         par1        par2       fn           gr1           gr2
 [1,]    1 0.1000000000  0.01000000 21954.41  8.491482e+03 -3.228625e+05
 [2,]    2 0.0000010000 10.00000000 30763.08  2.413537e+03  1.788557e+03
 [3,]    3 0.0667575928  3.33094968 20644.59  2.362486e+03  9.738503e+02
 [4,]    4 0.0424496670  3.32074528 20577.64  2.324807e+03  9.686680e+02
 [5,]    5 0.0000010000  3.30292545 20489.67 -7.192242e+04  9.221237e+02
 [6,]    6 0.0408884511  3.32008989 20573.38  2.320859e+03  9.683263e+02
 [7,]    7 0.0131333242  3.30843836 20499.71  2.096814e+03  9.618122e+02
 [8,]    8 0.0043616114  3.30475602 20479.60  1.461444e+03  9.590638e+02
 [9,]    9 0.0000010000  3.28229306 20470.74 -7.804606e+04  9.133274e+02
[10,]   10 0.0040115347  3.30295266 20477.38  1.379490e+03  9.582203e+02
[11,]   11 0.0020062674  3.29262286 20465.52  3.685966e+02  9.532717e+02
[12,]   12 0.0000010000  1.83879802 19504.75 -7.200315e+05  6.739978e+02
[13,]   13 0.0032716865  0.00000100 62311.72  1.093362e+05 -2.295428e+08
[14,]   14 0.0011544545  1.19031990 19053.54 -1.607856e+04  1.822508e+02
[15,]   15 0.0003646258  0.00000100 61973.31  1.233293e+05 -2.295352e+08
[16,]   16 0.0008902845  0.79220000 18947.24 -2.334183e+04  5.962724e+02
[17,]   17 0.0006274552  0.39610050 18837.93 -3.393606e+04  4.392627e+02
[18,]   18 0.0004539878  0.13467483 18765.28 -4.986463e+04 -2.883211e+00
[19,]   19 0.0006729075  0.29982933 18817.68 -3.116980e+04  2.288927e+02
[20,]   20 0.0004626512  0.14121057 18764.58 -4.726575e+04 -3.496861e+01
[21,]   21 0.0004732511  0.14920717 18764.69 -4.485178e+04  2.177293e+02
[22,]   22 0.0004674768  0.14485102 18764.37 -4.596154e+04  5.345687e+01
[23,]   23 0.0006885764  0.13088256 18756.17 -2.831103e+04  2.119802e+02
[24,]   24 0.0020918287  0.00000100 62179.37  1.150731e+05 -2.295386e+08
[25,]   25 0.0011561931  0.08726788 18733.26 -5.882919e+03  1.707730e+02
[26,]   26 0.0015329332  0.04480944 18725.22  1.032078e+04 -1.057350e+03
[27,]   27 0.0012174242  0.08036717 18730.60 -3.186603e+03  4.310835e+02
[28,]   28 0.0014335503  0.05600986 18721.59  5.032973e+03  2.521175e+02
[29,]   29 0.0014618808  0.05281702 18721.19  6.270427e+03  7.249457e+01
[30,]   30 0.0014694540  0.04784474 18722.38  7.959904e+03 -5.185746e+02
[31,]   31 0.0014626470  0.05231400 18721.17  6.417627e+03  2.231967e+01
[32,]   32 0.0013936907  0.05198593 18720.75  5.550405e+03  3.815353e+00
[33,]   33 0.0009712344  0.05103352 18720.08 -3.883388e+03 -1.364917e+01
[34,]   34 0.0011456717  0.05148905 18719.87  1.022428e+03  4.812437e+00
[35,]   35 0.0011092628  0.05138470 18719.85  1.505645e+02 -2.886338e-02
[36,]   36 0.0011030316  0.05137518 18719.84 -7.549992e+00  1.866315e-01
[37,]   37 0.0011033182  0.05137537 18719.84 -1.774636e-01  1.461670e-01
[38,]   38 0.0011030356  0.05137518 18719.84 -7.447547e+00  1.860703e-01
[39,]   39 0.0011030317  0.05137518 18719.84 -7.548550e+00  1.866229e-01
[40,]   40 0.0011030316  0.05137518 18719.84 -7.549972e+00  1.866318e-01
[41,]   41 0.0011030316  0.05137518 18719.84 -7.549992e+00  1.866314e-01
[42,]   42 0.0011030316  0.05137518 18719.84 -7.549992e+00  1.866314e-01
[43,]   43 0.0011030316  0.05137518 18719.84 -7.549982e+00  1.866320e-01
[44,]   44 0.0011030316  0.05137518 18719.84 -7.549992e+00  1.866315e-01
[45,]   45 0.0011030316  0.05137518 18719.84 -7.549992e+00  1.866314e-01
[46,]   46 0.0011030316  0.05137518 18719.84 -7.549992e+00  1.866314e-01
[47,]   47 0.0011030316  0.05137518 18719.84 -7.549992e+00  1.866314e-01
[48,]   48 0.0011030316  0.05137518 18719.84 -7.549992e+00  1.866314e-01

