[22;0t]0;IPython: scripts/01_msprime_simulations$par
[1] 0.581412314 0.005384979

$value
[1] -3337.75

$counts
function gradient 
      25       25 

$convergence
[1] 0

$message
[1] "CONVERGENCE: REL_REDUCTION_OF_F <= FACTR*EPSMCH"

$loginfo
      step       par1        par2       fn           gr1           gr2
 [1,]    1  0.1000000 0.010000000 3437.382 -2.626501e+01  2.752598e+04
 [2,]    2 10.0000000 0.000001000 7407.096  1.404876e-01 -2.463676e+07
 [3,]    3  3.6372347 0.006427393 3347.915  2.740005e-01  1.573954e+04
 [4,]    4  2.2829702 0.000001000 7402.229  2.669897e+00 -2.463536e+07
 [5,]    5  3.1898056 0.004304207 3351.545  3.270194e-01 -2.474981e+04
 [6,]    6  3.4263449 0.005426657 3339.218  2.564360e-01  6.531124e+02
 [7,]    7  3.3814339 0.005379802 3339.195  2.613095e-01 -1.930970e+02
 [8,]    8  3.3325685 0.005376344 3339.182  2.671240e-01 -2.563695e+02
 [9,]    9  3.1371068 0.005362512 3339.133  2.922288e-01 -5.100736e+02
[10,]   10  2.3552600 0.005307185 3338.911  4.305268e-01 -1.532873e+03
[11,]   11  0.0000010 0.005140516 3343.782  5.181366e+04 -5.514815e+02
[12,]   12  2.3552527 0.005307185 3338.911  4.305285e-01 -1.532883e+03
[13,]   13  1.1776268 0.005223850 3338.398  7.904849e-01 -3.051364e+03
[14,]   14  1.1776203 0.005223850 3338.398  7.904869e-01 -3.051372e+03
[15,]   15  1.1776138 0.005223849 3338.398  7.904889e-01 -3.051380e+03
[16,]   16  0.5888074 0.005182183 3338.108  2.070571e-01 -3.607050e+03
[17,]   17  0.0000010 0.005266068 3343.538  5.249591e+04 -2.162643e+03
[18,]   18  0.5888034 0.005182183 3338.108  2.070330e-01 -3.607035e+03
[19,]   19  0.2944022 0.005224126 3338.664 -8.242005e+00 -2.143308e+03
[20,]   20  0.5159592 0.005192561 3338.077 -3.953251e-01 -3.331562e+03
[21,]   21  1.2631957 0.006847447 3354.056  1.305103e+00  2.005059e+04
[22,]   22  0.6036037 0.005386665 3337.751  1.424873e-01  1.657276e+01
[23,]   23  0.5859936 0.005384803 3337.750  3.189145e-02 -5.672552e+00
[24,]   24  0.5809821 0.005384947 3337.750 -2.967734e-03 -3.266433e-01
[25,]   25  0.5814123 0.005384979 3337.750  5.486299e-05 -3.619194e-02

