[22;0t]0;IPython: scripts/01_msprime_simulations$par
[1] 0.01326976 0.01052093

$value
[1] -5769.343

$counts
function gradient 
      28       28 

$convergence
[1] 0

$message
[1] "CONVERGENCE: REL_REDUCTION_OF_F <= FACTR*EPSMCH"

$loginfo
      step        par1        par2       fn           gr1           gr2
 [1,]    1 0.100000000 0.010000000 5809.095  3.281549e+02 -10910.847182
 [2,]    2 0.000010000 1.000000000 6465.135  2.415504e+03   1439.841401
 [3,]    3 0.068699839 0.319902587 6072.659  2.256199e+03    -97.609314
 [4,]    4 0.091092524 0.098192830 6189.630  2.808054e+03    -12.096049
 [5,]    5 0.098354580 0.026291283 5935.178  6.148752e+02  11235.875249
 [6,]    6 0.099697058 0.012999426 5800.275  2.536297e+02   3128.233552
 [7,]    7 0.099705680 0.012336603 5798.900  2.617144e+02    958.668261
 [8,]    8 0.099627245 0.012044469 5798.756  2.667953e+02   -132.611662
 [9,]    9 0.099552881 0.012060447 5798.734  2.665858e+02    -69.137416
[10,]   10 0.099255424 0.012124359 5798.659  2.657699e+02    181.754115
[11,]   11 0.096270076 0.012382775 5798.044  2.648840e+02   1176.478579
[12,]   12 0.085720221 0.012862711 5796.203  2.714925e+02   2872.799258
[13,]   13 0.049932971 0.013877817 5789.813  3.424145e+02   5419.204694
[14,]   14 0.000010000 0.015293884 5907.711 -2.156596e+05      0.000000
[15,]   15 0.032558594 0.014370642 5786.253  3.813706e+02   5811.896127
[16,]   16 0.011254191 0.014974942 5784.602 -3.340078e+02   4851.788648
[17,]   17 0.025855436 0.014560777 5784.839  3.613666e+02   5742.399869
[18,]   18 0.016817549 0.014817137 5783.619  1.691898e+02   5350.735791
[19,]   19 0.003497484 0.014751491 5798.979 -6.014865e+03   3523.697526
[20,]   20 0.013332239 0.014799960 5783.325 -8.240629e+01   5029.111652
[21,]   21 0.017283322 0.012333571 5772.605  1.190452e+02   3140.247866
[22,]   22 0.017904898 0.008548492 5779.893  9.209469e+02 -10053.952048
[23,]   23 0.017506938 0.010971868 5770.036  2.447698e+02    436.754658
[24,]   24 0.014170067 0.010616949 5769.381  7.445296e+01     68.177132
[25,]   25 0.012793947 0.010513142 5769.356 -5.591159e+01     79.309817
[26,]   26 0.013321050 0.010513811 5769.344  7.242759e+00    -29.231268
[27,]   27 0.013277234 0.010523309 5769.343  2.973225e-01      4.294178
[28,]   28 0.013269759 0.010520933 5769.343 -6.589695e-02     -0.261763

