[22;0t]0;IPython: scripts/01_msprime_simulations$par
[1] 0.39483181 0.01022602

$value
[1] -5646.959

$counts
function gradient 
      14       14 

$convergence
[1] 0

$message
[1] "CONVERGENCE: REL_REDUCTION_OF_F <= FACTR*EPSMCH"

$loginfo
      step       par1        par2        fn           gr1           gr2
 [1,]    1  0.1000000 0.010000000  5657.852 -1.589246e+02  2.101142e+03
 [2,]    2 10.0000000 0.000001000 13980.125  5.122186e-01 -4.660448e+07
 [3,]    3  3.7338243 0.006329837  5752.185  1.182818e+00 -5.984841e+04
 [4,]    4  1.1803085 0.008908888  5658.792  3.911346e+00 -1.378688e+04
 [5,]    5  0.4763972 0.009619839  5648.729  3.992801e+00 -5.391540e+03
 [6,]    6  0.7054493 0.015074377  5719.403  2.207626e+01  2.531884e+04
 [7,]    7  0.5033341 0.010261303  5647.190  3.514032e+00  1.483871e+02
 [8,]    8  0.4933610 0.010226173  5647.155  3.363672e+00 -1.291108e+02
 [9,]    9  0.4441646 0.010148287  5647.047  2.252859e+00 -7.094642e+02
[10,]   10  0.3978480 0.010141177  5646.988  3.516077e-01 -6.822502e+02
[11,]   11  0.3925399 0.010190529  5646.964 -5.377995e-02 -2.761765e+02
[12,]   12  0.3964052 0.010227249  5646.959  8.683188e-02  5.569423e+00
[13,]   13  0.3945313 0.010226267  5646.959 -1.706257e-02  1.738836e+00
[14,]   14  0.3948318 0.010226018  5646.959  5.939819e-04 -8.456852e-01

