[22;0t]0;IPython: scripts/01_msprime_simulations$par
[1] 0.0008936083 0.0047622530

$value
[1] -2819.067

$counts
function gradient 
      22       22 

$convergence
[1] 0

$message
[1] "CONVERGENCE: REL_REDUCTION_OF_F <= FACTR*EPSMCH"

$loginfo
      step         par1        par2       fn           gr1           gr2
 [1,]    1 1.000000e-01 0.010000000 2920.452  7.069146e+02  9.520090e+03
 [2,]    2 1.000000e-06 0.000001000 5823.886  1.192531e+05 -2.120008e+07
 [3,]    3 6.582133e-02 0.006582441 2881.332  6.044639e+02 -1.648860e+03
 [4,]    4 3.595749e-02 0.005511156 2867.462  7.296502e+02 -8.490590e+03
 [5,]    5 1.000000e-06 0.005026633 2854.278 -2.440406e+05  9.418970e+01
 [6,]    6 3.586707e-02 0.005509938 2867.407  7.304910e+02 -8.494397e+03
 [7,]    7 1.793404e-02 0.005268285 2853.783  1.127028e+03 -8.026265e+03
 [8,]    8 5.992528e-03 0.005107370 2834.159  2.909506e+03 -4.181648e+03
 [9,]    9 2.066894e-03 0.005054471 2821.539  3.118112e+03 -1.042109e+03
[10,]   10 1.000000e-06 0.005466310 2854.541 -2.429278e+05  1.025409e+03
[11,]   11 1.344227e-03 0.005198536 2819.591  1.821244e+03  7.900587e+01
[12,]   12 1.000000e-06 0.005075530 2854.285 -2.438403e+05  1.965083e+02
[13,]   13 9.356060e-04 0.005161116 2819.166 -1.589410e+02  4.815022e+02
[14,]   14 1.616434e-06 0.000001000 5823.961  1.192106e+05 -2.120008e+07
[15,]   15 6.331548e-04 0.003490131 2820.612  1.146039e+03 -3.878378e+03
[16,]   16 8.553793e-04 0.004717879 2819.071 -3.006629e+02 -6.331559e+00
[17,]   17 9.244058e-04 0.004753024 2819.073  2.853851e+02 -6.399568e+01
[18,]   18 8.830458e-04 0.004731966 2819.067 -5.008511e+01 -3.004619e+01
[19,]   19 8.936619e-04 0.004767861 2819.067 -8.312176e+00  8.552341e+00
[20,]   20 8.936091e-04 0.004762251 2819.067  1.057618e-02 -4.643553e-03
[21,]   21 8.936083e-04 0.004762253 2819.067  3.672540e-05  2.077286e-05

