[22;0t]0;IPython: scripts/01_msprime_simulations$par
[1] 0.017916098 0.000542845

$value
[1] -463.3613

$counts
function gradient 
      32       32 

$convergence
[1] 0

$message
[1] "CONVERGENCE: REL_REDUCTION_OF_F <= FACTR*EPSMCH"

$loginfo
      step        par1         par2       fn           gr1           gr2
 [1,]    1 0.100000000 0.0100000000 684.5593  1.890738e+03  3.906970e+03
 [2,]    2 0.000001000 0.0000010000 677.7437  1.069047e+05 -2.092806e+06
 [3,]    3 0.097819753 0.0097819950 679.5891  1.879384e+03  3.986256e+03
 [4,]    4 0.048910377 0.0048914975 570.4333  1.357905e+03  8.374262e+03
 [5,]    5 0.017221711 0.0017229161 493.7167  3.429547e+02  2.672024e+04
 [6,]    6 0.007370639 0.0007378975 466.0216 -1.089203e+02  1.867956e+04
 [7,]    7 0.002093817 0.0000010000 729.3998  4.835752e+03 -2.322491e+06
 [8,]    8 0.005953561 0.0005400055 463.7000 -1.245679e+02  2.728365e+03
 [9,]    9 0.007586511 0.0005156216 463.5181 -5.413733e+01 -1.774350e+03
[10,]   10 0.009477309 0.0005351725 463.4478 -3.339486e+01  3.015556e+02
[11,]   11 0.011548120 0.0005420579 463.4073 -1.843116e+01  6.718153e+02
[12,]   12 0.013754714 0.0005434702 463.3804 -9.070861e+00  4.129210e+02
[13,]   13 0.015840631 0.0005438265 463.3677 -4.119216e+00  1.535658e+02
[14,]   14 0.017605957 0.0005446117 463.3637 -1.717852e+00  7.750176e+01
[15,]   15 0.018654311 0.0005386400 463.3582 -2.326067e-01 -9.431330e+02
[16,]   16 0.017916098 0.0005428450 463.3613 -1.233495e+00 -2.218370e+02
[17,]   17 0.019075656 0.0005447525 463.3623 -4.217269e-01 -2.651745e+01
[18,]   18 0.018082680 0.0005431191 463.3614 -1.099419e+00 -1.949988e+02
[19,]   19 0.017942982 0.0005428893 463.3613 -1.211420e+00 -2.175350e+02
[20,]   20 0.017920517 0.0005428523 463.3613 -1.229854e+00 -2.211306e+02
[21,]   21 0.017916826 0.0005428462 463.3613 -1.232894e+00 -2.217205e+02
[22,]   22 0.017916218 0.0005428452 463.3613 -1.233396e+00 -2.218178e+02
[23,]   23 0.017916117 0.0005428451 463.3613 -1.233479e+00 -2.218338e+02
[24,]   24 0.017916101 0.0005428450 463.3613 -1.233492e+00 -2.218365e+02
[25,]   25 0.017916098 0.0005428450 463.3613 -1.233495e+00 -2.218369e+02
[26,]   26 0.017916098 0.0005428450 463.3613 -1.233495e+00 -2.218370e+02
[27,]   27 0.017916098 0.0005428450 463.3613 -1.233495e+00 -2.218370e+02
[28,]   28 0.017916098 0.0005428450 463.3613 -1.233495e+00 -2.218370e+02
[29,]   29 0.017916098 0.0005428450 463.3613 -1.233495e+00 -2.218370e+02
[30,]   30 0.017916098 0.0005428450 463.3613 -1.233495e+00 -2.218370e+02
[31,]   31 0.017916098 0.0005428450 463.3613 -1.233495e+00 -2.218370e+02
[32,]   32 0.017916098 0.0005428450 463.3613 -1.233495e+00 -2.218370e+02

