[22;0t]0;IPython: scripts/01_msprime_simulations$par
[1] 2.893153e-05 3.991170e-03

$value
[1] -2627.008

$counts
function gradient 
      49       49 

$convergence
[1] 0

$message
[1] "CONVERGENCE: REL_REDUCTION_OF_F <= FACTR*EPSMCH"

$loginfo
      step         par1        par2       fn          gr1           gr2
 [1,]    1 1.000000e-01 0.010000000 2775.950    311.08381  2.255274e+04
 [2,]    2 1.000000e-06 0.000001000 5134.229 121723.58338 -1.866165e+07
 [3,]    3 6.468961e-02 0.006469279 2692.440     98.94563  1.862929e+04
 [4,]    4 3.125468e-02 0.000001000 5588.025   2210.10237 -1.891264e+07
 [5,]    5 5.348201e-02 0.004301070 2664.782     73.70901  2.363826e+03
 [6,]    6 5.002054e-02 0.003940551 2664.609     97.43242 -3.285094e+03
 [7,]    7 4.963683e-02 0.004088894 2664.285     88.48957 -6.966105e+02
 [8,]    8 4.674167e-02 0.004131931 2664.016     90.28060  1.655180e+02
 [9,]    9 1.000000e-06 0.004467100 2634.271 -70327.93334  6.997046e+02
[10,]   10 4.668254e-02 0.004132355 2664.010     90.35016  1.757305e+02
[11,]   11 2.334177e-02 0.004299728 2661.581    179.93018  4.056216e+03
[12,]   12 7.538670e-03 0.004413049 2655.679   1035.60613  5.080367e+03
[13,]   13 2.341687e-03 0.004450316 2644.428   4590.89331  2.812668e+03
[14,]   14 1.000000e-06 0.004467100 2634.271 -70327.93334  6.997046e+02
[15,]   15 4.668250e-02 0.004128096 2664.010     90.60873  1.090223e+02
[16,]   16 1.529430e-02 0.004356039 2659.893    334.51931  5.053259e+03
[17,]   17 4.877009e-03 0.004431690 2651.980   1955.12563  4.383874e+03
[18,]   18 1.493411e-03 0.004456262 2639.770   6566.70429  2.044214e+03
[19,]   19 4.716510e-04 0.004463682 2631.463  10111.68750  1.569539e+03
[20,]   20 4.129355e-04 0.004428438 2630.803  10589.92121  1.594142e+03
[21,]   21 1.780734e-04 0.004287459 2627.778  11270.42012  1.685355e+03
[22,]   22 1.000000e-06 0.004181168 2633.828 -71225.75334  1.842480e+03
[23,]   23 1.583719e-04 0.004275633 2627.505   9804.29376  1.721660e+03
[24,]   24 1.487225e-04 0.004269841 2627.374   8635.92022  1.743900e+03
[25,]   25 1.000000e-06 0.004133047 2633.740 -71172.78352  1.790329e+03
[26,]   26 1.389644e-04 0.004260804 2627.240   6976.67020  1.767349e+03
[27,]   27 8.649265e-05 0.004132223 2626.525  11109.58948  1.678008e+03
[28,]   28 1.000000e-06 0.003922724 2633.386 -70274.48202  0.000000e+00
[29,]   29 8.315155e-05 0.004124035 2626.497  10830.96883  1.660798e+03
[30,]   30 2.893153e-05 0.003991170 2627.008  -2923.78477  1.436650e+03
[31,]   31 2.500662e-05 0.003910130 2627.112  -5175.03010  1.359301e+03
[32,]   32 2.855986e-05 0.003983496 2627.016  -3124.58859  1.423407e+03
[33,]   33 2.889220e-05 0.003990358 2627.009  -2944.90883  1.435185e+03
[34,]   34 2.892732e-05 0.003991083 2627.008  -2926.04264  1.436493e+03
[35,]   35 2.893108e-05 0.003991161 2627.008  -2924.02651  1.436634e+03
[36,]   36 2.893148e-05 0.003991169 2627.008  -2923.81065  1.436649e+03
[37,]   37 2.893152e-05 0.003991170 2627.008  -2923.78754  1.436650e+03
[38,]   38 2.893153e-05 0.003991170 2627.008  -2923.78506  1.436650e+03
[39,]   39 2.893153e-05 0.003991170 2627.008  -2923.78480  1.436650e+03
[40,]   40 2.893153e-05 0.003991170 2627.008  -2923.78477  1.436650e+03
[41,]   41 2.893153e-05 0.003991170 2627.008  -2923.78477  1.436650e+03
[42,]   42 2.893153e-05 0.003991170 2627.008  -2923.78477  1.436650e+03
[43,]   43 2.893153e-05 0.003991170 2627.008  -2923.78477  1.436650e+03
[44,]   44 2.893153e-05 0.003991170 2627.008  -2923.78477  1.436650e+03
[45,]   45 2.893153e-05 0.003991170 2627.008  -2923.78477  1.436650e+03
[46,]   46 2.893153e-05 0.003991170 2627.008  -2923.78477  1.436650e+03
[47,]   47 2.893153e-05 0.003991170 2627.008  -2923.78477  1.436650e+03
[48,]   48 2.893153e-05 0.003991170 2627.008  -2923.78477  1.436650e+03
[49,]   49 2.893153e-05 0.003991170 2627.008  -2923.78477  1.436650e+03

