[22;0t]0;IPython: scripts/01_msprime_simulations$par
[1] 0.0023873220 0.0009164692

$value
[1] -708.6457

$counts
function gradient 
      36       36 

$convergence
[1] 0

$message
[1] "CONVERGENCE: REL_REDUCTION_OF_F <= FACTR*EPSMCH"

$loginfo
      step        par1         par2        fn           gr1           gr2
 [1,]    1 0.100000000 0.0100000000  927.0915  1.540497e+03  8.896089e+03
 [2,]    2 0.000001000 0.0000010000 1119.2471  1.122638e+05 -3.754228e+06
 [3,]    3 0.053032492 0.0053036719  806.4329  1.052889e+03  1.671121e+04
 [4,]    4 0.018606030 0.0018613356  718.8785  3.417256e+02  1.501147e+04
 [5,]    5 0.000001000 0.0000010000 1119.2471  1.122638e+05 -3.754228e+06
 [6,]    6 0.012657703 0.0012665564  710.8037  1.709744e+02  5.327482e+03
 [7,]    7 0.000001000 0.0000010000 1119.2471  1.122638e+05 -3.754228e+06
 [8,]    8 0.009060864 0.0009069049  710.4096  2.339078e+02 -8.968274e+03
 [9,]    9 0.010805541 0.0010813569  710.0043  1.661306e+02 -6.092280e+02
[10,]   10 0.009959073 0.0010492226  709.8949  1.678580e+02 -1.723089e+03
[11,]   11 0.005822140 0.0009649548  709.3072  2.376011e+02 -3.109127e+03
[12,]   12 0.000001000 0.0008463804  721.1059 -4.967738e+04  0.000000e+00
[13,]   13 0.003854669 0.0009248782  708.8983  2.716186e+02 -2.689468e+03
[14,]   14 0.001476723 0.0008764403  708.8681 -7.057095e+02  9.433521e+02
[15,]   15 0.003283867 0.0009132512  708.7760  2.397910e+02 -2.280608e+03
[16,]   16 0.002290161 0.0008930098  708.6518  1.082405e+01 -9.920754e+02
[17,]   17 0.003264529 0.0010038730  708.7808  8.302726e+01  1.732591e+03
[18,]   18 0.002456512 0.0009119371  708.6472  3.692765e+01 -5.352549e+02
[19,]   19 0.001412129 0.0009803452  709.2518 -1.141607e+03  4.534423e+03
[20,]   20 0.002387322 0.0009164692  708.6457 -4.064643e+00 -1.575107e+02
[21,]   21 0.002429375 0.0009221780  708.6467  7.381049e-01 -6.405365e+00
[22,]   22 0.002391939 0.0009170960  708.6457 -3.516374e+00 -1.409083e+02
[23,]   23 0.002387887 0.0009165459  708.6457 -3.997274e+00 -1.554791e+02
[24,]   24 0.002387392 0.0009164787  708.6457 -4.056290e+00 -1.572589e+02
[25,]   25 0.002387331 0.0009164703  708.6457 -4.063606e+00 -1.574794e+02
[26,]   26 0.002387323 0.0009164693  708.6457 -4.064514e+00 -1.575068e+02
[27,]   27 0.002387322 0.0009164692  708.6457 -4.064627e+00 -1.575102e+02
[28,]   28 0.002387322 0.0009164692  708.6457 -4.064641e+00 -1.575106e+02
[29,]   29 0.002387322 0.0009164692  708.6457 -4.064642e+00 -1.575107e+02
[30,]   30 0.002387322 0.0009164692  708.6457 -4.064643e+00 -1.575107e+02
[31,]   31 0.002387322 0.0009164692  708.6457 -4.064643e+00 -1.575107e+02
[32,]   32 0.002387322 0.0009164692  708.6457 -4.064643e+00 -1.575107e+02
[33,]   33 0.002387322 0.0009164692  708.6457 -4.064643e+00 -1.575107e+02
[34,]   34 0.002387322 0.0009164692  708.6457 -4.064643e+00 -1.575107e+02
[35,]   35 0.002387322 0.0009164692  708.6457 -4.064643e+00 -1.575107e+02
[36,]   36 0.002387322 0.0009164692  708.6457 -4.064643e+00 -1.575107e+02

