[22;0t]0;IPython: scripts/01_msprime_simulations$par
[1] 0.04765640 0.01057001

$value
[1] -5848.624

$counts
function gradient 
      25       25 

$convergence
[1] 0

$message
[1] "CONVERGENCE: REL_REDUCTION_OF_F <= FACTR*EPSMCH"

$loginfo
      step       par1        par2        fn           gr1           gr2
 [1,]    1 0.10000000  0.01000000  5854.544  1.177153e+02 -6.836257e+03
 [2,]    2 0.00000100 10.00000000 25718.721  2.416088e+03  2.209706e+03
 [3,]    3 0.07622079  2.38556731  9168.223  2.413485e+03  2.033594e+03
 [4,]    4 0.09364771  0.64460054  6254.606  2.398880e+03  8.690804e+02
 [5,]    5 0.09810855  0.19895809  6264.332  2.720230e+03 -1.126619e+03
 [6,]    6 0.09963629  0.04633536  6279.088  1.896935e+03  6.906841e+03
 [7,]    7 0.09996791  0.01320539  5860.445  3.366843e+01  8.301765e+03
 [8,]    8 0.09998872  0.01112658  5850.933  7.295049e+01  6.071144e+01
 [9,]    9 0.09997684  0.01111670  5850.932  7.325539e+01  9.554049e+00
[10,]   10 0.09992207  0.01109752  5850.929  7.382250e+01 -8.920911e+01
[11,]   11 0.09978153  0.01107310  5850.922  7.448763e+01 -2.133180e+02
[12,]   12 0.09932836  0.01102829  5850.902  7.555845e+01 -4.365473e+02
[13,]   13 0.09811722  0.01095672  5850.853  7.691314e+01 -7.808972e+02
[14,]   14 0.09482395  0.01083555  5850.725  7.833411e+01 -1.327197e+03
[15,]   15 0.08628539  0.01063550  5850.400  7.829331e+01 -2.099212e+03
[16,]   16 0.06503259  0.01031464  5849.622  6.781484e+01 -2.727008e+03
[17,]   17 0.02853644  0.01002179  5849.346 -7.855640e+01 -4.431331e+02
[18,]   18 0.05194051  0.01020959  5849.122  4.698888e+01 -2.256528e+03
[19,]   19 0.03449189  0.01024093  5848.916 -4.402526e+01 -2.298400e+02
[20,]   20 0.04914488  0.01052349  5848.639  9.813742e+00 -3.535410e+02
[21,]   21 0.05263077  0.01239560  5854.893 -6.969415e+01  6.548886e+03
[22,]   22 0.04928279  0.01059755  5848.627  4.189195e+00 -1.861618e+00
[23,]   23 0.04811061  0.01057755  5848.624  1.219857e+00 -1.803808e+00
[24,]   24 0.04764105  0.01056991  5848.624 -5.412253e-02  8.011262e-01
[25,]   25 0.04765640  0.01057001  5848.624  3.847799e-04  5.083316e-03

