[22;0t]0;IPython: scripts/01_msprime_simulations$par
[1] 0.0122950288 0.0005528783

$value
[1] -458.0941

$counts
function gradient 
      29       29 

$convergence
[1] 0

$message
[1] "CONVERGENCE: REL_REDUCTION_OF_F <= FACTR*EPSMCH"

$loginfo
      step        par1         par2       fn           gr1           gr2
 [1,]    1 0.100000000 0.0100000000 683.6026  1.876592e+03  3.701109e+03
 [2,]    2 0.000001000 0.0000010000 671.7534  1.063992e+05 -2.092845e+06
 [3,]    3 0.097862639 0.0097862832 678.8050  1.864426e+03  3.784201e+03
 [4,]    4 0.048931820 0.0048936416 569.9600  1.305559e+03  9.862761e+03
 [5,]    5 0.017192830 0.0017200282 487.1075  3.707057e+02  2.743363e+04
 [6,]    6 0.007361587 0.0007369925 460.2328 -1.374907e+02  1.653524e+04
 [7,]    7 0.003517827 0.0000010000 729.0940  2.475849e+03 -2.341968e+06
 [8,]    8 0.006336512 0.0005407140 458.3110 -1.056895e+02  7.264226e+02
 [9,]    9 0.009418958 0.0005447487 458.1251 -2.980296e+01 -4.182107e+02
[10,]   10 0.010845388 0.0005575855 458.1105 -1.419599e+01  8.689370e+02
[11,]   11 0.011849552 0.0005524759 458.0944 -3.430676e+00  1.070124e+01
[12,]   12 0.012205436 0.0005528622 458.0941 -6.684489e-01  8.887471e+00
[13,]   13 0.012290334 0.0005528907 458.0941 -4.175506e-02  9.693766e-01
[14,]   14 0.012232437 0.0005528713 458.0941 -4.674332e-01  6.327340e+00
[15,]   15 0.012295029 0.0005528783 458.0941 -5.779870e-03 -1.321426e+00
[16,]   16 0.012296546 0.0005529214 458.0941 -1.604300e-04  4.249684e+00
[17,]   17 0.012295029 0.0005528783 458.0941 -5.778515e-03 -1.320088e+00
[18,]   18 0.012295029 0.0005528783 458.0941 -5.779846e-03 -1.321426e+00
[19,]   19 0.012295029 0.0005528783 458.0941 -5.779847e-03 -1.321426e+00
[20,]   20 0.012295029 0.0005528783 458.0941 -5.779863e-03 -1.321426e+00
[21,]   21 0.012295029 0.0005528783 458.0941 -5.779857e-03 -1.321426e+00
[22,]   22 0.012295029 0.0005528783 458.0941 -5.779847e-03 -1.321426e+00
[23,]   23 0.012295029 0.0005528783 458.0941 -5.779850e-03 -1.321426e+00
[24,]   24 0.012295029 0.0005528783 458.0941 -5.779855e-03 -1.321426e+00
[25,]   25 0.012295029 0.0005528783 458.0941 -5.779850e-03 -1.321426e+00

