[22;0t]0;IPython: scripts/01_msprime_simulations$par
[1] 0.004874718 0.004978527

$value
[1] -3197.484

$counts
function gradient 
      61       61 

$convergence
[1] 52

$message
[1] "ERROR: ABNORMAL_TERMINATION_IN_LNSRCH"

$loginfo
      step        par1        par2       fn           gr1           gr2
 [1,]    1 0.100000000 0.010000000 3270.240  3.223229e+02  1.480365e+04
 [2,]    2 0.000001000 0.000001000 6513.991  1.219208e+05 -2.378465e+07
 [3,]    3 0.065851257 0.006585433 3224.605  2.256713e+02  4.506704e+03
 [4,]    4 0.039730394 0.004587733 3222.823  4.654291e+02 -1.338374e+04
 [5,]    5 0.052649715 0.005575791 3220.069  2.835786e+02 -2.507430e+03
 [6,]    6 0.044656297 0.005336995 3218.394  3.442793e+02 -4.355816e+03
 [7,]    7 0.012682625 0.004381813 3205.852  1.041606e+03 -9.447419e+03
 [8,]    8 0.000001000 0.004002962 3257.772 -2.884512e+05 -1.988836e+03
 [9,]    9 0.008024015 0.004242641 3202.022  1.094888e+03 -8.176889e+03
[10,]   10 0.002814922 0.004087025 3199.664 -7.412305e+02 -3.572989e+03
[11,]   11 0.005415419 0.004164712 3199.981  8.323580e+02 -6.509807e+03
[12,]   12 0.002814922 0.004087025 3199.664 -7.412305e+02 -3.572989e+03
[13,]   13 0.038512207 0.009413349 3242.241  4.295585e+02  1.098513e+04
[14,]   14 0.009062733 0.005019249 3199.401  7.042725e+02 -1.521300e+03
[15,]   15 0.005203228 0.006285015 3200.367 -5.223012e+01  3.762807e+03
[16,]   16 0.007648512 0.005483058 3198.623  4.600384e+02  1.456969e+03
[17,]   17 0.004356227 0.005204625 3197.710 -3.377737e+02  1.171508e+03
[18,]   18 0.005398207 0.005045432 3197.531  1.575431e+02  9.195476e+01
[19,]   19 0.004962623 0.004984079 3197.485  3.269390e+01 -1.532158e+01
[20,]   20 0.004860408 0.004979051 3197.484 -5.967783e+00  8.777112e+00
[21,]   21 0.004874718 0.004978527 3197.484  1.667036e-01 -6.440238e-01
[22,]   22 0.004874512 0.004978682 3197.484  8.137756e-03  2.112685e-01
[23,]   23 0.004874714 0.004978531 3197.484  1.633607e-01 -6.259910e-01
[24,]   24 0.004874718 0.004978527 3197.484  1.666315e-01 -6.436338e-01
[25,]   25 0.004874718 0.004978527 3197.484  1.667021e-01 -6.440153e-01
[26,]   26 0.004874718 0.004978527 3197.484  1.667037e-01 -6.440238e-01
[27,]   27 0.004874718 0.004978527 3197.484  1.667036e-01 -6.440238e-01
[28,]   28 0.004874718 0.004978527 3197.484  1.667037e-01 -6.440238e-01
[29,]   29 0.004874718 0.004978527 3197.484  1.667036e-01 -6.440238e-01
[30,]   30 0.004874718 0.004978527 3197.484  1.667037e-01 -6.440238e-01
[31,]   31 0.004874718 0.004978527 3197.484  1.667036e-01 -6.440238e-01
[32,]   32 0.004874718 0.004978527 3197.484  1.667036e-01 -6.440238e-01
[33,]   33 0.004874718 0.004978527 3197.484  1.667036e-01 -6.440238e-01
[34,]   34 0.004874718 0.004978527 3197.484  1.667036e-01 -6.440238e-01
[35,]   35 0.004874718 0.004978527 3197.484  1.667037e-01 -6.440238e-01
[36,]   36 0.004874718 0.004978527 3197.484  1.667036e-01 -6.440238e-01
[37,]   37 0.004874718 0.004978527 3197.484  1.667036e-01 -6.440238e-01
[38,]   38 0.004874718 0.004978527 3197.484  1.667036e-01 -6.440238e-01
[39,]   39 0.000001000 0.649002333 3799.398  2.415104e+03  1.716744e+03
[40,]   40 0.004873297 0.005166302 3197.566 -7.840419e+01  8.445859e+02
[41,]   41 0.004874717 0.004978654 3197.484  1.057169e-01 -2.506225e-02
[42,]   42 0.004874718 0.004978529 3197.484  1.658050e-01 -6.349012e-01
[43,]   43 0.004874718 0.004978527 3197.484  1.666904e-01 -6.438874e-01
[44,]   44 0.004874718 0.004978527 3197.484  1.667037e-01 -6.440220e-01
[45,]   45 0.004874718 0.004978527 3197.484  1.667036e-01 -6.440238e-01
[46,]   46 0.004874718 0.004978527 3197.484  1.667036e-01 -6.440238e-01
[47,]   47 0.004874718 0.004978527 3197.484  1.667036e-01 -6.440238e-01
[48,]   48 0.004874718 0.004978527 3197.484  1.667036e-01 -6.440238e-01
[49,]   49 0.004874718 0.004978527 3197.484  1.667036e-01 -6.440238e-01
[50,]   50 0.004874718 0.004978527 3197.484  1.667036e-01 -6.440238e-01
[51,]   51 0.004874718 0.004978527 3197.484  1.667036e-01 -6.440238e-01
[52,]   52 0.004874718 0.004978527 3197.484  1.667036e-01 -6.440238e-01
[53,]   53 0.004874718 0.004978527 3197.484  1.667036e-01 -6.440238e-01

