[22;0t]0;IPython: scripts/01_msprime_simulations$par
[1] 0.00000100 0.00274601

$value
[1] -79.96132

$counts
function gradient 
      28       28 

$convergence
[1] 0

$message
[1] "CONVERGENCE: REL_REDUCTION_OF_F <= FACTR*EPSMCH"

$loginfo
      step  par1         par2          fn       gr1           gr2
 [1,]    1 1e-01  0.010000000   323.31861  2260.524  2.853657e+03
 [2,]    2 1e-06  0.000001000    93.37391 25047.896 -1.524897e+05
 [3,]    3 1e-06 10.000000000 24349.66505  2416.099  2.324007e+03
 [4,]    4 1e-06  3.254875796  8183.48881  2416.074  2.469243e+03
 [5,]    5 1e-06  1.059108904  2711.97894  2415.984  2.512860e+03
 [6,]    6 1e-06  0.344731481   914.39224  2415.695  2.514819e+03
 [7,]    7 1e-06  0.112338698   332.50427  2414.804  2.477908e+03
 [8,]    8 1e-06  0.036722880   148.18768  2412.079  2.351260e+03
 [9,]    9 1e-06  0.012098597    93.36130  2403.784  1.963825e+03
[10,]   10 1e-06  0.004053554    80.56117  2369.902  8.153888e+02
[11,]   11 1e-06  0.004032000    80.54369  2369.518  8.061532e+02
[12,]   12 1e-06  0.003945782    80.47578  2367.911  7.682025e+02
[13,]   13 1e-06  0.003600911    80.23911  2360.063  5.982611e+02
[14,]   14 1e-06  0.002353723    80.03364  2303.121 -3.750449e+02
[15,]   15 1e-06  0.002834303    79.96479  2328.019  7.659728e+01
[16,]   16 1e-06  0.002752798    79.96134  2322.945  5.889023e+00
[17,]   17 1e-06  0.002746010    79.96132  2322.512 -1.439717e-01
[18,]   18 1e-06  0.002746172    79.96132  2322.523  2.541503e-04
[19,]   19 1e-06  0.002746015    79.96132  2322.513 -1.396268e-01
[20,]   20 1e-06  0.002746010    79.96132  2322.512 -1.438367e-01
[21,]   21 1e-06  0.002746010    79.96132  2322.512 -1.439675e-01
[22,]   22 1e-06  0.002746010    79.96132  2322.512 -1.439715e-01
[23,]   23 1e-06  0.002746010    79.96132  2322.512 -1.439717e-01
[24,]   24 1e-06  0.002746010    79.96132  2322.512 -1.439717e-01
[25,]   25 1e-06  0.002746010    79.96132  2322.512 -1.439716e-01
[26,]   26 1e-06  0.002746010    79.96132  2322.512 -1.439717e-01
[27,]   27 1e-06  0.002746010    79.96132  2322.512 -1.439717e-01
[28,]   28 1e-06  0.002746010    79.96132  2322.512 -1.439717e-01

