[22;0t]0;IPython: scripts/01_msprime_simulations$par
[1] 0.003323737 0.008890060

$value
[1] -5528.556

$counts
function gradient 
      28       28 

$convergence
[1] 0

$message
[1] "CONVERGENCE: REL_REDUCTION_OF_F <= FACTR*EPSMCH"

$loginfo
      step        par1         par2        fn           gr1           gr2
 [1,]    1 0.100000000  0.010000000  5595.434  3.239507e+02 -8.990281e+03
 [2,]    2 0.000001000 10.000000000 25658.132  2.416085e+03  2.214764e+03
 [3,]    3 0.074591433  2.548341222  9369.767  2.413460e+03  2.077503e+03
 [4,]    4 0.092985775  0.710728067  6126.711  2.399266e+03  1.087776e+03
 [5,]    5 0.097887430  0.221047827  5910.025  2.768928e+03 -4.740403e+02
 [6,]    6 0.099483223  0.061626522  5964.118  2.511641e+03  2.312237e+03
 [7,]    7 0.099929171  0.017075889  5623.475  3.441006e+02  1.085713e+04
 [8,]    8 0.099980755  0.011922573  5588.052  2.880875e+02  4.860541e+02
 [9,]    9 0.099922913  0.011824327  5588.005  2.891312e+02  1.129004e+02
[10,]   10 0.099781837  0.011749390  5587.967  2.901207e+02 -1.772877e+02
[11,]   11 0.099376328  0.011652746  5587.884  2.917987e+02 -5.573154e+02
[12,]   12 0.098008570  0.011477072  5587.641  2.961155e+02 -1.263278e+03
[13,]   13 0.094172177  0.011194266  5587.005  3.071615e+02 -2.432617e+03
[14,]   14 0.082520391  0.010664789  5585.086  3.470879e+02 -4.671858e+03
[15,]   15 0.034948726  0.009115194  5571.175  9.023293e+02 -9.889206e+03
[16,]   16 0.000001000  0.007976811  5632.383 -5.666420e+05  4.249516e+02
[17,]   17 0.021164632  0.008666193  5559.931  1.442977e+03 -9.659512e+03
[18,]   18 0.007148986  0.008209649  5536.323  2.388484e+03 -5.157625e+03
[19,]   19 0.000001000  0.008218072  5632.444 -5.652234e+05  8.236551e+01
[20,]   20 0.004558444  0.008212702  5530.646  1.774793e+03 -2.848158e+03
[21,]   21 0.000001000  0.008091033  5632.423 -5.660148e+05  2.621304e+02
[22,]   22 0.003025111  0.008171767  5529.011  1.320404e+02 -1.405154e+03
[23,]   23 0.003376476  0.008672213  5528.615  2.488798e+02 -4.926409e+02
[24,]   24 0.003243521  0.008863583  5528.560 -1.063584e+02  8.684139e+00
[25,]   25 0.003331797  0.008894614  5528.556  8.861873e+00  2.833260e+00
[26,]   26 0.003324023  0.008890243  5528.556  2.962461e-01  1.451115e-01
[27,]   27 0.003323737  0.008890060  5528.556 -2.606562e-03  2.529196e-03

