[22;0t]0;IPython: scripts/01_msprime_simulations$par
[1] 0.005743188 0.008997993

$value
[1] -4437.133

$counts
function gradient 
      28       28 

$convergence
[1] 0

$message
[1] "CONVERGENCE: REL_REDUCTION_OF_F <= FACTR*EPSMCH"

$loginfo
      step        par1         par2        fn           gr1           gr2
 [1,]    1 0.100000000  0.010000000  4498.202  5.313550e+02 -3.420918e+03
 [2,]    2 0.000001000 10.000000000 25371.945  2.416088e+03  2.238658e+03
 [3,]    3 0.081850425  1.823160677  7247.930  2.412844e+03  2.057443e+03
 [4,]    4 0.096081901  0.401422011  4891.671  2.409587e+03  7.878838e+02
 [5,]    5 0.099105551  0.099356358  4828.226  2.806860e+03  1.083406e+02
 [6,]    6 0.099905085  0.019482084  4556.176  7.189491e+02  9.915490e+03
 [7,]    7 0.099988590  0.011139903  4496.760  5.355604e+02  6.676996e+02
 [8,]    8 0.099841300  0.010955395  4496.610  5.345660e+02  9.492804e+01
 [9,]    9 0.099438052  0.010788050  4496.424  5.341105e+02 -4.530023e+02
[10,]   10 0.098119179  0.010534422  4495.944  5.346281e+02 -1.337124e+03
[11,]   11 0.093980421  0.010118058  4494.604  5.397245e+02 -2.928234e+03
[12,]   12 0.081720027  0.009441132  4490.785  5.664386e+02 -5.841220e+03
[13,]   13 0.039142960  0.008023997  4474.819  8.601034e+02 -1.161824e+04
[14,]   14 0.000001000  0.006721196  4549.503 -5.750426e+05  1.393875e+03
[15,]   15 0.024196692  0.007526525  4465.546  1.237456e+03 -1.223267e+04
[16,]   16 0.008170694  0.006993116  4446.142  1.820424e+03 -8.371107e+03
[17,]   17 0.000001000  0.007163215  4550.395 -5.746254e+05  2.245201e+03
[18,]   18 0.005237168  0.007054194  4441.171  1.090033e+03 -5.201983e+03
[19,]   19 0.001796163  0.007370397  4444.431 -6.276658e+03  5.628799e+01
[20,]   20 0.003895766  0.007177459  4439.872 -6.541030e+01 -3.166781e+03
[21,]   21 0.007773770  0.009527803  4437.774  4.849855e+02  3.080846e+02
[22,]   22 0.006427097  0.008991472  4437.234  2.793141e+02 -2.596402e+02
[23,]   23 0.005668832  0.008848906  4437.149  2.118852e+01 -2.356496e+02
[24,]   24 0.005744933  0.008937046  4437.136  2.292482e+01 -1.075631e+02
[25,]   25 0.005742009  0.008997482  4437.133 -1.135586e+00 -1.538419e+00
[26,]   26 0.005746094  0.008999254  4437.133  1.493111e-01 -1.135514e-02
[27,]   27 0.005743188  0.008997993  4437.133 -7.644525e-01 -1.097782e+00

