[22;0t]0;IPython: scripts/01_msprime_simulations$par
[1] 0.06544961 0.01021516

$value
[1] -5603.635

$counts
function gradient 
      20       20 

$convergence
[1] 0

$message
[1] "CONVERGENCE: REL_REDUCTION_OF_F <= FACTR*EPSMCH"

$loginfo
      step       par1         par2        fn           gr1           gr2
 [1,]    1 0.10000000  0.010000000  5605.642  8.015224e+01 -2.873608e+03
 [2,]    2 0.00000100 10.000000000 25649.108  2.416088e+03  2.215518e+03
 [3,]    3 0.08282227  1.726072869  7720.611  2.412683e+03  1.908544e+03
 [4,]    4 0.09614104  0.395514307  5900.006  2.335785e+03  3.484134e+01
 [5,]    5 0.09915871  0.094045268  6128.527  3.145726e+03 -4.191836e+02
 [6,]    6 0.09994836  0.015159345  5645.491  4.354129e+01  1.416814e+04
 [7,]    7 0.09999474  0.010525231  5604.974  6.272165e+01  2.450866e+02
 [8,]    8 0.09998436  0.010484003  5604.968  6.394515e+01  1.773473e+01
 [9,]    9 0.09997048  0.010477792  5604.967  6.411754e+01 -1.638006e+01
[10,]   10 0.09985916  0.010454117  5604.962  6.471467e+01 -1.451946e+02
[11,]   11 0.09958486  0.010423608  5604.951  6.535224e+01 -3.083636e+02
[12,]   12 0.09872806  0.010368056  5604.920  6.615913e+01 -5.972602e+02
[13,]   13 0.09649252  0.010280446  5604.842  6.653456e+01 -1.029681e+03
[14,]   14 0.09069024  0.010140052  5604.650  6.444329e+01 -1.645899e+03
[15,]   15 0.07760001  0.009952671  5604.248  5.057906e+01 -2.180479e+03
[16,]   16 0.06123678  0.009902823  5603.860  2.105088e+00 -1.481541e+03
[17,]   17 0.06542343  0.010136803  5603.652  4.474786e+00 -4.254708e+02
[18,]   18 0.06514799  0.010213948  5603.635 -1.133881e+00  1.081319e+01
[19,]   19 0.06550876  0.010215958  5603.635  1.901720e-01  8.728008e-01
[20,]   20 0.06544961  0.010215158  5603.635  1.605658e-03 -3.962976e-02

