[22;0t]0;IPython: scripts/01_msprime_simulations$par
[1] 0.0029046941 0.0008853273

$value
[1] -739.8958

$counts
function gradient 
      38       38 

$convergence
[1] 0

$message
[1] "CONVERGENCE: REL_REDUCTION_OF_F <= FACTR*EPSMCH"

$loginfo
      step        par1         par2        fn           gr1           gr2
 [1,]    1 0.100000000 0.0100000000  953.2662  1.562416e+03  7.343697e+03
 [2,]    2 0.000001000 0.0000010000 1162.5256  1.107397e+05 -3.892754e+06
 [3,]    3 0.053910590 0.0053914738  842.9202  1.036897e+03  1.519489e+04
 [4,]    4 0.018858047 0.0018865350  752.8203  1.784616e+02  1.909502e+04
 [5,]    5 0.006412396 0.0006420819  743.8080  3.365104e+02 -3.165967e+04
 [6,]    6 0.013573500 0.0013581279  743.4228  3.326167e+01  1.324314e+04
 [7,]    7 0.006207168 0.0000010000 1259.5959  2.507697e+03 -4.142903e+06
 [8,]    8 0.011335132 0.0009457446  740.3048  3.947612e+01 -1.730514e+03
 [9,]    9 0.010806202 0.0009872833  740.2840  2.992115e+01  8.961508e+02
[10,]   10 0.010034102 0.0009763279  740.2494  3.214336e+01  4.572928e+02
[11,]   11 0.006945698 0.0009325064  740.1200  5.589892e+01 -1.026589e+03
[12,]   12 0.000001000 0.0008339675  746.7072 -2.697979e+04  0.000000e+00
[13,]   13 0.004646829 0.0008998875  739.9920  8.105454e+01 -1.526479e+03
[14,]   14 0.001737456 0.0008586062  740.0415 -3.956904e+02  6.194319e+02
[15,]   15 0.003201735 0.0008793830  739.9067  4.888393e+01 -1.142838e+03
[16,]   16 0.000001000 0.0008547142  746.7205 -2.689851e+04  6.393157e+02
[17,]   17 0.002220881 0.0008718233  739.9302 -1.414236e+02  1.356440e+02
[18,]   18 0.002834140 0.0008765498  739.8970  8.084712e+00 -7.429021e+02
[19,]   19 0.003074549 0.0009032432  739.9026  3.049103e+00  3.443257e+02
[20,]   20 0.002894959 0.0008833028  739.8959  6.844727e+00 -4.650698e+02
[21,]   21 0.002943144 0.0008933234  739.8973 -8.827174e-01  4.352364e+00
[22,]   22 0.002904694 0.0008853273  739.8958  5.223766e+00 -3.691559e+02
[23,]   23 0.002953819 0.0008934192  739.8973  4.943256e-01 -5.983667e+00
[24,]   24 0.002912485 0.0008866106  739.8959  4.448865e+00 -3.110934e+02
[25,]   25 0.002906150 0.0008855670  739.8958  5.078276e+00 -3.582951e+02
[26,]   26 0.002904974 0.0008853734  739.8958  5.195753e+00 -3.670662e+02
[27,]   27 0.002904748 0.0008853362  739.8958  5.218346e+00 -3.687516e+02
[28,]   28 0.002904705 0.0008853290  739.8958  5.222716e+00 -3.690776e+02
[29,]   29 0.002904696 0.0008853276  739.8958  5.223562e+00 -3.691407e+02
[30,]   30 0.002904694 0.0008853273  739.8958  5.223726e+00 -3.691529e+02
[31,]   31 0.002904694 0.0008853273  739.8958  5.223758e+00 -3.691553e+02
[32,]   32 0.002904694 0.0008853273  739.8958  5.223764e+00 -3.691557e+02
[33,]   33 0.002904694 0.0008853273  739.8958  5.223765e+00 -3.691558e+02
[34,]   34 0.002904694 0.0008853273  739.8958  5.223766e+00 -3.691558e+02
[35,]   35 0.002904694 0.0008853273  739.8958  5.223765e+00 -3.691558e+02
[36,]   36 0.002904694 0.0008853273  739.8958  5.223765e+00 -3.691558e+02
[37,]   37 0.002904694 0.0008853273  739.8958  5.223765e+00 -3.691558e+02
[38,]   38 0.002904694 0.0008853273  739.8958  5.223766e+00 -3.691558e+02

