[22;0t]0;IPython: scripts/01_msprime_simulations$par
[1] 0.4229387 0.4852611

$value
[1] -58437.41

$counts
function gradient 
      42       42 

$convergence
[1] 0

$message
[1] "CONVERGENCE: REL_REDUCTION_OF_F <= FACTR*EPSMCH"

$loginfo
      step       par1       par2        fn           gr1           gr2
 [1,]    1 0.10000000  0.0100000 119273.23  7.085142e+04 -3.021076e+06
 [2,]    2 0.00000100 10.0000000  65789.88 -6.068026e+06 -1.763814e+02
 [3,]    3 2.21144117 10.0000000  66852.96  1.647164e+03 -1.949634e+01
 [4,]    4 0.73713098 10.0000000  64243.37  1.821884e+03  9.363180e+01
 [5,]    5 0.24554922 10.0000000  63478.94  8.367035e+02  1.964619e+02
 [6,]    6 0.24551541  9.9993319  63478.78  8.365803e+02  1.965362e+02
 [7,]    7 0.24538016  9.9966595  63478.14  8.360863e+02  1.968549e+02
 [8,]    8 0.24483916  9.9859699  63475.58  8.340924e+02  1.981237e+02
 [9,]    9 0.24267518  9.9432117  63465.21  8.258328e+02  2.031080e+02
[10,]   10 0.23401924  9.7721786  63421.86  7.886335e+02  2.217805e+02
[11,]   11 0.19939548  9.0880461  63223.48  6.298146e+02  2.824983e+02
[12,]   12 0.06090046  6.3515165  62236.61 -1.634439e+03  3.615178e+02
[13,]   13 0.00000100  5.1482012  63030.35 -2.130336e+06 -2.282915e+02
[14,]   14 0.03621626  5.8637802  62145.40 -4.217453e+03  2.810381e+02
[15,]   15 0.00000100  5.1150060  63038.51 -2.148076e+06 -2.629965e+02
[16,]   16 0.02373888  5.6058023  62150.32 -7.429322e+03  2.255372e+02
[17,]   17 0.03103053  5.7565618  62140.99 -5.268610e+03  2.572920e+02
[18,]   18 0.03124441  5.7359405  62134.61 -5.233954e+03  2.535110e+02
[19,]   19 0.03209996  5.6534555  62109.85 -5.099984e+03  2.398163e+02
[20,]   20 0.03552215  5.3235152  62021.18 -4.581767e+03  1.997653e+02
[21,]   21 0.06136393  3.7705317  61604.45 -1.783510e+03  3.303792e+02
[22,]   22 0.12410589  0.0000010 422872.67  6.747557e+04 -1.527042e+09
[23,]   23 0.08233533  2.5102380  61188.53 -3.496292e+02  3.633053e+02
[24,]   24 0.11017974  0.8369047  59681.17 -3.979839e+03  2.017270e+03
[25,]   25 0.11946120  0.2791277  59027.58  1.482499e+02 -6.684826e+03
[26,]   26 0.11238454  0.7044052  59385.65 -4.705654e+03  2.281888e+03
[27,]   27 0.11946120  0.2791277  59027.58  1.482499e+02 -6.684826e+03
[28,]   28 0.06469378  5.1413256  61907.24 -1.289803e+03  2.024205e+02
[29,]   29 0.10372181  1.6764550  60751.60 -3.671590e+02  7.483277e+02
[30,]   30 0.11544665  0.6355352  59210.72 -4.901623e+03  2.354433e+03
[31,]   31 0.11808980  0.4008791  58757.32 -4.128066e+03  4.764318e+02
[32,]   32 0.14191663  0.4062166  58675.40 -2.983011e+03  2.466243e+02
[33,]   33 0.20709107  0.4274038  58543.09 -1.377516e+03 -6.128656e+00
[34,]   34 0.26697422  0.4520661  58482.50 -7.552941e+02  1.242177e+02
[35,]   35 0.33081528  0.4708055  58450.82 -3.573674e+02  1.652311e+02
[36,]   36 0.37963508  0.4779173  58439.96 -1.317441e+02  4.253586e+01
[37,]   37 0.41183362  0.4871722  58437.82 -5.237506e+01  1.247700e+02
[38,]   38 0.44134191  0.4651573  58447.09  1.899446e+02 -8.178514e+02
[39,]   39 0.41660376  0.4836134  58437.46 -1.306224e+01 -1.362079e+01
[40,]   40 0.42204679  0.4850596  58437.41 -1.978606e+00 -9.947040e-01
[41,]   41 0.42292137  0.4852588  58437.41 -4.795900e-02  3.024394e-02
[42,]   42 0.42293873  0.4852611  58437.41 -9.316864e-05 -1.565422e-04

