[22;0t]0;IPython: scripts/01_msprime_simulations$par
[1] 0.008875742 0.108184131

$value
[1] -30466.33

$counts
function gradient 
      33       33 

$convergence
[1] 0

$message
[1] "CONVERGENCE: REL_REDUCTION_OF_F <= FACTR*EPSMCH"

$loginfo
      step        par1        par2        fn           gr1           gr2
 [1,]    1 0.100000000  0.01000000  41655.40  2.414465e+04 -8.160936e+05
 [2,]    2 0.000001000 10.00000000  37703.76 -1.623963e+04  1.209089e+03
 [3,]    3 0.066656686  3.34103041  31893.59  1.735623e+03  4.965996e+02
 [4,]    4 0.059547328  3.33888046  31880.77  1.562585e+03  5.005273e+02
 [5,]    5 0.031109899  3.33028065  31848.46  9.962497e+01  5.079677e+02
 [6,]    6 0.025575553  3.32568046  31847.25 -5.428257e+02  5.061669e+02
 [7,]    7 0.026640204  3.32109063  31844.42 -4.012863e+02  5.058161e+02
 [8,]    8 0.030898808  3.30273132  31834.51  7.720244e+01  5.032043e+02
 [9,]    9 0.047949315  3.11190423  31756.28  1.243809e+03  4.432363e+02
[10,]   10 0.075576425  2.59256075  31602.64  2.305436e+03  3.897003e+02
[11,]   11 0.131664958  1.11410478  31397.28  5.133149e+03  6.739671e+00
[12,]   12 0.095112008  1.56998778  31295.36  4.003426e+03  2.627861e+02
[13,]   13 0.024316220  1.36126673  31005.35  6.163467e+02  3.549181e+02
[14,]   14 0.000001000  1.16280312  31768.19 -3.597240e+06  2.394783e+02
[15,]   15 0.015672995  1.29071973  30985.60 -2.102160e+03  3.399131e+02
[16,]   16 0.017296517  0.60934858  30741.69  1.435189e+03  3.133201e+02
[17,]   17 0.013186015  0.00000100 130265.04  9.229231e+04 -4.780507e+08
[18,]   18 0.015924790  0.40600153  30657.05  1.997203e+03  4.427164e+02
[19,]   19 0.014555403  0.20300126  30535.52  2.610085e+03  7.763049e+02
[20,]   20 0.013643418  0.06780718  30630.13  1.156617e+04 -1.051548e+04
[21,]   21 0.014160897  0.14451917  30492.18  3.088534e+03  6.203539e+02
[22,]   22 0.013819361  0.09388925  30495.97  5.967783e+03 -1.977032e+03
[23,]   23 0.014160897  0.14451917  30492.18  3.088534e+03  6.203539e+02
[24,]   24 0.009777854  0.00000100 129939.62  9.884556e+04 -4.780428e+08
[25,]   25 0.012700857  0.09637856  30485.44  5.100635e+03 -1.508793e+03
[26,]   26 0.013656814  0.12789849  30481.55  3.366041e+03  4.418857e+02
[27,]   27 0.000001000  0.06661047  31401.81 -4.318845e+06 -2.692392e+03
[28,]   28 0.008928389  0.10667707  30466.42  2.287601e+02 -1.098736e+02
[29,]   29 0.005609221  0.12781520  30491.95 -1.074473e+04  8.608962e+02
[30,]   30 0.008751121  0.10780600  30466.35 -1.738821e+02 -1.368920e+01
[31,]   31 0.008976302  0.10858885  30466.34  1.264386e+02  1.731187e+01
[32,]   32 0.008877465  0.10819075  30466.33  2.197162e+00  2.756107e-01
[33,]   33 0.008875742  0.10818413  30466.33 -3.070931e-02 -4.225021e-03

