[22;0t]0;IPython: scripts/01_msprime_simulations$par
[1] 0.880402375 0.001234194

$value
[1] -945.1709

$counts
function gradient 
      33       33 

$convergence
[1] 0

$message
[1] "CONVERGENCE: REL_REDUCTION_OF_F <= FACTR*EPSMCH"

$loginfo
      step        par1         par2        fn           gr1           gr2
 [1,]    1 0.100000000 0.0100000000 1169.9719  1.304686e+03  9.941556e+03
 [2,]    2 0.000001000 0.0000010000 1529.4471  1.179250e+05 -5.277264e+06
 [3,]    3 0.057261665 0.0057265511 1063.9477  7.328473e+02  2.003033e+04
 [4,]    4 0.019944281 0.0019951486  958.9471 -5.659547e+01  2.309842e+04
 [5,]    5 0.006781716 0.0006790105  957.1120  3.979327e+02 -5.318760e+04
 [6,]    6 0.015810143 0.0015817720  950.9557 -1.350256e+02  1.645404e+04
 [7,]    7 0.010709118 0.0000010000 1669.3887  1.610964e+03 -5.532501e+06
 [8,]    8 0.014235285 0.0010937345  947.3328 -8.375980e+01 -5.211048e+03
 [9,]    9 0.019428776 0.0012294988  946.7704 -8.072700e+01  2.549566e+03
[10,]   10 0.025264053 0.0012366397  946.4002 -5.476820e+01  2.182265e+03
[11,]   11 0.036854635 0.0012281270  945.9345 -2.705304e+01  6.992494e+02
[12,]   12 0.048600353 0.0012321872  945.7020 -1.452860e+01  4.659289e+02
[13,]   13 0.062102408 0.0012336814  945.5603 -7.484550e+00  2.824920e+02
[14,]   14 0.076370237 0.0012329651  945.4810 -4.033005e+00  8.978442e+01
[15,]   15 0.102609098 0.0014039915  946.4107 -1.104697e+00  1.078384e+04
[16,]   16 0.077405261 0.0012397115  945.4806 -3.914340e+00  5.599633e+02
[17,]   17 0.093727946 0.0012361741  945.4301 -2.247180e+00  2.438455e+02
[18,]   18 0.115828471 0.0012339676  945.3907 -1.392330e+00  4.452588e+01
[19,]   19 0.152007682 0.0012342605  945.3496 -9.763446e-01  4.286172e+01
[20,]   20 0.236885037 0.0012323799  945.2822 -6.337396e-01 -1.225158e+02
[21,]   21 0.394389232 0.0012348106  945.2152 -2.712580e-01  5.426665e+01
[22,]   22 0.656119656 0.0009390794  949.2516  3.006947e-02 -3.117854e+04
[23,]   23 0.397621262 0.0012311588  945.2139 -2.664166e-01 -2.348005e+02
[24,]   24 0.514467508 0.0012331033  945.1909 -1.426772e-01 -8.420753e+01
[25,]   25 0.649159453 0.0012342212  945.1776 -6.549467e-02  3.239749e+00
[26,]   26 0.763431089 0.0012342007  945.1724 -2.698549e-02  9.700996e-01
[27,]   27 0.843507612 0.0012341941  945.1711 -8.511684e-03  1.663383e-01
[28,]   28 0.880402374 0.0012341937  945.1709 -1.685946e-03  3.122243e-02
[29,]   29 0.890078674 0.0012626530  945.2089  3.508165e-04  2.230359e+03
[30,]   30 0.880403851 0.0012341980  945.1709 -1.682121e-03  3.794864e-01
[31,]   31 0.880402375 0.0012341937  945.1709 -1.682733e-03  3.136170e-02
[32,]   32 0.880402375 0.0012341937  945.1709 -1.680687e-03  3.136259e-02
[33,]   33 0.880402375 0.0012341937  945.1709 -1.682733e-03  3.136170e-02

