[22;0t]0;IPython: scripts/01_msprime_simulations$par
[1] 0.001240502 0.008178872

$value
[1] -5294.34

$counts
function gradient 
      40       40 

$convergence
[1] 0

$message
[1] "CONVERGENCE: REL_REDUCTION_OF_F <= FACTR*EPSMCH"

$loginfo
      step        par1         par2        fn           gr1           gr2
 [1,]    1 0.100000000  0.010000000  5380.136  3.541696e+02 -7.507798e+03
 [2,]    2 0.000001000 10.000000000 25598.832  2.416088e+03  2.219715e+03
 [3,]    3 0.075761318  2.431468508  9003.652  2.413556e+03  2.080062e+03
 [4,]    4 0.093532089  0.656150792  5883.817  2.402498e+03  1.052947e+03
 [5,]    5 0.098100828  0.199729185  5693.678  3.106084e+03 -4.787802e+02
 [6,]    6 0.099571879  0.052769691  5714.090  2.250668e+03  3.932235e+03
 [7,]    7 0.099948218  0.015173092  5392.167  3.535468e+02  8.372702e+03
 [8,]    8 0.099983550  0.011643322  5374.646  3.291817e+02  2.132578e+02
 [9,]    9 0.099913785  0.011598409  5374.618  3.296203e+02  4.806184e+01
[10,]   10 0.099414208  0.011444810  5374.489  3.316941e+02 -5.305018e+02
[11,]   11 0.098408105  0.011295632  5374.275  3.348508e+02 -1.110532e+03
[12,]   12 0.094646485  0.010979956  5373.545  3.459015e+02 -2.389460e+03
[13,]   13 0.084267607  0.010462688  5371.579  3.816726e+02 -4.591719e+03
[14,]   14 0.043913326  0.009086964  5360.892  7.536213e+02 -1.013225e+04
[15,]   15 0.000001000  0.007589942  5371.474 -5.540995e+05 -1.218510e+03
[16,]   16 0.022382078  0.008352939  5345.992  1.526576e+03 -1.115375e+04
[17,]   17 0.007499911  0.007845589  5316.617  3.435328e+03 -6.622413e+03
[18,]   18 0.000001000  0.007945651  5371.405 -5.508849e+05  8.037118e+02
[19,]   19 0.004428516  0.007886572  5305.077  3.919549e+03 -3.673822e+03
[20,]   20 0.001567500  0.007924748  5294.756  1.870770e+03 -6.241207e+02
[21,]   21 0.000001000  0.008365086  5372.083 -5.528050e+05  1.945155e+03
[22,]   22 0.001087071  0.008059795  5294.421 -1.172965e+03 -1.584226e+01
[23,]   23 0.001381607  0.008610699  5294.465  5.074713e+02  3.749141e+02
[24,]   24 0.001207957  0.008285902  5294.353 -3.252723e+02  1.543930e+02
[25,]   25 0.001250463  0.008100158  5294.345  1.303118e+02 -1.041921e+02
[26,]   26 0.001240502  0.008178872  5294.340 -3.848023e+00  1.039057e+00
[27,]   27 0.001240938  0.008178286  5294.340 -3.496776e-01 -3.285096e-02
[28,]   28 0.001240518  0.008178850  5294.340 -3.719803e+00  9.997889e-01
[29,]   29 0.001240503  0.008178871  5294.340 -3.843161e+00  1.037567e+00
[30,]   30 0.001240502  0.008178872  5294.340 -3.847840e+00  1.039000e+00
[31,]   31 0.001240502  0.008178872  5294.340 -3.848016e+00  1.039055e+00
[32,]   32 0.001240502  0.008178872  5294.340 -3.848023e+00  1.039056e+00
[33,]   33 0.001240502  0.008178872  5294.340 -3.848023e+00  1.039056e+00
[34,]   34 0.001240502  0.008178872  5294.340 -3.848020e+00  1.039055e+00
[35,]   35 0.001240502  0.008178872  5294.340 -3.848023e+00  1.039056e+00
[36,]   36 0.001240502  0.008178872  5294.340 -3.848023e+00  1.039056e+00
[37,]   37 0.001240502  0.008178872  5294.340 -3.848021e+00  1.039056e+00
[38,]   38 0.001240502  0.008178872  5294.340 -3.848023e+00  1.039056e+00
[39,]   39 0.001240502  0.008178872  5294.340 -3.848023e+00  1.039056e+00

