[22;0t]0;IPython: scripts/01_msprime_simulations$par
[1] 0.048184613 0.005031517

$value
[1] -3064.905

$counts
function gradient 
      13       13 

$convergence
[1] 0

$message
[1] "CONVERGENCE: REL_REDUCTION_OF_F <= FACTR*EPSMCH"

$loginfo
      step       par1        par2       fn           gr1           gr2
 [1,]    1 0.10000000 0.010000000 3137.757  1.970961e+02  2.044130e+04
 [2,]    2 0.00000100 0.000001000 6103.792  1.224759e+05 -2.226159e+07
 [3,]    3 0.06540373 0.006540685 3074.714  2.172254e+01  1.153273e+04
 [4,]    4 0.03400508 0.002596123 3121.600  5.250271e+02 -6.668393e+04
 [5,]    5 0.05484170 0.005213794 3065.104  1.421442e+01  1.627998e+03
 [6,]    6 0.05281573 0.004982077 3064.978  2.099454e+01 -9.146284e+02
 [7,]    7 0.05322070 0.005049781 3064.952  1.800806e+01 -1.268109e+02
 [8,]    8 0.05304317 0.005050749 3064.948  1.734183e+01 -1.043341e+02
 [9,]    9 0.05233305 0.005054622 3064.937  1.461967e+01 -1.405903e+01
[10,]   10 0.04798939 0.005039786 3064.906 -1.450541e+00  1.104201e+02
[11,]   11 0.04821894 0.005031965 3064.905  1.143315e-01  2.692500e+00
[12,]   12 0.04818486 0.005031518 3064.905  1.035662e-03 -1.398422e-02
[13,]   13 0.04818461 0.005031517 3064.905 -1.161879e-06  4.489038e-05

