[22;0t]0;IPython: scripts/01_msprime_simulations$par
[1] 0.0034808698 0.0004347361

$value
[1] -397.4078

$counts
function gradient 
      34       34 

$convergence
[1] 0

$message
[1] "CONVERGENCE: REL_REDUCTION_OF_F <= FACTR*EPSMCH"

$loginfo
      step        par1         par2       fn          gr1           gr2
 [1,]    1 0.100000000 0.0100000000 623.5115 1.944036e+03  3.804679e+03
 [2,]    2 0.000001000 0.0000010000 572.3074 1.014742e+05 -1.723774e+06
 [3,]    3 0.096825053 0.0096825339 616.1371 1.929871e+03  3.911121e+03
 [4,]    4 0.048413027 0.0048417670 504.6540 1.506216e+03  8.337820e+03
 [5,]    5 0.017085375 0.0017092838 426.7041 5.295750e+02  2.001432e+04
 [6,]    6 0.007641196 0.0007649508 402.3884 6.516304e+01  2.272389e+04
 [7,]    7 0.000001000 0.0000010000 572.3074 1.014742e+05 -1.723774e+06
 [8,]    8 0.006798584 0.0006806972 400.5043 3.369208e+01  1.999236e+04
 [9,]    9 0.001724760 0.0001121014 417.1288 2.950658e+03 -5.004197e+05
[10,]   10 0.004728493 0.0004487134 397.4499 2.629792e+01  8.034917e+00
[11,]   11 0.004672543 0.0004459167 397.4441 2.766918e+01 -4.076400e+02
[12,]   12 0.004588775 0.0004446588 397.4402 2.746964e+01 -5.478114e+02
[13,]   13 0.003480870 0.0004347361 397.4078 1.045697e+01 -1.064608e+03
[14,]   14 0.003345646 0.0004372109 397.4095 2.184286e+00 -4.865112e+02
[15,]   15 0.003459249 0.0004351318 397.4079 9.183757e+00 -9.715711e+02
[16,]   16 0.003477059 0.0004348058 397.4078 1.023390e+01 -1.048193e+03
[17,]   17 0.003480187 0.0004347486 397.4078 1.041704e+01 -1.061666e+03
[18,]   18 0.003480747 0.0004347383 397.4078 1.044979e+01 -1.064079e+03
[19,]   19 0.003480848 0.0004347365 397.4078 1.045568e+01 -1.064513e+03
[20,]   20 0.003480866 0.0004347361 397.4078 1.045674e+01 -1.064591e+03
[21,]   21 0.003480869 0.0004347361 397.4078 1.045693e+01 -1.064605e+03
[22,]   22 0.003480870 0.0004347361 397.4078 1.045696e+01 -1.064607e+03
[23,]   23 0.003480870 0.0004347361 397.4078 1.045697e+01 -1.064608e+03
[24,]   24 0.003480870 0.0004347361 397.4078 1.045697e+01 -1.064608e+03
[25,]   25 0.003480870 0.0004347361 397.4078 1.045697e+01 -1.064608e+03
[26,]   26 0.003480870 0.0004347361 397.4078 1.045697e+01 -1.064608e+03
[27,]   27 0.003480870 0.0004347361 397.4078 1.045697e+01 -1.064608e+03
[28,]   28 0.003480870 0.0004347361 397.4078 1.045697e+01 -1.064608e+03
[29,]   29 0.003480870 0.0004347361 397.4078 1.045697e+01 -1.064608e+03
[30,]   30 0.003480870 0.0004347361 397.4078 1.045697e+01 -1.064608e+03
[31,]   31 0.003480870 0.0004347361 397.4078 1.045697e+01 -1.064608e+03
[32,]   32 0.003480870 0.0004347361 397.4078 1.045697e+01 -1.064608e+03

