[22;0t]0;IPython: scripts/01_msprime_simulations$par
[1] 0.0055253741 0.0006348142

$value
[1] -518.0915

$counts
function gradient 
      29       29 

$convergence
[1] 0

$message
[1] "CONVERGENCE: REL_REDUCTION_OF_F <= FACTR*EPSMCH"

$loginfo
      step        par1         par2       fn           gr1           gr2
 [1,]    1 0.100000000 0.0100000000 730.2113  1.808619e+03  4.792168e+03
 [2,]    2 0.000001000 0.0000010000 777.1850  1.059287e+05 -2.462030e+06
 [3,]    3 0.046176171 0.0046181016 607.4657  1.252503e+03  1.027500e+04
 [4,]    4 0.015700558 0.0015708145 535.1234  3.227885e+02  2.183847e+04
 [5,]    5 0.006773260 0.0006781650 518.2079  2.571362e+01  3.139632e+03
 [6,]    6 0.005824577 0.0000010000 842.6617  1.535701e+03 -2.724054e+06
 [7,]    7 0.006541520 0.0005127500 518.9655  1.291457e+02 -1.722080e+04
 [8,]    8 0.006714183 0.0006359963 518.1209  4.315943e+01 -6.046935e+02
 [9,]    9 0.005274366 0.0006354169 518.0938 -1.476189e+01  2.376020e+02
[10,]   10 0.005637045 0.0006352864 518.0922  5.310705e+00 -3.157886e+01
[11,]   11 0.005534889 0.0006348393 518.0915  4.625648e-01 -4.064278e+00
[12,]   12 0.005525374 0.0006348142 518.0915 -1.721975e-02  1.765441e-01
[13,]   13 0.005525712 0.0006348149 518.0915  4.807475e-05 -7.799542e-05
[14,]   14 0.005525375 0.0006348142 518.0915 -1.718616e-02  1.762003e-01
[15,]   15 0.005525374 0.0006348142 518.0915 -1.721969e-02  1.765434e-01
[16,]   16 0.005525374 0.0006348142 518.0915 -1.721977e-02  1.765441e-01
[17,]   17 0.005525374 0.0006348142 518.0915 -1.721976e-02  1.765441e-01
[18,]   18 0.005525374 0.0006348142 518.0915 -1.721975e-02  1.765437e-01
[19,]   19 0.005525374 0.0006348142 518.0915 -1.721976e-02  1.765441e-01
[20,]   20 0.005525374 0.0006348142 518.0915 -1.721976e-02  1.765441e-01
[21,]   21 0.005525374 0.0006348142 518.0915 -1.721976e-02  1.765441e-01
[22,]   22 0.005525374 0.0006348142 518.0915 -1.721977e-02  1.765441e-01
[23,]   23 0.005525374 0.0006348142 518.0915 -1.721976e-02  1.765441e-01
[24,]   24 0.005525374 0.0006348142 518.0915 -1.721976e-02  1.765441e-01

