[22;0t]0;IPython: scripts/01_msprime_simulations$par
[1] 0.0000010000 0.0001242502

$value
[1] -87.70929

$counts
function gradient 
      41       41 

$convergence
[1] 52

$message
[1] "ERROR: ABNORMAL_TERMINATION_IN_LNSRCH"

$loginfo
      step  par1         par2          fn         gr1          gr2
 [1,]    1 1e-01 1.000000e-02   331.13551  2250.61175    2916.0716
 [2,]    2 1e-06 1.000000e-06   105.85570 34568.37543 -182040.2076
 [3,]    3 1e-06 1.000000e+01 24350.95418  2416.09851    2323.8995
 [4,]    4 1e-06 3.267361e+00  8216.77643  2416.07361    2468.6635
 [5,]    5 1e-06 1.067320e+00  2736.21068  2415.98502    2511.7852
 [6,]    6 1e-06 3.487607e-01   929.24777  2415.70037    2512.0901
 [7,]    7 1e-06 1.140894e-01   342.68497  2414.82380    2470.0520
 [8,]    8 1e-06 3.743272e-02   156.81481  2412.15277    2328.1357
 [9,]    9 1e-06 1.237264e-02   101.96534  2403.53708    1895.8015
[10,]   10 1e-06 1.224513e-02   101.72403  2403.38908    1889.0707
[11,]   11 1e-06 1.173508e-02   100.76764  2402.75791    1860.6843
[12,]   12 1e-06 9.694876e-03    97.10842  2399.36791    1717.2556
[13,]   13 1e-06 1.534063e-03    89.86067  4485.16153    1113.6223
[14,]   14 1e-06 1.000000e-06   105.85570 34568.37543 -182040.2076
[15,]   15 1e-06 1.020088e-03    89.20802  6017.28111    1061.9975
[16,]   16 1e-06 5.105439e-04    88.60982  7631.53421    1622.9991
[17,]   17 1e-06 2.724975e-04    88.13112  6672.78670    2530.0975
[18,]   18 1e-06 2.575154e-04    88.09277  6384.05765    2600.1927
[19,]   19 1e-06 2.475003e-04    88.06646  6159.95001    2644.2766
[20,]   20 1e-06 1.242502e-04    87.70929    48.58203   -2270.0679
[21,]   21 1e-06 1.000000e+01 24350.95418  2416.09851    2323.8995
[22,]   22 1e-06 1.329435e+00  3394.04149  2416.01165    2507.5199
[23,]   23 1e-06 1.765683e-01   497.85548  2415.28498    2493.4946
[24,]   24 1e-06 2.488364e-02   128.18184  2410.12472    2220.6301
[25,]   25 1e-06 4.563217e-03    90.08961  2360.54642     789.1729
[26,]   26 1e-06 1.278953e-03    89.52209  5474.92911    1349.2909
[27,]   27 1e-06 3.142391e-04    88.23180  7240.38373    2330.5507
[28,]   28 1e-06 1.469887e-04    87.77566  1788.94745    1478.0330
[29,]   29 1e-06 1.266465e-04    87.71601   246.58967   -1600.6068
[30,]   30 1e-06 1.244540e-04    87.70986    65.55052   -2208.2469
[31,]   31 1e-06 1.242669e-04    87.70934    49.97128   -2264.9706
[32,]   32 1e-06 1.242515e-04    87.70930    48.69530   -2269.6521
[33,]   33 1e-06 1.242503e-04    87.70929    48.59126   -2270.0340
[34,]   34 1e-06 1.242502e-04    87.70929    48.58278   -2270.0652
[35,]   35 1e-06 1.242502e-04    87.70929    48.58209   -2270.0677
[36,]   36 1e-06 1.242502e-04    87.70929    48.58204   -2270.0679
[37,]   37 1e-06 1.242502e-04    87.70929    48.58203   -2270.0679
[38,]   38 1e-06 1.242502e-04    87.70929    48.58203   -2270.0679
[39,]   39 1e-06 1.242502e-04    87.70929    48.58203   -2270.0679
[40,]   40 1e-06 1.242502e-04    87.70929    48.58203   -2270.0679

