[22;0t]0;IPython: scripts/01_msprime_simulations$par
[1] 0.00878266 0.05185560

$value
[1] -18520.88

$counts
function gradient 
      33       33 

$convergence
[1] 0

$message
[1] "CONVERGENCE: REL_REDUCTION_OF_F <= FACTR*EPSMCH"

$loginfo
      step        par1        par2       fn           gr1           gr2
 [1,]    1 0.100000000  0.01000000 21789.93  8.799452e+03 -3.296497e+05
 [2,]    2 0.000001000 10.00000000 30790.16  2.416084e+03  1.786297e+03
 [3,]    3 0.066759700  3.33073918 20615.45  2.205514e+03  1.092837e+03
 [4,]    4 0.044515729  3.31954500 20555.44  2.077170e+03  1.086755e+03
 [5,]    5 0.000001000  3.29714316 20509.26 -2.651284e+05  9.855605e+02
 [6,]    6 0.044078658  3.31932504 20554.29  2.073478e+03  1.086595e+03
 [7,]    7 0.022039829  3.30823410 20499.68  1.722171e+03  1.072691e+03
 [8,]    8 0.000001000  3.26298480 20475.77 -2.679252e+05  9.750621e+02
 [9,]    9 0.021719303  3.30757601 20498.42  1.711938e+03  1.072298e+03
[10,]   10 0.010860152  3.28528041 20458.89  1.080953e+03  1.051576e+03
[11,]   11 0.000001000  3.02489318 20254.55 -2.777074e+05  8.755571e+02
[12,]   12 0.009851155  3.26108608 20432.49  8.955999e+02  1.047719e+03
[13,]   13 0.004926078  3.14298963 20309.27 -8.332867e+02  1.019586e+03
[14,]   14 0.020459022  0.00000100 63889.39  5.537122e+04 -2.305851e+08
[15,]   15 0.010370394  2.04136824 19401.88 -1.148830e+03  6.096954e+02
[16,]   16 0.024211326  0.37683553 18783.49  3.366190e+03  2.929032e+02
[17,]   17 0.013979367  0.00000100 63490.48  6.861564e+04 -2.305613e+08
[18,]   18 0.020794172  0.25098459 18723.36  3.830778e+03  5.238490e+02
[19,]   19 0.017386769  0.12549279 18617.53  3.306928e+03  1.125668e+03
[20,]   20 0.015118705  0.04196186 18557.52  4.838436e+03 -4.709194e+03
[21,]   21 0.016910918  0.10796759 18595.22  2.947774e+03  1.257216e+03
[22,]   22 0.015663171  0.06201410 18535.07  2.557335e+03  5.891868e+02
[23,]   23 0.007510723  0.00000100 62986.32  8.877536e+04 -2.305321e+08
[24,]   24 0.012951566  0.04138778 18550.03  4.485896e+03 -4.539446e+03
[25,]   25 0.014704355  0.05472069 18530.83  2.783441e+03 -2.077717e+02
[26,]   26 0.000001000  0.05220226 19070.80 -2.522413e+06  7.456641e+02
[27,]   27 0.009622238  0.05385021 18521.28  5.173859e+02  1.766396e+02
[28,]   28 0.007864435  0.05072829 18521.30 -9.107497e+02 -4.709440e+01
[29,]   29 0.008734961  0.05227438 18520.89 -1.070569e+02  7.015201e+01
[30,]   30 0.008816273  0.05165146 18520.88  6.307768e+01 -3.726227e+01
[31,]   31 0.008783093  0.05186275 18520.88 -6.664351e-01  1.060882e+00
[32,]   32 0.008782660  0.05185560 18520.88 -1.082555e-01  2.243924e-03

