[22;0t]0;IPython: scripts/01_msprime_simulations$par
[1] 10.000000000  0.005177209

$value
[1] -3225.474

$counts
function gradient 
      19       19 

$convergence
[1] 0

$message
[1] "CONVERGENCE: REL_REDUCTION_OF_F <= FACTR*EPSMCH"

$loginfo
      step      par1        par2       fn          gr1           gr2
 [1,]    1  0.100000 0.010000000 3333.038 -6.045652633  2.805584e+04
 [2,]    2  6.145653 0.000001000 7112.129  0.261556502 -2.366735e+07
 [3,]    3  2.198263 0.006529649 3240.250  0.085155032  1.999080e+04
 [4,]    4  2.759626 0.000001000 7110.058  1.387074490 -2.366653e+07
 [5,]    5  2.384985 0.004358075 3232.698 -0.019831868 -1.836412e+04
 [6,]    6  2.295571 0.005397961 3226.083 -0.071138209  3.971856e+03
 [7,]    7  2.329998 0.005116594 3225.667 -0.072772884 -1.154354e+03
 [8,]    8  2.328823 0.005179465 3225.633 -0.073064266  4.092073e+01
 [9,]    9  2.335451 0.005177243 3225.633 -0.072609716 -8.187269e-01
[10,]   10  2.406289 0.005166527 3225.629 -0.068012992 -2.026530e+02
[11,]   11  2.546251 0.005156604 3225.623 -0.060243683 -3.906269e+02
[12,]   12  2.888601 0.005146518 3225.609 -0.046668686 -5.832289e+02
[13,]   13  3.585973 0.005143258 3225.584 -0.032021446 -6.468753e+02
[14,]   14  5.129698 0.005180801 3225.536 -0.019788636  6.847835e+01
[15,]   15  6.798386 0.005191376 3225.510 -0.013880808  2.691287e+02
[16,]   16 10.000000 0.005183592 3225.474 -0.008182769  1.215370e+02
[17,]   17 10.000000 0.005172008 3225.474 -0.008205620 -9.927203e+01
[18,]   18 10.000000 0.005177216 3225.474 -0.008192587  1.233055e-01
[19,]   19 10.000000 0.005177209 3225.474 -0.008196685  1.357148e-04

