[22;0t]0;IPython: scripts/01_msprime_simulations$par
[1] 0.039977841 0.005134424

$value
[1] -3218.599

$counts
function gradient 
      14       14 

$convergence
[1] 0

$message
[1] "CONVERGENCE: REL_REDUCTION_OF_F <= FACTR*EPSMCH"

$loginfo
      step       par1        par2       fn           gr1           gr2
 [1,]    1 0.10000000 0.010000000 3289.640  1.628891e+02  2.071326e+04
 [2,]    2 0.00000100 0.000001000 6445.402  1.233554e+05 -2.350773e+07
 [3,]    3 0.06550904 0.006551214 3227.319  2.586799e+01  1.100080e+04
 [4,]    4 0.03453280 0.002990096 3260.468  4.626460e+02 -5.203402e+04
 [5,]    5 0.05488697 0.005330070 3218.986  3.123021e+01  1.233715e+03
 [6,]    6 0.05283297 0.005140731 3218.876  3.790491e+01 -8.749637e+02
 [7,]    7 0.05294033 0.005182712 3218.854  3.554760e+01 -3.691616e+02
 [8,]    8 0.05244569 0.005203502 3218.833  3.333270e+01 -9.081988e+01
 [9,]    9 0.04929365 0.005244439 3218.753  2.370141e+01  5.774208e+02
[10,]   10 0.04416245 0.005246908 3218.671  8.055439e+00  9.438216e+02
[11,]   11 0.04038446 0.005192032 3218.617 -3.018171e+00  6.198238e+02
[12,]   12 0.03987754 0.005139572 3218.600 -9.105157e-01  6.801421e+01
[13,]   13 0.03999245 0.005134382 3218.599  6.849950e-02 -1.815594e+00
[14,]   14 0.03997784 0.005134424 3218.599 -1.810799e-03 -4.483247e-02

