[22;0t]0;IPython: scripts/01_msprime_simulations$par
[1] 0.0000010000 0.0001099472

$value
[1] -115.5926

$counts
function gradient 
      58       58 

$convergence
[1] 0

$message
[1] "CONVERGENCE: REL_REDUCTION_OF_F <= FACTR*EPSMCH"

$loginfo
      step  par1         par2         fn       gr1          gr2
 [1,]    1 1e-01 1.000000e-02   354.2578  2228.564    2810.4677
 [2,]    2 1e-06 1.000000e-06   143.1976 50762.324 -276017.6448
 [3,]    3 1e-06 1.000000e+01 24354.8216  2416.099    2323.5766
 [4,]    4 1e-06 3.289560e+00  8278.9354  2416.074    2467.2583
 [5,]    5 1e-06 1.081998e+00  2783.8289  2415.987    2508.7676
 [6,]    6 1e-06 3.559996e-01   961.5389  2415.709    2503.9457
 [7,]    7 1e-06 1.172493e-01   367.9360  2414.859    2446.2608
 [8,]    8 1e-06 3.871839e-02   180.5817  2412.284    2257.6962
 [9,]    9 1e-06 1.286947e-02   126.9877  2404.184    1687.6137
[10,]   10 1e-06 1.279127e-02   126.8559  2404.104    1682.3895
[11,]   11 1e-06 1.247846e-02   126.3330  2403.776    1660.8378
[12,]   12 1e-06 1.122723e-02   124.3141  2402.254    1562.6171
[13,]   13 1e-06 6.222330e-03   118.0815  2388.002     774.5391
[14,]   14 1e-06 5.837234e-04   116.4184 11629.034    1363.9526
[15,]   15 1e-06 1.000000e-06   143.1976 50762.324 -276017.6448
[16,]   16 1e-06 5.837234e-04   116.4184 11629.034    1363.9526
[17,]   17 1e-06 1.000000e-06   143.1976 50762.324 -276017.6448
[18,]   18 1e-06 4.341271e-04   116.1937 12768.868    1675.0971
[19,]   19 1e-06 2.175636e-04   115.7714 10556.493    1933.1164
[20,]   20 1e-06 2.156264e-04   115.7672 10473.835    1918.4819
[21,]   21 1e-06 2.141833e-04   115.7640 10411.017    1906.7844
[22,]   22 1e-06 1.075916e-04   115.5928  2854.359  -38788.2437
[23,]   23 1e-06 2.091889e-04   115.7532 10185.326    1860.5451
[24,]   24 1e-06 1.396372e-04   115.6179  5609.078   -2197.4383
[25,]   25 1e-06 1.075916e-04   115.5928  2854.359  -38788.2437
[26,]   26 1e-06 1.000000e+01 24354.8216  2416.099    2323.5766
[27,]   27 1e-06 3.047554e+00  7681.2354  2416.071    2472.2864
[28,]   28 1e-06 9.279481e-01  2397.2161  2415.965    2510.4555
[29,]   29 1e-06 2.830432e-01   779.0700  2415.602    2497.5805
[30,]   30 1e-06 8.683339e-02   293.9706  2414.414    2414.0653
[31,]   31 1e-06 2.702688e-02   154.8171  2410.611    2135.0518
[32,]   32 1e-06 8.677840e-03   120.6657  2397.524    1274.8078
[33,]   33 1e-06 2.924967e-03   117.9555  2435.070    -974.9397
[34,]   34 1e-06 9.968015e-04   116.8638  8491.307     797.5402
[35,]   35 1e-06 3.863963e-04   116.1112 12958.271    1796.0941
[36,]   36 1e-06 1.942869e-04   115.7212  9432.517    1653.9539
[37,]   37 1e-06 1.349963e-04   115.6115  5216.816   -3065.4332
[38,]   38 1e-06 1.160814e-04   115.5941  3576.666  -13933.7933
[39,]   39 1e-06 1.099472e-04   115.5926  3051.578  -28526.3368
[40,]   40 1e-06 1.164952e-04   115.5943  3612.505  -13322.4171
[41,]   41 1e-06 1.116606e-04   115.5928  3196.820  -23115.9798
[42,]   42 1e-06 1.103366e-04   115.5926  3084.466  -27172.6613
[43,]   43 1e-06 1.100309e-04   115.5926  3058.642  -28228.4979
[44,]   44 1e-06 1.099649e-04   115.5926  3053.075  -28462.8873
[45,]   45 1e-06 1.099509e-04   115.5926  3051.894  -28512.9156
[46,]   46 1e-06 1.099480e-04   115.5926  3051.645  -28523.5022
[47,]   47 1e-06 1.099474e-04   115.5926  3051.592  -28525.7383
[48,]   48 1e-06 1.099472e-04   115.5926  3051.581  -28526.2104
[49,]   49 1e-06 1.099472e-04   115.5926  3051.579  -28526.3101
[50,]   50 1e-06 1.099472e-04   115.5926  3051.578  -28526.3311
[51,]   51 1e-06 1.099472e-04   115.5926  3051.578  -28526.3356
[52,]   52 1e-06 1.099472e-04   115.5926  3051.578  -28526.3365
[53,]   53 1e-06 1.099472e-04   115.5926  3051.578  -28526.3367
[54,]   54 1e-06 1.099472e-04   115.5926  3051.578  -28526.3367
[55,]   55 1e-06 1.099472e-04   115.5926  3051.578  -28526.3367
[56,]   56 1e-06 1.099472e-04   115.5926  3051.578  -28526.3367
[57,]   57 1e-06 1.099472e-04   115.5926  3051.578  -28526.3367
[58,]   58 1e-06 1.099472e-04   115.5926  3051.578  -28526.3367

