[22;0t]0;IPython: scripts/01_msprime_simulations$par
[1] 0.0001906968 0.0012189172

$value
[1] -999.6239

$counts
function gradient 
      41       41 

$convergence
[1] 0

$message
[1] "CONVERGENCE: REL_REDUCTION_OF_F <= FACTR*EPSMCH"

$loginfo
      step         par1        par2        fn          gr1           gr2
 [1,]    1 0.1000000000 0.010000000 1216.6166   1381.25989  9.189165e+03
 [2,]    2 0.0000010000 0.000001000 1666.1789 115880.53955 -5.784984e+06
 [3,]    3 0.0585786846 0.005858241 1118.5562    848.33544  1.645919e+04
 [4,]    4 0.0204054019 0.002041257 1020.7982    127.32924  1.685556e+04
 [5,]    5 0.0034715799 0.000001000 1781.9933   9498.15104 -5.993057e+06
 [6,]    6 0.0149795083 0.001387523 1013.3545    123.64404  9.681276e+02
 [7,]    7 0.0135568633 0.001305789 1013.2043    157.93771 -2.573970e+03
 [8,]    8 0.0117857645 0.001284602 1012.9468    200.28109 -3.188132e+03
 [9,]    9 0.0047013694 0.001199853 1010.3595    823.27482 -4.451700e+03
[10,]   10 0.0000010000 0.001143623 1007.5661 -76775.06854  0.000000e+00
[11,]   11 0.0046546949 0.001199294 1010.3232    834.14900 -4.450784e+03
[12,]   12 0.0015363830 0.001161991 1005.6506   2956.94663 -3.848994e+03
[13,]   13 0.0005402610 0.001150074 1001.5160   5750.27406 -2.378101e+03
[14,]   14 0.0000010000 0.001309552 1007.7792 -77464.05332  8.286499e+02
[15,]   15 0.0003560448 0.001204553 1000.3548   5490.99459 -1.025102e+03
[16,]   16 0.0000010000 0.001207334 1007.6624 -77417.17358  1.317869e+03
[17,]   17 0.0002840641 0.001205117  999.9667   4499.37396 -7.282975e+02
[18,]   18 0.0000010000 0.001083674 1007.4845 -75871.55058  9.085153e+02
[19,]   19 0.0002560361 0.001193092  999.8422   3770.08390 -7.207468e+02
[20,]   20 0.0001243456 0.001320265  999.8225 -16147.95887  1.154095e+03
[21,]   21 0.0002289684 0.001219231  999.7233   2447.85559 -2.976853e+02
[22,]   22 0.0001522813 0.001154563  999.6212  -5475.79178 -3.946319e+02
[23,]   23 0.0002079240 0.001201485  999.6627   1240.24745 -3.411171e+02
[24,]   24 0.0001906968 0.001218917  999.6239   -379.07219 -5.188216e+01
[25,]   25 0.0001956290 0.001227079  999.6326     36.40251 -1.294425e+01
[26,]   26 0.0001908898 0.001219237  999.6242   -362.10319 -5.033849e+01
[27,]   27 0.0001907044 0.001218930  999.6239   -378.40616 -5.182164e+01
[28,]   28 0.0001906971 0.001218918  999.6239   -379.04609 -5.187979e+01
[29,]   29 0.0001906968 0.001218917  999.6239   -379.07117 -5.188206e+01
[30,]   30 0.0001906968 0.001218917  999.6239   -379.07215 -5.188215e+01
[31,]   31 0.0001906968 0.001218917  999.6239   -379.07219 -5.188216e+01
[32,]   32 0.0001906968 0.001218917  999.6239   -379.07219 -5.188216e+01
[33,]   33 0.0001906968 0.001218917  999.6239   -379.07219 -5.188216e+01
[34,]   34 0.0001906968 0.001218917  999.6239   -379.07219 -5.188216e+01
[35,]   35 0.0001906968 0.001218917  999.6239   -379.07219 -5.188216e+01
[36,]   36 0.0001906968 0.001218917  999.6239   -379.07219 -5.188216e+01
[37,]   37 0.0001906968 0.001218917  999.6239   -379.07219 -5.188216e+01
[38,]   38 0.0001906968 0.001218917  999.6239   -379.07219 -5.188216e+01
[39,]   39 0.0001906968 0.001218917  999.6239   -379.07219 -5.188216e+01

