[22;0t]0;IPython: scripts/01_msprime_simulations$par
[1] 0.5304254215 0.0004968108

$value
[1] -420.8674

$counts
function gradient 
      65       65 

$convergence
[1] 0

$message
[1] "CONVERGENCE: REL_REDUCTION_OF_F <= FACTR*EPSMCH"

$loginfo
      step        par1         par2         fn           gr1           gr2
 [1,]    1 0.100000000 1.000000e-02   648.4944  1.947829e+03  3.094518e+03
 [2,]    2 0.000001000 1.000000e-06   609.5993  1.036524e+05 -1.862108e+06
 [3,]    3 0.097338139 9.733838e-03   642.4933  1.936057e+03  3.158209e+03
 [4,]    4 0.048669570 4.867419e-03   534.1167  1.476701e+03  7.774742e+03
 [5,]    5 0.017093133 1.710059e-03   454.5684  4.185614e+02  2.672954e+04
 [6,]    6 0.007449530 7.457860e-04   425.7692 -1.005573e+02  2.256008e+04
 [7,]    7 0.002927419 1.000000e-06   661.4878  2.890907e+03 -2.108073e+06
 [8,]    8 0.006202014 5.403216e-04   422.3184 -1.187898e+02  8.928050e+03
 [9,]    9 0.032844341 3.809939e-04   422.6301 -1.000191e+00 -2.873269e+04
[10,]   10 0.018149423 4.688731e-04   421.5263 -1.137812e+01 -4.576984e+03
[11,]   11 0.022125053 5.146419e-04   421.5276 -9.189217e+00  3.309461e+03
[12,]   12 0.019777673 4.876181e-04   421.4842 -1.069950e+01 -1.180169e+03
[13,]   13 0.022351114 4.987454e-04   421.4725 -8.821998e+00  6.832178e+02
[14,]   14 0.025612802 5.035628e-04   421.4582 -7.287126e+00  1.468341e+03
[15,]   15 0.034587567 5.072814e-04   421.4130 -5.708129e+00  2.103295e+03
[16,]   16 0.061956931 5.075831e-04   421.2891 -3.591566e+00  2.149105e+03
[17,]   17 0.119147590 1.000000e-06   674.8371  5.450537e+00 -2.158205e+06
[18,]   18 0.072847481 4.111168e-04   421.8827 -2.277568e+00 -2.052641e+04
[19,]   19 0.064076426 4.888090e-04   421.2491 -3.420781e+00 -1.461388e+03
[20,]   20 0.108283832 4.964910e-04   421.1405 -1.952787e+00 -1.906722e+01
[21,]   21 0.166203514 4.974952e-04   421.0543 -1.183272e+00  1.486682e+02
[22,]   22 0.255173405 4.970289e-04   420.9738 -6.811070e-01  3.319096e+01
[23,]   23 0.375878660 4.970327e-04   420.9121 -3.824337e-01  2.104063e+01
[24,]   24 0.530425421 4.968108e-04   420.8674 -2.145188e-01 -3.154362e+01
[25,]   25 0.943980917 1.187054e-03   446.8841  1.688283e-01  5.786733e+04
[26,]   26 0.531022991 4.978082e-04   420.8687 -2.141250e-01  1.725970e+02
[27,]   27 0.530437067 4.968303e-04   420.8675 -2.145114e-01 -2.755719e+01
[28,]   28 0.530425654 4.968112e-04   420.8674 -2.145159e-01 -3.146418e+01
[29,]   29 0.530425426 4.968108e-04   420.8674 -2.145174e-01 -3.154204e+01
[30,]   30 0.530425422 4.968108e-04   420.8674 -2.145174e-01 -3.154359e+01
[31,]   31 0.530425421 4.968108e-04   420.8674 -2.145188e-01 -3.154362e+01
[32,]   32 0.530425421 4.968108e-04   420.8674 -2.145188e-01 -3.154362e+01
[33,]   33 0.530425421 4.968108e-04   420.8674 -2.145188e-01 -3.154362e+01
[34,]   34 0.530425421 4.968108e-04   420.8674 -2.145188e-01 -3.154362e+01
[35,]   35 0.530425421 4.968108e-04   420.8674 -2.145188e-01 -3.154362e+01
[36,]   36 0.530425421 4.968108e-04   420.8674 -2.145188e-01 -3.154362e+01
[37,]   37 0.530425421 4.968108e-04   420.8674 -2.145188e-01 -3.154362e+01
[38,]   38 0.530425421 4.968108e-04   420.8674 -2.145188e-01 -3.154362e+01
[39,]   39 0.530425421 4.968108e-04   420.8674 -2.145188e-01 -3.154362e+01
[40,]   40 0.744944263 1.000000e+01 26196.9526  2.398095e+03  2.319523e+03
[41,]   41 0.531050551 2.963637e-02  1606.1086  1.959209e+03  7.028652e+03
[42,]   42 0.530425507 5.008077e-04   420.8743 -2.146155e-01  7.814569e+02
[43,]   43 0.530425422 4.968250e-04   420.8675 -2.145152e-01 -2.863255e+01
[44,]   44 0.530425421 4.968109e-04   420.8674 -2.145189e-01 -3.153237e+01
[45,]   45 0.530425421 4.968108e-04   420.8674 -2.145184e-01 -3.154358e+01
[46,]   46 0.530425421 4.968108e-04   420.8674 -2.145188e-01 -3.154362e+01
[47,]   47 0.530425421 4.968108e-04   420.8674 -2.145174e-01 -3.154360e+01
[48,]   48 0.530425421 4.968108e-04   420.8674 -2.145188e-01 -3.154362e+01
[49,]   49 0.530425421 4.968108e-04   420.8674 -2.145188e-01 -3.154362e+01
[50,]   50 0.530425421 4.968108e-04   420.8674 -2.145188e-01 -3.154362e+01
[51,]   51 0.530425421 4.968108e-04   420.8674 -2.145188e-01 -3.154362e+01
[52,]   52 0.530425421 4.968108e-04   420.8674 -2.145188e-01 -3.154362e+01
[53,]   53 0.530425421 4.968108e-04   420.8674 -2.145188e-01 -3.154362e+01
[54,]   54 0.530425421 4.968108e-04   420.8674 -2.145188e-01 -3.154362e+01

