[22;0t]0;IPython: scripts/01_msprime_simulations$par
[1] 1.000000e-06 5.747978e-05

$value
[1] -100.924

$counts
function gradient 
      51       51 

$convergence
[1] 0

$message
[1] "CONVERGENCE: REL_REDUCTION_OF_F <= FACTR*EPSMCH"

$loginfo
      step  par1         par2         fn        gr1          gr2
 [1,]    1 1e-01 1.000000e-02   343.7101   2213.081    3287.2917
 [2,]    2 1e-06 1.000000e-06   124.7504  37857.174 -235201.3305
 [3,]    3 1e-06 1.000000e+01 24353.5324   2416.088    2323.6842
 [4,]    4 1e-06 3.282052e+00  8257.9535   2415.993    2467.7276
 [5,]    5 1e-06 1.077017e+00  2767.7419   2415.570    2509.7665
 [6,]    6 1e-06 3.535295e-01   950.6453   2414.101    2506.6210
 [7,]    7 1e-06 1.161597e-01   359.4474   2409.530    2454.0220
 [8,]    8 1e-06 3.826396e-02   172.6217   2395.640    2280.4752
 [9,]    9 1e-06 1.268206e-02   118.6331   2353.866    1753.8519
[10,]   10 1e-06 1.258820e-02   118.4688   2353.399    1747.9743
[11,]   11 1e-06 1.221276e-02   117.8171   2351.456    1723.5602
[12,]   12 1e-06 1.071099e-02   115.3111   2342.281    1608.7815
[13,]   13 1e-06 4.703929e-03   108.2668   2220.508     416.4473
[14,]   14 1e-06 2.219661e-03   108.2069   3954.785    1783.5343
[15,]   15 1e-06 1.000000e-06   124.7504  37857.174 -235201.3305
[16,]   16 1e-06 1.399623e-03   106.5617   5333.808    1624.4949
[17,]   17 1e-06 9.504363e-04   105.6976   5911.550    2520.9149
[18,]   18 1e-06 3.847793e-04   103.5673   1141.634    5885.7288
[19,]   19 1e-06 1.000000e-06   124.7504  37857.174 -235201.3305
[20,]   20 1e-06 3.047340e-04   103.0588  -2232.739    7065.7098
[21,]   21 1e-06 1.528670e-04   101.7700 -13254.445    8709.5359
[22,]   22 1e-06 1.500413e-04   101.7412 -13499.514    8529.3117
[23,]   23 1e-06 1.484411e-04   101.7248 -13637.835    8409.8694
[24,]   24 1e-06 7.472053e-05   100.9948 -17339.729    9925.1591
[25,]   25 1e-06 7.423090e-05   100.9914 -17317.340    9911.7209
[26,]   26 1e-06 2.589851e-05   101.5068   1959.754    -169.3634
[27,]   27 1e-06 1.000000e+01 24353.5324   2416.088    2323.6842
[28,]   28 1e-06 1.620917e-01   472.7648   2411.463    2477.4100
[29,]   29 1e-06 2.963491e-03   108.4129   1959.214    -573.0240
[30,]   30 1e-06 5.747978e-05   100.9240 -15528.372    8927.0764
[31,]   31 1e-06 2.648651e-05   101.4724   1258.238     236.1630
[32,]   32 1e-06 5.540567e-05   100.9256 -15127.553    8702.0045
[33,]   33 1e-06 5.747978e-05   100.9240 -15528.372    8927.0764
[34,]   34 1e-06 2.875825e-05   101.3616  -1286.634    1582.9186
[35,]   35 1e-06 5.536495e-05   100.9257 -15119.175    8697.2661
[36,]   36 1e-06 5.707550e-05   100.9241 -15454.127    8885.6298
[37,]   37 1e-06 5.739631e-05   100.9240 -15513.192    8918.6115
[38,]   38 1e-06 5.746229e-05   100.9240 -15525.197    8925.3067
[39,]   39 1e-06 5.747611e-05   100.9240 -15527.705    8926.7047
[40,]   40 1e-06 5.747901e-05   100.9240 -15528.232    8926.9983
[41,]   41 1e-06 5.747962e-05   100.9240 -15528.342    8927.0600
[42,]   42 1e-06 5.747975e-05   100.9240 -15528.366    8927.0730
[43,]   43 1e-06 5.747977e-05   100.9240 -15528.370    8927.0757
[44,]   44 1e-06 5.747978e-05   100.9240 -15528.371    8927.0763
[45,]   45 1e-06 5.747978e-05   100.9240 -15528.372    8927.0764
[46,]   46 1e-06 5.747978e-05   100.9240 -15528.372    8927.0764
[47,]   47 1e-06 5.747978e-05   100.9240 -15528.372    8927.0764
[48,]   48 1e-06 5.747978e-05   100.9240 -15528.372    8927.0764
[49,]   49 1e-06 5.747978e-05   100.9240 -15528.372    8927.0764
[50,]   50 1e-06 5.747978e-05   100.9240 -15528.372    8927.0764

