[22;0t]0;IPython: scripts/01_msprime_simulations$par
[1] 0.0004573744 0.6376192510

$value
[1] -19217.36

$counts
function gradient 
      62       62 

$convergence
[1] 52

$message
[1] "ERROR: ABNORMAL_TERMINATION_IN_LNSRCH"

$loginfo
      step         par1       par2       fn           gr1           gr2
 [1,]    1 0.1000000000  0.0100000 21418.96  6.494131e+03 -3.011686e+05
 [2,]    2 0.0000010000 10.0000000 30515.57  2.416099e+03  1.809221e+03
 [3,]    3 0.0667692909  3.3297810 20207.05  2.412205e+03  9.923166e+02
 [4,]    4 0.0402318561  3.3187854 20132.13  2.413704e+03  9.877312e+02
 [5,]    5 0.0000010000  3.3021161 20018.57  2.416073e+03  9.807690e+02
 [6,]    6 0.0000010000  3.2371607 19955.76  2.416072e+03  9.530592e+02
 [7,]    7 0.0000010000  1.0030711 19755.24 -4.331689e+05  1.870135e+03
 [8,]    8 0.0000010000  0.0000010 59547.57  1.244682e+05 -2.206737e+08
 [9,]    9 0.0000010000  0.6574858 19230.19 -8.715360e+04  2.595857e+02
[10,]   10 0.0245258002  0.0000010 61694.56  5.604076e+04 -2.207407e+08
[11,]   11 0.0084895816  0.4299156 19312.66  7.529498e+03  8.560952e+02
[12,]   12 0.0021829247  0.5989907 19232.33  4.509264e+03 -4.511753e+02
[13,]   13 0.0007782514  0.6366485 19217.79  2.240875e+03 -2.308570e+01
[14,]   14 0.0303646621 10.0000000 30588.92  2.415292e+03  1.809222e+03
[15,]   15 0.0009059300  0.6770556 19225.93  2.510668e+03  4.060189e+02
[16,]   16 0.0007828519  0.6381045 19217.78  2.230876e+03 -7.160555e+00
[17,]   17 0.0007531849  0.6380960 19217.71  2.087310e+03 -6.610320e+00
[18,]   18 0.0006345168  0.6380623 19217.50  1.414830e+03 -3.612538e+00
[19,]   19 0.0003761957  0.6377563 19217.39 -9.908556e+02  7.184924e+00
[20,]   20 0.0004811146  0.6376305 19217.37  2.339152e+02 -1.297987e+00
[21,]   21 0.0004609042  0.6376248 19217.36  3.454374e+01 -1.488995e-01
[22,]   22 0.0004573744  0.6376193 19217.36 -1.347927e+00  9.877203e-03
[23,]   23 0.0004575064  0.6376195 19217.36  1.393346e-03  3.853238e-03
[24,]   24 0.0004573750  0.6376193 19217.36 -1.342314e+00  9.851719e-03
[25,]   25 0.0004573744  0.6376193 19217.36 -1.347900e+00  9.874748e-03
[26,]   26 0.0004573744  0.6376193 19217.36 -1.347927e+00  9.877040e-03
[27,]   27 0.0004573744  0.6376193 19217.36 -1.347927e+00  9.877203e-03
[28,]   28 0.0004573744  0.6376193 19217.36 -1.347927e+00  9.877203e-03
[29,]   29 0.0004573744  0.6376193 19217.36 -1.347927e+00  9.877203e-03
[30,]   30 0.0004573744  0.6376193 19217.36 -1.347927e+00  9.877203e-03
[31,]   31 0.0004573744  0.6376193 19217.36 -1.347927e+00  9.877203e-03
[32,]   32 0.0004573744  0.6376193 19217.36 -1.347927e+00  9.877076e-03
[33,]   33 0.0004573744  0.6376193 19217.36 -1.347927e+00  9.877203e-03
[34,]   34 0.0004573744  0.6376193 19217.36 -1.347927e+00  9.877076e-03
[35,]   35 0.0004573744  0.6376193 19217.36 -1.347927e+00  9.877022e-03
[36,]   36 0.0004573744  0.6376193 19217.36 -1.347927e+00  9.877076e-03
[37,]   37 0.0004573744  0.6376193 19217.36 -1.347927e+00  9.877022e-03
[38,]   38 0.0004573744  0.6376193 19217.36 -1.347927e+00  9.877076e-03
[39,]   39 1.3483844382  0.6277420 23175.88  1.812554e+03 -8.646810e+02
[40,]   40 0.0005872821  0.6376183 19217.44  1.111097e+03 -6.649788e+00
[41,]   41 0.0004574876  0.6376193 19217.36 -1.795467e-01  2.812358e-03
[42,]   42 0.0004573749  0.6376193 19217.36 -1.343009e+00  9.849118e-03
[43,]   43 0.0004573744  0.6376193 19217.36 -1.347908e+00  9.876294e-03
[44,]   44 0.0004573744  0.6376193 19217.36 -1.347927e+00  9.877131e-03
[45,]   45 0.0004573744  0.6376193 19217.36 -1.347927e+00  9.877203e-03
[46,]   46 0.0004573744  0.6376193 19217.36 -1.347927e+00  9.877203e-03
[47,]   47 0.0004573744  0.6376193 19217.36 -1.347927e+00  9.877240e-03
[48,]   48 0.0004573744  0.6376193 19217.36 -1.347927e+00  9.877203e-03
[49,]   49 0.0004573744  0.6376193 19217.36 -1.347927e+00  9.877203e-03
[50,]   50 0.0004573744  0.6376193 19217.36 -1.347927e+00  9.877222e-03
[51,]   51 0.0004573744  0.6376193 19217.36 -1.347927e+00  9.877222e-03
[52,]   52 0.0004573744  0.6376193 19217.36 -1.347927e+00  9.877222e-03
[53,]   53 0.0004573744  0.6376193 19217.36 -1.347927e+00  9.877240e-03
[54,]   54 0.0004573744  0.6376193 19217.36 -1.347927e+00  9.877222e-03
[55,]   55 0.0004573744  0.6376193 19217.36 -1.347927e+00  9.877222e-03
[56,]   56 0.0004573744  0.6376193 19217.36 -1.347927e+00  9.877222e-03
[57,]   57 0.0004573744  0.6376193 19217.36 -1.347927e+00  9.877222e-03

