[22;0t]0;IPython: scripts/01_msprime_simulations$par
[1] 0.005341058 7.476411184

$value
[1] -55458.22

$counts
function gradient 
      37       37 

$convergence
[1] 0

$message
[1] "CONVERGENCE: REL_REDUCTION_OF_F <= FACTR*EPSMCH"

$loginfo
      step         par1      par2        fn           gr1           gr2
 [1,]    1 0.1000000000  0.010000 113548.61  6.896104e+04 -2.836363e+06
 [2,]    2 0.0000010000 10.000000  56044.18 -1.049477e+06  2.222941e+02
 [3,]    3 2.8306466513 10.000000  63659.55  2.196500e+03  5.624737e+01
 [4,]    4 0.9397170142 10.000000  58879.64  2.953682e+03  4.242563e+01
 [5,]    5 0.3118861030 10.000000  56880.13  3.477349e+03  1.336075e+02
 [6,]    6 0.1036054350 10.000000  56142.47  3.532035e+03  1.890763e+02
 [7,]    7 0.0345314917 10.000000  55909.24  3.011742e+03  2.053303e+02
 [8,]    8 0.0344326696  9.999278  55908.80  3.009345e+03  2.053473e+02
 [9,]    9 0.0340373812  9.996392  55907.02  2.999597e+03  2.054162e+02
[10,]   10 0.0324562277  9.984848  55899.93  2.957906e+03  2.056509e+02
[11,]   11 0.0261316136  9.938672  55872.36  2.736873e+03  2.059921e+02
[12,]   12 0.0008331575  9.753966  55833.96 -2.796553e+04  2.129874e+02
[13,]   13 0.0226313861  9.913116  55857.81  2.561820e+03  2.060088e+02
[14,]   14 0.0080582558  9.806717  55809.37  2.916998e+02  2.109301e+02
[15,]   15 0.0000010000  9.747499  55987.63 -1.057586e+06  2.212748e+02
[16,]   16 0.0052776790  9.786281  55806.49 -1.595108e+03  2.116202e+02
[17,]   17 0.0053360233  9.785545  55806.25 -1.535248e+03  2.116217e+02
[18,]   18 0.0055694006  9.782600  55805.29 -1.308060e+03  2.116245e+02
[19,]   19 0.0065029100  9.770823  55801.95 -5.598771e+02  2.116055e+02
[20,]   20 0.0103226017  9.596848  55767.12  1.043045e+03  2.018762e+02
[21,]   21 0.0240843459  8.663763  55609.76  3.089484e+03  1.860253e+02
[22,]   22 0.0633442248  5.464056  55870.88  5.390670e+03  1.533611e+02
[23,]   23 0.0293959999  8.230859  55558.31  3.658921e+03  1.064120e+02
[24,]   24 0.0256504264  7.869562  55519.34  3.615020e+03  4.548727e+01
[25,]   25 0.0000010000  7.601990  55624.76 -9.488669e+05  1.376838e+00
[26,]   26 0.0139491103  7.747495  55476.66  2.750190e+03  2.618676e+01
[27,]   27 0.0000010000  7.586573  55624.77 -9.549851e+05 -1.431326e+00
[28,]   28 0.0085778880  7.685526  55463.32  1.538125e+03  1.711709e+01
[29,]   29 0.0016960476  7.577353  55470.12 -9.539482e+03  2.463241e+01
[30,]   30 0.0056385108  7.639323  55459.99  3.779612e+01  1.690796e+01
[31,]   31 0.0050586311  7.532742  55458.49 -2.550538e+02  8.921795e+00
[32,]   32 0.0053499714  7.421510  55458.35 -1.364454e+01 -3.685922e+00
[33,]   33 0.0053999658  7.454671  55458.24  3.873477e+01 -2.353466e+00
[34,]   34 0.0052949601  7.515916  55458.33 -4.121731e+01  5.975333e+00
[35,]   35 0.0053648680  7.475142  55458.22  1.877736e+01 -1.537902e-01
[36,]   36 0.0053319832  7.476574  55458.22 -7.021039e+00  2.231704e-02
[37,]   37 0.0053410580  7.476411  55458.22  1.898565e-01  3.346649e-03

