[22;0t]0;IPython: scripts/01_msprime_simulations$par
[1] 0.000001 2.128361

$value
[1] -20503.17

$counts
function gradient 
      13       13 

$convergence
[1] 0

$message
[1] "CONVERGENCE: REL_REDUCTION_OF_F <= FACTR*EPSMCH"

$loginfo
      step       par1      par2       fn      gr1           gr2
 [1,]    1 0.10000000  0.010000 23390.05 7550.134 -3.329984e+05
 [2,]    2 0.00000100 10.000000 31071.19 2416.088  1.762834e+03
 [3,]    3 0.06673367  3.333339 21262.32 2413.172  8.609043e+02
 [4,]    4 0.04267073  3.324640 21196.77 2414.180  8.569741e+02
 [5,]    5 0.00000100  3.309213 21080.55 2415.994  8.499703e+02
 [6,]    6 0.00000100  3.248247 21029.59 2415.991  8.216675e+02
 [7,]    7 0.00000100  1.478330 20806.80 2415.550 -1.064646e+03
 [8,]    8 0.00000100  2.477281 20565.18 2415.932  3.380075e+02
 [9,]    9 0.00000100  1.938489 20524.88 2415.852 -2.361909e+02
[10,]   10 0.00000100  2.160116 20503.73 2415.891  3.537823e+01
[11,]   11 0.00000100  2.131244 20503.17 2415.887  3.255642e+00
[12,]   12 0.00000100  2.128317 20503.17 2415.886 -4.917769e-02
[13,]   13 0.00000100  2.128361 20503.17 2415.887 -4.004141e-04

