[22;0t]0;IPython: scripts/01_msprime_simulations$par
[1] 2.913163e-05 1.128650e-02

$value
[1] -8438.818

$counts
function gradient 
      94       94 

$convergence
[1] 52

$message
[1] "ERROR: ABNORMAL_TERMINATION_IN_LNSRCH"

$loginfo
      step         par1         par2        fn         gr1           gr2
 [1,]    1 1.000000e-01  0.010000000  8795.783    709.9140 -5.007930e+04
 [2,]    2 1.000000e-06 10.000000000 26568.257   2416.0879  2.138779e+03
 [3,]    3 6.823744e-02  3.183111810 12452.346   2413.8774  1.916061e+03
 [4,]    4 8.968967e-02  1.040012608  9110.420   2394.9433  8.992179e+02
 [5,]    5 9.657502e-02  0.352158670  8816.252   3350.3702 -8.006556e+02
 [6,]    6 9.887049e-02  0.122838703  9123.348   4708.5290 -7.769678e+02
 [7,]    7 9.966521e-02  0.043446295  8948.685   1668.2503  9.754855e+03
 [8,]    8 9.989684e-02  0.020305828  8677.238    183.2231  7.722689e+03
 [9,]    9 9.986541e-02  0.018928948  8668.275    175.8569  5.163252e+03
[10,]   10 9.971536e-02  0.016149588  8663.989    223.1155 -2.851888e+03
[11,]   11 9.969686e-02  0.017134233  8662.892    196.2940  5.168169e+02
[12,]   12 9.964057e-02  0.016983802  8662.838    199.8219  4.588834e+01
[13,]   13 9.955276e-02  0.016944601  8662.821    201.0367 -7.745266e+01
[14,]   14 9.897516e-02  0.016820406  8662.737    206.0589 -4.667618e+02
[15,]   15 9.745888e-02  0.016644032  8662.547    216.1200 -1.015099e+03
[16,]   16 9.241299e-02  0.016280333  8661.951    247.0850 -2.128051e+03
[17,]   17 7.434709e-02  0.015352885  8659.544    392.2319 -4.871435e+03
[18,]   18 2.083505e-03  0.011643093  8496.465  19863.1172 -3.081237e+03
[19,]   19 1.000000e-06  0.011536184  8447.071 -71691.2590  8.320713e+02
[20,]   20 9.224213e-02  0.016431199  8661.629    242.9758 -1.591554e+03
[21,]   21 2.890424e-02  0.013070009  8637.062   1898.9494 -9.876554e+03
[22,]   22 8.212808e-03  0.011971965  8569.003   7715.0997 -7.060898e+03
[23,]   23 2.017698e-03  0.011643205  8495.148  20178.9006 -3.001940e+03
[24,]   24 4.474682e-04  0.011559877  8453.715  37493.3279  3.263065e+02
[25,]   25 1.317073e-04  0.011543120  8441.017  31224.8955  9.762908e+02
[26,]   26 9.207365e-05  0.011479694  8439.566  38292.6164  7.482499e+02
[27,]   27 1.000000e-06  0.011333948  8446.990 -72117.1307  0.000000e+00
[28,]   28 8.442071e-05  0.011467447  8439.329  37405.0836  6.994676e+02
[29,]   29 2.936304e-05  0.011379337  8438.827  19850.1339  3.256831e+02
[30,]   30 1.000000e-06  0.011324864  8446.990 -72140.3134  6.020822e+01
[31,]   31 2.901001e-05  0.011378659  8438.839  19590.8912  3.229113e+02
[32,]   32 2.933959e-05  0.011379292  8438.828  19833.0444  3.254989e+02
[33,]   33 2.936147e-05  0.011379334  8438.827  19848.9884  3.256707e+02
[34,]   34 2.936294e-05  0.011379337  8438.827  19850.0570  3.256823e+02
[35,]   35 2.936303e-05  0.011379337  8438.827  19850.1287  3.256830e+02
[36,]   36 2.936304e-05  0.011379337  8438.827  19850.1335  3.256831e+02
[37,]   37 2.936304e-05  0.011379337  8438.827  19850.1338  3.256831e+02
[38,]   38 2.936304e-05  0.011379337  8438.827  19850.1339  3.256831e+02
[39,]   39 2.936304e-05  0.011379337  8438.827  19850.1339  3.256831e+02
[40,]   40 2.936304e-05  0.011379337  8438.827  19850.1339  3.256831e+02
[41,]   41 2.936304e-05  0.011379337  8438.827  19850.1339  3.256831e+02
[42,]   42 2.936304e-05  0.011379337  8438.827  19850.1339  3.256831e+02
[43,]   43 2.936304e-05  0.011379337  8438.827  19850.1339  3.256831e+02
[44,]   44 2.936304e-05  0.011379337  8438.827  19850.1339  3.256831e+02
[45,]   45 2.936304e-05  0.011379337  8438.827  19850.1339  3.256831e+02
[46,]   46 2.936304e-05  0.011379337  8438.827  19850.1339  3.256831e+02
[47,]   47 2.936304e-05  0.011379337  8438.827  19850.1339  3.256831e+02
[48,]   48 2.936304e-05  0.011379337  8438.827  19850.1339  3.256831e+02
[49,]   49 1.000000e-06  0.000001000 21480.051 124201.1656 -7.935295e+07
[50,]   50 2.004700e-05  0.007642043  8462.397  42070.3739 -2.118209e+04
[51,]   51 2.832317e-05  0.010962174  8438.879  18937.5775 -1.558632e+02
[52,]   52 2.913163e-05  0.011286503  8438.818  19527.2837  8.845312e+01
[53,]   53 1.000000e-06  0.011289857  8446.990 -72228.4729 -1.313731e+01
[54,]   54 2.880045e-05  0.011286543  8438.830  19282.3129  8.786630e+01
[55,]   55 2.911099e-05  0.011286506  8438.819  19512.1225  8.841657e+01
[56,]   56 2.913033e-05  0.011286504  8438.818  19526.3305  8.845082e+01
[57,]   57 2.913155e-05  0.011286503  8438.818  19527.2237  8.845297e+01
[58,]   58 2.913163e-05  0.011286503  8438.818  19527.2799  8.845311e+01
[59,]   59 2.913163e-05  0.011286503  8438.818  19527.2835  8.845312e+01
[60,]   60 2.913163e-05  0.011286503  8438.818  19527.2837  8.845312e+01
[61,]   61 2.913163e-05  0.011286503  8438.818  19527.2837  8.845312e+01
[62,]   62 2.913163e-05  0.011286503  8438.818  19527.2837  8.845312e+01
[63,]   63 2.913163e-05  0.011286503  8438.818  19527.2837  8.845312e+01
[64,]   64 2.913163e-05  0.011286503  8438.818  19527.2837  8.845312e+01
[65,]   65 2.913163e-05  0.011286503  8438.818  19527.2837  8.845312e+01
[66,]   66 2.913163e-05  0.011286503  8438.818  19527.2837  8.845312e+01
[67,]   67 2.913163e-05  0.011286503  8438.818  19527.2837  8.845312e+01
[68,]   68 2.913163e-05  0.011286503  8438.818  19527.2837  8.845312e+01
[69,]   69 2.913163e-05  0.011286503  8438.818  19527.2837  8.845312e+01
[70,]   70 2.913163e-05  0.011286503  8438.818  19527.2837  8.845312e+01
[71,]   71 2.913163e-05  0.011286503  8438.818  19527.2837  8.845312e+01
[72,]   72 2.913163e-05  0.011286503  8438.818  19527.2837  8.845312e+01
[73,]   73 1.000000e-06  0.000001000 21480.051 124201.1656 -7.935295e+07
[74,]   74 1.989424e-05  0.007580761  8463.739  42152.7866 -2.255759e+04
[75,]   75 2.825690e-05  0.010935591  8438.886  18970.5644 -1.677386e+02
[76,]   76 2.904164e-05  0.011250401  8438.820  19403.3811  2.094246e+01
[77,]   77 2.911729e-05  0.011280750  8438.819  19507.2689  7.676088e+01
[78,]   78 2.912912e-05  0.011285495  8438.818  19523.7714  8.637874e+01
[79,]   79 2.913118e-05  0.011286324  8438.818  19526.6579  8.808282e+01
[80,]   80 2.913155e-05  0.011286471  8438.818  19527.1719  8.838694e+01
[81,]   81 2.913162e-05  0.011286498  8438.818  19527.2637  8.844129e+01
[82,]   82 2.913163e-05  0.011286502  8438.818  19527.2801  8.845100e+01
[83,]   83 2.913163e-05  0.011286503  8438.818  19527.2831  8.845274e+01
[84,]   84 2.913163e-05  0.011286503  8438.818  19527.2836  8.845305e+01
[85,]   85 2.913163e-05  0.011286503  8438.818  19527.2837  8.845310e+01
[86,]   86 2.913163e-05  0.011286503  8438.818  19527.2837  8.845311e+01
[87,]   87 2.913163e-05  0.011286503  8438.818  19527.2837  8.845312e+01
[88,]   88 2.913163e-05  0.011286503  8438.818  19527.2837  8.845312e+01
[89,]   89 2.913163e-05  0.011286503  8438.818  19527.2837  8.845312e+01
[90,]   90 2.913163e-05  0.011286503  8438.818  19527.2837  8.845312e+01
[91,]   91 2.913163e-05  0.011286503  8438.818  19527.2837  8.845312e+01

