[22;0t]0;IPython: scripts/01_msprime_simulations$par
[1] 0.002217973 1.140854844

$value
[1] -14807.42

$counts
function gradient 
      20       20 

$convergence
[1] 0

$message
[1] "CONVERGENCE: REL_REDUCTION_OF_F <= FACTR*EPSMCH"

$loginfo
      step        par1      par2       fn           gr1           gr2
 [1,]    1 0.100000000  0.010000 16128.89  3.847934e+03 -1.879368e+05
 [2,]    2 0.000001000 10.000000 28807.48  2.416088e+03  1.951829e+03
 [3,]    3 0.066943176  3.312410 16948.28  2.413123e+03  1.395962e+03
 [4,]    4 0.088969950  1.111913 15034.08  2.802381e+03 -5.022399e+01
 [5,]    5 0.072531425  1.112281 14988.07  2.791842e+03 -4.615268e+01
 [6,]    6 0.006777328  1.113751 14814.08  1.900593e+03 -5.991542e+01
 [7,]    7 0.000001000  1.114263 14848.93 -2.746293e+05 -7.604772e+01
 [8,]    8 0.004108661  1.113953 14809.70  1.274666e+03 -6.250765e+01
 [9,]    9 0.000001000  1.114669 14848.90 -2.746247e+05 -7.499160e+01
[10,]   10 0.002670439  1.114204 14808.37  4.306412e+02 -6.412551e+01
[11,]   11 0.001916536  1.114735 14808.32 -5.042061e+02 -6.444610e+01
[12,]   12 0.002286620  1.114474 14808.26  3.036010e+01 -6.422652e+01
[13,]   13 0.002213994  1.114950 14808.23 -5.974416e+01 -6.320229e+01
[14,]   14 0.001969603  1.118604 14808.07 -4.058055e+02 -5.471220e+01
[15,]   15 0.001836114  1.125024 14807.83 -6.217435e+02 -3.922284e+01
[16,]   16 0.001906689  1.136907 14807.50 -4.669710e+02 -1.014970e+01
[17,]   17 0.002099631  1.141163 14807.42 -1.576917e+02  4.936367e-01
[18,]   18 0.002190643  1.141179 14807.42 -3.444060e+01  7.200267e-01
[19,]   19 0.002216503  1.140894 14807.42 -1.817838e+00  8.940424e-02
[20,]   20 0.002217973  1.140855 14807.42 -3.091950e-02 -8.098959e-04

