[22;0t]0;IPython: scripts/01_msprime_simulations$par
[1] 2.974198e-05 7.642772e-04

$value
[1] -681.4226

$counts
function gradient 
      74       74 

$convergence
[1] 0

$message
[1] "CONVERGENCE: REL_REDUCTION_OF_F <= FACTR*EPSMCH"

$loginfo
      step         par1         par2         fn         gr1           gr2
 [1,]    1 1.000000e-01 1.000000e-02   903.0079   1581.3453  8.259021e+03
 [2,]    2 1.000000e-06 1.000000e-06  1100.3445  80472.9020 -3.698349e+06
 [3,]    3 5.323072e-02 5.323493e-03   785.5895   1205.7860  1.491563e+04
 [4,]    4 1.858853e-02 1.859586e-03   695.9999    766.8492  9.715308e+03
 [5,]    5 1.000000e-06 1.000000e-06  1100.3445  80472.9020 -3.698349e+06
 [6,]    6 1.260878e-02 1.261664e-03   689.0845    684.1089 -3.053268e+03
 [7,]    7 1.000000e-06 1.000000e+01 24454.0846   2416.0985  2.315289e+03
 [8,]    8 1.060693e-02 1.588849e+00  4325.1992   2415.6794  2.451807e+03
 [9,]    9 1.227814e-02 2.634756e-01  1145.1407   2414.3398  2.202283e+03
[10,]   10 1.254458e-02 5.217514e-02   751.7870   2401.5743  8.592632e+02
[11,]   11 1.259576e-02 1.158879e-02   744.7240   3566.6915  3.216797e+02
[12,]   12 1.260780e-02 2.033202e-03   693.2031    745.1800  1.049158e+04
[13,]   13 1.260864e-02 1.369216e-03   688.9424    689.5557  1.381396e+02
[14,]   14 1.258542e-02 1.364629e-03   688.9257    689.2458  1.301281e+01
[15,]   15 1.249252e-02 1.346284e-03   688.8647    688.0687 -4.975806e+02
[16,]   16 1.134634e-02 1.241229e-03   688.2893    682.3959 -3.766586e+03
[17,]   17 8.659898e-03 1.127675e-03   687.0986    680.6335 -7.759769e+03
[18,]   18 1.000000e-06 9.477725e-04   684.1404 -23934.0989  1.342438e+03
[19,]   19 8.475766e-03 1.123849e-03   687.0027    679.7971 -7.872081e+03
[20,]   20 4.238383e-03 1.035811e-03   684.9928    597.5124 -8.867701e+03
[21,]   21 1.000000e-06 1.051256e-03   684.2844 -24580.1438  1.398347e+03
[22,]   22 4.132540e-03 1.036197e-03   684.9266    589.5692 -8.704131e+03
[23,]   23 2.066770e-03 1.043726e-03   683.8386    443.4794 -4.309959e+03
[24,]   24 1.000000e-06 1.051311e-03   684.2845 -24580.4155  1.398357e+03
[25,]   25 1.036309e-03 1.047510e-03   683.2843    702.3209 -8.894073e+02
[26,]   26 3.811390e-04 1.049915e-03   682.6174   1676.9636  9.607207e+02
[27,]   27 2.041001e-04 1.050565e-03   682.2350   3184.8994  1.027447e+03
[28,]   28 1.000000e-06 1.034928e-03   684.2616 -24497.0836  1.394142e+03
[29,]   29 1.781177e-04 1.048565e-03   682.1501   3556.8584  9.896321e+02
[30,]   30 8.955886e-05 1.041746e-03   681.7604   4204.7667  8.538813e+02
[31,]   31 8.674269e-05 1.041529e-03   681.7461   4254.8908  8.537656e+02
[32,]   32 8.411494e-05 1.041327e-03   681.7328   4299.6465  8.542491e+02
[33,]   33 4.255747e-05 1.038128e-03   681.5939   4121.5371  9.709154e+02
[34,]   34 1.512954e-05 1.036016e-03   681.9442   -623.3318  1.209021e+03
[35,]   35 3.446456e-05 8.896909e-04   681.4790   4006.4771  7.556428e+02
[36,]   36 1.000000e-06 7.972002e-04   683.9426 -22249.2608  1.040637e+03
[37,]   37 3.398070e-05 8.883536e-04   681.4798   3973.9254  7.583795e+02
[38,]   38 3.439030e-05 8.894856e-04   681.4791   4001.5736  7.560577e+02
[39,]   39 3.445294e-05 8.896587e-04   681.4790   4005.7123  7.557076e+02
[40,]   40 3.446274e-05 8.896858e-04   681.4790   4006.3572  7.556529e+02
[41,]   41 3.446427e-05 8.896901e-04   681.4790   4006.4583  7.556444e+02
[42,]   42 3.446451e-05 8.896907e-04   681.4790   4006.4742  7.556430e+02
[43,]   43 3.446455e-05 8.896908e-04   681.4790   4006.4767  7.556428e+02
[44,]   44 3.446456e-05 8.896909e-04   681.4790   4006.4771  7.556428e+02
[45,]   45 3.446456e-05 8.896909e-04   681.4790   4006.4771  7.556428e+02
[46,]   46 3.446456e-05 8.896909e-04   681.4790   4006.4771  7.556428e+02
[47,]   47 3.446456e-05 8.896909e-04   681.4790   4006.4771  7.556428e+02
[48,]   48 3.446456e-05 8.896909e-04   681.4790   4006.4771  7.556428e+02
[49,]   49 3.446456e-05 8.896909e-04   681.4790   4006.4771  7.556428e+02
[50,]   50 3.446456e-05 8.896909e-04   681.4790   4006.4771  7.556428e+02
[51,]   51 3.446456e-05 8.896909e-04   681.4790   4006.4771  7.556428e+02
[52,]   52 3.446456e-05 8.896909e-04   681.4790   4006.4771  7.556428e+02
[53,]   53 3.446456e-05 8.896909e-04   681.4790   4006.4771  7.556428e+02
[54,]   54 1.000000e-06 1.000000e-06  1100.3445  80472.9020 -3.698349e+06
[55,]   55 2.520463e-05 6.437826e-04   681.4450   6342.9731 -1.109807e+03
[56,]   56 2.974198e-05 7.642772e-04   681.4226   4716.3078  2.798900e+02
[57,]   57 1.000000e-06 6.487978e-04   683.7967 -19024.8665  2.848245e+02
[58,]   58 2.939046e-05 7.628649e-04   681.4240   4696.8802  2.821910e+02
[59,]   59 2.970290e-05 7.641202e-04   681.4227   4714.1988  2.801305e+02
[60,]   60 2.973756e-05 7.642595e-04   681.4226   4716.0700  2.799170e+02
[61,]   61 2.974148e-05 7.642752e-04   681.4226   4716.2809  2.798930e+02
[62,]   62 2.974192e-05 7.642770e-04   681.4226   4716.3048  2.798903e+02
[63,]   63 2.974197e-05 7.642772e-04   681.4226   4716.3075  2.798900e+02
[64,]   64 2.974198e-05 7.642772e-04   681.4226   4716.3078  2.798900e+02
[65,]   65 2.974198e-05 7.642772e-04   681.4226   4716.3078  2.798900e+02
[66,]   66 2.974198e-05 7.642772e-04   681.4226   4716.3078  2.798900e+02
[67,]   67 2.974198e-05 7.642772e-04   681.4226   4716.3078  2.798900e+02
[68,]   68 2.974198e-05 7.642772e-04   681.4226   4716.3078  2.798900e+02
[69,]   69 2.974198e-05 7.642772e-04   681.4226   4716.3078  2.798900e+02
[70,]   70 2.974198e-05 7.642772e-04   681.4226   4716.3078  2.798900e+02
[71,]   71 2.974198e-05 7.642772e-04   681.4226   4716.3078  2.798900e+02

