[22;0t]0;IPython: scripts/01_msprime_simulations$par
[1] 0.003261127 0.010129466

$value
[1] -5121.878

$counts
function gradient 
      25       25 

$convergence
[1] 0

$message
[1] "CONVERGENCE: REL_REDUCTION_OF_F <= FACTR*EPSMCH"

$loginfo
      step        par1        par2       fn           gr1           gr2
 [1,]    1 0.100000000 0.010000000 5215.511  4.784855e+02 -9.434980e+03
 [2,]    2 0.000010000 1.000000000 6025.507  2.415505e+03  1.560847e+03
 [3,]    3 0.069702708 0.309973191 5445.555  2.639089e+03  4.023533e+02
 [4,]    4 0.091249562 0.096638002 5499.106  2.889852e+03  9.711863e+01
 [5,]    5 0.098286606 0.026964294 5307.120  9.204241e+02  8.499501e+03
 [6,]    6 0.099648360 0.013481585 5206.442  4.665027e+02  2.389878e+03
 [7,]    7 0.099578561 0.012791736 5205.269  4.624920e+02  8.685415e+02
 [8,]    8 0.099320379 0.012377359 5205.005  4.619331e+02 -1.941521e+02
 [9,]    9 0.099052684 0.012340979 5204.890  4.624189e+02 -2.935539e+02
[10,]   10 0.097981905 0.012195457 5204.466  4.645527e+02 -6.998309e+02
[11,]   11 0.081448383 0.011131930 5198.839  5.205650e+02 -4.021699e+03
[12,]   12 0.019417545 0.008782628 5160.205  1.844337e+03 -9.643344e+03
[13,]   13 0.000010000 0.008047603 5218.653 -4.509627e+05  0.000000e+00
[14,]   14 0.011399496 0.008478959 5145.306  2.629604e+03 -8.288249e+03
[15,]   15 0.003928304 0.008196001 5126.033  2.183843e+03 -4.295573e+03
[16,]   16 0.000010000 0.008547474 5219.365 -4.526045e+05  9.844732e+02
[17,]   17 0.002605810 0.008314629 5123.957 -5.940927e+01 -2.492206e+03
[18,]   18 0.008479925 0.015741958 5136.894  1.833322e+03  2.425110e+03
[19,]   19 0.003911301 0.009965314 5122.240  9.217922e+02 -4.862357e+02
[20,]   20 0.003416819 0.010007397 5121.914  2.973627e+02 -2.126955e+02
[21,]   21 0.003200466 0.010083781 5121.881 -8.440874e+01 -2.637304e+01
[22,]   22 0.003259775 0.010118103 5121.878  2.558655e+00 -1.241512e+01
[23,]   23 0.003261319 0.010128137 5121.878  9.079376e-01 -1.604136e+00
[24,]   24 0.003261127 0.010129466 5121.878  2.668504e-02 -7.792842e-03

