[22;0t]0;IPython: scripts/01_msprime_simulations$par
[1] 0.0408470025 0.0009224229

$value
[1] -736.864

$counts
function gradient 
      32       32 

$convergence
[1] 0

$message
[1] "CONVERGENCE: REL_REDUCTION_OF_F <= FACTR*EPSMCH"

$loginfo
      step        par1         par2        fn           gr1           gr2
 [1,]    1 0.100000000 0.0100000000  954.2920  1.519355e+03  6.810146e+03
 [2,]    2 0.000001000 0.0000010000 1150.0960  1.129358e+05 -3.846549e+06
 [3,]    3 0.053751785 0.0053755947  851.1047  9.472536e+02  1.423689e+04
 [4,]    4 0.018766229 0.0018773540  756.5185  6.586163e+01  2.653302e+04
 [5,]    5 0.007437604 0.0007445934  738.9824 -1.540527e+02 -1.157430e+04
 [6,]    6 0.018254432 0.0063625687  818.4014  1.639706e+03  3.380926e+03
 [7,]    7 0.008624761 0.0013611715  744.6467 -2.130921e+02  2.007341e+04
 [8,]    8 0.007686490 0.0008738586  738.3960 -2.450161e+02  1.185132e+03
 [9,]    9 0.011944932 0.0008969903  737.6946 -1.210170e+02  1.183494e+03
[10,]   10 0.015880248 0.0009018235  737.3405 -6.821006e+01  5.164231e+02
[11,]   11 0.021043997 0.0009119418  737.0925 -3.533501e+01  4.691114e+02
[12,]   12 0.026455220 0.0009157399  736.9574 -1.753822e+01  1.898681e+02
[13,]   13 0.031821028 0.0009204388  736.8940 -8.040522e+00  2.125429e+02
[14,]   14 0.038562615 0.0000010000 1265.6592  1.519280e+02 -4.131928e+06
[15,]   15 0.033635704 0.0006729475  740.2452  1.770639e+01 -3.261445e+04
[16,]   16 0.031844353 0.0009172576  736.8923 -7.818219e+00 -7.540890e+01
[17,]   17 0.036292314 0.0009208913  736.8701 -3.148430e+00  2.662935e+01
[18,]   18 0.039240611 0.0009222574  736.8647 -9.759379e-01  3.773174e+01
[19,]   19 0.040540665 0.0009223881  736.8640 -1.860026e-01  6.899064e+00
[20,]   20 0.040847002 0.0009224229  736.8640 -1.431928e-02  5.779951e-01
[21,]   21 0.040872521 0.0009224253  736.8640 -2.331825e-04  8.345632e-03
[22,]   22 0.040848644 0.0009224231  736.8640 -1.341184e-02  5.412968e-01
[23,]   23 0.040847115 0.0009224229  736.8640 -1.425692e-02  5.754729e-01
[24,]   24 0.040847010 0.0009224229  736.8640 -1.431499e-02  5.778210e-01
[25,]   25 0.040847003 0.0009224229  736.8640 -1.431899e-02  5.779833e-01
[26,]   26 0.040847002 0.0009224229  736.8640 -1.431927e-02  5.779945e-01
[27,]   27 0.040847002 0.0009224229  736.8640 -1.431929e-02  5.779951e-01
[28,]   28 0.040847002 0.0009224229  736.8640 -1.431929e-02  5.779951e-01
[29,]   29 0.040847002 0.0009224229  736.8640 -1.431928e-02  5.779947e-01
[30,]   30 0.040847002 0.0009224229  736.8640 -1.431928e-02  5.779951e-01
[31,]   31 0.040847002 0.0009224229  736.8640 -1.431930e-02  5.779951e-01
[32,]   32 0.040847002 0.0009224229  736.8640 -1.431929e-02  5.779951e-01

