[22;0t]0;IPython: scripts/01_msprime_simulations$par
[1] 0.0006935734 0.3862615495

$value
[1] -44844.17

$counts
function gradient 
      54       54 

$convergence
[1] 0

$message
[1] "CONVERGENCE: REL_REDUCTION_OF_F <= FACTR*EPSMCH"

$loginfo
      step         par1       par2        fn           gr1           gr2
 [1,]    1 0.1000000000  0.0100000  98702.77  5.597173e+04 -2.490887e+06
 [2,]    2 0.0000010000 10.0000000  50914.21 -1.037121e+06  8.463358e+02
 [3,]    3 3.0151470869 10.0000000  59497.40  2.221226e+03  5.561583e+02
 [4,]    4 1.0006305231 10.0000000  54176.32  3.184495e+03  6.028731e+02
 [5,]    5 0.3319680388 10.0000000  51883.37  3.690597e+03  7.151906e+02
 [6,]    6 0.1102325876 10.0000000  51053.02  3.733059e+03  7.867990e+02
 [7,]    7 0.0367217983 10.0000000  50789.95  3.205517e+03  8.225161e+02
 [8,]    8 0.0366085766  9.9967109  50786.88  3.204701e+03  8.227780e+02
 [9,]    9 0.0361556900  9.9835545  50774.60  3.201410e+03  8.238192e+02
[10,]   10 0.0343441437  9.9309290  50725.36  3.187240e+03  8.272088e+02
[11,]   11 0.0270979583  9.7204271  50527.92  3.122313e+03  8.300610e+02
[12,]   12 0.0000010000  8.9332593  49981.74 -9.206400e+05  7.930749e+02
[13,]   13 0.0262999770  9.6972457  50506.19  3.112789e+03  8.299643e+02
[14,]   14 0.0131504885  9.3152525  50149.48  2.609094e+03  8.436985e+02
[15,]   15 0.0043269748  9.0589291  49922.34 -1.376865e+03  8.255355e+02
[16,]   16 0.0000010000  8.9303194  49979.41 -9.207133e+05  7.923481e+02
[17,]   17 0.0022275192  8.9965130  49878.74 -7.005454e+03  8.127294e+02
[18,]   18 0.0000010000  8.9139385  49966.46 -9.212695e+05  7.883618e+02
[19,]   19 0.0013208921  8.9628891  49860.75 -1.465018e+04  8.066681e+02
[20,]   20 0.0000010000  8.8737829  49934.99 -9.240611e+05  7.793869e+02
[21,]   21 0.0007829087  8.9265697  49842.08 -2.672544e+04  8.039090e+02
[22,]   22 0.0000010000  8.7660605  49851.90 -9.444730e+05  7.650748e+02
[23,]   23 0.0003597910  8.8397127  49788.85 -6.048154e+04  7.986218e+02
[24,]   24 0.0000010000  8.3128237  49494.95 -9.755160e+05  8.652801e+02
[25,]   25 0.0000010000  4.8138755  47213.37 -1.190182e+06  7.380626e+02
[26,]   26 0.0008099832  0.0000010 340460.53  1.235095e+05 -1.263318e+09
[27,]   27 0.0002737152  3.1910769  45912.93 -1.061612e+05  7.797585e+02
[28,]   28 0.0004772475  0.0000010 340419.34  1.240710e+05 -1.263318e+09
[29,]   29 0.0003419843  2.1207215  45199.16 -7.133546e+04  4.790826e+02
[30,]   30 0.0004536193  0.4120016  44872.86 -3.046055e+04  1.676634e+03
[31,]   31 0.0004805363  0.0000010 340419.74  1.240656e+05 -1.263318e+09
[32,]   32 0.0004626022  0.2745057  44911.12 -1.986708e+04 -1.621015e+03
[33,]   33 0.0004536193  0.4120016  44872.86 -3.046055e+04  1.676634e+03
[34,]   34 0.0004827832  0.0000010 340420.02  1.240618e+05 -1.263318e+09
[35,]   35 0.0004633521  0.2745057  44911.11 -1.975692e+04 -1.620833e+03
[36,]   36 0.0004572925  0.3601089  44863.09 -2.734013e+04 -3.136152e+02
[37,]   37 0.0005203729  0.3683344  44855.32 -1.909276e+04 -9.856554e+02
[38,]   38 0.0007726942  0.4012363  44853.46  2.126897e+03  1.206538e+03
[39,]   39 0.0006416705  0.3841512  44844.41 -3.487542e+03 -1.573998e+02
[40,]   40 0.0007331176  0.3985290  44850.37  7.769680e+02  1.022131e+03
[41,]   41 0.0006556583  0.3863504  44844.20 -2.420816e+03  6.720942e+00
[42,]   42 0.0006823560  0.3862932  44844.17 -7.162237e+02  2.386464e+00
[43,]   43 0.0006935734  0.3862615  44844.17 -4.147903e+01  8.515439e-02
[44,]   44 0.0006942629  0.3862604  44844.17 -7.529679e-01  1.718618e-03
[45,]   45 0.0006935899  0.3862615  44844.17 -4.050307e+01  8.315070e-02
[46,]   46 0.0006935738  0.3862615  44844.17 -4.145514e+01  8.510200e-02
[47,]   47 0.0006935734  0.3862615  44844.17 -4.147844e+01  8.515541e-02
[48,]   48 0.0006935734  0.3862615  44844.17 -4.147902e+01  8.515468e-02
[49,]   49 0.0006935734  0.3862615  44844.17 -4.147903e+01  8.515446e-02
[50,]   50 0.0006935734  0.3862615  44844.17 -4.147903e+01  8.515446e-02
[51,]   51 0.0006935734  0.3862615  44844.17 -4.147903e+01  8.515275e-02
[52,]   52 0.0006935734  0.3862615  44844.17 -4.147903e+01  8.515297e-02
[53,]   53 0.0006935734  0.3862615  44844.17 -4.147903e+01  8.515293e-02
[54,]   54 0.0006935734  0.3862615  44844.17 -4.147903e+01  8.515297e-02

