[22;0t]0;IPython: scripts/01_msprime_simulations$par
[1] 0.0006892960 0.0001478304

$value
[1] -122.5084

$counts
function gradient 
      46       46 

$convergence
[1] 0

$message
[1] "CONVERGENCE: REL_REDUCTION_OF_F <= FACTR*EPSMCH"

$loginfo
      step         par1         par2         fn          gr1          gr2
 [1,]    1 0.1000000000 1.000000e-02   362.2888  2215.907804    2995.3729
 [2,]    2 0.0000010000 1.000000e-06   155.6133 40225.586485 -309675.2618
 [3,]    3 0.0000010000 1.000000e+01 24356.1107  2416.098515    2323.4690
 [4,]    4 0.0000010000 3.294276e+00  8293.0236  2416.073937    2466.8481
 [5,]    5 0.0000010000 1.085129e+00  2795.2636  2415.987258    2507.7985
 [6,]    6 0.0000010000 3.575490e-01   970.1160  2415.710774    2501.2405
 [7,]    7 0.0000010000 1.179274e-01   375.4038  2414.866095    2438.2973
 [8,]    8 0.0000010000 3.899457e-02   188.1215  2412.312518    2234.0493
 [9,]    9 0.0000010000 1.297584e-02   135.1840  2404.643130    1617.5423
[10,]   10 0.0000010000 1.290842e-02   135.0751  2404.582780    1612.7134
[11,]   11 0.0000010000 1.263874e-02   134.6429  2404.334860    1592.8822
[12,]   12 0.0000010000 1.156002e-02   132.9709  2403.225327    1504.3012
[13,]   13 0.0000010000 7.245142e-03   127.6073  2395.188551     886.0967
[14,]   14 0.0000010000 3.027909e-04   124.9935 -6426.792659    1998.3637
[15,]   15 0.0000010000 1.000000e-06   155.6133 40225.586485 -309675.2618
[16,]   16 0.0000010000 3.027909e-04   124.9935 -6426.792659    1998.3637
[17,]   17 0.0503404305 1.000000e-06   168.7021     3.995305 -452715.2853
[18,]   18 0.0159299968 2.072947e-04   124.9241    36.856471   30307.9416
[19,]   19 0.0052504663 2.713198e-04   126.0104   228.255052   26735.3494
[20,]   20 0.0016599780 2.928452e-04   125.2924   619.413936   16567.9068
[21,]   21 0.0005456697 2.995256e-04   124.3844  1115.233398   11158.7746
[22,]   22 0.0008283164 1.000000e-06   164.9219  2354.888349 -425250.2863
[23,]   23 0.0005720084 2.717072e-04   124.0894   964.652592   11900.2414
[24,]   24 0.0007001624 1.363536e-04   122.4025    81.652137  -14554.9637
[25,]   25 0.0006269678 2.136602e-04   123.3693   535.523626   11667.6836
[26,]   26 0.0006892960 1.478304e-04   122.5084   103.145379   -5043.9690
[27,]   27 0.0003375626 2.179386e-04   123.2837   179.633964   10315.3984
[28,]   28 0.0006592430 1.538207e-04   122.5709   121.336585   -1479.8353
[29,]   29 0.0006872906 1.482302e-04   122.5124   104.164674   -4779.8763
[30,]   30 0.0006891681 1.478559e-04   122.5087   103.209542   -5027.0015
[31,]   31 0.0006892879 1.478321e-04   122.5084   103.149455   -5042.8898
[32,]   32 0.0006892955 1.478305e-04   122.5084   103.145638   -5043.9005
[33,]   33 0.0006892960 1.478305e-04   122.5084   103.145396   -5043.9647
[34,]   34 0.0006892960 1.478304e-04   122.5084   103.145380   -5043.9688
[35,]   35 0.0006892960 1.478304e-04   122.5084   103.145379   -5043.9690
[36,]   36 0.0006892960 1.478304e-04   122.5084   103.145379   -5043.9690
[37,]   37 0.0006892960 1.478304e-04   122.5084   103.145379   -5043.9690
[38,]   38 0.0006892960 1.478304e-04   122.5084   103.145379   -5043.9690
[39,]   39 0.0006892960 1.478304e-04   122.5084   103.145379   -5043.9690
[40,]   40 0.0006892960 1.478304e-04   122.5084   103.145379   -5043.9690
[41,]   41 0.0006892960 1.478304e-04   122.5084   103.145379   -5043.9690
[42,]   42 0.0006892960 1.478304e-04   122.5084   103.145379   -5043.9690
[43,]   43 0.0006892960 1.478304e-04   122.5084   103.145379   -5043.9690
[44,]   44 0.0006892960 1.478304e-04   122.5084   103.145379   -5043.9690

