[22;0t]0;IPython: scripts/01_msprime_simulations$par
[1] 0.000001 3.968339

$value
[1] -31270.65

$counts
function gradient 
      16       16 

$convergence
[1] 0

$message
[1] "CONVERGENCE: REL_REDUCTION_OF_F <= FACTR*EPSMCH"

$loginfo
      step        par1      par2       fn         gr1           gr2
 [1,]    1 0.100000000  0.010000 38947.33 19760.58119 -7.169557e+05
 [2,]    2 0.000001000 10.000000 36512.60  2413.53016  1.308535e+03
 [3,]    3 0.066664494  3.340250 31522.34  2094.95234 -3.426840e+02
 [4,]    4 0.056958468  3.341701 31501.57  2080.79202 -3.471656e+02
 [5,]    5 0.018134361  3.347504 31420.72  1924.46420 -3.735471e+02
 [6,]    6 0.000001000  3.350214 31394.64  -160.76033 -4.259280e+02
 [7,]    7 0.002799970  3.352128 31393.51   901.36283 -3.932875e+02
 [8,]    8 0.001167508  3.351012 31393.01    82.09299 -4.054815e+02
 [9,]    9 0.000001000  3.360786 31390.18   150.94753 -4.172858e+02
[10,]   10 0.000001000  3.371144 31385.90   421.51108 -4.088733e+02
[11,]   11 0.000001000  3.412576 31369.65  1223.30408 -3.757445e+02
[12,]   12 0.000001000  3.578300 31317.87  2254.50034 -2.511069e+02
[13,]   13 0.000001000  3.906978 31271.75  2402.27248 -3.607228e+01
[14,]   14 0.000001000  3.962114 31270.66  2404.18750 -3.607294e+00
[15,]   15 0.000001000  3.968240 31270.65  2404.34820 -5.719259e-02
[16,]   16 0.000001000  3.968339 31270.65  2404.35078  3.399691e-05

