[22;0t]0;IPython: scripts/01_msprime_simulations$par
[1] 0.000001000 0.002716781

$value
[1] -79.95625

$counts
function gradient 
      18       18 

$convergence
[1] 0

$message
[1] "CONVERGENCE: REL_REDUCTION_OF_F <= FACTR*EPSMCH"

$loginfo
      step  par1         par2          fn       gr1           gr2
 [1,]    1 1e-01  0.010000000   320.84603  2247.966  2.982866e+03
 [2,]    2 1e-06  0.000001000    87.42586 35598.321 -1.404898e+05
 [3,]    3 1e-06 10.000000000 24349.66505  2416.088  2.324007e+03
 [4,]    4 1e-06  3.248343409  8167.35830  2415.991  2.469381e+03
 [5,]    5 1e-06  1.054818679  2701.19806  2415.555  2.512927e+03
 [6,]    6 1e-06  0.342623526   909.09120  2414.031  2.514741e+03
 [7,]    7 1e-06  0.111414049   330.21330  2409.239  2.477411e+03
 [8,]    8 1e-06  0.036335296   147.27674  2394.273  2.349235e+03
 [9,]    9 1e-06  0.011933122    93.03693  2341.451  1.955812e+03
[10,]   10 1e-06  0.003979430    80.50156  2046.310  7.834008e+02
[11,]   11 1e-06  0.003957368    80.48437  2042.539  7.735976e+02
[12,]   12 1e-06  0.003869122    80.41784  2026.730  7.332740e+02
[13,]   13 1e-06  0.003516137    80.18983  1949.516  5.520358e+02
[14,]   14 1e-06  0.002410724    79.98969  1477.925 -1.939859e+02
[15,]   15 1e-06  0.002698161    79.95639  1629.177 -1.426923e+01
[16,]   16 1e-06  0.002720983    79.95626  1641.463  3.233075e+00
[17,]   17 1e-06  0.002716768    79.95625  1639.204 -1.000449e-02
[18,]   18 1e-06  0.002716781    79.95625  1639.211 -6.258887e-06

