[22;0t]0;IPython: scripts/01_msprime_simulations$par
[1] 0.005201509 0.004562251

$value
[1] -2819.396

$counts
function gradient 
      14       14 

$convergence
[1] 0

$message
[1] "CONVERGENCE: REL_REDUCTION_OF_F <= FACTR*EPSMCH"

$loginfo
      step        par1        par2       fn           gr1           gr2
 [1,]    1 0.100000000 0.010000000 2899.237  4.897990e+02  1.602776e+04
 [2,]    2 0.000001000 0.000001000 5681.160  1.175604e+05 -2.069240e+07
 [3,]    3 0.065416644 0.006541976 2842.471  3.719789e+02  5.989836e+03
 [4,]    4 0.026083490 0.003658607 2843.711  7.377790e+02 -2.538395e+04
 [5,]    5 0.045807689 0.005104515 2833.563  3.896501e+02 -4.809216e+03
 [6,]    6 0.037575547 0.005023671 2830.753  3.895605e+02 -4.943958e+03
 [7,]    7 0.004646981 0.004700293 2819.554 -2.712212e+02  1.159862e+03
 [8,]    8 0.023915111 0.005041877 2825.452  3.760790e+02 -2.818798e+03
 [9,]    9 0.007081742 0.004743456 2819.643  2.225737e+02 -1.189958e+01
[10,]   10 0.005568237 0.004716625 2819.450 -9.280254e+00  6.891676e+02
[11,]   11 0.005433191 0.004647221 2819.413  1.820158e+00  3.643916e+02
[12,]   12 0.005213791 0.004561095 2819.396  4.218493e+00 -1.626567e+01
[13,]   13 0.005202893 0.004562275 2819.396  3.627861e-01 -8.558262e-01
[14,]   14 0.005201509 0.004562251 2819.396 -1.326223e-03  5.281822e-04

