[22;0t]0;IPython: scripts/01_msprime_simulations$par
[1] 7.7063367149 0.0003595734

$value
[1] -311.8201

$counts
function gradient 
      74       74 

$convergence
[1] 52

$message
[1] "ERROR: ABNORMAL_TERMINATION_IN_LNSRCH"

$loginfo
      step         par1         par2         fn           gr1           gr2
 [1,]    1  0.100000000 0.0100000000   542.1286  2.081307e+03  2.206363e+03
 [2,]    2  0.000001000 0.0000010000   435.5773  1.022350e+05 -1.219526e+06
 [3,]    3  0.089540852 0.0089541793   518.2106  2.049895e+03  2.210084e+03
 [4,]    4  0.044770926 0.0044775897   420.6047  1.693857e+03  3.950742e+03
 [5,]    5  0.016299606 0.0016307140   354.5284  5.803729e+02  2.441171e+04
 [6,]    6  0.010929719 0.0010937735   336.8784  2.084908e+02  3.323644e+04
 [7,]    7  0.009560576 0.0009568715   331.9884  1.104027e+02  3.467627e+04
 [8,]    8  0.000001000 0.0000010000   435.5773  1.022350e+05 -1.219526e+06
 [9,]    9  0.008669070 0.0008677290   328.7961  4.266131e+01  3.502207e+04
[10,]   10  0.004335035 0.0004343645   315.9224 -3.529839e+02  1.895563e+04
[11,]   11  0.003656975 0.0000010000   476.2358  1.101104e+03 -1.477936e+06
[12,]   12  0.004214502 0.0003573292   314.7742 -3.241480e+02  6.777442e+03
[13,]   13  0.004848279 0.0003191662   314.4049 -2.378970e+02 -3.684482e+03
[14,]   14  0.005772015 0.0003258103   314.2073 -1.990465e+02 -2.688730e+03
[15,]   15  0.010333808 0.0003504177   313.6185 -1.041951e+02  1.446730e+03
[16,]   16  0.014734623 0.0003558085   313.2794 -6.537793e+01  1.627363e+03
[17,]   17  0.021910519 0.0003579966   312.9371 -3.677192e+01  1.163190e+03
[18,]   18  0.031057506 0.0003587130   312.6832 -2.145059e+01  7.296047e+02
[19,]   19  0.042118266 0.0002982404   312.8408 -1.104884e+01 -2.035078e+04
[20,]   20  0.035474224 0.0003345654   312.5967 -1.637705e+01 -6.604317e+03
[21,]   21  0.046278796 0.0003539225   312.4356 -1.118561e+01 -1.074939e+03
[22,]   22  0.063812278 0.0003630807   312.3107 -6.543933e+00  1.259292e+03
[23,]   23  0.085768429 0.0003636340   312.2030 -3.810655e+00  1.295976e+03
[24,]   24  0.121047077 0.0000010000   481.7237  2.089581e+00 -1.513028e+06
[25,]   25  0.088120965 0.0003394520   312.1795 -3.511665e+00 -5.930881e+03
[26,]   26  0.086308808 0.0003580794   312.1836 -3.744931e+00 -2.659872e+02
[27,]   27  0.116470681 0.0003589989   312.1009 -2.116681e+00 -8.035306e+01
[28,]   28  0.155654657 0.0003596216   312.0398 -1.212817e+00  5.767744e+01
[29,]   29  0.208196663 0.0003595948   311.9913 -7.049742e-01  2.805779e+01
[30,]   30  0.281136101 0.0003596043   311.9521 -4.120786e-01  1.848165e+01
[31,]   31  0.383754723 0.0003595985   311.9201 -2.376154e-01  9.716753e+00
[32,]   32  0.505503958 0.0000010000   481.9040  9.090706e-02 -1.514752e+06
[33,]   33  0.390417347 0.0003399745   311.9203 -2.284207e-01 -6.062543e+03
[34,]   34  0.387442190 0.0003487375   311.9066 -2.327561e-01 -3.258090e+03
[35,]   35  0.383856670 0.0003592982   311.9192 -2.374880e-01 -7.771722e+01
[36,]   36  0.523596017 0.0003594918   311.8947 -1.358635e-01 -2.526857e+01
[37,]   37  0.710409849 0.0003595965   311.8757 -7.769242e-02  3.284424e+00
[38,]   38  0.959910881 0.0003595942   311.8611 -4.399497e-02  1.612988e+00
[39,]   39  1.285656440 0.0003595932   311.8503 -2.500184e-02  8.437152e-01
[40,]   40  1.714455407 0.0003595924   311.8422 -1.456293e-02  4.105152e-01
[41,]   41  2.297775597 0.0000010000   481.9344  2.283199e-03 -1.515190e+06
[42,]   42  1.746128297 0.0003401217   311.8436 -1.402364e-02 -6.057174e+03
[43,]   43  1.726844330 0.0003519764   311.8299 -1.436271e-02 -2.281977e+03
[44,]   44  1.714586204 0.0003595120   311.8420 -1.455877e-02 -2.313688e+01
[45,]   45  2.312577670 0.0003596158   311.8356 -8.629049e-03  7.170655e+00
[46,]   46  3.182784136 0.0003595918   311.8298 -4.992842e-03  1.089751e-01
[47,]   47  4.377657158 0.0003595917   311.8253 -2.774354e-03  3.695952e-02
[48,]   48  5.871917813 0.0003595917   311.8222 -1.528889e-03  2.677224e-02
[49,]   49  7.706219447 0.0003595917   311.8201 -8.555955e-04  1.232075e-02
[50,]   50 10.000000000 0.0000010000   481.9359 -7.007657e-06 -1.515279e+06
[51,]   51  7.830529736 0.0003401580   311.8219 -8.232288e-04 -6.052964e+03
[52,]   52  7.748811776 0.0003529332   311.8086 -8.450587e-04 -1.992192e+03
[53,]   53  7.706336715 0.0003595734   311.8201 -8.540232e-04 -5.362831e+00
[54,]   54  7.707190738 5.3631909075 31279.5898  2.225413e+03  2.428497e+03
[55,]   55  7.706336869 0.0013244805   362.5582  5.336035e-03  7.331540e+04
[56,]   56  7.706336715 0.0003596040   311.8202 -8.528144e-04  3.620282e+00
[57,]   57  7.706336715 0.0003595734   311.8201 -8.543680e-04 -5.359781e+00
[58,]   58  7.706336715 0.0003595734   311.8201 -8.540698e-04 -5.362830e+00
[59,]   59  7.706336715 0.0003595734   311.8201 -8.540232e-04 -5.362831e+00
[60,]   60  7.706336715 0.0003595734   311.8201 -8.540232e-04 -5.362831e+00
[61,]   61  7.706336715 0.0003595734   311.8201 -8.536574e-04 -5.362830e+00
[62,]   62  7.706336715 0.0003595734   311.8201 -8.540232e-04 -5.362831e+00
[63,]   63  7.706336715 0.0003595734   311.8201 -8.540232e-04 -5.362831e+00
[64,]   64  7.706336715 0.0003595734   311.8201 -8.534857e-04 -5.362831e+00
[65,]   65  7.706336715 0.0003595734   311.8201 -8.534045e-04 -5.362830e+00
[66,]   66  7.706336715 0.0003595734   311.8201 -8.534857e-04 -5.362831e+00
[67,]   67  7.706336715 0.0003595734   311.8201 -8.534815e-04 -5.362831e+00
[68,]   68  7.706336715 0.0003595734   311.8201 -8.534857e-04 -5.362831e+00
[69,]   69  7.706336715 0.0003595734   311.8201 -8.534803e-04 -5.362831e+00

