[22;0t]0;IPython: scripts/01_msprime_simulations$par
[1] 0.0008266111 3.8427338093

$value
[1] -30695.83

$counts
function gradient 
      26       26 

$convergence
[1] 0

$message
[1] "CONVERGENCE: REL_REDUCTION_OF_F <= FACTR*EPSMCH"

$loginfo
      step         par1      par2       fn           gr1           gr2
 [1,]    1 0.1000000000  0.010000 38015.55  1.905033e+04 -6.940512e+05
 [2,]    2 0.0000010000 10.000000 36187.74  2.416087e+03  1.335657e+03
 [3,]    3 0.0666679461  3.339905 30895.89  2.070712e+03 -2.595707e+02
 [4,]    4 0.0567537966  3.341008 30875.20  2.044091e+03 -2.632188e+02
 [5,]    5 0.0170971988  3.345419 30796.97  1.743976e+03 -2.863041e+02
 [6,]    6 0.0000010000  3.349547 30781.20 -3.032624e+04 -3.491655e+02
 [7,]    7 0.0161301994  3.345652 30795.23  1.722585e+03 -2.872313e+02
 [8,]    8 0.0080655997  3.347600 30781.82  1.405837e+03 -2.983942e+02
 [9,]    9 0.0000010000  3.351945 30780.37 -3.011805e+04 -3.472541e+02
[10,]   10 0.0076644870  3.347816 30781.19  1.377232e+03 -2.991399e+02
[11,]   11 0.0038327435  3.349880 30776.07  8.738379e+02 -3.098088e+02
[12,]   12 0.0000010000  3.355031 30779.30 -2.985069e+04 -3.447975e+02
[13,]   13 0.0020302785  3.352303 30774.21  2.641522e+02 -3.205538e+02
[14,]   14 0.0000010000  3.356267 30778.88 -2.974382e+04 -3.438146e+02
[15,]   15 0.0012822093  3.353765 30773.71 -2.267681e+02 -3.273535e+02
[16,]   16 0.0005778003  3.359219 30772.43 -1.711537e+03 -3.303503e+02
[17,]   17 0.0001290272  3.382626 30766.93 -1.593066e+04 -3.143827e+02
[18,]   18 0.0004475854  3.679433 30704.35 -2.048665e+03 -1.022197e+02
[19,]   19 0.0004593981  3.824736 30696.17 -1.612679e+03 -1.134432e+01
[20,]   20 0.0005085732  3.842849 30696.00 -1.244335e+03 -4.128831e-01
[21,]   21 0.0005680818  3.847125 30695.94 -9.162869e+02  2.258652e+00
[22,]   22 0.0006978588  3.847984 30695.86 -3.792540e+02  2.978535e+00
[23,]   23 0.0007926364  3.842096 30695.83 -9.153454e+01 -4.121248e-01
[24,]   24 0.0008281752  3.843269 30695.83  4.437084e+00  3.203354e-01
[25,]   25 0.0008267401  3.842729 30695.83  2.404574e-01 -2.543966e-03
[26,]   26 0.0008266111  3.842734 30695.83 -8.636738e-02  2.783599e-04

