[22;0t]0;IPython: scripts/01_msprime_simulations$par
[1] 0.0007039548 0.0718896674

$value
[1] -22326.62

$counts
function gradient 
      59       59 

$convergence
[1] 0

$message
[1] "CONVERGENCE: REL_REDUCTION_OF_F <= FACTR*EPSMCH"

$loginfo
      step         par1        par2       fn           gr1           gr2
 [1,]    1 0.1000000000  0.01000000 28593.85  1.436233e+04 -4.936066e+05
 [2,]    2 0.0000010000 10.00000000 33141.53  2.415963e+03  1.589983e+03
 [3,]    3 0.0666756017  3.33914069 24511.87  2.430989e+03  7.943063e+02
 [4,]    4 0.0502408245  3.33355931 24468.19  2.338871e+03  7.903905e+02
 [5,]    5 0.0000010000  3.31649750 24417.38 -2.830959e+05  6.845930e+02
 [6,]    6 0.0497819684  3.33340348 24466.99  2.335552e+03  7.902430e+02
 [7,]    7 0.0248914842  3.32495049 24405.40  2.025056e+03  7.783460e+02
 [8,]    8 0.0000010000  3.30332367 24408.40 -2.857273e+05  6.775111e+02
 [9,]    9 0.0106609786  3.31258590 24370.24  1.445324e+03  7.661173e+02
[10,]   10 0.0000010000  3.27450115 24389.10 -2.939649e+05  6.618578e+02
[11,]   11 0.0052697098  3.29332459 24349.74  5.232712e+02  7.525375e+02
[12,]   12 0.0000010000  3.11563648 24289.20 -4.000361e+05  6.210347e+02
[13,]   13 0.0049327324  3.28195998 24341.05  3.669519e+02  7.498547e+02
[14,]   14 0.0024668662  3.19879823 24280.89 -2.075846e+03  7.341926e+02
[15,]   15 0.0017734628  0.00000100 85076.86  1.174678e+05 -3.146895e+08
[16,]   16 0.0022293022  2.10287185 23155.12 -4.833674e+03  1.044466e+03
[17,]   17 0.0019254380  0.70109032 22455.33 -4.250524e+03  4.282368e+00
[18,]   18 0.0065153973  0.67591403 22461.25  4.073209e+03  6.191465e+01
[19,]   19 0.0032657945  0.69373836 22453.30  5.359831e+02  2.328791e+01
[20,]   20 0.0034504729  0.61843608 22444.54  9.663547e+02  1.320810e+02
[21,]   21 0.0041891863  0.31722696 22374.98  7.102128e+03 -6.180265e+01
[22,]   22 0.0039090884  0.43143640 22390.51  4.999260e+03  3.815664e+02
[23,]   23 0.0041359902  0.33891759 22374.25  6.650606e+03  1.120707e+01
[24,]   24 0.0032682232  0.04959693 22468.34  2.742697e+04 -9.228354e+03
[25,]   25 0.0038391166  0.23993750 22373.80  8.819232e+03 -8.167090e+01
[26,]   26 0.0040289097  0.30321609 22374.62  7.084791e+03 -2.944929e+01
[27,]   27 0.0038798085  0.25350452 22372.80  8.353760e+03 -9.836447e+01
[28,]   28 0.0039038995  0.26153664 22372.38  8.258153e+03 -4.580208e+01
[29,]   29 0.0006320604  0.19782634 22357.36 -2.325575e+04  4.332600e+02
[30,]   30 0.0028175443  0.24038279 22365.83  6.469594e+03 -1.957007e+01
[31,]   31 0.0000010000  0.22354337 22481.75 -8.679956e+05  4.400893e+02
[32,]   32 0.0018358781  0.23451365 22360.34  2.447021e+03  3.498913e+02
[33,]   33 0.0000010000  0.21758520 22478.89 -8.615983e+05  4.663056e+02
[34,]   34 0.0012427628  0.22904161 22358.01 -3.429775e+03  4.382639e+02
[35,]   35 0.0000010000  0.14128300 22456.58 -8.449177e+05  7.293490e+02
[36,]   36 0.0008054596  0.19813625 22354.30 -1.467389e+04  4.137022e+02
[37,]   37 0.0006391421  0.01498196 24177.36  5.939421e+04 -2.010307e+05
[38,]   38 0.0007514922  0.13870564 22337.84 -1.092473e+04  5.376449e+02
[39,]   39 0.0006831566  0.06345222 22336.19  2.119147e+03 -1.925814e+03
[40,]   40 0.0007367826  0.12250689 22333.40 -1.275054e+04  2.808930e+02
[41,]   41 0.0009367332  0.00000100 84977.05  1.210562e+05 -3.146881e+08
[42,]   42 0.0008033536  0.08172012 22332.02 -2.156059e+03  1.475610e+02
[43,]   43 0.0005785550  0.01764180 23714.98  5.265113e+04 -1.477036e+05
[44,]   44 0.0007435823  0.06468243 22334.05  4.200710e+03 -1.862311e+03
[45,]   45 0.0007773060  0.07429531 22327.64  2.310571e+03  7.225848e+02
[46,]   46 0.0007692857  0.07200914 22326.73  2.967442e+03  2.117927e+01
[47,]   47 0.0006397319  0.06432975 22334.50 -9.755153e+02 -1.838942e+03
[48,]   48 0.0007657647  0.07180043 22326.72  2.881111e+03 -4.795345e+01
[49,]   49 0.0007050837  0.07187424 22326.62  5.665229e+01 -5.498746e+00
[50,]   50 0.0007039548  0.07188967 22326.62 -4.908301e+00  9.070369e-02
[51,]   51 0.0007040538  0.07188952 22326.62  1.478310e-01  1.027498e-02
[52,]   52 0.0007039551  0.07188967 22326.62 -4.891215e+00  9.043077e-02
[53,]   53 0.0007039548  0.07188967 22326.62 -4.908243e+00  9.070038e-02
[54,]   54 0.0007039548  0.07188967 22326.62 -4.908299e+00  9.070307e-02
[55,]   55 0.0007039548  0.07188967 22326.62 -4.908300e+00  9.070358e-02
[56,]   56 0.0007039548  0.07188967 22326.62 -4.908300e+00  9.070305e-02
[57,]   57 0.0007039548  0.07188967 22326.62 -4.908300e+00  9.070358e-02
[58,]   58 0.0007039548  0.07188967 22326.62 -4.908300e+00  9.070358e-02

