[22;0t]0;IPython: scripts/01_msprime_simulations$par
[1] 0.0005087632 0.0001464384

$value
[1] -139.6609

$counts
function gradient 
      71       71 

$convergence
[1] 52

$message
[1] "ERROR: ABNORMAL_TERMINATION_IN_LNSRCH"

$loginfo
      step         par1         par2         fn         gr1           gr2
 [1,]    1 0.1000000000 1.000000e-02   376.4858  2207.18005    2911.53840
 [2,]    2 0.0000010000 1.000000e-06   180.4917 48503.98936 -379734.58259
 [3,]    3 0.0000010000 1.000000e+01 24358.6890  2416.09851    2323.25372
 [4,]    4 0.0000010000 3.301440e+00  8315.5957  2416.07447    2466.07739
 [5,]    5 0.0000010000 1.089892e+00  2814.3620  2415.98782    2505.89078
 [6,]    6 0.0000010000 3.599101e-01   985.4034  2415.71224    2495.83521
 [7,]    7 0.0000010000 1.189620e-01   389.5267  2414.76874    2422.33067
 [8,]    8 0.0000010000 3.941600e-02   202.8740  2410.65705    2186.57266
 [9,]    9 0.0000010000 1.313787e-02   151.4552  2389.31537    1476.69541
[10,]   10 0.0000010000 1.308698e-02   151.3801  2389.15863    1472.55269
[11,]   11 0.0000010000 1.288342e-02   151.0821  2388.51586    1455.65442
[12,]   12 0.0000010000 1.206921e-02   149.9261  2385.66533    1382.35957
[13,]   13 0.0000010000 8.812370e-03   146.0489  2366.93598     953.69438
[14,]   14 0.0000010000 9.248126e-04   143.6720  1131.71836     941.18007
[15,]   15 0.0000010000 1.000000e-06   180.4917     0.00000 -379734.58259
[16,]   16 0.0000010000 6.527136e-04   143.3834 -2159.85060    1233.11877
[17,]   17 0.0178267172 1.000000e-06   195.6292    19.85505 -542659.11714
[18,]   18 0.0063776480 4.195814e-04   145.8680   530.79028   22708.06873
[19,]   19 0.0014871933 5.983779e-04   145.0506  1332.16538    8651.00728
[20,]   20 0.0002846359 6.423438e-04   143.2759  1312.30219    4467.50427
[21,]   21 0.0005744949 1.000000e-06   190.7795  4749.38288 -506636.07080
[22,]   22 0.0003647431 4.650981e-04   142.3711   959.57713    7127.35181
[23,]   23 0.0004696190 2.330490e-04   140.2839   135.37390    8334.07693
[24,]   24 0.0004722793 2.271629e-04   140.2238   122.62948    7904.70793
[25,]   25 0.0004733949 2.246946e-04   140.1989   117.79798    7700.91996
[26,]   26 0.0005239449 1.128473e-04   139.8598   527.25920  -83387.24782
[27,]   27 0.0004776304 2.153230e-04   140.1061   102.47158    6779.33641
[28,]   28 0.0005087632 1.464384e-04   139.6609   215.57673  -17296.63012
[29,]   29 0.0005047761 1.552602e-04   139.6761   170.04986  -10859.41434
[30,]   30 0.0005087632 1.464384e-04   139.6609   215.57673  -17296.63012
[31,]   31 0.0000010000 5.589467e-04   143.2612 -4189.04043    1392.57584
[32,]   32 0.0004133593 2.239448e-04   140.1869   -57.79132    7580.34201
[33,]   33 0.0004878830 1.634015e-04   139.7041   118.00270   -6255.43504
[34,]   34 0.0005041159 1.502138e-04   139.6644   191.03754  -14277.64720
[35,]   35 0.0005077834 1.472344e-04   139.6613   210.25579  -16626.83873
[36,]   36 0.0005085607 1.466028e-04   139.6610   214.47072  -17156.69719
[37,]   37 0.0005087216 1.464722e-04   139.6610   215.34901  -17267.78786
[38,]   38 0.0005087546 1.464453e-04   139.6610   215.52994  -17290.70212
[39,]   39 0.0005087614 1.464398e-04   139.6609   215.56712  -17295.41244
[40,]   40 0.0005087628 1.464387e-04   139.6609   215.57476  -17296.38002
[41,]   41 0.0005087631 1.464384e-04   139.6609   215.57633  -17296.57876
[42,]   42 0.0005087632 1.464384e-04   139.6609   215.57665  -17296.61957
[43,]   43 0.0005087632 1.464384e-04   139.6609   215.57672  -17296.62795
[44,]   44 0.0005087632 1.464384e-04   139.6609   215.57673  -17296.62968
[45,]   45 0.0005087632 1.464384e-04   139.6609   215.57673  -17296.63003
[46,]   46 0.0005087632 1.464384e-04   139.6609   215.57673  -17296.63010
[47,]   47 0.0005087632 1.464384e-04   139.6609   215.57673  -17296.63012
[48,]   48 0.0005087632 1.464384e-04   139.6609   215.57673  -17296.63012
[49,]   49 0.0005087632 1.464384e-04   139.6609   215.57673  -17296.63012
[50,]   50 0.0005087632 1.464384e-04   139.6609   215.57673  -17296.63012
[51,]   51 0.0000010000 1.000000e+01 24358.6890  2416.09851    2323.25372
[52,]   52 0.0003686028 2.760455e+00  6979.3843  2416.05714    2477.08147
[53,]   53 0.0004701264 7.610571e-01  1991.0903  2415.91090    2507.54656
[54,]   54 0.0004980595 2.109450e-01   616.2536  2415.35765    2471.63285
[55,]   55 0.0005057518 5.945222e-02   249.2608  2412.81675    2305.87152
[56,]   56 0.0005078851 1.744015e-02   159.6427  2398.24843    1740.24751
[57,]   57 0.0005084925 5.476730e-03   145.3866  2288.03996      23.42799
[58,]   58 0.0005086829 1.727898e-03   145.8783  3087.12559     611.64175
[59,]   59 0.0005087445 5.138990e-04   142.9024  1537.91727    6909.08170
[60,]   60 0.0005087597 2.150854e-04   140.1086   160.65008    6765.77718
[61,]   61 0.0005087624 1.613981e-04   139.6986   154.56514   -7404.59156
[62,]   62 0.0005087630 1.496837e-04   139.6645   199.09955  -14717.90698
[63,]   63 0.0005087632 1.471058e-04   139.6614   212.02973  -16742.44934
[64,]   64 0.0005087632 1.465732e-04   139.6610   214.85360  -17183.65531
[65,]   65 0.0005087632 1.464655e-04   139.6610   215.43100  -17273.86193
[66,]   66 0.0005087632 1.464438e-04   139.6610   215.54743  -17292.05232
[67,]   67 0.0005087632 1.464395e-04   139.6609   215.57084  -17295.71014
[68,]   68 0.0005087632 1.464386e-04   139.6609   215.57555  -17296.44525
[69,]   69 0.0005087632 1.464384e-04   139.6609   215.57650  -17296.59297
[70,]   70 0.0005087632 1.464384e-04   139.6609   215.57669  -17296.62266

