[22;0t]0;IPython: scripts/01_msprime_simulations$par
[1] 0.05311126 0.01048310

$value
[1] -5693.564

$counts
function gradient 
      20       20 

$convergence
[1] 0

$message
[1] "CONVERGENCE: REL_REDUCTION_OF_F <= FACTR*EPSMCH"

$loginfo
      step       par1        par2        fn           gr1           gr2
 [1,]    1 0.10000000  0.01000000  5699.469  1.457989e+02 -5.701573e+03
 [2,]    2 0.00000100 10.00000000 25680.047  2.416088e+03  2.212935e+03
 [3,]    3 0.07751791  2.25598374  8824.099  2.413373e+03  2.024230e+03
 [4,]    4 0.09421139  0.58828748  6085.635  2.398928e+03  7.650201e+02
 [5,]    5 0.09834364  0.17547249  6163.143  2.587219e+03 -1.180423e+03
 [6,]    6 0.09973839  0.03613518  6033.884  1.150150e+03  1.096380e+04
 [7,]    7 0.09997954  0.01204437  5699.634  8.204097e+01  4.860879e+03
 [8,]    8 0.09999041  0.01095843  5696.861  1.093577e+02  7.509370e-01
 [9,]    9 0.09997202  0.01095837  5696.859  1.093391e+02  1.025480e+00
[10,]   10 0.09989850  0.01095813  5696.851  1.092644e+02  2.125509e+00
[11,]   11 0.09960439  0.01095717  5696.819  1.089637e+02  6.555401e+00
[12,]   12 0.09842796  0.01095335  5696.691  1.077306e+02  2.475556e+01
[13,]   13 0.09372223  0.01093807  5696.196  1.022731e+02  1.055228e+02
[14,]   14 0.07489931  0.01087694  5694.533  6.838083e+01  5.766337e+02
[15,]   15 0.02583560  0.01044675  5698.259 -4.968482e+02  2.728993e+03
[16,]   16 0.05725606  0.01072224  5693.683  7.884417e+00  8.461459e+02
[17,]   17 0.05192475  0.01052736  5693.578 -1.189959e+01  3.126777e+02
[18,]   18 0.05353457  0.01047236  5693.566  3.685558e+00 -8.751895e+01
[19,]   19 0.05313203  0.01048354  5693.564  1.030019e-01  4.595925e-01
[20,]   20 0.05311126  0.01048310  5693.564 -1.984358e-03  1.392436e-05

