[22;0t]0;IPython: scripts/01_msprime_simulations$par
[1] 0.000001 3.909045

$value
[1] -30971.2

$counts
function gradient 
      13       13 

$convergence
[1] 0

$message
[1] "CONVERGENCE: REL_REDUCTION_OF_F <= FACTR*EPSMCH"

$loginfo
      step       par1      par2       fn       gr1           gr2
 [1,]    1 0.10000000  0.010000 38494.19 19239.509 -7.041571e+05
 [2,]    2 0.00000100 10.000000 36342.44  2416.071  1.322742e+03
 [3,]    3 0.06666589  3.340111 31191.34  1972.524 -3.040648e+02
 [4,]    4 0.05736026  3.341415 31172.73  1938.988 -3.088795e+02
 [5,]    5 0.02013777  3.346630 31102.95  1657.866 -3.386267e+02
 [6,]    6 0.00000100  3.352495 31072.32  2317.226 -3.836101e+02
 [7,]    7 0.00000100  3.355797 31071.05  2319.248 -3.809468e+02
 [8,]    8 0.00000100  3.369006 31066.09  2326.895 -3.703489e+02
 [9,]    9 0.00000100  3.421842 31047.63  2351.489 -3.287979e+02
[10,]   10 0.00000100  3.837831 30972.71  2409.050 -4.268792e+01
[11,]   11 0.00000100  3.899897 30971.22  2410.794 -5.393193e+00
[12,]   12 0.00000100  3.908872 30971.20  2411.003 -1.016538e-01
[13,]   13 0.00000100  3.909045 30971.20  2411.008  5.707261e-04

