[22;0t]0;IPython: scripts/01_msprime_simulations$par
[1] 0.0010764366 0.0001275348

$value
[1] -71.29267

$counts
function gradient 
      39       39 

$convergence
[1] 0

$message
[1] "CONVERGENCE: REL_REDUCTION_OF_F <= FACTR*EPSMCH"

$loginfo
      step         par1         par2          fn        gr1          gr2
 [1,]    1 1.000000e-01 1.000000e-02   320.80267  2246.5284    3007.8641
 [2,]    2 1.000000e-06 1.000000e-06    87.38191 20551.9214 -143633.4455
 [3,]    3 1.000000e-06 1.000000e+01 24349.66505  2416.0878    2324.0071
 [4,]    4 1.000000e-06 3.250150e+00  8171.81983  2415.9920    2469.3429
 [5,]    5 1.000000e-06 1.056000e+00  2704.16586  2415.5562    2512.9082
 [6,]    6 1.000000e-06 3.431979e-01   910.53556  2414.0345    2514.7624
 [7,]    7 1.000000e-06 1.116599e-01   330.82237  2409.2557    2477.5438
 [8,]    8 1.000000e-06 3.643215e-02   147.50429  2394.6007    2349.7453
 [9,]    9 1.000000e-06 1.196831e-02    93.10579  2349.3247    1957.5340
[10,]   10 1.000000e-06 3.990717e-03    80.51017  1823.1102     788.8443
[11,]   11 1.000000e-06 3.968925e-03    80.49307  1810.6716     779.2346
[12,]   12 1.000000e-06 3.881756e-03    80.42682  1756.7813     739.7296
[13,]   13 1.000000e-06 3.533083e-03    80.19867  1453.2385     562.6435
[14,]   14 1.000000e-06 2.394781e-03    79.98651 -2662.8830    -183.7286
[15,]   15 8.108999e-05 2.233304e-03    79.64736 -1227.6098     726.2482
[16,]   16 4.014499e-04 1.587399e-03    78.65472  1288.6705    1923.6817
[17,]   17 1.188281e-03 1.000000e-06    93.27845  1039.7996 -221421.7885
[18,]   18 6.754739e-04 1.034915e-03    77.85265  1923.5181    3047.9267
[19,]   19 9.898058e-04 4.011626e-04    74.45547   613.1081   10836.7849
[20,]   20 1.071607e-03 2.362363e-04    72.52536   426.9165   11892.0698
[21,]   21 1.082059e-03 1.000000e-06    93.16102  1184.9343 -220882.4934
[22,]   22 1.072360e-03 2.192849e-04    72.31844   441.8474   11686.5381
[23,]   23 1.077209e-03 1.101425e-04    71.13722   625.0300  -29361.5721
[24,]   24 1.073738e-03 1.882700e-04    71.94941   488.2155   10831.0541
[25,]   25 1.076437e-03 1.275348e-04    71.29267   606.8041   -3697.3849
[26,]   26 1.071346e-03 1.534450e-04    71.55625   560.6908    7101.0896
[27,]   27 1.076107e-03 1.292112e-04    71.30875   604.4619   -2484.4821
[28,]   28 1.076420e-03 1.276212e-04    71.29350   606.6862   -3632.0162
[29,]   29 1.076436e-03 1.275392e-04    71.29272   606.7982   -3694.0950
[30,]   30 1.076437e-03 1.275350e-04    71.29268   606.8038   -3697.2199
[31,]   31 1.076437e-03 1.275348e-04    71.29267   606.8041   -3697.3766
[32,]   32 1.076437e-03 1.275348e-04    71.29267   606.8041   -3697.3845
[33,]   33 1.076437e-03 1.275348e-04    71.29267   606.8041   -3697.3849
[34,]   34 1.076437e-03 1.275348e-04    71.29267   606.8041   -3697.3849
[35,]   35 1.076437e-03 1.275348e-04    71.29267   606.8041   -3697.3849
[36,]   36 1.076437e-03 1.275348e-04    71.29267   606.8041   -3697.3849
[37,]   37 1.076437e-03 1.275348e-04    71.29267   606.8041   -3697.3849
[38,]   38 1.076437e-03 1.275348e-04    71.29267   606.8041   -3697.3849

