[22;0t]0;IPython: scripts/01_msprime_simulations$par
[1] 0.006286196 0.009021048

$value
[1] -5519.408

$counts
function gradient 
      40       40 

$convergence
[1] 0

$message
[1] "CONVERGENCE: REL_REDUCTION_OF_F <= FACTR*EPSMCH"

$loginfo
      step        par1         par2        fn           gr1           gr2
 [1,]    1 0.100000000  0.010000000  5556.207  2.166553e+02 -4.790694e+03
 [2,]    2 0.000001000 10.000000000 25641.373  2.416088e+03  2.216164e+03
 [3,]    3 0.078836161  2.124288694  8475.325  2.413221e+03  2.012930e+03
 [4,]    4 0.094755218  0.533958975  5916.998  2.368947e+03  7.102670e+02
 [5,]    5 0.098555153  0.154341642  5915.263  2.801211e+03 -8.721760e+02
 [6,]    6 0.099776176  0.032360240  5807.026  1.137613e+03  9.942492e+03
 [7,]    7 0.099982875  0.011710819  5555.861  1.801773e+02  3.674201e+03
 [8,]    8 0.099950687  0.010968461  5554.254  1.915734e+02  5.194936e+02
 [9,]    9 0.099899678  0.010844077  5554.216  1.941799e+02 -7.902138e+01
[10,]   10 0.099853123  0.010843747  5554.207  1.942334e+02 -7.964614e+01
[11,]   11 0.099666903  0.010842428  5554.171  1.944481e+02 -8.213630e+01
[12,]   12 0.098922024  0.010837152  5554.027  1.953181e+02 -9.195427e+01
[13,]   13 0.095942508  0.010816050  5553.442  1.989861e+02 -1.288966e+02
[14,]   14 0.084024442  0.010731639  5550.983  2.172443e+02 -2.360782e+02
[15,]   15 0.036352182  0.010393998  5536.893  4.361264e+02  3.563590e+02
[16,]   16 0.000001000  0.010136538  5624.674 -4.998851e+05  0.000000e+00
[17,]   17 0.022899894  0.010298721  5529.929  5.974243e+02  1.028237e+03
[18,]   18 0.007767181  0.010191543  5520.791  2.128459e+02  1.988700e+03
[19,]   19 0.007536792  0.009759103  5520.030  2.066795e+02  1.284534e+03
[20,]   20 0.006956809  0.008907707  5519.527  2.597975e+02 -5.133877e+02
[21,]   21 0.006937160  0.009066431  5519.475  2.029240e+02 -9.036123e+01
[22,]   22 0.006792110  0.009090260  5519.449  1.526197e+02  1.202991e+01
[23,]   23 0.006296160  0.009060007  5519.410 -8.414534e+00  8.912708e+01
[24,]   24 0.006288461  0.009024771  5519.408 -3.512045e-01  8.117113e+00
[25,]   25 0.006286196  0.009021048  5519.408 -3.540092e-02 -6.218300e-02
[26,]   26 0.006286336  0.009021091  5519.408  4.435869e-03 -2.705974e-03
[27,]   27 0.006286197  0.009021048  5519.408 -3.501852e-02 -6.161245e-02
[28,]   28 0.006286196  0.009021048  5519.408 -3.539711e-02 -6.217756e-02
[29,]   29 0.006286196  0.009021048  5519.408 -3.540084e-02 -6.218285e-02
[30,]   30 0.006286196  0.009021048  5519.408 -3.540084e-02 -6.218285e-02
[31,]   31 0.006286196  0.009021048  5519.408 -3.539885e-02 -6.218021e-02
[32,]   32 0.006286196  0.009021048  5519.408 -3.540070e-02 -6.218280e-02
[33,]   33 0.006286196  0.009021048  5519.408 -3.540084e-02 -6.218285e-02
[34,]   34 0.006286196  0.009021048  5519.408 -3.540084e-02 -6.218285e-02
[35,]   35 0.006286196  0.009021048  5519.408 -3.540079e-02 -6.218282e-02
[36,]   36 0.006286196  0.009021048  5519.408 -3.540084e-02 -6.218285e-02
[37,]   37 0.006286196  0.009021048  5519.408 -3.540087e-02 -6.218285e-02

