[22;0t]0;IPython: scripts/01_msprime_simulations$par
[1] 0.3217136906 0.0006909268

$value
[1] -573.9077

$counts
function gradient 
      30       30 

$convergence
[1] 0

$message
[1] "CONVERGENCE: REL_REDUCTION_OF_F <= FACTR*EPSMCH"

$loginfo
      step        par1         par2       fn           gr1           gr2
 [1,]    1 0.100000000 0.0100000000 795.8638  1.785331e+03  4.707499e+03
 [2,]    2 0.000001000 0.0000010000 864.1965  1.071822e+05 -2.785084e+06
 [3,]    3 0.047724559 0.0047729263 675.9091  1.212250e+03  1.166602e+04
 [4,]    4 0.016795745 0.0016803233 595.3244  2.477028e+02  2.568757e+04
 [5,]    5 0.006946799 0.0006955174 574.8573 -5.348939e+01  2.663282e+03
 [6,]    6 0.010494352 0.0000010000 945.3160  7.031641e+02 -3.055488e+06
 [7,]    7 0.007817145 0.0005251267 576.0257  4.784159e+01 -2.194733e+04
 [8,]    8 0.007114828 0.0006626218 574.7909 -4.037292e+01 -6.577405e+02
 [9,]    9 0.011389524 0.0006839773 574.6181 -4.065988e+01  2.199329e+02
[10,]   10 0.028488306 0.0007693990 574.5889 -1.114934e+01  7.806780e+03
[11,]   11 0.025673574 0.0007087896 574.2963 -1.396825e+01  1.642927e+03
[12,]   12 0.030464855 0.0006968221 574.2212 -9.757708e+00  1.532323e+02
[13,]   13 0.041022327 0.0006940477 574.1433 -5.332158e+00 -2.791819e+02
[14,]   14 0.053814654 0.0006965766 574.0923 -3.182746e+00  4.545254e+01
[15,]   15 0.073158808 0.0006935616 574.0432 -1.920761e+00 -3.182963e+02
[16,]   16 0.102315945 0.0006952111 574.0001 -1.208573e+00 -5.951437e+01
[17,]   17 0.161726248 0.0006682594 573.9820 -5.935878e-01 -3.975603e+03
[18,]   18 0.131668514 0.0006818952 573.9737 -8.509095e-01 -1.931637e+03
[19,]   19 0.179506564 0.0006914326 573.9374 -4.879641e-01 -5.681294e+02
[20,]   20 0.240933616 0.0006961755 573.9189 -2.146228e-01  1.061204e+02
[21,]   21 0.287390920 0.0006961482 573.9120 -9.121138e-02  1.038001e+02
[22,]   22 0.321650955 0.0006908973 573.9077 -2.903554e-02 -6.493564e+02
[23,]   23 0.329919259 0.0006947863 573.9088 -1.679946e-02 -8.954679e+01
[24,]   24 0.323100033 0.0006915789 573.9077 -2.683277e-02 -5.508120e+02
[25,]   25 0.321947854 0.0006910370 573.9077 -2.858194e-02 -6.291507e+02
[26,]   26 0.321713691 0.0006909268 573.9077 -2.894061e-02 -6.450862e+02
[27,]   27 0.321868239 0.0006909995 573.9077 -2.870414e-02 -6.345682e+02
[28,]   28 0.321746200 0.0006909421 573.9077 -2.888944e-02 -6.428736e+02
[29,]   29 0.321720552 0.0006909300 573.9077 -2.892824e-02 -6.446192e+02
[30,]   30 0.321713691 0.0006909268 573.9077 -2.894061e-02 -6.450862e+02

