[22;0t]0;IPython: scripts/01_msprime_simulations$par
[1] 0.04249265 0.04761706

$value
[1] -16897.16

$counts
function gradient 
      35       35 

$convergence
[1] 0

$message
[1] "CONVERGENCE: REL_REDUCTION_OF_F <= FACTR*EPSMCH"

$loginfo
      step        par1        par2       fn           gr1           gr2
 [1,]    1 0.100000000  0.01000000 19233.75  6.739074e+03 -2.750132e+05
 [2,]    2 0.000001000 10.00000000 29941.91  2.416099e+03  1.857116e+03
 [3,]    3 0.066814816  3.32523308 19103.94  2.347122e+03  1.140296e+03
 [4,]    4 0.088929255  1.11597844 17764.78  2.141650e+03  2.038047e+02
 [5,]    5 0.080319525  1.11510176 17746.47  2.065792e+03  2.153082e+02
 [6,]    6 0.045880605  1.11159505 17682.93  1.454808e+03  2.674168e+02
 [7,]    7 0.000001000  1.10542526 17970.22 -1.170612e+06  1.286382e+01
 [8,]    8 0.028469440  1.10925363 17663.55  5.576616e+02  3.004790e+02
 [9,]    9 0.016754458  1.10632065 17663.71 -9.944649e+02  3.338364e+02
[10,]   10 0.022492558  1.10775725 17661.43 -4.775828e+01  3.168435e+02
[11,]   11 0.022141047  1.10628215 17660.98 -8.933674e+01  3.206660e+02
[12,]   12 0.020735000  1.10038176 17659.29 -2.682651e+02  3.364294e+02
[13,]   13 0.000001000  0.94728865 17923.43 -1.115983e+06  5.039649e+02
[14,]   14 0.013140246  1.04430456 17643.72 -1.831216e+03  4.478170e+02
[15,]   15 0.000001000  0.88453285 17878.30 -1.116986e+06  8.439209e+02
[16,]   16 0.008284250  0.98525621 17633.09 -4.938569e+03  4.127602e+02
[17,]   17 0.009186865  0.89409341 17589.36 -4.438249e+03  4.812800e+02
[18,]   18 0.012797325  0.52944220 17411.97 -9.352822e+02  3.682316e+02
[19,]   19 0.014438149  0.00000100 55290.66  6.383061e+04 -2.002030e+08
[20,]   20 0.013346187  0.35234193 17340.46 -8.544309e+02  4.686640e+02
[21,]   21 0.013892168  0.17617147 17209.41 -1.404785e+03  1.212366e+03
[22,]   22 0.014255761  0.05885175 16969.02 -5.520171e+03  2.710927e+03
[23,]   23 0.014376955  0.01974650 17183.22  8.203684e+03 -3.943306e+04
[24,]   24 0.014255761  0.05885175 16969.02 -5.520171e+03  2.710927e+03
[25,]   25 0.021190692  0.00000100 55673.78  5.048504e+04 -2.002270e+08
[26,]   26 0.016568568  0.03922496 16929.72 -3.223627e+03 -1.293976e+03
[27,]   27 0.461508330  0.29884795 18639.22  2.143986e+03  2.289376e+03
[28,]   28 0.078484733  0.07535313 16992.48  6.219246e+02  4.875519e+03
[29,]   29 0.036010017  0.05056907 16900.92 -5.311048e+02  1.339623e+03
[30,]   30 0.038731217  0.04593728 16897.78 -1.028754e+02 -5.226560e+02
[31,]   31 0.039627462  0.04729298 16897.34 -1.349646e+02  2.402803e+01
[32,]   32 0.040927404  0.04753096 16897.21 -7.536598e+01  5.009941e+01
[33,]   33 0.042330530  0.04762395 16897.16 -8.301867e+00  1.184827e+01
[34,]   34 0.042484255  0.04761774 16897.16 -4.473921e-01  7.638808e-01
[35,]   35 0.042492650  0.04761706 16897.16 -1.747994e-03  1.043478e-02

