[22;0t]0;IPython: scripts/01_msprime_simulations$par
[1] 0.006750313 0.005628421

$value
[1] -3447.956

$counts
function gradient 
      24       24 

$convergence
[1] 0

$message
[1] "CONVERGENCE: REL_REDUCTION_OF_F <= FACTR*EPSMCH"

$loginfo
      step        par1        par2       fn           gr1           gr2
 [1,]    1 0.100000000 0.010000000 3508.909  3.014656e+02  1.321108e+04
 [2,]    2 0.000001000 0.000001000 7160.364  1.205315e+05 -2.618461e+07
 [3,]    3 0.066111096 0.006611415 3470.806  2.746501e+02  9.748445e+02
 [4,]    4 0.048564975 0.005619244 3468.106  3.689950e+02 -7.116049e+03
 [5,]    5 0.038304709 0.005572018 3464.349  4.307374e+02 -6.734894e+03
 [6,]    6 0.000001000 0.005395713 3543.605 -3.421429e+05  7.226069e+02
 [7,]    7 0.024068317 0.005506491 3457.752  5.640190e+02 -5.470606e+03
 [8,]    8 0.008200808 0.005433455 3448.419  3.871161e+02 -1.684200e+03
 [9,]    9 0.003110187 0.005410024 3451.648 -3.108953e+03  1.000264e+03
[10,]   10 0.006673494 0.005426425 3448.051  6.898499e+01 -1.009690e+03
[11,]   11 0.000001000 0.005399298 3543.608 -3.420928e+05  7.370371e+02
[12,]   12 0.004543544 0.005417766 3448.890 -1.058768e+03  1.163485e+02
[13,]   13 0.006477947 0.005425630 3448.044  8.803689e+00 -9.155589e+02
[14,]   14 0.006665310 0.005555975 3447.966  5.662146e+00 -3.201561e+02
[15,]   15 0.006751201 0.005624734 3447.956  1.896924e+00 -1.859099e+01
[16,]   16 0.006750313 0.005628421 3447.956  1.311275e-01 -5.318767e-01
[17,]   17 0.006749992 0.005628505 3447.956  3.361881e-03  6.510390e-05
[18,]   18 0.006750302 0.005628424 3447.956  1.269590e-01 -5.145202e-01
[19,]   19 0.006750313 0.005628421 3447.956  1.309869e-01 -5.312912e-01
[20,]   20 0.006750313 0.005628421 3447.956  1.311227e-01 -5.318572e-01
[21,]   21 0.006750313 0.005628421 3447.956  1.310330e-01 -5.314836e-01
[22,]   22 0.006750313 0.005628421 3447.956  1.311200e-01 -5.318453e-01
[23,]   23 0.006750313 0.005628421 3447.956  1.311228e-01 -5.318570e-01
[24,]   24 0.006750313 0.005628421 3447.956  1.311227e-01 -5.318572e-01

