[22;0t]0;IPython: scripts/01_msprime_simulations$par
[1] 0.011362191 0.001147191

$value
[1] -864.9822

$counts
function gradient 
      29       29 

$convergence
[1] 0

$message
[1] "CONVERGENCE: REL_REDUCTION_OF_F <= FACTR*EPSMCH"

$loginfo
      step        par1         par2        fn           gr1           gr2
 [1,]    1 0.100000000 0.0100000000 1057.2794  1.397677e+03  8.723904e+03
 [2,]    2 0.000001000 0.0000010000 1398.7050  1.168298e+05 -4.769589e+06
 [3,]    3 0.057059775 0.0057063640  959.6918  8.749630e+02  1.421072e+04
 [4,]    4 0.019934420 0.0019941626  875.3238  1.129882e+02  1.789494e+04
 [5,]    5 0.002437305 0.0000010000 1488.4137  1.014573e+04 -4.968496e+06
 [6,]    6 0.014276531 0.0013496510  865.8687  2.474036e+01  7.649167e+03
 [7,]    7 0.010433424 0.0008879184  867.1059  1.011547e+02 -1.949422e+04
 [8,]    8 0.012698149 0.0011600153  865.0053  2.708942e+01  1.190994e+02
 [9,]    9 0.012514799 0.0011512805  864.9992  2.591406e+01 -2.927593e+02
[10,]   10 0.012218765 0.0011467979  864.9928  2.147934e+01 -4.555840e+02
[11,]   11 0.011364309 0.0011435604  864.9825  3.257518e+00 -3.921921e+02
[12,]   12 0.011352380 0.0011640092  864.9900 -2.797442e+00  6.599573e+02
[13,]   13 0.011362191 0.0011471909  864.9822  2.154686e+00 -2.010504e+02
[14,]   14 0.011312610 0.0011507475  864.9827 -1.489987e-01 -2.007913e+00
[15,]   15 0.011354031 0.0011477762  864.9823  1.777102e+00 -1.681525e+02
[16,]   16 0.011360578 0.0011473066  864.9822  2.080095e+00 -1.945429e+02
[17,]   17 0.011361861 0.0011472146  864.9822  2.139426e+00 -1.997187e+02
[18,]   18 0.011362123 0.0011471958  864.9822  2.151542e+00 -2.007760e+02
[19,]   19 0.011362177 0.0011471919  864.9822  2.154038e+00 -2.009938e+02
[20,]   20 0.011362188 0.0011471911  864.9822  2.154553e+00 -2.010387e+02
[21,]   21 0.011362190 0.0011471909  864.9822  2.154659e+00 -2.010480e+02
[22,]   22 0.011362191 0.0011471909  864.9822  2.154681e+00 -2.010499e+02
[23,]   23 0.011362191 0.0011471909  864.9822  2.154685e+00 -2.010503e+02
[24,]   24 0.011362191 0.0011471909  864.9822  2.154686e+00 -2.010503e+02
[25,]   25 0.011362191 0.0011471909  864.9822  2.154686e+00 -2.010504e+02
[26,]   26 0.011362191 0.0011471909  864.9822  2.154686e+00 -2.010504e+02
[27,]   27 0.011362191 0.0011471909  864.9822  2.154686e+00 -2.010504e+02
[28,]   28 0.011362191 0.0011471909  864.9822  2.154686e+00 -2.010504e+02
[29,]   29 0.011362191 0.0011471909  864.9822  2.154686e+00 -2.010504e+02

