[22;0t]0;IPython: scripts/01_msprime_simulations$par
[1] 0.01249680 0.01026162

$value
[1] -5560.387

$counts
function gradient 
      38       38 

$convergence
[1] 0

$message
[1] "CONVERGENCE: REL_REDUCTION_OF_F <= FACTR*EPSMCH"

$loginfo
      step        par1         par2        fn           gr1           gr2
 [1,]    1 0.100000000  0.010000000  5601.919  3.516668e+02 -9.936784e+03
 [2,]    2 0.000001000 10.000000000 25663.288  2.416099e+03  2.214334e+03
 [3,]    3 0.074018161  2.605611652  9498.371  2.413776e+03  2.083483e+03
 [4,]    4 0.092726882  0.736591766  6170.587  2.399665e+03  1.135294e+03
 [5,]    5 0.097794341  0.230347541  5951.709  2.653408e+03 -3.768574e+02
 [6,]    6 0.099452138  0.064731914  5977.516  2.273343e+03  2.466050e+03
 [7,]    7 0.099918154  0.018176516  5635.839  3.496266e+02  1.093231e+04
 [8,]    8 0.099977943  0.012203478  5592.850  2.989276e+02  6.571886e+02
 [9,]    9 0.099916448  0.012067104  5592.775  3.008752e+02  1.690126e+02
[10,]   10 0.099780613  0.011981446  5592.733  3.022563e+02 -1.452446e+02
[11,]   11 0.099429891  0.011888847  5592.656  3.039872e+02 -4.896028e+02
[12,]   12 0.098121740  0.011704323  5592.410  3.082691e+02 -1.188846e+03
[13,]   13 0.094563080  0.011419543  5591.790  3.175819e+02 -2.294417e+03
[14,]   14 0.083842632  0.010898004  5589.965  3.471271e+02 -4.347756e+03
[15,]   15 0.046270806  0.009649354  5581.720  5.766634e+02 -8.437650e+03
[16,]   16 0.000001000  0.008111637  5718.539 -5.903116e+05  1.232889e+03
[17,]   17 0.029874178  0.009104433  5575.348  8.021542e+02 -9.096001e+03
[18,]   18 0.010127440  0.008448176  5564.738  3.341041e+02 -5.664805e+03
[19,]   19 0.000001000  0.008546479  5718.520 -5.854958e+05 -7.580070e+02
[20,]   20 0.006781665  0.008480655  5565.177 -8.937269e+02 -3.188828e+03
[21,]   21 0.008773340  0.008461321  5564.440 -1.767704e+01 -4.711963e+03
[22,]   22 0.037963851  0.019278103  5618.993  6.488757e+02  8.334500e+03
[23,]   23 0.014002641  0.010399081  5560.506  1.467584e+02  2.980432e+01
[24,]   24 0.013091887  0.010256637  5560.412  7.803131e+01 -1.526326e+02
[25,]   25 0.012467714  0.010221402  5560.389  5.591950e+00 -9.958208e+01
[26,]   26 0.012487425  0.010247970  5560.388  1.961481e+00 -3.390787e+01
[27,]   27 0.012496801  0.010261617  5560.387  2.872717e-02 -2.386598e-01
[28,]   28 0.012496729  0.010261701  5560.387 -1.105991e-03  1.865965e-04
[29,]   29 0.012496799  0.010261619  5560.387  2.797912e-02 -2.326717e-01
[30,]   30 0.012496801  0.010261617  5560.387  2.870790e-02 -2.385045e-01
[31,]   31 0.012496801  0.010261617  5560.387  2.872665e-02 -2.386555e-01
[32,]   32 0.012496801  0.010261617  5560.387  2.872710e-02 -2.386599e-01
[33,]   33 0.012496801  0.010261617  5560.387  2.872689e-02 -2.386568e-01
[34,]   34 0.012496801  0.010261617  5560.387  2.872713e-02 -2.386599e-01
[35,]   35 0.012496801  0.010261617  5560.387  2.872713e-02 -2.386598e-01
[36,]   36 0.012496801  0.010261617  5560.387  2.872715e-02 -2.386583e-01
[37,]   37 0.012496801  0.010261617  5560.387  2.872711e-02 -2.386584e-01
[38,]   38 0.012496801  0.010261617  5560.387  2.872715e-02 -2.386583e-01

