[22;0t]0;IPython: scripts/01_msprime_simulations$par
[1] 0.4509698 0.4989760

$value
[1] -57485.71

$counts
function gradient 
      38       38 

$convergence
[1] 0

$message
[1] "CONVERGENCE: REL_REDUCTION_OF_F <= FACTR*EPSMCH"

$loginfo
      step       par1       par2        fn           gr1           gr2
 [1,]    1 0.10000000  0.0100000 118771.60  7.037663e+04 -3.020664e+06
 [2,]    2 0.00000100 10.0000000  65396.32 -5.842850e+06  8.625882e+01
 [3,]    3 2.27411793 10.0000000  66668.91  1.649169e+03  1.587891e+01
 [4,]    4 0.75800176 10.0000000  63986.66  1.810499e+03  1.135223e+02
 [5,]    5 0.25248891 10.0000000  63198.97  8.914299e+02  2.300017e+02
 [6,]    6 0.25245042  9.9992174  63198.76  8.913613e+02  2.300889e+02
 [7,]    7 0.25229643  9.9960871  63197.90  8.910870e+02  2.304596e+02
 [8,]    8 0.25168049  9.9835657  63194.46  8.899875e+02  2.319533e+02
 [9,]    9 0.24921672  9.9334802  63180.50  8.856018e+02  2.381351e+02
[10,]   10 0.23936165  9.7331382  63121.34  8.720226e+02  2.674594e+02
[11,]   11 0.19994138  8.9317703  62807.66  9.603122e+02  4.278798e+02
[12,]   12 0.04226028  5.7262985  61383.54 -2.501528e+03  2.461518e+02
[13,]   13 0.00000100  4.8315037  62386.02 -2.617218e+06 -3.482786e+02
[14,]   14 0.02722390  5.4079195  61365.44 -5.131452e+03  2.012132e+02
[15,]   15 0.03114249  5.4700219  61360.24 -4.187158e+03  2.153640e+02
[16,]   16 0.03427234  5.4755063  61349.27 -3.597119e+03  2.168665e+02
[17,]   17 0.05171305  5.3280085  61275.66 -1.579245e+03  2.022247e+02
[18,]   18 0.07428759  4.5208525  61080.67 -5.784957e+02  2.612594e+02
[19,]   19 0.16458574  1.2922287  59449.19 -3.276201e+02  1.466694e+03
[20,]   20 0.20072676  0.0000010 426101.44  4.887071e+04 -1.523567e+09
[21,]   21 0.17667725  0.8598948  58607.66 -2.086168e+03  2.393600e+03
[22,]   22 0.19270575  0.2867934  58168.56  2.161351e+03 -1.005687e+04
[23,]   23 0.17980401  0.7480972  58321.36 -2.511677e+03  2.579549e+03
[24,]   24 0.19270575  0.2867934  58168.56  2.161351e+03 -1.005687e+04
[25,]   25 0.00000100  5.2146590  62273.22 -2.093432e+06 -1.690970e+02
[26,]   26 0.08673086  2.9967940  60565.83  2.250481e+02  3.197318e+02
[27,]   27 0.16220440  1.0667770  59075.16 -1.327668e+03  1.883470e+03
[28,]   28 0.18369763  0.5171500  57749.20 -2.642001e+03  1.834689e+03
[29,]   29 0.20218259  0.4870746  57657.87 -2.069203e+03  1.303473e+03
[30,]   30 0.25963915  0.4032283  57595.04 -2.530972e+02 -1.946917e+03
[31,]   31 0.25007876  0.4436349  57560.06 -9.006300e+02 -1.853216e+02
[32,]   32 0.27735547  0.4530243  57536.95 -6.823755e+02 -1.628306e+02
[33,]   33 0.36625994  0.4858390  57495.58 -2.788711e+02  1.285993e+02
[34,]   34 0.41022359  0.4955614  57488.02 -1.304755e+02  1.353860e+02
[35,]   35 0.43986690  0.4986493  57485.90 -3.554179e+01  5.401366e+01
[36,]   36 0.44943065  0.4989091  57485.72 -4.634869e+00  7.630784e+00
[37,]   37 0.45073898  0.4988679  57485.71 -1.153178e-01 -1.009829e+00
[38,]   38 0.45096978  0.4989760  57485.71  2.831504e-02  9.983786e-01

