[22;0t]0;IPython: scripts/01_msprime_simulations$par
[1] 0.001038519 0.006812281

$value
[1] -3703.817

$counts
function gradient 
      40       40 

$convergence
[1] 0

$message
[1] "CONVERGENCE: REL_REDUCTION_OF_F <= FACTR*EPSMCH"

$loginfo
      step         par1        par2       fn           gr1           gr2
 [1,]    1 0.1000000000 0.010000000 3774.908  3.700425e+02  9.540817e+03
 [2,]    2 0.0000010000 0.000001000 7881.322  1.219955e+05 -2.886148e+07
 [3,]    3 0.0664007017 0.006640373 3753.649  3.736707e+02 -7.072569e+03
 [4,]    4 0.0655427757 0.007314709 3750.415  3.551397e+02 -1.859872e+03
 [5,]    5 0.0517116553 0.007564591 3745.211  3.659686e+02  6.522450e-01
 [6,]    6 0.0000010000 0.008498828 3748.534 -3.282272e+05  5.523798e+02
 [7,]    7 0.0234863015 0.008074527 3734.060  5.644201e+02  2.723933e+03
 [8,]    8 0.0078651239 0.008356749 3720.651  1.643663e+03  2.311611e+03
 [9,]    9 0.0026868715 0.008450303 3708.575  2.981809e+03  1.527841e+03
[10,]   10 0.0000010000 0.007521206 3747.983 -3.309773e+05  1.160845e+02
[11,]   11 0.0017082211 0.008111768 3705.468  2.193690e+03  1.153058e+03
[12,]   12 0.0000010000 0.005195180 3748.387 -3.344254e+05 -5.572695e+02
[13,]   13 0.0011308961 0.007125476 3703.890  4.395506e+02  3.140245e+02
[14,]   14 0.0013115513 0.006076200 3704.424  1.510551e+03 -1.156606e+03
[15,]   15 0.0011622654 0.006943278 3703.866  6.096551e+02  1.205344e+02
[16,]   16 0.0005817593 0.006418272 3704.723 -4.847434e+03 -2.683820e+02
[17,]   17 0.0010370327 0.006830018 3703.817 -1.275020e+01  1.993630e+01
[18,]   18 0.0010390626 0.006810886 3703.817  3.245459e+00 -1.686521e+00
[19,]   19 0.0010385192 0.006812281 3703.817 -2.154981e-01 -1.310658e-02
[20,]   20 0.0010385595 0.006812305 3703.817  1.263032e-02  4.826898e-03
[21,]   21 0.0010385193 0.006812281 3703.817 -2.150782e-01 -1.307369e-02
[22,]   22 0.0010385192 0.006812281 3703.817 -2.154974e-01 -1.310658e-02
[23,]   23 0.0010385192 0.006812281 3703.817 -2.154981e-01 -1.310653e-02
[24,]   24 0.0010385192 0.006812281 3703.817 -2.154981e-01 -1.310658e-02
[25,]   25 0.0010385192 0.006812281 3703.817 -2.154980e-01 -1.310655e-02
[26,]   26 0.0010385192 0.006812281 3703.817 -2.154981e-01 -1.310654e-02
[27,]   27 0.0010385192 0.006812281 3703.817 -2.154980e-01 -1.310655e-02
[28,]   28 0.0010385192 0.006812281 3703.817 -2.154981e-01 -1.310653e-02
[29,]   29 0.0010385192 0.006812281 3703.817 -2.154980e-01 -1.310655e-02
[30,]   30 0.0010385192 0.006812281 3703.817 -2.154981e-01 -1.310653e-02
[31,]   31 0.0010385192 0.006812281 3703.817 -2.154980e-01 -1.310655e-02
[32,]   32 0.0010385192 0.006812281 3703.817 -2.154980e-01 -1.310654e-02

