[22;0t]0;IPython: scripts/01_msprime_simulations$par
[1] 0.002045973 0.845476830

$value
[1] -45972.03

$counts
function gradient 
      32       32 

$convergence
[1] 0

$message
[1] "CONVERGENCE: REL_REDUCTION_OF_F <= FACTR*EPSMCH"

$loginfo
      step         par1       par2        fn           gr1           gr2
 [1,]    1 0.1000000000  0.0100000 104505.36  5.643047e+04 -2.637392e+06
 [2,]    2 0.0000010000 10.0000000  50124.02 -1.546325e+06  6.171037e+02
 [3,]    3 3.3890860814 10.0000000  59044.08  2.020650e+03  5.849292e+02
 [4,]    4 1.1265979622 10.0000000  53565.56  2.936710e+03  5.812672e+02
 [5,]    5 0.3744100691 10.0000000  51138.78  3.575385e+03  5.945456e+02
 [6,]    6 0.1245116649 10.0000000  50216.94  3.756490e+03  6.160552e+02
 [7,]    7 0.0415149005 10.0000000  49916.80  3.203459e+03  6.330788e+02
 [8,]    8 0.0414291002  9.9976110  49915.01  3.201571e+03  6.329158e+02
 [9,]    9 0.0410858992  9.9880550  49907.87  3.193958e+03  6.322439e+02
[10,]   10 0.0397130949  9.9498309  49879.39  3.162763e+03  6.295301e+02
[11,]   11 0.0342218779  9.7969346  49766.91  3.027694e+03  6.194027e+02
[12,]   12 0.0122570100  9.1853493  49353.50  5.042382e+02  5.682833e+02
[13,]   13 0.0000010000  8.8440761  49504.39 -1.824658e+06  5.055599e+02
[14,]   14 0.0064623776  9.0239956  49266.60 -2.961293e+03  5.762425e+02
[15,]   15 0.0000010000  8.8378701  49501.23 -1.827675e+06  5.106165e+02
[16,]   16 0.0039168035  8.9506681  49236.63 -7.675045e+03  5.835060e+02
[17,]   17 0.0000010000  8.8242958  49494.23 -1.834122e+06  5.206566e+02
[18,]   18 0.0025227678  8.9056793  49224.86 -1.417069e+04  5.874021e+02
[19,]   19 0.0014648321  8.8543757  49215.27 -2.714518e+04  5.891362e+02
[20,]   20 0.0013378957  8.7736604  49171.11 -3.043163e+04  5.959824e+02
[21,]   21 0.0008301502  8.4507994  49004.37 -5.325937e+04  5.509683e+02
[22,]   22 0.0040998904  1.2735135  46186.62  5.579981e+03  7.039523e+02
[23,]   23 0.0046800616  0.0000010 360574.78  0.000000e+00 -1.336240e+09
[24,]   24 0.0042936560  0.8481858  45990.00  1.269542e+04  1.180208e+01
[25,]   25 0.0039642901  0.7230311  46025.55  1.362620e+04 -5.345958e+02
[26,]   26 0.0042765317  0.8416788  45989.92  1.268871e+04 -5.365950e+01
[27,]   27 0.0023953497  0.8438864  45972.72  3.640858e+03 -1.928550e+01
[28,]   28 0.0016390932  0.8453175  45973.20 -6.276540e+03  3.059332e+00
[29,]   29 0.0020571329  0.8445264  45972.04  1.285373e+02 -9.640560e+00
[30,]   30 0.0020456161  0.8454796  45972.03 -2.146584e+01  2.020431e-01
[31,]   31 0.0020475597  0.8454645  45972.03  2.511846e+00  2.841633e-02
[32,]   32 0.0020459732  0.8454768  45972.03 -1.705662e+01  1.701344e-01

