[22;0t]0;IPython: scripts/01_msprime_simulations$par
[1] 0.4740286 0.4970924

$value
[1] -59252.72

$counts
function gradient 
      44       44 

$convergence
[1] 0

$message
[1] "CONVERGENCE: REL_REDUCTION_OF_F <= FACTR*EPSMCH"

$loginfo
      step       par1       par2        fn           gr1           gr2
 [1,]    1 0.10000000  0.0100000 121861.18  7.243936e+04 -3.095447e+06
 [2,]    2 0.00000100 10.0000000  66524.65 -6.245436e+06 -1.114653e+02
 [3,]    3 2.20418074 10.0000000  67617.05  1.633372e+03 -6.601158e+01
 [4,]    4 0.73470705 10.0000000  65006.78  1.851811e+03  5.109104e+01
 [5,]    5 0.24473400 10.0000000  64222.30  9.190030e+02  1.533275e+02
 [6,]    6 0.24469801  9.9994911  64222.19  9.188541e+02  1.533788e+02
 [7,]    7 0.24455407  9.9974557  64221.75  9.182583e+02  1.536036e+02
 [8,]    8 0.24397831  9.9893140  64219.96  9.158683e+02  1.545058e+02
 [9,]    9 0.24167526  9.9567473  64212.78  9.062025e+02  1.581580e+02
[10,]   10 0.23246308  9.8264805  64183.03  8.657093e+02  1.732956e+02
[11,]   11 0.19561435  9.3054130  64049.69  6.445182e+02  2.267109e+02
[12,]   12 0.04821943  7.2211432  63323.23 -2.398709e+03  5.156295e+02
[13,]   13 0.00000100  6.5393001  64195.31 -3.510091e+06  7.003232e+02
[14,]   14 0.02966955  6.9588347  63253.22 -4.969208e+03  5.056405e+02
[15,]   15 0.00000100  6.5259291  64185.97 -3.494690e+06  6.960893e+02
[16,]   16 0.01934481  6.8081823  63244.44 -8.349300e+03  4.925678e+02
[17,]   17 0.02282204  6.8268851  63227.37 -6.829590e+03  4.901182e+02
[18,]   18 0.03226260  6.7311402  63132.13 -4.068032e+03  4.551962e+02
[19,]   19 0.05509082  6.1886232  62873.45 -9.362948e+02  3.079391e+02
[20,]   20 0.07118452  5.2512497  62657.66 -1.712687e+02  1.566125e+02
[21,]   21 0.05123623  4.1620708  62522.03 -2.252236e+03  1.675726e+02
[22,]   22 0.01472307  0.0000010 422631.63  1.166221e+05 -1.562208e+09
[23,]   23 0.03905028  2.7730165  62185.27 -4.291702e+03  2.426135e+02
[24,]   24 0.02688668  1.3865087  61699.07 -1.223090e+04  6.731425e+02
[25,]   25 0.01877896  0.4623244  60862.30 -3.271459e+04  1.579400e+03
[26,]   26 0.01607639  0.1542634  61234.00 -5.791401e+03 -1.475218e+04
[27,]   27 0.01877896  0.4623244  60862.30 -3.271459e+04  1.579400e+03
[28,]   28 0.14121037  0.0000010 433641.84  6.391808e+04 -1.562260e+09
[29,]   29 0.05995222  0.3068466  59977.25 -8.140170e+03 -1.245952e+03
[30,]   30 1.19339670 10.0000000  65861.91  1.843627e+03 -1.557516e+01
[31,]   31 0.31175301  2.4602328  62488.05  2.541625e+03  5.270997e+02
[32,]   32 0.10560085  0.6972312  60257.86 -5.140784e+03  2.276910e+03
[33,]   33 0.07223028  0.4118480  59900.42 -8.751278e+03  1.312522e+03
[34,]   34 0.09546060  0.4055272  59725.03 -5.959313e+03  9.014403e+02
[35,]   35 0.14494756  0.3910077  59516.88 -2.661849e+03 -3.551979e+02
[36,]   36 0.19888152  0.4318116  59398.72 -1.685926e+03  1.659518e+02
[37,]   37 0.27003172  0.4600570  59316.53 -8.894882e+02  2.698914e+02
[38,]   38 0.33820760  0.4732011  59275.77 -4.233649e+02  1.110738e+02
[39,]   39 0.40187263  0.4875096  59258.46 -1.895139e+02  1.183724e+02
[40,]   40 0.44630903  0.4847946  59254.37 -1.030385e+01 -2.461435e+02
[41,]   41 0.48319429  0.5035061  59253.17 -9.201773e+00  1.528187e+02
[42,]   42 0.47344826  0.4972165  59252.72 -2.274726e+00  7.065747e+00
[43,]   43 0.47383598  0.4970821  59252.72 -4.864726e-01  6.720042e-01
[44,]   44 0.47402862  0.4970924  59252.72 -1.603970e-02 -4.344358e-02

