[22;0t]0;IPython: scripts/01_msprime_simulations$par
[1] 0.001784526 0.708857751

$value
[1] -22574.11

$counts
function gradient 
      30       30 

$convergence
[1] 0

$message
[1] "CONVERGENCE: REL_REDUCTION_OF_F <= FACTR*EPSMCH"

$loginfo
      step        par1       par2       fn           gr1           gr2
 [1,]    1 0.100000000  0.0100000 30835.35  1.592685e+04 -5.677715e+05
 [2,]    2 0.000001000 10.0000000 34027.26 -8.985933e+04  1.547696e+03
 [3,]    3 0.066632692  3.3434274 24799.65  3.244615e+03  1.204085e+03
 [4,]    4 0.047546962  3.3361379 24729.27  3.199488e+03  1.209449e+03
 [5,]    5 0.000001000  3.3179786 24621.93 -2.735580e+05  1.151819e+03
 [6,]    6 0.046917994  3.3358977 24726.97  3.196933e+03  1.209522e+03
 [7,]    7 0.023459497  3.3269382 24643.05  2.982482e+03  1.206479e+03
 [8,]    8 0.007818247  3.3209643 24593.39  2.197789e+03  1.188781e+03
 [9,]    9 0.000001000  3.3023077 24603.96 -2.735833e+05  1.141565e+03
[10,]   10 0.003697341  3.3111294 24574.54  1.063435e+03  1.170942e+03
[11,]   11 0.000001000  3.0391668 24327.34 -3.367873e+05  9.671888e+02
[12,]   12 0.002783665  3.2439046 24496.06 -1.102508e+02  1.151222e+03
[13,]   13 0.001392333  3.1415357 24382.27 -4.343859e+03  1.115308e+03
[14,]   14 0.023160451  0.0000010 95841.13  5.706055e+04 -3.482271e+08
[15,]   15 0.008908790  2.0567744 23219.96  2.797317e+03  9.625856e+02
[16,]   16 0.014172142  0.0000010 95261.00  7.369794e+04 -3.481958e+08
[17,]   17 0.010698002  1.3575993 22772.53  3.508231e+03  1.402523e+02
[18,]   18 0.008982603  1.2445023 22735.32  3.953101e+03  4.294061e+02
[19,]   19 0.002121007  0.7921143 22584.14  6.657815e+02  2.206545e+02
[20,]   20 0.000001000  0.6523414 22677.42 -6.068042e+05  0.000000e+00
[21,]   21 0.001343618  0.7408608 22577.95 -3.150548e+03  1.578367e+02
[22,]   22 0.000001000  0.4599158 22770.14 -6.024633e+05  5.082372e+02
[23,]   23 0.001118893  0.6938368 22576.55 -5.039628e+03 -1.339256e+02
[24,]   24 0.001236945  0.7185392 22575.43 -3.836474e+03  7.990270e+01
[25,]   25 0.004589698  0.6713962 22590.28  5.412571e+03 -3.205723e+02
[26,]   26 0.001924797  0.7088673 22574.16  6.246309e+02 -4.999522e-01
[27,]   27 0.001805907  0.7076747 22574.12  1.057466e+02 -1.069372e+01
[28,]   28 0.001768736  0.7095846 22574.11 -7.960843e+01  6.475962e+00
[29,]   29 0.001784904  0.7088664 22574.11  1.642239e+00  7.129764e-02
[30,]   30 0.001784526  0.7088578 22574.11 -1.420514e-01 -4.071917e-03

