[22;0t]0;IPython: scripts/01_msprime_simulations$par
[1] 0.0001352153 0.0023481426

$value
[1] -2163.669

$counts
function gradient 
      34       34 

$convergence
[1] 0

$message
[1] "CONVERGENCE: REL_REDUCTION_OF_F <= FACTR*EPSMCH"

$loginfo
      step         par1        par2       fn           gr1           gr2
 [1,]    1 0.1000000000 0.010000000 2315.487  5.168812e+02  2.022642e+04
 [2,]    2 0.0000010000 0.000001000 4065.225  1.208834e+05 -1.469249e+07
 [3,]    3 0.0639591546 0.006396240 2228.774  2.000679e+02  1.953344e+04
 [4,]    4 0.0474907081 0.000001000 4456.920  8.307895e+02 -1.496092e+07
 [5,]    5 0.0583817261 0.004230341 2192.037  6.693767e+01  1.093027e+04
 [6,]    6 0.0567055830 0.001461120 2257.893  2.489133e+02 -1.091219e+05
 [7,]    7 0.0579207611 0.003468763 2186.959  6.076525e+01  1.239886e+03
 [8,]    8 0.0548293049 0.003370397 2186.727  6.340412e+01 -4.799945e+02
 [9,]    9 0.0431973187 0.003266035 2186.062  7.528874e+01 -2.027913e+03
[10,]   10 0.0000010000 0.002878475 2175.091 -1.110600e+05  8.082800e+02
[11,]   11 0.0431751221 0.003265835 2186.061  7.532524e+01 -2.030557e+03
[12,]   12 0.0215880610 0.003072155 2184.175  1.884561e+02 -3.545219e+03
[13,]   13 0.0071475842 0.002942595 2179.476  6.563688e+02 -1.354837e+03
[14,]   14 0.0023639648 0.002899676 2174.703  1.702892e+03  1.224532e+03
[15,]   15 0.0000010000 0.002735993 2174.971 -1.110055e+05  1.217422e+03
[16,]   16 0.0010248116 0.002806913 2171.054  4.513933e+03  8.833355e+02
[17,]   17 0.0003754298 0.002761930 2166.311  1.077276e+04  3.292981e+02
[18,]   18 0.0002219763 0.002751300 2164.604  9.190620e+03  4.791062e+02
[19,]   19 0.0000010000 0.002730653 2174.965 -1.109869e+05  1.250410e+03
[20,]   20 0.0002025491 0.002749485 2164.409  8.075491e+03  5.203883e+02
[21,]   21 0.0000176768 0.001578798 2165.018 -1.561981e+04  7.675687e+01
[22,]   22 0.0001367801 0.002333009 2163.679  5.609483e+02 -1.006055e+02
[23,]   23 0.0001307794 0.002413686 2163.658 -2.035060e+03  3.880574e+02
[24,]   24 0.0001355274 0.002349852 2163.671  7.595519e+01  1.269613e+01
[25,]   25 0.0001346518 0.002345056 2163.665 -1.944812e+02 -1.246134e+01
[26,]   26 0.0001352153 0.002348143 2163.669 -1.924930e+01  3.820017e+00
[27,]   27 0.0001352653 0.002347548 2163.669  3.998640e-01 -1.537238e-01
[28,]   28 0.0001352154 0.002348142 2163.669 -1.921485e+01  3.813063e+00
[29,]   29 0.0001352153 0.002348143 2163.669 -1.924924e+01  3.820005e+00
[30,]   30 0.0001352153 0.002348143 2163.669 -1.924930e+01  3.820017e+00
[31,]   31 0.0001352153 0.002348143 2163.669 -1.924930e+01  3.820017e+00
[32,]   32 0.0001352153 0.002348143 2163.669 -1.924930e+01  3.820017e+00

