[22;0t]0;IPython: scripts/01_msprime_simulations$par
[1] 0.005755503 8.672470199

$value
[1] -60416.2

$counts
function gradient 
      28       28 

$convergence
[1] 0

$message
[1] "CONVERGENCE: REL_REDUCTION_OF_F <= FACTR*EPSMCH"

$loginfo
      step        par1      par2        fn           gr1           gr2
 [1,]    1 0.100000000  0.010000 130983.28  8.019973e+04 -3.347657e+06
 [2,]    2 0.000001000 10.000000  60857.54 -1.058868e+06  2.587363e+02
 [3,]    3 2.574427607 10.000000  68093.63  2.161076e+03 -3.280891e+02
 [4,]    4 0.854480608 10.000000  63607.34  3.202432e+03 -6.165367e+01
 [5,]    5 0.283533851 10.000000  61621.79  3.766703e+03  9.816139e+01
 [6,]    6 0.094200189 10.000000  60896.82  3.779861e+03  1.619796e+02
 [7,]    7 0.031432049 10.000000  60677.96  2.833366e+03  1.850956e+02
 [8,]    8 0.031348130  9.999448  60677.62  2.829772e+03  1.851114e+02
 [9,]    9 0.031012457  9.997242  60676.26  2.815223e+03  1.851734e+02
[10,]   10 0.029669761  9.988415  60670.89  2.754147e+03  1.855042e+02
[11,]   11 0.024298981  9.953109  60650.26  2.453144e+03  1.884523e+02
[12,]   12 0.002815861  9.811885  60613.99 -8.242097e+03  2.458846e+02
[13,]   13 0.016611689  9.902575  60624.11  1.737580e+03  1.977367e+02
[14,]   14 0.000001000  9.793850  60804.09 -1.088828e+06  2.970364e+02
[15,]   15 0.010227162  9.860785  60608.16  3.803958e+02  2.103557e+02
[16,]   16 0.001414058  9.802013  60628.62 -1.834183e+04  2.698032e+02
[17,]   17 0.007017569  9.839381  60604.57 -1.207512e+03  2.203957e+02
[18,]   18 0.006457449  9.834635  60604.31 -1.637034e+03  2.226715e+02
[19,]   19 0.006104439  9.829531  60603.80 -1.938404e+03  2.243410e+02
[20,]   20 0.004304963  9.780583  60597.73 -4.036138e+03  2.363623e+02
[21,]   21 0.001395048  9.631040  60583.04 -1.663660e+04  2.620311e+02
[22,]   22 0.001762295  9.451886  60530.93 -1.142377e+04  2.502581e+02
[23,]   23 0.003231281  8.735267  60420.61 -3.770019e+03  1.806292e+01
[24,]   24 0.004169128  8.690032  60417.55 -1.861770e+03  4.061854e+00
[25,]   25 0.005125446  8.682539  60416.39 -5.980321e+02  2.425244e+00
[26,]   26 0.005579444  8.672552  60416.21 -1.530658e+02 -3.885038e-01
[27,]   27 0.005738352  8.674364  60416.20 -1.060288e+01  2.774509e-01
[28,]   28 0.005755503  8.672470  60416.20  2.945655e+00 -2.989447e-01

