[22;0t]0;IPython: scripts/01_msprime_simulations$par
[1] 0.424490804 0.001134099

$value
[1] -878.1742

$counts
function gradient 
      37       37 

$convergence
[1] 0

$message
[1] "CONVERGENCE: REL_REDUCTION_OF_F <= FACTR*EPSMCH"

$loginfo
      step        par1         par2        fn           gr1           gr2
 [1,]    1 0.100000000 0.0100000000 1104.8383  1.370265e+03  8.373388e+03
 [2,]    2 0.000001000 0.0000010000 1405.1417  1.154160e+05 -4.815753e+06
 [3,]    3 0.056405111 0.0056409035 1003.1367  7.737140e+02  1.815567e+04
 [4,]    4 0.019634644 0.0019641877  895.3661 -4.920471e+01  2.640352e+04
 [5,]    5 0.007655866 0.0007664177  884.3586  5.814856e+01 -2.751873e+04
 [6,]    6 0.013761506 0.0013769268  883.1538 -1.673790e+02  1.520963e+04
 [7,]    7 0.010666068 0.0000010000 1535.3095  1.447105e+03 -5.073157e+06
 [8,]    8 0.012825850 0.0009610263  880.9470 -7.227097e+01 -8.534438e+03
 [9,]    9 0.019776351 0.0011412038  880.0573 -7.410866e+01  3.337148e+03
[10,]   10 0.024532931 0.0011346802  879.7461 -5.047263e+01  2.214721e+03
[11,]   11 0.034773258 0.0011235576  879.3590 -2.556991e+01  5.322469e+02
[12,]   12 0.045959132 0.0011299734  879.1418 -1.563941e+01  5.250253e+02
[13,]   13 0.063236012 0.0011294356  878.9295 -9.934903e+00  1.583557e+02
[14,]   14 0.093794749 0.0011365078  878.6934 -6.253956e+00  4.733920e+02
[15,]   15 0.216494598 0.0002988689  944.1440  4.782750e+00 -2.900427e+05
[16,]   16 0.111550210 0.0010152961  879.1524 -4.074347e+00 -1.067762e+04
[17,]   17 0.096411393 0.0011186447  878.6772 -5.936062e+00 -9.878026e+02
[18,]   18 0.146711421 0.0011310337  878.4543 -3.107549e+00 -1.396723e+02
[19,]   19 0.201363692 0.0011351080  878.3306 -1.644975e+00  1.373067e+02
[20,]   20 0.262592671 0.0011343509  878.2557 -8.930968e-01  4.806741e+01
[21,]   21 0.335345245 0.0011341412  878.2072 -4.917471e-01  1.866191e+01
[22,]   22 0.424490804 0.0011340993  878.1742 -2.781618e-01  9.418971e+00
[23,]   23 0.562672467 0.0016443579  886.9230  2.182712e-01  3.023503e+04
[24,]   24 0.424704938 0.0011348900  878.1744 -2.778660e-01  7.765151e+01
[25,]   25 0.424499854 0.0011341327  878.1742 -2.781510e-01  1.230462e+01
[26,]   26 0.424491203 0.0011341007  878.1742 -2.781602e-01  9.546400e+00
[27,]   27 0.424490821 0.0011340993  878.1742 -2.781634e-01  9.424610e+00
[28,]   28 0.424490804 0.0011340993  878.1742 -2.781627e-01  9.419225e+00
[29,]   29 0.424490804 0.0011340993  878.1742 -2.781630e-01  9.418992e+00
[30,]   30 0.424490804 0.0011340993  878.1742 -2.781605e-01  9.418971e+00
[31,]   31 0.424490804 0.0011340993  878.1742 -2.781605e-01  9.418971e+00
[32,]   32 0.424490804 0.0011340993  878.1742 -2.781613e-01  9.418981e+00
[33,]   33 0.424490804 0.0011340993  878.1742 -2.781605e-01  9.418971e+00
[34,]   34 0.424490804 0.0011340993  878.1742 -2.781605e-01  9.418971e+00
[35,]   35 0.424490804 0.0011340993  878.1742 -2.781605e-01  9.418971e+00
[36,]   36 0.424490804 0.0011340993  878.1742 -2.781605e-01  9.418971e+00

