[22;0t]0;IPython: scripts/01_msprime_simulations$par
[1] 0.08431696 0.09766924

$value
[1] -27631.74

$counts
function gradient 
      32       32 

$convergence
[1] 0

$message
[1] "CONVERGENCE: REL_REDUCTION_OF_F <= FACTR*EPSMCH"

$loginfo
      step        par1        par2        fn           gr1           gr2
 [1,]    1 0.100000000  0.01000000  35651.72  1.888321e+04 -6.654947e+05
 [2,]    2 0.000001000 10.00000000  35572.83  2.416096e+03  1.386996e+03
 [3,]    3 0.066682085  3.33849298  29455.11  1.287334e+03  2.693475e+02
 [4,]    4 0.060228867  3.33704024  29446.77  1.175142e+03  2.641341e+02
 [5,]    5 0.034415993  3.33122930  29423.67  3.683490e+02  2.327769e+02
 [6,]    6 0.019829056  3.32655840  29424.90 -8.882836e+02  2.023718e+02
 [7,]    7 0.027889917  3.32913957  29422.05 -4.356618e+01  2.207070e+02
 [8,]    8 0.027502811  3.32769425  29421.75 -7.618821e+01  2.195895e+02
 [9,]    9 0.025954386  3.32191298  29420.72 -2.155876e+02  2.150041e+02
[10,]   10 0.021183413  3.26654403  29411.93 -8.620225e+02  1.918906e+02
[11,]   11 0.017678141  3.08283448  29383.29 -2.047374e+03  1.825766e+02
[12,]   12 0.011655153  1.01873246  28636.04 -4.836745e+03  5.231081e+02
[13,]   13 0.008682525  0.00000100 109257.62  9.761084e+04 -4.017565e+08
[14,]   14 0.010659724  0.67759477  28504.36 -6.429862e+03  4.859618e+02
[15,]   15 0.009354773  0.23038288  28174.94 -1.381249e+04  1.439540e+03
[16,]   16 0.038480833  0.00000100 111439.11  5.496918e+04 -4.018155e+08
[17,]   17 0.019118315  0.15315502  27926.25 -7.705221e+03  2.555284e+03
[18,]   18 0.028799574  0.07657801  27706.24 -3.605769e+03 -1.345650e+03
[19,]   19 0.859909228  3.17143285  31148.57  2.318513e+03  2.089134e+02
[20,]   20 0.187108464  0.66608269  29040.17  4.031725e+03  4.883881e+02
[21,]   21 0.049596558  0.15402103  27818.77 -1.517704e+03  3.415487e+03
[22,]   22 0.033384933  0.09365280  27691.69 -3.790267e+03  1.329311e+03
[23,]   23 0.055537722  0.09319267  27643.34 -1.036145e+03  2.636079e+02
[24,]   24 0.064195695  0.09391548  27636.66 -5.595237e+02  1.073235e+01
[25,]   25 0.075842955  0.09674198  27632.52 -2.061363e+02  1.103075e+02
[26,]   26 0.081610299  0.09725449  27631.81 -5.476491e+01  7.593212e+00
[27,]   27 0.083940437  0.09765132  27631.75 -8.646584e+00  9.130280e+00
[28,]   28 0.084306990  0.09740395  27631.75  8.868850e+00 -5.522791e+01
[29,]   29 0.084029776  0.09759103  27631.74 -4.376212e+00 -6.473328e+00
[30,]   30 0.084305736  0.09766651  27631.74 -1.821718e-01 -1.847611e-01
[31,]   31 0.084316957  0.09766924  27631.74 -1.025655e-03  7.087147e-04

