[22;0t]0;IPython: scripts/01_msprime_simulations$par
[1] 0.052197389 0.001077705

$value
[1] -839.9961

$counts
function gradient 
      24       24 

$convergence
[1] 0

$message
[1] "CONVERGENCE: REL_REDUCTION_OF_F <= FACTR*EPSMCH"

$loginfo
      step        par1         par2        fn           gr1           gr2
 [1,]    1 0.100000000 0.0100000000 1053.4598  1.425982e+03  8.217399e+03
 [2,]    2 0.000001000 0.0000010000 1336.5531  1.164115e+05 -4.538823e+06
 [3,]    3 0.055944267 0.0055948232  952.0862  8.376797e+02  1.588606e+04
 [4,]    4 0.019511998 0.0019519242  856.1531  1.069745e+01  2.501895e+04
 [5,]    5 0.007646104 0.0007654416  843.8758  9.526561e+00 -2.353425e+04
 [6,]    6 0.013372963 0.0013380760  843.4839 -1.266048e+02  1.487104e+04
 [7,]    7 0.009801108 0.0000010000 1455.9295  1.485220e+03 -4.796692e+06
 [8,]    8 0.012296759 0.0009352132  841.2291 -6.448680e+01 -7.521285e+03
 [9,]    9 0.017224663 0.0010872991  840.6422 -6.394841e+01  2.904608e+03
[10,]   10 0.020678155 0.0010749762  840.4284 -4.357052e+01  1.555444e+03
[11,]   11 0.028498555 0.0010673605  840.1792 -2.095613e+01  1.699047e+02
[12,]   12 0.036298148 0.0010754467  840.0644 -1.046511e+01  2.767475e+02
[13,]   13 0.043835795 0.0010783302  840.0124 -4.238673e+00  2.184869e+02
[14,]   14 0.048692671 0.0010598166  840.0048 -1.124721e+00 -1.360867e+03
[15,]   15 0.050502028 0.0010758777  839.9962 -6.529883e-01 -1.172912e+02
[16,]   16 0.051723958 0.0010778791  839.9962 -1.864180e-01  1.989469e+01
[17,]   17 0.052166126 0.0010777455  839.9961 -1.293817e-02  2.905918e+00
[18,]   18 0.052197389 0.0010777051  839.9961 -4.130408e-04 -7.096652e-01
[19,]   19 0.052198660 0.0010777139  839.9961 -5.535753e-05 -4.213042e-02
[20,]   20 0.052197389 0.0010777051  839.9961 -4.128816e-04 -7.093746e-01
[21,]   21 0.052197389 0.0010777051  839.9961 -4.130533e-04 -7.096651e-01
[22,]   22 0.052197389 0.0010777051  839.9961 -4.130345e-04 -7.096650e-01
[23,]   23 0.052197389 0.0010777051  839.9961 -4.130641e-04 -7.096651e-01
[24,]   24 0.052197389 0.0010777051  839.9961 -4.130533e-04 -7.096651e-01

