[22;0t]0;IPython: scripts/01_msprime_simulations$par
[1] 0.0033991843 0.0006636237

$value
[1] -523.4499

$counts
function gradient 
      29       29 

$convergence
[1] 0

$message
[1] "CONVERGENCE: REL_REDUCTION_OF_F <= FACTR*EPSMCH"

$loginfo
      step         par1         par2       fn           gr1           gr2
 [1,]    1 0.1000000000 0.0100000000 733.2915  1.753091e+03  6.218158e+03
 [2,]    2 0.0000010000 0.0000010000 796.0501  1.006686e+05 -2.555282e+06
 [3,]    3 0.0471589505 0.0047163706 607.4124  1.273185e+03  1.088408e+04
 [4,]    4 0.0160347032 0.0016042260 538.1634  4.461804e+02  1.551066e+04
 [5,]    5 0.0000010000 0.0000010000 796.0501  1.006686e+05 -2.555282e+06
 [6,]    6 0.0109714782 0.0010979491 528.5974  2.588752e+02  1.410371e+04
 [7,]    7 0.0000010000 0.0000010000 796.0501  1.006686e+05 -2.555282e+06
 [8,]    8 0.0079940087 0.0008002289 524.6022  1.975545e+02  6.164792e+03
 [9,]    9 0.0046326170 0.0005209124 524.6764  3.164442e+02 -1.843020e+04
[10,]   10 0.0062599415 0.0006561357 523.8855  2.149914e+02 -2.993087e+03
[11,]   11 0.0059565672 0.0006619432 523.8102  2.065478e+02 -2.312965e+03
[12,]   12 0.0047430704 0.0006851731 523.5833  1.445289e+02  2.939251e+02
[13,]   13 0.0008417623 0.0006656421 525.3595 -2.820334e+03  5.020052e+03
[14,]   14 0.0035447976 0.0006791742 523.4672  1.611322e+01  8.607538e+02
[15,]   15 0.0032890064 0.0006643972 523.4511 -1.790612e+01  9.632286e+01
[16,]   16 0.0033991843 0.0006636237 523.4499  5.615893e+00 -9.193129e+01
[17,]   17 0.0033775504 0.0006645851 523.4504  2.477331e-01  4.340835e+00
[18,]   18 0.0033979304 0.0006636794 523.4500  5.307254e+00 -8.633794e+01
[19,]   19 0.0033991074 0.0006636271 523.4499  5.596979e+00 -9.158830e+01
[20,]   20 0.0033991796 0.0006636239 523.4499  5.614729e+00 -9.191019e+01
[21,]   21 0.0033991840 0.0006636237 523.4499  5.615821e+00 -9.192999e+01
[22,]   22 0.0033991843 0.0006636237 523.4499  5.615889e+00 -9.193121e+01
[23,]   23 0.0033991843 0.0006636237 523.4499  5.615893e+00 -9.193128e+01
[24,]   24 0.0033991843 0.0006636237 523.4499  5.615893e+00 -9.193129e+01
[25,]   25 0.0033991843 0.0006636237 523.4499  5.615893e+00 -9.193129e+01
[26,]   26 0.0033991843 0.0006636237 523.4499  5.615893e+00 -9.193128e+01
[27,]   27 0.0033991843 0.0006636237 523.4499  5.615893e+00 -9.193129e+01
[28,]   28 0.0033991843 0.0006636237 523.4499  5.615893e+00 -9.193129e+01
[29,]   29 0.0033991843 0.0006636237 523.4499  5.615893e+00 -9.193129e+01

