[22;0t]0;IPython: scripts/01_msprime_simulations$par
[1] 0.004370826 0.109893978

$value
[1] -30005.53

$counts
function gradient 
      38       38 

$convergence
[1] 0

$message
[1] "CONVERGENCE: REL_REDUCTION_OF_F <= FACTR*EPSMCH"

$loginfo
      step        par1        par2        fn           gr1           gr2
 [1,]    1 0.100000000  0.01000000  40733.71  2.319150e+04 -7.878763e+05
 [2,]    2 0.000001000 10.00000000  37342.80  2.414185e+03  1.239222e+03
 [3,]    3 0.066662590  3.34044060  31190.23  2.521940e+03  6.587221e+02
 [4,]    4 0.055973925  3.33748488  31162.21  2.346399e+03  6.573039e+02
 [5,]    5 0.013219265  3.32566200  31094.19 -9.292568e+02  6.385657e+02
 [6,]    6 0.024875544  3.32553081  31096.83  1.018565e+03  6.457938e+02
 [7,]    7 0.017280314  3.32561629  31092.49  2.715938e+01  6.413312e+02
 [8,]    8 0.017206350  3.32191242  31090.11  1.102933e+01  6.401138e+02
 [9,]    9 0.016910495  3.30709694  31080.67 -5.466438e+01  6.353730e+02
[10,]   10 0.015727072  3.24783501  31043.75 -3.385510e+02  6.196660e+02
[11,]   11 0.010993380  3.01078731  30904.22 -1.826972e+03  5.914410e+02
[12,]   12 0.005108623  0.00000100 125981.23  1.131530e+05 -4.651045e+08
[13,]   13 0.009005041  1.99350424  30477.01 -4.409777e+03  1.989486e+02
[14,]   14 0.023593928  1.40419545  30346.20  2.236412e+03  1.814506e+02
[15,]   15 0.031247216  0.06469977  30512.98  1.346156e+04 -1.560345e+04
[16,]   16 0.027218157  0.76987466  30285.50  5.190734e+03  1.644951e+02
[17,]   17 0.023368096  0.00000100 127691.50  7.754357e+04 -4.651432e+08
[18,]   18 0.025933706  0.51303069  30245.97  6.925637e+03  7.880824e+01
[19,]   19 0.006481884  0.00000100 126134.32  1.098110e+05 -4.651067e+08
[20,]   20 0.019443508  0.34185576  30157.16  7.744923e+03  1.909081e+02
[21,]   21 0.012962696  0.17092838  30068.26  7.928470e+03  2.731153e+02
[22,]   22 0.008647389  0.05711486  30239.22  2.101063e+04 -1.430392e+04
[23,]   23 0.011452809  0.13110606  30049.18  8.553112e+03  1.347296e+01
[24,]   24 0.010382495  0.10287718  30050.35  9.981077e+03 -9.838641e+02
[25,]   25 0.011452809  0.13110606  30049.18  8.553112e+03  1.347296e+01
[26,]   26 0.002296838  0.00000100 125653.46  1.199277e+05 -4.651012e+08
[27,]   27 0.008403705  0.08744570  30051.59  1.121422e+04 -1.939936e+03
[28,]   28 0.009946487  0.10953692  30040.99  9.266743e+03 -5.855499e+02
[29,]   29 0.000001000  0.11698729  30555.16 -2.992025e+06  4.717624e+02
[30,]   30 0.006300493  0.11226821  30011.45  5.504770e+03 -1.537442e+02
[31,]   31 0.000001000  0.10772306  30551.51 -3.030036e+06  3.837421e+02
[32,]   32 0.004171443  0.11073208  30005.65 -1.079471e+03  5.104534e+01
[33,]   33 0.003131647  0.06646174  30066.41  3.770921e+03 -5.557094e+03
[34,]   34 0.003994667  0.10320566  30006.32 -9.096716e+02 -2.118257e+02
[35,]   35 0.004148913  0.10977284  30005.64 -1.061806e+03  2.720494e+01
[36,]   36 0.005464574  0.11065653  30007.74  3.783284e+03 -1.148682e+02
[37,]   37 0.004375409  0.10992497  30005.53  1.799724e+01  2.424869e-01
[38,]   38 0.004370826  0.10989398  30005.53  1.229767e+00 -5.826740e-02

