[22;0t]0;IPython: scripts/01_msprime_simulations$par
[1] 3.8863468782 0.0004705692

$value
[1] -410.1509

$counts
function gradient 
      35       35 

$convergence
[1] 0

$message
[1] "CONVERGENCE: REL_REDUCTION_OF_F <= FACTR*EPSMCH"

$loginfo
      step         par1         par2       fn           gr1           gr2
 [1,]    1  0.100000000 0.0100000000 633.2620  1.945576e+03  3.344937e+03
 [2,]    2  0.000001000 0.0000010000 590.7247  9.884896e+04 -1.770017e+06
 [3,]    3  0.097164751 0.0097165006 626.8043  1.932645e+03  3.428234e+03
 [4,]    4  0.048582876 0.0048587503 516.8949  1.489298e+03  8.001537e+03
 [5,]    5  0.017103538 0.0017110999 441.9514  4.870929e+02  2.222822e+04
 [6,]    6  0.007470796 0.0007479123 414.6420 -3.752154e+01  2.363375e+04
 [7,]    7 10.000000000 0.0000010000 652.4246  7.294034e-05 -2.069088e+06
 [8,]    8  3.877839214 0.0004586136 410.1655 -3.245667e-03 -4.198422e+03
 [9,]    9  4.400963878 0.0012069844 439.4146  9.341063e-03  6.073138e+04
[10,]   10  3.895048106 0.0004832323 410.1685 -3.224424e-03  1.262569e+03
[11,]   11  3.884100160 0.0004675704 410.1517 -3.241208e-03 -2.141791e+03
[12,]   12  3.890977524 0.0004769079 410.1556 -3.233322e-03 -8.394635e+01
[13,]   13  3.885719664 0.0004697692 410.1509 -3.241194e-03 -1.649481e+03
[14,]   14  3.891504463 0.0004771470 410.1559 -3.228883e-03 -3.235058e+01
[15,]   15  3.886771370 0.0004711105 410.1510 -3.235958e-03 -1.351529e+03
[16,]   16  3.885949819 0.0004700628 410.1509 -3.240201e-03 -1.584125e+03
[17,]   17  3.886492043 0.0004707543 410.1509 -3.237133e-03 -1.430490e+03
[18,]   18  3.886065087 0.0004702098 410.1509 -3.237618e-03 -1.551425e+03
[19,]   19  3.886346878 0.0004705692 410.1509 -3.237721e-03 -1.471575e+03
[20,]   20  3.891891181 0.0004771972 410.1560 -3.228650e-03 -2.152459e+01
[21,]   21  3.887248060 0.0004716465 410.1511 -3.235753e-03 -1.232973e+03
[22,]   22  3.886519104 0.0004707750 410.1509 -3.236032e-03 -1.425887e+03
[23,]   23  3.886380784 0.0004706097 410.1509 -3.235736e-03 -1.462577e+03
[24,]   24  3.886353592 0.0004705772 410.1509 -3.234969e-03 -1.469793e+03
[25,]   25  3.886348209 0.0004705707 410.1509 -3.238737e-03 -1.471222e+03
[26,]   26  3.886347142 0.0004705695 410.1509 -3.238992e-03 -1.471505e+03
[27,]   27  3.886346930 0.0004705692 410.1509 -3.237097e-03 -1.471561e+03
[28,]   28  3.886346888 0.0004705692 410.1509 -3.236623e-03 -1.471572e+03
[29,]   29  3.886346880 0.0004705692 410.1509 -3.236378e-03 -1.471575e+03
[30,]   30  3.886346879 0.0004705692 410.1509 -3.239596e-03 -1.471575e+03
[31,]   31  3.886346878 0.0004705692 410.1509 -3.238776e-03 -1.471575e+03
[32,]   32  3.886346878 0.0004705692 410.1509 -3.236669e-03 -1.471575e+03
[33,]   33  3.886346878 0.0004705692 410.1509 -3.236669e-03 -1.471575e+03
[34,]   34  3.886346878 0.0004705692 410.1509 -3.236669e-03 -1.471575e+03

