[22;0t]0;IPython: scripts/01_msprime_simulations$par
[1] 0.010003783 0.003658196

$value
[1] -2333.992

$counts
function gradient 
      17       17 

$convergence
[1] 0

$message
[1] "CONVERGENCE: REL_REDUCTION_OF_F <= FACTR*EPSMCH"

$loginfo
      step        par1        par2       fn           gr1           gr2
 [1,]    1 0.100000000 0.010000000 2446.821  5.346685e+02  1.782603e+04
 [2,]    2 0.000001000 0.000001000 4475.425  1.212485e+05 -1.621554e+07
 [3,]    3 0.064580922 0.006458411 2371.208  3.149330e+02  1.501506e+04
 [4,]    4 0.011974334 0.000001000 4799.697  6.827540e+03 -1.643621e+07
 [5,]    5 0.046885055 0.004286259 2343.627  2.657217e+02  2.985921e+03
 [6,]    6 0.035198596 0.003403990 2342.560  3.403791e+02 -9.634883e+03
 [7,]    7 0.036081759 0.003767570 2340.574  3.011160e+02 -3.206772e+03
 [8,]    8 0.029865740 0.003869610 2338.494  2.953970e+02 -1.163723e+03
 [9,]    9 0.000001000 0.004079014 2378.932 -1.153060e+05  1.002615e+03
[10,]   10 0.018670025 0.003948112 2335.417  2.300329e+02  1.143221e+03
[11,]   11 0.000001000 0.003936835 2378.741 -1.159995e+05  1.453433e+03
[12,]   12 0.012157923 0.003944178 2334.376  4.984415e+01  2.244204e+03
[13,]   13 0.009623123 0.003832165 2334.180 -9.001996e+01  1.864811e+03
[14,]   14 0.010129138 0.003696489 2333.999 -4.804693e+00  3.679581e+02
[15,]   15 0.009994775 0.003653863 2333.992  9.807022e-01 -4.429106e+01
[16,]   16 0.010003462 0.003658245 2333.992 -4.329311e-02  6.700458e-01
[17,]   17 0.010003783 0.003658196 2333.992 -2.874231e-04  1.727094e-03

