[22;0t]0;IPython: scripts/01_msprime_simulations$par
[1] 0.0009139332 1.0168808832

$value
[1] -31712.11

$counts
function gradient 
      60       60 

$convergence
[1] 0

$message
[1] "CONVERGENCE: REL_REDUCTION_OF_F <= FACTR*EPSMCH"

$loginfo
      step         par1       par2       fn           gr1           gr2
 [1,]    1 0.1000000000  0.0100000 61886.04  3.282520e+04 -1.455386e+06
 [2,]    2 0.0000010000 10.0000000 41134.64 -4.022096e+05  1.013094e+03
 [3,]    3 2.3469236946 10.0000000 47044.45  2.302362e+03  1.108148e+03
 [4,]    4 0.7748347996 10.0000000 43185.57  2.676109e+03  1.092314e+03
 [5,]    5 0.2557675345 10.0000000 41734.33  2.896945e+03  1.118231e+03
 [6,]    6 0.0845762385 10.0000000 41241.35  2.804378e+03  1.118411e+03
 [7,]    7 0.0281145142 10.0000000 41091.59  2.318878e+03  1.108873e+03
 [8,]    8 0.0279551554  9.9924134 41082.81  2.312256e+03  1.108878e+03
 [9,]    9 0.0273177202  9.9620671 41047.69  2.285609e+03  1.108957e+03
[10,]   10 0.0247679797  9.8406816 40907.26  2.173032e+03  1.111996e+03
[11,]   11 0.0145690175  9.3551399 40338.21  1.467542e+03  1.174021e+03
[12,]   12 0.0000010000  8.6616006 39602.19 -6.505202e+05  1.380595e+03
[13,]   13 0.0132677568  9.2931908 40263.26  1.348583e+03  1.184941e+03
[14,]   14 0.0039545732  8.8498182 39721.73 -2.937795e+03  1.277841e+03
[15,]   15 0.0012528833  8.7211990 39574.86 -1.420598e+04  1.296496e+03
[16,]   16 0.0000010000  8.6121162 39533.05 -6.389857e+05  1.413974e+03
[17,]   17 0.0010516913  8.7036681 39555.17 -1.672142e+04  1.302985e+03
[18,]   18 0.0005263457  8.6578922 39506.68 -3.123355e+04  1.330199e+03
[19,]   19 0.0000010000  8.0050875 38641.69 -5.835254e+05  1.563139e+03
[20,]   20 0.0000010000  7.3883519 37709.40 -5.465279e+05  1.464082e+03
[21,]   21 0.0000010000  4.9214091 34731.04 -5.826208e+05  9.111277e+02
[22,]   22 0.0404504869  0.6683636 32224.93  9.653927e+03 -1.862154e+02
[23,]   23 0.0399852350  1.4948343 32101.73  7.739320e+03  2.594818e+02
[24,]   24 0.0402509110  1.0228889 32096.70  8.720153e+03  2.169859e+01
[25,]   25 0.0390209513  0.9887360 32086.27  8.888167e+03 -5.449841e+01
[26,]   26 0.0000010000  0.8282093 31835.83 -5.680077e+05 -5.703009e+02
[27,]   27 0.0384370878  0.9863340 32081.21  8.929452e+03 -6.082058e+01
[28,]   28 0.0192190439  0.9072716 31911.82  1.038031e+04 -3.657964e+02
[29,]   29 0.0063684165  0.8544046 31797.11  1.102775e+04 -4.927163e+02
[30,]   30 0.0021870741  0.8372027 31763.29  7.911537e+03 -5.439592e+02
[31,]   31 0.0000010000  0.9467585 31801.45 -5.885269e+05  3.287620e+02
[32,]   32 0.0011271619  0.8903205 31726.74  2.923756e+03 -4.350775e+02
[33,]   33 0.0000010000  1.2403336 31841.18 -5.936455e+05 -1.371758e+01
[34,]   34 0.0007159962  1.0181115 31712.47 -4.092439e+03  1.469564e+01
[35,]   35 0.0305476626  1.4755513 32022.39  8.024180e+03  2.586083e+02
[36,]   36 0.0029806809  1.0528383 31731.38  9.558351e+03  2.779640e+02
[37,]   37 0.0009610699  1.0218695 31712.26  7.004049e+02  5.394265e+01
[38,]   38 0.0009846637  1.0094495 31712.48  1.005974e+03 -8.944817e+01
[39,]   39 0.0009700999  1.0171160 31712.13  8.406528e+02  2.749879e+00
[40,]   40 0.0009220954  1.0168774 31712.11  1.220253e+02 -7.033141e-03
[41,]   41 0.0009139332  1.0168809 31712.11 -7.830270e+00  3.267533e-02
[42,]   42 0.0009144253  1.0168779 31712.11  6.673003e-02 -2.122233e-03
[43,]   43 0.0009139444  1.0168808 31712.11 -7.650668e+00  3.195451e-02
[44,]   44 0.0009139335  1.0168809 31712.11 -7.825999e+00  3.268124e-02
[45,]   45 0.0009139332  1.0168809 31712.11 -7.830135e+00  3.268611e-02
[46,]   46 0.0009139332  1.0168809 31712.11 -7.830270e+00  3.267600e-02
[47,]   47 0.0009139332  1.0168809 31712.11 -7.830270e+00  3.267647e-02
[48,]   48 0.0009139332  1.0168809 31712.11 -7.830270e+00  3.267600e-02
[49,]   49 0.0009139332  1.0168809 31712.11 -7.830270e+00  3.267600e-02
[50,]   50 0.0009139332  1.0168809 31712.11 -7.830271e+00  3.267678e-02
[51,]   51 0.0009139332  1.0168809 31712.11 -7.830270e+00  3.267600e-02
[52,]   52 0.0009139332  1.0168809 31712.11 -7.830270e+00  3.267600e-02
[53,]   53 0.0009139332  1.0168809 31712.11 -7.830270e+00  3.267631e-02
[54,]   54 0.0009139332  1.0168809 31712.11 -7.830270e+00  3.267600e-02
[55,]   55 0.0009139332  1.0168809 31712.11 -7.830270e+00  3.267600e-02
[56,]   56 0.0009139332  1.0168809 31712.11 -7.830270e+00  3.267620e-02
[57,]   57 0.0009139332  1.0168809 31712.11 -7.830270e+00  3.267600e-02
[58,]   58 0.0009139332  1.0168809 31712.11 -7.830270e+00  3.267600e-02
[59,]   59 0.0009139332  1.0168809 31712.11 -7.830271e+00  3.267594e-02
[60,]   60 0.0009139332  1.0168809 31712.11 -7.830270e+00  3.267600e-02

