[22;0t]0;IPython: scripts/01_msprime_simulations$par
[1] 0.006010584 1.208034745

$value
[1] -21063.15

$counts
function gradient 
      35       35 

$convergence
[1] 0

$message
[1] "CONVERGENCE: REL_REDUCTION_OF_F <= FACTR*EPSMCH"

$loginfo
      step         par1       par2       fn           gr1           gr2
 [1,]    1 0.1000000000  0.0100000 24920.02  1.035492e+04 -3.857818e+05
 [2,]    2 0.0000010000 10.0000000 31728.64  2.416088e+03  1.707943e+03
 [3,]    3 0.0667119126  3.3355132 22470.60  2.319904e+03  8.461302e+02
 [4,]    4 0.0466880946  3.3280189 22418.47  2.245947e+03  8.433370e+02
 [5,]    5 0.0000010000  3.3105455 22329.86 -2.854991e+04  6.924043e+02
 [6,]    6 0.0428118016  3.3265682 22408.58  2.224122e+03  8.425074e+02
 [7,]    7 0.0131722271  3.3154751 22338.18  1.760321e+03  8.237452e+02
 [8,]    8 0.0000010000  3.2935525 22318.17 -4.216064e+04  6.838905e+02
 [9,]    9 0.0122381228  3.3139203 22335.28  1.718956e+03  8.221254e+02
[10,]   10 0.0061195614  3.3037364 22317.65  1.245541e+03  8.080470e+02
[11,]   11 0.0000010000  3.1611640 22225.81 -1.790184e+05  7.950993e+02
[12,]   12 0.0054393316  3.2878860 22304.05  1.104214e+03  8.075237e+02
[13,]   13 0.0027201658  3.2245250 22250.73  2.250476e+02  8.106138e+02
[14,]   14 0.0008616220  3.1812179 22217.17 -3.062000e+03  8.160619e+02
[15,]   15 0.0000010000  2.3940538 21698.39 -4.898444e+05  6.235955e+02
[16,]   16 0.0021174292  0.0000010 71496.19  1.187079e+05 -2.641046e+08
[17,]   17 0.0007319985  1.5671662 21156.92 -1.574930e+04  1.998271e+02
[18,]   18 0.0000010000  0.6552854 21178.45 -8.023716e+05  3.107261e+02
[19,]   19 0.0003863320  1.1359660 21112.25 -5.887186e+04 -8.240885e+01
[20,]   20 0.0006434953  1.2946815 21099.99 -3.030784e+04  1.865244e+02
[21,]   21 0.0007066274  1.2068770 21091.79 -2.733159e+04 -4.121672e+01
[22,]   22 0.0008640743  1.2172489 21087.70 -2.168790e+04 -1.275789e+01
[23,]   23 0.0014550192  1.2246948 21078.42 -1.156167e+04  1.337596e+01
[24,]   24 0.0021421539  1.2160713 21072.23 -6.876047e+03  7.869875e-01
[25,]   25 0.0031399601  1.2116061 21067.22 -3.573320e+03 -2.393704e+00
[26,]   26 0.0042159175  1.2112291 21064.49 -1.684220e+03  1.943754e+00
[27,]   27 0.0051952228  1.2026704 21063.44 -6.484067e+02 -1.515230e+01
[28,]   28 0.0056950023  1.2033942 21063.21 -2.371106e+02 -1.185747e+01
[29,]   29 0.0059805989  1.2063143 21063.15 -2.493276e+01 -4.165286e+00
[30,]   30 0.0060306136  1.2074416 21063.15  1.183814e+01 -1.357513e+00
[31,]   31 0.0060272002  1.2078205 21063.15  1.056997e+01 -4.658287e-01
[32,]   32 0.0059198723  1.2079062 21063.15 -6.223524e+01 -5.506565e-01
[33,]   33 0.0060105864  1.2078338 21063.15 -5.354785e-01 -4.786301e-01
[34,]   34 0.0060105849  1.2080337 21063.15 -2.055094e-03 -2.419674e-03
[35,]   35 0.0060105839  1.2080347 21063.15 -8.203642e-06  3.310561e-06

