[22;0t]0;IPython: scripts/01_msprime_simulations$par
[1] 3.942194756 0.000480956

$value
[1] -417.7916

$counts
function gradient 
      28       28 

$convergence
[1] 0

$message
[1] "CONVERGENCE: REL_REDUCTION_OF_F <= FACTR*EPSMCH"

$loginfo
      step         par1         par2       fn           gr1           gr2
 [1,]    1  0.100000000 0.0100000000 642.7406  1.966597e+03     2820.2720
 [2,]    2  0.000001000 0.0000010000 603.1571  1.008997e+05 -1816847.4636
 [3,]    3  0.097291436 0.0097291680 636.6586  1.955631e+03     2868.4810
 [4,]    4  0.048646218 0.0048650840 529.5911  1.547065e+03     6728.3178
 [5,]    5  0.017084092 0.0017091555 452.2857  5.116887e+02    23219.7034
 [6,]    6  0.007426042 0.0007434373 424.2145 -1.454517e+02    24650.2298
 [7,]    7 10.000000000 0.0000010000 666.2382  6.393532e-04 -2115238.4549
 [8,]    8  3.935686152 0.0004515719 417.8805  5.841224e-04    -8125.9309
 [9,]    9  4.877464234 0.0047033742 728.2078  3.255514e-01    88712.8685
[10,]   10  3.962321388 0.0005718208 418.5662  7.897276e-04    15111.8428
[11,]   11  3.942194756 0.0004809560 417.7916  5.610241e-04    -1326.2234
[12,]   12  3.943448810 0.0004866866 417.7959  5.618585e-04     -100.2718
[13,]   13  3.942388173 0.0004818398 417.7919  5.595069e-04    -1135.1517
[14,]   14  3.942229162 0.0004811132 417.7917  5.580227e-04    -1292.1810
[15,]   15  3.942201028 0.0004809847 417.7916  5.607066e-04    -1320.0167
[16,]   16  3.942195905 0.0004809612 417.7916  5.565363e-04    -1325.0871
[17,]   17  3.942194967 0.0004809570 417.7916  5.569905e-04    -1326.0152
[18,]   18  3.942194795 0.0004809562 417.7916  5.565076e-04    -1326.1853
[19,]   19  3.942194763 0.0004809560 417.7916  5.568009e-04    -1326.2164
[20,]   20  3.942194758 0.0004809560 417.7916  5.583146e-04    -1326.2221
[21,]   21  3.942194757 0.0004809560 417.7916  5.591846e-04    -1326.2232
[22,]   22  3.942194756 0.0004809560 417.7916  5.580358e-04    -1326.2234
[23,]   23  3.942194756 0.0004809560 417.7916  5.606032e-04    -1326.2234
[24,]   24  3.942194757 0.0004809560 417.7916  5.606034e-04    -1326.2233
[25,]   25  3.942194756 0.0004809560 417.7916  5.578724e-04    -1326.2233
[26,]   26  3.942194756 0.0004809560 417.7916  5.607023e-04    -1326.2234
[27,]   27  3.942194756 0.0004809560 417.7916  5.606032e-04    -1326.2234

