[22;0t]0;IPython: scripts/01_msprime_simulations$par
[1] 0.050447837 0.001184674

$value
[1] -911.3051

$counts
function gradient 
      21       21 

$convergence
[1] 0

$message
[1] "CONVERGENCE: REL_REDUCTION_OF_F <= FACTR*EPSMCH"

$loginfo
      step        par1         par2        fn           gr1           gr2
 [1,]    1 0.100000000 0.0100000000 1125.7204  1.363796e+03  8.799777e+03
 [2,]    2 0.000001000 0.0000010000 1467.2940  1.162810e+05 -5.046528e+06
 [3,]    3 0.057103807 0.0057107668 1024.7260  7.802500e+02  1.779642e+04
 [4,]    4 0.019893358 0.0019900568  924.7347  1.392180e+01  2.366421e+04
 [5,]    5 0.006764402 0.0006772793  919.6067  4.625845e+02 -4.890704e+04
 [6,]    6 0.015303245 0.0015310868  915.3617 -5.409573e+01  1.628458e+04
 [7,]    7 0.006807080 0.0000010000 1592.3620  3.055016e+03 -5.289051e+06
 [8,]    8 0.012685506 0.0010596544  911.8112 -4.002360e+00 -4.850885e+03
 [9,]    9 0.013695560 0.0011707444  911.6959 -3.454118e+01  2.283131e+03
[10,]   10 0.014072940 0.0011416977  911.6376 -2.560923e+01  4.173644e+02
[11,]   11 0.015009588 0.0011345042  911.6136 -2.072660e+01 -2.853751e+02
[12,]   12 0.018513596 0.0011341457  911.5540 -1.435129e+01 -1.073388e+03
[13,]   13 0.029091547 0.0011563983  911.4108 -9.548369e+00 -9.537908e+02
[14,]   14 0.053056148 0.0012159842  911.3451  2.123952e-01  2.079743e+03
[15,]   15 0.047088565 0.0011926566  911.3123 -1.602821e+00  6.133331e+02
[16,]   16 0.047891285 0.0011884288  911.3082 -1.179589e+00  3.036352e+02
[17,]   17 0.050368932 0.0011846122  911.3051 -1.966613e-01 -1.597651e+01
[18,]   18 0.050949653 0.0011850644  911.3051 -1.294554e-02  4.353539e+00
[19,]   19 0.050475976 0.0011846956  911.3051 -1.623910e-01 -1.227140e+01
[20,]   20 0.050393213 0.0011846311  911.3051 -1.888716e-01 -1.513778e+01
[21,]   21 0.050447837 0.0011846737  911.3051 -1.713821e-01 -1.324727e+01

