[22;0t]0;IPython: scripts/01_msprime_simulations$par
[1] 0.004536401 0.050666924

$value
[1] -15943.4

$counts
function gradient 
      36       36 

$convergence
[1] 0

$message
[1] "CONVERGENCE: REL_REDUCTION_OF_F <= FACTR*EPSMCH"

$loginfo
      step         par1        par2       fn           gr1           gr2
 [1,]    1 0.1000000000  0.01000000 18581.22  7.245726e+03 -2.702573e+05
 [2,]    2 0.0000010000 10.00000000 29760.14  2.416064e+03  1.872291e+03
 [3,]    3 0.0668279632  3.32391961 18732.07  2.232346e+03  1.239306e+03
 [4,]    4 0.0889214727  1.11675595 16829.96  2.919325e+03  4.316099e+02
 [5,]    5 0.0769773690  1.11491982 16794.74  2.838719e+03  4.431164e+02
 [6,]    6 0.0292009542  1.10757530 16672.23  1.822045e+03  5.048547e+02
 [7,]    7 0.0000010000  1.10032058 16917.31 -1.184502e+06  5.587987e+02
 [8,]    8 0.0181668838  1.10483389 16655.48  8.029538e+02  5.096421e+02
 [9,]    9 0.0080788175  1.09988887 16656.89 -2.371772e+03  5.113184e+02
[10,]   10 0.0133306212  1.10246323 16652.47 -1.537575e+02  5.093319e+02
[11,]   11 0.0128467370  1.09954744 16651.09 -2.857699e+02  5.084518e+02
[12,]   12 0.0109112001  1.08788427 16646.28 -9.126565e+02  5.132995e+02
[13,]   13 0.0032800220  0.95782602 16595.55 -1.002737e+04  7.304176e+02
[14,]   14 0.0000010000  0.72643947 16645.11 -1.256260e+06  7.666723e+02
[15,]   15 0.0016100028  0.83997992 16519.70 -2.364205e+04  9.055639e+02
[16,]   16 0.0005480610  0.76504322 16493.31 -6.747213e+04  9.432911e+02
[17,]   17 0.0000010000  0.07035949 16300.17 -1.866629e+06  3.961156e+02
[18,]   18 0.0003001134  0.45018777 16329.67 -1.436879e+05  5.008069e+02
[19,]   19 0.0056466069  0.00000100 52811.45  8.424303e+04 -1.936779e+08
[20,]   20 0.0021169679  0.29720454 16135.81 -1.764092e+04  6.286798e+02
[21,]   21 0.0028285317  0.00000100 52558.53  9.594364e+04 -1.936621e+08
[22,]   22 0.0023549739  0.19779500 16074.56 -1.493610e+04  6.605740e+02
[23,]   23 0.0025917528  0.09889800 15986.67 -1.082518e+04  7.797921e+02
[24,]   24 0.0027493027  0.03309311 15964.02 -2.428633e+03 -3.332033e+03
[25,]   25 0.0026224744  0.08606631 15976.33 -1.027927e+04  7.737816e+02
[26,]   26 0.0027078016  0.05042716 15949.33 -8.060159e+03  1.392694e+02
[27,]   27 0.0029096969  0.00000100 52566.30  9.553678e+04 -1.936627e+08
[28,]   28 0.0027748577  0.03367897 15962.09 -2.712882e+03 -3.019291e+03
[29,]   29 0.0027218135  0.04692749 15949.23 -7.576376e+03 -1.345193e+02
[30,]   30 0.0028551034  0.04849475 15948.14 -6.782256e+03 -3.466607e+01
[31,]   31 0.0036073143  0.05210997 15944.84 -3.077669e+03  1.970379e+02
[32,]   32 0.0040808235  0.05145640 15943.72 -1.314844e+03  1.044507e+02
[33,]   33 0.0044192517  0.05043826 15943.41 -2.751695e+02 -1.148842e+01
[34,]   34 0.0045386941  0.05080701 15943.40 -5.947631e+00  1.239708e+01
[35,]   35 0.0045386630  0.05064571 15943.40  6.209401e+00 -2.074782e+00
[36,]   36 0.0045364008  0.05066692 15943.40 -8.642994e-01  3.994091e-03

