[22;0t]0;IPython: scripts/01_msprime_simulations$par
[1] 0.014470386 0.000400861

$value
[1] -347.7507

$counts
function gradient 
      67       67 

$convergence
[1] 52

$message
[1] "ERROR: ABNORMAL_TERMINATION_IN_LNSRCH"

$loginfo
      step        par1         par2         fn           gr1           gr2
 [1,]    1 0.100000000 1.000000e-02   572.3178  2017.0042136  3.139379e+03
 [2,]    2 0.000001000 1.000000e-06   491.2873 98693.5050582 -1.402041e+06
 [3,]    3 0.094681845 9.468232e-03   559.9454  1997.1256809  3.249550e+03
 [4,]    4 0.047341423 4.734616e-03   451.8388  1600.0351788  6.588232e+03
 [5,]    5 0.016902983 1.691046e-03   379.5854   679.4845251  1.926140e+04
 [6,]    6 0.008525390 8.533623e-04   357.0516    94.4326945  2.558480e+04
 [7,]    7 0.000001000 1.000000e-06   491.2873 98693.5050582 -1.402041e+06
 [8,]    8 0.007756432 7.764734e-04   355.0321    46.8102679  2.508209e+04
 [9,]    9 0.003878716 3.887367e-04   348.0951  -132.3109248  7.812907e+02
[10,]   10 0.004213499 3.958280e-04   348.0778  -118.4501571  1.784240e+03
[11,]   11 0.006334526 3.934386e-04   347.9019   -52.9231753  4.737388e+01
[12,]   12 0.008224313 4.000409e-04   347.8396   -32.6098370  6.158162e+02
[13,]   13 0.011035558 4.008396e-04   347.7779   -14.5871662  1.380172e+02
[14,]   14 0.013368473 4.032413e-04   347.7605    -5.8168603  3.446743e+02
[15,]   15 0.015273563 3.840513e-04   347.7461     0.3046636 -4.031592e+03
[16,]   16 0.013720956 3.996907e-04   347.7512    -4.4814753 -4.194087e+02
[17,]   17 0.015026943 4.018547e-04   347.7516    -1.3312359 -5.228431e+01
[18,]   18 0.014059428 4.002516e-04   347.7508    -3.5940894 -3.282172e+02
[19,]   19 0.015424677 4.023250e-04   347.7523    -0.5020267  2.752882e+01
[20,]   20 0.014346601 4.006877e-04   347.7507    -2.8787411 -2.569060e+02
[21,]   21 0.015498205 4.022996e-04   347.7522    -0.3509736  1.909979e+01
[22,]   22 0.014554103 4.009781e-04   347.7507    -2.3827621 -2.093244e+02
[23,]   23 0.014392050 4.007513e-04   347.7507    -2.7685035 -2.465708e+02
[24,]   24 0.014499005 4.009010e-04   347.7507    -2.5126412 -2.220568e+02
[25,]   25 0.014414832 4.007832e-04   347.7507    -2.7135874 -2.413718e+02
[26,]   26 0.014470386 4.008610e-04   347.7507    -2.5806185 -2.286425e+02
[27,]   27 0.015539774 4.022850e-04   347.7521    -0.2666081  1.432749e+01
[28,]   28 0.014650331 4.011006e-04   347.7507    -2.1583249 -1.894866e+02
[29,]   29 0.014506727 4.009093e-04   347.7507    -2.4942073 -2.207948e+02
[30,]   30 0.014477992 4.008711e-04   347.7507    -2.5624864 -2.270026e+02
[31,]   31 0.014471990 4.008631e-04   347.7507    -2.5767934 -2.282969e+02
[32,]   32 0.014470725 4.008614e-04   347.7507    -2.5798107 -2.285695e+02
[33,]   33 0.014470458 4.008610e-04   347.7507    -2.5804479 -2.286271e+02
[34,]   34 0.014470401 4.008610e-04   347.7507    -2.5805825 -2.286392e+02
[35,]   35 0.014470389 4.008610e-04   347.7507    -2.5806109 -2.286418e+02
[36,]   36 0.014470387 4.008610e-04   347.7507    -2.5806169 -2.286424e+02
[37,]   37 0.014470386 4.008610e-04   347.7507    -2.5806182 -2.286425e+02
[38,]   38 0.014470386 4.008610e-04   347.7507    -2.5806184 -2.286425e+02
[39,]   39 0.014470386 4.008610e-04   347.7507    -2.5806185 -2.286425e+02
[40,]   40 0.014470386 4.008610e-04   347.7507    -2.5806185 -2.286425e+02
[41,]   41 0.014470386 4.008610e-04   347.7507    -2.5806185 -2.286425e+02
[42,]   42 0.014470386 4.008610e-04   347.7507    -2.5806185 -2.286425e+02
[43,]   43 0.014470386 4.008610e-04   347.7507    -2.5806185 -2.286425e+02
[44,]   44 0.014470386 4.008610e-04   347.7507    -2.5806185 -2.286425e+02
[45,]   45 0.014470386 4.008610e-04   347.7507    -2.5806185 -2.286425e+02
[46,]   46 0.014470386 4.008610e-04   347.7507    -2.5806185 -2.286425e+02
[47,]   47 2.595088908 1.000000e+01 30579.7028  2353.5900339  2.320931e+03
[48,]   48 0.059907541 1.764646e-01   809.6310  2408.4226229  2.318780e+03
[49,]   49 0.015452171 4.205165e-03   396.4019  1861.2718067  5.612522e+02
[50,]   50 0.014473374 4.124401e-04   347.7858    -3.1609756  2.106060e+03
[51,]   51 0.014470433 4.010417e-04   347.7511    -2.5916838 -1.907795e+02
[52,]   52 0.014470387 4.008642e-04   347.7507    -2.5808174 -2.279635e+02
[53,]   53 0.014470386 4.008610e-04   347.7507    -2.5806221 -2.286303e+02
[54,]   54 0.014470386 4.008610e-04   347.7507    -2.5806186 -2.286423e+02
[55,]   55 0.014470386 4.008610e-04   347.7507    -2.5806185 -2.286425e+02
[56,]   56 0.014470386 4.008610e-04   347.7507    -2.5806185 -2.286425e+02
[57,]   57 0.014470386 4.008610e-04   347.7507    -2.5806185 -2.286425e+02
[58,]   58 0.014470386 4.008610e-04   347.7507    -2.5806185 -2.286425e+02
[59,]   59 0.014470386 4.008610e-04   347.7507    -2.5806185 -2.286425e+02
[60,]   60 0.014470386 4.008610e-04   347.7507    -2.5806185 -2.286425e+02
[61,]   61 0.014470386 4.008610e-04   347.7507    -2.5806185 -2.286425e+02
[62,]   62 0.014470386 4.008610e-04   347.7507    -2.5806185 -2.286425e+02
[63,]   63 0.014470386 4.008610e-04   347.7507    -2.5806185 -2.286425e+02
[64,]   64 0.014470386 4.008610e-04   347.7507    -2.5806185 -2.286425e+02
[65,]   65 0.014470386 4.008610e-04   347.7507    -2.5806185 -2.286425e+02

