[22;0t]0;IPython: scripts/01_msprime_simulations$par
[1] 9.8536031339 0.0007041386

$value
[1] -576.7948

$counts
function gradient 
      42       42 

$convergence
[1] 0

$message
[1] "CONVERGENCE: REL_REDUCTION_OF_F <= FACTR*EPSMCH"

$loginfo
      step         par1         par2       fn           gr1           gr2
 [1,]    1  0.100000000 0.0100000000 806.6684  1.763115e+03  4.006708e+03
 [2,]    2  0.000001000 0.0000010000 870.6385  1.110220e+05 -2.831211e+06
 [3,]    3  0.047602957 0.0047607673 690.8340  1.079018e+03  1.394024e+04
 [4,]    4  0.016719110 0.0016726606 601.2518  9.151061e+01  2.968488e+04
 [5,]    5  0.006923197 0.0006931574 579.4673 -2.296824e+02  4.048640e+03
 [6,]    6  0.017441029 0.0000010000 958.1006  3.138799e+02 -3.109450e+06
 [7,]    7  0.009512353 0.0005227703 580.3024 -4.822052e+01 -2.372055e+04
 [8,]    8  0.007803987 0.0006351944 579.2116 -1.638220e+02 -3.100600e+03
 [9,]    9  0.052040972 0.0010476710 583.3001  7.300687e+00  2.757121e+04
[10,]   10  0.019919941 0.0007481666 578.2897 -5.061019e+01  6.022282e+03
[11,]   11  0.022041900 0.0007144721 578.0334 -3.782995e+01  2.340577e+03
[12,]   12  0.027373767 0.0006897566 577.8458 -2.137801e+01 -9.577928e+02
[13,]   13  0.033218276 0.0006915275 577.7458 -1.359227e+01 -9.909933e+02
[14,]   14  0.043690128 0.0007016469 577.6405 -8.017479e+00  8.644217e+01
[15,]   15  0.057810588 0.0007056977 577.5516 -5.580431e+00  4.829972e+02
[16,]   16  0.090499265 0.0006985811 577.4026 -3.550672e+00 -6.471924e+02
[17,]   17  0.155989884 0.0007175772 577.2615 -1.730258e+00  1.776396e+03
[18,]   18  0.231262405 0.0006938701 577.1478 -9.244619e-01 -1.561104e+03
[19,]   19  0.295789398 0.0006996883 577.0953 -6.507710e-01 -7.492802e+02
[20,]   20  0.446032690 0.0007061325 577.0242 -3.722743e-01  1.469798e+02
[21,]   21  0.641615940 0.0007067074 576.9691 -2.162508e-01  2.206585e+02
[22,]   22  0.919277503 0.0006910506 576.9282 -1.169012e-01 -2.058300e+03
[23,]   23  1.124341786 0.0006998881 576.9019 -8.182372e-02 -7.640879e+02
[24,]   24  1.532920773 0.0007069966 576.8794 -4.838401e-02  2.548066e+02
[25,]   25  2.026488896 0.0007084223 576.8617 -3.154689e-02  4.565942e+02
[26,]   26  2.928615072 0.0007070861 576.8388 -1.808684e-02  2.659058e+02
[27,]   27  4.141130681 0.0007052433 576.8209 -1.009545e-02  1.861888e+00
[28,]   28  5.893172058 0.0007118972 576.8157 -5.265384e-03  9.465358e+02
[29,]   29  7.607774686 0.0007062289 576.8017 -3.206598e-03  1.423161e+02
[30,]   30  9.853602966 0.0007041386 576.7948 -1.893333e-03 -1.577874e+02
[31,]   31 10.000000000 0.0007049575 576.7950 -1.836859e-03 -4.006784e+01
[32,]   32  9.873626829 0.0007042506 576.7948 -1.883393e-03 -1.416696e+02
[33,]   33  9.856440667 0.0007041545 576.7948 -1.889139e-03 -1.555029e+02
[34,]   34  9.854007174 0.0007041408 576.7948 -1.889618e-03 -1.574620e+02
[35,]   35  9.853660585 0.0007041389 576.7948 -1.890214e-03 -1.577410e+02
[36,]   36  9.853611179 0.0007041386 576.7948 -1.892493e-03 -1.577808e+02
[37,]   37  9.853604144 0.0007041386 576.7948 -1.888695e-03 -1.577864e+02
[38,]   38  9.853603134 0.0007041386 576.7948 -1.891626e-03 -1.577872e+02
[39,]   39  9.853603801 0.0007041386 576.7948 -1.889582e-03 -1.577867e+02
[40,]   40  9.853603219 0.0007041386 576.7948 -1.892294e-03 -1.577872e+02
[41,]   41  9.853603144 0.0007041386 576.7948 -1.890493e-03 -1.577872e+02
[42,]   42  9.853603134 0.0007041386 576.7948 -1.891626e-03 -1.577872e+02

