[22;0t]0;IPython: scripts/01_msprime_simulations$par
[1] 0.0004934312 0.0039606077

$value
[1] -2926.085

$counts
function gradient 
      65       65 

$convergence
[1] 0

$message
[1] "CONVERGENCE: REL_REDUCTION_OF_F <= FACTR*EPSMCH"

$loginfo
      step         par1        par2       fn           gr1           gr2
 [1,]    1 0.1000000000 0.010000000 3030.072  4.558060e+02  1.486475e+04
 [2,]    2 0.0000010000 0.000001000 5923.328  1.210463e+05 -2.156930e+07
 [3,]    3 0.0655903418 0.006559344 2978.119  2.811227e+02  5.955349e+03
 [4,]    4 0.0319234734 0.003833841 2981.000  5.344264e+02 -2.209023e+04
 [5,]    5 0.0496532693 0.005269158 2971.243  2.868564e+02 -2.992932e+03
 [6,]    6 0.0436361391 0.005185934 2969.732  3.085094e+02 -3.661991e+03
 [7,]    7 0.0195676182 0.004853038 2961.342  6.236842e+02 -4.955994e+03
 [8,]    8 0.0000010000 0.004582409 2965.382 -3.318193e+05  1.498461e+03
 [9,]    9 0.0094864863 0.004713604 2952.289  1.540257e+03 -3.831642e+03
[10,]   10 0.0031965394 0.004626607 2937.395  3.769592e+03 -1.582595e+03
[11,]   11 0.0000010000 0.005074935 2966.085 -3.306674e+05  1.065594e+03
[12,]   12 0.0019195556 0.004805765 2931.940  4.522577e+03 -2.320734e+02
[13,]   13 0.0007228098 0.004973666 2926.918  2.251023e+03  8.501396e+02
[14,]   14 0.0000010000 0.004163487 2964.772 -3.319342e+05  1.428631e+03
[15,]   15 0.0005286507 0.004755736 2926.498 -4.758216e+02  9.153664e+02
[16,]   16 0.0004275159 0.002169705 2929.633  1.383264e+04 -1.695035e+04
[17,]   17 0.0004876899 0.003708364 2926.105  1.358973e+01 -3.064655e+01
[18,]   18 0.0004891806 0.003742477 2926.103  3.365439e+01 -6.663959e+01
[19,]   19 0.0004951431 0.003878929 2926.090  1.109898e+02 -7.568894e+01
[20,]   20 0.0005189930 0.004424735 2926.238 -1.208327e+02  6.288877e+02
[21,]   21 0.0004976409 0.003936092 2926.087  1.299197e+02 -3.059796e+01
[22,]   22 0.0005455217 0.006101013 2928.170 -1.135952e+03  1.449340e+03
[23,]   23 0.0004980803 0.003955961 2926.087  1.229704e+02 -9.801839e+00
[24,]   24 0.0004935907 0.003961227 2926.086  3.424977e+00  5.116369e-01
[25,]   25 0.0004934312 0.003960608 2926.085 -1.075584e-01 -5.496545e-02
[26,]   26 0.0004934372 0.003960661 2926.085 -2.389688e-03  6.913820e-04
[27,]   27 0.0004934312 0.003960608 2926.085 -1.074767e-01 -5.492214e-02
[28,]   28 0.0004934312 0.003960608 2926.085 -1.075582e-01 -5.496525e-02
[29,]   29 0.0004934312 0.003960608 2926.085 -1.075584e-01 -5.496545e-02
[30,]   30 0.0004934312 0.003960608 2926.085 -1.075584e-01 -5.496544e-02
[31,]   31 0.0004934312 0.003960608 2926.085 -1.075584e-01 -5.496531e-02
[32,]   32 0.0004934312 0.003960608 2926.085 -1.075584e-01 -5.496544e-02
[33,]   33 0.0004934312 0.003960608 2926.085 -1.075584e-01 -5.496544e-02
[34,]   34 0.0004934312 0.003960608 2926.085 -1.075584e-01 -5.496539e-02
[35,]   35 0.0004934312 0.003960608 2926.085 -1.075584e-01 -5.496544e-02
[36,]   36 0.0004934312 0.003960608 2926.085 -1.075584e-01 -5.496544e-02
[37,]   37 0.0004934312 0.003960608 2926.085 -1.075584e-01 -5.496542e-02
[38,]   38 0.0004934312 0.003960608 2926.085 -1.075584e-01 -5.496544e-02
[39,]   39 0.0004934312 0.003960608 2926.085 -1.075584e-01 -5.496544e-02
[40,]   40 0.0004934312 0.003960608 2926.085 -1.075584e-01 -5.496542e-02
[41,]   41 0.0004934312 0.003960608 2926.085 -1.075584e-01 -5.496544e-02
[42,]   42 0.0004934312 0.003960608 2926.085 -1.075584e-01 -5.496541e-02
[43,]   43 0.1080517912 0.058926054 3320.794  2.451880e+03 -9.953981e+01
[44,]   44 0.0004942786 0.003961041 2926.086  2.131677e+01 -3.651100e-01
[45,]   45 0.0004934313 0.003960608 2926.085 -1.051357e-01 -5.500040e-02
[46,]   46 0.0004934312 0.003960608 2926.085 -1.075581e-01 -5.496539e-02
[47,]   47 0.0004934312 0.003960608 2926.085 -1.075584e-01 -5.496544e-02
[48,]   48 0.0004934312 0.003960608 2926.085 -1.075582e-01 -5.496544e-02
[49,]   49 0.0004934312 0.003960608 2926.085 -1.075584e-01 -5.496544e-02
[50,]   50 0.0004934312 0.003960608 2926.085 -1.075584e-01 -5.496544e-02
[51,]   51 0.0004934312 0.003960608 2926.085 -1.075583e-01 -5.496548e-02
[52,]   52 0.0004934312 0.003960608 2926.085 -1.075583e-01 -5.496548e-02
[53,]   53 0.0004934312 0.003960608 2926.085 -1.075583e-01 -5.496542e-02
[54,]   54 0.0004934312 0.003960608 2926.085 -1.075583e-01 -5.496548e-02
[55,]   55 0.0004934312 0.003960608 2926.085 -1.075583e-01 -5.496545e-02
[56,]   56 0.0004934312 0.003960608 2926.085 -1.075583e-01 -5.496548e-02
[57,]   57 0.0004934312 0.003960608 2926.085 -1.075583e-01 -5.496545e-02

