[22;0t]0;IPython: scripts/01_msprime_simulations$par
[1] 0.001558443 2.215071860

$value
[1] -50799.61

$counts
function gradient 
      57       57 

$convergence
[1] 0

$message
[1] "CONVERGENCE: REL_REDUCTION_OF_F <= FACTR*EPSMCH"

$loginfo
      step         par1      par2        fn           gr1           gr2
 [1,]    1 0.1000000000  0.010000  98759.87  6.171642e+04 -2.418231e+06
 [2,]    2 0.0000010000 10.000000  53975.07 -5.577746e+05 -2.099757e+01
 [3,]    3 2.0423192016 10.000000  59447.62  2.472070e+03  1.391376e+02
 [4,]    4 0.6757837588 10.000000  55791.94  2.894686e+03  9.446967e+01
 [5,]    5 0.2236879873 10.000000  54454.05  2.986355e+03  8.229995e+01
 [6,]    6 0.0741927968 10.000000  54018.00  2.746716e+03  7.491532e+01
 [7,]    7 0.0247411724 10.000000  53893.68  2.062857e+03  6.302651e+01
 [8,]    8 0.0246500500  9.999741  53893.47  2.059256e+03  6.297508e+01
 [9,]    9 0.0242855605  9.998707  53892.66  2.044603e+03  6.275973e+01
[10,]   10 0.0228276025  9.994569  53889.47  1.981701e+03  6.187733e+01
[11,]   11 0.0169957704  9.978018  53877.85  1.632025e+03  5.787009e+01
[12,]   12 0.0000010000  9.931186  53977.09 -5.820170e+05 -3.757946e+01
[13,]   13 0.0103959124  9.959831  53868.38  8.102324e+02  5.141502e+01
[14,]   14 0.0029147492  9.938990  53872.33 -3.807536e+03  3.004210e+01
[15,]   15 0.0074037996  9.951495  53866.62  1.508383e+00  4.664479e+01
[16,]   16 0.0069265975  9.949944  53866.60 -1.866514e+02  4.563938e+01
[17,]   17 0.0070228764  9.950080  53866.59 -1.471877e+02  4.584874e+01
[18,]   18 0.0072302424  9.948926  53866.51 -6.841450e+01  4.627808e+01
[19,]   19 0.0081547380  9.936733  53866.01  2.269784e+02  4.793485e+01
[20,]   20 0.0096141400  9.902630  53864.94  5.703831e+02  5.011784e+01
[21,]   21 0.0128660582  9.792714  53861.81  1.049816e+03  5.584553e+01
[22,]   22 0.0239221018  9.342924  53853.69  1.877395e+03  5.769884e+01
[23,]   23 0.0310400153  8.968029  53839.45  2.424465e+03  1.074201e+02
[24,]   24 0.0595116691  7.468449  53709.59  3.369560e+03  8.036202e+01
[25,]   25 0.1917135472  0.000001 349232.17  4.288838e+04 -1.244493e+09
[26,]   26 0.1035948545  4.978069  52459.13  6.553942e+03  9.278472e+02
[27,]   27 0.1476542008  2.489035  52291.34  8.441940e+03  1.583892e+02
[28,]   28 0.1833923397  0.000001 348868.74  4.447606e+04 -1.244490e+09
[29,]   29 0.1595685598  1.659242  52555.09  8.895391e+03 -3.357323e+02
[30,]   30 0.1480540470  2.461187  52290.22  8.521155e+03  1.644857e+02
[31,]   31 0.1484590238  2.432982  52289.03  8.596334e+03  1.652525e+02
[32,]   32 0.1540137918  2.046112  52347.68  8.833840e+03 -3.257985e+02
[33,]   33 0.1492636330  2.376944  52287.07  8.727738e+03  1.492846e+02
[34,]   34 0.1179834464  1.099941  52433.91  9.851946e+03 -5.744678e+02
[35,]   35 0.1401734381  2.005840  52238.90  8.999975e+03 -3.990954e+02
[36,]   36 0.0205949422  2.067368  51008.05  1.094671e+04 -4.170419e+02
[37,]   37 0.0000010000  2.077964  50934.74 -7.746391e+05 -3.983077e+02
[38,]   38 0.0203023552  2.067518  51004.79  1.094001e+04 -4.167662e+02
[39,]   39 0.0067566185  2.074488  50860.56  9.208782e+03 -3.846924e+02
[40,]   40 0.0000010000  2.313117  50931.89 -8.150322e+05  4.070049e+02
[41,]   41 0.0033960567  2.193193  50807.19  6.166978e+03 -5.464385e+01
[42,]   42 0.0000010000  2.189572  50913.75 -7.990271e+05 -1.216833e+02
[43,]   43 0.0021767743  2.191893  50801.40  2.990110e+03 -6.704505e+01
[44,]   44 0.0007712006  2.265009  50807.38 -1.111766e+04  1.943093e+02
[45,]   45 0.0016868816  2.217376  50799.68  9.092066e+02  1.076698e+01
[46,]   46 0.0013359760  2.210190  50799.87 -2.016559e+03 -2.172686e+01
[47,]   47 0.0015633666  2.214847  50799.61  2.698994e+01 -6.131530e-01
[48,]   48 0.0015584432  2.215072  50799.61 -4.409777e+00  8.087813e-02
[49,]   49 0.0015591236  2.215045  50799.61  3.035475e-02  3.009336e-04
[50,]   50 0.0015584995  2.215070  50799.61 -4.042489e+00  7.419949e-02
[51,]   51 0.0015584483  2.215072  50799.61 -4.376573e+00  8.026909e-02
[52,]   52 0.0015584437  2.215072  50799.61 -4.406773e+00  8.084542e-02
[53,]   53 0.0015584433  2.215072  50799.61 -4.409552e+00  8.090439e-02
[54,]   54 0.0015584432  2.215072  50799.61 -4.409754e+00  8.085528e-02
[55,]   55 0.0015584432  2.215072  50799.61 -4.409754e+00  8.085404e-02
[56,]   56 0.0015584432  2.215072  50799.61 -4.409754e+00  8.085528e-02

