[22;0t]0;IPython: scripts/01_msprime_simulations$par
[1] 0.02437942 3.45027383

$value
[1] -30819.58

$counts
function gradient 
      18       18 

$convergence
[1] 0

$message
[1] "CONVERGENCE: REL_REDUCTION_OF_F <= FACTR*EPSMCH"

$loginfo
      step       par1      par2       fn           gr1           gr2
 [1,]    1 0.10000000  0.010000 37974.28  1.985986e+04 -7.093041e+05
 [2,]    2 0.00000100 10.000000 36298.61  2.415489e+03  1.326401e+03
 [3,]    3 0.06667065  3.339635 30850.23  1.206195e+03  2.599462e+01
 [4,]    4 0.06101098  3.339421 30843.66  1.113972e+03  2.059518e+01
 [5,]    5 0.03837232  3.338564 30824.18  5.312671e+02 -7.923559e+00
 [6,]    6 0.01614408  3.337886 30826.90 -1.180527e+03 -5.480334e+01
 [7,]    7 0.02842842  3.338261 30821.11  4.746625e+01 -2.553779e+01
 [8,]    8 0.02746525  3.338359 30821.09 -1.429526e+01 -2.744014e+01
 [9,]    9 0.02764077  3.338477 30821.09 -2.498177e+00 -2.705010e+01
[10,]   10 0.02792902  3.339057 30821.07  1.738039e+01 -2.630015e+01
[11,]   11 0.02835951  3.341282 30821.03  4.913329e+01 -2.479169e+01
[12,]   12 0.02905092  3.349287 30820.90  1.070275e+02 -2.109770e+01
[13,]   13 0.02953957  3.367313 30820.65  1.697013e+02 -1.484025e+01
[14,]   14 0.02909339  3.401280 30820.22  2.069425e+02 -5.405033e+00
[15,]   15 0.02651928  3.440685 30819.71  1.264820e+02  1.654501e+00
[16,]   16 0.02435688  3.452923 30819.59  4.215539e+00  7.226001e-01
[17,]   17 0.02437026  3.450875 30819.58  6.749440e-01  1.550639e-01
[18,]   18 0.02437942  3.450274 30819.58  2.153267e-02 -2.761044e-04

