[22;0t]0;IPython: scripts/01_msprime_simulations$par
[1] 9.9949605625 0.0006356456

$value
[1] -525.5844

$counts
function gradient 
      49       49 

$convergence
[1] 0

$message
[1] "CONVERGENCE: REL_REDUCTION_OF_F <= FACTR*EPSMCH"

$loginfo
      step         par1         par2       fn           gr1           gr2
 [1,]    1  0.100000000 0.0100000000 753.2773  1.802323e+03  4.045250e+03
 [2,]    2  0.000001000 0.0000010000 783.6263  1.103537e+05 -2.508133e+06
 [3,]    3  0.044894348 0.0044899308 633.0742  1.137706e+03  1.149755e+04
 [4,]    4  0.015847383 0.0015854957 553.3078  1.478468e+02  3.165551e+04
 [5,]    5  0.006746053 0.0006754446 529.0354 -2.642677e+02  1.067434e+04
 [6,]    6  0.011407878 0.0000010000 860.5410  5.275267e+02 -2.780977e+06
 [7,]    7  0.007902343 0.0005081595 528.6025 -1.052650e+02 -1.353763e+04
 [8,]    8  0.007317139 0.0005928233 528.3194 -1.930068e+02  1.168852e+03
 [9,]    9  0.039442756 0.0008119077 528.8287 -2.085461e+01  1.972154e+04
[10,]   10  0.019410183 0.0006752932 527.5503 -5.487630e+01  7.728496e+03
[11,]   11  0.022114507 0.0006223488 527.1538 -3.881371e+01  6.529775e+02
[12,]   12  0.026623140 0.0006128631 526.9975 -2.879154e+01 -1.294197e+03
[13,]   13  0.039795857 0.0006203022 526.7081 -1.653705e+01 -1.177412e+03
[14,]   14  0.058138310 0.0006358801 526.4860 -9.568181e+00  5.628391e+02
[15,]   15  0.080518144 0.0006420712 526.3305 -5.776648e+00  1.220044e+03
[16,]   16  0.113540112 0.0006367808 526.1781 -3.304162e+00  3.005006e+02
[17,]   17  0.165262185 0.0006554666 526.0995 -1.749059e+00  3.019687e+03
[18,]   18  0.228846185 0.0006316212 525.9671 -1.002461e+00 -5.977314e+02
[19,]   19  0.290530778 0.0006306720 525.9158 -6.924291e-01 -7.602248e+02
[20,]   20  0.429672353 0.0006377351 525.8474 -4.044244e-01  3.458229e+02
[21,]   21  0.617685024 0.0006374468 525.7875 -2.493695e-01  2.956361e+02
[22,]   22  0.916729575 0.0006254609 525.7295 -1.395922e-01 -1.639314e+03
[23,]   23  1.222625026 0.0006313963 525.6938 -8.801661e-02 -6.781920e+02
[24,]   24  1.745178314 0.0006355563 525.6617 -4.856670e-02 -1.437497e+01
[25,]   25  2.407114315 0.0006345398 525.6366 -2.792874e-02 -1.783695e+02
[26,]   26  3.425344166 0.0006510554 525.6477 -1.464497e-02  2.396271e+03
[27,]   27  2.673126962 0.0006388545 525.6341 -2.318299e-02  5.070362e+02
[28,]   28  3.611562942 0.0006381624 525.6168 -1.322617e-02  3.970430e+02
[29,]   29  4.801128880 0.0006305038 525.6001 -7.467004e-03 -8.311763e+02
[30,]   30  5.887125308 0.0006335469 525.5944 -4.871291e-03 -3.399777e+02
[31,]   31  7.842860450 0.0006360881 525.5891 -2.619628e-03  6.663294e+01
[32,]   32  9.992874565 0.0006363657 525.5851 -1.535336e-03  1.107583e+02
[33,]   33 10.000000000 0.0006339060 525.5832 -1.531781e-03 -2.827570e+02
[34,]   34  9.994960562 0.0006356456 525.5844 -1.534463e-03 -4.121085e+00
[35,]   35 10.000000000 0.0006356714 525.5845 -1.535363e-03  3.104356e-03
[36,]   36  9.995288810 0.0006356473 525.5844 -1.536372e-03 -3.852442e+00
[37,]   37  9.994981959 0.0006356457 525.5844 -1.533580e-03 -4.103578e+00
[38,]   38  9.994961951 0.0006356456 525.5844 -1.536977e-03 -4.119948e+00
[39,]   39  9.994960649 0.0006356456 525.5844 -1.535053e-03 -4.121011e+00
[40,]   40  9.994960564 0.0006356456 525.5844 -1.533829e-03 -4.121088e+00
[41,]   41  9.994960562 0.0006356456 525.5844 -1.534208e-03 -4.121085e+00
[42,]   42  9.994960562 0.0006356456 525.5844 -1.534474e-03 -4.121085e+00
[43,]   43  9.994960563 0.0006356456 525.5844 -1.531675e-03 -4.121086e+00
[44,]   44  9.994960562 0.0006356456 525.5844 -1.534198e-03 -4.121085e+00
[45,]   45  9.994960563 0.0006356456 525.5844 -1.534612e-03 -4.121085e+00
[46,]   46  9.994960563 0.0006356456 525.5844 -1.534709e-03 -4.121085e+00
[47,]   47  9.994960563 0.0006356456 525.5844 -1.534657e-03 -4.121085e+00
[48,]   48  9.994960563 0.0006356456 525.5844 -1.534709e-03 -4.121085e+00

