[22;0t]0;IPython: scripts/01_msprime_simulations$par
[1] 0.005743645 0.061608504

$value
[1] -16232.53

$counts
function gradient 
      30       30 

$convergence
[1] 0

$message
[1] "CONVERGENCE: REL_REDUCTION_OF_F <= FACTR*EPSMCH"

$loginfo
      step        par1        par2       fn           gr1           gr2
 [1,]    1 0.100000000  0.01000000 19070.26  7.484580e+03 -2.754856e+05
 [2,]    2 0.000001000 10.00000000 29925.15  2.415987e+03  1.858515e+03
 [3,]    3 0.066817992  3.32491577 18970.31  2.316241e+03  1.197854e+03
 [4,]    4 0.088929921  1.11591192 16963.86  3.143946e+03  6.543723e+02
 [5,]    5 0.076326357  1.11321914 16922.81  3.080252e+03  6.779160e+02
 [6,]    6 0.025912101  1.10244806 16778.78  1.844463e+03  7.721130e+02
 [7,]    7 0.000001000  1.09210136 17089.61 -1.553859e+06  8.004321e+02
 [8,]    8 0.016360255  1.09863386 16762.96  6.626911e+02  7.878508e+02
 [9,]    9 0.008355721  1.09071728 16760.93 -2.391852e+03  7.990468e+02
[10,]   10 0.012568000  1.09488328 16759.15 -3.044620e+02  7.929849e+02
[11,]   11 0.010640748  1.08623708 16753.56 -1.046050e+03  7.927622e+02
[12,]   12 0.004138549  1.01245764 16721.16 -8.341156e+03  7.000475e+02
[13,]   13 0.005824821  0.90767605 16647.34 -4.861424e+03  5.246605e+02
[14,]   14 0.006741015  0.56566481 16486.99 -3.804584e+03  4.137464e+02
[15,]   15 0.009838631  0.00000100 54767.11  7.046985e+04 -1.995955e+08
[16,]   16 0.007778144  0.37627194 16408.39 -1.660196e+03  3.209357e+02
[17,]   17 0.008028062  0.00000100 54634.17  7.656036e+04 -1.995855e+08
[18,]   18 0.007861605  0.25061500 16357.59 -6.245607e+02  3.996463e+02
[19,]   19 0.007944833  0.12530800 16278.01  1.119395e+03  6.471481e+02
[20,]   20 0.008000234  0.04189858 16261.62  5.509130e+03 -3.075301e+03
[21,]   21 0.007954446  0.11083526 16268.66  1.340704e+03  6.858380e+02
[22,]   22 0.007984296  0.06589352 16236.12  2.631430e+03  1.165384e+02
[23,]   23 0.005894804  0.00000100 54461.79  8.540421e+04 -1.995722e+08
[24,]   24 0.007289655  0.04398790 16252.47  4.437796e+03 -2.332133e+03
[25,]   25 0.007887473  0.06284017 16235.78  2.707110e+03 -6.861629e+01
[26,]   26 0.001251939  0.05984388 16284.81 -4.550554e+04  3.966981e+02
[27,]   27 0.005817017  0.06190525 16232.53  1.154497e+02  1.253411e+01
[28,]   28 0.005710429  0.06159117 16232.53 -6.301752e+01  1.646410e+00
[29,]   29 0.005744402  0.06160374 16232.53  1.849560e+00 -3.418491e-01
[30,]   30 0.005743645  0.06160850 16232.53  4.661679e-03  1.767776e-02

