[22;0t]0;IPython: scripts/01_msprime_simulations$par
[1] 0.0009304455 1.2672350425

$value
[1] -14502.78

$counts
function gradient 
      21       21 

$convergence
[1] 0

$message
[1] "CONVERGENCE: REL_REDUCTION_OF_F <= FACTR*EPSMCH"

$loginfo
      step         par1      par2       fn           gr1           gr2
 [1,]    1 0.1000000000  0.010000 15576.40  3.395570e+03 -1.770955e+05
 [2,]    2 0.0000010000 10.000000 28634.73  2.416098e+03  1.966251e+03
 [3,]    3 0.0669725725  3.309473 16611.73  2.390618e+03  1.445218e+03
 [4,]    4 0.0889857024  1.110339 14728.61  2.425767e+03 -2.435952e+02
 [5,]    5 0.0738844408  1.111923 14691.68  2.414218e+03 -2.364522e+02
 [6,]    6 0.0134793942  1.118259 14548.97  2.151985e+03 -2.577312e+02
 [7,]    7 0.0000010000  1.122155 14535.26 -8.979070e+04 -3.146250e+02
 [8,]    8 0.0131529418  1.118353 14548.24  2.147334e+03 -2.588834e+02
 [9,]    9 0.0065769709  1.120254 14533.98  2.011021e+03 -2.896600e+02
[10,]   10 0.0022283855  1.121511 14525.52  1.517813e+03 -3.113390e+02
[11,]   11 0.0000010000  1.127179 14533.71 -8.979024e+04 -3.016585e+02
[12,]   12 0.0013098356  1.123848 14523.62  9.280098e+02 -3.086451e+02
[13,]   13 0.0000010000  1.158393 14525.52 -8.979576e+04 -2.238649e+02
[14,]   14 0.0006118555  1.142271 14518.14 -7.997877e+02 -2.634405e+02
[15,]   15 0.0017484773  1.280725 14503.36  1.011437e+03  1.310608e+01
[16,]   16 0.0012755331  1.273104 14502.90  5.784874e+02  5.703749e+00
[17,]   17 0.0006761762  1.265326 14502.87 -8.345144e+02 -4.008066e-01
[18,]   18 0.0010134528  1.269703 14502.79  1.653664e+02  2.994875e+00
[19,]   19 0.0008996809  1.267295 14502.78 -7.872584e+01  4.196219e-01
[20,]   20 0.0009315502  1.267360 14502.78  1.544610e+00  2.164098e-01
[21,]   21 0.0009304455  1.267235 14502.78  8.011011e-03  3.501044e-02

