[22;0t]0;IPython: scripts/01_msprime_simulations$par
[1] 1.00000e-06 3.80893e-05

$value
[1] -119.6799

$counts
function gradient 
      71       71 

$convergence
[1] 52

$message
[1] "ERROR: ABNORMAL_TERMINATION_IN_LNSRCH"

$loginfo
      step  par1         par2         fn       gr1           gr2
 [1,]    1 1e-01 1.000000e-02   360.7958  2219.652    2870.51305
 [2,]    2 1e-06 1.000000e-06   149.6438 57356.773 -302163.46251
 [3,]    3 1e-06 1.000000e+01 24356.1107  2416.088    2323.46897
 [4,]    4 1e-06 3.293306e+00  8290.6298  2415.994    2466.86818
 [5,]    5 1e-06 1.084479e+00  2793.6332  2415.575    2507.80613
 [6,]    6 1e-06 3.572201e-01   969.2934  2414.124    2501.21680
 [7,]    7 1e-06 1.177755e-01   375.0332  2409.616    2438.16932
 [8,]    8 1e-06 3.892382e-02   187.9634  2395.235    2233.49199
 [9,]    9 1e-06 1.293885e-02   135.1242  2338.725    1614.90631
[10,]   10 1e-06 1.287007e-02   135.0133  2338.170    1609.95134
[11,]   11 1e-06 1.259496e-02   134.5731  2335.872    1589.59010
[12,]   12 1e-06 1.149450e-02   132.8725  2325.202    1498.39513
[13,]   13 1e-06 7.092679e-03   127.4747  2230.522     850.52863
[14,]   14 1e-06 5.876016e-04   122.4679 11263.372    3978.94999
[15,]   15 1e-06 1.000000e-06   149.6438 57356.773 -302163.46251
[16,]   16 1e-06 5.876016e-04   122.4679 11263.372    3978.94999
[17,]   17 1e-06 1.000000e-06   149.6438 57356.773 -302163.46251
[18,]   18 1e-06 4.246606e-04   121.7319 12511.398    5231.23354
[19,]   19 1e-06 2.128303e-04   120.3628 10327.087    7840.89847
[20,]   20 1e-06 2.063934e-04   120.3109 10064.420    7880.55998
[21,]   21 1e-06 2.007099e-04   120.2645  9818.178    7900.24163
[22,]   22 1e-06 1.008550e-04   119.4264  4367.310    8393.18399
[23,]   23 1e-06 1.001783e-04   119.4216  4344.605    8385.11030
[24,]   24 1e-06 3.472062e-05   119.7714 16824.843    -716.95983
[25,]   25 1e-06 1.000000e+01 24356.1107  2416.088    2323.46897
[26,]   26 1e-06 5.881395e-01  1548.0624  2414.983    2509.34493
[27,]   27 1e-06 3.557071e-02   180.5214  2393.074    2204.50366
[28,]   28 1e-06 3.137985e-03   127.0336  2232.765    -431.22541
[29,]   29 1e-06 1.653249e-04   119.9656  7994.743    7312.85064
[30,]   30 1e-06 7.266771e-05   119.2930  4515.723    7359.37873
[31,]   31 1e-06 3.808930e-05   119.6799 13985.921     489.34748
[32,]   32 1e-06 3.672277e-05   119.7144 15066.385      25.32071
[33,]   33 1e-06 3.808493e-05   119.6800 13989.215     487.90603
[34,]   34 1e-06 3.808928e-05   119.6799 13985.932     489.34273
[35,]   35 1e-06 3.808930e-05   119.6799 13985.921     489.34746
[36,]   36 1e-06 3.808930e-05   119.6799 13985.921     489.34748
[37,]   37 1e-06 3.808930e-05   119.6799 13985.921     489.34748
[38,]   38 1e-06 3.808930e-05   119.6799 13985.921     489.34748
[39,]   39 1e-06 3.808930e-05   119.6799 13985.921     489.34748
[40,]   40 1e-06 3.808930e-05   119.6799 13985.921     489.34748
[41,]   41 1e-06 3.808930e-05   119.6799 13985.921     489.34748
[42,]   42 1e-06 3.808930e-05   119.6799 13985.921     489.34748
[43,]   43 1e-06 3.808930e-05   119.6799 13985.921     489.34748
[44,]   44 1e-06 3.808930e-05   119.6799 13985.921     489.34748
[45,]   45 1e-06 3.808930e-05   119.6799 13985.921     489.34748
[46,]   46 1e-06 3.808930e-05   119.6799 13985.921     489.34748
[47,]   47 1e-06 3.808930e-05   119.6799 13985.921     489.34748
[48,]   48 1e-06 3.808930e-05   119.6799 13985.921     489.34748
[49,]   49 1e-06 3.808930e-05   119.6799 13985.921     489.34748
[50,]   50 1e-06 3.808930e-05   119.6799 13985.921     489.34748
[51,]   51 1e-06 3.808930e-05   119.6799 13985.921     489.34748
[52,]   52 1e-06 1.000000e-06   149.6438 57356.773 -302163.46251
[53,]   53 1e-06 3.808502e-05   119.6800 13989.150     487.93438
[54,]   54 1e-06 3.808928e-05   119.6799 13985.932     489.34283
[55,]   55 1e-06 3.808930e-05   119.6799 13985.921     489.34746
[56,]   56 1e-06 3.808930e-05   119.6799 13985.921     489.34748
[57,]   57 1e-06 3.808930e-05   119.6799 13985.921     489.34748
[58,]   58 1e-06 3.808930e-05   119.6799 13985.921     489.34748
[59,]   59 1e-06 3.808930e-05   119.6799 13985.921     489.34748
[60,]   60 1e-06 3.808930e-05   119.6799 13985.921     489.34748
[61,]   61 1e-06 3.808930e-05   119.6799 13985.921     489.34748
[62,]   62 1e-06 3.808930e-05   119.6799 13985.921     489.34748
[63,]   63 1e-06 3.808930e-05   119.6799 13985.921     489.34748
[64,]   64 1e-06 3.808930e-05   119.6799 13985.921     489.34748
[65,]   65 1e-06 3.808930e-05   119.6799 13985.921     489.34748
[66,]   66 1e-06 3.808930e-05   119.6799 13985.921     489.34748
[67,]   67 1e-06 3.808930e-05   119.6799 13985.921     489.34748
[68,]   68 1e-06 3.808930e-05   119.6799 13985.921     489.34748
[69,]   69 1e-06 3.808930e-05   119.6799 13985.921     489.34748
[70,]   70 1e-06 3.808930e-05   119.6799 13985.921     489.34748
[71,]   71 1e-06 3.808930e-05   119.6799 13985.921     489.34748

