[22;0t]0;IPython: scripts/01_msprime_simulations$par
[1] 0.001223543 0.000158628

$value
[1] -149.3106

$counts
function gradient 
     220      220 

$convergence
[1] 0

$message
[1] "CONVERGENCE: REL_REDUCTION_OF_F <= FACTR*EPSMCH"

$loginfo
       step         par1         par2         fn         gr1          gr2
  [1,]    1 1.000000e-01 1.000000e-02   385.3308  2195.18986    2834.2078
  [2,]    2 1.000000e-06 1.000000e-06   192.9400 62698.44007 -413429.7934
  [3,]    3 1.000000e-06 1.000000e+01 24359.9781  2416.09851    2323.1461
  [4,]    4 1.000000e-06 3.304030e+00  8324.4328  2416.07406    2465.7132
  [5,]    5 1.000000e-06 1.091617e+00  2822.2604  2415.98805    2504.9489
  [6,]    6 1.000000e-06 3.607670e-01   992.2305  2415.71446    2493.1286
  [7,]    7 1.000000e-06 1.193385e-01   396.2353  2414.88089    2414.3057
  [8,]    8 1.000000e-06 3.956991e-02   210.1120  2412.32143    2162.6706
  [9,]    9 1.000000e-06 1.319744e-02   159.5429  2398.29765    1405.7223
 [10,]   10 1.000000e-06 1.315272e-02   159.4801  2398.16976    1401.8589
 [11,]   11 1.000000e-06 1.297385e-02   159.2307  2397.64048    1386.1386
 [12,]   12 1.000000e-06 1.225837e-02   158.2626  2395.19990    1318.6685
 [13,]   13 1.000000e-06 9.396427e-03   154.9747  2375.65820     946.0089
 [14,]   14 1.000000e-06 1.574615e-03   152.9322  5552.07734     226.0767
 [15,]   15 1.000000e-06 1.000000e-06   192.9400 62698.44007 -413429.7934
 [16,]   16 1.000000e-06 1.083476e-03   152.6300  6704.73005     835.2666
 [17,]   17 1.000000e-06 5.422379e-04   152.0801  6320.83158    1324.5793
 [18,]   18 1.000000e-06 2.856328e-04   151.6903  1945.89616    1564.7455
 [19,]   19 1.000000e-06 2.780446e-04   151.6777  1673.41896    1543.1614
 [20,]   20 1.000000e-06 2.694942e-04   151.6635  1351.29982    1511.1900
 [21,]   21 1.000000e-06 1.352471e-04   151.5208 -5224.62916   -6322.1325
 [22,]   22 1.000000e+01 1.000000e+01 47322.1432  2177.15063    2327.7503
 [23,]   23 2.094588e+00 2.094694e+00 10326.1542  2357.45277    2495.0651
 [24,]   24 4.368828e-01 4.370111e-01  2232.8564  2393.66430    2504.8836
 [25,]   25 9.216044e-02 9.229345e-02   553.1628  2399.55824    2385.6232
 [26,]   26 2.024500e-02 2.037898e-02   219.8786  2393.58460    1822.6361
 [27,]   27 4.890137e-03 5.024318e-03   164.5508  2344.61944    -213.0617
 [28,]   28 1.200591e-03 1.334822e-03   158.8750  3464.39890     631.3863
 [29,]   29 2.169838e-04 3.512280e-04   152.4724  1662.33828    7275.5511
 [30,]   30 5.500469e-05 1.892511e-04   151.3958 -2739.09935    2126.0088
 [31,]   31 8.862266e-05 1.832797e-04   151.2962 -3570.25376    2650.6296
 [32,]   32 2.230945e-04 1.593941e-04   150.5662 -3997.19118   -2222.1712
 [33,]   33 7.609819e-04 6.385190e-05   151.9220   642.82802  -23682.1419
 [34,]   34 3.338787e-04 1.397161e-04   150.0291 -2898.52671  -18333.3968
 [35,]   35 9.631630e-04 1.396915e-04   149.3160  -340.88598  -26513.7987
 [36,]   36 1.271508e-03 2.099540e-04   149.9721  -227.42970   12102.6523
 [37,]   37 1.034431e-03 1.559312e-04   149.3451  -348.09159  -10648.9853
 [38,]   38 9.804884e-04 1.436394e-04   149.3134  -345.56894  -21875.6605
 [39,]   39 1.160879e-03 1.637326e-04   149.3644  -270.37268   -5661.2445
 [40,]   40 1.023907e-03 1.484756e-04   149.3117  -327.06836  -17090.3558
 [41,]   41 1.264215e-03 1.677866e-04   149.3760  -217.22371   -3495.8283
 [42,]   42 1.077971e-03 1.528202e-04   149.3136  -298.10150  -13419.5658
 [43,]   43 1.035887e-03 1.494383e-04   149.3114  -320.37118  -16238.1644
 [44,]   44 1.063663e-03 1.516704e-04   149.3123  -305.46469  -14348.6895
 [45,]   45 1.041835e-03 1.499163e-04   149.3114  -317.10781  -15823.6164
 [46,]   46 1.037152e-03 1.495400e-04   149.3114  -319.67356  -16149.5054
 [47,]   47 1.040242e-03 1.497884e-04   149.3114  -317.97738  -15934.0320
 [48,]   48 1.037807e-03 1.495926e-04   149.3114  -319.31321  -16103.7174
 [49,]   49 1.039414e-03 1.497218e-04   149.3114  -318.43081  -15991.6202
 [50,]   50 1.038147e-03 1.496200e-04   149.3114  -319.12635  -16079.9763
 [51,]   51 1.037807e-03 1.495926e-04   149.3114  -319.31321  -16103.7174
 [52,]   52 1.340881e-03 1.699403e-04   149.3817  -184.16511   -2455.2680
 [53,]   53 1.106388e-03 1.541970e-04   149.3127  -280.84944  -12398.6209
 [54,]   54 1.053269e-03 1.506307e-04   149.3109  -310.08505  -15228.3864
 [55,]   55 1.088327e-03 1.529845e-04   149.3114  -290.38749  -13331.3562
 [56,]   56 1.060885e-03 1.511421e-04   149.3108  -305.66533  -14806.1414
 [57,]   57 1.078997e-03 1.523581e-04   149.3110  -295.47204  -13824.7991
 [58,]   58 1.397722e-03 1.711403e-04   149.3841  -162.74311   -1915.9136
 [59,]   59 1.147283e-03 1.563821e-04   149.3143  -258.83100  -10824.8662
 [60,]   60 1.093670e-03 1.532227e-04   149.3111  -287.07485  -13154.7564
 [61,]   61 1.082133e-03 1.525428e-04   149.3110  -293.65160  -13680.3887
 [62,]   62 1.089747e-03 1.529915e-04   149.3110  -289.28971  -13332.4637
 [63,]   63 1.083748e-03 1.526380e-04   149.3110  -292.71941  -13606.2596
 [64,]   64 1.087707e-03 1.528713e-04   149.3110  -290.45003  -13425.2809
 [65,]   65 1.084584e-03 1.526873e-04   149.3110  -292.23802  -13567.9303
 [66,]   66 1.083924e-03 1.526484e-04   149.3110  -292.61765  -13598.1604
 [67,]   67 1.083748e-03 1.526380e-04   149.3110  -292.71941  -13606.2596
 [68,]   68 1.422797e-03 1.721595e-04   149.3907  -154.80631   -1413.1643
 [69,]   69 1.156047e-03 1.568008e-04   149.3147  -254.23932  -10536.3097
 [70,]   70 1.099255e-03 1.535309e-04   149.3111  -283.88084  -12921.1905
 [71,]   71 1.087057e-03 1.528285e-04   149.3110  -290.80424  -13458.7891
 [72,]   72 1.095107e-03 1.532921e-04   149.3110  -286.21104  -13102.9211
 [73,]   73 1.088762e-03 1.529267e-04   149.3110  -289.82380  -13383.0874
 [74,]   74 1.087417e-03 1.528493e-04   149.3110  -290.59644  -13442.7564
 [75,]   75 1.088305e-03 1.529004e-04   149.3110  -290.08620  -13403.3619
 [76,]   76 1.087605e-03 1.528601e-04   149.3110  -290.48848  -13434.4240
 [77,]   77 1.088067e-03 1.528867e-04   149.3110  -290.22290  -13413.9195
 [78,]   78 1.087703e-03 1.528657e-04   149.3110  -290.43233  -13430.0901
 [79,]   79 1.087605e-03 1.528601e-04   149.3110  -290.48848  -13434.4240
 [80,]   80 1.439056e-03 1.721817e-04   149.3885  -149.09608   -1433.4549
 [81,]   81 1.162900e-03 1.569996e-04   149.3142  -250.32141  -10411.5479
 [82,]   82 1.103887e-03 1.537552e-04   149.3110  -281.15257  -12755.0169
 [83,]   83 1.091107e-03 1.530526e-04   149.3110  -288.44769  -13287.0468
 [84,]   84 1.099541e-03 1.535163e-04   149.3110  -283.60629  -12934.8827
 [85,]   85 1.102409e-03 1.536740e-04   149.3110  -281.98380  -12816.0538
 [86,]   86 1.100143e-03 1.535494e-04   149.3110  -283.26468  -12909.8972
 [87,]   87 1.099541e-03 1.535163e-04   149.3110  -283.60629  -12934.8827
 [88,]   88 1.465084e-03 1.722487e-04   149.3854  -140.44521   -1447.5936
 [89,]   89 1.177589e-03 1.575159e-04   149.3139  -242.43716  -10076.4451
 [90,]   90 1.116442e-03 1.543824e-04   149.3109  -273.98960  -12293.1318
 [91,]   91 1.156799e-03 1.564505e-04   149.3123  -252.63281  -10812.2878
 [92,]   92 1.124883e-03 1.548149e-04   149.3110  -269.34111  -11977.4949
 [93,]   93 1.118204e-03 1.544727e-04   149.3109  -273.01081  -12226.9696
 [94,]   94 1.116442e-03 1.543824e-04   149.3109  -273.98960  -12293.1318
 [95,]   95 1.499178e-03 1.724528e-04   149.3830  -130.02843   -1400.7383
 [96,]   96 1.197526e-03 1.582107e-04   149.3137  -232.19585   -9631.0162
 [97,]   97 1.133967e-03 1.552098e-04   149.3109  -264.20992  -11698.3691
 [98,]   98 1.175916e-03 1.571904e-04   149.3122  -242.51404  -10318.6570
 [99,]   99 1.142729e-03 1.556235e-04   149.3110  -259.48482  -11405.1470
[100,]  100 1.135796e-03 1.552962e-04   149.3109  -263.21485  -11636.9421
[101,]  101 1.133967e-03 1.552098e-04   149.3109  -264.20992  -11698.3691
[102,]  102 1.535659e-03 1.726647e-04   149.3807  -119.76225   -1351.0293
[103,]  103 1.218517e-03 1.588838e-04   149.3134  -221.81347   -9210.9091
[104,]  104 1.152242e-03 1.560039e-04   149.3108  -254.25177  -11144.2199
[105,]  105 1.195983e-03 1.579046e-04   149.3120  -232.24050   -9855.1923
[106,]  106 1.161381e-03 1.564010e-04   149.3109  -249.44690  -10870.5996
[107,]  107 1.154152e-03 1.560869e-04   149.3108  -253.23799  -11086.8345
[108,]  108 1.152242e-03 1.560039e-04   149.3108  -254.25177  -11144.2199
[109,]  109 1.567823e-03 1.728900e-04   149.3794  -111.44479   -1283.9307
[110,]  110 1.238772e-03 1.595198e-04   149.3134  -212.28266   -8819.5728
[111,]  111 1.170835e-03 1.567594e-04   149.3108  -244.43192  -10630.6917
[112,]  112 1.215673e-03 1.585813e-04   149.3121  -222.60192   -9424.1655
[113,]  113 1.180154e-03 1.571380e-04   149.3109  -239.68653  -10376.2819
[114,]  114 1.172774e-03 1.568382e-04   149.3108  -243.43493  -10577.5868
[115,]  115 1.170835e-03 1.567594e-04   149.3108  -244.43192  -10630.6917
[116,]  116 1.596789e-03 1.731043e-04   149.3785  -104.47339   -1215.5334
[117,]  117 1.258351e-03 1.601176e-04   149.3136  -203.48672   -8457.1869
[118,]  118 1.189464e-03 1.574743e-04   149.3108  -234.93299  -10156.1614
[119,]  119 1.174820e-03 1.569123e-04   149.3107  -242.36087  -10528.6234
[120,]  120 1.184485e-03 1.572832e-04   149.3108  -237.42679  -10282.3424
[121,]  121 1.176873e-03 1.569911e-04   149.3107  -241.30243  -10476.1641
[122,]  122 1.181897e-03 1.571839e-04   149.3107  -238.73590  -10348.1183
[123,]  123 1.177936e-03 1.570319e-04   149.3107  -240.75650  -10449.0275
[124,]  124 1.180551e-03 1.571322e-04   149.3107  -239.42056  -10382.3940
[125,]  125 1.178489e-03 1.570531e-04   149.3107  -240.47358  -10434.9431
[126,]  126 1.177936e-03 1.570319e-04   149.3107  -240.75650  -10449.0275
[127,]  127 1.619029e-03 1.731923e-04   149.3772   -99.35134   -1202.9725
[128,]  128 1.268869e-03 1.603634e-04   149.3132  -198.75440   -8317.4982
[129,]  129 1.197453e-03 1.577469e-04   149.3107  -230.89999   -9980.3784
[130,]  130 1.244588e-03 1.594738e-04   149.3119  -209.04193   -8873.8898
[131,]  131 1.207239e-03 1.581055e-04   149.3108  -226.14274   -9747.7287
[132,]  132 1.199490e-03 1.578216e-04   149.3107  -229.89961   -9931.8137
[133,]  133 1.197453e-03 1.577469e-04   149.3107  -230.89999   -9980.3784
[134,]  134 1.638989e-03 1.733032e-04   149.3765   -94.99848   -1173.7141
[135,]  135 1.286772e-03 1.608939e-04   149.3136  -191.25607   -8001.2981
[136,]  136 1.216287e-03 1.584105e-04   149.3108  -221.77574   -9553.7527
[137,]  137 1.201451e-03 1.578878e-04   149.3107  -228.92526   -9889.3707
[138,]  138 1.211243e-03 1.582328e-04   149.3107  -224.17586   -9667.5095
[139,]  139 1.203516e-03 1.579606e-04   149.3107  -227.91373   -9842.4738
[140,]  140 1.201887e-03 1.579032e-04   149.3107  -228.71137   -9879.4701
[141,]  141 1.201451e-03 1.578878e-04   149.3107  -228.92526   -9889.3707
[142,]  142 1.655474e-03 1.734049e-04   149.3760   -91.55707   -1143.5314
[143,]  143 1.293634e-03 1.610383e-04   149.3134  -188.33280   -7922.0275
[144,]  144 1.221032e-03 1.585570e-04   149.3107  -219.48897   -9462.4375
[145,]  145 1.205644e-03 1.580311e-04   149.3107  -226.86423   -9797.5385
[146,]  146 1.215800e-03 1.583782e-04   149.3107  -221.96366   -9576.0275
[147,]  147 1.207803e-03 1.581049e-04   149.3107  -225.81150   -9750.3321
[148,]  148 1.213081e-03 1.582853e-04   149.3107  -223.26298   -9635.1979
[149,]  149 1.208921e-03 1.581431e-04   149.3107  -225.26874   -9725.9136
[150,]  150 1.211667e-03 1.582369e-04   149.3107  -223.94251   -9666.0160
[151,]  151 1.209502e-03 1.581629e-04   149.3107  -224.98756   -9713.2419
[152,]  152 1.210931e-03 1.582118e-04   149.3107  -224.29717   -9682.0660
[153,]  153 1.209803e-03 1.581733e-04   149.3107  -224.84153   -9706.6550
[154,]  154 1.209502e-03 1.581629e-04   149.3107  -224.98756   -9713.2419
[155,]  155 1.664867e-03 1.734387e-04   149.3755   -89.63073   -1139.1109
[156,]  156 1.301357e-03 1.612443e-04   149.3134  -185.20378   -7802.5092
[157,]  157 1.228903e-03 1.588138e-04   149.3107  -215.79517   -9301.2774
[158,]  158 1.213633e-03 1.583015e-04   149.3107  -222.99100   -9625.1233
[159,]  159 1.223711e-03 1.586396e-04   149.3107  -218.21000   -9411.0674
[160,]  160 1.215765e-03 1.583730e-04   149.3107  -221.96942   -9579.7489
[161,]  161 1.214084e-03 1.583167e-04   149.3107  -222.77429   -9615.5143
[162,]  162 1.215193e-03 1.583539e-04   149.3107  -222.24268   -9591.9053
[163,]  163 1.214319e-03 1.583246e-04   149.3107  -222.66172   -9610.5195
[164,]  164 1.214896e-03 1.583439e-04   149.3107  -222.38505   -9598.2331
[165,]  165 1.214441e-03 1.583286e-04   149.3107  -222.60319   -9607.9216
[166,]  166 1.672887e-03 1.735057e-04   149.3755   -88.05100   -1114.6892
[167,]  167 1.306595e-03 1.613795e-04   149.3135  -183.10531   -7724.8233
[168,]  168 1.233855e-03 1.589714e-04   149.3107  -213.49823   -9203.1444
[169,]  169 1.218566e-03 1.584652e-04   149.3106  -220.63015   -9521.5480
[170,]  170 1.228657e-03 1.587993e-04   149.3107  -215.89162   -9311.0976
[171,]  171 1.220696e-03 1.585357e-04   149.3107  -219.61991   -9477.0404
[172,]  172 1.219016e-03 1.584801e-04   149.3106  -220.41632   -9512.1435
[173,]  173 1.218566e-03 1.584652e-04   149.3106  -220.63015   -9521.5480
[174,]  174 1.678340e-03 1.735541e-04   149.3756   -86.99544   -1096.5015
[175,]  175 1.310648e-03 1.614872e-04   149.3135  -181.50803   -7662.5992
[176,]  176 1.237902e-03 1.590998e-04   149.3108  -211.64227   -9123.4056
[177,]  177 1.222662e-03 1.585996e-04   149.3106  -218.68876   -9436.8645
[178,]  178 1.219434e-03 1.584937e-04   149.3106  -220.21706   -9503.5884
[179,]  179 1.221564e-03 1.585636e-04   149.3106  -219.20695   -9459.5374
[180,]  180 1.222289e-03 1.585874e-04   149.3106  -218.86478   -9444.5718
[181,]  181 1.221717e-03 1.585686e-04   149.3106  -219.13469   -9456.3786
[182,]  182 1.221564e-03 1.585636e-04   149.3106  -219.20695   -9459.5374
[183,]  183 1.682420e-03 1.735946e-04   149.3757   -86.21746   -1080.5775
[184,]  184 1.313610e-03 1.615657e-04   149.3136  -180.35013   -7617.2759
[185,]  185 1.240846e-03 1.591925e-04   149.3108  -210.30236   -9066.0256
[186,]  186 1.225639e-03 1.586965e-04   149.3106  -217.28820   -9376.0407
[187,]  187 1.222427e-03 1.585917e-04   149.3106  -218.79908   -9441.8469
[188,]  188 1.221747e-03 1.585696e-04   149.3106  -219.12062   -9455.7956
[189,]  189 1.222196e-03 1.585842e-04   149.3106  -218.90834   -9446.5889
[190,]  190 1.222348e-03 1.585892e-04   149.3106  -218.83623   -9443.4591
[191,]  191 1.684625e-03 1.736161e-04   149.3757   -85.79956   -1072.2036
[192,]  192 1.314665e-03 1.615900e-04   149.3136  -179.93176   -7603.6852
[193,]  193 1.241691e-03 1.592179e-04   149.3108  -209.91651   -9050.4201
[194,]  194 1.226437e-03 1.587221e-04   149.3106  -216.91346   -9360.0361
[195,]  195 1.223214e-03 1.586173e-04   149.3106  -218.42735   -9425.7778
[196,]  196 1.225341e-03 1.586865e-04   149.3106  -217.42677   -9382.3755
[197,]  197 1.223664e-03 1.586319e-04   149.3106  -218.21531   -9416.5960
[198,]  198 1.223309e-03 1.586204e-04   149.3106  -218.38255   -9423.8383
[199,]  199 1.223543e-03 1.586280e-04   149.3106  -218.27215   -9419.0582
[200,]  200 1.685759e-03 1.736278e-04   149.3757   -85.58611   -1067.5422
[201,]  201 1.315723e-03 1.616194e-04   149.3136  -179.52429   -7586.5980
[202,]  202 1.242831e-03 1.592539e-04   149.3108  -209.40168   -9028.1486
[203,]  203 1.227615e-03 1.587601e-04   149.3106  -216.36272   -9336.2024
[204,]  204 1.224404e-03 1.586560e-04   149.3106  -217.86668   -9401.5213
[205,]  205 1.223725e-03 1.586339e-04   149.3106  -218.18642   -9415.3526
[206,]  206 1.223582e-03 1.586293e-04   149.3106  -218.25404   -9418.2753
[207,]  207 1.223551e-03 1.586283e-04   149.3106  -218.26832   -9418.8928
[208,]  208 1.223545e-03 1.586281e-04   149.3106  -218.27134   -9419.0233
[209,]  209 1.223544e-03 1.586280e-04   149.3106  -218.27198   -9419.0508
[210,]  210 1.223543e-03 1.586280e-04   149.3106  -218.27212   -9419.0567
[211,]  211 1.223543e-03 1.586280e-04   149.3106  -218.27215   -9419.0579
[212,]  212 1.223543e-03 1.586280e-04   149.3106  -218.27215   -9419.0581
[213,]  213 1.223543e-03 1.586280e-04   149.3106  -218.27215   -9419.0582
[214,]  214 1.223543e-03 1.586280e-04   149.3106  -218.27215   -9419.0582
[215,]  215 1.223543e-03 1.586280e-04   149.3106  -218.27215   -9419.0581

