[22;0t]0;IPython: scripts/01_msprime_simulations$par
[1] 0.00459222 0.05679435

$value
[1] -16312.85

$counts
function gradient 
      39       39 

$convergence
[1] 0

$message
[1] "CONVERGENCE: REL_REDUCTION_OF_F <= FACTR*EPSMCH"

$loginfo
      step         par1        par2       fn           gr1           gr2
 [1,]    1 0.1000000000  0.01000000 19339.36  7.871632e+03 -2.848733e+05
 [2,]    2 0.0000010000 10.00000000 30030.86  2.416099e+03  1.849690e+03
 [3,]    3 0.0668097696  3.32573718 19146.04  2.229197e+03  1.254712e+03
 [4,]    4 0.0889247246  1.11643107 17085.63  3.187337e+03  6.122939e+02
 [5,]    5 0.0765595524  1.11397882 17045.10  3.118015e+03  6.297328e+02
 [6,]    6 0.0270988636  1.10416982 16902.31  1.985466e+03  6.933135e+02
 [7,]    7 0.0000010000  1.09474415 17166.44 -1.268383e+06  5.295245e+02
 [8,]    8 0.0168810382  1.10061567 16884.26  8.901494e+02  7.035724e+02
 [9,]    9 0.0062241244  1.09313888 16887.23 -4.002711e+03  7.110880e+02
[10,]   10 0.0118788542  1.09710618 16880.01 -3.218218e+02  7.086688e+02
[11,]   11 0.0111341992  1.09215167 16876.84 -5.892282e+02  7.072436e+02
[12,]   12 0.0081555789  1.07233361 16866.82 -2.181361e+03  6.912758e+02
[13,]   13 0.0044975397  0.94581077 16801.06 -7.298688e+03  6.709030e+02
[14,]   14 0.0007375005  0.00000100 54963.13  1.179775e+05 -2.033220e+08
[15,]   15 0.0032297231  0.62690097 16624.01 -1.185061e+04  6.734871e+02
[16,]   16 0.0019836118  0.31345099 16488.74 -2.352067e+04  5.105826e+02
[17,]   17 0.0093469444  0.00000100 55730.94  7.091755e+04 -2.033830e+08
[18,]   18 0.0044520402  0.20837236 16398.07 -5.710177e+03  4.044634e+02
[19,]   19 0.0045225039  0.00000100 55349.02  8.922836e+04 -2.033536e+08
[20,]   20 0.0044755447  0.13886623 16367.69 -4.106909e+03  5.671510e+02
[21,]   21 0.0044990243  0.06943362 16317.72 -1.573253e+03  6.082285e+02
[22,]   22 0.0045146339  0.02327391 16541.01  1.603823e+04 -2.811847e+04
[23,]   23 0.0045032578  0.05691452 16312.86 -2.624865e+02  2.235460e+01
[24,]   24 0.0044935300  0.04787987 16317.65  1.166941e+03 -1.232713e+03
[25,]   25 0.0045030295  0.05670250 16312.86 -2.370684e+02  2.100112e+00
[26,]   26 0.0045563478  0.05675010 16312.85 -9.445360e+01  1.440579e-01
[27,]   27 0.0045922192  0.05679435 16312.85 -2.325817e+00 -6.520204e-03
[28,]   28 0.0045931300  0.05679558 16312.85 -2.378473e-02 -2.213073e-04
[29,]   29 0.0045923683  0.05679455 16312.85 -1.948944e+00 -5.489001e-03
[30,]   30 0.0045922486  0.05679439 16312.85 -2.251597e+00 -6.318060e-03
[31,]   31 0.0045922252  0.05679436 16312.85 -2.310679e+00 -6.478695e-03
[32,]   32 0.0045922205  0.05679435 16312.85 -2.322722e+00 -6.512482e-03
[33,]   33 0.0045922195  0.05679435 16312.85 -2.325164e+00 -6.519194e-03
[34,]   34 0.0045922201  0.05679435 16312.85 -2.323552e+00 -6.515384e-03
[35,]   35 0.0045922196  0.05679435 16312.85 -2.324856e+00 -6.518103e-03
[36,]   36 0.0045922200  0.05679435 16312.85 -2.323995e+00 -6.515229e-03
[37,]   37 0.0045922197  0.05679435 16312.85 -2.324722e+00 -6.517621e-03
[38,]   38 0.0045922196  0.05679435 16312.85 -2.324846e+00 -6.518176e-03
[39,]   39 0.0045922196  0.05679435 16312.85 -2.324856e+00 -6.518103e-03

