[22;0t]0;IPython: scripts/01_msprime_simulations$par
[1] 0.4333917 0.4919003

$value
[1] -58339.18

$counts
function gradient 
      20       20 

$convergence
[1] 0

$message
[1] "CONVERGENCE: REL_REDUCTION_OF_F <= FACTR*EPSMCH"

$loginfo
      step      par1      par2        fn           gr1           gr2
 [1,]    1 0.1000000 0.0100000 119378.98  7.084031e+04 -3.025326e+06
 [2,]    2 0.0000100 1.0000000  62587.78 -3.529698e+06  1.583146e+02
 [3,]    3 0.3397567 1.0000000  59635.09 -2.184499e+02  2.587833e+03
 [4,]    4 0.3397784 0.9989600  59632.40 -2.213452e+02  2.590116e+03
 [5,]    5 0.3398654 0.9948000  59621.58 -2.329106e+02  2.599664e+03
 [6,]    6 0.3402133 0.9781598  59577.92 -2.788880e+02  2.637338e+03
 [7,]    7 0.3416049 0.9115993  59397.12 -4.561749e+02  2.775851e+03
 [8,]    8 0.3471713 0.6453571  58634.20 -8.423060e+02  2.615219e+03
 [9,]    9 0.3606638 0.0000100 357455.36  0.000000e+00 -7.942549e+08
[10,]   10 0.3516852 0.4294550  58385.10  1.337550e+02 -1.715010e+03
[11,]   11 0.3469322 0.6568423  58664.79 -8.464547e+02  2.675122e+03
[12,]   12 0.3506513 0.4789204  58349.53 -3.002126e+02  1.343174e+02
[13,]   13 0.3507583 0.4751850  58349.21 -2.731798e+02  2.166466e+01
[14,]   14 0.3508160 0.4742209  58349.18 -2.658799e+02 -8.256334e+00
[15,]   15 0.3508682 0.4739868  58349.17 -2.638692e+02 -1.584120e+01
[16,]   16 0.3593933 0.4749195  58347.08 -2.210412e+02 -4.836752e+01
[17,]   17 0.4150450 0.4888762  58339.61 -5.024454e+01  1.597234e+01
[18,]   18 0.4291836 0.4913389  58339.20 -1.169312e+01  7.265107e+00
[19,]   19 0.4331258 0.4918605  58339.18 -7.135463e-01  3.254905e-01
[20,]   20 0.4333917 0.4919003  58339.18 -1.101373e-02  6.138325e-03

