[22;0t]0;IPython: scripts/01_msprime_simulations$par
[1] 0.0010731649 0.0005892433

$value
[1] -463.3306

$counts
function gradient 
      56       56 

$convergence
[1] 0

$message
[1] "CONVERGENCE: REL_REDUCTION_OF_F <= FACTR*EPSMCH"

$loginfo
      step         par1         par2         fn           gr1           gr2
 [1,]    1 0.1000000000 1.000000e-02   684.3338  1.880599e+03  4.772249e+03
 [2,]    2 0.0000010000 1.000000e-06   696.6135  9.899831e+04 -2.185549e+06
 [3,]    3 0.0431048156 4.310994e-03   547.9557  1.345543e+03  1.067136e+04
 [4,]    4 0.0154075911 1.541520e-03   480.9913  6.420888e+02  1.738925e+04
 [5,]    5 0.0052392410 5.247770e-04   465.8939  4.286388e+02 -1.413373e+04
 [6,]    6 0.0000010000 6.742080e-03   480.0013 -5.780935e+03 -4.869618e+02
 [7,]    7 0.0037241875 2.323004e-03   479.1098  1.799759e+03  6.348755e+03
 [8,]    8 0.0049612668 8.547064e-04   465.8934  3.431748e+02  7.806372e+03
 [9,]    9 0.0051209677 6.651562e-04   465.0561  3.486531e+02 -3.822949e+02
[10,]   10 0.0000010000 6.424131e-04   474.9336 -8.085270e+04  2.880113e+03
[11,]   11 0.0032639417 6.569073e-04   464.3514  4.287695e+02  2.101555e+02
[12,]   12 0.0011867931 6.476805e-04   463.4429  3.530411e+01  2.617722e+03
[13,]   13 0.0002533139 6.117255e-04   465.0079 -7.207552e+03  3.634475e+03
[14,]   14 0.0009994608 6.404650e-04   463.4411 -2.975361e+02  2.733169e+03
[15,]   15 0.0011091369 6.446894e-04   463.4349 -8.309152e+01  2.657480e+03
[16,]   16 0.0010784666 5.909879e-04   463.3317  4.167898e+00  7.296821e+01
[17,]   17 0.0010731649 5.892433e-04   463.3306  8.527684e-02 -1.105762e+01
[18,]   18 0.0010734456 5.894539e-04   463.3307 -9.290616e-02  3.745749e-01
[19,]   19 0.0010731657 5.892440e-04   463.3306  8.474518e-02 -1.102357e+01
[20,]   20 0.0010731649 5.892433e-04   463.3306  8.527524e-02 -1.105752e+01
[21,]   21 0.0010731649 5.892433e-04   463.3306  8.527682e-02 -1.105762e+01
[22,]   22 0.0010731649 5.892433e-04   463.3306  8.527683e-02 -1.105762e+01
[23,]   23 0.0010731649 5.892433e-04   463.3306  8.527684e-02 -1.105762e+01
[24,]   24 0.0010731649 5.892433e-04   463.3306  8.527683e-02 -1.105762e+01
[25,]   25 0.0010731649 5.892433e-04   463.3306  8.527684e-02 -1.105762e+01
[26,]   26 0.0010731649 5.892433e-04   463.3306  8.527683e-02 -1.105762e+01
[27,]   27 0.0010731649 5.892433e-04   463.3306  8.527683e-02 -1.105762e+01
[28,]   28 0.0010731649 5.892433e-04   463.3306  8.527683e-02 -1.105762e+01
[29,]   29 0.0010731649 5.892433e-04   463.3306  8.527683e-02 -1.105762e+01
[30,]   30 0.0010731649 5.892433e-04   463.3306  8.527683e-02 -1.105762e+01
[31,]   31 0.0000010000 1.000000e+01 24412.8324  2.416088e+03  2.318733e+03
[32,]   32 0.0010719513 1.190721e-02   482.9534  1.505640e+03  3.126762e+02
[33,]   33 0.0010731635 6.019992e-04   463.3425 -4.061837e+01  7.112232e+02
[34,]   34 0.0010731649 5.892768e-04   463.3306 -2.688791e-02 -9.080908e+00
[35,]   35 0.0010731649 5.892434e-04   463.3306  8.493262e-02 -1.105155e+01
[36,]   36 0.0010731649 5.892433e-04   463.3306  8.527577e-02 -1.105760e+01
[37,]   37 0.0010731649 5.892433e-04   463.3306  8.527683e-02 -1.105762e+01
[38,]   38 0.0010731649 5.892433e-04   463.3306  8.527684e-02 -1.105762e+01
[39,]   39 0.0010731649 5.892433e-04   463.3306  8.527684e-02 -1.105762e+01
[40,]   40 0.0010731649 5.892433e-04   463.3306  8.527684e-02 -1.105762e+01
[41,]   41 0.0010731649 5.892433e-04   463.3306  8.527684e-02 -1.105762e+01
[42,]   42 0.0010731649 5.892433e-04   463.3306  8.527684e-02 -1.105762e+01
[43,]   43 0.0010731649 5.892433e-04   463.3306  8.527684e-02 -1.105762e+01
[44,]   44 0.0010731649 5.892433e-04   463.3306  8.527684e-02 -1.105762e+01
[45,]   45 0.0010731649 5.892433e-04   463.3306  8.527684e-02 -1.105762e+01

