[22;0t]0;IPython: scripts/01_msprime_simulations$par
[1] 0.00443755 0.72230392

$value
[1] -17480.19

$counts
function gradient 
      30       30 

$convergence
[1] 0

$message
[1] "CONVERGENCE: REL_REDUCTION_OF_F <= FACTR*EPSMCH"

$loginfo
      step        par1       par2       fn           gr1           gr2
 [1,]    1 0.100000000  0.0100000 20610.58  7.879400e+03 -3.024250e+05
 [2,]    2 0.000001000 10.0000000 30399.55  2.416088e+03  1.818908e+03
 [3,]    3 0.066783484  3.3283631 19701.35  2.589558e+03  1.337149e+03
 [4,]    4 0.088900323  1.1188688 17833.86  3.484406e+03  1.120094e+02
 [5,]    5 0.076129302  1.1184006 17789.32  3.479807e+03  1.348244e+02
 [6,]    6 0.025045217  1.1165277 17616.29  3.077408e+03  2.716020e+02
 [7,]    7 0.000001000  1.1143665 17694.49 -7.341265e+05  3.880379e+02
 [8,]    8 0.013622151  1.1155419 17583.86  2.415954e+03  3.022740e+02
 [9,]    9 0.000001000  1.1130375 17693.97 -7.353577e+05  3.936857e+02
[10,]   10 0.008339397  1.1145706 17572.85  1.486027e+03  3.195465e+02
[11,]   11 0.000001000  1.1116338 17693.41 -7.365918e+05  3.998228e+02
[12,]   12 0.005410800  1.1135392 17569.78  1.960214e+02  3.346452e+02
[13,]   13 0.004678633  1.1118661 17569.27 -3.581854e+02  3.445039e+02
[14,]   14 0.004020203  1.1067159 17567.85 -9.557302e+02  3.736357e+02
[15,]   15 0.000001000  1.0550013 17670.61 -7.505828e+05  3.475064e+02
[16,]   16 0.002600111  1.0884438 17562.68 -3.017795e+03  4.493293e+02
[17,]   17 0.000001000  1.0326081 17663.27 -7.484740e+05  3.084885e+02
[18,]   18 0.001691382  1.0689219 17558.32 -6.662018e+03  4.137370e+02
[19,]   19 0.001574499  1.0240528 17543.24 -7.737269e+03  2.978520e+02
[20,]   20 0.003252984  0.9009586 17512.07 -1.942662e+03  1.208812e+02
[21,]   21 0.003986661  0.8224760 17500.55 -1.173615e+03  2.801943e+02
[22,]   22 0.006921367  0.5085454 17516.47  3.862564e+03  4.197396e+02
[23,]   23 0.004442505  0.7737136 17486.76 -1.025098e+02  2.358842e+02
[24,]   24 0.004845949  0.7305564 17480.47  4.682288e+02  4.314416e+01
[25,]   25 0.005233885  0.6576090 17490.31  5.136602e+02 -2.382506e+02
[26,]   26 0.004879349  0.7242760 17480.32  5.063648e+02  1.037445e+01
[27,]   27 0.003808636  0.7215577 17480.47 -9.247973e+02 -3.945666e+00
[28,]   28 0.004440971  0.7231630 17480.20  4.255769e+00  4.571708e+00
[29,]   29 0.004437218  0.7222895 17480.19 -3.767984e-01 -7.698562e-02
[30,]   30 0.004437550  0.7223039 17480.19  4.120906e-02 -6.057235e-05

