[22;0t]0;IPython: scripts/01_msprime_simulations$par
[1] 0.0000010000 0.0001245158

$value
[1] -87.71269

$counts
function gradient 
      41       41 

$convergence
[1] 0

$message
[1] "CONVERGENCE: REL_REDUCTION_OF_F <= FACTR*EPSMCH"

$loginfo
      step  par1         par2          fn       gr1          gr2
 [1,]    1 1e-01 1.000000e-02   328.55398  2234.033    3262.2912
 [2,]    2 1e-06 1.000000e-06   105.87581 42273.922 -182185.9342
 [3,]    3 1e-06 1.000000e+01 24350.95418  2416.099    2323.8995
 [4,]    4 1e-06 3.267412e+00  8216.90392  2416.074    2468.6625
 [5,]    5 1e-06 1.067354e+00  2736.29602  2415.985    2511.7847
 [6,]    6 1e-06 3.487774e-01   929.28959  2415.700    2512.0908
 [7,]    7 1e-06 1.140966e-01   342.70276  2414.791    2470.0563
 [8,]    8 1e-06 3.743562e-02   156.82155  2410.121    2328.1523
 [9,]    9 1e-06 1.237375e-02   101.96739  2361.684    1895.8679
[10,]   10 1e-06 1.224632e-02   101.72623  2360.409    1889.1432
[11,]   11 1e-06 1.173661e-02   100.77043  2354.833    1860.7836
[12,]   12 1e-06 9.697767e-03    97.11331  2321.582    1717.5222
[13,]   13 1e-06 1.542405e-03    89.86732  1879.432    1090.6294
[14,]   14 1e-06 1.000000e-06   105.87581 42273.922 -182185.9342
[15,]   15 1e-06 1.025954e-03    89.21045  2845.854    1071.1300
[16,]   16 1e-06 5.134769e-04    88.60906  3654.692    1616.4029
[17,]   17 1e-06 2.732045e-04    88.12845  4317.697    2505.4421
[18,]   18 1e-06 2.580700e-04    88.09005  4279.006    2572.0221
[19,]   19 1e-06 2.480317e-04    88.06392  4238.196    2613.0091
[20,]   20 1e-06 1.245158e-04    87.71269  1781.391   -2349.2509
[21,]   21 1e-06 1.000000e+01 24350.95418  2416.099    2323.8995
[22,]   22 1e-06 1.356278e+00  3461.34354  2416.014    2507.0510
[23,]   23 1e-06 1.837301e-01   515.71931  2415.316    2495.1038
[24,]   24 1e-06 2.633012e-02   131.40692  2404.855    2238.2610
[25,]   25 1e-06 4.836230e-03    90.31847  1944.051     888.3868
[26,]   26 1e-06 1.367180e-03    89.64127  2609.010    1366.7001
[27,]   27 1e-06 3.344784e-04    88.27240  4286.576    2228.4063
[28,]   28 1e-06 1.506114e-04    87.78690  2717.606    1628.7859
[29,]   29 1e-06 1.274272e-04    87.72058  1897.933   -1558.9842
[30,]   30 1e-06 1.247762e-04    87.71339  1791.920   -2271.6994
[31,]   31 1e-06 1.245381e-04    87.71275  1782.292   -2342.5633
[32,]   32 1e-06 1.245177e-04    87.71269  1781.468   -2348.6817
[33,]   33 1e-06 1.245160e-04    87.71269  1781.398   -2349.2025
[34,]   34 1e-06 1.245159e-04    87.71269  1781.392   -2349.2468
[35,]   35 1e-06 1.245158e-04    87.71269  1781.391   -2349.2506
[36,]   36 1e-06 1.245158e-04    87.71269  1781.391   -2349.2509
[37,]   37 1e-06 1.245158e-04    87.71269  1781.391   -2349.2509
[38,]   38 1e-06 1.245158e-04    87.71269  1781.391   -2349.2509
[39,]   39 1e-06 1.245158e-04    87.71269  1781.391   -2349.2509
[40,]   40 1e-06 1.245158e-04    87.71269  1781.391   -2349.2509

