[22;0t]0;IPython: scripts/01_msprime_simulations$par
[1] 0.01021276 0.53414739

$value
[1] -53834.67

$counts
function gradient 
      39       39 

$convergence
[1] 0

$message
[1] "CONVERGENCE: REL_REDUCTION_OF_F <= FACTR*EPSMCH"

$loginfo
      step         par1       par2        fn           gr1           gr2
 [1,]    1 0.1000000000  0.0100000 120376.55  6.842364e+04 -3.072791e+06
 [2,]    2 0.0000010000 10.0000000  57706.00 -5.780279e+06  3.928203e+02
 [3,]    3 2.3227739564 10.0000000  62401.82  2.279148e+03  1.811630e+02
 [4,]    4 0.7738699394 10.0000000  58327.06  3.037474e+03  2.702354e+02
 [5,]    5 0.2579534608 10.0000000  56718.66  3.027697e+03  3.528433e+02
 [6,]    6 0.0859925765 10.0000000  56274.71  1.554921e+03  3.834912e+02
 [7,]    7 0.0859694486  9.9987568  56274.20  1.554526e+03  3.834389e+02
 [8,]    8 0.0858769370  9.9937839  56272.15  1.552943e+03  3.832189e+02
 [9,]    9 0.0855068906  9.9738925  56263.96  1.546523e+03  3.823161e+02
[10,]   10 0.0840267047  9.8943268  56231.43  1.519185e+03  3.782828e+02
[11,]   11 0.0781059613  9.5760641  56105.51  1.386495e+03  3.590895e+02
[12,]   12 0.0544229876  8.3030134  55623.99  6.386997e+02  3.221420e+02
[13,]   13 0.0000010000  5.3682628  56469.94 -6.849512e+06  2.125446e+02
[14,]   14 0.0290330653  6.9338409  55252.04 -2.417025e+03  2.275014e+02
[15,]   15 0.0000010000  5.3545911  56467.05 -6.854183e+06  2.111168e+02
[16,]   16 0.0180241301  6.3349907  55159.34 -6.401897e+03  2.166435e+02
[17,]   17 0.0051013794  5.6199951  55169.30 -3.509083e+04  2.883596e+02
[18,]   18 0.0114331247  5.9703206  55137.74 -1.298729e+04  2.602663e+02
[19,]   19 0.0090643515  5.8261930  55132.71 -1.768267e+04  3.009407e+02
[20,]   20 0.0045277097  5.3390664  55112.69 -3.972679e+04  2.795941e+02
[21,]   21 0.0069241331  4.9268886  54918.60 -2.496254e+04  2.961173e+02
[22,]   22 0.0196092960  0.0000010 419010.15  1.122226e+05 -1.546702e+09
[23,]   23 0.0111677090  3.2786936  54395.90 -1.215381e+04  8.149457e+01
[24,]   24 0.0137263873  2.5652503  54305.67 -7.199019e+03  2.191791e+02
[25,]   25 0.0229263437  0.0000010 419378.73  1.100124e+05 -1.546704e+09
[26,]   26 0.0167967098  1.7091438  54090.94 -1.487771e+03  2.304165e+02
[27,]   27 0.0208422682  0.5811095  53892.32  8.476343e+03 -7.628118e+01
[28,]   28 0.0164815666  1.8349006  54111.70 -2.324316e+03  1.207295e+02
[29,]   29 0.0204315459  0.6992006  53894.45  6.685173e+03  9.824062e+01
[30,]   30 0.0207037418  0.6209387  53890.27  7.876226e+03  3.462876e+01
[31,]   31 0.0175571942  0.6013150  53866.67  6.682282e+03  2.021981e+01
[32,]   32 0.0006379616  0.5164865  54252.44 -3.290095e+05  3.149149e+02
[33,]   33 0.0114398692  0.5706444  53837.90  1.240482e+03  1.082705e+02
[34,]   34 0.0083671274  0.5046360  53839.23 -3.891139e+03 -7.226977e+01
[35,]   35 0.0100171333  0.5400813  53834.84 -5.808732e+02  3.574262e+01
[36,]   36 0.0102888083  0.5295916  53834.74  2.814306e+02 -2.513318e+01
[37,]   37 0.0102248154  0.5342719  53834.67  2.164700e+01  3.043445e-01
[38,]   38 0.0102093458  0.5341124  53834.67 -6.129912e+00 -8.501524e-02
[39,]   39 0.0102127572  0.5341474  53834.67  9.264077e-03 -4.903995e-05

