[22;0t]0;IPython: scripts/01_msprime_simulations$par
[1] 0.08640555 0.10086736

$value
[1] -27783.42

$counts
function gradient 
      33       33 

$convergence
[1] 0

$message
[1] "CONVERGENCE: REL_REDUCTION_OF_F <= FACTR*EPSMCH"

$loginfo
      step       par1        par2        fn           gr1           gr2
 [1,]    1 0.10000000  0.01000000  35913.13  1.879672e+04 -6.709869e+05
 [2,]    2 0.00000100 10.00000000  35663.07  2.416060e+03  1.379462e+03
 [3,]    3 0.06668086  3.33861569  29606.08  1.123409e+03  2.121170e+02
 [4,]    4 0.06109670  3.33747249  29599.84  1.021072e+03  2.077800e+02
 [5,]    5 0.03876007  3.33289968  29582.45  3.725482e+02  1.843770e+02
 [6,]    6 0.02365609  3.32876305  29582.47 -6.029079e+02  1.576883e+02
 [7,]    7 0.03097302  3.33076699  29580.64 -3.053521e+01  1.722867e+02
 [8,]    8 0.03068364  3.32969097  29580.47 -5.047284e+01  1.715646e+02
 [9,]    9 0.02952610  3.32538689  29579.84 -1.335606e+02  1.686285e+02
[10,]   10 0.02452942  3.27093306  29573.09 -6.470194e+02  1.482675e+02
[11,]   11 0.02127894  3.11515537  29554.70 -1.371373e+03  1.360324e+02
[12,]   12 0.01951982  1.85165919  29162.75 -2.514478e+03  5.719767e+02
[13,]   13 0.01694182  0.00000100 110879.74  8.238475e+04 -4.050025e+08
[14,]   14 0.01865239  1.22862017  28884.13 -2.546418e+03  2.867044e+02
[15,]   15 0.01814905  0.86709431  28755.21 -2.736290e+03  4.933036e+02
[16,]   16 0.01734442  0.28916752  28367.42 -6.435530e+03  1.387842e+03
[17,]   17 0.03869723  0.00000100 112341.70  5.491092e+04 -4.050448e+08
[18,]   18 0.02449093  0.19238717  28149.02 -5.591317e+03  2.357176e+03
[19,]   19 0.03159408  0.09619409  27863.68 -4.832589e+03  1.279897e+03
[20,]   20 0.09673092  0.00000100 114518.08  2.599139e+04 -4.051098e+08
[21,]   21 0.05333968  0.06408052  27942.76  1.796245e+03 -1.242242e+04
[22,]   22 0.03965734  0.08428640  27832.05 -2.398002e+03 -1.148475e+03
[23,]   23 2.64745943  2.69643217  35027.33  2.055257e+03  1.553952e+02
[24,]   24 0.43889673  0.48419078  29691.52  2.412236e+03  2.280340e+03
[25,]   25 0.08714582  0.13185398  27843.60 -3.491352e+02  3.179453e+03
[26,]   26 0.05953946  0.10420164  27800.19 -1.260625e+03  1.285107e+03
[27,]   27 0.06648702  0.10073707  27789.96 -7.446936e+02  6.010777e+02
[28,]   28 0.07727764  0.09826780  27784.53 -1.947954e+02 -2.014264e+02
[29,]   29 0.08277125  0.10003270  27783.58 -7.617818e+01 -4.603805e+01
[30,]   30 0.08593760  0.10083173  27783.42 -1.142096e+01  7.151448e+00
[31,]   31 0.08637566  0.10087086  27783.42 -8.849984e-01  1.337934e+00
[32,]   32 0.08640555  0.10086736  27783.42  1.414621e-02 -2.250887e-01

