[22;0t]0;IPython: scripts/01_msprime_simulations$par
[1] 0.000001 3.796172

$value
[1] -30393.76

$counts
function gradient 
      11       11 

$convergence
[1] 0

$message
[1] "CONVERGENCE: REL_REDUCTION_OF_F <= FACTR*EPSMCH"

$loginfo
      step       par1      par2       fn       gr1           gr2
 [1,]    1 0.10000000  0.010000 37462.07 18920.368 -6.848612e+05
 [2,]    2 0.00000100 10.000000 36017.58  2416.098  1.349864e+03
 [3,]    3 0.06667068  3.339633 30594.79  2093.762 -2.410681e+02
 [4,]    4 0.05651139  3.340657 30573.35  2077.139 -2.467148e+02
 [5,]    5 0.01587424  3.344756 30490.16  1920.266 -2.778766e+02
 [6,]    6 0.00000100  3.346357 30460.73  2388.334 -3.112137e+02
 [7,]    7 0.00000100  3.347871 30460.26  2388.836 -3.100211e+02
 [8,]    8 0.00000100  3.741394 30394.68  2415.408 -3.377532e+01
 [9,]    9 0.00000100  3.789508 30393.78  2415.586 -4.055264e+00
[10,]   10 0.00000100  3.796073 30393.76  2415.605 -5.978209e-02
[11,]   11 0.00000100  3.796172 30393.76  2415.606 -6.320079e-04

