[22;0t]0;IPython: scripts/01_msprime_simulations$par
[1] 0.0029113349 0.0005119611

$value
[1] -438.763

$counts
function gradient 
      56       56 

$convergence
[1] 52

$message
[1] "ERROR: ABNORMAL_TERMINATION_IN_LNSRCH"

$loginfo
      step        par1         par2         fn           gr1           gr2
 [1,]    1 0.100000000 1.000000e-02   654.0963   1909.143531     3981.4022
 [2,]    2 0.000001000 1.000000e-06   646.8895 101495.595483 -2000754.4882
 [3,]    3 0.097712654 9.771286e-03   648.8227   1899.052099     4048.8693
 [4,]    4 0.048856827 4.886143e-03   538.2700   1479.949089     7497.0330
 [5,]    5 0.017253785 1.726123e-03   462.9860    611.692692    19710.1772
 [6,]    6 0.007442119 7.450450e-04   440.9384     83.279993    13809.0499
 [7,]    7 0.001147567 1.000000e-06   687.6175  10593.689307 -2207440.5330
 [8,]    8 0.005761471 5.463846e-04   439.0012     93.593094      853.3892
 [9,]    9 0.005232291 5.207364e-04   438.9331    103.926995    -1890.1497
[10,]   10 0.004584817 5.159222e-04   438.8703    100.338382    -2089.4754
[11,]   11 0.001994919 4.966652e-04   438.8555   -242.033357    -1240.7386
[12,]   12 0.003931277 5.110628e-04   438.8132     85.037619    -2193.2140
[13,]   13 0.000001000 5.047338e-04   445.0837 -10823.825836     2033.6817
[14,]   14 0.002851022 5.093233e-04   438.7635    -12.741891    -1267.9902
[15,]   15 0.003129671 5.215104e-04   438.7689     13.789237     -228.1442
[16,]   16 0.002911335 5.119611e-04   438.7630     -6.237768    -1043.3641
[17,]   17 0.002999362 5.233397e-04   438.7702     -5.378539      103.9766
[18,]   18 0.002925143 5.137460e-04   438.7633     -6.166682     -858.8746
[19,]   19 0.002913867 5.122884e-04   438.7631     -6.226602    -1009.4072
[20,]   20 0.002911812 5.120228e-04   438.7630     -6.235728    -1036.9599
[21,]   21 0.002911425 5.119728e-04   438.7630     -6.237384    -1042.1507
[22,]   22 0.002911352 5.119633e-04   438.7630     -6.237695    -1043.1340
[23,]   23 0.002911338 5.119616e-04   438.7630     -6.237754    -1043.3205
[24,]   24 0.002911335 5.119612e-04   438.7630     -6.237765    -1043.3558
[25,]   25 0.002911335 5.119611e-04   438.7630     -6.237767    -1043.3626
[26,]   26 0.002911335 5.119611e-04   438.7630     -6.237768    -1043.3638
[27,]   27 0.002911335 5.119611e-04   438.7630     -6.237768    -1043.3641
[28,]   28 0.002911335 5.119611e-04   438.7630     -6.237768    -1043.3641
[29,]   29 0.002911335 5.119611e-04   438.7630     -6.237768    -1043.3641
[30,]   30 0.002911335 5.119611e-04   438.7630     -6.237768    -1043.3641
[31,]   31 0.002911335 5.119611e-04   438.7630     -6.237768    -1043.3641
[32,]   32 0.002911335 5.119611e-04   438.7630     -6.237768    -1043.3641
[33,]   33 0.002911335 5.119611e-04   438.7630     -6.237768    -1043.3641
[34,]   34 0.002911335 5.119611e-04   438.7630     -6.237768    -1043.3641
[35,]   35 0.002911335 5.119611e-04   438.7630     -6.237768    -1043.3641
[36,]   36 6.240679134 1.000000e+01 39017.3636   2266.324317     2321.0802
[37,]   37 0.346045344 5.505748e-01  2457.1116   2398.687694     2439.2458
[38,]   38 0.023402917 3.336111e-02   513.9612   2351.394709     1055.4550
[39,]   39 0.004688997 3.361652e-03   465.6803   1924.835179     3059.9225
[40,]   40 0.002947566 5.700415e-04   438.9264    -49.377513     4398.7366
[41,]   41 0.002914575 5.171551e-04   438.7651    -11.632776     -468.4468
[42,]   42 0.002911864 5.128099e-04   438.7632     -7.141605     -948.0728
[43,]   43 0.002911429 5.121115e-04   438.7631     -6.398517    -1026.4449
[44,]   44 0.002911352 5.119881e-04   438.7630     -6.266666    -1040.3234
[45,]   45 0.002911338 5.119660e-04   438.7630     -6.242973    -1042.8165
[46,]   46 0.002911335 5.119620e-04   438.7630     -6.238706    -1043.2654
[47,]   47 0.002911335 5.119613e-04   438.7630     -6.237937    -1043.3463
[48,]   48 0.002911335 5.119612e-04   438.7630     -6.237798    -1043.3609
[49,]   49 0.002911335 5.119611e-04   438.7630     -6.237773    -1043.3635
[50,]   50 0.002911335 5.119611e-04   438.7630     -6.237769    -1043.3640
[51,]   51 0.002911335 5.119611e-04   438.7630     -6.237768    -1043.3641
[52,]   52 0.002911335 5.119611e-04   438.7630     -6.237768    -1043.3641
[53,]   53 0.002911335 5.119611e-04   438.7630     -6.237768    -1043.3641
[54,]   54 0.002911335 5.119611e-04   438.7630     -6.237768    -1043.3641
[55,]   55 0.002911335 5.119611e-04   438.7630     -6.237768    -1043.3641

