[22;0t]0;IPython: scripts/01_msprime_simulations$par
[1] 0.2784841594 0.0009543617

$value
[1] -758.7937

$counts
function gradient 
      40       40 

$convergence
[1] 0

$message
[1] "CONVERGENCE: REL_REDUCTION_OF_F <= FACTR*EPSMCH"

$loginfo
      step        par1         par2        fn           gr1           gr2
 [1,]    1 0.100000000 0.0100000000  988.7106  1.533167e+03  5.980253e+03
 [2,]    2 0.000001000 0.0000010000 1187.3891  1.159906e+05 -3.984987e+06
 [3,]    3 0.054031134 0.0054035271  887.4680  8.705327e+02  1.529162e+04
 [4,]    4 0.018829160 0.0018836465  783.3442 -6.089507e+01  3.116665e+04
 [5,]    5 0.007444097 0.0007452427  764.6502 -3.017124e+02 -1.192317e+04
 [6,]    6 0.022102585 0.0069661050  860.6010  1.583745e+03  6.816029e+02
 [7,]    7 0.008960502 0.0013887844  771.4103 -3.773781e+02  2.326197e+04
 [8,]    8 0.007753510 0.0008765532  764.0165 -4.051150e+02  1.781367e+03
 [9,]    9 0.013936079 0.0009152798  762.3459 -2.015981e+02  2.137536e+03
[10,]   10 0.019634184 0.0009263802  761.4677 -1.250850e+02  1.625635e+03
[11,]   11 0.028779349 0.0009361919  760.6273 -7.036723e+01  1.086376e+03
[12,]   12 0.040428529 0.0009446410  760.0183 -4.012657e+01  8.471903e+02
[13,]   13 0.055693709 0.0009502662  759.5673 -2.216464e+01  6.616354e+02
[14,]   14 0.064615099 0.0000010000 1310.3850  5.851982e+01 -4.274399e+06
[15,]   15 0.058116571 0.0006924655  763.1614 -7.886925e+00 -3.416416e+04
[16,]   16 0.055782903 0.0009407757  759.5597 -2.177518e+01 -2.412536e+02
[17,]   17 0.074515908 0.0009492408  759.2575 -1.200982e+01  1.156809e+02
[18,]   18 0.097288667 0.0009537703  759.0581 -6.425607e+00  2.824865e+02
[19,]   19 0.123257013 0.0009539886  758.9356 -3.393752e+00  1.513715e+02
[20,]   20 0.152322644 0.0009541846  758.8637 -1.755771e+00  8.399339e+01
[21,]   21 0.183471933 0.0009542707  758.8242 -8.800939e-01  4.381404e+01
[22,]   22 0.212194580 0.0008980539  758.9490 -3.766628e-01 -6.050250e+03
[23,]   23 0.186583289 0.0009481811  758.8209 -8.131822e-01 -5.771230e+02
[24,]   24 0.216403720 0.0009529798  758.8035 -3.977318e-01 -1.154119e+02
[25,]   25 0.244633458 0.0009544663  758.7963 -1.655355e-01  2.111638e+01
[26,]   26 0.264665094 0.0009543957  758.7941 -5.737956e-02  7.039637e+00
[27,]   27 0.275293003 0.0009543650  758.7938 -1.324735e-02  1.017514e+00
[28,]   28 0.278484375 0.0009543683  758.7937 -1.457393e-03  5.638200e-01
[29,]   29 0.276185653 0.0008843848  759.0285  3.541395e-02 -7.740270e+03
[30,]   30 0.278484159 0.0009543617  758.7937 -1.456784e-03 -1.074631e-01
[31,]   31 0.278878579 0.0009543636  758.7937 -4.280480e-05 -9.865348e-03
[32,]   32 0.278539151 0.0009543620  758.7937 -1.259137e-03 -9.388949e-02
[33,]   33 0.278493067 0.0009543617  758.7937 -1.424679e-03 -1.052647e-01
[34,]   34 0.278485638 0.0009543617  758.7937 -1.451417e-03 -1.070980e-01
[35,]   35 0.278484407 0.0009543617  758.7937 -1.455867e-03 -1.074016e-01
[36,]   36 0.278484199 0.0009543617  758.7937 -1.456253e-03 -1.074529e-01
[37,]   37 0.278484167 0.0009543617  758.7937 -1.456819e-03 -1.074611e-01
[38,]   38 0.278484159 0.0009543617  758.7937 -1.456302e-03 -1.074626e-01
[39,]   39 0.278484159 0.0009543617  758.7937 -1.456297e-03 -1.074625e-01
[40,]   40 0.278484159 0.0009543617  758.7937 -1.456302e-03 -1.074626e-01

