[22;0t]0;IPython: scripts/01_msprime_simulations$par
[1] 0.4554393 0.4991478

$value
[1] -58995.58

$counts
function gradient 
      42       42 

$convergence
[1] 0

$message
[1] "CONVERGENCE: REL_REDUCTION_OF_F <= FACTR*EPSMCH"

$loginfo
      step       par1       par2        fn           gr1           gr2
 [1,]    1 0.10000000  0.0100000 121547.68  7.204153e+04 -3.087475e+06
 [2,]    2 0.00000100 10.0000000  66342.74 -6.311031e+06  1.113411e+01
 [3,]    3 2.18300532 10.0000000  67257.03  1.616447e+03 -4.195072e+01
 [4,]    4 0.72766571 10.0000000  64742.01  1.740096e+03  6.177218e+01
 [5,]    5 0.24239460 10.0000000  64042.54  6.994772e+02  1.566574e+02
 [6,]    6 0.24236775  9.9994788  64042.44  6.993960e+02  1.567025e+02
 [7,]    7 0.24226035  9.9973938  64042.04  6.990709e+02  1.569000e+02
 [8,]    8 0.24183074  9.9890539  64040.43  6.977701e+02  1.576940e+02
 [9,]    9 0.24011231  9.9556945  64033.92  6.925714e+02  1.609425e+02
[10,]   10 0.23323859  9.8222568  64006.81  6.729473e+02  1.755333e+02
[11,]   11 0.20574371  9.2885060  63874.47  6.270151e+02  2.569708e+02
[12,]   12 0.09576417  7.1535028  63043.88  4.424735e+00  4.127625e+02
[13,]   13 0.00000100  5.2944780  63637.10 -2.221578e+06 -2.168235e+02
[14,]   14 0.05045587  6.2739448  62754.02 -2.031164e+03  2.973515e+02
[15,]   15 0.03101733  5.8965897  62724.41 -4.745149e+03  1.820599e+02
[16,]   16 0.08256210  6.8686153  62931.33 -3.065188e+02  3.898176e+02
[17,]   17 0.03564038  5.9837707  62721.80 -3.854116e+03  2.119380e+02
[18,]   18 0.03546979  5.9667952  62718.91 -3.889255e+03  2.066017e+02
[19,]   19 0.03478744  5.8988933  62708.30 -4.043567e+03  1.857032e+02
[20,]   20 0.04116587  5.3834913  62609.44 -3.662026e+03  1.382185e+02
[21,]   21 0.07019741  3.6246215  62188.80 -1.106628e+03  2.554870e+02
[22,]   22 0.13002463  0.0000010 431790.32  6.679010e+04 -1.558241e+09
[23,]   23 0.09017855  2.4140676  61789.98 -1.882937e+02  4.191711e+02
[24,]   24 0.11673999  0.8048483  60178.13 -4.180422e+03  2.141624e+03
[25,]   25 0.12559378  0.2684427  59761.83  1.189884e+03 -9.011446e+03
[26,]   26 0.11848104  0.6993669  59934.10 -4.722166e+03  2.322616e+03
[27,]   27 0.12559378  0.2684427  59761.83  1.189884e+03 -9.011446e+03
[28,]   28 0.00000100  5.2879219  63638.54 -2.225375e+06 -2.221262e+02
[29,]   29 0.05724046  3.0002725  62035.68 -2.204236e+03  2.958002e+02
[30,]   30 0.10601013  1.0511291  60674.41 -3.153976e+03  1.578366e+03
[31,]   31 0.11996797  0.4932856  59464.25 -5.084778e+03  1.831511e+03
[32,]   32 0.14653923  0.4680450  59307.90 -3.659260e+03  1.372746e+03
[33,]   33 0.21509821  0.3936104  59151.80 -8.111254e+02 -1.704707e+03
[34,]   34 0.25334033  0.4521647  59071.23 -1.004727e+03  4.500704e+01
[35,]   35 0.30964544  0.4788480  59030.86 -6.398122e+02  3.394430e+02
[36,]   36 0.37182672  0.4933720  59006.68 -3.170406e+02  3.215640e+02
[37,]   37 0.41862159  0.4967518  58997.51 -1.184308e+02  1.366881e+02
[38,]   38 0.44520908  0.4978368  58995.70 -2.640323e+01  1.684246e+01
[39,]   39 0.45418104  0.4990211  58995.58 -3.335684e+00  3.064194e+00
[40,]   40 0.45526010  0.4989190  58995.58  6.953188e-01 -6.066728e+00
[41,]   41 0.45561260  0.4992247  58995.58  1.306731e-01  1.409282e+00
[42,]   42 0.45543932  0.4991478  58995.58  1.823864e-03 -1.383378e-03

