[22;0t]0;IPython: scripts/01_msprime_simulations$par
[1] 0.001456884 0.004080444

$value
[1] -2926.749

$counts
function gradient 
      20       20 

$convergence
[1] 0

$message
[1] "CONVERGENCE: REL_REDUCTION_OF_F <= FACTR*EPSMCH"

$loginfo
      step         par1        par2       fn           gr1           gr2
 [1,]    1 0.1000000000 0.010000000 3033.441  3.122714e+02  1.846029e+04
 [2,]    2 0.0000010000 0.000001000 5842.757  1.228369e+05 -2.129238e+07
 [3,]    3 0.0653730997 0.006537622 2970.038  1.657423e+02  1.129938e+04
 [4,]    4 0.0160160991 0.001282753 3130.086  3.570945e+03 -2.130318e+05
 [5,]    5 0.0499072048 0.004891021 2957.461  1.962225e+02 -1.003425e+03
 [6,]    6 0.0461698014 0.004769388 2956.891  2.164615e+02 -2.310621e+03
 [7,]    7 0.0000010000 0.003800007 2960.318 -2.104312e+05  1.366291e+03
 [8,]    8 0.0227846785 0.004278383 2951.474  5.246657e+02 -6.555783e+03
 [9,]    9 0.0076307139 0.003960204 2939.214  1.709445e+03 -5.747047e+03
[10,]   10 0.0026229188 0.003855058 2928.824  2.354925e+03 -2.690539e+03
[11,]   11 0.0000010000 0.003930625 2960.515 -2.101895e+05  1.383344e+03
[12,]   12 0.0016989136 0.003881689 2927.008  1.126378e+03 -1.223160e+03
[13,]   13 0.0006797252 0.003759861 2928.636 -6.712107e+03  2.904693e+02
[14,]   14 0.0014228582 0.003848691 2926.842  2.328171e+02 -9.042896e+02
[15,]   15 0.0016607213 0.004623223 2927.147  2.479741e+02  1.264638e+03
[16,]   16 0.0014946990 0.004082620 2926.752  1.522760e+02 -4.540466e+01
[17,]   17 0.0014472273 0.004077798 2926.749 -3.752305e+01  4.224484e+00
[18,]   18 0.0014571641 0.004080318 2926.749  1.402509e+00 -9.521855e-01
[19,]   19 0.0014568844 0.004080444 2926.749  3.815867e-02 -1.092241e-01

