[22;0t]0;IPython: scripts/01_msprime_simulations$par
[1] 0.04558843 0.05062546

$value
[1] -19053.6

$counts
function gradient 
      33       33 

$convergence
[1] 0

$message
[1] "CONVERGENCE: REL_REDUCTION_OF_F <= FACTR*EPSMCH"

$loginfo
      step        par1       par2       fn           gr1           gr2
 [1,]    1 0.100000000 0.01000000 21947.41  8.215623e+03 -3.272342e+05
 [2,]    2 0.000010000 1.00000000 20044.54 -9.185334e+05  5.117080e+02
 [3,]    3 0.211054407 1.00000000 20216.02  2.858869e+03 -1.415294e+02
 [4,]    4 0.070343171 1.00000000 19828.41  2.400670e+03  1.921225e+02
 [5,]    5 0.070159645 0.99947461 19827.87  2.400486e+03  1.929916e+02
 [6,]    6 0.069425544 0.99737306 19825.70  2.399708e+03  1.965284e+02
 [7,]    7 0.066489140 0.98896687 19816.95  2.395656e+03  2.105330e+02
 [8,]    8 0.054743525 0.95534210 19781.08  2.347550e+03  2.601232e+02
 [9,]    9 0.007761062 0.82084301 19683.81 -3.716566e+03  4.140128e+02
[10,]   10 0.036058050 0.88701137 19719.63  2.039133e+03  3.078291e+02
[11,]   11 0.014693236 0.83705288 19677.94 -3.663889e+02  3.495471e+02
[12,]   12 0.013598431 0.82865230 19675.55 -6.512723e+02  3.520148e+02
[13,]   13 0.004880835 0.73164514 19664.17 -7.531516e+03  2.823226e+02
[14,]   14 0.009879606 0.78727018 19663.74 -1.832476e+03  4.240623e+02
[15,]   15 0.000010000 0.64627536 19853.05 -5.723164e+05  5.778695e+01
[16,]   16 0.006269387 0.73569545 19656.65 -5.160288e+03  2.950941e+02
[17,]   17 0.007860454 0.72108412 19645.68 -3.453009e+03  2.871661e+02
[18,]   18 0.012835480 0.57021450 19582.38 -7.094484e+02  3.015192e+02
[19,]   19 0.025975538 0.00001000 52798.92  4.978314e+04 -1.198082e+08
[20,]   20 0.017231192 0.37946534 19519.29  1.070556e+03  3.397285e+02
[21,]   21 0.021603365 0.18973767 19407.25  1.253849e+03  1.227543e+03
[22,]   22 0.024513845 0.06343923 19103.12 -2.418735e+03  3.238339e+03
[23,]   23 0.025483941 0.02134254 19459.93  9.411762e+03 -5.348077e+04
[24,]   24 0.024513845 0.06343923 19103.12 -2.418735e+03  3.238339e+03
[25,]   25 0.030015937 0.00001000 52989.27  4.459403e+04 -1.198189e+08
[26,]   26 0.026348433 0.04228973 19069.91 -8.582235e+02 -2.443551e+03
[27,]   27 0.046213577 0.05656406 19060.11 -2.348352e+02  2.046730e+03
[28,]   28 0.044760794 0.05129824 19053.75 -7.921152e+01  3.407165e+02
[29,]   29 0.045127338 0.05034746 19053.61 -2.923703e+00 -9.569127e+01
[30,]   30 0.045393642 0.05060004 19053.60 -7.134709e+00  9.471737e-01
[31,]   31 0.045503363 0.05062200 19053.60 -3.588459e+00  3.779385e+00
[32,]   32 0.045589808 0.05062347 19053.60  1.894416e-01 -1.054898e+00
[33,]   33 0.045588431 0.05062546 19053.60  1.540811e-03 -7.709281e-02

