[22;0t]0;IPython: scripts/01_msprime_simulations$par
[1] 0.0007029938 0.0041428096

$value
[1] -2774.471

$counts
function gradient 
      36       36 

$convergence
[1] 0

$message
[1] "CONVERGENCE: REL_REDUCTION_OF_F <= FACTR*EPSMCH"

$loginfo
      step         par1        par2       fn           gr1           gr2
 [1,]    1 0.1000000000 0.010000000 2885.218  5.400206e+02  1.354282e+04
 [2,]    2 0.0000010000 0.000001000 5631.441  1.210286e+05 -2.050778e+07
 [3,]    3 0.0655507924 0.006555389 2835.161  3.914784e+02  4.342590e+03
 [4,]    4 0.0284671683 0.004062390 2829.509  7.502213e+02 -1.722315e+04
 [5,]    5 0.0278498828 0.004753066 2820.578  6.575512e+02 -8.098782e+03
 [6,]    6 0.0000010000 0.005117452 2819.062 -3.344910e+05  1.838990e+03
 [7,]    7 0.0277864634 0.004753896 2820.530  6.587628e+02 -8.082464e+03
 [8,]    8 0.0138937317 0.004935674 2807.110  1.288302e+03 -3.859874e+03
 [9,]    9 0.0046652008 0.005056424 2788.404  3.055333e+03 -3.684231e+02
[10,]   10 0.0016268912 0.005096178 2777.607  3.645460e+03  1.111788e+03
[11,]   11 0.0000010000 0.004996463 2818.813 -3.349576e+05  2.196387e+03
[12,]   12 0.0010832052 0.005062834 2775.847  2.292500e+03  1.510689e+03
[13,]   13 0.0000010000 0.004123862 2817.826 -3.429600e+05 -9.008241e+02
[14,]   14 0.0007533544 0.004776640 2774.983 -2.070213e+02  1.483309e+03
[15,]   15 0.0006190795 0.004024071 2774.534 -1.386824e+03 -2.460412e+02
[16,]   16 0.0007631142 0.004140557 2774.502  8.421223e+02 -1.235635e+02
[17,]   17 0.0007131856 0.004176374 2774.474  7.640095e+01  7.008799e+01
[18,]   18 0.0007029938 0.004142810 2774.471 -2.883542e+01 -1.751551e+01
[19,]   19 0.0007055800 0.004149768 2774.472  8.605481e-01 -4.053748e-02
[20,]   20 0.0007033240 0.004143698 2774.471 -2.502564e+01 -1.528182e+01
[21,]   21 0.0007030422 0.004142940 2774.471 -2.827680e+01 -1.718815e+01
[22,]   22 0.0007030010 0.004142829 2774.471 -2.875196e+01 -1.746661e+01
[23,]   23 0.0007029948 0.004142813 2774.471 -2.882291e+01 -1.750819e+01
[24,]   24 0.0007029939 0.004142810 2774.471 -2.883354e+01 -1.751442e+01
[25,]   25 0.0007029938 0.004142810 2774.471 -2.883514e+01 -1.751535e+01
[26,]   26 0.0007029938 0.004142810 2774.471 -2.883537e+01 -1.751549e+01
[27,]   27 0.0007029938 0.004142810 2774.471 -2.883541e+01 -1.751551e+01
[28,]   28 0.0007029938 0.004142810 2774.471 -2.883539e+01 -1.751550e+01
[29,]   29 0.0007029938 0.004142810 2774.471 -2.883541e+01 -1.751551e+01
[30,]   30 0.0007029938 0.004142810 2774.471 -2.883541e+01 -1.751551e+01
[31,]   31 0.0007029938 0.004142810 2774.471 -2.883541e+01 -1.751551e+01
[32,]   32 0.0007029938 0.004142810 2774.471 -2.883541e+01 -1.751551e+01
[33,]   33 0.0007029938 0.004142810 2774.471 -2.883541e+01 -1.751551e+01
[34,]   34 0.0007029938 0.004142810 2774.471 -2.883541e+01 -1.751551e+01
[35,]   35 0.0007029938 0.004142810 2774.471 -2.883541e+01 -1.751551e+01

