[22;0t]0;IPython: scripts/01_msprime_simulations$par
[1] 0.054893300 0.009850994

$value
[1] -5460.476

$counts
function gradient 
      19       19 

$convergence
[1] 0

$message
[1] "CONVERGENCE: REL_REDUCTION_OF_F <= FACTR*EPSMCH"

$loginfo
      step       par1         par2        fn           gr1           gr2
 [1,]    1 0.10000000  0.010000000  5463.451  1.029379e+02 -1421.9432509
 [2,]    2 0.00000100 10.000000000 25611.723  2.416088e+03  2218.6390819
 [3,]    3 0.08840198  1.168653927  6633.176  2.411313e+03  1665.4351037
 [4,]    4 0.09777947  0.231833531  5835.278  2.311463e+03  -899.0729908
 [5,]    5 0.09980351  0.029629906  5740.358  8.133317e+02 13573.3773103
 [6,]    6 0.09999550  0.010449843  5463.417  8.840262e+01  1204.4919167
 [7,]    7 0.09998128  0.010243616  5463.285  9.470921e+01    44.7593018
 [8,]    8 0.09996367  0.010234400  5463.283  9.498956e+01    -8.2096116
 [9,]    9 0.09983058  0.010203547  5463.273  9.587273e+01  -184.1564157
[10,]   10 0.09947784  0.010161548  5463.251  9.695215e+01  -420.4455883
[11,]   11 0.09838506  0.010086557  5463.191  9.856141e+01  -832.9094935
[12,]   12 0.09546249  0.009965460  5463.040  1.003521e+02 -1470.7610645
[13,]   13 0.08766114  0.009762980  5462.650  1.006730e+02 -2434.3437837
[14,]   14 0.06866630  0.009453123  5461.777  8.441588e+01 -3419.4798672
[15,]   15 0.04456209  0.009298775  5461.240 -2.749474e+01 -2297.4612817
[16,]   16 0.05796217  0.009728591  5460.572  2.565746e+01  -921.6018631
[17,]   17 0.05584081  0.009848562  5460.479  5.694881e+00   -81.7792888
[18,]   18 0.05487941  0.009851776  5460.476 -1.365465e-01     5.6402292
[19,]   19 0.05489330  0.009850994  5460.476  3.423388e-03     0.3000733

