[22;0t]0;IPython: scripts/01_msprime_simulations$par
[1] 0.0015675998 0.0008048677

$value
[1] -612.9484

$counts
function gradient 
      35       35 

$convergence
[1] 0

$message
[1] "CONVERGENCE: REL_REDUCTION_OF_F <= FACTR*EPSMCH"

$loginfo
      step         par1         par2       fn           gr1           gr2
 [1,]    1 0.1000000000 0.0100000000 821.6543  1.723848e+03  5.523889e+03
 [2,]    2 0.0000010000 0.0000010000 951.2102  1.053276e+05 -3.108114e+06
 [3,]    3 0.0510425384 0.0051046945 708.7654  1.248106e+03  1.153149e+04
 [4,]    4 0.0179465269 0.0017953912 628.7291  5.095623e+02  1.620089e+04
 [5,]    5 0.0061024791 0.0006110930 617.0224  4.673617e+02 -2.257074e+04
 [6,]    6 0.0130522595 0.0062811512 660.8813  1.916377e+03  1.703485e+03
 [7,]    7 0.0075533822 0.0017948290 623.2535  5.422422e+02  1.233564e+04
 [8,]    8 0.0065180856 0.0009501703 614.7792  2.863839e+02  2.097895e+03
 [9,]    9 0.0007882008 0.0008744728 613.7344 -2.175246e+03  3.314588e+03
[10,]   10 0.0057821582 0.0009404480 614.5449  2.936465e+02  1.906593e+03
[11,]   11 0.0032851795 0.0009074604 613.6334  3.980295e+02  1.986803e+03
[12,]   12 0.0017443600 0.0008871046 613.0868  4.928769e+01  2.602258e+03
[13,]   13 0.0000010000 0.0008065901 625.8925 -8.078740e+04  8.114303e+02
[14,]   14 0.0012184270 0.0008628152 613.1439 -6.480226e+02  2.554035e+03
[15,]   15 0.0015621015 0.0008786873 613.0681 -1.179840e+02  2.558139e+03
[16,]   16 0.0015861206 0.0007869606 612.9503  5.602522e+01 -8.049256e+02
[17,]   17 0.0015649127 0.0008082175 612.9497 -9.349234e+00  1.411243e+02
[18,]   18 0.0015676443 0.0008050257 612.9485 -2.648368e-01  6.320143e+00
[19,]   19 0.0015675998 0.0008048677 612.9484 -8.934906e-03 -5.405427e-02
[20,]   20 0.0015676121 0.0008048696 612.9484  8.009209e-04 -7.737742e-04
[21,]   21 0.0015675998 0.0008048677 612.9484 -8.934380e-03 -5.405126e-02
[22,]   22 0.0015675998 0.0008048677 612.9484 -8.934898e-03 -5.405427e-02
[23,]   23 0.0015675998 0.0008048677 612.9484 -8.934906e-03 -5.405427e-02
[24,]   24 0.0015675998 0.0008048677 612.9484 -8.934904e-03 -5.405427e-02
[25,]   25 0.0015675998 0.0008048677 612.9484 -8.934905e-03 -5.405427e-02
[26,]   26 0.0015675998 0.0008048677 612.9484 -8.934904e-03 -5.405427e-02
[27,]   27 0.0015675998 0.0008048677 612.9484 -8.934907e-03 -5.405427e-02
[28,]   28 0.0015675998 0.0008048677 612.9484 -8.934904e-03 -5.405427e-02
[29,]   29 0.0015675998 0.0008048677 612.9484 -8.934907e-03 -5.405427e-02

