[22;0t]0;IPython: scripts/01_msprime_simulations$par
[1] 0.01196946 0.11635413

$value
[1] -28103.86

$counts
function gradient 
      30       30 

$convergence
[1] 0

$message
[1] "CONVERGENCE: REL_REDUCTION_OF_F <= FACTR*EPSMCH"

$loginfo
      step        par1       par2        fn           gr1           gr2
 [1,]    1 0.100000000  0.0100000  38353.69  2.176294e+04 -7.459559e+05
 [2,]    2 0.000001000 10.0000000  36629.91  2.256461e+03  1.298740e+03
 [3,]    3 0.066673080  3.3393926  29970.51  1.519352e+03  6.928450e+02
 [4,]    4 0.059850802  3.3361860  29958.52  1.339048e+03  6.934412e+02
 [5,]    5 0.032561691  3.3233595  29928.59 -5.914176e+01  6.951949e+02
 [6,]    6 0.026765384  3.3145595  29924.53 -6.893119e+02  6.954436e+02
 [7,]    7 0.023383944  3.2885290  29909.56 -1.194202e+03  6.966626e+02
 [8,]    8 0.000001000  2.8780132  30284.57 -2.698803e+06  5.522732e+02
 [9,]    9 0.013261866  3.1108237  29808.54 -4.297490e+03  7.200899e+02
[10,]   10 0.000001000  2.4527346  30056.44 -3.112317e+06  5.073910e+02
[11,]   11 0.006801197  2.7902039  29627.01 -1.067974e+04  6.951313e+02
[12,]   12 0.000001000  0.2898138  29149.25 -4.157638e+06  6.543893e+02
[13,]   13 0.006401029  2.6430646  29531.41 -1.154141e+04  6.519905e+02
[14,]   14 0.003201014  1.4664392  28947.01 -2.979750e+04  4.657401e+02
[15,]   15 0.021568219  0.0000010 120511.26  7.248548e+04 -4.396362e+08
[16,]   16 0.009383422  0.9728356  28588.74 -7.920484e+03  4.076427e+02
[17,]   17 0.012390141  0.0000010 119782.64  8.724342e+04 -4.396145e+08
[18,]   18 0.010388896  0.6475107  28445.28 -5.755770e+03  4.895779e+02
[19,]   19 0.011389519  0.3237558  28251.68 -3.240908e+03  6.722251e+02
[20,]   20 0.012056170  0.1080583  28105.44  7.012289e+02 -4.028862e+02
[21,]   21 0.011807820  0.1884128  28143.98 -1.978810e+03  7.753922e+02
[22,]   22 0.012056170  0.1080583  28105.44  7.012289e+02 -4.028862e+02
[23,]   23 0.011734289  0.5367980  28377.21 -3.748547e+03  5.841478e+02
[24,]   24 0.012022936  0.1523252  28117.45 -1.162812e+03  6.141911e+02
[25,]   25 0.012048669  0.1180496  28103.91 -3.079955e+01  5.639330e+01
[26,]   26 0.012033025  0.1167974  28103.87  3.071857e+01  1.260096e+01
[27,]   27 0.012014532  0.1164001  28103.87  3.863432e+01 -1.111393e+00
[28,]   28 0.011907090  0.1163182  28103.87 -5.582876e+01  2.587673e+00
[29,]   29 0.011969562  0.1163658  28103.86 -6.414474e-01  4.312775e-01
[30,]   30 0.011969460  0.1163541  28103.86  3.814457e-03 -4.109152e-03

