[22;0t]0;IPython: scripts/01_msprime_simulations$par
[1] 0.009551997 0.009875646

$value
[1] -5314.4

$counts
function gradient 
      27       27 

$convergence
[1] 0

$message
[1] "CONVERGENCE: REL_REDUCTION_OF_F <= FACTR*EPSMCH"

$loginfo
      step        par1         par2        fn           gr1           gr2
 [1,]    1 0.100000000  0.010000000  5356.910  3.609456e+02 -6811.9006260
 [2,]    2 0.000001000 10.000000000 25596.253  2.416099e+03  2219.9306257
 [3,]    3 0.076407990  2.366865370  8865.566  2.413580e+03  2071.3763978
 [4,]    4 0.093818358  0.627552164  5839.842  2.360794e+03  1027.5050202
 [5,]    5 0.098210232  0.188799627  5699.373  2.750141e+03  -410.3324488
 [6,]    6 0.099626956  0.047267474  5664.959  1.850331e+03  4744.7033842
 [7,]    7 0.099958444  0.014151492  5364.020  3.327575e+02  7439.9904909
 [8,]    8 0.099985669  0.011431635  5352.460  3.339429e+02   112.6490682
 [9,]    9 0.099916760  0.011408768  5352.435  3.342975e+02    24.1625912
[10,]   10 0.099641121  0.011317298  5352.357  3.357762e+02  -335.4728108
[11,]   11 0.098382375  0.011139574  5352.054  3.398842e+02 -1050.1966643
[12,]   12 0.093594723  0.010774607  5351.054  3.534017e+02 -2581.6849502
[13,]   13 0.079863009  0.010163860  5348.299  3.978196e+02 -5253.1819289
[14,]   14 0.020928969  0.008340122  5328.127  9.767057e+02 -9767.8044667
[15,]   15 0.000001000  0.007692498  5439.825 -5.604528e+05  1753.6077192
[16,]   16 0.013435906  0.008108247  5322.575  1.020104e+03 -8272.4383633
[17,]   17 0.004626471  0.007835635  5320.329 -1.159610e+03 -3797.0493453
[18,]   18 0.010138184  0.008006197  5320.246  8.235670e+02 -7060.9643012
[19,]   19 0.000001000  0.007989186  5440.134 -5.622725e+05    85.6844509
[20,]   20 0.006671847  0.008000380  5318.593 -1.093594e+01 -4764.6813780
[21,]   21 0.011542995  0.009742049  5314.783  3.096043e+02  -762.8295529
[22,]   22 0.010417434  0.009787342  5314.489  1.600153e+02  -395.9546694
[23,]   23 0.009215623  0.009837123  5314.409 -5.671094e+01   -17.5632817
[24,]   24 0.009584226  0.009870433  5314.400  6.944955e+00   -18.7279883
[25,]   25 0.009553885  0.009874501  5314.400  5.618005e-01    -3.1552637
[26,]   26 0.009551997  0.009875646  5314.400 -2.018332e-02    -0.1501899

