[22;0t]0;IPython: scripts/01_msprime_simulations$par
[1] 0.001328446 0.765268753

$value
[1] -51415.47

$counts
function gradient 
      43       43 

$convergence
[1] 0

$message
[1] "CONVERGENCE: REL_REDUCTION_OF_F <= FACTR*EPSMCH"

$loginfo
      step         par1       par2        fn           gr1           gr2
 [1,]    1 0.1000000000  0.0100000 120795.21  6.671429e+04 -3.090025e+06
 [2,]    2 0.0000010000 10.0000000  53774.11 -1.391481e+06  5.515238e+02
 [3,]    3 3.1267665828 10.0000000  62456.34  2.067240e+03  3.193210e+02
 [4,]    4 1.0388829031 10.0000000  57225.85  3.095137e+03  2.984625e+02
 [5,]    5 0.3450316841 10.0000000  54830.77  3.888399e+03  4.010926e+02
 [6,]    6 0.1146669448 10.0000000  53899.94  4.135440e+03  4.957526e+02
 [7,]    7 0.0382194975 10.0000000  53595.14  3.593846e+03  5.176156e+02
 [8,]    8 0.0381210024  9.9983313  53593.92  3.591375e+03  5.175474e+02
 [9,]    9 0.0377270221  9.9916566  53589.06  3.581280e+03  5.172565e+02
[10,]   10 0.0361511009  9.9649576  53569.65  3.537507e+03  5.159631e+02
[11,]   11 0.0298474158  9.8581615  53493.25  3.300821e+03  5.105464e+02
[12,]   12 0.0046326754  9.4309774  53214.35 -2.966653e+03  5.508813e+02
[13,]   13 0.0000010000  9.3497005  53415.60 -1.360178e+06  5.937504e+02
[14,]   14 0.0029893151  9.4021396  53206.28 -7.084455e+03  5.478386e+02
[15,]   15 0.0019981638  9.3775670  53202.31 -1.277944e+04  5.454591e+02
[16,]   16 0.0018777249  9.3560935  53192.23 -1.382807e+04  5.416044e+02
[17,]   17 0.0013959694  9.2701995  53154.34 -1.989700e+04  5.269260e+02
[18,]   18 0.0000010000  7.4069687  52678.44 -1.641782e+06  1.965691e+02
[19,]   19 0.0009335524  8.6525591  52866.63 -3.139660e+04  4.067902e+02
[20,]   20 0.0035883917  6.4278984  52188.97 -5.641532e+03  1.481122e+02
[21,]   21 0.0045463368  5.1915937  52004.84 -2.115201e+03  2.174773e+02
[22,]   22 0.0083781168  0.2463749  52559.31  4.866111e+04 -1.219909e+04
[23,]   23 0.0064394613  2.7483649  51899.00  5.119434e+03  5.368220e+01
[24,]   24 0.0071867456  0.8963254  51524.85  2.077892e+04  2.099541e+01
[25,]   25 0.0058393907  0.0000010 419247.49  1.215341e+05 -1.553575e+09
[26,]   26 0.0067377031  0.5976010  51545.77  2.796199e+04 -4.945557e+02
[27,]   27 0.0070287770  0.7912372  51522.71  2.280431e+04  4.256177e+00
[28,]   28 0.0012284821  0.0000010 418680.94  1.241703e+05 -1.553575e+09
[29,]   29 0.0050953878  0.5274976  51546.87  2.996785e+04 -4.903095e+02
[30,]   30 0.0064985192  0.7189031  51526.46  2.439809e+04 -1.123269e+02
[31,]   31 0.0069324594  0.7780982  51520.85  2.341509e+04 -7.417012e+01
[32,]   32 0.0000010000  0.7093157  51680.46 -1.853410e+06 -2.883629e+02
[33,]   33 0.0037988790  0.7470029  51455.78  2.128396e+04 -4.097711e+02
[34,]   34 0.0000010000  0.7717939  51686.88 -1.952582e+06  1.518827e+02
[35,]   35 0.0023110100  0.7567151  51424.94  1.453074e+04 -2.192506e+02
[36,]   36 0.0000010000  0.7637281  51686.12 -1.955104e+06  5.425823e+01
[37,]   37 0.0015247145  0.7591022  51416.39  4.612307e+03 -1.422312e+02
[38,]   38 0.0012387910  0.7737770  51416.37 -2.936196e+03  1.849998e+02
[39,]   39 0.0013848004  0.7662832  51415.52  1.327341e+03  1.822313e+01
[40,]   40 0.0012386825  0.7636336  51415.60 -2.448988e+03 -3.242821e+01
[41,]   41 0.0013281720  0.7652564  51415.47 -3.006779e+01 -1.187056e+00
[42,]   42 0.0013294781  0.7653155  51415.47  1.153109e+00  2.193410e-02
[43,]   43 0.0013284455  0.7652688  51415.47 -2.352385e+01 -9.338447e-01

