[22;0t]0;IPython: scripts/01_msprime_simulations$par
[1] 0.000001000 0.009440456

$value
[1] -230.0278

$counts
function gradient 
      18       18 

$convergence
[1] 0

$message
[1] "CONVERGENCE: REL_REDUCTION_OF_F <= FACTR*EPSMCH"

$loginfo
      step  par1         par2         fn       gr1           gr2
 [1,]    1 1e-01  0.010000000   447.8564  2121.848  3.015610e+03
 [2,]    2 1e-06  0.000001000   298.8341 78415.191 -7.548572e+05
 [3,]    3 1e-06 10.000000000 24371.5803  2416.088  2.322177e+03
 [4,]    4 1e-06  3.317290778  8379.1356  2415.995  2.462655e+03
 [5,]    5 1e-06  1.100461579  2876.5178  2415.584  2.496612e+03
 [6,]    6 1e-06  0.365160198  1045.2708  2414.172  2.468810e+03
 [7,]    7 1e-06  0.121262653   452.9091  2409.816  2.341963e+03
 [8,]    8 1e-06  0.040348369   273.7345  2396.592  1.946834e+03
 [9,]    9 1e-06  0.013469490   231.7407  2350.111  7.604121e+02
[10,]   10 1e-06  0.013455936   231.7304  2350.025  7.586175e+02
[11,]   11 1e-06  0.013401720   231.6894  2349.678  7.514029e+02
[12,]   12 1e-06  0.013184857   231.5297  2348.248  7.219511e+02
[13,]   13 1e-06  0.012317404   230.9577  2341.722  5.937709e+02
[14,]   14 1e-06  0.008212326   230.2503  2232.762 -3.801756e+02
[15,]   15 1e-06  0.009814725   230.0462  2307.922  9.694737e+01
[16,]   16 1e-06  0.009489131   230.0281  2299.666  1.304321e+01
[17,]   17 1e-06  0.009438516   230.0278  2298.213 -5.199421e-01
[18,]   18 1e-06  0.009440456   230.0278  2298.269  2.680998e-03

