[22;0t]0;IPython: scripts/01_msprime_simulations$par
[1] 0.01127417 0.59109920

$value
[1] -53405.71

$counts
function gradient 
      37       37 

$convergence
[1] 0

$message
[1] "CONVERGENCE: REL_REDUCTION_OF_F <= FACTR*EPSMCH"

$loginfo
      step        par1       par2        fn           gr1           gr2
 [1,]    1 0.100000000  0.0100000 121023.98  6.840083e+04 -3.098647e+06
 [2,]    2 0.000001000 10.0000000  57511.32 -5.728530e+06  3.803281e+02
 [3,]    3 2.352205381 10.0000000  62352.20  2.248056e+03  2.109617e+02
 [4,]    4 0.783659862 10.0000000  58235.35  3.066455e+03  2.983899e+02
 [5,]    5 0.261206278 10.0000000  56587.54  3.080831e+03  3.673151e+02
 [6,]    6 0.087069743 10.0000000  56121.27  1.717621e+03  3.899523e+02
 [7,]    7 0.087043646  9.9987461  56120.74  1.716973e+03  3.898670e+02
 [8,]    8 0.086939260  9.9937304  56118.60  1.714377e+03  3.895104e+02
 [9,]    9 0.086521717  9.9736678  56110.09  1.703938e+03  3.880762e+02
[10,]   10 0.084851545  9.8934174  56076.37  1.661499e+03  3.822507e+02
[11,]   11 0.078170856  9.5724158  55947.08  1.475681e+03  3.577913e+02
[12,]   12 0.051448099  8.2884093  55497.90  4.382377e+02  3.174625e+02
[13,]   13 0.000001000  5.8061135  56162.57 -6.345638e+06  2.820642e+02
[14,]   14 0.027277978  7.1222136  55107.97 -2.802253e+03  3.699767e+02
[15,]   15 0.009275173  6.2535875  54914.97 -1.655819e+04  3.672194e+02
[16,]   16 0.005865372  6.0719893  54922.57 -2.818814e+04  3.536775e+02
[17,]   17 0.008193960  6.1960046  54913.15 -1.921891e+04  3.651295e+02
[18,]   18 0.008136032  6.1522896  54898.40 -1.932666e+04  3.607950e+02
[19,]   19 0.007904317  5.9774296  54841.95 -1.982640e+04  3.332736e+02
[20,]   20 0.006977461  5.2779895  54661.23 -2.370047e+04  3.157527e+02
[21,]   21 0.014707812  0.0000010 421347.36  1.145447e+05 -1.557501e+09
[22,]   22 0.009563830  3.5121158  54112.85 -1.359942e+04  1.603845e+02
[23,]   23 0.013223147  1.7007484  53635.27 -4.912192e+03  1.612941e+02
[24,]   24 0.016658990  0.0000010 421569.47  1.131192e+05 -1.557502e+09
[25,]   25 0.014368948  1.1335752  53546.96 -1.567672e+03  1.959987e+02
[26,]   26 0.015895324  0.3780167  53547.76  1.248893e+04 -1.968560e+03
[27,]   27 0.015244016  0.7004150  53428.09  3.383060e+03  2.663201e+02
[28,]   28 0.015531027  0.5583445  53421.99  5.731398e+03 -1.510986e+02
[29,]   29 0.013835358  1.9957655  53691.70 -4.764715e+03  2.410291e+02
[30,]   30 0.015297350  0.7564327  53445.85  2.788340e+03  3.545926e+02
[31,]   31 0.015471054  0.6091833  53416.97  4.824976e+03 -1.529789e+01
[32,]   32 0.013666513  0.6049964  53409.75  3.125338e+03  1.676871e+00
[33,]   33 0.010132023  0.5837573  53406.88 -2.111727e+03 -3.790318e+00
[34,]   34 0.011563008  0.5929428  53405.78  4.571462e+02  8.438251e-01
[35,]   35 0.011308301  0.5913008  53405.71  5.571714e+01  5.697475e-02
[36,]   36 0.011273122  0.5910932  53405.71 -1.775192e+00  9.109717e-03
[37,]   37 0.011274171  0.5910992  53405.71 -5.218306e-02  9.888026e-03

