[22;0t]0;IPython: scripts/01_msprime_simulations$par
[1] 0.0007826835 8.6769995987

$value
[1] -62550.88

$counts
function gradient 
      45       45 

$convergence
[1] 0

$message
[1] "CONVERGENCE: REL_REDUCTION_OF_F <= FACTR*EPSMCH"

$loginfo
      step         par1      par2        fn           gr1           gr2
 [1,]    1 0.1000000000  0.010000 211316.45  1.024102e+05 -5.844187e+06
 [2,]    2 0.0000010000 10.000000  63124.84 -3.589668e+05  7.330100e+02
 [3,]    3 0.6064444596 10.000000  67778.32  5.873591e+03  1.429752e+02
 [4,]    4 0.1954191095 10.000000  64830.45  8.551860e+03  5.283694e+02
 [5,]    5 0.0628458684 10.000000  63642.59  9.313047e+03  6.614389e+02
 [6,]    6 0.0202854301 10.000000  63243.64  9.331988e+03  7.079974e+02
 [7,]    7 0.0066330890 10.000000  63119.49  8.546730e+03  7.208418e+02
 [8,]    8 0.0064788154  9.998768  63117.29  8.518839e+03  7.205244e+02
 [9,]    9 0.0058617207  9.993842  63108.52  8.391820e+03  7.191566e+02
[10,]   10 0.0033933422  9.974136  63074.68  7.420541e+03  7.138002e+02
[11,]   11 0.0000010000  9.947053  63086.72 -3.589573e+05  7.067050e+02
[12,]   12 0.0016176628  9.959960  63053.06  4.962483e+03  7.107894e+02
[13,]   13 0.0000010000  9.948483  63087.74 -3.589575e+05  7.074108e+02
[14,]   14 0.0009919491  9.955518  63047.58  1.935546e+03  7.099082e+02
[15,]   15 0.0000010000  9.946970  63086.67 -3.589573e+05  7.066638e+02
[16,]   16 0.0006697685  9.952739  63045.50 -1.933240e+03  7.090429e+02
[17,]   17 0.0003228404  9.946632  63043.50 -1.543391e+04  7.063782e+02
[18,]   18 0.0004009799  9.941339  63038.83 -1.020741e+04  7.037174e+02
[19,]   19 0.0007135378  9.920168  63022.61 -1.156420e+03  6.931005e+02
[20,]   20 0.0018400749  9.716072  62894.67  5.608228e+03  5.996846e+02
[21,]   21 0.0062824325  8.795195  62595.37  8.864545e+03  8.750750e+01
[22,]   22 0.0055172804  8.709881  62583.64  8.569747e+03  3.096123e+01
[23,]   23 0.0000010000  8.610606  62597.73 -3.588979e+05 -4.815882e+01
[24,]   24 0.0026262038  8.657851  62560.03  7.007395e+03 -9.914276e+00
[25,]   25 0.0000010000  8.658180  62596.25 -3.588619e+05 -1.397105e+01
[26,]   26 0.0015713275  8.657983  62553.48  5.060011e+03 -1.213957e+01
[27,]   27 0.0000010000  8.674346  62596.12 -3.588536e+05 -2.456201e+00
[28,]   28 0.0010339756  8.663583  62551.29  2.467489e+03 -9.121087e+00
[29,]   29 0.0005165026  8.675317  62551.47 -5.384392e+03 -1.434891e+00
[30,]   30 0.0007850883  8.669226  62550.90  1.965870e+01 -5.466611e+00
[31,]   31 0.0007785284  8.674614  62550.88 -6.086935e+01 -1.675914e+00
[32,]   32 0.0007849731  8.677027  62550.88  2.677591e+01  3.120291e-02
[33,]   33 0.0007826835  8.677000  62550.88 -3.308094e+00  9.298456e-03
[34,]   34 0.0007829369  8.676986  62550.88  1.286375e-02 -3.268360e-04
[35,]   35 0.0007826863  8.676999  62550.88 -3.270356e+00  9.200594e-03
[36,]   36 0.0007826835  8.677000  62550.88 -3.307651e+00  9.305186e-03
[37,]   37 0.0007826835  8.677000  62550.88 -3.308087e+00  9.299110e-03
[38,]   38 0.0007826835  8.677000  62550.88 -3.308094e+00  9.298419e-03
[39,]   39 0.0007826835  8.677000  62550.88 -3.308094e+00  9.299765e-03
[40,]   40 0.0007826835  8.677000  62550.88 -3.308094e+00  9.298237e-03
[41,]   41 0.0007826835  8.677000  62550.88 -3.308094e+00  9.298419e-03
[42,]   42 0.0007826835  8.677000  62550.88 -3.308094e+00  9.298419e-03

