[22;0t]0;IPython: scripts/01_msprime_simulations$par
[1] 0.1938796657 0.0009547902

$value
[1] -758.1365

$counts
function gradient 
      91       91 

$convergence
[1] 0

$message
[1] "CONVERGENCE: REL_REDUCTION_OF_F <= FACTR*EPSMCH"

$loginfo
      step        par1         par2        fn           gr1           gr2
 [1,]    1 0.100000000 0.0100000000  980.4038  1.539616e+03  6.863750e+03
 [2,]    2 0.000001000 0.0000010000 1187.3873  1.135564e+05 -3.985016e+06
 [3,]    3 0.054025383 0.0054029521  874.3615  9.581838e+02  1.486712e+04
 [4,]    4 0.018854933 0.0018862236  779.3178  6.428505e+00  2.768138e+04
 [5,]    5 0.007449961 0.0007458290  762.2688 -1.275684e+02 -1.382088e+04
 [6,]    6 0.020326172 0.0064621615  842.6019  1.637850e+03  2.731031e+03
 [7,]    7 0.009033694 0.0014489200  769.0274 -1.706567e+02  2.129128e+04
 [8,]    8 0.007798598 0.0009006050  761.4438 -2.396955e+02  1.558464e+03
 [9,]    9 0.011386286 0.0009165115  760.7591 -1.652407e+02  1.290130e+03
[10,]   10 0.019168342 0.0009429738  759.8579 -9.029546e+01  1.610842e+03
[11,]   11 0.027951259 0.0009486483  759.2627 -5.216817e+01  9.982328e+02
[12,]   12 0.039915294 0.0009545770  758.8097 -2.790514e+01  7.470901e+02
[13,]   13 0.053510040 0.0009562534  758.5309 -1.496550e+01  4.959360e+02
[14,]   14 0.058119651 0.0003869850  785.3860  2.151944e+01 -1.441624e+05
[15,]   15 0.053700268 0.0009327610  758.5330 -1.434187e+01 -1.709618e+03
[16,]   16 0.053603524 0.0009447085  758.5255 -1.467028e+01 -5.714954e+02
[17,]   17 0.069271776 0.0009539381  758.3565 -7.868547e+00  7.651860e+01
[18,]   18 0.087113471 0.0009558295  758.2547 -4.107645e+00  1.594593e+02
[19,]   19 0.106536305 0.0009550862  758.1960 -2.135213e+00  4.797923e+01
[20,]   20 0.127578947 0.0009550649  758.1634 -1.085243e+00  3.040327e+01
[21,]   21 0.149326539 0.0009549097  758.1465 -5.245736e-01  1.027944e+01
[22,]   22 0.178027088 0.0011875553  760.5182  6.111725e-01  1.847195e+04
[23,]   23 0.149390893 0.0009554313  758.1466 -5.234248e-01  6.208794e+01
[24,]   24 0.149328127 0.0009549225  758.1465 -5.245454e-01  1.155858e+01
[25,]   25 0.149326579 0.0009549100  758.1465 -5.245729e-01  1.031174e+01
[26,]   26 0.149326540 0.0009549097  758.1465 -5.245737e-01  1.028026e+01
[27,]   27 0.149326539 0.0009549097  758.1465 -5.245737e-01  1.027946e+01
[28,]   28 0.149326539 0.0009549097  758.1465 -5.245737e-01  1.027944e+01
[29,]   29 0.149326539 0.0009549097  758.1465 -5.245737e-01  1.027944e+01
[30,]   30 0.149326539 0.0009549097  758.1465 -5.245736e-01  1.027944e+01
[31,]   31 0.149326539 0.0009549097  758.1465 -5.245737e-01  1.027944e+01
[32,]   32 0.149326539 0.0009549097  758.1465 -5.245737e-01  1.027944e+01
[33,]   33 0.149326539 0.0009549097  758.1465 -5.245737e-01  1.027944e+01
[34,]   34 0.149326539 0.0009549097  758.1465 -5.245736e-01  1.027944e+01
[35,]   35 0.149326539 0.0009549097  758.1465 -5.245737e-01  1.027944e+01
[36,]   36 0.149326539 0.0009549097  758.1465 -5.245737e-01  1.027944e+01
[37,]   37 0.673900181 0.0000010000 1314.2716  1.254150e+00 -4.283245e+06
[38,]   38 0.291552082 0.0006962800  762.2322  6.914523e-01 -3.671958e+04
[39,]   39 0.150952462 0.0009519530  758.1449 -4.941803e-01 -2.848749e+02
[40,]   40 0.152385008 0.0009522319  758.1443 -4.689361e-01 -2.572152e+02
[41,]   41 0.158115195 0.0009533475  758.1421 -3.764913e-01 -1.463227e+02
[42,]   42 0.180883418 0.0009549439  758.1373 -1.087604e-01  1.309992e+01
[43,]   43 0.190123602 0.0009548278  758.1366 -3.126616e-02  1.722404e+00
[44,]   44 0.193855083 0.0009548333  758.1365 -3.543190e-03  2.420053e+00
[45,]   45 0.194353488 0.0009539598  758.1362  8.361098e-06 -8.561105e+01
[46,]   46 0.193879666 0.0009547902  758.1365 -3.367678e-03 -1.917342e+00
[47,]   47 0.194331684 0.0009548085  758.1365 -1.340032e-04 -6.241617e-02
[48,]   48 0.193897177 0.0009547909  758.1365 -3.241928e-03 -1.845491e+00
[49,]   49 0.193880370 0.0009547903  758.1365 -3.362643e-03 -1.914451e+00
[50,]   50 0.193879694 0.0009547902  758.1365 -3.367498e-03 -1.917226e+00
[51,]   51 0.193879667 0.0009547902  758.1365 -3.367686e-03 -1.917338e+00
[52,]   52 0.193879666 0.0009547902  758.1365 -3.367688e-03 -1.917342e+00
[53,]   53 0.193879666 0.0009547902  758.1365 -3.367682e-03 -1.917342e+00
[54,]   54 0.193879666 0.0009547902  758.1365 -3.367662e-03 -1.917342e+00
[55,]   55 0.193879666 0.0009547902  758.1365 -3.367678e-03 -1.917342e+00
[56,]   56 0.193879666 0.0009547902  758.1365 -3.367666e-03 -1.917342e+00
[57,]   57 0.193879666 0.0009547902  758.1365 -3.367678e-03 -1.917342e+00
[58,]   58 0.193879666 0.0009547902  758.1365 -3.367661e-03 -1.917342e+00
[59,]   59 0.193879666 0.0009547902  758.1365 -3.367678e-03 -1.917342e+00
[60,]   60 0.193879666 0.0009547902  758.1365 -3.367661e-03 -1.917342e+00
[61,]   61 0.193879666 0.0009547902  758.1365 -3.367678e-03 -1.917342e+00
[62,]   62 0.197247344 1.9182972134 5604.7846  2.409987e+03  2.450495e+03
[63,]   63 0.193880295 0.0013129726  763.3374  1.531564e+00  2.563950e+04
[64,]   64 0.193879666 0.0009548094  758.1365 -3.367201e-03  1.186945e-02
[65,]   65 0.193879666 0.0009547902  758.1365 -3.367682e-03 -1.915666e+00
[66,]   66 0.193879666 0.0009547902  758.1365 -3.367662e-03 -1.917341e+00
[67,]   67 0.193879666 0.0009547902  758.1365 -3.367680e-03 -1.917342e+00
[68,]   68 0.193879666 0.0009547902  758.1365 -3.367682e-03 -1.917342e+00
[69,]   69 0.193879666 0.0009547902  758.1365 -3.367680e-03 -1.917342e+00
[70,]   70 0.193879666 0.0009547902  758.1365 -3.367682e-03 -1.917342e+00
[71,]   71 0.193879666 0.0009547902  758.1365 -3.367680e-03 -1.917342e+00
[72,]   72 0.193879666 0.0009547902  758.1365 -3.367682e-03 -1.917342e+00
[73,]   73 0.193879666 0.0009547902  758.1365 -3.367680e-03 -1.917342e+00
[74,]   74 0.193879666 0.0009547902  758.1365 -3.367682e-03 -1.917342e+00
[75,]   75 0.193879666 0.0009547902  758.1365 -3.367680e-03 -1.917342e+00
[76,]   76 0.193879666 0.0009547902  758.1365 -3.367680e-03 -1.917342e+00

