[22;0t]0;IPython: scripts/01_msprime_simulations$par
[1] 0.0000010 0.6235843

$value
[1] -19108.73

$counts
function gradient 
      14       14 

$convergence
[1] 0

$message
[1] "CONVERGENCE: REL_REDUCTION_OF_F <= FACTR*EPSMCH"

$loginfo
      step       par1       par2       fn         gr1           gr2
 [1,]    1 0.10000000  0.0100000 21274.61    6209.051 -2.963677e+05
 [2,]    2 0.00000100 10.0000000 30461.43    2416.099  1.813742e+03
 [3,]    3 0.06677270  3.3294401 20104.13    2410.925  1.005198e+03
 [4,]    4 0.03983209  3.3181449 20027.83    2412.957  1.000489e+03
 [5,]    5 0.00000100  3.3014450 19915.01    2416.059  9.935528e+02
 [6,]    6 0.00000100  3.2903542 19904.01    2416.060  9.889437e+02
 [7,]    7 0.00000100  0.9106307 19489.75 -208845.145  2.209734e+03
 [8,]    8 0.00000100  0.0000010 59025.49  124635.502 -2.187352e+08
 [9,]    9 0.00000100  0.5961226 19113.46    7130.118 -3.500397e+02
[10,]   10 0.00000100  1.3004540 19429.51  -54096.403 -1.173715e+03
[11,]   11 0.00000100  0.6370946 19109.83    7155.999  1.611101e+02
[12,]   12 0.00000100  0.6241805 19108.73    7155.123  7.257305e+00
[13,]   13 0.00000100  0.6235714 19108.73    7155.029 -1.575553e-01
[14,]   14 0.00000100  0.6235843 19108.73    7155.032  2.869456e-04

