[22;0t]0;IPython: scripts/01_msprime_simulations$par
[1] 0.004359303 0.053927179

$value
[1] -17595.64

$counts
function gradient 
      34       34 

$convergence
[1] 0

$message
[1] "CONVERGENCE: REL_REDUCTION_OF_F <= FACTR*EPSMCH"

$loginfo
      step        par1        par2       fn           gr1           gr2
 [1,]    1 0.100000000  0.01000000 20748.12  8.453096e+03 -3.120933e+05
 [2,]    2 0.000001000 10.00000000 30454.98  2.416094e+03  1.814280e+03
 [3,]    3 0.066778397  3.32887136 19996.81  2.279624e+03  1.104559e+03
 [4,]    4 0.088907467  1.11815511 18304.01  3.176570e+03  3.212247e+02
 [5,]    5 0.077634986  1.11693810 18268.10  3.120602e+03  3.396831e+02
 [6,]    6 0.032545061  1.11207008 18137.91  2.306011e+03  4.232266e+02
 [7,]    7 0.000001000  1.10659263 18382.82 -1.278030e+06  3.807915e+02
 [8,]    8 0.019813707  1.10992728 18112.82  1.327279e+03  4.505663e+02
 [9,]    9 0.001422855  1.10494665 18161.53 -2.533975e+04  4.639462e+02
[10,]   10 0.012991907  1.10807979 18106.71  4.590393e+01  4.672834e+02
[11,]   11 0.012046557  1.10599202 18105.81 -2.348517e+02  4.708943e+02
[12,]   12 0.009105010  1.08805936 18099.43 -1.416028e+03  4.976687e+02
[13,]   13 0.003398569  1.01406698 18084.22 -9.687654e+03  5.405532e+02
[14,]   14 0.004841698  0.93599244 18031.61 -5.591822e+03  5.159032e+02
[15,]   15 0.007338086  0.00000100 59697.25  8.463280e+04 -2.185482e+08
[16,]   16 0.005681012  0.62130164 17858.69 -2.798351e+03  4.441030e+02
[17,]   17 0.006491348  0.00000100 59624.37  8.754085e+04 -2.185445e+08
[18,]   18 0.005952381  0.41323755 17779.59 -2.147227e+03  3.569834e+02
[19,]   19 0.006844411  0.00000100 59655.06  8.630721e+04 -2.185461e+08
[20,]   20 0.006250379  0.27518867 17719.93  8.373024e+01  5.246377e+02
[21,]   21 0.006547395  0.13759483 17651.25  2.034179e+03  7.493881e+02
[22,]   22 0.006745129  0.04599418 17608.29  4.934155e+03 -1.663264e+03
[23,]   23 0.006608295  0.10938289 17630.06  2.254850e+03  7.399797e+02
[24,]   24 0.006706329  0.06396815 17602.31  3.074515e+03  3.610288e+02
[25,]   25 0.006551985  0.00000100 59629.67  8.732675e+04 -2.185448e+08
[26,]   26 0.006655015  0.04270130 17614.59  5.536067e+03 -2.478013e+03
[27,]   27 0.006692107  0.05807369 17600.73  3.456886e+03  1.172283e+02
[28,]   28 0.000001000  0.04469422 17953.33 -2.019477e+06 -9.557359e+02
[29,]   29 0.004414680  0.05351977 17595.65  2.061204e+02 -5.077768e+01
[30,]   30 0.004283236  0.05464536 17595.68 -3.084051e+02  8.132145e+01
[31,]   31 0.004364421  0.05395016 17595.64  1.153893e+01  1.757219e+00
[32,]   32 0.004355431  0.05391351 17595.64 -9.207080e+00 -9.389748e-01
[33,]   33 0.004359303  0.05392718 17595.64  7.431336e-03  2.550059e-03

