[22;0t]0;IPython: scripts/01_msprime_simulations$par
[1] 0.000001 3.756410

$value
[1] -30187.99

$counts
function gradient 
      11       11 

$convergence
[1] 0

$message
[1] "CONVERGENCE: REL_REDUCTION_OF_F <= FACTR*EPSMCH"

$loginfo
      step       par1      par2       fn       gr1           gr2
 [1,]    1 0.10000000  0.010000 37146.71 18467.945 -6.751761e+05
 [2,]    2 0.00000100 10.000000 35902.84  2416.088  1.359443e+03
 [3,]    3 0.06667176  3.339525 30377.55  2074.613 -2.134487e+02
 [4,]    4 0.05645938  3.340432 30356.25  2059.025 -2.194820e+02
 [5,]    5 0.01560988  3.344061 30273.19  1929.087 -2.506896e+02
 [6,]    6 0.00000100  3.345448 30244.15  2366.662 -2.846009e+02
 [7,]    7 0.00000100  3.346852 30243.75  2367.789 -2.835055e+02
 [8,]    8 0.00000100  3.710255 30188.65  2415.007 -2.872463e+01
 [9,]    9 0.00000100  3.751226 30188.00  2415.171 -3.190221e+00
[10,]   10 0.00000100  3.756345 30187.99  2415.189 -4.003536e-02
[11,]   11 0.00000100  3.756410 30187.99  2415.189 -2.967681e-04

