[22;0t]0;IPython: scripts/01_msprime_simulations$par
[1] 0.8716945825 0.0003593299

$value
[1] -311.8271

$counts
function gradient 
      45       45 

$convergence
[1] 0

$message
[1] "CONVERGENCE: REL_REDUCTION_OF_F <= FACTR*EPSMCH"

$loginfo
      step        par1         par2       fn           gr1           gr2
 [1,]    1 0.100000000 1.000000e-02 543.0853  2.084969e+03  2.117065e+03
 [2,]    2 0.000001000 1.000000e-06 435.5757  1.002907e+05 -1.219982e+06
 [3,]    3 0.090427968 9.042883e-03 521.2381  2.060006e+03  2.075152e+03
 [4,]    4 0.045214484 4.521941e-03 422.7325  1.737096e+03  3.637797e+03
 [5,]    5 0.016252438 1.625998e-03 353.9899  5.657339e+02  2.465757e+04
 [6,]    6 0.010318220 1.032629e-03 334.5423  1.401829e+02  3.357614e+04
 [7,]    7 0.009067413 9.075597e-04 330.1375  5.473136e+01  3.454586e+04
 [8,]    8 0.000001000 1.000000e-06 435.5757  1.002907e+05 -1.219982e+06
 [9,]    9 0.008252778 8.261035e-04 327.2833 -4.651870e+00  3.460286e+04
[10,]   10 0.004126889 4.135518e-04 315.6498 -3.365146e+02  1.623960e+04
[11,]   11 0.002798890 9.451553e-05 329.4394  7.725750e+02 -1.197553e+05
[12,]   12 0.003936003 3.676937e-04 315.0332 -3.255416e+02  8.981354e+03
[13,]   13 0.004134886 3.198111e-04 314.6589 -2.620296e+02 -2.655672e+03
[14,]   14 0.004523205 3.283795e-04 314.5753 -2.532353e+02 -7.136390e+02
[15,]   15 0.008395372 3.646290e-04 314.0048 -1.555299e+02  5.671375e+03
[16,]   16 0.011989150 3.717584e-04 313.6070 -1.042254e+02  6.117089e+03
[17,]   17 0.018519915 3.625449e-04 313.0441 -5.561940e+01  2.711805e+03
[18,]   18 0.026011465 3.554712e-04 312.7010 -3.146119e+01  1.532973e+02
[19,]   19 0.036621287 3.631072e-04 312.4790 -1.762644e+01  1.755784e+03
[20,]   20 0.056151615 3.028316e-04 312.5178 -7.254740e+00 -1.880722e+04
[21,]   21 0.046496494 3.326298e-04 312.3344 -1.098515e+01 -7.539750e+03
[22,]   22 0.056220630 3.526278e-04 312.2141 -8.200173e+00 -1.520779e+03
[23,]   23 0.073908909 3.627443e-04 312.1259 -5.028657e+00  1.185296e+03
[24,]   24 0.096422923 3.647966e-04 312.0468 -2.963401e+00  1.649465e+03
[25,]   25 0.128087178 3.603543e-04 311.9618 -1.589642e+00  3.293449e+02
[26,]   26 0.163898009 3.583830e-04 311.9138 -8.878189e-01 -2.842811e+02
[27,]   27 0.212001056 3.625007e-04 311.8946 -4.661134e-01  8.676903e+02
[28,]   28 0.278815378 3.544038e-04 311.8538 -2.261275e-01 -1.512694e+03
[29,]   29 0.326400629 3.579996e-04 311.8512 -1.512806e-01 -4.549259e+02
[30,]   30 0.411103457 3.603581e-04 311.8475 -8.641871e-02  2.267921e+02
[31,]   31 0.513218519 3.605952e-04 311.8413 -5.254659e-02  2.929739e+02
[32,]   32 0.671455669 3.596359e-04 311.8324 -2.955765e-02  1.249256e+01
[33,]   33 0.871694582 3.593299e-04 311.8271 -1.657230e-02 -7.760941e+01
[34,]   34 1.229574030 3.743408e-04 311.8913 -6.943262e-03  4.130101e+03
[35,]   35 0.880494419 3.596990e-04 311.8280 -1.618909e-02  3.030514e+01
[36,]   36 0.871964021 3.593412e-04 311.8272 -1.655445e-02 -7.430177e+01
[37,]   37 0.871702882 3.593302e-04 311.8271 -1.656933e-02 -7.750752e+01
[38,]   38 0.871694838 3.593299e-04 311.8271 -1.656772e-02 -7.760627e+01
[39,]   39 0.871694590 3.593299e-04 311.8271 -1.657306e-02 -7.760932e+01
[40,]   40 0.871694583 3.593299e-04 311.8271 -1.656766e-02 -7.760941e+01
[41,]   41 0.871694582 3.593299e-04 311.8271 -1.657238e-02 -7.760941e+01
[42,]   42 0.871694582 3.593299e-04 311.8271 -1.657260e-02 -7.760941e+01
[43,]   43 0.871694582 3.593299e-04 311.8271 -1.657238e-02 -7.760941e+01
[44,]   44 0.871694582 3.593299e-04 311.8271 -1.657238e-02 -7.760941e+01

