[22;0t]0;IPython: scripts/01_msprime_simulations$par
[1] 0.076762606 0.005478249

$value
[1] -3375.014

$counts
function gradient 
      28       28 

$convergence
[1] 0

$message
[1] "CONVERGENCE: REL_REDUCTION_OF_F <= FACTR*EPSMCH"

$loginfo
      step       par1        par2       fn           gr1           gr2
 [1,]    1 0.10000000 0.010000000 3442.344  6.818979e+01  2.199493e+04
 [2,]    2 0.00000100 0.000001000 6799.887  1.220705e+05 -2.484617e+07
 [3,]    3 0.06558146 0.006558456 3381.515 -5.240632e+01  1.039877e+04
 [4,]    4 0.04339305 0.003858574 3392.950  1.468767e+02 -2.742178e+04
 [5,]    5 0.05687510 0.005499067 3375.366 -4.003326e+01  1.257966e+03
 [6,]    6 0.05645251 0.005390832 3375.312 -3.425857e+01  2.686511e+00
 [7,]    7 0.05690270 0.005404204 3375.297 -3.384783e+01  1.350275e+02
 [8,]    8 0.06247356 0.005488409 3375.176 -2.462416e+01  8.054396e+02
 [9,]    9 0.06813876 0.005513918 3375.087 -1.442628e+01  8.162095e+02
[10,]   10 0.07540943 0.004284744 3385.959  7.279278e+01 -2.067667e+04
[11,]   11 0.06852662 0.005448347 3375.055 -1.053931e+01  3.263647e+00
[12,]   12 0.07436856 0.005470988 3375.017 -2.773225e+00  1.091351e+01
[13,]   13 0.07641617 0.005477790 3375.014 -4.249338e-01  8.479811e+00
[14,]   14 0.07676261 0.005478249 3375.014 -1.829160e-02 -8.814718e-02
[15,]   15 0.07677965 0.005478314 3375.014 -1.575791e-04  1.624112e-02
[16,]   16 0.07676389 0.005478254 3375.014 -1.692618e-02 -8.029965e-02
[17,]   17 0.07676271 0.005478249 3375.014 -1.818033e-02 -8.750859e-02
[18,]   18 0.07676261 0.005478249 3375.014 -1.828241e-02 -8.809482e-02
[19,]   19 0.07676261 0.005478249 3375.014 -1.829087e-02 -8.814300e-02
[20,]   20 0.07676261 0.005478249 3375.014 -1.829150e-02 -8.814678e-02
[21,]   21 0.07676261 0.005478249 3375.014 -1.829156e-02 -8.814719e-02
[22,]   22 0.07676261 0.005478249 3375.014 -1.829161e-02 -8.814717e-02
[23,]   23 0.07676261 0.005478249 3375.014 -1.829162e-02 -8.814717e-02
[24,]   24 0.07676261 0.005478249 3375.014 -1.829155e-02 -8.814715e-02
[25,]   25 0.07676261 0.005478249 3375.014 -1.829161e-02 -8.814716e-02
[26,]   26 0.07676261 0.005478249 3375.014 -1.829158e-02 -8.814710e-02
[27,]   27 0.07676261 0.005478249 3375.014 -1.829160e-02 -8.814717e-02
[28,]   28 0.07676261 0.005478249 3375.014 -1.829161e-02 -8.814716e-02

