[22;0t]0;IPython: scripts/01_msprime_simulations$par
[1] 0.005082588 0.055668320

$value
[1] -16958.22

$counts
function gradient 
      34       34 

$convergence
[1] 0

$message
[1] "CONVERGENCE: REL_REDUCTION_OF_F <= FACTR*EPSMCH"

$loginfo
      step        par1        par2       fn           gr1           gr2
 [1,]    1 0.100000000  0.01000000 19952.00  7.908021e+03 -2.939532e+05
 [2,]    2 0.000001000 10.00000000 30202.31  2.414536e+03  1.835375e+03
 [3,]    3 0.066796272  3.32708557 19500.22  2.261042e+03  1.189571e+03
 [4,]    4 0.088916458  1.11725692 17653.17  3.112061e+03  3.921396e+02
 [5,]    5 0.077203034  1.11570811 17616.63  3.018253e+03  3.981885e+02
 [6,]    6 0.030349340  1.10951289 17491.88  1.844681e+03  4.208435e+02
 [7,]    7 0.000001000  1.10358744 17797.09 -1.584232e+06  3.928664e+02
 [8,]    8 0.019081485  1.10731286 17475.32  7.787534e+02  4.340934e+02
 [9,]    9 0.009908523  1.10370433 17475.33 -1.595779e+03  4.578644e+02
[10,]   10 0.014276967  1.10542282 17472.72 -1.182290e+02  4.457106e+02
[11,]   11 0.013943868  1.10332202 17471.83 -1.960059e+02  4.487336e+02
[12,]   12 0.012611474  1.09491881 17468.50 -5.466362e+02  4.608975e+02
[13,]   13 0.000001000  0.92871605 17709.31 -1.584596e+06  6.556459e+02
[14,]   14 0.007756278  1.03092859 17444.69 -2.921568e+03  5.101632e+02
[15,]   15 0.000001000  0.80470639 17632.27 -1.616695e+06  6.067786e+02
[16,]   16 0.004575094  0.93813314 17405.33 -6.562914e+03  6.496565e+02
[17,]   17 0.001633070  0.85231403 17385.44 -2.361139e+04  5.755547e+02
[18,]   18 0.002290481  0.42147442 17169.46 -1.779868e+04  6.100443e+02
[19,]   19 0.002933601  0.00000100 56853.11  1.023129e+05 -2.094749e+08
[20,]   20 0.002505839  0.28033829 17108.70 -1.656324e+04  2.613841e+02
[21,]   21 0.007428155  0.00000100 57261.84  8.155938e+04 -2.095029e+08
[22,]   22 0.004150213  0.18668740 17045.49 -5.875953e+03  4.953472e+02
[23,]   23 0.005789184  0.09334420 16975.85  6.909058e+00  8.177167e+02
[24,]   24 0.006879570  0.03124419 17039.70  1.019045e+04 -1.041713e+04
[25,]   25 0.006220312  0.06879047 16961.73  1.181013e+03  3.237719e+02
[26,]   26 0.006401560  0.00000100 57176.19  8.536319e+04 -2.094973e+08
[27,]   27 0.006280583  0.04591557 16966.49  3.656688e+03 -1.515101e+03
[28,]   28 0.006244337  0.05967213 16959.53  1.688357e+03  1.135610e+02
[29,]   29 0.005881568  0.05406361 16959.13  1.731442e+03 -2.281748e+02
[30,]   30 0.005429295  0.05591335 16958.34  7.072401e+02 -2.476552e+01
[31,]   31 0.005005029  0.05557482 16958.23 -1.703430e+02  3.195543e+00
[32,]   32 0.005089223  0.05567133 16958.22  1.488655e+01 -6.137749e-01
[33,]   33 0.005082709  0.05566804 16958.22  3.138527e-01 -3.690706e-02
[34,]   34 0.005082588  0.05566832 16958.22  1.015324e-03 -2.906909e-03

