[22;0t]0;IPython: scripts/01_msprime_simulations$par
[1] 0.0112644 0.1205442

$value
[1] -29781.59

$counts
function gradient 
      36       36 

$convergence
[1] 0

$message
[1] "CONVERGENCE: REL_REDUCTION_OF_F <= FACTR*EPSMCH"

$loginfo
      step        par1        par2        fn           gr1           gr2
 [1,]    1 0.100000000  0.01000000  40143.06  2.237183e+04 -7.744563e+05
 [2,]    2 0.000001000 10.00000000  37142.98 -4.828353e+04  1.255951e+03
 [3,]    3 0.066653730  3.34132571  31081.15  1.529064e+03  4.702203e+02
 [4,]    4 0.060051559  3.33919251  31070.55  1.370152e+03  4.714375e+02
 [5,]    5 0.033642876  3.33065970  31043.61  1.398290e+02  4.677219e+02
 [6,]    6 0.026738683  3.32543381  31042.45 -5.616779e+02  4.622796e+02
 [7,]    7 0.028845365  3.32254189  31040.19 -3.174665e+02  4.640918e+02
 [8,]    8 0.037353867  3.28559505  31023.52  3.951018e+02  4.685600e+02
 [9,]    9 0.057875482  3.13498121  30971.09  1.351026e+03  4.838016e+02
[10,]   10 0.113697857  2.59567033  30843.83  2.510632e+03  3.852758e+02
[11,]   11 0.138836827  2.20508568  30780.55  3.069080e+03  2.969181e+02
[12,]   12 0.138229987  1.76192058  30691.22  3.496275e+03  9.860100e+01
[13,]   13 0.000001000  1.46136584  31141.44 -3.206049e+06  2.998118e+02
[14,]   14 0.073810378  1.62185142  30457.42  2.980599e+03  1.947646e+02
[15,]   15 0.025096188  1.51593094  30339.42 -3.541422e+02  2.634908e+02
[16,]   16 0.000001000  0.97909301  31042.10 -3.878199e+06  3.744956e+02
[17,]   17 0.015799714  1.31706015  30289.07 -2.996306e+03  3.337934e+02
[18,]   18 0.000001000  0.59059552  30933.76 -4.022331e+06  2.076525e+01
[19,]   19 0.009674415  1.03540346  30215.38 -7.109030e+03  4.582554e+02
[20,]   20 0.003355054  0.74482334  30200.43 -3.177454e+04  3.546286e+02
[21,]   21 0.006676325  0.89754374  30188.14 -1.293575e+04  3.710700e+02
[22,]   22 0.008869824  0.00000100 124463.67  1.031164e+05 -4.579591e+08
[23,]   23 0.007409417  0.59757460  30067.00 -1.023942e+04  3.617192e+02
[24,]   24 0.008139621  0.29878780  29918.05 -6.930733e+03  7.628682e+02
[25,]   25 0.008626086  0.09973451  29793.94 -2.269066e+03 -1.076367e+03
[26,]   26 0.008344605  0.21491193  29853.78 -5.989063e+03  7.630799e+02
[27,]   27 0.008565649  0.12446431  29786.81 -3.924298e+03  2.280844e+02
[28,]   28 0.010969737  0.00000100 124675.17  9.838173e+04 -4.579639e+08
[29,]   29 0.009365912  0.08303345  29828.06  1.350722e+03 -3.359843e+03
[30,]   30 0.008711460  0.11691547  29785.43 -3.318228e+03 -2.127842e+01
[31,]   31 0.033602454  0.17611630  29889.81  4.922525e+03  7.393433e+02
[32,]   32 0.012349544  0.12556830  29782.37  8.002319e+02  1.278603e+02
[33,]   33 0.011547448  0.12077903  29781.63  2.668070e+02 -2.784031e+00
[34,]   34 0.011256562  0.12043072  29781.59 -3.281343e+00 -3.826441e+00
[35,]   35 0.011264587  0.12054570  29781.59  1.270148e-01  4.774291e-02
[36,]   36 0.011264397  0.12054418  29781.59 -2.457436e-03  3.008245e-04

