[22;0t]0;IPython: scripts/01_msprime_simulations$par
[1] 0.006029783 0.001126713

$value
[1] -911.1079

$counts
function gradient 
      24       24 

$convergence
[1] 0

$message
[1] "CONVERGENCE: REL_REDUCTION_OF_F <= FACTR*EPSMCH"

$loginfo
      step        par1         par2        fn           gr1           gr2
 [1,]    1 0.100000000 0.0100000000 1116.9605  1.339573e+03  1.020295e+04
 [2,]    2 0.000001000 0.0000010000 1473.2796  1.106428e+05 -5.046573e+06
 [3,]    3 0.057065274 0.0057069139 1013.2788  8.017342e+02  1.678994e+04
 [4,]    4 0.019897816 0.0019905025  922.0474  9.907468e+01  1.952427e+04
 [5,]    5 0.002140553 0.0000010000 1563.8852  1.407789e+04 -5.231671e+06
 [6,]    6 0.014149832 0.0013465053  912.2360  5.176370e+01  6.859393e+03
 [7,]    7 0.010818846 0.0009866617  912.4701  1.658917e+02 -1.311144e+04
 [8,]    8 0.012544783 0.0011731132  911.5272  8.193873e+01 -7.287766e+02
 [9,]    9 0.012220190 0.0011711435  911.5015  8.236464e+01 -7.434256e+02
[10,]   10 0.010921818 0.0011632649  911.3981  8.270338e+01 -7.537678e+02
[11,]   11 0.005728328 0.0011317502  911.1140 -2.509104e+01  5.054387e+02
[12,]   12 0.007175391 0.0011356015  911.1381  4.662492e+01 -4.069703e+02
[13,]   13 0.006088293 0.0011327082  911.1100 -1.015671e+00  2.493517e+02
[14,]   14 0.006029783 0.0011267127  911.1079  2.657360e-01 -9.694246e+00
[15,]   15 0.006027953 0.0011268680  911.1079  1.975828e-02 -1.288423e-01
[16,]   16 0.006029767 0.0011267140  911.1079  2.635971e-01 -9.611026e+00
[17,]   17 0.006029782 0.0011267127  911.1079  2.657172e-01 -9.693516e+00
[18,]   18 0.006029783 0.0011267127  911.1079  2.657358e-01 -9.694240e+00
[19,]   19 0.006029783 0.0011267127  911.1079  2.657360e-01 -9.694246e+00
[20,]   20 0.006029783 0.0011267127  911.1079  2.657360e-01 -9.694246e+00
[21,]   21 0.006029783 0.0011267127  911.1079  2.657359e-01 -9.694243e+00
[22,]   22 0.006029783 0.0011267127  911.1079  2.657360e-01 -9.694246e+00
[23,]   23 0.006029783 0.0011267127  911.1079  2.657360e-01 -9.694246e+00
[24,]   24 0.006029783 0.0011267127  911.1079  2.657360e-01 -9.694246e+00

