[22;0t]0;IPython: scripts/01_msprime_simulations$par
[1] 0.0008581429 0.8160923090

$value
[1] -41460.71

$counts
function gradient 
      51       51 

$convergence
[1] 0

$message
[1] "CONVERGENCE: REL_REDUCTION_OF_F <= FACTR*EPSMCH"

$loginfo
      step         par1       par2       fn           gr1           gr2
 [1,]    1 1.000000e-01  0.0100000 71599.69  4.247720e+04 -1.644608e+06
 [2,]    2 1.000000e-06 10.0000000 46135.08 -3.653342e+05  8.893424e+02
 [3,]    3 1.979410e+00 10.0000000 51564.28  2.498314e+03  7.584154e+02
 [4,]    4 6.522531e-01 10.0000000 47978.16  2.903439e+03  8.496337e+02
 [5,]    5 2.149522e-01 10.0000000 46684.69  2.991551e+03  8.885558e+02
 [6,]    6 7.095019e-02 10.0000000 46258.52  2.880415e+03  8.896741e+02
 [7,]    7 2.351969e-02 10.0000000 46126.00  2.638129e+03  8.808374e+02
 [8,]    8 2.335096e-02  9.9946618 46120.85  2.634935e+03  8.805030e+02
 [9,]    9 2.267601e-02  9.9733088 46100.29  2.622350e+03  8.792864e+02
[10,]   10 1.997620e-02  9.8878969 46018.34  2.572530e+03  8.753878e+02
[11,]   11 9.176999e-03  9.5462496 45697.35  1.800118e+03  8.678430e+02
[12,]   12 1.000000e-06  9.2559545 45514.97 -4.309970e+05  8.147067e+02
[13,]   13 8.559135e-03  9.5267026 45679.31  1.701339e+03  8.671384e+02
[14,]   14 2.697656e-03  9.3412668 45516.05 -1.329379e+03  8.447548e+02
[15,]   15 1.000000e-06  9.2507517 45510.72 -4.310994e+05  8.176380e+02
[16,]   16 2.528439e-03  9.3355869 45511.50 -1.607180e+03  8.436528e+02
[17,]   17 1.264720e-03  9.2931693 45480.02 -5.780712e+03  8.330988e+02
[18,]   18 1.000000e-06  9.2248568 45489.41 -4.292198e+05  8.267718e+02
[19,]   19 5.979521e-04  9.2571261 45456.25 -1.477543e+04  8.235627e+02
[20,]   20 1.000000e-06  9.1263724 45408.25 -4.122860e+05  8.170261e+02
[21,]   21 3.501379e-04  9.2028460 45416.66 -2.771403e+04  8.146839e+02
[22,]   22 1.300237e-04  9.1546332 45387.21 -1.003125e+05  8.047011e+02
[23,]   23 9.837286e-05  7.4140723 43923.54 -6.629858e+04  8.485232e+02
[24,]   24 1.000000e-06  2.0592830 41662.24 -5.306378e+05  0.000000e+00
[25,]   25 2.754909e-03  0.6716724 41523.10  1.444658e+04 -8.262312e+01
[26,]   26 2.585329e-03  1.4220430 41769.11  2.668591e+03 -7.801740e+01
[27,]   27 2.748787e-03  0.6987619 41513.83  1.415756e+04 -5.398626e+02
[28,]   28 2.725975e-03  0.7997006 41479.44  1.292176e+04 -1.922767e+02
[29,]   29 2.655652e-03  1.1108718 41646.31  8.863676e+03  4.961663e+02
[30,]   30 2.721160e-03  0.8210041 41477.61  1.310975e+04  4.055063e+01
[31,]   31 2.666971e-03  0.7748457 41485.86  1.234350e+04 -3.598085e+02
[32,]   32 2.715997e-03  0.8166056 41477.49  1.310883e+04 -1.594665e+01
[33,]   33 2.623911e-03  0.8166505 41476.29  1.290596e+04 -1.527648e+01
[34,]   34 2.255570e-03  0.8168299 41471.70  1.191459e+04 -1.178593e+01
[35,]   35 7.822035e-04  0.8175477 41460.79 -1.939434e+03  2.457694e+01
[36,]   36 1.028591e-03  0.8159212 41461.01  3.221583e+03 -6.995697e+00
[37,]   37 8.598460e-04  0.8170352 41460.72  9.402551e+00  1.427764e+01
[38,]   38 8.570803e-04  0.8158722 41460.71 -1.867123e+01 -3.310626e+00
[39,]   39 8.581429e-04  0.8160923 41460.71 -7.065305e-01  5.008511e-02
[40,]   40 8.581666e-04  0.8160891 41460.71 -7.961109e-02  5.368929e-04
[41,]   41 8.581432e-04  0.8160923 41460.71 -6.976107e-01  4.937774e-02
[42,]   42 8.581429e-04  0.8160923 41460.71 -7.064024e-01  5.007358e-02
[43,]   43 8.581429e-04  0.8160923 41460.71 -7.065300e-01  5.008700e-02
[44,]   44 8.581429e-04  0.8160923 41460.71 -7.065267e-01  5.008929e-02
[45,]   45 8.581429e-04  0.8160923 41460.71 -7.065302e-01  5.008700e-02
[46,]   46 8.581429e-04  0.8160923 41460.71 -7.065302e-01  5.008700e-02
[47,]   47 8.581429e-04  0.8160923 41460.71 -7.065285e-01  5.008264e-02
[48,]   48 8.581429e-04  0.8160923 41460.71 -7.065302e-01  5.008700e-02
[49,]   49 8.581429e-04  0.8160923 41460.71 -7.065302e-01  5.008700e-02
[50,]   50 8.581429e-04  0.8160923 41460.71 -7.065282e-01  5.008587e-02
[51,]   51 8.581429e-04  0.8160923 41460.71 -7.065302e-01  5.008700e-02

