[22;0t]0;IPython: scripts/01_msprime_simulations$par
[1] 0.003571914 0.052952100

$value
[1] -20555.25

$counts
function gradient 
      35       35 

$convergence
[1] 0

$message
[1] "CONVERGENCE: REL_REDUCTION_OF_F <= FACTR*EPSMCH"

$loginfo
      step        par1       par2       fn           gr1           gr2
 [1,]    1 0.100000000 0.01000000 24347.73  9.973844e+03 -3.768130e+05
 [2,]    2 0.000010000 1.00000000 21139.14 -9.949386e+05  1.754350e+02
 [3,]    3 0.219196649 1.00000000 21595.50  3.737613e+03 -3.549231e+02
 [4,]    4 0.072904212 1.00000000 21033.95  3.758332e+03  2.993017e+01
 [5,]    5 0.072629884 0.99992703 21032.92  3.756681e+03  3.091853e+01
 [6,]    6 0.071532569 0.99963514 21028.79  3.749850e+03  3.486068e+01
 [7,]    7 0.067143309 0.99846760 21012.35  3.718477e+03  5.088546e+01
 [8,]    8 0.049586269 0.99379741 20948.38  3.490045e+03  1.116166e+02
 [9,]    9 0.000010000 0.98061009 21136.10 -9.912236e+05  0.000000e+00
[10,]   10 0.027168589 0.98783429 20877.32  2.574059e+03  1.625690e+02
[11,]   11 0.000010000 0.94245317 21126.67 -9.553523e+05  3.794935e+02
[12,]   12 0.016604959 0.97018281 20852.97  1.247200e+03  1.770300e+02
[13,]   13 0.003867428 0.92861494 20867.23 -9.777960e+03  2.133735e+02
[14,]   14 0.011368587 0.95309435 20846.84 -3.194692e+02  2.005146e+02
[15,]   15 0.009843393 0.92601923 20841.97 -1.048887e+03  2.230637e+02
[16,]   16 0.000010000 0.64653356 21012.45 -9.430302e+05  3.978082e+02
[17,]   17 0.006059023 0.81845951 20833.50 -4.000762e+03  1.679813e+02
[18,]   18 0.006542230 0.73941369 20812.64 -2.784565e+03  4.029529e+02
[19,]   19 0.008475056 0.42323044 20703.85  1.203568e+03  4.351565e+01
[20,]   20 0.006745930 0.23611273 20658.82  2.385750e+03  2.545377e+02
[21,]   21 0.004564141 0.00001000 57302.23  1.081081e+05 -1.340202e+08
[22,]   22 0.006018541 0.15739821 20622.34  2.808862e+03  4.313709e+02
[23,]   23 0.005050634 0.05265592 20558.98  4.325019e+03 -3.210861e+02
[24,]   24 0.005419106 0.09253027 20583.31  2.979099e+03  7.128311e+02
[25,]   25 0.005084074 0.05627468 20558.85  3.851491e+03  1.368133e+02
[26,]   26 0.001826692 0.00001000 56991.92  1.185325e+05 -1.340141e+08
[27,]   27 0.004003126 0.03760350 20586.56  5.664260e+03 -4.728169e+03
[28,]   28 0.004938562 0.05376126 20558.26  3.940034e+03 -1.381354e+02
[29,]   29 0.000010000 0.05319942 20827.53 -1.224975e+06  1.452106e+02
[30,]   30 0.003295092 0.05357391 20555.49 -1.496826e+03  1.433679e+02
[31,]   31 0.003711707 0.05297693 20555.29  5.892888e+02 -2.605423e+01
[32,]   32 0.003582442 0.05292616 20555.25  5.176447e+01 -6.126557e+00
[33,]   33 0.003571944 0.05296318 20555.25 -2.771635e+00  1.431559e+00
[34,]   34 0.003571914 0.05295210 20555.25 -5.368920e-01 -1.485352e-01

