[22;0t]0;IPython: scripts/01_msprime_simulations$par
[1] 10.000000000  0.002477452

$value
[1] -1732.6

$counts
function gradient 
      36       36 

$convergence
[1] 0

$message
[1] "CONVERGENCE: REL_REDUCTION_OF_F <= FACTR*EPSMCH"

$loginfo
      step        par1        par2       fn           gr1           gr2
 [1,]    1  0.10000000 0.010000000 1951.150  5.602433e+02  2.377196e+04
 [2,]    2  0.00000100 0.000001000 3076.794  1.216756e+05 -1.100024e+07
 [3,]    3  0.06191213 0.006191556 1833.535  1.556366e+02  2.967376e+04
 [4,]    4  0.02155665 0.002156371 1745.083 -1.323252e+02 -3.804876e+03
 [5,]    5  0.03405964 0.003300987 1754.630 -1.575130e+02  1.983152e+04
 [6,]    6  0.02354593 0.002338484 1744.648 -1.622814e+02  1.951909e+03
 [7,]    7  0.02404801 0.002335426 1744.562 -1.590060e+02  1.768048e+03
 [8,]    8  0.02605635 0.002323193 1744.237 -1.468558e+02  1.035137e+03
 [9,]    9  0.05400000 0.002373967 1741.292 -7.715083e+01 -2.686048e+02
[10,]   10  0.08728141 0.002489302 1739.412 -4.625757e+01  2.214362e+03
[11,]   11  0.12701644 0.002512088 1738.043 -2.779867e+01  2.315631e+03
[12,]   12  0.18846401 0.001698041 1750.524 -6.756114e+00 -4.211397e+04
[13,]   13  0.13506647 0.002405443 1737.784 -2.434423e+01 -1.560368e+03
[14,]   14  0.19061858 0.002447325 1736.675 -1.526991e+01 -4.475892e+02
[15,]   15  0.28230477 0.002478807 1735.625 -8.614500e+00  4.242624e+02
[16,]   16  0.39902254 0.002478428 1734.862 -4.970243e+00  2.554316e+02
[17,]   17  0.55817938 0.002477220 1734.266 -2.820478e+00  1.171464e+02
[18,]   18  0.76707102 0.002477424 1733.820 -1.612106e+00  7.305894e+01
[19,]   19  0.95539000 0.000001000 3413.795  1.905024e+00 -1.129727e+07
[20,]   20  0.82557339 0.001708109 1748.454 -9.426432e-01 -4.410098e+04
[21,]   21  0.76743207 0.002472676 1733.820 -1.609963e+00 -1.130421e+02
[22,]   22  1.04606212 0.002475644 1733.481 -9.198623e-01 -2.730642e+01
[23,]   23  1.41736057 0.002477382 1733.223 -5.250046e-01  2.342446e+01
[24,]   24  1.91093846 0.002477375 1733.027 -2.976308e-01  1.238503e+01
[25,]   25  2.55703103 0.002477418 1732.883 -1.665275e-01  7.573571e+00
[26,]   26  3.37769679 0.002477436 1732.781 -9.225471e-02  4.389576e+00
[27,]   27  4.29088744 0.000001000 3415.172  8.879510e-02 -1.129896e+07
[28,]   28  3.66130251 0.001708340 1747.756 -5.638949e-02 -4.476438e+04
[29,]   29  3.37803429 0.002476521 1732.781 -9.223052e-02 -3.222705e+01
[30,]   30  4.39728382 0.002477149 1732.711 -5.108921e-02 -9.369723e+00
[31,]   31  5.66295988 0.002477455 1732.662 -2.839015e-02  1.520308e+00
[32,]   32  7.24594257 0.002477458 1732.629 -1.571175e-02  8.595044e-01
[33,]   33  9.20765983 0.002477462 1732.606 -8.605397e-03  5.170307e-01
[34,]   34 10.00000000 0.002477454 1732.600 -6.943046e-03  7.501188e-02
[35,]   35 10.00000000 0.002224692 1733.961 -6.671653e-03 -1.130855e+04
[36,]   36 10.00000000 0.002477452 1732.600 -6.938747e-03  4.460048e-04

