[22;0t]0;IPython: scripts/01_msprime_simulations$par
[1] 0.004956378 0.011128485

$value
[1] -6322.113

$counts
function gradient 
      32       32 

$convergence
[1] 0

$message
[1] "CONVERGENCE: REL_REDUCTION_OF_F <= FACTR*EPSMCH"

$loginfo
      step        par1         par2        fn           gr1           gr2
 [1,]    1 0.100000000  0.010000000  6407.764  4.099045e+02 -1.825815e+04
 [2,]    2 0.000001000 10.000000000 25888.886  2.416099e+03  2.195499e+03
 [3,]    3 0.071026499  2.904481733 10570.914  2.413886e+03  2.055798e+03
 [4,]    4 0.091216041  0.887526274  7016.946  2.391248e+03  1.178461e+03
 [5,]    5 0.097194790  0.290243262  6673.764  2.688433e+03 -3.658097e+02
 [6,]    6 0.099161545  0.093762467  6792.750  3.093265e+03  3.812972e+02
 [7,]    7 0.099812728  0.028708656  6520.116  7.350927e+02  1.098424e+04
 [8,]    8 0.099952865  0.014708857  6383.094  2.907556e+02  3.385328e+03
 [9,]    9 0.099892917  0.013972632  6381.261  2.949946e+02  1.484587e+03
[10,]   10 0.099729325  0.013387930  6380.851  3.018273e+02 -2.917017e+02
[11,]   11 0.099644381  0.013455825  6380.813  3.011061e+02 -7.048593e+01
[12,]   12 0.099144839  0.013591451  6380.683  3.004990e+02  3.639125e+02
[13,]   13 0.097421324  0.013820986  6380.330  3.017180e+02  1.073146e+03
[14,]   14 0.092172770  0.014215904  6379.378  3.102804e+02  2.208119e+03
[15,]   15 0.075680502  0.015006857  6376.448  3.573249e+02  4.099036e+03
[16,]   16 0.000001000  0.017862443  6459.656 -6.011789e+05  9.314129e+02
[17,]   17 0.047557877  0.016067998  6369.293  5.624119e+02  5.532794e+03
[18,]   18 0.015958838  0.017260312  6348.265  1.339929e+03  4.514366e+03
[19,]   19 0.005452094  0.017656759  6335.919  6.113425e+02  2.881544e+03
[20,]   20 0.000001000  0.017699693  6459.510 -6.016771e+05  8.534181e+02
[21,]   21 0.003675125  0.017670755  6336.017 -9.496164e+02  2.486231e+03
[22,]   22 0.004594865  0.017663511  6335.632  5.623038e+01  2.698559e+03
[23,]   23 0.005138869  0.015849334  6330.716  9.099144e+01  2.718332e+03
[24,]   24 0.007314888  0.008592625  6334.229  2.502033e+03 -9.172045e+03
[25,]   25 0.006227636  0.012218452  6323.032  4.656241e+02  1.056488e+03
[26,]   26 0.006102868  0.009147050  6327.623  1.721798e+03 -5.525279e+03
[27,]   27 0.006195977  0.011439089  6322.543  5.998896e+02  9.833175e+01
[28,]   28 0.005158141  0.011193854  6322.127  1.254325e+02  3.123122e+01
[29,]   29 0.004878481  0.011117092  6322.115 -5.709313e+01  8.746834e+00
[30,]   30 0.004961047  0.011127091  6322.113  4.028744e+00 -3.075829e+00
[31,]   31 0.004956378  0.011128485  6322.113  3.673562e-02  3.687409e-01

