[22;0t]0;IPython: scripts/01_msprime_simulations$par
[1] 0.04632543 0.50267846

$value
[1] -52182.79

$counts
function gradient 
      29       29 

$convergence
[1] 0

$message
[1] "CONVERGENCE: REL_REDUCTION_OF_F <= FACTR*EPSMCH"

$loginfo
      step       par1       par2        fn           gr1           gr2
 [1,]    1 0.10000000  0.0100000 115410.52  6.464105e+04 -2.948398e+06
 [2,]    2 0.00000100 10.0000000  59260.71 -9.024508e+06  4.886953e+02
 [3,]    3 1.57583539 10.0000000  59607.78  2.226578e+03  3.471398e+02
 [4,]    4 0.52531829 10.0000000  57166.69  2.288572e+03  4.453879e+02
 [5,]    5 0.17502098 10.0000000  56507.06  9.124311e+02  4.900227e+02
 [6,]    6 0.17500329  9.9983047  56506.21  9.123973e+02  4.900179e+02
 [7,]    7 0.17493252  9.9915233  56502.83  9.122632e+02  4.899998e+02
 [8,]    8 0.17464942  9.9643980  56489.28  9.117388e+02  4.899620e+02
 [9,]    9 0.17351703  9.8558965  56435.07  9.099168e+02  4.903654e+02
[10,]   10 0.16898749  9.4218909  56217.40  9.029026e+02  4.921291e+02
[11,]   11 0.15086933  7.6858681  55377.30  9.235571e+02  4.599954e+02
[12,]   12 0.07839669  0.7417771  52298.83  1.701149e+03  5.450864e+02
[13,]   13 0.07065508  0.0000010 406756.84  0.000000e+00 -1.484205e+09
[14,]   14 0.07839669  0.7417771  52298.83  1.701149e+03  5.450864e+02
[15,]   15 0.07836370  0.7398912  52297.75  1.705941e+03  5.431840e+02
[16,]   16 0.07823175  0.7323479  52293.45  1.726052e+03  5.353353e+02
[17,]   17 0.07770394  0.7021745  52276.91  1.820359e+03  4.967505e+02
[18,]   18 0.07559269  0.5814808  52231.31  2.459865e+03  1.155716e+02
[19,]   19 0.07378522  0.5190976  52230.96  3.037027e+03 -2.978002e+02
[20,]   20 0.07474128  0.5520950  52228.09  2.697038e+03 -5.266800e+01
[21,]   21 0.07398710  0.5465821  52226.42  2.711099e+03 -8.249394e+01
[22,]   22 0.07097041  0.5245308  52221.37  2.780561e+03 -2.139145e+02
[23,]   23 0.05935915  0.4900584  52201.19  2.283087e+03 -3.348594e+02
[24,]   24 0.03604719  0.4622026  52194.08 -2.119304e+03 -8.113838e+01
[25,]   25 0.04865089  0.4772630  52186.83  9.654237e+02 -2.397554e+02
[26,]   26 0.04418767  0.4918702  52183.27 -2.859560e+02 -3.395456e+01
[27,]   27 0.04664497  0.5030204  52182.80  6.241969e+01 -3.444156e+00
[28,]   28 0.04634797  0.5026430  52182.79  5.505605e+00 -6.729223e-01
[29,]   29 0.04632543  0.5026785  52182.79 -1.376065e-03 -3.152833e-02

