[22;0t]0;IPython: scripts/01_msprime_simulations$par
[1] 0.0007983157 0.0001706568

$value
[1] -144.6285

$counts
function gradient 
      42       42 

$convergence
[1] 0

$message
[1] "CONVERGENCE: REL_REDUCTION_OF_F <= FACTR*EPSMCH"

$loginfo
      step         par1         par2         fn          gr1          gr2
 [1,]    1 0.1000000000 1.000000e-02   383.7547  2194.405813    2781.2902
 [2,]    2 0.0000010000 1.000000e-06   186.9599 62973.477326 -408933.9057
 [3,]    3 0.0000010000 1.000000e+01 24359.9781  2416.087797    2323.1461
 [4,]    4 0.0000010000 3.303702e+00  8323.6230  2415.994504    2465.7197
 [5,]    5 0.0000010000 1.091393e+00  2821.6996  2415.578935    2504.9509
 [6,]    6 0.0000010000 3.606497e-01   991.9380  2414.145300    2493.1176
 [7,]    7 0.0000010000 1.192801e-01   396.0945  2409.708707    2414.2456
 [8,]    8 0.0000010000 3.953871e-02   210.0445  2396.108015    2162.3726
 [9,]    9 0.0000010000 1.317745e-02   159.5147  2337.604149    1404.0055
[10,]   10 0.0000010000 1.313237e-02   159.4515  2337.171116    1400.0985
[11,]   11 0.0000010000 1.295203e-02   159.2004  2335.389346    1384.1983
[12,]   12 0.0000010000 1.223068e-02   158.2261  2327.368236    1315.9076
[13,]   13 0.0000010000 9.345284e-03   154.9264  2269.873464     937.2935
[14,]   14 0.0000010000 1.649175e-03   151.2769  2723.963946    1197.0820
[15,]   15 0.0000010000 1.000000e-06   186.9599     0.000000 -408933.9057
[16,]   16 0.0000010000 1.111197e-03   150.3125  1941.754872    2189.1777
[17,]   17 0.0000010000 4.435718e-04   148.1806 -6341.272896    4898.6536
[18,]   18 0.0500262292 1.000000e-06   205.2746     5.792732 -590441.2424
[19,]   19 0.0174194696 2.894711e-04   148.5407    57.994266   36101.7897
[20,]   20 0.0056533318 3.935658e-04   149.0541   445.875103   19650.3155
[21,]   21 0.0018358810 4.273387e-04   148.2687   208.140824   14313.2264
[22,]   22 0.0006073973 4.382070e-04   147.8237   963.211488   11435.7162
[23,]   23 0.0009193792 1.000000e-06   200.8524  2909.509547 -556484.7093
[24,]   24 0.0006772521 3.403135e-04   146.6520   486.961333   12965.5082
[25,]   25 0.0007983157 1.706568e-04   144.6285   209.955407   -4825.3573
[26,]   26 0.0005723781 2.629815e-04   145.5895   202.301242   11731.5810
[27,]   27 0.0007772087 1.792817e-04   144.6829   198.994185   -1082.0408
[28,]   28 0.0007963331 1.714669e-04   144.6330   208.756422   -4435.1518
[29,]   29 0.0007981354 1.707304e-04   144.6289   209.844845   -4789.5212
[30,]   30 0.0007982993 1.706634e-04   144.6286   209.945380   -4822.1085
[31,]   31 0.0007983142 1.706574e-04   144.6285   209.954499   -4825.0631
[32,]   32 0.0007983155 1.706568e-04   144.6285   209.955325   -4825.3306
[33,]   33 0.0007983157 1.706568e-04   144.6285   209.955399   -4825.3548
[34,]   34 0.0007983157 1.706568e-04   144.6285   209.955406   -4825.3570
[35,]   35 0.0007983157 1.706568e-04   144.6285   209.955407   -4825.3572
[36,]   36 0.0007983157 1.706568e-04   144.6285   209.955407   -4825.3573
[37,]   37 0.0007983157 1.706568e-04   144.6285   209.955407   -4825.3573
[38,]   38 0.0007983157 1.706568e-04   144.6285   209.955407   -4825.3573
[39,]   39 0.0007983157 1.706568e-04   144.6285   209.955407   -4825.3573
[40,]   40 0.0007983157 1.706568e-04   144.6285   209.955407   -4825.3573
[41,]   41 0.0007983157 1.706568e-04   144.6285   209.955407   -4825.3573

