[22;0t]0;IPython: scripts/01_msprime_simulations$par
[1] 0.106873718 0.001134506

$value
[1] -881.9924

$counts
function gradient 
      30       30 

$convergence
[1] 0

$message
[1] "CONVERGENCE: REL_REDUCTION_OF_F <= FACTR*EPSMCH"

$loginfo
      step        par1         par2        fn           gr1           gr2
 [1,]    1 0.100000000 0.0100000000 1096.2238  1.414755e+03  8.623186e+03
 [2,]    2 0.000001000 0.0000010000 1411.1312  1.134317e+05 -4.815769e+06
 [3,]    3 0.056519260 0.0056523173  995.3430  8.379630e+02  1.567097e+04
 [4,]    4 0.019690253 0.0019697481  898.3693  1.156280e+01  2.541725e+04
 [5,]    5 0.007673936 0.0007682246  887.2884  1.639825e+02 -2.827315e+04
 [6,]    6 0.013808819 0.0013816576  886.1589 -1.042836e+02  1.469969e+04
 [7,]    7 0.010131244 0.0000010000 1538.3086  1.574108e+03 -5.072507e+06
 [8,]    8 0.012697286 0.0009643592  884.0720 -3.699022e+01 -8.786340e+03
 [9,]    9 0.016339704 0.0011326615  883.4898 -7.267865e+01  3.092315e+03
[10,]   10 0.019610773 0.0011209616  883.2445 -5.862313e+01  1.804881e+03
[11,]   11 0.034755574 0.0011209546  882.6150 -2.907382e+01  2.564046e+02
[12,]   12 0.050566448 0.0011383146  882.2866 -1.546924e+01  7.944833e+02
[13,]   13 0.067426148 0.0011409552  882.1050 -7.245799e+00  6.414747e+02
[14,]   14 0.081399327 0.0011046139  882.0568 -3.130678e+00 -2.416665e+03
[15,]   15 0.089529510 0.0011299678  882.0078 -1.930096e+00 -4.036471e+02
[16,]   16 0.098399764 0.0011375567  881.9969 -8.296025e-01  1.684595e+02
[17,]   17 0.104200734 0.0011370261  881.9935 -2.708372e-01  1.137433e+02
[18,]   18 0.106873718 0.0011345058  881.9924 -4.977388e-02 -9.288518e+01
[19,]   19 0.107349219 0.0011355036  881.9926 -1.518082e-02 -1.336397e+01
[20,]   20 0.106909430 0.0011345808  881.9925 -4.715804e-02 -8.691034e+01
[21,]   21 0.106876575 0.0011345118  881.9924 -4.956454e-02 -9.240725e+01
[22,]   22 0.106873948 0.0011345063  881.9924 -4.975705e-02 -9.284676e+01
[23,]   23 0.106873737 0.0011345059  881.9924 -4.977256e-02 -9.288209e+01
[24,]   24 0.106873720 0.0011345058  881.9924 -4.977379e-02 -9.288493e+01
[25,]   25 0.106873719 0.0011345058  881.9924 -4.977390e-02 -9.288516e+01
[26,]   26 0.106873718 0.0011345058  881.9924 -4.977389e-02 -9.288518e+01
[27,]   27 0.106873718 0.0011345058  881.9924 -4.977387e-02 -9.288518e+01
[28,]   28 0.106873718 0.0011345058  881.9924 -4.977390e-02 -9.288518e+01
[29,]   29 0.106873718 0.0011345058  881.9924 -4.977389e-02 -9.288518e+01
[30,]   30 0.106873718 0.0011345058  881.9924 -4.977390e-02 -9.288518e+01

