[22;0t]0;IPython: scripts/01_msprime_simulations$par
[1] 0.0003653903 0.0046965159

$value
[1] -3676.78

$counts
function gradient 
      44       44 

$convergence
[1] 0

$message
[1] "CONVERGENCE: REL_REDUCTION_OF_F <= FACTR*EPSMCH"

$loginfo
      step         par1        par2       fn           gr1           gr2
 [1,]    1 0.1000000000 0.010000000 3769.803  2.586749e+02  1.294913e+04
 [2,]    2 0.0000010000 0.000001000 7757.019  1.224917e+05 -2.839995e+07
 [3,]    3 0.0662384050 0.006624144 3738.961  2.334019e+02 -2.241960e+03
 [4,]    4 0.0608004998 0.006612687 3737.676  2.489715e+02 -2.231241e+03
 [5,]    5 0.0390488787 0.006566855 3731.250  3.765733e+02 -1.777122e+03
 [6,]    6 0.0000010000 0.006484580 3702.369 -2.016168e+05  5.720866e+02
 [7,]    7 0.0389768044 0.006566703 3731.223  3.773610e+02 -1.774159e+03
 [8,]    8 0.0129101332 0.006511780 3712.075  1.485439e+03 -1.726539e+02
 [9,]    9 0.0042878899 0.006493613 3693.186  3.287296e+03  5.038023e+02
[10,]   10 0.0000010000 0.006226744 3702.205 -2.024981e+05  7.545581e+02
[11,]   11 0.0022242256 0.006365145 3685.353  4.286303e+03  5.597086e+02
[12,]   12 0.0008109466 0.006277165 3678.837  4.489876e+03  6.000510e+02
[13,]   13 0.0003830139 0.006250525 3677.545 -1.419864e+03  6.333460e+02
[14,]   14 0.0015242020 0.006106338 3682.090  4.663155e+03  4.323022e+02
[15,]   15 0.0004705096 0.006239470 3677.585  1.446608e+03  5.916047e+02
[16,]   16 0.0004088252 0.006247264 3677.532 -3.743558e+02  6.180829e+02
[17,]   17 0.0004193420 0.006202521 3677.507  1.749667e+01  5.981227e+02
[18,]   18 0.0004647138 0.005761720 3677.323  1.451548e+03  4.795703e+02
[19,]   19 0.0004991349 0.004950483 3677.080  3.000378e+03  1.450934e+02
[20,]   20 0.0004657991 0.004752980 3676.970  2.871017e+03 -1.405058e+02
[21,]   21 0.0001979852 0.004636340 3677.662 -1.914844e+04  6.346490e+02
[22,]   22 0.0003631050 0.004708254 3676.780 -3.415361e+02  8.498871e+01
[23,]   23 0.0003703513 0.004672805 3676.782  1.233578e+02 -3.256778e+01
[24,]   24 0.0003647319 0.004700295 3676.780 -2.354664e+02  5.951382e+01
[25,]   25 0.0003681278 0.004680804 3676.780 -6.603786e+00 -2.986778e+00
[26,]   26 0.0003653903 0.004696516 3676.780 -1.907734e+02  4.764140e+01
[27,]   27 0.0003684199 0.004682175 3676.781  1.622273e+00 -4.127856e-01
[28,]   28 0.0003658064 0.004694546 3676.780 -1.641493e+02  4.114460e+01
[29,]   29 0.0003654557 0.004696206 3676.780 -1.865838e+02  4.662226e+01
[30,]   30 0.0003654008 0.004696466 3676.780 -1.901012e+02  4.747796e+01
[31,]   31 0.0003653920 0.004696508 3676.780 -1.906652e+02  4.761510e+01
[32,]   32 0.0003653906 0.004696515 3676.780 -1.907560e+02  4.763716e+01
[33,]   33 0.0003653904 0.004696516 3676.780 -1.907706e+02  4.764072e+01
[34,]   34 0.0003653903 0.004696516 3676.780 -1.907729e+02  4.764129e+01
[35,]   35 0.0003653903 0.004696516 3676.780 -1.907733e+02  4.764138e+01
[36,]   36 0.0003653903 0.004696516 3676.780 -1.907734e+02  4.764140e+01
[37,]   37 0.0003653903 0.004696516 3676.780 -1.907734e+02  4.764140e+01
[38,]   38 0.0003653903 0.004696516 3676.780 -1.907734e+02  4.764140e+01
[39,]   39 0.0003653903 0.004696516 3676.780 -1.907734e+02  4.764140e+01
[40,]   40 0.0003653903 0.004696516 3676.780 -1.907734e+02  4.764140e+01
[41,]   41 0.0003653903 0.004696516 3676.780 -1.907734e+02  4.764140e+01
[42,]   42 0.0003653903 0.004696516 3676.780 -1.907734e+02  4.764140e+01
[43,]   43 0.0003653903 0.004696516 3676.780 -1.907734e+02  4.764140e+01

