[22;0t]0;IPython: scripts/01_msprime_simulations$par
[1] 0.005515211 0.078897763

$value
[1] -19170.08

$counts
function gradient 
      32       32 

$convergence
[1] 0

$message
[1] "CONVERGENCE: REL_REDUCTION_OF_F <= FACTR*EPSMCH"

$loginfo
      step        par1       par2       fn           gr1           gr2
 [1,]    1 0.100000000 0.01000000 22830.96  9.401670e+03 -3.514540e+05
 [2,]    2 0.000010000 1.00000000 19703.42 -9.785552e+05  2.645494e+02
 [3,]    3 0.211849101 1.00000000 20094.81  3.580377e+03 -4.359255e+01
 [4,]    4 0.070485964 1.00000000 19581.82  3.503100e+03  2.106981e+02
 [5,]    5 0.070234540 0.99946438 19580.83  3.501685e+03  2.106061e+02
 [6,]    6 0.069228843 0.99732191 19576.86  3.495769e+03  2.100223e+02
 [7,]    7 0.065206056 0.98875204 19561.06  3.468146e+03  2.076751e+02
 [8,]    8 0.049114908 0.95447255 19499.53  3.280013e+03  2.041796e+02
 [9,]    9 0.000010000 0.84986279 19663.88 -9.701990e+05  0.000000e+00
[10,]   10 0.026361344 0.90599991 19421.68  2.461170e+03  2.303921e+02
[11,]   11 0.000010000 0.80176088 19661.13 -9.878306e+05 -9.243637e+00
[12,]   12 0.015884332 0.86455559 19391.49  1.195507e+03  2.321893e+02
[13,]   13 0.000010000 0.76852507 19661.70 -1.006958e+06  2.519578e+00
[14,]   14 0.010163180 0.82994593 19382.46 -8.452543e+02  1.676961e+02
[15,]   15 0.010630392 0.80015136 19377.86 -6.175903e+02  1.263688e+02
[16,]   16 0.011855979 0.70881645 19364.94  3.215330e+02  1.834389e+02
[17,]   17 0.016758330 0.34347678 19320.93  4.356047e+03  2.364985e+02
[18,]   18 0.021367176 0.00001000 55108.25  5.638990e+04 -1.259147e+08
[19,]   19 0.018295303 0.22893631 19300.31  5.676926e+03  3.065452e+02
[20,]   20 0.020340667 0.07650890 19234.27  5.212103e+03 -4.901652e+01
[21,]   21 0.010993659 0.25663344 19273.06  3.579453e+03  2.938564e+02
[22,]   22 0.018887074 0.10452085 19237.83  5.689699e+03  6.342458e+02
[23,]   23 0.019943643 0.08415988 19233.22  5.347655e+03  2.945008e+02
[24,]   24 0.000010000 0.08717291 19477.99 -1.249468e+06 -7.359785e+00
[25,]   25 0.011869900 0.08538025 19191.19  4.837856e+03  2.195956e+02
[26,]   26 0.004042366 0.08656340 19174.07 -4.304386e+03  2.984926e+02
[27,]   27 0.011204665 0.07858224 19187.43  4.625913e+03 -5.016723e+01
[28,]   28 0.005946874 0.08444115 19170.78  6.927552e+02  1.952544e+02
[29,]   29 0.005669431 0.07977771 19170.12  2.778872e+02  2.970216e+01
[30,]   30 0.005531146 0.07882187 19170.08  3.285343e+01 -3.143935e+00
[31,]   31 0.005517182 0.07887922 19170.08  4.237646e+00 -7.316188e-01
[32,]   32 0.005515211 0.07889776 19170.08 -2.642675e-02 -3.400892e-03

