[22;0t]0;IPython: scripts/01_msprime_simulations$par
[1] 0.090456227 0.009477924

$value
[1] -5340.091

$counts
function gradient 
      17       17 

$convergence
[1] 0

$message
[1] "CONVERGENCE: REL_REDUCTION_OF_F <= FACTR*EPSMCH"

$loginfo
      step       par1        par2        fn           gr1           gr2
 [1,]    1 0.10000000 0.010000000  5340.856 -2.295089e+00  2.921341e+03
 [2,]    2 2.39508877 0.000001000 13156.305  8.801474e+00 -4.392563e+07
 [3,]    3 0.85341904 0.006717584  5417.309  1.809314e+01 -4.080636e+04
 [4,]    4 0.14137523 0.009819741  5341.306  3.347850e+01  8.933025e+02
 [5,]    5 0.11019719 0.009955574  5340.785  1.094824e+01  2.399858e+03
 [6,]    6 0.06265157 0.008757763  5341.806 -3.780261e+01 -3.550146e+03
 [7,]    7 0.09139770 0.009481961  5340.091  1.442114e+00 -1.054178e+01
 [8,]    8 0.09007978 0.009477982  5340.091 -6.406810e-01  1.478932e+01
 [9,]    9 0.09045623 0.009477924  5340.091  1.230775e-02 -4.887715e-01
[10,]   10 0.09044997 0.009477962  5340.091  8.174084e-05  9.579358e-03
[11,]   11 0.09045549 0.009477929  5340.091  1.085906e-02 -4.297234e-01
[12,]   12 0.09045613 0.009477925  5340.091  1.211277e-02 -4.808238e-01
[13,]   13 0.09045621 0.009477924  5340.091  1.228065e-02 -4.876699e-01
[14,]   14 0.09045623 0.009477924  5340.091  1.230383e-02 -4.886230e-01
[15,]   15 0.09045623 0.009477924  5340.091  1.230725e-02 -4.887568e-01
[16,]   16 0.09045623 0.009477924  5340.091  1.230746e-02 -4.887566e-01
[17,]   17 0.09045623 0.009477924  5340.091  1.230725e-02 -4.887568e-01

