[22;0t]0;IPython: scripts/01_msprime_simulations$par
[1] 0.003819435 0.004698988

$value
[1] -3134.44

$counts
function gradient 
      19       19 

$convergence
[1] 0

$message
[1] "CONVERGENCE: REL_REDUCTION_OF_F <= FACTR*EPSMCH"

$loginfo
      step        par1        par2       fn           gr1           gr2
 [1,]    1 0.100000000 0.010000000 3202.994  3.575839e+02  1.546913e+04
 [2,]    2 0.000001000 0.000001000 6364.828  1.222732e+05 -2.323081e+07
 [3,]    3 0.065747464 0.006575055 3152.887  2.474397e+02  5.346504e+03
 [4,]    4 0.036046611 0.004251988 3155.188  4.248096e+02 -1.898964e+04
 [5,]    5 0.051821945 0.005485864 3147.716  2.641018e+02 -2.952270e+03
 [6,]    6 0.046740111 0.005419969 3146.571  2.687492e+02 -3.378394e+03
 [7,]    7 0.026412777 0.005156391 3141.830  3.097186e+02 -4.208731e+03
 [8,]    8 0.000001000 0.004813919 3201.008 -3.531667e+05  1.180900e+03
 [9,]    9 0.016992019 0.005034236 3139.141  3.728210e+02 -3.559251e+03
[10,]   10 0.005786625 0.004888939 3134.811  3.224406e+02 -2.638075e+02
[11,]   11 0.001968112 0.004839426 3135.876 -1.924830e+03  1.642770e+03
[12,]   12 0.005786625 0.004888939 3134.811  3.224406e+02 -2.638075e+02
[13,]   13 0.000001000 0.004652580 3200.834 -3.548428e+05  9.318519e+02
[14,]   14 0.003886387 0.004811309 3134.467 -5.069988e+01  4.891752e+02
[15,]   15 0.003880114 0.004730686 3134.442  1.040924e+00  1.125168e+02
[16,]   16 0.003780008 0.004692833 3134.440 -1.170686e+01 -1.315900e+00
[17,]   17 0.003828791 0.004698102 3134.440  4.427475e+00 -1.154879e+01
[18,]   18 0.003820178 0.004699682 3134.440 -2.426673e-01  2.775799e+00
[19,]   19 0.003819435 0.004698988 3134.440 -2.825492e-02 -1.360921e-01

