[22;0t]0;IPython: scripts/01_msprime_simulations$par
[1] 0.0007807374 0.1822930491

$value
[1] -34213.66

$counts
function gradient 
      41       41 

$convergence
[1] 0

$message
[1] "CONVERGENCE: REL_REDUCTION_OF_F <= FACTR*EPSMCH"

$loginfo
      step         par1        par2        fn           gr1           gr2
 [1,]    1 0.1000000000  0.01000000  48393.74  2.928168e+04 -9.772047e+05
 [2,]    2 0.0000010000 10.00000000  40019.04  2.408350e+03  1.015786e+03
 [3,]    3 0.0666428886  3.34240875  35087.46  3.599164e+03  3.589431e+02
 [4,]    4 0.0543630810  3.34098535  35043.09  3.537455e+03  3.665620e+02
 [5,]    5 0.0052438506  3.33529175  34899.81 -4.542756e+02  3.817618e+02
 [6,]    6 0.0114511407  3.33466895  34906.00  1.935340e+03  3.824905e+02
 [7,]    7 0.0060206836  3.33521381  34899.65  1.028718e+02  3.820161e+02
 [8,]    8 0.0059314096  3.33363971  34899.05  4.537956e+01  3.810006e+02
 [9,]    9 0.0055743134  3.32734334  34896.69 -2.019542e+02  3.769677e+02
[10,]   10 0.0041459289  3.30215782  34888.57 -1.581841e+03  3.616377e+02
[11,]   11 0.0011333871  3.11011760  34843.33 -1.508620e+04  3.012141e+02
[12,]   12 0.0033092130  2.41865674  34667.71 -2.756011e+03  1.727218e+02
[13,]   13 0.0036037790  1.47077982  34386.69  3.842199e+02  8.484870e+01
[14,]   14 0.0032440395  0.54395915  34282.68  7.944699e+03  1.802062e+02
[15,]   15 0.0030329056  0.00000100 151555.50  0.000000e+00 -5.609147e+08
[16,]   16 0.0031736437  0.36259401  34250.73  1.305724e+04  1.771657e+01
[17,]   17 0.0007907784  0.00000100 151281.76  1.237367e+05 -5.609142e+08
[18,]   18 0.0023796219  0.24177024  34237.76  1.665904e+04  2.942295e+02
[19,]   19 0.0015852002  0.12088562  34234.30  2.269739e+04  1.214061e+02
[20,]   20 0.0010608818  0.04110177  35038.57  5.201165e+04 -6.107536e+04
[21,]   21 0.0014507165  0.10042167  34226.09  2.636481e+04  2.000947e+02
[22,]   22 0.0012979878  0.07718143  34279.70  2.999563e+04 -4.182719e+03
[23,]   23 0.0014507165  0.10042167  34226.09  2.636481e+04  2.000947e+02
[24,]   24 0.0000010000  0.00000100 151183.60  1.247626e+05 -5.609142e+08
[25,]   25 0.0009683047  0.06700540  34324.47  3.023381e+04 -7.669227e+03
[26,]   26 0.0014065045  0.09735914  34225.00  2.680115e+04 -3.246736e+02
[27,]   27 0.0000010000 10.00000000  40019.04  2.408350e+03  1.015786e+03
[28,]   28 0.0012297022  1.34303988  34390.85 -1.261334e+04 -1.207912e+02
[29,]   29 0.0013774499  0.30206671  34228.13  5.073010e+03  2.256540e+02
[30,]   30 0.0013943945  0.18268150  34218.98  1.429890e+04 -2.905226e+01
[31,]   31 0.0000010000  0.16284009  34345.77 -1.047038e+06 -5.258190e+02
[32,]   32 0.0009342163  0.17612874  34215.00  6.006802e+03 -1.557742e+02
[33,]   33 0.0000010000  0.22146807  34350.80 -1.031093e+06 -6.552857e+00
[34,]   34 0.0006659263  0.18916333  34215.86 -7.491403e+03  4.323489e+02
[35,]   35 0.0008163787  0.18185375  34213.70  1.375517e+03 -3.727495e+01
[36,]   36 0.0007822941  0.18369032  34213.74 -2.440685e+02  1.128332e+02
[37,]   37 0.0008032425  0.18256156  34213.68  7.754463e+02  1.703554e+01
[38,]   38 0.0007530107  0.18197210  34213.68 -1.408009e+03 -2.337571e+01
[39,]   39 0.0007798440  0.18228698  34213.66 -2.030003e+02 -2.157707e+00
[40,]   40 0.0007846622  0.18231970  34213.66  5.965108e+00 -8.516363e-02
[41,]   41 0.0007807374  0.18229305  34213.66 -1.640451e+02 -1.773938e+00

