[22;0t]0;IPython: scripts/01_msprime_simulations$par
[1] 0.04666340 0.05024225

$value
[1] -18113.25

$counts
function gradient 
      31       31 

$convergence
[1] 0

$message
[1] "CONVERGENCE: REL_REDUCTION_OF_F <= FACTR*EPSMCH"

$loginfo
      step        par1        par2       fn           gr1           gr2
 [1,]    1 0.100000000  0.01000000 20759.02  7.466801e+03 -3.042678e+05
 [2,]    2 0.000001000 10.00000000 30425.33  2.416098e+03  1.816755e+03
 [3,]    3 0.066780234  3.32868780 20023.51  2.335334e+03  1.028043e+03
 [4,]    4 0.088908923  1.11800967 18923.18  2.232515e+03  2.177317e+02
 [5,]    5 0.080781382  1.11715896 18905.19  2.144662e+03  2.291926e+02
 [6,]    6 0.048271220  1.11375611 18843.59  1.477970e+03  2.726299e+02
 [7,]    7 0.000001000  1.10733503 19195.59 -1.341763e+06  2.616807e+02
 [8,]    8 0.030199199  1.11135211 18823.59  5.200579e+02  2.917579e+02
 [9,]    9 0.019604315  1.10878616 18823.35 -7.965854e+02  2.956787e+02
[10,]   10 0.025442326  1.11020005 18821.82  5.775337e+01  2.946691e+02
[11,]   11 0.024104352  1.10870538 18821.40 -1.030230e+02  2.954561e+02
[12,]   12 0.022187371  1.10306675 18820.17 -3.650419e+02  2.979233e+02
[13,]   13 0.018214761  1.07842407 18815.30 -1.061645e+03  3.269660e+02
[14,]   14 0.008259240  0.97184902 18796.21 -5.162152e+03  4.971960e+02
[15,]   15 0.000001000  0.77565742 18926.86 -7.502845e+05  7.613876e+02
[16,]   16 0.004964340  0.89357185 18778.73 -8.998577e+03  5.326768e+02
[17,]   17 0.000001000  0.45220718 18882.92 -1.102355e+06  6.049803e+02
[18,]   18 0.002558580  0.67963980 18700.19 -1.654205e+04  3.762601e+02
[19,]   19 0.009352554  0.09179945 18307.38 -8.297030e+03  2.238116e+03
[20,]   20 0.010413516  0.00000100 59719.18  7.960298e+04 -2.174830e+08
[21,]   21 0.009706836  0.06114566 18229.16 -9.992792e+03  2.439540e+03
[22,]   22 0.013600561  0.00000100 59957.86  7.045956e+04 -2.174961e+08
[23,]   23 0.011005009  0.04075995 18187.04 -7.771985e+03 -6.744366e+02
[24,]   24 0.056642772  0.07448280 18182.43  2.159808e+02  4.341196e+03
[25,]   25 0.051744398  0.05113054 18113.72  1.511674e+02  1.428781e+02
[26,]   26 0.050796101  0.05017408 18113.61  1.639958e+02 -2.354315e+02
[27,]   27 0.049557379  0.05031622 18113.41  1.129203e+02 -1.104490e+02
[28,]   28 0.046326149  0.05024053 18113.25 -1.484168e+01  1.621014e+01
[29,]   29 0.046697053  0.05024572 18113.25  1.314843e+00 -7.669705e-02
[30,]   30 0.046663400  0.05024225 18113.25  1.331406e-02  1.123377e-01

