[22;0t]0;IPython: scripts/01_msprime_simulations$par
[1] 0.0074499314 0.0004215546

$value
[1] -365.9321

$counts
function gradient 
      47       47 

$convergence
[1] 0

$message
[1] "CONVERGENCE: REL_REDUCTION_OF_F <= FACTR*EPSMCH"

$loginfo
      step        par1         par2       fn           gr1           gr2
 [1,]    1 0.100000000 0.0100000000 589.6696   1978.650962  3.327344e+03
 [2,]    2 0.000001000 0.0000010000 522.5890 102018.048998 -1.539459e+06
 [3,]    3 0.095737547 0.0095737930 579.8387   1961.897958  3.396248e+03
 [4,]    4 0.047869273 0.0047873965 472.0528   1554.139076  6.892163e+03
 [5,]    5 0.017003524 0.0017010994 396.6278    590.312515  2.144911e+04
 [6,]    6 0.008148356 0.0008156623 372.6536     45.075047  2.390944e+04
 [7,]    7 0.000001000 0.0000010000 522.5890 102018.048998 -1.539459e+06
 [8,]    8 0.007432936 0.0007441268 370.9508      5.276014  2.263748e+04
 [9,]    9 0.003716968 0.0003725634 366.1536    -65.663274 -8.146276e+03
[10,]   10 0.004943896 0.0004900063 366.4576    -95.493731  9.407781e+03
[11,]   11 0.004091831 0.0004084457 366.0451    -88.464836 -1.294857e+03
[12,]   12 0.004268882 0.0004206566 366.0494    -89.842936  6.367632e+02
[13,]   13 0.004133490 0.0004113188 366.0442    -88.900515 -8.272295e+02
[14,]   14 0.004388059 0.0004245582 366.0496    -86.620372  1.169449e+03
[15,]   15 0.004192767 0.0004144016 366.0433    -88.436852 -3.492082e+02
[16,]   16 0.004516281 0.0004273067 366.0474    -82.206551  1.503850e+03
[17,]   17 0.004271359 0.0004175367 366.0421    -86.889102  1.111660e+02
[18,]   18 0.004684207 0.0004302248 366.0441    -76.398353  1.834544e+03
[19,]   19 0.004381424 0.0004209193 366.0403    -83.895437  5.777752e+02
[20,]   20 0.004909408 0.0004331328 366.0386    -68.769301  2.125855e+03
[21,]   21 0.005301514 0.0004359841 366.0254    -56.293141  2.310503e+03
[22,]   22 0.006905656 0.0004114590 365.9368     -8.852765 -2.869358e+03
[23,]   23 0.007413173 0.0004269511 365.9386     -9.600222 -2.565135e+02
[24,]   24 0.007050256 0.0004158730 365.9336     -9.195051 -2.102554e+03
[25,]   25 0.007946957 0.0004301101 365.9403     -5.016867  9.159554e+01
[26,]   26 0.007263872 0.0004192646 365.9322     -8.162777 -1.572670e+03
[27,]   27 0.008200811 0.0004307963 365.9406     -2.847299  1.247749e+02
[28,]   28 0.007449931 0.0004215546 365.9321     -7.017302 -1.235228e+03
[29,]   29 0.008322097 0.0004308458 365.9404     -1.790771  9.443116e+01
[30,]   30 0.007597223 0.0004231237 365.9324     -6.052888 -1.012043e+03
[31,]   31 0.007479031 0.0004218646 365.9321     -6.823548 -1.191192e+03
[32,]   32 0.007455855 0.0004216177 365.9321     -6.977725 -1.226266e+03
[33,]   33 0.007451145 0.0004215675 365.9321     -7.009190 -1.233392e+03
[34,]   34 0.007450180 0.0004215573 365.9321     -7.015638 -1.234852e+03
[35,]   35 0.007449982 0.0004215552 365.9321     -7.016960 -1.235151e+03
[36,]   36 0.007449942 0.0004215547 365.9321     -7.017232 -1.235212e+03
[37,]   37 0.007449934 0.0004215546 365.9321     -7.017287 -1.235225e+03
[38,]   38 0.007449932 0.0004215546 365.9321     -7.017299 -1.235227e+03
[39,]   39 0.007449931 0.0004215546 365.9321     -7.017301 -1.235228e+03
[40,]   40 0.007449931 0.0004215546 365.9321     -7.017302 -1.235228e+03
[41,]   41 0.007449931 0.0004215546 365.9321     -7.017302 -1.235228e+03
[42,]   42 0.007449931 0.0004215546 365.9321     -7.017302 -1.235228e+03
[43,]   43 0.007449931 0.0004215546 365.9321     -7.017302 -1.235228e+03
[44,]   44 0.007449931 0.0004215546 365.9321     -7.017302 -1.235228e+03
[45,]   45 0.007449931 0.0004215546 365.9321     -7.017302 -1.235228e+03
[46,]   46 0.007449931 0.0004215546 365.9321     -7.017302 -1.235228e+03

