[22;0t]0;IPython: scripts/01_msprime_simulations$par
[1] 0.00462981 0.10629201

$value
[1] -21258.35

$counts
function gradient 
      47       47 

$convergence
[1] 0

$message
[1] "CONVERGENCE: REL_REDUCTION_OF_F <= FACTR*EPSMCH"

$loginfo
      step        par1        par2       fn           gr1           gr2
 [1,]    1 0.100000000  0.01000000 28055.56  1.484674e+04 -5.095865e+05
 [2,]    2 0.000001000 10.00000000 33116.67 -8.816113e+04  1.596651e+03
 [3,]    3 0.066652211  3.34147744 23913.12  2.290757e+03  1.041209e+03
 [4,]    4 0.051617457  3.33446421 23872.68  2.102167e+03  1.038660e+03
 [5,]    5 0.000001000  3.31038679 24050.41 -1.215304e+06  9.418751e+02
 [6,]    6 0.028934872  3.32388351 23820.05  1.448205e+03  1.033257e+03
 [7,]    7 0.000001000  3.29461141 24035.55 -1.222226e+06  9.421356e+02
 [8,]    8 0.017540508  3.31235595 23796.20  5.009757e+02  1.027356e+03
 [9,]    9 0.000001000  3.27191862 24014.20 -1.231098e+06  9.388122e+02
[10,]   10 0.010935419  3.29712792 23781.26 -9.099433e+02  1.020068e+03
[11,]   11 0.004477945  3.24053732 23741.96 -6.005708e+03  9.978940e+02
[12,]   12 0.002110444  2.98684183 23525.15 -1.615830e+04  8.848689e+02
[13,]   13 0.021175916  0.00000100 86292.56  5.800939e+04 -3.139517e+08
[14,]   14 0.008679200  1.95776529 22608.31 -3.362817e+03  8.019418e+02
[15,]   15 0.015621031  0.00000100 85950.05  6.557559e+04 -3.139389e+08
[16,]   16 0.011035488  1.29323514 22089.49 -1.356821e+03  6.723917e+02
[17,]   17 0.014998085  0.00000100 85908.91  6.653194e+04 -3.139373e+08
[18,]   18 0.012369543  0.85785263 21750.82  6.567646e+02  8.448816e+02
[19,]   19 0.013683814  0.42892682 21452.54  3.389703e+03  5.733043e+02
[20,]   20 0.013533476  0.00000100 85809.76  6.888490e+04 -3.139335e+08
[21,]   21 0.013633582  0.28561100 21371.58  4.754978e+03  4.684212e+02
[22,]   22 0.010348954  0.00000100 85581.51  7.462633e+04 -3.139241e+08
[23,]   23 0.012537585  0.19031023 21316.25  5.395480e+03  4.561394e+02
[24,]   24 0.011443270  0.09515562 21299.26  7.457885e+03 -1.072447e+03
[25,]   25 0.012160766  0.15754449 21301.67  5.594739e+03  2.977476e+02
[26,]   26 0.000001000  0.00000100 84644.30  1.240725e+05 -3.138567e+08
[27,]   27 0.008107213  0.10502613 21270.54  5.607780e+03 -2.644651e+02
[28,]   28 0.000001000 10.00000000 33116.67 -8.816113e+04  1.596651e+03
[29,]   29 0.007648305  0.66519946 21588.92 -2.104896e+03  7.118110e+02
[30,]   30 0.008064104  0.15764774 21282.58  3.313933e+03  3.658145e+02
[31,]   31 0.008099638  0.11427257 21270.06  5.091694e+03  1.292917e+02
[32,]   32 0.000001000  0.10063661 21716.38 -2.561424e+06 -6.300305e+01
[33,]   33 0.005284362  0.10953239 21259.10  1.554357e+03  1.229301e+02
[34,]   34 0.003891865  0.10435722 21259.34 -2.701397e+03 -6.589706e+01
[35,]   35 0.004619440  0.10706123 21258.37 -8.174058e+01  4.230335e+01
[36,]   36 0.004637617  0.10606992 21258.35  3.651037e+01 -1.255109e+01
[37,]   37 0.004629810  0.10629201 21258.35 -1.482587e+00  1.539268e-01
[38,]   38 0.004630297  0.10628986 21258.35  1.724764e-01  6.372265e-03
[39,]   39 0.004629877  0.10629171 21258.35 -1.255418e+00  1.336784e-01
[40,]   40 0.004629821  0.10629196 21258.35 -1.445940e+00  1.506625e-01
[41,]   41 0.004629812  0.10629200 21258.35 -1.476527e+00  1.533891e-01
[42,]   42 0.004629810  0.10629200 21258.35 -1.481649e+00  1.538450e-01
[43,]   43 0.004629810  0.10629201 21258.35 -1.482486e+00  1.539183e-01
[44,]   44 0.004629810  0.10629200 21258.35 -1.481933e+00  1.538715e-01
[45,]   45 0.004629810  0.10629201 21258.35 -1.482393e+00  1.539100e-01
[46,]   46 0.004629810  0.10629201 21258.35 -1.482483e+00  1.539208e-01
[47,]   47 0.004629810  0.10629201 21258.35 -1.482486e+00  1.539183e-01

