[22;0t]0;IPython: scripts/01_msprime_simulations$par
[1] 0.0037042057 0.0008282248

$value
[1] -707.4045

$counts
function gradient 
      56       56 

$convergence
[1] 52

$message
[1] "ERROR: ABNORMAL_TERMINATION_IN_LNSRCH"

$loginfo
      step        par1         par2         fn           gr1           gr2
 [1,]    1 0.100000000 1.000000e-02   921.1701   1572.414233  7.704004e+03
 [2,]    2 0.000001000 1.000000e-06  1100.3708 108216.056178 -3.662092e+06
 [3,]    3 0.052814504 5.281875e-03   808.8061   1049.955658  1.393681e+04
 [4,]    4 0.018481818 1.848915e-03   724.1847    187.357599  2.147571e+04
 [5,]    5 0.006284478 6.292913e-04   709.9507    308.160857 -2.627030e+04
 [6,]    6 0.012362044 1.236993e-03   711.4208     65.796003  1.556636e+04
 [7,]    7 0.003190396 1.000000e-06  1182.6269   5886.075592 -3.887760e+06
 [8,]    8 0.009594656 8.640534e-04   707.8456     88.143177 -1.014158e+03
 [9,]    9 0.008896136 8.712114e-04   707.7828     87.784117 -2.340818e+02
[10,]   10 0.006102053 8.998434e-04   707.6123     58.500676  2.799315e+03
[11,]   11 0.000001000 8.648243e-04   712.2783 -39503.892831  1.430057e+02
[12,]   12 0.003974841 8.876336e-04   707.5216    -34.536353  3.280696e+03
[13,]   13 0.004117021 8.457100e-04   707.4184     10.067234  6.776523e+02
[14,]   14 0.003655905 8.274445e-04   707.4046    -11.511726 -5.615216e+01
[15,]   15 0.003845353 8.305050e-04   707.4051      2.958623 -5.965977e+01
[16,]   16 0.003704206 8.282248e-04   707.4045     -7.608025 -5.836575e+01
[17,]   17 0.003811723 8.312503e-04   707.4054     -0.814263  2.656342e+01
[18,]   18 0.003716981 8.285843e-04   707.4045     -6.768456 -4.851930e+01
[19,]   19 0.003705929 8.282733e-04   707.4045     -7.494236 -5.704133e+01
[20,]   20 0.003704442 8.282315e-04   707.4045     -7.592411 -5.818419e+01
[21,]   21 0.003704238 8.282257e-04   707.4045     -7.605879 -5.834080e+01
[22,]   22 0.003704210 8.282249e-04   707.4045     -7.607730 -5.836232e+01
[23,]   23 0.003704206 8.282248e-04   707.4045     -7.607985 -5.836528e+01
[24,]   24 0.003704206 8.282248e-04   707.4045     -7.608020 -5.836568e+01
[25,]   25 0.003704206 8.282248e-04   707.4045     -7.608024 -5.836574e+01
[26,]   26 0.003704206 8.282248e-04   707.4045     -7.608025 -5.836575e+01
[27,]   27 0.003704206 8.282248e-04   707.4045     -7.608025 -5.836575e+01
[28,]   28 0.003704206 8.282248e-04   707.4045     -7.608025 -5.836575e+01
[29,]   29 0.003704206 8.282248e-04   707.4045     -7.608025 -5.836575e+01
[30,]   30 0.003704206 8.282248e-04   707.4045     -7.608025 -5.836575e+01
[31,]   31 0.003704206 8.282248e-04   707.4045     -7.608025 -5.836575e+01
[32,]   32 0.003704206 8.282248e-04   707.4045     -7.608025 -5.836575e+01
[33,]   33 0.003704206 8.282248e-04   707.4045     -7.608025 -5.836575e+01
[34,]   34 0.003704206 8.282248e-04   707.4045     -7.608025 -5.836575e+01
[35,]   35 7.611729332 1.000000e+01 42148.3186   2233.570124  2.318098e+03
[36,]   36 0.032349300 3.847626e-02   790.9696   2383.806225  2.925645e+02
[37,]   37 0.003901548 1.087591e-03   709.0643    -71.202284  1.053224e+04
[38,]   38 0.003704922 8.291665e-04   707.4049     -8.570016  3.917729e+00
[39,]   39 0.003704222 8.282469e-04   707.4045     -7.630635 -5.690401e+01
[40,]   40 0.003704206 8.282253e-04   707.4045     -7.608566 -5.833078e+01
[41,]   41 0.003704206 8.282248e-04   707.4045     -7.608038 -5.836491e+01
[42,]   42 0.003704206 8.282248e-04   707.4045     -7.608025 -5.836573e+01
[43,]   43 0.003704206 8.282248e-04   707.4045     -7.608025 -5.836575e+01
[44,]   44 0.003704206 8.282248e-04   707.4045     -7.608025 -5.836575e+01
[45,]   45 0.003704206 8.282248e-04   707.4045     -7.608025 -5.836575e+01
[46,]   46 0.003704206 8.282248e-04   707.4045     -7.608025 -5.836575e+01
[47,]   47 0.003704206 8.282248e-04   707.4045     -7.608025 -5.836575e+01
[48,]   48 0.003704206 8.282248e-04   707.4045     -7.608025 -5.836575e+01
[49,]   49 0.003704206 8.282248e-04   707.4045     -7.608025 -5.836575e+01
[50,]   50 0.003704206 8.282248e-04   707.4045     -7.608025 -5.836575e+01
[51,]   51 0.003704206 8.282248e-04   707.4045     -7.608025 -5.836575e+01

