[22;0t]0;IPython: scripts/01_msprime_simulations$par
[1] 0.25940188 0.01021547

$value
[1] -5641.014

$counts
function gradient 
      14       14 

$convergence
[1] 0

$message
[1] "CONVERGENCE: REL_REDUCTION_OF_F <= FACTR*EPSMCH"

$loginfo
      step       par1        par2        fn           gr1           gr2
 [1,]    1  0.1000000 0.010000000  5646.717 -1.208113e+02  1.454398e+03
 [2,]    2 10.0000000 0.000001000 13980.442  4.937308e-01 -4.660449e+07
 [3,]    3  3.6504555 0.006414040  5747.488  1.269882e+00 -5.776616e+04
 [4,]    4  1.0849260 0.009005225  5656.153  6.232834e+00 -1.268618e+04
 [5,]    5  0.4050732 0.009691876  5643.558  1.284253e+01 -4.913302e+03
 [6,]    6  0.5628303 0.013856123  5684.116  2.621339e+01  1.977637e+04
 [7,]    7  0.4260089 0.010244507  5642.404  1.212540e+01 -3.048785e+02
 [8,]    8  0.3964850 0.010221388  5642.061  1.164694e+01 -4.560577e+02
 [9,]    9  0.2783894 0.010128913  5641.084  3.732838e+00 -7.753772e+02
[10,]   10  0.2199120 0.010191326  5641.186 -9.701612e+00  1.751809e+02
[11,]   11  0.2559397 0.010152873  5641.027 -2.026134e-01 -4.386290e+02
[12,]   12  0.2594853 0.010212011  5641.014  4.142879e-02 -2.605389e+01
[13,]   13  0.2593628 0.010215462  5641.014 -6.790879e-03  2.601748e-01
[14,]   14  0.2594019 0.010215468  5641.014  6.418668e-04  2.258129e-02

