[22;0t]0;IPython: scripts/01_msprime_simulations$par
[1] 0.09779811 0.49004560

$value
[1] -54251.47

$counts
function gradient 
      32       32 

$convergence
[1] 0

$message
[1] "CONVERGENCE: REL_REDUCTION_OF_F <= FACTR*EPSMCH"

$loginfo
      step       par1       par2        fn           gr1           gr2
 [1,]    1 0.10000000  0.0100000 116992.00  6.659987e+04 -2.986081e+06
 [2,]    2 0.00000100 10.0000000  62037.65 -9.342478e+06  4.560025e+02
 [3,]    3 1.54607884 10.0000000  61372.39  2.061977e+03  2.904651e+02
 [4,]    4 0.51469199 10.0000000  59243.05  1.829811e+03  3.557734e+02
 [5,]    5 0.17152352 10.0000000  58818.53 -3.960454e+01  3.998087e+02
 [6,]    6 0.17152424  9.9986350  58817.98 -3.937846e+01  3.998210e+02
 [7,]    7 0.17152711  9.9931752  58815.80 -3.847112e+01  3.998724e+02
 [8,]    8 0.17153862  9.9713359  58807.06 -3.479974e+01  4.000801e+02
 [9,]    9 0.17158463  9.8839788  58772.08 -1.944589e+01  4.009315e+02
[10,]   10 0.17176867  9.5345504  58631.55  4.764226e+01  4.024009e+02
[11,]   11 0.17250483  8.1368367  58094.19  2.727680e+02  3.727501e+02
[12,]   12 0.17544948  2.5459818  55943.65  1.746593e+03  5.236394e+02
[13,]   13 0.17679043  0.0000010 419030.86  0.000000e+00 -1.503860e+09
[14,]   14 0.17589765  1.6950776  55418.10  1.688694e+03  7.553003e+02
[15,]   15 0.17649275  0.5651879  54337.70  1.565813e+03  1.835674e+02
[16,]   16 0.17675607  0.0000010 419029.09  5.171540e+04 -1.503860e+09
[17,]   17 0.17658051  0.3768332  54644.45  4.019664e+03 -4.783261e+03
[18,]   18 0.17650052  0.5485065  54336.15  1.666687e+03  3.190589e-01
[19,]   19 0.17646937  0.5485310  54336.09  1.666183e+03  8.095743e-01
[20,]   20 0.17634474  0.5486289  54335.89  1.664164e+03  2.770332e+00
[21,]   21 0.17584625  0.5490208  54335.06  1.656058e+03  1.059257e+01
[22,]   22 0.17385227  0.5505884  54331.83  1.623088e+03  4.155044e+01
[23,]   23 0.16587634  0.5568586  54320.08  1.481818e+03  1.601959e+02
[24,]   24 0.07929668  0.5468460  54291.19 -2.038191e+03  6.873143e+02
[25,]   25 0.12832289  0.5525157  54275.62  7.257093e+02  3.637023e+02
[26,]   26 0.08032057  0.5158459  54271.29 -1.651880e+03  4.619690e+02
[27,]   27 0.10740121  0.5365332  54261.03  4.236006e+01  3.835080e+02
[28,]   28 0.09610814  0.5011160  54252.51 -2.374112e+02  1.491377e+02
[29,]   29 0.09912421  0.4864181  54251.66  1.248317e+02 -6.272274e+01
[30,]   30 0.09783981  0.4903505  54251.47 -1.270228e+00  3.236991e+00
[31,]   31 0.09779198  0.4900414  54251.47 -2.899224e-01  2.032932e-02
[32,]   32 0.09779811  0.4900456  54251.47  2.738234e-02 -4.255016e-03

