[22;0t]0;IPython: scripts/01_msprime_simulations$par
[1] 0.08212818 0.10133691

$value
[1] -29736.53

$counts
function gradient 
      28       28 

$convergence
[1] 0

$message
[1] "CONVERGENCE: REL_REDUCTION_OF_F <= FACTR*EPSMCH"

$loginfo
      step       par1        par2        fn           gr1           gr2
 [1,]    1 0.10000000  0.01000000  38652.31  2.060324e+04 -7.301412e+05
 [2,]    2 0.00000100 10.00000000  36565.46  2.416086e+03  1.304122e+03
 [3,]    3 0.06666872  3.33982777  31294.45  9.673185e+02  1.244877e+02
 [4,]    4 0.06225192  3.33918553  31290.29  8.765219e+02  1.222960e+02
 [5,]    5 0.04458468  3.33661655  31278.62  3.613306e+02  1.097638e+02
 [6,]    6 0.03089584  3.33411437  31277.91 -3.723216e+02  9.241282e+01
 [7,]    7 0.03749907  3.33532137  31277.00  3.941128e+01  1.020283e+02
 [8,]    8 0.03623860  3.33459365  31276.92 -2.981018e+01  1.004358e+02
 [9,]    9 0.03575129  3.33347458  31276.83 -5.884767e+01  9.985592e+01
[10,]   10 0.03313063  3.32145207  31276.03 -2.368723e+02  9.699439e+01
[11,]   11 0.03051028  3.29389071  31274.30 -4.656873e+02  9.499855e+01
[12,]   12 0.02540230  3.17903010  31267.21 -1.066967e+03  9.682412e+01
[13,]   13 0.01452608  2.70332614  31248.73 -5.154575e+03  8.017458e+01
[14,]   14 0.02004420  2.42506018  31199.28 -3.867417e+03  1.469058e+02
[15,]   15 0.04211668  1.31199631  30792.53  9.975899e+02  2.660215e+02
[16,]   16 0.06813405  0.00000100 122649.35  3.906761e+04 -4.373800e+08
[17,]   17 0.05081054  0.87358508  30687.39  2.142775e+03  2.908201e+02
[18,]   18 0.06235676  0.29133602  30280.81  1.783611e+03  2.026513e+03
[19,]   19 0.06620549  0.09725389  29740.03 -4.149534e+02 -2.522099e+02
[20,]   20 0.05899590  1.90739248  31025.25  1.134941e+03  3.558058e+02
[21,]   21 0.06578837  0.20198044  30051.44  3.159557e+02  3.249531e+03
[22,]   22 0.06619689  0.09941097  29739.95 -4.980459e+02  1.634818e+02
[23,]   23 0.06973530  0.09925964  29738.46 -3.385822e+02  7.796435e+00
[24,]   24 0.07859598  0.10063250  29736.67 -7.671606e+01 -2.745412e+01
[25,]   25 0.08141974  0.10125663  29736.53 -1.645850e+01  6.099045e+00
[26,]   26 0.08208696  0.10133003  29736.53 -8.927131e-01 -4.840982e-02
[27,]   27 0.08212818  0.10133691  29736.53 -1.622942e-02  4.199486e-02

