[22;0t]0;IPython: scripts/01_msprime_simulations$par
[1] 0.09204239 0.50269532

$value
[1] -53387.81

$counts
function gradient 
      29       29 

$convergence
[1] 0

$message
[1] "CONVERGENCE: REL_REDUCTION_OF_F <= FACTR*EPSMCH"

$loginfo
      step       par1       par2        fn           gr1           gr2
 [1,]    1 0.10000000  0.0100000 117416.15  6.617382e+04 -3.010415e+06
 [2,]    2 0.00000100 10.0000000  61332.16 -8.637447e+06  5.792914e+02
 [3,]    3 1.66493460 10.0000000  61360.82  2.086036e+03  3.371946e+02
 [4,]    4 0.55504368 10.0000000  58960.96  2.038950e+03  4.271839e+02
 [5,]    5 0.18494254 10.0000000  58386.28  4.464369e+02  4.782644e+02
 [6,]    6 0.18493296  9.9983770  58385.50  4.465679e+02  4.782776e+02
 [7,]    7 0.18489465  9.9918849  58382.38  4.470957e+02  4.783325e+02
 [8,]    8 0.18474141  9.9659165  58369.88  4.492569e+02  4.785599e+02
 [9,]    9 0.18412846  9.8620429  58319.85  4.584817e+02  4.794546e+02
[10,]   10 0.18167664  9.4465486  58119.42  4.945674e+02  4.782321e+02
[11,]   11 0.17186936  7.7845715  57345.13  5.857465e+02  4.348687e+02
[12,]   12 0.13264027  1.1366630  53968.44  6.046934e+02  1.019557e+03
[13,]   13 0.12593287  0.0000010 418364.87  0.000000e+00 -1.512798e+09
[14,]   14 0.13039961  0.7569521  53552.45  3.334002e+02  1.022379e+03
[15,]   15 0.13039243  0.7534826  53548.91  3.350797e+02  1.016615e+03
[16,]   16 0.13036372  0.7396046  53534.97  3.437022e+02  9.915321e+02
[17,]   17 0.13024885  0.6840927  53483.42  4.155785e+02  8.528321e+02
[18,]   18 0.12946158  0.3168552  54009.32  6.392821e+03 -8.127177e+03
[19,]   19 0.12999405  0.5652348  53413.75  9.048465e+02  2.126044e+02
[20,]   20 0.12988139  0.5253187  53412.76  1.238810e+03 -1.921993e+02
[21,]   21 0.12990859  0.5439484  53411.19  1.067695e+03  1.410396e+01
[22,]   22 0.12988279  0.5425126  53411.15  1.079319e+03 -4.532089e-01
[23,]   23 0.06561267  0.4893254  53412.48 -2.326915e+03  2.439767e+02
[24,]   24 0.09587720  0.5143710  53388.36  7.398295e+01  6.835687e+01
[25,]   25 0.09064759  0.5024830  53387.87 -8.551811e+01  1.672050e+01
[26,]   26 0.09227376  0.5022715  53387.81  2.002889e+01 -7.694214e+00
[27,]   27 0.09206306  0.5027613  53387.81  3.257265e-01  3.983684e-01
[28,]   28 0.09204239  0.5026953  53387.81 -6.073118e-02 -2.177650e-02

