[22;0t]0;IPython: scripts/01_msprime_simulations$par
[1] 0.04892863 0.51907066

$value
[1] -55132.76

$counts
function gradient 
      17       17 

$convergence
[1] 0

$message
[1] "CONVERGENCE: REL_REDUCTION_OF_F <= FACTR*EPSMCH"

$loginfo
      step       par1      par2        fn           gr1           gr2
 [1,]    1 0.10000000 0.0100000 124379.22  6.972072e+04 -3.201212e+06
 [2,]    2 0.00001000 1.0000000  58555.93 -7.480467e+06  4.443467e+02
 [3,]    3 0.23756433 1.0000000  55853.05  3.132610e+03  6.446420e+02
 [4,]    4 0.23746490 0.9997641  55852.59  3.132786e+03  6.445492e+02
 [5,]    5 0.23706717 0.9988203  55850.73  3.133490e+03  6.441260e+02
 [6,]    6 0.23547624 0.9950452  55843.32  3.136290e+03  6.423990e+02
 [7,]    7 0.22911252 0.9799448  55813.68  3.147156e+03  6.348842e+02
 [8,]    8 0.20365763 0.9195432  55695.90  3.182189e+03  5.938542e+02
 [9,]    9 0.10183811 0.6779370  55261.12  2.870922e+03  3.061243e+02
[10,]   10 0.00001000 0.3904965  58286.34 -7.949902e+06  1.627013e+02
[11,]   11 0.06518420 0.5744703  55151.10  1.613235e+03  1.224946e+02
[12,]   12 0.02293885 0.4727760  55238.00 -1.179542e+04  2.301862e+02
[13,]   13 0.05084456 0.5399515  55133.97  4.419008e+01  1.086122e+02
[14,]   14 0.04817251 0.5262463  55133.10 -2.827691e+02  6.308783e+01
[15,]   15 0.04852287 0.5213344  55132.82 -1.244028e+02  2.329426e+01
[16,]   16 0.04891974 0.5189432  55132.76  4.101614e-01 -7.496602e-01
[17,]   17 0.04892863 0.5190707  55132.76  4.446309e-02  2.506749e-02

