[22;0t]0;IPython: scripts/01_msprime_simulations$par
[1] 0.003543325 0.005609144

$value
[1] -3379.484

$counts
function gradient 
      16       16 

$convergence
[1] 0

$message
[1] "CONVERGENCE: REL_REDUCTION_OF_F <= FACTR*EPSMCH"

$loginfo
      step        par1        par2       fn           gr1           gr2
 [1,]    1 0.100000000 0.010000000 3449.060  4.184340e+02  1.199537e+04
 [2,]    2 0.000010000 0.000010000 5757.686  1.149946e+05 -1.322271e+07
 [3,]    3 0.065709282 0.006574015 3413.293  4.086008e+02 -2.003679e+03
 [4,]    4 0.050553592 0.006074151 3408.613  4.644569e+02 -5.579994e+03
 [5,]    5 0.000010000 0.005199940 3437.412 -2.396281e+05  3.249551e+02
 [6,]    6 0.028794489 0.005697802 3399.435  6.324837e+02 -6.904660e+03
 [7,]    7 0.009722112 0.005367922 3385.487  1.119695e+03 -4.522418e+03
 [8,]    8 0.003406112 0.005258680 3379.697  9.598184e+01 -1.319117e+03
 [9,]    9 0.000010000 0.005258077 3437.435 -2.395300e+05  4.308675e+02
[10,]   10 0.002363101 0.005258495 3380.270 -1.433783e+03 -5.836784e+02
[11,]   11 0.003311195 0.005258663 3379.692  6.909320e+00 -1.250079e+03
[12,]   12 0.003442059 0.005436699 3379.532  1.011759e+01 -5.865786e+02
[13,]   13 0.003542172 0.005591615 3379.484  9.015106e+00 -6.376310e+01
[14,]   14 0.003543781 0.005608786 3379.484  1.841483e+00 -4.575845e+00
[15,]   15 0.003542374 0.005609893 3379.484  1.799067e-01 -5.332661e-02
[16,]   16 0.003543325 0.005609144 3379.484  1.303419e+00 -3.110604e+00

