[22;0t]0;IPython: scripts/01_msprime_simulations$par
[1] 8.161107 0.000001

$value
[1] -16.91124

$counts
function gradient 
      33       33 

$convergence
[1] 0

$message
[1] "CONVERGENCE: REL_REDUCTION_OF_F <= FACTR*EPSMCH"

$loginfo
      step       par1  par2        fn           gr1        gr2
 [1,]    1 0.10000000 1e-02 274.95401  2.289884e+03  3149.9758
 [2,]    2 0.00000100 1e-06  16.99694 -5.120882e+02    76.1647
 [3,]    3 0.01984859 1e-06  16.91169 -2.282061e-02 51812.3924
 [4,]    4 0.01984948 1e-06  16.91169 -2.281862e-02 51812.4871
 [5,]    5 0.01985302 1e-06  16.91169 -2.281040e-02 51812.8657
 [6,]    6 0.01986717 1e-06  16.91169 -2.277790e-02 51814.3786
 [7,]    7 0.01992378 1e-06  16.91169 -2.264856e-02 51820.4079
 [8,]    8 0.02015022 1e-06  16.91169 -2.214178e-02 51844.1717
 [9,]    9 0.02105597 1e-06  16.91167 -2.027584e-02 51933.9070
[10,]   10 0.03067590 1e-06  16.91153 -9.543570e-03 52550.8567
[11,]   11 0.03923033 1e-06  16.91147 -5.832116e-03 52839.7651
[12,]   12 0.05267267 1e-06  16.91141 -3.233596e-03 53101.0604
[13,]   13 0.06940036 1e-06  16.91137 -1.862031e-03 53283.1080
[14,]   14 0.09210974 1e-06  16.91134 -1.056663e-03 53423.4477
[15,]   15 0.12190526 1e-06  16.91132 -6.032662e-04 53527.7110
[16,]   16 0.16154916 1e-06  16.91130 -3.434494e-04 53606.4856
[17,]   17 0.21395408 1e-06  16.91128 -1.955342e-04 53665.6296
[18,]   18 0.28322398 1e-06  16.91127 -1.116558e-04 53710.1091
[19,]   19 0.37543176 1e-06  16.91127 -6.345990e-05 53743.7782
[20,]   20 0.49683619 1e-06  16.91126 -3.633419e-05 53768.9961
[21,]   21 0.65936185 1e-06  16.91126 -2.047043e-05 53788.1736
[22,]   22 0.86913721 1e-06  16.91125 -1.180288e-05 53802.2811
[23,]   23 1.15516705 1e-06  16.91125 -6.611707e-06 53813.2136
[24,]   24 1.51892722 1e-06  16.91125 -3.774634e-06 53821.1185
[25,]   25 2.00333855 1e-06  16.91125 -2.096989e-06 53827.1316
[26,]   26 2.60868562 1e-06  16.91125 -1.217888e-06 53831.4483
[27,]   27 3.43681402 1e-06  16.91124 -7.299583e-07 53834.8267
[28,]   28 4.69143571 1e-06  16.91124 -3.731415e-07 53837.5950
[29,]   29 6.02266928 1e-06  16.91124 -2.265033e-07 53839.2134
[30,]   30 8.16110365 1e-06  16.91124 -1.458922e-07 53840.6450
[31,]   31 8.16110380 1e-06  16.91124 -1.368683e-07 53840.6450
[32,]   32 8.16110438 1e-06  16.91124 -1.471179e-07 53840.6450
[33,]   33 8.16110672 1e-06  16.91124 -1.170086e-07 53840.6450

