[22;0t]0;IPython: scripts/01_msprime_simulations$par
[1] 0.0005131508 0.5359020742

$value
[1] -21453.27

$counts
function gradient 
      31       31 

$convergence
[1] 0

$message
[1] "CONVERGENCE: REL_REDUCTION_OF_F <= FACTR*EPSMCH"

$loginfo
      step         par1       par2       fn           gr1           gr2
 [1,]    1 0.1000000000  0.0100000 25834.56   11186.99868 -4.055966e+05
 [2,]    2 0.0000010000 10.0000000 32017.41    2415.98585  1.683835e+03
 [3,]    3 0.0667004521  3.3366581 23048.07    2386.56899  6.834785e+02
 [4,]    4 0.0471033473  3.3308328 22997.47    2370.72826  6.781524e+02
 [5,]    5 0.0000010000  3.3168316 22882.01    2312.77874  6.261496e+02
 [6,]    6 0.0000010000  3.2799096 22859.25    2099.88828  6.067301e+02
 [7,]    7 0.0000010000  2.1263418 22212.24 -135508.32056  1.964721e+02
 [8,]    8 0.0097267612  0.0000010 75070.99   90773.96008 -2.744690e+08
 [9,]    9 0.0033199256  1.4007259 21999.66    1934.29657  7.212715e+02
[10,]   10 0.0086595803  0.0000010 74972.55   93763.98169 -2.744651e+08
[11,]   11 0.0051242965  0.9273943 21536.47    5259.90239  2.047327e+02
[12,]   12 0.0056374785  0.7614649 21530.25    5686.52247  1.450673e+02
[13,]   13 0.0066745495  0.4143582 21510.02   10898.08521 -5.007676e+02
[14,]   14 0.0058383012  0.6942498 21509.61    6731.40317  3.298021e+02
[15,]   15 0.0063072638  0.5372884 21497.30    8824.73248  1.636245e+01
[16,]   16 0.0062221190  0.5526367 21497.76    8422.47820  1.240086e+02
[17,]   17 0.0062882300  0.5407194 21497.24    8760.66624  4.730267e+01
[18,]   18 0.0061377235  0.5405517 21495.92    8754.30731  4.883206e+01
[19,]   19 0.0055356976  0.5398805 21490.62    8717.96296  5.388893e+01
[20,]   20 0.0031275937  0.5371960 21469.93    8196.77697  5.165948e+01
[21,]   21 0.0000010000  0.5337105 21479.59 -221239.47730 -6.954785e+01
[22,]   22 0.0015419229  0.5354283 21457.83    6564.00254  2.126715e+01
[23,]   23 0.0000010000  0.5322707 21479.72 -221389.80234 -9.875822e+01
[24,]   24 0.0009483739  0.5342120 21454.45    4455.24413 -8.411848e+00
[25,]   25 0.0000010000  0.5382467 21479.49 -220943.04989  2.159172e+01
[26,]   26 0.0006500677  0.5354824 21453.42    2003.99835  2.123489e-01
[27,]   27 0.0004072380  0.5357491 21453.39   -2795.64383 -5.431144e+00
[28,]   28 0.0005485596  0.5355939 21453.28     531.92359 -1.932760e+00
[29,]   29 0.0005112551  0.5359225 21453.27    -148.92402  1.855498e+00
[30,]   30 0.0005197976  0.5358304 21453.27      15.35473  7.055413e-01
[31,]   31 0.0005131508  0.5359021 21453.27    -111.96988  1.599610e+00

