[22;0t]0;IPython: scripts/01_msprime_simulations$par
[1] 0.0034303797 0.0004305026

$value
[1] -386.8011

$counts
function gradient 
      31       31 

$convergence
[1] 0

$message
[1] "CONVERGENCE: REL_REDUCTION_OF_F <= FACTR*EPSMCH"

$loginfo
      step         par1         par2       fn           gr1           gr2
 [1,]    1 0.1000000000 0.0100000000 610.7244  2004.0534230  3.196389e+03
 [2,]    2 0.0000010000 0.0000010000 553.4359 99473.1152126 -1.631742e+06
 [3,]    3 0.0964798718 0.0096480189 602.5577  1990.9639439  3.255105e+03
 [4,]    4 0.0482404359 0.0048245094 493.3687  1563.2752752  6.747956e+03
 [5,]    5 0.0170371487 0.0017044615 417.5401   497.0724673  2.302610e+04
 [6,]    6 0.0077542806 0.0007762583 392.1044    52.1025997  2.248342e+04
 [7,]    7 0.0006969095 0.0000010000 585.4365 16068.4735938 -1.817781e+06
 [8,]    8 0.0057652517 0.0005577617 387.8697     5.7525321  1.302905e+04
 [9,]    9 0.0102755196 0.0002333299 393.2138   129.7782962 -9.071343e+04
[10,]   10 0.0072789847 0.0004488762 386.9713    37.9557412  9.924614e+01
[11,]   11 0.0048619109 0.0004464640 386.8694    35.8723702  1.056153e+03
[12,]   12 0.0000010000 0.0004416129 389.0390  2612.4371771  0.000000e+00
[13,]   13 0.0048394784 0.0004464416 386.8686    35.5751834  1.069874e+03
[14,]   14 0.0024202392 0.0004440272 386.9237  -180.3263056  3.579260e+03
[15,]   15 0.0038572531 0.0004454613 386.8415     7.3106196  1.806674e+03
[16,]   16 0.0015788944 0.0004228331 387.0935  -521.3216220  2.660891e+03
[17,]   17 0.0033078455 0.0004400047 386.8271   -25.5228727  1.650812e+03
[18,]   18 0.0035495494 0.0004212614 386.7925    18.5066657 -1.686925e+03
[19,]   19 0.0034303797 0.0004305026 386.8011    -2.4617529  1.910588e+01
[20,]   20 0.0034665708 0.0004307180 386.8014     0.0246001  3.876629e+00
[21,]   21 0.0034316890 0.0004305104 386.8011    -2.3697960  1.854158e+01
[22,]   22 0.0034304289 0.0004305029 386.8011    -2.4582948  1.908466e+01
[23,]   23 0.0034303815 0.0004305026 386.8011    -2.4616228  1.910508e+01
[24,]   24 0.0034303797 0.0004305026 386.8011    -2.4617481  1.910585e+01
[25,]   25 0.0034303797 0.0004305026 386.8011    -2.4617528  1.910588e+01
[26,]   26 0.0034303797 0.0004305026 386.8011    -2.4617530  1.910588e+01
[27,]   27 0.0034303797 0.0004305026 386.8011    -2.4617530  1.910588e+01
[28,]   28 0.0034303797 0.0004305026 386.8011    -2.4617530  1.910588e+01
[29,]   29 0.0034303797 0.0004305026 386.8011    -2.4617530  1.910588e+01
[30,]   30 0.0034303797 0.0004305026 386.8011    -2.4617530  1.910588e+01

