[22;0t]0;IPython: scripts/01_msprime_simulations$par
[1] 0.0003722439 0.0055975400

$value
[1] -2585.282

$counts
function gradient 
      61       61 

$convergence
[1] 52

$message
[1] "ERROR: ABNORMAL_TERMINATION_IN_LNSRCH"

$loginfo
      step         par1        par2        fn           gr1           gr2
 [1,]    1 1.000000e-01 0.010000000  2725.826  5.128475e+02  1.731363e+04
 [2,]    2 1.000000e-06 0.000001000  5146.660  1.215338e+05 -1.870781e+07
 [3,]    3 6.503184e-02 0.006503498  2656.175  3.184603e+02  1.237762e+04
 [4,]    4 5.307092e-02 0.000001000  5619.757  1.107587e+03 -1.897464e+07
 [5,]    5 6.106350e-02 0.004346133  2641.505  2.676161e+02 -3.554462e+03
 [6,]    6 5.024275e-02 0.004795318  2638.118  3.025010e+02  1.795020e+03
 [7,]    7 1.000000e-06 0.005468485  2604.593 -1.721538e+05 -4.859391e+02
 [8,]    8 5.016161e-02 0.004796405  2638.095  3.028350e+02  1.805605e+03
 [9,]    9 2.508131e-02 0.005132445  2629.225  5.683287e+02  4.089904e+03
[10,]   10 8.279054e-03 0.005357571  2611.857  2.179949e+03  2.697677e+03
[11,]   11 2.749480e-03 0.005431660  2595.228  4.133207e+03  8.627133e+02
[12,]   12 1.000000e-06 0.005427983  2604.614 -1.721969e+05 -5.580268e+02
[13,]   13 1.481801e-03 0.005429964  2589.680  4.569422e+03  3.664363e+02
[14,]   14 5.679242e-04 0.005428741  2585.690  3.108110e+03 -2.020087e+02
[15,]   15 1.000000e-06 0.005482552  2604.586 -1.721387e+05 -4.616426e+02
[16,]   16 4.277432e-04 0.005442047  2585.349  1.213354e+03 -2.481000e+02
[17,]   17 3.352451e-04 0.005482643  2585.306 -1.251581e+03 -2.160498e+02
[18,]   18 3.787623e-04 0.005491029  2585.294  1.010513e+02 -1.835806e+02
[19,]   19 3.760972e-04 0.005514036  2585.289  3.876927e+01 -1.452095e+02
[20,]   20 3.722439e-04 0.005597540  2585.282 -3.263543e+01 -7.262042e+00
[21,]   21 3.732420e-04 0.005601541  2585.282 -3.169261e+00 -3.311835e-01
[22,]   22 3.722812e-04 0.005597690  2585.282 -3.152869e+01 -7.002226e+00
[23,]   23 3.722453e-04 0.005597546  2585.282 -3.259264e+01 -7.251998e+00
[24,]   24 3.722439e-04 0.005597540  2585.282 -3.263377e+01 -7.261653e+00
[25,]   25 3.722439e-04 0.005597540  2585.282 -3.263536e+01 -7.262027e+00
[26,]   26 3.722439e-04 0.005597540  2585.282 -3.263543e+01 -7.262041e+00
[27,]   27 3.722439e-04 0.005597540  2585.282 -3.263543e+01 -7.262042e+00
[28,]   28 3.722439e-04 0.005597540  2585.282 -3.263543e+01 -7.262042e+00
[29,]   29 3.722439e-04 0.005597540  2585.282 -3.263543e+01 -7.262042e+00
[30,]   30 3.722439e-04 0.005597540  2585.282 -3.263543e+01 -7.262042e+00
[31,]   31 3.722439e-04 0.005597540  2585.282 -3.263543e+01 -7.262042e+00
[32,]   32 3.722439e-04 0.005597540  2585.282 -3.263543e+01 -7.262042e+00
[33,]   33 3.722439e-04 0.005597540  2585.282 -3.263543e+01 -7.262042e+00
[34,]   34 3.722439e-04 0.005597540  2585.282 -3.263543e+01 -7.262042e+00
[35,]   35 3.722439e-04 0.005597540  2585.282 -3.263543e+01 -7.262042e+00
[36,]   36 3.722439e-04 0.005597540  2585.282 -3.263543e+01 -7.262042e+00
[37,]   37 1.000000e+01 7.267639492 41516.466  2.171521e+03  2.334154e+03
[38,]   38 2.444181e-02 0.023077611  2710.832  3.374413e+03  5.108996e+02
[39,]   39 4.103815e-04 0.005625237  2585.310  9.278960e+02  5.259629e+01
[40,]   40 3.728170e-04 0.005597956  2585.282 -1.647017e+01 -6.356277e+00
[41,]   41 3.722574e-04 0.005597550  2585.282 -3.225366e+01 -7.240686e+00
[42,]   42 3.722442e-04 0.005597540  2585.282 -3.262635e+01 -7.261534e+00
[43,]   43 3.722439e-04 0.005597540  2585.282 -3.263521e+01 -7.262030e+00
[44,]   44 3.722439e-04 0.005597540  2585.282 -3.263542e+01 -7.262042e+00
[45,]   45 3.722439e-04 0.005597540  2585.282 -3.263543e+01 -7.262042e+00
[46,]   46 3.722439e-04 0.005597540  2585.282 -3.263543e+01 -7.262042e+00
[47,]   47 3.722439e-04 0.005597540  2585.282 -3.263543e+01 -7.262042e+00
[48,]   48 3.722439e-04 0.005597540  2585.282 -3.263543e+01 -7.262042e+00
[49,]   49 3.722439e-04 0.005597540  2585.282 -3.263543e+01 -7.262042e+00
[50,]   50 3.722439e-04 0.005597540  2585.282 -3.263543e+01 -7.262042e+00
[51,]   51 3.722439e-04 0.005597540  2585.282 -3.263543e+01 -7.262042e+00
[52,]   52 3.722439e-04 0.005597540  2585.282 -3.263543e+01 -7.262042e+00
[53,]   53 3.722439e-04 0.005597540  2585.282 -3.263543e+01 -7.262042e+00
[54,]   54 3.722439e-04 0.005597540  2585.282 -3.263543e+01 -7.262042e+00
[55,]   55 3.722439e-04 0.005597540  2585.282 -3.263543e+01 -7.262042e+00
[56,]   56 3.722439e-04 0.005597540  2585.282 -3.263543e+01 -7.262042e+00

