[22;0t]0;IPython: scripts/01_msprime_simulations$par
[1] 0.001535498 0.780492161

$value
[1] -49827.67

$counts
function gradient 
      54       54 

$convergence
[1] 0

$message
[1] "CONVERGENCE: REL_REDUCTION_OF_F <= FACTR*EPSMCH"

$loginfo
      step        par1       par2        fn           gr1           gr2
 [1,]    1 0.100000000  0.0100000 110778.99  6.331323e+04 -2.782165e+06
 [2,]    2 0.000001000 10.0000000  51993.28 -1.299830e+06  2.522872e+02
 [3,]    3 3.168788670 10.0000000  60110.10  2.072198e+03  3.304390e+02
 [4,]    4 1.052954207 10.0000000  55021.74  2.810977e+03  2.876000e+02
 [5,]    5 0.349816195 10.0000000  52892.56  3.328235e+03  2.768042e+02
 [6,]    6 0.116295147 10.0000000  52081.23  3.568751e+03  2.771069e+02
 [7,]    7 0.038773817 10.0000000  51814.19  3.087102e+03  2.710612e+02
 [8,]    8 0.038681964  9.9990298  51813.64  3.084855e+03  2.709463e+02
 [9,]    9 0.038314550  9.9951489  51811.46  3.075761e+03  2.704662e+02
[10,]   10 0.036844895  9.9796252  51802.79  3.037553e+03  2.685696e+02
[11,]   11 0.030966276  9.9175306  51769.02  2.847235e+03  2.608278e+02
[12,]   12 0.007451798  9.6691523  51666.12 -8.819340e+02  2.272398e+02
[13,]   13 0.000001000  9.5888861  51902.97 -1.376696e+06  1.862713e+02
[14,]   14 0.004941715  9.6421116  51664.85 -3.281556e+03  2.239540e+02
[15,]   15 0.005839712  9.6500998  51664.21 -2.196639e+03  2.249474e+02
[16,]   16 0.006002562  9.6490655  51663.64 -2.033891e+03  2.248858e+02
[17,]   17 0.006653960  9.6449284  51661.58 -1.459508e+03  2.246276e+02
[18,]   18 0.009814053  9.5804074  51645.75  2.781663e+02  2.180493e+02
[19,]   19 0.016408263  9.3172487  51600.73  1.836121e+03  1.867537e+02
[20,]   20 0.026680184  8.6451123  51485.05  2.767918e+03  2.159287e+02
[21,]   21 0.067767868  5.9565666  51093.40  4.882178e+03  2.709342e+02
[22,]   22 0.158799049  0.0000010 393350.92  0.000000e+00 -1.412334e+09
[23,]   23 0.098187852  3.9660549  50998.22  6.264058e+03 -5.031189e+01
[24,]   24 0.085211613  4.8151466  50923.54  5.636087e+03  7.940439e+01
[25,]   25 0.073255578  4.6741350  50846.73  5.728144e+03  5.281757e+01
[26,]   26 0.025431439  4.1100884  50536.70  5.975279e+03  7.175919e+01
[27,]   27 0.000001000  3.8101573  50704.39 -1.688765e+06  9.722100e+01
[28,]   28 0.013763893  3.9724793  50461.78  5.080661e+03  7.861319e+01
[29,]   29 0.004680383  3.8653468  50424.30 -7.090197e+02  5.736881e+01
[30,]   30 0.012387503  1.7645099  50020.10  1.090999e+04  5.251711e+01
[31,]   31 0.004395274  0.0000010 381009.40  1.221828e+05 -1.412254e+09
[32,]   32 0.009722695  1.1761788  50002.37  1.471984e+04  9.083284e+01
[33,]   33 0.007058984  0.5880899  49953.54  2.524762e+04  1.419693e+02
[34,]   34 0.005283886  0.1961871  51896.59  5.024850e+04 -2.242628e+04
[35,]   35 0.006686075  0.5057597  49982.39  2.866881e+04 -6.153859e+02
[36,]   36 0.007058984  0.5880899  49953.54  2.524762e+04  1.419693e+02
[37,]   37 0.000001000  0.0000010 380466.59  1.247985e+05 -1.412254e+09
[38,]   38 0.004705864  0.3920221  50109.26  3.314658e+04 -2.760588e+03
[39,]   39 0.006590557  0.5490594  49944.38  2.695044e+04 -4.792813e+02
[40,]   40 0.000001000 10.0000000  51993.28 -1.299830e+06  2.522872e+02
[41,]   41 0.004127462  4.0817050  50445.60 -2.622322e+03  1.077545e+02
[42,]   42 0.006022383  1.3639525  50006.50  9.715249e+03  1.416823e+01
[43,]   43 0.006444634  0.7583464  49904.58  2.004351e+04 -3.027245e+02
[44,]   44 0.000001000  0.8816902  50135.50 -1.771014e+06  8.201670e+02
[45,]   45 0.003675038  0.8113619  49857.04  1.589593e+04  4.931745e+02
[46,]   46 0.000001000  0.7514434  50074.49 -1.680304e+06 -2.494301e+02
[47,]   47 0.002236977  0.7879091  49831.50  8.770051e+03  9.754677e+01
[48,]   48 0.000001000  0.8058640  50076.41 -1.717787e+06  1.686966e+02
[49,]   49 0.001509131  0.7937537  49828.87 -5.376394e+02  1.886489e+02
[50,]   50 0.001499908  0.7764134  49827.78 -6.387083e+02 -5.137733e+01
[51,]   51 0.001708943  0.7800616  49827.93  2.867974e+03 -6.636673e+00
[52,]   52 0.001567626  0.7775953  49827.73  6.007005e+02 -3.696292e+01
[53,]   53 0.001535706  0.7805485  49827.67  3.564109e+00  7.154747e-01
[54,]   54 0.001535498  0.7804922  49827.67  1.180269e-01 -2.182387e-03

