[22;0t]0;IPython: scripts/01_msprime_simulations$par
[1] 0.1035401 0.0519058

$value
[1] -19183.01

$counts
function gradient 
      28       28 

$convergence
[1] 0

$message
[1] "CONVERGENCE: REL_REDUCTION_OF_F <= FACTR*EPSMCH"

$loginfo
      step         par1        par2       fn           gr1           gr2
 [1,]    1 0.1000000000  0.01000000 21926.85  7.615889e+03 -3.227887e+05
 [2,]    2 0.0000010000 10.00000000 30763.08  2.415986e+03  1.788557e+03
 [3,]    3 0.0667581830  3.33089073 20675.14  2.381707e+03  9.366318e+02
 [4,]    4 0.0422720801  3.32113108 20607.71  2.381825e+03  9.313198e+02
 [5,]    5 0.0000010000  3.30428272 20490.97  2.415626e+03  9.220015e+02
 [6,]    6 0.0000010000  3.29482392 20482.27  2.415621e+03  9.178762e+02
 [7,]    7 0.0000010000  1.19024084 20178.20 -9.845512e+05  1.698456e+02
 [8,]    8 0.0015482999  0.00000100 62123.20  1.193444e+05 -2.295359e+08
 [9,]    9 0.0005319712  0.78179831 19777.32 -4.588665e+04  4.820200e+02
[10,]   10 0.0008637291  0.00000100 62040.61  1.218905e+05 -2.295353e+08
[11,]   11 0.0006432934  0.51946429 19733.72 -3.488897e+04  4.836611e+02
[12,]   12 0.0007535112  0.25973264 19676.84 -4.491473e+04  1.306922e+02
[13,]   13 0.0360437750  0.13483200 19546.12  1.762656e+03  2.635756e+03
[14,]   14 0.0402771480  0.00000100 64658.59  3.501872e+04 -2.296521e+08
[15,]   15 0.0374609332  0.08969616 19387.04 -5.762359e+02  4.499582e+03
[16,]   16 0.0388690406  0.04484858 19212.41 -1.331550e+03 -8.141272e+02
[17,]   17 0.0394011083  0.06451580 19264.85 -1.713188e+03  4.566120e+03
[18,]   18 0.0389145810  0.04653192 19211.80 -1.478913e+03  1.435369e+02
[19,]   19 0.0420734705  0.04683603 19207.51 -1.262965e+03  5.742601e+01
[20,]   20 0.0615410387  0.04952890 19191.41 -5.462776e+02  3.167817e+02
[21,]   21 0.0748302503  0.05052151 19186.31 -2.860868e+02  2.501683e+02
[22,]   22 0.0886638755  0.05120954 19183.76 -1.133437e+02  9.474500e+01
[23,]   23 0.0977846714  0.05167787 19183.11 -3.863553e+01  5.214797e+01
[24,]   24 0.1007695674  0.04921364 19185.26  8.367467e+01 -1.804527e+03
[25,]   25 0.0979423652  0.05154768 19183.11 -3.263208e+01 -3.661051e+01
[26,]   26 0.1023741532  0.05184316 19183.02 -6.691509e+00 -1.004151e+00
[27,]   27 0.1034469130  0.05190281 19183.01 -6.025821e-01  1.214767e+00
[28,]   28 0.1035400868  0.05190580 19183.01 -1.071083e-02  1.503447e-02

