[22;0t]0;IPython: scripts/01_msprime_simulations$par
[1] 0.030850572 0.001041595

$value
[1] -812.7432

$counts
function gradient 
      31       31 

$convergence
[1] 0

$message
[1] "CONVERGENCE: REL_REDUCTION_OF_F <= FACTR*EPSMCH"

$loginfo
      step        par1         par2        fn           gr1           gr2
 [1,]    1 0.100000000 0.0100000000 1030.5662  1.487965e+03  7.493310e+03
 [2,]    2 0.000001000 0.0000010000 1286.8281  1.125286e+05 -4.354244e+06
 [3,]    3 0.055342660 0.0055346679  926.6225  8.985302e+02  1.613749e+04
 [4,]    4 0.019299645 0.0019306908  827.9376  2.455952e+01  2.408912e+04
 [5,]    5 0.006562539 0.0006570949  818.4951  1.982122e+02 -3.681912e+04
 [6,]    6 0.014061417 0.0014069152  817.0794 -1.016001e+02  1.668898e+04
 [7,]    7 0.006146811 0.0000010000 1395.1559  2.799615e+03 -4.598632e+06
 [8,]    8 0.011640065 0.0009767971  813.3516 -7.886921e+01 -2.012995e+03
 [9,]    9 0.013980672 0.0010361491  813.1792 -7.201167e+01  1.465026e+03
[10,]   10 0.017997863 0.0010516898  812.9779 -4.458161e+01  1.725113e+03
[11,]   11 0.023595978 0.0010467945  812.8028 -1.782683e+01  7.565492e+02
[12,]   12 0.027289391 0.0010419588  812.7548 -6.875341e+00  1.687765e+02
[13,]   13 0.029665079 0.0010416316  812.7444 -1.994492e+00  4.144329e+01
[14,]   14 0.030646201 0.0010419211  812.7434 -3.534478e-01  3.027515e+01
[15,]   15 0.028889975 0.0007535957  816.5682  2.534614e+01 -3.188873e+04
[16,]   16 0.030643754 0.0010415193  812.7432 -3.453315e-01  7.488933e-01
[17,]   17 0.030850572 0.0010415946  812.7432 -2.393758e-02  1.287359e-01
[18,]   18 0.030865954 0.0010415991  812.7432 -3.188978e-04  9.469736e-03
[19,]   19 0.030851242 0.0010415948  812.7432 -2.290817e-02  1.235151e-01
[20,]   20 0.030850602 0.0010415946  812.7432 -2.389074e-02  1.284982e-01
[21,]   21 0.030850573 0.0010415946  812.7432 -2.393545e-02  1.287251e-01
[22,]   22 0.030850572 0.0010415946  812.7432 -2.393750e-02  1.287354e-01
[23,]   23 0.030850572 0.0010415946  812.7432 -2.393758e-02  1.287358e-01
[24,]   24 0.030850572 0.0010415946  812.7432 -2.393760e-02  1.287359e-01
[25,]   25 0.030850572 0.0010415946  812.7432 -2.393760e-02  1.287359e-01
[26,]   26 0.030850572 0.0010415946  812.7432 -2.393759e-02  1.287358e-01
[27,]   27 0.030850572 0.0010415946  812.7432 -2.393759e-02  1.287359e-01
[28,]   28 0.030850572 0.0010415946  812.7432 -2.393760e-02  1.287359e-01
[29,]   29 0.030850572 0.0010415946  812.7432 -2.393758e-02  1.287359e-01

