[22;0t]0;IPython: scripts/01_msprime_simulations$par
[1] 0.071516484 0.004807167

$value
[1] -3038.189

$counts
function gradient 
      26       26 

$convergence
[1] 0

$message
[1] "CONVERGENCE: REL_REDUCTION_OF_F <= FACTR*EPSMCH"

$loginfo
      step       par1         par2       fn           gr1           gr2
 [1,]    1 0.10000000 0.0100000000 3128.561  1.623514e+02  2.338654e+04
 [2,]    2 0.00000100 0.0000010000 6004.350  1.227559e+05 -2.189237e+07
 [3,]    3 0.06515468 0.0065157820 3053.943 -3.186298e+01  1.552368e+04
 [4,]    4 0.02601824 0.0007447574 3429.204  2.164580e+03 -5.012086e+05
 [5,]    5 0.05277205 0.0046898502 3038.559 -4.094406e+01 -7.064419e+02
 [6,]    6 0.05407064 0.0047998381 3038.510 -4.326025e+01  7.687715e+02
 [7,]    7 0.05440893 0.0047811325 3038.484 -4.085800e+01  4.890314e+02
 [8,]    8 0.05796286 0.0047295426 3038.364 -2.599481e+01 -4.628223e+02
 [9,]    9 0.06276251 0.0047325171 3038.269 -1.348352e+01 -6.897616e+02
[10,]   10 0.06901132 0.0047828078 3038.195 -3.170574e+00 -2.514897e+02
[11,]   11 0.07119538 0.0048054783 3038.189 -4.340561e-01 -1.326860e+01
[12,]   12 0.07147273 0.0048075345 3038.189 -7.190117e-02  5.317356e+00
[13,]   13 0.07151648 0.0048071666 3038.189  1.290265e-02 -1.809412e+00
[14,]   14 0.07151126 0.0048072771 3038.189  8.399411e-05  8.897880e-03
[15,]   15 0.07151634 0.0048071697 3038.189  1.254186e-02 -1.758255e+00
[16,]   16 0.07151648 0.0048071667 3038.189  1.289216e-02 -1.807932e+00
[17,]   17 0.07151648 0.0048071666 3038.189  1.290225e-02 -1.809370e+00
[18,]   18 0.07151648 0.0048071666 3038.189  1.290258e-02 -1.809412e+00
[19,]   19 0.07151648 0.0048071666 3038.189  1.290264e-02 -1.809412e+00
[20,]   20 0.07151648 0.0048071666 3038.189  1.290256e-02 -1.809412e+00
[21,]   21 0.07151648 0.0048071666 3038.189  1.290264e-02 -1.809412e+00
[22,]   22 0.07151648 0.0048071666 3038.189  1.290259e-02 -1.809412e+00
[23,]   23 0.07151648 0.0048071666 3038.189  1.290264e-02 -1.809412e+00
[24,]   24 0.07151648 0.0048071666 3038.189  1.290264e-02 -1.809412e+00

