[22;0t]0;IPython: scripts/01_msprime_simulations$par
[1] 0.026015056 0.001021363

$value
[1] -802.2856

$counts
function gradient 
      24       24 

$convergence
[1] 0

$message
[1] "CONVERGENCE: REL_REDUCTION_OF_F <= FACTR*EPSMCH"

$loginfo
      step        par1         par2        fn           gr1           gr2
 [1,]    1 0.100000000 0.0100000000 1020.8891  1.496764e+03  7.603242e+03
 [2,]    2 0.000001000 0.0000010000 1268.4110  1.165198e+05 -4.308053e+06
 [3,]    3 0.055071694 0.0055075738  914.3675  9.058770e+02  1.685012e+04
 [4,]    4 0.019221655 0.0019228926  817.0926  7.950583e+01  2.276312e+04
 [5,]    5 0.006536023 0.0006544435  806.7820  3.292660e+02 -3.602809e+04
 [6,]    6 0.013912838 0.0013920586  806.2285 -3.442442e+01  1.631755e+04
 [7,]    7 0.005133585 0.0000010000 1373.6626  3.712588e+03 -4.545941e+06
 [8,]    8 0.011228528 0.0009667340  802.3879 -4.719756e+00 -1.750778e+03
 [9,]    9 0.011633982 0.0010093147  802.3863 -1.724003e+01  1.128697e+03
[10,]   10 0.011731780 0.0009954767  802.3711 -1.303463e+01  1.604616e+02
[11,]   11 0.012045451 0.0009932292  802.3664 -1.174565e+01 -8.890077e+01
[12,]   12 0.014429835 0.0009915808  802.3436 -7.898130e+00 -8.341238e+02
[13,]   13 0.021012276 0.0010021398  802.2997 -2.912489e+00 -1.206121e+03
[14,]   14 0.029073748 0.0010244111  802.2921  3.373821e+00 -2.065910e+02
[15,]   15 0.026204423 0.0010198495  802.2857  9.101388e-01 -3.752060e+02
[16,]   16 0.025395994 0.0010263244  802.2870 -4.275257e-01  1.640293e+02
[17,]   17 0.026029057 0.0010212541  802.2856  6.280308e-01 -2.575191e+02
[18,]   18 0.025634067 0.0010243165  802.2861 -1.628418e-02 -1.369880e+00
[19,]   19 0.025961517 0.0010217777  802.2856  5.194434e-01 -2.135890e+02
[20,]   20 0.026015056 0.0010213626  802.2856  6.055743e-01 -2.484080e+02
[21,]   21 0.025979721 0.0010216366  802.2856  5.487738e-01 -2.254237e+02
[22,]   22 0.026007916 0.0010214180  802.2856  5.941112e-01 -2.437625e+02
[23,]   23 0.026013585 0.0010213740  802.2856  6.032122e-01 -2.474505e+02
[24,]   24 0.026015056 0.0010213626  802.2856  6.055743e-01 -2.484080e+02

