[22;0t]0;IPython: scripts/01_msprime_simulations$par
[1] 0.436900201 0.009686302

$value
[1] -5408.691

$counts
function gradient 
      18       18 

$convergence
[1] 0

$message
[1] "CONVERGENCE: REL_REDUCTION_OF_F <= FACTR*EPSMCH"

$loginfo
      step       par1        par2        fn           gr1           gr2
 [1,]    1  0.1000000 0.010000000  5419.135 -1.368781e+02  5.575400e+03
 [2,]    2 10.0000000 0.000001000 13271.354  4.519917e-01 -4.425080e+07
 [3,]    3  3.7134683 0.006350397  5489.084  1.029987e+00 -5.138739e+04
 [4,]    4  1.2159133 0.008872928  5414.807  3.364149e+00 -8.795630e+03
 [5,]    5  1.7222091 0.014764746  5502.678  6.438912e+00  3.091994e+04
 [6,]    6  1.2907888 0.009744262  5411.455  3.078922e+00  2.535055e+02
 [7,]    7  1.2599901 0.009693406  5411.359  3.140161e+00 -2.298961e+02
 [8,]    8  1.0193210 0.009487035  5410.794  3.645980e+00 -2.218877e+03
 [9,]    9  0.2643878 0.009084104  5410.682 -8.935344e+00 -4.473893e+03
[10,]   10  0.8845056 0.009415080  5410.470  3.875410e+00 -2.897835e+03
[11,]   11  0.5084640 0.009214375  5409.832  2.715984e+00 -4.499066e+03
[12,]   12  0.2729342 0.009239934  5410.014 -9.329813e+00 -3.116873e+03
[13,]   13  0.3993473 0.009226216  5409.606  9.898891e-02 -4.043294e+03
[14,]   14  0.4457814 0.009621579  5408.712  4.314810e-01 -5.794907e+02
[15,]   15  0.4326503 0.009683199  5408.692 -1.409547e-01 -1.708246e+01
[16,]   16  0.4384603 0.009687694  5408.691  4.998066e-02  8.516997e+00
[17,]   17  0.4369256 0.009686302  5408.691  8.625511e-04 -5.669641e-02
[18,]   18  0.4369002 0.009686302  5408.691 -4.856702e-06 -3.182413e-04

