[22;0t]0;IPython: scripts/01_msprime_simulations$par
[1] 0.17213731 0.01079282

$value
[1] -5888.955

$counts
function gradient 
      29       29 

$convergence
[1] 0

$message
[1] "CONVERGENCE: REL_REDUCTION_OF_F <= FACTR*EPSMCH"

$loginfo
      step       par1        par2        fn           gr1           gr2
 [1,]    1  0.1000000  0.01000000  5891.892 -5.555770e+01 -3.340295e+03
 [2,]    2 10.0000000 10.00000000 48661.795  2.172504e+03  2.216440e+03
 [3,]    3  1.3115666  1.23258089  9950.959  2.360371e+03  1.664114e+03
 [4,]    4  0.2804209  0.19206110  6738.437  2.125506e+03 -1.506997e+03
 [5,]    5  0.1165804  0.02673116  6157.079  4.255098e+02  1.833932e+04
 [6,]    6  0.1008190  0.01082644  5891.323 -8.718667e+01  1.897781e+03
 [7,]    7  0.1005579  0.01053907  5891.037 -7.739156e+01  2.121476e+02
 [8,]    8  0.1005618  0.01051492  5891.034 -7.644763e+01  6.314323e+01
 [9,]    9  0.1006035  0.01050295  5891.030 -7.588307e+01 -1.262561e+01
[10,]   10  0.1009066  0.01046546  5891.013 -7.370387e+01 -2.584726e+02
[11,]   11  0.1016759  0.01042081  5890.976 -7.017925e+01 -5.712383e+02
[12,]   12  0.1039860  0.01035577  5890.876 -6.259516e+01 -1.082180e+03
[13,]   13  0.1095535  0.01029316  5890.652 -4.944910e+01 -1.712790e+03
[14,]   14  0.1219807  0.01028571  5890.177 -3.026112e+01 -2.203809e+03
[15,]   15  0.1453010  0.01046458  5889.366 -1.125770e+01 -1.639108e+03
[16,]   16  0.1657265  0.01076133  5888.966 -3.112631e+00 -9.755556e+01
[17,]   17  0.1699544  0.01079901  5888.956 -1.304448e+00  7.280799e+01
[18,]   18  0.1717896  0.01079580  5888.955 -2.434252e-01  2.248057e+01
[19,]   19  0.1721373  0.01079282  5888.955 -8.338666e-03 -2.234841e+00
[20,]   20  0.1721647  0.01079323  5888.955 -2.686465e-04 -2.395495e-02
[21,]   21  0.1721418  0.01079289  5888.955 -7.000313e-03 -1.868197e+00
[22,]   22  0.1721382  0.01079283  5888.955 -8.071243e-03 -2.161553e+00
[23,]   23  0.1721375  0.01079282  5888.955 -8.283337e-03 -2.219663e+00
[24,]   24  0.1721373  0.01079282  5888.955 -8.327161e-03 -2.231669e+00
[25,]   25  0.1721373  0.01079282  5888.955 -8.336506e-03 -2.234184e+00
[26,]   26  0.1721373  0.01079282  5888.955 -8.330339e-03 -2.232524e+00
[27,]   27  0.1721373  0.01079282  5888.955 -8.335251e-03 -2.233851e+00
[28,]   28  0.1721373  0.01079282  5888.955 -8.336160e-03 -2.234127e+00
[29,]   29  0.1721373  0.01079282  5888.955 -8.336506e-03 -2.234184e+00

