[22;0t]0;IPython: scripts/01_msprime_simulations$par
[1] 0.0003268008 0.6328240142

$value
[1] -19228.78

$counts
function gradient 
      25       25 

$convergence
[1] 0

$message
[1] "CONVERGENCE: REL_REDUCTION_OF_F <= FACTR*EPSMCH"

$loginfo
      step         par1       par2       fn           gr1           gr2
 [1,]    1 0.1000000000  0.0100000 21421.55  6.475753e+03 -3.005013e+05
 [2,]    2 0.0000010000 10.0000000 30514.28  2.416086e+03  1.809329e+03
 [3,]    3 0.0667694255  3.3297676 20204.60  2.412334e+03  9.926022e+02
 [4,]    4 0.0401722636  3.3187454 20129.50  2.413740e+03  9.880186e+02
 [5,]    5 0.0000010000  3.3020979 20016.11  2.415916e+03  9.810722e+02
 [6,]    6 0.0000010000  3.2185616 19935.63  2.415905e+03  9.452274e+02
 [7,]    7 0.0000010000  1.0157104 19762.55 -6.020468e+05  1.152457e+03
 [8,]    8 0.0000010000  0.0000010 59529.14  1.246753e+05 -2.206275e+08
 [9,]    9 0.0000010000  0.6699403 19239.76 -2.164406e+04  4.628220e+02
[10,]   10 0.0594410257  0.0000010 62930.22  2.300134e+04 -2.207710e+08
[11,]   11 0.0203323187  0.4407892 19407.77  7.669172e+03  3.299189e+02
[12,]   12 0.0044279173  0.6200452 19249.62  5.868030e+03 -1.600579e+02
[13,]   13 0.0014455336  0.6536592 19234.26  4.375583e+03  2.138564e+02
[14,]   14 0.0000010000  0.5308955 19295.22 -3.827643e+03 -1.400764e+03
[15,]   15 0.0011684649  0.6301125 19231.16  4.035441e+03 -5.173640e+01
[16,]   16 0.0000010000  0.6362598 19230.42 -8.561653e+03  8.535360e+01
[17,]   17 0.0007908617  0.6321008 19229.71  3.107106e+03 -2.328647e+01
[18,]   18 0.0000010000  0.6332419 19230.21 -7.547416e+03  4.956225e+01
[19,]   19 0.0004226276  0.6326328 19228.85  1.141119e+03 -7.430731e+00
[20,]   20 0.0002081686  0.6327922 19228.91 -3.059888e+03  2.282697e+00
[21,]   21 0.0003237736  0.6327063 19228.78 -1.025426e+02 -3.260638e+00
[22,]   22 0.0003327304  0.6330041 19228.78  3.086993e+01 -8.859348e-02
[23,]   23 0.0003257556  0.6327722 19228.78 -7.233858e+01 -2.558495e+00
[24,]   24 0.0003305527  0.6330101 19228.78 -3.639721e+00  5.797443e-02
[25,]   25 0.0003268008  0.6328240 19228.78 -5.717941e+01 -1.988200e+00

