[22;0t]0;IPython: scripts/01_msprime_simulations$par
[1] 0.0007315013 0.7374843349

$value
[1] -60556.02

$counts
function gradient 
      56       56 

$convergence
[1] 0

$message
[1] "CONVERGENCE: REL_REDUCTION_OF_F <= FACTR*EPSMCH"

$loginfo
      step         par1       par2        fn           gr1           gr2
 [1,]    1 0.1000000000  0.0100000 163499.76  9.012177e+04 -4.355834e+06
 [2,]    2 0.0000010000 10.0000000  62330.52 -1.425821e+06  3.442139e+02
 [3,]    3 2.6415114895 10.0000000  70977.37  2.076799e+03 -2.554001e+02
 [4,]    4 0.8771170813 10.0000000  65957.60  3.798111e+03  5.609519e+01
 [5,]    5 0.2910732014 10.0000000  63467.22  4.766590e+03  2.138278e+02
 [6,]    6 0.0966574670 10.0000000  62487.00  5.312501e+03  2.898305e+02
 [7,]    7 0.0322066946 10.0000000  62154.63  4.648212e+03  3.211203e+02
 [8,]    8 0.0321020325  9.9992651  62153.91  4.644429e+03  3.212868e+02
 [9,]    9 0.0316833842  9.9963255  62151.02  4.629012e+03  3.219848e+02
[10,]   10 0.0300087906  9.9845669  62139.52  4.562370e+03  3.247979e+02
[11,]   11 0.0233104166  9.9375328  62094.57  4.184333e+03  3.360351e+02
[12,]   12 0.0000010000  9.7738605  62251.03 -1.440921e+06  3.732659e+02
[13,]   13 0.0127095791  9.8630966  62031.04  2.638866e+03  3.520489e+02
[14,]   14 0.0000010000  9.7747473  62251.36 -1.440772e+06  3.730157e+02
[15,]   15 0.0078089225  9.8290275  62010.38  5.070884e+02  3.623382e+02
[16,]   16 0.0006039278  9.7775332  62049.47 -5.411897e+04  3.864919e+02
[17,]   17 0.0051235084  9.8098348  62005.17 -2.234831e+03  3.713262e+02
[18,]   18 0.0046986784  9.8054363  62004.63 -2.935860e+03  3.732801e+02
[19,]   19 0.0041059135  9.7947441  62002.70 -4.142006e+03  3.775539e+02
[20,]   20 0.0026045564  9.7411051  61991.59 -9.515101e+03  3.967381e+02
[21,]   21 0.0007468243  9.5854203  61959.58 -4.182940e+04  4.815830e+02
[22,]   22 0.0000010000  9.1681355  61966.19 -1.398656e+06  5.475371e+02
[23,]   23 0.0003346393  9.3548049  61878.50 -1.053847e+05  4.501444e+02
[24,]   24 0.0021805675  3.7028150  60742.21 -1.461196e+03  4.564721e+02
[25,]   25 0.0033898989  0.0000010 578144.22  0.000000e+00 -2.144657e+09
[26,]   26 0.0025846372  2.4656068  60672.36  4.597674e+03  2.764196e+02
[27,]   27 0.0030834931  0.0000010 578106.25  1.239865e+05 -2.144657e+09
[28,]   28 0.0027510697  1.6430105  60641.32  1.324211e+04  1.308484e+01
[29,]   29 0.0026633412  1.6076260  60637.66  1.257865e+04  1.076003e+02
[30,]   30 0.0023124270  1.4660877  60594.61  1.583928e+04  5.638330e+02
[31,]   31 0.0009087703  0.8999347  60583.81 -2.290623e+03  2.808845e+02
[32,]   32 0.0000010000  0.5337932  60896.63 -1.363189e+06 -4.570920e+02
[33,]   33 0.0006774213  0.8066220  60564.86 -6.873776e+03  2.672040e+02
[34,]   34 0.0002309832  0.6265550  60630.24 -1.068518e+05 -1.807874e+03
[35,]   35 0.0005293622  0.7469036  60559.35 -2.092687e+04  3.070837e+02
[36,]   36 0.0004478134  0.7140116  60566.95 -3.253427e+04 -4.226538e+02
[37,]   37 0.0005293622  0.7469036  60559.35 -2.092687e+04  3.070837e+02
[38,]   38 0.0007716384  0.0000010 577818.86  1.246318e+05 -2.144657e+09
[39,]   39 0.0006101222  0.4979319  60773.73  3.673672e+03 -1.271890e+03
[40,]   40 0.0005362496  0.7256706  60559.69 -1.789777e+04 -3.581920e+02
[41,]   41 0.0005326496  0.7367690  60557.60 -1.878392e+04 -5.923384e+00
[42,]   42 0.0006656657  0.7376742  60556.16 -5.073000e+03  1.363360e+01
[43,]   43 0.0007144642  0.7373355  60556.03 -1.289905e+03 -2.745423e+00
[44,]   44 0.0007315013  0.7374843  60556.02 -1.151835e+02  7.224553e-01
[45,]   45 0.0007331357  0.7374656  60556.02 -2.340842e+00 -6.851391e-02
[46,]   46 0.0007316101  0.7374831  60556.02 -1.076570e+02  6.697824e-01
[47,]   47 0.0007315090  0.7374842  60556.02 -1.146488e+02  7.187069e-01
[48,]   48 0.0007315018  0.7374843  60556.02 -1.151453e+02  7.221859e-01
[49,]   49 0.0007315013  0.7374843  60556.02 -1.151808e+02  7.224317e-01
[50,]   50 0.0007315013  0.7374843  60556.02 -1.151833e+02  7.224423e-01
[51,]   51 0.0007315013  0.7374843  60556.02 -1.151835e+02  7.224499e-01
[52,]   52 0.0007315013  0.7374843  60556.02 -1.151835e+02  7.224500e-01
[53,]   53 0.0007315013  0.7374843  60556.02 -1.151834e+02  7.224478e-01
[54,]   54 0.0007315013  0.7374843  60556.02 -1.151835e+02  7.224520e-01
[55,]   55 0.0007315013  0.7374843  60556.02 -1.151835e+02  7.224498e-01
[56,]   56 0.0007315013  0.7374843  60556.02 -1.151835e+02  7.224500e-01

