[22;0t]0;IPython: scripts/01_msprime_simulations$par
[1] 0.00462456 0.04624462

$value
[1] -18055.59

$counts
function gradient 
      31       31 

$convergence
[1] 0

$message
[1] "CONVERGENCE: REL_REDUCTION_OF_F <= FACTR*EPSMCH"

$loginfo
      step        par1        par2       fn           gr1           gr2
 [1,]    1 0.100000000  0.01000000 21500.02  9.208649e+03 -3.281453e+05
 [2,]    2 0.000001000 10.00000000 30714.10  2.416081e+03  1.792647e+03
 [3,]    3 0.066764119  3.33029775 20521.83  2.272876e+03  1.091649e+03
 [4,]    4 0.088900025  1.11889855 18800.82  3.339127e+03  4.455519e+02
 [5,]    5 0.077622994  1.11730630 18762.85  3.261609e+03  4.685078e+02
 [6,]    6 0.032514869  1.11093730 18628.44  2.218987e+03  5.738399e+02
 [7,]    7 0.000001000  1.10367593 18982.52 -1.803107e+06  6.057591e+02
 [8,]    8 0.020305468  1.10821056 18605.69  1.065843e+03  5.998256e+02
 [9,]    9 0.007483522  1.10295093 18611.13 -3.979237e+03  6.109880e+02
[10,]   10 0.014719747  1.10591927 18601.23 -8.575444e+01  6.086722e+02
[11,]   11 0.013902963  1.10309774 18599.68 -3.277356e+02  6.119246e+02
[12,]   12 0.007140905  1.04854803 18577.90 -4.353944e+03  6.599917e+02
[13,]   13 0.004301509  0.94720522 18530.67 -9.602727e+03  6.165208e+02
[14,]   14 0.004154153  0.15493996 18145.63 -7.101170e+03  6.715596e+02
[15,]   15 0.004125335  0.00000100 61907.90  9.701504e+04 -2.278045e+08
[16,]   16 0.004144542  0.10326617 18104.63 -6.130401e+03  9.077972e+02
[17,]   17 0.004131761  0.03455146 18077.15  4.463681e+03 -5.499174e+03
[18,]   18 0.000001000  0.84509884 18849.70 -1.879961e+06  5.244044e+02
[19,]   19 0.002256267  0.40256519 18312.86 -2.357702e+04  3.021834e+02
[20,]   20 0.003606811  0.13755848 18137.78 -9.455171e+03  7.639262e+02
[21,]   21 0.003977657  0.06479010 18068.09 -5.214269e+03  8.415794e+02
[22,]   22 0.005894339  0.06357539 18063.43  4.838014e+02  7.132954e+02
[23,]   23 0.005773714  0.05869177 18060.01  6.461388e+02  6.371606e+02
[24,]   24 0.005291211  0.03915731 18064.60  5.127954e+03 -2.657947e+03
[25,]   25 0.005555824  0.04987035 18056.34  1.390905e+03  6.393728e+01
[26,]   26 0.004959456  0.04696275 18055.70  7.296851e+02 -4.884830e+01
[27,]   27 0.004529261  0.04688583 18055.65 -5.622694e+02  9.774779e+01
[28,]   28 0.004643705  0.04629570 18055.59  4.098873e+01 -2.044744e+00
[29,]   29 0.004625698  0.04624595 18055.59  3.048647e+00 -2.824644e-01
[30,]   30 0.004624560  0.04624462 18055.59 -8.490575e-02  2.709170e-02

