[22;0t]0;IPython: scripts/01_msprime_simulations$par
[1] 1.172691e-03 7.470303e-05

$value
[1] -104.5957

$counts
function gradient 
      47       47 

$convergence
[1] 0

$message
[1] "CONVERGENCE: REL_REDUCTION_OF_F <= FACTR*EPSMCH"

$loginfo
      step        par1         par2         fn           gr1          gr2
 [1,]    1 0.100000000 1.000000e-02   346.7484  2.233610e+03    2922.0023
 [2,]    2 0.000001000 1.000000e-06   130.7497  3.620870e+04 -247406.9409
 [3,]    3 0.000001000 1.000000e+01 24353.5324  2.416099e+03    2323.6842
 [4,]    4 0.000001000 3.284555e+00  8264.1302  2.416074e+03    2467.6751
 [5,]    5 0.000001000 1.078679e+00  2771.9131  2.415986e+03    2509.7445
 [6,]    6 0.000001000 3.543565e-01   952.7183  2.415707e+03    2506.6689
 [7,]    7 0.000001000 1.165287e-01   360.3530  2.414851e+03    2454.2864
 [8,]    8 0.000001000 3.842317e-02   172.9848  2.412242e+03    2281.5542
 [9,]    9 0.000001000 1.275399e-02   118.7595  2.402353e+03    1758.2945
[10,]   10 0.000001000 1.266400e-02   118.6015  2.402211e+03    1752.7243
[11,]   11 0.000001000 1.230402e-02   117.9747  2.401609e+03    1729.6284
[12,]   12 0.000001000 1.086411e-02   115.5585  2.398457e+03    1621.9332
[13,]   13 0.000001000 5.104455e-03   108.4680  2.220237e+03     583.4362
[14,]   14 0.000001000 1.305684e-03   107.9227 -6.714773e+03     869.4172
[15,]   15 0.000001000 1.000000e-06   130.7497  3.620870e+04 -247406.9409
[16,]   16 0.000001000 8.916423e-04   107.5965 -9.303211e+03     983.3938
[17,]   17 0.000001000 3.776698e-04   106.8086 -1.723699e+04    2384.6685
[18,]   18 0.107141137 1.000000e-06   141.2031  5.884554e-01 -361121.0292
[19,]   19 0.035700229 2.521630e-04   110.6455  1.376867e+01   53409.7828
[20,]   20 0.011695474 3.365559e-04   112.9803  3.564060e+02   38305.5471
[21,]   21 0.003697293 3.646749e-04   108.7176  8.924641e+02   11115.3616
[22,]   22 0.001191726 3.734836e-04   106.5978  9.120683e+02    5339.9996
[23,]   23 0.001192588 1.000000e-06   138.8640  1.052203e+03 -345862.8988
[24,]   24 0.001191881 3.062120e-04   106.2326  8.906644e+02    6828.0354
[25,]   25 0.001192235 1.536060e-04   104.7113  3.091683e+02    1450.1684
[26,]   26 0.001172691 7.470303e-05   104.5957  2.203774e+02    3911.1102
[27,]   27 0.001154435 1.000000e-06   138.8231  0.000000e+00 -345515.5378
[28,]   28 0.001172657 7.456437e-05   104.5994  2.209919e+02    3855.5576
[29,]   29 0.001172691 7.470303e-05   104.5957  2.203774e+02    3911.1102
[30,]   30 0.001168975 1.000000e-06   138.8389  1.081986e+03 -345649.8549
[31,]   31 0.001172684 7.456595e-05   104.5994  2.209798e+02    3856.2521
[32,]   32 0.001172691 7.470003e-05   104.5958  2.203906e+02    3909.9133
[33,]   33 0.001172691 7.470297e-05   104.5957  2.203777e+02    3911.0840
[34,]   34 0.001172691 7.470303e-05   104.5957  2.203774e+02    3911.1096
[35,]   35 0.001172691 7.470303e-05   104.5957  2.203774e+02    3911.1102
[36,]   36 0.001172691 7.470303e-05   104.5957  2.203774e+02    3911.1102
[37,]   37 0.001172691 7.470303e-05   104.5957  2.203774e+02    3911.1102
[38,]   38 0.001172691 7.470303e-05   104.5957  2.203774e+02    3911.1102
[39,]   39 0.001172691 7.470303e-05   104.5957  2.203774e+02    3911.1102
[40,]   40 0.001172691 7.470303e-05   104.5957  2.203774e+02    3911.1102
[41,]   41 0.001172691 7.470303e-05   104.5957  2.203774e+02    3911.1102
[42,]   42 0.001172691 7.470303e-05   104.5957  2.203774e+02    3911.1102
[43,]   43 0.001172691 7.470303e-05   104.5957  2.203774e+02    3911.1102
[44,]   44 0.001172691 7.470303e-05   104.5957  2.203774e+02    3911.1102

