[22;0t]0;IPython: scripts/01_msprime_simulations$par
[1] 0.033348403 0.001141822

$value
[1] -880.6768

$counts
function gradient 
      54       54 

$convergence
[1] 0

$message
[1] "CONVERGENCE: REL_REDUCTION_OF_F <= FACTR*EPSMCH"

$loginfo
      step        par1         par2         fn           gr1           gr2
 [1,]    1 0.100000000 1.000000e-02  1091.2362  1.388726e+03  8.124361e+03
 [2,]    2 0.000001000 1.000000e-06  1417.5747  1.175843e+05 -4.861888e+06
 [3,]    3 0.056948816 5.695269e-03   992.5516  8.394873e+02  1.618731e+04
 [4,]    4 0.019852230 1.985944e-03   894.5502  5.849568e+00  2.351147e+04
 [5,]    5 0.006750418 6.758811e-04   889.3900  1.752641e+02 -4.524974e+04
 [6,]    6 0.015247734 1.525536e-03   885.2930 -1.164260e+02  1.660203e+04
 [7,]    7 0.007194257 1.000000e-06  1538.2366  2.471254e+03 -5.108131e+06
 [8,]    8 0.012764755 1.055504e-03   881.5355 -1.071833e+02 -3.271468e+03
 [9,]    9 0.016381548 1.147952e-03   881.1648 -8.109648e+01  1.925898e+03
[10,]   10 0.020591925 1.148997e-03   880.9080 -4.506369e+01  1.349209e+03
[11,]   11 0.025680707 1.140391e-03   880.7418 -1.922487e+01  2.619556e+02
[12,]   12 0.029639446 1.142418e-03   880.6910 -7.706207e+00  1.112433e+02
[13,]   13 0.032283918 1.143608e-03   880.6785 -2.257651e+00  4.752546e+01
[14,]   14 0.033348403 1.141822e-03   880.6768 -3.443393e-01 -1.256139e+02
[15,]   15 0.034231938 1.150765e-03   880.6807  6.637604e-01  4.499721e+02
[16,]   16 0.033414926 1.142495e-03   880.6769 -2.668536e-01 -8.209945e+01
[17,]   17 0.033355715 1.141896e-03   880.6768 -3.358094e-01 -1.208296e+02
[18,]   18 0.033349235 1.141830e-03   880.6768 -3.433676e-01 -1.250690e+02
[19,]   19 0.033348498 1.141823e-03   880.6768 -3.442282e-01 -1.255516e+02
[20,]   20 0.033348413 1.141822e-03   880.6768 -3.443265e-01 -1.256068e+02
[21,]   21 0.033348404 1.141822e-03   880.6768 -3.443378e-01 -1.256131e+02
[22,]   22 0.033348403 1.141822e-03   880.6768 -3.443391e-01 -1.256138e+02
[23,]   23 0.033348403 1.141822e-03   880.6768 -3.443393e-01 -1.256139e+02
[24,]   24 0.033348403 1.141822e-03   880.6768 -3.443393e-01 -1.256139e+02
[25,]   25 0.033348403 1.141822e-03   880.6768 -3.443393e-01 -1.256139e+02
[26,]   26 0.033348403 1.141822e-03   880.6768 -3.443393e-01 -1.256139e+02
[27,]   27 0.033348403 1.141822e-03   880.6768 -3.443393e-01 -1.256139e+02
[28,]   28 0.033348403 1.141822e-03   880.6768 -3.443393e-01 -1.256139e+02
[29,]   29 0.033348403 1.141822e-03   880.6768 -3.443393e-01 -1.256139e+02
[30,]   30 0.033348403 1.141822e-03   880.6768 -3.443393e-01 -1.256139e+02
[31,]   31 0.377687683 1.000000e+01 25398.4007  2.406952e+03  2.312500e+03
[32,]   32 0.037536850 1.227652e-01  1065.3304  2.390583e+03  1.624179e+03
[33,]   33 0.033434532 3.642831e-03   938.1080  4.391941e+02  2.220086e+04
[34,]   34 0.033348518 1.145173e-03   880.6776 -4.938309e-01  1.051789e+02
[35,]   35 0.033348411 1.142072e-03   880.6768 -3.556170e-01 -1.083250e+02
[36,]   36 0.033348403 1.141844e-03   880.6768 -3.453129e-01 -1.241221e+02
[37,]   37 0.033348403 1.141824e-03   880.6768 -3.444243e-01 -1.254837e+02
[38,]   38 0.033348403 1.141822e-03   880.6768 -3.443467e-01 -1.256026e+02
[39,]   39 0.033348403 1.141822e-03   880.6768 -3.443399e-01 -1.256129e+02
[40,]   40 0.033348403 1.141822e-03   880.6768 -3.443394e-01 -1.256138e+02
[41,]   41 0.033348403 1.141822e-03   880.6768 -3.443393e-01 -1.256139e+02
[42,]   42 0.033348403 1.141822e-03   880.6768 -3.443393e-01 -1.256139e+02
[43,]   43 0.033348403 1.141822e-03   880.6768 -3.443393e-01 -1.256139e+02
[44,]   44 0.033348403 1.141822e-03   880.6768 -3.443393e-01 -1.256139e+02
[45,]   45 0.033348403 1.141822e-03   880.6768 -3.443393e-01 -1.256139e+02
[46,]   46 0.033348403 1.141822e-03   880.6768 -3.443393e-01 -1.256139e+02
[47,]   47 0.033348403 1.141822e-03   880.6768 -3.443393e-01 -1.256139e+02
[48,]   48 0.033348403 1.141822e-03   880.6768 -3.443393e-01 -1.256139e+02
[49,]   49 0.033348403 1.141822e-03   880.6768 -3.443393e-01 -1.256139e+02
[50,]   50 0.033348403 1.141822e-03   880.6768 -3.443393e-01 -1.256139e+02

