[22;0t]0;IPython: scripts/01_msprime_simulations$par
[1] 0.0129821148 0.0005309949

$value
[1] -455.1076

$counts
function gradient 
      25       25 

$convergence
[1] 0

$message
[1] "CONVERGENCE: REL_REDUCTION_OF_F <= FACTR*EPSMCH"

$loginfo
      step        par1         par2       fn           gr1           gr2
 [1,]    1 0.100000000 0.0100000000 675.3335  1.913943e+03  3.399033e+03
 [2,]    2 0.000001000 0.0000010000 665.3126  1.041799e+05 -2.047096e+06
 [3,]    3 0.097806850 0.0097807047 670.3944  1.904330e+03  3.462375e+03
 [4,]    4 0.048903925 0.0048908524 559.9699  1.467096e+03  8.842776e+03
 [5,]    5 0.017236387 0.0017243836 482.4809  5.066584e+02  2.118960e+04
 [6,]    6 0.007385168 0.0007393504 457.6643 -2.190601e+01  1.769833e+04
 [7,]    7 0.001423083 0.0000010000 710.9661  8.475152e+03 -2.260653e+06
 [8,]    8 0.005783984 0.0005410582 455.2978 -6.383522e+01  3.106671e+03
 [9,]    9 0.005984614 0.0005052687 455.2151 -4.530906e+01 -1.812592e+03
[10,]   10 0.006362887 0.0005180327 455.2029 -4.518012e+01 -1.317435e+02
[11,]   11 0.007390917 0.0005291220 455.1809 -3.499265e+01  1.023009e+03
[12,]   12 0.009089388 0.0005354662 455.1505 -2.010726e+01  1.405965e+03
[13,]   13 0.010826697 0.0005338246 455.1221 -9.112673e+00  7.768790e+02
[14,]   14 0.012229225 0.0005311436 455.1093 -3.091113e+00  1.108721e+02
[15,]   15 0.012982115 0.0005309949 455.1076 -8.664174e-01 -4.223210e+01
[16,]   16 0.013421577 0.0005331609 455.1103 -1.014684e-01  2.135529e+02
[17,]   17 0.012994679 0.0005310568 455.1077 -8.434296e-01 -3.496630e+01
[18,]   18 0.012982493 0.0005309967 455.1076 -8.657252e-01 -4.201366e+01
[19,]   19 0.012982126 0.0005309949 455.1076 -8.663966e-01 -4.222552e+01
[20,]   20 0.012982115 0.0005309949 455.1076 -8.664168e-01 -4.223190e+01
[21,]   21 0.012982115 0.0005309949 455.1076 -8.664174e-01 -4.223210e+01
[22,]   22 0.012982115 0.0005309949 455.1076 -8.664174e-01 -4.223210e+01
[23,]   23 0.012982115 0.0005309949 455.1076 -8.664174e-01 -4.223210e+01
[24,]   24 0.012982115 0.0005309949 455.1076 -8.664174e-01 -4.223210e+01
[25,]   25 0.012982115 0.0005309949 455.1076 -8.664174e-01 -4.223210e+01

