[22;0t]0;IPython: scripts/01_msprime_simulations$par
[1] 0.0000010000 0.0001243261

$value
[1] -87.72478

$counts
function gradient 
      41       41 

$convergence
[1] 0

$message
[1] "CONVERGENCE: REL_REDUCTION_OF_F <= FACTR*EPSMCH"

$loginfo
      step  par1         par2          fn       gr1          gr2
 [1,]    1 1e-01 1.000000e-02   331.16695  2251.438    2883.6264
 [2,]    2 1e-06 1.000000e-06   105.86182 37271.818 -181923.5632
 [3,]    3 1e-06 1.000000e+01 24350.95418  2416.099    2323.8995
 [4,]    4 1e-06 3.267319e+00  8216.67443  2416.074    2468.6644
 [5,]    5 1e-06 1.067293e+00  2736.14254  2415.985    2511.7856
 [6,]    6 1e-06 3.487475e-01   929.21453  2415.700    2512.0895
 [7,]    7 1e-06 1.140838e-01   342.67100  2414.824    2470.0487
 [8,]    8 1e-06 3.743052e-02   156.80968  2412.128    2328.1232
 [9,]    9 1e-06 1.237188e-02   101.96389  2402.659    1895.7616
[10,]   10 1e-06 1.224429e-02   101.72245  2402.492    1889.0263
[11,]   11 1e-06 1.173396e-02   100.76556  2401.781    1860.6195
[12,]   12 1e-06 9.692633e-03    97.10457  2398.023    1717.0649
[13,]   13 1e-06 1.527316e-03    89.85345  5047.714    1131.5820
[14,]   14 1e-06 1.000000e-06   105.86182 37271.818 -181923.5632
[15,]   15 1e-06 1.015480e-03    89.20392  6715.558    1056.5319
[16,]   16 1e-06 5.082401e-04    88.60867  9810.970    1620.5336
[17,]   17 1e-06 2.721627e-04    88.13681 10719.378    2496.2001
[18,]   18 1e-06 2.575200e-04    88.09982 10549.949    2560.6481
[19,]   19 1e-06 2.476523e-04    88.07426 10398.911    2601.0932
[20,]   20 1e-06 1.243261e-04    87.72478  4190.969   -2325.7128
[21,]   21 1e-06 1.000000e+01 24350.95418  2416.099    2323.8995
[22,]   22 1e-06 1.348377e+00  3441.53645  2416.013    2507.1895
[23,]   23 1e-06 1.816078e-01   510.42431  2415.308    2494.6414
[24,]   24 1e-06 2.589914e-02   130.44337  2410.251    2233.2138
[25,]   25 1e-06 4.755377e-03    90.24821  2369.181     860.0304
[26,]   26 1e-06 1.343565e-03    89.61183  5823.372    1369.5480
[27,]   27 1e-06 3.297751e-04    88.27211 10928.836    2235.3499
[28,]   28 1e-06 1.497331e-04    87.79689  6320.697    1588.5678
[29,]   29 1e-06 1.271363e-04    87.73239  4450.083   -1563.7412
[30,]   30 1e-06 1.245755e-04    87.72545  4214.177   -2251.5391
[31,]   31 1e-06 1.243473e-04    87.72483  4192.940   -2319.3586
[32,]   32 1e-06 1.243279e-04    87.72478  4191.136   -2325.1754
[33,]   33 1e-06 1.243263e-04    87.72478  4190.983   -2325.6674
[34,]   34 1e-06 1.243261e-04    87.72478  4190.970   -2325.7090
[35,]   35 1e-06 1.243261e-04    87.72478  4190.969   -2325.7125
[36,]   36 1e-06 1.243261e-04    87.72478  4190.969   -2325.7128
[37,]   37 1e-06 1.243261e-04    87.72478  4190.969   -2325.7128
[38,]   38 1e-06 1.243261e-04    87.72478  4190.969   -2325.7128
[39,]   39 1e-06 1.243261e-04    87.72478  4190.969   -2325.7128
[40,]   40 1e-06 1.243261e-04    87.72478  4190.969   -2325.7128

