[22;0t]0;IPython: scripts/01_msprime_simulations$par
[1] 0.0145282029 0.0001315625

$value
[1] -105.4229

$counts
function gradient 
      73       73 

$convergence
[1] 52

$message
[1] "ERROR: ABNORMAL_TERMINATION_IN_LNSRCH"

$loginfo
      step        par1         par2         fn           gr1          gr2
 [1,]    1  0.10000000 1.000000e-02   347.2919  2.241721e+03    2787.4393
 [2,]    2  0.00000100 1.000000e-06   130.7586  4.483872e+04 -244069.8789
 [3,]    3  0.00000100 1.000000e+01 24353.5324  2.416099e+03    2323.6842
 [4,]    4  0.00000100 3.283899e+00  8262.5126  2.416074e+03    2467.6889
 [5,]    5  0.00000100 1.078246e+00  2770.8277  2.415986e+03    2509.7502
 [6,]    6  0.00000100 3.541446e-01   952.1872  2.415707e+03    2506.6566
 [7,]    7  0.00000100 1.164378e-01   360.1298  2.414850e+03    2454.2214
 [8,]    8  0.00000100 3.838766e-02   172.9038  2.412251e+03    2281.3142
 [9,]    9  0.00000100 1.274160e-02   118.7377  2.403498e+03    1757.5316
[10,]   10  0.00000100 1.265051e-02   118.5779  2.403385e+03    1751.8822
[11,]   11  0.00000100 1.228616e-02   117.9438  2.402909e+03    1728.4465
[12,]   12  0.00000100 1.082874e-02   115.5011  2.400529e+03    1618.9269
[13,]   13  0.00000100 4.999092e-03   108.4088  2.340110e+03     541.9673
[14,]   14  0.00000100 1.547044e-03   108.2073  5.391189e+03    1316.2034
[15,]   15  0.00000100 1.000000e-06   130.7586  4.483872e+04 -244069.8789
[16,]   16  0.00000100 1.035518e-03   107.7525  5.831877e+03     732.7866
[17,]   17  0.00000100 3.930269e-04   106.9722  5.610185e+03    1882.3455
[18,]   18  0.00000100 1.000000e-06   130.7586  4.483872e+04 -244069.8789
[19,]   19  0.00000100 3.240326e-04   106.8353  4.733728e+03    2109.8461
[20,]   20  0.00000100 1.625163e-04   106.4556 -5.402232e+02    1180.0268
[21,]   21 10.00000000 1.000000e-06   141.2508 -7.472067e-07 -361514.3482
[22,]   22  3.30866029 1.090760e-04   105.1385 -4.024501e-04  -56865.9298
[23,]   23  1.10379659 1.446882e-04   105.8759 -3.110101e-03   14937.0938
[24,]   24  0.36801317 1.565723e-04   106.2796 -1.603564e-02   24250.7433
[25,]   25  0.12265864 1.605352e-04   106.4264  6.351165e-02   26544.5666
[26,]   26  0.04084775 1.618565e-04   106.4340  2.019041e+00   26275.2753
[27,]   27  0.01364298 1.622959e-04   106.2736  1.720631e+01   22823.1382
[28,]   28  0.01948866 1.000000e-06   141.0412  1.184201e+01 -359630.6939
[29,]   29  0.01384187 1.568080e-04   106.0976  1.516081e+01   19772.8756
[30,]   30  0.01507768 1.213934e-04   105.2360  6.964881e+00  -18839.9911
[31,]   31  0.01446237 1.390264e-04   105.5965  1.008840e+01    6080.6583
[32,]   32  0.01452820 1.315625e-04   105.4229  8.715546e+00   -2411.2749
[33,]   33  0.01427247 1.337908e-04   105.4698  9.296542e+00     314.3395
[34,]   34  0.01452188 1.316176e-04   105.4240  8.729390e+00   -2340.9321
[35,]   35  0.01452805 1.315638e-04   105.4229  8.715883e+00   -2409.5594
[36,]   36  0.01452820 1.315625e-04   105.4229  8.715554e+00   -2411.2331
[37,]   37  0.01452820 1.315625e-04   105.4229  8.715546e+00   -2411.2739
[38,]   38  0.01452820 1.315625e-04   105.4229  8.715546e+00   -2411.2749
[39,]   39  0.01452820 1.315625e-04   105.4229  8.715546e+00   -2411.2749
[40,]   40  0.01452820 1.315625e-04   105.4229  8.715546e+00   -2411.2749
[41,]   41  0.01452820 1.315625e-04   105.4229  8.715546e+00   -2411.2749
[42,]   42  0.01452820 1.315625e-04   105.4229  8.715546e+00   -2411.2749
[43,]   43  0.01452820 1.315625e-04   105.4229  8.715546e+00   -2411.2749
[44,]   44  0.01452820 1.315625e-04   105.4229  8.715546e+00   -2411.2749
[45,]   45  0.01452820 1.315625e-04   105.4229  8.715546e+00   -2411.2749
[46,]   46  0.01452820 1.315625e-04   105.4229  8.715546e+00   -2411.2749
[47,]   47  0.00000100 1.000000e+01 24353.5324  2.416099e+03    2323.6842
[48,]   48  0.01252802 1.376967e+00  3550.1521  2.415584e+03    2505.2190
[49,]   49  0.01425476 1.883572e-01   572.3620  2.413712e+03    2485.5455
[50,]   50  0.01449063 2.599349e-02   180.1639  2.402655e+03    2162.3142
[51,]   51  0.01452379 3.167127e-03   141.8192  2.240810e+03     343.0171
[52,]   52  0.01452807 2.248003e-04   108.8388  4.601341e+01   42066.7767
[53,]   53  0.01452820 1.331277e-04   105.4572  8.969621e+00    -436.3136
[54,]   54  0.01452820 1.315895e-04   105.4235  8.719841e+00   -2376.1663
[55,]   55  0.01452820 1.315629e-04   105.4229  8.715619e+00   -2410.6747
[56,]   56  0.01452820 1.315625e-04   105.4229  8.715547e+00   -2411.2647
[57,]   57  0.01452820 1.315625e-04   105.4229  8.715546e+00   -2411.2747
[58,]   58  0.01452820 1.315625e-04   105.4229  8.715546e+00   -2411.2749
[59,]   59  0.01452820 1.315625e-04   105.4229  8.715546e+00   -2411.2749
[60,]   60  0.01452820 1.315625e-04   105.4229  8.715546e+00   -2411.2749
[61,]   61  0.01452820 1.315625e-04   105.4229  8.715546e+00   -2411.2749
[62,]   62  0.01452820 1.315625e-04   105.4229  8.715546e+00   -2411.2749
[63,]   63  0.01452820 1.315625e-04   105.4229  8.715546e+00   -2411.2749
[64,]   64  0.01452820 1.315625e-04   105.4229  8.715546e+00   -2411.2749
[65,]   65  0.01452820 1.315625e-04   105.4229  8.715546e+00   -2411.2749
[66,]   66  0.01452820 1.315625e-04   105.4229  8.715546e+00   -2411.2749

