[22;0t]0;IPython: scripts/01_msprime_simulations$par
[1] 0.056138072 0.005447947

$value
[1] -3414.511

$counts
function gradient 
      52       52 

$convergence
[1] 52

$message
[1] "ERROR: ABNORMAL_TERMINATION_IN_LNSRCH"

$loginfo
      step       par1        par2        fn           gr1           gr2
 [1,]    1 0.10000000 0.010000000  3480.347  9.721026e+01  2.110195e+04
 [2,]    2 0.00000100 0.000001000  6905.321  1.228823e+05 -2.521539e+07
 [3,]    3 0.06565146 0.006565455  3420.469 -1.213301e+01  9.939606e+03
 [4,]    4 0.04123410 0.003783656  3435.100  2.003209e+02 -3.060474e+04
 [5,]    5 0.05661931 0.005536449  3414.556 -3.782166e+00  1.006060e+03
 [6,]    6 0.05566140 0.005423495  3414.514  2.261394e-01 -2.751504e+02
 [7,]    7 0.05587723 0.005448259  3414.511 -7.037756e-01  1.155368e+01
 [8,]    8 0.05587918 0.005447797  3414.511 -6.707354e-01  5.878952e+00
 [9,]    9 0.05589687 0.005447190  3414.511 -5.868042e-01 -2.486945e+00
[10,]   10 0.05594976 0.005446661  3414.511 -4.134779e-01 -1.204743e+01
[11,]   11 0.05604608 0.005446786  3414.511 -1.647344e-01 -1.632340e+01
[12,]   12 0.05613807 0.005447947  3414.511  9.022710e-03 -7.852933e+00
[13,]   13 0.05615574 0.005448563  3414.511  1.876432e-02 -1.492415e+00
[14,]   14 0.05614010 0.005448018  3414.511  1.014346e-02 -7.121385e+00
[15,]   15 0.05613833 0.005447956  3414.511  9.166304e-03 -7.759226e+00
[16,]   16 0.05613811 0.005447948  3414.511  9.041473e-03 -7.840770e+00
[17,]   17 0.05613808 0.005447947  3414.511  9.025130e-03 -7.851351e+00
[18,]   18 0.05613807 0.005447947  3414.511  9.023017e-03 -7.852727e+00
[19,]   19 0.05613807 0.005447947  3414.511  9.022765e-03 -7.852904e+00
[20,]   20 0.05613807 0.005447947  3414.511  9.022801e-03 -7.852929e+00
[21,]   21 0.05613807 0.005447947  3414.511  9.022708e-03 -7.852933e+00
[22,]   22 0.05613807 0.005447947  3414.511  9.022697e-03 -7.852933e+00
[23,]   23 0.05613807 0.005447947  3414.511  9.022710e-03 -7.852933e+00
[24,]   24 0.05613807 0.005447947  3414.511  9.022699e-03 -7.852933e+00
[25,]   25 0.05613807 0.005447947  3414.511  9.022710e-03 -7.852933e+00
[26,]   26 0.05613807 0.005447947  3414.511  9.022697e-03 -7.852933e+00
[27,]   27 0.05613807 0.005447947  3414.511  9.022710e-03 -7.852933e+00
[28,]   28 0.05613807 0.005447947  3414.511  9.022697e-03 -7.852933e+00
[29,]   29 0.04711536 7.858380790 20284.504  2.414930e+03  2.296156e+03
[30,]   30 0.05612956 0.012852561  3528.060  3.895844e+02  1.745654e+04
[31,]   31 0.05613807 0.005448965  3414.511 -5.188532e-02  4.407070e+00
[32,]   32 0.05613807 0.005448058  3414.511  2.377128e-03 -6.515435e+00
[33,]   33 0.05613807 0.005447962  3414.511  8.146492e-03 -7.676591e+00
[34,]   34 0.05613807 0.005447949  3414.511  8.904510e-03 -7.829139e+00
[35,]   35 0.05613807 0.005447948  3414.511  9.006696e-03 -7.849711e+00
[36,]   36 0.05613807 0.005447947  3414.511  9.020594e-03 -7.852496e+00
[37,]   37 0.05613807 0.005447947  3414.511  9.022365e-03 -7.852873e+00
[38,]   38 0.05613807 0.005447947  3414.511  9.022654e-03 -7.852926e+00
[39,]   39 0.05613807 0.005447947  3414.511  9.022733e-03 -7.852932e+00
[40,]   40 0.05613807 0.005447947  3414.511  9.022722e-03 -7.852933e+00
[41,]   41 0.05613807 0.005447947  3414.511  9.022710e-03 -7.852933e+00
[42,]   42 0.05613807 0.005447947  3414.511  9.022710e-03 -7.852933e+00
[43,]   43 0.05613807 0.005447947  3414.511  9.022731e-03 -7.852933e+00
[44,]   44 0.05613807 0.005447947  3414.511  9.022726e-03 -7.852933e+00
[45,]   45 0.05613807 0.005447947  3414.511  9.022719e-03 -7.852933e+00
[46,]   46 0.05613807 0.005447947  3414.511  9.022726e-03 -7.852933e+00

