[22;0t]0;IPython: scripts/01_msprime_simulations$par
[1] 0.004149263 0.005056051

$value
[1] -2936.347

$counts
function gradient 
      19       19 

$convergence
[1] 0

$message
[1] "CONVERGENCE: REL_REDUCTION_OF_F <= FACTR*EPSMCH"

$loginfo
      step        par1        par2       fn           gr1           gr2
 [1,]    1 0.100000000 0.010000000 3014.234  5.237197e+02  1.198157e+04
 [2,]    2 0.000010000 0.000010000 4907.034  1.211765e+05 -1.120717e+07
 [3,]    3 0.065258959 0.006529023 2971.691  4.396013e+02  7.862520e+02
 [4,]    4 0.037638292 0.005128628 2963.649  6.007727e+02 -9.330422e+03
 [5,]    5 0.000010000 0.004336064 3006.790 -2.812625e+05  2.325938e+03
 [6,]    6 0.022699417 0.004813970 2956.000  8.887994e+02 -1.028621e+04
 [7,]    7 0.007704754 0.004498138 2941.283  1.426093e+03 -6.764935e+03
 [8,]    8 0.002746640 0.004393705 2937.470 -1.055956e+03 -1.607458e+03
 [9,]    9 0.005023282 0.004441658 2938.072  1.080148e+03 -4.536380e+03
[10,]   10 0.002746640 0.004393705 2937.470 -1.055956e+03 -1.607458e+03
[11,]   11 0.031038441 0.005539177 2956.822  6.166874e+02 -4.581417e+03
[12,]   12 0.007486291 0.004585603 2940.434  1.341976e+03 -5.763159e+03
[13,]   13 0.003767786 0.004435049 2937.124  3.520493e+02 -2.939797e+03
[14,]   14 0.003772848 0.004618995 2936.696  1.138496e+02 -1.785207e+03
[15,]   15 0.003990017 0.004947712 2936.367 -3.655603e+01 -3.352947e+02
[16,]   16 0.004103647 0.005040991 2936.347 -2.315118e+01 -2.670948e+01
[17,]   17 0.004138575 0.005056073 2936.347 -8.151385e+00  8.687246e+00
[18,]   18 0.004148204 0.005056335 2936.347 -1.034482e+00  2.206581e+00
[19,]   19 0.004149263 0.005056051 2936.347 -8.513543e-03  1.861941e-01

