[22;0t]0;IPython: scripts/01_msprime_simulations$par
[1] 0.0008688739 0.0009903184

$value
[1] -797.9787

$counts
function gradient 
      32       32 

$convergence
[1] 0

$message
[1] "CONVERGENCE: REL_REDUCTION_OF_F <= FACTR*EPSMCH"

$loginfo
      step         par1         par2        fn           gr1           gr2
 [1,]    1 0.1000000000 0.0100000000  993.9443  1.537924e+03  8.513881e+03
 [2,]    2 0.0000010000 0.0000010000 1293.2719  1.147207e+05 -4.400356e+06
 [3,]    3 0.0559454886 0.0055949454  889.3163  1.139212e+03  1.209989e+04
 [4,]    4 0.0190221261 0.0019029414  810.7584  2.839335e+02  1.161263e+04
 [5,]    5 0.0004834041 0.0000010000 1332.1020  4.819344e+04 -4.502454e+06
 [6,]    6 0.0131044076 0.0012958255  804.1123  2.213629e+02  3.627966e+03
 [7,]    7 0.0078260789 0.0008972751  803.9936  4.649301e+02 -1.482037e+04
 [8,]    8 0.0108298896 0.0011240836  803.3578  2.711577e+02 -2.017738e+03
 [9,]    9 0.0089472668 0.0010596155  802.9840  3.414582e+02 -4.629237e+03
[10,]   10 0.0014167755 0.0008017428  799.3600  1.729090e+03 -1.094208e+04
[11,]   11 0.0000010000 0.0007532613  815.6789 -1.243809e+05  0.000000e+00
[12,]   12 0.0009630058 0.0007862040  798.7445  1.497444e+03 -8.899656e+03
[13,]   13 0.0000010000 0.0008465424  815.8083 -1.233459e+05  1.269410e+03
[14,]   14 0.0006839890 0.0008037043  798.3471  1.990126e+02 -5.304396e+03
[15,]   15 0.0019282957 0.0012943514  799.2673  8.724608e+02  3.652628e+03
[16,]   16 0.0010490922 0.0009476695  798.0859  7.196981e+02 -1.920609e+03
[17,]   17 0.0009240062 0.0009709768  797.9927  2.989182e+02 -7.405969e+02
[18,]   18 0.0008308425 0.0009840702  797.9789 -1.344364e+02 -3.468500e+01
[19,]   19 0.0008688739 0.0009903184  797.9787  1.501074e+01 -4.336653e+01
[20,]   20 0.0008669388 0.0009915537  797.9788  2.056217e+00 -7.358744e+00
[21,]   21 0.0008687118 0.0009904219  797.9787  1.392736e+01 -4.034023e+01
[22,]   22 0.0008688594 0.0009903277  797.9787  1.491362e+01 -4.309512e+01
[23,]   23 0.0008688726 0.0009903192  797.9787  1.500198e+01 -4.334205e+01
[24,]   24 0.0008688738 0.0009903184  797.9787  1.500995e+01 -4.336432e+01
[25,]   25 0.0008688739 0.0009903184  797.9787  1.501067e+01 -4.336633e+01
[26,]   26 0.0008688739 0.0009903184  797.9787  1.501073e+01 -4.336651e+01
[27,]   27 0.0008688739 0.0009903184  797.9787  1.501074e+01 -4.336652e+01
[28,]   28 0.0008688739 0.0009903184  797.9787  1.501073e+01 -4.336651e+01
[29,]   29 0.0008688739 0.0009903184  797.9787  1.501074e+01 -4.336652e+01
[30,]   30 0.0008688739 0.0009903184  797.9787  1.501074e+01 -4.336652e+01
[31,]   31 0.0008688739 0.0009903184  797.9787  1.501074e+01 -4.336652e+01

