[22;0t]0;IPython: scripts/01_msprime_simulations$par
[1] 0.003179325 0.001147751

$value
[1] -758.1214

$counts
function gradient 
      27       27 

$convergence
[1] 0

$message
[1] "CONVERGENCE: REL_REDUCTION_OF_F <= FACTR*EPSMCH"

$loginfo
      step        par1         par2        fn           gr1           gr2
 [1,]    1 0.100000000 0.0100000000  952.3353  1.581535e+03  7.693923e+03
 [2,]    2 0.000001000 0.0000010000 1224.6813  1.107941e+05 -4.123443e+06
 [3,]    3 0.055458551 0.0055462560  848.2107  1.184441e+03  1.131939e+04
 [4,]    4 0.018856567 0.0018863870  768.5642  5.057653e+02  1.124209e+04
 [5,]    5 0.000001000 0.0000010000 1224.6813  1.107941e+05 -4.123443e+06
 [6,]    6 0.012885228 0.0012893068  761.4066  4.130498e+02  1.578362e+03
 [7,]    7 0.000001000 0.0000010000 1224.6813  1.107941e+05 -4.123443e+06
 [8,]    8 0.009215583 0.0009223753  761.8618  4.789128e+02 -1.573084e+04
 [9,]    9 0.011276086 0.0011284071  760.8898  4.183986e+02 -4.124957e+03
[10,]   10 0.010066621 0.0011255969  760.3950  4.174123e+02 -4.077000e+03
[11,]   11 0.005228763 0.0011143561  758.5613  3.130295e+02 -2.820555e+03
[12,]   12 0.000001000 0.0011457014  780.0677 -1.065097e+05  1.650035e+03
[13,]   13 0.003463589 0.0011249399  758.1440  9.589351e+01 -9.997239e+02
[14,]   14 0.002730507 0.0011362924  758.1477 -1.428402e+02  1.361760e+02
[15,]   15 0.003103970 0.0011305090  758.1228 -9.362655e-01 -4.505495e+02
[16,]   16 0.003179325 0.0011477513  758.1214  3.088138e+00 -3.680076e+01
[17,]   17 0.003170857 0.0011488049  758.1215 -3.548034e-01  1.017287e+00
[18,]   18 0.003178748 0.0011478231  758.1214  2.854155e+00 -3.421906e+01
[19,]   19 0.003179283 0.0011477566  758.1214  3.070986e+00 -3.661146e+01
[20,]   20 0.003179322 0.0011477517  758.1214  3.086874e+00 -3.678681e+01
[21,]   21 0.003179325 0.0011477513  758.1214  3.088045e+00 -3.679974e+01
[22,]   22 0.003179325 0.0011477513  758.1214  3.088131e+00 -3.680069e+01
[23,]   23 0.003179325 0.0011477513  758.1214  3.088138e+00 -3.680076e+01
[24,]   24 0.003179325 0.0011477513  758.1214  3.088138e+00 -3.680076e+01
[25,]   25 0.003179325 0.0011477513  758.1214  3.088138e+00 -3.680076e+01
[26,]   26 0.003179325 0.0011477513  758.1214  3.088138e+00 -3.680076e+01
[27,]   27 0.003179325 0.0011477513  758.1214  3.088138e+00 -3.680076e+01

