[22;0t]0;IPython: scripts/01_msprime_simulations$par
[1] 0.0008044159 0.0049768166

$value
[1] -2552.361

$counts
function gradient 
      28       28 

$convergence
[1] 0

$message
[1] "CONVERGENCE: REL_REDUCTION_OF_F <= FACTR*EPSMCH"

$loginfo
      step         par1        par2       fn           gr1           gr2
 [1,]    1 0.1000000000 0.010000000 2677.639  5.724051e+02  1.622543e+04
 [2,]    2 0.0000010000 0.000001000 5040.779  1.218228e+05 -1.829243e+07
 [3,]    3 0.0650281521 0.006503130 2612.506  3.609611e+02  1.020983e+04
 [4,]    4 0.0054922056 0.000562345 2867.250  1.379325e+04 -5.221652e+05
 [5,]    5 0.0446536299 0.004470061 2594.985  3.516204e+02 -1.956042e+03
 [6,]    6 0.0361260434 0.004214619 2592.522  4.279185e+02 -4.567670e+03
 [7,]    7 0.0020156973 0.003192850 2559.764  3.274234e+03 -8.186329e+03
 [8,]    8 0.0000010000 0.003132500 2592.195 -2.882029e+05 -9.832174e+01
 [9,]    9 0.0020156973 0.003192850 2559.764  3.274234e+03 -8.186329e+03
[10,]   10 0.0000010000 0.003878240 2593.295 -3.029129e+05  2.154394e+03
[11,]   11 0.0012550043 0.003451634 2555.916  2.214273e+03 -5.120077e+03
[12,]   12 0.0000010000 0.003916825 2593.378 -3.039530e+05  2.114160e+03
[13,]   13 0.0008519092 0.003601168 2554.629  4.834049e+02 -3.954223e+03
[14,]   14 0.0099203845 0.017738869 2613.942  4.650071e+03  9.502097e+02
[15,]   15 0.0019990360 0.005389532 2555.432  3.160578e+03  1.194008e+03
[16,]   16 0.0013028103 0.004304120 2553.460  2.124724e+03 -1.347952e+03
[17,]   17 0.0008632868 0.004576887 2552.521  4.147311e+02 -7.653933e+02
[18,]   18 0.0007289142 0.004853737 2552.402 -8.868398e+02 -2.330097e+02
[19,]   19 0.0008364511 0.005013976 2552.369  3.108090e+02  6.974031e+01
[20,]   20 0.0008085075 0.004977207 2552.361  3.967497e+01  7.517402e-01
[21,]   21 0.0008044159 0.004976817 2552.361 -8.498330e-01 -9.555592e-01
[22,]   22 0.0008044904 0.004977303 2552.361  1.319539e-02 -1.144819e-01
[23,]   23 0.0008044171 0.004976825 2552.361 -8.355175e-01 -9.416066e-01
[24,]   24 0.0008044159 0.004976817 2552.361 -8.495921e-01 -9.553244e-01
[25,]   25 0.0008044159 0.004976817 2552.361 -8.498291e-01 -9.555554e-01
[26,]   26 0.0008044159 0.004976817 2552.361 -8.498331e-01 -9.555591e-01
[27,]   27 0.0008044159 0.004976817 2552.361 -8.498331e-01 -9.555591e-01
[28,]   28 0.0008044159 0.004976817 2552.361 -8.498331e-01 -9.555591e-01

