[22;0t]0;IPython: scripts/01_msprime_simulations$par
[1] 0.0006667369 0.6288859874

$value
[1] -18984.98

$counts
function gradient 
      25       25 

$convergence
[1] 0

$message
[1] "CONVERGENCE: REL_REDUCTION_OF_F <= FACTR*EPSMCH"

$loginfo
      step         par1       par2       fn           gr1           gr2
 [1,]    1 0.1000000000  0.0100000 21082.05  6.383207e+03 -2.951580e+05
 [2,]    2 0.0000010000 10.0000000 30416.31  2.416099e+03  1.817509e+03
 [3,]    3 0.0667762287  3.3290879 20018.38  2.412341e+03  1.015772e+03
 [4,]    4 0.0397066103  3.3176123 19941.43  2.413830e+03  1.011075e+03
 [5,]    5 0.0000010000  3.3007799 19828.58  2.416072e+03  1.004166e+03
 [6,]    6 0.0000010000  3.2139721 19742.99  2.416070e+03  9.674681e+02
 [7,]    7 0.0000010000  0.9254693 19390.70 -3.395473e+05  2.258938e+03
 [8,]    8 0.0000010000  0.0000010 58590.43  1.246055e+05 -2.171199e+08
 [9,]    9 0.0000010000  0.6053265 19002.07 -1.009536e+05 -2.300160e+02
[10,]   10 0.0365260610  0.0000010 61252.82  3.821148e+04 -2.172240e+08
[11,]   11 0.0128794353  0.3918937 19082.23  8.210868e+03  3.122639e+02
[12,]   12 0.0038622094  0.5413351 19032.11  3.621782e+03 -5.865123e+02
[13,]   13 0.0011830709  0.5857362 18996.74  2.443299e+03 -5.107438e+02
[14,]   14 0.0267128277 10.0000000 30480.84  2.415390e+03  1.817509e+03
[15,]   15 0.0035786991  1.4691396 19160.96  2.093617e+03 -7.262618e+02
[16,]   16 0.0014877450  0.6980867 19011.22  2.926002e+03  6.932389e+02
[17,]   17 0.0012996548  0.6287272 18986.07  2.812529e+03 -7.277358e+00
[18,]   18 0.0012578778  0.6287280 18985.95  2.708594e+03 -7.024839e+00
[19,]   19 0.0010907697  0.6287311 18985.54  2.224194e+03 -5.831836e+00
[20,]   20 0.0003011569  0.6287771 18985.89 -7.346966e+03  2.262868e+00
[21,]   21 0.0007057467  0.6287535 18984.99  3.160425e+02 -1.916768e+00
[22,]   22 0.0006421832  0.6288653 18984.98 -2.180076e+02  2.997036e-02
[23,]   23 0.0006682096  0.6288852 18984.98  1.257042e+01 -2.413002e-02
[24,]   24 0.0006667930  0.6288860 18984.98  4.788704e-01 -6.108348e-04
[25,]   25 0.0006667369  0.6288860 18984.98 -9.231735e-04  3.114292e-04

