[22;0t]0;IPython: scripts/01_msprime_simulations$par
[1] 0.05170169 0.00524123

$value
[1] -3285.787

$counts
function gradient 
      25       25 

$convergence
[1] 0

$message
[1] "CONVERGENCE: REL_REDUCTION_OF_F <= FACTR*EPSMCH"

$loginfo
      step       par1        par2       fn           gr1           gr2
 [1,]    1 0.10000000 0.010000000 3357.756  1.164848e+02  2.222155e+04
 [2,]    2 0.00001000 0.000010000 5372.910  1.231395e+05 -1.231027e+07
 [3,]    3 0.06472130 0.006475305 3292.888 -1.530048e+01  1.076924e+04
 [4,]    4 0.03928339 0.003500699 3309.642  2.735508e+02 -3.471036e+04
 [5,]    5 0.05514635 0.005355649 3285.853 -2.637940e-01  1.139103e+03
 [6,]    6 0.05398228 0.005221655 3285.798  6.048616e+00 -4.056591e+02
 [7,]    7 0.05421665 0.005253242 3285.793  4.367727e+00 -2.939713e+01
 [8,]    8 0.05417488 0.005252803 3285.792  4.315665e+00 -3.202292e+01
 [9,]    9 0.05400781 0.005251046 3285.792  4.106406e+00 -4.249340e+01
[10,]   10 0.05333954 0.005244018 3285.790  3.252777e+00 -8.384555e+01
[11,]   11 0.05171519 0.005239085 3285.787  1.895508e-01 -3.110097e+01
[12,]   12 0.05170169 0.005241230 3285.787  7.344879e-03 -3.841611e+00
[13,]   13 0.05171040 0.005241594 3285.787  4.883555e-04 -4.695266e-05
[14,]   14 0.05170215 0.005241249 3285.787  6.985160e-03 -3.640067e+00
[15,]   15 0.05170172 0.005241231 3285.787  7.324929e-03 -3.830449e+00
[16,]   16 0.05170169 0.005241230 3285.787  7.343826e-03 -3.840990e+00
[17,]   17 0.05170169 0.005241230 3285.787  7.344918e-03 -3.841575e+00
[18,]   18 0.05170169 0.005241230 3285.787  7.344918e-03 -3.841609e+00
[19,]   19 0.05170169 0.005241230 3285.787  7.344947e-03 -3.841609e+00
[20,]   20 0.05170169 0.005241230 3285.787  7.345000e-03 -3.841592e+00
[21,]   21 0.05170169 0.005241230 3285.787  7.344943e-03 -3.841608e+00
[22,]   22 0.05170169 0.005241230 3285.787  7.345006e-03 -3.841598e+00
[23,]   23 0.05170169 0.005241230 3285.787  7.344922e-03 -3.841608e+00
[24,]   24 0.05170169 0.005241230 3285.787  7.344890e-03 -3.841607e+00
[25,]   25 0.05170169 0.005241230 3285.787  7.344922e-03 -3.841608e+00

