[22;0t]0;IPython: scripts/01_msprime_simulations$par
[1] 0.008630591 0.004819974

$value
[1] -3141.218

$counts
function gradient 
      18       18 

$convergence
[1] 0

$message
[1] "CONVERGENCE: REL_REDUCTION_OF_F <= FACTR*EPSMCH"

$loginfo
      step        par1        par2       fn           gr1           gr2
 [1,]    1 0.100000000 0.010000000 3215.564  2.764762e+02  1.896608e+04
 [2,]    2 0.000001000 0.000001000 6308.666  1.204574e+05 -2.300005e+07
 [3,]    3 0.065521643 0.006552475 3156.059  1.390677e+02  9.040457e+03
 [4,]    4 0.033264759 0.003375880 3172.285  5.219616e+02 -3.603984e+04
 [5,]    5 0.053106254 0.005329832 3148.495  1.515711e+02 -4.223413e+02
 [6,]    6 0.049614647 0.005180922 3148.122  1.605562e+02 -1.902132e+03
 [7,]    7 0.038090334 0.004923520 3146.888  1.921720e+02 -4.132680e+03
 [8,]    8 0.000001000 0.004297687 3181.459 -1.743081e+05  3.138452e+02
 [9,]    9 0.024316229 0.004697202 3144.917  2.553401e+02 -5.076097e+03
[10,]   10 0.008252396 0.004433263 3141.756  1.263200e+02 -3.063473e+03
[11,]   11 0.000001000 0.004373888 3181.493 -1.741963e+05  6.865358e+02
[12,]   12 0.005539148 0.004413739 3141.930 -3.003764e+02 -1.641126e+03
[13,]   13 0.007306707 0.004426458 3141.699  2.825495e+01 -2.606448e+03
[14,]   14 0.008326248 0.004664881 3141.294  2.660893e+01 -1.063379e+03
[15,]   15 0.008715192 0.004812019 3141.219  9.580723e+00 -8.298988e+01
[16,]   16 0.008651221 0.004819563 3141.218  1.887890e+00 -9.217546e+00
[17,]   17 0.008630805 0.004820013 3141.218  6.704831e-03  2.248306e-01
[18,]   18 0.008630591 0.004819974 3141.218  1.886110e-04  1.259868e-02

