[22;0t]0;IPython: scripts/01_msprime_simulations$par
[1] 0.0184582311 0.0008168033

$value
[1] -673.892

$counts
function gradient 
      40       40 

$convergence
[1] 0

$message
[1] "CONVERGENCE: REL_REDUCTION_OF_F <= FACTR*EPSMCH"

$loginfo
      step        par1         par2        fn           gr1           gr2
 [1,]    1 0.100000000 0.0100000000  886.2161  1.656429e+03  5.627410e+03
 [2,]    2 0.000001000 0.0000010000 1038.2236  1.125777e+05 -3.431179e+06
 [3,]    3 0.052135097 0.0052139405  781.4757  1.090644e+03  1.098572e+04
 [4,]    4 0.017726593 0.0017733998  694.1210  1.371459e+02  2.773939e+04
 [5,]    5 0.007154221 0.0007162577  674.3753 -5.752985e+01 -6.749651e+03
 [6,]    6 0.002850347 0.0068065635  699.3765  5.666001e+03 -1.496966e+03
 [7,]    7 0.006629181 0.0014592293  684.8166  1.041317e+02  2.099896e+04
 [8,]    8 0.007100033 0.0007929378  674.2293 -1.128289e+02  1.156259e+03
 [9,]    9 0.010862895 0.0008072697  673.9923 -3.866978e+01  8.151946e+02
[10,]   10 0.012668085 0.0008074034  673.9390 -2.193132e+01  2.824858e+02
[11,]   11 0.015184864 0.0008122364  673.9047 -9.422538e+00  1.385711e+02
[12,]   12 0.017064985 0.0008155250  673.8946 -3.929132e+00  9.101671e+01
[13,]   13 0.018369989 0.0008172282  673.8923 -1.192349e+00  3.619958e+01
[14,]   14 0.018651721 0.0008040329  673.8939  1.498279e+00 -1.338347e+03
[15,]   15 0.018476816 0.0008122248  673.8907 -1.737014e-01 -4.777780e+02
[16,]   16 0.018382284 0.0008166524  673.8920 -1.075216e+00 -2.251140e+01
[17,]   17 0.018933325 0.0008177474  673.8922 -1.960088e-01 -1.282530e+00
[18,]   18 0.018485404 0.0008168573  673.8920 -9.026643e-01 -1.885922e+01
[19,]   19 0.018405483 0.0008166985  673.8920 -1.036060e+00 -2.170288e+01
[20,]   20 0.018458231 0.0008168033  673.8920 -9.477603e-01 -1.983618e+01
[21,]   21 0.019022922 0.0008179248  673.8923 -6.249470e-02  2.504427e+00
[22,]   22 0.018548789 0.0008169831  673.8920 -7.984804e-01 -1.654883e+01
[23,]   23 0.018475566 0.0008168377  673.8920 -9.189582e-01 -1.921582e+01
[24,]   24 0.018461659 0.0008168101  673.8920 -9.420563e-01 -1.971384e+01
[25,]   25 0.018458913 0.0008168046  673.8920 -9.466248e-01 -1.981185e+01
[26,]   26 0.018458367 0.0008168035  673.8920 -9.475340e-01 -1.983133e+01
[27,]   27 0.018458258 0.0008168033  673.8920 -9.477152e-01 -1.983521e+01
[28,]   28 0.018458237 0.0008168033  673.8920 -9.477513e-01 -1.983599e+01
[29,]   29 0.018458232 0.0008168033  673.8920 -9.477585e-01 -1.983614e+01
[30,]   30 0.018458231 0.0008168033  673.8920 -9.477599e-01 -1.983617e+01
[31,]   31 0.018458231 0.0008168033  673.8920 -9.477602e-01 -1.983618e+01
[32,]   32 0.018458231 0.0008168033  673.8920 -9.477602e-01 -1.983618e+01
[33,]   33 0.018458231 0.0008168033  673.8920 -9.477603e-01 -1.983618e+01
[34,]   34 0.018458231 0.0008168033  673.8920 -9.477603e-01 -1.983618e+01
[35,]   35 0.018458231 0.0008168033  673.8920 -9.477603e-01 -1.983618e+01
[36,]   36 0.018458231 0.0008168033  673.8920 -9.477603e-01 -1.983618e+01
[37,]   37 0.018458231 0.0008168033  673.8920 -9.477603e-01 -1.983618e+01
[38,]   38 0.018458231 0.0008168033  673.8920 -9.477603e-01 -1.983618e+01
[39,]   39 0.018458231 0.0008168033  673.8920 -9.477603e-01 -1.983618e+01

