[22;0t]0;IPython: scripts/01_msprime_simulations$par
[1] 0.000001000 0.003538257

$value
[1] -98.83451

$counts
function gradient 
      17       17 

$convergence
[1] 0

$message
[1] "CONVERGENCE: REL_REDUCTION_OF_F <= FACTR*EPSMCH"

$loginfo
      step  par1         par2          fn       gr1           gr2
 [1,]    1 1e-01  0.010000000   338.18335  2238.261  2.918166e+03
 [2,]    2 1e-06  0.000001000   118.31169 40447.671 -2.123883e+05
 [3,]    3 1e-06 10.000000000 24352.24331  2416.099  2.323792e+03
 [4,]    4 1e-06  3.276636250  8242.13158  2416.074  2.468154e+03
 [5,]    5 1e-06  1.073441447  2755.17715  2415.986  2.510754e+03
 [6,]    6 1e-06  0.351773990   941.53126  2415.704  2.509369e+03
 [7,]    7 1e-06  0.115402645   351.75948  2414.839  2.462147e+03
 [8,]    8 1e-06  0.037966489   165.00095  2412.210  2.304781e+03
 [9,]    9 1e-06  0.012578958   110.40513  2404.285  1.826895e+03
[10,]   10 1e-06  0.012471689   110.20949  2404.182  1.820743e+03
[11,]   11 1e-06  0.012042614   109.43369  2403.751  1.795039e+03
[12,]   12 1e-06  0.010326313   106.45394  2401.637  1.670853e+03
[13,]   13 1e-06  0.003461111    98.83666  2336.232 -5.676658e+01
[14,]   14 1e-06  0.003735889    98.84798  2349.638  1.333710e+02
[15,]   15 1e-06  0.003538076    98.83451  2340.384 -7.034711e-01
[16,]   16 1e-06  0.003539042    98.83451  2340.434 -1.435467e-02
[17,]   17 1e-06  0.003538257    98.83451  2340.393 -5.743775e-01

