[22;0t]0;IPython: scripts/01_msprime_simulations$par
[1] 0.334441675 0.004746349

$value
[1] -2998.802

$counts
function gradient 
      24       24 

$convergence
[1] 0

$message
[1] "CONVERGENCE: REL_REDUCTION_OF_F <= FACTR*EPSMCH"

$loginfo
      step       par1         par2       fn           gr1           gr2
 [1,]    1 0.10000000 0.0100000000 3108.538  8.109409e+01  2.728030e+04
 [2,]    2 0.00000100 0.0000010000 5873.607  1.221803e+05 -2.138469e+07
 [3,]    3 0.06484379 0.0064846955 3023.860 -1.253734e+02  1.872868e+04
 [4,]    4 0.02628351 0.0002323176 3844.945  2.717768e+03 -2.015268e+06
 [5,]    5 0.05183843 0.0043759340 3003.855 -1.100088e+02 -2.027805e+03
 [6,]    6 0.05507412 0.0046532726 3003.518 -1.206563e+02  2.167560e+03
 [7,]    7 0.05611108 0.0046056724 3003.312 -1.132120e+02  1.371603e+03
 [8,]    8 0.06670030 0.0044751929 3002.341 -7.365981e+01 -1.492069e+03
 [9,]    9 0.08246025 0.0044884716 3001.380 -4.767966e+01 -2.135390e+03
[10,]   10 0.11662461 0.0046560565 2999.994 -2.416756e+01 -3.540352e+02
[11,]   11 0.14666902 0.0047563133 2999.466 -1.371646e+01  8.378357e+02
[12,]   12 0.17512776 0.0047820534 2999.191 -7.860818e+00  1.015913e+03
[13,]   13 0.22964066 0.0040989304 3002.957  1.295142e+00 -1.348938e+04
[14,]   14 0.18175023 0.0046990646 2999.119 -6.374299e+00 -4.528699e+02
[15,]   15 0.21440609 0.0047289622 2998.955 -3.501023e+00 -9.609193e+01
[16,]   16 0.25307518 0.0047460453 2998.859 -1.675190e+00  9.706549e+01
[17,]   17 0.28759463 0.0047465275 2998.818 -7.449815e-01  4.856806e+01
[18,]   18 0.31520719 0.0047463732 2998.805 -2.585107e-01  1.529134e+01
[19,]   19 0.32988889 0.0047464247 2998.802 -5.880288e-02  3.844086e+00
[20,]   20 0.33371247 0.0047377302 2998.803 -5.373170e-03 -1.602278e+02
[21,]   21 0.33072446 0.0047445247 2998.802 -4.694279e-02 -3.192983e+01
[22,]   22 0.33437069 0.0047463330 2998.802 -4.067485e-03 -1.211773e+00
[23,]   23 0.33471106 0.0047464120 2998.802 -8.283223e-05  3.788748e-03
[24,]   24 0.33444167 0.0047463495 2998.802 -3.235282e-03 -9.583637e-01

