[22;0t]0;IPython: scripts/01_msprime_simulations$par
[1] 0.05674413 0.01052165

$value
[1] -5741.7

$counts
function gradient 
      32       32 

$convergence
[1] 0

$message
[1] "CONVERGENCE: REL_REDUCTION_OF_F <= FACTR*EPSMCH"

$loginfo
      step       par1        par2        fn           gr1           gr2
 [1,]    1 0.10000000  0.01000000  5746.111  1.081363e+02 -5528.8618688
 [2,]    2 0.00000100 10.00000000 25691.649  2.416088e+03  2211.9661338
 [3,]    3 0.07772068  2.23572622  8809.254  2.413233e+03  2016.4092802
 [4,]    4 0.09428303  0.58113087  6114.711  2.354798e+03   750.5589608
 [5,]    5 0.09836195  0.17364256  6172.838  2.691891e+03 -1095.6686362
 [6,]    6 0.09973564  0.03640980  6077.618  1.195042e+03 10286.8607774
 [7,]    7 0.09997975  0.01202259  5746.505  4.401740e+01  4925.0414679
 [8,]    8 0.09999073  0.01092646  5743.665  7.228545e+01     1.9140778
 [9,]    9 0.09997862  0.01092618  5743.664  7.228296e+01     0.8584142
[10,]   10 0.09993018  0.01092507  5743.661  7.227301e+01    -3.3638842
[11,]   11 0.09973645  0.01092063  5743.647  7.223316e+01   -20.2473537
[12,]   12 0.09896150  0.01090284  5743.592  7.207291e+01   -87.6876976
[13,]   13 0.09586170  0.01083170  5743.385  7.141467e+01  -355.8228078
[14,]   14 0.04830037  0.01021745  5741.921 -2.213661e+01  -882.0925438
[15,]   15 0.06378904  0.01049427  5741.815  2.867788e+01  -605.5068317
[16,]   16 0.05839679  0.01048500  5741.713  9.683856e+00  -299.2377759
[17,]   17 0.05615339  0.01050731  5741.700 -1.668741e+00   -31.7405974
[18,]   18 0.05683005  0.01052468  5741.700  2.151248e-01     7.8409056
[19,]   19 0.05674413  0.01052165  5741.700  3.655410e-02    -1.3235712
[20,]   20 0.05673793  0.01052187  5741.700 -6.244545e-03     0.1758284
[21,]   21 0.05674321  0.01052168  5741.700  3.023685e-02    -1.1022247
[22,]   22 0.05674396  0.01052166  5741.700  3.542400e-02    -1.2839756
[23,]   23 0.05674410  0.01052165  5741.700  3.634528e-02    -1.3162584
[24,]   24 0.05674412  0.01052165  5741.700  3.651591e-02    -1.3222350
[25,]   25 0.05674413  0.01052165  5741.700  3.654740e-02    -1.3233296
[26,]   26 0.05674413  0.01052165  5741.700  3.655308e-02    -1.3235393
[27,]   27 0.05674413  0.01052165  5741.700  3.655404e-02    -1.3235688
[28,]   28 0.05674413  0.01052165  5741.700  3.655404e-02    -1.3235712
[29,]   29 0.05674413  0.01052165  5741.700  3.655404e-02    -1.3235713
[30,]   30 0.05674413  0.01052165  5741.700  3.655388e-02    -1.3235700
[31,]   31 0.05674413  0.01052165  5741.700  3.655403e-02    -1.3235712
[32,]   32 0.05674413  0.01052165  5741.700  3.655404e-02    -1.3235713

