[22;0t]0;IPython: scripts/01_msprime_simulations$par
[1] 0.0008212967 0.0042507163

$value
[1] -2211.11

$counts
function gradient 
      28       28 

$convergence
[1] 0

$message
[1] "CONVERGENCE: REL_REDUCTION_OF_F <= FACTR*EPSMCH"

$loginfo
      step         par1        par2       fn           gr1           gr2
 [1,]    1 0.1000000000 0.010000000 2337.196  8.477324e+02  1.168332e+04
 [2,]    2 0.0000010000 0.000001000 4351.119  1.171412e+05 -1.575405e+07
 [3,]    3 0.0648777122 0.006488087 2276.921  5.805562e+02  7.274685e+03
 [4,]    4 0.0000010000 0.000554919 2351.731 -3.758148e+04 -3.029135e+05
 [5,]    5 0.0353342612 0.003786251 2258.281  5.462087e+02 -9.178055e+03
 [6,]    6 0.0309010686 0.004321905 2252.482  5.857103e+02 -3.597311e+03
 [7,]    7 0.0000010000 0.005133142 2244.282 -2.400794e+05  8.696943e+02
 [8,]    8 0.0308137833 0.004324197 2252.422  5.867058e+02 -3.578403e+03
 [9,]    9 0.0154073917 0.004728670 2240.080  1.033044e+03 -9.477148e+02
[10,]   10 0.0051595240 0.004997713 2223.441  2.585910e+03 -1.476668e+02
[11,]   11 0.0017901681 0.005086170 2213.258  2.948851e+03  4.655222e+02
[12,]   12 0.0000010000 0.005077071 2244.234 -2.403060e+05  8.955119e+02
[13,]   13 0.0011811095 0.005083073 2211.770  1.617627e+03  6.868379e+02
[14,]   14 0.0004184017 0.004956657 2212.921 -8.895566e+03  1.054550e+03
[15,]   15 0.0009086476 0.005037913 2211.476  7.882489e+01  7.873491e+02
[16,]   16 0.0008643602 0.004927312 2211.393 -2.260457e+02  7.367079e+02
[17,]   17 0.0007671476 0.004101253 2211.131 -3.566614e+02 -2.037817e+02
[18,]   18 0.0008220163 0.004309486 2211.113 -6.521414e+01  9.637017e+01
[19,]   19 0.0008231186 0.004253480 2211.110  1.399317e+01  2.338171e+00
[20,]   20 0.0008212967 0.004250716 2211.110 -2.894446e-02 -1.158664e-01
[21,]   21 0.0008213095 0.004250795 2211.110 -3.947746e-03  2.848585e-03
[22,]   22 0.0008212967 0.004250716 2211.110 -2.889906e-02 -1.156510e-01
[23,]   23 0.0008212967 0.004250716 2211.110 -2.894439e-02 -1.158660e-01
[24,]   24 0.0008212967 0.004250716 2211.110 -2.891439e-02 -1.157240e-01
[25,]   25 0.0008212967 0.004250716 2211.110 -2.894429e-02 -1.158657e-01
[26,]   26 0.0008212967 0.004250716 2211.110 -2.894439e-02 -1.158660e-01
[27,]   27 0.0008212967 0.004250716 2211.110 -2.894439e-02 -1.158660e-01

