[22;0t]0;IPython: scripts/01_msprime_simulations$par
[1] 0.002418257 0.406238490

$value
[1] -17653.43

$counts
function gradient 
      45       45 

$convergence
[1] 0

$message
[1] "CONVERGENCE: REL_REDUCTION_OF_F <= FACTR*EPSMCH"

$loginfo
      step         par1       par2       fn           gr1           gr2
 [1,]    1 0.1000000000  0.0100000 20518.93  7.432336e+03 -2.927713e+05
 [2,]    2 0.0000010000 10.0000000 30308.02  2.416069e+03  1.826550e+03
 [3,]    3 0.0667868772  3.3280241 19717.72  2.405899e+03  1.138546e+03
 [4,]    4 0.0889061997  1.1182817 18130.86  3.595481e+03  2.543641e+02
 [5,]    5 0.0753057932  1.1172777 18081.64  3.599576e+03  2.849721e+02
 [6,]    6 0.0209041674  1.1132617 17892.07  3.016617e+03  4.052013e+02
 [7,]    7 0.0000010000  1.1098333 17984.83 -7.173169e+05  5.912138e+02
 [8,]    8 0.0118455509  1.1117760 17866.82  2.272444e+03  4.284319e+02
 [9,]    9 0.0000010000  1.1077122 17983.58 -7.150063e+05  5.916999e+02
[10,]   10 0.0073733108  1.1102416 17858.04  1.178758e+03  4.333341e+02
[11,]   11 0.0019271650  1.1062041 17862.44 -6.575626e+03  4.470487e+02
[12,]   12 0.0051348162  1.1085821 17855.93 -8.426959e+01  4.332907e+02
[13,]   13 0.0047149593  1.1058612 17854.87 -4.462698e+02  4.306114e+02
[14,]   14 0.0023003036  1.0647381 17841.48 -4.285488e+03  4.666138e+02
[15,]   15 0.0000010000  0.9507421 17915.71 -7.630207e+05  2.952275e+02
[16,]   16 0.0013636720  1.0183013 17825.03 -8.811907e+03  4.739873e+02
[17,]   17 0.0000010000  0.7155389 17897.24 -9.440616e+05  2.301600e+02
[18,]   18 0.0007349796  0.8786166 17793.77 -2.012097e+04  1.140187e+02
[19,]   19 0.0033253772  0.7881317 17753.38 -1.760937e+03  3.160328e+02
[20,]   20 0.0107048877  0.2815812 17703.18  8.056704e+03 -2.622247e+02
[21,]   21 0.0068212037  0.5481682 17715.11  3.662530e+03  4.417012e+02
[22,]   22 0.0090830050  0.3929118 17683.36  6.221023e+03 -9.064833e+01
[23,]   23 0.0068975983  0.5261870 17705.63  3.881632e+03  4.163759e+02
[24,]   24 0.0086459203  0.4195670 17681.29  6.050225e+03  1.482279e+02
[25,]   25 0.0082671670  0.4138265 17678.29  5.982342e+03  9.975205e+01
[26,]   26 0.0067521536  0.3908643 17669.86  5.449061e+03 -9.626057e+01
[27,]   27 0.0015353076  0.3727852 17657.99 -5.097267e+03 -3.936931e+01
[28,]   28 0.0041735305  0.3819280 17658.81  3.535340e+03 -1.089790e+02
[29,]   29 0.0000010000  0.3792265 17779.05 -8.061778e+05 -1.715711e+02
[30,]   30 0.0027259239  0.3809907 17655.47  8.418335e+02 -1.066683e+02
[31,]   31 0.0023194521  0.3913053 17654.30 -4.935444e+02 -9.580536e+01
[32,]   32 0.0020893138  0.4355162 17658.63 -1.231119e+03  3.197780e+02
[33,]   33 0.0022597779  0.4027691 17653.53 -6.390705e+02 -3.355773e+01
[34,]   34 0.0024664556  0.4088197 17653.47  1.942672e+02  2.762857e+01
[35,]   35 0.0024279856  0.4059553 17653.43  2.752389e+01 -2.804366e+00
[36,]   36 0.0024182219  0.4062380 17653.43 -3.024590e+00 -1.305629e-01
[37,]   37 0.0024191024  0.4062508 17653.43  2.104747e-01  7.787585e-03
[38,]   38 0.0024183724  0.4062402 17653.43 -2.471507e+00 -1.069229e-01
[39,]   39 0.0024182537  0.4062384 17653.43 -2.907769e+00 -1.255699e-01
[40,]   40 0.0024183320  0.4062396 17653.43 -2.619832e+00 -1.132637e-01
[41,]   41 0.0024182698  0.4062387 17653.43 -2.848645e+00 -1.230448e-01
[42,]   42 0.0024182570  0.4062385 17653.43 -2.895347e+00 -1.250393e-01
[43,]   43 0.0024182654  0.4062386 17653.43 -2.864525e+00 -1.237213e-01
[44,]   44 0.0024182588  0.4062385 17653.43 -2.888964e+00 -1.247680e-01
[45,]   45 0.0024182570  0.4062385 17653.43 -2.895347e+00 -1.250393e-01

