[22;0t]0;IPython: scripts/01_msprime_simulations$par
[1] 0.311646933 0.004489524

$value
[1] -2860.636

$counts
function gradient 
      19       19 

$convergence
[1] 0

$message
[1] "CONVERGENCE: REL_REDUCTION_OF_F <= FACTR*EPSMCH"

$loginfo
      step       par1        par2       fn           gr1           gr2
 [1,]    1 0.10000000 0.010000000 2978.435  1.270229e+02  2.665244e+04
 [2,]    2 0.00000100 0.000001000 5556.860  1.228806e+05 -2.023086e+07
 [3,]    3 0.06470217 0.006470534 2891.271 -1.052795e+02  2.017168e+04
 [4,]    4 0.03509333 0.000001000 6062.968  1.867318e+03 -2.048151e+07
 [5,]    5 0.05479752 0.004306368 2865.628 -1.056605e+02  4.145192e+02
 [6,]    6 0.05693674 0.004313890 2865.411 -1.004427e+02  3.897736e+02
 [7,]    7 0.06549361 0.004343981 2864.641 -8.287576e+01  3.631992e+02
 [8,]    8 0.10403351 0.004447964 2862.487 -3.809622e+01  6.497917e+02
 [9,]    9 0.13547958 0.004421854 2861.608 -1.974405e+01 -4.381770e+02
[10,]   10 0.17693431 0.004560968 2861.107 -9.604421e+00  1.641951e+03
[11,]   11 0.21135337 0.004474787 2860.805 -4.538129e+00 -8.432337e+01
[12,]   12 0.24195067 0.004478311 2860.702 -2.315232e+00 -1.125043e+02
[13,]   13 0.27603628 0.004639145 2860.869 -9.977568e-01  2.815917e+03
[14,]   14 0.24805404 0.004507110 2860.694 -2.052635e+00  4.208944e+02
[15,]   15 0.27612023 0.004494056 2860.650 -8.844254e-01  1.264522e+02
[16,]   16 0.29755314 0.004489182 2860.638 -2.921732e-01  6.613941e+00
[17,]   17 0.30823851 0.004489466 2860.636 -6.518656e-02  1.846520e+00
[18,]   18 0.31130602 0.004489522 2860.636 -6.523139e-03  2.538168e-01
[19,]   19 0.31164693 0.004489524 2860.636 -1.666285e-04  4.645053e-03

