[22;0t]0;IPython: scripts/01_msprime_simulations$par
[1] 0.4707905 0.5072084

$value
[1] -58641.57

$counts
function gradient 
      41       41 

$convergence
[1] 0

$message
[1] "CONVERGENCE: REL_REDUCTION_OF_F <= FACTR*EPSMCH"

$loginfo
      step       par1       par2        fn           gr1           gr2
 [1,]    1 0.10000000  0.0100000 121148.11  7.150712e+04 -3.079464e+06
 [2,]    2 0.00000100 10.0000000  66339.15 -6.121930e+06  4.641419e+01
 [3,]    3 2.22897170 10.0000000  67260.97  1.642940e+03 -5.782236e+00
 [4,]    4 0.74299055 10.0000000  64594.52  1.860086e+03  1.326879e+02
 [5,]    5 0.24752029 10.0000000  63835.92  7.068271e+02  2.209691e+02
 [6,]    6 0.24749173  9.9992627  63835.74  7.067722e+02  2.210350e+02
 [7,]    7 0.24737752  9.9963133  63835.00  7.065534e+02  2.213163e+02
 [8,]    8 0.24692066  9.9845159  63832.06  7.056873e+02  2.224464e+02
 [9,]    9 0.24509321  9.9373262  63820.17  7.023786e+02  2.270475e+02
[10,]   10 0.23778344  9.7485673  63770.37  6.924889e+02  2.471108e+02
[11,]   11 0.20854433  8.9935319  63527.44  7.326017e+02  3.431749e+02
[12,]   12 0.09158792  5.9733901  62318.03 -1.077721e+00  2.253081e+02
[13,]   13 0.00000100  3.6083598  63488.56 -4.173738e+06  7.174277e+02
[14,]   14 0.05400246  5.0028285  62200.67 -3.191039e+03  1.482490e+02
[15,]   15 0.03321258  4.4216049  62179.04 -7.355995e+03  3.036407e+02
[16,]   16 0.00000100  3.4931071  63415.86 -3.878990e+06  5.316650e+02
[17,]   17 0.02200655  4.1083174  62183.38 -1.184625e+04  3.314151e+02
[18,]   18 0.02866405  4.2944413  62176.01 -8.805951e+03  3.191161e+02
[19,]   19 0.01209051  3.7669555  62227.27 -2.112649e+04  3.080627e+02
[20,]   20 0.02498633  4.1773907  62173.21 -1.027844e+04  3.258611e+02
[21,]   21 0.02390764  3.9924623  62124.17 -1.055377e+04  3.218820e+02
[22,]   22 0.01959286  3.2527490  61984.53 -1.378308e+04  1.834936e+02
[23,]   23 0.04332428  1.9989718  61341.75 -5.838518e+03  4.976316e+02
[24,]   24 0.08116068  0.0000010 426852.79  8.302498e+04 -1.553652e+09
[25,]   25 0.05596628  1.3310701  60827.72 -5.695391e+03  9.144509e+02
[26,]   26 0.07275957  0.4438480  59317.83 -8.890689e+03  1.554882e+03
[27,]   27 0.07835732  0.1481079  61651.39  1.875873e+04 -4.502468e+04
[28,]   28 0.07275957  0.4438480  59317.83 -8.890689e+03  1.554882e+03
[29,]   29 0.08831642  0.0000010 427436.89  8.024835e+04 -1.553656e+09
[30,]   30 0.07795115  0.2957289  59290.62 -4.087329e+03 -3.113578e+03
[31,]   31 0.07476297  0.3866896  59233.82 -7.885017e+03  6.825976e+02
[32,]   32 0.13930878  0.3982672  58921.78 -2.887340e+03 -2.388350e+02
[33,]   33 0.18941345  0.4647681  58819.70 -2.153799e+03  8.675371e+02
[34,]   34 0.25466101  0.4669027  58720.03 -1.056456e+03  3.313106e+02
[35,]   35 0.32210832  0.4776984  58671.50 -5.002885e+02  7.600626e+01
[36,]   36 0.38976308  0.4961265  58649.41 -2.331634e+02  1.419856e+02
[37,]   37 0.43805363  0.5000439  58642.69 -6.308755e+01 -3.347108e+01
[38,]   38 0.46675654  0.5097558  58641.74 -2.515781e+01  9.656897e+01
[39,]   39 0.47383972  0.5060306  58641.62  1.496097e+01 -5.175488e+01
[40,]   40 0.47090494  0.5072511  58641.57  1.135240e-01  7.160781e-01
[41,]   41 0.47079055  0.5072084  58641.57  1.288197e-02  4.763446e-02

