[22;0t]0;IPython: scripts/01_msprime_simulations$par
[1] 0.08528427 0.04885684

$value
[1] -18169.94

$counts
function gradient 
      57       57 

$convergence
[1] 0

$message
[1] "CONVERGENCE: REL_REDUCTION_OF_F <= FACTR*EPSMCH"

$loginfo
      step         par1        par2       fn           gr1           gr2
 [1,]    1 0.1000000000  0.01000000 20634.38  6.994384e+03 -2.973319e+05
 [2,]    2 0.0000010000 10.00000000 30353.14  2.416097e+03  1.822783e+03
 [3,]    3 0.0667836951  3.32834205 19896.42  2.378540e+03  1.033888e+03
 [4,]    4 0.0889091155  1.11799044 18979.34  2.308263e+03 -3.626361e+01
 [5,]    5 0.0803090014  1.11807615 18959.82  2.228366e+03 -2.716585e+01
 [6,]    6 0.0459085450  1.11841896 18892.06  1.598268e+03  1.519931e+01
 [7,]    7 0.0000010000  1.11861242 19147.53 -8.543616e+05 -3.581615e+02
 [8,]    8 0.0281536236  1.11849378 18870.29  7.160208e+02  4.704610e+01
 [9,]    9 0.0137402985  1.11828211 18872.78 -1.577472e+03  7.011650e+01
[10,]   10 0.0217894830  1.11840032 18867.64  6.167134e+01  5.897912e+01
[11,]   11 0.0211769925  1.11816689 18867.61 -2.092522e+01  6.005755e+01
[12,]   12 0.0211584314  1.11786013 18867.59 -2.298243e+01  6.010431e+01
[13,]   13 0.0210841870  1.11663308 18867.52 -3.124791e+01  6.029898e+01
[14,]   14 0.0207872094  1.11172487 18867.24 -6.489271e+01  6.121427e+01
[15,]   15 0.0195992990  1.09209205 18866.14 -2.083266e+02  6.803028e+01
[16,]   16 0.0148476575  1.01356075 18860.51 -9.809487e+02  1.595643e+02
[17,]   17 0.0000010000  0.76818717 18879.21 -3.336558e+05  1.102115e+03
[18,]   18 0.0078172082  0.89736715 18835.61 -2.319797e+03  4.483683e+02
[19,]   19 0.0027241934  0.81319391 18813.71 -7.387293e+03  6.360689e+02
[20,]   20 0.0009268858  0.78348946 18815.77 -2.219487e+04  6.579071e+02
[21,]   21 0.0027241934  0.81319391 18813.71 -7.387293e+03  6.360689e+02
[22,]   22 0.0559361895  0.83076816 18891.14  2.726789e+03  1.697974e+02
[23,]   23 0.0175438776  0.81808839 18801.05  1.177833e+03  3.956502e+02
[24,]   24 0.0152215873  0.81601243 18797.83  8.491937e+02  4.149690e+02
[25,]   25 0.0058710807  0.80361981 18794.95 -2.213878e+03  5.303609e+02
[26,]   26 0.0107259431  0.81005416 18793.34 -9.064683e+01  4.578983e+02
[27,]   27 0.0079285299  0.80287125 18791.36 -1.005368e+03  4.937868e+02
[28,]   28 0.0067686942  0.79377289 18788.19 -1.437954e+03  5.130658e+02
[29,]   29 0.0021293515  0.75737947 18784.22 -7.906109e+03  5.556996e+02
[30,]   30 0.0048121211  0.77842451 18783.83 -2.531112e+03  5.435408e+02
[31,]   31 0.0000010000  0.69111573 18818.22 -2.536198e+05  4.563073e+02
[32,]   32 0.0026621327  0.73940806 18770.87 -5.454874e+03  5.482105e+02
[33,]   33 0.0000010000  0.53630236 18826.58 -5.594386e+05 -5.246356e+02
[34,]   34 0.0014012275  0.64317196 18734.77 -1.298382e+04  3.643644e+02
[35,]   35 0.0062678190  0.34219219 18631.76 -2.272975e+03  2.976678e+02
[36,]   36 0.0097238236  0.00000100 58986.00  8.434750e+04 -2.148902e+08
[37,]   37 0.0074215299  0.22795921 18582.35 -1.825032e+03  5.092731e+02
[38,]   38 0.0085726767  0.11398011 18476.90 -4.676946e+03  1.554450e+03
[39,]   39 0.0093388330  0.03812027 18301.63 -1.026963e+04  5.426738e+02
[40,]   40 0.0093963634  0.03242399 18305.10 -8.524793e+03 -2.323701e+03
[41,]   41 0.0093388330  0.03812027 18301.63 -1.026963e+04  5.426738e+02
[42,]   42 0.0118344051  0.00000100 59156.77  7.760480e+04 -2.148988e+08
[43,]   43 0.0101672052  0.02546708 18343.83 -2.656038e+03 -1.172887e+04
[44,]   44 0.0095025103  0.03562014 18299.86 -9.512414e+03 -4.848413e+02
[45,]   45 0.0659389754  0.07687497 18300.58 -1.472389e+02  5.996860e+03
[46,]   46 0.0325760321  0.05248679 18216.48 -2.240259e+03  3.135677e+03
[47,]   47 0.0353550463  0.04657406 18197.25 -1.753835e+03  1.241987e+03
[48,]   48 0.0428589699  0.04204990 18188.80 -7.716469e+02 -1.998985e+03
[49,]   49 0.0483008327  0.04470290 18181.30 -7.066652e+02 -6.424638e+02
[50,]   50 0.0634881462  0.04806675 18173.17 -3.609665e+02  4.675423e+02
[51,]   51 0.0724877392  0.04878586 18171.06 -1.923412e+02  4.785166e+02
[52,]   52 0.0807154114  0.04873950 18170.05 -5.544274e+01  1.088333e+02
[53,]   53 0.0842103031  0.04878612 18169.94 -1.052598e+01 -2.769666e+00
[54,]   54 0.0852652557  0.04887993 18169.94 -1.137946e+00  1.556517e+01
[55,]   55 0.0854931491  0.04874908 18169.94  6.811595e+00 -7.784531e+01
[56,]   56 0.0853027733  0.04885839 18169.94  1.677203e-01  2.672759e-01
[57,]   57 0.0852842722  0.04885684 18169.94  2.827983e-03  4.521826e-03

