[22;0t]0;IPython: scripts/01_msprime_simulations$par
[1] 0.002341237 1.467494072

$value
[1] -32686.87

$counts
function gradient 
      29       29 

$convergence
[1] 0

$message
[1] "CONVERGENCE: REL_REDUCTION_OF_F <= FACTR*EPSMCH"

$loginfo
      step        par1      par2       fn           gr1           gr2
 [1,]    1 0.100000000  0.010000 46940.66  2.700857e+04 -9.492513e+05
 [2,]    2 0.000001000 10.000000 39117.53 -8.968530e+04  1.217810e+03
 [3,]    3 0.066624824  3.344213 33611.78  3.435595e+03  2.017217e+02
 [4,]    4 0.054557501  3.343326 33570.40  3.388655e+03  2.013153e+02
 [5,]    5 0.006288212  3.339777 33427.12  1.139734e+03  1.743663e+02
 [6,]    6 0.000001000  3.338701 33505.24 -4.624231e+05  1.557990e+02
 [7,]    7 0.004118182  3.339406 33425.76 -1.117354e+02  1.717235e+02
 [8,]    8 0.004262289  3.338781 33425.65  8.600886e+00  1.713358e+02
 [9,]    9 0.005108657  3.328534 33424.19  5.747869e+02  1.638786e+02
[10,]   10 0.006737210  3.292227 33420.25  1.239627e+03  1.380803e+02
[11,]   11 0.008581361  3.223681 33414.84  1.652456e+03  1.026951e+02
[12,]   12 0.009943357  3.126756 33407.40  1.890808e+03  1.079394e+02
[13,]   13 0.015391341  2.739056 33362.51  2.396250e+03  2.258419e+02
[14,]   14 0.037183275  1.188255 32944.69  7.129157e+03 -1.646910e+02
[15,]   15 0.024554104  2.086997 33064.02  4.631341e+03  6.185771e+02
[16,]   16 0.032916209  1.491916 32859.90  6.524363e+03  4.604101e+01
[17,]   17 0.022200276  1.965495 32976.21  4.917935e+03  5.759680e+02
[18,]   18 0.031716722  1.544926 32858.78  6.494985e+03  2.027557e+02
[19,]   19 0.000001000  1.472514 32783.54 -6.439951e+05  7.768835e+01
[20,]   20 0.031377627  1.544152 32856.42  6.493771e+03  2.013041e+02
[21,]   21 0.015689313  1.508333 32751.39  6.052794e+03  9.287778e+01
[22,]   22 0.005289686  1.484589 32694.39  3.881415e+03  3.590642e+01
[23,]   23 0.000001000  1.471587 32783.47 -6.438585e+05  7.296959e+01
[24,]   24 0.003326243  1.479762 32688.17  1.999119e+03  3.193443e+01
[25,]   25 0.001192982  1.463679 32689.68 -6.203401e+03 -3.464595e+00
[26,]   26 0.002395712  1.472747 32686.92  1.244473e+02  1.666695e+01
[27,]   27 0.002326723  1.465975 32686.88 -3.476277e+01 -4.915821e+00
[28,]   28 0.002341702  1.467518 32686.87  1.153593e+00  7.632414e-02
[29,]   29 0.002341237  1.467494 32686.87 -6.980297e-02  9.765608e-04

