[22;0t]0;IPython: scripts/01_msprime_simulations$par
[1] 0.1979324399 0.0006020013

$value
[1] -503.736

$counts
function gradient 
      34       34 

$convergence
[1] 0

$message
[1] "CONVERGENCE: REL_REDUCTION_OF_F <= FACTR*EPSMCH"

$loginfo
      step        par1         par2       fn           gr1           gr2
 [1,]    1 0.100000000 0.0100000000 732.7018  1.841276e+03     3865.5078
 [2,]    2 0.000001000 0.0000010000 746.3372  1.113053e+05 -2369653.1398
 [3,]    3 0.043294294 0.0043299398 604.8101  1.089598e+03    13412.6788
 [4,]    4 0.015375887 0.0015383504 528.3986  1.281461e+02    29384.3189
 [5,]    5 0.006705784 0.0006714180 506.3195 -1.893145e+02    11536.2934
 [6,]    6 0.008327083 0.0000010000 817.9577  8.115377e+02 -2637815.5644
 [7,]    7 0.007108596 0.0005048523 505.7383 -7.136654e+01   -10288.9794
 [8,]    8 0.021106045 0.0006577033 504.9503 -4.358660e+01     7752.1252
 [9,]    9 0.022604737 0.0006235340 504.6684 -3.698925e+01     3521.8874
[10,]   10 0.029820812 0.0005932357 504.3952 -2.243305e+01    -1227.6377
[11,]   11 0.038814356 0.0005945471 504.2346 -1.401879e+01    -1374.9747
[12,]   12 0.054211952 0.0006059335 504.0815 -7.372611e+00      173.7918
[13,]   13 0.070757968 0.0006069497 503.9883 -4.459852e+00      287.1461
[14,]   14 0.096459242 0.0005949461 503.8972 -2.669083e+00    -1669.5637
[15,]   15 0.131030150 0.0006017690 503.8224 -1.723178e+00     -581.0179
[16,]   16 0.197932440 0.0006020013 503.7360 -9.860147e-01     -576.4114
[17,]   17 0.000001000 0.1545141790 730.9076  2.411157e+03     2150.5361
[18,]   18 0.188778221 0.0077203539 838.9163  1.155197e+03    24089.7089
[19,]   19 0.197910419 0.0006191247 503.7653 -9.897582e-01     2176.9287
[20,]   20 0.197930817 0.0006032634 503.7366 -9.865168e-01     -367.8154
[21,]   21 0.197932259 0.0006021416 503.7360 -9.860725e-01     -553.1707
[22,]   22 0.197932419 0.0006020175 503.7360 -9.860216e-01     -573.7246
[23,]   23 0.197932437 0.0006020032 503.7360 -9.860153e-01     -576.0995
[24,]   24 0.197932440 0.0006020015 503.7360 -9.860150e-01     -576.3752
[25,]   25 0.197932440 0.0006020013 503.7360 -9.860148e-01     -576.4072
[26,]   26 0.197932440 0.0006020013 503.7360 -9.860150e-01     -576.4109
[27,]   27 0.197932440 0.0006020013 503.7360 -9.860149e-01     -576.4113
[28,]   28 0.197932440 0.0006020013 503.7360 -9.860152e-01     -576.4114
[29,]   29 0.197932440 0.0006020013 503.7360 -9.860148e-01     -576.4114
[30,]   30 0.197932440 0.0006020013 503.7360 -9.860147e-01     -576.4114
[31,]   31 0.197932440 0.0006020013 503.7360 -9.860150e-01     -576.4114
[32,]   32 0.197932440 0.0006020013 503.7360 -9.860148e-01     -576.4114
[33,]   33 0.197932440 0.0006020013 503.7360 -9.860148e-01     -576.4114
[34,]   34 0.197932440 0.0006020013 503.7360 -9.860148e-01     -576.4114

