[22;0t]0;IPython: scripts/01_msprime_simulations$par
[1] 0.132612007 0.005107111

$value
[1] -3179.161

$counts
function gradient 
      17       17 

$convergence
[1] 0

$message
[1] "CONVERGENCE: REL_REDUCTION_OF_F <= FACTR*EPSMCH"

$loginfo
      step       par1        par2       fn           gr1           gr2
 [1,]    1 0.10000000 0.010000000 3264.280  8.019114e+01  2.391651e+04
 [2,]    2 0.00000100 0.000001000 6315.107  1.230937e+05 -2.304620e+07
 [3,]    3 0.06528292 0.006528605 3193.311 -8.478614e+01  1.448546e+04
 [4,]    4 0.03325503 0.002069152 3285.826  7.564875e+02 -1.133759e+05
 [5,]    5 0.05516339 0.005119596 3181.169 -8.090026e+01  2.560014e+03
 [6,]    6 0.05455954 0.004885579 3180.964 -6.727462e+01 -5.205552e+02
 [7,]    7 0.05555066 0.004942694 3180.889 -6.852696e+01  2.122762e+02
 [8,]    8 0.05888626 0.005024529 3180.722 -6.497075e+01  1.112891e+03
 [9,]    9 0.06745374 0.005130207 3180.391 -5.216570e+01  2.054760e+03
[10,]   10 0.08084120 0.005192168 3179.954 -3.465794e+01  2.329804e+03
[11,]   11 0.09935670 0.005175665 3179.458 -1.700396e+01  1.580896e+03
[12,]   12 0.11577122 0.005107373 3179.210 -6.229993e+00  2.723180e+02
[13,]   13 0.12579278 0.005097525 3179.168 -2.078489e+00 -4.307655e+01
[14,]   14 0.13271207 0.005123904 3179.163 -1.908629e-01  2.464820e+02
[15,]   15 0.13317332 0.005103003 3179.161  2.235383e-01 -6.829119e+01
[16,]   16 0.13265672 0.005107185 3179.161  1.348337e-02  6.400496e-01
[17,]   17 0.13261201 0.005107111 3179.161  1.011904e-03  1.421318e-01

