[22;0t]0;IPython: scripts/01_msprime_simulations$par
[1] 4.323096e-05 2.465266e-03

$value
[1] -1588.768

$counts
function gradient 
      37       37 

$convergence
[1] 0

$message
[1] "CONVERGENCE: REL_REDUCTION_OF_F <= FACTR*EPSMCH"

$loginfo
      step         par1        par2       fn         gr1           gr2
 [1,]    1 1.000000e-01 0.010000000 1770.309   1103.5078  1.149852e+04
 [2,]    2 1.000000e-06 0.000001000 2971.359 117556.6442 -1.063103e+07
 [3,]    3 6.317294e-02 0.006317625 1693.308    769.9267  1.097811e+04
 [4,]    4 1.000000e-06 0.000001000 2971.359 117556.6442 -1.063103e+07
 [5,]    5 4.126276e-02 0.004126805 1657.935    536.0998  7.202669e+03
 [6,]    6 1.000000e-06 0.000001000 2971.359 117556.6442 -1.063103e+07
 [7,]    7 2.761873e-02 0.002762525 1646.921    519.1620 -3.672776e+03
 [8,]    8 1.919245e-02 0.002585057 1642.663    743.6351 -6.643013e+03
 [9,]    9 1.000000e-06 0.002180861 1591.779 -25409.3136 -1.090892e+02
[10,]   10 1.874708e-02 0.002575677 1642.390    763.1620 -6.791163e+03
[11,]   11 9.374042e-03 0.002378269 1633.331   1784.9562 -9.274122e+03
[12,]   12 2.378214e-03 0.002230928 1611.575   6310.5746 -7.499488e+03
[13,]   13 1.000000e-06 0.002180861 1591.779 -25409.3136 -1.090892e+02
[14,]   14 2.721110e-02 0.003220588 1646.282    561.9254  1.258224e+03
[15,]   15 7.922981e-03 0.002483569 1629.632   2144.4543 -7.248503e+03
[16,]   16 1.978730e-03 0.002256432 1608.734   7051.9388 -6.496923e+03
[17,]   17 4.343590e-04 0.002197420 1594.165  13622.6639 -2.035889e+03
[18,]   18 1.265673e-04 0.002185659 1589.597  11546.5071 -2.064671e+03
[19,]   19 9.347787e-05 0.002296680 1588.925  15204.2255 -1.099233e+03
[20,]   20 1.000000e-06 0.002606958 1592.396 -33538.0294  0.000000e+00
[21,]   21 8.546192e-05 0.002323574 1588.809  14676.6214 -6.588108e+02
[22,]   22 4.323096e-05 0.002465266 1588.768   7415.6270  1.340932e+03
[23,]   23 1.000000e-06 0.002410848 1592.334 -33703.5964  2.278772e+03
[24,]   24 4.241496e-05 0.002464215 1588.774   7243.2453  1.357377e+03
[25,]   25 4.314681e-05 0.002465158 1588.768   7398.0730  1.342623e+03
[26,]   26 4.322214e-05 0.002465255 1588.768   7413.7901  1.341109e+03
[27,]   27 4.323004e-05 0.002465265 1588.768   7415.4342  1.340950e+03
[28,]   28 4.323086e-05 0.002465266 1588.768   7415.6068  1.340934e+03
[29,]   29 4.323095e-05 0.002465266 1588.768   7415.6249  1.340932e+03
[30,]   30 4.323096e-05 0.002465266 1588.768   7415.6268  1.340932e+03
[31,]   31 4.323096e-05 0.002465266 1588.768   7415.6270  1.340932e+03
[32,]   32 4.323096e-05 0.002465266 1588.768   7415.6270  1.340932e+03
[33,]   33 4.323096e-05 0.002465266 1588.768   7415.6270  1.340932e+03
[34,]   34 4.323096e-05 0.002465266 1588.768   7415.6270  1.340932e+03
[35,]   35 4.323096e-05 0.002465266 1588.768   7415.6270  1.340932e+03
[36,]   36 4.323096e-05 0.002465266 1588.768   7415.6270  1.340932e+03
[37,]   37 4.323096e-05 0.002465266 1588.768   7415.6270  1.340932e+03

