[22;0t]0;IPython: scripts/01_msprime_simulations$par
[1] 1.000000e-06 5.413948e-05

$value
[1] -100.9666

$counts
function gradient 
      74       74 

$convergence
[1] 52

$message
[1] "ERROR: ABNORMAL_TERMINATION_IN_LNSRCH"

$loginfo
      step  par1         par2         fn        gr1          gr2
 [1,]    1 1e-01 1.000000e-02   344.6209  2225.7044    2956.3819
 [2,]    2 1e-06 1.000000e-06   124.7550 46358.3554 -235005.5205
 [3,]    3 1e-06 1.000000e+01 24353.5324  2416.0878    2323.6842
 [4,]    4 1e-06 3.282010e+00  8257.8500  2415.9933    2467.7285
 [5,]    5 1e-06 1.076989e+00  2767.6725  2415.5698    2509.7669
 [6,]    6 1e-06 3.535160e-01   950.6114  2414.1013    2506.6202
 [7,]    7 1e-06 1.161539e-01   359.4331  2409.5301    2454.0178
 [8,]    8 1e-06 3.826169e-02   172.6165  2395.6396    2280.4598
 [9,]    9 1e-06 1.268127e-02   118.6317  2353.9189    1753.8026
[10,]   10 1e-06 1.258734e-02   118.4673  2353.4537    1747.9199
[11,]   11 1e-06 1.221162e-02   117.8151  2351.5215    1723.4838
[12,]   12 1e-06 1.070875e-02   115.3074  2342.4364    1608.5857
[13,]   13 1e-06 4.697260e-03   108.2640  2242.9460     413.4062
[14,]   14 1e-06 2.234825e-03   108.2344  4513.3968    1726.9259
[15,]   15 1e-06 1.000000e-06   124.7550 46358.3554 -235005.5205
[16,]   16 1e-06 1.411013e-03   106.5807  6223.9917    1626.9133
[17,]   17 1e-06 9.810806e-04   105.7747  7868.1227    2421.3485
[18,]   18 1e-06 3.943132e-04   103.6274 11123.5637    5747.6738
[19,]   19 1e-06 1.000000e-06   124.7550 46358.3554 -235005.5205
[20,]   20 1e-06 3.096112e-04   103.0998 10706.9037    6949.5472
[21,]   21 1e-06 1.553056e-04   101.8110  5309.5173    8694.6973
[22,]   22 1e-06 1.523428e-04   101.7812  5112.7138    8527.7301
[23,]   23 1e-06 1.505428e-04   101.7631  4991.5305    8406.4341
[24,]   24 1e-06 7.577139e-05   101.0323   350.9326    9794.2775
[25,]   25 1e-06 7.527135e-05   101.0289   344.6025    9780.9748
[26,]   26 1e-06 2.625226e-05   101.5299 14084.6421    -164.4480
[27,]   27 1e-06 1.000000e+01 24353.5324  2416.0878    2323.6842
[28,]   28 1e-06 1.576273e-01   461.7081  2411.3244    2475.7605
[29,]   29 1e-06 2.813442e-03   108.4958  2307.5361    -475.8204
[30,]   30 1e-06 5.413948e-05   100.9666  1280.5249    8327.4296
[31,]   31 1e-06 2.679231e-05   101.5007 13524.5996     183.1339
[32,]   32 1e-06 5.254166e-05   100.9727  1489.3081    8105.5969
[33,]   33 1e-06 5.413948e-05   100.9666  1280.5249    8327.4296
[34,]   34 1e-06 2.679231e-05   101.5007 13524.5996     183.1339
[35,]   35 1e-06 5.254166e-05   100.9727  1489.3081    8105.5969
[36,]   36 1e-06 5.392797e-05   100.9672  1306.6041    8299.3687
[37,]   37 1e-06 5.410991e-05   100.9667  1284.1435    8323.5295
[38,]   38 1e-06 5.413532e-05   100.9666  1281.0340    8326.8808
[39,]   39 1e-06 5.413890e-05   100.9666  1280.5966    8327.3522
[40,]   40 1e-06 5.413940e-05   100.9666  1280.5350    8327.4187
[41,]   41 1e-06 5.413947e-05   100.9666  1280.5263    8327.4280
[42,]   42 1e-06 5.413948e-05   100.9666  1280.5251    8327.4293
[43,]   43 1e-06 5.413948e-05   100.9666  1280.5249    8327.4295
[44,]   44 1e-06 5.413948e-05   100.9666  1280.5249    8327.4296
[45,]   45 1e-06 5.413948e-05   100.9666  1280.5249    8327.4296
[46,]   46 1e-06 5.413948e-05   100.9666  1280.5249    8327.4296
[47,]   47 1e-06 5.413948e-05   100.9666  1280.5249    8327.4296
[48,]   48 1e-06 5.413948e-05   100.9666  1280.5249    8327.4296
[49,]   49 1e-06 5.413948e-05   100.9666  1280.5249    8327.4296
[50,]   50 1e-06 5.413948e-05   100.9666  1280.5249    8327.4296
[51,]   51 1e-06 5.413948e-05   100.9666  1280.5249    8327.4296
[52,]   52 1e-06 5.413948e-05   100.9666  1280.5249    8327.4296
[53,]   53 1e-06 5.413948e-05   100.9666  1280.5249    8327.4296
[54,]   54 1e-06 1.000000e-06   124.7550 46358.3554 -235005.5205
[55,]   55 1e-06 5.394209e-05   100.9672  1304.8486    8301.2543
[56,]   56 1e-06 5.411187e-05   100.9667  1283.9035    8323.7881
[57,]   57 1e-06 5.413560e-05   100.9666  1281.0003    8326.9171
[58,]   58 1e-06 5.413894e-05   100.9666  1280.5919    8327.3573
[59,]   59 1e-06 5.413941e-05   100.9666  1280.5343    8327.4194
[60,]   60 1e-06 5.413947e-05   100.9666  1280.5262    8327.4281
[61,]   61 1e-06 5.413948e-05   100.9666  1280.5251    8327.4294
[62,]   62 1e-06 5.413948e-05   100.9666  1280.5249    8327.4295
[63,]   63 1e-06 5.413948e-05   100.9666  1280.5249    8327.4296
[64,]   64 1e-06 5.413948e-05   100.9666  1280.5249    8327.4296
[65,]   65 1e-06 5.413948e-05   100.9666  1280.5249    8327.4296
[66,]   66 1e-06 5.413948e-05   100.9666  1280.5249    8327.4296
[67,]   67 1e-06 5.413948e-05   100.9666  1280.5249    8327.4296
[68,]   68 1e-06 5.413948e-05   100.9666  1280.5249    8327.4296
[69,]   69 1e-06 5.413948e-05   100.9666  1280.5249    8327.4296
[70,]   70 1e-06 5.413948e-05   100.9666  1280.5249    8327.4296
[71,]   71 1e-06 5.413948e-05   100.9666  1280.5249    8327.4296
[72,]   72 1e-06 5.413948e-05   100.9666  1280.5249    8327.4296
[73,]   73 1e-06 5.413948e-05   100.9666  1280.5249    8327.4296

