[22;0t]0;IPython: scripts/01_msprime_simulations$par
[1] 0.01066822 0.59197618

$value
[1] -50905.52

$counts
function gradient 
      36       36 

$convergence
[1] 0

$message
[1] "CONVERGENCE: REL_REDUCTION_OF_F <= FACTR*EPSMCH"

$loginfo
      step        par1       par2        fn           gr1           gr2
 [1,]    1 0.100000000  0.0100000 111900.78  6.360051e+04 -2.828404e+06
 [2,]    2 0.000001000 10.0000000  55206.44 -5.687878e+06  3.964557e+02
 [3,]    3 2.211615636 10.0000000  59408.11  2.275877e+03  3.187050e+02
 [4,]    4 0.736861092 10.0000000  55643.50  2.872308e+03  3.856974e+02
 [5,]    5 0.245631820 10.0000000  54208.68  2.805079e+03  4.415547e+02
 [6,]    6 0.081892271 10.0000000  53821.63  1.347236e+03  4.618730e+02
 [7,]    7 0.081872897  9.9983751  53820.85  1.346952e+03  4.618364e+02
 [8,]    8 0.081795403  9.9918753  53817.75  1.345837e+03  4.616973e+02
 [9,]    9 0.081485426  9.9658765  53805.33  1.341741e+03  4.613684e+02
[10,]   10 0.080245518  9.8618809  53755.61  1.332664e+03  4.641510e+02
[11,]   11 0.075285887  9.4458987  53552.40  1.334328e+03  4.722605e+02
[12,]   12 0.055447363  7.7819699  52851.88  6.114090e+02  3.455226e+02
[13,]   13 0.000001000  3.1093242  53076.19 -7.154683e+06  1.159723e+02
[14,]   14 0.024793735  5.1986888  52125.92 -2.896005e+03  3.096395e+02
[15,]   15 0.000001000  3.0976048  53074.84 -7.166121e+06  1.147120e+02
[16,]   16 0.014232808  4.3036929  51859.66 -8.003816e+03  4.110798e+02
[17,]   17 0.004870132  3.5102440  51758.25 -3.652128e+04  3.379869e+02
[18,]   18 0.009864304  3.8971279  51759.72 -1.455401e+04  3.088669e+02
[19,]   19 0.007195201  3.6903603  51746.28 -2.265958e+04  2.813404e+02
[20,]   20 0.007177207  3.6504545  51735.43 -2.282892e+04  2.844471e+02
[21,]   21 0.007105232  3.4908314  51686.79 -2.313338e+04  3.420783e+02
[22,]   22 0.006817330  2.8523391  51543.73 -2.374408e+04  1.159747e+02
[23,]   23 0.550170564  0.0000010 410013.32  1.719410e+04 -1.431474e+09
[24,]   24 0.192754735  1.8762589  52255.64  6.398861e+03  4.320716e+01
[25,]   25 0.059396220  2.5763257  51484.13  4.736068e+03  8.192211e+01
[26,]   26 0.050971075  2.1785954  51382.05  5.144686e+03  2.195343e+02
[27,]   27 0.017270495  0.5876744  50935.24  7.516571e+03 -1.453701e+02
[28,]   28 0.000001000  0.6925671  52519.88 -7.869958e+06  4.577191e+02
[29,]   29 0.011222221  0.6244108  50907.26  3.952304e+02  1.058159e+02
[30,]   30 0.000001000  0.3147751  52586.26 -7.795579e+06 -1.603284e+03
[31,]   31 0.007495648  0.5215806  50921.77 -7.120907e+03 -1.853939e+02
[32,]   32 0.010319477  0.5995007  50905.79 -8.544046e+02  3.109498e+01
[33,]   33 0.010879293  0.5900946  50905.58  4.392496e+02 -1.039917e+01
[34,]   34 0.010679794  0.5921583  50905.52  1.860927e+01  3.451370e-01
[35,]   35 0.010668722  0.5920041  50905.52  3.527052e-01  8.155657e-02
[36,]   36 0.010668221  0.5919762  50905.52 -4.220405e-02  2.949309e-03

