[22;0t]0;IPython: scripts/01_msprime_simulations$par
[1] 0.04910186 0.01045991

$value
[1] -5591.832

$counts
function gradient 
      25       25 

$convergence
[1] 0

$message
[1] "CONVERGENCE: REL_REDUCTION_OF_F <= FACTR*EPSMCH"

$loginfo
      step       par1        par2        fn           gr1           gr2
 [1,]    1 0.10000000  0.01000000  5598.599  1.578432e+02 -5336.6920139
 [2,]    2 0.00000100 10.00000000 25655.553  2.416099e+03  2214.9797191
 [3,]    3 0.07802871  2.20495390  8667.893  2.413431e+03  2023.4540733
 [4,]    4 0.09443710  0.56573960  5989.147  2.387398e+03   730.2143206
 [5,]    5 0.09844464  0.16538239  6025.155  2.626680e+03  -996.0694891
 [6,]    6 0.09975823  0.03415293  5880.250  9.451970e+02 10512.2813051
 [7,]    7 0.09998042  0.01195647  5598.446  1.071942e+02  4276.0423991
 [8,]    8 0.09996272  0.01108630  5596.229  1.242100e+02   660.7389112
 [9,]    9 0.09992881  0.01092650  5596.179  1.282313e+02  -106.4058661
[10,]   10 0.09990459  0.01094287  5596.175  1.277804e+02   -25.4658575
[11,]   11 0.09973878  0.01098533  5596.158  1.265279e+02   185.3594701
[12,]   12 0.09925570  0.01104464  5596.117  1.245589e+02   481.6203886
[13,]   13 0.09777982  0.01114153  5596.007  1.206362e+02   970.9651081
[14,]   14 0.09384594  0.01128158  5595.735  1.125528e+02  1695.5499010
[15,]   15 0.08413666  0.01145660  5595.117  9.269638e+01  2676.6098294
[16,]   16 0.06639182  0.01153734  5594.129  4.081530e+01  3508.3760896
[17,]   17 0.05289022  0.01122537  5592.941 -1.882821e+01  2907.4605886
[18,]   18 0.05060659  0.01036566  5591.872  1.846524e+01  -559.0018859
[19,]   19 0.04842558  0.01046867  5591.834 -6.084032e+00    89.5599511
[20,]   20 0.04921073  0.01046370  5591.832  5.597854e-01     6.6821899
[21,]   21 0.04910097  0.01045981  5591.832 -7.941662e-04    -2.7678549
[22,]   22 0.04910758  0.01046056  5591.832 -7.005051e-03     0.1980734
[23,]   23 0.04910217  0.01045994  5591.832 -1.926401e-03    -2.2276225
[24,]   24 0.04910124  0.01045984  5591.832 -1.052281e-03    -2.6445838
[25,]   25 0.04910186  0.01045991  5591.832 -1.629569e-03    -2.3693884

