[22;0t]0;IPython: scripts/01_msprime_simulations$par
[1] 0.0002131043 1.2067218865

$value
[1] -65288.77

$counts
function gradient 
      67       67 

$convergence
[1] 0

$message
[1] "CONVERGENCE: REL_REDUCTION_OF_F <= FACTR*EPSMCH"

$loginfo
      step         par1       par2        fn          gr1           gr2
 [1,]    1 0.1000000000  0.0100000 178368.98   97058.8298 -4.807137e+06
 [2,]    2 0.0000010000 10.0000000  67065.18 -517184.7242  2.616153e+02
 [3,]    3 1.0421280377 10.0000000  72296.97    4178.9291 -2.508632e+02
 [4,]    4 0.3421272418 10.0000000  68902.62    5623.9447 -2.971442e+01
 [5,]    5 0.1123255187 10.0000000  67557.51    6001.0965  1.267149e+02
 [6,]    6 0.0370308718 10.0000000  67113.66    5574.2530  2.293147e+02
 [7,]    7 0.0123483077 10.0000000  66989.46    3953.9721  2.793967e+02
 [8,]    8 0.0122546462  9.9994203  66988.93    3938.4855  2.796964e+02
 [9,]    9 0.0118800004  9.9971016  66986.81    3874.2446  2.809072e+02
[10,]   10 0.0103814174  9.9878266  66978.60    3573.7970  2.855010e+02
[11,]   11 0.0043870850  9.9507267  66953.12     445.2099  2.992413e+02
[12,]   12 0.0000010000  9.9228813  67040.73 -486374.2295  3.826108e+02
[13,]   13 0.0028776223  9.9411438  66951.35   -2278.1880  3.023278e+02
[14,]   14 0.0030769006  9.9414890  66951.05   -1772.8131  3.018997e+02
[15,]   15 0.0035666421  9.9378326  66949.34    -749.7211  3.011911e+02
[16,]   16 0.0049848645  9.9131919  66942.37    1153.7809  2.998735e+02
[17,]   17 0.0079460231  9.8249885  66922.39    3161.0127  3.107506e+02
[18,]   18 0.0192615016  9.3962171  66840.58    6078.4594  3.067864e+02
[19,]   19 0.0396016136  8.5336730  66775.16    6923.8965  2.523131e+02
[20,]   20 0.0474944106  7.2463362  66346.60    8727.0508  3.579484e+02
[21,]   21 0.0790655986  2.0969893  66920.79   16143.7056 -2.769379e+02
[22,]   22 0.0571443529  5.6724043  66221.01   10559.0391  1.076934e+02
[23,]   23 0.0000010000  3.1769064  65427.83 -303998.6373  2.356035e+01
[24,]   24 0.0544038118  5.5527226  66181.05   10768.8229  6.881584e+01
[25,]   25 0.0272024059  4.3648145  65776.87   13705.3051  2.341614e+02
[26,]   26 0.0086827477  3.5560456  65655.95   14174.4928  3.227423e+02
[27,]   27 0.0025748350  3.2893079  65438.25   16045.6692  3.640722e+02
[28,]   28 0.0000010000  3.1769064  65427.83 -303998.6373  2.356035e+01
[29,]   29 0.0551846771  2.6332120  66375.53   17040.9861 -1.192618e+02
[30,]   30 0.0170035744  3.0093894  65664.17   17871.0087 -7.825049e+01
[31,]   31 0.0053482253  3.1242231  65459.89   16909.8869  8.434755e+01
[32,]   32 0.0017608291  3.1595678  65405.91   13632.6964  7.364141e+01
[33,]   33 0.0020078943  1.1390428  65368.59   32601.4739 -2.477927e+02
[34,]   34 0.0018157547  2.7103800  65392.04   17048.8043  7.859151e+01
[35,]   35 0.0019418041  1.6795355  65400.54   22707.9775 -4.423135e+02
[36,]   36 0.0019992885  1.2094220  65342.22   35878.0720  1.260839e+02
[37,]   37 0.0019938429  0.0000010 634099.79  124394.7156 -2.353038e+09
[38,]   38 0.0019974733  0.8062811  65367.32   46204.5660  6.205681e+02
[39,]   39 0.0019991710  1.1833339  65344.24   36568.3104 -3.373514e+02
[40,]   40 0.0019992494  1.2007328  65341.56   36253.9017  1.516676e+01
[41,]   41 0.0017698003  1.1987544  65333.28   35837.3662 -1.049088e+01
[42,]   42 0.0008520039  1.1908408  65302.80   30290.6577 -1.485489e+02
[43,]   43 0.0000010000  1.2004775  65325.25 -341496.4897 -3.491701e+02
[44,]   44 0.0004866022  1.1949785  65292.66   21005.6182 -5.259539e+01
[45,]   45 0.0000010000  1.1951344  65327.53 -356098.9545 -5.008522e+02
[46,]   46 0.0003550539  1.1950208  65290.30   12977.7976 -5.645218e+01
[47,]   47 0.0001398379  1.1997204  65289.90  -38604.2778 -1.148418e+02
[48,]   48 0.0002942605  1.1963483  65289.56    7008.2803 -5.147891e+01
[49,]   49 0.0002158525  1.2016446  65288.96   -3781.9318 -5.664022e+01
[50,]   50 0.0002131043  1.2067219  65288.77   -2065.2173 -1.073281e+01
[51,]   51 0.0002245987  1.2073555  65288.80     658.3874  9.203858e-01
[52,]   52 0.0002147242  1.2068112  65288.78   -1659.3136 -9.079864e+00
[53,]   53 0.0002133626  1.2067361  65288.77   -1999.9920 -1.046906e+01
[54,]   54 0.0002131463  1.2067242  65288.77   -2054.6127 -1.068998e+01
[55,]   55 0.0002131112  1.2067223  65288.77   -2063.4899 -1.072584e+01
[56,]   56 0.0002131054  1.2067219  65288.77   -2064.9358 -1.073168e+01
[57,]   57 0.0002131045  1.2067219  65288.77   -2065.1714 -1.073263e+01
[58,]   58 0.0002131044  1.2067219  65288.77   -2065.2098 -1.073279e+01
[59,]   59 0.0002131043  1.2067219  65288.77   -2065.2161 -1.073280e+01
[60,]   60 0.0002131043  1.2067219  65288.77   -2065.2171 -1.073281e+01
[61,]   61 0.0002131043  1.2067219  65288.77   -2065.2172 -1.073281e+01
[62,]   62 0.0002131043  1.2067219  65288.77   -2065.2171 -1.073281e+01
[63,]   63 0.0002131043  1.2067219  65288.77   -2065.2172 -1.073282e+01
[64,]   64 0.0002131043  1.2067219  65288.77   -2065.2172 -1.073281e+01
[65,]   65 0.0002131043  1.2067219  65288.77   -2065.2172 -1.073281e+01

