[22;0t]0;IPython: scripts/01_msprime_simulations$par
[1] 0.002201768 0.993516231

$value
[1] -49767.15

$counts
function gradient 
      48       48 

$convergence
[1] 0

$message
[1] "CONVERGENCE: REL_REDUCTION_OF_F <= FACTR*EPSMCH"

$loginfo
      step         par1       par2        fn           gr1           gr2
 [1,]    1 0.1000000000  0.0100000 125427.74  6.761075e+04 -3.241749e+06
 [2,]    2 0.0000010000 10.0000000  52393.05 -1.864482e+06  2.872289e+02
 [3,]    3 3.3792856176 10.0000000  60821.37  1.861851e+03  3.613610e+02
 [4,]    4 1.1239839154 10.0000000  55811.73  2.771818e+03  2.657341e+02
 [5,]    5 0.3737207974 10.0000000  53410.05  3.742741e+03  2.722399e+02
 [6,]    6 0.1243362367 10.0000000  52433.82  3.995507e+03  2.677941e+02
 [7,]    7 0.0414759155 10.0000000  52116.91  3.372170e+03  2.700249e+02
 [8,]    8 0.0414010302  9.9991707  52116.44  3.370111e+03  2.699742e+02
 [9,]    9 0.0411014891  9.9958534  52114.53  3.361789e+03  2.697611e+02
[10,]   10 0.0399033249  9.9825843  52106.95  3.327057e+03  2.689698e+02
[11,]   11 0.0351106681  9.9295079  52077.17  3.160719e+03  2.667831e+02
[12,]   12 0.0159400407  9.7172021  51972.71  1.349648e+03  2.652012e+02
[13,]   13 0.0000010000  9.5408165  52271.62 -1.763154e+06  2.285435e+02
[14,]   14 0.0099471270  9.6508829  51952.23 -6.476965e+02  2.614551e+02
[15,]   15 0.0033494850  9.5761061  51958.62 -1.042433e+04  2.493036e+02
[16,]   16 0.0071781723  9.6194999  51948.32 -2.622147e+03  2.581857e+02
[17,]   17 0.0067622907  9.6131103  51947.85 -3.054034e+03  2.575352e+02
[18,]   18 0.0059225573  9.5934613  51945.80 -4.117369e+03  2.560403e+02
[19,]   19 0.0045550254  9.5136579  51932.73 -6.826188e+03  2.559606e+02
[20,]   20 0.0004757123  8.9949614  51888.93 -1.005757e+05  2.718912e+02
[21,]   21 0.0034111612  9.3682123  51904.28 -1.114353e+04  2.729180e+02
[22,]   22 0.0014725027  9.1217062  51871.75 -3.066943e+04  2.795340e+02
[23,]   23 0.0000010000  8.0163011  51836.82 -1.823496e+06  3.878316e+02
[24,]   24 0.0013183266  9.0058878  51844.13 -3.500448e+04  2.833731e+02
[25,]   25 0.0006596633  8.5110944  51732.62 -7.178121e+04  2.936127e+02
[26,]   26 0.0000010000  5.1208935  51012.60 -2.002359e+06  1.568826e+02
[27,]   27 0.0012478149  0.0000010 437017.92  1.240131e+05 -1.621650e+09
[28,]   28 0.0004192278  3.4031570  50539.04 -1.236454e+05  7.622151e+02
[29,]   29 0.0008335213  1.7015790  49924.92 -5.213502e+04  5.260503e+02
[30,]   30 0.0011613584  0.0000010 437007.20  1.240721e+05 -1.621650e+09
[31,]   31 0.0009429777  1.1334658  49822.56 -4.013828e+04  1.334752e+02
[32,]   32 0.0009865465  0.9304481  49786.83 -3.344781e+04 -2.233526e+02
[33,]   33 0.0009602573  1.0529480  49796.74 -3.807018e+04  3.800804e+02
[34,]   34 0.0009769086  0.9753581  49783.14 -3.500662e+04 -1.052269e+01
[35,]   35 0.0009815480  0.9788284  49782.94 -3.482096e+04 -1.479296e+01
[36,]   36 0.0010001059  0.9927098  49782.02 -3.359962e+04 -1.346975e+01
[37,]   37 0.0010743372  1.0482353  49791.08 -3.103408e+04  3.642244e+02
[38,]   38 0.0010080237  0.9986324  49781.78 -3.309287e+04  2.410359e+01
[39,]   39 0.0011159101  1.0062055  49778.99 -2.724965e+04  9.510990e+01
[40,]   40 0.0021542040  0.9520217  49769.01 -9.099219e+00 -9.167260e+01
[41,]   41 0.0020867947  0.9687334  49767.92 -1.326845e+03 -5.181558e+01
[42,]   42 0.0021162780  0.9891900  49767.22 -1.143287e+03 -1.234223e+01
[43,]   43 0.0027571457  0.9934600  49768.81  5.523878e+03  2.037668e+00
[44,]   44 0.0022098445  0.9898134  49767.17  8.084600e+01 -1.049173e+01
[45,]   45 0.0022010141  0.9951016  49767.15 -1.625498e+00  6.204670e+00
[46,]   46 0.0022020609  0.9931408  49767.15  1.642223e+00 -1.294909e+00
[47,]   47 0.0022017967  0.9934794  49767.15  1.607851e-01 -1.268713e-01
[48,]   48 0.0022017680  0.9935162  49767.15 -2.431079e-03  3.035966e-03

