[22;0t]0;IPython: scripts/01_msprime_simulations$par
[1] 0.005809073 0.005040357

$value
[1] -2942.119

$counts
function gradient 
      30       30 

$convergence
[1] 0

$message
[1] "CONVERGENCE: REL_REDUCTION_OF_F <= FACTR*EPSMCH"

$loginfo
      step        par1        par2       fn           gr1           gr2
 [1,]    1 0.100000000 0.010000000 3014.262  5.114172e+02  1.283688e+04
 [2,]    2 0.000001000 0.000001000 5960.619  1.214665e+05 -2.170776e+07
 [3,]    3 0.065732535 0.006573562 2968.926  3.637869e+02  2.955676e+03
 [4,]    4 0.036099269 0.004729785 2963.232  4.929622e+02 -1.085204e+04
 [5,]    5 0.030234945 0.005066056 2957.388  5.111004e+02 -6.561600e+03
 [6,]    6 0.000001000 0.005778534 3022.828 -3.662742e+05  1.073737e+03
 [7,]    7 0.018443944 0.005343917 2949.448  6.352183e+02 -2.419338e+03
 [8,]    8 0.006291170 0.005630303 2942.780 -8.234922e+01  2.170169e+03
 [9,]    9 0.009206706 0.005462406 2943.329  5.146421e+02  5.979611e+02
[10,]   10 0.006940894 0.005592887 2942.717  1.123199e+02  1.846762e+03
[11,]   11 0.005719709 0.004869810 2942.187  7.182702e+01 -8.529709e+02
[12,]   12 0.005747272 0.005065360 2942.123 -3.912901e+01  1.537852e+02
[13,]   13 0.005837649 0.005046521 2942.119  6.785553e+00  9.965959e+00
[14,]   14 0.005809073 0.005040357 2942.119 -6.115490e-01 -4.146324e+00
[15,]   15 0.005812513 0.005041603 2942.119 -6.806367e-03  5.325391e-02
[16,]   16 0.005809511 0.005040515 2942.119 -5.344482e-01 -3.611189e+00
[17,]   17 0.005809137 0.005040380 2942.119 -6.002482e-01 -4.067893e+00
[18,]   18 0.005809082 0.005040360 2942.119 -6.098599e-01 -4.134601e+00
[19,]   19 0.005809074 0.005040357 2942.119 -6.112957e-01 -4.144566e+00
[20,]   20 0.005809073 0.005040357 2942.119 -6.115110e-01 -4.146061e+00
[21,]   21 0.005809073 0.005040357 2942.119 -6.115433e-01 -4.146285e+00
[22,]   22 0.005809073 0.005040357 2942.119 -6.115480e-01 -4.146318e+00
[23,]   23 0.005809073 0.005040357 2942.119 -6.115488e-01 -4.146324e+00
[24,]   24 0.005809073 0.005040357 2942.119 -6.115490e-01 -4.146324e+00
[25,]   25 0.005809073 0.005040357 2942.119 -6.115489e-01 -4.146324e+00
[26,]   26 0.005809073 0.005040357 2942.119 -6.115489e-01 -4.146324e+00
[27,]   27 0.005809073 0.005040357 2942.119 -6.115488e-01 -4.146324e+00
[28,]   28 0.005809073 0.005040357 2942.119 -6.115488e-01 -4.146324e+00
[29,]   29 0.005809073 0.005040357 2942.119 -6.115488e-01 -4.146324e+00
[30,]   30 0.005809073 0.005040357 2942.119 -6.115488e-01 -4.146324e+00

