[22;0t]0;IPython: scripts/01_msprime_simulations$par
[1] 0.0002606193 0.0132939225

$value
[1] -5035.342

$counts
function gradient 
      84       84 

$convergence
[1] 52

$message
[1] "ERROR: ABNORMAL_TERMINATION_IN_LNSRCH"

$loginfo
      step         par1         par2        fn           gr1           gr2
 [1,]    1 1.000000e-01  0.010000000  5312.236  7.668714e+02 -1.595256e+04
 [2,]    2 1.000000e-06 10.000000000 25605.277  2.416099e+03  2.219177e+03
 [3,]    3 7.177306e-02  2.829899579  9845.929  2.413907e+03  2.126067e+03
 [4,]    4 9.168813e-02  0.840363681  6095.403  2.456301e+03  1.448063e+03
 [5,]    5 9.741581e-02  0.268163212  5495.850  3.066021e+03  4.257441e+02
 [6,]    6 9.919969e-02  0.089951993  5443.975  3.025692e+03  7.100152e+02
 [7,]    7 9.977462e-02  0.032515623  5318.308  1.393999e+03  3.913832e+03
 [8,]    8 9.991811e-02  0.018181114  5273.908  9.128176e+02  9.749002e+02
 [9,]    9 9.948562e-02  0.017718085  5273.139  9.012796e+02  6.479138e+02
[10,]   10 9.600101e-02  0.015731504  5270.511  8.644276e+02 -1.226160e+03
[11,]   11 9.335854e-02  0.015475938  5268.576  8.717223e+02 -1.580162e+03
[12,]   12 8.278866e-02  0.014453674  5261.533  9.177158e+02 -3.128300e+03
[13,]   13 1.000000e-06  0.010825004  5064.817 -2.213198e+05 -4.784247e+03
[14,]   14 8.249797e-02  0.014440933  5261.306  9.196870e+02 -3.151489e+03
[15,]   15 4.124949e-02  0.012632968  5219.882  1.774229e+03 -6.180642e+03
[16,]   16 1.334359e-02  0.011409824  5144.822  5.123170e+03 -7.114405e+03
[17,]   17 4.264944e-03  0.011011897  5083.847  9.724181e+03 -4.774042e+03
[18,]   18 1.000000e-06  0.010825004  5064.817 -2.213198e+05 -4.784247e+03
[19,]   19 8.249047e-02  0.015447920  5258.812  9.372252e+02 -1.840744e+03
[20,]   20 2.697615e-02  0.012336759  5189.898  2.816253e+03 -6.402463e+03
[21,]   21 8.678494e-03  0.011311313  5117.987  6.813579e+03 -6.180745e+03
[22,]   22 2.781091e-03  0.010980807  5068.493  1.118609e+04 -3.760621e+03
[23,]   23 9.395903e-04  0.010877605  5046.974  1.167770e+04 -2.334955e+03
[24,]   24 8.848210e-04  0.011662872  5044.232  1.185944e+04 -2.747837e+03
[25,]   25 6.657438e-04  0.014803938  5039.172  9.689642e+03  2.484614e+02
[26,]   26 5.765635e-04  0.015384810  5038.413  8.406795e+03 -4.453823e+01
[27,]   27 2.198421e-04  0.017708301  5037.756 -1.067779e+04  2.586762e+02
[28,]   28 4.292495e-04  0.016344334  5037.305  4.978260e+03  7.148805e+01
[29,]   29 1.242558e-04  0.018433526  5039.319 -4.494174e+04 -3.447204e+02
[30,]   30 3.234049e-04  0.017069364  5037.155 -2.134212e+02  3.919701e+02
[31,]   31 3.578322e-04  0.016669829  5037.073  1.961213e+03  2.546134e+02
[32,]   32 3.572102e-04  0.016410939  5037.020  2.111046e+03  1.487656e+02
[33,]   33 1.735563e-04  0.015774699  5037.652 -2.018991e+04  2.186766e+02
[34,]   34 2.957098e-04  0.016197880  5036.922 -1.572509e+03  1.236154e+02
[35,]   35 3.165277e-04  0.015946936  5036.905  1.781730e+02  4.833346e+01
[36,]   36 3.135256e-04  0.015765278  5036.895  1.623641e+02  4.293432e+01
[37,]   37 2.888749e-04  0.014302624  5036.133  1.821918e+02  1.141813e+03
[38,]   38 1.902718e-04  0.008452006  5043.102 -2.833074e+03 -4.737341e+03
[39,]   39 2.602871e-04  0.012606367  5035.824  2.094092e+02 -1.441158e+03
[40,]   40 2.762013e-04  0.013550637  5035.423  6.426194e+02  4.516193e+02
[41,]   41 2.716827e-04  0.013282529  5035.357  6.175831e+02 -3.264577e+01
[42,]   42 2.781401e-04  0.014051902  5035.835 -1.509330e+02  1.094187e+03
[43,]   43 2.717904e-04  0.013295351  5035.357  6.110659e+02 -8.068007e+00
[44,]   44 2.606193e-04  0.013293923  5035.342 -4.589778e+02  3.184660e+00
[45,]   45 2.654222e-04  0.013295395  5035.347  1.398863e+01 -4.139267e-02
[46,]   46 2.609007e-04  0.013294009  5035.342 -4.306520e+02  2.993974e+00
[47,]   47 2.606364e-04  0.013293928  5035.342 -4.572549e+02  3.173071e+00
[48,]   48 2.606203e-04  0.013293923  5035.342 -4.588729e+02  3.183955e+00
[49,]   49 2.606193e-04  0.013293923  5035.342 -4.589714e+02  3.184617e+00
[50,]   50 2.606193e-04  0.013293923  5035.342 -4.589774e+02  3.184657e+00
[51,]   51 2.606193e-04  0.013293923  5035.342 -4.589777e+02  3.184660e+00
[52,]   52 2.606193e-04  0.013293923  5035.342 -4.589778e+02  3.184660e+00
[53,]   53 2.606193e-04  0.013293923  5035.342 -4.589778e+02  3.184660e+00
[54,]   54 2.606193e-04  0.013293923  5035.342 -4.589778e+02  3.184660e+00
[55,]   55 2.606193e-04  0.013293923  5035.342 -4.589778e+02  3.184660e+00
[56,]   56 2.606193e-04  0.013293923  5035.342 -4.589778e+02  3.184660e+00
[57,]   57 2.606193e-04  0.013293923  5035.342 -4.589778e+02  3.184660e+00
[58,]   58 2.606193e-04  0.013293923  5035.342 -4.589778e+02  3.184660e+00
[59,]   59 2.606193e-04  0.013293923  5035.342 -4.589778e+02  3.184660e+00
[60,]   60 2.606193e-04  0.013293923  5035.342 -4.589778e+02  3.184660e+00
[61,]   61 2.606193e-04  0.013293923  5035.342 -4.589778e+02  3.184660e+00
[62,]   62 2.606193e-04  0.013293923  5035.342 -4.589778e+02  3.184660e+00
[63,]   63 2.606193e-04  0.013293923  5035.342 -4.589778e+02  3.184660e+00
[64,]   64 2.606193e-04  0.013293923  5035.342 -4.589778e+02  3.184660e+00
[65,]   65 1.000000e+01  0.000001000 13550.480  6.947410e-01 -4.517383e+07
[66,]   66 4.153754e+00  0.007772572  5533.036  2.356991e+00 -2.678495e+04
[67,]   67 9.388751e-01  0.012046197  5488.981  5.081810e+01  1.292475e+04
[68,]   68 1.025020e-01  0.013158010  5283.422  7.791694e+02 -5.106022e+03
[69,]   69 3.521829e-03  0.013289587  5069.541  9.124781e+03 -2.052101e+03
[70,]   70 2.930644e-04  0.013293879  5035.411  2.371369e+03 -3.652330e+01
[71,]   71 2.621673e-04  0.013293920  5035.343 -3.034972e+02  1.216299e+00
[72,]   72 2.607126e-04  0.013293922  5035.342 -4.495396e+02  3.065787e+00
[73,]   73 2.606250e-04  0.013293923  5035.342 -4.584019e+02  3.177408e+00
[74,]   74 2.606196e-04  0.013293923  5035.342 -4.589426e+02  3.184217e+00
[75,]   75 2.606193e-04  0.013293923  5035.342 -4.589756e+02  3.184633e+00
[76,]   76 2.606193e-04  0.013293923  5035.342 -4.589776e+02  3.184658e+00
[77,]   77 2.606193e-04  0.013293923  5035.342 -4.589778e+02  3.184660e+00
[78,]   78 2.606193e-04  0.013293923  5035.342 -4.589778e+02  3.184660e+00
[79,]   79 2.606193e-04  0.013293923  5035.342 -4.589778e+02  3.184660e+00
[80,]   80 2.606193e-04  0.013293923  5035.342 -4.589778e+02  3.184660e+00
[81,]   81 2.606193e-04  0.013293923  5035.342 -4.589778e+02  3.184660e+00
[82,]   82 2.606193e-04  0.013293923  5035.342 -4.589778e+02  3.184660e+00
[83,]   83 2.606193e-04  0.013293923  5035.342 -4.589778e+02  3.184660e+00

