[22;0t]0;IPython: scripts/01_msprime_simulations$par
[1] 0.0006259287 0.0094949709

$value
[1] -2977.873

$counts
function gradient 
      62       62 

$convergence
[1] 52

$message
[1] "ERROR: ABNORMAL_TERMINATION_IN_LNSRCH"

$loginfo
      step         par1         par2        fn           gr1        gr2
 [1,]    1 1.000000e-01  0.010000000  3130.883  1.166524e+03 -500.81413
 [2,]    2 1.000000e-06 10.000000000 25039.349  2.415987e+03 2266.42599
 [3,]    3 9.503804e-02  0.505704664  3853.737  2.430356e+03 1557.01689
 [4,]    4 9.965339e-02  0.044626883  3352.133  2.152047e+03 3684.11109
 [5,]    5 9.999455e-02  0.010544219  3131.060  1.165100e+03 1127.15371
 [6,]    6 9.999838e-02  0.010161472  3130.842  1.165959e+03   10.11462
 [7,]    7 9.962986e-02  0.010161556  3130.412  1.166726e+03   11.55916
 [8,]    8 9.815575e-02  0.010161893  3128.690  1.169828e+03   17.79551
 [9,]    9 9.225932e-02  0.010163238  3121.754  1.182819e+03   50.10868
[10,]   10 6.867361e-02  0.010168621  3093.128  1.249683e+03  300.79014
[11,]   11 1.000000e-06  0.010184294  3009.483 -2.413394e+05    0.00000
[12,]   12 6.831987e-02  0.010168702  3092.686  1.250961e+03  306.08133
[13,]   13 3.416044e-02  0.010176498  3046.911  1.469959e+03 1027.55862
[14,]   14 1.131927e-02  0.010181711  3008.897  2.016173e+03 1413.92137
[15,]   15 3.791178e-03  0.010183429  2989.890  3.499498e+03  792.57512
[16,]   16 2.687230e-03  0.009942795  2985.611  3.988206e+03  455.36240
[17,]   17 1.000000e-06  0.009357263  3009.326 -2.424366e+05   51.06884
[18,]   18 1.618690e-03  0.009709880  2981.083  4.243508e+03  127.94118
[19,]   19 6.368670e-04  0.009495866  2977.875  1.343055e+02  -15.47024
[20,]   20 5.165046e-04  0.009486013  2977.981 -2.427206e+03   16.46467
[21,]   21 6.259287e-04  0.009494971  2977.873 -4.674788e+01  -13.12800
[22,]   22 6.288774e-04  0.009499572  2977.874  1.704106e+00  -10.92659
[23,]   23 6.262221e-04  0.009495429  2977.873 -4.189939e+01  -12.90922
[24,]   24 6.259601e-04  0.009495020  2977.873 -4.622803e+01  -13.10456
[25,]   25 6.259321e-04  0.009494976  2977.873 -4.669174e+01  -13.12547
[26,]   26 6.259291e-04  0.009494971  2977.873 -4.674181e+01  -13.12773
[27,]   27 6.259287e-04  0.009494971  2977.873 -4.674722e+01  -13.12797
[28,]   28 6.259287e-04  0.009494971  2977.873 -4.674780e+01  -13.12800
[29,]   29 6.259287e-04  0.009494971  2977.873 -4.674787e+01  -13.12800
[30,]   30 6.259287e-04  0.009494971  2977.873 -4.674788e+01  -13.12800
[31,]   31 6.259287e-04  0.009494971  2977.873 -4.674788e+01  -13.12800
[32,]   32 6.259287e-04  0.009494971  2977.873 -4.674788e+01  -13.12800
[33,]   33 6.259287e-04  0.009494971  2977.873 -4.674788e+01  -13.12800
[34,]   34 6.259287e-04  0.009494971  2977.873 -4.674788e+01  -13.12800
[35,]   35 6.259287e-04  0.009494971  2977.873 -4.674788e+01  -13.12800
[36,]   36 6.259287e-04  0.009494971  2977.873 -4.674788e+01  -13.12800
[37,]   37 6.259287e-04  0.009494971  2977.873 -4.674788e+01  -13.12800
[38,]   38 6.259287e-04  0.009494971  2977.873 -4.674788e+01  -13.12800
[39,]   39 1.000000e+01 10.000000000 47990.246  2.174849e+03 2272.18002
[40,]   40 3.331290e-02  0.042152948  3165.890  3.648839e+03 1755.95706
[41,]   41 7.078061e-04  0.009576776  2977.928  1.113848e+03   20.80355
[42,]   42 6.284609e-04  0.009497501  2977.874 -4.718383e+00  -12.16478
[43,]   43 6.261537e-04  0.009495196  2977.873 -4.299484e+01  -13.04264
[44,]   44 6.259499e-04  0.009494992  2977.873 -4.639338e+01  -13.11994
[45,]   45 6.259307e-04  0.009494973  2977.873 -4.671422e+01  -13.12724
[46,]   46 6.259289e-04  0.009494971  2977.873 -4.674468e+01  -13.12793
[47,]   47 6.259287e-04  0.009494971  2977.873 -4.674757e+01  -13.12800
[48,]   48 6.259287e-04  0.009494971  2977.873 -4.674785e+01  -13.12800
[49,]   49 6.259287e-04  0.009494971  2977.873 -4.674788e+01  -13.12800
[50,]   50 6.259287e-04  0.009494971  2977.873 -4.674788e+01  -13.12800
[51,]   51 6.259287e-04  0.009494971  2977.873 -4.674788e+01  -13.12800
[52,]   52 6.259287e-04  0.009494971  2977.873 -4.674788e+01  -13.12800
[53,]   53 6.259287e-04  0.009494971  2977.873 -4.674788e+01  -13.12800
[54,]   54 6.259287e-04  0.009494971  2977.873 -4.674788e+01  -13.12800
[55,]   55 6.259287e-04  0.009494971  2977.873 -4.674788e+01  -13.12800

