[22;0t]0;IPython: scripts/01_msprime_simulations$par
[1] 0.04356939 0.05137800

$value
[1] -18030.07

$counts
function gradient 
      36       36 

$convergence
[1] 0

$message
[1] "CONVERGENCE: REL_REDUCTION_OF_F <= FACTR*EPSMCH"

$loginfo
      step        par1        par2       fn           gr1           gr2
 [1,]    1 0.100000000  0.01000000 20752.32  7.669291e+03 -3.064459e+05
 [2,]    2 0.000001000 10.00000000 30440.80  2.416087e+03  1.815464e+03
 [3,]    3 0.066779981  3.32871308 20057.86  2.314432e+03  1.025809e+03
 [4,]    4 0.088910017  1.11790038 18899.89  1.995553e+03  1.406841e+02
 [5,]    5 0.081696804  1.11733069 18885.69  1.915754e+03  1.577999e+02
 [6,]    6 0.052843950  1.11505193 18836.68  1.369602e+03  2.414960e+02
 [7,]    7 0.000001000  1.10939375 19279.44 -1.756673e+06  2.574513e+02
 [8,]    8 0.033431925  1.11297338 18817.07  4.450240e+02  3.098059e+02
 [9,]    9 0.023216510  1.11059919 18816.86 -6.942966e+02  3.328458e+02
[10,]   10 0.028774251  1.11189088 18815.57  2.800751e+01  3.227384e+02
[11,]   11 0.027575232  1.11032923 18815.11 -1.005785e+02  3.268898e+02
[12,]   12 0.024221543  1.10036953 18812.80 -5.277967e+02  3.409448e+02
[13,]   13 0.019421016  1.07011485 18806.54 -1.404736e+03  3.699184e+02
[14,]   14 0.010809346  0.96299580 18779.48 -4.489102e+03  5.165968e+02
[15,]   15 0.000001000  0.72289329 18999.62 -9.914686e+05  4.150994e+02
[16,]   16 0.006601167  0.86951302 18761.16 -9.171761e+03  4.702577e+02
[17,]   17 0.008122474  0.60001424 18638.36 -6.185867e+03  3.829104e+02
[18,]   18 0.011183299  0.00000100 59911.02  7.551392e+04 -2.180427e+08
[19,]   19 0.009147009  0.39917464 18546.69 -4.914618e+03  4.878839e+02
[20,]   20 0.010165154  0.19958782 18409.59 -4.894717e+03  1.050987e+03
[21,]   21 0.010843268  0.06665724 18157.71 -9.836310e+03  2.859849e+03
[22,]   22 0.011069299  0.02234829 18283.07  4.462419e+03 -2.968898e+04
[23,]   23 0.010843268  0.06665724 18157.71 -9.836310e+03  2.859849e+03
[24,]   24 0.018404689  0.00000100 60389.66  5.827583e+04 -2.180710e+08
[25,]   25 0.013368152  0.04439961 18087.15 -6.651228e+03  4.549772e+02
[26,]   26 0.223788783  0.31189269 19143.81  3.029764e+03  1.166042e+03
[27,]   27 0.045211715  0.08488011 18128.48 -5.255440e+01  3.934992e+03
[28,]   28 0.023808761  0.05767203 18061.40 -2.823354e+03  2.437101e+03
[29,]   29 0.031163304  0.04202166 18047.04 -1.110113e+02 -3.760375e+03
[30,]   30 0.027513428  0.04978855 18040.14 -1.621901e+03  5.633853e+02
[31,]   31 0.032658380  0.04751039 18034.63 -6.367685e+02 -7.789226e+02
[32,]   32 0.037925733  0.05025746 18030.98 -3.290832e+02 -6.645679e+01
[33,]   33 0.041800675  0.05127322 18030.16 -1.045284e+02  6.835762e+01
[34,]   34 0.043222004  0.05139516 18030.07 -2.186164e+01  2.785742e+01
[35,]   35 0.043549431  0.05138015 18030.07 -1.324491e+00  2.100093e+00
[36,]   36 0.043569391  0.05137800 18030.07 -1.133310e-02  4.819283e-02

