[22;0t]0;IPython: scripts/01_msprime_simulations$par
[1] 0.003265549 1.230017465

$value
[1] -33084.66

$counts
function gradient 
      25       25 

$convergence
[1] 0

$message
[1] "CONVERGENCE: REL_REDUCTION_OF_F <= FACTR*EPSMCH"

$loginfo
      step        par1      par2       fn           gr1           gr2
 [1,]    1 0.100000000  0.010000 45466.53  2.754071e+04 -8.953152e+05
 [2,]    2 0.000001000 10.000000 38908.81 -8.982602e+04  1.157985e+03
 [3,]    3 0.066629806  3.343716 34021.15  3.354378e+03  3.331347e+02
 [4,]    4 0.054133315  3.342263 33979.04  3.302601e+03  3.369190e+02
 [5,]    5 0.004147350  3.336453 33836.56  3.078908e+02  3.048082e+02
 [6,]    6 0.000001000  3.334168 33921.31 -5.194911e+05  2.698431e+02
 [7,]    7 0.002801050  3.335711 33836.76 -1.130141e+03  3.028858e+02
 [8,]    8 0.003601653  3.336153 33836.42 -1.434483e+02  3.039609e+02
 [9,]    9 0.003576902  3.333815 33835.71 -1.698660e+02  3.022132e+02
[10,]   10 0.003477896  3.324465 33832.94 -2.827219e+02  2.952962e+02
[11,]   11 0.003081874  3.287066 33822.61 -8.757021e+02  2.692759e+02
[12,]   12 0.005133955  2.875782 33713.75 -9.647835e+01  3.006493e+02
[13,]   13 0.013342277  1.230647 33128.75  6.036186e+03 -3.182424e+01
[14,]   14 0.007520644  1.520049 33136.61  3.630003e+03  1.651553e+02
[15,]   15 0.011489185  1.322767 33122.79  5.275703e+03  1.140823e+02
[16,]   16 0.000001000  1.244658 33272.41 -1.196999e+06  5.227911e+01
[17,]   17 0.006796267  1.290860 33097.57  3.797562e+03  1.096847e+02
[18,]   18 0.000001000  1.167884 33273.23 -1.139954e+06  1.059980e+02
[19,]   19 0.004277615  1.245279 33086.07  1.846262e+03  4.681058e+01
[20,]   20 0.001887084  1.211575 33088.71 -6.016097e+03 -7.678052e+01
[21,]   21 0.003331078  1.231934 33084.67  1.546662e+02  7.154285e+00
[22,]   22 0.003271185  1.228389 33084.67  1.847184e+01 -6.342013e+00
[23,]   23 0.003222988  1.230459 33084.67 -1.089764e+02  1.848398e+00
[24,]   24 0.003269028  1.230067 33084.66  8.746262e+00  1.924830e-01
[25,]   25 0.003265549  1.230017 33084.66  1.992342e-01  1.005381e-02

