[22;0t]0;IPython: scripts/01_msprime_simulations$par
[1] 1.000000e-06 1.455498e-05

$value
[1] -53.50126

$counts
function gradient 
      67       67 

$convergence
[1] 52

$message
[1] "ERROR: ABNORMAL_TERMINATION_IN_LNSRCH"

$loginfo
      step  par1         par2          fn       gr1         gr2
 [1,]    1 1e-01 1.000000e-02   304.74098  2257.509   3073.9312
 [2,]    2 1e-06 1.000000e-06    62.44526 28881.839 -81573.2071
 [3,]    3 1e-06 1.000000e+01 24347.08679  2416.088   2324.2224
 [4,]    4 1e-06 3.189811e+00  8017.81171  2415.988   2471.2654
 [5,]    5 1e-06 1.016826e+00  2598.42148  2415.529   2515.4947
 [6,]    6 1e-06 3.242226e-01   853.23339  2413.900   2520.1700
 [7,]    7 1e-06 1.035167e-01   298.78796  2408.697   2492.1281
 [8,]    8 1e-06 3.316598e-02   125.70369  2392.460   2391.2150
 [9,]    9 1e-06 1.071440e-02    74.27650  2342.483   2075.7953
[10,]   10 1e-06 3.521911e-03    61.55205  2183.372   1122.6845
[11,]   11 1e-06 3.474110e-03    61.49884  2179.805   1103.1539
[12,]   12 1e-06 3.282910e-03    61.29569  2164.327   1019.3928
[13,]   13 1e-06 2.518109e-03    60.67523  2078.096    566.5964
[14,]   14 1e-06 1.495338e-03    60.33320  2822.513    781.2166
[15,]   15 1e-06 1.000000e-06    62.44526 28881.839 -81573.2071
[16,]   16 1e-06 8.744384e-04    59.08731  5579.969   2929.4368
[17,]   17 1e-06 3.285056e-04    56.73930  9056.376   7284.4094
[18,]   18 1e-06 1.967981e-04    55.58258  9572.292  11429.4621
[19,]   19 1e-06 1.000000e-06    62.44526 28881.839 -81573.2071
[20,]   20 1e-06 1.727149e-04    55.30590  9353.775  12591.4309
[21,]   21 1e-06 8.685745e-05    54.04553  6204.159  14260.9000
[22,]   22 1e-06 8.424786e-05    53.99930  6036.464  14424.5641
[23,]   23 1e-06 8.180384e-05    53.95562  5877.236  14578.8222
[24,]   24 1e-06 4.140192e-05    53.24266  4065.282  16589.1516
[25,]   25 1e-06 4.086760e-05    53.23540  4079.698  16587.8310
[26,]   26 1e-06 1.455498e-05    53.50126 11767.452  10053.7355
[27,]   27 1e-06 1.000000e-06    62.44526 28881.839 -81573.2071
[28,]   28 1e-06 1.451937e-05    53.50389 11797.960  10021.8967
[29,]   29 1e-06 1.455426e-05    53.50132 11768.074  10053.0874
[30,]   30 1e-06 1.455497e-05    53.50127 11767.465  10053.7223
[31,]   31 1e-06 1.455498e-05    53.50126 11767.453  10053.7353
[32,]   32 1e-06 1.455498e-05    53.50126 11767.452  10053.7355
[33,]   33 1e-06 1.455498e-05    53.50126 11767.452  10053.7355
[34,]   34 1e-06 1.455498e-05    53.50126 11767.452  10053.7355
[35,]   35 1e-06 1.455498e-05    53.50126 11767.452  10053.7355
[36,]   36 1e-06 1.455498e-05    53.50126 11767.452  10053.7355
[37,]   37 1e-06 1.455498e-05    53.50126 11767.452  10053.7355
[38,]   38 1e-06 1.455498e-05    53.50126 11767.452  10053.7355
[39,]   39 1e-06 1.455498e-05    53.50126 11767.452  10053.7355
[40,]   40 1e-06 1.455498e-05    53.50126 11767.452  10053.7355
[41,]   41 1e-06 1.455498e-05    53.50126 11767.452  10053.7355
[42,]   42 1e-06 1.455498e-05    53.50126 11767.452  10053.7355
[43,]   43 1e-06 1.455498e-05    53.50126 11767.452  10053.7355
[44,]   44 1e-06 1.455498e-05    53.50126 11767.452  10053.7355
[45,]   45 1e-06 1.455498e-05    53.50126 11767.452  10053.7355
[46,]   46 1e-06 1.455498e-05    53.50126 11767.452  10053.7355
[47,]   47 1e-06 1.000000e-06    62.44526 28881.839 -81573.2071
[48,]   48 1e-06 1.451937e-05    53.50389 11797.960  10021.8967
[49,]   49 1e-06 1.455426e-05    53.50132 11768.074  10053.0874
[50,]   50 1e-06 1.455497e-05    53.50127 11767.465  10053.7223
[51,]   51 1e-06 1.455498e-05    53.50126 11767.453  10053.7353
[52,]   52 1e-06 1.455498e-05    53.50126 11767.452  10053.7355
[53,]   53 1e-06 1.455498e-05    53.50126 11767.452  10053.7355
[54,]   54 1e-06 1.455498e-05    53.50126 11767.452  10053.7355
[55,]   55 1e-06 1.455498e-05    53.50126 11767.452  10053.7355
[56,]   56 1e-06 1.455498e-05    53.50126 11767.452  10053.7355
[57,]   57 1e-06 1.455498e-05    53.50126 11767.452  10053.7355
[58,]   58 1e-06 1.455498e-05    53.50126 11767.452  10053.7355
[59,]   59 1e-06 1.455498e-05    53.50126 11767.452  10053.7355
[60,]   60 1e-06 1.455498e-05    53.50126 11767.452  10053.7355
[61,]   61 1e-06 1.455498e-05    53.50126 11767.452  10053.7355
[62,]   62 1e-06 1.455498e-05    53.50126 11767.452  10053.7355
[63,]   63 1e-06 1.455498e-05    53.50126 11767.452  10053.7355
[64,]   64 1e-06 1.455498e-05    53.50126 11767.452  10053.7355
[65,]   65 1e-06 1.455498e-05    53.50126 11767.452  10053.7355
[66,]   66 1e-06 1.455498e-05    53.50126 11767.452  10053.7355

