[22;0t]0;IPython: scripts/01_msprime_simulations$par
[1] 0.0009546962 0.0080377846

$value
[1] -3563.896

$counts
function gradient 
      36       36 

$convergence
[1] 0

$message
[1] "CONVERGENCE: REL_REDUCTION_OF_F <= FACTR*EPSMCH"

$loginfo
      step         par1        par2       fn           gr1           gr2
 [1,]    1 0.1000000000 0.010000000 3685.114  3.821782e+02  1.052432e+04
 [2,]    2 0.0000010000 0.000001000 7607.857  1.230208e+05 -2.784612e+07
 [3,]    3 0.0662959847 0.006629902 3653.403  3.847507e+02 -1.910026e+03
 [4,]    4 0.0504873970 0.006101419 3648.376  5.306055e+02 -6.004264e+03
 [5,]    5 0.0000010000 0.004413655 3625.992 -4.285814e+05  3.102965e+03
 [6,]    6 0.0504485577 0.006100121 3648.363  5.311191e+02 -6.014949e+03
 [7,]    7 0.0252247789 0.005256888 3636.008  1.272436e+03 -1.327465e+04
 [8,]    8 0.0084014841 0.004694484 3608.428  3.670556e+03 -1.561965e+04
 [9,]    9 0.0028392178 0.004508537 3584.126  6.313243e+03 -1.236515e+04
[10,]   10 0.0000010000 0.006429547 3626.566 -4.614866e+05 -2.721393e+02
[11,]   11 0.0015827482 0.005358962 3569.775  5.095625e+03 -4.871819e+03
[12,]   12 0.0000010000 0.006329263 3626.597 -4.621988e+05 -3.449116e+02
[13,]   13 0.0010343188 0.005695388 3566.188  2.746047e+03 -2.836611e+03
[14,]   14 0.0040934231 0.010435899 3576.830  4.434551e+03  8.630389e+02
[15,]   15 0.0013709509 0.006217047 3566.092  3.664445e+03 -1.905921e+03
[16,]   16 0.0000010000 0.007844575 3627.133 -4.636813e+05  5.810764e+02
[17,]   17 0.0009302350 0.006740626 3564.403  3.625938e+02 -7.193774e+02
[18,]   18 0.0009286363 0.007188289 3564.134 -1.991687e+01 -5.042626e+02
[19,]   19 0.0010717040 0.008491934 3564.032  9.832723e+02  3.031039e+02
[20,]   20 0.0009463962 0.007983978 3563.897 -7.854520e+01 -3.817268e+01
[21,]   21 0.0009557900 0.008040406 3563.896  1.050420e+01  1.836315e+00
[22,]   22 0.0009546962 0.008037785 3563.896 -9.391509e-01  1.741790e-01
[23,]   23 0.0009547790 0.008037558 3563.896  6.097379e-02 -2.464990e-02
[24,]   24 0.0009546966 0.008037784 3563.896 -9.347831e-01  1.733109e-01
[25,]   25 0.0009546962 0.008037785 3563.896 -9.391318e-01  1.741755e-01
[26,]   26 0.0009546962 0.008037785 3563.896 -9.391508e-01  1.741789e-01
[27,]   27 0.0009546962 0.008037785 3563.896 -9.391508e-01  1.741789e-01
[28,]   28 0.0009546962 0.008037785 3563.896 -9.391415e-01  1.741770e-01
[29,]   29 0.0009546962 0.008037785 3563.896 -9.391507e-01  1.741790e-01
[30,]   30 0.0009546962 0.008037785 3563.896 -9.391508e-01  1.741789e-01
[31,]   31 0.0009546962 0.008037785 3563.896 -9.391508e-01  1.741789e-01
[32,]   32 0.0009546962 0.008037785 3563.896 -9.391508e-01  1.741789e-01
[33,]   33 0.0009546962 0.008037785 3563.896 -9.391508e-01  1.741789e-01
[34,]   34 0.0009546962 0.008037785 3563.896 -9.391508e-01  1.741789e-01

