[22;0t]0;IPython: scripts/01_msprime_simulations$par
[1] 0.007864789 0.047731160

$value
[1] -15991.22

$counts
function gradient 
      37       37 

$convergence
[1] 0

$message
[1] "CONVERGENCE: REL_REDUCTION_OF_F <= FACTR*EPSMCH"

$loginfo
      step        par1        par2       fn           gr1           gr2
 [1,]    1 0.100000000  0.01000000 18591.26  7.173282e+03 -2.672470e+05
 [2,]    2 0.000001000 10.00000000 29765.30  2.416099e+03  1.871861e+03
 [3,]    3 0.066829671  3.32374904 18732.02  2.237241e+03  1.259975e+03
 [4,]    4 0.088921125  1.11679070 16785.46  2.681280e+03  4.604714e+02
 [5,]    5 0.077825713  1.11481174 16755.28  2.587249e+03  4.752115e+02
 [6,]    6 0.033444066  1.10689593 16653.34  1.528126e+03  5.500719e+02
 [7,]    7 0.000001000  1.09768378 16999.74 -1.636324e+06  6.215508e+02
 [8,]    8 0.021204152  1.10352435 16638.35  4.508103e+02  5.672897e+02
 [9,]    9 0.014231582  1.09881327 16636.82 -9.577045e+02  5.704694e+02
[10,]   10 0.017060488  1.09705912 16634.16 -2.525146e+02  5.691345e+02
[11,]   11 0.019470460  1.08717090 16628.51  2.020502e+02  5.664079e+02
[12,]   12 0.030239643  1.00701982 16593.56  1.473414e+03  5.415237e+02
[13,]   13 0.048040094  0.80989114 16530.50  2.579449e+03  4.616773e+02
[14,]   14 0.066658330  0.50302617 16475.16  4.159111e+03  2.438579e+02
[15,]   15 0.059010184  0.45951477 16433.14  4.244301e+03  2.165761e+02
[16,]   16 0.028417598  0.28546917 16249.12  4.133294e+03  5.450719e+02
[17,]   17 0.000001000  0.12380307 16574.38 -2.240856e+06  8.293662e+02
[18,]   18 0.016250971  0.21625148 16160.85  2.689420e+03  6.443751e+02
[19,]   19 0.005525990  0.15523553 16118.33 -6.970124e+03  9.180583e+02
[20,]   20 0.018744616  0.00000100 53742.30  5.095712e+04 -1.939103e+08
[21,]   21 0.009947152  0.10331509 16050.67  1.866645e+02  1.203846e+03
[22,]   22 0.012024228  0.00000100 53357.32  6.458126e+04 -1.938853e+08
[23,]   23 0.010639935  0.06885594 16009.22  8.791819e+02  1.137698e+03
[24,]   24 0.011332082  0.03442847 16035.21  5.702836e+03 -6.640568e+03
[25,]   25 0.010927874  0.05453379 15996.17  1.660754e+03  5.413719e+02
[26,]   26 0.000001000  0.00000100 52313.14  1.236228e+05 -1.938126e+08
[27,]   27 0.007294610  0.03640124 16007.84  2.211741e+03 -3.665536e+03
[28,]   28 0.009678891  0.04830048 15992.75  1.597565e+03 -1.782020e+02
[29,]   29 0.000001000 10.00000000 29765.30  2.416099e+03  1.871861e+03
[30,]   30 0.009342479  0.39423023 16262.24 -2.354374e+03  4.907408e+02
[31,]   31 0.009664660  0.06293466 16002.09  3.468866e+02  1.060341e+03
[32,]   32 0.009677796  0.04942704 15992.67  1.440059e+03  2.202232e+01
[33,]   33 0.004616361  0.04532946 16000.09 -7.143310e+03  2.142826e+02
[34,]   34 0.008056270  0.04811431 15991.24  1.632376e+02  3.722912e+01
[35,]   35 0.007805617  0.04768862 15991.22 -6.577048e+01  2.334616e+00
[36,]   36 0.007867111  0.04772901 15991.22  3.200839e+00 -7.446895e-01
[37,]   37 0.007864789  0.04773116 15991.22 -1.983080e-03  4.518874e-02

