[22;0t]0;IPython: scripts/01_msprime_simulations$par
[1] 1.000000e+01 5.262481e-04

$value
[1] -448.2008

$counts
function gradient 
      49       49 

$convergence
[1] 0

$message
[1] "CONVERGENCE: REL_REDUCTION_OF_F <= FACTR*EPSMCH"

$loginfo
      step         par1         par2       fn           gr1           gr2
 [1,]    1  0.100000000 0.0100000000 676.1262  1.915586e+03  3.220223e+03
 [2,]    2  0.000001000 0.0000010000 652.8799  1.042287e+05 -2.000551e+06
 [3,]    3  0.097717850 0.0097718056 671.0253  1.903844e+03  3.289648e+03
 [4,]    4  0.048859425 0.0048864028 564.8394  1.375791e+03  7.684543e+03
 [5,]    5  0.017117513 0.0017124973 483.4111  3.349966e+02  2.842903e+04
 [6,]    6  0.007320741 0.0007329082 453.8399 -2.021660e+02  2.251124e+04
 [7,]    7  0.005379422 0.0000010000 711.9039  1.187048e+03 -2.261893e+06
 [8,]    8  0.006794367 0.0005344570 450.6789 -2.005959e+02  6.308828e+03
 [9,]    9  0.072606738 0.0004700793 449.0545 -4.795410e+00 -1.158090e+04
[10,]   10  0.082518867 0.0006025997 449.3428 -4.278619e+00  1.213859e+04
[11,]   11  0.076282239 0.0005192190 448.8032 -4.885860e+00 -1.257456e+03
[12,]   12  0.078617143 0.0005269645 448.7974 -4.698591e+00  1.734097e+02
[13,]   13  0.083197065 0.0005330936 448.7886 -4.316907e+00  1.269418e+03
[14,]   14  0.094795461 0.0005399948 448.7643 -3.504291e+00  2.473559e+03
[15,]   15  0.117669490 0.0005441354 448.7137 -2.446090e+00  3.190311e+03
[16,]   16  0.159740900 0.0005416549 448.6237 -1.490335e+00  2.763630e+03
[17,]   17  0.224439398 0.0005235623 448.5079 -8.976743e-01 -5.851103e+02
[18,]   18  0.285320302 0.0005201550 448.4609 -6.352539e-01 -1.254995e+03
[19,]   19  0.442352397 0.0005303206 448.3988 -3.313218e-01  7.008801e+02
[20,]   20  0.607674642 0.0005275886 448.3516 -2.020100e-01  1.789892e+02
[21,]   21  0.875245965 0.0005289575 448.3133 -1.129448e-01  4.413134e+02
[22,]   22  1.247828537 0.0005153580 448.2771 -6.307750e-02 -2.240915e+03
[23,]   23  1.509664254 0.0005228259 448.2613 -4.570546e-02 -7.505888e+02
[24,]   24  2.053844472 0.0005282738 448.2478 -2.661347e-02  3.102437e+02
[25,]   25  2.678912780 0.0005290831 448.2360 -1.627073e-02  4.662804e+02
[26,]   26  3.654455469 0.0005271808 448.2215 -8.824073e-03  9.932636e+01
[27,]   27  4.788707905 0.0005262247 448.2128 -5.033760e-03 -8.619569e+01
[28,]   28  6.471479387 0.0005302732 448.2127 -2.641022e-03  6.955997e+02
[29,]   29  8.071952026 0.0005274574 448.2048 -1.633100e-03  1.533468e+02
[30,]   30 10.000000000 0.0005262481 448.2008 -1.015542e-03 -8.138697e+01
[31,]   31 10.000000000 0.0005265804 448.2012 -1.018005e-03 -1.674249e+01
[32,]   32 10.000000000 0.0005262518 448.2008 -1.014679e-03 -8.066290e+01
[33,]   33 10.000000000 0.0005262481 448.2008 -1.013144e-03 -8.137880e+01
[34,]   34 10.000000000 0.0005262481 448.2008 -1.013222e-03 -8.138688e+01
[35,]   35 10.000000000 0.0005262481 448.2008 -1.016877e-03 -8.138697e+01
[36,]   36 10.000000000 0.0005262481 448.2008 -1.016871e-03 -8.138697e+01
[37,]   37 10.000000000 0.0005262481 448.2008 -1.012257e-03 -8.138693e+01
[38,]   38 10.000000000 0.0005262481 448.2008 -1.016661e-03 -8.138697e+01
[39,]   39 10.000000000 0.0005262481 448.2008 -1.016871e-03 -8.138697e+01
[40,]   40 10.000000000 0.0005262481 448.2008 -1.016871e-03 -8.138697e+01
[41,]   41 10.000000000 0.0005262481 448.2008 -1.016856e-03 -8.138697e+01
[42,]   42 10.000000000 0.0005262481 448.2008 -1.016871e-03 -8.138697e+01
[43,]   43 10.000000000 0.0005262481 448.2008 -1.016058e-03 -8.138697e+01
[44,]   44 10.000000000 0.0005262481 448.2008 -1.016871e-03 -8.138697e+01
[45,]   45 10.000000000 0.0005262481 448.2008 -1.016871e-03 -8.138697e+01
[46,]   46 10.000000000 0.0005262481 448.2008 -1.017003e-03 -8.138697e+01
[47,]   47 10.000000000 0.0005262481 448.2008 -1.016871e-03 -8.138697e+01

