[22;0t]0;IPython: scripts/01_msprime_simulations$par
[1] 0.003794003 1.226134363

$value
[1] -32388.08

$counts
function gradient 
      28       28 

$convergence
[1] 0

$message
[1] "CONVERGENCE: REL_REDUCTION_OF_F <= FACTR*EPSMCH"

$loginfo
      step         par1      par2        fn           gr1           gr2
 [1,]    1 0.1000000000  0.010000  45404.49  2.783456e+04 -9.083859e+05
 [2,]    2 0.0000010000 10.000000  39010.20 -8.950656e+04  1.106218e+03
 [3,]    3 0.0666332755  3.343369  33692.50  3.497113e+03  5.619380e+02
 [4,]    4 0.0537839191  3.341093  33646.69  3.423997e+03  5.748609e+02
 [5,]    5 0.0023864936  3.331987  33514.64 -5.301238e+03  6.524709e+02
 [6,]    6 0.0329815866  3.337407  33575.65  3.152435e+03  5.960547e+02
 [7,]    7 0.0095948957  3.333264  33511.54  1.442978e+03  6.333237e+02
 [8,]    8 0.0000010000  3.328788  33630.41 -6.689909e+05  7.255180e+02
 [9,]    9 0.0061655285  3.331664  33507.54  1.102954e+02  6.386211e+02
[10,]   10 0.0050978087  3.327324  33505.02 -6.443219e+02  6.402929e+02
[11,]   11 0.0022449562  3.290461  33488.12 -5.337644e+03  6.608757e+02
[12,]   12 0.0000010000  3.165376  33516.65 -6.458786e+05  6.454445e+02
[13,]   13 0.0011239543  3.227973  33455.45 -1.237874e+04  6.705528e+02
[14,]   14 0.0000010000  2.798701  33316.05 -6.894331e+05  4.723746e+02
[15,]   15 0.0007600536  3.088864  33371.78 -1.929615e+04  5.940743e+02
[16,]   16 0.0047861961  1.735944  32597.47  1.644900e+02  4.418213e+02
[17,]   17 0.0078741360  0.000001 142381.95  1.042960e+05 -5.249291e+08
[18,]   18 0.0058207374  1.154358  32396.06  2.629964e+03 -4.012878e+01
[19,]   19 0.0055270135  1.206925  32391.06  2.414934e+03 -5.728560e+01
[20,]   20 0.0043521175  1.417196  32455.68  5.328685e+02  4.699328e+02
[21,]   21 0.0054548861  1.219834  32390.38  2.405016e+03 -1.861777e+01
[22,]   22 0.0046480359  1.308970  32405.72  1.399767e+03  3.980465e+02
[23,]   23 0.0053781331  1.228313  32390.17  2.356932e+03  1.471337e+01
[24,]   24 0.0000010000  1.217260  32564.93 -1.035356e+06  2.199555e+01
[25,]   25 0.0035549421  1.224565  32388.15 -5.352640e+02 -7.516255e+00
[26,]   26 0.0038900947  1.226128  32388.09  1.949263e+02  2.717109e-01
[27,]   27 0.0037994916  1.226179  32388.08  1.127480e+01  1.912710e-01
[28,]   28 0.0037940029  1.226134  32388.08 -2.835104e-01 -2.127455e-02

