[22;0t]0;IPython: scripts/01_msprime_simulations$par
[1] 0.029647956 0.009398759

$value
[1] -5064.087

$counts
function gradient 
      21       21 

$convergence
[1] 0

$message
[1] "CONVERGENCE: REL_REDUCTION_OF_F <= FACTR*EPSMCH"

$loginfo
      step       par1         par2        fn           gr1           gr2
 [1,]    1 0.10000000  0.010000000  5076.544  2.314712e+02 -1.258152e+03
 [2,]    2 0.00000100 10.000000000 25515.038  2.416087e+03  2.226711e+03
 [3,]    3 0.08941892  1.067060621  6200.257  2.408855e+03  1.658899e+03
 [4,]    4 0.09815660  0.194157872  5466.026  2.397190e+03 -8.906129e+02
 [5,]    5 0.09987256  0.022731522  5225.970  4.969466e+02  1.462910e+04
 [6,]    6 0.09999646  0.010353697  5076.427  2.230708e+02  5.646463e+02
 [7,]    7 0.09995376  0.010244369  5076.385  2.254952e+02  2.325901e+01
 [8,]    8 0.09989244  0.010221613  5076.372  2.259907e+02 -9.050351e+01
 [9,]    9 0.09931005  0.010115374  5076.277  2.282599e+02 -6.246691e+02
[10,]   10 0.09794015  0.009984927  5076.087  2.310180e+02 -1.285883e+03
[11,]   11 0.09353520  0.009741614  5075.519  2.364261e+02 -2.523884e+03
[12,]   12 0.08163464  0.009344431  5074.034  2.472734e+02 -4.482534e+03
[13,]   13 0.04521075  0.008549289  5069.326  2.662660e+02 -7.042553e+03
[14,]   14 0.00000100  0.007961070  5150.660 -2.321302e+05  1.216736e+03
[15,]   15 0.02926230  0.008341785  5066.919  1.777801e+02 -5.812736e+03
[16,]   16 0.01284662  0.008485383  5068.696 -7.680294e+02 -4.814383e+02
[17,]   17 0.02261633  0.008399921  5065.967  1.451071e+00 -3.848032e+03
[18,]   18 0.03098112  0.009269421  5064.166  4.277150e+01 -7.880399e+02
[19,]   19 0.03018020  0.009387238  5064.091  1.204196e+01 -1.237692e+02
[20,]   20 0.02964701  0.009399044  5064.087 -5.533955e-02  1.486587e+00
[21,]   21 0.02964796  0.009398759  5064.087  2.042798e-03  7.212563e-02

