[22;0t]0;IPython: scripts/01_msprime_simulations$par
[1] 0.03693979 0.00919995

$value
[1] -5053.168

$counts
function gradient 
      21       21 

$convergence
[1] 0

$message
[1] "CONVERGENCE: REL_REDUCTION_OF_F <= FACTR*EPSMCH"

$loginfo
      step        par1        par2        fn           gr1           gr2
 [1,]    1 0.100000000 0.010000000  5060.528  1.592384e+02  1.056709e+03
 [2,]    2 0.000001000 0.000001000 11218.630  1.232231e+05 -4.123051e+07
 [3,]    3 0.067090052 0.006709301  5088.536  3.842188e+02 -2.740250e+04
 [4,]    4 0.095392854 0.009539327  5059.860  1.686245e+02 -1.485912e+03
 [5,]    5 0.091915386 0.009490166  5059.354  1.673071e+02 -1.671390e+03
 [6,]    6 0.078005513 0.009293521  5057.466  1.603525e+02 -2.334599e+03
 [7,]    7 0.000001000 0.008876506  5130.759 -2.127152e+05  2.438553e+03
 [8,]    8 0.049472758 0.009140984  5053.894  9.653512e+01 -1.474402e+03
 [9,]    9 0.007117178 0.008939272  5066.780 -1.938464e+03  2.915737e+03
[10,]   10 0.036451237 0.009078971  5053.201  7.481445e+00 -5.916401e+02
[11,]   11 0.036473933 0.009150056  5053.173  1.328872e-01 -2.157570e+02
[12,]   12 0.037172293 0.009204504  5053.168  2.054348e+00 -3.154512e+00
[13,]   13 0.036891054 0.009201106  5053.168 -5.933791e-01  7.506903e+00
[14,]   14 0.036939688 0.009199924  5053.168  4.668583e-02 -3.518485e+00
[15,]   15 0.036942637 0.009200678  5053.168  2.171519e-03  9.155632e-02
[16,]   16 0.036940188 0.009200052  5053.168  3.913558e-02 -2.906317e+00
[17,]   17 0.036939792 0.009199950  5053.168  4.511955e-02 -3.391492e+00
[18,]   18 0.036940053 0.009200017  5053.168  4.117002e-02 -3.071275e+00
[19,]   19 0.036939844 0.009199964  5053.168  4.432122e-02 -3.326771e+00
[20,]   20 0.036939802 0.009199953  5053.168  4.495476e-02 -3.378132e+00
[21,]   21 0.036939792 0.009199950  5053.168  4.511955e-02 -3.391492e+00

