[22;0t]0;IPython: scripts/01_msprime_simulations$par
[1] 0.006947247 0.005983583

$value
[1] -3162.855

$counts
function gradient 
      28       28 

$convergence
[1] 0

$message
[1] "CONVERGENCE: REL_REDUCTION_OF_F <= FACTR*EPSMCH"

$loginfo
      step        par1        par2       fn           gr1           gr2
 [1,]    1 0.100000000 0.010000000 3228.255  5.432928e+02  1.099205e+04
 [2,]    2 0.000001000 0.000001000 6588.573  1.199946e+05 -2.406156e+07
 [3,]    3 0.066013153 0.006601621 3192.845  5.134063e+02 -3.087016e+03
 [4,]    4 0.048758389 0.006144025 3185.821  5.483041e+02 -6.030517e+03
 [5,]    5 0.000001000 0.005605189 3230.680 -2.567737e+05  1.079415e+03
 [6,]    6 0.028383724 0.005918857 3175.371  6.260051e+02 -5.870167e+03
 [7,]    7 0.009618309 0.005711474 3163.946  5.159330e+02 -2.415613e+03
 [8,]    8 0.003270885 0.005641326 3165.636 -2.251212e+03  5.235890e+02
 [9,]    9 0.006958799 0.005682083 3163.050  1.339320e+02 -1.345871e+03
[10,]   10 0.000001000 0.005653436 3230.732 -2.566174e+05  1.052386e+03
[11,]   11 0.004712328 0.005672833 3163.608 -7.804180e+02 -2.003857e+02
[12,]   12 0.006505744 0.005680217 3163.018  1.563911e+01 -1.126001e+03
[13,]   13 0.006711312 0.005813488 3162.905  9.235649e+00 -6.178891e+02
[14,]   14 0.006954612 0.005974882 3162.855  5.553597e+00 -3.970968e+01
[15,]   15 0.006947248 0.005983583 3162.855  5.098425e-01 -2.129750e+00
[16,]   16 0.006945799 0.005983981 3162.855  6.503888e-03 -2.406389e-03
[17,]   17 0.006947008 0.005983649 3162.855  4.264319e-01 -1.777112e+00
[18,]   18 0.006947200 0.005983596 3162.855  4.931536e-01 -2.059191e+00
[19,]   19 0.006947238 0.005983586 3162.855  5.063803e-01 -2.115112e+00
[20,]   20 0.006947246 0.005983583 3162.855  5.091179e-01 -2.126687e+00
[21,]   21 0.006947247 0.005983583 3162.855  5.096893e-01 -2.129103e+00
[22,]   22 0.006947246 0.005983583 3162.855  5.093123e-01 -2.127508e+00
[23,]   23 0.006947247 0.005983583 3162.855  5.096111e-01 -2.128772e+00
[24,]   24 0.006947247 0.005983583 3162.855  5.094140e-01 -2.127938e+00
[25,]   25 0.006947247 0.005983583 3162.855  5.095707e-01 -2.128601e+00
[26,]   26 0.006947247 0.005983583 3162.855  5.096030e-01 -2.128737e+00
[27,]   27 0.006947247 0.005983583 3162.855  5.095816e-01 -2.128647e+00
[28,]   28 0.006947247 0.005983583 3162.855  5.096030e-01 -2.128737e+00

