[22;0t]0;IPython: scripts/01_msprime_simulations$par
[1] 0.100145341 0.009392782

$value
[1] -5307.969

$counts
function gradient 
      11       11 

$convergence
[1] 0

$message
[1] "CONVERGENCE: REL_REDUCTION_OF_F <= FACTR*EPSMCH"

$loginfo
      step        par1        par2        fn           gr1           gr2
 [1,]    1  0.10000000 0.010000000  5309.160 -17.955494136  3.786555e+03
 [2,]    2 10.00000000 0.000001000 13035.930   0.504922409 -4.346624e+07
 [3,]    3  3.40592935 0.006661011  5386.726   1.715110143 -4.187561e+04
 [4,]    4  0.66610279 0.009428236  5320.424  15.987405600 -1.809097e+03
 [5,]    5  0.18107346 0.009918116  5309.241  17.220017312  1.970415e+03
 [6,]    6  0.13401529 0.009965645  5308.838   3.100963672  2.880574e+03
 [7,]    7  0.02532866 0.007446786  5316.855 -43.512703201 -7.736170e+03
 [8,]    8  0.10726115 0.009345606  5308.004   5.736579742 -5.631634e+02
 [9,]    9  0.10023022 0.009397055  5307.969  -0.090012422  2.639534e+01
[10,]   10  0.10017237 0.009393106  5307.969   0.005823163  1.316483e+00
[11,]   11  0.10014534 0.009392782  5307.969  -0.001134331  1.702372e-02

