[22;0t]0;IPython: scripts/01_msprime_simulations$par
[1] 0.0000010 0.6126773

$value
[1] -18865.1

$counts
function gradient 
      19       19 

$convergence
[1] 0

$message
[1] "CONVERGENCE: REL_REDUCTION_OF_F <= FACTR*EPSMCH"

$loginfo
      step       par1       par2       fn        gr1           gr2
 [1,]    1 0.10000000  0.0100000 20941.29   6062.634 -2.897622e+05
 [2,]    2 0.00000100 10.0000000 30357.01   2415.987  1.822460e+03
 [3,]    3 0.06677983  3.3287281 19905.64   2410.993  1.029913e+03
 [4,]    4 0.03923620  3.3169035 19827.06   2412.882  1.025066e+03
 [5,]    5 0.00000100  3.3000598 19715.13   2415.754  1.018184e+03
 [6,]    6 0.00000100  3.2742380 19688.97   2415.751  1.007587e+03
 [7,]    7 0.00000100  0.8191742 19081.92 -50059.300  1.912336e+03
 [8,]    8 0.00000100  0.0000010 58018.64      0.000 -2.149968e+08
 [9,]    9 0.00000100  0.5382567 18902.52   6612.042 -1.051245e+03
[10,]   10 0.00000100  0.6379041 18868.94   7144.872  3.005815e+02
[11,]   11 0.00000100  0.0000010 58018.64 124659.091 -2.149968e+08
[12,]   12 0.00000100  0.4245533 18937.60 -69884.113  2.032948e+03
[13,]   13 0.00000100  0.6284796 18866.62   7142.111  1.911161e+02
[14,]   14 0.00000100  0.0000010 58018.64 124659.091 -2.149968e+08
[15,]   15 0.00000100  0.4185669 18925.82 -36746.841  1.893814e+03
[16,]   16 0.00000100  0.6217829 18865.61   7139.611  1.113139e+02
[17,]   17 0.00000100  0.6124419 18865.10   7135.185 -2.921755e+00
[18,]   18 0.00000100  0.6126808 18865.10   7135.314  4.337111e-02
[19,]   19 0.00000100  0.6126773 18865.10   7135.312  2.134766e-04

