[22;0t]0;IPython: scripts/01_msprime_simulations$par
[1] 0.0001499042 0.0038780684

$value
[1] -3732.152

$counts
function gradient 
      51       51 

$convergence
[1] 0

$message
[1] "CONVERGENCE: REL_REDUCTION_OF_F <= FACTR*EPSMCH"

$loginfo
      step         par1        par2       fn          gr1           gr2
 [1,]    1 1.000000e-01 0.010000000 3818.883     273.0694  1.354300e+04
 [2,]    2 1.000000e-06 0.000001000 7912.168  115149.6238 -2.895394e+07
 [3,]    3 6.622196e-02 0.006622500 3788.916     300.4910 -4.600560e+03
 [4,]    4 6.363302e-02 0.006915574 3787.226     288.1629 -1.809311e+03
 [5,]    5 3.931637e-02 0.007265425 3780.296     289.0031  1.956002e+03
 [6,]    6 1.000000e-06 0.007441185 3753.332 -184938.0482  1.167740e+02
 [7,]    7 3.925688e-02 0.007265691 3780.280     289.0833  1.960535e+03
 [8,]    8 1.962894e-02 0.007353438 3774.060     426.1452  3.261942e+03
 [9,]    9 6.476931e-03 0.007412234 3763.270    1874.0630  2.569467e+03
[10,]   10 2.135035e-03 0.007431645 3748.836    5861.7843  8.839884e+02
[11,]   11 1.000000e-06 0.007403737 3753.328 -185066.1238  1.230655e+02
[12,]   12 1.045102e-03 0.007417391 3740.990    8763.0522  3.268469e+02
[13,]   13 4.100267e-04 0.007409086 3735.003    8534.0186  2.423824e+02
[14,]   14 1.400691e-04 0.007405555 3734.155  -20121.5758  4.202010e+02
[15,]   15 3.295933e-04 0.007408034 3734.356    6592.4153  2.787518e+02
[16,]   16 1.400691e-04 0.007405555 3734.155  -20121.5758  4.202010e+02
[17,]   17 1.690221e-03 0.007088005 3745.812    6700.9861  5.215508e+02
[18,]   18 4.720675e-04 0.007337545 3735.553    9269.4887  2.209746e+02
[19,]   19 2.344161e-04 0.007386228 3733.862     857.2052  3.432321e+02
[20,]   20 2.303322e-04 0.007237671 3733.801     557.0228  3.462303e+02
[21,]   21 2.139966e-04 0.006643443 3733.532    -475.4925  4.587352e+02
[22,]   22 1.486541e-04 0.004266528 3732.619  -10936.8471  1.951560e+03
[23,]   23 3.139266e-05 0.000001000 7915.712  113860.4798 -2.895799e+07
[24,]   24 1.109383e-04 0.002894571 3735.284  -22457.5196 -1.063038e+04
[25,]   25 1.356891e-04 0.003794912 3732.165  -12463.6719 -3.062517e+02
[26,]   26 1.393472e-04 0.003927979 3732.174  -11946.7375  5.309163e+02
[27,]   27 8.461717e-05 0.000001000 7921.825  111647.8604 -2.896334e+07
[28,]   28 1.218247e-04 0.002670711 3738.389   -2619.8138 -1.665390e+04
[29,]   29 1.372259e-04 0.003775769 3732.170  -11368.2775 -4.447368e+02
[30,]   30 1.385482e-04 0.003870653 3732.155  -11706.4526  1.633946e+02
[31,]   31 1.844054e-04 0.003900597 3732.278    2509.0310 -8.357158e+01
[32,]   32 1.499042e-04 0.003878068 3732.152   -6570.5985  9.278039e+01
[33,]   33 1.644236e-04 0.003887169 3732.184   -1894.7412  9.457480e+00
[34,]   34 1.525278e-04 0.003879713 3732.155   -5597.2441  7.695821e+01
[35,]   35 1.503727e-04 0.003878362 3732.153   -6391.8231  8.992900e+01
[36,]   36 1.499873e-04 0.003878121 3732.152   -6538.6985  9.227337e+01
[37,]   37 1.499189e-04 0.003878078 3732.152   -6564.9371  9.269047e+01
[38,]   38 1.499068e-04 0.003878070 3732.152   -6569.5947  9.276445e+01
[39,]   39 1.499046e-04 0.003878069 3732.152   -6570.4205  9.277757e+01
[40,]   40 1.499042e-04 0.003878068 3732.152   -6570.5669  9.277989e+01
[41,]   41 1.499042e-04 0.003878068 3732.152   -6570.5929  9.278031e+01
[42,]   42 1.499042e-04 0.003878068 3732.152   -6570.5975  9.278038e+01
[43,]   43 1.499042e-04 0.003878068 3732.152   -6570.5983  9.278039e+01
[44,]   44 1.499042e-04 0.003878068 3732.152   -6570.5984  9.278039e+01
[45,]   45 1.499042e-04 0.003878068 3732.152   -6570.5985  9.278039e+01
[46,]   46 1.499042e-04 0.003878068 3732.152   -6570.5984  9.278039e+01
[47,]   47 1.499042e-04 0.003878068 3732.152   -6570.5985  9.278039e+01
[48,]   48 1.499042e-04 0.003878068 3732.152   -6570.5985  9.278039e+01
[49,]   49 1.499042e-04 0.003878068 3732.152   -6570.5985  9.278039e+01

