[22;0t]0;IPython: scripts/01_msprime_simulations$par
[1] 0.0007998422 0.0097340379

$value
[1] -5199.226

$counts
function gradient 
      44       44 

$convergence
[1] 0

$message
[1] "CONVERGENCE: REL_REDUCTION_OF_F <= FACTR*EPSMCH"

$loginfo
      step         par1         par2        fn           gr1           gr2
 [1,]    1 0.1000000000  0.010000000  5319.565  4.142581e+02 -6.925487e+03
 [2,]    2 0.0000010000 10.000000000 25583.362  2.416098e+03  2.221007e+03
 [3,]    3 0.0763074021  2.376914201  8858.283  2.413623e+03  2.077184e+03
 [4,]    4 0.0937773863  0.631645324  5789.387  2.472643e+03  1.122081e+03
 [5,]    5 0.0981717332  0.192645679  5592.178  3.299954e+03 -2.459438e+02
 [6,]    6 0.0995807575  0.051882750  5621.364  2.228509e+03  3.541287e+03
 [7,]    7 0.0999494469  0.015050301  5330.204  4.399716e+02  7.632296e+03
 [8,]    8 0.0999838866  0.011609743  5314.607  4.012350e+02  1.963405e+02
 [9,]    9 0.0998935425  0.011566107  5314.565  4.014883e+02  4.516588e+01
[10,]   10 0.0988569521  0.011311398  5314.251  4.045678e+02 -8.741029e+02
[11,]   11 0.0969836480  0.011091116  5313.772  4.103773e+02 -1.717211e+03
[12,]   12 0.0892808638  0.010574883  5311.934  4.384382e+02 -3.843498e+03
[13,]   13 0.0659920059  0.009612379  5306.006  5.825439e+02 -8.125715e+03
[14,]   14 0.0000010000  0.007403879  5283.214 -6.205547e+05 -3.053180e+03
[15,]   15 0.0659589977  0.009611275  5305.996  5.828382e+02 -8.130549e+03
[16,]   16 0.0329799988  0.008507577  5290.250  1.216296e+03 -1.233643e+04
[17,]   17 0.0109935581  0.007771763  5256.154  3.399983e+03 -1.097968e+04
[18,]   18 0.0037035550  0.007527791  5223.461  6.779613e+03 -6.964698e+03
[19,]   19 0.0000010000  0.007727256  5282.491 -6.244673e+05 -1.781376e+03
[20,]   20 0.0022196832  0.007607730  5212.241  7.587693e+03 -5.268134e+03
[21,]   21 0.0008294771  0.007682624  5202.785  2.285530e+03 -3.887950e+03
[22,]   22 0.0000010000  0.011626776  5282.382 -6.089893e+05  1.603681e+03
[23,]   23 0.0005824021  0.008858880  5200.174 -5.919640e+03 -1.079471e+03
[24,]   24 0.0410100949  0.126902582  5414.984  4.068515e+03 -7.577367e+02
[25,]   25 0.0071614511  0.028068864  5251.815  6.721791e+03  7.157890e+02
[26,]   26 0.0016059234  0.011847432  5203.060  5.136931e+03  6.556598e+02
[27,]   27 0.0008660528  0.009687104  5199.276  1.229417e+03 -1.200652e+02
[28,]   28 0.0008276600  0.009713359  5199.236  5.171269e+02 -5.205706e+01
[29,]   29 0.0007998422  0.009734038  5199.226 -5.900062e+01 -2.929761e-01
[30,]   30 0.0008027965  0.009735329  5199.226  1.296528e+00 -1.647380e+00
[31,]   31 0.0008000964  0.009734149  5199.226 -5.379010e+01 -4.097046e-01
[32,]   32 0.0007998661  0.009734048  5199.226 -5.851180e+01 -3.039248e-01
[33,]   33 0.0007998445  0.009734039  5199.226 -5.895442e+01 -2.940114e-01
[34,]   34 0.0007998424  0.009734038  5199.226 -5.899625e+01 -2.930741e-01
[35,]   35 0.0007998423  0.009734038  5199.226 -5.900020e+01 -2.929856e-01
[36,]   36 0.0007998422  0.009734038  5199.226 -5.900058e+01 -2.929770e-01
[37,]   37 0.0007998422  0.009734038  5199.226 -5.900061e+01 -2.929766e-01
[38,]   38 0.0007998422  0.009734038  5199.226 -5.900062e+01 -2.929762e-01
[39,]   39 0.0007998422  0.009734038  5199.226 -5.900062e+01 -2.929761e-01
[40,]   40 0.0007998422  0.009734038  5199.226 -5.900062e+01 -2.929762e-01
[41,]   41 0.0007998422  0.009734038  5199.226 -5.900062e+01 -2.929762e-01
[42,]   42 0.0007998422  0.009734038  5199.226 -5.900062e+01 -2.929762e-01
[43,]   43 0.0007998422  0.009734038  5199.226 -5.900062e+01 -2.929762e-01

