[22;0t]0;IPython: scripts/01_msprime_simulations$par
[1] 3.7893707069 0.0003594718

$value
[1] -316.5289

$counts
function gradient 
      76       76 

$convergence
[1] 0

$message
[1] "CONVERGENCE: REL_REDUCTION_OF_F <= FACTR*EPSMCH"

$loginfo
      step        par1         par2       fn           gr1           gr2
 [1,]    1 0.100000000 0.0100000000 541.4180  2.053819e+03  3.108693e+03
 [2,]    2 0.000001000 0.0000010000 441.5575  9.196788e+04 -1.221462e+06
 [3,]    3 0.092731346 0.0092732000 524.2808  2.029952e+03  3.205216e+03
 [4,]    4 0.046366173 0.0046371000 418.4866  1.703857e+03  4.934362e+03
 [5,]    5 0.016584160 0.0016591668 350.8891  8.260886e+02  1.748758e+04
 [6,]    6 0.008998425 0.0009006615 329.9847  2.785633e+02  2.684209e+04
 [7,]    7 0.000001000 0.0000010000 441.5575  9.196788e+04 -1.221462e+06
 [8,]    8 0.008065852 0.0008074127 327.2108  2.088402e+02  2.742831e+04
 [9,]    9 0.004033426 0.0004042063 317.4111 -1.165931e+02  1.069122e+04
[10,]   10 0.002623757 0.0001459051 323.7631  5.280170e+02 -1.631089e+05
[11,]   11 0.003576035 0.0003203961 316.9508 -9.593865e+01 -5.547937e+03
[12,]   12 0.003846328 0.0003520750 316.9717 -1.089009e+02  1.870664e+03
[13,]   13 0.003655782 0.0003297426 316.9357 -1.014202e+02 -3.152480e+03
[14,]   14 0.003890844 0.0003459570 316.9422 -1.018358e+02  5.051875e+02
[15,]   15 0.003716524 0.0003339325 316.9324 -1.018465e+02 -2.163819e+03
[16,]   16 0.004047905 0.0003495030 316.9400 -9.575606e+01  1.169037e+03
[17,]   17 0.003799221 0.0003378182 316.9298 -1.004569e+02 -1.299594e+03
[18,]   18 0.004231972 0.0003525782 316.9361 -8.854176e+01  1.707389e+03
[19,]   19 0.003908818 0.0003415563 316.9273 -9.732855e+01 -5.150621e+02
[20,]   20 0.004394005 0.0003556722 316.9369 -8.300066e+01  2.263430e+03
[21,]   21 0.004021168 0.0003448249 316.9258 -9.377497e+01  1.448308e+02
[22,]   22 0.004544407 0.0003572555 316.9329 -7.756900e+01  2.507544e+03
[23,]   23 0.004144742 0.0003477607 316.9244 -8.957650e+01  7.122166e+02
[24,]   24 0.004791745 0.0003587973 316.9229 -6.906493e+01  2.693823e+03
[25,]   25 0.005345503 0.0003606120 316.8990 -5.317055e+01  2.800538e+03
[26,]   26 0.008182007 0.0001664224 323.0051  1.224845e+02 -1.297780e+05
[27,]   27 0.005927170 0.0003207906 316.8364 -1.881339e+01 -7.640073e+03
[28,]   28 0.005535655 0.0003475940 316.8366 -4.228025e+01 -2.125883e+02
[29,]   29 0.007020370 0.0003512105 316.8014 -2.140039e+01 -3.502364e+01
[30,]   30 0.008522509 0.0003542273 316.7861 -1.200575e+01  1.877139e+02
[31,]   31 0.010342611 0.0003558831 316.7745 -6.799394e+00  1.406004e+02
[32,]   32 0.012690857 0.0003576455 316.7673 -4.095315e+00  1.606471e+02
[33,]   33 0.016135148 0.0003586458 316.7595 -2.301155e+00  1.946420e+01
[34,]   34 0.024444250 0.0004082374 317.1304 -6.271350e-01  1.070789e+04
[35,]   35 0.016257180 0.0003593741 316.7613 -2.316936e+00  1.924062e+02
[36,]   36 0.016137936 0.0003586625 316.7596 -2.301539e+00  2.342038e+01
[37,]   37 0.016135212 0.0003586462 316.7595 -2.301164e+00  1.955527e+01
[38,]   38 0.016135150 0.0003586458 316.7595 -2.301155e+00  1.946629e+01
[39,]   39 0.016135148 0.0003586458 316.7595 -2.301155e+00  1.946424e+01
[40,]   40 0.016135148 0.0003586458 316.7595 -2.301155e+00  1.946420e+01
[41,]   41 0.016135148 0.0003586458 316.7595 -2.301155e+00  1.946420e+01
[42,]   42 0.016135148 0.0003586458 316.7595 -2.301155e+00  1.946420e+01
[43,]   43 0.016135148 0.0003586458 316.7595 -2.301155e+00  1.946420e+01
[44,]   44 0.016135148 0.0003586458 316.7595 -2.301155e+00  1.946420e+01
[45,]   45 0.016135148 0.0003586458 316.7595 -2.301155e+00  1.946420e+01
[46,]   46 0.016135148 0.0003586458 316.7595 -2.301155e+00  1.946420e+01
[47,]   47 0.016135148 0.0003586458 316.7595 -2.301155e+00  1.946420e+01
[48,]   48 2.317290024 0.0000010000 486.6386  3.208268e-04 -1.515195e+06
[49,]   49 0.192663010 0.0003312098 316.6956 -2.588836e-01 -9.020121e+03
[50,]   50 0.251744477 0.0003668792 316.6680 -2.088353e-01  2.032334e+03
[51,]   51 0.262069813 0.0003613899 316.6450 -2.048139e-01  4.878252e+02
[52,]   52 0.293640062 0.0003583691 316.6307 -1.903912e-01 -3.813871e+02
[53,]   53 0.399814043 0.0003545411 316.6060 -1.497996e-01 -1.508607e+03
[54,]   54 0.601544482 0.0003528188 316.5801 -9.390947e-02 -2.027639e+03
[55,]   55 0.898342852 0.0003550073 316.5617 -5.162663e-02 -1.365969e+03
[56,]   56 1.271688197 0.0003588248 316.5545 -2.929759e-02 -2.303864e+02
[57,]   57 1.697051774 0.0003608675 316.5502 -1.787096e-02  3.676627e+02
[58,]   58 2.394528895 0.0003589961 316.5361 -9.459269e-03 -1.782425e+02
[59,]   59 3.327608246 0.0003618990 316.5380 -4.895641e-03  6.687095e+02
[60,]   60 2.591962538 0.0003596103 316.5359 -8.103395e-03  2.190944e+00
[61,]   61 3.789370704 0.0003594718 316.5289 -3.739635e-03 -3.765906e+01
[62,]   62 4.967631995 0.0003762597 316.6062 -2.101509e-03  4.650061e+03
[63,]   63 3.807424956 0.0003597291 316.5295 -3.701297e-03  3.773376e+01
[64,]   64 3.789718783 0.0003594768 316.5289 -3.739771e-03 -3.620442e+01
[65,]   65 3.789377441 0.0003594719 316.5289 -3.736171e-03 -3.763091e+01
[66,]   66 3.789370835 0.0003594718 316.5289 -3.736752e-03 -3.765852e+01
[67,]   67 3.789370707 0.0003594718 316.5289 -3.735983e-03 -3.765905e+01
[68,]   68 3.789370707 0.0003594718 316.5289 -3.736017e-03 -3.765905e+01
[69,]   69 3.789370707 0.0003594718 316.5289 -3.735983e-03 -3.765905e+01

