[22;0t]0;IPython: scripts/01_msprime_simulations$par
[1] 0.01069103 0.52067770

$value
[1] -50380.75

$counts
function gradient 
      33       33 

$convergence
[1] 0

$message
[1] "CONVERGENCE: REL_REDUCTION_OF_F <= FACTR*EPSMCH"

$loginfo
      step        par1       par2        fn           gr1           gr2
 [1,]    1 0.100000000  0.0100000 114874.30  6.344443e+04 -2.933860e+06
 [2,]    2 0.000001000 10.0000000  55137.95 -5.759977e+06  5.274180e+02
 [3,]    3 2.253042328 10.0000000  59859.15  2.334770e+03  3.976010e+02
 [4,]    4 0.750620795 10.0000000  55818.22  3.069970e+03  4.560461e+02
 [5,]    5 0.250195544 10.0000000  54238.84  3.100910e+03  5.168443e+02
 [6,]    6 0.083400598 10.0000000  53785.40  1.814324e+03  5.557124e+02
 [7,]    7 0.083374346  9.9981145  53784.30  1.814082e+03  5.557317e+02
 [8,]    8 0.083269336  9.9905726  53779.92  1.813101e+03  5.558065e+02
 [9,]    9 0.082849299  9.9604049  53762.39  1.808927e+03  5.560490e+02
[10,]   10 0.081169148  9.8397343  53692.25  1.788418e+03  5.560771e+02
[11,]   11 0.074448548  9.3570517  53414.02  1.675711e+03  5.440813e+02
[12,]   12 0.047566146  7.4263212  52464.08  3.922769e+02  4.220317e+02
[13,]   13 0.000001000  3.9959036  52787.48 -6.957567e+06  3.633064e+02
[14,]   14 0.022001736  5.5826055  51755.57 -3.859154e+03  3.797484e+02
[15,]   15 0.000001000  3.9835164  52783.01 -6.949520e+06  3.571180e+02
[16,]   16 0.012870916  4.9189462  51566.47 -1.042522e+04  3.783054e+02
[17,]   17 0.000001000  3.9602447  52774.87 -6.935621e+06  3.423261e+02
[18,]   18 0.008132061  4.5659410  51512.08 -2.020297e+04  3.404742e+02
[19,]   19 0.006271230  4.4005885  51498.50 -2.748240e+04  3.544437e+02
[20,]   20 0.003947255  3.7241778  51354.80 -4.589706e+04  2.650541e+02
[21,]   21 0.007647628  2.1494662  50904.98 -1.974450e+04  2.431179e+02
[22,]   22 0.011295897  0.0000010 399245.42  1.143100e+05 -1.476965e+09
[23,]   23 0.008865139  1.4321407  50629.29 -1.351234e+04  4.406828e+02
[24,]   24 0.010080518  0.7160709  50401.24 -5.078394e+03  5.073738e+01
[25,]   25 0.010851587  0.3325949  50547.18  9.661357e+03 -3.188464e+03
[26,]   26 0.010322464  0.5957437  50388.78 -2.496773e+03  1.231398e+02
[27,]   27 0.010564280  0.4754812  50383.17  1.424545e+03 -7.588504e+01
[28,]   28 0.010472245  0.5212529  50380.80 -4.514331e+02  7.325574e+00
[29,]   29 0.010507388  0.4880501  50382.10  7.016478e+02 -7.933992e+01
[30,]   30 0.010474882  0.5187617  50380.79 -3.810517e+02  8.600899e-02
[31,]   31 0.010578286  0.5195986  50380.76 -1.943965e+02 -2.340023e-01
[32,]   32 0.010688905  0.5206937  50380.75 -4.598501e+00  1.003298e-01
[33,]   33 0.010691034  0.5206777  50380.75 -3.338362e-02 -2.043453e-03

