[22;0t]0;IPython: scripts/01_msprime_simulations$par
[1] 0.002298991 0.267028261

$value
[1] -14427.1

$counts
function gradient 
      29       29 

$convergence
[1] 0

$message
[1] "CONVERGENCE: REL_REDUCTION_OF_F <= FACTR*EPSMCH"

$loginfo
      step        par1       par2       fn           gr1           gr2
 [1,]    1 0.100000000  0.0100000 15995.23  4.283097e+03 -1.932512e+05
 [2,]    2 0.000001000 10.0000000 28816.50  2.416091e+03  1.951075e+03
 [3,]    3 0.066940555  3.3126716 16962.43  2.391692e+03  1.405630e+03
 [4,]    4 0.088974199  1.1114886 14927.32  3.032750e+03  3.686167e+02
 [5,]    5 0.071726937  1.1094529 14874.38  3.013823e+03  3.769241e+02
 [6,]    6 0.002737891  1.1013100 14696.83 -2.422765e+03  3.767462e+02
 [7,]    7 0.040335396  1.1035463 14779.09  2.880543e+03  3.822990e+02
 [8,]    8 0.008725891  1.1016662 14698.55  1.501819e+03  3.800569e+02
 [9,]    9 0.004875288  1.1014372 14694.89  8.341329e+01  3.785004e+02
[10,]   10 0.004786481  1.0992492 14694.06  2.276692e+01  3.740463e+02
[11,]   11 0.004431250  1.0904973 14690.90 -2.448830e+02  3.561023e+02
[12,]   12 0.003010328  1.0554896 14681.10 -1.961789e+03  2.857836e+02
[13,]   13 0.002797971  0.9580092 14650.78 -2.259498e+03  3.948733e+02
[14,]   14 0.001948544  0.5680873 14519.59 -5.672635e+03  6.871861e+01
[15,]   15 0.005809008  0.3755362 14478.59  4.441374e+03  6.950292e+02
[16,]   16 0.013338130  0.0000010 44354.31  6.259621e+04 -1.599099e+08
[17,]   17 0.008331693  0.2497106 14459.39  6.902936e+03 -3.053068e+02
[18,]   18 0.007265352  0.3028972 14454.23  5.900569e+03  2.584236e+02
[19,]   19 0.011830380  0.0000010 44256.63  6.704692e+04 -1.599025e+08
[20,]   20 0.008788052  0.2018638 14483.42  8.157635e+03 -8.366063e+01
[21,]   21 0.007404872  0.2936398 14452.68  6.163397e+03  2.415799e+02
[22,]   22 0.006263123  0.1941034 14462.05  8.020541e+03  2.773536e+02
[23,]   23 0.007241213  0.2793723 14449.24  6.302398e+03  8.732010e+01
[24,]   24 0.001790472  0.2596980 14427.95 -2.586387e+03 -7.630901e+01
[25,]   25 0.003394559  0.2678913 14429.01  3.081177e+03 -3.536014e+00
[26,]   26 0.002357256  0.2625930 14427.21  3.072886e+02 -4.824778e+01
[27,]   27 0.002303157  0.2669426 14427.10  1.833620e+01 -8.116290e-01
[28,]   28 0.002299604  0.2670163 14427.10  2.707716e+00 -1.132511e-01
[29,]   29 0.002298991  0.2670283 14427.10  1.523648e-02  4.099456e-04

