[22;0t]0;IPython: scripts/01_msprime_simulations$par
[1] 0.0009294607 0.0010512619

$value
[1] -860.1338

$counts
function gradient 
      36       36 

$convergence
[1] 0

$message
[1] "CONVERGENCE: REL_REDUCTION_OF_F <= FACTR*EPSMCH"

$loginfo
      step         par1         par2        fn           gr1           gr2
 [1,]    1 0.1000000000 0.0100000000 1064.2128  1.487256e+03  8.964166e+03
 [2,]    2 0.0000010000 0.0000010000 1398.7041  1.137708e+05 -4.769590e+06
 [3,]    3 0.0566339484 0.0056637851  958.8606  1.041807e+03  1.420076e+04
 [4,]    4 0.0197905412 0.0019797760  874.0597  2.709505e+02  1.341905e+04
 [5,]    5 0.0010668096 0.0000010000 1461.0379  2.815118e+04 -4.918425e+06
 [6,]    6 0.0137726159 0.0013437849  866.8277  2.182618e+02  2.981601e+03
 [7,]    7 0.0099400236 0.0010556090  866.3337  3.658652e+02 -8.559108e+03
 [8,]    8 0.0103058850 0.0011525111  865.9085  3.219536e+02 -3.545107e+03
 [9,]    9 0.0084832270 0.0011815702  865.1905  3.926195e+02 -1.786891e+03
[10,]   10 0.0011925950 0.0012978065  860.6574  2.849926e+02  3.352772e+03
[11,]   11 0.0000010000 0.0012574657  877.6481 -1.219932e+05  7.331746e+02
[12,]   12 0.0008483553 0.0012861524  860.6558 -6.865483e+02  3.361443e+03
[13,]   13 0.0010513548 0.0012930249  860.6188 -6.596412e+00  3.351120e+03
[14,]   14 0.0010047022 0.0003922167  877.8829  9.035124e+03 -1.065573e+05
[15,]   15 0.0010386447 0.0010476076  860.1542  3.248254e+02 -4.370133e+02
[16,]   16 0.0009002878 0.0010627253  860.1390 -1.395610e+02  3.409882e+02
[17,]   17 0.0009339512 0.0010513740  860.1339  1.425810e+01 -1.505061e+01
[18,]   18 0.0009294607 0.0010512619  860.1338 -4.822363e-01 -3.046914e+00
[19,]   19 0.0009298132 0.0010514859  860.1338  1.925905e-03  9.009970e-01
[20,]   20 0.0009294619 0.0010512626  860.1338 -4.806057e-01 -3.033617e+00
[21,]   21 0.0009294607 0.0010512619  860.1338 -4.822308e-01 -3.046869e+00
[22,]   22 0.0009294607 0.0010512619  860.1338 -4.822363e-01 -3.046914e+00
[23,]   23 0.0009294607 0.0010512619  860.1338 -4.822363e-01 -3.046914e+00
[24,]   24 0.0009294607 0.0010512619  860.1338 -4.822363e-01 -3.046914e+00
[25,]   25 0.0009294607 0.0010512619  860.1338 -4.822363e-01 -3.046914e+00
[26,]   26 0.0009294607 0.0010512619  860.1338 -4.822363e-01 -3.046914e+00
[27,]   27 0.0009294607 0.0010512619  860.1338 -4.822363e-01 -3.046914e+00
[28,]   28 0.0009294607 0.0010512619  860.1338 -4.822363e-01 -3.046914e+00
[29,]   29 0.0009294607 0.0010512619  860.1338 -4.822363e-01 -3.046914e+00
[30,]   30 0.0009294607 0.0010512619  860.1338 -4.822363e-01 -3.046914e+00
[31,]   31 0.0009294607 0.0010512619  860.1338 -4.822363e-01 -3.046914e+00

