[22;0t]0;IPython: scripts/01_msprime_simulations$par
[1] 0.0003968573 2.1633474404

$value
[1] -21328.41

$counts
function gradient 
      34       34 

$convergence
[1] 0

$message
[1] "CONVERGENCE: REL_REDUCTION_OF_F <= FACTR*EPSMCH"

$loginfo
      step         par1      par2       fn          gr1           gr2
 [1,]    1 0.1000000000  0.010000 24453.17   9030.65539 -3.638960e+05
 [2,]    2 0.0000010000 10.000000 31478.55   2416.05908  1.728823e+03
 [3,]    3 0.0667176127  3.334944 22034.00   2411.57557  7.752945e+02
 [4,]    4 0.0446790418  3.327695 21975.20   2413.67715  7.770193e+02
 [5,]    5 0.0000010000  3.313000 21856.92   2226.83503  7.537424e+02
 [6,]    6 0.0000010000  3.279216 21831.73   1505.16236  7.372865e+02
 [7,]    7 0.0000010000  1.765555 21437.43 -43616.87685 -5.516901e+02
 [8,]    8 0.0919724982  0.000001 73284.91  16928.45006 -2.553150e+08
 [9,]    9 0.0319270706  1.152678 21441.83   4783.22444  1.052102e+03
[10,]   10 0.0084218691  1.603902 21527.50   1258.36586 -3.797285e+02
[11,]   11 0.0018724524  1.729629 21455.32   1848.28657 -6.040541e+02
[12,]   12 0.0004624293  1.756697 21437.40    319.50536 -5.652385e+02
[13,]   13 0.0029731241 10.000000 31485.73   2415.98041  1.728823e+03
[14,]   14 0.0007096653  2.568441 21407.20   1077.37898  3.677478e+02
[15,]   15 0.0006039297  2.248283 21332.45    846.54891  9.081454e+01
[16,]   16 0.0005610181  2.143006 21328.72    720.00867 -2.356213e+01
[17,]   17 0.0005618624  2.164423 21328.48    722.44662  1.149161e+00
[18,]   18 0.0005540985  2.163403 21328.47    696.70237 -1.269444e-02
[19,]   19 0.0000010000  2.173372 21333.45 -43629.81980  1.129293e+01
[20,]   20 0.0004250151  2.165729 21328.41    123.64395  2.638608e+00
[21,]   21 0.0003968567  2.163347 21328.41    -53.78486 -7.276531e-02
[22,]   22 0.0004064454  2.163342 21328.41      9.58768 -7.860903e-02
[23,]   23 0.0003984004  2.163347 21328.41    -43.36292 -7.370465e-02
[24,]   24 0.0003971562  2.163347 21328.41    -51.75635 -7.293487e-02
[25,]   25 0.0003969168  2.163347 21328.41    -53.37734 -7.278963e-02
[26,]   26 0.0003968689  2.163347 21328.41    -53.70251 -7.276883e-02
[27,]   27 0.0003968592  2.163347 21328.41    -53.76822 -7.276298e-02
[28,]   28 0.0003968572  2.163347 21328.41    -53.78144 -7.275918e-02
[29,]   29 0.0003968585  2.163347 21328.41    -53.77271 -7.276156e-02
[30,]   30 0.0003968575  2.163347 21328.41    -53.77969 -7.275812e-02
[31,]   31 0.0003968573  2.163347 21328.41    -53.78118 -7.275714e-02
[32,]   32 0.0003968574  2.163347 21328.41    -53.78023 -7.276258e-02
[33,]   33 0.0003968573  2.163347 21328.41    -53.78104 -7.276663e-02
[34,]   34 0.0003968573  2.163347 21328.41    -53.78118 -7.275714e-02

