[22;0t]0;IPython: scripts/01_msprime_simulations$par
[1] 0.09064682 0.49645544

$value
[1] -56698.8

$counts
function gradient 
      30       30 

$convergence
[1] 0

$message
[1] "CONVERGENCE: REL_REDUCTION_OF_F <= FACTR*EPSMCH"

$loginfo
      step       par1       par2        fn           gr1           gr2
 [1,]    1 0.10000000  0.0100000 123903.24  7.056626e+04 -3.177847e+06
 [2,]    2 0.00000100 10.0000000  63479.92 -9.186937e+06  3.012072e+02
 [3,]    3 1.65397365 10.0000000  63431.61  2.035344e+03  1.819100e+02
 [4,]    4 0.55056333 10.0000000  61096.46  2.015956e+03  2.909736e+02
 [5,]    5 0.18343957 10.0000000  60540.36  3.771342e+02  3.453715e+02
 [6,]    6 0.18343205  9.9988899  60539.97  3.772150e+02  3.453972e+02
 [7,]    7 0.18340195  9.9944495  60538.43  3.775388e+02  3.455045e+02
 [8,]    8 0.18328155  9.9766878  60532.24  3.788445e+02  3.459302e+02
 [9,]    9 0.18279997  9.9056412  60507.42  3.841099e+02  3.475201e+02
[10,]   10 0.18087364  9.6214546  60407.34  4.043500e+02  3.505811e+02
[11,]   11 0.17316833  8.4847082  60021.32  4.632859e+02  3.195249e+02
[12,]   12 0.14234709  3.9377226  58673.25  9.353807e+02  3.018853e+02
[13,]   13 0.11523475  0.0000010 440700.81  7.013897e+04 -1.595902e+09
[14,]   14 0.13328872  2.6221099  58214.29  1.111015e+03  4.151622e+02
[15,]   15 0.12426174  1.3110555  57451.86  6.590205e+02  8.866352e+02
[16,]   16 0.11824485  0.4371794  56772.17  2.296160e+03 -1.522664e+03
[17,]   17 0.12202569  0.9862991  57130.74  2.566235e+02  1.062133e+03
[18,]   18 0.11910493  0.5620955  56722.77  7.345845e+02  3.573943e+02
[19,]   19 0.11500355  0.0000010 440684.58  7.020854e+04 -1.595902e+09
[20,]   20 0.11773784  0.3747364  56927.34  3.911920e+03 -3.723426e+03
[21,]   21 0.11885048  0.5272232  56715.51  1.022214e+03  2.836177e+01
[22,]   22 0.11873511  0.5233260  56715.36  1.057050e+03 -1.450704e+01
[23,]   23 0.11854593  0.5216462  56715.20  1.067767e+03 -3.202769e+01
[24,]   24 0.11662716  0.5120143  56713.89  1.104656e+03 -1.281591e+02
[25,]   25 0.04002279  0.4734104  56849.85 -8.958218e+03  5.667157e+02
[26,]   26 0.09374213  0.5004816  56699.06  1.526059e+02  6.299296e+00
[27,]   27 0.08930893  0.4956059  56698.85 -8.297048e+01  8.135763e+00
[28,]   28 0.09070910  0.4965263  56698.80  3.430302e+00  2.112538e-03
[29,]   29 0.09064682  0.4964554  56698.80  6.925402e-02  7.102644e-03

