[22;0t]0;IPython: scripts/01_msprime_simulations$par
[1] 0.004910943 0.053668476

$value
[1] -18828.22

$counts
function gradient 
      44       44 

$convergence
[1] 0

$message
[1] "CONVERGENCE: REL_REDUCTION_OF_F <= FACTR*EPSMCH"

$loginfo
      step         par1        par2       fn           gr1           gr2
 [1,]    1 0.1000000000  0.01000000 22225.78  8.992141e+03 -3.352369e+05
 [2,]    2 0.0000010000 10.00000000 30907.47  2.416088e+03  1.776502e+03
 [3,]    3 0.0667523479  3.33147366 20823.24  2.300313e+03  1.023035e+03
 [4,]    4 0.0439396434  3.32114188 20760.91  2.233657e+03  1.015077e+03
 [5,]    5 0.0000010000  3.30124226 20711.35 -2.902188e+05  9.815474e+02
 [6,]    6 0.0435350055  3.32095862 20759.82  2.231977e+03  1.014922e+03
 [7,]    7 0.0144684412  3.30779450 20684.93  1.889082e+03  1.001410e+03
 [8,]    8 0.0000010000  3.26712862 20678.11 -2.940011e+05  9.668083e+02
 [9,]    9 0.0142385213  3.30714823 20683.85  1.880598e+03  1.001070e+03
[10,]   10 0.0071197607  3.28713843 20652.01  1.342441e+03  9.902688e+02
[11,]   11 0.0000010000  2.58929444 20117.82 -3.671388e+05  6.806824e+02
[12,]   12 0.0053630965  3.11493464 20485.91  8.743514e+02  9.151233e+02
[13,]   13 0.0026820483  2.85211454 20258.35 -1.351252e+03  8.233415e+02
[14,]   14 0.0895655763  0.00000100 67102.41  1.595064e+04 -2.348842e+08
[15,]   15 0.0327272950  1.86582339 19598.67  1.635426e+03  4.987992e+02
[16,]   16 0.0420235387  0.58691607 19132.66  4.247589e+03 -6.522948e+01
[17,]   17 0.0200791621  0.70319883 19072.48  2.028927e+03  2.822638e+02
[18,]   18 0.0000010000  0.46670130 19420.82 -1.780389e+06 -2.772900e+00
[19,]   19 0.0122744509  0.61126836 19043.33  2.839422e+02  1.277013e+02
[20,]   20 0.0129463238  0.51339120 19040.13  1.051328e+03  1.715359e+01
[21,]   21 0.0063693945  0.45893843 19044.55 -4.275377e+03  9.869862e+01
[22,]   22 0.0105819926  0.49381605 19038.31 -1.002450e+02  3.540401e+01
[23,]   23 0.0094492502  0.44732894 19036.53 -6.194444e+02  1.029383e+02
[24,]   24 0.0049182808  0.26138050 18974.27 -5.286374e+03  6.297900e+02
[25,]   25 0.0000010000  0.05957805 19287.51 -2.381369e+06 -2.180926e+02
[26,]   26 0.0030291997  0.18385367 18946.76 -1.382394e+04  5.827548e+02
[27,]   27 0.0012079518  0.10911068 18937.64 -5.039279e+04  9.598346e+02
[28,]   28 0.0021578491  0.14809393 18941.11 -2.367932e+04  6.326987e+02
[29,]   29 0.0014129210  0.11752250 18936.59 -4.142761e+04  1.001261e+03
[30,]   30 0.0000010000  0.04114320 19281.72 -2.392496e+06 -4.237365e+02
[31,]   31 0.0009853468  0.09439244 18937.33 -6.477328e+04  8.179376e+02
[32,]   32 0.0012161137  0.10687601 18935.10 -5.005510e+04  9.409063e+02
[33,]   33 0.0035349908  0.00000100 63732.76  1.082050e+05 -2.347117e+08
[34,]   34 0.0019904756  0.07118635 18870.42 -2.538787e+04  1.150454e+03
[35,]   35 0.0030819874  0.00000100 63683.24  1.104247e+05 -2.347100e+08
[36,]   36 0.0023539970  0.04747850 18844.93 -1.595398e+04 -6.627354e+02
[37,]   37 0.0571393652  0.33798932 19257.34  5.884904e+03 -1.499031e+02
[38,]   38 0.0136157385  0.10719623 18902.62  5.551386e+03  8.508940e+02
[39,]   39 0.0053701181  0.06347211 18833.44 -1.657399e+01  8.655674e+02
[40,]   40 0.0053139707  0.05503222 18828.50  8.662357e+02  1.442710e+02
[41,]   41 0.0051090577  0.05302588 18828.32  6.408244e+02 -1.321730e+02
[42,]   42 0.0049956338  0.05360262 18828.23  2.498870e+02 -2.283005e+01
[43,]   43 0.0049084104  0.05367040 18828.22 -7.467410e+00  6.757282e-01
[44,]   44 0.0049109432  0.05366848 18828.22  1.576442e-01 -3.381683e-04

