[22;0t]0;IPython: scripts/01_msprime_simulations$par
[1] 0.0004895295 4.5173847093

$value
[1] -38448.61

$counts
function gradient 
      36       36 

$convergence
[1] 0

$message
[1] "CONVERGENCE: REL_REDUCTION_OF_F <= FACTR*EPSMCH"

$loginfo
      step         par1      par2       fn           gr1           gr2
 [1,]    1 0.1000000000  0.010000 63373.00  35672.556797 -1.406062e+06
 [2,]    2 0.0000010000 10.000000 41807.64 -89224.973329  9.798107e+02
 [3,]    3 0.6238311144 10.000000 43604.55   2816.269926  9.926510e+02
 [4,]    4 0.1983392368 10.000000 42380.66   2943.912671  9.811070e+02
 [5,]    5 0.0630919938 10.000000 41978.67   3007.407962  9.798486e+02
 [6,]    6 0.0201533325 10.000000 41849.75   2969.860355  9.798994e+02
 [7,]    7 0.0065230149 10.000000 41810.13   2768.435432  9.798441e+02
 [8,]    8 0.0021900586 10.000000 41798.99   2162.828425  9.798235e+02
 [9,]    9 0.0021382523  9.993049 41792.07   2140.640191  9.788562e+02
[10,]   10 0.0019310268  9.965246 41764.48   2039.952211  9.749437e+02
[11,]   11 0.0011021250  9.854034 41655.50   1256.535864  9.590351e+02
[12,]   12 0.0000010000  9.706298 41526.04 -89227.050370  9.372375e+02
[13,]   13 0.0000010000  9.396272 41242.87 -89232.389737  8.889114e+02
[14,]   14 0.0020232157  3.693420 38653.59  -1339.092810 -4.928519e+02
[15,]   15 0.0020510911  5.727346 38624.95   2682.898757  2.973234e+02
[16,]   16 0.0020137824  4.962125 38503.93    959.881737  1.574219e+02
[17,]   17 0.0021100422  4.099631 38509.66   1770.786325 -2.643304e+02
[18,]   18 0.0020628116  4.522821 38452.25   3151.823471  4.428296e+00
[19,]   19 0.0000010000  4.480595 38459.44 -88176.794404 -2.441488e+01
[20,]   20 0.0011637124  4.504407 38449.72   2401.985918 -8.536196e+00
[21,]   21 0.0000010000  4.528839 38459.02 -88153.563707  7.790298e+00
[22,]   22 0.0007517673  4.513064 38448.84   1456.933112 -2.839562e+00
[23,]   23 0.0001039022  4.515256 38450.12 -35420.083581 -1.663336e+00
[24,]   24 0.0004827165  4.513974 38448.62    -67.682018 -2.347490e+00
[25,]   25 0.0004946924  4.518417 38448.61     39.149221  7.345029e-01
[26,]   26 0.0004895295  4.517385 38448.61     -5.797313  1.461180e-02
[27,]   27 0.0004904764  4.517346 38448.61      2.402840 -1.135788e-02
[28,]   28 0.0004895467  4.517384 38448.61     -5.648102  1.412769e-02
[29,]   29 0.0004895298  4.517385 38448.61     -5.794691  1.481923e-02
[30,]   30 0.0004895295  4.517385 38448.61     -5.797356  1.462195e-02
[31,]   31 0.0004895295  4.517385 38448.61     -5.797313  1.461194e-02
[32,]   32 0.0004895295  4.517385 38448.61     -5.797313  1.461216e-02
[33,]   33 0.0004895295  4.517385 38448.61     -5.796968  1.451386e-02
[34,]   34 0.0004895295  4.517385 38448.61     -5.796968  1.451386e-02
[35,]   35 0.0004895295  4.517385 38448.61     -5.796968  1.451390e-02
[36,]   36 0.0004895295  4.517385 38448.61     -5.796968  1.451386e-02

