[22;0t]0;IPython: scripts/01_msprime_simulations$par
[1] 0.002500882 6.853318478

$value
[1] -64426.5

$counts
function gradient 
      44       44 

$convergence
[1] 0

$message
[1] "CONVERGENCE: REL_REDUCTION_OF_F <= FACTR*EPSMCH"

$loginfo
      step        par1      par2        fn           gr1           gr2
 [1,]    1 0.100000000  0.010000 179086.61  9.599423e+04 -4.834221e+06
 [2,]    2 0.000001000 10.000000  65363.27 -9.879567e+05  9.060885e+01
 [3,]    3 1.859374435 10.000000  73685.59  3.190047e+03 -9.540673e+01
 [4,]    4 0.615214673 10.000000  68666.49  5.097203e+03  4.508577e+01
 [5,]    5 0.203388354 10.000000  66361.39  6.134572e+03  1.358733e+02
 [6,]    6 0.067337584 10.000000  65515.21  6.123153e+03  1.608888e+02
 [7,]    7 0.022413653 10.000000  65255.39  5.065764e+03  1.464017e+02
 [8,]    8 0.022299335  9.999699  65254.77  5.057533e+03  1.463357e+02
 [9,]    9 0.021842063  9.998493  65252.29  5.023790e+03  1.460913e+02
[10,]   10 0.020012974  9.993670  65242.53  4.874282e+03  1.450619e+02
[11,]   11 0.012696618  9.974378  65207.23  3.882256e+03  1.398771e+02
[12,]   12 0.000001000  9.943276  65358.40 -9.840219e+05  8.770613e+01
[13,]   13 0.007690725  9.962114  65189.60  2.235429e+03  1.344353e+02
[14,]   14 0.000001000  9.942958  65358.38 -9.840028e+05  8.785278e+01
[15,]   15 0.004987598  9.955380  65185.17  8.562586e+01  1.286355e+02
[16,]   16 0.004481280  9.953792  65185.09 -5.937801e+02  1.269043e+02
[17,]   17 0.004626423  9.954028  65185.05 -3.852028e+02  1.274767e+02
[18,]   18 0.004752416  9.953207  65184.91 -2.182524e+02  1.281438e+02
[19,]   19 0.005597490  9.940682  65183.49  6.914397e+02  1.337700e+02
[20,]   20 0.007018636  9.904839  65180.24  1.711812e+03  1.453203e+02
[21,]   21 0.011393810  9.758659  65168.34  3.303881e+03  1.703623e+02
[22,]   22 0.027544232  9.149118  65122.82  5.750864e+03  2.189722e+02
[23,]   23 0.104587371  6.105922  65362.29  8.780440e+03 -1.275209e+02
[24,]   24 0.051097225  8.218777  65061.82  7.085080e+03  2.704338e+02
[25,]   25 0.060762219  7.837011  65027.91  7.722447e+03  2.608542e+02
[26,]   26 0.253672301  0.000001 660290.92  6.326109e+04 -2.364483e+09
[27,]   27 0.125108403  5.222935  65602.46  9.964537e+03 -1.493670e+01
[28,]   28 0.065183762  7.657385  65018.56  8.001412e+03  2.269029e+02
[29,]   29 0.000001000  6.889873  64583.65 -1.034213e+06  9.994082e+00
[30,]   30 0.064517869  7.649544  65011.45  8.013747e+03  2.261110e+02
[31,]   31 0.032259434  7.269709  64675.28  8.334305e+03  1.447571e+02
[32,]   32 0.010746957  7.016405  64478.05  7.102582e+03  6.287983e+01
[33,]   33 0.000001000  6.789408  64586.85 -1.045090e+06 -6.597150e+01
[34,]   34 0.005987135  6.915859  64440.81  5.625238e+03  5.019254e+01
[35,]   35 0.000001000  6.311671  64651.79 -1.057730e+06 -2.248444e+02
[36,]   36 0.003718539  6.686887  64437.11  2.625924e+03 -7.518301e+01
[37,]   37 0.000001000  6.924428  64584.50 -1.032446e+06  3.893760e+01
[38,]   38 0.002386598  6.771994  64429.26 -7.209539e+02 -6.445988e+01
[39,]   39 0.002827375  7.331624  64479.36 -2.974522e+02  2.046156e+02
[40,]   40 0.002464611  6.871042  64426.64 -1.158688e+02  1.480940e+01
[41,]   41 0.002539874  6.852077  64426.51  1.457555e+02 -9.800901e-01
[42,]   42 0.002488427  6.853097  64426.50 -4.851022e+01 -2.090901e-01
[43,]   43 0.002501241  6.853365  64426.50  1.506162e+00  3.805624e-02
[44,]   44 0.002500882  6.853318  64426.50  4.543850e-02 -1.833760e-03

