[22;0t]0;IPython: scripts/01_msprime_simulations$par
[1] 0.0583405490 0.0005351969

$value
[1] -450.5904

$counts
function gradient 
      55       55 

$convergence
[1] 52

$message
[1] "ERROR: ABNORMAL_TERMINATION_IN_LNSRCH"

$loginfo
      step        par1         par2         fn           gr1           gr2
 [1,]    1 0.100000000 1.000000e-02   676.6364  1.882553e+03  3.472271e+03
 [2,]    2 0.000001000 1.000000e-06   659.3166  1.027958e+05 -2.047027e+06
 [3,]    3 0.097858467 9.785866e-03   671.8663  1.871604e+03  3.536563e+03
 [4,]    4 0.048929733 4.893433e-03   565.0223  1.339289e+03  8.379527e+03
 [5,]    5 0.017137147 1.714460e-03   485.2207  3.084034e+02  2.882556e+04
 [6,]    6 0.007255673 7.264020e-04   455.4521 -2.493487e+02  2.188680e+04
 [7,]    7 0.001412308 1.000000e-06   707.6457  8.460322e+03 -2.255718e+06
 [8,]    8 0.005689263 5.319461e-04   452.8337 -2.979290e+02  5.734812e+03
 [9,]    9 0.009070379 4.816276e-04   452.0507 -1.289229e+02 -4.646393e+03
[10,]   10 0.013147800 5.285398e-04   451.6260 -8.655079e+01  1.924155e+03
[11,]   11 0.017726410 5.389852e-04   451.3446 -5.575616e+01  2.613102e+03
[12,]   12 0.025142358 5.384327e-04   451.0340 -3.096057e+01  1.620639e+03
[13,]   13 0.034333637 5.358188e-04   450.8161 -1.692829e+01  5.844378e+02
[14,]   14 0.045569735 5.363475e-04   450.6768 -9.025097e+00  3.147846e+02
[15,]   15 0.058340549 5.351969e-04   450.5904 -4.804293e+00 -7.452508e+01
[16,]   16 0.087632827 6.953984e-04   452.5201 -3.996772e-01  2.157731e+04
[17,]   17 0.059192512 5.398563e-04   450.5934 -4.661984e+00  7.365515e+02
[18,]   18 0.058458004 5.358393e-04   450.5906 -4.784677e+00  3.813109e+01
[19,]   19 0.058358811 5.352968e-04   450.5904 -4.801243e+00 -5.699117e+01
[20,]   20 0.058343440 5.352127e-04   450.5904 -4.803810e+00 -7.174899e+01
[21,]   21 0.058341008 5.351994e-04   450.5904 -4.804216e+00 -7.408436e+01
[22,]   22 0.058340622 5.351973e-04   450.5904 -4.804281e+00 -7.445508e+01
[23,]   23 0.058340561 5.351970e-04   450.5904 -4.804291e+00 -7.451396e+01
[24,]   24 0.058340551 5.351969e-04   450.5904 -4.804293e+00 -7.452331e+01
[25,]   25 0.058340549 5.351969e-04   450.5904 -4.804293e+00 -7.452480e+01
[26,]   26 0.058340549 5.351969e-04   450.5904 -4.804293e+00 -7.452503e+01
[27,]   27 0.058340549 5.351969e-04   450.5904 -4.804293e+00 -7.452507e+01
[28,]   28 0.058340549 5.351969e-04   450.5904 -4.804293e+00 -7.452508e+01
[29,]   29 0.058340549 5.351969e-04   450.5904 -4.804293e+00 -7.452508e+01
[30,]   30 0.058340549 5.351969e-04   450.5904 -4.804293e+00 -7.452508e+01
[31,]   31 0.058340549 5.351969e-04   450.5904 -4.804293e+00 -7.452508e+01
[32,]   32 0.058340549 5.351969e-04   450.5904 -4.804293e+00 -7.452508e+01
[33,]   33 0.058340549 5.351969e-04   450.5904 -4.804293e+00 -7.452508e+01
[34,]   34 4.862633392 1.000000e+01 35872.8649  2.299225e+03  2.320263e+03
[35,]   35 0.083531652 5.296696e-02   690.4355  2.376080e+03  1.586846e+03
[36,]   36 0.058427618 7.164195e-04   453.0391 -3.105778e+00  2.294477e+04
[37,]   37 0.058340738 5.355895e-04   450.5909 -4.808166e+00 -4.951001e+00
[38,]   38 0.058340551 5.352011e-04   450.5904 -4.804335e+00 -7.377341e+01
[39,]   39 0.058340549 5.351970e-04   450.5904 -4.804293e+00 -7.451689e+01
[40,]   40 0.058340549 5.351969e-04   450.5904 -4.804293e+00 -7.452499e+01
[41,]   41 0.058340549 5.351969e-04   450.5904 -4.804293e+00 -7.452508e+01
[42,]   42 0.058340549 5.351969e-04   450.5904 -4.804293e+00 -7.452508e+01
[43,]   43 0.058340549 5.351969e-04   450.5904 -4.804293e+00 -7.452508e+01
[44,]   44 0.058340549 5.351969e-04   450.5904 -4.804293e+00 -7.452508e+01
[45,]   45 0.058340549 5.351969e-04   450.5904 -4.804293e+00 -7.452508e+01
[46,]   46 0.058340549 5.351969e-04   450.5904 -4.804293e+00 -7.452508e+01
[47,]   47 0.058340549 5.351969e-04   450.5904 -4.804293e+00 -7.452508e+01
[48,]   48 0.058340549 5.351969e-04   450.5904 -4.804293e+00 -7.452508e+01
[49,]   49 0.058340549 5.351969e-04   450.5904 -4.804293e+00 -7.452508e+01

