[22;0t]0;IPython: scripts/01_msprime_simulations$par
[1] 0.0008281981 0.0053421475

$value
[1] -4256.109

$counts
function gradient 
      37       37 

$convergence
[1] 0

$message
[1] "CONVERGENCE: REL_REDUCTION_OF_F <= FACTR*EPSMCH"

$loginfo
      step         par1        par2       fn           gr1           gr2
 [1,]    1 0.1000000000 0.010000000 4323.472  1.371313e+02  1.043121e+04
 [2,]    2 0.0000010000 0.000001000 9161.642  1.233440e+05 -3.361525e+07
 [3,]    3 0.0665883168 0.006659132 4310.526  2.101650e+02 -9.307022e+03
 [4,]    4 0.0761334369 0.007913990 4307.403  1.427082e+02  9.062838e+02
 [5,]    5 0.0720283976 0.007642155 4306.782  1.548534e+02 -8.593451e+02
 [6,]    6 0.0643098380 0.007361336 4305.991  1.811462e+02 -2.711752e+03
 [7,]    7 0.0334622531 0.006579787 4300.849  4.967993e+02 -7.006879e+03
 [8,]    8 0.0000010000 0.005732020 4296.355 -2.590257e+05 -1.817490e+03
 [9,]    9 0.0334210670 0.006578744 4300.836  4.977446e+02 -7.010950e+03
[10,]   10 0.0111363770 0.006014143 4283.201  1.864753e+03 -6.432527e+03
[11,]   11 0.0037593313 0.005827240 4264.998  3.497092e+03 -2.563892e+03
[12,]   12 0.0000010000 0.005958211 4296.074 -2.487556e+05 -9.887257e+02
[13,]   13 0.0022719270 0.005879074 4259.666  3.389401e+03 -6.463793e+02
[14,]   14 0.0007731152 0.005931305 4256.717 -1.903344e+03  1.604979e+03
[15,]   15 0.0016949639 0.005722031 4257.858  3.058903e+03 -3.585245e+02
[16,]   16 0.0010051435 0.005878631 4256.516  4.383166e+02  1.145599e+03
[17,]   17 0.0006387934 0.004101215 4260.346  1.448011e+03 -8.739872e+03
[18,]   18 0.0009123335 0.005428346 4256.146  6.114741e+02  1.313059e+02
[19,]   19 0.0008170099 0.005297829 4256.111 -1.819264e+01 -1.532993e+02
[20,]   20 0.0008283856 0.005349056 4256.109 -1.516481e+01  2.676196e+01
[21,]   21 0.0008286832 0.005342395 4256.109  3.990124e+00 -2.135293e-01
[22,]   22 0.0008281981 0.005342147 4256.109 -7.231582e-01 -3.723955e-02
[23,]   23 0.0008282766 0.005342204 4256.109  2.035313e-04  5.154243e-04
[24,]   24 0.0008281983 0.005342148 4256.109 -7.217233e-01 -3.716446e-02
[25,]   25 0.0008281981 0.005342147 4256.109 -7.231550e-01 -3.723909e-02
[26,]   26 0.0008281981 0.005342147 4256.109 -7.231582e-01 -3.723951e-02
[27,]   27 0.0008281981 0.005342147 4256.109 -7.231564e-01 -3.723933e-02
[28,]   28 0.0008281981 0.005342147 4256.109 -7.231582e-01 -3.723953e-02
[29,]   29 0.0008281981 0.005342147 4256.109 -7.231582e-01 -3.723952e-02
[30,]   30 0.0008281981 0.005342147 4256.109 -7.231570e-01 -3.723930e-02
[31,]   31 0.0008281981 0.005342147 4256.109 -7.231582e-01 -3.723952e-02
[32,]   32 0.0008281981 0.005342147 4256.109 -7.231582e-01 -3.723953e-02
[33,]   33 0.0008281981 0.005342147 4256.109 -7.231575e-01 -3.723949e-02
[34,]   34 0.0008281981 0.005342147 4256.109 -7.231582e-01 -3.723952e-02
[35,]   35 0.0008281981 0.005342147 4256.109 -7.231582e-01 -3.723953e-02

