[22;0t]0;IPython: scripts/01_msprime_simulations$par
[1] 0.0003488829 0.0004984690

$value
[1] -370.2492

$counts
function gradient 
      70       70 

$convergence
[1] 0

$message
[1] "CONVERGENCE: REL_REDUCTION_OF_F <= FACTR*EPSMCH"

$loginfo
      step         par1         par2         fn           gr1           gr2
 [1,]    1 1.000000e-01 1.000000e-02   595.6981  1.978680e+03  4.220025e+03
 [2,]    2 1.000000e-06 1.000000e-06   541.0095  9.291229e+04 -1.590483e+06
 [3,]    3 9.649658e-02 9.649690e-03   587.2881  1.965427e+03  4.352030e+03
 [4,]    4 4.824879e-02 4.825345e-03   469.9083  1.655276e+03  8.509542e+03
 [5,]    5 1.716250e-02 1.716996e-03   395.4505  1.065550e+03  9.378947e+03
 [6,]    6 1.000000e-06 1.000000e-06   541.0095  9.291229e+04 -1.590483e+06
 [7,]    7 1.167103e-02 1.167898e-03   385.3899  7.738097e+02  8.880189e+03
 [8,]    8 1.000000e-06 1.000000e-06   541.0095  9.291229e+04 -1.590483e+06
 [9,]    9 8.805187e-03 8.813394e-04   380.8485  5.426790e+02  9.838124e+03
[10,]   10 4.403093e-03 4.411697e-04   375.5518  4.822934e+02 -4.501448e+03
[11,]   11 1.000000e-06 1.000000e+01 24396.0737  2.416099e+03  2.320132e+03
[12,]   12 3.571163e-03 1.890209e+00  4911.6148  2.415932e+03  2.478216e+03
[13,]   13 4.243989e-03 3.618541e-01  1136.3809  2.415239e+03  2.415626e+03
[14,]   14 4.370434e-03 7.462846e-02   475.6829  2.409025e+03  1.965140e+03
[15,]   15 4.395066e-03 1.867559e-02   392.6020  2.309437e+03  3.545746e+02
[16,]   16 4.401142e-03 4.872997e-03   388.1211  2.683288e+03  5.747299e+02
[17,]   17 4.402795e-03 1.117962e-03   378.9188  9.620472e+02  3.819269e+03
[18,]   18 4.403056e-03 5.251957e-04   375.6482  5.294789e+02  3.135675e+03
[19,]   19 4.403083e-03 4.657113e-04   375.5175  4.908861e+02 -1.630272e+03
[20,]   20 4.398839e-03 4.796607e-04   375.5221  4.985482e+02 -2.612311e+02
[21,]   21 4.402144e-03 4.687973e-04   375.5170  4.924552e+02 -1.312105e+03
[22,]   22 4.392591e-03 4.830241e-04   375.5231  5.014703e+02  4.054860e+01
[23,]   23 4.400186e-03 4.717126e-04   375.5168  4.941776e+02 -1.020127e+03
[24,]   24 4.385043e-03 4.853004e-04   375.5226  5.040515e+02  2.375257e+02
[25,]   25 4.397147e-03 4.744398e-04   375.5168  4.960448e+02 -7.545604e+02
[26,]   26 4.374868e-03 4.880228e-04   375.5219  5.073947e+02  4.665688e+02
[27,]   27 4.392561e-03 4.772361e-04   375.5166  4.982606e+02 -4.899419e+02
[28,]   28 4.360749e-03 4.913156e-04   375.5208  5.118432e+02  7.340971e+02
[29,]   29 4.385590e-03 4.803211e-04   375.5162  5.010940e+02 -2.070324e+02
[30,]   30 4.340513e-03 4.953761e-04   375.5190  5.179722e+02  1.049698e+03
[31,]   31 4.374707e-03 4.839559e-04   375.5154  5.049816e+02  1.141508e+02
[32,]   32 4.309302e-03 5.005668e-04   375.5153  5.270260e+02  1.429817e+03
[33,]   33 4.247292e-03 5.097535e-04   375.5084  5.451713e+02  2.044265e+03
[34,]   34 3.917789e-03 5.439388e-04   375.4459  6.467105e+02  3.690562e+03
[35,]   35 1.927742e-03 7.194826e-04   373.8672  1.954724e+03  3.192184e+03
[36,]   36 1.000000e-06 8.894422e-04   379.1650 -6.271346e+04  2.024421e+03
[37,]   37 1.138937e-03 7.890638e-04   372.3214  2.364014e+03  2.804557e+03
[38,]   38 4.784691e-04 8.473242e-04   371.2253  5.664108e+02  3.613695e+03
[39,]   39 1.000000e-06 1.000000e-06   541.0095  9.291229e+04 -1.590483e+06
[40,]   40 3.452495e-04 6.111896e-04   370.4378 -7.773586e+02  2.442159e+03
[41,]   41 1.000000e+01 1.000000e-06   597.1627  6.630216e-06 -1.884485e+06
[42,]   42 3.384520e+00 4.046836e-04   379.4062 -4.225686e-03 -8.536075e+03
[43,]   43 1.121137e+00 5.427977e-04   380.6009 -1.560215e-02  1.972503e+04
[44,]   44 3.651440e-01 5.889291e-04   381.6849  1.868306e-01  2.580078e+04
[45,]   45 1.129133e-01 6.043205e-04   381.8025  4.824134e+00  2.639793e+04
[46,]   46 3.018581e-02 6.093687e-04   380.3456  6.301766e+01  2.017069e+04
[47,]   47 5.849586e-03 6.108537e-04   376.8660  4.166068e+02  7.631959e+03
[48,]   48 8.458563e-04 6.111590e-04   371.2384  2.367962e+03  1.039302e+03
[49,]   49 3.973665e-04 6.111864e-04   370.4332  1.660419e+02  2.199425e+03
[50,]   50 3.583106e-04 4.950148e-04   370.2511  2.010773e+02 -2.018143e+02
[51,]   51 3.493903e-04 5.013779e-04   370.2506 -1.981400e+01  8.633660e+01
[52,]   52 3.488829e-04 4.984690e-04   370.2492 -6.620740e+00 -4.383925e+00
[53,]   53 3.493901e-04 4.987203e-04   370.2494  1.389184e+00 -4.243341e-01
[54,]   54 3.488846e-04 4.984698e-04   370.2492 -6.593800e+00 -4.370633e+00
[55,]   55 3.488829e-04 4.984690e-04   370.2492 -6.620650e+00 -4.383880e+00
[56,]   56 3.488829e-04 4.984690e-04   370.2492 -6.620740e+00 -4.383925e+00
[57,]   57 3.488829e-04 4.984690e-04   370.2492 -6.620740e+00 -4.383925e+00
[58,]   58 3.488829e-04 4.984690e-04   370.2492 -6.620740e+00 -4.383925e+00
[59,]   59 3.488829e-04 4.984690e-04   370.2492 -6.620740e+00 -4.383925e+00
[60,]   60 3.488829e-04 4.984690e-04   370.2492 -6.620740e+00 -4.383925e+00
[61,]   61 3.488829e-04 4.984690e-04   370.2492 -6.620740e+00 -4.383925e+00
[62,]   62 3.488829e-04 4.984690e-04   370.2492 -6.620740e+00 -4.383925e+00
[63,]   63 3.488829e-04 4.984690e-04   370.2492 -6.620740e+00 -4.383925e+00
[64,]   64 3.488829e-04 4.984690e-04   370.2492 -6.620740e+00 -4.383925e+00

