[22;0t]0;IPython: scripts/01_msprime_simulations$par
[1] 0.000513680 0.005140197

$value
[1] -3313.413

$counts
function gradient 
      24       24 

$convergence
[1] 0

$message
[1] "CONVERGENCE: REL_REDUCTION_OF_F <= FACTR*EPSMCH"

$loginfo
      step         par1         par2        fn           gr1           gr2
 [1,]    1 1.000000e-01  0.010000000  3410.241  5.871783e+02  7.711237e+03
 [2,]    2 1.000000e-06  0.000001000  7060.924  1.212218e+05 -2.581538e+07
 [3,]    3 6.628486e-02  0.006628789  3387.238  5.937491e+02 -8.318157e+03
 [4,]    4 5.871797e-02  0.007126263  3379.580  5.978523e+02 -4.483793e+03
 [5,]    5 1.000000e-06  0.008304333  3354.284 -3.176535e+05  1.279760e+03
 [6,]    6 5.859112e-02  0.007128808  3379.493  5.980696e+02 -4.464016e+03
 [7,]    7 2.929606e-02  0.007716570  3359.200  7.374342e+02 -4.408570e+02
 [8,]    8 9.767174e-03  0.008108389  3340.342  1.476501e+03  1.045050e+03
 [9,]    9 3.293483e-03  0.008238274  3325.720  3.821888e+03  1.476046e+03
[10,]   10 1.000000e-06  0.007109034  3352.954 -3.178504e+05  1.247572e+03
[11,]   11 1.947461e-03  0.007776622  3319.588  4.218344e+03  1.147201e+03
[12,]   12 7.339372e-04  0.007360413  3314.951  1.191871e+03  9.422568e+02
[13,]   13 1.000000e-06  0.000001000  7060.924  1.212218e+05 -2.581538e+07
[14,]   14 4.942637e-04  0.004953854  3313.453 -2.202918e+02 -4.505308e+02
[15,]   15 1.000000e+01 10.000000000 48024.612  2.174934e+03  2.269292e+03
[16,]   16 3.340081e-01  0.338318979  4360.496  2.375855e+03  9.174262e+02
[17,]   17 1.600128e-02  0.020453953  3396.796  3.519759e+03  2.866986e+03
[18,]   18 9.736830e-04  0.005433060  3314.588  3.980763e+03 -3.315903e+02
[19,]   19 5.292040e-04  0.004988779  3313.451  5.308082e+02 -4.087194e+02
[20,]   20 5.216733e-04  0.005021883  3313.435  3.203809e+02 -3.133246e+02
[21,]   21 5.130590e-04  0.005136903  3313.413 -5.040210e+01 -3.421050e+01
[22,]   22 5.162140e-04  0.005153636  3313.413 -8.116205e+00 -4.581937e+00
[23,]   23 5.136800e-04  0.005140197  3313.413 -4.195387e+01 -2.829043e+01

