[22;0t]0;IPython: scripts/01_msprime_simulations$par
[1] 0.0004384628 0.0837218126

$value
[1] -15452.72

$counts
function gradient 
      26       26 

$convergence
[1] 0

$message
[1] "CONVERGENCE: REL_REDUCTION_OF_F <= FACTR*EPSMCH"

$loginfo
      step         par1        par2       fn           gr1           gr2
 [1,]    1 0.1000000000  0.01000000 17933.41  6.331494e+03 -2.411968e+05
 [2,]    2 0.0000010000 10.00000000 29494.58  2.416064e+03  1.894463e+03
 [3,]    3 0.0668561372  3.32110500 18253.46  2.406419e+03  1.259568e+03
 [4,]    4 0.0889326010  1.11564421 16090.85  3.700763e+03  4.996518e+02
 [5,]    5 0.0720018584  1.11334373 16027.12  3.690037e+03  4.950633e+02
 [6,]    6 0.0042788879  1.10414178 15789.13  1.692609e+03  4.545659e+02
 [7,]    7 0.0000010000  1.10118767 15843.32 -3.765373e+05  4.170692e+02
 [8,]    8 0.0027602676  1.10309309 15786.84  5.255214e+02  4.492998e+02
 [9,]    9 0.0017114920  1.09450408 15783.44 -1.498792e+03  4.236150e+02
[10,]   10 0.0012097853  1.05358784 15768.53 -3.351481e+03  4.028345e+02
[11,]   11 0.0008613794  0.37239723 15504.30 -3.527343e+03  4.180826e+02
[12,]   12 0.0006709114  0.00000100 49778.93  0.000000e+00 -1.841210e+08
[13,]   13 0.0007977075  0.24790815 15472.92 -1.640136e+03  4.646973e+02
[14,]   14 0.0007132405  0.08276122 15454.36  9.681778e+03 -1.022090e+02
[15,]   15 0.0000010000  0.25497183 15533.05 -4.221203e+05  2.909252e+02
[16,]   16 0.0005338898  0.12612592 15462.21 -1.725662e+03 -2.545043e+01
[17,]   17 0.0006967557  0.08674703 15454.30  8.205184e+03  6.760211e+01
[18,]   18 0.0000010000  0.07927049 15505.58 -4.426886e+05 -1.114515e+01
[19,]   19 0.0005056301  0.08469321 15452.90  2.974082e+03  9.203137e+01
[20,]   20 0.0003389348  0.08000370 15453.63 -8.755506e+03 -1.759348e+02
[21,]   21 0.0004611971  0.08344321 15452.74  1.014850e+03 -2.511403e+01
[22,]   22 0.0004350331  0.08376384 15452.72 -5.350270e+02  1.289919e+01
[23,]   23 0.0004440752  0.08365546 15452.72  2.352536e+01 -2.341886e-01
[24,]   24 0.0004372719  0.08373701 15452.72 -3.943226e+02  9.623161e+00
[25,]   25 0.0004435244  0.08365723 15452.72 -9.220841e+00  2.497335e-02
[26,]   26 0.0004384628  0.08372181 15452.72 -3.200213e+02  7.784904e+00

