[22;0t]0;IPython: scripts/01_msprime_simulations$par
[1] 0.000001000 0.002716347

$value
[1] -79.95608

$counts
function gradient 
      18       18 

$convergence
[1] 0

$message
[1] "CONVERGENCE: REL_REDUCTION_OF_F <= FACTR*EPSMCH"

$loginfo
      step  par1         par2          fn       gr1           gr2
 [1,]    1 1e-01  0.010000000   320.09869  2236.992  3.145596e+03
 [2,]    2 1e-06  0.000001000    87.43635 34339.120 -1.406308e+05
 [3,]    3 1e-06 10.000000000 24349.66505  2416.088  2.324007e+03
 [4,]    4 1e-06  3.248426166  8167.56266  2415.992  2.469379e+03
 [5,]    5 1e-06  1.054872798  2701.33406  2415.555  2.512926e+03
 [6,]    6 1e-06  0.342649882   909.15747  2414.031  2.514742e+03
 [7,]    7 1e-06  0.111425375   330.24136  2409.241  2.477417e+03
 [8,]    8 1e-06  0.036339807   147.28734  2394.524  2.349259e+03
 [9,]    9 1e-06  0.011934815    93.04025  2346.732  1.955894e+03
[10,]   10 1e-06  0.003980032    80.50202  2045.371  7.837031e+02
[11,]   11 1e-06  0.003957980    80.48484  2040.907  7.739089e+02
[12,]   12 1e-06  0.003869775    80.41831  2022.054  7.336229e+02
[13,]   13 1e-06  0.003516954    80.19025  1926.895  5.525754e+02
[14,]   14 1e-06  0.002409836    79.98956  1224.530 -1.937339e+02
[15,]   15 1e-06  0.002697232    79.95623  1482.297 -1.463345e+01
[16,]   16 1e-06  0.002720714    79.95609  1501.517  3.356377e+00
[17,]   17 1e-06  0.002716333    79.95608  1497.963 -1.081072e-02
[18,]   18 1e-06  0.002716347    79.95608  1497.974 -7.159855e-06

