[22;0t]0;IPython: scripts/01_msprime_simulations$par
[1] 0.10093142 0.04932095

$value
[1] -18424.56

$counts
function gradient 
      50       50 

$convergence
[1] 0

$message
[1] "CONVERGENCE: REL_REDUCTION_OF_F <= FACTR*EPSMCH"

$loginfo
      step         par1        par2       fn           gr1           gr2
 [1,]    1 0.1000000000  0.01000000 20911.39  6.949250e+03 -3.016610e+05
 [2,]    2 0.0000010000 10.00000000 30439.51  2.416088e+03  1.815571e+03
 [3,]    3 0.0667782433  3.32888668 20060.17  2.371748e+03  1.015052e+03
 [4,]    4 0.0889056386  1.11833779 19316.15  2.099076e+03  5.369425e+00
 [5,]    5 0.0811950955  1.11827129 19300.20  2.036568e+03  2.695928e+01
 [6,]    6 0.0503529231  1.11800529 19243.38  1.563507e+03  1.301279e+02
 [7,]    7 0.0000010000  1.11649614 19482.75 -9.150886e+05 -6.594070e+01
 [8,]    8 0.0305431330  1.11741155 19219.51  6.872000e+02  1.939597e+02
 [9,]    9 0.0147770481  1.11604110 19222.16 -1.549020e+03  2.430652e+02
[10,]   10 0.0235901441  1.11680717 19216.67  4.031113e+01  2.139240e+02
[11,]   11 0.0229304998  1.11594853 19216.49 -3.759058e+01  2.176524e+02
[12,]   12 0.0204843401  1.10831188 19215.20 -3.528476e+02  2.416481e+02
[13,]   13 0.0150617365  1.07800424 19210.77 -1.284986e+03  3.342084e+02
[14,]   14 0.0000010000  0.95589685 19387.21 -9.496738e+05  1.025397e+03
[15,]   15 0.0096993027  1.03452743 19202.91 -2.669544e+03  5.181283e+02
[16,]   16 0.0033725674  0.98323239 19205.00 -1.047855e+04  7.234058e+02
[17,]   17 0.0066803523  1.01005079 19199.66 -4.549441e+03  5.974430e+02
[18,]   18 0.0000010000  0.91429098 19338.05 -9.276485e+05  1.601393e+03
[19,]   19 0.0042388762  0.97504811 19191.11 -7.848249e+03  7.492982e+02
[20,]   20 0.0000010000  0.85501421 19238.35 -6.910659e+05  1.611465e+03
[21,]   21 0.0022813672  0.91960348 19162.87 -1.319753e+04  1.012573e+03
[22,]   22 0.0008586673  0.87930683 19144.80 -3.101895e+04  1.169715e+03
[23,]   23 0.0000010000  0.73116669 19083.83 -3.938362e+05  8.511223e+02
[24,]   24 0.0005076340  0.81867480 19092.09 -4.591141e+04  1.013137e+03
[25,]   25 0.0106279088  0.00000100 59907.36  8.335604e+04 -2.179816e+08
[26,]   26 0.0039580326  0.53955679 18979.21 -4.985338e+03  2.465500e+01
[27,]   27 0.0043141147  0.52993596 18977.07 -4.463061e+03  6.715326e+01
[28,]   28 0.0057384432  0.49145264 18966.25 -2.837795e+03  2.367933e+02
[29,]   29 0.0114357569  0.33751938 18918.75  1.583283e+03  3.317709e+02
[30,]   30 0.0239278459  0.00000100 60781.46  5.169233e+04 -2.180306e+08
[31,]   31 0.0156042770  0.22489193 18878.01  1.922860e+03  6.708108e+02
[32,]   32 0.0211485689  0.07509309 18612.64 -3.339600e+03  3.837233e+03
[33,]   33 0.0229966149  0.02516153 18636.88  2.075912e+03 -2.432409e+04
[34,]   34 0.0211485689  0.07509309 18612.64 -3.339600e+03  3.837233e+03
[35,]   35 0.0218394522  0.00000100 60669.76  5.534328e+04 -2.180238e+08
[36,]   36 0.0213794523  0.04999838 18518.55 -4.710221e+03  2.791663e+03
[37,]   37 0.0225142863  0.00000100 60706.69  5.412097e+04 -2.180260e+08
[38,]   38 0.0217572248  0.03335485 18524.06 -2.437892e+03 -6.355807e+03
[39,]   39 0.0215656763  0.04179391 18503.51 -4.257880e+03  2.802768e+02
[40,]   40 0.0219759786  0.04063644 18501.85 -4.001434e+03 -3.514481e+02
[41,]   41 0.0240397794  0.03951926 18495.23 -3.309086e+03 -1.313917e+03
[42,]   42 0.0348832102  0.04174895 18465.53 -1.829264e+03 -1.230783e+03
[43,]   43 0.0498388768  0.04713826 18443.37 -1.093598e+03  8.588138e+02
[44,]   44 0.0630722141  0.04809145 18433.19 -6.050279e+02  7.351123e+02
[45,]   45 0.0779280633  0.04770572 18427.08 -2.337348e+02 -1.850947e+02
[46,]   46 0.0899657351  0.04886695 18425.06 -1.005244e+02  9.064413e+01
[47,]   47 0.0991654309  0.04842931 18424.80  1.612413e+01 -5.662681e+02
[48,]   48 0.1007876850  0.04932044 18424.56 -1.288944e+00  4.602300e+00
[49,]   49 0.1009034592  0.04932045 18424.56 -2.367806e-01  6.137623e-01
[50,]   50 0.1009314166  0.04932095 18424.56 -5.192305e-04 -5.423408e-03

