[22;0t]0;IPython: scripts/01_msprime_simulations$par
[1] 0.000001000 0.000124399

$value
[1] -87.7242

$counts
function gradient 
      41       41 

$convergence
[1] 52

$message
[1] "ERROR: ABNORMAL_TERMINATION_IN_LNSRCH"

$loginfo
      step  par1         par2          fn       gr1          gr2
 [1,]    1 1e-01 1.000000e-02   329.69695  2242.713    2956.4206
 [2,]    2 1e-06 1.000000e-06   105.86980 41598.639 -182006.8798
 [3,]    3 1e-06 1.000000e+01 24350.95418  2416.099    2323.8995
 [4,]    4 1e-06 3.267349e+00  8216.74741  2416.074    2468.6639
 [5,]    5 1e-06 1.067313e+00  2736.19137  2415.985    2511.7853
 [6,]    6 1e-06 3.487570e-01   929.23843  2415.700    2512.0899
 [7,]    7 1e-06 1.140879e-01   342.68114  2414.824    2470.0511
 [8,]    8 1e-06 3.743216e-02   156.81350  2412.153    2328.1325
 [9,]    9 1e-06 1.237249e-02   101.96505  2403.897    1895.7934
[10,]   10 1e-06 1.224496e-02   101.72370  2403.760    1889.0614
[11,]   11 1e-06 1.173482e-02   100.76716  2403.172    1860.6692
[12,]   12 1e-06 9.694282e-03    97.10740  2400.031    1717.2049
[13,]   13 1e-06 1.532125e-03    89.85896  5000.611    1118.8187
[14,]   14 1e-06 1.000000e-06   105.86980 41598.639 -182006.8798
[15,]   15 1e-06 1.018816e-03    89.20734  6644.957    1059.7786
[16,]   16 1e-06 5.099078e-04    88.61103  9607.081    1617.1882
[17,]   17 1e-06 2.725029e-04    88.13689 11052.176    2496.9570
[18,]   18 1e-06 2.577153e-04    88.09951 11010.664    2561.8927
[19,]   19 1e-06 2.477980e-04    88.07380 10959.881    2602.3486
[20,]   20 1e-06 1.243990e-04    87.72420  7306.754   -2362.3467
[21,]   21 1e-06 1.000000e+01 24350.95418  2416.099    2323.8995
[22,]   22 1e-06 1.360646e+00  3472.29385  2416.014    2506.9742
[23,]   23 1e-06 1.849094e-01   518.66194  2415.323    2495.3556
[24,]   24 1e-06 2.657133e-02   131.94716  2410.528    2241.0134
[25,]   25 1e-06 4.882895e-03    90.36074  2373.393     903.9806
[26,]   26 1e-06 1.383394e-03    89.66706  5663.382    1358.2519
[27,]   27 1e-06 3.382521e-04    88.29013 10901.433    2200.9973
[28,]   28 1e-06 1.511599e-04    87.80012  8774.354    1661.3733
[29,]   29 1e-06 1.274099e-04    87.73233  7495.257   -1548.8523
[30,]   30 1e-06 1.246700e-04    87.72492  7323.956   -2281.7094
[31,]   31 1e-06 1.244223e-04    87.72426  7308.233   -2355.3530
[32,]   32 1e-06 1.244010e-04    87.72420  7306.880   -2361.7483
[33,]   33 1e-06 1.243992e-04    87.72420  7306.765   -2362.2956
[34,]   34 1e-06 1.243990e-04    87.72420  7306.755   -2362.3423
[35,]   35 1e-06 1.243990e-04    87.72420  7306.754   -2362.3463
[36,]   36 1e-06 1.243990e-04    87.72420  7306.754   -2362.3467
[37,]   37 1e-06 1.243990e-04    87.72420  7306.754   -2362.3467
[38,]   38 1e-06 1.243990e-04    87.72420  7306.754   -2362.3467
[39,]   39 1e-06 1.243990e-04    87.72420  7306.754   -2362.3467
[40,]   40 1e-06 1.243990e-04    87.72420  7306.754   -2362.3467

