[22;0t]0;IPython: scripts/01_msprime_simulations$par
[1] 0.0006805499 6.7828953529

$value
[1] -63081.29

$counts
function gradient 
      53       53 

$convergence
[1] 0

$message
[1] "CONVERGENCE: REL_REDUCTION_OF_F <= FACTR*EPSMCH"

$loginfo
      step         par1      par2        fn           gr1           gr2
 [1,]    1 0.1000000000  0.010000 161956.73   91364.46870 -4.301494e+06
 [2,]    2 0.0000010000 10.000000  65579.63 -635117.54895  8.722483e+02
 [3,]    3 1.3973795304 10.000000  71238.71    2806.47923 -1.906858e+02
 [4,]    4 0.4609392397 10.000000  67758.11    4865.36101  3.103309e+02
 [5,]    5 0.1519705827 10.000000  66139.61    5501.62674  5.300870e+02
 [6,]    6 0.0502925665 10.000000  65593.76    4970.46610  6.390977e+02
 [7,]    7 0.0168156762 10.000000  65447.51    3137.17646  6.912026e+02
 [8,]    8 0.0167325728  9.998395  65446.14    3126.97101  6.918169e+02
 [9,]    9 0.0164001591  9.991976  65440.66    3084.86979  6.943102e+02
[10,]   10 0.0150705043  9.966299  65418.73    2894.72047  7.042200e+02
[11,]   11 0.0097518851  9.863589  65331.50    1651.18646  7.547754e+02
[12,]   12 0.0000010000  9.675288  65283.08 -592109.05526  9.330465e+02
[13,]   13 0.0094838497  9.858413  65327.15    1557.08510  7.580798e+02
[14,]   14 0.0031554233  9.736204  65230.03   -3495.48897  8.808598e+02
[15,]   15 0.0000010000  9.672085  65280.09 -591798.29651  9.351062e+02
[16,]   16 0.0017667493  9.707977  65211.96   -7929.76629  9.255453e+02
[17,]   17 0.0000010000  9.662118  65270.74 -590332.27736  9.418670e+02
[18,]   18 0.0010784792  9.690101  65202.37  -13842.40721  9.440456e+02
[19,]   19 0.0000010000  9.639834  65249.58 -584508.70119  9.571116e+02
[20,]   20 0.0006506270  9.670141  65191.18  -23926.63888  9.439856e+02
[21,]   21 0.0000010000  9.576738  65188.24 -557347.55014  9.787761e+02
[22,]   22 0.0005131839  9.650380  65176.25  -31135.66072  9.412548e+02
[23,]   23 0.0002570920  9.613559  65152.76  -64213.55483  9.332605e+02
[24,]   24 0.0000010000  9.252428  64866.20 -525762.91655  9.810606e+02
[25,]   25 0.0000010000  7.541153  63259.54 -175813.70221  4.939239e+02
[26,]   26 0.0000010000  6.681408  63112.89 -224503.06906 -8.886623e+01
[27,]   27 0.0001950410  6.796294  63083.85  -20120.64120  1.051415e+01
[28,]   28 0.0002164318  6.779434  63083.43  -16767.47402 -1.681736e+00
[29,]   29 0.0002706605  6.767259  63082.83  -11326.42468 -1.076023e+01
[30,]   30 0.0003673604  6.771988  63082.03   -6083.97866 -6.764331e+00
[31,]   31 0.0004797071  6.779830  63081.54   -2900.58148 -1.518711e+00
[32,]   32 0.0005803650  6.783137  63081.35   -1198.08384  2.035390e-01
[33,]   33 0.0006541866  6.779794  63081.30    -312.27273 -1.370753e+00
[34,]   34 0.0006805499  6.782895  63081.29     -43.15933  3.209545e-02
[35,]   35 0.0006841858  6.782938  63081.29      -8.16424  5.106704e-02
[36,]   36 0.0006810890  6.782902  63081.29     -37.94449  3.495996e-02
[37,]   37 0.0006806406  6.782896  63081.29     -42.28137  3.258523e-02
[38,]   38 0.0006805654  6.782896  63081.29     -43.00869  3.217941e-02
[39,]   39 0.0006805526  6.782895  63081.29     -43.13340  3.213925e-02
[40,]   40 0.0006805503  6.782895  63081.29     -43.15501  3.209618e-02
[41,]   41 0.0006805499  6.782895  63081.29     -43.15872  3.210745e-02
[42,]   42 0.0006805499  6.782895  63081.29     -43.15929  3.212630e-02
[43,]   43 0.0006805499  6.782895  63081.29     -43.15933  3.209778e-02
[44,]   44 0.0006805499  6.782895  63081.29     -43.15933  3.209771e-02
[45,]   45 0.0006805499  6.782895  63081.29     -43.15931  3.211997e-02
[46,]   46 0.0006805499  6.782895  63081.29     -43.15931  3.211917e-02
[47,]   47 0.0006805499  6.782895  63081.29     -43.15931  3.211906e-02
[48,]   48 0.0006805499  6.782895  63081.29     -43.15929  3.211586e-02
[49,]   49 0.0006805499  6.782895  63081.29     -43.15931  3.211913e-02
[50,]   50 0.0006805499  6.782895  63081.29     -43.15931  3.211913e-02
[51,]   51 0.0006805499  6.782895  63081.29     -43.15930  3.211342e-02
[52,]   52 0.0006805499  6.782895  63081.29     -43.15931  3.211841e-02
[53,]   53 0.0006805499  6.782895  63081.29     -43.15931  3.211913e-02

