[22;0t]0;IPython: scripts/01_msprime_simulations$par
[1] 0.097330428 0.004641444

$value
[1] -2934.687

$counts
function gradient 
      28       28 

$convergence
[1] 0

$message
[1] "CONVERGENCE: REL_REDUCTION_OF_F <= FACTR*EPSMCH"

$loginfo
      step       par1         par2       fn           gr1           gr2
 [1,]    1 0.10000000 0.0100000000 3041.124  1.236782e+02  2.672971e+04
 [2,]    2 0.00000100 0.0000010000 5736.875  1.222940e+05 -2.087700e+07
 [3,]    3 0.06479993 0.0064803101 2956.304 -8.705004e+01  1.837204e+04
 [4,]    4 0.02461657 0.0001230372 4027.499  3.042335e+03 -5.072298e+06
 [5,]    5 0.05093622 0.0042869785 2936.896 -8.796161e+01 -3.647096e+03
 [6,]    6 0.05473892 0.0047054917 2936.402 -1.028733e+02  2.757868e+03
 [7,]    7 0.05472610 0.0045863343 2936.176 -9.497643e+01  1.007842e+03
 [8,]    8 0.05626462 0.0045253493 2936.008 -8.381347e+01 -5.074663e+01
 [9,]    9 0.06207957 0.0044677807 2935.639 -5.814317e+01 -1.389424e+03
[10,]   10 0.07279906 0.0044805245 2935.155 -3.022938e+01 -1.791387e+03
[11,]   11 0.08719369 0.0046171940 2934.741 -1.096191e+01 -1.043062e+02
[12,]   12 0.09323261 0.0046502057 2934.697 -4.486276e+00  2.473101e+02
[13,]   13 0.09630247 0.0046475006 2934.688 -1.177919e+00  1.223305e+02
[14,]   14 0.09713579 0.0046379790 2934.687 -1.241156e-01 -5.320292e+01
[15,]   15 0.09733043 0.0046414441 2934.687 -2.498605e-02 -1.730348e+00
[16,]   16 0.09735949 0.0046415991 2934.687 -1.185458e-03  6.399052e-02
[17,]   17 0.09733249 0.0046414551 2934.687 -2.329767e-02 -1.603143e+00
[18,]   18 0.09733058 0.0046414450 2934.687 -2.485745e-02 -1.720653e+00
[19,]   19 0.09733044 0.0046414442 2934.687 -2.497626e-02 -1.729604e+00
[20,]   20 0.09733043 0.0046414441 2934.687 -2.498536e-02 -1.730290e+00
[21,]   21 0.09733043 0.0046414441 2934.687 -2.498592e-02 -1.730341e+00
[22,]   22 0.09733043 0.0046414441 2934.687 -2.498603e-02 -1.730341e+00
[23,]   23 0.09733043 0.0046414441 2934.687 -2.498557e-02 -1.730315e+00
[24,]   24 0.09733043 0.0046414441 2934.687 -2.498606e-02 -1.730340e+00
[25,]   25 0.09733043 0.0046414441 2934.687 -2.498602e-02 -1.730341e+00
[26,]   26 0.09733043 0.0046414441 2934.687 -2.498602e-02 -1.730341e+00
[27,]   27 0.09733043 0.0046414441 2934.687 -2.498591e-02 -1.730340e+00
[28,]   28 0.09733043 0.0046414441 2934.687 -2.498602e-02 -1.730341e+00

