[22;0t]0;IPython: scripts/01_msprime_simulations$par
[1] 1.26509053 0.00096443

$value
[1] -766.0311

$counts
function gradient 
      46       46 

$convergence
[1] 0

$message
[1] "CONVERGENCE: REL_REDUCTION_OF_F <= FACTR*EPSMCH"

$loginfo
      step        par1         par2        fn           gr1           gr2
 [1,]    1 0.100000000 0.0100000000  997.4889  1.551028e+03  5.923473e+03
 [2,]    2 0.000001000 0.0000010000 1199.8189  1.152452e+05 -4.031147e+06
 [3,]    3 0.054108267 0.0054112398  894.3758  8.752290e+02  1.615307e+04
 [4,]    4 0.018856018 0.0018863321  790.2806 -3.529357e+01  3.066334e+04
 [5,]    5 0.007444635 0.0007452965  771.7000 -1.857845e+02 -1.317247e+04
 [6,]    6 0.019854867 0.0069009703  861.1864  2.007787e+03 -3.554688e+01
 [7,]    7 0.008841588 0.0014382074  779.1903 -2.460602e+02  2.314855e+04
 [8,]    8 0.007731188 0.0008874313  770.9755 -2.993100e+02  1.642091e+03
 [9,]    9 0.012605495 0.0009148184  769.8837 -1.867880e+02  1.654187e+03
[10,]   10 0.020292668 0.0009299620  768.8206 -1.082765e+02  9.766532e+02
[11,]   11 0.030881957 0.0009503767  767.9749 -6.323971e+01  1.323927e+03
[12,]   12 0.045088990 0.0009584309  767.3154 -3.508133e+01  1.024943e+03
[13,]   13 0.062528131 0.0009614794  766.8632 -1.925552e+01  6.696431e+02
[14,]   14 0.072166969 0.0004514430  786.6255  8.352174e+00 -1.105457e+05
[15,]   15 0.062837835 0.0009450915  766.8529 -1.863486e+01 -8.985178e+02
[16,]   16 0.083917785 0.0009591443  766.5579 -1.029959e+01  5.647100e+01
[17,]   17 0.109342266 0.0009637533  766.3674 -5.494472e+00  2.711224e+02
[18,]   18 0.138160930 0.0009636009  766.2501 -2.964831e+00  1.275743e+02
[19,]   19 0.171959446 0.0009638530  766.1759 -1.611230e+00  7.482393e+01
[20,]   20 0.212183629 0.0009640266  766.1276 -8.871719e-01  4.370814e+01
[21,]   21 0.255094238 0.0008159218  767.2682 -3.095304e-01 -1.777570e+04
[22,]   22 0.213116486 0.0009608068  766.1260 -8.732919e-01 -2.809339e+02
[23,]   23 0.262113097 0.0009631785  766.0944 -4.879712e-01 -7.403326e+01
[24,]   24 0.324001013 0.0009643279  766.0722 -2.700746e-01  2.103520e+01
[25,]   25 0.400570980 0.0009643893  766.0568 -1.493223e-01  1.356249e+01
[26,]   26 0.495252438 0.0009644205  766.0463 -8.153055e-02  8.113729e+00
[27,]   27 0.609120230 0.0009644418  766.0394 -4.356419e-02  5.286616e+00
[28,]   28 0.668032625 0.0000010000 1328.8121  8.989927e-01 -4.329356e+06
[29,]   29 0.625129216 0.0007026340  770.2364  4.565053e-02 -3.726834e+04
[30,]   30 0.609125149 0.0009643614  766.0394 -4.355950e-02 -2.983440e+00
[31,]   31 0.739776101 0.0009644386  766.0353 -2.255994e-02  2.358134e+00
[32,]   32 0.880125423 0.0009644427  766.0330 -1.132059e-02  1.663222e+00
[33,]   33 1.021488316 0.0009644375  766.0318 -5.475648e-03  7.759869e-01
[34,]   34 1.153919638 0.0009644332  766.0313 -2.498880e-03  3.270187e-01
[35,]   35 1.265090528 0.0009644300  766.0311 -1.015234e-03  1.177732e-01
[36,]   36 1.354658472 0.0010601183  766.5056  2.206867e-03  9.005102e+03
[37,]   37 1.265096880 0.0009644368  766.0311 -1.016601e-03  8.206195e-01
[38,]   38 1.265090530 0.0009644300  766.0311 -1.015277e-03  1.180435e-01
[39,]   39 1.265090528 0.0009644300  766.0311 -1.015268e-03  1.177737e-01
[40,]   40 1.265090528 0.0009644300  766.0311 -1.014898e-03  1.177738e-01
[41,]   41 1.265090529 0.0009644300  766.0311 -1.015659e-03  1.179159e-01
[42,]   42 1.265090528 0.0009644300  766.0311 -1.014908e-03  1.177740e-01
[43,]   43 1.265090528 0.0009644300  766.0311 -1.014861e-03  1.177743e-01
[44,]   44 1.265090528 0.0009644300  766.0311 -1.016774e-03  1.178378e-01
[45,]   45 1.265090528 0.0009644300  766.0311 -1.014850e-03  1.177743e-01
[46,]   46 1.265090528 0.0009644300  766.0311 -1.014861e-03  1.177743e-01

