[22;0t]0;IPython: scripts/01_msprime_simulations$par
[1] 0.10728875 0.01058016

$value
[1] -5772.96

$counts
function gradient 
      20       20 

$convergence
[1] 0

$message
[1] "CONVERGENCE: REL_REDUCTION_OF_F <= FACTR*EPSMCH"

$loginfo
      step       par1        par2        fn           gr1           gr2
 [1,]    1 0.10000000  0.01000000  5773.876  1.341178e+01 -3.395670e+03
 [2,]    2 0.00000100 10.00000000 25690.360  2.416099e+03  2.212074e+03
 [3,]    3 0.08141635  1.86652546  8085.298  2.413047e+03  1.932299e+03
 [4,]    4 0.09562629  0.44693791  6045.352  2.350765e+03  2.384040e+02
 [5,]    5 0.09890449  0.11944282  6297.070  3.269643e+03 -1.343067e+03
 [6,]    6 0.09991036  0.01895543  5879.553  5.396359e+01  1.810991e+04
 [7,]    7 0.09999341  0.01065815  5773.035 -1.321533e+01  7.029939e+02
 [8,]    8 0.09999593  0.01054526  5772.992 -9.081045e+00  5.387762e+01
 [9,]    9 0.09999766  0.01053587  5772.991 -8.726692e+00 -1.148599e+00
[10,]   10 0.09999921  0.01053580  5772.991 -8.721741e+00 -1.606604e+00
[11,]   11 0.10000540  0.01053553  5772.991 -8.701937e+00 -3.438722e+00
[12,]   12 0.10003015  0.01053443  5772.991 -8.622743e+00 -1.076873e+01
[13,]   13 0.10012916  0.01053006  5772.990 -8.306322e+00 -4.011340e+01
[14,]   14 0.10101822  0.01051760  5772.985 -6.492814e+00 -1.467386e+02
[15,]   15 0.10305107  0.01051519  5772.975 -3.450810e+00 -2.357857e+02
[16,]   16 0.10579340  0.01053647  5772.965 -4.595830e-01 -2.070094e+02
[17,]   17 0.10739597  0.01056676  5772.961  5.884541e-01 -8.260678e+01
[18,]   18 0.10746263  0.01057873  5772.960  2.714249e-01 -1.428535e+01
[19,]   19 0.10731836  0.01058030  5772.960  3.318013e-02 -2.154920e-01
[20,]   20 0.10728875  0.01058016  5772.960 -4.039293e-04 -2.749909e-02

