[22;0t]0;IPython: scripts/01_msprime_simulations$par
[1]  0.004630965 10.000000000

$value
[1] -65974.78

$counts
function gradient 
      20       20 

$convergence
[1] 0

$message
[1] "CONVERGENCE: REL_REDUCTION_OF_F <= FACTR*EPSMCH"

$loginfo
      step         par1  par2        fn           gr1           gr2
 [1,]    1 0.1000000000  0.01 140390.51  8.719418e+04 -3623218.5077
 [2,]    2 0.0000010000 10.00  66035.13 -2.626861e+05     -458.4725
 [3,]    3 0.7118679250 10.00  68635.66  3.722593e+03     -428.6417
 [4,]    4 0.2324875165 10.00  66796.57  3.904526e+03     -387.8888
 [5,]    5 0.0761680612 10.00  66196.89  3.665164e+03     -400.5289
 [6,]    6 0.0251595149 10.00  66021.04  3.039151e+03     -421.3738
 [7,]    7 0.0248717721 10.00  66020.17  3.029697e+03     -421.5786
 [8,]    8 0.0237208010 10.00  66016.70  2.989869e+03     -422.4180
 [9,]    9 0.0191169165 10.00  66003.37  2.788776e+03     -426.1487
[10,]   10 0.0007013786 10.00  65988.99 -1.529779e+04     -455.9087
[11,]   11 0.0162774154 10.00  65995.69  2.614671e+03     -428.8156
[12,]   12 0.0000010000 10.00  66035.13 -2.626861e+05     -458.4725
[13,]   13 0.0088050460 10.00  65978.98  1.681857e+03     -437.7580
[14,]   14 0.0000010000 10.00  66035.13 -2.626861e+05     -458.4725
[15,]   15 0.0054910369 10.00  65975.02  5.391323e+02     -443.0708
[16,]   16 0.0000010000 10.00  66035.13 -2.626861e+05     -458.4725
[17,]   17 0.0036808907 10.00  65975.15 -8.575011e+02     -446.6257
[18,]   18 0.0046613304 10.00  65974.78  2.214970e+01     -444.6254
[19,]   19 0.0046257823 10.00  65974.78 -3.780493e+00     -444.6946
[20,]   20 0.0046309651 10.00  65974.78  2.264889e-02     -444.6845

