[22;0t]0;IPython: scripts/01_msprime_simulations$par
[1] 0.008622756 0.056995818

$value
[1] -18092.3

$counts
function gradient 
      30       30 

$convergence
[1] 0

$message
[1] "CONVERGENCE: REL_REDUCTION_OF_F <= FACTR*EPSMCH"

$loginfo
      step        par1        par2       fn           gr1           gr2
 [1,]    1 0.100000000  0.01000000 21562.35  9.194882e+03 -3.306014e+05
 [2,]    2 0.000001000 10.00000000 30751.48  2.416096e+03  1.789525e+03
 [3,]    3 0.066763057  3.33040382 20566.44  2.169884e+03  1.082244e+03
 [4,]    4 0.088899736  1.11892750 18799.06  3.131914e+03  4.990901e+02
 [5,]    5 0.078399743  1.11716866 18765.76  3.038136e+03  5.068721e+02
 [6,]    6 0.036399771  1.11013333 18648.66  2.139686e+03  5.479401e+02
 [7,]    7 0.000001000  1.10140423 19035.03 -1.847323e+06  5.128043e+02
 [8,]    8 0.022737406  1.10685684 18623.58  1.096570e+03  5.561909e+02
 [9,]    9 0.006579763  1.10077278 18636.67 -5.817722e+03  5.452331e+02
[10,]   10 0.016370921  1.10445958 18618.40 -1.096113e+01  5.556023e+02
[11,]   11 0.015232726  1.10182070 18617.12 -3.072159e+02  5.520447e+02
[12,]   12 0.011758774  1.07991375 18608.45 -1.576056e+03  5.193931e+02
[13,]   13 0.008687179  1.01848320 18587.42 -3.671477e+03  4.102801e+02
[14,]   14 0.009860259  0.86832198 18529.30 -3.384075e+03  3.887569e+02
[15,]   15 0.014552578  0.26767709 18253.88  1.648501e+03  5.596358e+02
[16,]   16 0.016643699  0.00000100 63222.03  0.000000e+00 -2.291990e+08
[17,]   17 0.015250802  0.17830019 18203.07  2.213672e+03  6.473639e+02
[18,]   18 0.016178374  0.05956538 18108.09  3.361231e+03 -5.448054e+02
[19,]   19 0.015737372  0.11601631 18149.79  2.507324e+03  1.134122e+03
[20,]   20 0.016178374  0.05956538 18108.09  3.361231e+03 -5.448054e+02
[21,]   21 0.012671736  0.60709968 18396.42 -9.200883e+02  3.860535e+02
[22,]   22 0.015698313  0.13452320 18169.62  2.491908e+03  9.807784e+02
[23,]   23 0.016122003  0.06836732 18107.12  2.779266e+03  2.662333e+02
[24,]   24 0.012511525  0.06308043 18097.26  2.037833e+03  1.161536e+02
[25,]   25 0.003798813  0.05300751 18112.45 -1.254445e+04  5.577740e+02
[26,]   26 0.009183543  0.05923289 18092.52  2.877848e+02  1.226116e+02
[27,]   27 0.008358159  0.05691527 18092.34 -2.857979e+02  2.924109e+01
[28,]   28 0.008654624  0.05689467 18092.30  4.837271e+01 -1.366334e+01
[29,]   29 0.008625800  0.05701098 18092.30  1.419766e+00  1.039651e+00
[30,]   30 0.008622756  0.05699582 18092.30  2.006787e-01  6.363063e-02

