[22;0t]0;IPython: scripts/01_msprime_simulations$par
[1] 0.0004260849 1.5963898757

$value
[1] -32218.94

$counts
function gradient 
      45       45 

$convergence
[1] 0

$message
[1] "CONVERGENCE: REL_REDUCTION_OF_F <= FACTR*EPSMCH"

$loginfo
      step         par1      par2        fn           gr1           gr2
 [1,]    1 0.1000000000  0.010000  76868.84  3.854927e+04 -1.893668e+06
 [2,]    2 0.0000010000 10.000000  40563.99 -1.969060e+05  8.854420e+02
 [3,]    3 1.0080464261 10.000000  43171.95  2.306173e+03  9.572917e+02
 [4,]    4 0.3293100580 10.000000  41509.70  2.674748e+03  9.593274e+02
 [5,]    5 0.1073757914 10.000000  40873.65  3.133077e+03  9.389650e+02
 [6,]    6 0.0350476796 10.000000  40638.39  3.366260e+03  9.324224e+02
 [7,]    7 0.0115337530 10.000000  40560.47  3.161822e+03  9.137780e+02
 [8,]    8 0.0113521736  9.995189  40555.51  3.149081e+03  9.132669e+02
 [9,]    9 0.0106258560  9.975946  40535.69  3.093507e+03  9.111141e+02
[10,]   10 0.0077205856  9.898973  40457.36  2.771714e+03  9.012428e+02
[11,]   11 0.0000010000  9.694447  40300.87 -2.303187e+05  0.000000e+00
[12,]   12 0.0069200064  9.877762  40436.10  2.640674e+03  8.981922e+02
[13,]   13 0.0020794757  9.749515  40313.49  2.022662e+02  8.720487e+02
[14,]   14 0.0000010000  9.701256  40306.57 -2.295252e+05  8.371794e+02
[15,]   15 0.0018951028  9.745234  40309.75 -8.741868e+01  8.703177e+02
[16,]   16 0.0009480514  9.723245  40291.94 -3.154019e+03  8.593605e+02
[17,]   17 0.0000010000  9.682856  40291.19 -2.316732e+05  8.340875e+02
[18,]   18 0.0008098880  9.717353  40287.38 -4.214066e+03  8.572994e+02
[19,]   19 0.0004054440  9.700104  40275.45 -1.160039e+04  8.508383e+02
[20,]   20 0.0000010000  9.595256  40218.77 -2.424100e+05  8.193094e+02
[21,]   21 0.0003955673  7.091788  37130.46 -9.746985e+03  1.260163e+03
[22,]   22 0.0015132917  0.000001 262751.93  0.000000e+00 -9.744921e+08
[23,]   23 0.0007787888  4.660307  34651.81 -2.952001e+03  1.043704e+03
[24,]   24 0.0012635607  1.584505  32224.21  9.241662e+03 -9.200536e-01
[25,]   25 0.0012451140  1.602057  32224.30  9.479591e+03  3.285034e+01
[26,]   26 0.0012570617  1.590689  32224.18  9.338440e+03  1.031585e+01
[27,]   27 0.0011597758  1.591251  32223.29  8.943764e+03  9.078045e+00
[28,]   28 0.0007706318  1.593500  32220.26  6.309967e+03  2.425855e+00
[29,]   29 0.0000010000  1.603339  32249.36 -2.629068e+05  2.917535e+01
[30,]   30 0.0005406126  1.596440  32219.13  2.945795e+03  3.061497e+00
[31,]   31 0.0003419892  1.597043  32219.07 -3.958726e+03 -9.152535e-01
[32,]   32 0.0004559898  1.596697  32218.96  7.768061e+02  1.346719e+00
[33,]   33 0.0004260849  1.596390  32218.94 -2.189293e+02 -7.804185e-01
[34,]   34 0.0004323963  1.596626  32218.94  8.817716e+00  3.258581e-01
[35,]   35 0.0004270589  1.596426  32218.94 -1.833158e+02 -6.095394e-01
[36,]   36 0.0004262629  1.596397  32218.94 -2.124067e+02 -7.491903e-01
[37,]   37 0.0004261184  1.596391  32218.94 -2.177009e+02 -7.745325e-01
[38,]   38 0.0004260912  1.596390  32218.94 -2.186967e+02 -7.793021e-01
[39,]   39 0.0004260861  1.596390  32218.94 -2.188852e+02 -7.802093e-01
[40,]   40 0.0004260851  1.596390  32218.94 -2.189209e+02 -7.803792e-01
[41,]   41 0.0004260849  1.596390  32218.94 -2.189277e+02 -7.804113e-01
[42,]   42 0.0004260849  1.596390  32218.94 -2.189290e+02 -7.804180e-01
[43,]   43 0.0004260849  1.596390  32218.94 -2.189292e+02 -7.804186e-01
[44,]   44 0.0004260849  1.596390  32218.94 -2.189292e+02 -7.804178e-01
[45,]   45 0.0004260849  1.596390  32218.94 -2.189292e+02 -7.804186e-01

