[22;0t]0;IPython: scripts/01_msprime_simulations$par
[1] 1.000000e-06 4.736345e-05

$value
[1] -119.4763

$counts
function gradient 
      53       53 

$convergence
[1] 0

$message
[1] "CONVERGENCE: REL_REDUCTION_OF_F <= FACTR*EPSMCH"

$loginfo
      step  par1         par2         fn       gr1          gr2
 [1,]    1 1e-01 1.000000e-02   359.4595  2210.321    2879.8235
 [2,]    2 1e-06 1.000000e-06   149.6394 55508.742 -302144.4112
 [3,]    3 1e-06 1.000000e+01 24356.1107  2416.088    2323.4690
 [4,]    4 1e-06 3.293303e+00  8290.6237  2415.994    2466.8682
 [5,]    5 1e-06 1.084477e+00  2793.6291  2415.575    2507.8061
 [6,]    6 1e-06 3.572193e-01   969.2913  2414.124    2501.2167
 [7,]    7 1e-06 1.177751e-01   375.0324  2409.624    2438.1690
 [8,]    8 1e-06 3.892367e-02   187.9631  2395.990    2233.4907
 [9,]    9 1e-06 1.293879e-02   135.1241  2355.015    1614.8987
[10,]   10 1e-06 1.287001e-02   135.0132  2354.684    1609.9433
[11,]   11 1e-06 1.259488e-02   134.5730  2353.326    1589.5805
[12,]   12 1e-06 1.149436e-02   132.8723  2347.225    1498.3777
[13,]   13 1e-06 7.092306e-03   127.4745  2302.645     850.4150
[14,]   14 1e-06 5.886539e-04   122.4734 12458.517    3972.4842
[15,]   15 1e-06 1.000000e-06   149.6394 55508.742 -302144.4112
[16,]   16 1e-06 5.886539e-04   122.4734 12458.517    3972.4842
[17,]   17 1e-06 1.000000e-06   149.6394 55508.742 -302144.4112
[18,]   18 1e-06 4.252825e-04   121.7365 13473.462    5226.6714
[19,]   19 1e-06 2.131413e-04   120.3656  9947.412    7853.6482
[20,]   20 1e-06 2.066523e-04   120.3133  9618.185    7895.6007
[21,]   21 1e-06 2.009278e-04   120.2665  9312.695    7917.3236
[22,]   22 1e-06 1.009639e-04   119.4247  2827.649    8421.0471
[23,]   23 1e-06 1.002832e-04   119.4199  2797.388    8413.2528
[24,]   24 1e-06 3.475628e-05   119.7601 14709.282    -613.3435
[25,]   25 1e-06 1.000000e+01 24356.1107  2416.088    2323.4690
[26,]   26 1e-06 5.171142e-01  1369.8753  2414.802    2508.0992
[27,]   27 1e-06 2.768157e-02   163.4767  2387.722    2108.5308
[28,]   28 1e-06 2.356430e-03   126.1308  5898.182    2291.2648
[29,]   29 1e-06 1.377355e-04   119.7246  5157.508    4396.6307
[30,]   30 1e-06 4.736345e-05   119.4763  6876.679    3322.9777
[31,]   31 1e-06 3.904272e-05   119.6474 11206.065     885.7754
[32,]   32 1e-06 4.715880e-05   119.4800  6952.229    3268.0142
[33,]   33 1e-06 4.736345e-05   119.4763  6876.679    3322.9777
[34,]   34 1e-06 3.672068e-05   119.7045 12984.763     113.4160
[35,]   35 1e-06 4.710870e-05   119.4809  6970.911    3254.5140
[36,]   36 1e-06 4.735669e-05   119.4764  6879.156    3321.1664
[37,]   37 1e-06 4.736327e-05   119.4763  6876.745    3322.9295
[38,]   38 1e-06 4.736345e-05   119.4763  6876.681    3322.9764
[39,]   39 1e-06 4.736345e-05   119.4763  6876.679    3322.9776
[40,]   40 1e-06 4.736345e-05   119.4763  6876.679    3322.9777
[41,]   41 1e-06 4.736345e-05   119.4763  6876.679    3322.9777
[42,]   42 1e-06 4.736345e-05   119.4763  6876.679    3322.9777
[43,]   43 1e-06 4.736345e-05   119.4763  6876.679    3322.9777
[44,]   44 1e-06 4.736345e-05   119.4763  6876.679    3322.9777
[45,]   45 1e-06 4.736345e-05   119.4763  6876.679    3322.9777
[46,]   46 1e-06 4.736345e-05   119.4763  6876.679    3322.9777
[47,]   47 1e-06 4.736345e-05   119.4763  6876.679    3322.9777
[48,]   48 1e-06 4.736345e-05   119.4763  6876.679    3322.9777
[49,]   49 1e-06 4.736345e-05   119.4763  6876.679    3322.9777
[50,]   50 1e-06 4.736345e-05   119.4763  6876.679    3322.9777
[51,]   51 1e-06 4.736345e-05   119.4763  6876.679    3322.9777
[52,]   52 1e-06 4.736345e-05   119.4763  6876.679    3322.9777

