[22;0t]0;IPython: scripts/01_msprime_simulations$par
[1] 0.0003622589 0.0044388125

$value
[1] -2175.045

$counts
function gradient 
      74       74 

$convergence
[1] 52

$message
[1] "ERROR: ABNORMAL_TERMINATION_IN_LNSRCH"

$loginfo
      step         par1         par2        fn           gr1           gr2
 [1,]    1 1.000000e-01  0.010000000  2335.346    1037.46216  5.823469e+03
 [2,]    2 1.000000e-06  0.000001000  4475.422  116951.99733 -1.621557e+07
 [3,]    3 6.540541e-02  0.006540853  2290.727     841.31046  2.340633e+01
 [4,]    4 1.000000e-06  0.004386763  2199.267 -203980.30801  2.760430e+03
 [5,]    5 6.513640e-02  0.006531993  2290.501     841.64321 -1.938348e+01
 [6,]    6 3.256870e-02  0.005459378  2264.054    1046.14879 -5.693535e+03
 [7,]    7 1.067134e-02  0.004738190  2234.538    3058.02379 -7.930067e+03
 [8,]    8 3.469397e-03  0.004500994  2202.172    7381.70555 -6.263418e+03
 [9,]    9 1.000000e-06  0.004386763  2199.267 -203980.30801  2.760430e+03
[10,]   10 6.513627e-02  0.006522260  2290.501     840.83383 -4.192091e+01
[11,]   11 2.146232e-02  0.005090385  2253.258    1408.00257 -7.537578e+03
[12,]   12 7.002143e-03  0.004616300  2221.698    4573.25230 -7.723801e+03
[13,]   13 2.287324e-03  0.004461721  2192.682    9136.52445 -5.017947e+03
[14,]   14 2.225768e-03  0.005412359  2188.976    7956.18946 -2.066747e+03
[15,]   15 2.081267e-03  0.006186253  2186.808    7306.09995 -8.319627e+02
[16,]   16 1.731710e-03  0.007378644  2183.984    6543.54623 -2.710730e+01
[17,]   17 9.221950e-04  0.009493771  2179.873    3479.69805  1.901273e+02
[18,]   18 2.509537e-04  0.011142410  2181.922  -17947.12448  4.697702e+02
[19,]   19 6.798022e-04  0.010089113  2179.431     862.40261  2.598170e+02
[20,]   20 6.532044e-04  0.009870227  2179.353     533.84732  2.711010e+02
[21,]   21 5.468132e-04  0.008994680  2178.988    -754.78775  6.477717e+02
[22,]   22 1.212484e-04  0.005492495  2180.119  -63986.70702  2.003670e+03
[23,]   23 3.506964e-04  0.007380738  2177.891   -6197.57041  1.001197e+03
[24,]   24 1.000000e-06  0.003712916  2198.960 -201766.92232 -4.656517e+03
[25,]   25 2.825257e-04  0.006665723  2177.813  -11094.78167  6.749098e+02
[26,]   26 3.154325e-04  0.007010870  2177.783   -8375.91349  8.279413e+02
[27,]   27 5.734408e-04  0.003704241  2177.889   10231.24767 -4.821452e+03
[28,]   28 4.580096e-04  0.005183605  2175.661    1148.29420  1.190297e+03
[29,]   29 6.858523e-04  0.000001000  4537.193   64663.44822 -1.628881e+07
[30,]   30 5.318478e-04  0.003504051  2178.552   10574.21196 -6.267698e+03
[31,]   31 4.773355e-04  0.004744010  2175.343    3337.03914  3.418420e+02
[32,]   32 4.602020e-04  0.004598709  2175.254    3361.94389  1.307853e+01
[33,]   33 3.886166e-04  0.004412299  2175.076    1301.22104 -2.450307e+02
[34,]   34 3.622589e-04  0.004438812  2175.045    -229.97460 -3.195738e+01
[35,]   35 3.685024e-04  0.004459208  2175.048      24.72581  8.799130e-01
[36,]   36 3.628736e-04  0.004440820  2175.045    -204.38211 -2.871157e+01
[37,]   37 3.623252e-04  0.004439029  2175.045    -227.21020 -3.160734e+01
[38,]   38 3.622661e-04  0.004438836  2175.045    -229.67371 -3.191929e+01
[39,]   39 3.622597e-04  0.004438815  2175.045    -229.94182 -3.195323e+01
[40,]   40 3.622590e-04  0.004438813  2175.045    -229.97103 -3.195693e+01
[41,]   41 3.622589e-04  0.004438812  2175.045    -229.97421 -3.195733e+01
[42,]   42 3.622589e-04  0.004438812  2175.045    -229.97455 -3.195738e+01
[43,]   43 3.622589e-04  0.004438812  2175.045    -229.97459 -3.195738e+01
[44,]   44 3.622589e-04  0.004438812  2175.045    -229.97460 -3.195738e+01
[45,]   45 3.622589e-04  0.004438812  2175.045    -229.97460 -3.195738e+01
[46,]   46 3.622589e-04  0.004438812  2175.045    -229.97460 -3.195738e+01
[47,]   47 3.622589e-04  0.004438812  2175.045    -229.97460 -3.195738e+01
[48,]   48 3.622589e-04  0.004438812  2175.045    -229.97460 -3.195738e+01
[49,]   49 3.622589e-04  0.004438812  2175.045    -229.97460 -3.195738e+01
[50,]   50 3.622589e-04  0.004438812  2175.045    -229.97460 -3.195738e+01
[51,]   51 1.000000e+01 10.000000000 47760.198    2175.72939  2.291312e+03
[52,]   52 1.362978e-01  0.140318984  2663.837    2571.42364  6.829900e+02
[53,]   53 2.600588e-03  0.006676229  2189.986    6516.00937 -8.489591e+02
[54,]   54 3.820968e-04  0.004458642  2175.060     752.41455 -6.578547e+01
[55,]   55 3.635841e-04  0.004440137  2175.045    -160.21981 -3.431281e+01
[56,]   56 3.623692e-04  0.004438923  2175.045    -224.14450 -3.215398e+01
[57,]   57 3.622683e-04  0.004438822  2175.045    -229.48108 -3.197402e+01
[58,]   58 3.622597e-04  0.004438813  2175.045    -229.93278 -3.195879e+01
[59,]   59 3.622590e-04  0.004438813  2175.045    -229.97105 -3.195750e+01
[60,]   60 3.622589e-04  0.004438812  2175.045    -229.97430 -3.195739e+01
[61,]   61 3.622589e-04  0.004438812  2175.045    -229.97457 -3.195738e+01
[62,]   62 3.622589e-04  0.004438812  2175.045    -229.97459 -3.195738e+01
[63,]   63 3.622589e-04  0.004438812  2175.045    -229.97460 -3.195738e+01
[64,]   64 3.622589e-04  0.004438812  2175.045    -229.97460 -3.195738e+01
[65,]   65 3.622589e-04  0.004438812  2175.045    -229.97460 -3.195738e+01
[66,]   66 3.622589e-04  0.004438812  2175.045    -229.97460 -3.195738e+01
[67,]   67 3.622589e-04  0.004438812  2175.045    -229.97460 -3.195738e+01
[68,]   68 3.622589e-04  0.004438812  2175.045    -229.97460 -3.195738e+01

