[22;0t]0;IPython: scripts/01_msprime_simulations$par
[1] 0.006189125 0.131043401

$value
[1] -26375.95

$counts
function gradient 
      39       39 

$convergence
[1] 0

$message
[1] "CONVERGENCE: REL_REDUCTION_OF_F <= FACTR*EPSMCH"

$loginfo
      step        par1        par2        fn           gr1           gr2
 [1,]    1 0.100000000  0.01000000  35499.98  1.960602e+04 -6.707408e+05
 [2,]    2 0.000001000 10.00000000  35569.49 -8.989823e+04  1.398569e+03
 [3,]    3 0.066610550  3.34563946  28260.70  2.102550e+03  6.582319e+02
 [4,]    4 0.056119948  3.34220031  28237.28  1.921452e+03  6.578647e+02
 [5,]    5 0.014157541  3.32844370  28186.40 -1.226997e+03  6.593292e+02
 [6,]    6 0.030082558  3.32942489  28188.96  9.557494e+02  6.565974e+02
 [7,]    7 0.020178323  3.32881466  28183.30 -1.693275e+01  6.580135e+02
 [8,]    8 0.020056144  3.32448382  28180.46 -3.368877e+01  6.573308e+02
 [9,]    9 0.019567425  3.30716047  28169.13 -1.026926e+02  6.548134e+02
[10,]   10 0.017612550  3.23786705  28124.53 -4.188574e+02  6.470625e+02
[11,]   11 0.009793051  2.96069336  27954.57 -3.162760e+03  7.030780e+02
[12,]   12 0.000001000  2.61359969  28152.02 -2.086900e+06  6.947211e+02
[13,]   13 0.005299934  2.80142821  27859.67 -8.870808e+03  7.701573e+02
[14,]   14 0.000001000  1.98990856  27687.42 -2.309259e+06  6.707292e+02
[15,]   15 0.005050328  2.76320158  27832.48 -9.720390e+03  7.740364e+02
[16,]   16 0.002525664  2.37655507  27564.77 -2.501888e+04  7.933326e+02
[17,]   17 0.001706308  0.00000100 108830.30  1.189209e+05 -4.028873e+08
[18,]   18 0.002247973  1.57110946  26998.43 -2.968232e+04  4.233551e+02
[19,]   19 0.012894447  0.53754334  26524.85  1.814575e+03  3.309062e+02
[20,]   20 0.014263344  0.00000100 110054.17  8.092381e+04 -4.029286e+08
[21,]   21 0.013351287  0.35815017  26492.47  3.511340e+03  2.425254e+02
[22,]   22 0.012720043  0.00000100 109926.89  8.407740e+04 -4.029238e+08
[23,]   23 0.013140826  0.23874074  26441.92  4.927983e+03  4.632008e+02
[24,]   24 0.012930434  0.11937087  26409.32  6.950221e+03 -4.619898e+02
[25,]   25 0.013033102  0.17762159  26417.79  5.609906e+03  3.800224e+02
[26,]   26 0.012959391  0.13580022  26405.19  6.524114e+03 -3.942952e+01
[27,]   27 0.011392758  0.14108641  26395.70  5.828827e+03  1.259410e+02
[28,]   28 0.000001000  0.09091478  27018.61 -3.427018e+06  7.732870e+01
[29,]   29 0.007362237  0.12333517  26378.13  2.683841e+03 -1.120602e+02
[30,]   30 0.004233813  0.12758210  26381.89 -7.144740e+03  6.065002e+01
[31,]   31 0.006146260  0.12498590  26376.15  1.771771e+02 -4.257590e+01
[32,]   32 0.006100843  0.12745953  26376.04 -6.986091e+01 -4.020328e+01
[33,]   33 0.006133871  0.17147604  26393.28 -1.624918e+03  6.281425e+02
[34,]   34 0.006101917  0.12889078  26375.99 -1.320900e+02 -2.867242e+01
[35,]   35 0.006159090  0.13277055  26375.99 -1.335410e+02  3.640666e+01
[36,]   36 0.006128825  0.13071676  26375.96 -1.371552e+02 -3.625890e+00
[37,]   37 0.006174923  0.13113778  26375.95 -3.823964e+01  2.258944e+00
[38,]   38 0.006188027  0.13105545  26375.95 -3.129076e+00  2.620903e-01
[39,]   39 0.006189125  0.13104340  26375.95 -1.002873e-02  7.247581e-04

