[22;0t]0;IPython: scripts/01_msprime_simulations$par
[1] 0.002686473 1.018290283

$value
[1] -17355.04

$counts
function gradient 
      24       24 

$convergence
[1] 0

$message
[1] "CONVERGENCE: REL_REDUCTION_OF_F <= FACTR*EPSMCH"

$loginfo
      step        par1      par2       fn           gr1           gr2
 [1,]    1 0.100000000  0.010000 20018.87  6.991506e+03 -2.810058e+05
 [2,]    2 0.000001000 10.000000 30141.72  2.416088e+03  1.840434e+03
 [3,]    3 0.066798904  3.326823 19381.44  2.418811e+03  1.263547e+03
 [4,]    4 0.088909997  1.117902 17667.14  3.683985e+03  2.211047e+02
 [5,]    5 0.074396101  1.117006 17613.35  3.697915e+03  2.342072e+02
 [6,]    6 0.016340516  1.113420 17403.55  3.211263e+03  2.632760e+02
 [7,]    7 0.000001000  1.111232 17435.03 -4.048758e+05  2.682916e+02
 [8,]    8 0.008367685  1.112352 17379.73  2.558601e+03  2.775306e+02
 [9,]    9 0.000001000  1.109850 17434.66 -4.055633e+05  2.648265e+02
[10,]   10 0.005030136  1.111354 17372.06  1.730790e+03  2.931826e+02
[11,]   11 0.000001000  1.108264 17434.24 -4.063474e+05  2.607499e+02
[12,]   12 0.003241968  1.110256 17369.51  5.867318e+02  3.014437e+02
[13,]   13 0.002018177  1.107863 17369.09 -1.404934e+03  3.001317e+02
[14,]   14 0.002521216  1.107373 17368.52 -3.396345e+02  2.967162e+02
[15,]   15 0.002808423  1.104366 17367.62  1.069407e+02  2.866344e+02
[16,]   16 0.004090545  1.078707 17362.36  1.361843e+03  2.040666e+02
[17,]   17 0.004850481  1.047988 17358.85  1.780997e+03  1.021541e+02
[18,]   18 0.004364256  1.028477 17356.70  1.521914e+03  3.616839e+01
[19,]   19 0.002820785  1.012628 17355.10  1.741407e+02 -1.864169e+01
[20,]   20 0.002665924  1.016923 17355.04 -3.304781e+01 -4.628115e+00
[21,]   21 0.002706830  1.018580 17355.04  2.845089e+01  1.043714e+00
[22,]   22 0.002686245  1.018293 17355.04 -1.553795e+00  4.438874e-02
[23,]   23 0.002687402  1.018278 17355.04  1.050932e-01 -6.696573e-03
[24,]   24 0.002686473  1.018290 17355.04 -1.226719e+00  3.432058e-02

