[22;0t]0;IPython: scripts/01_msprime_simulations$par
[1] 0.04467072 0.10602284

$value
[1] -30146.74

$counts
function gradient 
      34       34 

$convergence
[1] 0

$message
[1] "CONVERGENCE: REL_REDUCTION_OF_F <= FACTR*EPSMCH"

$loginfo
      step        par1        par2        fn           gr1           gr2
 [1,]    1 0.100000000  0.01000000  39962.65  2.207868e+04 -7.694645e+05
 [2,]    2 0.000001000 10.00000000  37079.82  2.416048e+03  1.261178e+03
 [3,]    3 0.066665219  3.34017794  31728.48  7.746112e+02  2.703648e+02
 [4,]    4 0.063296127  3.33894853  31725.71  6.749534e+02  2.685829e+02
 [5,]    5 0.037371546  3.32739267  31719.31 -6.171639e+02  2.486502e+02
 [6,]    6 0.047488030  3.33013510  31717.32  3.782043e+01  2.579922e+02
 [7,]    7 0.045855323  3.32791521  31716.76 -5.147100e+01  2.566170e+02
 [8,]    8 0.040626150  3.31431381  31714.41 -3.873800e+02  2.516522e+02
 [9,]    9 0.036857040  3.28791484  31709.86 -7.013048e+02  2.469470e+02
[10,]   10 0.026830808  3.13311271  31686.40 -2.068208e+03  2.307202e+02
[11,]   11 0.020195577  2.76890453  31604.86 -3.808550e+03  3.342197e+02
[12,]   12 0.000001000  1.66042305  31963.91 -2.395061e+06  4.905691e+02
[13,]   13 0.011254911  2.27815086  31484.69 -9.154428e+03  3.601695e+02
[14,]   14 0.004100174  1.88542694  31464.32 -2.774432e+04  3.395706e+02
[15,]   15 0.008338608  0.00000100 123792.46  1.042518e+05 -4.556965e+08
[16,]   16 0.005521459  1.25318193  31211.25 -2.215487e+04  3.635698e+02
[17,]   17 0.006930034  0.62659146  30937.34 -1.867236e+04  6.212415e+02
[18,]   18 0.007868777  0.20900057  30552.75 -2.308941e+04  1.609058e+03
[19,]   19 0.008181690  0.06980433  30340.68 -1.919713e+04 -2.125864e+03
[20,]   20 0.067280207  1.80845904  31262.69  1.552502e+03  2.958352e+02
[21,]   21 0.023192801  0.51142520  30745.78 -1.920163e+03  6.949645e+02
[22,]   22 0.011451534  0.16600181  30405.92 -1.547207e+04  2.023316e+03
[23,]   23 0.009091351  0.09656619  30321.59 -2.115133e+04  1.140041e+03
[24,]   24 0.067099425  0.12782561  30173.29  6.754415e+02  1.505065e+03
[25,]   25 0.063382155  0.11387439  30157.07  8.153498e+02  3.248456e+02
[26,]   26 0.059281116  0.10698022  30153.94  8.868045e+02 -4.542315e+02
[27,]   27 0.055390838  0.10597487  30151.20  7.509297e+02 -4.506148e+02
[28,]   28 0.037178284  0.10422457  30149.48 -8.275162e+02  1.174707e+02
[29,]   29 0.046933554  0.10516209  30147.11  2.370527e+02 -2.097061e+02
[30,]   30 0.043583442  0.10563045  30146.79 -8.974694e+01 -2.702212e+00
[31,]   31 0.044765093  0.10604961  30146.75  7.779858e+00 -6.071447e-01
[32,]   32 0.044674005  0.10602334  30146.74  2.842829e-01 -5.921105e-02
[33,]   33 0.044670721  0.10602284  30146.74 -5.621423e-03  1.657849e-02

