[22;0t]0;IPython: scripts/01_msprime_simulations$par
[1] 7.699931 0.000001

$value
[1] -16.91124

$counts
function gradient 
      38       38 

$convergence
[1] 0

$message
[1] "CONVERGENCE: REL_REDUCTION_OF_F <= FACTR*EPSMCH"

$loginfo
      step       par1  par2        fn           gr1         gr2
 [1,]    1 0.10000000 1e-02 274.95401  2.289884e+03  3149.97583
 [2,]    2 0.00000100 1e-06  16.99675 -5.291958e+02    71.49331
 [3,]    3 0.02038016 1e-06  16.91168 -2.160193e-02 51867.22473
 [4,]    4 0.02038099 1e-06  16.91168 -2.160015e-02 51867.30916
 [5,]    5 0.02038432 1e-06  16.91168 -2.159298e-02 51867.64679
 [6,]    6 0.02039763 1e-06  16.91168 -2.156504e-02 51868.99616
 [7,]    7 0.02045087 1e-06  16.91168 -2.145322e-02 51874.37525
 [8,]    8 0.02066384 1e-06  16.91168 -2.101567e-02 51895.60134
 [9,]    9 0.02151573 1e-06  16.91166 -1.938976e-02 51976.11511
[10,]   10 0.03146902 1e-06  16.91153 -9.066522e-03 52584.42284
[11,]   11 0.04021063 1e-06  16.91146 -5.551280e-03 52864.85306
[12,]   12 0.05401538 1e-06  16.91141 -3.074778e-03 53119.90193
[13,]   13 0.07115507 1e-06  16.91137 -1.771830e-03 53297.18402
[14,]   14 0.09446259 1e-06  16.91134 -1.005734e-03 53434.09489
[15,]   15 0.12506093 1e-06  16.91131 -5.730313e-04 53535.82381
[16,]   16 0.16558170 1e-06  16.91130 -3.263549e-04 53612.37359
[17,]   17 0.21919070 1e-06  16.91128 -1.857519e-04 53669.97890
[18,]   18 0.29001409 1e-06  16.91127 -1.066861e-04 53713.32166
[19,]   19 0.38557032 1e-06  16.91127 -5.986591e-05 53746.49431
[20,]   20 0.50776660 1e-06  16.91126 -3.471010e-05 53770.67277
[21,]   21 0.67642659 1e-06  16.91126 -1.975424e-05 53789.65030
[22,]   22 0.89915193 1e-06  16.91125 -1.046800e-05 53803.75803
[23,]   23 1.15019318 1e-06  16.91125 -6.339764e-06 53813.07036
[24,]   24 1.53550190 1e-06  16.91125 -3.585239e-06 53821.38827
[25,]   25 2.03994197 1e-06  16.91125 -2.167155e-06 53827.46759
[26,]   26 2.80994302 1e-06  16.91125 -1.028688e-06 53832.46011
[27,]   27 3.50134445 1e-06  16.91124 -7.088019e-07 53835.02027
[28,]   28 5.00281319 1e-06  16.91124 -1.857714e-07 53838.05631
[29,]   29 5.54165533 1e-06  16.91124 -2.708767e-07 53838.72455
[30,]   30 7.69702387 1e-06  16.91124 -1.330669e-07 53840.40745
[31,]   31 7.69702401 1e-06  16.91124 -1.330491e-07 53840.40745
[32,]   32 7.69702454 1e-06  16.91124 -1.331024e-07 53840.40745
[33,]   33 7.69702667 1e-06  16.91124 -1.329958e-07 53840.40745
[34,]   34 7.69703518 1e-06  16.91124 -1.329958e-07 53840.40746
[35,]   35 7.69706925 1e-06  16.91124 -1.330669e-07 53840.40747
[36,]   36 7.69720551 1e-06  16.91124 -1.330847e-07 53840.40755
[37,]   37 7.69775055 1e-06  16.91124 -1.329781e-07 53840.40785
[38,]   38 7.69993072 1e-06  16.91124  6.004086e-08 53840.40903

