[22;0t]0;IPython: scripts/01_msprime_simulations$par
[1] 0.04648894 0.10180513

$value
[1] -26884.33

$counts
function gradient 
      39       39 

$convergence
[1] 0

$message
[1] "CONVERGENCE: REL_REDUCTION_OF_F <= FACTR*EPSMCH"

$loginfo
      step        par1       par2       fn           gr1           gr2
 [1,]    1 0.100000000 0.01000000 35072.54  1.856487e+04 -6.569086e+05
 [2,]    2 0.000010000 1.00000000 28542.75 -1.830141e+06  2.298769e+02
 [3,]    3 0.211525183 1.00000000 28272.01  3.597807e+03  2.005811e+02
 [4,]    4 0.070577299 1.00000000 27804.74  2.355280e+03  3.931428e+02
 [5,]    5 0.070486647 0.99946565 27804.31  2.352889e+03  3.934019e+02
 [6,]    6 0.070124041 0.99732827 27802.62  2.343246e+03  3.945031e+02
 [7,]    7 0.068673617 0.98877872 27795.86  2.303359e+03  3.991888e+02
 [8,]    8 0.062871922 0.95458054 27768.99  2.118984e+03  4.207404e+02
 [9,]    9 0.039665139 0.81778780 27670.27  6.201136e+02  5.224208e+02
[10,]   10 0.000010000 0.57441181 28397.21 -1.995380e+06  3.063893e+02
[11,]   11 0.024865135 0.72695555 27624.50 -2.091347e+03  6.428504e+02
[12,]   12 0.009926384 0.61845883 27639.78 -1.305870e+04  6.836213e+02
[13,]   13 0.018567155 0.68121477 27614.45 -4.572906e+03  6.804503e+02
[14,]   14 0.017256673 0.65653983 27603.98 -5.281922e+03  6.901331e+02
[15,]   15 0.012014747 0.55784007 27571.90 -1.016049e+04  7.683459e+02
[16,]   16 0.000010000 0.02893445 28309.39 -2.044209e+06 -2.520611e+04
[17,]   17 0.007266958 0.34866181 27465.08 -2.183967e+04  1.048420e+03
[18,]   18 0.002632065 0.14445747 27384.76 -7.634927e+04  1.579960e+03
[19,]   19 0.005187097 0.00001000 87665.84  1.050328e+05 -2.057774e+08
[20,]   20 0.003486459 0.09615472 27251.97 -5.975705e+04  1.307015e+03
[21,]   21 0.007799593 0.00001000 87930.21  9.758478e+04 -2.057855e+08
[22,]   22 0.004926497 0.06405461 27170.59 -3.605058e+04 -1.872159e+03
[23,]   23 0.136991912 1.00000000 28007.17  3.435904e+03  2.923062e+02
[24,]   24 0.041709235 0.32473326 27289.19  1.060817e+03  1.329218e+03
[25,]   25 0.016908239 0.14896901 27046.87 -8.446641e+03  1.980995e+03
[26,]   26 0.017311285 0.12869076 27003.71 -8.375332e+03  1.900877e+03
[27,]   27 0.018923471 0.04757776 27219.90  5.246687e+03 -2.199349e+04
[28,]   28 0.017921841 0.09797223 26952.14 -7.454188e+03  8.355693e+02
[29,]   29 0.022184166 0.05786770 27062.38  1.746281e+03 -1.182365e+04
[30,]   30 0.019106067 0.08682976 26940.85 -5.852267e+03 -3.597119e+02
[31,]   31 0.022793555 0.08932687 26921.86 -4.086356e+03 -3.462905e+02
[32,]   32 0.031747160 0.09840573 26895.67 -1.881894e+03  2.024336e+02
[33,]   33 0.038273479 0.09954444 26887.31 -8.048836e+02  4.299697e+01
[34,]   34 0.043359771 0.10126312 26884.73 -2.703841e+02  4.871398e+01
[35,]   35 0.045773361 0.10151953 26884.35 -5.142065e+01 -9.810173e+00
[36,]   36 0.046452688 0.10189756 26884.33 -6.424942e+00  1.295197e+01
[37,]   37 0.046544439 0.10169284 26884.33  8.797673e+00 -1.623383e+01
[38,]   38 0.046493129 0.10180732 26884.33  2.804974e-01  1.267143e-01
[39,]   39 0.046488943 0.10180513 26884.33  5.415841e-03  1.856461e-03

