[22;0t]0;IPython: scripts/01_msprime_simulations$par
[1] 0.000544199 0.006556514

$value
[1] -4809.79

$counts
function gradient 
      34       34 

$convergence
[1] 0

$message
[1] "CONVERGENCE: REL_REDUCTION_OF_F <= FACTR*EPSMCH"

$loginfo
      step         par1        par2        fn           gr1           gr2
 [1,]    1 0.1000000000 0.010000000  4910.059  1.780097e+02  3.083493e+03
 [2,]    2 0.0000010000 0.000001000 10721.418  1.235717e+05 -3.938439e+07
 [3,]    3 0.0669844257 0.006698740  4925.319  4.164269e+02 -2.178523e+04
 [4,]    4 0.0905195466 0.009052040  4907.488  2.005822e+02 -1.636228e+03
 [5,]    5 0.0856321620 0.008954396  4906.659  2.143685e+02 -2.139770e+03
 [6,]    6 0.0660826237 0.008563821  4902.925  3.032052e+02 -4.065429e+03
 [7,]    7 0.0000010000 0.007243594  4863.771 -4.235515e+05  7.045275e+02
 [8,]    8 0.0660480074 0.008563130  4902.917  3.034311e+02 -4.068643e+03
 [9,]    9 0.0330245037 0.007903362  4890.090  8.308925e+02 -6.400056e+03
[10,]   10 0.0109766518 0.007462874  4859.002  2.865516e+03 -5.217987e+03
[11,]   11 0.0036790554 0.007317077  4829.436  6.027155e+03 -2.642827e+03
[12,]   12 0.0000010000 0.008515733  4864.210 -4.178595e+05  6.119778e+02
[13,]   13 0.0020999359 0.007831702  4818.325  6.874958e+03 -9.025269e+02
[14,]   14 0.0007894009 0.008258798  4810.289  2.446647e+03  2.328550e+02
[15,]   15 0.0000010000 0.007105409  4863.648 -4.246286e+05  1.069352e+03
[16,]   16 0.0005812720 0.007954316  4810.073 -2.037345e+03  3.113021e+02
[17,]   17 0.0006458035 0.007445872  4809.932  5.720152e+02  1.126989e+02
[18,]   18 0.0006178755 0.006976280  4809.863  8.790499e+02  6.799234e+01
[19,]   19 0.0003596635 0.003939618  4817.399  7.396439e+03 -1.007907e+04
[20,]   20 0.0005755816 0.006478889  4809.823  1.222326e+03 -2.086044e+02
[21,]   21 0.0005591999 0.006646778  4809.797  9.975666e+01  4.668920e+01
[22,]   22 0.0005441990 0.006556514  4809.790 -1.100513e+02  4.358323e+00
[23,]   23 0.0005483307 0.006565741  4809.791  5.551257e+00  3.231751e-01
[24,]   24 0.0005444402 0.006557052  4809.790 -1.032351e+02  4.126016e+00
[25,]   25 0.0005442139 0.006556547  4809.790 -1.096313e+02  4.344030e+00
[26,]   26 0.0005442000 0.006556516  4809.790 -1.100253e+02  4.357440e+00
[27,]   27 0.0005441991 0.006556514  4809.790 -1.100497e+02  4.358268e+00
[28,]   28 0.0005441990 0.006556514  4809.790 -1.100512e+02  4.358320e+00
[29,]   29 0.0005441990 0.006556514  4809.790 -1.100513e+02  4.358323e+00
[30,]   30 0.0005441990 0.006556514  4809.790 -1.100513e+02  4.358323e+00
[31,]   31 0.0005441990 0.006556514  4809.790 -1.100513e+02  4.358323e+00
[32,]   32 0.0005441990 0.006556514  4809.790 -1.100513e+02  4.358323e+00
[33,]   33 0.0005441990 0.006556514  4809.790 -1.100513e+02  4.358323e+00

