[22;0t]0;IPython: scripts/01_msprime_simulations$par
[1] 0.005740749 0.004705519

$value
[1] -3035.629

$counts
function gradient 
      20       20 

$convergence
[1] 0

$message
[1] "CONVERGENCE: REL_REDUCTION_OF_F <= FACTR*EPSMCH"

$loginfo
      step        par1        par2       fn           gr1           gr2
 [1,]    1 0.100000000 0.010000000 3112.294  3.599182e+02  1.600058e+04
 [2,]    2 0.000001000 0.000001000 6116.222  1.217417e+05 -2.230775e+07
 [3,]    3 0.065632694 0.006563579 3059.333  2.287305e+02  6.845908e+03
 [4,]    4 0.031311564 0.003626962 3066.808  6.210988e+02 -2.772539e+04
 [5,]    5 0.050914996 0.005304289 3052.406  2.542129e+02 -2.201805e+03
 [6,]    6 0.045613717 0.005182291 3051.336  2.750994e+02 -3.221676e+03
 [7,]    7 0.024408602 0.004694296 3046.214  4.887922e+02 -6.494250e+03
 [8,]    8 0.000001000 0.004132603 3105.112 -2.136151e+05  3.859189e+02
 [9,]    9 0.015617822 0.004491994 3042.366  7.103103e+02 -6.647952e+03
[10,]   10 0.005417283 0.004257248 3036.234  2.345217e+02 -3.052827e+03
[11,]   11 0.000001000 0.004693013 3105.522 -2.056589e+05  6.645045e+02
[12,]   12 0.003692362 0.004396026 3036.642 -1.199290e+03 -2.284477e+02
[13,]   13 0.004794691 0.004307339 3036.070 -1.315849e+02 -1.995942e+03
[14,]   14 0.061379777 0.023925598 3244.995  1.560992e+03  6.043286e+03
[15,]   15 0.007458871 0.005231020 3036.386  2.110954e+02  2.038937e+03
[16,]   16 0.005895823 0.004689105 3035.636  6.601763e+01 -1.993602e+02
[17,]   17 0.005793804 0.004702227 3035.630  2.131015e+01 -5.298141e+01
[18,]   18 0.005740378 0.004705511 3035.629 -6.645430e-01  8.443949e-01
[19,]   19 0.005742217 0.004705550 3035.629  5.477855e-03 -7.071004e-02
[20,]   20 0.005740749 0.004705519 3035.629 -5.293441e-01  6.597949e-01

