[22;0t]0;IPython: scripts/01_msprime_simulations$par
[1] 0.012598228 0.000591414

$value
[1] -495.1109

$counts
function gradient 
      50       50 

$convergence
[1] 52

$message
[1] "ERROR: ABNORMAL_TERMINATION_IN_LNSRCH"

$loginfo
      step        par1         par2         fn           gr1           gr2
 [1,]    1 0.100000000 1.000000e-02   718.6087  1813.0610858  4.322162e+03
 [2,]    2 0.000001000 1.000000e-06   733.8947 99351.7073503 -2.324225e+06
 [3,]    3 0.043440888 4.344598e-03   591.2534  1123.2538317  1.284596e+04
 [4,]    4 0.015374466 1.538208e-03   515.1869   241.6784177  2.557951e+04
 [5,]    5 0.006592929 6.601335e-04   495.6680  -101.0316719  8.223048e+03
 [6,]    6 0.008729939 1.000000e-06   802.8936   773.5213848 -2.593927e+06
 [7,]    7 0.007114513 4.992576e-04   495.5811     5.7687317 -1.245773e+04
 [8,]    8 0.006805030 5.947136e-04   495.2583   -66.2031831  1.831981e+03
 [9,]    9 0.012730768 6.060567e-04   495.1292    -2.4308401  1.202647e+03
[10,]   10 0.012598228 5.914140e-04   495.1109    -0.4032754 -5.909214e+02
[11,]   11 0.012742640 5.964314e-04   495.1143    -0.6676785  1.836596e+01
[12,]   12 0.012613184 5.919336e-04   495.1111    -0.4338984 -5.272529e+02
[13,]   13 0.012599938 5.914734e-04   495.1110    -0.4068143 -5.836368e+02
[14,]   14 0.012598425 5.914209e-04   495.1109    -0.4036849 -5.900795e+02
[15,]   15 0.012598251 5.914148e-04   495.1109    -0.4033228 -5.908240e+02
[16,]   16 0.012598231 5.914141e-04   495.1109    -0.4032809 -5.909101e+02
[17,]   17 0.012598228 5.914140e-04   495.1109    -0.4032760 -5.909201e+02
[18,]   18 0.012598228 5.914140e-04   495.1109    -0.4032755 -5.909212e+02
[19,]   19 0.012598228 5.914140e-04   495.1109    -0.4032754 -5.909213e+02
[20,]   20 0.012598228 5.914140e-04   495.1109    -0.4032754 -5.909214e+02
[21,]   21 0.012598228 5.914140e-04   495.1109    -0.4032754 -5.909214e+02
[22,]   22 0.012598228 5.914140e-04   495.1109    -0.4032754 -5.909214e+02
[23,]   23 0.012598228 5.914140e-04   495.1109    -0.4032754 -5.909214e+02
[24,]   24 0.012598228 5.914140e-04   495.1109    -0.4032754 -5.909214e+02
[25,]   25 0.012598228 5.914140e-04   495.1109    -0.4032754 -5.909214e+02
[26,]   26 0.012598228 5.914140e-04   495.1109    -0.4032754 -5.909214e+02
[27,]   27 0.012598228 5.914140e-04   495.1109    -0.4032754 -5.909214e+02
[28,]   28 0.012598228 5.914140e-04   495.1109    -0.4032754 -5.909214e+02
[29,]   29 0.012598228 5.914140e-04   495.1109    -0.4032754 -5.909214e+02
[30,]   30 0.415873635 1.000000e+01 25419.3942  2406.0370537  2.318423e+03
[31,]   31 0.032420744 4.921003e-01  1591.1131  2412.8684840  2.411708e+03
[32,]   32 0.013736942 2.882638e-02   537.8592  2376.4982178  5.172468e+02
[33,]   33 0.012667811 2.316750e-03   531.1436   675.7990230  1.781743e+04
[34,]   34 0.012598677 6.025561e-04   495.1228    -2.5013055  8.029961e+02
[35,]   35 0.012598268 5.924057e-04   495.1114    -0.5978468 -4.638346e+02
[36,]   36 0.012598232 5.915235e-04   495.1110    -0.4248363 -5.768584e+02
[37,]   37 0.012598228 5.914264e-04   495.1109    -0.4057098 -5.893338e+02
[38,]   38 0.012598228 5.914154e-04   495.1109    -0.4035508 -5.907417e+02
[39,]   39 0.012598228 5.914142e-04   495.1109    -0.4033066 -5.909010e+02
[40,]   40 0.012598228 5.914140e-04   495.1109    -0.4032789 -5.909191e+02
[41,]   41 0.012598228 5.914140e-04   495.1109    -0.4032758 -5.909211e+02
[42,]   42 0.012598228 5.914140e-04   495.1109    -0.4032755 -5.909213e+02
[43,]   43 0.012598228 5.914140e-04   495.1109    -0.4032754 -5.909214e+02
[44,]   44 0.012598228 5.914140e-04   495.1109    -0.4032754 -5.909214e+02
[45,]   45 0.012598228 5.914140e-04   495.1109    -0.4032754 -5.909214e+02
[46,]   46 0.012598228 5.914140e-04   495.1109    -0.4032754 -5.909214e+02
[47,]   47 0.012598228 5.914140e-04   495.1109    -0.4032754 -5.909214e+02
[48,]   48 0.012598228 5.914140e-04   495.1109    -0.4032754 -5.909214e+02

