[22;0t]0;IPython: scripts/01_msprime_simulations$par
[1] 0.0114652 0.7191073

$value
[1] -49654.65

$counts
function gradient 
      25       25 

$convergence
[1] 0

$message
[1] "CONVERGENCE: REL_REDUCTION_OF_F <= FACTR*EPSMCH"

$loginfo
      step        par1      par2        fn           gr1           gr2
 [1,]    1 0.100000000 0.0100000 110954.83  6.202444e+04 -2.812928e+06
 [2,]    2 0.000010000 1.0000000  50802.02 -3.704958e+06  3.971447e+02
 [3,]    3 0.324756941 1.0000000  51718.92  4.552389e+03 -3.096279e+01
 [4,]    4 0.108160617 1.0000000  50431.85  7.812785e+03 -1.054268e+02
 [5,]    5 0.036110830 1.0000000  49829.01  7.988039e+03  1.225222e+02
 [6,]    6 0.036033160 0.9999602  49828.39  7.981405e+03  1.229348e+02
 [7,]    7 0.035722478 0.9998008  49825.89  7.954337e+03  1.246273e+02
 [8,]    8 0.034479753 0.9991633  49816.00  7.837124e+03  1.313518e+02
 [9,]    9 0.029508851 0.9966132  49778.14  7.190563e+03  1.600805e+02
[10,]   10 0.009625243 0.9864131  49713.89 -6.499870e+03  3.027717e+02
[11,]   11 0.021290312 0.9917574  49725.69  5.042613e+03  2.144745e+02
[12,]   12 0.013807513 0.9883292  49702.70  6.663661e+01  2.709347e+02
[13,]   13 0.013684141 0.9879430  49702.59 -6.449063e+01  2.714745e+02
[14,]   14 0.012928556 0.9838902  49701.85 -9.136014e+02  2.724374e+02
[15,]   15 0.012435075 0.9784902  49700.98 -1.507171e+03  2.689275e+02
[16,]   16 0.011369202 0.9569004  49697.73 -2.886317e+03  2.497729e+02
[17,]   17 0.010327967 0.9109540  49690.24 -4.132388e+03  2.375867e+02
[18,]   18 0.007323615 0.6754562  49672.15 -9.713695e+03  2.409329e+01
[19,]   19 0.009905850 0.7180673  49656.71 -2.805235e+03  1.472446e+01
[20,]   20 0.010873659 0.7255093  49655.04 -1.041368e+03  2.913600e+01
[21,]   21 0.011530509 0.7000034  49655.18  3.259739e+02 -4.899421e+01
[22,]   22 0.011159543 0.7144082  49654.74 -4.310207e+02 -1.102979e+01
[23,]   23 0.011517139 0.7198228  49654.65  7.147633e+01  1.747641e+00
[24,]   24 0.011466462 0.7190748  49654.65  2.365050e+00 -1.251561e-01
[25,]   25 0.011465200 0.7191073  49654.65  4.056110e-02 -4.155736e-03

