[22;0t]0;IPython: scripts/01_msprime_simulations$par
[1] 0.001625556 0.126760768

$value
[1] -17634.32

$counts
function gradient 
      43       43 

$convergence
[1] 0

$message
[1] "CONVERGENCE: REL_REDUCTION_OF_F <= FACTR*EPSMCH"

$loginfo
      step         par1        par2       fn           gr1           gr2
 [1,]    1 0.1000000000  0.01000000 21018.77  8.740493e+03 -3.155341e+05
 [2,]    2 0.0000010000 10.00000000 30533.62  2.416099e+03  1.807715e+03
 [3,]    3 0.0667735036  3.32936018 20190.75  2.346592e+03  1.036637e+03
 [4,]    4 0.0889058008  1.11832159 18425.45  3.862963e+03  4.088149e+02
 [5,]    5 0.0753494280  1.11681383 18372.39  3.869131e+03  4.406671e+02
 [6,]    6 0.0211239369  1.11078283 18166.91  3.263755e+03  5.279618e+02
 [7,]    7 0.0000010000  1.10589959 18279.46 -8.773013e+05  4.959127e+02
 [8,]    8 0.0120813832  1.10869235 18139.24  2.461281e+03  5.350617e+02
 [9,]    9 0.0000010000  1.10311777 18278.08 -8.783781e+05  4.955751e+02
[10,]   10 0.0075359867  1.10659485 18129.06  1.355283e+03  5.420075e+02
[11,]   11 0.0008994365  1.10042699 18144.14 -2.040049e+04  5.335817e+02
[12,]   12 0.0049752799  1.10421498 18125.94 -1.360189e+02  5.459017e+02
[13,]   13 0.0043268547  1.10007234 18123.98 -7.915885e+02  5.412388e+02
[14,]   14 0.0020011452  1.05627730 18109.01 -6.951345e+03  4.638117e+02
[15,]   15 0.0024040795  0.97067650 18069.87 -4.726693e+03  4.433898e+02
[16,]   16 0.0040158170  0.62827330 17891.86  4.773930e+02  9.224052e+02
[17,]   17 0.0069731784  0.00000100 60413.93  0.000000e+00 -2.213671e+08
[18,]   18 0.0050112184  0.41680671 17731.87  3.457129e+03  3.594198e+02
[19,]   19 0.0042739316  0.00000100 60176.85  9.285436e+04 -2.213525e+08
[20,]   20 0.0047649101  0.27756281 17679.44  5.992251e+03  5.650246e+02
[21,]   21 0.0045194208  0.13878191 17652.96  9.185566e+03 -9.127637e+01
[22,]   22 0.0021569090  0.15503710 17636.62  2.421964e+03  1.591143e+00
[23,]   23 0.0010825814  0.13812841 17637.50 -8.950845e+03  1.418783e+02
[24,]   24 0.0016968375  0.14779610 17635.91 -6.370372e+02  6.381437e+01
[25,]   25 0.0003745510  0.08550619 17647.93 -5.475804e+04  9.691010e+02
[26,]   26 0.0016255571  0.14443824 17635.75 -1.103615e+03  6.910469e+01
[27,]   27 0.0010000540  0.11497221 17637.94 -1.018717e+04 -9.338122e+01
[28,]   28 0.0014566939  0.13648348 17635.30 -2.396157e+03  1.197536e+02
[29,]   29 0.0013758969  0.13267732 17635.07 -3.258554e+03  1.125883e+02
[30,]   30 0.0000010000  0.05787718 17761.64 -1.059098e+06  7.038809e+02
[31,]   31 0.0009580612  0.10994531 17638.85 -1.093697e+04 -8.676585e+01
[32,]   32 0.0013396093  0.13070312 17634.99 -3.708807e+03  8.911207e+01
[33,]   33 0.0013706088  0.12834759 17634.73 -3.172714e+03  4.223261e+01
[34,]   34 0.0015560884  0.12624863 17634.35 -7.438780e+02 -1.047652e+01
[35,]   35 0.0016160371  0.12681061 17634.32 -1.042718e+02  1.337745e+00
[36,]   36 0.0016255555  0.12676077 17634.32 -4.375212e+00 -2.190465e-02
[37,]   37 0.0016259819  0.12676227 17634.32 -1.165748e-02  3.057394e-03
[38,]   38 0.0016255700  0.12676082 17634.32 -4.226871e+00 -2.105549e-02
[39,]   39 0.0016255560  0.12676077 17634.32 -4.369994e+00 -2.187478e-02
[40,]   40 0.0016255555  0.12676077 17634.32 -4.375029e+00 -2.190196e-02
[41,]   41 0.0016255555  0.12676077 17634.32 -4.375203e+00 -2.190403e-02
[42,]   42 0.0016255555  0.12676077 17634.32 -4.375202e+00 -2.190465e-02
[43,]   43 0.0016255555  0.12676077 17634.32 -4.375203e+00 -2.190403e-02

