[22;0t]0;IPython: scripts/01_msprime_simulations$par
[1] 0.000001000 0.002342232

$value
[1] -70.31685

$counts
function gradient 
      18       18 

$convergence
[1] 0

$message
[1] "CONVERGENCE: REL_REDUCTION_OF_F <= FACTR*EPSMCH"

$loginfo
      step  par1         par2          fn       gr1           gr2
 [1,]    1 1e-01  0.010000000   315.26410  2265.812  2.897728e+03
 [2,]    2 1e-06  0.000001000    80.91357 24859.370 -1.246036e+05
 [3,]    3 1e-06 10.000000000 24348.37592  2416.099  2.324115e+03
 [4,]    4 1e-06  3.237838142  8138.94542  2416.073  2.469921e+03
 [5,]    5 1e-06  1.047953495  2680.32967  2415.983  2.513996e+03
 [6,]    6 1e-06  0.339281583   895.93728  2415.688  2.517569e+03
 [7,]    7 1e-06  0.109980125   320.78299  2414.775  2.485724e+03
 [8,]    8 1e-06  0.035769590   138.94635  2411.809  2.374166e+03
 [9,]    9 1e-06  0.011731039    84.52542  2399.408  2.030959e+03
[10,]   10 1e-06  0.003923543    71.24609  2315.509  1.013101e+03
[11,]   11 1e-06  0.003891907    71.21423  2313.886  1.000666e+03
[12,]   12 1e-06  0.003765366    71.09080  2306.916  9.488353e+02
[13,]   13 1e-06  0.003259200    70.66993  2268.646  7.013656e+02
[14,]   14 1e-06  0.001764512    70.47626  2002.100 -4.685822e+02
[15,]   15 1e-06  0.002363158    70.31708  2114.210  2.061140e+01
[16,]   16 1e-06  0.002337935    70.31686  2107.246 -4.254221e+00
[17,]   17 1e-06  0.002342250    70.31685  2108.447  1.767335e-02
[18,]   18 1e-06  0.002342232    70.31685  2108.442  1.460407e-05

