[22;0t]0;IPython: scripts/01_msprime_simulations$par
[1] 0.082376966 0.001270155

$value
[1] -971.1158

$counts
function gradient 
      30       30 

$convergence
[1] 0

$message
[1] "CONVERGENCE: REL_REDUCTION_OF_F <= FACTR*EPSMCH"

$loginfo
      step        par1         par2        fn           gr1           gr2
 [1,]    1 0.100000000 0.0100000000 1190.0034  1.282152e+03  9.287191e+03
 [2,]    2 0.000001000 0.0000010000 1579.1679  1.180794e+05 -5.461880e+06
 [3,]    3 0.057963098 0.0057966882 1090.9030  7.205915e+02  1.877229e+04
 [4,]    4 0.020175569 0.0020182753  984.1858 -4.932194e+01  2.383247e+04
 [5,]    5 0.006860353 0.0006868736  983.4932  3.253955e+02 -5.584044e+04
 [6,]    6 0.016082517 0.0016090070  976.0866 -1.380371e+02  1.660461e+04
 [7,]    7 0.009233883 0.0000010000 1718.7831  2.045011e+03 -5.711602e+06
 [8,]    8 0.013964920 0.0011118113  972.6204 -9.335236e+01 -5.903976e+03
 [9,]    9 0.018864510 0.0012607346  972.0151 -7.958501e+01  2.684371e+03
[10,]   10 0.022918451 0.0012530913  971.7367 -5.140219e+01  1.582175e+03
[11,]   11 0.030474090 0.0012462547  971.4531 -2.529461e+01  2.638400e+02
[12,]   12 0.038355337 0.0012559940  971.3074 -1.420407e+01  2.795030e+02
[13,]   13 0.048193072 0.0012635224  971.2085 -7.475281e+00  2.745504e+02
[14,]   14 0.058807025 0.0012526528  971.1542 -3.351086e+00 -8.256436e+02
[15,]   15 0.075383463 0.0012906194  971.1384 -1.085759e+00  1.441439e+03
[16,]   16 0.076197330 0.0012736054  971.1195 -7.659971e-01  2.790314e+02
[17,]   17 0.079605523 0.0012699225  971.1164 -3.438671e-01 -1.937030e+01
[18,]   18 0.082376966 0.0012701547  971.1158 -8.050512e-02 -3.534613e+01
[19,]   19 0.083317915 0.0012711867  971.1160 -7.860596e-03  2.648614e+01
[20,]   20 0.082456341 0.0012702417  971.1158 -7.428288e-02 -3.014413e+01
[21,]   21 0.082384403 0.0012701628  971.1158 -7.992132e-02 -3.485882e+01
[22,]   22 0.082377669 0.0012701554  971.1158 -8.044986e-02 -3.530004e+01
[23,]   23 0.082377032 0.0012701547  971.1158 -8.049985e-02 -3.534176e+01
[24,]   24 0.082376972 0.0012701547  971.1158 -8.050458e-02 -3.534571e+01
[25,]   25 0.082376966 0.0012701547  971.1158 -8.050502e-02 -3.534609e+01
[26,]   26 0.082376966 0.0012701547  971.1158 -8.050509e-02 -3.534612e+01
[27,]   27 0.082376966 0.0012701547  971.1158 -8.050510e-02 -3.534613e+01
[28,]   28 0.082376966 0.0012701547  971.1158 -8.050510e-02 -3.534613e+01
[29,]   29 0.082376966 0.0012701547  971.1158 -8.050509e-02 -3.534613e+01
[30,]   30 0.082376966 0.0012701547  971.1158 -8.050510e-02 -3.534613e+01

