[22;0t]0;IPython: scripts/01_msprime_simulations$par
[1] 0.04461822 0.04728942

$value
[1] -16817.94

$counts
function gradient 
      34       34 

$convergence
[1] 0

$message
[1] "CONVERGENCE: REL_REDUCTION_OF_F <= FACTR*EPSMCH"

$loginfo
      step        par1        par2       fn           gr1           gr2
 [1,]    1 0.100000000  0.01000000 19129.81  6.743305e+03 -2.724624e+05
 [2,]    2 0.000001000 10.00000000 29905.81  2.416099e+03  1.860130e+03
 [3,]    3 0.066817651  3.32494977 19045.57  2.388664e+03  1.143388e+03
 [4,]    4 0.088931024  1.11580172 17691.05  2.482352e+03  3.373541e+02
 [5,]    5 0.078863083  1.11437771 17665.89  2.413174e+03  3.648307e+02
 [6,]    6 0.038591320  1.10868168 17577.81  1.643601e+03  4.777394e+02
 [7,]    7 0.000001000  1.10032316 17881.54 -1.301810e+06 -1.744661e+01
 [8,]    8 0.024058493  1.10553392 17558.21  6.866839e+02  5.134565e+02
 [9,]    9 0.011749133  1.10040060 17559.44 -1.913827e+03  5.366902e+02
[10,]   10 0.018101578  1.10304973 17555.08 -1.450174e+02  5.250771e+02
[11,]   11 0.017532076  1.10019952 17553.69 -2.488139e+02  5.263033e+02
[12,]   12 0.015254068  1.08879868 17548.77 -7.412598e+02  5.303335e+02
[13,]   13 0.004908631  0.95156987 17504.03 -7.603538e+03  5.209798e+02
[14,]   14 0.006264598  0.72315464 17405.48 -4.882447e+03  3.089756e+02
[15,]   15 0.009644660  0.40241695 17265.30 -2.266970e+03  3.579968e+02
[16,]   16 0.013885482  0.00000100 54899.36  6.452554e+04 -1.989097e+08
[17,]   17 0.011061913  0.26793235 17196.77 -1.159325e+03  6.027212e+02
[18,]   18 0.012942957  0.08943813 16983.40 -3.951244e+03  2.425334e+03
[19,]   19 0.013569960  0.02994119 16889.50 -1.362719e+03 -7.477036e+03
[20,]   20 0.015765709  0.69535957 17379.49  5.178698e+01  3.497170e+02
[21,]   21 0.014194533  0.21921714 17162.64  3.552093e+02  7.584644e+02
[22,]   22 0.013726564  0.07739968 16949.03 -4.350675e+03  2.741046e+03
[23,]   23 0.013615653  0.04378857 16861.94 -5.162338e+03  1.232101e+03
[24,]   24 0.022606652  0.04577923 16834.01 -2.085042e+03  9.782647e+02
[25,]   25 0.028051369  0.04560504 16825.26 -1.154562e+03  4.770260e+02
[26,]   26 0.034938792  0.04568335 16819.94 -4.548630e+02 -4.297816e+01
[27,]   27 0.040053495  0.04653441 16818.34 -1.757489e+02 -4.255100e+01
[28,]   28 0.043402798  0.04718836 16817.97 -4.770782e+01  2.944443e+01
[29,]   29 0.044864503  0.04654074 16818.08  5.774608e+01 -3.626039e+02
[30,]   30 0.043724341  0.04704590 16817.96 -2.421241e+01 -5.414150e+01
[31,]   31 0.044523019  0.04726954 16817.94 -2.876948e+00 -3.105621e+00
[32,]   32 0.044616009  0.04728929 16817.94 -8.803368e-02  8.159035e-02
[33,]   33 0.044618225  0.04728942 16817.94 -7.666858e-04  2.624529e-03

