[22;0t]0;IPython: scripts/01_msprime_simulations$par
[1] 4.6543569578 0.0003595389

$value
[1] -316.5265

$counts
function gradient 
      76       76 

$convergence
[1] 0

$message
[1] "CONVERGENCE: REL_REDUCTION_OF_F <= FACTR*EPSMCH"

$loginfo
      step        par1         par2         fn           gr1           gr2
 [1,]    1 0.100000000 1.000000e-02   545.6814  2.077256e+03  2.410974e+03
 [2,]    2 0.000001000 1.000000e-06   441.5678  9.846127e+04 -1.220959e+06
 [3,]    3 0.091063471 9.106428e-03   525.0546  2.049962e+03  2.478449e+03
 [4,]    4 0.045532236 4.553714e-03   422.4021  1.691862e+03  5.701136e+03
 [5,]    5 0.016521074 1.652859e-03   352.7744  6.844815e+02  2.057991e+04
 [6,]    6 0.010344714 1.035278e-03   334.8160  2.506744e+02  2.765040e+04
 [7,]    7 0.009177656 9.185830e-04   331.2964  1.594029e+02  2.834320e+04
 [8,]    8 0.000001000 1.000000e-06   441.5678  9.846127e+04 -1.220959e+06
 [9,]    9 0.008414097 8.422340e-04   329.0173  1.004508e+02  2.848214e+04
[10,]   10 0.004207548 4.216170e-04   318.6756 -1.750365e+02  1.323036e+04
[11,]   11 0.002388134 8.438015e-05   335.3222  1.208857e+03 -1.390472e+05
[12,]   12 0.003991541 3.815789e-04   318.2168 -1.716966e+02  7.645874e+03
[13,]   13 0.003928872 3.333655e-04   317.9511 -1.348441e+02 -2.195962e+03
[14,]   14 0.004104455 3.456392e-04   317.9552 -1.400248e+02  5.528678e+02
[15,]   15 0.003972022 3.363818e-04   317.9494 -1.363260e+02 -1.496164e+03
[16,]   16 0.004455729 3.522611e-04   317.9338 -1.322576e+02  1.716315e+03
[17,]   17 0.005150971 3.628111e-04   317.9023 -1.179541e+02  3.459238e+03
[18,]   18 0.006788801 3.754825e-04   317.8196 -8.978765e+01  5.212673e+03
[19,]   19 0.009285880 3.815682e-04   317.6821 -6.048490e+01  5.710681e+03
[20,]   20 0.013758134 3.519160e-04   317.3535 -2.884177e+01 -1.653953e+03
[21,]   21 0.017322067 3.563737e-04   317.2761 -1.950538e+01 -7.836009e+02
[22,]   22 0.024700243 3.611114e-04   317.1809 -1.102703e+01  3.138783e+02
[23,]   23 0.034452991 3.585464e-04   317.0878 -7.268095e+00 -3.360991e+02
[24,]   24 0.054103754 3.644606e-04   316.9967 -4.321915e+00  1.313589e+03
[25,]   25 0.083536352 3.586694e-04   316.8812 -2.558953e+00 -2.625264e+02
[26,]   26 0.136652522 3.712609e-04   316.8333 -1.349303e+00  3.225150e+03
[27,]   27 0.189314855 3.619015e-04   316.7358 -8.342883e-01  6.544310e+02
[28,]   28 0.265033790 3.575976e-04   316.6763 -4.826683e-01 -5.908462e+02
[29,]   29 0.363628653 3.581306e-04   316.6411 -2.830624e-01 -4.361848e+02
[30,]   30 0.501977333 3.615302e-04   316.6204 -1.644317e-01  5.531870e+02
[31,]   31 0.685594797 3.606060e-04   316.5944 -9.747084e-02  2.878542e+02
[32,]   32 0.965607778 3.628166e-04   316.5811 -5.445096e-02  9.275961e+02
[33,]   33 1.542257048 3.446672e-04   316.5423 -2.332593e-02 -4.579864e+03
[34,]   34 1.201512030 3.553917e-04   316.5520 -3.706303e-02 -1.249911e+03
[35,]   35 1.494249873 3.579759e-04   316.5479 -2.478586e-02 -4.799706e+02
[36,]   36 2.064298856 3.599209e-04   316.5423 -1.317648e-02  9.251163e+01
[37,]   37 2.690047575 3.600375e-04   316.5363 -7.670527e-03  1.272576e+02
[38,]   38 3.561336600 3.596838e-04   316.5304 -4.271395e-03  2.435431e+01
[39,]   39 4.654356958 3.595389e-04   316.5265 -2.425720e-03 -1.768718e+01
[40,]   40 6.927595853 3.963326e-04   316.7907 -1.010938e-03  9.697551e+03
[41,]   41 4.669979941 3.597917e-04   316.5271 -2.405013e-03  5.640346e+01
[42,]   42 4.654523785 3.595416e-04   316.5265 -2.423630e-03 -1.689541e+01
[43,]   43 4.654358746 3.595389e-04   316.5265 -2.425209e-03 -1.767869e+01
[44,]   44 4.654356977 3.595389e-04   316.5265 -2.426540e-03 -1.768708e+01
[45,]   45 4.654356958 3.595389e-04   316.5265 -2.425543e-03 -1.768718e+01
[46,]   46 4.654356958 3.595389e-04   316.5265 -2.425678e-03 -1.768718e+01
[47,]   47 4.654356958 3.595389e-04   316.5265 -2.425903e-03 -1.768718e+01
[48,]   48 4.654356958 3.595389e-04   316.5265 -2.425705e-03 -1.768718e+01
[49,]   49 4.654356958 3.595389e-04   316.5265 -2.425703e-03 -1.768718e+01
[50,]   50 4.654356958 3.595389e-04   316.5265 -2.425726e-03 -1.768718e+01
[51,]   51 4.654356958 3.595389e-04   316.5265 -2.425703e-03 -1.768718e+01
[52,]   52 4.654356958 3.595389e-04   316.5265 -2.425703e-03 -1.768718e+01
[53,]   53 4.654356958 3.595389e-04   316.5265 -2.425703e-03 -1.768718e+01
[54,]   54 4.654356958 3.595389e-04   316.5265 -2.425722e-03 -1.768718e+01
[55,]   55 4.654356958 3.595389e-04   316.5265 -2.425703e-03 -1.768718e+01
[56,]   56 4.656782678 1.000000e+01 35375.9846  2.304195e+03  2.322091e+03
[57,]   57 4.654359566 1.111340e-02  1256.6423  2.442610e+00  9.403102e+04
[58,]   58 4.654356958 3.601041e-04   316.5280 -2.423789e-03  1.477529e+02
[59,]   59 4.654356958 3.595395e-04   316.5265 -2.424347e-03 -1.750295e+01
[60,]   60 4.654356958 3.595389e-04   316.5265 -2.424625e-03 -1.768697e+01
[61,]   61 4.654356958 3.595389e-04   316.5265 -2.425937e-03 -1.768717e+01
[62,]   62 4.654356958 3.595389e-04   316.5265 -2.425937e-03 -1.768717e+01
[63,]   63 4.654356958 3.595389e-04   316.5265 -2.424239e-03 -1.768707e+01
[64,]   64 4.654356958 3.595389e-04   316.5265 -2.425877e-03 -1.768718e+01
[65,]   65 4.654356958 3.595389e-04   316.5265 -2.425937e-03 -1.768717e+01
[66,]   66 4.654356958 3.595389e-04   316.5265 -2.425910e-03 -1.768718e+01
[67,]   67 4.654356958 3.595389e-04   316.5265 -2.425909e-03 -1.768718e+01

