[22;0t]0;IPython: scripts/01_msprime_simulations$par
[1] 0.0003808428 0.0005794795

$value
[1] -433.7938

$counts
function gradient 
      34       34 

$convergence
[1] 0

$message
[1] "CONVERGENCE: REL_REDUCTION_OF_F <= FACTR*EPSMCH"

$loginfo
      step         par1         par2       fn          gr1           gr2
 [1,]    1 0.1000000000 0.0100000000 655.6276   1906.79828  5.335816e+03
 [2,]    2 0.0000010000 0.0000010000 659.3272  96150.68683 -2.046889e+06
 [3,]    3 0.0422405855 0.0042245784 515.6485   1477.40841  9.282159e+03
 [4,]    4 0.0143624591 0.0014370167 449.8394    833.39008  1.229315e+04
 [5,]    5 0.0000010000 0.0000010000 659.3272  96150.68683 -2.046889e+06
 [6,]    6 0.0100434246 0.0010051521 441.9246    700.64930  7.554109e+03
 [7,]    7 0.0000010000 0.0000010000 659.3272  96150.68683 -2.046889e+06
 [8,]    8 0.0076642130 0.0007672523 439.3398    654.76244 -8.294626e+02
 [9,]    9 0.0043336884 0.0006232013 437.7538    735.79791 -9.628237e+03
[10,]   10 0.0000010000 0.0005636424 442.4955 -78296.81578  3.410751e+03
[11,]   11 0.0025281699 0.0005983819 436.4835    997.72918 -9.269253e+03
[12,]   12 0.0009030716 0.0005760426 434.4409   1641.62919 -4.809452e+03
[13,]   13 0.0003948011 0.0005690557 433.7994    247.36035 -1.075565e+03
[14,]   14 0.0000010000 0.0005653938 442.5022 -78320.49390  3.395725e+03
[15,]   15 0.0003471561 0.0005686127 433.7940   -276.30462 -6.258480e+02
[16,]   16 0.0003730314 0.0005688533 433.7942     29.87635 -8.710791e+02
[17,]   17 0.0003808428 0.0005794795 433.7938     14.63106 -4.962308e+02
[18,]   18 0.0003918619 0.0005936900 433.7984      3.31579 -4.321959e+01
[19,]   19 0.0003823840 0.0005814671 433.7941     12.85543 -4.300275e+02
[20,]   20 0.0003810808 0.0005797865 433.7938     14.35267 -4.859436e+02
[21,]   21 0.0003808801 0.0005795276 433.7938     14.58732 -4.946166e+02
[22,]   22 0.0003808487 0.0005794871 433.7938     14.62418 -4.959771e+02
[23,]   23 0.0003808437 0.0005794807 433.7938     14.62998 -4.961909e+02
[24,]   24 0.0003808430 0.0005794797 433.7938     14.63089 -4.962245e+02
[25,]   25 0.0003808428 0.0005794795 433.7938     14.63103 -4.962298e+02
[26,]   26 0.0003808428 0.0005794795 433.7938     14.63105 -4.962306e+02
[27,]   27 0.0003808428 0.0005794795 433.7938     14.63106 -4.962307e+02
[28,]   28 0.0003808428 0.0005794795 433.7938     14.63106 -4.962308e+02
[29,]   29 0.0003808428 0.0005794795 433.7938     14.63106 -4.962308e+02
[30,]   30 0.0003808428 0.0005794795 433.7938     14.63106 -4.962308e+02
[31,]   31 0.0003808428 0.0005794795 433.7938     14.63106 -4.962308e+02
[32,]   32 0.0003808428 0.0005794795 433.7938     14.63106 -4.962308e+02
[33,]   33 0.0003808428 0.0005794795 433.7938     14.63106 -4.962308e+02
[34,]   34 0.0003808428 0.0005794795 433.7938     14.63106 -4.962308e+02

