[22;0t]0;IPython: scripts/01_msprime_simulations$par
[1] 0.0002257108 0.0011950182

$value
[1] -1175.752

$counts
function gradient 
      64       64 

$convergence
[1] 52

$message
[1] "ERROR: ABNORMAL_TERMINATION_IN_LNSRCH"

$loginfo
      step         par1         par2       fn           gr1           gr2
 [1,]    1 1.000000e-01 0.0100000000 1370.920  1.192062e+03  1.391455e+04
 [2,]    2 1.000000e-06 0.0000010000 2020.214  1.114037e+05 -7.077366e+06
 [3,]    3 5.995979e-02 0.0059963390 1265.646  8.450931e+02  1.727562e+04
 [4,]    4 2.038699e-02 0.0020394153 1189.636  2.708466e+02  1.876126e+03
 [5,]    5 1.000000e-06 0.0007048465 1183.284 -5.511976e+04 -6.106395e+03
 [6,]    6 2.024346e-02 0.0020300190 1189.580  2.708763e+02  1.704676e+03
 [7,]    7 1.012223e-02 0.0013674327 1190.407  5.718534e+02 -1.790564e+04
 [8,]    8 3.273818e-03 0.0009191016 1194.052  3.337544e+03 -4.366528e+04
 [9,]    9 9.803047e-04 0.0007689567 1186.990  1.057152e+04 -4.113830e+04
[10,]   10 1.000000e-06 0.0007048465 1183.284 -5.511976e+04 -6.106395e+03
[11,]   11 2.031686e-02 0.0015206674 1191.860  2.711445e+02 -1.299158e+04
[12,]   12 6.656288e-03 0.0009721019 1199.115  1.477442e+03 -4.709635e+04
[13,]   13 2.036606e-03 0.0007865900 1194.789  6.293869e+03 -5.462620e+04
[14,]   14 5.835927e-04 0.0007282416 1183.744  1.373871e+04 -3.729656e+04
[15,]   15 2.114517e-04 0.0007132976 1178.830  1.296269e+04 -2.580526e+04
[16,]   16 4.772545e-04 0.0017593699 1176.511  2.585600e+03  1.169139e+03
[17,]   17 4.455808e-04 0.0016763673 1176.340  2.417832e+03  9.660803e+02
[18,]   18 2.181038e-04 0.0010922734 1175.769  1.131061e+00 -7.033192e+02
[19,]   19 2.778101e-04 0.0012517648 1175.796  1.040241e+03 -5.238616e+01
[20,]   20 2.343635e-04 0.0011357074 1175.764  2.462786e+02 -5.048925e+02
[21,]   21 2.560274e-04 0.0011992787 1175.771  6.235416e+02 -2.211679e+02
[22,]   22 2.391606e-04 0.0011497842 1175.764  3.229116e+02 -4.379631e+02
[23,]   23 2.080681e-04 0.0012543535 1175.775 -1.788234e+03  3.292259e+02
[24,]   24 2.257108e-04 0.0011950182 1175.752 -6.904957e+02  8.624003e+00
[25,]   25 2.458847e-04 0.0012191283 1175.761  1.022868e+02 -1.615149e+01
[26,]   26 2.287993e-04 0.0011987094 1175.753 -5.561865e+02  3.109638e+00
[27,]   27 2.262409e-04 0.0011956518 1175.752 -6.670880e+02  7.623835e+00
[28,]   28 2.258035e-04 0.0011951291 1175.752 -6.863907e+02  8.447406e+00
[29,]   29 2.257270e-04 0.0011950377 1175.752 -6.897750e+02  8.592961e+00
[30,]   30 2.257136e-04 0.0011950217 1175.752 -6.903692e+02  8.618551e+00
[31,]   31 2.257113e-04 0.0011950188 1175.752 -6.904735e+02  8.623046e+00
[32,]   32 2.257108e-04 0.0011950183 1175.752 -6.904918e+02  8.623835e+00
[33,]   33 2.257108e-04 0.0011950183 1175.752 -6.904950e+02  8.623974e+00
[34,]   34 2.257108e-04 0.0011950182 1175.752 -6.904956e+02  8.623998e+00
[35,]   35 2.257108e-04 0.0011950182 1175.752 -6.904957e+02  8.624003e+00
[36,]   36 2.257108e-04 0.0011950182 1175.752 -6.904957e+02  8.624003e+00
[37,]   37 2.257108e-04 0.0011950182 1175.752 -6.904957e+02  8.624003e+00
[38,]   38 2.257108e-04 0.0011950182 1175.752 -6.904957e+02  8.624003e+00
[39,]   39 2.257108e-04 0.0011950182 1175.752 -6.904957e+02  8.624003e+00
[40,]   40 2.257108e-04 0.0011950182 1175.752 -6.904957e+02  8.624003e+00
[41,]   41 2.257108e-04 0.0011950182 1175.752 -6.904957e+02  8.624003e+00
[42,]   42 2.257108e-04 0.0011950182 1175.752 -6.904957e+02  8.624003e+00
[43,]   43 2.257108e-04 0.0011950182 1175.752 -6.904957e+02  8.624003e+00
[44,]   44 2.257108e-04 0.0011950182 1175.752 -6.904957e+02  8.624003e+00
[45,]   45 1.000000e+01 0.0000010000 2241.026  2.095851e-02 -7.376412e+06
[46,]   46 4.288147e+00 0.0006830211 1251.764  7.605023e-02 -1.388156e+05
[47,]   47 1.375796e+00 0.0010307690 1219.424  4.099867e-01 -5.742808e+04
[48,]   48 4.222467e-01 0.0011446270 1212.865  3.071590e+00 -4.119079e+04
[49,]   49 1.129083e-01 0.0011815634 1208.448  3.141515e+01 -3.597547e+04
[50,]   50 2.097943e-02 0.0011925402 1199.252  3.007554e+02 -3.363535e+04
[51,]   51 1.955663e-03 0.0011948117 1182.425  3.222592e+03 -1.361195e+04
[52,]   52 2.889539e-04 0.0011950107 1175.827  1.746007e+03 -5.588009e+02
[53,]   53 2.330590e-04 0.0011950174 1175.753 -3.298906e+02 -5.175845e+01
[54,]   54 2.270643e-04 0.0011950181 1175.752 -6.222559e+02 -2.344480e+00
[55,]   55 2.259798e-04 0.0011950182 1175.752 -6.768666e+02  6.449819e+00
[56,]   56 2.257650e-04 0.0011950182 1175.752 -6.877435e+02  8.185610e+00
[57,]   57 2.257217e-04 0.0011950182 1175.752 -6.899387e+02  8.535303e+00
[58,]   58 2.257130e-04 0.0011950182 1175.752 -6.903829e+02  8.606044e+00
[59,]   59 2.257112e-04 0.0011950182 1175.752 -6.904729e+02  8.620367e+00
[60,]   60 2.257108e-04 0.0011950182 1175.752 -6.904911e+02  8.623267e+00
[61,]   61 2.257108e-04 0.0011950182 1175.752 -6.904948e+02  8.623854e+00
[62,]   62 2.257108e-04 0.0011950182 1175.752 -6.904955e+02  8.623973e+00
[63,]   63 2.257108e-04 0.0011950182 1175.752 -6.904957e+02  8.623997e+00
[64,]   64 2.257108e-04 0.0011950182 1175.752 -6.904957e+02  8.624002e+00

