[22;0t]0;IPython: scripts/01_msprime_simulations$par
[1] 0.290349498 0.004949021

$value
[1] -3098.376

$counts
function gradient 
      18       18 

$convergence
[1] 0

$message
[1] "CONVERGENCE: REL_REDUCTION_OF_F <= FACTR*EPSMCH"

$loginfo
      step       par1        par2       fn           gr1           gr2
 [1,]    1 0.10000000 0.010000000 3201.281  3.840729e+01  2.674493e+04
 [2,]    2 0.00000100 0.000001000 6116.222  1.224906e+05 -2.230775e+07
 [3,]    3 0.06502381 0.006502695 3121.277 -1.464508e+02  1.736711e+04
 [4,]    4 0.03085592 0.001245652 3333.278  1.280687e+03 -2.535286e+05
 [5,]    5 0.05423054 0.004842052 3104.788 -1.450815e+02  2.331710e+03
 [6,]    6 0.05522316 0.004688756 3104.469 -1.291892e+02 -2.146469e+01
 [7,]    7 0.05894165 0.004660772 3104.029 -1.136298e+02 -7.559769e+02
 [8,]    8 0.08790488 0.004727860 3101.600 -5.808366e+01 -1.313317e+03
 [9,]    9 0.12212514 0.004961834 3100.066 -3.436193e+01  1.395259e+03
[10,]   10 0.15192858 0.005014419 3099.350 -2.045907e+01  1.734513e+03
[11,]   11 0.19010968 0.004978205 3098.750 -9.704565e+00  8.194161e+02
[12,]   12 0.22460219 0.004946234 3098.499 -4.492726e+00  1.127775e+02
[13,]   13 0.26141732 0.004993364 3098.415 -1.538972e+00  8.012252e+02
[14,]   14 0.28406262 0.004923653 3098.381 -2.242312e-01 -4.329846e+02
[15,]   15 0.28657112 0.004946667 3098.376 -1.525680e-01 -3.573023e+01
[16,]   16 0.28918985 0.004949227 3098.376 -4.724837e-02  5.009016e+00
[17,]   17 0.29026998 0.004949157 3098.376 -3.413370e-03  2.333966e+00
[18,]   18 0.29034950 0.004949021 3098.376 -3.840796e-05 -1.396566e-01

