[22;0t]0;IPython: scripts/01_msprime_simulations$par
[1] 0.008378205 0.009851745

$value
[1] -5599.074

$counts
function gradient 
      45       45 

$convergence
[1] 0

$message
[1] "CONVERGENCE: REL_REDUCTION_OF_F <= FACTR*EPSMCH"

$loginfo
      step        par1        par2       fn           gr1           gr2
 [1,]    1 0.100000000 0.010000000 5647.197  3.164875e+02 -9.080417e+03
 [2,]    2 0.000010000 1.000000000 6329.583  2.415489e+03  1.477151e+03
 [3,]    3 0.069172296 0.315224790 5883.312  2.605966e+03  1.590325e+02
 [4,]    4 0.091261241 0.096522367 6023.219  2.960377e+03  5.518859e+01
 [5,]    5 0.098521269 0.024640897 5759.589  5.980712e+02  1.177330e+04
 [6,]    6 0.099743018 0.012544372 5640.310  2.675290e+02  2.339001e+03
 [7,]    7 0.099732579 0.012029192 5639.527  2.722792e+02  6.455105e+02
 [8,]    8 0.099643519 0.011830892 5639.445  2.748860e+02 -7.330086e+01
 [9,]    9 0.099544586 0.011816697 5639.419  2.752175e+02 -1.250407e+02
[10,]   10 0.099148854 0.011759917 5639.323  2.765758e+02 -3.338382e+02
[11,]   11 0.092351203 0.011281654 5637.963  2.965260e+02 -2.142216e+03
[12,]   12 0.073196254 0.010522254 5634.357  3.730909e+02 -5.064858e+03
[13,]   13 0.000010000 0.008341504 5707.672 -3.283934e+05 -4.699519e+01
[14,]   14 0.045558635 0.009698729 5626.631  6.049993e+02 -7.627945e+03
[15,]   15 0.015368077 0.008799133 5607.294  1.155405e+03 -6.602595e+03
[16,]   16 0.005349520 0.008500607 5601.466 -8.662954e+02 -2.005440e+03
[17,]   17 0.010272116 0.008647287 5602.588  9.468813e+02 -4.863661e+03
[18,]   18 0.005349520 0.008500607 5601.466 -8.662954e+02 -2.005440e+03
[19,]   19 0.060715249 0.010393099 5629.985  4.366319e+02 -5.076857e+03
[20,]   20 0.014892468 0.008826801 5606.571  1.136895e+03 -6.263338e+03
[21,]   21 0.007369626 0.008569658 5600.901  3.150096e+02 -3.316148e+03
[22,]   22 0.007208044 0.008734830 5600.378  1.354791e+02 -2.601646e+03
[23,]   23 0.007433510 0.009423548 5599.284 -1.552629e+02 -6.635516e+02
[24,]   24 0.007951113 0.009755057 5599.098 -1.004605e+02 -7.129075e+01
[25,]   25 0.008302581 0.009850236 5599.074 -2.206992e+01  2.108387e+01
[26,]   26 0.008381226 0.009845744 5599.074  2.882559e+00 -1.645165e+01
[27,]   27 0.008378205 0.009851745 5599.074 -7.842350e-02 -1.608519e+00
[28,]   28 0.008379371 0.009852612 5599.074 -3.481246e-02 -2.058712e-02
[29,]   29 0.008378374 0.009851870 5599.074 -7.212006e-02 -1.378896e+00
[30,]   30 0.008378234 0.009851766 5599.074 -7.735990e-02 -1.569780e+00
[31,]   31 0.008378210 0.009851749 5599.074 -7.823941e-02 -1.601818e+00
[32,]   32 0.008378206 0.009851745 5599.074 -7.839139e-02 -1.607355e+00
[33,]   33 0.008378205 0.009851745 5599.074 -7.841761e-02 -1.608310e+00
[34,]   34 0.008378205 0.009851745 5599.074 -7.842213e-02 -1.608483e+00
[35,]   35 0.008378205 0.009851745 5599.074 -7.842312e-02 -1.608512e+00
[36,]   36 0.008378205 0.009851745 5599.074 -7.842308e-02 -1.608518e+00
[37,]   37 0.008378205 0.009851745 5599.074 -7.842354e-02 -1.608519e+00
[38,]   38 0.008378205 0.009851745 5599.074 -7.842352e-02 -1.608519e+00
[39,]   39 0.008378205 0.009851745 5599.074 -7.842354e-02 -1.608519e+00
[40,]   40 0.008378205 0.009851745 5599.074 -7.842357e-02 -1.608519e+00
[41,]   41 0.008378205 0.009851745 5599.074 -7.842355e-02 -1.608519e+00

