[22;0t]0;IPython: scripts/01_msprime_simulations$par
[1] 1.22943e-01 8.69656e-05

$value
[1] -105.1447

$counts
function gradient 
      47       47 

$convergence
[1] 0

$message
[1] "CONVERGENCE: REL_REDUCTION_OF_F <= FACTR*EPSMCH"

$loginfo
      step       par1         par2         fn           gr1          gr2
 [1,]    1  0.1000000 1.000000e-02   344.7817  2.221836e+03    3109.3738
 [2,]    2  0.0000010 1.000000e-06   130.7452  4.170835e+04 -243752.8340
 [3,]    3  0.0000010 1.000000e+01 24353.5324  2.416099e+03    2323.6842
 [4,]    4  0.0000010 3.283836e+00  8262.3565  2.416074e+03    2467.6902
 [5,]    5  0.0000010 1.078204e+00  2770.7229  2.415986e+03    2509.7508
 [6,]    6  0.0000010 3.541241e-01   952.1358  2.415690e+03    2506.6555
 [7,]    7  0.0000010 1.164289e-01   360.1081  2.414484e+03    2454.2151
 [8,]    8  0.0000010 3.838418e-02   172.8959  2.408328e+03    2281.2909
 [9,]    9  0.0000010 1.274035e-02   118.7355  2.371998e+03    1757.4589
[10,]   10  0.0000010 1.264915e-02   118.5755  2.371481e+03    1751.8019
[11,]   11  0.0000010 1.228438e-02   117.9407  2.369310e+03    1728.3338
[12,]   12  0.0000010 1.082529e-02   115.4955  2.358602e+03    1618.6390
[13,]   13  0.0000010 4.988922e-03   108.4031  2.204050e+03     537.9162
[14,]   14  0.0000010 1.569921e-03   108.2381  5.345218e+03    1355.6402
[15,]   15  0.0000010 1.000000e-06   130.7452  4.170835e+04 -243752.8340
[16,]   16  0.0000010 1.048835e-03   107.7622  5.899951e+03     720.3308
[17,]   17  0.0000010 4.580141e-04   107.0912  7.871397e+03    1676.7923
[18,]   18  0.0000010 1.000000e-06   130.7452  4.170835e+04 -243752.8340
[19,]   19  0.0000010 3.586395e-04   106.9119  7.282547e+03    1963.9769
[20,]   20  0.0000010 1.798197e-04   106.5118  1.661166e+02    1784.9442
[21,]   21  0.0000010 8.803564e-05   106.3750 -8.003258e+03    1564.4450
[22,]   22  0.0000010 3.059212e-05   107.2052  1.878104e+03   -8009.6954
[23,]   23  0.0000010 8.684625e-05   106.3765 -8.074207e+03    1520.6313
[24,]   24  0.0000010 8.803564e-05   106.3750 -8.003258e+03    1564.4450
[25,]   25 10.0000000 1.000000e-06   141.2508 -7.469225e-07 -361514.3482
[26,]   26  3.3310859 5.904332e-05   106.2732 -3.282556e-04     896.5799
[27,]   27  1.1087062 7.838595e-05   105.3750  9.396185e-04   17734.5630
[28,]   28  0.3690951 8.482320e-05   105.2199  5.251072e-02   22010.9636
[29,]   29  0.1229430 8.696560e-05   105.1447  4.757247e-01   23114.0644
[30,]   30  0.1231671 1.000000e-06   141.1720  7.130868e-01 -361199.7493
[31,]   31  0.1229457 8.590081e-05   105.1614  4.759424e-01   22461.5308
[32,]   32  0.1229433 8.684575e-05   105.1465  4.757456e-01   23041.2068
[33,]   33  0.1229430 8.695193e-05   105.1449  4.757275e-01   23105.7609
[34,]   34  0.1229430 8.696404e-05   105.1447  4.757243e-01   23113.1159
[35,]   35  0.1229430 8.696542e-05   105.1447  4.757242e-01   23113.9561
[36,]   36  0.1229430 8.696558e-05   105.1447  4.757235e-01   23114.0521
[37,]   37  0.1229430 8.696560e-05   105.1447  4.757254e-01   23114.0630
[38,]   38  0.1229430 8.696560e-05   105.1447  4.757240e-01   23114.0643
[39,]   39  0.1229430 8.696560e-05   105.1447  4.757239e-01   23114.0644
[40,]   40  0.1229430 8.696560e-05   105.1447  4.757236e-01   23114.0644
[41,]   41  0.1229430 8.696560e-05   105.1447  4.757240e-01   23114.0644
[42,]   42  0.1229430 8.696560e-05   105.1447  4.757239e-01   23114.0644
[43,]   43  0.1229430 8.696560e-05   105.1447  4.757239e-01   23114.0644
[44,]   44  0.1229430 8.696560e-05   105.1447  4.757239e-01   23114.0644
[45,]   45  0.1229430 8.696560e-05   105.1447  4.757239e-01   23114.0644
[46,]   46  0.1229430 8.696560e-05   105.1447  4.757239e-01   23114.0644

