[22;0t]0;IPython: scripts/01_msprime_simulations$par
[1] 0.0069109633 0.0006919341

$value
[1] -550.3756

$counts
function gradient 
      45       45 

$convergence
[1] 52

$message
[1] "ERROR: ABNORMAL_TERMINATION_IN_LNSRCH"

$loginfo
      step        par1         par2         fn          gr1           gr2
 [1,]    1 0.100000000 0.0100000000   772.0815   1796.10843  4.846096e+03
 [2,]    2 0.000001000 0.0000010000   826.9076 105563.54471 -2.646594e+06
 [3,]    3 0.046749185 0.0046753978   648.3843   1233.13836  1.204944e+04
 [4,]    4 0.016498432 0.0016505947   568.6240    386.19676  2.348468e+04
 [5,]    5 0.006910963 0.0006919341   550.3756     33.30788 -9.301837e+00
 [6,]    6 0.004214948 0.0010499936   553.8002     98.10582  1.399046e+04
 [7,]    7 0.006888893 0.0006948653   550.3770     31.95264  2.460245e+02
 [8,]    8 0.006909337 0.0006921501   550.3757     33.20759  9.627833e+00
 [9,]    9 0.006910835 0.0006919512   550.3756     33.29994 -7.802448e+00
[10,]   10 0.006910953 0.0006919355   550.3756     33.30725 -9.182466e+00
[11,]   11 0.006910962 0.0006919342   550.3756     33.30783 -9.292330e+00
[12,]   12 0.006910963 0.0006919341   550.3756     33.30787 -9.301080e+00
[13,]   13 0.006910963 0.0006919341   550.3756     33.30788 -9.301777e+00
[14,]   14 0.006910963 0.0006919341   550.3756     33.30788 -9.301832e+00
[15,]   15 0.006910963 0.0006919341   550.3756     33.30788 -9.301837e+00
[16,]   16 0.006910963 0.0006919341   550.3756     33.30788 -9.301837e+00
[17,]   17 0.006910963 0.0006919341   550.3756     33.30788 -9.301837e+00
[18,]   18 0.006910963 0.0006919341   550.3756     33.30788 -9.301837e+00
[19,]   19 0.006910963 0.0006919341   550.3756     33.30788 -9.301837e+00
[20,]   20 0.006910963 0.0006919341   550.3756     33.30788 -9.301837e+00
[21,]   21 0.006910963 0.0006919341   550.3756     33.30788 -9.301837e+00
[22,]   22 0.006910963 0.0006919341   550.3756     33.30788 -9.301837e+00
[23,]   23 0.006910963 0.0006919341   550.3756     33.30788 -9.301837e+00
[24,]   24 0.000001000 9.3025292343 22804.1435   2416.09726  2.332224e+03
[25,]   25 0.006904336 0.0096137961   583.1334   2798.63850 -1.469851e+03
[26,]   26 0.006910961 0.0006952624   550.3780     31.92615  2.699169e+02
[27,]   27 0.006910963 0.0006919423   550.3756     33.30444 -8.610052e+00
[28,]   28 0.006910963 0.0006919342   550.3756     33.30787 -9.300014e+00
[29,]   29 0.006910963 0.0006919341   550.3756     33.30788 -9.301833e+00
[30,]   30 0.006910963 0.0006919341   550.3756     33.30788 -9.301837e+00
[31,]   31 0.006910963 0.0006919341   550.3756     33.30788 -9.301837e+00
[32,]   32 0.006910963 0.0006919341   550.3756     33.30788 -9.301837e+00
[33,]   33 0.006910963 0.0006919341   550.3756     33.30788 -9.301837e+00
[34,]   34 0.006910963 0.0006919341   550.3756     33.30788 -9.301837e+00
[35,]   35 0.006910963 0.0006919341   550.3756     33.30788 -9.301837e+00
[36,]   36 0.006910963 0.0006919341   550.3756     33.30788 -9.301837e+00
[37,]   37 0.006910963 0.0006919341   550.3756     33.30788 -9.301837e+00
[38,]   38 0.006910963 0.0006919341   550.3756     33.30788 -9.301837e+00

