[22;0t]0;IPython: scripts/01_msprime_simulations$par
[1] 0.0025565182 0.0009951476

$value
[1] -767.3252

$counts
function gradient 
      37       37 

$convergence
[1] 0

$message
[1] "CONVERGENCE: REL_REDUCTION_OF_F <= FACTR*EPSMCH"

$loginfo
      step        par1         par2        fn           gr1           gr2
 [1,]    1 0.100000000 0.0100000000  969.9988  1.517782e+03  9.150848e+03
 [2,]    2 0.000001000 0.0000010000 1231.1139  1.082450e+05 -4.169656e+06
 [3,]    3 0.054963528 0.0054967582  859.1310  1.079837e+03  1.377646e+04
 [4,]    4 0.019240095 0.0019247364  778.5616  3.080894e+02  1.378216e+04
 [5,]    5 0.000001000 0.0000010000 1231.1139  1.082450e+05 -4.169656e+06
 [6,]    6 0.013092899 0.0013100721  770.3663  2.146684e+02  5.813868e+03
 [7,]    7 0.000001000 0.0000010000 1231.1139  1.082450e+05 -4.169656e+06
 [8,]    8 0.009304946 0.0009313109  769.7878  3.049292e+02 -1.066576e+04
 [9,]    9 0.011157029 0.0011165025  769.3549  2.300714e+02 -6.060709e+02
[10,]   10 0.009919956 0.0010624325  769.1408  2.484999e+02 -2.874119e+03
[11,]   11 0.005671422 0.0009608901  768.3271  3.645648e+02 -6.192459e+03
[12,]   12 0.000001000 0.0008253637  783.8341 -7.490181e+04  0.000000e+00
[13,]   13 0.003753232 0.0009150442  767.8484  4.109650e+02 -6.490887e+03
[14,]   14 0.001414823 0.0008591549  767.7147 -6.100794e+02 -2.368847e+03
[15,]   15 0.003104759 0.0008995453  767.6828  3.748121e+02 -6.118929e+03
[16,]   16 0.002121723 0.0008760502  767.5324  1.057170e+02 -4.633636e+03
[17,]   17 0.001269257 0.0009675183  767.9304 -1.428475e+03  2.608489e+03
[18,]   18 0.001870138 0.0009030449  767.4585 -1.921248e+02 -2.226339e+03
[19,]   19 0.008216031 0.0016930739  772.8558  2.145821e+02  1.110779e+04
[20,]   20 0.002706949 0.0010072233  767.3322  4.129064e+01  1.392741e+02
[21,]   21 0.002600566 0.0009969805  767.3260  1.863576e+01 -6.039830e+01
[22,]   22 0.002556518 0.0009951476  767.3252  3.210727e+00 -4.298685e+01
[23,]   23 0.002553159 0.0009957688  767.3253  4.163001e-01 -1.086457e+01
[24,]   24 0.002556377 0.0009951737  767.3252  3.093346e+00 -4.163444e+01
[25,]   25 0.002556512 0.0009951487  767.3252  3.205630e+00 -4.292812e+01
[26,]   26 0.002556518 0.0009951477  767.3252  3.210505e+00 -4.298430e+01
[27,]   27 0.002556518 0.0009951476  767.3252  3.210717e+00 -4.298674e+01
[28,]   28 0.002556518 0.0009951476  767.3252  3.210726e+00 -4.298685e+01
[29,]   29 0.002556518 0.0009951476  767.3252  3.210727e+00 -4.298685e+01
[30,]   30 0.002556518 0.0009951476  767.3252  3.210727e+00 -4.298685e+01
[31,]   31 0.002556518 0.0009951476  767.3252  3.210727e+00 -4.298685e+01
[32,]   32 0.002556518 0.0009951476  767.3252  3.210727e+00 -4.298685e+01
[33,]   33 0.002556518 0.0009951476  767.3252  3.210727e+00 -4.298685e+01
[34,]   34 0.002556518 0.0009951476  767.3252  3.210727e+00 -4.298685e+01
[35,]   35 0.002556518 0.0009951476  767.3252  3.210727e+00 -4.298685e+01

