[22;0t]0;IPython: scripts/01_msprime_simulations$par
[1] 0.08587461 0.50686353

$value
[1] -53379.99

$counts
function gradient 
      31       31 

$convergence
[1] 0

$message
[1] "CONVERGENCE: REL_REDUCTION_OF_F <= FACTR*EPSMCH"

$loginfo
      step       par1       par2        fn           gr1           gr2
 [1,]    1 0.10000000  0.0100000 118816.99  6.677308e+04 -3.055161e+06
 [2,]    2 0.00000100 10.0000000  61662.43 -9.996904e+06  4.340362e+02
 [3,]    3 1.48771503 10.0000000  60775.65  2.064757e+03  3.411592e+02
 [4,]    4 0.49527254 10.0000000  58722.18  1.839926e+03  4.119955e+02
 [5,]    5 0.16505513 10.0000000  58313.82 -9.970181e+01  4.317793e+02
 [6,]    6 0.16505677  9.9985609  58313.20 -9.965769e+01  4.317617e+02
 [7,]    7 0.16506336  9.9928045  58310.71 -9.947892e+01  4.316890e+02
 [8,]    8 0.16508969  9.9697791  58300.77 -9.871727e+01  4.313997e+02
 [9,]    9 0.16519502  9.8776773  58261.08 -9.483075e+01  4.303008e+02
[10,]   10 0.16561635  9.5092702  58103.08 -6.391112e+01  4.278225e+02
[11,]   11 0.16730167  8.0356417  57474.81  1.195884e+02  4.164478e+02
[12,]   12 0.17404296  2.1411279  54845.82  1.693398e+03  6.327804e+02
[13,]   13 0.17649166  0.0000010 426659.44  0.000000e+00 -1.532661e+09
[14,]   14 0.17486131  1.4255624  54290.86  1.596239e+03  9.426547e+02
[15,]   15 0.17594803  0.4753503  53584.13  2.996259e+03 -1.781250e+03
[16,]   16 0.16715953  8.1441200  57520.07  1.065544e+02  4.182896e+02
[17,]   17 0.17391708  2.2475372  54911.68  1.694896e+03  6.108067e+02
[18,]   18 0.17553549  0.8353256  53673.34  1.323381e+03  1.027915e+03
[19,]   19 0.17580932  0.5963828  53501.59  1.904768e+03  1.098957e+02
[20,]   20 0.17578350  0.5894743  53501.01  1.944510e+03  4.561475e+01
[21,]   21 0.17572460  0.5837544  53500.79  1.978647e+03 -1.021772e+01
[22,]   22 0.17566882  0.5826798  53500.69  1.984815e+03 -2.072350e+01
[23,]   23 0.02989838  0.4886822  53626.14 -1.444509e+04  7.296839e+02
[24,]   24 0.10721395  0.5385379  53391.38  8.614311e+02  7.929938e+01
[25,]   25 0.04667466  0.4831580  53463.30 -5.890723e+03  3.884013e+02
[26,]   26 0.08875233  0.5216496  53380.90  2.037312e+01  1.177684e+02
[27,]   27 0.08523584  0.5062464  53380.00 -4.088008e+01  1.970156e+00
[28,]   28 0.08603346  0.5068038  53379.99  1.295565e+01 -2.856442e+00
[29,]   29 0.08587845  0.5068860  53379.99 -1.992717e-02  1.866119e-01
[30,]   30 0.08587461  0.5068635  53379.99 -5.621368e-03 -9.124378e-03

