[22;0t]0;IPython: scripts/01_msprime_simulations$par
[1] 0.0007325451 0.0069348059

$value
[1] -5951.098

$counts
function gradient 
      42       42 

$convergence
[1] 0

$message
[1] "CONVERGENCE: REL_REDUCTION_OF_F <= FACTR*EPSMCH"

$loginfo
      step         par1         par2        fn           gr1           gr2
 [1,]    1 0.1000000000  0.010000000  6045.065  3.396661e+02 -1.530713e+04
 [2,]    2 0.0000010000 10.000000000 25785.755  2.416088e+03  2.204109e+03
 [3,]    3 0.0717959783  2.827609945 10206.373  2.413783e+03  2.075183e+03
 [4,]    4 0.0916244853  0.846722283  6666.797  2.406863e+03  1.192600e+03
 [5,]    5 0.0973609329  0.273645440  6346.740  2.977054e+03 -3.366849e+02
 [6,]    6 0.0992430966  0.085615402  6469.142  3.345810e+03  5.106038e+02
 [7,]    7 0.0998528294  0.024702488  6144.214  5.842393e+02  1.311066e+04
 [8,]    8 0.0999649470  0.013501829  6026.964  2.379271e+02  2.382036e+03
 [9,]    9 0.0999198485  0.013030482  6026.193  2.437028e+02  8.086641e+02
[10,]   10 0.0998216070  0.012780879  6026.079  2.477422e+02 -1.011134e+02
[11,]   11 0.0997471093  0.012781537  6026.061  2.477605e+02 -9.733936e+01
[12,]   12 0.0994491187  0.012784170  6025.987  2.478346e+02 -8.224219e+01
[13,]   13 0.0982571561  0.012794700  6025.691  2.481445e+02 -2.183804e+01
[14,]   14 0.0934893057  0.012836822  6024.508  2.496348e+02  2.199563e+02
[15,]   15 0.0744179040  0.013005309  6019.763  2.631272e+02  1.182934e+03
[16,]   16 0.0000010000  0.013662748  6018.600 -4.599859e+05  9.687914e+02
[17,]   17 0.0743770490  0.013005670  6019.753  2.631776e+02  1.184972e+03
[18,]   18 0.0371890245  0.013334209  6008.316  4.655897e+02  2.796496e+03
[19,]   19 0.0124178832  0.013553050  5987.305  1.750742e+03  2.678753e+03
[20,]   20 0.0041937240  0.013625707  5966.257  3.573942e+03  1.653830e+03
[21,]   21 0.0027781436  0.012779754  5959.866  3.666064e+03  1.265581e+03
[22,]   22 0.0000010000  0.011120128  6016.854 -4.673521e+05  3.890596e+02
[23,]   23 0.0017764211  0.012181123  5955.714  2.963504e+03  1.085443e+03
[24,]   24 0.0000010000  0.010370458  6016.261 -4.680126e+05  5.707326e+02
[25,]   25 0.0011894416  0.011582491  5953.830  8.731469e+02  1.009100e+03
[26,]   26 0.0007037280  0.010255797  5953.255 -5.090944e+03  8.828159e+02
[27,]   27 0.0009410838  0.009352297  5952.038 -8.599702e+02  3.846454e+02
[28,]   28 0.0009589984  0.008397102  5951.824 -3.230243e+02  1.906947e+02
[29,]   29 0.0009612774  0.007434415  5951.469  1.829236e+03  2.655720e+02
[30,]   30 0.0009703936  0.003583668  6017.192  2.991577e+04 -5.963521e+04
[31,]   31 0.0009623395  0.006985789  5951.560  3.624782e+03 -8.430523e+02
[32,]   32 0.0009616093  0.007294207  5951.447  2.359871e+03  2.556833e+01
[33,]   33 0.0007975905  0.004495846  5975.569  1.626750e+04 -2.703751e+04
[34,]   34 0.0009546598  0.007175639  5951.439  2.743924e+03 -2.242650e+02
[35,]   35 0.0008868935  0.007101573  5951.282  2.130294e+03 -1.491081e+02
[36,]   36 0.0006276078  0.006758462  5951.192 -2.005939e+03 -1.718772e+02
[37,]   37 0.0007665981  0.006942387  5951.114  7.146197e+02 -1.322356e+02
[38,]   38 0.0007206779  0.006936899  5951.098 -2.906803e+02  6.390238e+01
[39,]   39 0.0007330659  0.006934126  5951.098  1.561526e+01 -4.726254e+00
[40,]   40 0.0007325907  0.006935015  5951.098  3.731039e-01  6.950805e-01
[41,]   41 0.0007325451  0.006934806  5951.098  3.074532e-01  1.630164e-01

