[22;0t]0;IPython: scripts/01_msprime_simulations$par
[1] 0.0000010000 0.0001101037

$value
[1] -115.5948

$counts
function gradient 
      79       79 

$convergence
[1] 52

$message
[1] "ERROR: ABNORMAL_TERMINATION_IN_LNSRCH"

$loginfo
      step  par1         par2         fn       gr1          gr2
 [1,]    1 1e-01 1.000000e-02   354.4043  2228.837    2814.7305
 [2,]    2 1e-06 1.000000e-06   143.1967 53064.238 -275985.9563
 [3,]    3 1e-06 1.000000e+01 24354.8216  2416.099    2323.5766
 [4,]    4 1e-06 3.289555e+00  8278.9231  2416.074    2467.2584
 [5,]    5 1e-06 1.081995e+00  2783.8207  2415.987    2508.7677
 [6,]    6 1e-06 3.559980e-01   961.5349  2415.709    2503.9456
 [7,]    7 1e-06 1.172486e-01   367.9343  2414.859    2446.2602
 [8,]    8 1e-06 3.871811e-02   180.5811  2412.286    2257.6942
 [9,]    9 1e-06 1.286937e-02   126.9875  2404.518    1687.6072
[10,]   10 1e-06 1.279116e-02   126.8557  2404.445    1682.3825
[11,]   11 1e-06 1.247832e-02   126.3327  2404.145    1660.8281
[12,]   12 1e-06 1.122697e-02   124.3137  2402.758    1562.5938
[13,]   13 1e-06 6.221550e-03   118.0809  2389.789     774.3170
[14,]   14 1e-06 5.853122e-04   116.4209 12083.665    1360.2554
[15,]   15 1e-06 1.000000e-06   143.1967     0.000 -275985.9563
[16,]   16 1e-06 5.853122e-04   116.4209 12083.665    1360.2554
[17,]   17 1e-06 1.000000e-06   143.1967 53064.238 -275985.9563
[18,]   18 1e-06 4.351076e-04   116.1959 13598.715    1670.7992
[19,]   19 1e-06 2.180538e-04   115.7737 13004.142    1930.2647
[20,]   20 1e-06 2.160995e-04   115.7695 12943.983    1915.7510
[21,]   21 1e-06 2.146312e-04   115.7663 12897.583    1904.0433
[22,]   22 1e-06 1.078156e-04   115.5950  6570.367  -37615.2390
[23,]   23 1e-06 2.094848e-04   115.7552 12726.599    1857.0073
[24,]   24 1e-06 1.398335e-04   115.6201  8983.795   -2166.4891
[25,]   25 1e-06 1.078156e-04   115.5950  6570.367  -37615.2390
[26,]   26 1e-06 1.000000e+01 24354.8216  2416.099    2323.5766
[27,]   27 1e-06 3.039521e+00  7661.3749  2416.071    2472.4524
[28,]   28 1e-06 9.230415e-01  2384.8982  2415.964    2510.5000
[29,]   29 1e-06 2.808148e-01   773.5047  2415.597    2497.3209
[30,]   30 1e-06 8.594270e-02   291.8210  2414.397    2412.7720
[31,]   31 1e-06 2.669863e-02   154.1171  2410.556    2130.0551
[32,]   32 1e-06 8.564820e-03   120.5226  2398.216    1258.0809
[33,]   33 1e-06 2.887507e-03   117.9924  2497.654    -973.7400
[34,]   34 1e-06 9.826309e-04   116.8525  8752.873     818.7896
[35,]   35 1e-06 3.815663e-04   116.1032 14034.590    1806.1878
[36,]   36 1e-06 1.927858e-04   115.7195 12077.447    1619.1666
[37,]   37 1e-06 1.346409e-04   115.6130  8603.047   -3136.0749
[38,]   38 1e-06 1.161036e-04   115.5962  7193.368  -13887.4572
[39,]   39 1e-06 1.101037e-04   115.5948  6739.808  -27960.1772
[40,]   40 1e-06 1.167297e-04   115.5965  7241.194  -12978.0476
[41,]   41 1e-06 1.118386e-04   115.5950  6869.816  -22615.0486
[42,]   42 1e-06 1.104981e-04   115.5948  6769.257  -26621.7764
[43,]   43 1e-06 1.101885e-04   115.5948  6746.132  -27665.6990
[44,]   44 1e-06 1.101216e-04   115.5948  6741.148  -27897.4567
[45,]   45 1e-06 1.101075e-04   115.5948  6740.091  -27946.9137
[46,]   46 1e-06 1.101045e-04   115.5948  6739.867  -27957.3766
[47,]   47 1e-06 1.101038e-04   115.5948  6739.820  -27959.5861
[48,]   48 1e-06 1.101037e-04   115.5948  6739.810  -27960.0525
[49,]   49 1e-06 1.101037e-04   115.5948  6739.808  -27960.1509
[50,]   50 1e-06 1.101037e-04   115.5948  6739.808  -27960.1717
[51,]   51 1e-06 1.101037e-04   115.5948  6739.808  -27960.1761
[52,]   52 1e-06 1.101037e-04   115.5948  6739.808  -27960.1770
[53,]   53 1e-06 1.101037e-04   115.5948  6739.808  -27960.1772
[54,]   54 1e-06 1.101037e-04   115.5948  6739.808  -27960.1772
[55,]   55 1e-06 1.101037e-04   115.5948  6739.808  -27960.1772
[56,]   56 1e-06 1.101037e-04   115.5948  6739.808  -27960.1772
[57,]   57 1e-06 1.101037e-04   115.5948  6739.808  -27960.1772
[58,]   58 1e-06 1.101037e-04   115.5948  6739.808  -27960.1772
[59,]   59 1e-06 1.101037e-04   115.5948  6739.808  -27960.1772
[60,]   60 1e-06 1.000000e+01 24354.8216  2416.099    2323.5766
[61,]   61 1e-06 2.951026e+00  7442.4943  2416.069    2474.2800
[62,]   62 1e-06 8.698659e-01  2251.3890  2415.954    2510.9368
[63,]   63 1e-06 2.570542e-01   714.2024  2415.548    2494.2209
[64,]   64 1e-06 7.659672e-02   269.3405  2414.186    2397.3598
[65,]   65 1e-06 2.330762e-02   146.9909  2409.745    2070.1860
[66,]   66 1e-06 7.413252e-03   119.1831  2394.957    1058.5699
[67,]   67 1e-06 2.505992e-03   118.2828  3383.457    -259.9131
[68,]   68 1e-06 8.461168e-04   116.7266  9759.100    1010.5628
[69,]   69 1e-06 3.349368e-04   116.0162 14253.152    1926.4489
[70,]   70 1e-06 1.783494e-04   115.6895 11391.951    1246.8081
[71,]   71 1e-06 1.312426e-04   115.6088  8348.970   -3885.6559
[72,]   72 1e-06 1.163926e-04   115.5964  7215.433  -13458.3451
[73,]   73 1e-06 1.117385e-04   115.5950  6862.287  -22887.9842
[74,]   74 1e-06 1.104739e-04   115.5948  6767.450  -26701.5750
[75,]   75 1e-06 1.101832e-04   115.5948  6745.738  -27683.9479
[76,]   76 1e-06 1.101205e-04   115.5948  6741.064  -27901.3767
[77,]   77 1e-06 1.101072e-04   115.5948  6740.073  -27947.7441
[78,]   78 1e-06 1.101044e-04   115.5948  6739.864  -27957.5521
[79,]   79 1e-06 1.101038e-04   115.5948  6739.819  -27959.6231

