[22;0t]0;IPython: scripts/01_msprime_simulations$par
[1] 0.007778398 3.125373394

$value
[1] -36670.44

$counts
function gradient 
      41       41 

$convergence
[1] 0

$message
[1] "CONVERGENCE: REL_REDUCTION_OF_F <= FACTR*EPSMCH"

$loginfo
      step         par1      par2        fn           gr1           gr2
 [1,]    1 1.000000e-01  0.010000  52503.20  3.169196e+04 -1.084998e+06
 [2,]    2 1.000000e-06 10.000000  41349.08 -2.269463e+05  9.431945e+02
 [3,]    3 1.878131e+00 10.000000  45781.11  2.350856e+03  9.684699e+02
 [4,]    4 6.164418e-01 10.000000  42759.65  2.435519e+03  9.801909e+02
 [5,]    5 2.024923e-01 10.000000  41750.44  2.422664e+03  9.883531e+02
 [6,]    6 6.669124e-02 10.000000  41426.70  2.302456e+03  9.887617e+02
 [7,]    7 2.211671e-02 10.000000  41328.68  1.996706e+03  9.898821e+02
 [8,]    8 2.192568e-02  9.990914  41319.30  1.993319e+03  9.895170e+02
 [9,]    9 2.116157e-02  9.954568  41281.85  1.978376e+03  9.879317e+02
[10,]   10 1.810514e-02  9.809187  41132.90  1.881120e+03  9.792427e+02
[11,]   11 5.879395e-03  9.227663  40557.67  2.623028e+02  9.420233e+02
[12,]   12 1.000000e-06  8.948054  40384.88 -5.220622e+05  9.001582e+02
[13,]   13 5.374088e-03  9.203628  40534.97  5.153399e+01  9.399650e+02
[14,]   14 1.677331e-03  9.027790  40376.63 -4.977303e+03  9.286686e+02
[15,]   15 1.000000e-06  8.920440  40360.02 -5.291307e+05  9.003786e+02
[16,]   16 1.503652e-03  9.016668  40367.24 -5.786680e+03  9.283448e+02
[17,]   17 7.523258e-04  8.968554  40329.19 -1.366872e+04  9.271496e+02
[18,]   18 1.000000e-06  8.642809  40109.17 -5.511359e+05  8.952795e+02
[19,]   19 9.365567e-04  0.000001 165544.89  1.235566e+05 -6.138057e+08
[20,]   20 3.272840e-04  5.628551  37581.42 -5.414884e+04  6.821324e+02
[21,]   21 2.734778e-05  0.000001 165431.99  1.246979e+05 -6.138056e+08
[22,]   22 2.251318e-04  3.711581  36789.84 -1.260027e+05  1.423978e+02
[23,]   23 3.486263e-04  3.213235  36741.02 -8.644832e+04  4.877465e+01
[24,]   24 5.014898e-04  2.904165  36741.36 -5.966193e+04 -1.243601e+02
[25,]   25 4.242665e-04  3.060301  36732.66 -7.097959e+04 -3.791147e+01
[26,]   26 5.416370e-04  3.086195  36724.79 -5.423369e+04 -1.728595e+01
[27,]   27 9.370808e-04  3.095454  36709.13 -2.951175e+04 -8.010099e+00
[28,]   28 1.409740e-03  3.101852  36698.20 -1.824247e+04 -2.372644e+00
[29,]   29 2.176260e-03  3.101768  36687.69 -1.037148e+04 -2.900693e+00
[30,]   30 3.186637e-03  3.107378  36679.82 -5.784634e+03 -2.950868e-01
[31,]   31 4.469217e-03  3.093301  36674.53 -2.923701e+03 -1.214430e+01
[32,]   32 5.695138e-03  3.087254  36672.04 -1.402357e+03 -1.780717e+01
[33,]   33 6.753682e-03  3.087061  36671.05 -5.409551e+02 -1.917291e+01
[34,]   34 7.416861e-03  3.088783  36670.79 -1.302536e+02 -1.889909e+01
[35,]   35 7.704178e-03  3.092214  36670.72  2.182113e+01 -1.722144e+01
[36,]   36 7.947413e-03  3.101648  36670.60  1.314267e+02 -1.224303e+01
[37,]   37 8.037934e-03  3.116434  36670.49  1.484691e+02 -4.784176e+00
[38,]   38 7.905176e-03  3.124420  36670.45  6.640352e+01 -7.207759e-01
[39,]   39 7.805197e-03  3.125987  36670.44  1.233756e+01  2.227927e-01
[40,]   40 7.781836e-03  3.125585  36670.44  1.243092e+00  9.181174e-02
[41,]   41 7.778398e-03  3.125373  36670.44 -5.042046e-02  2.190500e-03

