[22;0t]0;IPython: scripts/01_msprime_simulations$par
[1] 0.004827173 0.100821701

$value
[1] -26605.11

$counts
function gradient 
      31       31 

$convergence
[1] 0

$message
[1] "CONVERGENCE: REL_REDUCTION_OF_F <= FACTR*EPSMCH"

$loginfo
      step        par1        par2        fn           gr1           gr2
 [1,]    1 0.100000000  0.01000000  34846.13  1.883078e+04 -6.417905e+05
 [2,]    2 0.000001000 10.00000000  35276.33  2.414434e+03  1.411750e+03
 [3,]    3 0.066635436  3.34315329  28228.63  2.033595e+03  6.870169e+02
 [4,]    4 0.056035621  3.33941755  28205.35  1.860470e+03  6.961423e+02
 [5,]    5 0.013636363  3.32447459  28155.87 -1.456699e+03  7.194123e+02
 [6,]    6 0.031920779  3.32607889  28159.18  1.032494e+03  7.171905e+02
 [7,]    7 0.020471821  3.32507434  28151.85 -2.934995e+01  7.207877e+02
 [8,]    8 0.020314266  3.32013876  28148.29 -5.169154e+01  7.243877e+02
 [9,]    9 0.019684046  3.30039643  28133.91 -1.388517e+02  7.388179e+02
[10,]   10 0.017163169  3.22142709  28074.58 -5.341549e+02  7.742929e+02
[11,]   11 0.007079657  2.90554976  27861.90 -6.449283e+03  7.421871e+02
[12,]   12 0.000001000  1.51612448  27650.43 -2.340003e+06  1.588006e+02
[13,]   13 0.006677069  2.82652824  27805.26 -7.170746e+03  7.596928e+02
[14,]   14 0.003339034  2.17132636  27393.58 -1.576223e+04  5.653694e+02
[15,]   15 0.030677005  0.00000100 108104.06  6.119346e+04 -3.911896e+08
[16,]   16 0.012588434  1.43669041  27111.04 -1.549067e+03  2.898060e+02
[17,]   17 0.013262002  0.64683142  26794.27  2.084164e+03  1.054004e+02
[18,]   18 0.010897981  0.15640892  26651.29  5.832354e+03  4.407519e+02
[19,]   19 0.010144035  0.00000100 106554.39  9.407263e+04 -3.911411e+08
[20,]   20 0.010646822  0.10430538  26631.76  6.835429e+03 -1.084056e+02
[21,]   21 0.007937161  0.23555837  26672.05  2.746046e+03  3.812823e+02
[22,]   22 0.010306747  0.12077826  26632.92  6.128853e+03  3.802441e+02
[23,]   23 0.010538566  0.10954917  26631.14  6.608874e+03  1.365357e+02
[24,]   24 0.000001000  0.09796698  27156.97 -3.095798e+06  1.401340e+01
[25,]   25 0.006772306  0.10540955  26609.69  3.887732e+03  1.162747e+02
[26,]   26 0.001273755  0.09745301  26653.89 -4.968315e+04  7.381949e+01
[27,]   27 0.004972099  0.10280460  26605.23  3.053244e+02  9.834400e+01
[28,]   28 0.004759449  0.10034893  26605.12 -1.854271e+02 -2.227621e+01
[29,]   29 0.004838823  0.10080641  26605.11  3.821343e+01 -1.709346e+00
[30,]   30 0.004825331  0.10084366  26605.11 -7.440072e+00  1.389694e+00
[31,]   31 0.004827173  0.10082170  26605.11  2.890456e-02  3.924524e-03

