[22;0t]0;IPython: scripts/01_msprime_simulations$par
[1] 0.004439679 0.009911937

$value
[1] -5173.52

$counts
function gradient 
      30       30 

$convergence
[1] 0

$message
[1] "CONVERGENCE: REL_REDUCTION_OF_F <= FACTR*EPSMCH"

$loginfo
      step        par1         par2        fn           gr1           gr2
 [1,]    1 0.100000000  0.010000000  5267.256  4.870927e+02 -9.600218e+03
 [2,]    2 0.000001000 10.000000000 25579.495  2.416098e+03  2.221330e+03
 [3,]    3 0.074304680  2.576988089  9263.723  2.413702e+03  2.105494e+03
 [4,]    4 0.092905366  0.718761006  5887.920  2.392439e+03  1.213433e+03
 [5,]    5 0.097883462  0.221444247  5545.953  2.885148e+03  2.251894e+01
 [6,]    6 0.099446576  0.065287583  5539.102  2.271651e+03  2.013776e+03
 [7,]    7 0.099902925  0.019697906  5293.222  6.123727e+02  7.785724e+03
 [8,]    8 0.099971376  0.012859584  5256.756  4.709155e+02  7.922556e+02
 [9,]    9 0.099843618  0.012642686  5256.579  4.701652e+02  2.753637e+02
[10,]   10 0.099464315  0.012411480  5256.404  4.703003e+02 -3.129818e+02
[11,]   11 0.098718716  0.012231103  5256.153  4.718068e+02 -7.999340e+02
[12,]   12 0.095311222  0.011794465  5255.152  4.814683e+02 -2.076591e+03
[13,]   13 0.086174294  0.011150473  5252.598  5.181552e+02 -4.182933e+03
[14,]   14 0.050484062  0.009560067  5240.188  8.866508e+02 -9.914733e+03
[15,]   15 0.000001000  0.007310474  5312.758 -7.717307e+05  2.063827e+03
[16,]   16 0.030707740  0.008678808  5227.569  1.496414e+03 -1.283700e+04
[17,]   17 0.010316912  0.007770165  5195.114  3.054438e+03 -1.133625e+04
[18,]   18 0.003550316  0.007468636  5178.573  1.229319e+03 -5.500963e+03
[19,]   19 0.000001000  0.007704451  5313.631 -7.724144e+05  2.301830e+03
[20,]   20 0.002396866  0.007545271  5178.361 -1.907139e+03 -3.195176e+03
[21,]   21 0.002991131  0.007505788  5178.008  4.916205e+01 -4.397559e+03
[22,]   22 0.009367516  0.014498689  5184.041  1.230684e+03  2.558360e+03
[23,]   23 0.005163630  0.009888340  5173.771  6.379540e+02 -4.031630e+02
[24,]   24 0.004805604  0.009834616  5173.605  3.863807e+02 -3.032995e+02
[25,]   25 0.004318461  0.009829484  5173.527 -8.820475e+01 -5.375908e+01
[26,]   26 0.004437110  0.009881840  5173.521  1.270918e+01 -4.115629e+01
[27,]   27 0.004440816  0.009903494  5173.520  5.484637e+00 -1.243123e+01
[28,]   28 0.004439806  0.009911903  5173.520  1.538857e-01 -1.127269e-01
[29,]   29 0.004439679  0.009911937  5173.520  3.848777e-03  2.381012e-04

