[22;0t]0;IPython: scripts/01_msprime_simulations$par
[1] 0.04997919 0.05184017

$value
[1] -17650.76

$counts
function gradient 
      46       46 

$convergence
[1] 0

$message
[1] "CONVERGENCE: REL_REDUCTION_OF_F <= FACTR*EPSMCH"

$loginfo
      step        par1        par2       fn           gr1           gr2
 [1,]    1 0.100000000  0.01000000 20365.13  7.717120e+03 -3.042695e+05
 [2,]    2 0.000001000 10.00000000 30337.67  2.414855e+03  1.824074e+03
 [3,]    3 0.066786492  3.32806266 19858.43  2.325399e+03  1.052632e+03
 [4,]    4 0.088915590  1.11734360 18591.17  2.138781e+03  2.382735e+02
 [5,]    5 0.081133188  1.11641241 18574.66  2.043181e+03  2.474513e+02
 [6,]    6 0.050003579  1.11268762 18518.87  1.379149e+03  2.977861e+02
 [7,]    7 0.000001000  1.10514760 18840.01 -1.044408e+06  2.537482e+02
 [8,]    8 0.031176892  1.10984870 18499.95  3.740590e+02  3.348147e+02
 [9,]    9 0.023129926  1.10727980 18499.45 -5.553557e+02  3.435042e+02
[10,]   10 0.027000359  1.10851539 18498.77 -4.079343e+01  3.399543e+02
[11,]   11 0.026297664  1.10683701 18498.25 -1.217794e+02  3.404026e+02
[12,]   12 0.020127943  1.07581153 18491.14 -1.067715e+03  3.366421e+02
[13,]   13 0.016273640  1.01968528 18477.78 -1.891638e+03  3.539695e+02
[14,]   14 0.000001000  0.58593418 18556.63 -1.076440e+06  4.106905e+02
[15,]   15 0.008407022  0.80999869 18381.86 -3.579946e+03  6.071302e+02
[16,]   16 0.002934418  0.66412513 18346.42 -1.497317e+04  5.150076e+02
[17,]   17 0.000001000  0.12879488 18409.59 -1.463154e+06  2.009778e+02
[18,]   18 0.001409889  0.38590820 18256.12 -3.875869e+04  5.171841e+02
[19,]   19 0.003598243  0.00000100 58223.31  1.007947e+05 -2.143272e+08
[20,]   20 0.002142852  0.25665313 18165.36 -2.969672e+04  6.895371e+02
[21,]   21 0.002870547  0.12832706 18027.65 -3.037998e+04  1.352067e+03
[22,]   22 0.003354966  0.04290190 17856.57 -3.443872e+04  1.547068e+03
[23,]   23 0.003516432  0.01442803 18194.17  1.364324e+04 -6.867519e+04
[24,]   24 0.003354966  0.04290190 17856.57 -3.443872e+04  1.547068e+03
[25,]   25 0.005409092  0.00000100 58398.80  9.316054e+04 -2.143351e+08
[26,]   26 0.004038357  0.02862912 17845.07 -2.162082e+04 -4.831367e+03
[27,]   27 0.003667334  0.03637802 17840.13 -2.981629e+04  1.367509e+02
[28,]   28 2.284605125  7.50510451 31330.53  2.345845e+03  1.728616e+03
[29,]   29 0.610007919  2.02178595 20062.41  2.336913e+03  4.791843e+02
[30,]   30 0.175180683  0.59798312 18768.96  3.544744e+03  1.360379e+02
[31,]   31 0.047851206  0.18105415 18043.12  2.667081e+03  1.818565e+03
[32,]   32 0.016399407  0.07806805 17777.13 -4.567805e+03  3.015944e+03
[33,]   33 0.015594806  0.06165295 17732.12 -5.621688e+03  2.835267e+03
[34,]   34 0.012572881  0.00000100 58977.35  7.000389e+04 -2.143648e+08
[35,]   35 0.014587785  0.04110815 17705.71 -4.939875e+03 -1.072644e+03
[36,]   36 0.016771686  0.05279469 17703.50 -4.994013e+03  2.037201e+03
[37,]   37 0.018557497  0.04867721 17688.83 -3.993798e+03  1.102511e+03
[38,]   38 0.024851594  0.04292527 17673.25 -1.507689e+03 -1.971394e+03
[39,]   39 0.029999510  0.04769057 17661.08 -1.230929e+03 -2.618318e+02
[40,]   40 0.038167902  0.05080467 17653.84 -6.195807e+02  3.163075e+02
[41,]   41 0.043920865  0.05177139 17651.58 -2.907270e+02  3.218132e+02
[42,]   42 0.048059009  0.05187956 17650.84 -8.570337e+01  1.250063e+02
[43,]   43 0.049673834  0.05182847 17650.76 -1.234443e+01  1.239854e+01
[44,]   44 0.049979525  0.05184497 17650.76 -6.052833e-01  1.949068e+00
[45,]   45 0.049978435  0.05182912 17650.76  2.462920e-01 -4.586425e+00
[46,]   46 0.049979194  0.05184017 17650.76 -3.473330e-01 -3.087587e-02

