[22;0t]0;IPython: scripts/01_msprime_simulations$par
[1] 0.000001 3.962492

$value
[1] -31241.25

$counts
function gradient 
      11       11 

$convergence
[1] 0

$message
[1] "CONVERGENCE: REL_REDUCTION_OF_F <= FACTR*EPSMCH"

$loginfo
      step       par1      par2       fn        gr1           gr2
 [1,]    1 0.10000000  0.010000 38927.21 20078.2800 -7.158272e+05
 [2,]    2 0.00000100 10.000000 36495.84  2416.0873  1.309934e+03
 [3,]    3 0.06666441  3.340259 31492.01  2067.8104 -3.522171e+02
 [4,]    4 0.05707098  3.341753 31471.75  2044.6015 -3.572833e+02
 [5,]    5 0.01869724  3.347730 31393.85  1872.7389 -3.886044e+02
 [6,]    6 0.00000100  3.350642 31362.80   429.6340 -4.215920e+02
 [7,]    7 0.00000100  3.353154 31361.74   465.0365 -4.195364e+02
 [8,]    8 0.00000100  3.865790 31244.00  2359.1179 -5.748227e+01
 [9,]    9 0.00000100  3.947180 31241.32  2381.1115 -8.908971e+00
[10,]   10 0.00000100  3.962107 31241.25  2384.0205 -2.239599e-01
[11,]   11 0.00000100  3.962492 31241.25  2384.0918 -1.862263e-03

