[22;0t]0;IPython: scripts/01_msprime_simulations$par
[1] 0.0013385928 0.0007039981

$value
[1] -324.3551

$counts
function gradient 
      26       26 

$convergence
[1] 0

$message
[1] "CONVERGENCE: REL_REDUCTION_OF_F <= FACTR*EPSMCH"

$loginfo
      step         par1         par2       fn           gr1           gr2
 [1,]    1 0.1000000000 0.0100000000 552.5247  1.972690e+03  5.651419e+03
 [2,]    2 0.0000010000 0.0000010000 497.6995  5.558482e+04 -1.548744e+06
 [3,]    3 0.0975074448 0.0097507669 546.1958  1.965774e+03  5.747594e+03
 [4,]    4 0.0487542224 0.0048758835 422.4202  1.734241e+03  7.569862e+03
 [5,]    5 0.0169887097 0.0016996181 347.4577  1.265298e+03  8.737467e+03
 [6,]    6 0.0000010000 0.0000010000 497.6995  5.558482e+04 -1.548744e+06
 [7,]    7 0.0111525977 0.0011160594 335.7549  1.190175e+03  5.774450e+03
 [8,]    8 0.0000010000 0.0000010000 497.6995  5.558482e+04 -1.548744e+06
 [9,]    9 0.0079258299 0.0007934117 330.9927  1.173312e+03 -1.320213e+03
[10,]   10 0.0000010000 0.0004439478 336.2596 -6.870832e+04  3.896229e+03
[11,]   11 0.0040801038 0.0006238254 327.1733  1.210219e+03 -8.599459e+03
[12,]   12 0.0000010000 0.0006027110 336.9416 -6.959307e+04  4.164481e+03
[13,]   13 0.0024431221 0.0006153520 325.3425  1.046337e+03 -6.941470e+03
[14,]   14 0.0000010000 0.0006794786 337.2552 -6.874640e+04  3.973653e+03
[15,]   15 0.0015779383 0.0006380705 324.5066  5.265961e+02 -3.406545e+03
[16,]   16 0.0006675637 0.0006549973 324.8791 -2.401102e+03  1.573314e+03
[17,]   17 0.0012404708 0.0006443451 324.3866  4.211562e+01 -1.841249e+03
[18,]   18 0.0014011776 0.0007105467 324.3598  8.259618e+01  1.458282e+01
[19,]   19 0.0013283915 0.0007044617 324.3552 -1.770282e+01  4.155139e+01
[20,]   20 0.0013385928 0.0007039981 324.3551  1.193877e+00 -5.164834e+00
[21,]   21 0.0013380924 0.0007041076 324.3551  8.282922e-03 -1.036703e-01
[22,]   22 0.0013385892 0.0007039989 324.3551  1.185347e+00 -5.128400e+00
[23,]   23 0.0013385927 0.0007039981 324.3551  1.193815e+00 -5.164570e+00
[24,]   24 0.0013385928 0.0007039981 324.3551  1.193876e+00 -5.164832e+00
[25,]   25 0.0013385928 0.0007039981 324.3551  1.193876e+00 -5.164832e+00
[26,]   26 0.0013385928 0.0007039981 324.3551  1.193876e+00 -5.164832e+00

