[22;0t]0;IPython: scripts/01_msprime_simulations$par
[1] 0.0005468902 2.5013903188

$value
[1] -29979.8

$counts
function gradient 
      34       34 

$convergence
[1] 0

$message
[1] "CONVERGENCE: REL_REDUCTION_OF_F <= FACTR*EPSMCH"

$loginfo
      step         par1      par2       fn           gr1           gr2
 [1,]    1 0.1000000000  0.010000 38458.09  2.037075e+04 -6.963225e+05
 [2,]    2 0.0000010000 10.000000 36267.67  2.416098e+03  1.328984e+03
 [3,]    3 0.0666647915  3.340221 30513.24  2.954891e+03  4.556000e+02
 [4,]    4 0.0525189455  3.337831 30470.34  2.951315e+03  4.722493e+02
 [5,]    5 0.0000010000  3.328959 30359.74 -1.295303e+05  6.026677e+02
 [6,]    6 0.0513171688  3.337628 30466.70  2.950399e+03  4.736539e+02
 [7,]    7 0.0256590844  3.333293 30389.69  2.849926e+03  5.006177e+02
 [8,]    8 0.0084970743  3.330394 30342.62  2.244119e+03  5.111266e+02
 [9,]    9 0.0000010000  3.325608 30357.72 -1.272829e+05  6.015838e+02
[10,]   10 0.0044726573  3.328127 30333.72  1.432429e+03  5.117745e+02
[11,]   11 0.0000010000  3.316641 30352.34 -1.221338e+05  5.987513e+02
[12,]   12 0.0026025374  3.323323 30329.53  1.927807e+02  5.125280e+02
[13,]   13 0.0003103907  3.298273 30324.24 -1.704887e+04  5.601690e+02
[14,]   14 0.0018082697  3.314643 30325.36 -1.084269e+03  5.149207e+02
[15,]   15 0.0000010000  3.243895 30308.76 -1.240732e+05  6.236278e+02
[16,]   16 0.0015179580  3.303278 30319.90 -1.791531e+03  5.203683e+02
[17,]   17 0.0007594790  3.273587 30306.25 -5.100222e+03  5.652416e+02
[18,]   18 0.0000010000  3.192385 30273.17 -1.113702e+05  7.319163e+02
[19,]   19 0.0000010000  2.826772 30060.65 -8.861272e+04  4.132195e+02
[20,]   20 0.0010611827  2.428428 29984.30  1.800929e+03 -1.087676e+02
[21,]   21 0.0011692991  2.533817 29981.33  1.978598e+03  4.636010e+01
[22,]   22 0.0004818207  2.501729 29979.81 -5.180713e+02  5.434272e-01
[23,]   23 0.0005906081  2.503194 29979.81  2.746265e+02  2.661631e+00
[24,]   24 0.0005519606  2.501712 29979.80  3.005553e+01  5.186431e-01
[25,]   25 0.0005468902  2.501390 29979.80 -4.682893e+00  5.263117e-02
[26,]   26 0.0005475792  2.501354 29979.80  7.660006e-02 -6.013943e-04
[27,]   27 0.0005469109  2.501389 29979.80 -4.539657e+00  5.106675e-02
[28,]   28 0.0005468908  2.501390 29979.80 -4.678482e+00  5.260721e-02
[29,]   29 0.0005468902  2.501390 29979.80 -4.682850e+00  5.255688e-02
[30,]   30 0.0005468902  2.501390 29979.80 -4.682848e+00  5.256112e-02
[31,]   31 0.0005468905  2.501390 29979.80 -4.680602e+00  5.256989e-02
[32,]   32 0.0005468902  2.501390 29979.80 -4.682731e+00  5.263480e-02
[33,]   33 0.0005468902  2.501390 29979.80 -4.682848e+00  5.256152e-02
[34,]   34 0.0005468902  2.501390 29979.80 -4.682848e+00  5.256112e-02

