[22;0t]0;IPython: scripts/01_msprime_simulations$par
[1] 0.0008083598 0.0003442422

$value
[1] -300.2455

$counts
function gradient 
      37       37 

$convergence
[1] 0

$message
[1] "CONVERGENCE: REL_REDUCTION_OF_F <= FACTR*EPSMCH"

$loginfo
      step         par1         par2       fn           gr1           gr2
 [1,]    1 0.1000000000 0.0100000000 527.1197  2.039910e+03  3.720461e+03
 [2,]    2 0.0000010000 0.0000010000 423.1477  9.264839e+04 -1.184614e+06
 [3,]    3 0.0914514891 0.0091452258 506.5315  2.012955e+03  3.919410e+03
 [4,]    4 0.0457262446 0.0045731129 397.5196  1.684195e+03  6.810637e+03
 [5,]    5 0.0166948572 0.0016702355 328.3153  9.272731e+02  1.532527e+04
 [6,]    6 0.0101936533 0.0010201736 312.4223  5.527783e+02  1.777604e+04
 [7,]    7 0.0034665021 0.0003475190 300.8647  2.199793e+02 -3.693159e+03
 [8,]    8 0.0000010000 0.0087461197 313.9241 -2.904276e+04 -8.944765e+02
 [9,]    9 0.0020468420 0.0037880473 314.5340  2.788494e+03  1.622621e+02
[10,]   10 0.0033215282 0.0006988615 304.5805  3.405640e+02  1.367813e+04
[11,]   11 0.0034552767 0.0003747236 300.8921  2.060219e+02  8.464548e+02
[12,]   12 0.0034638642 0.0003539121 300.8613  2.160417e+02 -2.514844e+03
[13,]   13 0.0000010000 0.0003562507 304.3271 -3.336193e+04  4.089927e+03
[14,]   14 0.0021937852 0.0003547698 300.5510  2.676019e+02 -1.247636e+03
[15,]   15 0.0008195015 0.0003556979 300.2716 -2.000555e+01  9.329340e+02
[16,]   16 0.0009926362 0.0003517244 300.2694  9.675205e+01  1.448560e+02
[17,]   17 0.0008726793 0.0003544775 300.2685  2.118390e+01  7.006152e+02
[18,]   18 0.0008083598 0.0003442422 300.2455 -1.384945e+01 -3.598941e+02
[19,]   19 0.0008328251 0.0003477474 300.2521  4.457233e-01  4.760734e+00
[20,]   20 0.0008092387 0.0003443681 300.2457 -1.332407e+01 -3.466880e+02
[21,]   21 0.0008083921 0.0003442468 300.2455 -1.383014e+01 -3.594091e+02
[22,]   22 0.0008083610 0.0003442423 300.2455 -1.384874e+01 -3.598763e+02
[23,]   23 0.0008083599 0.0003442422 300.2455 -1.384942e+01 -3.598935e+02
[24,]   24 0.0008083598 0.0003442422 300.2455 -1.384945e+01 -3.598941e+02
[25,]   25 0.0008083598 0.0003442422 300.2455 -1.384945e+01 -3.598941e+02
[26,]   26 0.0008083598 0.0003442422 300.2455 -1.384945e+01 -3.598941e+02
[27,]   27 0.0008083598 0.0003442422 300.2455 -1.384945e+01 -3.598941e+02
[28,]   28 0.0008083598 0.0003442422 300.2455 -1.384945e+01 -3.598941e+02
[29,]   29 0.0008083598 0.0003442422 300.2455 -1.384945e+01 -3.598941e+02
[30,]   30 0.0008083598 0.0003442422 300.2455 -1.384945e+01 -3.598941e+02
[31,]   31 0.0008083598 0.0003442422 300.2455 -1.384945e+01 -3.598941e+02
[32,]   32 0.0008083598 0.0003442422 300.2455 -1.384945e+01 -3.598941e+02
[33,]   33 0.0008083598 0.0003442422 300.2455 -1.384945e+01 -3.598941e+02
[34,]   34 0.0008083598 0.0003442422 300.2455 -1.384945e+01 -3.598941e+02
[35,]   35 0.0008083598 0.0003442422 300.2455 -1.384945e+01 -3.598941e+02

