[22;0t]0;IPython: scripts/01_msprime_simulations$par
[1] 0.0754962388 0.0003196933

$value
[1] -279.6392

$counts
function gradient 
      51       51 

$convergence
[1] 0

$message
[1] "CONVERGENCE: REL_REDUCTION_OF_F <= FACTR*EPSMCH"

$loginfo
      step        par1         par2       fn           gr1           gr2
 [1,]    1 0.100000000 0.0100000000 509.6578  2.079399e+03  2.746054e+03
 [2,]    2 0.000001000 0.0000010000 385.8482  8.960422e+04 -1.045830e+06
 [3,]    3 0.086411646 0.0086412869 477.8714  2.037381e+03  2.863163e+03
 [4,]    4 0.043206323 0.0043211434 379.3520  1.706407e+03  5.811755e+03
 [5,]    5 0.015868937 0.0015876509 312.5519  7.745322e+02  1.930488e+04
 [6,]    6 0.011915797 0.0011923724 301.6638  4.934664e+02  2.312365e+04
 [7,]    7 0.010459577 0.0010467636 297.5536  3.781139e+02  2.458172e+04
 [8,]    8 0.009494813 0.0009502958 294.8098  2.986379e+02  2.545138e+04
 [9,]    9 0.000001000 0.0000010000 385.8482  8.960422e+04 -1.045830e+06
[10,]   10 0.008772229 0.0008780439 292.7533  2.375170e+02  2.597098e+04
[11,]   11 0.004386614 0.0004395220 281.5391 -1.034259e+02  1.807433e+04
[12,]   12 0.003721564 0.0000010000 420.7934  1.015606e+03 -1.299443e+06
[13,]   13 0.004262487 0.0003576745 280.2739 -1.010078e+02  8.709238e+03
[14,]   14 0.004510689 0.0002829619 279.9485 -4.373327e+01 -9.546650e+03
[15,]   15 0.004384189 0.0003210403 279.9685 -7.852063e+01  1.423841e+03
[16,]   16 0.004680128 0.0003134824 279.9180 -6.813514e+01 -6.458242e+02
[17,]   17 0.005464812 0.0003100357 279.8621 -5.505999e+01 -2.091934e+03
[18,]   18 0.008456006 0.0003121903 279.7439 -2.821889e+01 -2.756275e+03
[19,]   19 0.012063358 0.0003219418 279.6930 -1.185795e+01 -5.492487e+02
[20,]   20 0.014391512 0.0003264914 279.6879 -6.217782e+00  6.613865e+02
[21,]   21 0.016306474 0.0003270417 279.6810 -3.573030e+00  8.787517e+02
[22,]   22 0.020471738 0.0003056148 279.6396 -1.634720e+00 -5.390759e+03
[23,]   23 0.017292483 0.0003219695 279.6599 -2.887530e+00 -4.753815e+02
[24,]   24 0.019483006 0.0003227565 279.6575 -1.597053e+00 -1.605890e+02
[25,]   25 0.022250659 0.0003229254 279.6549 -7.753572e-01  7.730080e+00
[26,]   26 0.024946835 0.0003225046 279.6520 -4.035300e-01 -1.010604e+01
[27,]   27 0.027845291 0.0003221677 279.6500 -2.054473e-01 -1.514421e+01
[28,]   28 0.030824960 0.0003221368 279.6495 -1.018212e-01  5.547599e+01
[29,]   29 0.038013983 0.0003159082 279.6326 -1.032105e-01 -1.764368e+03
[30,]   30 0.031508967 0.0003215441 279.6474 -9.890946e-02 -1.078005e+02
[31,]   31 0.034352606 0.0003215718 279.6473 -5.849772e-02 -4.116303e+01
[32,]   32 0.038753103 0.0003214165 279.6466 -4.302988e-02 -1.875498e+01
[33,]   33 0.051685114 0.0003208100 279.6439 -6.933537e-02 -9.238260e+01
[34,]   34 0.103413158 0.0003183841 279.6376  1.534213e-01 -8.035770e+02
[35,]   35 0.064814152 0.0003201943 279.6410 -5.359061e-02 -2.404664e+02
[36,]   36 0.096232055 0.0003187209 279.6375  1.157314e-01 -6.930079e+02
[37,]   37 0.075496239 0.0003196933 279.6392 -4.491818e-03 -3.853251e+02
[38,]   38 0.072759220 0.0003207666 279.6426 -1.799990e-02 -4.231925e+01
[39,]   39 0.075445425 0.0003197132 279.6392 -4.755931e-03 -3.789188e+02
[40,]   40 0.075495282 0.0003196937 279.6392 -4.496853e-03 -3.852045e+02
[41,]   41 0.075496221 0.0003196933 279.6392 -4.491918e-03 -3.853228e+02
[42,]   42 0.075496238 0.0003196933 279.6392 -4.491912e-03 -3.853251e+02
[43,]   43 0.075496239 0.0003196933 279.6392 -4.491872e-03 -3.853251e+02
[44,]   44 0.075496239 0.0003196933 279.6392 -4.491821e-03 -3.853251e+02
[45,]   45 0.075496239 0.0003196933 279.6392 -4.491810e-03 -3.853251e+02
[46,]   46 0.075496239 0.0003196933 279.6392 -4.491812e-03 -3.853251e+02
[47,]   47 0.075496239 0.0003196933 279.6392 -4.491810e-03 -3.853251e+02
[48,]   48 0.075496239 0.0003196933 279.6392 -4.491809e-03 -3.853251e+02
[49,]   49 0.075496239 0.0003196933 279.6392 -4.491803e-03 -3.853251e+02
[50,]   50 0.075496239 0.0003196933 279.6392 -4.491810e-03 -3.853251e+02

