[22;0t]0;IPython: scripts/01_msprime_simulations$par
[1] 9.525054e-05 7.925198e-05

$value
[1] -65.48051

$counts
function gradient 
      49       49 

$convergence
[1] 0

$message
[1] "CONVERGENCE: REL_REDUCTION_OF_F <= FACTR*EPSMCH"

$loginfo
      step         par1         par2          fn          gr1         gr2
 [1,]    1 1.000000e-01 1.000000e-02   314.45394   2253.47981    3179.610
 [2,]    2 1.000000e-06 1.000000e-06    80.87932  14412.05593 -127539.042
 [3,]    3 1.000000e-06 3.416213e-04    69.03287 -24058.51558    2871.125
 [4,]    4 3.701763e+00 1.092342e+00 11515.91022   2299.47529    2567.000
 [5,]    5 1.032036e+00 3.047865e-01  3271.30378   2358.76376    2571.944
 [6,]    6 2.878447e-01 8.525398e-02   948.18027   2373.40964    2529.937
 [7,]    7 8.056337e-02 2.410709e-02   304.30390   2373.74513    2367.119
 [8,]    8 2.274427e-02 7.050766e-03   129.49042   2347.70325    1987.913
 [9,]    9 6.526695e-03 2.266667e-03    82.27170   2171.96903    2325.414
[10,]   10 1.960093e-03 9.195433e-04    69.79994   1648.46877    2629.799
[11,]   11 6.660013e-04 5.377931e-04    67.18058    712.79008    2488.413
[12,]   12 6.268799e-04 5.196943e-04    67.10777    673.10829    2520.263
[13,]   13 4.703940e-04 4.472990e-04    66.82102    526.34094    2778.686
[14,]   14 1.000000e-06 2.301425e-04    68.66859 -25712.11673    3750.174
[15,]   15 3.194378e-04 3.774619e-04    66.54056    221.44499    3322.296
[16,]   16 1.092689e-04 2.802311e-04    66.31297  -8655.04610    4702.406
[17,]   17 2.745762e-04 3.567075e-04    66.45899    -28.06923    3553.417
[18,]   18 1.000000e-06 2.162998e-04    68.61570 -25889.60221    3849.507
[19,]   19 2.374649e-04 3.376608e-04    66.38880   -377.51462    3777.478
[20,]   20 1.000000e-06 1.857917e-04    68.49269 -26232.12218    3958.821
[21,]   21 2.109778e-04 3.206495e-04    66.32940   -759.63006    3966.084
[22,]   22 1.744475e-06 1.477837e-04    68.14639 -24712.42742    3347.981
[23,]   23 1.854326e-04 2.995444e-04    66.25702  -1307.62983    4179.097
[24,]   24 1.000000e-06 5.088439e-05    68.06910 -23889.12860    2730.825
[25,]   25 1.622495e-04 2.682880e-04    66.14221  -2042.85147    4419.113
[26,]   26 8.162475e-05 1.595862e-04    65.81668  -1744.40250    3634.500
[27,]   27 1.085232e-04 1.000000e-06    82.37414   9097.51737 -169033.669
[28,]   28 8.197792e-05 1.575040e-04    65.80399  -1705.80732    3471.093
[29,]   29 9.525054e-05 7.925198e-05    65.48051   -587.37493    3765.488
[30,]   30 9.530362e-05 7.893903e-05    65.48071   -584.69056    3745.170
[31,]   31 9.525054e-05 7.925198e-05    65.48051   -587.37493    3765.488
[32,]   32 1.064683e-04 1.000000e-06    82.35980   9315.65996 -168846.731
[33,]   33 9.529524e-05 7.894016e-05    65.48073   -584.96844    3745.341
[34,]   34 9.525815e-05 7.919890e-05    65.48054   -586.96513    3762.077
[35,]   35 9.525185e-05 7.924287e-05    65.48052   -587.30457    3764.903
[36,]   36 9.525076e-05 7.925042e-05    65.48051   -587.36283    3765.388
[37,]   37 9.525058e-05 7.925171e-05    65.48051   -587.37285    3765.471
[38,]   38 9.525055e-05 7.925194e-05    65.48051   -587.37457    3765.485
[39,]   39 9.525054e-05 7.925197e-05    65.48051   -587.37487    3765.488
[40,]   40 9.525054e-05 7.925198e-05    65.48051   -587.37492    3765.488
[41,]   41 9.525054e-05 7.925198e-05    65.48051   -587.37493    3765.488
[42,]   42 9.525054e-05 7.925198e-05    65.48051   -587.37493    3765.488
[43,]   43 9.525054e-05 7.925198e-05    65.48051   -587.37493    3765.488
[44,]   44 9.525054e-05 7.925198e-05    65.48051   -587.37493    3765.488
[45,]   45 9.525054e-05 7.925198e-05    65.48051   -587.37493    3765.488
[46,]   46 9.525054e-05 7.925198e-05    65.48051   -587.37493    3765.488
[47,]   47 9.525054e-05 7.925198e-05    65.48051   -587.37493    3765.488
[48,]   48 9.525054e-05 7.925198e-05    65.48051   -587.37493    3765.488
[49,]   49 9.525054e-05 7.925198e-05    65.48051   -587.37493    3765.488

