[22;0t]0;IPython: scripts/01_msprime_simulations$par
[1] 0.000001000 0.003534199

$value
[1] -98.83364

$counts
function gradient 
      17       17 

$convergence
[1] 0

$message
[1] "CONVERGENCE: REL_REDUCTION_OF_F <= FACTR*EPSMCH"

$loginfo
      step  par1         par2          fn       gr1           gr2
 [1,]    1 1e-01  0.010000000   336.99906  2238.230  2.867481e+03
 [2,]    2 1e-06  0.000001000   112.31794 44171.153 -2.027271e+05
 [3,]    3 1e-06 10.000000000 24352.24331  2416.088  2.323792e+03
 [4,]    4 1e-06  3.273970582  8235.55223  2415.993  2.468211e+03
 [5,]    5 1e-06  1.071674024  2750.73956  2415.566  2.510779e+03
 [6,]    6 1e-06  0.350894668   939.32474  2414.085  2.509325e+03
 [7,]    7 1e-06  0.115009120   350.79061  2409.462  2.461889e+03
 [8,]    8 1e-06  0.037795006   164.60580  2395.382  2.303710e+03
 [9,]    9 1e-06  0.012499703   110.26046  2352.139  1.822364e+03
[10,]   10 1e-06  0.004186536    98.96866  2171.235  3.926640e+02
[11,]   11 1e-06  0.004178445    98.96549  2170.431  3.885059e+02
[12,]   12 1e-06  0.004146080    98.95318  2167.158  3.717140e+02
[13,]   13 1e-06  0.004016618    98.90947  2153.037  3.018969e+02
[14,]   14 1e-06  0.003451461    98.83602  2064.697 -5.865979e+01
[15,]   15 1e-06  0.003543408    98.83368  2082.748  6.411712e+00
[16,]   16 1e-06  0.003534348    98.83364  2081.041  1.039787e-01
[17,]   17 1e-06  0.003534199    98.83364  2081.013 -1.971856e-04

