[22;0t]0;IPython: scripts/01_msprime_simulations$par
[1] 1.000000e-06 2.688625e-05

$value
[1] -101.5278

$counts
function gradient 
      73       73 

$convergence
[1] 52

$message
[1] "ERROR: ABNORMAL_TERMINATION_IN_LNSRCH"

$loginfo
      step  par1         par2         fn       gr1           gr2
 [1,]    1 1e-01 1.000000e-02   344.7172  2227.104  2.946490e+03
 [2,]    2 1e-06 1.000000e-06   124.7612 48217.288 -2.349130e+05
 [3,]    3 1e-06 1.000000e+01 24353.5324  2416.088  2.323684e+03
 [4,]    4 1e-06 3.281990e+00  8257.8010  2415.993  2.467729e+03
 [5,]    5 1e-06 1.076976e+00  2767.6397  2415.570  2.509767e+03
 [6,]    6 1e-06 3.535096e-01   950.5953  2414.101  2.506620e+03
 [7,]    7 1e-06 1.161512e-01   359.4264  2409.530  2.454016e+03
 [8,]    8 1e-06 3.826063e-02   172.6141  2395.639  2.280453e+03
 [9,]    9 1e-06 1.268091e-02   118.6311  2353.915  1.753780e+03
[10,]   10 1e-06 1.258695e-02   118.4666  2353.450  1.747895e+03
[11,]   11 1e-06 1.221110e-02   117.8142  2351.517  1.723449e+03
[12,]   12 1e-06 1.070770e-02   115.3058  2342.430  1.608494e+03
[13,]   13 1e-06 4.694105e-03   108.2627  2246.487  4.119688e+02
[14,]   14 1e-06 2.241962e-03   108.2470  4762.492  1.699291e+03
[15,]   15 1e-06 1.000000e-06   124.7612 48217.288 -2.349130e+05
[16,]   16 1e-06 1.416483e-03   106.5898  6483.981  1.628619e+03
[17,]   17 1e-06 9.945931e-04   105.8077  8329.198  2.377651e+03
[18,]   18 1e-06 3.985505e-04   103.6542 13201.480  5.685171e+03
[19,]   19 1e-06 1.000000e-06   124.7612 48217.288 -2.349130e+05
[20,]   20 1e-06 3.118323e-04   103.1191 13396.005  6.891830e+03
[21,]   21 1e-06 1.564161e-04   101.8321  8819.800  8.654464e+03
[22,]   22 1e-06 1.534003e-04   101.8021  8615.329  8.493210e+03
[23,]   23 1e-06 1.515197e-04   101.7833  8485.385  8.371873e+03
[24,]   24 1e-06 7.625986e-05   101.0551  3232.584  9.700118e+03
[25,]   25 1e-06 7.575667e-05   101.0517  3220.069  9.686712e+03
[26,]   26 1e-06 2.641727e-05   101.5523 16195.132 -2.462281e+02
[27,]   27 1e-06 1.000000e+01 24353.5324  2416.088  2.323684e+03
[28,]   28 1e-06 2.302038e-01   642.1495  2412.907  2.494171e+03
[29,]   29 1e-06 5.748049e-03   108.9169  2278.476  8.026590e+02
[30,]   30 1e-06 2.310073e-04   102.5124 12275.318  8.357981e+03
[31,]   31 1e-06 3.049596e-05   101.3800 12407.200  1.895191e+03
[32,]   32 1e-06 2.688625e-05   101.5278 15714.623  4.618094e+01
[33,]   33 1e-06 2.681218e-05   101.5316 15789.774  1.005319e+00
[34,]   34 1e-06 2.688624e-05   101.5278 15714.634  4.617412e+01
[35,]   35 1e-06 2.688625e-05   101.5278 15714.623  4.618094e+01
[36,]   36 1e-06 2.688625e-05   101.5278 15714.623  4.618094e+01
[37,]   37 1e-06 2.688625e-05   101.5278 15714.623  4.618094e+01
[38,]   38 1e-06 2.688625e-05   101.5278 15714.623  4.618094e+01
[39,]   39 1e-06 2.688625e-05   101.5278 15714.623  4.618094e+01
[40,]   40 1e-06 2.688625e-05   101.5278 15714.623  4.618094e+01
[41,]   41 1e-06 2.688625e-05   101.5278 15714.623  4.618094e+01
[42,]   42 1e-06 2.688625e-05   101.5278 15714.623  4.618094e+01
[43,]   43 1e-06 2.688625e-05   101.5278 15714.623  4.618094e+01
[44,]   44 1e-06 2.688625e-05   101.5278 15714.623  4.618094e+01
[45,]   45 1e-06 2.688625e-05   101.5278 15714.623  4.618094e+01
[46,]   46 1e-06 2.688625e-05   101.5278 15714.623  4.618094e+01
[47,]   47 1e-06 2.688625e-05   101.5278 15714.623  4.618094e+01
[48,]   48 1e-06 2.688625e-05   101.5278 15714.623  4.618094e+01
[49,]   49 1e-06 2.688625e-05   101.5278 15714.623  4.618094e+01
[50,]   50 1e-06 2.688625e-05   101.5278 15714.623  4.618094e+01
[51,]   51 1e-06 2.688625e-05   101.5278 15714.623  4.618094e+01
[52,]   52 1e-06 2.688625e-05   101.5278 15714.623  4.618094e+01
[53,]   53 1e-06 1.000000e-06   124.7612 48217.288 -2.349130e+05
[54,]   54 1e-06 2.688601e-05   101.5279 15714.869  4.603321e+01
[55,]   55 1e-06 2.688625e-05   101.5278 15714.623  4.618092e+01
[56,]   56 1e-06 2.688625e-05   101.5278 15714.623  4.618094e+01
[57,]   57 1e-06 2.688625e-05   101.5278 15714.623  4.618093e+01
[58,]   58 1e-06 2.688625e-05   101.5278 15714.623  4.618094e+01
[59,]   59 1e-06 2.688625e-05   101.5278 15714.623  4.618094e+01
[60,]   60 1e-06 2.688625e-05   101.5278 15714.623  4.618094e+01
[61,]   61 1e-06 2.688625e-05   101.5278 15714.623  4.618094e+01
[62,]   62 1e-06 2.688625e-05   101.5278 15714.623  4.618094e+01
[63,]   63 1e-06 2.688625e-05   101.5278 15714.623  4.618094e+01
[64,]   64 1e-06 2.688625e-05   101.5278 15714.623  4.618094e+01
[65,]   65 1e-06 2.688625e-05   101.5278 15714.623  4.618094e+01
[66,]   66 1e-06 2.688625e-05   101.5278 15714.623  4.618094e+01
[67,]   67 1e-06 2.688625e-05   101.5278 15714.623  4.618094e+01
[68,]   68 1e-06 2.688625e-05   101.5278 15714.623  4.618094e+01
[69,]   69 1e-06 2.688625e-05   101.5278 15714.623  4.618094e+01
[70,]   70 1e-06 2.688625e-05   101.5278 15714.623  4.618094e+01
[71,]   71 1e-06 2.688625e-05   101.5278 15714.623  4.618094e+01
[72,]   72 1e-06 2.688625e-05   101.5278 15714.623  4.618094e+01

