[22;0t]0;IPython: scripts/01_msprime_simulations$par
[1] 0.03852271 0.41285315

$value
[1] -40674.74

$counts
function gradient 
      32       32 

$convergence
[1] 0

$message
[1] "CONVERGENCE: REL_REDUCTION_OF_F <= FACTR*EPSMCH"

$loginfo
      step       par1       par2        fn           gr1           gr2
 [1,]    1 0.10000000  0.0100000  89323.95  5.033114e+04 -2.279178e+06
 [2,]    2 0.00000100 10.0000000  51237.87 -6.900308e+06  8.763506e+02
 [3,]    3 1.59077606 10.0000000  52596.51  2.275100e+03  7.965756e+02
 [4,]    4 0.53021551 10.0000000  50073.01  2.375661e+03  8.689384e+02
 [5,]    5 0.17661703 10.0000000  49337.55  1.383096e+03  8.936257e+02
 [6,]    6 0.17658165  9.9960004  49333.93  1.383037e+03  8.935886e+02
 [7,]    7 0.17644011  9.9800021  49319.44  1.382808e+03  8.934450e+02
 [8,]    8 0.17587397  9.9160088  49261.49  1.382026e+03  8.929587e+02
 [9,]    9 0.17360941  9.6600358  49029.89  1.380730e+03  8.927469e+02
[10,]   10 0.16455117  8.6361435  48103.64  1.353382e+03  8.890760e+02
[11,]   11 0.12831821  4.5405744  44473.54  1.537559e+03  8.549118e+02
[12,]   12 0.08814834  0.0000010 315584.31  0.000000e+00 -1.147814e+09
[13,]   13 0.11478497  3.0108540  43163.79  1.816788e+03  8.141414e+02
[14,]   14 0.09720480  1.0236910  41273.72  2.060233e+03  1.083675e+03
[15,]   15 0.09116857  0.3413906  40998.73  6.497886e+03 -3.459618e+03
[16,]   16 0.15701446  7.9671186  47501.52  1.347394e+03  8.769972e+02
[17,]   17 0.10736182  2.2167595  42460.61  2.071859e+03  9.211801e+02
[18,]   18 0.09530271  0.8201723  41047.42  2.137104e+03  1.069413e+03
[19,]   19 0.09268553  0.5170720  40805.04  3.137033e+03  1.681885e+02
[20,]   20 0.09245678  0.5074036  40803.06  3.224087e+03  8.848612e+01
[21,]   21 0.09171850  0.4866098  40800.71  3.431028e+03 -1.039625e+02
[22,]   22 0.09144599  0.4843876  40800.03  3.450887e+03 -1.243124e+02
[23,]   23 0.09035595  0.4754986  40797.70  3.534807e+03 -2.093576e+02
[24,]   24 0.00000100  0.3818272  43384.72 -9.978769e+06  4.740212e+02
[25,]   25 0.05798137  0.4419357  40701.42  2.434530e+03 -9.329392e+01
[26,]   26 0.00000100  0.4109179  43401.14 -9.907747e+06  8.364612e+02
[27,]   27 0.03804128  0.4312683  40676.85 -5.743623e+02  2.061700e+02
[28,]   28 0.03945525  0.4145750  40674.83  1.900700e+02 -3.728292e+00
[29,]   29 0.03813195  0.4113325  40674.76 -6.188662e+01 -8.066644e+00
[30,]   30 0.03853251  0.4129754  40674.74 -2.510312e-01  1.111591e+00
[31,]   31 0.03852271  0.4128532  40674.74  3.948088e-01 -8.572730e-02

