[22;0t]0;IPython: scripts/01_msprime_simulations$par
[1] 0.05047731 0.53157936

$value
[1] -54837.55

$counts
function gradient 
      28       28 

$convergence
[1] 0

$message
[1] "CONVERGENCE: REL_REDUCTION_OF_F <= FACTR*EPSMCH"

$loginfo
      step       par1       par2        fn           gr1           gr2
 [1,]    1 0.10000000  0.0100000 122940.71  6.902469e+04 -3.157890e+06
 [2,]    2 0.00000100 10.0000000  61463.97 -1.061536e+07  3.202081e+02
 [3,]    3 1.45320439 10.0000000  61061.82  2.262407e+03  2.439422e+02
 [4,]    4 0.48375282 10.0000000  58829.68  2.134868e+03  3.106023e+02
 [5,]    5 0.16119137 10.0000000  58306.63  4.496537e+02  3.617878e+02
 [6,]    6 0.16118454  9.9988343  58306.21  4.496918e+02  3.617824e+02
 [7,]    7 0.16115725  9.9941713  58304.51  4.498417e+02  3.617594e+02
 [8,]    8 0.16104808  9.9755195  58297.71  4.504070e+02  3.616605e+02
 [9,]    9 0.16061141  9.9009123  58270.55  4.521477e+02  3.611686e+02
[10,]   10 0.15886473  9.6024836  58162.33  4.532799e+02  3.588121e+02
[11,]   11 0.15187800  8.4087685  57746.13  4.216927e+02  3.243135e+02
[12,]   12 0.09890649  0.0000010 436371.82  7.377091e+04 -1.584776e+09
[13,]   13 0.13412586  5.5907707  56865.33  7.828750e+02  3.515114e+02
[14,]   14 0.11651618  2.7953858  55924.27  1.607110e+03  2.930316e+02
[15,]   15 0.10489378  0.9504318  55101.25  2.400705e+03  6.152843e+02
[16,]   16 0.10090327  0.3169718  55656.87  9.746502e+03 -8.293201e+03
[17,]   17 0.10489378  0.9504318  55101.25  2.400705e+03  6.152843e+02
[18,]   18 0.07373819  0.0000010 434404.95  8.281591e+04 -1.584764e+09
[19,]   19 0.09449768  0.6332890  54925.05  2.872810e+03  1.107445e+02
[20,]   20 0.00000100  0.5079522  58781.25 -1.375275e+07  3.442480e+02
[21,]   21 0.06146686  0.5894782  54848.71  9.688486e+02  1.759646e+02
[22,]   22 0.03491291  0.4231687  54884.55 -2.022330e+03 -7.018756e+02
[23,]   23 0.05238406  0.5325919  54837.86  3.386599e+02 -2.239564e+01
[24,]   24 0.04752202  0.5389542  54838.94 -7.320550e+02  9.048188e+01
[25,]   25 0.05084216  0.5346096  54837.57  2.420279e+01  1.403462e+01
[26,]   26 0.05035935  0.5306892  54837.55 -9.249963e+00 -4.020457e+00
[27,]   27 0.05047856  0.5315887  54837.55  9.882995e-02  4.178368e-02
[28,]   28 0.05047731  0.5315794  54837.55  9.480573e-05  1.535227e-04

