[22;0t]0;IPython: scripts/01_msprime_simulations$par
[1] 1.000000e-06 1.434223e-05

$value
[1] -63.6533

$counts
function gradient 
      70       70 

$convergence
[1] 52

$message
[1] "ERROR: ABNORMAL_TERMINATION_IN_LNSRCH"

$loginfo
      step  par1         par2          fn       gr1          gr2
 [1,]    1 1e-01 1.000000e-02   312.80600  2252.694    3021.9357
 [2,]    2 1e-06 1.000000e-06    74.94149 32489.104 -110488.9641
 [3,]    3 1e-06 1.000000e+01 24348.37592  2416.088    2324.1147
 [4,]    4 1e-06 3.226054e+00  8109.83820  2415.990    2470.1722
 [5,]    5 1e-06 1.040268e+00  2661.00796  2415.546    2514.1223
 [6,]    6 1e-06 3.355361e-01   886.50793  2413.982    2517.4533
 [7,]    7 1e-06 1.083554e-01   316.74503  2409.039    2484.9417
 [8,]    8 1e-06 3.510145e-02   137.36111  2393.775    2370.9878
 [9,]    9 1e-06 1.145658e-02    83.96962  2346.290    2018.7157
[10,]   10 1e-06 3.800124e-03    71.12389  2161.514     963.4839
[11,]   11 1e-06 3.767282e-03    71.09246  2158.338     949.7202
[12,]   12 1e-06 3.635911e-03    70.97138  2144.771     892.1924
[13,]   13 1e-06 3.110428e-03    70.57155  2072.184     614.5720
[14,]   14 1e-06 1.895601e-03    70.30986  2037.395     102.9627
[15,]   15 1e-06 1.651114e-03    70.21372  2677.699     830.9788
[16,]   16 1e-06 6.731653e-04    67.95402  5829.285    3555.2790
[17,]   17 1e-06 1.000000e-06    74.94149     0.000 -110488.9641
[18,]   18 1e-06 4.346313e-04    66.91214  6733.660    5533.6418
[19,]   19 1e-06 2.236963e-04    65.39423  6631.689    9976.1139
[20,]   20 1e-06 1.964612e-04    65.11845  6295.774   10987.5550
[21,]   21 1e-06 1.791748e-04    64.92874  5988.134   11672.6084
[22,]   22 1e-06 1.000000e-06    74.94149 32489.104 -110488.9641
[23,]   23 1e-06 1.661695e-04    64.77760  5695.575   12169.3802
[24,]   24 1e-06 8.358473e-05    63.61984  2235.377   13584.7616
[25,]   25 1e-06 8.184456e-05    63.59207  2143.739   13667.8150
[26,]   26 1e-06 8.018210e-05    63.56550  2057.467   13746.3588
[27,]   27 1e-06 4.059105e-05    63.01929  1870.712   14376.2491
[28,]   28 1e-06 4.024185e-05    63.01713  1908.110   14351.6892
[29,]   29 1e-06 1.434223e-05    63.65330 13881.539    4389.1755
[30,]   30 1e-06 1.000000e-06    74.94149 32489.104 -110488.9641
[31,]   31 1e-06 1.433020e-05    63.65464 13894.935    4373.9951
[32,]   32 1e-06 1.434215e-05    63.65331 13881.624    4389.0792
[33,]   33 1e-06 1.434223e-05    63.65330 13881.539    4389.1749
[34,]   34 1e-06 1.434223e-05    63.65330 13881.539    4389.1755
[35,]   35 1e-06 1.434223e-05    63.65330 13881.539    4389.1755
[36,]   36 1e-06 1.434223e-05    63.65330 13881.539    4389.1755
[37,]   37 1e-06 1.434223e-05    63.65330 13881.539    4389.1755
[38,]   38 1e-06 1.434223e-05    63.65330 13881.539    4389.1755
[39,]   39 1e-06 1.434223e-05    63.65330 13881.539    4389.1755
[40,]   40 1e-06 1.434223e-05    63.65330 13881.539    4389.1755
[41,]   41 1e-06 1.434223e-05    63.65330 13881.539    4389.1755
[42,]   42 1e-06 1.434223e-05    63.65330 13881.539    4389.1755
[43,]   43 1e-06 1.434223e-05    63.65330 13881.539    4389.1755
[44,]   44 1e-06 1.434223e-05    63.65330 13881.539    4389.1755
[45,]   45 1e-06 1.434223e-05    63.65330 13881.539    4389.1755
[46,]   46 1e-06 1.434223e-05    63.65330 13881.539    4389.1755
[47,]   47 1e-06 1.434223e-05    63.65330 13881.539    4389.1755
[48,]   48 1e-06 1.434223e-05    63.65330 13881.539    4389.1755
[49,]   49 1e-06 1.434223e-05    63.65330 13881.539    4389.1755
[50,]   50 1e-06 1.000000e-06    74.94149 32489.104 -110488.9641
[51,]   51 1e-06 1.433020e-05    63.65464 13894.935    4373.9951
[52,]   52 1e-06 1.434215e-05    63.65331 13881.624    4389.0792
[53,]   53 1e-06 1.434223e-05    63.65330 13881.539    4389.1749
[54,]   54 1e-06 1.434223e-05    63.65330 13881.539    4389.1755
[55,]   55 1e-06 1.434223e-05    63.65330 13881.539    4389.1755
[56,]   56 1e-06 1.434223e-05    63.65330 13881.539    4389.1755
[57,]   57 1e-06 1.434223e-05    63.65330 13881.539    4389.1755
[58,]   58 1e-06 1.434223e-05    63.65330 13881.539    4389.1755
[59,]   59 1e-06 1.434223e-05    63.65330 13881.539    4389.1755
[60,]   60 1e-06 1.434223e-05    63.65330 13881.539    4389.1755
[61,]   61 1e-06 1.434223e-05    63.65330 13881.539    4389.1755
[62,]   62 1e-06 1.434223e-05    63.65330 13881.539    4389.1755
[63,]   63 1e-06 1.434223e-05    63.65330 13881.539    4389.1755
[64,]   64 1e-06 1.434223e-05    63.65330 13881.539    4389.1755
[65,]   65 1e-06 1.434223e-05    63.65330 13881.539    4389.1755
[66,]   66 1e-06 1.434223e-05    63.65330 13881.539    4389.1755
[67,]   67 1e-06 1.434223e-05    63.65330 13881.539    4389.1755
[68,]   68 1e-06 1.434223e-05    63.65330 13881.539    4389.1755
[69,]   69 1e-06 1.434223e-05    63.65330 13881.539    4389.1755

