[22;0t]0;IPython: scripts/01_msprime_simulations$par
[1] 0.004577046 0.054433086

$value
[1] -19452.38

$counts
function gradient 
      35       35 

$convergence
[1] 0

$message
[1] "CONVERGENCE: REL_REDUCTION_OF_F <= FACTR*EPSMCH"

$loginfo
      step        par1        par2       fn           gr1           gr2
 [1,]    1 0.100000000  0.01000000 23050.80  9.370722e+03 -3.524783e+05
 [2,]    2 0.000001000 10.00000000 31171.74  2.416087e+03  1.754439e+03
 [3,]    3 0.066738675  3.33283962 21244.26  2.222424e+03  1.059147e+03
 [4,]    4 0.045757509  3.32266974 21188.37  2.059324e+03  1.056814e+03
 [5,]    5 0.000001000  3.30049089 21193.96 -3.963801e+05  9.344895e+02
 [6,]    6 0.019613802  3.30999750 21127.49  1.407210e+03  1.049094e+03
 [7,]    7 0.000001000  3.27747358 21172.55 -4.106195e+05  9.253304e+02
 [8,]    8 0.010292058  3.29453925 21101.77  4.661712e+02  1.036690e+03
 [9,]    9 0.000001000  3.18436909 21087.90 -4.677256e+05  8.955978e+02
[10,]   10 0.010038685  3.29182679 21098.85  4.149294e+02  1.035656e+03
[11,]   11 0.005019843  3.23809794 21045.64 -1.549371e+03  1.010818e+03
[12,]   12 0.000001000  2.68720674 20681.58 -6.971821e+05  7.185097e+02
[13,]   13 0.004265327  3.15527880 20964.36 -2.503094e+03  9.885732e+02
[14,]   14 0.002133163  2.92124277 20751.08 -7.690045e+03  9.088532e+02
[15,]   15 0.028873228  0.00000100 68108.91  4.742300e+04 -2.442596e+08
[16,]   16 0.011426719  1.90596017 20062.25 -5.005105e+02  4.186561e+02
[17,]   17 0.014752866  1.07814562 19757.80 -2.520712e+02  2.230265e+02
[18,]   18 0.018511935  0.13488779 19568.37  6.799993e+03  6.208944e+02
[19,]   19 0.019049485  0.00000100 67574.35  0.000000e+00 -2.442307e+08
[20,]   20 0.018691080  0.08993510 19537.59  6.307482e+03  7.232047e+02
[21,]   21 0.012657813  0.00000100 67129.31  7.751800e+04 -2.442072e+08
[22,]   22 0.016681110  0.05997375 19514.14  6.212339e+03 -4.940359e+02
[23,]   23 0.000001000  0.07218038 19916.41 -2.371442e+06  2.897399e+02
[24,]   24 0.010289555  0.06465114 19474.64  5.564170e+03  1.074870e+02
[25,]   25 0.000001000  0.05864680 19917.34 -2.437135e+06  6.750372e+02
[26,]   26 0.006627437  0.06251395 19457.31  3.165896e+03  1.953294e+02
[27,]   27 0.001356429  0.05534225 19493.62 -4.287569e+04  8.964067e+02
[28,]   28 0.004918245  0.06018843 19453.65  3.007675e+01  3.194106e+02
[29,]   29 0.004465511  0.05514744 19452.46 -5.300700e+02  1.159394e+02
[30,]   30 0.004605206  0.05306990 19452.54  3.835215e+02 -2.251337e+02
[31,]   31 0.004522263  0.05430342 19452.39 -1.552742e+02 -6.781624e+00
[32,]   32 0.004607511  0.05453861 19452.39  7.710486e+01  8.243408e+00
[33,]   33 0.004577650  0.05443394 19452.38  1.766246e+00 -2.190645e-03
[34,]   34 0.004577046  0.05443309 19452.38 -3.614465e-02  5.172351e-03

