[22;0t]0;IPython: scripts/01_msprime_simulations$par
[1] 0.015001032 0.000628808

$value
[1] -521.2257

$counts
function gradient 
      28       28 

$convergence
[1] 0

$message
[1] "CONVERGENCE: REL_REDUCTION_OF_F <= FACTR*EPSMCH"

$loginfo
      step        par1         par2       fn           gr1           gr2
 [1,]    1 0.100000000 0.0100000000 739.7915  1.825350e+03  4.447971e+03
 [2,]    2 0.000001000 0.0000010000 777.1816  1.043145e+05 -2.462119e+06
 [3,]    3 0.045425841 0.0045430753 615.4168  1.251497e+03  1.079171e+04
 [4,]    4 0.016077511 0.0016085064 542.0762  2.337414e+02  2.485476e+04
 [5,]    5 0.006820811 0.0006829197 521.7090 -8.325195e+01  7.001293e+03
 [6,]    6 0.009175896 0.0000010000 848.0916  7.380205e+02 -2.732863e+06
 [7,]    7 0.007402587 0.0005144653 521.9083  1.154258e+01 -1.467867e+04
 [8,]    8 0.007092480 0.0006042573 521.3701 -4.881266e+01 -8.995620e+02
 [9,]    9 0.012304507 0.0006342540 521.2504 -1.295625e+01  1.038869e+03
[10,]   10 0.013646839 0.0006281844 521.2294 -5.749901e+00  1.092001e+02
[11,]   11 0.014874918 0.0006286888 521.2257 -1.150217e+00  3.998164e+00
[12,]   12 0.015188797 0.0006290044 521.2258 -1.153535e-01  4.968985e+00
[13,]   13 0.014945893 0.0006287601 521.2257 -9.124499e-01  4.036245e+00
[14,]   14 0.015217014 0.0006289953 521.2258 -2.017146e-02  6.001801e-01
[15,]   15 0.015001032 0.0006288080 521.2257 -7.283721e-01  3.214079e+00
[16,]   16 0.015219511 0.0006290624 521.2259 -1.942567e-02  8.474329e+00
[17,]   17 0.015027379 0.0006288386 521.2257 -6.418038e-01  3.795193e+00
[18,]   18 0.015004653 0.0006288122 521.2257 -7.164582e-01  3.293062e+00
[19,]   19 0.015001538 0.0006288086 521.2257 -7.267063e-01  3.225103e+00
[20,]   20 0.015001103 0.0006288081 521.2257 -7.281386e-01  3.215623e+00
[21,]   21 0.015001042 0.0006288080 521.2257 -7.283394e-01  3.214295e+00
[22,]   22 0.015001033 0.0006288080 521.2257 -7.283675e-01  3.214109e+00
[23,]   23 0.015001032 0.0006288080 521.2257 -7.283714e-01  3.214083e+00
[24,]   24 0.015001032 0.0006288080 521.2257 -7.283720e-01  3.214079e+00
[25,]   25 0.015001032 0.0006288080 521.2257 -7.283721e-01  3.214079e+00
[26,]   26 0.015001032 0.0006288080 521.2257 -7.283720e-01  3.214079e+00
[27,]   27 0.015001032 0.0006288080 521.2257 -7.283721e-01  3.214079e+00
[28,]   28 0.015001032 0.0006288080 521.2257 -7.283721e-01  3.214079e+00

