[22;0t]0;IPython: scripts/01_msprime_simulations$par
[1] 0.000010000 0.005894128

$value
[1] -153.0787

$counts
function gradient 
      35       35 

$convergence
[1] 0

$message
[1] "CONVERGENCE: REL_REDUCTION_OF_F <= FACTR*EPSMCH"

$loginfo
      step  par1        par2        fn        gr1           gr2
 [1,]    1 1e-01 0.010000000  380.6133  2185.4835  2.955218e+03
 [2,]    2 1e-05 0.000010000  156.7714 53960.3983 -1.058538e+05
 [3,]    3 1e-05 1.000000000 2592.7498  2415.5163  2.505698e+03
 [4,]    4 1e-05 0.322379839  896.6235  2413.8474  2.489019e+03
 [5,]    5 1e-05 0.104192251  359.8190  2407.5767  2.396367e+03
 [6,]    6 1e-05 0.033878307  197.9957  2372.7573  2.099131e+03
 [7,]    7 1e-05 0.011154346  156.8903  2118.3359  1.198037e+03
 [8,]    8 1e-05 0.003745108  154.2106   977.9460 -5.091865e+02
 [9,]    9 1e-05 0.003763162  154.2006   945.3275 -5.600267e+02
[10,]   10 1e-05 0.003835377  154.1524   850.3917 -7.245629e+02
[11,]   11 1e-05 0.004124237  153.8967   821.0897 -9.300374e+02
[12,]   12 1e-05 0.005279678  153.1658  1379.9828 -2.947017e+02
[13,]   13 1e-05 0.007388174  153.4912  1822.6646  5.134473e+02
[14,]   14 1e-05 0.005902081  153.0787  1558.6444  3.417861e+00
[15,]   15 1e-05 0.005894946  153.0787  1556.9183  3.513189e-01
[16,]   16 1e-05 0.005894128  153.0787  1556.7202 -4.703834e-04
[17,]   17 1e-05 0.005894129  153.0787  1556.7205  5.599077e-08
[18,]   18 1e-05 0.005894128  153.0787  1556.7202 -4.702245e-04
[19,]   19 1e-05 0.005894128  153.0787  1556.7202 -4.703834e-04
[20,]   20 1e-05 0.005894128  153.0787  1556.7202 -4.703833e-04
[21,]   21 1e-05 0.005894128  153.0787  1556.7202 -4.702987e-04
[22,]   22 1e-05 0.005894128  153.0787  1556.7202 -4.703833e-04
[23,]   23 1e-05 0.005894128  153.0787  1556.7202 -4.703833e-04
[24,]   24 1e-05 0.005894128  153.0787  1556.7202 -4.703543e-04
[25,]   25 1e-05 0.005894128  153.0787  1556.7202 -4.703170e-04
[26,]   26 1e-05 0.005894128  153.0787  1556.7202 -4.703543e-04
[27,]   27 1e-05 0.005894128  153.0787  1556.7202 -4.703543e-04
[28,]   28 1e-05 0.005894128  153.0787  1556.7202 -4.703196e-04
[29,]   29 1e-05 0.005894128  153.0787  1556.7202 -4.703358e-04
[30,]   30 1e-05 0.005894128  153.0787  1556.7202 -4.703196e-04
[31,]   31 1e-05 0.005894128  153.0787  1556.7202 -4.703196e-04
[32,]   32 1e-05 0.005894128  153.0787  1556.7202 -4.703367e-04
[33,]   33 1e-05 0.005894128  153.0787  1556.7202 -4.703196e-04

