[22;0t]0;IPython: scripts/01_msprime_simulations$par
[1] 0.05435343 0.51635284

$value
[1] -54510.08

$counts
function gradient 
      28       28 

$convergence
[1] 0

$message
[1] "CONVERGENCE: REL_REDUCTION_OF_F <= FACTR*EPSMCH"

$loginfo
      step       par1       par2        fn           gr1           gr2
 [1,]    1 0.10000000  0.0100000 121949.73  6.839314e+04 -3.132483e+06
 [2,]    2 0.00000100 10.0000000  61284.45 -9.667442e+06  3.934151e+02
 [3,]    3 1.56475327 10.0000000  61384.58  2.228157e+03  2.459937e+02
 [4,]    4 0.52163830 10.0000000  58941.38  2.281518e+03  3.366233e+02
 [5,]    5 0.17380136 10.0000000  58304.93  7.663956e+02  3.909780e+02
 [6,]    6 0.17378758  9.9987270  58304.42  7.664096e+02  3.909587e+02
 [7,]    7 0.17373247  9.9936351  58302.39  7.664641e+02  3.908778e+02
 [8,]    8 0.17351203  9.9732676  58294.26  7.666554e+02  3.905514e+02
 [9,]    9 0.17263028  9.8917973  58261.82  7.669571e+02  3.892307e+02
[10,]   10 0.16910326  9.5659161  58132.87  7.626135e+02  3.873746e+02
[11,]   11 0.15499518  8.2623915  57609.31  7.469233e+02  3.950264e+02
[12,]   12 0.09856289  3.0482932  55824.71  7.734456e+02  3.215178e+02
[13,]   13 0.00000100  2.8005372  59158.09 -1.140189e+07  4.031531e+02
[14,]   14 0.06470725  2.9631900  55806.35 -1.773385e+03  3.567841e+02
[15,]   15 0.04621568  0.0000010 428499.30  9.429558e+04 -1.572060e+09
[16,]   16 0.05853122  1.9735087  55401.06 -1.900822e+03  5.329787e+02
[17,]   17 0.05237345  0.9867549  54805.73 -2.531946e+03  7.381627e+02
[18,]   18 0.04826926  0.3290776  54748.67  5.327524e+03 -3.916418e+03
[19,]   19 0.05172972  0.8836004  54729.87 -2.538134e+03  7.580908e+02
[20,]   20 0.04956088  0.5360530  54514.85 -1.167053e+03  2.000202e+02
[21,]   21 0.06621251  0.0000010 430290.27  8.511055e+04 -1.572070e+09
[22,]   22 0.05511035  0.3574036  54685.78  4.786807e+03 -3.005483e+03
[23,]   23 0.05045803  0.5071718  54511.18 -5.592114e+02 -8.895027e+00
[24,]   24 0.07382712  0.5739928  54531.72  1.543325e+03  1.556466e+02
[25,]   25 0.05441123  0.5184755  54510.10 -2.220935e+01  1.506505e+01
[26,]   26 0.05435975  0.5161865  54510.08  3.565609e+00 -1.355242e+00
[27,]   27 0.05435423  0.5163556  54510.08  1.000304e-01  9.219111e-03
[28,]   28 0.05435343  0.5163528  54510.08  8.781753e-03  2.934030e-04

