[22;0t]0;IPython: scripts/01_msprime_simulations$par
[1] 0.0009611104 0.0007591031

$value
[1] -667.0073

$counts
function gradient 
      60       60 

$convergence
[1] 0

$message
[1] "CONVERGENCE: REL_REDUCTION_OF_F <= FACTR*EPSMCH"

$loginfo
      step         par1         par2         fn           gr1           gr2
 [1,]    1 0.1000000000 1.000000e-02   882.7960  1.636339e+03  7.129875e+03
 [2,]    2 0.0000010000 1.000000e-06  1038.2240  1.094034e+05 -3.431171e+06
 [3,]    3 0.0519318718 5.193620e-03   765.0754  1.171341e+03  1.398842e+04
 [4,]    4 0.0182293861 1.823675e-03   681.0845  3.480393e+02  1.681940e+04
 [5,]    5 0.0000010000 1.000000e-06  1038.2240  1.094034e+05 -3.431171e+06
 [6,]    6 0.0123544497 1.236234e-03   671.1226  1.174535e+02  1.075106e+04
 [7,]    7 0.0000010000 1.000000e-06  1038.2240  1.094034e+05 -3.431171e+06
 [8,]    8 0.0088272365 8.835442e-04   668.8199  1.187979e+02 -2.199856e+03
 [9,]    9 0.0087765567 9.110923e-04   668.7855  1.112419e+02 -5.690103e+02
[10,]   10 0.0081604100 9.213061e-04   668.7173  1.142078e+02  1.582122e+02
[11,]   11 0.0056958233 9.621615e-04   668.4679  1.581399e+02  2.797647e+03
[12,]   12 0.0000010000 1.056564e-03   677.0335 -5.631433e+04  0.000000e+00
[13,]   13 0.0037536600 9.943567e-04   668.2155  2.332592e+02  4.430139e+03
[14,]   14 0.0013677951 1.033907e-03   667.9368 -2.265177e+01  5.760663e+03
[15,]   15 0.0023818746 1.017097e-03   667.9929  2.365030e+02  5.309956e+03
[16,]   16 0.0016382177 1.029424e-03   667.9234  1.027014e+02  5.677720e+03
[17,]   17 0.0000010000 9.876957e-04   677.0137 -5.895975e+04  2.690307e+02
[18,]   18 0.0011390998 1.016703e-03   667.8611 -2.041479e+02  5.550852e+03
[19,]   19 0.0017271061 1.000000e-06  1103.0781  1.275232e+04 -3.631137e+06
[20,]   20 0.0013067210 7.271596e-04   667.1585  5.139445e+02 -3.538901e+03
[21,]   21 0.0008829960 8.158903e-04   667.0939 -3.516872e+02  2.077960e+03
[22,]   22 0.0010819459 7.871945e-04   667.0267  7.924235e+01  3.885834e+02
[23,]   23 0.0009611104 7.591031e-04   667.0073  2.298904e+01 -2.341200e+02
[24,]   24 0.0009621436 7.651104e-04   667.0089 -2.659729e+00  1.003397e+01
[25,]   25 0.0009612176 7.597259e-04   667.0074  2.027919e+01 -2.084404e+02
[26,]   26 0.0009611227 7.591745e-04   667.0073  2.267764e+01 -2.311704e+02
[27,]   27 0.0009611119 7.591114e-04   667.0073  2.295292e+01 -2.337779e+02
[28,]   28 0.0009611106 7.591040e-04   667.0073  2.298485e+01 -2.340803e+02
[29,]   29 0.0009611105 7.591032e-04   667.0073  2.298855e+01 -2.341154e+02
[30,]   30 0.0009611105 7.591031e-04   667.0073  2.298898e+01 -2.341195e+02
[31,]   31 0.0009611105 7.591031e-04   667.0073  2.298903e+01 -2.341199e+02
[32,]   32 0.0009611104 7.591031e-04   667.0073  2.298904e+01 -2.341200e+02
[33,]   33 0.0009611104 7.591031e-04   667.0073  2.298904e+01 -2.341200e+02
[34,]   34 0.0009611104 7.591031e-04   667.0073  2.298904e+01 -2.341200e+02
[35,]   35 0.0009611104 7.591031e-04   667.0073  2.298904e+01 -2.341200e+02
[36,]   36 0.0009611104 7.591031e-04   667.0073  2.298904e+01 -2.341200e+02
[37,]   37 0.0009611104 7.591031e-04   667.0073  2.298904e+01 -2.341200e+02
[38,]   38 0.0009611104 7.591031e-04   667.0073  2.298904e+01 -2.341200e+02
[39,]   39 0.0009611104 7.591031e-04   667.0073  2.298904e+01 -2.341200e+02
[40,]   40 0.0009611104 7.591031e-04   667.0073  2.298904e+01 -2.341200e+02
[41,]   41 0.0009611104 7.591031e-04   667.0073  2.298904e+01 -2.341200e+02
[42,]   42 0.0009611104 7.591031e-04   667.0073  2.298904e+01 -2.341200e+02
[43,]   43 0.0009611104 7.591031e-04   667.0073  2.298904e+01 -2.341200e+02
[44,]   44 0.0000010000 1.000000e+01 24447.6389  2.416099e+03  2.315827e+03
[45,]   45 0.0009394842 2.259895e-01  1010.3892  2.415225e+03  2.169822e+03
[46,]   46 0.0009602072 1.016663e-02   682.2223  3.270173e+03  2.440057e+01
[47,]   47 0.0009610900 9.717274e-04   667.6723 -4.342009e+02  5.027220e+03
[48,]   48 0.0009611099 7.643207e-04   667.0086 -8.760904e-01 -1.741388e+01
[49,]   49 0.0009611104 7.596624e-04   667.0074  2.039211e+01 -2.105916e+02
[50,]   50 0.0009611104 7.591689e-04   667.0073  2.268313e+01 -2.313490e+02
[51,]   51 0.0009611104 7.591109e-04   667.0073  2.295267e+01 -2.337906e+02
[52,]   52 0.0009611104 7.591040e-04   667.0073  2.298471e+01 -2.340808e+02
[53,]   53 0.0009611104 7.591032e-04   667.0073  2.298853e+01 -2.341153e+02
[54,]   54 0.0009611104 7.591031e-04   667.0073  2.298898e+01 -2.341194e+02
[55,]   55 0.0009611104 7.591031e-04   667.0073  2.298903e+01 -2.341199e+02
[56,]   56 0.0009611104 7.591031e-04   667.0073  2.298904e+01 -2.341200e+02
[57,]   57 0.0009611104 7.591031e-04   667.0073  2.298904e+01 -2.341200e+02
[58,]   58 0.0009611104 7.591031e-04   667.0073  2.298904e+01 -2.341200e+02
[59,]   59 0.0009611104 7.591031e-04   667.0073  2.298904e+01 -2.341200e+02
[60,]   60 0.0009611104 7.591031e-04   667.0073  2.298904e+01 -2.341200e+02

