[22;0t]0;IPython: scripts/01_msprime_simulations$par
[1] 0.0181344167 0.0006399451

$value
[1] -523.7408

$counts
function gradient 
      22       22 

$convergence
[1] 0

$message
[1] "CONVERGENCE: REL_REDUCTION_OF_F <= FACTR*EPSMCH"

$loginfo
      step        par1         par2       fn           gr1           gr2
 [1,]    1 0.100000000 0.0100000000 743.1382  1.780340e+03  4.675279e+03
 [2,]    2 0.000001000 0.0000010000 783.6289  1.119597e+05 -2.508121e+06
 [3,]    3 0.045717634 0.0045722519 618.8138  1.134906e+03  1.274934e+04
 [4,]    4 0.016218216 0.0016225756 544.1605  1.944975e+02  2.412430e+04
 [5,]    5 0.006936470 0.0006944845 524.4212 -1.370672e+02  7.516780e+03
 [6,]    6 0.011220674 0.0000010000 858.0011  5.644599e+02 -2.782273e+06
 [7,]    7 0.008004576 0.0005215901 524.5211 -1.463068e+01 -1.478680e+04
 [8,]    8 0.007469552 0.0006081943 523.9990 -8.206010e+01 -1.245948e+03
 [9,]    9 0.019916645 0.0006936068 523.9392  1.593501e-01  5.768243e+03
[10,]   10 0.018143066 0.0006438733 523.7449 -1.050832e+00  4.571759e+02
[11,]   11 0.018134417 0.0006399451 523.7408 -7.148810e-01 -1.638514e+01
[12,]   12 0.018224671 0.0006401581 523.7409 -5.416641e-01  1.179572e+00
[13,]   13 0.018140428 0.0006399593 523.7408 -7.032745e-01 -1.521934e+01
[14,]   14 0.018134825 0.0006399461 523.7408 -7.140929e-01 -1.630603e+01
[15,]   15 0.018134444 0.0006399452 523.7408 -7.148274e-01 -1.637976e+01
[16,]   16 0.018134419 0.0006399451 523.7408 -7.148773e-01 -1.638477e+01
[17,]   17 0.018134417 0.0006399451 523.7408 -7.148807e-01 -1.638511e+01
[18,]   18 0.018134417 0.0006399451 523.7408 -7.148809e-01 -1.638513e+01
[19,]   19 0.018134417 0.0006399451 523.7408 -7.148809e-01 -1.638513e+01
[20,]   20 0.018134417 0.0006399451 523.7408 -7.148810e-01 -1.638513e+01
[21,]   21 0.018134417 0.0006399451 523.7408 -7.148809e-01 -1.638513e+01
[22,]   22 0.018134417 0.0006399451 523.7408 -7.148809e-01 -1.638513e+01

