[22;0t]0;IPython: scripts/01_msprime_simulations$par
[1] 0.001094777 9.454322370

$value
[1] -58666.6

$counts
function gradient 
      39       39 

$convergence
[1] 0

$message
[1] "CONVERGENCE: REL_REDUCTION_OF_F <= FACTR*EPSMCH"

$loginfo
      step         par1      par2        fn           gr1           gr2
 [1,]    1 0.1000000000  0.010000 206734.28  1.013068e+05 -5.700406e+06
 [2,]    2 0.0000010000 10.000000  58741.84 -2.202719e+05  1.909665e+02
 [3,]    3 0.3838147469 10.000000  61064.12  4.945664e+03  1.812121e+02
 [4,]    4 0.1226077677 10.000000  59627.84  6.420913e+03  1.806256e+02
 [5,]    5 0.0388980288 10.000000  59036.88  7.915840e+03  1.790153e+02
 [6,]    6 0.0123435964 10.000000  58814.46  8.828962e+03  1.969155e+02
 [7,]    7 0.0039834979 10.000000  58740.70  8.579730e+03  1.992279e+02
 [8,]    8 0.0038342052  9.999652  58739.36  8.546666e+03  1.989046e+02
 [9,]    9 0.0032370344  9.998258  58734.02  8.373119e+03  1.973510e+02
[10,]   10 0.0008483512  9.992683  58715.54  4.376646e+03  1.891029e+02
[11,]   11 0.0000010000  9.990361  58740.02 -2.202835e+05  1.865321e+02
[12,]   12 0.0005878279  9.991970  58714.55  1.763846e+03  1.882171e+02
[13,]   13 0.0003608612  9.990978  58714.45 -3.825249e+03  1.873394e+02
[14,]   14 0.0004828718  9.991511  58714.36 -1.308614e+02  1.878035e+02
[15,]   15 0.0004447877  9.990924  58714.27 -1.053369e+03  1.874650e+02
[16,]   16 0.0003699698  9.988414  58713.94 -3.463089e+03  1.861822e+02
[17,]   17 0.0002871094  9.981766  58713.12 -7.771699e+03  1.829847e+02
[18,]   18 0.0001727070  9.956856  58710.06 -2.266181e+04  1.712666e+02
[19,]   19 0.0001254467  9.874084  58698.60 -4.438156e+04  1.324481e+02
[20,]   20 0.0004094364  9.486802  58670.32 -1.553225e+04  8.666557e+00
[21,]   21 0.0004871024  9.442152  58669.28 -1.208387e+04 -9.196365e+00
[22,]   22 0.0005917122  9.432795  58668.35 -8.283195e+03 -1.253168e+01
[23,]   23 0.0008002103  9.445747  58667.08 -3.546766e+03 -5.428483e+00
[24,]   24 0.0009562948  9.455675  58666.69 -1.363168e+03 -1.242090e-01
[25,]   25 0.0010749594  9.447170  58666.61 -2.118962e+02 -3.273160e+00
[26,]   26 0.0011034910  9.458457  58666.60  9.582497e+01  1.884860e+00
[27,]   27 0.0010947775  9.454322  58666.60 -2.980185e-02  3.574896e-03
[28,]   28 0.0010947827  9.454314  58666.60 -2.594377e-02  4.565663e-05
[29,]   29 0.0010947776  9.454322  58666.60 -2.966874e-02  3.444147e-03
[30,]   30 0.0010947775  9.454322  58666.60 -2.979948e-02  3.562200e-03
[31,]   31 0.0010947775  9.454322  58666.60 -2.980214e-02  3.569003e-03
[32,]   32 0.0010947775  9.454322  58666.60 -2.980185e-02  3.574714e-03
[33,]   33 0.0010947775  9.454322  58666.60 -2.979898e-02  3.563619e-03
[34,]   34 0.0010947775  9.454322  58666.60 -2.980185e-02  3.574823e-03
[35,]   35 0.0010947775  9.454322  58666.60 -2.980185e-02  3.574714e-03
[36,]   36 0.0010947775  9.454322  58666.60 -2.980185e-02  3.574714e-03

