[22;0t]0;IPython: scripts/01_msprime_simulations$par
[1] 0.00359926 4.10618676

$value
[1] -59268.19

$counts
function gradient 
      42       42 

$convergence
[1] 0

$message
[1] "CONVERGENCE: REL_REDUCTION_OF_F <= FACTR*EPSMCH"

$loginfo
      step        par1      par2        fn           gr1           gr2
 [1,]    1 0.100000000  0.010000 133577.66  7.944846e+04 -3.437818e+06
 [2,]    2 0.000001000 10.000000  61056.02 -1.096503e+06  8.621461e+01
 [3,]    3 2.591077169 10.000000  68278.38  2.164523e+03 -2.477096e+02
 [4,]    4 0.860170541 10.000000  63857.49  3.116238e+03 -2.318747e+02
 [5,]    5 0.285435071 10.000000  61868.05  3.812094e+03 -1.040505e+02
 [6,]    6 0.094818781 10.000000  61130.17  3.822076e+03 -1.202932e+01
 [7,]    7 0.031616920 10.000000  60904.23  3.031055e+03  3.017447e+01
 [8,]    8 0.031529761  9.999912  60903.97  3.027806e+03  3.026737e+01
 [9,]    9 0.031181124  9.999560  60902.90  3.014635e+03  3.062528e+01
[10,]   10 0.029786577  9.998153  60898.69  2.959004e+03  3.211173e+01
[11,]   11 0.024208390  9.992526  60882.73  2.676303e+03  3.789216e+01
[12,]   12 0.000001000  9.976143  61053.96 -1.097110e+06  8.507050e+01
[13,]   13 0.014524353  9.985972  60860.44  1.721556e+03  4.457660e+01
[14,]   14 0.000001000  9.979036  61054.21 -1.096991e+06  8.545150e+01
[15,]   15 0.009326083  9.983489  60854.14  4.972076e+02  4.559811e+01
[16,]   16 0.007121488  9.982149  60853.99 -5.026254e+02  4.611540e+01
[17,]   17 0.008168269  9.982785  60853.79  3.433115e+01  4.579079e+01
[18,]   18 0.008012617  9.982443  60853.77 -3.721556e+01  4.584625e+01
[19,]   19 0.007873357  9.981510  60853.74 -1.033040e+02  4.594754e+01
[20,]   20 0.007434614  9.976085  60853.58 -3.255608e+02  4.647263e+01
[21,]   21 0.006914208  9.963986  60853.26 -6.193515e+02  4.763986e+01
[22,]   22 0.005884126  9.922386  60852.14 -1.304407e+03  5.332285e+01
[23,]   23 0.003267220  9.760822  60849.86 -5.141771e+03  5.837577e+01
[24,]   24 0.004288496  9.740032  60844.36 -3.283652e+03  6.401226e+01
[25,]   25 0.008723527  9.109056  60759.48  4.984854e+02  1.669112e+02
[26,]   26 0.026463650  6.585152  59931.24  5.770563e+03  5.024370e+02
[27,]   27 0.072749642  0.000001 472023.79  0.000000e+00 -1.722650e+09
[28,]   28 0.041976533  4.378120  59570.02  8.544474e+03  5.134183e+01
[29,]   29 0.037983041  4.338545  59533.88  8.579023e+03  4.470450e+01
[30,]   30 0.022009076  4.180247  59392.01  8.404953e+03  5.136095e+01
[31,]   31 0.000001000  3.962152  59520.74 -1.510037e+06  3.388900e+01
[32,]   32 0.011390618  4.075020  59305.52  6.975129e+03 -1.522388e+01
[33,]   33 0.000001000  4.478842  59520.02 -1.398584e+06  1.553737e+02
[34,]   34 0.006839563  4.236379  59284.15  4.927660e+03  6.473728e+01
[35,]   35 0.000001000  3.889956  59520.60 -1.485310e+06 -2.034545e+01
[36,]   36 0.004291083  4.107280  59268.80  1.646305e+03  2.779062e+00
[37,]   37 0.001744020  4.168667  59277.29 -1.055999e+04  4.697928e+01
[38,]   38 0.003737697  4.120617  59268.32  4.099380e+02  1.328913e+01
[39,]   39 0.003385970  4.083962  59268.48 -7.295555e+02 -1.893970e+01
[40,]   40 0.003599163  4.106180  59268.19 -1.239805e+00 -3.010835e-02
[41,]   41 0.003599604  4.106212  59268.19  1.008386e-01 -1.043445e-03
[42,]   42 0.003599260  4.106187  59268.19 -9.459435e-01 -2.373697e-02

