[22;0t]0;IPython: scripts/01_msprime_simulations$par
[1] 0.008405179 0.008911596

$value
[1] -4750.012

$counts
function gradient 
      27       27 

$convergence
[1] 0

$message
[1] "CONVERGENCE: REL_REDUCTION_OF_F <= FACTR*EPSMCH"

$loginfo
      step        par1         par2        fn           gr1           gr2
 [1,]    1 0.100000000  0.010000000  4799.490  4.095771e+02  -3075.638083
 [2,]    2 0.000001000 10.000000000 25446.714  2.416099e+03   2232.415495
 [3,]    3 0.082589704  1.749305971  7278.092  2.413024e+03   2006.874495
 [4,]    4 0.096267418  0.382888717  5155.690  2.379043e+03    549.274726
 [5,]    5 0.099182815  0.091637584  5159.707  2.565622e+03    230.733578
 [6,]    6 0.099928751  0.017117801  4840.337  5.017496e+02  10128.774620
 [7,]    7 0.099991172  0.010881927  4798.393  4.051594e+02    431.228958
 [8,]    8 0.099890210  0.010774372  4798.326  4.054593e+02     53.604493
 [9,]    9 0.099566796  0.010650443  4798.215  4.061652e+02   -396.451281
[10,]   10 0.098558730  0.010466156  4797.941  4.081657e+02  -1094.559652
[11,]   11 0.095413078  0.010156695  4797.176  4.147331e+02  -2339.962086
[12,]   12 0.086218483  0.009642110  4795.029  4.387726e+02  -4575.284032
[13,]   13 0.055256497  0.008557581  4786.879  6.096442e+02  -9379.549521
[14,]   14 0.000001000  0.006622105  4881.599 -5.217480e+05    857.459837
[15,]   15 0.034955337  0.007846477  4779.573  9.076697e+02 -12072.335689
[16,]   16 0.011789800  0.007035040  4760.927  1.509084e+03 -10545.116571
[17,]   17 0.004095651  0.006765532  4757.225 -1.558736e+03  -4846.101219
[18,]   18 0.074627313  0.010681115  4787.662  4.430442e+02    -52.344247
[19,]   19 0.021663300  0.007740804  4766.992  1.170463e+03  -9880.445472
[20,]   20 0.008229945  0.006995048  4756.472  1.089101e+03  -8073.056863
[21,]   21 0.008017184  0.007641604  4752.376  5.233635e+02  -4293.241412
[22,]   22 0.007991527  0.008401603  4750.316  7.738806e+01  -1302.030116
[23,]   23 0.008204133  0.008764782  4750.035 -9.218185e+00   -313.351783
[24,]   24 0.008365377  0.008895994  4750.012 -7.684929e+00    -23.533003
[25,]   25 0.008400489  0.008910739  4750.012 -2.244295e+00      2.121704
[26,]   26 0.008405179  0.008911596  4750.012 -1.125868e+00      2.666432

