[22;0t]0;IPython: scripts/01_msprime_simulations$par
[1] 0.008271608 0.000462263

$value
[1] -404.883

$counts
function gradient 
      40       40 

$convergence
[1] 0

$message
[1] "CONVERGENCE: REL_REDUCTION_OF_F <= FACTR*EPSMCH"

$loginfo
      step        par1         par2       fn           gr1           gr2
 [1,]    1 0.100000000 0.0100000000 626.3724  1.928441e+03  4.149187e+03
 [2,]    2 0.000001000 0.0000010000 584.7439  1.082482e+05 -1.769737e+06
 [3,]    3 0.096702033 0.0096702330 618.6520  1.914020e+03  4.246734e+03
 [4,]    4 0.048351517 0.0048356165 507.8063  1.494363e+03  7.366478e+03
 [5,]    5 0.017183091 0.0017190544 437.0096  5.077827e+02  2.127956e+04
 [6,]    6 0.007795776 0.0007804074 410.3322  2.824840e+01  2.490026e+04
 [7,]    7 0.000001000 0.0000010000 584.7439  1.082482e+05 -1.769737e+06
 [8,]    8 0.007008873 0.0007017242 408.4387 -1.882246e+01  2.217817e+04
 [9,]    9 0.002590550 0.0001424978 420.9382  1.196168e+03 -2.658792e+05
[10,]   10 0.005184352 0.0004707950 405.0065 -8.520125e+01  3.016292e+03
[11,]   11 0.005083474 0.0004429061 404.9453 -6.951603e+01 -1.537155e+03
[12,]   12 0.005190960 0.0004542312 404.9510 -7.311387e+01  3.554445e+02
[13,]   13 0.005106550 0.0004453375 404.9449 -7.037677e+01 -1.120140e+03
[14,]   14 0.005285148 0.0004561315 404.9484 -6.975018e+01  6.028892e+02
[15,]   15 0.005148267 0.0004478588 404.9441 -7.028051e+01 -7.089610e+02
[16,]   16 0.005430012 0.0004592704 404.9465 -6.506608e+01  1.019394e+03
[17,]   17 0.005220580 0.0004507877 404.9428 -6.891183e+01 -2.573087e+02
[18,]   18 0.005601593 0.0004623350 404.9445 -5.955577e+01  1.404893e+03
[19,]   19 0.005323588 0.0004539095 404.9412 -6.621711e+01  1.980358e+02
[20,]   20 0.005769584 0.0004648921 404.9430 -5.437835e+01  1.711849e+03
[21,]   21 0.005443193 0.0004568548 404.9396 -6.276701e+01  6.072943e+02
[22,]   22 0.005961591 0.0004664578 404.9385 -4.824387e+01  1.847489e+03
[23,]   23 0.006339878 0.0004678883 404.9273 -3.705269e+01  1.863604e+03
[24,]   24 0.008196203 0.0000010000 639.8645  6.268895e+02 -2.043663e+06
[25,]   25 0.006661004 0.0003871212 405.2456  2.858042e+01 -1.554070e+04
[26,]   26 0.006420022 0.0004477312 404.8883 -2.316080e+01 -1.665877e+03
[27,]   27 0.007383415 0.0004605111 404.8845 -1.071561e+01  8.824916e+01
[28,]   28 0.007891427 0.0004621491 404.8836 -4.298883e+00  1.416401e+02
[29,]   29 0.008194825 0.0004622438 404.8830 -8.698853e-01  2.935619e+01
[30,]   30 0.008271608 0.0004622630 404.8830 -8.306468e-02  1.107729e+00
[31,]   31 0.008280091 0.0004622742 404.8830 -1.735377e-03 -3.831610e-01
[32,]   32 0.008271661 0.0004622630 404.8830 -8.255685e-02  1.098425e+00
[33,]   33 0.008271609 0.0004622630 404.8830 -8.306151e-02  1.107671e+00
[34,]   34 0.008271608 0.0004622630 404.8830 -8.306465e-02  1.107729e+00
[35,]   35 0.008271608 0.0004622630 404.8830 -8.306468e-02  1.107729e+00
[36,]   36 0.008271608 0.0004622630 404.8830 -8.306468e-02  1.107729e+00
[37,]   37 0.008271608 0.0004622630 404.8830 -8.306469e-02  1.107729e+00
[38,]   38 0.008271608 0.0004622630 404.8830 -8.306469e-02  1.107729e+00
[39,]   39 0.008271608 0.0004622630 404.8830 -8.306469e-02  1.107729e+00

