[22;0t]0;IPython: scripts/01_msprime_simulations$par
[1] 0.0052911429 0.0005030868

$value
[1] -412.6016

$counts
function gradient 
      54       54 

$convergence
[1] 0

$message
[1] "CONVERGENCE: REL_REDUCTION_OF_F <= FACTR*EPSMCH"

$loginfo
      step         par1         par2         fn           gr1           gr2
 [1,]    1 0.1000000000 0.0100000000   625.3991  1929.7959727  3.882742e+03
 [2,]    2 0.0000010000 0.0000010000   603.1459 92002.7905659 -1.818808e+06
 [3,]    3 0.0974853320 0.0097485558   619.5768  1919.4152425  3.933010e+03
 [4,]    4 0.0487431660 0.0048747779   509.7374  1506.4500761  6.883879e+03
 [5,]    5 0.0171849368 0.0017192390   439.4048   594.3972617  1.919123e+04
 [6,]    6 0.0073796215 0.0007387957   415.1304    75.8913910  1.656900e+04
 [7,]    7 0.0007697262 0.0000010000   636.4633 14856.0182429 -2.005514e+06
 [8,]    8 0.0056134980 0.0005416612   412.7257     0.5092254  4.194393e+03
 [9,]    9 0.0051010549 0.0004778911   412.6090     5.5787088 -3.290646e+03
[10,]   10 0.0053174015 0.0005056910   412.6050     0.2764330  3.009657e+02
[11,]   11 0.0052974136 0.0005033153   412.6018     0.4652738  1.635214e+01
[12,]   12 0.0052949785 0.0005031445   412.6016     0.4232799 -3.673300e+00
[13,]   13 0.0052942922 0.0005031258   412.6016     0.3948135 -5.624268e+00
[14,]   14 0.0052911429 0.0005030868   412.6016     0.2375322 -8.696757e+00
[15,]   15 0.0052882768 0.0005031005   412.6016     0.0662361 -5.314023e+00
[16,]   16 0.0052911191 0.0005030869   412.6016     0.2361099 -8.668647e+00
[17,]   17 0.0052911427 0.0005030868   412.6016     0.2375204 -8.696522e+00
[18,]   18 0.0052911429 0.0005030868   412.6016     0.2375321 -8.696755e+00
[19,]   19 0.0052911429 0.0005030868   412.6016     0.2375322 -8.696757e+00
[20,]   20 0.0052911429 0.0005030868   412.6016     0.2375322 -8.696757e+00
[21,]   21 0.0052911429 0.0005030868   412.6016     0.2375322 -8.696757e+00
[22,]   22 0.0052911429 0.0005030868   412.6016     0.2375322 -8.696757e+00
[23,]   23 0.0052911429 0.0005030868   412.6016     0.2375322 -8.696757e+00
[24,]   24 0.0052911429 0.0005030868   412.6016     0.2375322 -8.696757e+00
[25,]   25 0.0052911429 0.0005030868   412.6016     0.2375322 -8.696757e+00
[26,]   26 0.0052911429 0.0005030868   412.6016     0.2375322 -8.696757e+00
[27,]   27 0.0052911429 0.0005030868   412.6016     0.2375322 -8.696757e+00
[28,]   28 0.0000010000 8.6972601998 21362.8080  2416.0958869  2.347033e+03
[29,]   29 0.0052864438 0.0082281368   439.1848  1860.1324612 -1.013129e+03
[30,]   30 0.0052911411 0.0005060463   412.6056    -1.4181328  3.596941e+02
[31,]   31 0.0052911429 0.0005030902   412.6016     0.2355694 -8.261526e+00
[32,]   32 0.0052911429 0.0005030868   412.6016     0.2375298 -8.696226e+00
[33,]   33 0.0052911429 0.0005030868   412.6016     0.2375323 -8.696756e+00
[34,]   34 0.0052911429 0.0005030868   412.6016     0.2375322 -8.696757e+00
[35,]   35 0.0052911429 0.0005030868   412.6016     0.2375322 -8.696757e+00
[36,]   36 0.0052911429 0.0005030868   412.6016     0.2375322 -8.696757e+00
[37,]   37 0.0052911429 0.0005030868   412.6016     0.2375322 -8.696757e+00
[38,]   38 0.0052911429 0.0005030868   412.6016     0.2375322 -8.696757e+00
[39,]   39 0.0052911429 0.0005030868   412.6016     0.2375322 -8.696757e+00
[40,]   40 0.0052911429 0.0005030868   412.6016     0.2375322 -8.696757e+00
[41,]   41 0.0052911429 0.0005030868   412.6016     0.2375322 -8.696757e+00
[42,]   42 0.0052911429 0.0005030868   412.6016     0.2375322 -8.696757e+00
[43,]   43 0.0052911429 0.0005030868   412.6016     0.2375322 -8.696757e+00
[44,]   44 0.0052911429 0.0005030868   412.6016     0.2375322 -8.696757e+00
[45,]   45 0.0052911429 0.0005030868   412.6016     0.2375322 -8.696757e+00

