[22;0t]0;IPython: scripts/01_msprime_simulations$par
[1] 0.003223098 0.010535470

$value
[1] -5845.055

$counts
function gradient 
      30       30 

$convergence
[1] 0

$message
[1] "CONVERGENCE: REL_REDUCTION_OF_F <= FACTR*EPSMCH"

$loginfo
      step        par1         par2        fn           gr1           gr2
 [1,]    1 0.100000000  0.010000000  5946.142  4.140630e+02 -1.267356e+04
 [2,]    2 0.000001000 10.000000000 25759.973  2.416088e+03  2.206262e+03
 [3,]    3 0.072671595  2.740134946  9974.601  2.413727e+03  2.071898e+03
 [4,]    4 0.092059045  0.803309305  6537.530  2.391604e+03  1.176605e+03
 [5,]    5 0.097527777  0.256977571  6200.595  2.906206e+03 -1.496784e+02
 [6,]    6 0.099295699  0.080360334  6281.056  2.767283e+03  7.297376e+02
 [7,]    7 0.099863384  0.023648049  6023.545  6.714850e+02  1.065621e+04
 [8,]    8 0.099967943  0.013202560  5932.929  3.505693e+02  2.182031e+03
 [9,]    9 0.099895054  0.012732604  5932.204  3.525795e+02  7.578837e+02
[10,]   10 0.099734805  0.012464238  5932.063  3.551424e+02 -1.441957e+02
[11,]   11 0.099592244  0.012443641  5932.016  3.557636e+02 -2.150561e+02
[12,]   12 0.099021997  0.012361257  5931.842  3.583222e+02 -5.020929e+02
[13,]   13 0.089903389  0.011711059  5929.479  4.007161e+02 -2.891139e+03
[14,]   14 0.059894102  0.010435918  5921.084  6.559367e+02 -7.889632e+03
[15,]   15 0.000001000  0.007890968  5980.903 -8.065954e+05  1.452368e+03
[16,]   16 0.036317239  0.009434101  5910.212  1.187088e+03 -1.164042e+04
[17,]   17 0.012170364  0.008408063  5877.044  3.035247e+03 -1.154865e+04
[18,]   18 0.004151769  0.008067340  5853.109  2.949830e+03 -6.940602e+03
[19,]   19 0.000001000  0.008502739  5981.882 -8.140395e+05  9.425836e+02
[20,]   20 0.002717027  0.008217839  5849.336  6.992032e+02 -4.525011e+03
[21,]   21 0.011569188  0.017162690  5872.440  2.366025e+03  3.176748e+03
[22,]   22 0.004655178  0.010176285  5846.646  1.697876e+03 -1.119796e+03
[23,]   23 0.003538077  0.010181552  5845.262  6.338997e+02 -6.134605e+02
[24,]   24 0.002942756  0.010335509  5845.130 -4.630596e+02 -1.353340e+02
[25,]   25 0.003232012  0.010466163  5845.059  4.235869e+01 -8.913639e+01
[26,]   26 0.003226167  0.010516982  5845.056  1.256856e+01 -2.396750e+01
[27,]   27 0.003223116  0.010535405  5845.055  2.820715e-01 -4.217593e-01
[28,]   28 0.003223027  0.010535725  5845.055  6.111018e-03 -1.210110e-03
[29,]   29 0.003223098  0.010535470  5845.055  2.257680e-01 -3.359509e-01

