[22;0t]0;IPython: scripts/01_msprime_simulations$par
[1] 0.001058707 0.091570797

$value
[1] -15288.99

$counts
function gradient 
      40       40 

$convergence
[1] 0

$message
[1] "CONVERGENCE: REL_REDUCTION_OF_F <= FACTR*EPSMCH"

$loginfo
      step         par1        par2       fn           gr1           gr2
 [1,]    1 1.000000e-01  0.01000000 18934.94  8.847702e+03 -2.960936e+05
 [2,]    2 1.000000e-06 10.00000000 29997.34  2.416098e+03  1.852488e+03
 [3,]    3 6.681250e-02  3.32546399 18995.71  2.417847e+03  1.261893e+03
 [4,]    4 8.891574e-02  1.11732899 16432.10  4.089853e+03  1.012908e+03
 [5,]    5 7.365332e-02  1.11346200 16365.35  4.125182e+03  1.065657e+03
 [6,]    6 1.260365e-02  1.09799406 16101.47  3.419104e+03  1.280878e+03
 [7,]    7 1.000000e-06  1.08341122 16161.11 -6.054259e+05  1.091076e+03
 [8,]    8 6.841949e-03  1.09132705 16075.61  2.351704e+03  1.284594e+03
 [9,]    9 1.000000e-06  0.94830269 15985.94 -6.039535e+05  1.265393e+03
[10,]   10 6.512603e-03  1.08444140 16066.05  2.235343e+03  1.273921e+03
[11,]   11 3.256802e-03  1.01637204 15976.65 -6.669394e+01  1.234564e+03
[12,]   12 1.960129e-02  0.00000100 55835.77  4.489394e+04 -2.022455e+08
[13,]   13 8.828711e-03  0.66988662 15658.08  3.721614e+03  6.146859e+02
[14,]   14 1.773177e-03  0.31663670 15392.94 -8.758389e+01  7.811447e+02
[15,]   15 1.000000e-06  0.22790901 15434.59 -6.577622e+05  0.000000e+00
[16,]   16 9.385239e-04  0.27484808 15365.52 -7.564609e+03  4.634762e+02
[17,]   17 6.519105e-03  0.00000100 55120.53  6.868512e+04 -2.021962e+08
[18,]   18 2.803310e-03  0.18300620 15331.74  5.643174e+03  3.080201e+02
[19,]   19 1.812048e-04  0.00000100 54572.83  1.218874e+05 -2.021205e+08
[20,]   20 1.929018e-03  0.12198653 15294.69  5.828251e+03  3.255863e+02
[21,]   21 1.055111e-03  0.06099376 15293.80  4.312453e+03 -1.325192e+03
[22,]   22 1.715260e-03  0.10706766 15291.51  5.073174e+03  3.811658e+01
[23,]   23 5.142756e-06  0.07950367 15362.18 -4.582642e+05  6.205518e+02
[24,]   24 1.160295e-03  0.09812264 15289.42  9.749055e+02  4.617195e+01
[25,]   25 8.950488e-04  0.08161144 15291.45 -4.033485e+03 -1.980309e+02
[26,]   26 1.123137e-03  0.09580957 15289.25  7.347646e+02  6.691515e+01
[27,]   27 1.096508e-03  0.09415195 15289.12  4.609660e+02  7.068803e+01
[28,]   28 9.957782e-04  0.08788170 15289.42 -9.303299e+02 -2.226931e+02
[29,]   29 1.061479e-03  0.09197149 15288.99  1.725936e+01  1.870677e+01
[30,]   30 1.051361e-03  0.08807260 15289.36 -5.979670e+00 -2.124839e+02
[31,]   31 1.060610e-03  0.09163649 15288.99  1.838533e+01  3.021906e+00
[32,]   32 1.058707e-03  0.09157080 15288.99 -9.302983e+00 -1.838172e-01
[33,]   33 1.059444e-03  0.09157372 15288.99  2.469675e+00 -6.947806e-02
[34,]   34 1.058732e-03  0.09157089 15288.99 -8.910925e+00 -1.800108e-01
[35,]   35 1.058708e-03  0.09157080 15288.99 -9.289394e+00 -1.836847e-01
[36,]   36 1.058707e-03  0.09157080 15288.99 -9.302509e+00 -1.838120e-01
[37,]   37 1.058707e-03  0.09157080 15288.99 -9.302963e+00 -1.838154e-01
[38,]   38 1.058707e-03  0.09157080 15288.99 -9.302982e+00 -1.838166e-01
[39,]   39 1.058707e-03  0.09157080 15288.99 -9.302982e+00 -1.838167e-01
[40,]   40 1.058707e-03  0.09157080 15288.99 -9.302982e+00 -1.838166e-01

