[22;0t]0;IPython: scripts/01_msprime_simulations$par
[1] 0.0000010 0.6269532

$value
[1] -19183.63

$counts
function gradient 
      32       32 

$convergence
[1] 0

$message
[1] "CONVERGENCE: REL_REDUCTION_OF_F <= FACTR*EPSMCH"

$loginfo
      step       par1        par2       fn         gr1           gr2
 [1,]    1 0.10000000  0.01000000 21372.19    6348.632 -2.985919e+05
 [2,]    2 0.00000100 10.00000000 30493.66    2416.099  1.811051e+03
 [3,]    3 0.06677062  3.32964831 20165.41    2411.973  9.975212e+02
 [4,]    4 0.04001255  3.31851104 20089.76    2413.523  9.928888e+02
 [5,]    5 0.00000100  3.30185738 19976.67    2415.909  9.859481e+02
 [6,]    6 0.00000100  3.23856228 19915.11    2415.884  9.590575e+02
 [7,]    7 0.00000100  0.98113289 19689.62 -379737.995  1.937563e+03
 [8,]    8 0.00000100  0.00000100 59336.25  124641.219 -2.198891e+08
 [9,]    9 0.00000100  0.64292689 19185.15    7090.895  1.887369e+02
[10,]   10 0.00000100  0.00696828 19818.51  124068.965 -2.950980e+05
[11,]   11 0.00000100  0.40636531 19210.64   -2013.519  1.293245e+03
[12,]   12 0.00000100  0.63095746 19183.73    7082.524  4.821778e+01
[13,]   13 0.00000100  0.62685026 19183.63    7078.686 -1.239142e+00
[14,]   14 0.00000100  0.62695317 19183.63    7078.789  7.651997e-03
[15,]   15 0.00000100  0.62695253 19183.63    7078.788  1.027729e-04
[16,]   16 0.00000100  0.62695313 19183.63    7078.789  7.275721e-03
[17,]   17 0.00000100  0.62695317 19183.63    7078.789  7.630679e-03
[18,]   18 0.00000100  0.62695317 19183.63    7078.789  7.651997e-03
[19,]   19 0.00000100  0.62695317 19183.63    7078.789  7.651997e-03
[20,]   20 0.00000100  0.62695317 19183.63    7078.789  7.651997e-03
[21,]   21 0.00000100  0.62695317 19183.63    7078.789  7.651997e-03
[22,]   22 0.00000100  0.62695317 19183.63    7078.789  7.651997e-03
[23,]   23 0.00000100  0.62695317 19183.63    7078.789  7.651997e-03
[24,]   24 0.00000100  0.62695317 19183.63    7078.789  7.651997e-03
[25,]   25 0.00000100  0.62695317 19183.63    7078.789  7.651997e-03
[26,]   26 0.00000100  0.62695317 19183.63    7078.789  7.651997e-03

