[22;0t]0;IPython: scripts/01_msprime_simulations$par
[1] 0.0007376428 0.0680993777

$value
[1] -13722.59

$counts
function gradient 
      74       74 

$convergence
[1] 52

$message
[1] "ERROR: ABNORMAL_TERMINATION_IN_LNSRCH"

$loginfo
      step         par1        par2       fn           gr1           gr2
 [1,]    1 1.000000e-01  0.01000000 16496.47  6.923304e+03 -2.473970e+05
 [2,]    2 1.000000e-06 10.00000000 29198.08  2.416098e+03  1.919217e+03
 [3,]    3 6.688011e-02  3.31871001 17331.84  2.518958e+03  1.457432e+03
 [4,]    4 8.895062e-02  1.11384387 14802.30  3.342286e+03  6.531993e+02
 [5,]    5 7.406658e-02  1.11087109 14750.37  3.368974e+03  6.739505e+02
 [6,]    6 1.453041e-02  1.09897995 14545.49  2.875889e+03  7.484421e+02
 [7,]    7 1.000000e-06  1.08880166 14577.20 -4.078623e+05  7.349741e+02
 [8,]    8 7.511603e-03  1.09406306 14523.48  2.187627e+03  7.644325e+02
 [9,]    9 1.000000e-06  1.05328110 14552.12 -4.077325e+05  7.020186e+02
[10,]   10 3.869945e-03  1.07428916 14502.40  9.311769e+02  7.385025e+02
[11,]   11 1.000000e-06  1.06808979 14562.42 -4.078129e+05  6.960250e+02
[12,]   12 2.519407e-03  1.07212513 14500.38 -5.111179e+02  7.346252e+02
[13,]   13 2.426397e-03  0.87473948 14388.01 -1.233711e+03  5.280717e+02
[14,]   14 5.057536e-03  0.36145738 13950.07  4.848815e+03  7.293452e+02
[15,]   15 6.910399e-03  0.00000100 47410.91  7.030349e+04 -1.735944e+08
[16,]   16 5.678325e-03  0.24035387 13868.90  7.125914e+03  4.657860e+02
[17,]   17 2.055839e-03  0.00000100 47032.20  8.637965e+04 -1.735767e+08
[18,]   18 4.468046e-03  0.16005152 13810.78  9.353262e+03  6.318416e+02
[19,]   19 3.261943e-03  0.08002626 13751.63  1.254332e+04  5.432569e+02
[20,]   20 2.465915e-03  0.02720959 13991.67  1.942238e+04 -1.974727e+04
[21,]   21 3.087082e-03  0.06842421 13747.84  1.394456e+04 -4.706274e+02
[22,]   22 1.000000e-06  0.11948803 13848.33 -6.856818e+05  1.607474e+03
[23,]   23 1.810404e-03  0.08954875 13743.34  8.158800e+03  7.190128e+02
[24,]   24 1.000000e-06  0.06476843 13808.71 -6.842161e+05 -7.399418e+02
[25,]   25 1.096410e-03  0.07977040 13728.67  5.157997e+03  1.032589e+03
[26,]   26 4.703478e-04  0.07119629 13724.58 -1.435494e+04  1.154216e+02
[27,]   27 3.247153e-03  0.00000100 47132.51  8.206928e+04 -1.735814e+08
[28,]   28 1.394431e-03  0.04750347 13770.96  1.263658e+04 -4.441954e+03
[29,]   29 5.956191e-04  0.06798442 13722.90 -5.137233e+03  7.480037e+01
[30,]   30 6.653720e-04  0.06205563 13726.30 -1.228043e+03 -1.284826e+03
[31,]   31 6.021993e-04  0.06742512 13722.85 -4.471506e+03 -1.105762e+01
[32,]   32 6.871862e-04  0.06781343 13722.62 -1.431627e+03 -5.888095e+00
[33,]   33 7.276091e-04  0.06802144 13722.59 -2.696400e+02 -4.260643e+00
[34,]   34 7.376428e-04  0.06809938 13722.59 -1.772484e+01 -1.268699e+00
[35,]   35 7.385743e-04  0.06811343 13722.59  1.348513e+00 -2.602407e-01
[36,]   36 7.376846e-04  0.06810001 13722.59 -1.686661e+01 -1.223115e+00
[37,]   37 7.376447e-04  0.06809941 13722.59 -1.768465e+01 -1.266565e+00
[38,]   38 7.376429e-04  0.06809938 13722.59 -1.772295e+01 -1.268600e+00
[39,]   39 7.376428e-04  0.06809938 13722.59 -1.772475e+01 -1.268695e+00
[40,]   40 7.376428e-04  0.06809938 13722.59 -1.772483e+01 -1.268700e+00
[41,]   41 7.376428e-04  0.06809938 13722.59 -1.772484e+01 -1.268701e+00
[42,]   42 7.376428e-04  0.06809938 13722.59 -1.772484e+01 -1.268699e+00
[43,]   43 7.376428e-04  0.06809938 13722.59 -1.772484e+01 -1.268700e+00
[44,]   44 7.376428e-04  0.06809938 13722.59 -1.772484e+01 -1.268699e+00
[45,]   45 7.376428e-04  0.06809938 13722.59 -1.772484e+01 -1.268699e+00
[46,]   46 7.376428e-04  0.06809938 13722.59 -1.772484e+01 -1.268699e+00
[47,]   47 7.376428e-04  0.06809938 13722.59 -1.772484e+01 -1.268699e+00
[48,]   48 7.376428e-04  0.06809938 13722.59 -1.772484e+01 -1.268699e+00
[49,]   49 7.376428e-04  0.06809938 13722.59 -1.772484e+01 -1.268699e+00
[50,]   50 7.376428e-04  0.06809938 13722.59 -1.772484e+01 -1.268699e+00
[51,]   51 1.000000e+01  1.33679831 35812.46  1.821874e+03  2.636333e+03
[52,]   52 2.060906e-02  0.07062065 13934.33  7.853392e+03 -3.628308e+02
[53,]   53 7.449898e-04  0.06810031 13722.59  1.942374e+02 -5.380455e+00
[54,]   54 7.377739e-04  0.06809939 13722.59 -1.390185e+01 -1.342442e+00
[55,]   55 7.376457e-04  0.06809938 13722.59 -1.763935e+01 -1.270349e+00
[56,]   56 7.376428e-04  0.06809938 13722.59 -1.772292e+01 -1.268736e+00
[57,]   57 7.376428e-04  0.06809938 13722.59 -1.772479e+01 -1.268701e+00
[58,]   58 7.376428e-04  0.06809938 13722.59 -1.772484e+01 -1.268699e+00
[59,]   59 7.376428e-04  0.06809938 13722.59 -1.772484e+01 -1.268699e+00
[60,]   60 7.376428e-04  0.06809938 13722.59 -1.772484e+01 -1.268699e+00
[61,]   61 7.376428e-04  0.06809938 13722.59 -1.772484e+01 -1.268699e+00
[62,]   62 7.376428e-04  0.06809938 13722.59 -1.772484e+01 -1.268699e+00
[63,]   63 7.376428e-04  0.06809938 13722.59 -1.772484e+01 -1.268699e+00
[64,]   64 7.376428e-04  0.06809938 13722.59 -1.772484e+01 -1.268699e+00
[65,]   65 7.376428e-04  0.06809938 13722.59 -1.772484e+01 -1.268699e+00
[66,]   66 7.376428e-04  0.06809938 13722.59 -1.772484e+01 -1.268699e+00
[67,]   67 7.376428e-04  0.06809938 13722.59 -1.772484e+01 -1.268699e+00
[68,]   68 7.376428e-04  0.06809938 13722.59 -1.772484e+01 -1.268699e+00
[69,]   69 7.376428e-04  0.06809938 13722.59 -1.772484e+01 -1.268699e+00

