[22;0t]0;IPython: scripts/01_msprime_simulations$par
[1] 0.0238108158 0.0005195682

$value
[1] -439.6639

$counts
function gradient 
      53       53 

$convergence
[1] 0

$message
[1] "CONVERGENCE: REL_REDUCTION_OF_F <= FACTR*EPSMCH"

$loginfo
      step        par1         par2         fn           gr1           gr2
 [1,]    1 0.100000000 1.000000e-02   661.8181  1.916538e+03  3.350870e+03
 [2,]    2 0.000001000 1.000000e-06   640.4530  1.057434e+05 -1.954326e+06
 [3,]    3 0.097550596 9.755082e-03   656.3079  1.904207e+03  3.436307e+03
 [4,]    4 0.048775798 4.878041e-03   547.0035  1.399155e+03  9.040891e+03
 [5,]    5 0.017208940 1.721639e-03   468.9481  4.182721e+02  2.377145e+04
 [6,]    6 0.007499481 7.507806e-04   443.2850 -1.167406e+02  1.966496e+04
 [7,]    7 0.001538565 1.000000e-06   686.1155  7.010755e+03 -2.173363e+06
 [8,]    8 0.005875334 5.464909e-04   440.5359 -1.614697e+02  6.010183e+03
 [9,]    9 0.006992525 4.721186e-04   440.2353 -8.985180e+01 -5.180215e+03
[10,]   10 0.008281931 5.058285e-04   440.0826 -8.393228e+01 -3.085660e+02
[11,]   11 0.011064393 5.267975e-04   439.9350 -5.527866e+01  1.929494e+03
[12,]   12 0.014537542 5.329783e-04   439.8117 -2.968383e+01  2.300521e+03
[13,]   13 0.018115213 5.257214e-04   439.7161 -1.383328e+01  1.000725e+03
[14,]   14 0.021233137 5.200803e-04   439.6758 -6.317560e+00  3.052697e+01
[15,]   15 0.023810816 5.195682e-04   439.6639 -2.725330e+00 -7.741584e+01
[16,]   16 0.026924991 5.584912e-04   439.8203  6.758962e-01  5.834739e+03
[17,]   17 0.023879707 5.204293e-04   439.6648 -2.653678e+00  6.295333e+01
[18,]   18 0.023813524 5.196021e-04   439.6639 -2.722518e+00 -7.188942e+01
[19,]   19 0.023810924 5.195696e-04   439.6639 -2.725218e+00 -7.719482e+01
[20,]   20 0.023810820 5.195683e-04   439.6639 -2.725326e+00 -7.740699e+01
[21,]   21 0.023810816 5.195682e-04   439.6639 -2.725330e+00 -7.741549e+01
[22,]   22 0.023810816 5.195682e-04   439.6639 -2.725330e+00 -7.741583e+01
[23,]   23 0.023810816 5.195682e-04   439.6639 -2.725330e+00 -7.741584e+01
[24,]   24 0.023810816 5.195682e-04   439.6639 -2.725330e+00 -7.741584e+01
[25,]   25 0.023810816 5.195682e-04   439.6639 -2.725330e+00 -7.741584e+01
[26,]   26 0.023810816 5.195682e-04   439.6639 -2.725330e+00 -7.741584e+01
[27,]   27 0.023810816 5.195682e-04   439.6639 -2.725330e+00 -7.741584e+01
[28,]   28 0.023810816 5.195682e-04   439.6639 -2.725330e+00 -7.741584e+01
[29,]   29 0.023810816 5.195682e-04   439.6639 -2.725330e+00 -7.741584e+01
[30,]   30 0.023810816 5.195682e-04   439.6639 -2.725330e+00 -7.741584e+01
[31,]   31 0.023810816 5.195682e-04   439.6639 -2.725330e+00 -7.741584e+01
[32,]   32 2.749140986 1.000000e+01 30957.4480  2.349881e+03  2.319681e+03
[33,]   33 0.040657066 6.232997e-02   591.0413  2.399416e+03  1.730800e+03
[34,]   34 0.023940184 9.942307e-04   449.6909  9.475252e+01  3.040648e+04
[35,]   35 0.023810969 5.201290e-04   439.6646 -2.727136e+00  1.418117e+01
[36,]   36 0.023810817 5.195739e-04   439.6639 -2.725350e+00 -7.648385e+01
[37,]   37 0.023810816 5.195683e-04   439.6639 -2.725330e+00 -7.740627e+01
[38,]   38 0.023810816 5.195682e-04   439.6639 -2.725330e+00 -7.741574e+01
[39,]   39 0.023810816 5.195682e-04   439.6639 -2.725330e+00 -7.741584e+01
[40,]   40 0.023810816 5.195682e-04   439.6639 -2.725330e+00 -7.741584e+01
[41,]   41 0.023810816 5.195682e-04   439.6639 -2.725330e+00 -7.741584e+01
[42,]   42 0.023810816 5.195682e-04   439.6639 -2.725330e+00 -7.741584e+01
[43,]   43 0.023810816 5.195682e-04   439.6639 -2.725330e+00 -7.741584e+01
[44,]   44 0.023810816 5.195682e-04   439.6639 -2.725330e+00 -7.741584e+01
[45,]   45 0.023810816 5.195682e-04   439.6639 -2.725330e+00 -7.741584e+01
[46,]   46 0.023810816 5.195682e-04   439.6639 -2.725330e+00 -7.741584e+01

