[22;0t]0;IPython: scripts/01_msprime_simulations$par
[1] 0.0003642235 0.0080100639

$value
[1] -4323.762

$counts
function gradient 
      63       63 

$convergence
[1] 0

$message
[1] "CONVERGENCE: REL_REDUCTION_OF_F <= FACTR*EPSMCH"

$loginfo
      step         par1        par2       fn           gr1           gr2
 [1,]    1 0.1000000000 0.010000000 4441.981  4.605518e+02  3.937436e+02
 [2,]    2 0.0000010000 0.000001000 9683.711  1.200139e+05 -3.555369e+07
 [3,]    3 0.0669567592 0.006695973 4455.828  6.116764e+02 -2.252989e+04
 [4,]    4 0.0901042095 0.009010510 4439.244  4.722478e+02 -4.376324e+03
 [5,]    5 0.0794530344 0.008912500 4434.507  5.043098e+02 -4.945924e+03
 [6,]    6 0.0368483340 0.008520462 4410.436  8.014077e+02 -6.089455e+03
 [7,]    7 0.0000010000 0.008181402 4355.316 -2.738309e+05 -4.819141e+02
 [8,]    8 0.0367483086 0.008519542 4410.361  8.028667e+02 -6.088020e+03
 [9,]    9 0.0121339860 0.008293046 4381.395  2.499093e+03 -3.526083e+03
[10,]   10 0.0040006527 0.008218205 4350.819  5.744738e+03 -1.983231e+03
[11,]   11 0.0000010000 0.008215959 4355.298 -2.734006e+05 -4.595330e+02
[12,]   12 0.0018433020 0.008216993 4335.805  8.479395e+03 -1.190136e+03
[13,]   13 0.0006773797 0.008216339 4325.375  7.727478e+03 -2.236484e+02
[14,]   14 0.0002309691 0.008216088 4324.420 -1.402374e+04  5.232759e+02
[15,]   15 0.0005187845 0.008216249 4324.294  5.314799e+03  3.132442e+00
[16,]   16 0.0000010000 0.008175592 4355.319 -2.739026e+05 -4.818451e+02
[17,]   17 0.0004036813 0.008207211 4323.835  1.639560e+03  1.831226e+02
[18,]   18 0.0003499249 0.008167244 4323.780 -1.166402e+03  2.323593e+02
[19,]   19 0.0003686769 0.008151046 4323.778 -1.156931e+01  1.771972e+02
[20,]   20 0.0003696981 0.008116461 4323.773  1.096611e+02  1.314460e+02
[21,]   21 0.0003661829 0.008010229 4323.763  1.118233e+02 -3.516713e+00
[22,]   22 0.0003643100 0.008010055 4323.762  4.965637e+00 -1.771338e-01
[23,]   23 0.0003642235 0.008010064 4323.762 -3.385078e-02  1.031462e-03
[24,]   24 0.0003642241 0.008010064 4323.762  1.171884e-05  6.698428e-06
[25,]   25 0.0003642235 0.008010064 4323.762 -3.385042e-02  1.031399e-03
[26,]   26 0.0003642235 0.008010064 4323.762 -3.385078e-02  1.031462e-03
[27,]   27 0.0003642235 0.008010064 4323.762 -3.385060e-02  1.031462e-03
[28,]   28 0.0003642235 0.008010064 4323.762 -3.385078e-02  1.031462e-03
[29,]   29 0.0003642235 0.008010064 4323.762 -3.385066e-02  1.031453e-03
[30,]   30 0.0003642235 0.008010064 4323.762 -3.385078e-02  1.031462e-03
[31,]   31 0.0003642235 0.008010064 4323.762 -3.385070e-02  1.031458e-03
[32,]   32 0.0003642235 0.008010064 4323.762 -3.385078e-02  1.031462e-03
[33,]   33 0.0003642235 0.008010064 4323.762 -3.385074e-02  1.031453e-03
[34,]   34 0.0003642235 0.008010064 4323.762 -3.385078e-02  1.031462e-03
[35,]   35 0.0003642235 0.008010064 4323.762 -3.385076e-02  1.031458e-03
[36,]   36 0.0003642235 0.008010064 4323.762 -3.385078e-02  1.031462e-03
[37,]   37 0.0003642235 0.008010064 4323.762 -3.385077e-02  1.031476e-03
[38,]   38 0.0342150024 0.006978601 4424.938  1.010904e+03 -1.669736e+04
[39,]   39 0.0003643005 0.008010062 4323.762  4.408060e+00 -1.495970e-01
[40,]   40 0.0003642235 0.008010064 4323.762 -3.380920e-02  1.030239e-03
[41,]   41 0.0003642235 0.008010064 4323.762 -3.385077e-02  1.031462e-03
[42,]   42 0.0003642235 0.008010064 4323.762 -3.385078e-02  1.031462e-03
[43,]   43 0.0003642235 0.008010064 4323.762 -3.385077e-02  1.031458e-03
[44,]   44 0.0003642235 0.008010064 4323.762 -3.385078e-02  1.031458e-03
[45,]   45 0.0003642235 0.008010064 4323.762 -3.385077e-02  1.031458e-03
[46,]   46 0.0003642235 0.008010064 4323.762 -3.385077e-02  1.031458e-03
[47,]   47 0.0003642235 0.008010064 4323.762 -3.385077e-02  1.031458e-03
[48,]   48 0.0003642235 0.008010064 4323.762 -3.385077e-02  1.031458e-03
[49,]   49 0.0003642235 0.008010064 4323.762 -3.385077e-02  1.031458e-03
[50,]   50 0.0003642235 0.008010064 4323.762 -3.385077e-02  1.031458e-03

