[22;0t]0;IPython: scripts/01_msprime_simulations$par
[1] 0.0015481699 0.0003872916

$value
[1] -294.4039

$counts
function gradient 
      31       31 

$convergence
[1] 0

$message
[1] "CONVERGENCE: REL_REDUCTION_OF_F <= FACTR*EPSMCH"

$loginfo
      step         par1         par2       fn          gr1           gr2
 [1,]    1 0.1000000000 0.0100000000 525.6941  2064.255786     3009.6185
 [2,]    2 0.0000010000 0.0000010000 416.6592 63402.806687 -1173205.9738
 [3,]    3 0.0957969343 0.0095797313 515.7652  2051.194570     3083.5555
 [4,]    4 0.0478989671 0.0047903656 403.6135  1693.712520     6851.8726
 [5,]    5 0.0164913949 0.0016498911 323.7748   895.592210    18517.9241
 [6,]    6 0.0071395393 0.0007147897 299.0293   481.608069    15989.8242
 [7,]    7 0.0000010000 0.0000010000 416.6592 63402.806687 -1173205.9738
 [8,]    8 0.0062352947 0.0006243734 297.2735   426.219876    12941.3516
 [9,]    9 0.0000010000 0.0000010000 416.6592 63402.806687 -1173205.9738
[10,]   10 0.0058082065 0.0005816684 296.5670   400.945270    10963.2693
[11,]   11 0.0024372946 0.0003014846 295.3354   472.404319   -21640.8692
[12,]   12 0.0041317908 0.0004423279 294.9707   326.235831      700.8788
[13,]   13 0.0029917507 0.0003878186 294.6662   288.249539    -5099.1423
[14,]   14 0.0022484119 0.0003839516 294.4931   200.530352    -4099.1662
[15,]   15 0.0008081239 0.0003908214 294.5339  -461.191005     2516.2807
[16,]   16 0.0015481699 0.0003872916 294.4039    22.297557    -1377.2882
[17,]   17 0.0015741595 0.0003964198 294.4100    -1.976021     -369.1762
[18,]   18 0.0015521106 0.0003886757 294.4043    18.416826    -1219.9837
[19,]   19 0.0015488194 0.0003875197 294.4040    21.652906    -1351.2494
[20,]   20 0.0015482783 0.0003873297 294.4039    22.189738    -1372.9357
[21,]   21 0.0015481880 0.0003872980 294.4039    22.279503    -1376.5595
[22,]   22 0.0015481729 0.0003872926 294.4039    22.294533    -1377.1662
[23,]   23 0.0015481704 0.0003872918 294.4039    22.297050    -1377.2678
[24,]   24 0.0015481699 0.0003872916 294.4039    22.297472    -1377.2848
[25,]   25 0.0015481699 0.0003872916 294.4039    22.297543    -1377.2877
[26,]   26 0.0015481699 0.0003872916 294.4039    22.297554    -1377.2881
[27,]   27 0.0015481699 0.0003872916 294.4039    22.297556    -1377.2882
[28,]   28 0.0015481699 0.0003872916 294.4039    22.297555    -1377.2882
[29,]   29 0.0015481699 0.0003872916 294.4039    22.297556    -1377.2882
[30,]   30 0.0015481699 0.0003872916 294.4039    22.297556    -1377.2882
[31,]   31 0.0015481699 0.0003872916 294.4039    22.297556    -1377.2882

