[22;0t]0;IPython: scripts/01_msprime_simulations$par
[1] 0.000001 1.900145

$value
[1] -18901.28

$counts
function gradient 
      28       28 

$convergence
[1] 0

$message
[1] "CONVERGENCE: REL_REDUCTION_OF_F <= FACTR*EPSMCH"

$loginfo
      step         par1      par2       fn           gr1           gr2
 [1,]    1 0.1000000000  0.010000 20715.46    6778.89403 -2.970428e+05
 [2,]    2 0.0000010000 10.000000 30372.48    2416.08796  1.821168e+03
 [3,]    3 0.0667825238  3.328459 19933.25    2376.72442  1.029363e+03
 [4,]    4 0.0889077773  1.118124 19130.03    1975.73534 -1.814423e+02
 [5,]    5 0.0815385748  1.118756 19115.63    1898.74435 -1.723409e+02
 [6,]    6 0.0520617645  1.121284 19065.80    1384.35626 -1.300680e+02
 [7,]    7 0.0000010000  1.125999 19315.96 -906469.76375 -5.790274e+02
 [8,]    8 0.0318778002  1.123112 19044.80     555.13944 -9.263700e+01
 [9,]    9 0.0182288310  1.124616 19045.34    -901.41352 -6.808625e+01
[10,]   10 0.0251701697  1.123851 19042.67      22.92986 -7.946327e+01
[11,]   11 0.0247794131  1.124199 19042.64     -16.80070 -7.931895e+01
[12,]   12 0.0242545928  1.125589 19042.56     -73.80666 -8.094717e+01
[13,]   13 0.0227296317  1.133648 19042.10    -257.45712 -9.365491e+01
[14,]   14 0.0182393041  1.170047 19040.06    -886.70129 -1.593115e+02
[15,]   15 0.0000010000  1.341245 19134.05 -359738.89132 -8.188602e+02
[16,]   16 0.0117726502  1.230748 19036.26   -2063.90715 -2.724188e+02
[17,]   17 0.0000010000  1.355398 19122.71 -333294.44474 -7.839722e+02
[18,]   18 0.0076484422  1.274419 19033.67   -3405.10569 -3.380816e+02
[19,]   19 0.0035149713  1.347866 19025.01   -6383.01096 -4.349044e+02
[20,]   20 0.0000010000  1.492565 19025.21 -122350.69126 -6.547945e+02
[21,]   21 0.0015065079  1.430571 19005.12  -13018.93425 -4.338376e+02
[22,]   22 0.0001890467  2.358391 19016.98    2408.10901  4.685995e+02
[23,]   23 0.0008626350  1.884017 18902.28     209.08016 -3.361305e+00
[24,]   24 0.0007641851  1.890896 18902.24     436.06871  1.847159e+00
[25,]   25 0.0000010000  1.928482 18901.79    2307.65033  3.557478e+01
[26,]   26 0.0000010000  1.915564 18901.43    2281.99741  1.949203e+01
[27,]   27 0.0000010000  1.899909 18901.28    2239.09212 -2.982053e-01
[28,]   28 0.0000010000  1.900145 18901.28    2239.86117  2.337529e-03

