[22;0t]0;IPython: scripts/01_msprime_simulations$par
[1] 4.276349e-05 1.326051e-03

$value
[1] -1628.446

$counts
function gradient 
      89       89 

$convergence
[1] 52

$message
[1] "ERROR: ABNORMAL_TERMINATION_IN_LNSRCH"

$loginfo
      step         par1         par2        fn         gr1           gr2
 [1,]    1 1.000000e-01 1.000000e-02  1813.644    985.7553  1.426257e+04
 [2,]    2 1.000000e-06 1.000000e-06  2983.791 119629.6828 -1.067718e+07
 [3,]    3 6.283861e-02 6.284195e-03  1729.189    590.6676  1.491507e+04
 [4,]    4 5.862713e-03 1.000000e-06  3184.535  10700.3297 -1.088088e+07
 [5,]    5 4.313613e-02 4.111443e-03  1688.554    282.9213  1.376106e+04
 [6,]    6 2.864922e-02 1.000000e-06  3259.885   1161.3427 -1.094207e+07
 [7,]    7 3.835580e-02 2.755096e-03  1673.235    140.7710  4.146034e+03
 [8,]    8 3.465066e-02 2.155025e-03  1674.083    165.0633 -1.079279e+04
 [9,]    9 3.682626e-02 2.507378e-03  1672.549    141.7923 -6.768805e+02
[10,]   10 3.379367e-02 2.496535e-03  1672.104    157.2189 -9.152898e+02
[11,]   11 2.166328e-02 2.453160e-03  1669.624    286.7896 -1.650149e+03
[12,]   12 1.000000e-06 2.375702e-03  1635.022 -58765.6250 -2.057063e+02
[13,]   13 2.156023e-02 2.452792e-03  1669.595    288.7974 -1.654953e+03
[14,]   14 6.831466e-03 2.400126e-03  1660.010   1568.4230 -2.900914e+03
[15,]   15 2.051044e-03 2.383033e-03  1645.706   5847.2215 -2.550287e+03
[16,]   16 1.000000e-06 2.375702e-03  1635.022 -58765.6250 -2.057063e+02
[17,]   17 3.673940e-02 2.540586e-03  1672.528    142.3002  5.951605e+01
[18,]   18 1.185005e-02 2.428882e-03  1665.266    720.1667 -2.038733e+03
[19,]   19 3.656075e-03 2.392107e-03  1652.780   3353.8857 -3.092751e+03
[20,]   20 1.074127e-03 2.380519e-03  1638.626   8954.7700 -1.354172e+03
[21,]   21 3.460025e-04 2.377251e-03  1631.093  10907.3453  2.514727e+01
[22,]   22 2.919906e-04 2.377551e-03  1630.504  10333.8967  9.777768e+01
[23,]   23 7.594298e-05 2.378754e-03  1629.272   1443.3758  5.015551e+02
[24,]   24 3.342541e-05 2.350749e-03  1630.150  -9773.1622  5.110092e+02
[25,]   25 7.526081e-05 2.378305e-03  1629.278   1334.3650  5.022631e+02
[26,]   26 7.592298e-05 2.378741e-03  1629.272   1440.2001  5.015759e+02
[27,]   27 7.594239e-05 2.378754e-03  1629.272   1443.2819  5.015558e+02
[28,]   28 7.594297e-05 2.378754e-03  1629.272   1443.3731  5.015552e+02
[29,]   29 7.594298e-05 2.378754e-03  1629.272   1443.3758  5.015551e+02
[30,]   30 7.594298e-05 2.378754e-03  1629.272   1443.3758  5.015551e+02
[31,]   31 7.594298e-05 2.378754e-03  1629.272   1443.3758  5.015551e+02
[32,]   32 7.594298e-05 2.378754e-03  1629.272   1443.3758  5.015551e+02
[33,]   33 7.594298e-05 2.378754e-03  1629.272   1443.3758  5.015551e+02
[34,]   34 7.594298e-05 2.378754e-03  1629.272   1443.3758  5.015551e+02
[35,]   35 7.594298e-05 2.378754e-03  1629.272   1443.3758  5.015551e+02
[36,]   36 7.594298e-05 2.378754e-03  1629.272   1443.3758  5.015551e+02
[37,]   37 7.594298e-05 2.378754e-03  1629.272   1443.3758  5.015551e+02
[38,]   38 7.594298e-05 2.378754e-03  1629.272   1443.3758  5.015551e+02
[39,]   39 7.594298e-05 2.378754e-03  1629.272   1443.3758  5.015551e+02
[40,]   40 7.594298e-05 2.378754e-03  1629.272   1443.3758  5.015551e+02
[41,]   41 7.594298e-05 2.378754e-03  1629.272   1443.3758  5.015551e+02
[42,]   42 1.000000e-06 1.000000e-06  2983.791 119629.6828 -1.067718e+07
[43,]   43 5.243701e-05 1.632968e-03  1628.855  -2161.9811  1.259722e+03
[44,]   44 2.671850e-05 8.169841e-04  1640.838  28459.1783 -6.171876e+04
[45,]   45 4.740293e-05 1.473249e-03  1628.731    439.3538  2.403860e+03
[46,]   46 4.318822e-05 1.339527e-03  1628.451   7218.1663  3.543060e+02
[47,]   47 4.276349e-05 1.326051e-03  1628.446   7889.8945 -2.653615e+02
[48,]   48 1.000000e-06 1.160300e-03  1633.945 -39079.8726 -7.797802e+03
[49,]   49 4.233810e-05 1.324363e-03  1628.451   7861.4246 -3.197237e+02
[50,]   50 4.273574e-05 1.325941e-03  1628.447   7888.0933 -2.688640e+02
[51,]   51 4.276166e-05 1.326044e-03  1628.446   7889.7759 -2.655924e+02
[52,]   52 4.276337e-05 1.326051e-03  1628.446   7889.8867 -2.653768e+02
[53,]   53 4.276348e-05 1.326051e-03  1628.446   7889.8940 -2.653625e+02
[54,]   54 4.276349e-05 1.326051e-03  1628.446   7889.8945 -2.653616e+02
[55,]   55 4.276349e-05 1.326051e-03  1628.446   7889.8945 -2.653615e+02
[56,]   56 4.276349e-05 1.326051e-03  1628.446   7889.8945 -2.653615e+02
[57,]   57 4.276349e-05 1.326051e-03  1628.446   7889.8945 -2.653615e+02
[58,]   58 4.276349e-05 1.326051e-03  1628.446   7889.8945 -2.653615e+02
[59,]   59 4.276349e-05 1.326051e-03  1628.446   7889.8945 -2.653615e+02
[60,]   60 4.276349e-05 1.326051e-03  1628.446   7889.8945 -2.653615e+02
[61,]   61 4.276349e-05 1.326051e-03  1628.446   7889.8945 -2.653615e+02
[62,]   62 4.276349e-05 1.326051e-03  1628.446   7889.8945 -2.653615e+02
[63,]   63 4.276349e-05 1.326051e-03  1628.446   7889.8945 -2.653615e+02
[64,]   64 4.276349e-05 1.326051e-03  1628.446   7889.8945 -2.653615e+02
[65,]   65 4.276349e-05 1.326051e-03  1628.446   7889.8945 -2.653615e+02
[66,]   66 4.276349e-05 1.326051e-03  1628.446   7889.8945 -2.653615e+02
[67,]   67 4.276349e-05 1.326051e-03  1628.446   7889.8945 -2.653615e+02
[68,]   68 1.000000e-06 1.000000e+01 24650.032   2416.0878  2.298930e+03
[69,]   69 4.166339e-05 2.647015e-01  1878.117   2413.3232  1.628245e+03
[70,]   70 4.267677e-05 2.208688e-02  1644.162  -4801.2065  1.954546e+03
[71,]   71 4.275137e-05 4.227042e-03  1631.760  -8696.2266  1.007939e+03
[72,]   72 4.276292e-05 1.461546e-03  1628.809   -586.4116  2.891428e+03
[73,]   73 4.276347e-05 1.329277e-03  1628.448   7701.1553 -1.019930e+02
[74,]   74 4.276349e-05 1.326269e-03  1628.446   7877.2071 -2.542059e+02
[75,]   75 4.276349e-05 1.326067e-03  1628.446   7888.9937 -2.645686e+02
[76,]   76 4.276349e-05 1.326052e-03  1628.446   7889.8303 -2.653050e+02
[77,]   77 4.276349e-05 1.326051e-03  1628.446   7889.8899 -2.653575e+02
[78,]   78 4.276349e-05 1.326051e-03  1628.446   7889.8942 -2.653612e+02
[79,]   79 4.276349e-05 1.326051e-03  1628.446   7889.8945 -2.653615e+02
[80,]   80 4.276349e-05 1.326051e-03  1628.446   7889.8945 -2.653615e+02
[81,]   81 4.276349e-05 1.326051e-03  1628.446   7889.8945 -2.653615e+02
[82,]   82 4.276349e-05 1.326051e-03  1628.446   7889.8945 -2.653615e+02
[83,]   83 4.276349e-05 1.326051e-03  1628.446   7889.8945 -2.653615e+02
[84,]   84 4.276349e-05 1.326051e-03  1628.446   7889.8945 -2.653615e+02
[85,]   85 4.276349e-05 1.326051e-03  1628.446   7889.8945 -2.653615e+02
[86,]   86 4.276349e-05 1.326051e-03  1628.446   7889.8945 -2.653615e+02

