[22;0t]0;IPython: scripts/01_msprime_simulations$par
[1] 0.202774666 0.000645614

$value
[1] -537.6619

$counts
function gradient 
      37       37 

$convergence
[1] 0

$message
[1] "CONVERGENCE: REL_REDUCTION_OF_F <= FACTR*EPSMCH"

$loginfo
      step        par1         par2       fn           gr1           gr2
 [1,]    1 0.100000000 0.0100000000 757.1902  1.871682e+03  3.759577e+03
 [2,]    2 0.000001000 0.0000010000 802.0473  1.084034e+05 -2.554314e+06
 [3,]    3 0.046057965 0.0046062820 635.8815  1.353253e+03  9.589947e+03
 [4,]    4 0.016276208 0.0016283743 561.5957  2.311421e+02  2.660140e+04
 [5,]    5 0.006862394 0.0006870777 539.1039 -3.232049e+01  7.559945e+03
 [6,]    6 0.006440744 0.0000010000 874.1306  1.351783e+03 -2.815430e+06
 [7,]    7 0.006757724 0.0005167666 539.2821  5.344258e+01 -1.471682e+04
 [8,]    8 0.006812738 0.0006062814 538.7457 -7.686399e+00 -7.783086e+02
 [9,]    9 0.007357229 0.0006154775 538.7440 -1.838189e+01  1.109935e+02
[10,]   10 0.023855959 0.0008240118 540.1404 -2.659729e+01  1.753579e+04
[11,]   11 0.008791356 0.0006336040 538.7374 -3.492089e+01  1.755651e+03
[12,]   12 0.019794370 0.0007553534 539.2076 -3.773288e+01  1.240827e+04
[13,]   13 0.010227622 0.0006494964 538.7330 -4.304247e+01  3.183244e+03
[14,]   14 0.012753738 0.0006717346 538.7267 -4.701848e+01  5.119453e+03
[15,]   15 0.014222255 0.0006772948 538.6920 -4.563601e+01  5.497297e+03
[16,]   16 0.033058509 0.0007048469 538.3420 -1.543024e+01  7.539219e+03
[17,]   17 0.038150682 0.0006701313 538.0574 -1.145033e+01  3.471261e+03
[18,]   18 0.049112982 0.0006368996 537.8935 -6.720816e+00 -1.108667e+03
[19,]   19 0.057254261 0.0006372646 537.8463 -4.966655e+00 -1.113087e+03
[20,]   20 0.083746739 0.0019112711 584.6317  1.250497e+02  4.848150e+04
[21,]   21 0.057517671 0.0006499318 537.8530 -4.976164e+00  7.070671e+02
[22,]   22 0.057309966 0.0006399434 537.8458 -4.971692e+00 -7.214038e+02
[23,]   23 0.080527033 0.0006458830 537.7666 -2.505168e+00  8.880797e+01
[24,]   24 0.103877319 0.0006459337 537.7221 -1.437990e+00  7.757145e+01
[25,]   25 0.135333740 0.0006455804 537.6889 -7.394955e-01  9.914981e+00
[26,]   26 0.168645066 0.0006456160 537.6711 -3.742372e-01  5.867312e+00
[27,]   27 0.202774666 0.0006456140 537.6619 -1.820621e-01 -2.352795e-02
[28,]   28 0.262691861 0.0015454667 570.2220  5.682955e+00  5.505878e+04
[29,]   29 0.202781515 0.0006457169 537.6620 -1.820483e-01  1.568834e+01
[30,]   30 0.202774684 0.0006456143 537.6619 -1.820612e-01  1.593266e-02
[31,]   31 0.202774666 0.0006456140 537.6619 -1.820620e-01 -2.342839e-02
[32,]   32 0.202774666 0.0006456140 537.6619 -1.820621e-01 -2.352766e-02
[33,]   33 0.202774666 0.0006456140 537.6619 -1.820621e-01 -2.352766e-02
[34,]   34 0.202774666 0.0006456140 537.6619 -1.820614e-01 -2.347890e-02
[35,]   35 0.202774666 0.0006456140 537.6619 -1.820621e-01 -2.352756e-02
[36,]   36 0.202774666 0.0006456140 537.6619 -1.820621e-01 -2.352756e-02
[37,]   37 0.202774666 0.0006456140 537.6619 -1.820621e-01 -2.352756e-02

