[22;0t]0;IPython: scripts/01_msprime_simulations$par
[1] 0.0003744622 0.0001438001

$value
[1] -134.0494

$counts
function gradient 
      73       73 

$convergence
[1] 52

$message
[1] "ERROR: ABNORMAL_TERMINATION_IN_LNSRCH"

$loginfo
      step         par1         par2         fn           gr1          gr2
 [1,]    1 0.1000000000 1.000000e-02   375.9934  2.190538e+03    3068.9274
 [2,]    2 0.0000010000 1.000000e-06   174.4915  4.856776e+04 -378334.2567
 [3,]    3 0.0000010000 1.000000e+01 24358.6890  2.416088e+03    2323.2537
 [4,]    4 0.0000010000 3.301313e+00  8315.2822  2.415994e+03    2466.0798
 [5,]    5 0.0000010000 1.089801e+00  2814.1338  2.415578e+03    2505.8916
 [6,]    6 0.0000010000 3.598573e-01   985.2716  2.414141e+03    2495.8307
 [7,]    7 0.0000010000 1.189305e-01   389.4504  2.409689e+03    2422.3002
 [8,]    8 0.0000010000 3.939429e-02   202.8265  2.396033e+03    2186.3778
 [9,]    9 0.0000010000 1.312014e-02   151.4290  2.329375e+03    1475.2669
[10,]   10 0.0000010000 1.306918e-02   151.3539  2.328663e+03    1471.1075
[11,]   11 0.0000010000 1.286535e-02   151.0557  2.325676e+03    1454.1403
[12,]   12 0.0000010000 1.205002e-02   149.8995  2.311033e+03    1380.5307
[13,]   13 0.0000010000 8.788730e-03   146.0261  2.118241e+03     949.5685
[14,]   14 0.0000010000 9.649151e-04   141.0916 -2.059759e+04    2728.8033
[15,]   15 0.0000010000 1.000000e-06   174.4915  0.000000e+00 -378334.2567
[16,]   16 0.0000010000 6.628029e-04   140.1082 -2.329754e+04    3950.5415
[17,]   17 0.1453367403 1.000000e-06   191.7583  5.651366e-01 -545533.1660
[18,]   18 0.0495455508 4.371961e-04   149.3212  2.431775e+01   60827.3002
[19,]   19 0.0161694304 5.891781e-04   151.3466  6.537384e+02   31366.8637
[20,]   20 0.0051415685 6.393947e-04   143.4918  8.402903e+02   14055.3404
[21,]   21 0.0016494053 6.552967e-04   140.6817  1.074195e+03    9305.4471
[22,]   22 0.0005463076 6.603198e-04   138.8698  2.733434e+03    5632.2289
[23,]   23 0.0003269528 1.000000e-06   183.3808  1.096034e+04 -491380.9520
[24,]   24 0.0004826968 4.691234e-04   137.4194  1.913350e+03    8397.8979
[25,]   25 0.0004048248 2.350617e-04   134.8669  4.490850e+02    9771.9726
[26,]   26 0.0004023630 2.276622e-04   134.7797  4.262674e+02    9287.5009
[27,]   27 0.0004011629 2.240550e-04   134.7376  4.169766e+02    9009.9663
[28,]   28 0.0003640578 1.125275e-04   134.1407  1.363020e+03  -79464.6296
[29,]   29 0.0003973123 2.124813e-04   134.6056  3.963516e+02    7898.9362
[30,]   30 0.0003744622 1.438001e-04   134.0494  7.383068e+02  -16421.0854
[31,]   31 0.0003771405 1.518504e-04   134.0782  6.394611e+02  -10293.4994
[32,]   32 0.0003744622 1.438001e-04   134.0494  7.383068e+02  -16421.0854
[33,]   33 0.0000010000 5.726206e-04   139.7298 -2.416219e+04    4513.8035
[34,]   34 0.0003002680 2.289921e-04   134.7530  3.307510e+02    9317.2243
[35,]   35 0.0003595594 1.609119e-04   134.1158  5.281347e+02   -4830.7548
[36,]   36 0.0003714231 1.472896e-04   134.0570  6.895452e+02  -13467.0450
[37,]   37 0.0003738796 1.444690e-04   134.0506  7.287204e+02  -15825.2171
[38,]   38 0.0003743528 1.439257e-04   134.0496  7.364986e+02  -16308.1033
[39,]   39 0.0003744417 1.438236e-04   134.0495  7.379685e+02  -16399.9312
[40,]   40 0.0003744584 1.438045e-04   134.0494  7.382436e+02  -16417.1341
[41,]   41 0.0003744615 1.438009e-04   134.0494  7.382950e+02  -16420.3477
[42,]   42 0.0003744621 1.438002e-04   134.0494  7.383046e+02  -16420.9477
[43,]   43 0.0003744622 1.438001e-04   134.0494  7.383064e+02  -16421.0597
[44,]   44 0.0003744622 1.438001e-04   134.0494  7.383067e+02  -16421.0806
[45,]   45 0.0003744622 1.438001e-04   134.0494  7.383068e+02  -16421.0845
[46,]   46 0.0003744622 1.438001e-04   134.0494  7.383068e+02  -16421.0852
[47,]   47 0.0003744622 1.438001e-04   134.0494  7.383068e+02  -16421.0854
[48,]   48 0.0003744622 1.438001e-04   134.0494  7.383068e+02  -16421.0854
[49,]   49 0.0003744622 1.438001e-04   134.0494  7.383068e+02  -16421.0854
[50,]   50 0.0003744622 1.438001e-04   134.0494  7.383068e+02  -16421.0854
[51,]   51 0.0003744622 1.438001e-04   134.0494  7.383068e+02  -16421.0854
[52,]   52 0.0003744622 1.438001e-04   134.0494  7.383068e+02  -16421.0854
[53,]   53 0.0000010000 1.000000e+01 24358.6890  2.416088e+03    2323.2537
[54,]   54 0.0002722969 2.735732e+00  6917.9032  2.415952e+03    2477.5765
[55,]   55 0.0003465562 7.473581e-01  1956.4408  2.415248e+03    2507.5100
[56,]   56 0.0003668031 2.052246e-01   601.8017  2.412456e+03    2469.9134
[57,]   57 0.0003723291 5.725952e-02   243.8886  2.402416e+03    2296.9578
[58,]   58 0.0003738491 1.655948e-02   157.7932  2.360009e+03    1698.7505
[59,]   59 0.0003742800 5.021671e-03   143.9671  9.831241e+02     707.9939
[60,]   60 0.0003744126 1.471907e-03   140.9334  2.627888e+03    1983.6418
[61,]   61 0.0003744516 4.272762e-04   136.8614  1.896475e+03    8507.2847
[62,]   62 0.0003744603 1.935450e-04   134.3963  3.818149e+02    5192.1183
[63,]   63 0.0003744618 1.537596e-04   134.0851  6.159984e+02   -9019.0137
[64,]   64 0.0003744621 1.456863e-04   134.0543  7.127815e+02  -14810.6765
[65,]   65 0.0003744622 1.441400e-04   134.0502  7.336226e+02  -16122.5660
[66,]   66 0.0003744622 1.438606e-04   134.0496  7.374704e+02  -16367.6842
[67,]   67 0.0003744622 1.438108e-04   134.0494  7.381582e+02  -16411.5957
[68,]   68 0.0003744622 1.438020e-04   134.0494  7.382804e+02  -16419.4010
[69,]   69 0.0003744622 1.438004e-04   134.0494  7.383021e+02  -16420.7865
[70,]   70 0.0003744622 1.438002e-04   134.0494  7.383059e+02  -16421.0324
[71,]   71 0.0003744622 1.438001e-04   134.0494  7.383066e+02  -16421.0760
[72,]   72 0.0003744622 1.438001e-04   134.0494  7.383067e+02  -16421.0837

