[22;0t]0;IPython: scripts/01_msprime_simulations$par
[1] 0.0003935686 0.0053970863

$value
[1] -4089.141

$counts
function gradient 
      36       36 

$convergence
[1] 0

$message
[1] "CONVERGENCE: REL_REDUCTION_OF_F <= FACTR*EPSMCH"

$loginfo
      step         par1        par2       fn           gr1           gr2
 [1,]    1 0.1000000000 0.010000000 4178.464  1.684208e+02  1.093683e+04
 [2,]    2 0.0000010000 0.000001000 8776.303  1.228356e+05 -3.218451e+07
 [3,]    3 0.0665130008 0.006651601 4160.526  2.254721e+02 -7.210771e+03
 [4,]    4 0.0720519986 0.007583414 4158.627  1.788922e+02  2.825067e+02
 [5,]    5 0.0679896320 0.007390794 4157.937  1.937164e+02 -9.743357e+02
 [6,]    6 0.0410787110 0.006596579 4153.229  4.163246e+02 -6.009132e+03
 [7,]    7 0.0000010000 0.005384263 4114.656 -2.167053e+05 -1.612086e+03
 [8,]    8 0.0410334711 0.006595244 4153.218  4.170554e+02 -6.017050e+03
 [9,]    9 0.0135683655 0.005784673 4135.627  1.763627e+03 -8.402852e+03
[10,]   10 0.0044753672 0.005516314 4113.002  4.285295e+03 -4.706303e+03
[11,]   11 0.0000010000 0.005808172 4114.256 -2.090296e+05  4.149389e+02
[12,]   12 0.0019399277 0.005681698 4099.148  6.644408e+03 -1.511687e+03
[13,]   13 0.0007111022 0.005761853 4090.356  5.842780e+03  2.460230e+01
[14,]   14 0.0002424347 0.005792424 4089.995 -1.215922e+04  9.809717e+02
[15,]   15 0.0005595570 0.005771738 4089.595  3.791447e+03  3.018868e+02
[16,]   16 0.0000010000 0.005687626 4114.256 -2.103273e+05 -4.386595e+02
[17,]   17 0.0004306003 0.005752319 4089.261  5.355205e+02  5.234134e+02
[18,]   18 0.0003914079 0.005533905 4089.159 -4.719897e+02  2.608628e+02
[19,]   19 0.0003978417 0.005362662 4089.144  2.598565e+02 -7.627159e+01
[20,]   20 0.0003935686 0.005397086 4089.141 -1.637117e+01  4.038650e+00
[21,]   21 0.0003938557 0.005395472 4089.141  2.687202e-01  8.183943e-02
[22,]   22 0.0003935737 0.005397057 4089.141 -1.607352e+01  3.967957e+00
[23,]   23 0.0003935687 0.005397086 4089.141 -1.636576e+01  4.037364e+00
[24,]   24 0.0003935686 0.005397086 4089.141 -1.637107e+01  4.038626e+00
[25,]   25 0.0003935686 0.005397086 4089.141 -1.637117e+01  4.038649e+00
[26,]   26 0.0003935686 0.005397086 4089.141 -1.637117e+01  4.038649e+00
[27,]   27 0.0003935686 0.005397086 4089.141 -1.637112e+01  4.038638e+00
[28,]   28 0.0003935686 0.005397086 4089.141 -1.637116e+01  4.038649e+00
[29,]   29 0.0003935686 0.005397086 4089.141 -1.637117e+01  4.038649e+00
[30,]   30 0.0003935686 0.005397086 4089.141 -1.637116e+01  4.038649e+00
[31,]   31 0.0003935686 0.005397086 4089.141 -1.637117e+01  4.038649e+00
[32,]   32 0.0003935686 0.005397086 4089.141 -1.637117e+01  4.038649e+00
[33,]   33 0.0003935686 0.005397086 4089.141 -1.637117e+01  4.038649e+00
[34,]   34 0.0003935686 0.005397086 4089.141 -1.637117e+01  4.038649e+00
[35,]   35 0.0003935686 0.005397086 4089.141 -1.637117e+01  4.038649e+00

