[22;0t]0;IPython: scripts/01_msprime_simulations$par
[1] 0.055390775 0.001024445

$value
[1] -802.8136

$counts
function gradient 
      36       36 

$convergence
[1] 0

$message
[1] "CONVERGENCE: REL_REDUCTION_OF_F <= FACTR*EPSMCH"

$loginfo
      step        par1         par2        fn           gr1           gr2
 [1,]    1 0.100000000 0.0100000000 1023.6361  1.443505e+03  8.025499e+03
 [2,]    2 0.000001000 0.0000010000 1268.4096  1.157620e+05 -4.308065e+06
 [3,]    3 0.055028502 0.0055032550  919.1037  8.427744e+02  1.672262e+04
 [4,]    4 0.019191738 0.0019199011  820.0047  1.634862e+01  2.613478e+04
 [5,]    5 0.007545539 0.0007553860  805.5498  1.255355e+00 -1.952031e+04
 [6,]    6 0.027811537 0.0062412671  901.4013  1.160340e+03  7.388009e+03
 [7,]    7 0.010332863 0.0015098974  810.7459 -1.473289e+02  2.045747e+04
 [8,]    8 0.008344921 0.0009717739  803.8902 -1.668128e+02  1.478991e+03
 [9,]    9 0.009854808 0.0009749681  803.6800 -1.214249e+02  9.215463e+02
[10,]   10 0.014018404 0.0009903645  803.3346 -6.198649e+01  5.205783e+02
[11,]   11 0.018323356 0.0010048493  803.1409 -3.708397e+01  6.018135e+02
[12,]   12 0.024418739 0.0009942280  802.9830 -1.729775e+01 -1.162978e+03
[13,]   13 0.031081032 0.0010161782  802.8894 -9.798812e+00 -3.462592e+00
[14,]   14 0.039729588 0.0010166125  802.8349 -3.655789e+00 -3.811363e+02
[15,]   15 0.047543734 0.0010595587  802.8810 -1.693981e+00  2.849762e+03
[16,]   16 0.041315784 0.0010253302  802.8318 -3.225505e+00  2.803374e+02
[17,]   17 0.046241511 0.0010261661  802.8207 -1.610570e+00  2.396730e+02
[18,]   18 0.050958681 0.0010233391  802.8146 -5.898635e-01 -6.332725e+01
[19,]   19 0.053856863 0.0010245099  802.8138 -1.931709e-01  3.284599e+00
[20,]   20 0.055238197 0.0010246305  802.8137 -3.641624e-02  1.275005e+00
[21,]   21 0.055553207 0.0010242473  802.8136 -2.801431e-04 -3.346428e+01
[22,]   22 0.055390775 0.0010244449  802.8136 -1.876333e-02 -1.555098e+01
[23,]   23 0.055605170 0.0010246712  802.8137  1.625010e-03  1.723361e+00
[24,]   24 0.055394412 0.0010244487  802.8136 -1.841403e-02 -1.525825e+01
[25,]   25 0.055390838 0.0010244450  802.8136 -1.875731e-02 -1.554592e+01
[26,]   26 0.055390776 0.0010244449  802.8136 -1.876321e-02 -1.555089e+01
[27,]   27 0.055390775 0.0010244449  802.8136 -1.876332e-02 -1.555097e+01
[28,]   28 0.055390775 0.0010244449  802.8136 -1.876334e-02 -1.555098e+01
[29,]   29 0.055390775 0.0010244449  802.8136 -1.876333e-02 -1.555098e+01
[30,]   30 0.055390775 0.0010244449  802.8136 -1.876334e-02 -1.555097e+01
[31,]   31 0.055390775 0.0010244449  802.8136 -1.876335e-02 -1.555098e+01
[32,]   32 0.055390775 0.0010244449  802.8136 -1.876333e-02 -1.555098e+01
[33,]   33 0.055390775 0.0010244449  802.8136 -1.876333e-02 -1.555098e+01
[34,]   34 0.055390775 0.0010244449  802.8136 -1.876332e-02 -1.555098e+01
[35,]   35 0.055390775 0.0010244449  802.8136 -1.876333e-02 -1.555098e+01

