[22;0t]0;IPython: scripts/01_msprime_simulations$par
[1] 0.0001545064 0.0139733370

$value
[1] -8519.863

$counts
function gradient 
      73       73 

$convergence
[1] 52

$message
[1] "ERROR: ABNORMAL_TERMINATION_IN_LNSRCH"

$loginfo
      step         par1        par2        fn           gr1           gr2
 [1,]    1 1.000000e-01  0.01000000  8761.137  5.614098e+02 -4.919198e+04
 [2,]    2 1.000000e-06 10.00000000 26551.498  2.416088e+03  2.140178e+03
 [3,]    3 6.826594e-02  3.18026397 12414.609  2.413906e+03  1.919829e+03
 [4,]    4 8.970339e-02  1.03864204  9068.904  2.407680e+03  8.556064e+02
 [5,]    5 9.658044e-02  0.35161776  8997.255  3.741479e+03 -2.957331e+02
 [6,]    6 9.889499e-02  0.12039138  9200.313  4.502841e+03 -7.124712e+02
 [7,]    7 9.968517e-02  0.04145188  8913.112  9.954430e+02  1.203908e+04
 [8,]    8 9.990195e-02  0.01979542  8640.786 -4.661375e+01  6.724315e+03
 [9,]    9 9.990910e-02  0.01861745  8634.216 -3.240806e+01  4.337917e+03
[10,]   10 9.992534e-02  0.01647617  8630.937  2.684539e+01 -1.701624e+03
[11,]   11 9.991717e-02  0.01707946  8630.517  5.451199e+00  2.657160e+02
[12,]   12 9.991571e-02  0.01699799  8630.505  8.115808e+00  1.366899e+01
[13,]   13 9.991296e-02  0.01699349  8630.505  8.266257e+00 -2.649137e-01
[14,]   14 9.990840e-02  0.01699190  8630.505  8.321662e+00 -5.096875e+00
[15,]   15 9.987211e-02  0.01698531  8630.505  8.560054e+00 -2.446930e+01
[16,]   16 9.978542e-02  0.01697653  8630.504  8.899828e+00 -4.906428e+01
[17,]   17 9.950865e-02  0.01695886  8630.503  9.644593e+00 -9.518391e+01
[18,]   18 9.872934e-02  0.01692486  8630.499  1.124627e+01 -1.757212e+02
[19,]   19 9.613898e-02  0.01683870  8630.487  1.594525e+01 -3.579764e+02
[20,]   20 8.010802e-02  0.01636798  8630.334  5.374576e+01 -1.230048e+03
[21,]   21 1.598418e-02  0.01448511  8611.753  1.333983e+03 -1.362774e+03
[22,]   22 1.000000e-06  0.01401579  8538.320 -1.832469e+05  2.316781e+03
[23,]   23 1.587206e-02  0.01448181  8611.607  1.346774e+03 -1.352891e+03
[24,]   24 5.054973e-03  0.01416419  8582.886  5.670112e+03 -5.529866e+02
[25,]   25 1.000000e-06  0.01401579  8538.320 -1.832469e+05  2.316781e+03
[26,]   26 9.613638e-02  0.01685588  8630.482  1.533599e+01 -3.033978e+02
[27,]   27 3.171473e-02  0.01495269  8623.573  4.908212e+02 -2.281984e+03
[28,]   28 1.028252e-02  0.01431953  8601.809  2.387387e+03 -8.419383e+02
[29,]   29 3.231764e-03  0.01411123  8569.864  9.081874e+03 -5.901776e+02
[30,]   30 9.972556e-04  0.01404522  8538.865  2.148489e+04 -4.770823e+02
[31,]   31 3.509350e-04  0.01402613  8523.331  2.309522e+04 -4.422076e+01
[32,]   32 3.116493e-04  0.01401557  8522.428  2.156951e+04 -2.703935e+01
[33,]   33 1.545064e-04  0.01397334  8519.863 -1.428790e+03 -9.501400e+01
[34,]   34 1.661411e-04  0.01398009  8519.944  2.704780e+03 -8.191456e+01
[35,]   35 1.549274e-04  0.01397358  8519.866 -1.261144e+03 -9.451331e+01
[36,]   36 1.545216e-04  0.01397335  8519.863 -1.422741e+03 -9.499598e+01
[37,]   37 1.545070e-04  0.01397334  8519.863 -1.428573e+03 -9.501335e+01
[38,]   38 1.545065e-04  0.01397334  8519.863 -1.428783e+03 -9.501398e+01
[39,]   39 1.545064e-04  0.01397334  8519.863 -1.428790e+03 -9.501400e+01
[40,]   40 1.545064e-04  0.01397334  8519.863 -1.428790e+03 -9.501400e+01
[41,]   41 1.545064e-04  0.01397334  8519.863 -1.428790e+03 -9.501400e+01
[42,]   42 1.545064e-04  0.01397334  8519.863 -1.428790e+03 -9.501400e+01
[43,]   43 1.545064e-04  0.01397334  8519.863 -1.428790e+03 -9.501400e+01
[44,]   44 1.545064e-04  0.01397334  8519.863 -1.428790e+03 -9.501400e+01
[45,]   45 1.545064e-04  0.01397334  8519.863 -1.428790e+03 -9.501400e+01
[46,]   46 1.545064e-04  0.01397334  8519.863 -1.428790e+03 -9.501400e+01
[47,]   47 1.545064e-04  0.01397334  8519.863 -1.428790e+03 -9.501400e+01
[48,]   48 1.545064e-04  0.01397334  8519.863 -1.428790e+03 -9.501400e+01
[49,]   49 1.545064e-04  0.01397334  8519.863 -1.428790e+03 -9.501400e+01
[50,]   50 1.545064e-04  0.01397334  8519.863 -1.428790e+03 -9.501400e+01
[51,]   51 1.545064e-04  0.01397334  8519.863 -1.428790e+03 -9.501400e+01
[52,]   52 1.545064e-04  0.01397334  8519.863 -1.428790e+03 -9.501400e+01
[53,]   53 1.545064e-04  0.01397334  8519.863 -1.428790e+03 -9.501400e+01
[54,]   54 1.000000e+01 10.00000000 49478.084  2.169565e+03  2.148670e+03
[55,]   55 7.307146e-01  0.74352388 10418.946  2.345012e+03  2.914585e+02
[56,]   56 7.343662e-02  0.08715418  9085.394  4.543972e+03  7.903029e+02
[57,]   57 2.917182e-03  0.01673219  8566.513  1.045723e+04  1.975362e+02
[58,]   58 2.041630e-04  0.01402293  8520.379  1.154564e+04 -5.964249e+01
[59,]   59 1.562106e-04  0.01397504  8519.873 -7.588802e+02 -9.330660e+01
[60,]   60 1.545695e-04  0.01397340  8519.864 -1.403548e+03 -9.495022e+01
[61,]   61 1.545088e-04  0.01397334  8519.863 -1.427858e+03 -9.501164e+01
[62,]   62 1.545065e-04  0.01397334  8519.863 -1.428756e+03 -9.501391e+01
[63,]   63 1.545064e-04  0.01397334  8519.863 -1.428789e+03 -9.501400e+01
[64,]   64 1.545064e-04  0.01397334  8519.863 -1.428790e+03 -9.501400e+01
[65,]   65 1.545064e-04  0.01397334  8519.863 -1.428790e+03 -9.501400e+01
[66,]   66 1.545064e-04  0.01397334  8519.863 -1.428790e+03 -9.501400e+01
[67,]   67 1.545064e-04  0.01397334  8519.863 -1.428790e+03 -9.501400e+01
[68,]   68 1.545064e-04  0.01397334  8519.863 -1.428790e+03 -9.501400e+01
[69,]   69 1.545064e-04  0.01397334  8519.863 -1.428790e+03 -9.501400e+01
[70,]   70 1.545064e-04  0.01397334  8519.863 -1.428790e+03 -9.501400e+01
[71,]   71 1.545064e-04  0.01397334  8519.863 -1.428790e+03 -9.501400e+01
[72,]   72 1.545064e-04  0.01397334  8519.863 -1.428790e+03 -9.501400e+01
[73,]   73 1.545064e-04  0.01397334  8519.863 -1.428790e+03 -9.501400e+01

