[22;0t]0;IPython: scripts/01_msprime_simulations$par
[1] 0.005799736 0.004845811

$value
[1] -3117.34

$counts
function gradient 
      49       49 

$convergence
[1] 0

$message
[1] "CONVERGENCE: REL_REDUCTION_OF_F <= FACTR*EPSMCH"

$loginfo
      step        par1        par2       fn           gr1           gr2
 [1,]    1 0.100000000 0.010000000 3189.554  3.313368e+02  1.548036e+04
 [2,]    2 0.000001000 0.000001000 6296.237  1.219935e+05 -2.295389e+07
 [3,]    3 0.065739101 0.006574218 3139.199  2.123519e+02  6.483481e+03
 [4,]    4 0.032490616 0.003736535 3145.940  5.813001e+02 -2.610217e+04
 [5,]    5 0.051446202 0.005354352 3132.868  2.485112e+02 -2.183075e+03
 [6,]    6 0.046196847 0.005229885 3131.841  2.709800e+02 -3.200695e+03
 [7,]    7 0.025199428 0.004732018 3127.014  4.651342e+02 -6.615416e+03
 [8,]    8 0.000001000 0.004134542 3183.511 -3.231126e+05  1.547653e+02
 [9,]    9 0.016099638 0.004516254 3123.547  6.300702e+02 -7.031633e+03
[10,]   10 0.005497840 0.004264877 3118.364  3.072053e+02 -4.001912e+03
[11,]   11 0.003772641 0.004223971 3118.499 -4.374275e+02 -2.623638e+03
[12,]   12 0.005497840 0.004264877 3118.364  3.072053e+02 -4.001912e+03
[13,]   13 0.001358967 0.004304256 3124.047 -6.186878e+03  4.016741e+02
[14,]   14 0.004479074 0.004274570 3118.190 -6.809917e+01 -2.957694e+03
[15,]   15 0.006163496 0.004840987 3117.357  8.644915e+01 -1.934870e+02
[16,]   16 0.005929836 0.004841019 3117.343  3.406713e+01 -8.747841e+01
[17,]   17 0.005784695 0.004844417 3117.340 -3.075707e+00 -2.022665e+00
[18,]   18 0.005799736 0.004845811 3117.340  9.524213e-02 -1.063604e+00
[19,]   19 0.005799700 0.004845980 3117.340  9.030939e-03 -9.461788e-02
[20,]   20 0.005799735 0.004845814 3117.340  9.336088e-02 -1.042459e+00
[21,]   21 0.005799736 0.004845811 3117.340  9.520034e-02 -1.063134e+00
[22,]   22 0.005799736 0.004845811 3117.340  9.524134e-02 -1.063594e+00
[23,]   23 0.005799736 0.004845811 3117.340  9.524216e-02 -1.063604e+00
[24,]   24 0.005799736 0.004845811 3117.340  9.524213e-02 -1.063604e+00
[25,]   25 0.005799736 0.004845811 3117.340  9.524213e-02 -1.063604e+00
[26,]   26 0.005799736 0.004845811 3117.340  9.524214e-02 -1.063604e+00
[27,]   27 0.005799736 0.004845811 3117.340  9.524213e-02 -1.063604e+00
[28,]   28 0.005799736 0.004845811 3117.340  9.524214e-02 -1.063604e+00
[29,]   29 0.005799736 0.004845811 3117.340  9.524213e-02 -1.063604e+00
[30,]   30 0.005799736 0.004845811 3117.340  9.524213e-02 -1.063604e+00
[31,]   31 0.005799736 0.004845811 3117.340  9.524213e-02 -1.063604e+00
[32,]   32 0.005799736 0.004845811 3117.340  9.524213e-02 -1.063604e+00
[33,]   33 0.000001000 1.068449933 4530.246  2.415974e+03  2.041527e+03
[34,]   34 0.005798161 0.005134720 3117.558 -1.077937e+02  1.428151e+03
[35,]   35 0.005799735 0.004845996 3117.340  1.067744e-02 -2.326277e-02
[36,]   36 0.005799736 0.004845814 3117.340  9.344154e-02 -1.041453e+00
[37,]   37 0.005799736 0.004845811 3117.340  9.520301e-02 -1.063123e+00
[38,]   38 0.005799736 0.004845811 3117.340  9.524137e-02 -1.063594e+00
[39,]   39 0.005799736 0.004845811 3117.340  9.524215e-02 -1.063604e+00
[40,]   40 0.005799736 0.004845811 3117.340  9.524159e-02 -1.063597e+00
[41,]   41 0.005799736 0.004845811 3117.340  9.524209e-02 -1.063604e+00
[42,]   42 0.005799736 0.004845811 3117.340  9.524208e-02 -1.063604e+00
[43,]   43 0.005799736 0.004845811 3117.340  9.524209e-02 -1.063604e+00

