[22;0t]0;IPython: scripts/01_msprime_simulations$par
[1] 0.016866694 0.000506809

$value
[1] -432.7162

$counts
function gradient 
      40       40 

$convergence
[1] 0

$message
[1] "CONVERGENCE: REL_REDUCTION_OF_F <= FACTR*EPSMCH"

$loginfo
      step         par1         par2       fn           gr1           gr2
 [1,]    1 0.1000000000 0.0100000000 654.0757  1.921642e+03  3.984171e+03
 [2,]    2 0.0000010000 0.0000010000 628.0249  1.073877e+05 -1.908216e+06
 [3,]    3 0.0972940425 0.0097294286 647.8000  1.909261e+03  4.093224e+03
 [4,]    4 0.0486475213 0.0048652143 535.6866  1.448696e+03  8.308979e+03
 [5,]    5 0.0172283273 0.0017235777 461.8600  4.048339e+02  2.256081e+04
 [6,]    6 0.0075981845 0.0007606501 436.4382 -2.912497e+01  2.082311e+04
 [7,]    7 0.0007041504 0.0000010000 663.9790  1.808464e+04 -2.083818e+06
 [8,]    8 0.0057198413 0.0005536764 433.2273 -8.895260e+01  7.995441e+03
 [9,]    9 0.0050751737 0.0004407024 433.0177 -3.764579e+01 -7.990921e+03
[10,]   10 0.0054122524 0.0004997734 432.9231 -7.569645e+01  1.642126e+03
[11,]   11 0.0055851973 0.0004898668 432.8886 -6.403171e+01  9.440924e+01
[12,]   12 0.0061027994 0.0004860085 432.8555 -4.864259e+01 -8.236744e+02
[13,]   13 0.0076998379 0.0004888159 432.7989 -2.676680e+01 -1.197126e+03
[14,]   14 0.0100346682 0.0005021182 432.7620 -1.616079e+01  1.104966e+02
[15,]   15 0.0124567261 0.0005102050 432.7456 -1.001496e+01  8.382260e+02
[16,]   16 0.0150067914 0.0005126867 432.7320 -5.125693e+00  8.584082e+02
[17,]   17 0.0197410674 0.0000010000 689.6100  1.653744e+02 -2.193663e+06
[18,]   18 0.0159217618 0.0004137955 433.3980  1.277200e+01 -1.978682e+04
[19,]   19 0.0150974202 0.0005028914 432.7177 -3.804877e+00 -7.179411e+02
[20,]   20 0.0173537612 0.0005090244 432.7181 -1.358993e+00  4.472926e+01
[21,]   21 0.0157320936 0.0005046165 432.7168 -3.077738e+00 -5.121894e+02
[22,]   22 0.0182073107 0.0005096572 432.7183 -4.058061e-01  8.067361e+01
[23,]   23 0.0163573230 0.0005058897 432.7163 -2.350049e+00 -3.719081e+02
[24,]   24 0.0183296806 0.0005095081 432.7180 -2.593664e-01  4.771720e+01
[25,]   25 0.0167643764 0.0005066365 432.7162 -1.888886e+00 -2.903074e+02
[26,]   26 0.0184066703 0.0005094343 432.7179 -1.698374e-01  3.029053e+01
[27,]   27 0.0170510530 0.0005071249 432.7162 -1.570437e+00 -2.373062e+02
[28,]   28 0.0168248840 0.0005067396 432.7162 -1.820989e+00 -2.792323e+02
[29,]   29 0.0169741556 0.0005069939 432.7162 -1.655057e+00 -2.516539e+02
[30,]   30 0.0168555724 0.0005067919 432.7162 -1.786694e+00 -2.735922e+02
[31,]   31 0.0168313205 0.0005067505 432.7162 -1.813789e+00 -2.780507e+02
[32,]   32 0.0168248840 0.0005067396 432.7162 -1.820989e+00 -2.792323e+02
[33,]   33 0.0184353455 0.0005094142 432.7179 -1.372369e-01  2.502470e+01
[34,]   34 0.0171008436 0.0005071979 432.7162 -1.514908e+00 -2.298901e+02
[35,]   35 0.0168819343 0.0005068343 432.7162 -1.757084e+00 -2.691329e+02
[36,]   36 0.0168371099 0.0005067599 432.7162 -1.807267e+00 -2.770725e+02
[37,]   37 0.0168666940 0.0005068090 432.7162 -1.774123e+00 -2.718360e+02
[38,]   38 0.0168767526 0.0005068257 432.7162 -1.762875e+00 -2.700524e+02
[39,]   39 0.0168687949 0.0005068125 432.7162 -1.771773e+00 -2.714636e+02
[40,]   40 0.0168666940 0.0005068090 432.7162 -1.774123e+00 -2.718360e+02

