[22;0t]0;IPython: scripts/01_msprime_simulations$par
[1] 0.0006483942 0.0001362886

$value
[1] -130.4062

$counts
function gradient 
      57       57 

$convergence
[1] 52

$message
[1] "ERROR: ABNORMAL_TERMINATION_IN_LNSRCH"

$loginfo
      step         par1         par2         fn         gr1          gr2
 [1,]    1 0.1000000000 1.000000e-02   369.4172   2214.1057    2907.6973
 [2,]    2 0.0000010000 1.000000e-06   168.0270  36621.5779 -343908.7376
 [3,]    3 0.0000010000 3.975184e-05   134.3875 -15939.7269   -7435.7423
 [4,]    4 9.4884385103 1.482254e+00 25390.2844   2133.6811    2715.4680
 [5,]    5 2.5711624146 4.016877e-01  7138.5048   2293.3180    2714.2105
 [6,]    6 0.6954954443 1.086848e-01  2009.1570   2331.7565    2652.1494
 [7,]    7 0.1887674986 2.952747e-02   622.1096   2329.1487    2433.6044
 [8,]    8 0.0517256913 8.119802e-03   256.8321   2261.7516    1927.0105
 [9,]    9 0.0144141357 2.291266e-03   165.9773   1923.0342    2698.6974
[10,]   10 0.0040626770 6.742371e-04   139.1259    970.9368   11601.0484
[11,]   11 0.0012866705 2.405898e-04   131.6495    430.7130   11901.1639
[12,]   12 0.0011359550 2.159385e-04   131.2565    387.9038    9590.7262
[13,]   13 0.0004342619 1.013071e-04   130.5012    694.5725 -209316.9808
[14,]   14 0.0010972697 2.096187e-04   131.1612    376.3988    8741.4491
[15,]   15 0.0006483942 1.362886e-04   130.4062    343.8929  -22711.1842
[16,]   16 0.0006723151 1.401964e-04   130.4211    331.9925  -18753.7882
[17,]   17 0.0006483942 1.362886e-04   130.4062    343.8929  -22711.1842
[18,]   18 0.0009551872 1.866810e-04   130.8424    336.4133    4338.4191
[19,]   19 0.0007100307 1.464127e-04   130.4527    319.0352  -13511.5343
[20,]   20 0.0006599604 1.381884e-04   130.4129    337.6775  -20712.7752
[21,]   21 0.0006504455 1.366255e-04   130.4073    342.7316  -22345.8279
[22,]   22 0.0006487530 1.363475e-04   130.4064    343.6879  -22646.9343
[23,]   23 0.0006484568 1.362989e-04   130.4063    343.8571  -22699.9660
[24,]   24 0.0006484051 1.362904e-04   130.4062    343.8866  -22709.2279
[25,]   25 0.0006483961 1.362889e-04   130.4062    343.8918  -22710.8431
[26,]   26 0.0006483945 1.362886e-04   130.4062    343.8927  -22711.1247
[27,]   27 0.0006483942 1.362886e-04   130.4062    343.8928  -22711.1738
[28,]   28 0.0006483942 1.362886e-04   130.4062    343.8929  -22711.1824
[29,]   29 0.0006483942 1.362886e-04   130.4062    343.8929  -22711.1839
[30,]   30 0.0006483942 1.362886e-04   130.4062    343.8929  -22711.1841
[31,]   31 0.0006483942 1.362886e-04   130.4062    343.8929  -22711.1842
[32,]   32 0.0006483942 1.362886e-04   130.4062    343.8929  -22711.1842
[33,]   33 0.0006483942 1.362886e-04   130.4062    343.8929  -22711.1842
[34,]   34 0.0006483942 1.362886e-04   130.4062    343.8929  -22711.1842
[35,]   35 0.0006483942 1.362886e-04   130.4062    343.8929  -22711.1842
[36,]   36 0.0006483942 1.362886e-04   130.4062    343.8929  -22711.1842
[37,]   37 0.0006483942 1.362886e-04   130.4062    343.8929  -22711.1842
[38,]   38 0.0000010000 1.000000e+01 24357.3998   2416.0985    2323.3613
[39,]   39 0.0004621885 2.876331e+00  7263.9182   2416.0565    2475.1061
[40,]   40 0.0005949053 8.263433e-01  2151.2461   2415.9216    2508.7877
[41,]   41 0.0006329795 2.382373e-01   679.0314   2415.4454    2482.8434
[42,]   42 0.0006439066 6.945258e-02   266.4927   2413.8161    2353.9513
[43,]   43 0.0006470568 2.079448e-02   158.5029   2408.3541    1917.2402
[44,]   44 0.0006479799 6.535239e-03   137.2874   2383.9961     557.4378
[45,]   45 0.0006482666 2.107655e-03   138.1924   2969.1137     362.1605
[46,]   46 0.0006483624 6.270639e-04   135.3478   1404.2238    6856.7512
[47,]   47 0.0006483880 2.319681e-04   131.2885    229.9978   10772.2705
[48,]   48 0.0006483928 1.570045e-04   130.4903    256.0375   -6023.3869
[49,]   49 0.0006483939 1.408644e-04   130.4148    319.3004  -17883.0547
[50,]   50 0.0006483941 1.372294e-04   130.4074    338.5662  -21646.2550
[51,]   51 0.0006483942 1.364765e-04   130.4064    342.8176  -22495.2602
[52,]   52 0.0006483942 1.363259e-04   130.4063    343.6791  -22668.2242
[53,]   53 0.0006483942 1.362960e-04   130.4062    343.8505  -22702.6698
[54,]   54 0.0006483942 1.362900e-04   130.4062    343.8845  -22709.4980
[55,]   55 0.0006483942 1.362889e-04   130.4062    343.8912  -22710.8503
[56,]   56 0.0006483942 1.362886e-04   130.4062    343.8925  -22711.1181
[57,]   57 0.0006483942 1.362886e-04   130.4062    343.8928  -22711.1711

