[22;0t]0;IPython: scripts/01_msprime_simulations$par
[1] 10.000000000  0.004934883

$value
[1] -3103.273

$counts
function gradient 
      34       34 

$convergence
[1] 0

$message
[1] "CONVERGENCE: REL_REDUCTION_OF_F <= FACTR*EPSMCH"

$loginfo
      step        par1        par2       fn           gr1           gr2
 [1,]    1  0.10000000 0.010000000 3212.278  4.030778e+01  2.712610e+04
 [2,]    2  0.00000100 0.000001000 6109.783  1.227670e+05 -2.226159e+07
 [3,]    3  0.06498167 0.006498482 3131.116 -1.555962e+02  1.775094e+04
 [4,]    4  0.03137076 0.001152220 3365.577  1.346417e+03 -2.839680e+05
 [5,]    5  0.05431799 0.004802281 3113.915 -1.499227e+02  2.270102e+03
 [6,]    6  0.05548815 0.004657252 3113.579 -1.352951e+02 -5.559682e+00
 [7,]    7  0.06004696 0.004617339 3113.019 -1.193317e+02 -9.977636e+02
 [8,]    8  0.09367673 0.004650254 3110.029 -6.300489e+01 -2.305522e+03
 [9,]    9  0.13779744 0.004872354 3107.712 -3.458235e+01  2.416803e+02
[10,]   10  0.17950539 0.004984899 3106.707 -2.002255e+01  1.565762e+03
[11,]   11  0.22310193 0.005003118 3106.062 -1.187521e+01  1.623440e+03
[12,]   12  0.32154628 0.000001000 6761.333  6.713247e+01 -2.255003e+07
[13,]   13  0.25484135 0.003390386 3132.297  5.782634e+00 -4.063420e+04
[14,]   14  0.22509586 0.004901803 3105.959 -1.120985e+01 -8.365783e+01
[15,]   15  0.28538205 0.004917172 3105.445 -6.502718e+00 -4.858065e+00
[16,]   16  0.36842982 0.004932165 3105.031 -3.901013e+00  1.448180e+02
[17,]   17  0.49208481 0.004932735 3104.658 -2.367302e+00  7.556709e+01
[18,]   18  0.68304351 0.004935476 3104.313 -1.379455e+00  7.075271e+01
[19,]   19  0.94949055 0.004932118 3104.036 -7.814202e-01 -2.521159e+01
[20,]   20  1.70453544 0.007468695 3150.526  6.895035e-01  3.229822e+04
[21,]   21  0.95372993 0.004946360 3104.035 -7.762465e-01  2.475827e+02
[22,]   22  1.30016595 0.004938927 3103.830 -4.483674e-01  9.148708e+01
[23,]   23  1.77416439 0.004935106 3103.667 -2.613178e-01  1.042287e+01
[24,]   24  2.43657725 0.004935105 3103.536 -1.495585e-01  7.165218e+00
[25,]   25  3.32302644 0.004934957 3103.438 -8.173245e-02  2.642441e+00
[26,]   26  4.39122898 0.004934929 3103.373 -4.431843e-02  1.385272e+00
[27,]   27  5.49077169 0.000001000 6785.218  2.943940e-01 -2.255967e+07
[28,]   28  4.74476492 0.003348523 3135.610  9.165360e-03 -4.678180e+04
[29,]   29  4.39134801 0.004934395 3103.373 -4.431737e-02 -9.251434e+00
[30,]   30  5.65675388 0.004934489 3103.331 -2.466720e-02 -7.661311e+00
[31,]   31  7.24524405 0.004934892 3103.301 -1.422771e-02  2.700060e-01
[32,]   32  9.41014949 0.004934885 3103.278 -8.525305e-03  5.751917e-02
[33,]   33 10.00000000 0.004934883 3103.273 -7.650588e-03  1.758519e-03
[34,]   34 10.00000000 0.004934883 3103.273 -7.661247e-03 -1.892886e-05

