[22;0t]0;IPython: scripts/01_msprime_simulations$par
[1] 0.04715479 0.48720555

$value
[1] -55007

$counts
function gradient 
      26       26 

$convergence
[1] 0

$message
[1] "CONVERGENCE: REL_REDUCTION_OF_F <= FACTR*EPSMCH"

$loginfo
      step       par1       par2        fn           gr1           gr2
 [1,]    1 0.10000000  0.0100000 121051.61  6.854193e+04 -3.098696e+06
 [2,]    2 0.00000100 10.0000000  61388.73 -9.086961e+06  3.840747e+02
 [3,]    3 1.63420278 10.0000000  61787.95  2.253784e+03  2.423644e+02
 [4,]    4 0.54477319 10.0000000  59243.44  2.226933e+03  2.996162e+02
 [5,]    5 0.18149897 10.0000000  58602.54  6.993853e+02  3.461005e+02
 [6,]    6 0.18148500  9.9988594  58602.13  6.993561e+02  3.461312e+02
 [7,]    7 0.18142910  9.9942972  58600.52  6.992422e+02  3.462607e+02
 [8,]    8 0.18120554  9.9760484  58594.04  6.988329e+02  3.467938e+02
 [9,]    9 0.18031128  9.9030532  58568.01  6.979732e+02  3.491424e+02
[10,]   10 0.17673423  9.6110723  58461.97  7.079212e+02  3.602456e+02
[11,]   11 0.16242606  8.4431485  58019.49  8.157272e+02  3.728969e+02
[12,]   12 0.10519335  3.7714535  56461.24  9.001653e+02  2.858823e+02
[13,]   13 0.04780239  0.0000010 424848.37  9.430138e+04 -1.557797e+09
[14,]   14 0.08602036  2.5114986  56055.80  7.828179e+02  3.722838e+02
[15,]   15 0.06691138  1.2557498  55453.99  1.649318e+02  6.056684e+02
[16,]   16 0.05417446  0.4187422  55046.98  2.821279e+03 -1.011585e+03
[17,]   17 0.06199880  0.9329190  55251.75 -1.671462e+02  6.663063e+02
[18,]   18 0.05599252  0.5382161  55016.41  7.826786e+02  2.101976e+02
[19,]   19 0.03430850  0.0000010 423527.79  1.015870e+05 -1.557789e+09
[20,]   20 0.04876578  0.3588425  55124.04  4.248106e+03 -2.332553e+03
[21,]   21 0.05445187  0.4999760  55011.10  1.089901e+03 -2.161706e+01
[22,]   22 0.02190214  0.4531605  55114.13 -1.244852e+04  3.124445e+02
[23,]   23 0.04743247  0.4898802  55007.03  1.118004e+01  1.625044e+01
[24,]   24 0.04709520  0.4866775  55007.00 -3.235916e+00 -3.160744e+00
[25,]   25 0.04715605  0.4872100  55007.00  1.617393e-01  1.636068e-02
[26,]   26 0.04715479  0.4872056  55007.00 -2.846136e-02  3.306050e-03

