[22;0t]0;IPython: scripts/01_msprime_simulations$par
[1] 0.0005687854 0.0096514917

$value
[1] -6010.405

$counts
function gradient 
      41       41 

$convergence
[1] 0

$message
[1] "CONVERGENCE: REL_REDUCTION_OF_F <= FACTR*EPSMCH"

$loginfo
      step         par1         par2        fn           gr1           gr2
 [1,]    1 0.1000000000  0.010000000  6215.504  4.994872e+02 -1.841405e+04
 [2,]    2 0.0000010000 10.000000000 25839.899  2.416099e+03  2.199589e+03
 [3,]    3 0.0710304137  2.904090610 10472.015  2.413926e+03  2.069145e+03
 [4,]    4 0.0912351790  0.885614370  6871.314  2.397171e+03  1.212313e+03
 [5,]    5 0.0972131134  0.288412753  6385.283  3.362946e+03  1.755546e+02
 [6,]    6 0.0991254798  0.097365441  6467.787  3.034006e+03 -6.003740e+00
 [7,]    7 0.0997782622  0.032151824  6300.175  1.062408e+03  6.773030e+03
 [8,]    8 0.0999392400  0.016069982  6188.650  4.263191e+02  3.681588e+03
 [9,]    9 0.0998288801  0.015059405  6185.671  4.164003e+02  2.043259e+03
[10,]   10 0.0994378243  0.013773372  6184.618  4.158173e+02 -8.291883e+02
[11,]   11 0.0993355845  0.014088022  6184.443  4.155038e+02 -2.998455e+01
[12,]   12 0.0990657652  0.014152875  6184.334  4.165567e+02  1.263487e+02
[13,]   13 0.0979864876  0.014412289  6183.993  4.211837e+02  7.215994e+02
[14,]   14 0.0932330234  0.014892908  6182.525  4.444273e+02  1.690765e+03
[15,]   15 0.0616515718  0.016991641  6170.729  7.843391e+02  3.926290e+03
[16,]   16 0.0000010000  0.021088606  6079.461 -4.811517e+05  7.249932e+02
[17,]   17 0.0615845850  0.016996093  6170.694  7.856882e+02  3.927800e+03
[18,]   18 0.0307927925  0.019042349  6137.768  2.118995e+03  2.925827e+03
[19,]   19 0.0102050861  0.020410497  6074.636  4.990229e+03  9.721245e+02
[20,]   20 0.0034265631  0.020860961  6032.974  7.426107e+03  3.641673e+02
[21,]   21 0.0000010000  0.021064270  6079.443 -4.811716e+05  7.199018e+02
[22,]   22 0.0020212237  0.020944369  6022.577  7.104467e+03  4.246341e+02
[23,]   23 0.0006878761  0.021023503  6016.703 -2.689429e+03  6.783778e+02
[24,]   24 0.0014227080  0.020888083  6018.637  5.660810e+03  5.127755e+02
[25,]   25 0.0008309899  0.020997129  6016.548  3.481447e+02  6.416548e+02
[26,]   26 0.0008189449  0.020896750  6016.479  1.645621e+02  6.460740e+02
[27,]   27 0.0007707650  0.020495234  6016.223 -6.431832e+02  6.618999e+02
[28,]   28 0.0003460683  0.014195186  6014.891 -1.893367e+04  5.936427e+02
[29,]   29 0.0005688878  0.017500541  6014.806 -5.477992e+03  6.295731e+02
[30,]   30 0.0004427526  0.012252341  6012.599 -8.709005e+03  6.458789e+02
[31,]   31 0.0003460924  0.000001000 14504.715  1.179256e+05 -5.327758e+07
[32,]   32 0.0004109429  0.008220576  6012.058 -6.197779e+03 -2.016861e+03
[33,]   33 0.0004358060  0.011371877  6011.932 -8.504305e+03  9.852051e+02
[34,]   34 0.0004216159  0.009573337  6010.885 -8.214985e+03  7.260402e+01
[35,]   35 0.0006095333  0.009698873  6010.440  1.307835e+03  2.070043e+01
[36,]   36 0.0005826457  0.009550852  6010.414  5.076227e+02 -8.721007e+01
[37,]   37 0.0005483946  0.009797985  6010.424 -1.064034e+03  1.475718e+02
[38,]   38 0.0005681605  0.009655367  6010.405 -1.441651e+02  2.174536e+01
[39,]   39 0.0005714457  0.009634994  6010.405  2.029183e+00  1.359461e+00
[40,]   40 0.0005687854  0.009651492  6010.405 -1.162729e+02  1.791354e+01

