[22;0t]0;IPython: scripts/01_msprime_simulations$par
[1] 0.001247961 0.393272851

$value
[1] -29776.12

$counts
function gradient 
      45       45 

$convergence
[1] 0

$message
[1] "CONVERGENCE: REL_REDUCTION_OF_F <= FACTR*EPSMCH"

$loginfo
      step         par1       par2        fn           gr1           gr2
 [1,]    1 0.1000000000  0.0100000  41191.06  2.320402e+04 -8.008238e+05
 [2,]    2 0.0000010000 10.0000000  37475.84 -8.985088e+04  1.257449e+03
 [3,]    3 0.0666411528  3.3425822  31028.30  3.102011e+03  4.322276e+02
 [4,]    4 0.0537209691  3.3405894  30987.66  3.048761e+03  4.408497e+02
 [5,]    5 0.0020402342  3.3326186  30867.74 -4.057057e+03  3.742525e+02
 [6,]    6 0.0310854786  3.3370983  30919.28  2.804051e+03  4.514498e+02
 [7,]    7 0.0085904335  3.3336288  30865.49  1.211199e+03  4.400823e+02
 [8,]    8 0.0000010000  3.3302379  30953.73 -5.504654e+05  3.087609e+02
 [9,]    9 0.0055296212  3.3324205  30862.73  1.058712e+02  4.275866e+02
[10,]   10 0.0048009951  3.3295916  30861.61 -3.552494e+02  4.235314e+02
[11,]   11 0.0029715714  3.3059945  30854.09 -2.593034e+03  4.160794e+02
[12,]   12 0.0010190609  3.2113630  30824.55 -1.345564e+04  4.546003e+02
[13,]   13 0.0000010000  2.8646528  30718.48 -5.503081e+05  6.058239e+02
[14,]   14 0.0007225422  3.1103808  30783.21 -2.120846e+04  4.938694e+02
[15,]   15 0.0003617711  2.9875168  30720.06 -3.355413e+04  6.254549e+02
[16,]   16 0.0001510582  2.9157565  30687.50 -9.894327e+04  5.771015e+02
[17,]   17 0.0000010000  2.4777905  30437.81 -5.586096e+05  6.738675e+02
[18,]   18 0.0000010000  2.1444582  30235.80 -6.997505e+05  6.364033e+02
[19,]   19 0.0000010000  0.8111289  30005.34 -8.584519e+05  5.959826e+01
[20,]   20 0.0109475987  0.0000010 128271.25  1.007766e+05 -4.712514e+08
[21,]   21 0.0038888886  0.5230417  29841.43  9.492169e+03  5.574895e+02
[22,]   22 0.0041515473  0.0000010 127532.94  1.164842e+05 -4.712405e+08
[23,]   23 0.0039766005  0.3483782  29808.70  1.348198e+04 -2.819288e+02
[24,]   24 0.0037571835  0.4074069  29797.53  1.174830e+04  1.117969e+02
[25,]   25 0.0034946132  0.3960369  29793.70  1.156531e+04  1.484946e+01
[26,]   26 0.0013663180  0.3669894  29779.39  2.122947e+03 -8.465808e+01
[27,]   27 0.0011089814  0.3707149  29778.95 -2.149901e+03 -1.309719e+02
[28,]   28 0.0007940016  0.4011847  29778.54 -1.048894e+04  1.098513e+02
[29,]   29 0.0010042402  0.3808471  29777.64 -4.772024e+03 -1.469252e+02
[30,]   30 0.0000010000  0.5303309  29948.46 -8.068465e+05  2.763036e+02
[31,]   31 0.0007613956  0.4170312  29782.09 -1.224223e+04  2.335478e+02
[32,]   32 0.0009523507  0.3885787  29777.06 -5.926742e+03 -6.963032e+01
[33,]   33 0.0010093576  0.3924165  29776.61 -4.430077e+03 -1.666293e+01
[34,]   34 0.0011677645  0.3939158  29776.17 -1.281942e+03  8.071157e+00
[35,]   35 0.0012331373  0.3933160  29776.12 -2.384769e+02  3.518736e-01
[36,]   36 0.0012479607  0.3932729  29776.12 -1.579965e+01 -8.439652e-02
[37,]   37 0.0012490080  0.3932789  29776.12 -1.598049e-01  1.395523e-02
[38,]   38 0.0012480325  0.3932733  29776.12 -1.472616e+01 -7.764978e-02
[39,]   39 0.0012479660  0.3932729  29776.12 -1.572068e+01 -8.389776e-02
[40,]   40 0.0012479611  0.3932729  29776.12 -1.579380e+01 -8.435827e-02
[41,]   41 0.0012479607  0.3932729  29776.12 -1.579921e+01 -8.439178e-02
[42,]   42 0.0012479607  0.3932729  29776.12 -1.579959e+01 -8.439489e-02
[43,]   43 0.0012479607  0.3932729  29776.12 -1.579933e+01 -8.439349e-02
[44,]   44 0.0012479607  0.3932729  29776.12 -1.579925e+01 -8.439201e-02

