[22;0t]0;IPython: scripts/01_msprime_simulations$par
[1] 0.004043439 1.606852827

$value
[1] -37163.9

$counts
function gradient 
      25       25 

$convergence
[1] 0

$message
[1] "CONVERGENCE: REL_REDUCTION_OF_F <= FACTR*EPSMCH"

$loginfo
      step        par1      par2        fn           gr1           gr2
 [1,]    1 0.100000000  0.010000  52031.93  32192.821585 -1.054147e+06
 [2,]    2 0.000001000 10.000000  41148.38 -89839.555376  9.566829e+02
 [3,]    3 0.828688930 10.000000  43126.99   2400.073002  9.556161e+02
 [4,]    4 0.265721917 10.000000  41769.65   2417.534578  9.574853e+02
 [5,]    5 0.085303197 10.000000  41334.09   2407.859016  9.575001e+02
 [6,]    6 0.027477662 10.000000  41195.38   2374.722729  9.569875e+02
 [7,]    7 0.008939018 10.000000  41152.17   2233.577949  9.567167e+02
 [8,]    8 0.002989209 10.000000  41139.73   1791.658137  9.566842e+02
 [9,]    9 0.002930781  9.990952  41130.97   1778.322776  9.557090e+02
[10,]   10 0.002697068  9.954760  41096.05   1719.179124  9.517674e+02
[11,]   11 0.001762219  9.809990  40957.97   1325.162115  9.356850e+02
[12,]   12 0.000001000  9.537251  40717.66 -89838.384027  9.040157e+02
[13,]   13 0.000001000  9.036643  40280.54 -89853.523344  8.413568e+02
[14,]   14 0.002720237  2.314040  37262.65  -3714.698262  2.756661e+02
[15,]   15 0.002884900  0.000001 162813.25 121578.872321 -6.027753e+08
[16,]   16 0.002775328  1.539836  37169.10  -3364.650199 -3.707283e+00
[17,]   17 0.002875855  1.549572  37168.58  -3124.135114 -3.675964e+01
[18,]   18 0.003277963  1.588517  37164.98  -1756.464653 -5.106618e+01
[19,]   19 0.004886394  1.744295  37182.13    486.227068  1.639405e+02
[20,]   20 0.003478715  1.607960  37164.21  -1168.562485  3.008420e+00
[21,]   21 0.003732643  1.616799  37164.12   -617.806021  2.641202e+01
[22,]   22 0.007281585  1.530010  37173.84   3382.185917 -2.416491e+01
[23,]   23 0.004085469  1.608171  37163.90     73.095149  3.373552e+00
[24,]   24 0.004049588  1.606951  37163.90     10.987043  2.408566e-01
[25,]   25 0.004043439  1.606853  37163.90      0.115459 -1.125667e-02

