[22;0t]0;IPython: scripts/01_msprime_simulations$par
[1] 0.058006749 0.004860784

$value
[1] -3039.16

$counts
function gradient 
      13       13 

$convergence
[1] 0

$message
[1] "CONVERGENCE: REL_REDUCTION_OF_F <= FACTR*EPSMCH"

$loginfo
      step       par1        par2       fn           gr1           gr2
 [1,]    1 0.10000000 0.010000000 3123.521  1.674312e+02  2.265751e+04
 [2,]    2 0.00000100 0.000001000 6010.341  1.224759e+05 -2.189237e+07
 [3,]    3 0.06521309 0.006521622 3052.558 -1.200148e+01  1.411761e+04
 [4,]    4 0.02858438 0.001589889 3191.502  1.218864e+03 -1.668118e+05
 [5,]    5 0.05372945 0.004975452 3039.295 -1.693270e+01  1.698223e+03
 [6,]    6 0.05252026 0.004780166 3039.211 -7.991517e+00 -7.526998e+02
 [7,]    7 0.05303296 0.004845953 3039.186 -1.102859e+01  9.684782e+01
 [8,]    8 0.05313298 0.004845466 3039.185 -1.073203e+01  8.400059e+01
 [9,]    9 0.05353308 0.004843520 3039.181 -9.560142e+00  3.271028e+01
[10,]   10 0.05726377 0.004853148 3039.161 -1.259110e+00 -6.449689e+01
[11,]   11 0.05799209 0.004860632 3039.160 -1.115533e-01 -5.781627e+00
[12,]   12 0.05806308 0.004861366 3039.160 -1.680794e-03  3.917732e-02
[13,]   13 0.05800675 0.004860784 3039.160 -8.883738e-02 -4.580197e+00

