[22;0t]0;IPython: scripts/01_msprime_simulations$par
[1] 0.198213085 0.001054055

$value
[1] -823.6747

$counts
function gradient 
      37       37 

$convergence
[1] 0

$message
[1] "CONVERGENCE: REL_REDUCTION_OF_F <= FACTR*EPSMCH"

$loginfo
      step        par1         par2        fn           gr1           gr2
 [1,]    1 0.100000000 0.0100000000 1046.2337  1.459698e+03  7.866324e+03
 [2,]    2 0.000001000 0.0000010000 1305.6999  1.151797e+05 -4.446528e+06
 [3,]    3 0.055391823 0.0055395838  942.4681  8.604188e+02  1.658071e+04
 [4,]    4 0.019305204 0.0019312467  841.0525  5.499625e+00  2.572589e+04
 [5,]    5 0.007568279 0.0007576598  827.6317  7.436332e+01 -2.187565e+04
 [6,]    6 0.012855192 0.0012863035  827.5814 -1.285780e+02  1.458835e+04
 [7,]    7 0.009673784 0.0000010000 1425.9362  1.519436e+03 -4.703726e+06
 [8,]    8 0.011903133 0.0009016673  825.5855 -4.815473e+01 -8.225959e+03
 [9,]    9 0.016495930 0.0010585520  824.9867 -7.416250e+01  3.089856e+03
[10,]   10 0.020443796 0.0010548878  824.7223 -5.552627e+01  2.191129e+03
[11,]   11 0.032466647 0.0010513516  824.2524 -2.605887e+01  7.891874e+02
[12,]   12 0.043368864 0.0010550375  824.0425 -1.446994e+01  6.063600e+02
[13,]   13 0.056772975 0.0010540523  823.8997 -7.631894e+00  2.634641e+02
[14,]   14 0.071844994 0.0010555245  823.8147 -4.199945e+00  2.580882e+02
[15,]   15 0.088634736 0.0000010000 1444.5530  4.389667e+01 -4.737600e+06
[16,]   16 0.076518628 0.0007619844  828.2071  2.439333e+00 -3.559046e+04
[17,]   17 0.071907641 0.0010515897  823.8129 -4.168137e+00 -7.356112e+01
[18,]   18 0.090260889 0.0010534354  823.7564 -2.284305e+00  1.416409e+01
[19,]   19 0.112464296 0.0010542424  823.7192 -1.225209e+00  4.982147e+01
[20,]   20 0.138117109 0.0010540966  823.6961 -6.436821e-01  2.035063e+01
[21,]   21 0.166516074 0.0010540806  823.6827 -3.395046e-01  1.104616e+01
[22,]   22 0.198213085 0.0010540549  823.6747 -1.900172e-01  4.964545e+00
[23,]   23 0.252776978 0.0014048681  828.3278  7.360296e-01  2.375392e+04
[24,]   24 0.198255093 0.0010543250  823.6747 -1.899195e-01  2.948552e+01
[25,]   25 0.198213655 0.0010540586  823.6747 -1.900159e-01  5.297682e+00
[26,]   26 0.198213092 0.0010540550  823.6747 -1.900172e-01  4.969130e+00
[27,]   27 0.198213085 0.0010540549  823.6747 -1.900172e-01  4.964608e+00
[28,]   28 0.198213085 0.0010540549  823.6747 -1.900172e-01  4.964545e+00
[29,]   29 0.198213085 0.0010540549  823.6747 -1.900172e-01  4.964545e+00
[30,]   30 0.198213085 0.0010540549  823.6747 -1.900172e-01  4.964545e+00
[31,]   31 0.198213085 0.0010540549  823.6747 -1.900172e-01  4.964545e+00
[32,]   32 0.198213085 0.0010540549  823.6747 -1.900172e-01  4.964545e+00
[33,]   33 0.198213085 0.0010540549  823.6747 -1.900172e-01  4.964545e+00
[34,]   34 0.198213085 0.0010540549  823.6747 -1.900172e-01  4.964545e+00
[35,]   35 0.198213085 0.0010540549  823.6747 -1.900172e-01  4.964545e+00

