[22;0t]0;IPython: scripts/01_msprime_simulations$par
[1] 0.0009212041 0.5521210395

$value
[1] -50690.65

$counts
function gradient 
      41       41 

$convergence
[1] 0

$message
[1] "CONVERGENCE: REL_REDUCTION_OF_F <= FACTR*EPSMCH"

$loginfo
      step         par1       par2        fn           gr1           gr2
 [1,]    1 0.1000000000  0.0100000 126212.79  6.736590e+04 -3.269404e+06
 [2,]    2 0.0000010000 10.0000000  53343.67 -1.086414e+06  2.924981e+02
 [3,]    3 2.6669657478 10.0000000  61267.19  2.242110e+03  3.826247e+02
 [4,]    4 0.8850638329 10.0000000  56494.47  3.287243e+03  2.341429e+02
 [5,]    5 0.2935433890 10.0000000  54326.40  4.093193e+03  2.385956e+02
 [6,]    6 0.0974319195 10.0000000  53495.57  4.313452e+03  2.613418e+02
 [7,]    7 0.0324492871 10.0000000  53224.84  3.769497e+03  2.619623e+02
 [8,]    8 0.0323370692  9.9992011  53224.21  3.766061e+03  2.619209e+02
 [9,]    9 0.0318881977  9.9960057  53221.69  3.752067e+03  2.617523e+02
[10,]   10 0.0300927119  9.9832241  53211.66  3.691824e+03  2.611465e+02
[11,]   11 0.0229107683  9.9320977  53172.92  3.355512e+03  2.603561e+02
[12,]   12 0.0000010000  9.7690090  53282.32 -1.072337e+06  2.385078e+02
[13,]   13 0.0123298058  9.8567746  53122.81  2.134162e+03  2.645074e+02
[14,]   14 0.0000010000  9.7700175  53282.56 -1.072231e+06  2.387184e+02
[15,]   15 0.0075487286  9.8231304  53106.98  4.897428e+02  2.681037e+02
[16,]   16 0.0005285069  9.7723654  53136.65 -4.472111e+04  2.621762e+02
[17,]   17 0.0049001984  9.8039782  53102.99 -1.660965e+03  2.723169e+02
[18,]   18 0.0045125140  9.7998392  53102.60 -2.167107e+03  2.735302e+02
[19,]   19 0.0039087628  9.7886457  53101.10 -3.143068e+03  2.770525e+02
[20,]   20 0.0024865384  9.7362711  53093.22 -7.335643e+03  2.893950e+02
[21,]   21 0.0009365915  9.5925181  53072.86 -2.754264e+04  2.931967e+02
[22,]   22 0.0008866731  9.1847001  52953.58 -3.351866e+04  3.214624e+02
[23,]   23 0.0006869994  7.5534278  52135.09 -4.405702e+04  5.148743e+02
[24,]   24 0.0000010000  1.9490236  51083.59 -1.748260e+06  0.000000e+00
[25,]   25 0.0025592351  0.0000010 440368.32  1.232848e+05 -1.633466e+09
[26,]   26 0.0008609048  1.2938946  50804.29 -2.202491e+04  6.602031e+02
[27,]   27 0.0013638934  0.0000010 440220.51  1.240239e+05 -1.633466e+09
[28,]   28 0.0010288156  0.8619591  50711.45 -8.884427e+03  4.807029e+02
[29,]   29 0.0013569193  0.0000010 440219.65  1.240282e+05 -1.633466e+09
[30,]   30 0.0011382410  0.5744887  50700.79  3.054715e+03  5.955536e+02
[31,]   31 0.0012475802  0.2872448  51138.59  2.854842e+04 -5.356084e+03
[32,]   32 0.0011607381  0.5153867  50712.37  8.834832e+03 -5.275170e+02
[33,]   33 0.0011445909  0.5578069  50692.36  7.885936e+03  2.476158e+02
[34,]   34 0.0012530540  0.2464172  51488.89  4.191793e+04 -1.176781e+04
[35,]   35 0.0011690276  0.4876508  50720.63  9.050325e+03 -1.613108e+02
[36,]   36 0.0011466985  0.5517561  50691.70  8.351598e+03 -2.179837e+01
[37,]   37 0.0011112457  0.5522497  50691.41  7.256036e+03  7.376586e-01
[38,]   38 0.0008873697  0.5527650  50690.68 -1.646290e+03  3.094856e+01
[39,]   39 0.0009283445  0.5521116  50690.65  3.283876e+02 -5.890722e-01
[40,]   40 0.0009213848  0.5521146  50690.65  8.450484e+00 -2.918212e-01
[41,]   41 0.0009212041  0.5521210  50690.65 -6.479775e-02  6.495320e-03

