[22;0t]0;IPython: scripts/01_msprime_simulations$par
[1] 1.465847e-05 3.610654e-03

$value
[1] -3219.253

$counts
function gradient 
     116      116 

$convergence
[1] 52

$message
[1] "ERROR: ABNORMAL_TERMINATION_IN_LNSRCH"

$loginfo
       step         par1         par2        fn         gr1           gr2
  [1,]    1 1.000000e-01  0.010000000  3352.200    355.4629  1.356827e+04
  [2,]    2 1.000000e-06  0.000001000  6712.876 122652.2061 -2.452309e+07
  [3,]    3 6.595668e-02  0.006595974  3308.552    261.2804  3.790289e+03
  [4,]    4 3.841205e-02  0.004632084  3306.487    545.7570 -1.431062e+04
  [5,]    5 4.385495e-02  0.005439789  3301.710    408.2294 -4.607962e+03
  [6,]    6 3.457855e-02  0.005462892  3297.259    543.0492 -3.913388e+03
  [7,]    7 1.000000e-06  0.005549010  3225.240 -50958.7049  2.107643e+01
  [8,]    8 3.420748e-02  0.005463816  3297.053    550.2628 -3.884320e+03
  [9,]    9 1.710424e-02  0.005506413  3283.029   1213.1276 -2.415735e+03
 [10,]   10 5.091067e-03  0.005536333  3259.753   3233.9459 -6.825924e+02
 [11,]   11 1.378583e-03  0.005545579  3241.143   9516.0593 -6.911709e+02
 [12,]   12 1.000000e-06  0.005549010  3225.240 -50958.7049  2.107643e+01
 [13,]   13 4.355473e-02  0.006084541  3300.428    392.6666  6.401123e+02
 [14,]   14 1.364937e-02  0.005716828  3278.051   1490.4464 -8.753825e+02
 [15,]   15 4.003963e-03  0.005598230  3255.913   3819.8660 -3.635879e+02
 [16,]   16 1.060153e-03  0.005562033  3237.738  11988.9640 -8.455946e+02
 [17,]   17 2.659456e-04  0.005552267  3224.004  23733.9373 -1.155349e+03
 [18,]   18 1.830240e-04  0.005629454  3221.925  22673.8356 -6.950867e+02
 [19,]   19 1.000000e-06  0.005798890  3225.444 -53182.2778  1.504781e+03
 [20,]   20 1.381719e-04  0.005671205  3220.862  18341.4224 -3.107361e+02
 [21,]   21 1.000000e-06  0.005741203  3225.364 -52596.5574  1.216992e+03
 [22,]   22 1.216159e-04  0.005679653  3220.503  14022.4699 -1.745085e+02
 [23,]   23 6.761362e-05  0.005682566  3219.601  19296.6068  2.321407e+02
 [24,]   24 1.000000e-06  0.005686158  3225.304 -52078.1842  8.986821e+02
 [25,]   25 6.487768e-05  0.005682713  3219.575  18915.3082  2.557711e+02
 [26,]   26 2.271841e-05  0.005684987  3219.965   5600.0270  6.596457e+02
 [27,]   27 1.000000e-06  0.005671540  3225.292 -51947.3928  8.090867e+02
 [28,]   28 2.262432e-05  0.005684929  3219.970   5536.7614  6.602661e+02
 [29,]   29 2.271658e-05  0.005684986  3219.965   5598.7968  6.596578e+02
 [30,]   30 2.271838e-05  0.005684987  3219.965   5600.0029  6.596459e+02
 [31,]   31 2.271841e-05  0.005684987  3219.965   5600.0265  6.596457e+02
 [32,]   32 2.271841e-05  0.005684987  3219.965   5600.0270  6.596457e+02
 [33,]   33 2.271841e-05  0.005684987  3219.965   5600.0270  6.596457e+02
 [34,]   34 2.271841e-05  0.005684987  3219.965   5600.0270  6.596457e+02
 [35,]   35 2.271841e-05  0.005684987  3219.965   5600.0270  6.596457e+02
 [36,]   36 2.271841e-05  0.005684987  3219.965   5600.0270  6.596457e+02
 [37,]   37 2.271841e-05  0.005684987  3219.965   5600.0270  6.596457e+02
 [38,]   38 2.271841e-05  0.005684987  3219.965   5600.0270  6.596457e+02
 [39,]   39 2.271841e-05  0.005684987  3219.965   5600.0270  6.596457e+02
 [40,]   40 2.271841e-05  0.005684987  3219.965   5600.0270  6.596457e+02
 [41,]   41 2.271841e-05  0.005684987  3219.965   5600.0270  6.596457e+02
 [42,]   42 2.271841e-05  0.005684987  3219.965   5600.0270  6.596457e+02
 [43,]   43 2.271841e-05  0.005684987  3219.965   5600.0270  6.596457e+02
 [44,]   44 2.271841e-05  0.005684987  3219.965   5600.0270  6.596457e+02
 [45,]   45 2.271841e-05  0.005684987  3219.965   5600.0270  6.596457e+02
 [46,]   46 1.000000e-06  0.000001000  6712.876 122652.2061 -2.452309e+07
 [47,]   47 1.566397e-05  0.003838750  3219.466   7858.4086  2.248129e+03
 [48,]   48 8.331986e-06  0.001919875  3252.885  42575.9118 -5.864059e+04
 [49,]   49 1.465852e-05  0.003575610  3219.259  10954.5941 -4.540456e+02
 [50,]   50 1.000000e-06  0.004352591  3226.740 -54612.9292  6.886832e+03
 [51,]   51 1.445841e-05  0.003586993  3219.271  10558.8295 -2.953396e+02
 [52,]   52 1.464489e-05  0.003576385  3219.260  10927.8267 -4.431543e+02
 [53,]   53 1.465757e-05  0.003575664  3219.259  10952.7204 -4.532825e+02
 [54,]   54 1.465845e-05  0.003575614  3219.259  10954.4626 -4.539921e+02
 [55,]   55 1.465851e-05  0.003575610  3219.259  10954.5849 -4.540418e+02
 [56,]   56 1.465852e-05  0.003575610  3219.259  10954.5935 -4.540453e+02
 [57,]   57 1.465852e-05  0.003575610  3219.259  10954.5941 -4.540456e+02
 [58,]   58 1.465852e-05  0.003575610  3219.259  10954.5941 -4.540456e+02
 [59,]   59 1.465852e-05  0.003575610  3219.259  10954.5941 -4.540456e+02
 [60,]   60 1.465852e-05  0.003575610  3219.259  10954.5941 -4.540456e+02
 [61,]   61 1.465852e-05  0.003575610  3219.259  10954.5941 -4.540456e+02
 [62,]   62 1.465852e-05  0.003575610  3219.259  10954.5941 -4.540456e+02
 [63,]   63 1.465852e-05  0.003575610  3219.259  10954.5941 -4.540456e+02
 [64,]   64 1.465852e-05  0.003575610  3219.259  10954.5941 -4.540456e+02
 [65,]   65 1.465852e-05  0.003575610  3219.259  10954.5941 -4.540456e+02
 [66,]   66 1.465852e-05  0.003575610  3219.259  10954.5941 -4.540456e+02
 [67,]   67 1.465852e-05  0.003575610  3219.259  10954.5941 -4.540456e+02
 [68,]   68 1.000000e-06 10.000000000 25036.771   2416.0878  2.266641e+03
 [69,]   69 1.404029e-05  0.456046062  3568.116   2414.3165  1.344134e+03
 [70,]   70 1.457832e-05  0.062270308  3249.708 -34926.9204 -9.216845e+02
 [71,]   71 1.465269e-05  0.007842580  3221.645 -10254.4493 -2.832553e+02
 [72,]   72 1.465802e-05  0.003944129  3219.828   5144.2417  3.086448e+03
 [73,]   73 1.465847e-05  0.003610654  3219.253  10428.0907  1.465507e+01
 [74,]   74 1.000000e-06  0.003594215  3223.867 -39607.2981  4.250401e+01
 [75,]   75 1.458640e-05  0.003610567  3219.258  10348.0471  1.481444e+01
 [76,]   76 1.465709e-05  0.003610652  3219.253  10426.5579  1.465813e+01
 [77,]   77 1.465845e-05  0.003610654  3219.253  10428.0612  1.465513e+01
 [78,]   78 1.465847e-05  0.003610654  3219.253  10428.0901  1.465507e+01
 [79,]   79 1.465847e-05  0.003610654  3219.253  10428.0907  1.465507e+01
 [80,]   80 1.465847e-05  0.003610654  3219.253  10428.0907  1.465507e+01
 [81,]   81 1.465847e-05  0.003610654  3219.253  10428.0907  1.465507e+01
 [82,]   82 1.465847e-05  0.003610654  3219.253  10428.0907  1.465507e+01
 [83,]   83 1.465847e-05  0.003610654  3219.253  10428.0907  1.465507e+01
 [84,]   84 1.465847e-05  0.003610654  3219.253  10428.0907  1.465507e+01
 [85,]   85 1.465847e-05  0.003610654  3219.253  10428.0907  1.465507e+01
 [86,]   86 1.465847e-05  0.003610654  3219.253  10428.0907  1.465507e+01
 [87,]   87 1.465847e-05  0.003610654  3219.253  10428.0907  1.465507e+01
 [88,]   88 1.465847e-05  0.003610654  3219.253  10428.0907  1.465507e+01
 [89,]   89 1.465847e-05  0.003610654  3219.253  10428.0907  1.465507e+01
 [90,]   90 1.465847e-05  0.003610654  3219.253  10428.0907  1.465507e+01
 [91,]   91 1.465847e-05  0.003610654  3219.253  10428.0907  1.465507e+01
 [92,]   92 1.000000e-06  0.000001000  6712.876 122652.2061 -2.452309e+07
 [93,]   93 1.030055e-05  0.002458945  3232.937  28199.7283 -2.041071e+04
 [94,]   94 1.465084e-05  0.003608636  3219.253  10450.3356 -1.143022e+01
 [95,]   95 1.465824e-05  0.003610594  3219.253  10428.7588  1.387421e+01
 [96,]   96 1.465846e-05  0.003610652  3219.253  10428.1111  1.463128e+01
 [97,]   97 1.465847e-05  0.003610654  3219.253  10428.0913  1.465434e+01
 [98,]   98 1.465847e-05  0.003610654  3219.253  10428.0907  1.465504e+01
 [99,]   99 1.465847e-05  0.003610654  3219.253  10428.0907  1.465507e+01
[100,]  100 1.465847e-05  0.003610654  3219.253  10428.0907  1.465507e+01
[101,]  101 1.465847e-05  0.003610654  3219.253  10428.0907  1.465507e+01
[102,]  102 1.465847e-05  0.003610654  3219.253  10428.0907  1.465507e+01
[103,]  103 1.465847e-05  0.003610654  3219.253  10428.0907  1.465507e+01
[104,]  104 1.465847e-05  0.003610654  3219.253  10428.0907  1.465507e+01
[105,]  105 1.465847e-05  0.003610654  3219.253  10428.0907  1.465507e+01
[106,]  106 1.465847e-05  0.003610654  3219.253  10428.0907  1.465507e+01
[107,]  107 1.465847e-05  0.003610654  3219.253  10428.0907  1.465507e+01
[108,]  108 1.465847e-05  0.003610654  3219.253  10428.0907  1.465507e+01
[109,]  109 1.465847e-05  0.003610654  3219.253  10428.0907  1.465507e+01
[110,]  110 1.465847e-05  0.003610654  3219.253  10428.0907  1.465507e+01

