[22;0t]0;IPython: scripts/01_msprime_simulations$par
[1] 0.004487366 0.011095924

$value
[1] -6410.097

$counts
function gradient 
      32       32 

$convergence
[1] 0

$message
[1] "CONVERGENCE: REL_REDUCTION_OF_F <= FACTR*EPSMCH"

$loginfo
      step        par1         par2        fn           gr1           gr2
 [1,]    1 0.100000000  0.010000000  6512.150  4.769987e+02 -2.169983e+04
 [2,]    2 0.000001000 10.000000000 25921.114  2.416088e+03  2.192808e+03
 [3,]    3 0.070407847  2.966285618 10760.698  2.413867e+03  2.054435e+03
 [4,]    4 0.090899585  0.919140553  7147.821  2.397107e+03  1.189164e+03
 [5,]    5 0.097075087  0.302201690  6799.764  2.922138e+03 -1.198425e+02
 [6,]    6 0.099109027  0.099009127  6893.346  3.072464e+03  1.711139e+02
 [7,]    7 0.099786491  0.031329781  6636.616  8.824274e+02  1.045686e+04
 [8,]    8 0.099944122  0.015582241  6478.809  3.192315e+02  4.090023e+03
 [9,]    9 0.099878463  0.014697241  6476.088  3.241869e+02  1.933362e+03
[10,]   10 0.099683603  0.013893557  6475.400  3.348673e+02 -4.599856e+02
[11,]   11 0.099598402  0.014020375  6475.340  3.330373e+02 -4.955525e+01
[12,]   12 0.099341293  0.014103676  6475.262  3.323472e+02  2.162016e+02
[13,]   13 0.097770822  0.014353363  6474.892  3.323828e+02  9.900167e+02
[14,]   14 0.093654387  0.014708680  6474.052  3.379578e+02  2.022995e+03
[15,]   15 0.080135090  0.015432555  6471.407  3.742034e+02  3.814613e+03
[16,]   16 0.017284337  0.017986517  6441.320  1.409714e+03  4.511283e+03
[17,]   17 0.000001000  0.018688832  6547.578 -6.238443e+05  5.630357e+02
[18,]   18 0.010865486  0.018247350  6432.540  1.609180e+03  3.783519e+03
[19,]   19 0.003754193  0.018536320  6425.981 -8.309243e+02  2.601311e+03
[20,]   20 0.067114444  0.014566496  6463.626  4.401905e+02  1.965845e+03
[21,]   21 0.014292359  0.017876053  6436.454  1.515776e+03  4.171253e+03
[22,]   22 0.005327810  0.018437725  6425.717  6.229919e+02  2.899790e+03
[23,]   23 0.004922664  0.018084604  6424.518  2.949500e+02  2.826042e+03
[24,]   24 0.002654432  0.013022086  6415.363 -3.910524e+03  1.901668e+03
[25,]   25 0.003678825  0.007542361  6422.022  3.366608e+03 -9.578039e+03
[26,]   26 0.003088570  0.010699778  6411.253 -2.032497e+03  1.731988e+02
[27,]   27 0.004133224  0.011091617  6410.162 -3.844130e+02  1.458639e+02
[28,]   28 0.004339923  0.010953863  6410.112 -8.760177e+01 -1.240827e+02
[29,]   29 0.004505787  0.011132476  6410.098  2.420351e+00  3.994238e+01
[30,]   30 0.004487253  0.011096705  6410.097 -4.879608e-01  1.092296e+00
[31,]   31 0.004487366  0.011095924  6410.097 -4.447476e-02  1.840827e-02

