[22;0t]0;IPython: scripts/01_msprime_simulations$par
[1] 0.005558148 0.576171955

$value
[1] -50907.43

$counts
function gradient 
      35       35 

$convergence
[1] 0

$message
[1] "CONVERGENCE: REL_REDUCTION_OF_F <= FACTR*EPSMCH"

$loginfo
      step        par1      par2        fn           gr1           gr2
 [1,]    1 0.100000000 0.0100000 125721.12  6.839580e+04 -3.275256e+06
 [2,]    2 0.000010000 1.0000000  51705.51 -2.928154e+06  5.231836e+01
 [3,]    3 0.364102460 1.0000000  53264.75  3.485193e+03  2.340862e+02
 [4,]    4 0.121092120 1.0000000  52029.31  7.739530e+03 -1.132860e+02
 [5,]    5 0.040350349 1.0000000  51263.95  1.121991e+04 -7.791761e+01
 [6,]    6 0.040196365 1.0000000  51262.23  1.122312e+04 -7.728546e+01
 [7,]    7 0.039580431 1.0000000  51255.31  1.123515e+04 -7.471080e+01
 [8,]    8 0.037116695 1.0000000  51227.58  1.126940e+04 -6.365037e+01
 [9,]    9 0.027261748 1.0000000  51117.03  1.104159e+04 -5.774734e+00
[10,]   10 0.000010000 1.0000000  51705.51 -2.928154e+06  5.231836e+01
[11,]   11 0.015949595 1.0000000  51001.59  8.680468e+03  8.800545e+01
[12,]   12 0.000010000 0.9986186  51705.44 -2.928922e+06  4.301457e+01
[13,]   13 0.010067982 0.9994903  50962.04  3.866021e+03  1.387533e+02
[14,]   14 0.005323725 0.9988633  50967.84 -9.215297e+03  1.679930e+02
[15,]   15 0.008073868 0.9992268  50957.54  3.268366e+02  1.531936e+02
[16,]   16 0.007877736 0.9990861  50957.50 -1.253337e+02  1.542380e+02
[17,]   17 0.007883887 0.9989837  50957.48 -1.100657e+02  1.539796e+02
[18,]   18 0.007908495 0.9985739  50957.42 -4.923359e+01  1.529458e+02
[19,]   19 0.008006924 0.9969350  50957.18  1.903231e+02  1.488073e+02
[20,]   20 0.008526098 0.9726969  50954.67  1.468187e+03  9.470624e+01
[21,]   21 0.008518830 0.9441847  50952.41  1.725961e+03  7.502723e+01
[22,]   22 0.007802929 0.8254655  50938.87  1.656938e+03  1.314330e+02
[23,]   23 0.004939326 0.3505885  51086.79  1.070836e+04 -3.069801e+03
[24,]   24 0.006764840 0.6533170  50920.94  2.193737e+03  1.566782e+02
[25,]   25 0.005921334 0.5134368  50919.48  3.098983e+03 -1.814283e+02
[26,]   26 0.006334001 0.5818702  50908.80  3.086366e+03  3.727868e+01
[27,]   27 0.001494635 0.0000100 358496.54  1.231406e+05 -8.480183e+08
[28,]   28 0.004721742 0.3880205  51005.25  5.535218e+03 -1.450268e+03
[29,]   29 0.006196101 0.5652898  50909.04  2.889138e+03 -1.183616e+02
[30,]   30 0.006277633 0.5750928  50908.59  3.037589e+03 -2.466586e+01
[31,]   31 0.000010000 0.5816551  51624.56 -2.994823e+06  1.212402e+02
[32,]   32 0.004234366 0.5772321  50912.51 -8.461937e+03  3.376374e+01
[33,]   33 0.005595981 0.5758065  50907.43  1.868998e+02 -4.411670e+00
[34,]   34 0.005552911 0.5761902  50907.43 -2.499973e+01  3.100363e-01
[35,]   35 0.005558148 0.5761720  50907.43  4.121974e-01  2.516357e-02

