[22;0t]0;IPython: scripts/01_msprime_simulations$par
[1] 0.001134125 0.005117098

$value
[1] -1897.593

$counts
function gradient 
      41       41 

$convergence
[1] 0

$message
[1] "CONVERGENCE: REL_REDUCTION_OF_F <= FACTR*EPSMCH"

$loginfo
      step        par1        par2       fn           gr1           gr2
 [1,]    1 0.100000000 0.010000000 2051.084  1.270933e+03  7.584334e+03
 [2,]    2 0.000001000 0.000001000 3953.341  9.327909e+04 -1.429827e+07
 [3,]    3 0.064758749 0.006476192 1992.049  1.264201e+03 -1.108294e+03
 [4,]    4 0.000001000 0.003598006 1930.956 -2.216324e+05 -3.542888e+02
 [5,]    5 0.064405721 0.006460502 1991.621  1.265178e+03 -1.180784e+03
 [6,]    6 0.032203360 0.005029254 1955.329  1.491305e+03 -9.121877e+03
 [7,]    7 0.000001000 0.004361948 1930.653 -2.263675e+05  1.202345e+02
 [8,]    8 0.032019160 0.005025437 1955.089  1.493865e+03 -9.137301e+03
 [9,]    9 0.016010080 0.004693693 1931.659  1.910142e+03 -9.335066e+03
[10,]   10 0.005354655 0.004472888 1909.022  2.814566e+03 -5.854709e+03
[11,]   11 0.001862847 0.004400530 1899.473  2.349462e+03 -2.841817e+03
[12,]   12 0.000001000 0.004544354 1930.679 -2.269653e+05  2.154997e+02
[13,]   13 0.001236328 0.004448927 1898.209  1.062648e+03 -1.909388e+03
[14,]   14 0.009576673 0.016772282 1942.178  3.177997e+03  2.409815e+03
[15,]   15 0.001848417 0.005353325 1898.289  1.576205e+03 -7.849710e+00
[16,]   16 0.001498969 0.004836994 1897.995  1.370757e+03 -9.360034e+02
[17,]   17 0.000893607 0.005031915 1897.745 -1.463457e+03  5.167565e+01
[18,]   18 0.001240732 0.005120845 1897.617  4.218395e+02 -7.231631e+01
[19,]   19 0.001166386 0.005119514 1897.596  1.266691e+02 -1.861832e+01
[20,]   20 0.001134125 0.005117098 1897.593 -1.629152e+01  1.915526e+00
[21,]   21 0.001137834 0.005117550 1897.593  5.585297e-01 -1.472117e-01
[22,]   22 0.001134669 0.005117165 1897.593 -1.381319e+01  1.612835e+00
[23,]   23 0.001134219 0.005117110 1897.593 -1.586291e+01  1.863195e+00
[24,]   24 0.001134142 0.005117101 1897.593 -1.621539e+01  1.906232e+00
[25,]   25 0.001134128 0.005117099 1897.593 -1.627794e+01  1.913868e+00
[26,]   26 0.001134126 0.005117099 1897.593 -1.628909e+01  1.915230e+00
[27,]   27 0.001134126 0.005117098 1897.593 -1.629109e+01  1.915473e+00
[28,]   28 0.001134125 0.005117098 1897.593 -1.629144e+01  1.915516e+00
[29,]   29 0.001134125 0.005117098 1897.593 -1.629151e+01  1.915524e+00
[30,]   30 0.001134125 0.005117098 1897.593 -1.629152e+01  1.915526e+00
[31,]   31 0.001134125 0.005117098 1897.593 -1.629152e+01  1.915526e+00
[32,]   32 0.001134125 0.005117098 1897.593 -1.629152e+01  1.915526e+00
[33,]   33 0.001134125 0.005117098 1897.593 -1.629152e+01  1.915526e+00
[34,]   34 0.001134125 0.005117098 1897.593 -1.629152e+01  1.915526e+00
[35,]   35 0.001134125 0.005117098 1897.593 -1.629152e+01  1.915526e+00
[36,]   36 0.001134125 0.005117098 1897.593 -1.629152e+01  1.915526e+00
[37,]   37 0.001134125 0.005117098 1897.593 -1.629152e+01  1.915526e+00
[38,]   38 0.001134125 0.005117098 1897.593 -1.629152e+01  1.915526e+00
[39,]   39 0.001134125 0.005117098 1897.593 -1.629152e+01  1.915526e+00
[40,]   40 0.001134125 0.005117098 1897.593 -1.629152e+01  1.915526e+00

