[22;0t]0;IPython: scripts/01_msprime_simulations$par
[1] 0.115761010 0.009995663

$value
[1] -5554.477

$counts
function gradient 
      10       10 

$convergence
[1] 0

$message
[1] "CONVERGENCE: REL_REDUCTION_OF_F <= FACTR*EPSMCH"

$loginfo
      step       par1        par2        fn           gr1           gr2
 [1,]    1  0.1000000 0.010000000  5554.591 -1.526985e+01  5.410636e+02
 [2,]    2 10.0000000 0.000001000 13759.282  4.965877e-01 -4.586607e+07
 [3,]    3  3.3848245 0.006682327  5651.929  1.521965e+00 -4.909668e+04
 [4,]    4  0.4993442 0.009596662  5566.804  2.244344e+01 -5.175919e+03
 [5,]    5  0.1354247 0.009964221  5554.630  1.337965e+01 -7.331697e+02
 [6,]    6  0.1153338 0.009984513  5554.478 -1.058347e-02 -6.302989e+01
 [7,]    7  0.1168302 0.010023657  5554.479  1.804623e-02  1.478696e+02
 [8,]    8  0.1157546 0.009995519  5554.477 -4.711346e-03 -3.662141e+00
 [9,]    9  0.1157862 0.009996229  5554.477 -6.985192e-04  2.753628e-02
[10,]   10  0.1157610 0.009995663  5554.477 -3.896253e-03 -2.912173e+00

