[22;0t]0;IPython: scripts/01_msprime_simulations$par
[1] 0.0826670382 0.0004190098

$value
[1] -364.0182

$counts
function gradient 
      43       43 

$convergence
[1] 0

$message
[1] "CONVERGENCE: REL_REDUCTION_OF_F <= FACTR*EPSMCH"

$loginfo
      step        par1         par2       fn           gr1           gr2
 [1,]    1 0.100000000 0.0100000000 586.3224  2.016981e+03  2.830288e+03
 [2,]    2 0.000001000 0.0000010000 516.1522  1.056407e+05 -1.493279e+06
 [3,]    3 0.094997233 0.0094997683 574.8494  2.000171e+03  2.864992e+03
 [4,]    4 0.047499116 0.0047503841 470.1064  1.636405e+03  4.755614e+03
 [5,]    5 0.016982720 0.0016990191 402.1164  5.483185e+02  2.204651e+04
 [6,]    6 0.008434614 0.0008442855 375.2554  3.064963e+01  3.142054e+04
 [7,]    7 0.000001000 0.0000010000 516.1522  1.056407e+05 -1.493279e+06
 [8,]    8 0.007620229 0.0007628544 372.7261 -3.567493e+01  3.006882e+04
 [9,]    9 0.003810615 0.0003819272 365.5678 -3.270332e+02 -5.823267e+02
[10,]   10 0.004732053 0.0004272938 365.5443 -2.682604e+02  7.070545e+03
[11,]   11 0.005100061 0.0004148527 365.3561 -2.303688e+02  4.690045e+03
[12,]   12 0.007302848 0.0003897907 364.9067 -1.110037e+02 -1.878801e+03
[13,]   13 0.009377261 0.0003974300 364.7273 -7.236851e+01 -1.141451e+03
[14,]   14 0.013237672 0.0004105771 364.5420 -4.149753e+01  6.079798e+02
[15,]   15 0.017921317 0.0004149303 364.4028 -2.521645e+01  7.225044e+02
[16,]   16 0.026958493 0.0001339831 381.2954  3.024491e+01 -2.878714e+05
[17,]   17 0.019910347 0.0003530955 364.6481 -1.207766e+01 -1.613208e+04
[18,]   18 0.018387611 0.0004004342 364.3746 -2.210917e+01 -2.653479e+03
[19,]   19 0.018127053 0.0004085344 364.3846 -2.384406e+01 -7.296328e+02
[20,]   20 0.025187202 0.0004150423 364.2668 -1.390828e+01  1.670323e+01
[21,]   21 0.034735955 0.0004193452 364.1775 -7.666380e+00  5.324190e+02
[22,]   22 0.046081584 0.0004195298 364.1123 -4.367637e+00  3.607706e+02
[23,]   23 0.061065691 0.0004191903 364.0615 -2.577972e+00  1.840384e+02
[24,]   24 0.082667038 0.0004190098 364.0182 -1.552406e+00  1.072824e+02
[25,]   25 0.117548163 0.0004479253 364.1262 -8.683721e-01  6.555896e+03
[26,]   26 0.086224187 0.0004219586 364.0199 -1.452842e+00  7.999100e+02
[27,]   27 0.083275230 0.0004195139 364.0183 -1.534670e+00  2.262527e+02
[28,]   28 0.082779160 0.0004191027 364.0182 -1.549113e+00  1.292317e+02
[29,]   29 0.082687992 0.0004190271 364.0182 -1.551790e+00  1.113849e+02
[30,]   30 0.082670964 0.0004190130 364.0182 -1.552291e+00  1.080510e+02
[31,]   31 0.082667774 0.0004190104 364.0182 -1.552385e+00  1.074265e+02
[32,]   32 0.082667176 0.0004190099 364.0182 -1.552402e+00  1.073094e+02
[33,]   33 0.082667064 0.0004190098 364.0182 -1.552406e+00  1.072874e+02
[34,]   34 0.082667043 0.0004190098 364.0182 -1.552406e+00  1.072833e+02
[35,]   35 0.082667039 0.0004190098 364.0182 -1.552406e+00  1.072825e+02
[36,]   36 0.082667038 0.0004190098 364.0182 -1.552406e+00  1.072824e+02
[37,]   37 0.082667038 0.0004190098 364.0182 -1.552406e+00  1.072824e+02
[38,]   38 0.082667038 0.0004190098 364.0182 -1.552406e+00  1.072824e+02
[39,]   39 0.082667038 0.0004190098 364.0182 -1.552406e+00  1.072824e+02
[40,]   40 0.082667038 0.0004190098 364.0182 -1.552406e+00  1.072824e+02
[41,]   41 0.082667038 0.0004190098 364.0182 -1.552406e+00  1.072824e+02
[42,]   42 0.082667038 0.0004190098 364.0182 -1.552406e+00  1.072824e+02

