[22;0t]0;IPython: scripts/01_msprime_simulations$par
[1] 0.0001737987 0.0085538109

$value
[1] -5312.76

$counts
function gradient 
      50       50 

$convergence
[1] 0

$message
[1] "CONVERGENCE: REL_REDUCTION_OF_F <= FACTR*EPSMCH"

$loginfo
      step         par1        par2        fn           gr1           gr2
 [1,]    1 1.000000e-01 0.010000000  5397.834      57.78092  5.210492e+02
 [2,]    2 1.000000e-06 0.000001000 11964.446  123283.74636 -4.399969e+07
 [3,]    3 6.715354e-02 0.006715650  5431.713     368.79426 -2.940677e+04
 [4,]    4 9.805907e-02 0.009805924  5397.718      63.18224 -5.571078e+02
 [5,]    5 9.676132e-02 0.009785964  5397.647      64.41800 -6.432095e+02
 [6,]    6 9.157033e-02 0.009706121  5397.363      70.19165 -9.801600e+02
 [7,]    7 7.080636e-02 0.009386748  5396.036     113.47368 -2.167164e+03
 [8,]    8 1.000000e-06 0.008297684  5327.904 -148687.84618 -1.729521e+03
 [9,]    9 7.076822e-02 0.009386161  5396.033     113.59669 -2.169037e+03
[10,]   10 3.538461e-02 0.008841923  5389.592     428.65759 -3.082988e+03
[11,]   11 1.153994e-02 0.008475166  5368.361    2030.15895 -1.857404e+03
[12,]   12 3.698331e-03 0.008354553  5341.271    6041.14557 -8.521638e+02
[13,]   13 1.000000e-06 0.008297684  5327.904 -148687.84618 -1.729521e+03
[14,]   14 9.802244e-02 0.009885437  5397.691      61.26980 -8.895011e+01
[15,]   15 3.237142e-02 0.008822021  5388.265     493.69754 -2.900049e+03
[16,]   16 1.054279e-02 0.008468440  5366.239    2255.06184 -1.715231e+03
[17,]   17 3.375653e-03 0.008352347  5339.262    6429.24712 -7.831256e+02
[18,]   18 1.100117e-03 0.008315488  5320.875    9668.66996 -1.441313e+00
[19,]   19 1.032862e-03 0.008328917  5320.224    9692.74545  2.910597e+01
[20,]   20 7.638447e-04 0.008382633  5317.625    9572.40469  9.937031e+01
[21,]   21 1.000000e-06 0.008534953  5327.552 -146148.01491  0.000000e+00
[22,]   22 4.617988e-04 0.008442943  5314.834    8684.42933 -1.365778e+01
[23,]   23 1.000000e-06 0.008538170  5327.549 -146121.88519 -8.846378e+02
[24,]   24 3.304683e-04 0.008470084  5313.742    7596.57880 -1.503853e+02
[25,]   25 1.000000e-06 0.008604433  5327.503 -145674.40259 -4.986592e+02
[26,]   26 2.767392e-04 0.008491993  5313.340    6637.82438 -2.015011e+02
[27,]   27 1.000000e-06 0.008630782  5327.492 -145547.56691 -3.485444e+02
[28,]   28 2.524226e-04 0.008504232  5313.172    5905.79341 -2.158746e+02
[29,]   29 5.039833e-05 0.008618166  5314.303  -15897.09756  1.846883e+02
[30,]   30 2.033275e-04 0.008531920  5312.881    3063.21481 -2.122210e+02
[31,]   31 1.484003e-04 0.008567571  5312.717   -6358.80773 -1.276012e+02
[32,]   32 1.847751e-04 0.008543961  5312.798    1065.44930 -1.942391e+02
[33,]   33 1.737987e-04 0.008553811  5312.760    -547.28737 -1.760637e+02
[34,]   34 1.764405e-04 0.008553117  5312.768    -123.87613 -1.792784e+02
[35,]   35 1.738651e-04 0.008553793  5312.760    -536.33204 -1.761467e+02
[36,]   36 1.738003e-04 0.008553810  5312.760    -547.01404 -1.760658e+02
[37,]   37 1.737987e-04 0.008553811  5312.760    -547.28055 -1.760638e+02
[38,]   38 1.737987e-04 0.008553811  5312.760    -547.28720 -1.760637e+02
[39,]   39 1.737987e-04 0.008553811  5312.760    -547.28736 -1.760637e+02
[40,]   40 1.737987e-04 0.008553811  5312.760    -547.28737 -1.760637e+02
[41,]   41 1.737987e-04 0.008553811  5312.760    -547.28737 -1.760637e+02
[42,]   42 1.737987e-04 0.008553811  5312.760    -547.28737 -1.760637e+02
[43,]   43 1.737987e-04 0.008553811  5312.760    -547.28737 -1.760637e+02
[44,]   44 1.737987e-04 0.008553811  5312.760    -547.28737 -1.760637e+02
[45,]   45 1.737987e-04 0.008553811  5312.760    -547.28737 -1.760637e+02
[46,]   46 1.737987e-04 0.008553811  5312.760    -547.28737 -1.760637e+02
[47,]   47 1.737987e-04 0.008553811  5312.760    -547.28737 -1.760637e+02
[48,]   48 1.737987e-04 0.008553811  5312.760    -547.28737 -1.760637e+02
[49,]   49 1.737987e-04 0.008553811  5312.760    -547.28737 -1.760637e+02
[50,]   50 1.737987e-04 0.008553811  5312.760    -547.28737 -1.760637e+02

