[22;0t]0;IPython: scripts/01_msprime_simulations$par
[1] 0.0004513127 0.0070454624

$value
[1] -5311.099

$counts
function gradient 
      54       54 

$convergence
[1] 0

$message
[1] "CONVERGENCE: REL_REDUCTION_OF_F <= FACTR*EPSMCH"

$loginfo
      step         par1         par2        fn           gr1           gr2
 [1,]    1 0.1000000000  0.010000000  5404.290  1.305862e+02 -1.902972e+03
 [2,]    2 0.0000010000 10.000000000 25588.519  2.416099e+03  2.220576e+03
 [3,]    3 0.0861954899  1.389084345  6950.080  2.412246e+03  1.807514e+03
 [4,]    4 0.0971820978  0.291511248  5657.149  2.713908e+03 -5.615540e+01
 [5,]    5 0.0995230932  0.057643468  5789.911  2.724058e+03  1.972439e+03
 [6,]    6 0.0999820031  0.011797911  5408.444  1.123066e+02  5.806539e+03
 [7,]    7 0.0999963673  0.010362908  5403.955  1.236535e+02  1.899127e+01
 [8,]    8 0.0999730383  0.010359472  5403.952  1.237387e+02  2.189288e+00
 [9,]    9 0.0998797222  0.010345726  5403.941  1.240817e+02 -6.518110e+01
[10,]   10 0.0995064578  0.010290744  5403.906  1.254904e+02 -3.372832e+02
[11,]   11 0.0975885372  0.010176612  5403.730  1.301345e+02 -8.931479e+02
[12,]   12 0.0875772413  0.009827347  5402.908  1.562484e+02 -2.568906e+03
[13,]   13 0.0455967257  0.008775108  5396.496  4.858272e+02 -6.955414e+03
[14,]   14 0.0000010000  0.007632254  5344.707 -2.717278e+05 -1.895571e+03
[15,]   15 0.0455445268  0.008773800  5396.480  4.867272e+02 -6.959598e+03
[16,]   16 0.0150648468  0.008009828  5371.885  1.997592e+03 -6.969084e+03
[17,]   17 0.0049730256  0.007756877  5341.859  5.089307e+03 -3.489836e+03
[18,]   18 0.0000010000  0.008069251  5344.457 -2.613662e+05  8.301439e+02
[19,]   19 0.0021958807  0.007931355  5323.883  7.880495e+03 -1.057017e+03
[20,]   20 0.0008016089  0.008018951  5312.711  5.932682e+03  4.052723e+02
[21,]   21 0.0002732070  0.008052149  5312.784 -1.519930e+04  1.354220e+03
[22,]   22 0.0005165554  0.008036860  5311.617  6.611950e+02  8.810387e+02
[23,]   23 0.0000010000  0.006869737  5344.498 -2.756281e+05  4.447282e+03
[24,]   24 0.0004191912  0.007816445  5311.476 -2.734943e+03  8.959610e+02
[25,]   25 0.0004161031  0.000001000 12088.571  1.155590e+05 -4.427921e+07
[26,]   26 0.0004181820  0.005262394  5312.545  4.603439e+03 -3.672384e+03
[27,]   27 0.0004187598  0.006724566  5311.141 -1.008645e+03 -2.071544e+02
[28,]   28 0.0004576705  0.006990897  5311.104  3.222166e+02 -5.974093e+01
[29,]   29 0.0004529688  0.007056228  5311.100  5.027673e+01  8.257073e+00
[30,]   30 0.0004513132  0.007045150  5311.099  4.326530e-02 -2.979528e-01
[31,]   31 0.0004513227  0.007045471  5311.099 -2.185725e-02  1.252843e-03
[32,]   32 0.0004513132  0.007045152  5311.099  4.283890e-02 -2.959929e-01
[33,]   33 0.0004513132  0.007045150  5311.099  4.326212e-02 -2.979399e-01
[34,]   34 0.0004513132  0.007045150  5311.099  4.326527e-02 -2.979529e-01
[35,]   35 0.0004513132  0.007045150  5311.099  4.326531e-02 -2.979528e-01
[36,]   36 0.0004513132  0.007045150  5311.099  4.326530e-02 -2.979528e-01
[37,]   37 0.0004513132  0.007045150  5311.099  4.326531e-02 -2.979528e-01
[38,]   38 0.0004513132  0.007045150  5311.099  4.326530e-02 -2.979528e-01
[39,]   39 0.0004513132  0.007045150  5311.099  4.326530e-02 -2.979528e-01
[40,]   40 0.0004513132  0.007045150  5311.099  4.326530e-02 -2.979528e-01
[41,]   41 0.0004513132  0.007045150  5311.099  4.326530e-02 -2.979528e-01
[42,]   42 0.0004513132  0.007045150  5311.099  4.326530e-02 -2.979528e-01
[43,]   43 0.0004513132  0.007045150  5311.099  4.326530e-02 -2.979528e-01
[44,]   44 0.0000010000  0.304997956  5420.927 -9.959099e+04  7.208867e+02
[45,]   45 0.0004510795  0.007199729  5311.111 -2.350266e+02  1.606115e+02
[46,]   46 0.0004513127  0.007045462  5311.099 -4.089083e-01  6.315186e-03

