[22;0t]0;IPython: scripts/01_msprime_simulations$par
[1] 0.09900278 0.49629313

$value
[1] -54690.95

$counts
function gradient 
      30       30 

$convergence
[1] 0

$message
[1] "CONVERGENCE: REL_REDUCTION_OF_F <= FACTR*EPSMCH"

$loginfo
      step       par1       par2        fn           gr1           gr2
 [1,]    1 0.10000000  0.0100000 118358.78  6.727825e+04 -3.023766e+06
 [2,]    2 0.00000100 10.0000000  62106.78 -8.864911e+06  3.696504e+02
 [3,]    3 1.63442854 10.0000000  61880.07  2.035042e+03  2.734532e+02
 [4,]    4 0.54407304 10.0000000  59604.90  1.930382e+03  3.257432e+02
 [5,]    5 0.18129418 10.0000000  59084.06  3.371648e+02  3.475287e+02
 [6,]    6 0.18128728  9.9988264  59083.65  3.371101e+02  3.474785e+02
 [7,]    7 0.18125969  9.9941322  59082.01  3.368922e+02  3.472684e+02
 [8,]    8 0.18114933  9.9753551  59075.46  3.360395e+02  3.464275e+02
 [9,]    9 0.18070786  9.9002469  59049.42  3.329459e+02  3.430701e+02
[10,]   10 0.17894200  9.5998140  58947.69  3.253617e+02  3.309073e+02
[11,]   11 0.17187854  8.3980823  58543.99  3.515382e+02  3.381045e+02
[12,]   12 0.14362472  3.5911555  56769.40  8.224466e+02  3.684077e+02
[13,]   13 0.12251688  0.0000010 420888.56  6.490380e+04 -1.521976e+09
[14,]   14 0.13656989  2.3908911  56239.35  9.639738e+02  5.505901e+02
[15,]   15 0.12720216  0.7971243  54922.90 -2.903978e+01  1.138229e+03
[16,]   16 0.12720274  0.7932806  54918.53 -2.841341e+01  1.135864e+03
[17,]   17 0.12720508  0.7779059  54901.15 -2.422058e+01  1.124746e+03
[18,]   18 0.12721443  0.7164073  54834.07  2.490550e+01  1.046186e+03
[19,]   19 0.12725182  0.4704128  54722.97  1.477176e+03 -7.627207e+02
[20,]   20 0.12721403  0.6015084  54732.71  3.356471e+02  6.446115e+02
[21,]   21 0.12723652  0.5234898  54704.54  8.588253e+02  6.455561e+00
[22,]   22 0.12721897  0.5230473  54704.53  8.624272e+02  1.626380e+00
[23,]   23 0.12696619  0.5195754  54704.36  8.878736e+02 -3.580391e+01
[24,]   24 0.12654479  0.5166138  54704.14  9.043024e+02 -6.657508e+01
[25,]   25 0.06836532  0.4795752  54721.23 -2.488581e+03  2.380138e+02
[26,]   26 0.10181989  0.5008733  54691.13  9.697330e+01  1.857086e+01
[27,]   27 0.09794648  0.4957391  54690.98 -5.319413e+01  6.748241e+00
[28,]   28 0.09904289  0.4963102  54690.95  2.069554e+00 -3.019800e-01
[29,]   29 0.09900278  0.4962931  54690.95  2.975303e-02 -1.356857e-03

