[22;0t]0;IPython: scripts/01_msprime_simulations$par
[1] 0.00290608 0.31894920

$value
[1] -18852.64

$counts
function gradient 
      37       37 

$convergence
[1] 0

$message
[1] "CONVERGENCE: REL_REDUCTION_OF_F <= FACTR*EPSMCH"

$loginfo
      step        par1       par2       fn           gr1           gr2
 [1,]    1 0.100000000  0.0100000 24159.20  1.163115e+04 -4.056855e+05
 [2,]    2 0.000001000 10.0000000 31749.27  2.416082e+03  1.706221e+03
 [3,]    3 0.066722583  3.3344472 21517.97  2.686077e+03  1.245153e+03
 [4,]    4 0.044667852  3.3240097 21446.87  2.569034e+03  1.242825e+03
 [5,]    5 0.000001000  3.3028709 21422.13 -4.854535e+05  1.175228e+03
 [6,]    6 0.044378904  3.3238729 21445.95  2.566720e+03  1.242801e+03
 [7,]    7 0.022189952  3.3133719 21378.98  2.218765e+03  1.242889e+03
 [8,]    8 0.000001000  3.2684875 21381.57 -5.067510e+05  1.188932e+03
 [9,]    9 0.009399005  3.2874980 21322.40  1.383993e+03  1.243662e+03
[10,]   10 0.000001000  2.9700931 21038.06 -5.964685e+05  1.102024e+03
[11,]   11 0.008722392  3.2646464 21293.13  1.304794e+03  1.237925e+03
[12,]   12 0.004361696  3.1173697 21110.70 -3.906452e+01  1.184719e+03
[13,]   13 0.001421291  3.0180615 21001.52 -6.252025e+03  1.132651e+03
[14,]   14 0.040705660  0.0000010 73883.41  3.422059e+04 -2.649794e+08
[15,]   15 0.015151579  1.9632186 19930.73  2.014500e+03  9.201886e+02
[16,]   16 0.020774652  0.0000010 73046.12  5.226281e+04 -2.649382e+08
[17,]   17 0.017071703  1.2928342 19384.46  2.683387e+03  5.508289e+02
[18,]   18 0.015730036  0.3046048 18928.84  7.233449e+03 -2.139294e+02
[19,]   19 0.009100243  0.5289116 18907.74  4.420970e+03  2.604023e+02
[20,]   20 0.000001000  0.4035692 19049.00 -1.233323e+06  9.635963e+01
[21,]   21 0.005337401  0.4770783 18880.15  2.863300e+03  3.034079e+02
[22,]   22 0.000001000  0.4244632 19048.77 -1.214021e+06  6.331735e+01
[23,]   23 0.003401242  0.4579884 18871.29 -1.404765e+02  3.256183e+02
[24,]   24 0.000001000  0.1403195 19002.85 -1.214660e+06  1.026864e+03
[25,]   25 0.001945293  0.3219658 18854.83 -5.138305e+03  4.607711e+01
[26,]   26 0.004395369  0.2825030 18856.74  4.093476e+03  4.618210e+01
[27,]   27 0.002776557  0.3085769 18853.13 -4.910409e+02 -8.202164e+01
[28,]   28 0.003384522  0.3360196 18853.23  7.936835e+02 -1.675126e+01
[29,]   29 0.002964545  0.3170624 18852.66  2.228424e+02 -1.738583e+01
[30,]   30 0.002930450  0.3190733 18852.64  8.308941e+01  7.225348e-01
[31,]   31 0.002911147  0.3190005 18852.64  1.688590e+01  3.758257e-01
[32,]   32 0.002906080  0.3189492 18852.64 -1.976420e-01  3.848800e-03
[33,]   33 0.002906134  0.3189489 18852.64 -1.104163e-03  1.375520e-04
[34,]   34 0.002906080  0.3189492 18852.64 -1.959081e-01  3.815749e-03
[35,]   35 0.002906080  0.3189492 18852.64 -1.976265e-01  3.848709e-03
[36,]   36 0.002906080  0.3189492 18852.64 -1.976267e-01  3.848781e-03
[37,]   37 0.002906080  0.3189492 18852.64 -1.976265e-01  3.848709e-03

