[22;0t]0;IPython: scripts/01_msprime_simulations$par
[1] 0.001620371 0.012360669

$value
[1] -5683.154

$counts
function gradient 
      37       37 

$convergence
[1] 0

$message
[1] "CONVERGENCE: REL_REDUCTION_OF_F <= FACTR*EPSMCH"

$loginfo
      step         par1         par2        fn           gr1           gr2
 [1,]    1 0.1000000000  0.010000000  5862.474  7.336389e+02 -2.006998e+04
 [2,]    2 0.0000010000 10.000000000 25757.395  2.416082e+03  2.206477e+03
 [3,]    3 0.0707829243  2.928815054 10357.915  2.413644e+03  2.094380e+03
 [4,]    4 0.0911433797  0.894785221  6624.063  2.432417e+03  1.416866e+03
 [5,]    5 0.0971890584  0.290815872  6089.470  3.033694e+03  1.508557e+02
 [6,]    6 0.0991303466  0.096879245  6133.438  3.100509e+03  2.437594e+02
 [7,]    7 0.0997778378  0.032194225  5942.530  1.118019e+03  7.783975e+03
 [8,]    8 0.0999358094  0.016412708  5826.522  6.435388e+02  3.105492e+03
 [9,]    9 0.0997629749  0.015554521  5824.350  6.405399e+02  1.647872e+03
[10,]   10 0.0991701086  0.014509592  5823.357  6.437073e+02 -5.669168e+02
[11,]   11 0.0988618584  0.014604309  5823.116  6.442282e+02 -3.419631e+02
[12,]   12 0.0976288578  0.014983180  5822.354  6.468066e+02  5.064728e+02
[13,]   13 0.0904250547  0.015709252  5818.512  6.699507e+02  1.913188e+03
[14,]   14 0.0368899311  0.019033380  5783.282  1.352466e+03  4.197679e+03
[15,]   15 0.0000010000  0.021323904  5812.297 -7.498233e+05  6.797007e+02
[16,]   16 0.0192505007  0.020128655  5755.212  2.505790e+03  3.111381e+03
[17,]   17 0.0064786762  0.020921690  5712.270  4.759323e+03  1.405573e+03
[18,]   18 0.0000010000  0.021127229  5812.166 -7.505040e+05  6.497863e+02
[19,]   19 0.0039901606  0.021000651  5700.465  4.532081e+03  1.166391e+03
[20,]   20 0.0013573146  0.021084193  5695.501 -5.003518e+03  1.178012e+03
[21,]   21 0.0027490880  0.021040031  5695.622  3.002061e+03  1.127438e+03
[22,]   22 0.0000010000  0.020852266  5811.993 -7.515104e+05  6.096197e+02
[23,]   23 0.0018457772  0.020978312  5694.158 -5.396998e+02  1.153275e+03
[24,]   24 0.0019606218  0.020607328  5693.709  1.622225e+02  1.164540e+03
[25,]   25 0.0026464917  0.014568122  5686.779  3.450995e+03  1.108699e+03
[26,]   26 0.0034824348  0.000001000 13963.080  6.161131e+04 -5.040100e+07
[27,]   27 0.0029222592  0.009762604  5692.831  5.552940e+03 -4.660924e+03
[28,]   28 0.0027207660  0.013273821  5686.050  3.910386e+03  3.683198e+02
[29,]   29 0.0024208936  0.012836161  5684.835  3.439297e+03  1.090847e+02
[30,]   30 0.0005362818  0.012098330  5693.195 -3.034374e+04  5.631877e+02
[31,]   31 0.0017423511  0.012570509  5683.219  7.711018e+02  1.330223e+02
[32,]   32 0.0015305951  0.012301333  5683.184 -7.261756e+02 -9.777532e+00
[33,]   33 0.0016305667  0.012348383  5683.154  8.512949e+01 -1.643863e+01
[34,]   34 0.0016211752  0.012366051  5683.154  3.634800e+00  4.596879e+00
[35,]   35 0.0016205886  0.012361540  5683.154  1.266168e+00  7.022016e-01
[36,]   36 0.0016203709  0.012360669  5683.154 -7.756053e-03  4.241610e-04

