[22;0t]0;IPython: scripts/01_msprime_simulations$par
[1] 0.09999959 0.01007703

$value
[1] -5533.16

$counts
function gradient 
       7        7 

$convergence
[1] 0

$message
[1] "CONVERGENCE: REL_REDUCTION_OF_F <= FACTR*EPSMCH"

$loginfo
     step       par1        par2        fn          gr1           gr2
[1,]    1 0.10000000  0.01000000  5533.178    0.6445258 -476.23995768
[2,]    2 0.00000100 10.00000000 25623.325 2416.0985846 2217.67042902
[3,]    3 0.09483877  0.52561171  5856.226 2390.0030176  640.27521662
[4,]    4 0.09939123  0.07081709  6076.328 2853.6356079  955.84537128
[5,]    5 0.09999455  0.01054476  5533.800  -17.8765240 2667.63982597
[6,]    6 0.09999923  0.01007680  5533.160   -2.2159931   -1.46357126
[7,]    7 0.09999959  0.01007703  5533.160   -2.2240781   -0.03878934

