[22;0t]0;IPython: scripts/01_msprime_simulations$par
[1] 0.36957585 0.01033141

$value
[1] -5698.735

$counts
function gradient 
      13       13 

$convergence
[1] 0

$message
[1] "CONVERGENCE: REL_REDUCTION_OF_F <= FACTR*EPSMCH"

$loginfo
      step       par1        par2        fn           gr1           gr2
 [1,]    1  0.1000000 0.010000000  5709.647 -1.634496e+02  1.481889e+03
 [2,]    2 10.0000000 0.000001000 14158.434  6.419588e-01 -4.720445e+07
 [3,]    3  3.7366052 0.006327029  5815.020  1.824160e+00 -6.197997e+04
 [4,]    4  1.1591961 0.008930212  5713.679  5.935582e+00 -1.493687e+04
 [5,]    5  0.4591756 0.009637233  5701.179  6.558974e+00 -6.270164e+03
 [6,]    6  0.6974893 0.015460956  5777.616  2.452968e+01  2.585438e+04
 [7,]    7  0.4896249 0.010381329  5699.143  5.559837e+00  1.305568e+02
 [8,]    8  0.4755187 0.010337500  5699.068  5.280312e+00 -2.009636e+02
 [9,]    9  0.3874787 0.010213624  5698.809  1.757424e+00 -9.935234e+02
[10,]   10  0.3686917 0.010257197  5698.756  1.973138e-01 -5.790959e+02
[11,]   11  0.3718019 0.010338737  5698.735  1.630899e-01  4.865872e+01
[12,]   12  0.3691645 0.010331464  5698.735 -3.343000e-02  1.371212e+00
[13,]   13  0.3695759 0.010331408  5698.735  1.747767e-03 -5.134146e-01

