[22;0t]0;IPython: scripts/01_msprime_simulations$par
[1] 0.001431667 0.170248266

$value
[1] -22448.49

$counts
function gradient 
      36       36 

$convergence
[1] 0

$message
[1] "CONVERGENCE: REL_REDUCTION_OF_F <= FACTR*EPSMCH"

$loginfo
      step        par1       par2       fn           gr1           gr2
 [1,]    1 0.100000000  0.0100000 28014.49  1.357247e+04 -4.696745e+05
 [2,]    2 0.000001000 10.0000000 32865.66  2.416099e+03  1.613015e+03
 [3,]    3 0.066679528  3.3387484 24325.87  2.540876e+03  8.678906e+02
 [4,]    4 0.048632748  3.3323656 24274.86  2.485680e+03  8.793969e+02
 [5,]    5 0.000001000  3.3151653 24218.61 -2.866806e+05  7.798647e+02
 [6,]    6 0.048162457  3.3321992 24273.55  2.483458e+03  8.796452e+02
 [7,]    7 0.024081729  3.3236823 24208.54  2.227813e+03  8.863458e+02
 [8,]    8 0.000001000  3.2958083 24203.60 -2.928548e+05  7.708567e+02
 [9,]    9 0.023816319  3.3233750 24207.68  2.222025e+03  8.862993e+02
[10,]   10 0.011908659  3.3095917 24171.35  1.734857e+03  8.812099e+02
[11,]   11 0.000001000  3.2093575 24138.80 -3.654625e+05  7.287215e+02
[12,]   12 0.011612890  3.3071020 24168.65  1.711164e+03  8.805994e+02
[13,]   13 0.005806945  3.2582298 24118.07  8.164843e+02  8.642076e+02
[14,]   14 0.000001000  2.0933424 23405.17 -8.931855e+05  4.938849e+02
[15,]   15 0.004762390  3.0486534 23937.84 -5.994027e+01  8.810217e+02
[16,]   16 0.002381695  2.5709979 23544.90 -3.966135e+03  7.214204e+02
[17,]   17 0.048791797  0.0000010 85488.87  3.811622e+04 -3.049291e+08
[18,]   18 0.018220216  1.6935858 22993.71  2.715185e+03  6.139686e+02
[19,]   19 0.021400615  0.0000010 84131.91  6.494570e+04 -3.048759e+08
[20,]   20 0.019293410  1.1221020 22689.36  3.936434e+03  3.301536e+02
[21,]   21 0.011012282  0.4365630 22550.94  8.468785e+03  1.449086e+02
[22,]   22 0.000001000  0.0000010 82207.97  1.245397e+05 -3.048107e+08
[23,]   23 0.007336299  0.2908221 22533.30  1.004892e+04  1.028875e+02
[24,]   24 0.003668650  0.1454115 22471.37  1.242132e+04 -2.053202e+02
[25,]   25 0.000001000 10.0000000 32865.66  2.416099e+03  1.613015e+03
[26,]   26 0.003467488  0.6859129 22549.36 -4.960470e+02  3.748472e+01
[27,]   27 0.003639051  0.2249403 22477.16  9.444758e+03  4.399136e+02
[28,]   28 0.003656999  0.1767165 22466.19  1.149869e+04  1.558142e+02
[29,]   29 0.000001000  0.1538668 22616.81 -1.176625e+06 -3.406008e+02
[30,]   30 0.002275308  0.1680810 22452.22  7.431957e+03 -6.864317e+01
[31,]   31 0.000001000  0.1790533 22616.79 -1.169992e+06  1.696456e+02
[32,]   32 0.001517088  0.1717390 22448.56  1.119264e+03  2.688699e+01
[33,]   33 0.001373257  0.1700886 22448.51 -8.632365e+02 -7.749405e-01
[34,]   34 0.001435237  0.1701813 22448.49  5.257577e+01 -1.234516e+00
[35,]   35 0.001431835  0.1702433 22448.49  2.438270e+00 -9.312227e-02
[36,]   36 0.001431667  0.1702483 22448.49 -9.594245e-02 -4.861431e-03

