[22;0t]0;IPython: scripts/01_msprime_simulations$par
[1] 1.000000e-06 9.950802e-05

$value
[1] -106.3832

$counts
function gradient 
      41       41 

$convergence
[1] 0

$message
[1] "CONVERGENCE: REL_REDUCTION_OF_F <= FACTR*EPSMCH"

$loginfo
      step  par1         par2         fn       gr1          gr2
 [1,]    1 1e-01 1.000000e-02   347.5278  2246.386    2689.9042
 [2,]    2 1e-06 1.000000e-06   130.7638 47491.138 -243805.6849
 [3,]    3 1e-06 1.000000e+01 24353.5324  2416.099    2323.6842
 [4,]    4 1e-06 3.283846e+00  8262.3827  2416.074    2467.6901
 [5,]    5 1e-06 1.078211e+00  2770.7405  2415.986    2509.7507
 [6,]    6 1e-06 3.541276e-01   952.1445  2415.707    2506.6557
 [7,]    7 1e-06 1.164305e-01   360.1119  2414.850    2454.2162
 [8,]    8 1e-06 3.838482e-02   172.8974  2412.253    2281.2951
 [9,]    9 1e-06 1.274062e-02   118.7360  2404.332    1757.4712
[10,]   10 1e-06 1.264945e-02   118.5760  2404.242    1751.8154
[11,]   11 1e-06 1.228474e-02   117.9413  2403.866    1728.3524
[12,]   12 1e-06 1.082592e-02   115.4966  2402.057    1618.6856
[13,]   13 1e-06 4.990644e-03   108.4042  2373.540     538.5484
[14,]   14 1e-06 1.566524e-03   108.2344  6299.964    1349.3761
[15,]   15 1e-06 1.000000e-06   130.7638 47491.138 -243805.6849
[16,]   16 1e-06 1.046919e-03   107.7624  7404.148     720.0468
[17,]   17 1e-06 4.524122e-04   107.0852 11247.857    1685.0809
[18,]   18 1e-06 1.000000e-06   130.7638 47491.138 -243805.6849
[19,]   19 1e-06 3.555656e-04   106.9100 11497.273    1964.2839
[20,]   20 1e-06 1.782828e-04   106.5153  7504.915    1681.1239
[21,]   21 1e-06 9.950802e-05   106.3832  1596.301    1825.0670
[22,]   22 1e-06 9.932882e-05   106.3832  1582.602    1820.7196
[23,]   23 1e-06 9.950802e-05   106.3832  1596.301    1825.0670
[24,]   24 1e-06 1.000000e-06   130.7638 47491.138 -243805.6849
[25,]   25 1e-06 9.932882e-05   106.3832  1582.602    1820.7196
[26,]   26 1e-06 9.947113e-05   106.3832  1593.478    1824.1745
[27,]   27 1e-06 9.950039e-05   106.3832  1595.717    1824.8826
[28,]   28 1e-06 9.950644e-05   106.3832  1596.180    1825.0288
[29,]   29 1e-06 9.950769e-05   106.3832  1596.276    1825.0591
[30,]   30 1e-06 9.950795e-05   106.3832  1596.295    1825.0653
[31,]   31 1e-06 9.950800e-05   106.3832  1596.299    1825.0666
[32,]   32 1e-06 9.950801e-05   106.3832  1596.300    1825.0669
[33,]   33 1e-06 9.950802e-05   106.3832  1596.300    1825.0670
[34,]   34 1e-06 9.950802e-05   106.3832  1596.301    1825.0670
[35,]   35 1e-06 9.950802e-05   106.3832  1596.301    1825.0670
[36,]   36 1e-06 9.950802e-05   106.3832  1596.301    1825.0670
[37,]   37 1e-06 9.950802e-05   106.3832  1596.301    1825.0670
[38,]   38 1e-06 9.950802e-05   106.3832  1596.301    1825.0670
[39,]   39 1e-06 9.950802e-05   106.3832  1596.301    1825.0670
[40,]   40 1e-06 9.950802e-05   106.3832  1596.301    1825.0670

