[22;0t]0;IPython: scripts/01_msprime_simulations$par
[1] 0.09627875 0.05186727

$value
[1] -18876.87

$counts
function gradient 
      39       39 

$convergence
[1] 0

$message
[1] "CONVERGENCE: REL_REDUCTION_OF_F <= FACTR*EPSMCH"

$loginfo
      step         par1        par2       fn           gr1           gr2
 [1,]    1 0.1000000000  0.01000000 21583.66  7.540409e+03 -3.172183e+05
 [2,]    2 0.0000010000 10.00000000 30662.53  2.416099e+03  1.796952e+03
 [3,]    3 0.0667644060  3.33026905 20485.56  2.404483e+03  9.579754e+02
 [4,]    4 0.0416171717  3.32011752 20415.35  2.408479e+03  9.532802e+02
 [5,]    5 0.0000010000  3.30331775 20299.01  2.416020e+03  9.458302e+02
 [6,]    6 0.0000010000  3.29344711 20289.70  2.416019e+03  9.415934e+02
 [7,]    7 0.0000010000  1.09979389 19947.28 -1.115877e+06  4.048343e+02
 [8,]    8 0.0010719750  0.00000100 61096.18  1.207836e+05 -2.259356e+08
 [9,]    9 0.0003681958  0.72271754 19521.44 -5.037100e+04  2.335978e+02
[10,]   10 0.0003275502  0.00000100 61005.18  1.236326e+05 -2.259352e+08
[11,]   11 0.0003546100  0.48114984 19511.96 -8.415067e+04  3.289230e+02
[12,]   12 0.0003410801  0.24057542 19442.50 -1.029439e+05 -8.499391e+01
[13,]   13 0.0004252467  0.36407412 19465.98 -6.795366e+04  3.576262e+02
[14,]   14 0.0003536581  0.25903121 19444.63 -9.489948e+04  5.153208e+02
[15,]   15 0.0003449399  0.24623887 19441.87 -1.000925e+05  3.161106e+01
[16,]   16 0.0005341963  0.24338870 19426.70 -6.709012e+04  4.421666e+00
[17,]   17 0.0009165924  0.24008363 19406.92 -4.110797e+04  4.635100e+01
[18,]   18 0.0015452287  0.22909833 19385.38 -2.624093e+04  1.666919e+02
[19,]   19 0.0031972264  0.17730250 19328.63 -1.422149e+04  5.872634e+02
[20,]   20 0.0088521544  0.00000100 61906.29  8.895127e+04 -2.259608e+08
[21,]   21 0.0050862938  0.11807372 19247.87 -1.236977e+04  1.397689e+03
[22,]   22 0.0075928355  0.03948499 19046.85 -1.458376e+04  8.207013e+02
[23,]   23 0.0080142962  0.02627074 19080.62 -6.378404e+03 -9.734551e+03
[24,]   24 0.0075928355  0.03948499 19046.85 -1.458376e+04  8.207013e+02
[25,]   25 0.0086910351  0.00000100 61891.91  8.949916e+04 -2.259602e+08
[26,]   26 0.0079574365  0.02637635 19079.98 -6.608743e+03 -9.484902e+03
[27,]   27 0.0076765407  0.03647551 19044.67 -1.372603e+04 -2.328428e+02
[28,]   28 0.0092118835  0.03730007 19025.41 -1.121450e+04 -3.059431e+02
[29,]   29 0.0163331822  0.04297693 18968.83 -5.912326e+03  6.978496e+02
[30,]   30 0.0233316175  0.04400797 18937.47 -3.488669e+03  2.797511e+02
[31,]   31 0.0337104315  0.04646644 18911.21 -1.935296e+03  3.983139e+02
[32,]   32 0.0459168803  0.04769503 18894.17 -1.014131e+03  7.954308e+01
[33,]   33 0.0609009480  0.05246832 18886.24 -6.249090e+02  1.611248e+03
[34,]   34 0.0839659389  0.04769933 18881.27  6.178241e+01 -2.346504e+03
[35,]   35 0.0868836460  0.05139310 18877.20 -7.824891e+01  6.070506e+01
[36,]   36 0.0905862966  0.05161019 18876.99 -4.527472e+01  5.045659e+01
[37,]   37 0.0954090210  0.05183872 18876.87 -6.722266e+00  1.347562e+01
[38,]   38 0.0961952952  0.05186503 18876.87 -6.638620e-01  1.630467e+00
[39,]   39 0.0962787504  0.05186727 18876.87 -1.090018e-02  4.603124e-02

