[22;0t]0;IPython: scripts/01_msprime_simulations$par
[1] 10.000000000  0.006856409

$value
[1] -4079.742

$counts
function gradient 
      17       17 

$convergence
[1] 0

$message
[1] "CONVERGENCE: REL_REDUCTION_OF_F <= FACTR*EPSMCH"

$loginfo
      step      par1        par2       fn           gr1           gr2
 [1,]    1  0.100000 0.010000000 4157.854 -176.80494360  2.345260e+04
 [2,]    2 10.000000 0.000001000 9410.451    0.13091352 -3.132860e+07
 [3,]    3  4.016008 0.006044832 4085.483   -0.26401714 -1.311236e+04
 [4,]    4  4.944079 0.011915760 4203.330    0.23251185  4.097562e+04
 [5,]    5  4.159045 0.006949675 4080.421   -0.26692306  1.312615e+03
 [6,]    6  4.153053 0.006869984 4080.362   -0.26739215  1.969137e+02
 [7,]    7  4.158849 0.006857352 4080.359   -0.26652848  1.760006e+01
 [8,]    8  4.175450 0.006847578 4080.355   -0.26422925 -1.217077e+02
 [9,]    9  4.252188 0.006825896 4080.341   -0.25411324 -4.325313e+02
[10,]   10  4.435379 0.006799292 4080.313   -0.23223969 -8.175903e+02
[11,]   11  4.867401 0.006769835 4080.252   -0.19053179 -1.249588e+03
[12,]   12  5.774673 0.006752093 4080.133   -0.13239625 -1.515565e+03
[13,]   13  7.551043 0.006789838 4079.909   -0.07469697 -9.681443e+02
[14,]   14  9.893963 0.006852032 4079.746   -0.04172752 -7.084039e+01
[15,]   15 10.000000 0.006856271 4079.742   -0.04076305 -1.010150e+01
[16,]   16 10.000000 0.006856805 4079.742   -0.04075815 -2.451633e+00
[17,]   17 10.000000 0.006856409 4079.742   -0.04075009 -8.117937e+00

