[22;0t]0;IPython: scripts/01_msprime_simulations$par
[1] 0.0677906781 0.0004768203

$value
[1] -404.6468

$counts
function gradient 
      33       33 

$convergence
[1] 0

$message
[1] "CONVERGENCE: REL_REDUCTION_OF_F <= FACTR*EPSMCH"

$loginfo
      step        par1         par2       fn           gr1           gr2
 [1,]    1 0.100000000 0.0100000000 625.4436  1.982870e+03  3.112674e+03
 [2,]    2 0.000001000 0.0000010000 584.7424  1.055588e+05 -1.769879e+06
 [3,]    3 0.096887569 0.0096887849 618.3143  1.971932e+03  3.152270e+03
 [4,]    4 0.048444285 0.0048448925 510.8819  1.584033e+03  5.719329e+03
 [5,]    5 0.017130661 0.0017138120 436.2379  5.343105e+02  2.284621e+04
 [6,]    6 0.007700097 0.0007708404 410.1864 -6.428137e+00  2.239826e+04
 [7,]    7 0.001786828 0.0000010000 629.6706  5.374898e+03 -2.000516e+06
 [8,]    8 0.006034392 0.0005539846 406.2226 -7.260120e+01  1.150513e+04
 [9,]    9 0.026874589 0.0002094479 415.8388  1.928303e+01 -1.372163e+05
[10,]   10 0.012285938 0.0004506321 405.2275 -3.681609e+01 -3.857441e+03
[11,]   11 0.016292975 0.0004709354 405.0832 -2.920757e+01 -6.529710e+02
[12,]   12 0.027166866 0.0004857769 404.8989 -1.257302e+01  1.535505e+03
[13,]   13 0.034517219 0.0004819653 404.8150 -8.099873e+00  8.090571e+02
[14,]   14 0.047783829 0.0004774540 404.7241 -4.893017e+00 -4.703380e+01
[15,]   15 0.067790678 0.0004768203 404.6468 -2.990766e+00 -1.571220e+02
[16,]   16 0.106835651 0.0006088697 406.1949 -6.787466e-01  2.086254e+04
[17,]   17 0.069029780 0.0004810110 404.6505 -2.909279e+00  6.875559e+02
[18,]   18 0.067939594 0.0004773240 404.6471 -2.980977e+00 -5.482554e+01
[19,]   19 0.067810358 0.0004768869 404.6469 -2.989473e+00 -1.435905e+02
[20,]   20 0.067793311 0.0004768292 404.6468 -2.990593e+00 -1.553117e+02
[21,]   21 0.067791031 0.0004768215 404.6468 -2.990743e+00 -1.568795e+02
[22,]   22 0.067790725 0.0004768205 404.6468 -2.990763e+00 -1.570895e+02
[23,]   23 0.067790684 0.0004768204 404.6468 -2.990766e+00 -1.571177e+02
[24,]   24 0.067790679 0.0004768203 404.6468 -2.990766e+00 -1.571215e+02
[25,]   25 0.067790678 0.0004768203 404.6468 -2.990766e+00 -1.571220e+02
[26,]   26 0.067790678 0.0004768203 404.6468 -2.990766e+00 -1.571220e+02
[27,]   27 0.067790678 0.0004768203 404.6468 -2.990766e+00 -1.571220e+02
[28,]   28 0.067790678 0.0004768203 404.6468 -2.990766e+00 -1.571220e+02
[29,]   29 0.067790678 0.0004768203 404.6468 -2.990766e+00 -1.571220e+02
[30,]   30 0.067790678 0.0004768203 404.6468 -2.990766e+00 -1.571220e+02
[31,]   31 0.067790678 0.0004768203 404.6468 -2.990766e+00 -1.571220e+02
[32,]   32 0.067790678 0.0004768203 404.6468 -2.990766e+00 -1.571220e+02

