[22;0t]0;IPython: scripts/01_msprime_simulations$par
[1] 0.007058831 0.740757463

$value
[1] -57744.34

$counts
function gradient 
      36       36 

$convergence
[1] 0

$message
[1] "CONVERGENCE: REL_REDUCTION_OF_F <= FACTR*EPSMCH"

$loginfo
      step        par1       par2        fn           gr1           gr2
 [1,]    1 0.100000000  0.0100000 145380.09  7.998130e+04 -3.819667e+06
 [2,]    2 0.000001000 10.0000000  60557.42 -5.182233e+06  1.871756e+02
 [3,]    3 2.865286663 10.0000000  67563.10  2.078348e+03  3.230018e+01
 [4,]    4 0.954387097 10.0000000  62560.96  3.270509e+03  2.263857e+01
 [5,]    5 0.317972443 10.0000000  60286.39  3.847394e+03  1.190051e+02
 [6,]    6 0.105906727 10.0000000  59500.01  3.174684e+03  1.789807e+02
 [7,]    7 0.105841887  9.9995315  59499.72  3.173924e+03  1.789851e+02
 [8,]    8 0.105582528  9.9976576  59498.56  3.170871e+03  1.789963e+02
 [9,]    9 0.104545090  9.9901619  59493.93  3.158475e+03  1.790455e+02
[10,]   10 0.100395340  9.9601790  59475.56  3.105807e+03  1.793465e+02
[11,]   11 0.083796340  9.8402477  59404.40  2.838765e+03  1.826802e+02
[12,]   12 0.017400337  9.3605224  59255.98 -4.467692e+03  1.427194e+02
[13,]   13 0.055898212  9.6345945  59298.32  1.957237e+03  1.761173e+02
[14,]   14 0.028612324  9.4403422  59241.63 -8.071861e+02  1.553962e+02
[15,]   15 0.027723214  9.4325368  59241.22 -9.910648e+02  1.542847e+02
[16,]   16 0.026073550  9.4147757  59240.44 -1.365792e+03  1.517590e+02
[17,]   17 0.025003882  9.3983555  59239.57 -1.635973e+03  1.494811e+02
[18,]   18 0.023099329  9.3149482  59231.16 -2.193842e+03  1.395015e+02
[19,]   19 0.019132982  8.7894328  59171.99 -3.839503e+03  1.323983e+02
[20,]   20 0.005259210  4.3523902  58378.54 -2.611940e+04  1.159185e+02
[21,]   21 0.013478084  0.0000010 511895.55  1.190191e+05 -1.894139e+09
[22,]   22 0.008001937  2.8999509  58164.59 -1.156142e+04  3.615427e+02
[23,]   23 0.010740011  1.4499759  57864.36  2.943992e+02  6.422319e+01
[24,]   24 0.009100910  0.0000010 511370.19  1.210141e+05 -1.894139e+09
[25,]   25 0.010193650  0.9666560  57790.22  4.162242e+03  1.725375e+02
[26,]   26 0.009647280  0.4833285  57829.26  1.503945e+04 -7.892015e+02
[27,]   27 0.009955590  0.7560645  57756.22  7.105080e+03  1.780506e+01
[28,]   28 0.006081830  0.0000010 511002.83  1.223416e+05 -1.894138e+09
[29,]   29 0.008664658  0.5041060  57801.59  1.213572e+04 -6.074534e+02
[30,]   30 0.009756951  0.7172951  57756.41  7.245254e+03 -9.895637e+01
[31,]   31 0.009865923  0.7385638  57755.73  7.176071e+03 -3.633854e+01
[32,]   32 0.007472854  0.7352875  57744.72  1.491878e+03 -2.155398e+01
[33,]   33 0.006869846  0.7401530  57744.41 -7.168184e+02 -4.165804e-01
[34,]   34 0.007073142  0.7410425  57744.34  5.022574e+01  8.539478e-01
[35,]   35 0.007059365  0.7407254  57744.34  2.032095e+00 -1.038545e-01
[36,]   36 0.007058831  0.7407575  57744.34 -2.258384e-01  9.406103e-03

