[22;0t]0;IPython: scripts/01_msprime_simulations$par
[1] 0.4497054 0.5016538

$value
[1] -58417.67

$counts
function gradient 
      22       22 

$convergence
[1] 0

$message
[1] "CONVERGENCE: REL_REDUCTION_OF_F <= FACTR*EPSMCH"

$loginfo
      step      par1      par2        fn           gr1           gr2
 [1,]    1 0.1000000 0.0100000 120574.30  7.117128e+04 -3.063791e+06
 [2,]    2 0.0000100 1.0000000  62732.67 -3.580772e+06  4.167538e+02
 [3,]    3 0.3396303 1.0000000  59693.50 -3.240818e+02  2.609353e+03
 [4,]    4 0.3396616 0.9989645  59690.78 -3.267608e+02  2.611549e+03
 [5,]    5 0.3397871 0.9948226  59679.91 -3.374560e+02  2.620726e+03
 [6,]    6 0.3402891 0.9782550  59636.01 -3.798783e+02  2.656830e+03
 [7,]    7 0.3422971 0.9119843  59454.53 -5.419041e+02  2.787558e+03
 [8,]    8 0.3503290 0.6469018  58697.10 -8.595180e+02  2.558153e+03
 [9,]    9 0.3699296 0.0000100 361640.86  0.000000e+00 -8.032727e+08
[10,]   10 0.3568856 0.4305097  58476.35  1.875295e+02 -1.981988e+03
[11,]   11 0.3494479 0.6762231  58775.19 -8.721073e+02  2.707380e+03
[12,]   12 0.3551691 0.4872146  58429.90 -3.175465e+02  1.574138e+02
[13,]   13 0.3553355 0.4828269  58429.45 -2.860997e+02  2.778182e+01
[14,]   14 0.3554202 0.4815398  58429.41 -2.764453e+02 -1.148305e+01
[15,]   15 0.3554756 0.4813337  58429.40 -2.746485e+02 -1.811654e+01
[16,]   16 0.3646944 0.4820997  58427.05 -2.287994e+02 -6.044883e+01
[17,]   17 0.4255519 0.4970929  58418.32 -5.564352e+01  1.417206e+00
[18,]   18 0.4436394 0.5008609  58417.71 -1.501757e+01  1.017588e+01
[19,]   19 0.4492333 0.5015498  58417.67 -9.293381e-01 -4.701450e-01
[20,]   20 0.4497020 0.5016513  58417.67 -1.795979e-02 -2.849945e-02
[21,]   21 0.4497111 0.5016582  58417.67 -2.727971e-02  1.258341e-01
[22,]   22 0.4497054 0.5016538  58417.67 -2.136250e-02  2.786204e-02

