[22;0t]0;IPython: scripts/01_msprime_simulations$par
[1] 0.010337930 0.001386916

$value
[1] -1048.53

$counts
function gradient 
      51       51 

$convergence
[1] 52

$message
[1] "ERROR: ABNORMAL_TERMINATION_IN_LNSRCH"

$loginfo
      step        par1         par2        fn           gr1           gr2
 [1,]    1 0.100000000  0.010000000  1245.580  1.223354e+03  1.087905e+04
 [2,]    2 0.000001000  0.000001000  1740.759  1.160722e+05 -6.061881e+06
 [3,]    3 0.059096148  0.005909983  1147.665  7.268379e+02  1.796686e+04
 [4,]    4 0.020594670  0.002060182  1054.858  4.999196e+01  1.551017e+04
 [5,]    5 0.008950656  0.000001000  1886.008  2.653385e+03 -6.309610e+06
 [6,]    6 0.016892171  0.001405414  1048.794  6.252134e+01 -1.036182e+03
 [7,]    7 0.015711151  0.001431534  1048.722  5.211547e+01  3.543635e+02
 [8,]    8 0.010592892  0.001430839  1048.572 -8.265408e+00  1.651011e+03
 [9,]    9 0.010702287  0.001404192  1048.538  3.377277e+00  5.397411e+02
[10,]   10 0.009946942  0.001383668  1048.531 -6.844670e+00 -3.354132e+01
[11,]   11 0.010337930  0.001386916  1048.530  1.651853e+00 -5.255510e+01
[12,]   12 0.010287135  0.001389208  1048.531 -4.496024e-01  6.524768e+01
[13,]   13 0.010333598  0.001387111  1048.530  1.473669e+00 -4.248363e+01
[14,]   14 0.010337492  0.001386935  1048.530  1.633856e+00 -5.153715e+01
[15,]   15 0.010337885  0.001386918  1048.530  1.650005e+00 -5.245057e+01
[16,]   16 0.010337926  0.001386916  1048.530  1.651663e+00 -5.254435e+01
[17,]   17 0.010337930  0.001386916  1048.530  1.651834e+00 -5.255399e+01
[18,]   18 0.010337930  0.001386916  1048.530  1.651851e+00 -5.255498e+01
[19,]   19 0.010337930  0.001386916  1048.530  1.651853e+00 -5.255508e+01
[20,]   20 0.010337930  0.001386916  1048.530  1.651853e+00 -5.255509e+01
[21,]   21 0.010337930  0.001386916  1048.530  1.651853e+00 -5.255509e+01
[22,]   22 0.010337930  0.001386916  1048.530  1.651853e+00 -5.255510e+01
[23,]   23 0.010337930  0.001386916  1048.530  1.651853e+00 -5.255510e+01
[24,]   24 0.010337930  0.001386916  1048.530  1.651853e+00 -5.255510e+01
[25,]   25 0.010337930  0.001386916  1048.530  1.651853e+00 -5.255510e+01
[26,]   26 0.010337930  0.001386916  1048.530  1.651853e+00 -5.255510e+01
[27,]   27 0.010337930  0.001386916  1048.530  1.651853e+00 -5.255510e+01
[28,]   28 0.010337930  0.001386916  1048.530  1.651853e+00 -5.255510e+01
[29,]   29 0.010337930  0.001386916  1048.530  1.651853e+00 -5.255510e+01
[30,]   30 0.000001000 10.000000000 24521.119  2.416088e+03  2.309693e+03
[31,]   31 0.010281582  0.055890753  1089.617  2.270288e+03  1.212282e+02
[32,]   32 0.010337264  0.002031456  1054.318 -6.137583e+01  1.436085e+04
[33,]   33 0.010337929  0.001388252  1048.531  1.130293e+00  4.616429e+00
[34,]   34 0.010337930  0.001386988  1048.530  1.623583e+00 -4.945725e+01
[35,]   35 0.010337930  0.001386920  1048.530  1.650230e+00 -5.237722e+01
[36,]   36 0.010337930  0.001386916  1048.530  1.651760e+00 -5.254485e+01
[37,]   37 0.010337930  0.001386916  1048.530  1.651848e+00 -5.255450e+01
[38,]   38 0.010337930  0.001386916  1048.530  1.651853e+00 -5.255506e+01
[39,]   39 0.010337930  0.001386916  1048.530  1.651853e+00 -5.255509e+01
[40,]   40 0.010337930  0.001386916  1048.530  1.651853e+00 -5.255509e+01
[41,]   41 0.010337930  0.001386916  1048.530  1.651853e+00 -5.255510e+01
[42,]   42 0.010337930  0.001386916  1048.530  1.651853e+00 -5.255510e+01
[43,]   43 0.010337930  0.001386916  1048.530  1.651853e+00 -5.255510e+01
[44,]   44 0.010337930  0.001386916  1048.530  1.651853e+00 -5.255510e+01
[45,]   45 0.010337930  0.001386916  1048.530  1.651853e+00 -5.255510e+01
[46,]   46 0.010337930  0.001386916  1048.530  1.651853e+00 -5.255510e+01

