[22;0t]0;IPython: scripts/01_msprime_simulations$par
[1] 0.0014011744 0.0001938061

$value
[1] -170.4801

$counts
function gradient 
      54       54 

$convergence
[1] 0

$message
[1] "CONVERGENCE: REL_REDUCTION_OF_F <= FACTR*EPSMCH"

$loginfo
      step         par1         par2         fn         gr1           gr2
 [1,]    1 1.000000e-01 1.000000e-02   404.7923  2163.41172    3161.58119
 [2,]    2 1.000000e-06 1.000000e-06   224.2540 75774.70106 -519559.64347
 [3,]    3 1.000000e-06 1.000000e+01 24363.8455  2416.08780    2322.82320
 [4,]    4 1.000000e-06 3.310001e+00  8346.4981  2415.99471    2464.65975
 [5,]    5 1.000000e-06 1.095593e+00  2842.9347  2415.58142    2502.14835
 [6,]    6 1.000000e-06 3.627373e-01  1011.1919  2414.15782    2485.01564
 [7,]    7 1.000000e-06 1.201976e-01   415.6786  2409.75932    2390.20127
 [8,]    8 1.000000e-06 3.991384e-02   231.5342  2396.38130    2090.74262
 [9,]    9 1.000000e-06 1.332271e-02   183.6899  2323.67204    1191.21140
[10,]   10 1.000000e-06 1.329224e-02   183.6536  2323.19937    1188.11464
[11,]   11 1.000000e-06 1.317035e-02   183.5095  2321.26046    1175.58422
[12,]   12 1.000000e-06 1.268277e-02   182.9490  2312.65302    1123.05361
[13,]   13 1.000000e-06 1.073248e-02   180.9961  2256.71684     865.19782
[14,]   14 1.000000e-06 3.858358e-03   180.4174   671.98075    1948.11322
[15,]   15 1.000000e-06 1.000000e-06   224.2540     0.00000 -519559.64347
[16,]   16 1.000000e-06 2.462153e-03   177.8115  3097.76856     726.62663
[17,]   17 1.000000e-06 1.000000e-06   224.2540 75774.70106 -519559.64347
[18,]   18 1.000000e-06 1.651404e-03   177.1017  1385.38561    1669.97721
[19,]   19 1.000000e-06 8.262022e-04   175.4087  -178.78477    2846.46894
[20,]   20 1.000000e-06 3.582824e-04   173.6131 -3775.06446    5228.26854
[21,]   21 1.000000e-06 2.617487e-04   173.0735 -5365.51631    5726.18808
[22,]   22 1.000000e-06 2.531424e-04   173.0224 -5514.10121    5719.98830
[23,]   23 1.000000e-06 1.270712e-04   172.3341 -5016.03136  -11991.30922
[24,]   24 1.000000e+01 1.000000e+01 47325.8650  2177.13044    2327.44930
[25,]   25 2.371822e+00 2.371918e+00 11677.9183  2351.11184    2488.63087
[26,]   26 5.606713e-01 5.607903e-01  2851.7051  2390.46895    2505.05282
[27,]   27 1.334876e-01 1.336120e-01   768.5848  2396.12395    2415.24388
[28,]   28 3.254877e-02 3.267443e-02   294.4466  2383.56373    2017.62165
[29,]   29 8.356406e-03 8.482372e-03   198.2746  2265.70337     783.75509
[30,]   30 2.199384e-03 2.325428e-03   183.1672  1471.39113      55.12630
[31,]   31 4.805774e-04 6.066426e-04   175.4033  2302.76973    6302.67147
[32,]   32 1.101213e-04 2.361912e-04   172.3162 -3518.47416    6491.40343
[33,]   33 1.377739e-04 2.163990e-04   172.0770 -3129.66796    5576.40513
[34,]   34 3.475938e-04 9.035163e-05   172.1701  -347.13001   -9013.69165
[35,]   35 2.250669e-04 1.639586e-04   171.4199 -3149.75343   -8409.71795
[36,]   36 3.400908e-04 1.756664e-04   171.1723 -2314.54660   -4147.51679
[37,]   37 6.840932e-04 1.821123e-04   170.7074  -933.67487   -3334.29497
[38,]   38 9.213459e-04 2.006355e-04   170.7129  -547.12027    3428.11228
[39,]   39 7.520410e-04 1.874173e-04   170.6922  -798.89002   -1219.72178
[40,]   40 1.115795e-03 1.929620e-04   170.5465  -354.65766     188.46323
[41,]   41 1.401174e-03 1.938061e-04   170.4801  -187.76979      36.82058
[42,]   42 1.741573e-03 2.152634e-04   170.6928   -85.98876    7652.24138
[43,]   43 1.419034e-03 1.949318e-04   170.4877  -181.19924     498.38443
[44,]   44 1.402149e-03 1.938675e-04   170.4805  -187.40674      62.21315
[45,]   45 1.401228e-03 1.938094e-04   170.4801  -187.74994      38.20815
[46,]   46 1.401177e-03 1.938062e-04   170.4801  -187.76870      36.89638
[47,]   47 1.401175e-03 1.938061e-04   170.4801  -187.76973      36.82472
[48,]   48 1.401174e-03 1.938061e-04   170.4801  -187.76978      36.82081
[49,]   49 1.401174e-03 1.938061e-04   170.4801  -187.76978      36.82059
[50,]   50 1.401174e-03 1.938061e-04   170.4801  -187.76979      36.82058
[51,]   51 1.401174e-03 1.938061e-04   170.4801  -187.76979      36.82058
[52,]   52 1.401174e-03 1.938061e-04   170.4801  -187.76979      36.82058
[53,]   53 1.401174e-03 1.938061e-04   170.4801  -187.76979      36.82058

