[22;0t]0;IPython: scripts/01_msprime_simulations$par
[1] 0.003874638 0.001083199

$value
[1] -861.3817

$counts
function gradient 
      51       51 

$convergence
[1] 0

$message
[1] "CONVERGENCE: REL_REDUCTION_OF_F <= FACTR*EPSMCH"

$loginfo
      step        par1         par2        fn           gr1           gr2
 [1,]    1 0.100000000 0.0100000000 1070.3327  1.417466e+03  8.661583e+03
 [2,]    2 0.000001000 0.0000010000 1386.2699  1.108354e+05 -4.723521e+06
 [3,]    3 0.056529204 0.0056533117  964.6995  9.198069e+02  1.732897e+04
 [4,]    4 0.019728381 0.0019735605  871.0678  1.419241e+02  1.651838e+04
 [5,]    5 0.002993955 0.0000010000 1481.5526  8.703444e+03 -4.934684e+06
 [6,]    6 0.014336784 0.0013380292  862.7519  6.370387e+01  5.754000e+03
 [7,]    7 0.011248869 0.0009888429  862.9010  1.572617e+02 -1.117716e+04
 [8,]    8 0.012820080 0.0011665179  862.1461  8.864174e+01 -7.684253e+02
 [9,]    9 0.012381097 0.0011644333  862.1082  8.927153e+01 -7.582438e+02
[10,]   10 0.010625164 0.0011560947  861.9525  9.307021e+01 -6.395493e+02
[11,]   11 0.003601431 0.0011227404  861.4386 -7.576118e+01  1.876433e+03
[12,]   12 0.007350126 0.0011227503  861.6430  1.054135e+02 -8.393338e+02
[13,]   13 0.004367441 0.0011227424  861.4169  1.047077e+01  1.189202e+03
[14,]   14 0.003963460 0.0010837265  861.3822  9.223539e+00 -7.557217e+01
[15,]   15 0.003874638 0.0010831992  861.3817  1.027816e-02 -2.840855e+00
[16,]   16 0.003875360 0.0010832826  861.3817  2.706099e-03  2.482153e-02
[17,]   17 0.003874640 0.0010831994  861.3817  1.026347e-02 -2.835302e+00
[18,]   18 0.003874638 0.0010831992  861.3817  1.027811e-02 -2.840845e+00
[19,]   19 0.003874638 0.0010831992  861.3817  1.027816e-02 -2.840855e+00
[20,]   20 0.003874638 0.0010831992  861.3817  1.027816e-02 -2.840855e+00
[21,]   21 0.003874638 0.0010831992  861.3817  1.027816e-02 -2.840855e+00
[22,]   22 0.003874638 0.0010831992  861.3817  1.027817e-02 -2.840855e+00
[23,]   23 0.003874638 0.0010831992  861.3817  1.027816e-02 -2.840855e+00
[24,]   24 0.003874638 0.0010831992  861.3817  1.027816e-02 -2.840855e+00
[25,]   25 0.003874638 0.0010831992  861.3817  1.027814e-02 -2.840855e+00
[26,]   26 0.003874638 0.0010831992  861.3817  1.027815e-02 -2.840855e+00
[27,]   27 0.003874638 0.0010831992  861.3817  1.027814e-02 -2.840855e+00
[28,]   28 0.003874638 0.0010831992  861.3817  1.027814e-02 -2.840855e+00
[29,]   29 0.003874638 0.0010831992  861.3817  1.027814e-02 -2.840855e+00
[30,]   30 0.003874638 0.0010831992  861.3817  1.027814e-02 -2.840855e+00
[31,]   31 0.003874638 0.0010831992  861.3817  1.027814e-02 -2.840855e+00
[32,]   32 0.003874638 0.0010831992  861.3817  1.027815e-02 -2.840855e+00
[33,]   33 0.000001000 2.8419386412 7432.8448  2.416068e+03  2.440518e+03
[34,]   34 0.003873418 0.0019785251  869.3631  2.385618e+02  1.176207e+04
[35,]   35 0.003874638 0.0010832841  861.3817 -8.114962e-02  8.754409e-01
[36,]   36 0.003874638 0.0010831994  861.3817  1.009430e-02 -2.833383e+00
[37,]   37 0.003874638 0.0010831992  861.3817  1.027780e-02 -2.840840e+00
[38,]   38 0.003874638 0.0010831992  861.3817  1.027817e-02 -2.840855e+00
[39,]   39 0.003874638 0.0010831992  861.3817  1.027817e-02 -2.840855e+00
[40,]   40 0.003874638 0.0010831992  861.3817  1.027798e-02 -2.840848e+00
[41,]   41 0.003874638 0.0010831992  861.3817  1.027817e-02 -2.840855e+00
[42,]   42 0.003874638 0.0010831992  861.3817  1.027806e-02 -2.840852e+00
[43,]   43 0.003874638 0.0010831992  861.3817  1.027817e-02 -2.840855e+00
[44,]   44 0.003874638 0.0010831992  861.3817  1.027817e-02 -2.840855e+00
[45,]   45 0.003874638 0.0010831992  861.3817  1.027817e-02 -2.840855e+00
[46,]   46 0.003874638 0.0010831992  861.3817  1.027817e-02 -2.840855e+00

