[22;0t]0;IPython: scripts/01_msprime_simulations$par
[1] 0.009176627 0.054959056

$value
[1] -18597.03

$counts
function gradient 
      34       34 

$convergence
[1] 0

$message
[1] "CONVERGENCE: REL_REDUCTION_OF_F <= FACTR*EPSMCH"

$loginfo
      step        par1        par2       fn           gr1           gr2
 [1,]    1 0.100000000  0.01000000 21815.93  8.684229e+03 -3.273846e+05
 [2,]    2 0.000001000 10.00000000 30777.27  2.415986e+03  1.787373e+03
 [3,]    3 0.066759497  3.33075942 20588.98  2.177509e+03  1.047717e+03
 [4,]    4 0.044647675  3.31994832 20530.77  2.053027e+03  1.038256e+03
 [5,]    5 0.000001000  3.29811931 20484.01 -1.618964e+05  9.384416e+02
 [6,]    6 0.043950564  3.31960749 20528.99  2.047407e+03  1.037898e+03
 [7,]    7 0.014581643  3.30524820 20460.16  1.454246e+03  1.015858e+03
 [8,]    8 0.000001000  3.27156396 20459.23 -1.690385e+05  9.274689e+02
 [9,]    9 0.014256961  3.30449811 20458.93  1.435865e+03  1.015290e+03
[10,]   10 0.007128981  3.28803104 20434.28  6.457412e+02  1.001879e+03
[11,]   11 0.000001000  3.02772977 20244.70 -2.408515e+05  8.287635e+02
[12,]   12 0.006058065  3.24892310 20394.90  3.269583e+02  9.851266e+02
[13,]   13 0.003029533  3.13832644 20290.12 -1.692690e+03  9.339040e+02
[14,]   14 0.044618418  0.00000100 64797.73  3.158273e+04 -2.301766e+08
[15,]   15 0.017548452  2.04271895 19510.58  4.615520e+02  5.731817e+02
[16,]   16 0.030285664  0.39646098 18877.70  3.996237e+03  1.928757e+02
[17,]   17 0.021932516  0.00000100 63864.36  5.399322e+04 -2.301266e+08
[18,]   18 0.027497570  0.26413149 18825.23  4.818933e+03  4.112904e+02
[19,]   19 0.024715043  0.13206624 18727.74  4.462402e+03  1.133236e+03
[20,]   20 0.022862791  0.04415401 18661.38  4.579653e+03 -4.986255e+03
[21,]   21 0.024343426  0.11442845 18704.00  4.216477e+03  1.366140e+03
[22,]   22 0.023314247  0.06558118 18634.48  3.280723e+03  6.731193e+02
[23,]   23 0.015454478  0.00000100 63478.35  6.588621e+04 -2.301048e+08
[24,]   24 0.020699100  0.04376097 18653.38  4.599178e+03 -4.875967e+03
[25,]   25 0.022427878  0.05818552 18629.60  3.399521e+03 -2.458615e+02
[26,]   26 0.000001000  0.05691273 19142.78 -2.519502e+06  3.323097e+02
[27,]   27 0.014301352  0.05772431 18604.68  2.455836e+03  3.302093e+01
[28,]   28 0.000001000  0.05285482 19141.98 -2.533999e+06  6.265948e+01
[29,]   29 0.009388340  0.05605136 18597.11  9.807878e+01  1.324036e+02
[30,]   30 0.009039761  0.05485902 18597.03 -1.208136e+02 -2.320866e+00
[31,]   31 0.009224872  0.05489139 18597.03  5.025984e+01 -1.426994e+01
[32,]   32 0.009179226  0.05497784 18597.03  4.653427e-01  2.362109e+00
[33,]   33 0.009176627  0.05495906 18597.03 -2.722247e-01 -1.223660e-01

