[22;0t]0;IPython: scripts/01_msprime_simulations$par
[1] 0.0000010000 0.0001515547

$value
[1] -151.5494

$counts
function gradient 
      77       77 

$convergence
[1] 52

$message
[1] "ERROR: ABNORMAL_TERMINATION_IN_LNSRCH"

$loginfo
      step  par1         par2         fn       gr1          gr2
 [1,]    1 1e-01 1.000000e-02   387.8595  2222.428    2425.7205
 [2,]    2 1e-06 1.000000e-06   192.9344 63984.434 -413018.4280
 [3,]    3 1e-06 1.000000e+01 24359.9781  2416.099    2323.1461
 [4,]    4 1e-06 3.304001e+00  8324.3616  2416.074    2465.7137
 [5,]    5 1e-06 1.091598e+00  2822.2124  2415.988    2504.9490
 [6,]    6 1e-06 3.607576e-01   992.2071  2415.715    2493.1277
 [7,]    7 1e-06 1.193345e-01   396.2256  2414.881    2414.3016
 [8,]    8 1e-06 3.956837e-02   210.1086  2412.365    2162.6558
 [9,]    9 1e-06 1.319693e-02   159.5421  2404.102    1405.6763
[10,]   10 1e-06 1.315217e-02   159.4793  2404.054    1401.8089
[11,]   11 1e-06 1.297313e-02   159.2297  2403.856    1386.0725
[12,]   12 1e-06 1.225699e-02   158.2608  2402.994    1318.5283
[13,]   13 1e-06 9.392413e-03   154.9709  2397.713     945.3173
[14,]   14 1e-06 1.580093e-03   152.9356  7563.309     215.6746
[15,]   15 1e-06 1.000000e-06   192.9344 63984.434 -413018.4280
[16,]   16 1e-06 1.087273e-03   152.6373 10332.824     828.6905
[17,]   17 1e-06 5.441365e-04   152.0934 14472.627    1296.4532
[18,]   18 1e-06 2.861376e-04   151.7124 13512.568    1500.4944
[19,]   19 1e-06 2.786362e-04   151.7004 13299.264    1477.8263
[20,]   20 1e-06 2.704141e-04   151.6874 13043.275    1445.9516
[21,]   21 1e-06 1.357070e-04   151.5541  5405.390   -6098.1096
[22,]   22 1e-06 1.000000e+01 24359.9781  2416.099    2323.1461
[23,]   23 1e-06 2.117698e+00  5385.1668  2416.051    2489.1314
[24,]   24 1e-06 4.482987e-01  1210.7553  2415.795    2499.3283
[25,]   25 1e-06 9.716272e-02   342.9872  2414.596    2386.1045
[26,]   26 1e-06 2.281596e-02   175.7837  2409.537    1884.6760
[27,]   27 1e-06 6.517290e-03   153.1427  2384.555     240.7292
[28,]   28 1e-06 2.139938e-03   153.1354  6728.764     895.7960
[29,]   29 1e-06 7.018204e-04   152.2809 13182.905    1095.3202
[30,]   30 1e-06 2.785020e-04   151.7002 13295.274    1477.3683
[31,]   31 1e-06 1.752068e-04   151.5605  8163.541    -696.8048
[32,]   32 1e-06 1.475391e-04   151.5495  6214.879   -3942.1852
[33,]   33 1e-06 1.691745e-04   151.5561  7745.234   -1192.3119
[34,]   34 1e-06 1.529865e-04   151.5496  6599.565   -3177.4217
[35,]   35 1e-06 1.487754e-04   151.5494  6301.801   -3770.7839
[36,]   36 1e-06 1.515547e-04   151.5494  6498.095   -3380.5728
[37,]   37 1e-06 1.757263e-04   151.5609  8199.189    -659.6065
[38,]   38 1e-06 1.573541e-04   151.5505  6909.809   -2564.7075
[39,]   39 1e-06 1.528053e-04   151.5496  6586.707   -3203.1729
[40,]   40 1e-06 1.518140e-04   151.5495  6516.454   -3343.8496
[41,]   41 1e-06 1.516080e-04   151.5494  6501.869   -3373.0256
[42,]   42 1e-06 1.515657e-04   151.5494  6498.870   -3379.0239
[43,]   43 1e-06 1.515570e-04   151.5494  6498.254   -3380.2550
[44,]   44 1e-06 1.515552e-04   151.5494  6498.128   -3380.5076
[45,]   45 1e-06 1.515548e-04   151.5494  6498.102   -3380.5594
[46,]   46 1e-06 1.515548e-04   151.5494  6498.097   -3380.5701
[47,]   47 1e-06 1.515547e-04   151.5494  6498.096   -3380.5723
[48,]   48 1e-06 1.515547e-04   151.5494  6498.095   -3380.5727
[49,]   49 1e-06 1.515547e-04   151.5494  6498.095   -3380.5728
[50,]   50 1e-06 1.515547e-04   151.5494  6498.095   -3380.5728
[51,]   51 1e-06 1.515547e-04   151.5494  6498.095   -3380.5728
[52,]   52 1e-06 1.515547e-04   151.5494  6498.095   -3380.5728
[53,]   53 1e-06 1.515547e-04   151.5494  6498.095   -3380.5728
[54,]   54 1e-06 1.515547e-04   151.5494  6498.095   -3380.5728
[55,]   55 1e-06 1.515547e-04   151.5494  6498.095   -3380.5728
[56,]   56 1e-06 1.515547e-04   151.5494  6498.095   -3380.5728
[57,]   57 1e-06 1.000000e+01 24359.9781  2416.099    2323.1461
[58,]   58 1e-06 1.650798e+00  4221.0331  2416.033    2497.3532
[59,]   59 1e-06 2.732269e-01   774.4271  2415.583    2481.7260
[60,]   60 1e-06 4.776560e-02   228.1190  2413.012    2227.5336
[61,]   61 1e-06 1.025261e-02   155.8434  2399.718    1079.3035
[62,]   62 1e-06 3.252521e-03   154.7130  3892.283     178.3714
[63,]   63 1e-06 8.086310e-04   152.3914 12287.018     983.6714
[64,]   64 1e-06 2.893178e-04   151.7175 13597.391    1508.5062
[65,]   65 1e-06 1.828384e-04   151.5671  8680.146    -219.3997
[66,]   66 1e-06 1.591685e-04   151.5511  7038.751   -2320.8616
[67,]   67 1e-06 1.532219e-04   151.5496  6616.258   -3143.9974
[68,]   68 1e-06 1.519016e-04   151.5495  6522.658   -3331.4330
[69,]   69 1e-06 1.516261e-04   151.5494  6503.148   -3370.4679
[70,]   70 1e-06 1.515694e-04   151.5494  6499.133   -3378.4987
[71,]   71 1e-06 1.515578e-04   151.5494  6498.308   -3380.1472
[72,]   72 1e-06 1.515554e-04   151.5494  6498.139   -3380.4855
[73,]   73 1e-06 1.515549e-04   151.5494  6498.104   -3380.5549
[74,]   74 1e-06 1.515548e-04   151.5494  6498.097   -3380.5691
[75,]   75 1e-06 1.515547e-04   151.5494  6498.096   -3380.5721
[76,]   76 1e-06 1.515547e-04   151.5494  6498.095   -3380.5727

