[22;0t]0;IPython: scripts/01_msprime_simulations$par
[1] 0.0002848784 0.6301405397

$value
[1] -19119.9

$counts
function gradient 
      29       29 

$convergence
[1] 0

$message
[1] "CONVERGENCE: REL_REDUCTION_OF_F <= FACTR*EPSMCH"

$loginfo
      step         par1       par2       fn           gr1           gr2
 [1,]    1 0.1000000000  0.0100000 21283.51    6384.39182 -2.983715e+05
 [2,]    2 0.0000010000 10.0000000 30473.03    2416.09854  1.812773e+03
 [3,]    3 0.0667721100  3.3294994 20125.90    2404.36090  1.002768e+03
 [4,]    4 0.0400786650  3.3182926 20050.47    2407.91859  9.979139e+02
 [5,]    5 0.0000010000  3.3014666 19937.08    2416.04722  9.907621e+02
 [6,]    6 0.0000010000  3.2904805 19926.22    2416.04621  9.861879e+02
 [7,]    7 0.0000010000  0.9219304 19505.07 -306569.55874  1.984478e+03
 [8,]    8 0.0000010000  0.0000010 59137.37  124637.80285 -2.191506e+08
 [9,]    9 0.0000010000  0.6045113 19133.22  -85165.91187 -3.184550e+02
[10,]   10 0.0239813452  0.0000010 61244.73   56660.66535 -2.192169e+08
[11,]   11 0.0082441393  0.3967135 19191.96    8326.63419  4.777556e+02
[12,]   12 0.0022704258  0.5473023 19168.05    2801.63834 -7.963284e+02
[13,]   13 0.0006127205  0.5890907 19131.10    3440.70584 -5.198923e+02
[14,]   14 0.0026639908  1.5416349 19251.62    1344.35046 -5.885409e+02
[15,]   15 0.0009253536  0.7342675 19179.79    4267.24438  1.047203e+03
[16,]   16 0.0006996325  0.6294499 19121.01    4082.67743 -7.688490e+00
[17,]   17 0.0006669688  0.6294039 19120.88    3945.41702 -8.315845e+00
[18,]   18 0.0005363141  0.6292198 19120.40    3217.09777 -1.079446e+01
[19,]   19 0.0000010000  0.6300966 19129.20  -85207.71775 -7.998731e-01
[20,]   20 0.0003941957  0.6294526 19120.02    1830.37747 -8.264051e+00
[21,]   21 0.0002064836  0.6301440 19119.99   -3518.63760 -2.331281e-01
[22,]   22 0.0003292535  0.6296918 19119.92     757.51004 -5.499284e+00
[23,]   23 0.0002833275  0.6301393 19119.90    -337.38346 -2.192973e-01
[24,]   24 0.0002974420  0.6301502 19119.90      40.11932 -7.494449e-02
[25,]   25 0.0002859268  0.6301413 19119.90    -264.65608 -1.927688e-01
[26,]   26 0.0002838983  0.6301398 19119.90    -321.28186 -2.134750e-01
[27,]   27 0.0002852371  0.6301408 19119.90    -283.80513 -1.998073e-01
[28,]   28 0.0002841820  0.6301400 19119.90    -313.30565 -2.105793e-01
[29,]   29 0.0002848784  0.6301405 19119.90    -293.80716 -2.034692e-01

