[22;0t]0;IPython: scripts/01_msprime_simulations$par
[1] 0.604233625 0.005017179

$value
[1] -3143.911

$counts
function gradient 
      24       24 

$convergence
[1] 0

$message
[1] "CONVERGENCE: REL_REDUCTION_OF_F <= FACTR*EPSMCH"

$loginfo
      step       par1        par2       fn           gr1           gr2
 [1,]    1 0.10000000 0.010000000 3248.372  4.397582e+01  2.716791e+04
 [2,]    2 0.00000100 0.000001000 6209.225  1.227102e+05 -2.263082e+07
 [3,]    3 0.06502046 0.006502361 3167.572 -1.425902e+02  1.726059e+04
 [4,]    4 0.03200292 0.001533948 3324.028  1.052623e+03 -1.866732e+05
 [5,]    5 0.05451793 0.004921961 3151.683 -1.411676e+02  2.898646e+03
 [6,]    6 0.05496000 0.004706268 3151.336 -1.233798e+02 -3.240400e+02
 [7,]    7 0.05713070 0.004723012 3151.071 -1.175657e+02 -2.322023e+02
 [8,]    8 0.06581350 0.004789990 3150.137 -9.837772e+01  2.171343e+02
 [9,]    9 0.10435250 0.004948921 3147.537 -4.936264e+01  1.030987e+03
[10,]   10 0.13931091 0.004979690 3146.246 -2.847996e+01  7.209768e+02
[11,]   11 0.18623780 0.005000752 3145.278 -1.509418e+01  4.706671e+02
[12,]   12 0.23861459 0.005011514 3144.695 -8.205251e+00  3.118939e+02
[13,]   13 0.26814236 0.003607037 3165.742  5.693271e+00 -3.481028e+04
[14,]   14 0.23916668 0.004985254 3144.688 -8.035022e+00 -1.350405e+02
[15,]   15 0.30151501 0.005007010 3144.316 -4.301375e+00  3.225609e+01
[16,]   16 0.37263129 0.005018717 3144.095 -2.201234e+00  1.258559e+02
[17,]   17 0.44650973 0.005017809 3143.979 -1.054155e+00  5.437475e+01
[18,]   18 0.51443591 0.005017640 3143.929 -4.527056e-01  2.512977e+01
[19,]   19 0.56555527 0.005017329 3143.914 -1.607520e-01  8.232512e+00
[20,]   20 0.59683486 0.005071307 3143.938 -3.119082e-02  9.830172e+02
[21,]   21 0.56789783 0.005021371 3143.914 -1.503985e-01  8.171305e+01
[22,]   22 0.59469387 0.005017895 3143.911 -3.591003e-02  1.430043e+01
[23,]   23 0.60311019 0.005017177 3143.911 -4.218978e-03  9.634207e-02
[24,]   24 0.60423363 0.005017179 3143.911 -1.393278e-04 -2.126965e-03

