[22;0t]0;IPython: scripts/01_msprime_simulations$par
[1] 4.100965e-02 6.750495e-05

$value
[1] -105.7148

$counts
function gradient 
      68       68 

$convergence
[1] 52

$message
[1] "ERROR: ABNORMAL_TERMINATION_IN_LNSRCH"

$loginfo
      step        par1         par2         fn           gr1          gr2
 [1,]    1  0.10000000 1.000000e-02   346.8076  2.232978e+03    2953.2234
 [2,]    2  0.00000100 1.000000e-06   130.7413  3.923840e+04 -243661.8548
 [3,]    3  0.00000100 1.000000e+01 24353.5324  2.416099e+03    2323.6842
 [4,]    4  0.00000100 3.283818e+00  8262.3117  2.416074e+03    2467.6906
 [5,]    5  0.00000100 1.078192e+00  2770.6928  2.415986e+03    2509.7509
 [6,]    6  0.00000100 3.541182e-01   952.1211  2.415707e+03    2506.6551
 [7,]    7  0.00000100 1.164264e-01   360.1019  2.414850e+03    2454.2133
 [8,]    8  0.00000100 3.838318e-02   172.8936  2.412253e+03    2281.2839
 [9,]    9  0.00000100 1.273999e-02   118.7349  2.404453e+03    1757.4320
[10,]   10  0.00000100 1.264876e-02   118.5748  2.404369e+03    1751.7728
[11,]   11  0.00000100 1.228387e-02   117.9398  2.404019e+03    1728.2948
[12,]   12  0.00000100 1.082430e-02   115.4940  2.402383e+03    1618.5473
[13,]   13  0.00000100 4.986025e-03   108.4018  2.384919e+03     536.6827
[14,]   14  0.00000100 1.577121e-03   108.2489  6.244023e+03    1366.4305
[15,]   15  0.00000100 1.000000e-06   130.7413  3.923840e+04 -243661.8548
[16,]   16  0.00000100 1.053047e-03   107.7668  7.439747e+03     715.4802
[17,]   17  0.00000100 4.770202e-04   107.1258  1.061287e+04    1624.0728
[18,]   18  0.00000100 1.000000e-06   130.7413  3.923840e+04 -243661.8548
[19,]   19  0.00000100 3.694289e-04   106.9368  1.030424e+04    1924.3924
[20,]   20  0.00000100 1.852145e-04   106.5297  3.447603e+03    1896.1589
[21,]   21  0.00000100 6.777880e-05   106.4463 -7.656810e+03     420.3029
[22,]   22 10.00000000 1.000000e-06   141.2508 -7.469225e-07 -361514.3482
[23,]   23  3.33083119 4.553591e-05   107.5201 -2.808425e-04  -16200.6833
[24,]   24  1.11019206 6.036507e-05   106.1863 -3.143261e-03    2276.9470
[25,]   25  0.36953215 6.531111e-05   105.8977 -5.149420e-04    7084.3321
[26,]   26  0.12304071 6.695715e-05   105.7982  2.499760e-01    8468.7162
[27,]   27  0.04100965 6.750495e-05   105.7148  1.981788e+00    8568.9270
[28,]   28  0.04106980 1.000000e-06   141.1001  3.937970e+00 -360576.9787
[29,]   29  0.04100986 6.727688e-05   105.7257  1.984796e+00    8372.0110
[30,]   30  0.04100966 6.749901e-05   105.7151  1.981866e+00    8563.8121
[31,]   31  0.04100965 6.750479e-05   105.7148  1.981790e+00    8568.7934
[32,]   32  0.04100965 6.750494e-05   105.7148  1.981789e+00    8568.9236
[33,]   33  0.04100965 6.750495e-05   105.7148  1.981788e+00    8568.9270
[34,]   34  0.04100965 6.750495e-05   105.7148  1.981788e+00    8568.9270
[35,]   35  0.04100965 6.750495e-05   105.7148  1.981788e+00    8568.9270
[36,]   36  0.04100965 6.750495e-05   105.7148  1.981788e+00    8568.9270
[37,]   37  0.04100965 6.750495e-05   105.7148  1.981788e+00    8568.9270
[38,]   38  0.04100965 6.750495e-05   105.7148  1.981788e+00    8568.9270
[39,]   39  0.04100965 6.750495e-05   105.7148  1.981788e+00    8568.9270
[40,]   40  0.04100965 6.750495e-05   105.7148  1.981788e+00    8568.9270
[41,]   41  0.04100965 6.750495e-05   105.7148  1.981788e+00    8568.9270
[42,]   42  0.04100965 6.750495e-05   105.7148  1.981788e+00    8568.9270
[43,]   43  0.04100965 6.750495e-05   105.7148  1.981788e+00    8568.9270
[44,]   44  0.04100965 6.750495e-05   105.7148  1.981788e+00    8568.9270
[45,]   45  0.04100965 6.750495e-05   105.7148  1.981788e+00    8568.9270
[46,]   46  0.04100965 6.750495e-05   105.7148  1.981788e+00    8568.9270
[47,]   47  0.04100965 6.750495e-05   105.7148  1.981788e+00    8568.9270
[48,]   48  0.00000100 1.000000e-06   130.7413  3.923840e+04 -243661.8548
[49,]   49  0.04100165 6.749197e-05   105.7154  1.982730e+00    8557.6387
[50,]   50  0.04100942 6.750456e-05   105.7149  1.981816e+00    8568.5888
[51,]   51  0.04100965 6.750493e-05   105.7148  1.981789e+00    8568.9169
[52,]   52  0.04100965 6.750495e-05   105.7148  1.981788e+00    8568.9267
[53,]   53  0.04100965 6.750495e-05   105.7148  1.981788e+00    8568.9270
[54,]   54  0.04100965 6.750495e-05   105.7148  1.981788e+00    8568.9270
[55,]   55  0.04100965 6.750495e-05   105.7148  1.981788e+00    8568.9270
[56,]   56  0.04100965 6.750495e-05   105.7148  1.981788e+00    8568.9270
[57,]   57  0.04100965 6.750495e-05   105.7148  1.981788e+00    8568.9270
[58,]   58  0.04100965 6.750495e-05   105.7148  1.981788e+00    8568.9270
[59,]   59  0.04100965 6.750495e-05   105.7148  1.981788e+00    8568.9270
[60,]   60  0.04100965 6.750495e-05   105.7148  1.981788e+00    8568.9270
[61,]   61  0.04100965 6.750495e-05   105.7148  1.981788e+00    8568.9270
[62,]   62  0.04100965 6.750495e-05   105.7148  1.981788e+00    8568.9270
[63,]   63  0.04100965 6.750495e-05   105.7148  1.981788e+00    8568.9270

