[22;0t]0;IPython: scripts/01_msprime_simulations$par
[1] 0.01021388 0.65009787

$value
[1] -52857.73

$counts
function gradient 
      34       34 

$convergence
[1] 0

$message
[1] "CONVERGENCE: REL_REDUCTION_OF_F <= FACTR*EPSMCH"

$loginfo
      step        par1       par2        fn           gr1           gr2
 [1,]    1 0.100000000  0.0100000 121082.28  6.803709e+04 -3.100109e+06
 [2,]    2 0.000001000 10.0000000  57007.55 -5.901673e+06  5.301688e+02
 [3,]    3 2.303611647 10.0000000  61649.86  2.236672e+03  2.093940e+02
 [4,]    4 0.767492540 10.0000000  57666.10  2.994038e+03  3.198435e+02
 [5,]    5 0.255822018 10.0000000  56087.18  3.023208e+03  4.417818e+02
 [6,]    6 0.085272570 10.0000000  55638.78  1.700244e+03  5.036352e+02
 [7,]    7 0.085248003  9.9983820  55637.92  1.700281e+03  5.036402e+02
 [8,]    8 0.085149737  9.9919101  55634.50  1.700415e+03  5.036583e+02
 [9,]    9 0.084756672  9.9660226  55620.79  1.700777e+03  5.037145e+02
[10,]   10 0.083184415  9.8624723  55565.94  1.700488e+03  5.042836e+02
[11,]   11 0.076895384  9.4482713  55344.26  1.664042e+03  5.126386e+02
[12,]   12 0.051739260  7.7914671  54556.90  7.350633e+02  4.343454e+02
[13,]   13 0.000001000  4.3772806  55121.92 -6.781898e+06  3.413274e+02
[14,]   14 0.025108967  6.0341450  53986.71 -2.994949e+03  2.706148e+02
[15,]   15 0.000001000  4.3608839  55116.30 -6.777119e+06  3.441625e+02
[16,]   16 0.015228271  5.3756694  53868.48 -8.340458e+03  2.313405e+02
[17,]   17 0.006522630  4.7802037  53867.30 -2.555971e+04  2.818976e+02
[18,]   18 0.010427590  5.0291727  53849.36 -1.436768e+04  1.983214e+02
[19,]   19 0.009425053  4.8144016  53817.38 -1.624329e+04  2.552195e+02
[20,]   20 0.005414906  3.9553172  53636.78 -3.087041e+04  2.387617e+02
[21,]   21 0.000001000  1.1930307  54470.41 -7.164124e+06  3.197311e+02
[22,]   22 0.003155477  2.8025100  53573.19 -5.734894e+04  2.153380e+02
[23,]   23 0.007492478  0.0000010 420675.98  1.198888e+05 -1.558145e+09
[24,]   24 0.004603534  1.8667962  53238.21 -3.586357e+04  2.200839e+02
[25,]   25 0.006048006  0.9333986  52933.93 -1.970385e+04  1.708348e+02
[26,]   26 0.007565798  0.0000010 420684.77  1.198368e+05 -1.558145e+09
[27,]   27 0.006554004  0.6222247  52876.89 -1.173053e+04 -7.525481e+01
[28,]   28 0.009169061  0.7779907  52879.22 -4.994640e+03  1.491957e+02
[29,]   29 0.007433979  0.6746405  52870.27 -8.621635e+03  1.417552e+02
[30,]   30 0.010543723  0.6308118  52858.86  9.788704e+02 -9.981633e+01
[31,]   31 0.010280253  0.6510518  52857.74  1.215772e+02  3.242550e+00
[32,]   32 0.010236193  0.6503593  52857.73  4.212970e+01  8.246502e-01
[33,]   33 0.010213775  0.6500920  52857.73 -9.767620e-02 -2.643821e-02
[34,]   34 0.010213876  0.6500979  52857.73  1.050958e-02 -7.747440e-04

