[22;0t]0;IPython: scripts/01_msprime_simulations$par
[1] 0.0004371375 0.0005106674

$value
[1] -461.5519

$counts
function gradient 
      35       35 

$convergence
[1] 0

$message
[1] "CONVERGENCE: REL_REDUCTION_OF_F <= FACTR*EPSMCH"

$loginfo
      step         par1         par2       fn          gr1           gr2
 [1,]    1 0.1000000000 0.0100000000 686.8646   1876.63628  4.959297e+03
 [2,]    2 0.0000010000 0.0000010000 696.5985  88955.37493 -2.189735e+06
 [3,]    3 0.0428306290 0.0042835774 546.2058   1341.12543  1.204311e+04
 [4,]    4 0.0152450681 0.0015252696 480.4472    578.56812  1.405520e+04
 [5,]    5 0.0000010000 0.0000010000 696.5985  88955.37493 -2.189735e+06
 [6,]    6 0.0104313748 0.0010439436 471.5696    400.58264  1.241416e+04
 [7,]    7 0.0000010000 0.0000010000 696.5985  88955.37493 -2.189735e+06
 [8,]    8 0.0076502054 0.0007658517 467.7058    376.80991  5.973881e+03
 [9,]    9 0.0000010000 0.0000010000 696.5985  88955.37493 -2.189735e+06
[10,]   10 0.0061319271 0.0006140375 466.7065    460.76582 -2.960408e+03
[11,]   11 0.0050027022 0.0005754285 466.2602    593.80345 -6.035688e+03
[12,]   12 0.0004858028 0.0004209925 461.8544   1533.06460 -9.566497e+03
[13,]   13 0.0000010000 0.0004044167 471.7191 -90368.42094  0.000000e+00
[14,]   14 0.0004858028 0.0004209925 461.8544   1533.06460 -9.566497e+03
[15,]   15 0.0000010000 0.0004696736 471.9956 -92192.05037  4.441744e+03
[16,]   16 0.0003788587 0.0004317312 461.6695    397.66412 -6.195540e+03
[17,]   17 0.0011338499 0.0007183789 462.8258   1103.89093  5.313814e+03
[18,]   18 0.0005324597 0.0004900489 461.6073    863.01757 -2.619408e+03
[19,]   19 0.0004612986 0.0005049569 461.5532    223.33923 -7.042479e+02
[20,]   20 0.0004371375 0.0005106674 461.5519    -47.93205 -6.711825e+01
[21,]   21 0.0004446861 0.0005126653 461.5539      2.37812 -1.796064e+01
[22,]   22 0.0004374173 0.0005107415 461.5520    -46.02363 -6.530756e+01
[23,]   23 0.0004371481 0.0005106702 461.5519    -47.85942 -6.704942e+01
[24,]   24 0.0004371379 0.0005106675 461.5519    -47.92928 -6.711563e+01
[25,]   25 0.0004371375 0.0005106674 461.5519    -47.93194 -6.711815e+01
[26,]   26 0.0004371375 0.0005106674 461.5519    -47.93204 -6.711825e+01
[27,]   27 0.0004371375 0.0005106674 461.5519    -47.93205 -6.711825e+01
[28,]   28 0.0004371375 0.0005106674 461.5519    -47.93205 -6.711825e+01
[29,]   29 0.0004371375 0.0005106674 461.5519    -47.93205 -6.711825e+01
[30,]   30 0.0004371375 0.0005106674 461.5519    -47.93205 -6.711825e+01
[31,]   31 0.0004371375 0.0005106674 461.5519    -47.93205 -6.711825e+01
[32,]   32 0.0004371375 0.0005106674 461.5519    -47.93205 -6.711825e+01
[33,]   33 0.0004371375 0.0005106674 461.5519    -47.93205 -6.711825e+01
[34,]   34 0.0004371375 0.0005106674 461.5519    -47.93205 -6.711825e+01
[35,]   35 0.0004371375 0.0005106674 461.5519    -47.93205 -6.711825e+01

