[22;0t]0;IPython: scripts/01_msprime_simulations$par
[1] 1.000000e-05 3.037211e-05

$value
[1] -62.72767

$counts
function gradient 
      52       52 

$convergence
[1] 0

$message
[1] "CONVERGENCE: REL_REDUCTION_OF_F <= FACTR*EPSMCH"

$loginfo
      step  par1         par2         fn        gr1       gr2
 [1,]    1 1e-01 1.000000e-02  312.80291  2252.6619  3024.208
 [2,]    2 1e-05 1.000000e-05   64.47960 14084.4809 -6183.536
 [3,]    3 1e-05 1.000000e+00 2559.77779  2415.5165  2514.773
 [4,]    4 1e-05 2.119942e-01  575.89727  2412.6109  2509.741
 [5,]    5 1e-05 4.568980e-02  162.71442  2399.0011  2410.372
 [6,]    6 1e-05 1.034243e-02   81.77177  2332.3788  1962.411
 [7,]    7 1e-05 2.535135e-03   70.34193  1400.3177   214.737
 [8,]    8 1e-05 4.963966e-04   67.21819  1888.1020  4965.993
 [9,]    9 1e-05 7.957378e-05   63.34186 -3878.7746 14934.159
[10,]   10 1e-05 3.037211e-05   62.72767   355.6825 14498.693
[11,]   11 1e-05 1.692652e-05   63.26133  7658.7801  7105.537
[12,]   12 1e-05 2.971236e-05   62.73361   590.0435 14341.115
[13,]   13 1e-05 3.037211e-05   62.72767   355.6825 14498.693
[14,]   14 1e-05 1.609082e-05   63.34717  8327.5144  6115.351
[15,]   15 1e-05 2.971624e-05   62.73358   588.6373 14342.075
[16,]   16 1e-05 3.029562e-05   62.72830   382.3422 14481.020
[17,]   17 1e-05 3.036286e-05   62.72774   358.8972 14496.565
[18,]   18 1e-05 3.037099e-05   62.72768   356.0725 14498.435
[19,]   19 1e-05 3.037197e-05   62.72767   355.7298 14498.662
[20,]   20 1e-05 3.037209e-05   62.72767   355.6883 14498.689
[21,]   21 1e-05 3.037211e-05   62.72767   355.6832 14498.693
[22,]   22 1e-05 3.037211e-05   62.72767   355.6826 14498.693
[23,]   23 1e-05 3.037211e-05   62.72767   355.6825 14498.693
[24,]   24 1e-05 3.037211e-05   62.72767   355.6825 14498.693
[25,]   25 1e-05 3.037211e-05   62.72767   355.6825 14498.693
[26,]   26 1e-05 3.037211e-05   62.72767   355.6825 14498.693
[27,]   27 1e-05 3.037211e-05   62.72767   355.6825 14498.693
[28,]   28 1e-05 3.037211e-05   62.72767   355.6825 14498.693
[29,]   29 1e-05 3.037211e-05   62.72767   355.6825 14498.693
[30,]   30 1e-05 3.037211e-05   62.72767   355.6825 14498.693
[31,]   31 1e-05 3.037211e-05   62.72767   355.6825 14498.693
[32,]   32 1e-05 3.037211e-05   62.72767   355.6825 14498.693
[33,]   33 1e-05 3.037211e-05   62.72767   355.6825 14498.693
[34,]   34 1e-05 1.000000e-05   64.47960 14084.4809 -6183.536
[35,]   35 1e-05 2.983240e-05   62.73245   546.6540 14370.666
[36,]   36 1e-05 3.030872e-05   62.72819   377.7684 14484.057
[37,]   37 1e-05 3.036444e-05   62.72773   358.3488 14496.928
[38,]   38 1e-05 3.037118e-05   62.72768   356.0060 14498.479
[39,]   39 1e-05 3.037199e-05   62.72767   355.7218 14498.667
[40,]   40 1e-05 3.037209e-05   62.72767   355.6873 14498.690
[41,]   41 1e-05 3.037211e-05   62.72767   355.6831 14498.693
[42,]   42 1e-05 3.037211e-05   62.72767   355.6826 14498.693
[43,]   43 1e-05 3.037211e-05   62.72767   355.6825 14498.693
[44,]   44 1e-05 3.037211e-05   62.72767   355.6825 14498.693
[45,]   45 1e-05 3.037211e-05   62.72767   355.6825 14498.693
[46,]   46 1e-05 3.037211e-05   62.72767   355.6825 14498.693
[47,]   47 1e-05 3.037211e-05   62.72767   355.6825 14498.693
[48,]   48 1e-05 3.037211e-05   62.72767   355.6825 14498.693
[49,]   49 1e-05 3.037211e-05   62.72767   355.6825 14498.693
[50,]   50 1e-05 3.037211e-05   62.72767   355.6825 14498.693
[51,]   51 1e-05 3.037211e-05   62.72767   355.6825 14498.693
[52,]   52 1e-05 3.037211e-05   62.72767   355.6825 14498.693

