[22;0t]0;IPython: scripts/01_msprime_simulations$par
[1] 0.0006050595 0.1091322431

$value
[1] -15713.18

$counts
function gradient 
      46       46 

$convergence
[1] 0

$message
[1] "CONVERGENCE: REL_REDUCTION_OF_F <= FACTR*EPSMCH"

$loginfo
      step         par1        par2       fn           gr1           gr2
 [1,]    1 0.1000000000  0.01000000 18947.99  7.606351e+03 -2.755792e+05
 [2,]    2 0.0000010000 10.00000000 29918.71  2.411839e+03  1.859053e+03
 [3,]    3 0.0668206793  3.32464729 18804.85  2.556736e+03  1.474190e+03
 [4,]    4 0.0889242769  1.11647580 16416.41  3.643101e+03  3.970032e+02
 [5,]    5 0.0743131951  1.11482047 16362.48  3.645365e+03  4.067553e+02
 [6,]    6 0.0158688681  1.10819915 16153.97  3.039157e+03  4.262517e+02
 [7,]    7 0.0000010000  1.10415545 16190.77 -3.840590e+05  2.492749e+02
 [8,]    8 0.0083387276  1.10628020 16132.61  2.262811e+03  4.114367e+02
 [9,]    9 0.0000010000  1.10159093 16190.13 -3.850646e+05  2.493115e+02
[10,]   10 0.0050624118  1.10443755 16125.86  1.239154e+03  3.986543e+02
[11,]   11 0.0004464407  1.09901842 16136.18 -2.187396e+04  3.376104e+02
[12,]   12 0.0032680897  1.10233102 16123.88 -1.552660e+02  3.867638e+02
[13,]   13 0.0029156472  1.09857369 16122.58 -6.430244e+02  3.778798e+02
[14,]   14 0.0014696551  1.04365545 16104.90 -4.071256e+03  4.812870e+02
[15,]   15 0.0000010000  0.98787647 16138.76 -3.939990e+05  7.296465e+02
[16,]   16 0.0008811227  1.02130321 16097.13 -9.215578e+03  5.218710e+02
[17,]   17 0.0000010000  0.93626162 16100.45 -3.864458e+05  6.887187e+02
[18,]   18 0.0003997792  0.97479354 16079.34 -2.243110e+04  5.762720e+02
[19,]   19 0.0000010000  0.77742875 15947.80 -3.285187e+05  7.434681e+02
[20,]   20 0.0000010000  0.22699417 15797.00 -4.502846e+05  3.329501e+02
[21,]   21 0.0035341780  0.00000100 54188.37  9.921373e+04 -1.993208e+08
[22,]   22 0.0012144615  0.14903391 15727.15  7.119121e+03  4.750869e+02
[23,]   23 0.0012548619  0.00000100 53943.19  1.160567e+05 -1.993072e+08
[24,]   24 0.0012279295  0.09935176 15720.17  1.109176e+04 -1.885582e+02
[25,]   25 0.0011980382  0.11351387 15717.56  9.932029e+03  2.610345e+02
[26,]   26 0.0012139130  0.10599260 15717.60  1.039696e+04 -2.863657e+02
[27,]   27 0.0012060187  0.10973279 15717.05  1.029919e+04  3.296135e+01
[28,]   28 0.0011766532  0.10910177 15716.75  1.007367e+04 -1.663102e+01
[29,]   29 0.0001805368  0.10787809 15719.08 -4.935252e+04 -2.248163e+02
[30,]   30 0.0006798051  0.10849142 15713.30  2.287485e+03 -6.104805e+01
[31,]   31 0.0005346523  0.10918742 15713.26 -2.729615e+03  5.018018e+00
[32,]   32 0.0006095890  0.10882810 15713.19  1.449996e+02 -2.843564e+01
[33,]   33 0.0006058043  0.10918521 15713.18  1.430888e+01  4.810273e+00
[34,]   34 0.0006050595  0.10913224 15713.18 -1.093349e+01 -6.001346e-02
[35,]   35 0.0006054443  0.10913257 15713.18  2.253265e+00 -3.273150e-02
[36,]   36 0.0006050635  0.10913225 15713.18 -1.079701e+01 -5.972945e-02
[37,]   37 0.0006050596  0.10913224 15713.18 -1.093206e+01 -6.001035e-02
[38,]   38 0.0006050595  0.10913224 15713.18 -1.093348e+01 -6.001319e-02
[39,]   39 0.0006050595  0.10913224 15713.18 -1.093347e+01 -6.001314e-02
[40,]   40 0.0006050596  0.10913224 15713.18 -1.093277e+01 -6.001123e-02
[41,]   41 0.0006050595  0.10913224 15713.18 -1.093347e+01 -6.001161e-02
[42,]   42 0.0006050595  0.10913224 15713.18 -1.093347e+01 -6.001126e-02
[43,]   43 0.0006050596  0.10913224 15713.18 -1.093312e+01 -6.001376e-02
[44,]   44 0.0006050595  0.10913224 15713.18 -1.093346e+01 -6.001084e-02
[45,]   45 0.0006050595  0.10913224 15713.18 -1.093347e+01 -6.001116e-02
[46,]   46 0.0006050595  0.10913224 15713.18 -1.093347e+01 -6.001126e-02

