[22;0t]0;IPython: scripts/01_msprime_simulations$par
[1] 0.026638871 0.001188638

$value
[1] -921.7749

$counts
function gradient 
      29       29 

$convergence
[1] 0

$message
[1] "CONVERGENCE: REL_REDUCTION_OF_F <= FACTR*EPSMCH"

$loginfo
      step       par1         par2        fn           gr1           gr2
 [1,]    1 0.10000000 0.0100000000 1134.2220  1.335012e+03  8.982572e+03
 [2,]    2 0.00000100 0.0000010000 1492.1553  1.170855e+05 -5.138809e+06
 [3,]    3 0.05741659 0.0057420420 1034.2367  7.729336e+02  1.764804e+04
 [4,]    4 0.02000632 0.0020013523  934.4412  5.440636e+00  2.299518e+04
 [5,]    5 0.00680281 0.0006811198  931.2010  3.104363e+02 -5.052422e+04
 [6,]    6 0.01568762 0.0015695205  925.8642 -7.822621e+01  1.630040e+04
 [7,]    7 0.00769734 0.0000010000 1619.2380  2.486065e+03 -5.385384e+06
 [8,]    8 0.01321965 0.0010850495  922.2180 -5.022112e+01 -4.600472e+03
 [9,]    9 0.01549936 0.0012006706  922.0094 -5.481351e+01  2.309031e+03
[10,]   10 0.01692716 0.0011810662  921.9082 -3.756896e+01  8.552148e+02
[11,]   11 0.02026537 0.0011722335  921.8175 -1.606335e+01 -3.017111e+02
[12,]   12 0.02309955 0.0011808712  921.7856 -7.215429e+00 -1.537424e+02
[13,]   13 0.02543505 0.0011883969  921.7762 -2.322276e+00  5.482578e+01
[14,]   14 0.02641658 0.0011893955  921.7751 -4.664185e-01  1.541492e+01
[15,]   15 0.02663887 0.0011886377  921.7749  2.158269e-02 -5.666808e+01
[16,]   16 0.02669479 0.0011896786  921.7751  1.795093e-02  5.483196e+00
[17,]   17 0.02664098 0.0011886771  921.7749  2.143821e-02 -5.431873e+01
[18,]   18 0.02663895 0.0011886393  921.7749  2.157698e-02 -5.657554e+01
[19,]   19 0.02663887 0.0011886378  921.7749  2.158245e-02 -5.666443e+01
[20,]   20 0.02663887 0.0011886377  921.7749  2.158267e-02 -5.666793e+01
[21,]   21 0.02663887 0.0011886377  921.7749  2.158265e-02 -5.666807e+01
[22,]   22 0.02663887 0.0011886377  921.7749  2.158269e-02 -5.666808e+01
[23,]   23 0.02663887 0.0011886377  921.7749  2.158269e-02 -5.666808e+01
[24,]   24 0.02663887 0.0011886377  921.7749  2.158270e-02 -5.666808e+01
[25,]   25 0.02663887 0.0011886377  921.7749  2.158267e-02 -5.666808e+01
[26,]   26 0.02663887 0.0011886377  921.7749  2.158270e-02 -5.666808e+01
[27,]   27 0.02663887 0.0011886377  921.7749  2.158267e-02 -5.666808e+01
[28,]   28 0.02663887 0.0011886377  921.7749  2.158269e-02 -5.666808e+01
[29,]   29 0.02663887 0.0011886377  921.7749  2.158270e-02 -5.666808e+01

