[22;0t]0;IPython: scripts/01_msprime_simulations$par
[1] 0.004187713 0.050311321

$value
[1] -16429.15

$counts
function gradient 
      34       34 

$convergence
[1] 0

$message
[1] "CONVERGENCE: REL_REDUCTION_OF_F <= FACTR*EPSMCH"

$loginfo
      step        par1        par2       fn           gr1           gr2
 [1,]    1 0.100000000  0.01000000 19382.91  8.012758e+03 -2.906952e+05
 [2,]    2 0.000001000 10.00000000 30042.46  2.416097e+03  1.848721e+03
 [3,]    3 0.066806256  3.32608820 19247.37  2.252220e+03  1.191231e+03
 [4,]    4 0.088926665  1.11623724 17287.92  3.208237e+03  5.100273e+02
 [5,]    5 0.076729462  1.11422050 17248.03  3.154175e+03  5.336094e+02
 [6,]    6 0.027940653  1.10615351 17105.06  2.148585e+03  6.146182e+02
 [7,]    7 0.000001000  1.09818917 17364.16 -1.406688e+06  4.331606e+02
 [8,]    8 0.017294025  1.10311864 17084.97  1.105288e+03  6.245335e+02
 [9,]    9 0.004133505  1.09632455 17096.64 -6.991959e+03  5.988616e+02
[10,]   10 0.011987286  1.10037904 17080.19 -8.826980e+01  6.237805e+02
[11,]   11 0.010950350  1.09661279 17078.12 -4.530864e+02  6.199496e+02
[12,]   12 0.006319957  1.05071768 17059.03 -3.595173e+03  5.612988e+02
[13,]   13 0.005211446  0.95471271 17011.52 -5.007964e+03  5.136774e+02
[14,]   14 0.009423729  0.00000100 55834.12  7.330693e+04 -2.038018e+08
[15,]   15 0.006628953  0.63343539 16809.88 -1.691797e+03  6.900086e+02
[16,]   16 0.008026341  0.31671819 16609.76  1.706583e+03  6.207341e+02
[17,]   17 0.008948617  0.10768485 16483.75  4.405172e+03  8.274069e+02
[18,]   18 0.009264788  0.03602487 16484.64  8.664707e+03 -5.974216e+03
[19,]   19 0.008948617  0.10768485 16483.75  4.405172e+03  8.274069e+02
[20,]   20 0.005334773  0.00000100 55509.77  8.581806e+04 -2.037851e+08
[21,]   21 0.007743729  0.07178209 16448.79  3.992548e+03  6.826551e+02
[22,]   22 0.000001000  0.00000100 54985.65  1.232785e+05 -2.037355e+08
[23,]   23 0.005165655  0.04788134 16430.98  2.592921e+03 -4.106622e+02
[24,]   24 0.000001000 10.00000000 30042.46  2.416097e+03  1.848721e+03
[25,]   25 0.004804159  0.74447215 16897.28 -4.750620e+03  7.202164e+02
[26,]   26 0.005127393  0.12161126 16484.41  2.831252e+01  7.224999e+02
[27,]   27 0.005161916  0.05508528 16430.97  1.831873e+03  3.398625e+02
[28,]   28 0.000001000  0.04659354 16753.08 -1.795028e+06  2.257411e+02
[29,]   29 0.003458942  0.05228322 16430.40 -2.896698e+03  2.579574e+02
[30,]   30 0.004324642  0.05370764 16429.68  5.922669e+01  3.007331e+02
[31,]   31 0.004132460  0.05055853 16429.16 -1.949435e+02  3.071723e+01
[32,]   32 0.004209356  0.05026666 16429.16  6.925152e+01 -6.940767e+00
[33,]   33 0.004187804  0.05031066 16429.15  3.489304e-01 -7.381859e-02
[34,]   34 0.004187713  0.05031132 16429.15  3.646746e-03  2.282031e-03

