[22;0t]0;IPython: scripts/01_msprime_simulations$par
[1] 0.00977894 0.09327438

$value
[1] -23021.76

$counts
function gradient 
      41       41 

$convergence
[1] 0

$message
[1] "CONVERGENCE: REL_REDUCTION_OF_F <= FACTR*EPSMCH"

$loginfo
      step        par1        par2       fn           gr1           gr2
 [1,]    1 0.100000000  0.01000000 29625.10  1.519171e+04 -5.271855e+05
 [2,]    2 0.000001000 10.00000000 33555.34  2.416041e+03  1.555434e+03
 [3,]    3 0.066668340  3.33986617 25185.89  1.965615e+03  9.414867e+02
 [4,]    4 0.054194296  3.33374171 25156.68  1.778259e+03  9.440482e+02
 [5,]    5 0.004298121  3.30924389 25125.63 -7.584293e+03  8.828677e+02
 [6,]    6 0.042285394  3.32789473 25131.53  1.494152e+03  9.447483e+02
 [7,]    7 0.000001000  3.29045482 25348.81 -1.171447e+06  7.817200e+02
 [8,]    8 0.024961550  3.31255566 25097.57  6.069737e+02  9.380617e+02
 [9,]    9 0.000001000  3.27314304 25335.34 -1.176217e+06  7.738493e+02
[10,]   10 0.015591752  3.29776078 25083.08 -6.383829e+02  9.251773e+02
[11,]   11 0.009741620  3.26509604 25061.71 -2.551830e+03  9.041578e+02
[12,]   12 0.003871062  3.10464739 24952.37 -1.022520e+04  8.496107e+02
[13,]   13 0.002766958  1.86133541 24065.27 -2.427328e+04  5.017493e+02
[14,]   14 0.024820369  0.00000100 90900.36  5.815186e+04 -3.295855e+08
[15,]   15 0.010235883  1.23094922 23628.93 -3.526525e+03  6.626087e+02
[16,]   16 0.020900788  0.00000100 90662.51  6.335297e+04 -3.295760e+08
[17,]   17 0.013823773  0.81683334 23386.46 -1.315854e+03  3.222224e+02
[18,]   18 0.017074965  0.43206095 23226.42  1.359158e+03  4.197947e+02
[19,]   19 0.020725721  0.00000100 90651.40  6.360602e+04 -3.295756e+08
[20,]   20 0.018293688  0.28782739 23159.16  2.553592e+03  6.339028e+02
[21,]   21 0.019913887  0.09607994 23050.77  4.384780e+03 -3.279319e+02
[22,]   22 0.019308813  0.16768925 23084.83  3.263142e+03  7.307965e+02
[23,]   23 0.019913887  0.09607994 23050.77  4.384780e+03 -3.279319e+02
[24,]   24 0.016578137  0.47144616 23243.99  1.069089e+03  4.830208e+02
[25,]   25 0.019543169  0.13779621 23063.65  3.423255e+03  6.652705e+02
[26,]   26 0.019840054  0.10438829 23049.78  4.059023e+03  1.191198e+02
[27,]   27 0.018800070  0.10208704 23045.39  3.971229e+03  6.079307e+01
[28,]   28 0.014640136  0.09288202 23031.12  3.260185e+03 -3.149572e+02
[29,]   29 0.002258779  0.08496175 23098.87 -3.895232e+04  1.290977e+02
[30,]   30 0.010328348  0.09012380 23022.37  7.807230e+02 -2.566761e+02
[31,]   31 0.009331659  0.09333390 23021.88 -5.237895e+02  3.377658e+01
[32,]   32 0.009893596  0.09368705 23021.77  9.713256e+01  1.840427e+01
[33,]   33 0.009784233  0.09324312 23021.76  7.774483e+00 -2.308623e+00
[34,]   34 0.009778940  0.09327438 23021.76 -1.108133e-01  2.345061e-02
[35,]   35 0.009779024  0.09327410 23021.76  2.572051e-04  5.378752e-05
[36,]   36 0.009778946  0.09327436 23021.76 -1.026590e-01  2.173236e-02
[37,]   37 0.009778940  0.09327438 23021.76 -1.101671e-01  2.331330e-02
[38,]   38 0.009778944  0.09327437 23021.76 -1.052101e-01  2.226967e-02
[39,]   39 0.009778941  0.09327438 23021.76 -1.097827e-01  2.323519e-02
[40,]   40 0.009778940  0.09327438 23021.76 -1.101463e-01  2.331024e-02
[41,]   41 0.009778940  0.09327438 23021.76 -1.101671e-01  2.331330e-02

