[22;0t]0;IPython: scripts/01_msprime_simulations$par
[1] 0.0005206879 0.0696089693

$value
[1] -12353.52

$counts
function gradient 
      50       50 

$convergence
[1] 0

$message
[1] "CONVERGENCE: REL_REDUCTION_OF_F <= FACTR*EPSMCH"

$loginfo
      step         par1        par2       fn           gr1           gr2
 [1,]    1 1.000000e-01  0.01000000 15904.86  8.055146e+03 -2.522643e+05
 [2,]    2 1.000000e-06 10.00000000 29138.78  2.416087e+03  1.924168e+03
 [3,]    3 6.688957e-02  3.31776498 17043.97  2.738210e+03  1.750012e+03
 [4,]    4 8.895565e-02  1.11334150 13713.36  3.697027e+03  1.066614e+03
 [5,]    5 7.282477e-02  1.10857971 13648.38  3.728950e+03  1.074253e+03
 [6,]    6 8.301241e-03  1.08953255 13388.75  3.013892e+03  1.149764e+03
 [7,]    7 1.000000e-06  1.07199634 13409.43 -3.671998e+05  1.207995e+03
 [8,]    8 4.140861e-03  1.08074277 13367.76  1.927634e+03  1.173353e+03
 [9,]    9 1.000000e-06  0.60884460 12877.97 -4.232272e+05  1.083711e+03
[10,]   10 2.850741e-03  0.93368346 13205.72  1.034932e+03  1.018559e+03
[11,]   11 1.000000e-06  0.00000100 46266.03  1.231789e+05 -1.713822e+08
[12,]   12 1.881044e-03  0.61597428 12823.89  2.355079e+02  1.087821e+03
[13,]   13 6.280808e-04  0.20545625 12384.10 -6.297513e+03  1.003087e+03
[14,]   14 2.142075e-04  0.06985578 12356.69 -3.352918e+04  9.722850e+01
[15,]   15 1.000000e+01  0.00000100 51319.43  1.089873e+01 -1.716734e+08
[16,]   16 5.538572e+00  0.03116688 15824.74  2.787824e+01 -2.321116e+04
[17,]   17 1.784816e+00  0.05738922 15232.67  6.798282e+02 -2.650678e+03
[18,]   18 5.483180e-01  0.06602694 13862.31  1.465443e+03 -9.755093e+03
[19,]   19 1.605260e-01  0.06873591 13124.58  2.624175e+03 -7.029590e+03
[20,]   20 4.322871e-02  0.06955530 12700.90  5.397313e+03 -3.925903e+03
[21,]   21 1.055532e-02  0.06978355 12468.86  1.004182e+04 -1.717785e+03
[22,]   22 2.549233e-03  0.06983947 12375.24  1.325760e+04 -4.910476e+02
[23,]   23 8.330978e-04  0.06985146 12354.87  7.277067e+03  5.798369e+00
[24,]   24 7.227314e-04  0.06985190 12354.15  5.423884e+03  2.909522e+01
[25,]   25 3.996615e-04  0.06984738 12353.86 -6.675945e+03  7.719830e+01
[26,]   26 5.778928e-04  0.06984987 12353.59  1.793185e+03  5.420472e+01
[27,]   27 5.063021e-04  0.06984621 12353.53 -8.390380e+02  6.380565e+01
[28,]   28 5.290316e-04  0.06984572 12353.53  7.992645e+01  6.053297e+01
[29,]   29 5.270820e-04  0.06984425 12353.53  4.651027e+00  6.046285e+01
[30,]   30 5.257804e-04  0.06984079 12353.53 -4.559481e+01  5.983347e+01
[31,]   31 5.230334e-04  0.06982557 12353.53 -1.514574e+02  5.663469e+01
[32,]   32 5.199110e-04  0.06978954 12353.52 -2.709870e+02  4.857566e+01
[33,]   33 5.175095e-04  0.06971300 12353.52 -3.588321e+02  3.095355e+01
[34,]   34 5.194382e-04  0.06961783 12353.52 -2.721680e+02  8.808580e+00
[35,]   35 5.250331e-04  0.06957817 12353.52 -4.683491e+01 -6.371357e-01
[36,]   36 5.206879e-04  0.06960897 12353.52 -2.213687e+02  6.684370e+00
[37,]   37 5.260921e-04  0.06958009 12353.52 -5.471530e+00 -2.816262e-01
[38,]   38 5.215924e-04  0.06960414 12353.52 -1.848959e+02  5.511340e+00
[39,]   39 5.208681e-04  0.06960801 12353.52 -2.140932e+02  6.450499e+00
[40,]   40 5.207250e-04  0.06960877 12353.52 -2.198702e+02  6.636207e+00
[41,]   41 5.206956e-04  0.06960893 12353.52 -2.210580e+02  6.674387e+00
[42,]   42 5.206895e-04  0.06960896 12353.52 -2.213042e+02  6.682297e+00
[43,]   43 5.206883e-04  0.06960897 12353.52 -2.213553e+02  6.683940e+00
[44,]   44 5.206880e-04  0.06960897 12353.52 -2.213659e+02  6.684280e+00
[45,]   45 5.206879e-04  0.06960897 12353.52 -2.213681e+02  6.684352e+00
[46,]   46 5.206879e-04  0.06960897 12353.52 -2.213686e+02  6.684367e+00
[47,]   47 5.206879e-04  0.06960897 12353.52 -2.213683e+02  6.684357e+00
[48,]   48 5.206879e-04  0.06960897 12353.52 -2.213685e+02  6.684365e+00
[49,]   49 5.206879e-04  0.06960897 12353.52 -2.213686e+02  6.684367e+00
[50,]   50 5.206879e-04  0.06960897 12353.52 -2.213686e+02  6.684367e+00

