[22;0t]0;IPython: scripts/01_msprime_simulations$par
[1] 0.0003236051 0.0011825710

$value
[1] -1207.638

$counts
function gradient 
      36       36 

$convergence
[1] 0

$message
[1] "CONVERGENCE: REL_REDUCTION_OF_F <= FACTR*EPSMCH"

$loginfo
      step         par1         par2       fn          gr1           gr2
 [1,]    1 1.000000e-01 0.0100000000 1409.599   1116.08129  1.396826e+04
 [2,]    2 1.000000e-06 0.0000010000 2045.080 117747.43280 -7.169542e+06
 [3,]    3 5.998028e-02 0.0059983883 1307.317    669.70100  1.923574e+04
 [4,]    4 2.089622e-02 0.0020903338 1216.808     34.75568  9.573345e+03
 [5,]    5 2.199747e-02 0.0000010000 2238.088    866.40376 -7.436645e+06
 [6,]    6 2.124066e-02 0.0014368486 1215.984     39.53808 -1.131175e+04
 [7,]    7 2.105378e-02 0.0017913974 1214.835     17.19855  2.974514e+03
 [8,]    8 2.058532e-02 0.0016583048 1214.689     18.69977 -1.265887e+03
 [9,]    9 1.962316e-02 0.0016956304 1214.654     16.87724  6.073210e+01
[10,]   10 1.796800e-02 0.0017038884 1214.630     15.73627  4.033103e+02
[11,]   11 4.085726e-03 0.0017239601 1213.178    529.65584  3.135972e+03
[12,]   12 1.000000e-06 0.0017298661 1217.199 -69839.43283  6.810788e+02
[13,]   13 2.391356e-03 0.0017264100 1211.920   1053.14078  3.339262e+03
[14,]   14 8.581699e-04 0.0017286267 1209.397   2386.69247  2.700331e+03
[15,]   15 1.000000e-06 0.0016581649 1217.150 -70914.40326  6.719240e+02
[16,]   16 5.771964e-04 0.0017055299 1208.677   2083.78859  2.369259e+03
[17,]   17 1.000000e-06 0.0003956060 1220.104   9579.86457 -6.401179e+04
[18,]   18 3.891069e-04 0.0012779275 1207.714    893.88555  4.572172e+02
[19,]   19 1.000000e-06 0.0012415331 1216.904 -76386.37312  3.968297e+02
[20,]   20 3.555406e-04 0.0012747799 1207.684    241.07388  5.836538e+02
[21,]   21 1.403198e-05 0.0000010000 2046.669 116425.65444 -7.169683e+06
[22,]   22 2.545043e-04 0.0008979284 1208.084    879.09006 -4.680857e+03
[23,]   23 3.282002e-04 0.0011728038 1207.640    116.24735 -1.762344e+02
[24,]   24 3.182742e-04 0.0011939023 1207.638   -333.80969  1.108612e+02
[25,]   25 3.236051e-04 0.0011825710 1207.638    -90.50921 -3.871632e+01
[26,]   26 3.293408e-04 0.0011909200 1207.640     23.90522  6.551346e+00
[27,]   27 3.238757e-04 0.0011829648 1207.638    -84.95178 -3.656998e+01
[28,]   28 3.236183e-04 0.0011825902 1207.638    -90.23753 -3.861151e+01
[29,]   29 3.236058e-04 0.0011825719 1207.638    -90.49592 -3.871119e+01
[30,]   30 3.236051e-04 0.0011825710 1207.638    -90.50856 -3.871607e+01
[31,]   31 3.236051e-04 0.0011825710 1207.638    -90.50918 -3.871631e+01
[32,]   32 3.236051e-04 0.0011825710 1207.638    -90.50921 -3.871632e+01
[33,]   33 3.236051e-04 0.0011825710 1207.638    -90.50921 -3.871632e+01
[34,]   34 3.236051e-04 0.0011825710 1207.638    -90.50921 -3.871632e+01
[35,]   35 3.236051e-04 0.0011825710 1207.638    -90.50921 -3.871632e+01

