[22;0t]0;IPython: scripts/01_msprime_simulations$par
[1] 0.112262114 0.004555007

$value
[1] -2871.8

$counts
function gradient 
      15       15 

$convergence
[1] 0

$message
[1] "CONVERGENCE: REL_REDUCTION_OF_F <= FACTR*EPSMCH"

$loginfo
      step       par1        par2       fn           gr1           gr2
 [1,]    1 0.10000000 0.010000000 2979.767  1.339543e+02  2.611206e+04
 [2,]    2 0.00000100 0.000001000 5600.140  1.213145e+05 -2.036932e+07
 [3,]    3 0.06477782 0.006478099 2895.837 -1.054094e+02  1.871055e+04
 [4,]    4 0.04807503 0.000001000 6121.450  1.144984e+03 -2.062957e+07
 [5,]    5 0.05920372 0.004316543 2873.847 -9.111420e+01 -2.154192e+03
 [6,]    6 0.06233406 0.004566200 2873.515 -9.392405e+01  1.699851e+03
 [7,]    7 0.06512685 0.004534411 2873.225 -8.183405e+01  1.068633e+03
 [8,]    8 0.08474664 0.004494308 2872.168 -3.039712e+01 -3.890444e+02
 [9,]    9 0.09726660 0.004537668 2871.892 -1.345089e+01 -1.783465e+01
[10,]   10 0.10681410 0.004557559 2871.812 -4.236334e+00  1.237857e+02
[11,]   11 0.11103681 0.004551018 2871.801 -8.141937e-01 -4.903846e+01
[12,]   12 0.11260923 0.004564117 2871.801  1.179541e-01  1.458632e+02
[13,]   13 0.11167053 0.004556297 2871.801 -4.334764e-01  2.947141e+01
[14,]   14 0.11224155 0.004555046 2871.800 -1.497780e-02  9.215081e-01
[15,]   15 0.11226211 0.004555007 2871.800 -1.672606e-04  5.166662e-03

