[22;0t]0;IPython: scripts/01_msprime_simulations$par
[1] 0.03977127 0.04945811

$value
[1] -14447.34

$counts
function gradient 
      31       31 

$convergence
[1] 0

$message
[1] "CONVERGENCE: REL_REDUCTION_OF_F <= FACTR*EPSMCH"

$loginfo
      step       par1        par2       fn           gr1           gr2
 [1,]    1 0.10000000  0.01000000 16555.01  6.231511e+03 -2.379499e+05
 [2,]    2 0.00000100 10.00000000 29168.43  2.416099e+03  1.921693e+03
 [3,]    3 0.06688590  3.31813201 17625.35  2.338486e+03  1.322951e+03
 [4,]    4 0.08896184  1.11272305 15586.97  2.067771e+03  5.856417e+02
 [5,]    5 0.07938529  1.10994421 15565.95  1.974481e+03  5.978611e+02
 [6,]    6 0.04107907  1.09882888 15495.06  1.194531e+03  6.582151e+02
 [7,]    7 0.00000100  1.08071966 15804.74 -1.330351e+06  4.724897e+02
 [8,]    8 0.02577904  1.09208388 15478.47  2.455640e+02  6.714938e+02
 [9,]    9 0.01692625  1.08344976 15475.32 -1.009170e+03  6.788512e+02
[10,]   10 0.01934589  1.07846387 15470.05 -5.594384e+02  6.813232e+02
[11,]   11 0.03032470  1.00286944 15419.45  7.002623e+02  6.922639e+02
[12,]   12 0.06938548  0.58592850 15217.40  2.797738e+03  6.030503e+02
[13,]   13 0.10874304  0.00000100 49570.26  8.922539e+03 -1.726618e+08
[14,]   14 0.08256937  0.38965596 15129.47  3.287118e+03  7.619069e+02
[15,]   15 0.09565621  0.19482848 14941.74  2.580321e+03  2.130633e+03
[16,]   16 0.10437173  0.06507784 14509.35  9.086977e+02  2.492825e+03
[17,]   17 0.10727677  0.02182966 15107.60  3.385069e+03 -6.231298e+04
[18,]   18 0.10437173  0.06507784 14509.35  9.086977e+02  2.492825e+03
[19,]   19 0.09266471  0.00000100 49412.99  1.073416e+04 -1.726541e+08
[20,]   20 0.10046718  0.04337328 14528.03  1.399719e+03 -6.979380e+03
[21,]   21 0.10271632  0.05587574 14494.53  1.000801e+03  1.326751e+02
[22,]   22 0.00000100  0.04612463 15203.10 -2.331951e+06  1.080109e+03
[23,]   23 0.06529441  0.05232315 14459.70  7.997880e+02 -1.808425e+02
[24,]   24 0.00000100  0.05458366 15208.83 -2.308594e+06  7.180042e+02
[25,]   25 0.04256961  0.05310990 14449.09  3.734773e+00  9.197430e+02
[26,]   26 0.03687900  0.04841352 14447.65 -1.565172e+02 -1.716288e+02
[27,]   27 0.04129138  0.04932029 14447.43  1.093777e+02 -1.358001e+02
[28,]   28 0.03988522  0.04972262 14447.35 -7.399205e+00  7.992140e+01
[29,]   29 0.03970282  0.04942659 14447.34 -2.953019e+00 -6.371712e+00
[30,]   30 0.03977708  0.04945852 14447.34  3.715594e-01 -1.807504e-01
[31,]   31 0.03977127  0.04945811 14447.34 -1.085878e-02  2.663125e-02

