[22;0t]0;IPython: scripts/01_msprime_simulations$par
[1] 0.006498949 0.725631258

$value
[1] -55968.43

$counts
function gradient 
      37       37 

$convergence
[1] 0

$message
[1] "CONVERGENCE: REL_REDUCTION_OF_F <= FACTR*EPSMCH"

$loginfo
      step        par1       par2        fn           gr1           gr2
 [1,]    1 0.100000000  0.0100000 142120.05  7.748950e+04 -3.726637e+06
 [2,]    2 0.000001000 10.0000000  58894.48 -5.374381e+06  2.906314e+02
 [3,]    3 2.768610286 10.0000000  65330.96  2.043379e+03  8.522459e+01
 [4,]    4 0.922248267 10.0000000  60719.67  3.078079e+03  7.063953e+01
 [5,]    5 0.307278465 10.0000000  58613.66  3.797536e+03  1.811684e+02
 [6,]    6 0.102344223 10.0000000  57849.74  3.287979e+03  2.416177e+02
 [7,]    7 0.102281643  9.9993521  57849.37  3.287404e+03  2.416566e+02
 [8,]    8 0.102031323  9.9967603  57847.92  3.285096e+03  2.418165e+02
 [9,]    9 0.101030045  9.9863931  57842.13  3.275689e+03  2.424483e+02
[10,]   10 0.097024930  9.9449245  57818.98  3.235114e+03  2.448452e+02
[11,]   11 0.081004470  9.7790501  57727.70  3.000001e+03  2.488728e+02
[12,]   12 0.016922632  9.1155525  57503.14 -4.288339e+03  2.105264e+02
[13,]   13 0.039752452  9.3455603  57532.15  1.027914e+03  2.218502e+02
[14,]   14 0.022618870  9.1729414  57498.09 -1.978812e+03  2.135113e+02
[15,]   15 0.022202305  9.1664635  57497.56 -2.107808e+03  2.132107e+02
[16,]   16 0.020536046  9.1405517  57496.02 -2.676024e+03  2.119532e+02
[17,]   17 0.018784719  9.0953942  57491.79 -3.382642e+03  2.095662e+02
[18,]   18 0.014420043  8.9046818  57472.39 -5.958618e+03  2.033671e+02
[19,]   19 0.010529352  8.4602871  57409.45 -9.749552e+03  2.117538e+02
[20,]   20 0.000001000  5.9402250  58066.56 -5.683776e+06  1.936005e+02
[21,]   21 0.006023692  7.3818141  57246.26 -1.946733e+04  1.466718e+02
[22,]   22 0.010158272  5.6816937  56841.54 -8.028908e+03  2.301571e+02
[23,]   23 0.023975773  0.0000010 501205.30  0.000000e+00 -1.849927e+09
[24,]   24 0.014774904  3.7833560  56400.30 -1.657473e+03  2.960692e+02
[25,]   25 0.020908427  1.2612798  56121.57  9.674838e+03  1.702120e+02
[26,]   26 0.020762416  0.0000010 500839.30  1.147268e+05 -1.849926e+09
[27,]   27 0.020859748  0.8407805  56107.38  1.320486e+04 -8.579087e+01
[28,]   28 0.008667288  0.8110644  55976.94  4.714236e+03  8.987460e+01
[29,]   29 0.000001000  0.7102834  57131.86 -6.444093e+06  2.337648e+02
[30,]   30 0.005751804  0.7771600  55972.09 -4.469799e+03  6.987527e+01
[31,]   31 0.007092225  0.6947606  55970.57  2.676817e+03 -6.242216e+01
[32,]   32 0.006653833  0.7370788  55968.58  3.765574e+02  1.893733e+01
[33,]   33 0.006456914  0.7236904  55968.43 -1.320807e+02 -4.501787e+00
[34,]   34 0.006504287  0.7263434  55968.43  7.458280e+00  1.793185e+00
[35,]   35 0.006499859  0.7256297  55968.43  3.340517e+00  1.220218e-02
[36,]   36 0.006477713  0.7256677  55968.43 -8.550502e+01  5.283344e-01
[37,]   37 0.006498949  0.7256313  55968.43 -2.967795e-01  3.339745e-02

