[22;0t]0;IPython: scripts/01_msprime_simulations$par
[1] 0.0043042681 0.0005742685

$value
[1] -508.4756

$counts
function gradient 
      24       24 

$convergence
[1] 0

$message
[1] "CONVERGENCE: REL_REDUCTION_OF_F <= FACTR*EPSMCH"

$loginfo
      step        par1         par2       fn           gr1           gr2
 [1,]    1 0.100000000 0.0100000000 732.6866  1.858829e+03  4.115521e+03
 [2,]    2 0.000001000 0.0000010000 752.3285  1.095603e+05 -2.369642e+06
 [3,]    3 0.043859329 0.0043864382 602.3465  1.177026e+03  1.285320e+04
 [4,]    4 0.015603728 0.0015611324 528.5902  2.205666e+02  2.501887e+04
 [5,]    5 0.006789847 0.0006798236 508.9991 -1.610580e+01  8.528550e+03
 [6,]    6 0.005451480 0.0000010000 818.7943  1.638889e+03 -2.629037e+06
 [7,]    7 0.006456998 0.0005110015 508.8426  7.536018e+01 -1.149447e+04
 [8,]    8 0.006647318 0.0006075326 508.5542  9.021185e+00  1.947712e+03
 [9,]    9 0.005904168 0.0005831040 508.5018  1.978784e+01 -4.173942e+02
[10,]   10 0.004819885 0.0005762616 508.4796  1.105825e+01 -3.768147e+02
[11,]   11 0.003721992 0.0005720179 508.4823 -3.205968e+01  3.224998e+02
[12,]   12 0.004304268 0.0005742685 508.4756 -2.802969e+00 -1.000255e+02
[13,]   13 0.004465605 0.0005764063 508.4775  9.661671e-01 -1.821177e+01
[14,]   14 0.004312438 0.0005743768 508.4756 -2.592002e+00 -9.610879e+01
[15,]   15 0.004304708 0.0005742744 508.4756 -2.791552e+00 -9.981523e+01
[16,]   16 0.004304292 0.0005742689 508.4756 -2.802352e+00 -1.000141e+02
[17,]   17 0.004304269 0.0005742686 508.4756 -2.802935e+00 -1.000249e+02
[18,]   18 0.004304268 0.0005742686 508.4756 -2.802967e+00 -1.000254e+02
[19,]   19 0.004304268 0.0005742685 508.4756 -2.802968e+00 -1.000255e+02
[20,]   20 0.004304268 0.0005742685 508.4756 -2.802969e+00 -1.000255e+02
[21,]   21 0.004304268 0.0005742685 508.4756 -2.802969e+00 -1.000255e+02
[22,]   22 0.004304268 0.0005742685 508.4756 -2.802969e+00 -1.000255e+02
[23,]   23 0.004304268 0.0005742685 508.4756 -2.802969e+00 -1.000255e+02
[24,]   24 0.004304268 0.0005742685 508.4756 -2.802969e+00 -1.000255e+02

