[22;0t]0;IPython: scripts/01_msprime_simulations$par
[1] 0.009951251 0.057147879

$value
[1] -17099.63

$counts
function gradient 
      28       28 

$convergence
[1] 0

$message
[1] "CONVERGENCE: REL_REDUCTION_OF_F <= FACTR*EPSMCH"

$loginfo
      step        par1        par2       fn           gr1           gr2
 [1,]    1 0.100000000  0.01000000 20455.13  9.138727e+03 -3.228453e+05
 [2,]    2 0.000001000 10.00000000 30443.38  2.416088e+03  1.815249e+03
 [3,]    3 0.066780421  3.32866914 19943.07  2.184156e+03  1.122227e+03
 [4,]    4 0.088913957  1.11750681 18130.30  3.141168e+03  6.832251e+02
 [5,]    5 0.078144674  1.11507598 18095.25  3.049514e+03  7.014925e+02
 [6,]    6 0.035067544  1.10535266 17973.76  1.945977e+03  7.803300e+02
 [7,]    7 0.000001000  1.09295034 18356.04 -1.743763e+06  5.136857e+02
 [8,]    8 0.021972210  1.10072111 17951.38  7.244343e+02  8.070429e+02
 [9,]    9 0.010978295  1.09304808 17950.69 -2.432346e+03  8.246868e+02
[10,]   10 0.017470068  1.09757891 17947.29 -1.037152e+02  8.158355e+02
[11,]   11 0.014870726  1.09120225 17943.19 -7.961058e+02  8.224925e+02
[12,]   12 0.009991737  1.06074295 17926.52 -3.044767e+03  8.357956e+02
[13,]   13 0.004707078  0.96444638 17880.13 -1.082576e+04  7.781353e+02
[14,]   14 0.004605028  0.67087745 17669.32 -1.038063e+04  6.084832e+02
[15,]   15 0.010174413  0.00000100 59717.25  6.951457e+04 -2.181669e+08
[16,]   16 0.006476217  0.44547792 17489.29 -5.727787e+03  6.028092e+02
[17,]   17 0.008325315  0.22273946 17302.31 -1.646840e+03  1.070301e+03
[18,]   18 0.009556968  0.07437717 17114.62 -8.258264e+02  1.385323e+03
[19,]   19 0.009967511  0.02492401 17353.61  1.339579e+04 -3.022985e+04
[20,]   20 0.009556968  0.07437717 17114.62 -8.258264e+02  1.385323e+03
[21,]   21 0.011362101  0.00000100 59798.23  6.688485e+04 -2.181709e+08
[22,]   22 0.010158189  0.04960529 17105.25  9.135935e+02 -1.631796e+03
[23,]   23 0.009833150  0.06299772 17101.91 -4.082957e+02  7.100514e+02
[24,]   24 0.010071262  0.05101241 17103.16  6.734620e+02 -1.242730e+03
[25,]   25 0.009943306  0.05745304 17099.63 -2.785201e+01  4.692184e+01
[26,]   26 0.009952689  0.05706146 17099.63  7.024589e+00 -1.345679e+01
[27,]   27 0.009951915  0.05714938 17099.63  8.395964e-03  1.801290e-01
[28,]   28 0.009951251  0.05714788 17099.63 -3.299712e-01 -2.233337e-03

