[22;0t]0;IPython: scripts/01_msprime_simulations$par
[1] 0.001236479 0.060395005

$value
[1] -21195.51

$counts
function gradient 
      38       38 

$convergence
[1] 0

$message
[1] "CONVERGENCE: REL_REDUCTION_OF_F <= FACTR*EPSMCH"

$loginfo
      step         par1        par2       fn           gr1           gr2
 [1,]    1 0.1000000000  0.01000000 25996.40  1.203461e+04 -4.220639e+05
 [2,]    2 0.0000010000 10.00000000 32169.53  2.416063e+03  1.671134e+03
 [3,]    3 0.0666994960  3.33675362 23193.57  2.341419e+03  7.912993e+02
 [4,]    4 0.0482086075  3.33028870 23145.84  2.261077e+03  7.874171e+02
 [5,]    5 0.0000010000  3.31343402 23092.58 -2.743980e+05  7.429331e+02
 [6,]    6 0.0477666705  3.33013419 23144.72  2.258427e+03  7.872992e+02
 [7,]    7 0.0238838353  3.32178410 23086.82  1.987231e+03  7.770204e+02
 [8,]    8 0.0000010000  3.29730428 23080.66 -2.744111e+05  7.346912e+02
 [9,]    9 0.0236433432  3.32153760 23086.15  1.981989e+03  7.768224e+02
[10,]   10 0.0118221716  3.30942094 23055.58  1.524106e+03  7.640787e+02
[11,]   11 0.0000010000  3.24800570 23045.07 -2.745052e+05  7.090720e+02
[12,]   12 0.0115871399  3.30819987 23054.29  1.506465e+03  7.637445e+02
[13,]   13 0.0057940700  3.27810278 23024.43  7.650711e+02  7.565346e+02
[14,]   14 0.0000010000  2.86131539 22792.36 -4.061109e+05  6.933362e+02
[15,]   15 0.0050168983  3.22218850 22981.68  3.878469e+02  7.551154e+02
[16,]   16 0.0025089492  3.04175194 22848.90 -3.058560e+03  7.415674e+02
[17,]   17 0.0007939956  2.91836814 22768.53 -1.532435e+04  7.541496e+02
[18,]   18 0.0040176093  0.00000100 75952.04  1.058106e+05 -2.799002e+08
[19,]   19 0.0019011777  1.91602598 21991.35 -1.172819e+04  8.393428e+02
[20,]   20 0.0033119890  0.63880552 21356.09 -2.471532e+03  2.179043e+02
[21,]   21 0.0036009324  0.00000100 75907.59  1.075692e+05 -2.798985e+08
[22,]   22 0.0034084588  0.42552717 21293.05  1.696290e+02  5.278741e+02
[23,]   23 0.0035046956  0.21276409 21240.00  4.527363e+03  1.300644e+02
[24,]   24 0.0015422750  0.00000100 75676.34  1.173855e+05 -2.798904e+08
[25,]   25 0.0028508253  0.14187232 21231.09  5.224323e+03  3.048162e+02
[26,]   26 0.0021965502  0.07093666 21202.65  8.443135e+03  4.178991e+01
[27,]   27 0.0000010000  0.05820838 21379.81 -1.267350e+06 -8.312582e+02
[28,]   28 0.0014660375  0.06670165 21197.74  2.105481e+03  3.093998e+02
[29,]   29 0.0000010000  0.03652569 21393.54 -1.240991e+06 -6.377000e+03
[30,]   30 0.0010159099  0.05743020 21196.88 -6.131941e+03 -4.871832e+02
[31,]   31 0.0013111855  0.06351210 21196.29  4.742285e+02  4.116797e+02
[32,]   32 0.0011775954  0.06076050 21195.57 -1.631105e+03  8.781750e+01
[33,]   33 0.0015325659  0.05454323 21199.03  6.080368e+03 -6.559828e+02
[34,]   34 0.0012100383  0.06019226 21195.52 -6.546340e+02 -3.499941e+01
[35,]   35 0.0012831530  0.06076257 21195.54  8.930730e+02  5.782100e+01
[36,]   36 0.0012357369  0.06039272 21195.51 -8.274697e+01 -1.243430e+00
[37,]   37 0.0012392515  0.06040356 21195.51 -2.755208e+00  1.162683e-02
[38,]   38 0.0012364788  0.06039501 21195.51 -6.581758e+01 -9.779043e-01

