[22;0t]0;IPython: scripts/01_msprime_simulations$par
[1] 0.006311153 0.054768890

$value
[1] -14259.9

$counts
function gradient 
      33       33 

$convergence
[1] 0

$message
[1] "CONVERGENCE: REL_REDUCTION_OF_F <= FACTR*EPSMCH"

$loginfo
      step        par1        par2       fn           gr1           gr2
 [1,]    1 0.100000000  0.01000000 16856.06  7.024443e+03 -2.476744e+05
 [2,]    2 0.000001000 10.00000000 29289.61  2.416096e+03  1.911576e+03
 [3,]    3 0.066873265  3.31939391 17733.71  2.205895e+03  1.463725e+03
 [4,]    4 0.088949274  1.11397860 15201.05  2.877214e+03  7.395252e+02
 [5,]    5 0.076143799  1.11060628 15162.12  2.805143e+03  7.487945e+02
 [6,]    6 0.024921900  1.09711699 15028.17  1.544111e+03  7.697838e+02
 [7,]    7 0.000001000  1.08479504 15292.65 -1.304024e+06  5.096108e+02
 [8,]    8 0.015730363  1.09257230 15014.87  4.229220e+02  7.613308e+02
 [9,]    9 0.009244082  1.08370378 15011.07 -1.673043e+03  7.466352e+02
[10,]   10 0.011313664  1.07638892 15003.15 -7.649907e+02  7.460255e+02
[11,]   11 0.019005532  0.98508933 14937.15  9.564599e+02  7.445135e+02
[12,]   12 0.053697515  0.39232549 14681.21  4.118065e+03  4.124404e+02
[13,]   13 0.060684211  0.15283978 14557.08  4.168440e+03  1.056110e+03
[14,]   14 0.065143091  0.00000100 50204.63  0.000000e+00 -1.769748e+08
[15,]   15 0.062172987  0.10180842 14496.81  3.597028e+03  1.424849e+03
[16,]   16 0.064149113  0.03407198 14672.83  4.488880e+03 -1.963568e+04
[17,]   17 0.062864980  0.07808872 14469.82  3.271226e+03  8.372143e+02
[18,]   18 0.063200119  0.06660103 14466.65  3.208221e+03 -2.471617e+02
[19,]   19 0.047162568  0.25699570 14575.67  4.674614e+03  6.737820e+02
[20,]   20 0.061341466  0.08866659 14476.07  3.427291e+03  1.244293e+03
[21,]   21 0.062808722  0.07124761 14465.59  3.226278e+03  3.016245e+02
[22,]   22 0.052572725  0.07133154 14431.30  3.482967e+03  2.747596e+02
[23,]   23 0.011628734  0.07166727 14273.87  2.842259e+03  5.378724e+02
[24,]   24 0.000001000  0.06685402 14668.18 -1.985409e+06  9.248900e+02
[25,]   25 0.007581998  0.06999214 14265.53  3.554862e+02  6.063579e+02
[26,]   26 0.006092408  0.05174029 14260.35  1.169451e+02 -3.258024e+02
[27,]   27 0.006275807  0.05788574 14260.32 -4.590468e+02  2.437064e+02
[28,]   28 0.006568038  0.05569934 14259.96  2.406551e+02  4.945354e+01
[29,]   29 0.006105484  0.05383863 14259.95 -1.839512e+02 -6.539833e+01
[30,]   30 0.006338701  0.05477679 14259.90  3.981439e+01 -3.143707e+00
[31,]   31 0.006308288  0.05477446 14259.90 -5.031288e+00  8.908852e-01
[32,]   32 0.006311153  0.05476889 14259.90  2.609297e-02 -4.558548e-02

