[22;0t]0;IPython: scripts/01_msprime_simulations$par
[1] 0.54866164 0.01011981

$value
[1] -5604.936

$counts
function gradient 
      18       18 

$convergence
[1] 0

$message
[1] "CONVERGENCE: REL_REDUCTION_OF_F <= FACTR*EPSMCH"

$loginfo
      step        par1        par2        fn           gr1           gr2
 [1,]    1  0.10000000 0.010000000  5620.257 -1.893480e+02  3.336710e+03
 [2,]    2 10.00000000 0.000001000 13851.451  4.737017e-01 -4.618913e+07
 [3,]    3  3.80114264 0.006261846  5706.870  9.889652e-01 -6.014875e+04
 [4,]    4  1.24535796 0.008843188  5614.703  2.550424e+00 -1.358560e+04
 [5,]    5  1.98641613 0.018348095  5807.780  9.425977e+00  4.000159e+04
 [6,]    6  1.35823401 0.010290951  5606.666  2.008424e+00  1.348428e+03
 [7,]    7  1.33361323 0.010144155  5606.514  2.030142e+00  3.630045e+01
 [8,]    8  1.31196561 0.010101642  5606.476  2.054735e+00 -3.506239e+02
 [9,]    9  1.22804855 0.010019875  5606.359  2.152615e+00 -1.099525e+03
[10,]   10  0.95275427 0.009862736  5606.010  2.417723e+00 -2.519443e+03
[11,]   11  0.02370078 0.009499348  5648.192 -7.658133e+02  5.267207e+03
[12,]   12  0.65703468 0.009747069  5605.675  1.853201e+00 -3.420694e+03
[13,]   13  0.38987445 0.009745350  5605.850 -5.933819e+00 -2.829489e+03
[14,]   14  0.54018826 0.009746317  5605.533  3.807473e-01 -3.258286e+03
[15,]   15  0.54781722 0.010074338  5604.945  3.508524e-02 -3.814038e+02
[16,]   16  0.54969168 0.010117958  5604.936  2.508783e-02 -1.583221e+01
[17,]   17  0.54780122 0.010119666  5604.936 -1.774069e-02  5.943709e-01
[18,]   18  0.54866164 0.010119806  5604.936  8.203506e-04  8.096403e-01

