[22;0t]0;IPython: scripts/01_msprime_simulations$par
[1] 0.000001000 0.003538312

$value
[1] -98.83454

$counts
function gradient 
      17       17 

$convergence
[1] 0

$message
[1] "CONVERGENCE: REL_REDUCTION_OF_F <= FACTR*EPSMCH"

$loginfo
      step  par1         par2          fn       gr1           gr2
 [1,]    1 1e-01  0.010000000   339.40320  2249.902  2.771576e+03
 [2,]    2 1e-06  0.000001000   118.30631 43080.575 -2.122508e+05
 [3,]    3 1e-06 10.000000000 24352.24331  2416.099  2.323792e+03
 [4,]    4 1e-06  3.276600237  8242.04270  2416.074  2.468155e+03
 [5,]    5 1e-06  1.073417720  2755.11758  2415.986  2.510754e+03
 [6,]    6 1e-06  0.351762368   941.50210  2415.704  2.509369e+03
 [7,]    7 1e-06  0.115397642   351.74716  2414.839  2.462144e+03
 [8,]    8 1e-06  0.037964513   164.99640  2412.210  2.304769e+03
 [9,]    9 1e-06  0.012578243   110.40382  2404.298  1.826854e+03
[10,]   10 1e-06  0.012470914   110.20808  2404.196  1.820698e+03
[11,]   11 1e-06  0.012041597   109.43187  2403.767  1.794976e+03
[12,]   12 1e-06  0.010324330   106.45063  2401.683  1.670686e+03
[13,]   13 1e-06  0.003455262    98.83703  2362.890 -6.115867e+01
[14,]   14 1e-06  0.003750784    98.85006  2368.997  1.428900e+02
[15,]   15 1e-06  0.003538136    98.83454  2364.695 -6.942608e-01
[16,]   16 1e-06  0.003539087    98.83454  2364.715 -1.523015e-02
[17,]   17 1e-06  0.003538312    98.83454  2364.699 -5.687134e-01

