[22;0t]0;IPython: scripts/01_msprime_simulations$par
[1] 0.000001000 0.002746053

$value
[1] -79.96134

$counts
function gradient 
      56       56 

$convergence
[1] 0

$message
[1] "CONVERGENCE: REL_REDUCTION_OF_F <= FACTR*EPSMCH"

$loginfo
      step  par1         par2          fn       gr1           gr2
 [1,]    1 1e-01  0.010000000   323.34110  2260.960  2.840254e+03
 [2,]    2 1e-06  0.000001000    93.37940 28313.976 -1.524310e+05
 [3,]    3 1e-06 10.000000000 24349.66505  2416.099  2.324007e+03
 [4,]    4 1e-06  3.254846431  8183.41630  2416.073  2.469243e+03
 [5,]    5 1e-06  1.059089694  2711.93067  2415.984  2.512860e+03
 [6,]    6 1e-06  0.344722145   914.36876  2415.695  2.514819e+03
 [7,]    7 1e-06  0.112334719   332.49441  2414.803  2.477906e+03
 [8,]    8 1e-06  0.036721336   148.18405  2412.078  2.351252e+03
 [9,]    9 1e-06  0.012098062    93.36025  2403.841  1.963799e+03
[10,]   10 1e-06  0.004053414    80.56106  2375.536  8.153244e+02
[11,]   11 1e-06  0.004031853    80.54358  2375.247  8.060856e+02
[12,]   12 1e-06  0.003945612    80.47565  2374.041  7.681212e+02
[13,]   13 1e-06  0.003600648    80.23896  2368.284  5.981115e+02
[14,]   14 1e-06  0.002353926    80.03362  2347.136 -3.749472e+02
[15,]   15 1e-06  0.002834323    79.96481  2347.708  7.658297e+01
[16,]   16 1e-06  0.002752844    79.96137  2345.142  5.892304e+00
[17,]   17 1e-06  0.002746053    79.96134  2344.938 -1.440694e-01
[18,]   18 1e-06  0.002746215    79.96134  2344.943  2.545458e-04
[19,]   19 1e-06  0.002746058    79.96134  2344.939 -1.397208e-01
[20,]   20 1e-06  0.002746053    79.96134  2344.939 -1.439343e-01
[21,]   21 1e-06  0.002746053    79.96134  2344.938 -1.440652e-01
[22,]   22 1e-06  0.002746053    79.96134  2344.938 -1.440693e-01
[23,]   23 1e-06  0.002746053    79.96134  2344.938 -1.440695e-01
[24,]   24 1e-06  0.002746053    79.96134  2344.938 -1.440694e-01
[25,]   25 1e-06  0.002746053    79.96134  2344.938 -1.440694e-01
[26,]   26 1e-06  0.002746053    79.96134  2344.938 -1.440694e-01
[27,]   27 1e-06  0.002746053    79.96134  2344.938 -1.440694e-01
[28,]   28 1e-06  0.002746053    79.96134  2344.938 -1.440694e-01
[29,]   29 1e-06  0.002746053    79.96134  2344.938 -1.440694e-01
[30,]   30 1e-06  0.002746053    79.96134  2344.938 -1.440694e-01
[31,]   31 1e-06  0.002746053    79.96134  2344.938 -1.440694e-01
[32,]   32 1e-06  0.002746053    79.96134  2344.938 -1.440694e-01
[33,]   33 1e-06  0.146815479   418.19622  2415.114  2.491785e+03
[34,]   34 1e-06  0.002748333    79.96134  2345.007  1.884907e+00
[35,]   35 1e-06  0.002746102    79.96134  2344.940 -1.004925e-01
[36,]   36 1e-06  0.002746054    79.96134  2344.939 -1.427273e-01
[37,]   37 1e-06  0.002746053    79.96134  2344.938 -1.440277e-01
[38,]   38 1e-06  0.002746053    79.96134  2344.938 -1.440681e-01
[39,]   39 1e-06  0.002746053    79.96134  2344.938 -1.440694e-01
[40,]   40 1e-06  0.002746053    79.96134  2344.938 -1.440694e-01
[41,]   41 1e-06  0.002746053    79.96134  2344.938 -1.440694e-01
[42,]   42 1e-06  0.002746053    79.96134  2344.938 -1.440694e-01
[43,]   43 1e-06  0.002746053    79.96134  2344.938 -1.440694e-01
[44,]   44 1e-06  0.002746053    79.96134  2344.938 -1.440694e-01
[45,]   45 1e-06  0.002746053    79.96134  2344.938 -1.440694e-01
[46,]   46 1e-06  0.002746053    79.96134  2344.938 -1.440694e-01
[47,]   47 1e-06  0.002746053    79.96134  2344.938 -1.440694e-01

