[22;0t]0;IPython: scripts/01_msprime_simulations$par
[1] 0.001333988 0.082940309

$value
[1] -24019.57

$counts
function gradient 
      45       45 

$convergence
[1] 0

$message
[1] "CONVERGENCE: REL_REDUCTION_OF_F <= FACTR*EPSMCH"

$loginfo
      step         par1        par2       fn           gr1           gr2
 [1,]    1 0.1000000000  0.01000000 29772.97  1.422227e+04 -5.011089e+05
 [2,]    2 0.0000010000 10.00000000 33383.89  2.416098e+03  1.569749e+03
 [3,]    3 0.0666636855  3.34033112 25288.74  2.502436e+03  6.635475e+02
 [4,]    4 0.0500055710  3.33570424 25244.41  2.444872e+03  6.662767e+02
 [5,]    5 0.0000010000  3.32181520 25221.93 -4.596537e+05  6.091441e+02
 [6,]    6 0.0497209906  3.33562520 25243.66  2.443496e+03  6.663145e+02
 [7,]    7 0.0248609953  3.32872020 25180.75  2.184369e+03  6.675217e+02
 [8,]    8 0.0000010000  3.31167039 25215.76 -4.600010e+05  6.066351e+02
 [9,]    9 0.0125579459  3.32028236 25150.78  1.653134e+03  6.641512e+02
[10,]   10 0.0000010000  3.29181288 25203.68 -4.609995e+05  6.137827e+02
[11,]   11 0.0070735705  3.30784802 25135.35  8.168796e+02  6.582711e+02
[12,]   12 0.0000010000  3.23508229 25167.48 -4.697978e+05  6.420350e+02
[13,]   13 0.0036435778  3.27255874 25111.90 -9.380250e+02  6.513482e+02
[14,]   14 0.0000010000  3.06854398 25065.57 -5.506039e+05  6.164428e+02
[15,]   15 0.0034088734  3.25941334 25103.56 -1.128094e+03  6.547559e+02
[16,]   16 0.0017049367  3.16397866 25043.01 -4.174232e+03  6.734653e+02
[17,]   17 0.0006199032  3.10320773 25012.06 -1.664332e+04  6.401105e+02
[18,]   18 0.0000010000  0.74449116 24336.62 -1.171840e+06  1.029673e+02
[19,]   19 0.0020692551  0.00000100 87457.33  1.192191e+05 -3.233652e+08
[20,]   20 0.0007099371  0.48930179 24134.64 -3.830814e+04  2.654242e+02
[21,]   21 0.0008031859  0.00000100 87304.16  1.226778e+05 -3.233644e+08
[22,]   22 0.0007410567  0.32600887 24094.38 -3.047665e+04  2.935945e+02
[23,]   23 0.0007721213  0.16300493 24050.62 -2.682137e+04  2.480598e+02
[24,]   24 0.0007926239  0.05542234 24039.04 -1.328350e+04 -9.948570e+02
[25,]   25 0.0007762889  0.14113669 24044.12 -2.429626e+04  2.884583e+02
[26,]   26 0.0007870333  0.08475800 24024.11 -1.969142e+04  1.846893e+02
[27,]   27 0.0008215445  0.00000100 87306.41  1.226304e+05 -3.233644e+08
[28,]   28 0.0007985125  0.05656574 24038.03 -1.364402e+04 -6.634446e+02
[29,]   29 0.0007880015  0.08237997 24023.73 -1.891018e+04  1.258393e+02
[30,]   30 0.0008158827  0.07735400 24023.21 -1.644790e+04 -2.064407e+02
[31,]   31 0.0008595526  0.07942004 24022.35 -1.433133e+04 -5.713294e+00
[32,]   32 0.0010262121  0.08083941 24020.60 -7.695363e+03  2.366841e+01
[33,]   33 0.0012108016  0.08165557 24019.71 -2.488534e+03 -3.513612e+00
[34,]   34 0.0013029843  0.08230875 24019.58 -5.215445e+02 -1.049056e+01
[35,]   35 0.0013323279  0.08270847 24019.57  5.754972e+00 -6.256067e+00
[36,]   36 0.0013354443  0.08287107 24019.57  3.624034e+01 -2.164187e+00
[37,]   37 0.0013339881  0.08294031 24019.57 -7.215327e+00  2.212777e-01
[38,]   38 0.0013342736  0.08293468 24019.57 -2.814025e-01 -7.566196e-03
[39,]   39 0.0013339984  0.08294011 24019.57 -6.966578e+00  2.130664e-01
[40,]   40 0.0013339885  0.08294030 24019.57 -7.206079e+00  2.209736e-01
[41,]   41 0.0013339881  0.08294031 24019.57 -7.214987e+00  2.212678e-01
[42,]   42 0.0013339881  0.08294031 24019.57 -7.215317e+00  2.212782e-01
[43,]   43 0.0013339881  0.08294031 24019.57 -7.215308e+00  2.212776e-01
[44,]   44 0.0013339881  0.08294031 24019.57 -7.215318e+00  2.212786e-01
[45,]   45 0.0013339881  0.08294031 24019.57 -7.215317e+00  2.212782e-01

