[22;0t]0;IPython: scripts/01_msprime_simulations$par
[1] 0.0002059832 0.0055635791

$value
[1] -3820.705

$counts
function gradient 
      46       46 

$convergence
[1] 0

$message
[1] "CONVERGENCE: REL_REDUCTION_OF_F <= FACTR*EPSMCH"

$loginfo
      step         par1        par2       fn          gr1           gr2
 [1,]    1 0.1000000000 0.010000000 3963.247     192.5576  1.392447e+04
 [2,]    2 0.0000010000 0.000001000 8210.501  122931.3299 -3.006146e+07
 [3,]    3 0.0662784683 0.006628150 3930.406     253.4047 -1.902878e+03
 [4,]    4 0.0593717112 0.006467085 3928.907     300.4032 -3.158619e+03
 [5,]    5 0.0317446826 0.005822826 3919.406     754.4690 -7.884943e+03
 [6,]    6 0.0000010000 0.005082567 3846.755 -247958.6014  3.097239e+03
 [7,]    7 0.0316717818 0.005821126 3919.364     756.8546 -7.894969e+03
 [8,]    8 0.0103780677 0.005324559 3892.566    2943.6997 -8.325014e+03
 [9,]    9 0.0033592984 0.005160882 3859.865    8228.2601 -5.461174e+03
[10,]   10 0.0000010000 0.005082567 3846.755 -247958.6014  3.097239e+03
[11,]   11 0.0662280348 0.006895296 3930.192     247.5349  3.350758e+02
[12,]   12 0.0218657900 0.005681037 3911.097    1215.9502 -7.960611e+03
[13,]   13 0.0071344030 0.005277818 3881.414    4306.0898 -7.152814e+03
[14,]   14 0.0023077764 0.005145706 3850.133   10622.7096 -4.681322e+03
[15,]   15 0.0007771088 0.005103810 3829.573   16953.6202 -3.600181e+03
[16,]   16 0.0007381624 0.005516506 3827.868   16489.8537 -1.573139e+03
[17,]   17 0.0006030893 0.006122713 3825.506   15034.5068  6.704498e+02
[18,]   18 0.0003615311 0.006690007 3823.088    8492.9816  1.072875e+03
[19,]   19 0.0001611584 0.007018440 3822.870  -17249.1296 -4.931422e+02
[20,]   20 0.0003033054 0.006785445 3822.738    5130.5379  7.682361e+02
[21,]   21 0.0002286682 0.006869326 3822.551   -2224.5540  3.516164e+02
[22,]   22 0.0002624072 0.006743011 3822.513    1724.0820  9.864706e+02
[23,]   23 0.0004108372 0.005924462 3822.606   12573.3387  6.880772e+02
[24,]   24 0.0003331594 0.006352833 3822.326    7933.7541  1.735153e+03
[25,]   25 0.0004524041 0.005518324 3823.235   14789.6985 -1.006294e+03
[26,]   26 0.0003561034 0.006192265 3822.276    9636.9659  1.516257e+03
[27,]   27 0.0003539714 0.006073559 3822.085    9919.5302  1.283945e+03
[28,]   28 0.0002284896 0.005173836 3821.064    3477.3869 -1.552549e+03
[29,]   29 0.0002059832 0.005563579 3820.705   -2613.7336  1.558777e+02
[30,]   30 0.0002316561 0.005585118 3820.765    1614.0338  1.188003e+02
[31,]   31 0.0002095022 0.005566531 3820.708   -1947.8900  1.504373e+02
[32,]   32 0.0002065301 0.005564038 3820.706   -2508.1532  1.550244e+02
[33,]   33 0.0002060696 0.005563652 3820.705   -2597.0024  1.557427e+02
[34,]   34 0.0002059969 0.005563591 3820.705   -2611.0826  1.558563e+02
[35,]   35 0.0002059854 0.005563581 3820.705   -2613.3136  1.558743e+02
[36,]   36 0.0002059836 0.005563579 3820.705   -2613.6671  1.558771e+02
[37,]   37 0.0002059833 0.005563579 3820.705   -2613.7231  1.558776e+02
[38,]   38 0.0002059832 0.005563579 3820.705   -2613.7319  1.558776e+02
[39,]   39 0.0002059832 0.005563579 3820.705   -2613.7333  1.558777e+02
[40,]   40 0.0002059832 0.005563579 3820.705   -2613.7336  1.558777e+02
[41,]   41 0.0002059832 0.005563579 3820.705   -2613.7336  1.558777e+02
[42,]   42 0.0002059832 0.005563579 3820.705   -2613.7336  1.558777e+02
[43,]   43 0.0002059832 0.005563579 3820.705   -2613.7336  1.558777e+02
[44,]   44 0.0002059832 0.005563579 3820.705   -2613.7336  1.558777e+02
[45,]   45 0.0002059832 0.005563579 3820.705   -2613.7336  1.558777e+02
[46,]   46 0.0002059832 0.005563579 3820.705   -2613.7336  1.558777e+02

