[22;0t]0;IPython: scripts/01_msprime_simulations$par
[1] 0.04934685 0.10005237

$value
[1] -28446.94

$counts
function gradient 
      31       31 

$convergence
[1] 0

$message
[1] "CONVERGENCE: REL_REDUCTION_OF_F <= FACTR*EPSMCH"

$loginfo
      step       par1        par2        fn           gr1           gr2
 [1,]    1 0.10000000  0.01000000  37207.89  2.017878e+04 -7.042316e+05
 [2,]    2 0.00000100 10.00000000  36125.86  2.416055e+03  1.340823e+03
 [3,]    3 0.06667560  3.33914100  30199.23  8.828842e+02  3.151721e+02
 [4,]    4 0.06248136  3.33757863  30195.26  7.784813e+02  3.113155e+02
 [5,]    5 0.02713344  3.32173533  30188.77 -1.117907e+03  2.541076e+02
 [6,]    6 0.04559818  3.33001142  30184.32  1.938658e+02  2.909455e+02
 [7,]    7 0.03645933  3.32353136  30182.88 -3.155764e+02  2.751806e+02
 [8,]    8 0.03865203  3.32250152  30182.06 -1.790039e+02  2.791828e+02
 [9,]    9 0.04398113  3.31056042  30178.46  8.942962e+01  2.871466e+02
[10,]   10 0.05666098  3.25387490  30165.92  5.288148e+02  2.987289e+02
[11,]   11 0.08490654  3.06545225  30132.54  1.146559e+03  3.117534e+02
[12,]   12 0.13736889  2.60077915  30066.02  1.970981e+03  3.131977e+02
[13,]   13 0.18959292  1.96214569  30016.50  2.690171e+03  2.510766e+02
[14,]   14 0.18521364  1.59183983  29909.45  3.138548e+03  2.316957e+02
[15,]   15 0.16769652  0.11061638  28557.16  1.095973e+03 -9.762677e+02
[16,]   16 0.18139192  1.26867995  29832.29  3.557128e+03  1.770713e+02
[17,]   17 0.02855099  0.00000100 116208.79  6.670989e+04 -4.215949e+08
[18,]   18 0.13011630  0.84305907  29559.73  3.878822e+03  2.513776e+02
[19,]   19 0.07933365  0.42153004  29113.13  3.451316e+03  1.101951e+03
[20,]   20 0.04549518  0.14064879  28516.63 -7.721549e+02  2.472043e+03
[21,]   21 0.03421582  0.04702281  28910.83  8.816920e+03 -3.219407e+04
[22,]   22 0.04549518  0.14064879  28516.63 -7.721549e+02  2.472043e+03
[23,]   23 0.05977076  0.00000100 117848.89  4.157592e+04 -4.216415e+08
[24,]   24 0.05026078  0.09369648  28450.48  3.808319e+02 -1.119436e+03
[25,]   25 0.03969768  0.10544537  28454.82 -1.126372e+03  9.806549e+02
[26,]   26 0.04623960  0.09816906  28447.31 -1.590106e+02 -1.371035e+02
[27,]   27 0.12037736  0.13888491  28548.23  9.108473e+02  2.732731e+03
[28,]   28 0.05038574  0.10044609  28446.97  5.597712e+01  1.309723e+01
[29,]   29 0.04944076  0.10005493  28446.94  6.610397e+00 -3.668154e+00
[30,]   30 0.04934579  0.10004755  28446.94  1.338184e-01 -7.254671e-01
[31,]   31 0.04934685  0.10005237  28446.94  6.155296e-03 -7.765919e-02

