[22;0t]0;IPython: scripts/01_msprime_simulations$par
[1] 10.00000000  0.00112423

$value
[1] -875.9379

$counts
function gradient 
      37       37 

$convergence
[1] 0

$message
[1] "CONVERGENCE: REL_REDUCTION_OF_F <= FACTR*EPSMCH"

$loginfo
      step         par1         par2        fn           gr1           gr2
 [1,]    1  0.100000000 0.0100000000 1101.1192  1.408379e+03  7.835867e+03
 [2,]    2  0.000001000 0.0000010000 1398.7023  1.146524e+05 -4.769603e+06
 [3,]    3  0.056393545 0.0056397470 1000.6236  8.165076e+02  1.736192e+04
 [4,]    4  0.019631129 0.0019638362  893.5826 -3.149449e+01  2.618460e+04
 [5,]    5  0.007656754 0.0007665065  882.3933  6.796261e+01 -2.698874e+04
 [6,]    6  0.013694362 0.0013702130  881.2855 -1.556270e+02  1.496584e+04
 [7,]    7  0.009974920 0.0000010000 1526.1050  1.569422e+03 -5.025574e+06
 [8,]    8  0.012571004 0.0009566788  879.1518 -6.821663e+01 -8.433690e+03
 [9,]    9  0.018485223 0.0011310932  878.3573 -7.531997e+01  3.201266e+03
[10,]   10  0.022692087 0.0011239591  878.0747 -5.109020e+01  2.084344e+03
[11,]   11  0.031675997 0.0011131066  877.7349 -2.493926e+01  4.656943e+02
[12,]   12  0.040796066 0.0011189092  877.5627 -1.519945e+01  4.498171e+02
[13,]   13  0.054760058 0.0011186932  877.3934 -1.013255e+01  1.264397e+02
[14,]   14  0.083258031 0.0011275939  877.1559 -7.288471e+00  5.714672e+02
[15,]   15  0.228505613 0.0006546442  889.8307  5.367906e-02 -7.072095e+04
[16,]   16  0.092687618 0.0010968896  877.1045 -6.398645e+00 -2.008547e+03
[17,]   17  0.160483602 0.0011207891  876.7757 -3.137355e+00 -2.060685e+02
[18,]   18  0.224150636 0.0011263306  876.6237 -1.863540e+00  2.211976e+02
[19,]   19  0.316770042 0.0011250205  876.4916 -1.091937e+00  9.247245e+01
[20,]   20  0.447855057 0.0011241647  876.3823 -6.360737e-01  9.834004e+00
[21,]   21  0.630775259 0.0011241464  876.2937 -3.719892e-01  3.535757e+00
[22,]   22  0.861650960 0.0000010000 1550.1186  5.227840e-01 -5.067882e+06
[23,]   23  0.695804796 0.0008077957  881.6138 -2.238451e-01 -3.904110e+04
[24,]   24  0.630963946 0.0011232285  876.2935 -3.718028e-01 -7.716993e+01
[25,]   25  0.888579252 0.0011238322  876.2195 -2.263039e-01 -2.709065e+01
[26,]   26  1.289253252 0.0011241934  876.1492 -1.384636e-01  2.325160e+00
[27,]   27  1.920825337 0.0011242093  876.0828 -7.983822e-02  1.414452e+00
[28,]   28  2.780923071 0.0011242290  876.0314 -4.439958e-02  1.586894e+00
[29,]   29  3.858502664 0.0011242330  875.9956 -2.470495e-02  1.083855e+00
[30,]   30  5.181529181 0.0000010000 1550.4119  5.904395e-03 -5.068800e+06
[31,]   31  4.231069282 0.0008079286  881.3815 -1.820498e-02 -3.936766e+04
[32,]   32  3.858905580 0.0011238909  875.9955 -2.469523e-02 -2.938162e+01
[33,]   33  5.209995609 0.0011243255  875.9707 -1.367366e-02  8.875428e+00
[34,]   34  6.886167730 0.0011242325  875.9535 -7.570313e-03  3.717417e-01
[35,]   35  8.965219567 0.0011242314  875.9418 -4.210430e-03  1.654054e-01
[36,]   36 10.000000000 0.0011242301  875.9379 -3.309782e-03  2.714173e-02
[37,]   37 10.000000000 0.0011242298  875.9379 -3.310624e-03 -6.820073e-06

