[22;0t]0;IPython: scripts/01_msprime_simulations$par
[1] 0.0006440082 0.0080544624

$value
[1] -5166.228

$counts
function gradient 
      44       44 

$convergence
[1] 0

$message
[1] "CONVERGENCE: REL_REDUCTION_OF_F <= FACTR*EPSMCH"

$loginfo
      step         par1         par2        fn           gr1           gr2
 [1,]    1 0.1000000000  0.010000000  5303.442  3.164837e+02  -3975.537468
 [2,]    2 0.0000010000 10.000000000 25573.049  2.416099e+03   2221.867928
 [3,]    3 0.0803542146  1.972633591  8018.450  2.413279e+03   2007.022866
 [4,]    4 0.0953699050  0.472551118  5610.132  2.623319e+03    904.247240
 [5,]    5 0.0987287161  0.137002536  5555.462  3.105344e+03   -884.628420
 [6,]    6 0.0998016795  0.029812414  5474.211  1.135600e+03   8127.087884
 [7,]    7 0.0999836130  0.011637081  5303.028  3.091329e+02   2877.450445
 [8,]    8 0.0999158948  0.010950366  5301.840  3.087348e+02    430.552982
 [9,]    9 0.0998156539  0.010821004  5301.786  3.094782e+02    -93.032383
[10,]   10 0.0996703346  0.010784533  5301.747  3.100484e+02   -243.978420
[11,]   11 0.0977727959  0.010537824  5301.341  3.171246e+02  -1301.963794
[12,]   12 0.0935021706  0.010244087  5300.527  3.340449e+02  -2634.721129
[13,]   13 0.0770430306  0.009545415  5297.349  4.261707e+02  -6024.338260
[14,]   14 0.0000010000  0.007015386  5220.514 -4.177821e+05   5532.849247
[15,]   15 0.0770009289  0.009544032  5297.340  4.264745e+02  -6031.124581
[16,]   16 0.0385009644  0.008279709  5283.032  1.089307e+03 -11989.492036
[17,]   17 0.0127458543  0.007433922  5242.816  3.685888e+03 -12109.802399
[18,]   18 0.0042305266  0.007154282  5199.385  8.201008e+03  -7944.540365
[19,]   19 0.0000010000  0.007539183  5221.431 -4.315572e+05  -5509.001978
[20,]   20 0.0021782645  0.007341045  5179.621  9.718387e+03  -4749.072278
[21,]   21 0.0008075540  0.007465784  5167.267  4.848733e+03  -2160.787075
[22,]   22 0.0000010000  0.007843244  5219.600 -4.101336e+05  -5409.503221
[23,]   23 0.0005862267  0.007569363  5166.498 -4.522815e+02  -1219.573784
[24,]   24 0.0049974991  0.032441981  5203.709  7.555284e+03    174.416846
[25,]   25 0.0011555259  0.010779313  5166.919  4.671630e+03     43.580327
[26,]   26 0.0007997286  0.008773177  5166.521  1.634794e+03     52.100212
[27,]   27 0.0006648056  0.008012424  5166.240  5.814145e+02   -155.550509
[28,]   28 0.0006440082  0.008054462  5166.228 -1.196096e+02     -3.248600
[29,]   29 0.0006484600  0.008059517  5166.229 -7.167968e+00     -5.929578
[30,]   30 0.0006445326  0.008055058  5166.228 -1.062655e+02     -3.563756
[31,]   31 0.0006440767  0.008054540  5166.228 -1.178645e+02     -3.289769
[32,]   32 0.0006440173  0.008054473  5166.228 -1.193786e+02     -3.254050
[33,]   33 0.0006440094  0.008054464  5166.228 -1.195790e+02     -3.249323
[34,]   34 0.0006440084  0.008054463  5166.228 -1.196055e+02     -3.248696
[35,]   35 0.0006440082  0.008054462  5166.228 -1.196091e+02     -3.248613
[36,]   36 0.0006440082  0.008054462  5166.228 -1.196095e+02     -3.248602
[37,]   37 0.0006440082  0.008054462  5166.228 -1.196096e+02     -3.248600
[38,]   38 0.0006440082  0.008054462  5166.228 -1.196096e+02     -3.248601
[39,]   39 0.0006440082  0.008054462  5166.228 -1.196096e+02     -3.248601
[40,]   40 0.0006440082  0.008054462  5166.228 -1.196096e+02     -3.248601
[41,]   41 0.0006440082  0.008054462  5166.228 -1.196096e+02     -3.248601
[42,]   42 0.0006440082  0.008054462  5166.228 -1.196096e+02     -3.248601
[43,]   43 0.0006440082  0.008054462  5166.228 -1.196096e+02     -3.248601

