[22;0t]0;IPython: scripts/01_msprime_simulations$par
[1] 0.0009635007 0.0469694343

$value
[1] -16112.54

$counts
function gradient 
      45       45 

$convergence
[1] 0

$message
[1] "CONVERGENCE: REL_REDUCTION_OF_F <= FACTR*EPSMCH"

$loginfo
      step         par1        par2       fn           gr1           gr2
 [1,]    1 0.1000000000  0.01000000 19201.28  7.907320e+03 -2.794754e+05
 [2,]    2 0.0000010000 10.00000000 29971.56  2.416099e+03  1.854640e+03
 [3,]    3 0.0668140782  3.32530675 19162.32  2.358886e+03  1.171855e+03
 [4,]    4 0.0889309686  1.11580730 16910.86  3.703316e+03  5.315445e+02
 [5,]    5 0.0742978426  1.11363481 16855.52  3.696734e+03  5.595604e+02
 [6,]    6 0.0157653388  1.10494486 16642.92  2.875357e+03  7.723129e+02
 [7,]    7 0.0000010000  1.09821973 16744.69 -7.663495e+05  1.035763e+03
 [8,]    8 0.0092538632  1.10216704 16624.32  2.005868e+03  8.428028e+02
 [9,]    9 0.0000010000  1.08834635 16734.61 -7.648408e+05  1.005858e+03
[10,]   10 0.0057253888  1.09689668 16614.23  8.836803e+02  9.376203e+02
[11,]   11 0.0000010000  1.07003796 16716.71 -7.631568e+05  9.497392e+02
[12,]   12 0.0035420031  1.08665227 16604.15 -1.019657e+03  9.653818e+02
[13,]   13 0.0000010000  1.03352851 16683.90 -7.623795e+05  8.536143e+02
[14,]   14 0.0020740385  1.06462919 16587.26 -4.841033e+03  9.081454e+02
[15,]   15 0.0009039877  0.91747635 16492.94 -1.449391e+04  5.203423e+02
[16,]   16 0.0056095337  0.64663459 16330.05  2.092013e+03  5.555254e+02
[17,]   17 0.0114330635  0.00000100 55291.42  6.442580e+04 -2.012721e+08
[18,]   18 0.0075629810  0.42972755 16219.18  4.988039e+03  3.961441e+02
[19,]   19 0.0100671508  0.00000100 55201.15  6.780625e+04 -2.012659e+08
[20,]   20 0.0083998504  0.28611708 16184.23  6.826077e+03  1.939675e+01
[21,]   21 0.0071865499  0.28796677 16176.29  6.338750e+03  5.716104e+01
[22,]   22 0.0023333479  0.29536554 16157.89 -9.063744e+02  2.573297e+02
[23,]   23 0.0009236185  0.21643955 16153.67 -1.372973e+04  2.460226e+02
[24,]   24 0.0020222578  0.00000100 54535.50  1.058788e+05 -2.012082e+08
[25,]   25 0.0012899962  0.14426093 16137.40 -6.500001e+03  1.861188e+02
[26,]   26 0.0013678371  0.00000100 54464.17  1.122060e+05 -2.012024e+08
[27,]   27 0.0013159227  0.09621224 16128.90 -1.396010e+03  3.968842e+02
[28,]   28 0.0013418799  0.04810662 16113.85  6.347451e+03 -1.868464e+02
[29,]   29 0.0013334791  0.06367557 16113.61  2.648081e+03  4.152738e+00
[30,]   30 0.0010382606  0.04762760 16112.61  1.544387e+03  5.198709e+00
[31,]   31 0.0005198126  0.01622410 16482.10  1.682901e+04 -6.988296e+04
[32,]   32 0.0009092683  0.03981426 16113.41 -1.569380e+03  1.126064e+02
[33,]   33 0.0010337487  0.04735430 16112.60  1.563720e+03  5.626139e+00
[34,]   34 0.0010294455  0.04709365 16112.59  1.559413e+03 -6.836021e+00
[35,]   35 0.0008085037  0.04597887 16112.93 -4.960454e+03 -1.536661e+02
[36,]   36 0.0009676499  0.04678185 16112.54  1.423818e+02 -2.292090e+01
[37,]   37 0.0009565897  0.04765353 16112.56 -4.241012e+02  4.392483e+01
[38,]   38 0.0009651612  0.04697799 16112.54  3.725229e+01  6.096233e-01
[39,]   39 0.0009635007  0.04696943 16112.54 -3.978522e+00  7.637891e-02
[40,]   40 0.0009636491  0.04696912 16112.54 -3.574918e-02  7.367735e-03
[41,]   41 0.0009635018  0.04696943 16112.54 -3.950516e+00  7.589006e-02
[42,]   42 0.0009635007  0.04696943 16112.54 -3.978323e+00  7.637460e-02
[43,]   43 0.0009635007  0.04696943 16112.54 -3.978521e+00  7.637885e-02
[44,]   44 0.0009635007  0.04696943 16112.54 -3.978521e+00  7.637891e-02
[45,]   45 0.0009635007  0.04696943 16112.54 -3.978521e+00  7.637885e-02

