[22;0t]0;IPython: scripts/01_msprime_simulations$par
[1] 0.0000010 0.6151002

$value
[1] -18917.98

$counts
function gradient 
      19       19 

$convergence
[1] 0

$message
[1] "CONVERGENCE: REL_REDUCTION_OF_F <= FACTR*EPSMCH"

$loginfo
      step       par1       par2       fn        gr1           gr2
 [1,]    1 0.10000000  0.0100000 21001.04   6093.523 -2.915411e+05
 [2,]    2 0.00000100 10.0000000 30380.21   2416.088  1.820522e+03
 [3,]    3 0.06677843  3.3288684 19949.73   2410.731  1.024408e+03
 [4,]    4 0.03940341  3.3171766 19871.76   2412.821  1.019599e+03
 [5,]    5 0.00000100  3.3003480 19759.53   2415.976  1.012701e+03
 [6,]    6 0.00000100  3.2888596 19747.92   2415.975  1.007989e+03
 [7,]    7 0.00000100  0.8309375 19152.15 -73441.236  1.966856e+03
 [8,]    8 0.00000100  0.0000010 58236.39 124645.782 -2.158276e+08
 [9,]    9 0.00000100  0.5456818 18950.21   6870.566 -9.671070e+02
[10,]   10 0.00000100  0.6397092 18921.62   7147.490  2.923614e+02
[11,]   11 0.00000100  0.0000010 58236.39 124645.782 -2.158276e+08
[12,]   12 0.00000100  0.4257768 18988.97 -24278.171  2.010359e+03
[13,]   13 0.00000100  0.6303667 18919.40   7149.229  1.840638e+02
[14,]   14 0.00000100  0.0000010 58236.39 124645.782 -2.158276e+08
[15,]   15 0.00000100  0.4198419 18977.40  -3514.659  1.880603e+03
[16,]   16 0.00000100  0.6238055 18918.44   7149.851  1.060639e+02
[17,]   17 0.00000100  0.6148837 18917.98   7149.961 -2.676691e+00
[18,]   18 0.00000100  0.6151033 18917.98   7149.969  3.815048e-02
[19,]   19 0.00000100  0.6151002 18917.98   7149.969 -3.690729e-05

