[22;0t]0;IPython: scripts/01_msprime_simulations$par
[1] 0.00981506 1.36948766

$value
[1] -54899.92

$counts
function gradient 
      41       41 

$convergence
[1] 0

$message
[1] "CONVERGENCE: REL_REDUCTION_OF_F <= FACTR*EPSMCH"

$loginfo
      step        par1      par2        fn           gr1           gr2
 [1,]    1 0.100000000  0.010000 129499.33  7.231714e+04 -3.347913e+06
 [2,]    2 0.000001000 10.000000  57786.51 -4.469392e+06  3.227681e+02
 [3,]    3 2.888255968 10.000000  64934.99  2.106116e+03  1.654880e+02
 [4,]    4 0.961914038 10.000000  59958.51  3.185804e+03  2.103910e+02
 [5,]    5 0.320429149 10.000000  57731.26  3.713369e+03  3.217713e+02
 [6,]    6 0.106702832 10.000000  56962.18  3.183780e+03  3.659152e+02
 [7,]    7 0.106626887  9.998907  56961.54  3.183226e+03  3.658443e+02
 [8,]    8 0.106323109  9.994537  56958.97  3.180997e+03  3.655437e+02
 [9,]    9 0.105107995  9.977054  56948.73  3.171836e+03  3.643394e+02
[10,]   10 0.100247541  9.907122  56908.11  3.130889e+03  3.594695e+02
[11,]   11 0.080805725  9.627394  56751.88  2.871792e+03  3.377282e+02
[12,]   12 0.003038462  8.508484  56548.37 -4.064869e+04  2.023485e+02
[13,]   13 0.067582914  9.437145  56652.93  2.564142e+03  3.226941e+02
[14,]   14 0.000001000  8.489967  57441.61 -4.740370e+06  1.740692e+02
[15,]   15 0.038736285  9.032852  56476.64  9.246128e+02  2.743028e+02
[16,]   16 0.000001000  8.485035  57440.75 -4.740917e+06  1.733367e+02
[17,]   17 0.024329704  8.829106  56424.09 -1.340681e+03  2.469172e+02
[18,]   18 0.012704250  8.658987  56424.40 -6.696772e+03  2.241845e+02
[19,]   19 0.018306349  8.740964  56416.31 -3.298254e+03  2.345262e+02
[20,]   20 0.017949178  8.732425  56415.51 -3.453340e+03  2.333254e+02
[21,]   21 0.016520494  8.698271  56413.03 -4.137592e+03  2.286658e+02
[22,]   22 0.015175015  8.485983  56373.11 -4.869952e+03  2.057947e+02
[23,]   23 0.019766101  6.715300  56045.07 -2.185471e+03  2.187744e+02
[24,]   24 0.037177752  0.000001 455243.85  0.000000e+00 -1.674185e+09
[25,]   25 0.025586151  4.470632  55512.27  1.564202e+03  2.430093e+02
[26,]   26 0.033313472  1.490371  55072.28  9.836697e+03 -4.091940e+01
[27,]   27 0.020460816  2.607694  55113.69  3.414256e+03  1.407037e+02
[28,]   28 0.029534140  1.818920  55059.66  8.214773e+03  1.373924e+02
[29,]   29 0.000001000  1.407462  56026.23 -5.836325e+06  2.510867e+02
[30,]   30 0.018005003  1.658295  54950.84  5.931143e+03  1.239783e+02
[31,]   31 0.000001000  1.168996  56019.19 -5.843158e+06  2.145702e+02
[32,]   32 0.011458532  1.480380  54907.30  1.868812e+03  2.808637e+01
[33,]   33 0.008377134  1.431226  54905.76 -3.214672e+03  8.424276e+01
[34,]   34 0.007722631  1.269322  54913.49 -4.098815e+03 -1.197413e+02
[35,]   35 0.008207761  1.389328  54903.00 -3.365298e+03  5.388993e+01
[36,]   36 0.011084961  1.319441  54904.51  2.032815e+03 -1.229655e+02
[37,]   37 0.009442461  1.359338  54900.16 -6.191305e+02 -2.486146e+01
[38,]   38 0.010246629  1.387141  54900.41  6.188366e+02  3.845743e+01
[39,]   39 0.009763157  1.370425  54899.93 -9.195118e+01  2.547130e+00
[40,]   40 0.009808705  1.369595  54899.92 -1.123766e+01  2.923062e-01
[41,]   41 0.009815060  1.369488  54899.92 -7.425093e-02 -9.538053e-04

