[22;0t]0;IPython: scripts/01_msprime_simulations$par
[1] 0.005685187 0.005681662

$value
[1] -2784.885

$counts
function gradient 
      27       27 

$convergence
[1] 0

$message
[1] "CONVERGENCE: REL_REDUCTION_OF_F <= FACTR*EPSMCH"

$loginfo
      step        par1        par2       fn           gr1           gr2
 [1,]    1 0.100000000 0.010000000 2863.612  7.322285e+02  9.126352e+03
 [2,]    2 0.000001000 0.000001000 5699.584  1.204088e+05 -2.073854e+07
 [3,]    3 0.065802360 0.006580544 2822.369  6.354063e+02 -5.888863e+02
 [4,]    4 0.026614389 0.004941731 2804.404  8.476847e+02 -1.126711e+04
 [5,]    5 0.000001000 0.004741243 2853.296 -3.325968e+05  9.718098e+02
 [6,]    6 0.015845935 0.004860608 2795.442  9.783680e+02 -9.521712e+03
 [7,]    7 0.005408661 0.004781981 2786.378  6.457677e+02 -3.947399e+03
 [8,]    8 0.000001000 0.004842306 2853.377 -3.323156e+05  7.219495e+02
 [9,]    9 0.003608473 0.004802063 2785.842 -3.397693e+02 -1.900357e+03
[10,]   10 0.009376799 0.007299038 2787.639  2.425024e+02  2.897200e+03
[11,]   11 0.005696288 0.005705830 2784.886 -1.170679e+01  7.224529e+01
[12,]   12 0.005685674 0.005686886 2784.885 -3.524245e+00  1.699766e+01
[13,]   13 0.005685187 0.005681662 2784.885 -6.808188e-01  2.551548e-01
[14,]   14 0.005686927 0.005681898 2784.885 -4.160307e-01  3.787366e-02
[15,]   15 0.005685466 0.005681700 2784.885 -6.383577e-01  2.203031e-01
[16,]   16 0.005685234 0.005681669 2784.885 -6.735738e-01  2.492079e-01
[17,]   17 0.005685195 0.005681663 2784.885 -6.795682e-01  2.541282e-01
[18,]   18 0.005685188 0.005681663 2784.885 -6.806024e-01  2.549771e-01
[19,]   19 0.005685187 0.005681662 2784.885 -6.807786e-01  2.551216e-01
[20,]   20 0.005685188 0.005681662 2784.885 -6.806623e-01  2.550262e-01
[21,]   21 0.005685187 0.005681662 2784.885 -6.807583e-01  2.551051e-01
[22,]   22 0.005685187 0.005681662 2784.885 -6.807750e-01  2.551187e-01
[23,]   23 0.005685187 0.005681662 2784.885 -6.807641e-01  2.551097e-01
[24,]   24 0.005685187 0.005681662 2784.885 -6.807727e-01  2.551169e-01
[25,]   25 0.005685187 0.005681662 2784.885 -6.807670e-01  2.551122e-01
[26,]   26 0.005685187 0.005681662 2784.885 -6.807721e-01  2.551163e-01
[27,]   27 0.005685187 0.005681662 2784.885 -6.807727e-01  2.551169e-01

