[22;0t]0;IPython: scripts/01_msprime_simulations$par
[1] 0.004970153 0.005303824

$value
[1] -3386.263

$counts
function gradient 
      29       29 

$convergence
[1] 0

$message
[1] "CONVERGENCE: REL_REDUCTION_OF_F <= FACTR*EPSMCH"

$loginfo
      step        par1        par2       fn           gr1           gr2
 [1,]    1 0.100000000 0.010000000 3460.221  3.346376e+02  1.477561e+04
 [2,]    2 0.000001000 0.000001000 6979.903  1.227339e+05 -2.549231e+07
 [3,]    3 0.065947453 0.006595052 3416.418  2.899605e+02  2.256910e+03
 [4,]    4 0.044925155 0.005267490 3413.242  4.345889e+02 -9.386631e+03
 [5,]    5 0.041405816 0.005509365 3409.819  4.423114e+02 -6.264507e+03
 [6,]    6 0.000001000 0.006277448 3464.292 -3.152412e+05  5.488187e+01
 [7,]    7 0.024583705 0.005821425 3399.879  6.139651e+02 -1.795008e+03
 [8,]    8 0.008342386 0.006122710 3388.396  5.933370e+02  2.165508e+03
 [9,]    9 0.002837071 0.006224837 3390.329 -2.555846e+03  3.088611e+03
[10,]   10 0.006134395 0.006163670 3387.574  1.706299e+02  2.637856e+03
[11,]   11 0.000001000 0.006006233 3464.079 -3.172005e+05  1.322346e+03
[12,]   12 0.004148882 0.006112704 3387.930 -8.407270e+02  2.812950e+03
[13,]   13 0.005500623 0.006147402 3387.488 -4.965304e+01  2.691596e+03
[14,]   14 0.005338187 0.005710800 3386.571 -1.227260e+01  1.460491e+03
[15,]   15 0.005050622 0.005185737 3386.304  1.165121e+02 -6.356343e+02
[16,]   16 0.004897617 0.005319573 3386.266 -4.848644e+01  1.118485e+02
[17,]   17 0.004988747 0.005309738 3386.263  6.061759e+00  1.267723e+01
[18,]   18 0.004970153 0.005303824 3386.263 -1.479688e-01 -3.643835e+00
[19,]   19 0.004971570 0.005304774 3386.263  2.819383e-02 -8.233631e-02
[20,]   20 0.004970277 0.005303907 3386.263 -1.325378e-01 -3.331674e+00
[21,]   21 0.004970165 0.005303832 3386.263 -1.464876e-01 -3.613865e+00
[22,]   22 0.004970154 0.005303824 3386.263 -1.478254e-01 -3.640933e+00
[23,]   23 0.004970153 0.005303824 3386.263 -1.479549e-01 -3.643553e+00
[24,]   24 0.004970153 0.005303824 3386.263 -1.479676e-01 -3.643808e+00
[25,]   25 0.004970153 0.005303824 3386.263 -1.479688e-01 -3.643832e+00
[26,]   26 0.004970153 0.005303824 3386.263 -1.479687e-01 -3.643834e+00
[27,]   27 0.004970153 0.005303824 3386.263 -1.479688e-01 -3.643835e+00
[28,]   28 0.004970153 0.005303824 3386.263 -1.479688e-01 -3.643835e+00
[29,]   29 0.004970153 0.005303824 3386.263 -1.479688e-01 -3.643835e+00

