[22;0t]0;IPython: scripts/01_msprime_simulations$par
[1] 0.0007185945 0.1890178209

$value
[1] -31004.41

$counts
function gradient 
      46       46 

$convergence
[1] 0

$message
[1] "CONVERGENCE: REL_REDUCTION_OF_F <= FACTR*EPSMCH"

$loginfo
      step         par1       par2        fn           gr1           gr2
 [1,]    1 0.1000000000  0.0100000  42134.41  2.444703e+04 -8.118089e+05
 [2,]    2 0.0000010000 10.0000000  37748.88  2.416094e+03  1.205319e+03
 [3,]    3 0.0666567116  3.3410278  32102.80  3.229919e+03  4.769182e+02
 [4,]    4 0.0533898046  3.3388581  32059.15  3.189572e+03  4.853895e+02
 [5,]    5 0.0003221767  3.3301793  31941.17 -3.658014e+04  4.546889e+02
 [6,]    6 0.0490283520  3.3381448  32044.93  3.170519e+03  4.880184e+02
 [7,]    7 0.0246752644  3.3341621  31968.15  2.906637e+03  4.951918e+02
 [8,]    8 0.0082854566  3.3314817  31925.27  1.760896e+03  4.840441e+02
 [9,]    9 0.0000010000  3.3277682  32006.10 -5.253984e+05  4.577386e+02
[10,]   10 0.0052308942  3.3301125  31920.54  7.492794e+02  4.794863e+02
[11,]   11 0.0023411200  3.3253095  31919.65 -2.555787e+03  4.701523e+02
[12,]   12 0.0038852858  3.3278760  31919.04 -1.955423e+02  4.758458e+02
[13,]   13 0.0030643296  3.3208892  31916.27 -1.179567e+03  4.691617e+02
[14,]   14 0.0010739734  3.2683744  31900.84 -9.646119e+03  4.213886e+02
[15,]   15 0.0014743112  3.1360956  31847.71 -7.447062e+03  3.484328e+02
[16,]   16 0.0027229679  2.5011108  31593.03 -1.809940e+03  3.041028e+02
[17,]   17 0.0037841995  0.0000010 129752.79  1.176170e+05 -4.796402e+08
[18,]   18 0.0030787278  1.6626561  31272.28 -5.512956e+01  7.193886e+02
[19,]   19 0.0034314637  0.8313285  31120.63  4.895511e+03  3.697777e+02
[20,]   20 0.0036642693  0.2826524  31051.35  1.564007e+04 -5.976923e+02
[21,]   21 0.0035195297  0.6237745  31100.49  6.312809e+03  1.281643e+02
[22,]   22 0.0021256328  0.0000010 129554.94  1.209251e+05 -4.796391e+08
[23,]   23 0.0030547366  0.4157781  31055.71  1.020032e+04  1.724950e+02
[24,]   24 0.0025901847  0.2078895  31031.22  1.848865e+04 -1.319835e+02
[25,]   25 0.0000010000  0.2372069  31118.25 -8.145103e+05  2.147786e+02
[26,]   26 0.0015304582  0.2198888  31013.24  1.299425e+04  8.034823e+01
[27,]   27 0.0000010000  0.1697342  31111.45 -8.351356e+05 -1.020441e+03
[28,]   28 0.0009928870  0.2022606  31008.38  6.683794e+03  7.173030e+01
[29,]   29 0.0002833022  0.1582021  31010.66 -4.614977e+04 -4.079302e+02
[30,]   30 0.0006412374  0.1804265  31006.63 -1.926814e+03 -3.332944e+02
[31,]   31 0.0008768722  0.1950572  31005.96  4.413137e+03  3.088024e+02
[32,]   32 0.0007565928  0.1875889  31004.54  1.730996e+03 -1.275570e+02
[33,]   33 0.0005471040  0.2001336  31008.00 -1.025920e+04  2.114993e+02
[34,]   34 0.0007332755  0.1889852  31004.42  6.053175e+02 -4.734021e+00
[35,]   35 0.0006983913  0.1888343  31004.42 -8.440035e+02 -1.183428e+01
[36,]   36 0.0007194914  0.1889256  31004.41  4.999844e+01 -7.535306e+00
[37,]   37 0.0007185945  0.1890178  31004.41 -3.315192e+00  5.508476e-01
[38,]   38 0.0007186479  0.1890115  31004.41  1.475855e-03  5.295442e-04
[39,]   39 0.0007185977  0.1890175  31004.41 -3.119897e+00  5.184532e-01
[40,]   40 0.0007185947  0.1890178  31004.41 -3.302966e+00  5.488227e-01
[41,]   41 0.0007185946  0.1890178  31004.41 -3.314421e+00  5.507220e-01
[42,]   42 0.0007185945  0.1890178  31004.41 -3.315137e+00  5.508438e-01
[43,]   43 0.0007185946  0.1890178  31004.41 -3.314664e+00  5.507634e-01
[44,]   44 0.0007185945  0.1890178  31004.41 -3.315111e+00  5.508360e-01
[45,]   45 0.0007185945  0.1890178  31004.41 -3.315103e+00  5.508342e-01
[46,]   46 0.0007185945  0.1890178  31004.41 -3.315111e+00  5.508360e-01

