[22;0t]0;IPython: scripts/01_msprime_simulations$par
[1] 1.232818e-01 2.534438e-05

$value
[1] -37.28167

$counts
function gradient 
      79       79 

$convergence
[1] 0

$message
[1] "CONVERGENCE: REL_REDUCTION_OF_F <= FACTR*EPSMCH"

$loginfo
      step         par1         par2          fn           gr1         gr2
 [1,]    1 1.000000e-01 1.000000e-02   289.18785  2.275935e+03   3107.4230
 [2,]    2 1.000000e-06 1.000000e-06    43.13644  9.479803e+03 -47040.7429
 [3,]    3 1.000000e-06 1.000000e+01 24344.50853  2.416099e+03   2324.4376
 [4,]    4 1.000000e-06 3.092853e+00  7773.06894  2.416071e+03   2474.0002
 [5,]    5 1.000000e-06 9.554385e-01  2436.54992  2.415944e+03   2518.6340
 [6,]    6 1.000000e-06 2.952195e-01   770.37371  2.415261e+03   2526.0820
 [7,]    7 1.000000e-06 9.137520e-02   256.43761  2.411222e+03   2507.8808
 [8,]    8 1.000000e-06 2.842055e-02    99.94809  2.390625e+03   2436.5358
 [9,]    9 1.000000e-06 8.951492e-03    53.91758  2.308582e+03   2207.3799
[10,]   10 1.000000e-06 2.904815e-03    41.91943  2.016789e+03   1509.6800
[11,]   11 1.000000e-06 2.814521e-03    41.78456  2.001638e+03   1476.5432
[12,]   12 1.000000e-06 2.453343e-03    41.27809  1.928456e+03   1319.8008
[13,]   13 1.000000e-06 1.000000e-06    43.13644  9.479803e+03 -47040.7429
[14,]   14 1.000000e-06 1.266092e-03    40.20708  1.445948e+03    365.5640
[15,]   15 1.000000e-06 1.000000e-06    43.13644  9.479803e+03 -47040.7429
[16,]   16 1.000000e-06 8.252466e-04    40.07381  1.622956e+03    496.5423
[17,]   17 1.000000e-06 3.291315e-04    39.36425  2.985341e+03   2762.7746
[18,]   18 1.000000e-06 2.158071e-04    39.00004  2.688627e+03   4018.5467
[19,]   19 1.000000e-06 1.936321e-04    38.91115  2.489034e+03   4394.8695
[20,]   20 1.000000e-06 1.781864e-04    38.84450  2.299866e+03   4689.6007
[21,]   21 1.000000e-06 8.959322e-05    38.35723 -3.218918e+02   5368.8845
[22,]   22 1.000000e+01 1.000000e-06    44.54227 -2.237499e-07 -38459.9162
[23,]   23 3.322329e+00 6.015964e-05    38.16704  4.989786e-06  70595.7629
[24,]   24 1.105103e+00 7.980277e-05    39.28285  7.385416e-04  75538.9710
[25,]   25 3.660822e-01 8.634999e-05    39.69831  1.002481e-02  76636.8927
[26,]   26 1.191903e-01 8.853729e-05    39.83305  1.089401e-01  76417.8156
[27,]   27 3.686171e-02 8.926666e-05    39.85004  1.256706e+00  74354.5589
[28,]   28 9.825980e-03 8.950618e-05    39.72024  2.312050e+01  62238.7149
[29,]   29 1.800118e-03 8.957728e-05    38.91338  2.083576e+02  18625.3902
[30,]   30 2.387809e-04 8.959112e-05    38.41028  6.707151e+02  10342.6204
[31,]   31 6.441384e-05 8.959266e-05    38.31622  4.344409e+02   7332.0547
[32,]   32 2.799326e-05 8.959298e-05    38.32625  1.162993e+02   6334.4499
[33,]   33 1.617372e-04 2.564785e-05    37.55752 -9.601403e+02  12297.5340
[34,]   34 2.132893e-04 1.000000e-06    44.26179  0.000000e+00 -57033.3221
[35,]   35 1.622096e-04 2.542202e-05    37.55990 -9.492071e+02  12257.9536
[36,]   36 1.617372e-04 2.564785e-05    37.55752 -9.601403e+02  12297.5340
[37,]   37 2.751957e-04 1.000000e-06    44.31330  7.468082e+02 -56971.4010
[38,]   38 1.629419e-04 2.538616e-05    37.55981 -9.402437e+02  12265.9360
[39,]   39 1.618881e-04 2.561507e-05    37.55779 -9.576421e+02  12293.7173
[40,]   40 1.617565e-04 2.564367e-05    37.55755 -9.598219e+02  12297.0500
[41,]   41 1.617397e-04 2.564732e-05    37.55752 -9.600996e+02  12297.4722
[42,]   42 1.617376e-04 2.564778e-05    37.55752 -9.601351e+02  12297.5261
[43,]   43 1.617373e-04 2.564784e-05    37.55752 -9.601396e+02  12297.5330
[44,]   44 1.617372e-04 2.564785e-05    37.55752 -9.601402e+02  12297.5339
[45,]   45 1.617372e-04 2.564785e-05    37.55752 -9.601402e+02  12297.5340
[46,]   46 1.617372e-04 2.564785e-05    37.55752 -9.601403e+02  12297.5340
[47,]   47 1.617372e-04 2.564785e-05    37.55752 -9.601403e+02  12297.5340
[48,]   48 1.617372e-04 2.564785e-05    37.55752 -9.601403e+02  12297.5340
[49,]   49 1.617372e-04 2.564785e-05    37.55752 -9.601403e+02  12297.5340
[50,]   50 1.617372e-04 2.564785e-05    37.55752 -9.601403e+02  12297.5340
[51,]   51 1.617372e-04 2.564785e-05    37.55752 -9.601403e+02  12297.5340
[52,]   52 1.617372e-04 2.564785e-05    37.55752 -9.601403e+02  12297.5340
[53,]   53 1.617372e-04 2.564785e-05    37.55752 -9.601403e+02  12297.5340
[54,]   54 1.617372e-04 2.564785e-05    37.55752 -9.601403e+02  12297.5340
[55,]   55 1.000000e+01 1.000000e-06    44.54227 -2.237499e-07 -38459.9162
[56,]   56 3.328763e+00 1.744343e-05    37.60978 -2.798540e-05  42774.9461
[57,]   57 1.109598e+00 2.291328e-05    37.33872 -2.833103e-04  49565.4704
[58,]   58 3.695477e-01 2.473738e-05    37.29196 -2.441676e-03  51338.9202
[59,]   59 1.232818e-01 2.534438e-05    37.28167 -2.070132e-02  51666.0009
[60,]   60 1.242828e-01 1.000000e-06    44.54246 -1.535055e-03 -38642.3414
[61,]   61 1.233095e-01 2.467116e-05    37.29511 -2.065131e-02  51025.2210
[62,]   62 1.232857e-01 2.524998e-05    37.28343 -2.069562e-02  51577.4043
[63,]   63 1.232824e-01 2.533087e-05    37.28192 -2.069970e-02  51653.3465
[64,]   64 1.232819e-01 2.534244e-05    37.28171 -2.070087e-02  51664.1853
[65,]   65 1.232818e-01 2.534410e-05    37.28168 -2.070035e-02  51665.7402
[66,]   66 1.232818e-01 2.534434e-05    37.28168 -2.070127e-02  51665.9635
[67,]   67 1.232818e-01 2.534437e-05    37.28168 -2.070131e-02  51665.9955
[68,]   68 1.232818e-01 2.534438e-05    37.28168 -2.070072e-02  51666.0001
[69,]   69 1.232818e-01 2.534438e-05    37.28167 -2.070066e-02  51666.0008
[70,]   70 1.232818e-01 2.534438e-05    37.28167 -2.070065e-02  51666.0009
[71,]   71 1.232818e-01 2.534438e-05    37.28167 -2.070110e-02  51666.0009
[72,]   72 1.232818e-01 2.534438e-05    37.28167 -2.070098e-02  51666.0009
[73,]   73 1.232818e-01 2.534438e-05    37.28167 -2.070132e-02  51666.0009
[74,]   74 1.232818e-01 2.534438e-05    37.28167 -2.070132e-02  51666.0009
[75,]   75 1.232818e-01 2.534438e-05    37.28167 -2.070098e-02  51666.0009
[76,]   76 1.232818e-01 2.534438e-05    37.28167 -2.070098e-02  51666.0009

