[22;0t]0;IPython: scripts/01_msprime_simulations$par
[1] 0.006008972 0.691109901

$value
[1] -54552.7

$counts
function gradient 
      35       35 

$convergence
[1] 0

$message
[1] "CONVERGENCE: REL_REDUCTION_OF_F <= FACTR*EPSMCH"

$loginfo
      step         par1       par2        fn           gr1           gr2
 [1,]    1 0.1000000000  0.0100000 131698.33  7.264771e+04 -3.414432e+06
 [2,]    2 0.0000010000 10.0000000  57460.83 -4.339622e+06  3.558620e+02
 [3,]    3 2.9638335979 10.0000000  64787.89  2.070634e+03  1.760627e+02
 [4,]    4 0.9870561956 10.0000000  59708.30  3.188805e+03  2.209683e+02
 [5,]    5 0.3287952120 10.0000000  57443.75  3.650218e+03  2.916281e+02
 [6,]    6 0.1094834494 10.0000000  56667.90  3.134752e+03  3.330165e+02
 [7,]    7 0.1094044160  9.9990245  56667.32  3.134179e+03  3.329971e+02
 [8,]    8 0.1090882826  9.9951224  56665.03  3.131876e+03  3.329143e+02
 [9,]    9 0.1078237491  9.9795142  56655.89  3.122506e+03  3.326328e+02
[10,]   10 0.1027656150  9.9170813  56619.44  3.082533e+03  3.323480e+02
[11,]   11 0.0825330787  9.6673497  56474.99  2.878768e+03  3.428778e+02
[12,]   12 0.0016029336  8.6684234  56255.62 -7.166084e+04  3.475213e+02
[13,]   13 0.0748065607  9.5719808  56420.14  2.767304e+03  3.495329e+02
[14,]   14 0.0382047472  9.1202021  56178.08  1.299467e+03  3.540896e+02
[15,]   15 0.0000010000  8.6507447  57021.13 -4.632349e+06  3.243031e+02
[16,]   16 0.0235883328  8.9405918  56108.86 -8.490610e+02  3.525259e+02
[17,]   17 0.0001090181  8.6457511  56547.90 -1.662852e+06  3.464860e+02
[18,]   18 0.0149138019  8.8316617  56089.36 -4.115902e+03  3.609389e+02
[19,]   19 0.0137595501  8.8129840  56087.79 -4.866222e+03  3.610923e+02
[20,]   20 0.0122487211  8.7733852  56081.72 -6.077954e+03  3.605295e+02
[21,]   21 0.0081583361  8.5293635  56028.51 -1.154672e+04  3.616776e+02
[22,]   22 0.0004305619  7.4539767  56047.32 -2.965987e+05  2.147715e+02
[23,]   23 0.0038877863  7.9350795  55904.13 -2.879986e+04  3.122390e+02
[24,]   24 0.0049741314  6.2904084  55453.71 -2.312445e+04  2.361969e+02
[25,]   25 0.0095420368  1.1924099  54610.34  2.393704e+03  2.082468e+02
[26,]   26 0.0093702556  0.0000010 460416.05  1.200665e+05 -1.704819e+09
[27,]   27 0.0094847615  0.7948370  54569.89  7.121992e+03  3.014257e+01
[28,]   28 0.0081357507  0.6894477  54560.55  6.609412e+03 -5.426871e+01
[29,]   29 0.0040673791  0.6762806  54562.83 -1.213117e+04  1.634894e+01
[30,]   30 0.0061217490  0.6829294  54552.86  6.656570e+02 -2.943513e+01
[31,]   31 0.0060514099  0.7123529  54553.58 -3.082435e+02  8.140166e+01
[32,]   32 0.0061018694  0.6912453  54552.72  3.886127e+02 -1.644932e+00
[33,]   33 0.0059586120  0.6905873  54552.70 -2.051170e+02 -8.747154e-01
[34,]   34 0.0060098390  0.6911780  54552.70  2.551382e+00  2.083553e-01
[35,]   35 0.0060089721  0.6911099  54552.70  4.045884e-01 -3.417637e-02

