[22;0t]0;IPython: scripts/01_msprime_simulations$par
[1] 0.12039581 0.00463385

$value
[1] -2927.979

$counts
function gradient 
      33       33 

$convergence
[1] 0

$message
[1] "CONVERGENCE: REL_REDUCTION_OF_F <= FACTR*EPSMCH"

$loginfo
      step       par1        par2       fn           gr1           gr2
 [1,]    1 0.10000000 0.010000000 3030.718  1.408013e+02  2.511898e+04
 [2,]    2 0.00001000 0.000010000 4674.097  1.226621e+05 -1.065560e+07
 [3,]    3 0.06382593 0.006385849 2948.127 -7.552016e+01  1.723853e+04
 [4,]    4 0.02727097 0.000010000 5164.391  2.830521e+03 -1.089718e+07
 [5,]    5 0.05164050 0.004260489 2930.297 -5.985958e+01 -3.678078e+03
 [6,]    6 0.05494159 0.004671566 2929.890 -8.042432e+01  2.555775e+03
 [7,]    7 0.05484681 0.004545307 2929.685 -7.313809e+01  7.410345e+02
 [8,]    8 0.05601722 0.004502269 2929.586 -6.742226e+01  9.845610e+00
 [9,]    9 0.06192547 0.004439953 2929.279 -5.073137e+01 -1.352624e+03
[10,]   10 0.07395874 0.004429239 2928.814 -3.101948e+01 -2.168952e+03
[11,]   11 0.09545116 0.004519434 2928.201 -1.244114e+01 -1.410738e+03
[12,]   12 0.11266200 0.004618197 2927.993 -3.492086e+00 -1.415209e+02
[13,]   13 0.11790351 0.004639605 2927.981 -1.214378e+00  1.267588e+02
[14,]   14 0.12000877 0.004635342 2927.979 -1.998759e-01  2.797518e+01
[15,]   15 0.12039581 0.004633850 2927.979 -1.020535e-02 -1.673298e+00
[16,]   16 0.12042511 0.004633988 2927.979  6.781238e-04  1.968597e-01
[17,]   17 0.12039699 0.004633856 2927.979 -9.764142e-03 -1.597513e+00
[18,]   18 0.12039586 0.004633850 2927.979 -1.018658e-02 -1.670085e+00
[19,]   19 0.12039581 0.004633850 2927.979 -1.020454e-02 -1.673162e+00
[20,]   20 0.12039581 0.004633850 2927.979 -1.020534e-02 -1.673292e+00
[21,]   21 0.12039581 0.004633850 2927.979 -1.020532e-02 -1.673298e+00
[22,]   22 0.12039581 0.004633850 2927.979 -1.020536e-02 -1.673298e+00
[23,]   23 0.12039581 0.004633850 2927.979 -1.020534e-02 -1.673298e+00
[24,]   24 0.12039581 0.004633850 2927.979 -1.020536e-02 -1.673298e+00
[25,]   25 0.12039581 0.004633850 2927.979 -1.020534e-02 -1.673298e+00
[26,]   26 0.12039581 0.004633850 2927.979 -1.020536e-02 -1.673298e+00
[27,]   27 0.12039581 0.004633850 2927.979 -1.020537e-02 -1.673298e+00
[28,]   28 0.12039581 0.004633850 2927.979 -1.020536e-02 -1.673298e+00
[29,]   29 0.12039581 0.004633850 2927.979 -1.020534e-02 -1.673298e+00

