[22;0t]0;IPython: scripts/01_msprime_simulations$par
[1] 0.000001000 0.002745809

$value
[1] -79.96106

$counts
function gradient 
      30       30 

$convergence
[1] 0

$message
[1] "CONVERGENCE: REL_REDUCTION_OF_F <= FACTR*EPSMCH"

$loginfo
      step  par1         par2          fn       gr1           gr2
 [1,]    1 1e-01  0.010000000   323.11233  2259.370  2.909606e+03
 [2,]    2 1e-06  0.000001000    93.40993 35625.078 -1.527422e+05
 [3,]    3 1e-06 10.000000000 24349.66505  2416.099  2.324007e+03
 [4,]    4 1e-06  3.255002120  8183.80073  2416.074  2.469240e+03
 [5,]    5 1e-06  1.059191710  2712.18702  2415.984  2.512858e+03
 [6,]    6 1e-06  0.344771922   914.49394  2415.695  2.514821e+03
 [7,]    7 1e-06  0.112356145   332.54751  2414.787  2.477917e+03
 [8,]    8 1e-06  0.036729879   148.20413  2411.407  2.351296e+03
 [9,]    9 1e-06  0.012101264    93.36653  2393.860  1.963954e+03
[10,]   10 1e-06  0.004054541    80.56187  2260.732  8.158694e+02
[11,]   11 1e-06  0.004033005    80.54439  2259.100  8.066470e+02
[12,]   12 1e-06  0.003946857    80.47649  2252.293  7.687511e+02
[13,]   13 1e-06  0.003602267    80.23978  2219.760  5.990788e+02
[14,]   14 1e-06  0.002352453    80.03379  1980.907 -3.760400e+02
[15,]   15 1e-06  0.002834425    79.96456  2098.901  7.686563e+01
[16,]   16 1e-06  0.002752626    79.96109  2080.412  5.913142e+00
[17,]   17 1e-06  0.002745809    79.96106  2078.818 -1.450867e-01
[18,]   18 1e-06  0.002745972    79.96106  2078.856  2.571659e-04
[19,]   19 1e-06  0.002745814    79.96106  2078.819 -1.406732e-01
[20,]   20 1e-06  0.002745809    79.96106  2078.818 -1.449485e-01
[21,]   21 1e-06  0.002745809    79.96106  2078.818 -1.450824e-01
[22,]   22 1e-06  0.002745809    79.96106  2078.818 -1.450866e-01
[23,]   23 1e-06  0.002745809    79.96106  2078.818 -1.450866e-01
[24,]   24 1e-06  0.002745809    79.96106  2078.818 -1.450866e-01
[25,]   25 1e-06  0.002745809    79.96106  2078.818 -1.450866e-01
[26,]   26 1e-06  0.002745809    79.96106  2078.818 -1.450866e-01
[27,]   27 1e-06  0.002745809    79.96106  2078.818 -1.450866e-01

