[22;0t]0;IPython: scripts/01_msprime_simulations$par
[1] 0.031615075 0.004607256

$value
[1] -2903.313

$counts
function gradient 
      27       27 

$convergence
[1] 0

$message
[1] "CONVERGENCE: REL_REDUCTION_OF_F <= FACTR*EPSMCH"

$loginfo
      step       par1         par2       fn           gr1           gr2
 [1,]    1 0.10000000 0.0100000000 2993.066  2.477091e+02  2.177302e+04
 [2,]    2 0.00000100 0.0000010000 5718.453  1.220275e+05 -2.083085e+07
 [3,]    3 0.06511177 0.0065114913 2920.012  8.525175e+01  1.437448e+04
 [4,]    4 0.01522992 0.0004270372 3437.081  5.202067e+03 -9.242378e+05
 [5,]    5 0.04868576 0.0045078905 2904.394  9.027421e+01 -3.093440e+03
 [6,]    6 0.04981929 0.0047781497 2904.164  7.422637e+01  5.766526e+02
 [7,]    7 0.04874714 0.0047080726 2904.072  7.581803e+01 -2.672793e+02
 [8,]    8 0.04606519 0.0046288870 2903.926  7.386356e+01 -1.144699e+03
 [9,]    9 0.03901014 0.0045221363 2903.626  5.708688e+01 -1.994673e+03
[10,]   10 0.02986091 0.0044793999 2903.400  1.916568e+00 -1.429810e+03
[11,]   11 0.03138549 0.0045511727 2903.330  5.287803e+00 -6.908246e+02
[12,]   12 0.03144247 0.0046070989 2903.313 -1.471401e+00  1.959698e+01
[13,]   13 0.03165071 0.0046076554 2903.313  2.579614e-01  4.620496e-01
[14,]   14 0.03161508 0.0046072558 2903.313  2.216855e-03 -1.177961e-01
[15,]   15 0.03161491 0.0046072755 2903.313 -1.715052e-03  1.526823e-01
[16,]   16 0.03161507 0.0046072558 2903.313  2.210625e-03 -1.173671e-01
[17,]   17 0.03161508 0.0046072558 2903.313  2.216868e-03 -1.177954e-01
[18,]   18 0.03161508 0.0046072558 2903.313  2.216859e-03 -1.177961e-01
[19,]   19 0.03161508 0.0046072558 2903.313  2.216841e-03 -1.177961e-01
[20,]   20 0.03161508 0.0046072558 2903.313  2.216859e-03 -1.177961e-01
[21,]   21 0.03161508 0.0046072558 2903.313  2.216855e-03 -1.177961e-01
[22,]   22 0.03161508 0.0046072558 2903.313  2.216848e-03 -1.177961e-01
[23,]   23 0.03161508 0.0046072558 2903.313  2.216855e-03 -1.177961e-01
[24,]   24 0.03161508 0.0046072558 2903.313  2.216857e-03 -1.177961e-01

