[22;0t]0;IPython: scripts/01_msprime_simulations$par
[1] 0.027551425 0.004574334

$value
[1] -2973.423

$counts
function gradient 
      16       16 

$convergence
[1] 0

$message
[1] "CONVERGENCE: REL_REDUCTION_OF_F <= FACTR*EPSMCH"

$loginfo
      step       par1         par2       fn           gr1           gr2
 [1,]    1 0.10000000 0.0100000000 3061.246  2.159393e+02  2.156696e+04
 [2,]    2 0.00000100 0.0000010000 5880.047  1.227066e+05 -2.143084e+07
 [3,]    3 0.06521493 0.0065218057 2990.435  6.496954e+01  1.419164e+04
 [4,]    4 0.01602603 0.0005294907 3446.147  4.661404e+03 -7.334428e+05
 [5,]    5 0.04923889 0.0045755655 2974.972  1.000563e+02 -2.380659e+03
 [6,]    6 0.04956662 0.0047593861 2974.805  8.690035e+01  1.497086e+02
 [7,]    7 0.04834301 0.0047308935 2974.698  8.776378e+01 -1.416511e+02
 [8,]    8 0.04344857 0.0046169232 2974.342  9.032165e+01 -1.301174e+03
 [9,]    9 0.01694843 0.0043013304 2974.559 -2.335501e+02 -1.195678e+03
[10,]   10 0.02972210 0.0044534533 2973.586  4.418250e+01 -1.953385e+03
[11,]   11 0.02299989 0.0044887287 2973.574 -6.773203e+01 -2.863467e+02
[12,]   12 0.02668959 0.0044693667 2973.483  4.874417e+00 -1.226926e+03
[13,]   13 0.02765933 0.0045690622 2973.423  2.092321e+00 -8.333413e+01
[14,]   14 0.02754738 0.0045742805 2973.423 -2.342980e-01 -6.423895e-02
[15,]   15 0.02756860 0.0045745625 2973.423  1.303379e-02  2.300031e-01
[16,]   16 0.02755142 0.0045743343 2973.423 -1.871080e-01 -8.432971e-03

