[22;0t]0;IPython: scripts/01_msprime_simulations$par
[1] 0.004644946 0.004055129

$value
[1] -2782.128

$counts
function gradient 
      20       20 

$convergence
[1] 0

$message
[1] "CONVERGENCE: REL_REDUCTION_OF_F <= FACTR*EPSMCH"

$loginfo
      step        par1        par2       fn           gr1           gr2
 [1,]    1 0.100000000 0.010000000 2881.639  3.643230e+02  1.919369e+04
 [2,]    2 0.000001000 0.000001000 5482.277  1.216596e+05 -1.995394e+07
 [3,]    3 0.065135572 0.006513871 2812.035  1.762782e+02  1.339382e+04
 [4,]    4 0.030578072 0.000001000 5948.043  2.517634e+03 -2.020327e+07
 [5,]    5 0.053657414 0.004350643 2795.911  1.719476e+02 -4.025989e+03
 [6,]    6 0.052283362 0.004737641 2795.176  1.605654e+02  1.137413e+03
 [7,]    7 0.048316755 0.004686376 2794.477  1.687354e+02  6.580364e+02
 [8,]    8 0.032450327 0.004481317 2791.444  2.276186e+02 -9.612587e+02
 [9,]    9 0.000001000 0.004061938 2828.221 -1.971383e+05  4.048770e+02
[10,]   10 0.020405274 0.004325645 2788.324  3.410491e+02 -1.546144e+03
[11,]   11 0.006945788 0.004151694 2782.686  4.006257e+02 -2.964667e+02
[12,]   12 0.002483471 0.004094022 2783.624 -1.787332e+03  1.377131e+03
[13,]   13 0.006945788 0.004151694 2782.686  4.006257e+02 -2.964667e+02
[14,]   14 0.000001000 0.004242270 2828.267 -1.943667e+05  2.065720e+02
[15,]   15 0.004615237 0.004182089 2782.186 -7.209088e+01  8.532297e+02
[16,]   16 0.004880613 0.004122510 2782.146  4.523572e+01  3.502052e+02
[17,]   17 0.004685917 0.004059484 2782.129  1.169244e+01  9.708442e+00
[18,]   18 0.004644086 0.004055122 2782.128 -9.392106e-01  1.232429e+00
[19,]   19 0.004646757 0.004055142 2782.128  1.734850e-02 -6.592934e-02
[20,]   20 0.004644946 0.004055129 2782.128 -6.309797e-01  8.142601e-01

