[22;0t]0;IPython: scripts/01_msprime_simulations$par
[1] 0.0000010000 0.0001119765

$value
[1] -58.71313

$counts
function gradient 
      38       38 

$convergence
[1] 0

$message
[1] "CONVERGENCE: REL_REDUCTION_OF_F <= FACTR*EPSMCH"

$loginfo
      step  par1         par2          fn       gr1          gr2
 [1,]    1 1e-01 1.000000e-02   307.21412  2270.624   2941.99284
 [2,]    2 1e-06 1.000000e-06    68.39193 20365.671 -97292.37419
 [3,]    3 1e-06 1.000000e+01 24347.08679  2416.099   2324.22237
 [4,]    4 1e-06 3.212076e+00  8072.82826  2416.073   2470.78926
 [5,]    5 1e-06 1.031199e+00  2634.57321  2415.980   2515.24836
 [6,]    6 1e-06 3.311507e-01   870.69397  2415.678   2520.34073
 [7,]    7 1e-06 1.064841e-01   306.18502  2414.731   2493.40900
 [8,]    8 1e-06 3.436509e-02   128.57421  2411.802   2396.44854
 [9,]    9 1e-06 1.119220e-02    75.27321  2402.819   2095.70281
[10,]   10 1e-06 3.724474e-03    61.78768  2371.105   1199.84316
[11,]   11 1e-06 3.679114e-03    61.73362  2370.404   1183.28251
[12,]   12 1e-06 3.497675e-03    61.52515  2367.360   1112.74506
[13,]   13 1e-06 2.771919e-03    60.84247  2349.635    738.77422
[14,]   14 1e-06 1.245632e-03    60.63102  3198.358     48.54732
[15,]   15 1e-06 1.138280e-03    60.61027  3686.182    378.90865
[16,]   16 1e-06 7.088732e-04    60.15835  6177.564   1508.06122
[17,]   17 1e-06 1.000000e-06    68.39193     0.000 -97292.37419
[18,]   18 1e-06 4.909609e-04    59.79903  7643.803   1862.19411
[19,]   19 1e-06 2.586851e-04    59.26447  9617.397   3057.26263
[20,]   20 1e-06 2.368691e-04    59.19723  9672.149   3255.26772
[21,]   21 1e-06 2.229530e-04    59.15203  9658.793   3389.53323
[22,]   22 1e-06 1.119765e-04    58.71313  6057.761  -2256.68604
[23,]   23 1e-06 1.221758e-03    60.62948  3295.356    114.04812
[24,]   24 1e-06 2.599904e-04    59.26836  9611.818   3045.97271
[25,]   25 1e-06 1.261848e-04    58.77736  7104.959   2375.99583
[26,]   26 1e-06 1.130694e-04    58.71812  6147.341  -1536.69579
[27,]   27 1e-06 1.120428e-04    58.71343  6063.243  -2209.17684
[28,]   28 1e-06 1.119804e-04    58.71315  6058.083  -2253.88646
[29,]   29 1e-06 1.119767e-04    58.71313  6057.780  -2256.52227
[30,]   30 1e-06 1.119765e-04    58.71313  6057.762  -2256.67647
[31,]   31 1e-06 1.119765e-04    58.71313  6057.761  -2256.68548
[32,]   32 1e-06 1.119765e-04    58.71313  6057.761  -2256.68601
[33,]   33 1e-06 1.119765e-04    58.71313  6057.761  -2256.68604
[34,]   34 1e-06 1.119765e-04    58.71313  6057.761  -2256.68602
[35,]   35 1e-06 1.119765e-04    58.71313  6057.761  -2256.68604
[36,]   36 1e-06 1.119765e-04    58.71313  6057.761  -2256.68604
[37,]   37 1e-06 1.119765e-04    58.71313  6057.761  -2256.68604

