[22;0t]0;IPython: scripts/01_msprime_simulations$par
[1] 0.007154247 1.796582829

$value
[1] -18768.05

$counts
function gradient 
      34       34 

$convergence
[1] 0

$message
[1] "CONVERGENCE: REL_REDUCTION_OF_F <= FACTR*EPSMCH"

$loginfo
      step         par1      par2       fn           gr1           gr2
 [1,]    1 0.1000000000  0.010000 20574.05  6.793482e+03 -2.932114e+05
 [2,]    2 0.0000010000 10.000000 30322.20  2.416088e+03  1.825366e+03
 [3,]    3 0.0667858443  3.328127 19836.75  2.363666e+03  1.045159e+03
 [4,]    4 0.0889091326  1.117989 19009.72  1.963951e+03 -2.752481e+02
 [5,]    5 0.0814892638  1.118982 18995.15  1.889255e+03 -2.694137e+02
 [6,]    6 0.0518097885  1.122954 18944.44  1.385698e+03 -2.458795e+02
 [7,]    7 0.0000010000  1.130959 19172.10 -7.602342e+05 -7.516024e+02
 [8,]    8 0.0314799733  1.126095 18922.97  5.112974e+02 -2.417411e+02
 [9,]    9 0.0187381066  1.129101 18923.33 -9.048139e+02 -2.625419e+02
[10,]   10 0.0251432302  1.127590 18920.96 -3.068405e+01 -2.487355e+02
[11,]   11 0.0248014770  1.128724 18920.70 -6.575289e+01 -2.510640e+02
[12,]   12 0.0234344641  1.133258 18919.73 -2.140700e+02 -2.607583e+02
[13,]   13 0.0126424508  1.205361 18905.81 -1.907822e+03 -3.988032e+02
[14,]   14 0.0000010000  1.352325 18987.21 -4.552554e+05 -7.285945e+02
[15,]   15 0.0075573193  1.264479 18894.21 -3.482516e+03 -4.413590e+02
[16,]   16 0.0000010000  1.479316 18902.05 -2.857054e+05 -5.954643e+02
[17,]   17 0.0033749402  1.383390 18857.43 -6.039578e+03 -4.561582e+02
[18,]   18 0.0000010000  1.804083 18787.73 -5.658591e+04 -1.065451e+02
[19,]   19 0.0197147326  4.236378 20805.91  2.412737e+03  1.317267e+03
[20,]   20 0.0026488943  2.130782 18816.74  6.238602e+02  3.069210e+02
[21,]   21 0.0008548085  1.909426 18775.74 -3.142430e+03  6.422729e+01
[22,]   22 0.0010831066  1.814072 18773.85 -4.018077e+03 -4.289921e+01
[23,]   23 0.0010870512  1.843662 18773.09 -3.514183e+03 -7.757176e+00
[24,]   24 0.0011783001  1.849279 18772.77 -3.158538e+03  2.258847e-01
[25,]   25 0.0017926542  1.857854 18771.35 -1.841196e+03  1.763453e+01
[26,]   26 0.0026363626  1.850299 18770.04 -1.047339e+03  1.675698e+01
[27,]   27 0.0038699449  1.815024 18768.93 -6.909756e+02 -1.088773e+01
[28,]   28 0.0101125252  1.878556 18773.05  8.263934e+02  8.855745e+01
[29,]   29 0.0053246132  1.829828 18768.41 -1.242401e+02  1.616293e+01
[30,]   30 0.0060342450  1.812796 18768.15 -9.757450e+01  5.564803e+00
[31,]   31 0.0068597179  1.799397 18768.06 -3.474075e+01  1.699929e-01
[32,]   32 0.0071148043  1.796630 18768.05 -7.014470e+00 -2.589553e-01
[33,]   33 0.0071517721  1.796518 18768.05 -9.602699e-01 -8.178695e-02
[34,]   34 0.0071542469  1.796583 18768.05 -3.370202e-02 -1.040911e-02

