[22;0t]0;IPython: scripts/01_msprime_simulations$par
[1] 0.09117794 0.49270442

$value
[1] -53832.16

$counts
function gradient 
      31       31 

$convergence
[1] 0

$message
[1] "CONVERGENCE: REL_REDUCTION_OF_F <= FACTR*EPSMCH"

$loginfo
      step       par1       par2        fn           gr1           gr2
 [1,]    1 0.10000000  0.0100000 117999.33  6.658464e+04 -3.024118e+06
 [2,]    2 0.00000100 10.0000000  61707.22 -9.360293e+06  4.495417e+02
 [3,]    3 1.56069353 10.0000000  61332.46  2.078565e+03  3.109243e+02
 [4,]    4 0.51953640 10.0000000  59114.44  1.959824e+03  3.925560e+02
 [5,]    5 0.17312247 10.0000000  58629.17  1.535796e+02  4.212121e+02
 [6,]    6 0.17311963  9.9985797  58628.57  1.536473e+02  4.211795e+02
 [7,]    7 0.17310825  9.9928984  58626.18  1.539223e+02  4.210449e+02
 [8,]    8 0.17306273  9.9701731  58616.61  1.550769e+02  4.205144e+02
 [9,]    9 0.17288067  9.8792722  58578.45  1.606120e+02  4.185422e+02
[10,]   10 0.17215241  9.5156684  58427.13  1.963268e+02  4.140129e+02
[11,]   11 0.16923938  8.0612533  57824.56  4.191951e+02  4.193848e+02
[12,]   12 0.15758728  2.2435927  55358.97  1.557797e+03  5.847809e+02
[13,]   13 0.15309362  0.0000010 421962.40  0.000000e+00 -1.519776e+09
[14,]   14 0.15608552  1.4937985  54831.32  1.324104e+03  8.699864e+02
[15,]   15 0.15409124  0.4980947  53911.15  2.048213e+03 -7.134306e+02
[16,]   16 0.15498545  0.9445522  54250.89  8.631179e+02  1.177697e+03
[17,]   17 0.15409124  0.4980947  53911.15  2.048213e+03 -7.134306e+02
[18,]   18 0.16594323  6.4580548  57172.78  7.268144e+02  3.831631e+02
[19,]   19 0.15587601  1.3955942  54742.20  1.259908e+03  9.410282e+02
[20,]   20 0.15430492  0.6055441  53909.81  1.217046e+03  4.955866e+02
[21,]   21 0.15418443  0.5612018  53895.28  1.478820e+03  1.284654e+02
[22,]   22 0.15410704  0.5451447  53894.45  1.597918e+03 -4.354016e+01
[23,]   23 0.15409282  0.5484804  53894.35  1.571471e+03 -5.566828e+00
[24,]   24 0.06082281  0.4845981  53872.21 -3.266257e+03  3.631875e+02
[25,]   25 0.12220398  0.5266392  53851.20  1.050415e+03  2.900923e+01
[26,]   26 0.05294993  0.4700947  53897.84 -4.653570e+03  3.611908e+02
[27,]   27 0.09550256  0.5048380  53832.93  1.176716e+02  8.263775e+01
[28,]   28 0.08944566  0.4916746  53832.25 -1.060525e+02  1.198583e+01
[29,]   29 0.09138233  0.4924007  53832.17  1.811364e+01 -6.447992e+00
[30,]   30 0.09119112  0.4927618  53832.16  1.500129e-01  5.325449e-01
[31,]   31 0.09117794  0.4927044  53832.16  5.212147e-02  3.086912e-02

