[22;0t]0;IPython: scripts/01_msprime_simulations$par
[1] 0.005572395 0.051653337

$value
[1] -18443.36

$counts
function gradient 
      33       33 

$convergence
[1] 0

$message
[1] "CONVERGENCE: REL_REDUCTION_OF_F <= FACTR*EPSMCH"

$loginfo
      step        par1        par2       fn           gr1           gr2
 [1,]    1 0.100000000  0.01000000 21757.09  8.839770e+03 -3.272721e+05
 [2,]    2 0.000001000 10.00000000 30772.11  2.414858e+03  1.787803e+03
 [3,]    3 0.066760593  3.33064996 20587.99  2.263991e+03  1.074761e+03
 [4,]    4 0.043764708  3.31954930 20525.25  2.140934e+03  1.068867e+03
 [5,]    5 0.000001000  3.29842352 20485.62 -2.465985e+05  1.004414e+03
 [6,]    6 0.043297306  3.31932367 20524.01  2.137170e+03  1.068724e+03
 [7,]    7 0.014407014  3.30537765 20453.68  1.496620e+03  1.055082e+03
 [8,]    8 0.000001000  3.27220708 20459.38 -2.531626e+05  9.972336e+02
 [9,]    9 0.006360138  3.28684931 20425.45  4.204115e+02  1.041466e+03
[10,]   10 0.000001000  3.02999022 20223.67 -2.815681e+05  9.336011e+02
[11,]   11 0.005416580  3.24873700 20385.74  3.260370e+01  1.031270e+03
[12,]   12 0.002708790  3.13936361 20276.84 -2.345824e+03  1.004607e+03
[13,]   13 0.020957973  0.00000100 63744.44  5.429587e+04 -2.299409e+08
[14,]   14 0.009104009  2.03920974 19344.36 -5.658154e+02  7.871220e+02
[15,]   15 0.017550619  0.00000100 63549.49  6.033846e+04 -2.299292e+08
[16,]   16 0.011993478  1.34162433 18911.24 -8.385977e+02  4.931175e+02
[17,]   17 0.019021534  0.15684053 18571.93  5.197088e+03  6.824929e+02
[18,]   18 0.019951895  0.00000100 63688.99  0.000000e+00 -2.299376e+08
[19,]   19 0.019331791  0.10453767 18531.32  4.937593e+03  9.117984e+02
[20,]   20 0.011535143  0.00000100 63145.77  7.491353e+04 -2.299042e+08
[21,]   21 0.016731925  0.06967894 18489.51  4.609760e+03  5.647061e+02
[22,]   22 0.000001000  0.01851485 19121.75 -2.158457e+06 -3.720754e+04
[23,]   23 0.010654312  0.05109326 18459.80  4.909480e+03 -8.604991e+02
[24,]   24 0.000001000  0.05766411 18928.81 -2.528679e+06  8.933790e+02
[25,]   25 0.006876344  0.05342347 18444.81  1.953289e+03  6.360811e+01
[26,]   26 0.000001000  0.03976759 18920.03 -2.621597e+06  4.158162e+02
[27,]   27 0.004598660  0.04889951 18444.68 -2.134086e+03 -2.574587e+02
[28,]   28 0.005873877  0.05143236 18443.47  6.608119e+02 -8.618296e+01
[29,]   29 0.005419751  0.05207396 18443.41 -4.198977e+02  9.002381e+01
[30,]   30 0.005579126  0.05164147 18443.36  1.684809e+01 -2.997692e+00
[31,]   31 0.005572513  0.05165323 18443.36  2.775583e-01 -3.811298e-02
[32,]   32 0.005572395  0.05165334 18443.36 -2.369252e-03 -1.126427e-03

