[22;0t]0;IPython: scripts/01_msprime_simulations$par
[1] 0.0009829559 0.0997042154

$value
[1] -14578.97

$counts
function gradient 
      67       67 

$convergence
[1] 0

$message
[1] "CONVERGENCE: REL_REDUCTION_OF_F <= FACTR*EPSMCH"

$loginfo
      step         par1        par2       fn           gr1           gr2
 [1,]    1 0.1000000000  0.01000000 17139.70  6.343208e+03 -2.387208e+05
 [2,]    2 0.0000010000 10.00000000 29299.92  2.416097e+03  1.910715e+03
 [3,]    3 0.0668734719  3.31937325 17727.57  2.481091e+03  1.439857e+03
 [4,]    4 0.0889415354  1.11475166 15386.82  3.420397e+03  6.102167e+02
 [5,]    5 0.0731479104  1.11190006 15330.89  3.435977e+03  6.399369e+02
 [6,]    6 0.0099734105  1.10049368 15116.39  2.265250e+03  7.289478e+02
 [7,]    7 0.0000010000  1.09385256 15201.22 -5.971912e+05  8.019096e+02
 [8,]    8 0.0060928265  1.09790941 15107.33  1.273159e+03  7.279437e+02
 [9,]    9 0.0000010000  1.07882820 15189.40 -5.966243e+05  7.703127e+02
[10,]   10 0.0037958478  1.09071466 15100.68 -2.480596e+02  7.192512e+02
[11,]   11 0.0009987509  1.05044525 15081.84 -1.024999e+04  6.737925e+02
[12,]   12 0.0018309036  0.90116347 14994.50 -4.510465e+03  7.120100e+02
[13,]   13 0.0051595143  0.30403636 14683.16  5.396988e+03  8.244012e+01
[14,]   14 0.0037164031  0.19976896 14617.47  7.389186e+03  3.843247e+02
[15,]   15 0.0009515184  0.00000100 47938.29  0.000000e+00 -1.771595e+08
[16,]   16 0.0027936343  0.13309722 14598.93  8.695467e+03  3.680303e+02
[17,]   17 0.0015672992  0.04449228 14594.76  1.345999e+04 -9.481919e+02
[18,]   18 0.0023146074  0.09848666 14587.28  9.508875e+03 -9.274160e+01
[19,]   19 0.0000010000  0.07480015 14669.54 -6.823224e+05 -5.375597e+02
[20,]   20 0.0014784448  0.08992610 14582.75  5.267663e+03 -1.201148e+02
[21,]   21 0.0000010000  0.16837899 14694.11 -6.731954e+05 -5.311161e+01
[22,]   22 0.0010109174  0.11475198 14584.15 -2.156332e+03  2.469189e+02
[23,]   23 0.0013051001  0.09913077 14579.74  4.206973e+03 -5.252073e+01
[24,]   24 0.0001130359  0.09836564 14599.88 -2.029774e+05 -8.749956e+01
[25,]   25 0.0008910062  0.09886498 14579.08 -1.782078e+03 -8.262226e+01
[26,]   26 0.0009551193  0.11135375 14583.14 -2.413871e+03  4.219652e+02
[27,]   27 0.0008950960  0.09966165 14579.04 -1.693957e+03 -2.770943e+00
[28,]   28 0.0010441173  0.09961160 14579.00  1.000081e+03 -9.531898e+00
[29,]   29 0.0009888433  0.09970035 14578.97  9.624578e+01 -4.119922e-01
[30,]   30 0.0009829559  0.09970422 14578.97 -6.064407e+00  4.860179e-02
[31,]   31 0.0009833048  0.09970377 14578.97  3.549535e-02  8.497682e-04
[32,]   32 0.0009829619  0.09970421 14578.97 -5.959659e+00  4.778339e-02
[33,]   33 0.0009829560  0.09970422 14578.97 -6.062577e+00  4.858611e-02
[34,]   34 0.0009829559  0.09970422 14578.97 -6.064374e+00  4.860087e-02
[35,]   35 0.0009829559  0.09970422 14578.97 -6.064406e+00  4.860138e-02
[36,]   36 0.0009829559  0.09970422 14578.97 -6.064407e+00  4.860179e-02
[37,]   37 0.0009829559  0.09970422 14578.97 -6.064407e+00  4.860179e-02
[38,]   38 0.0009829559  0.09970422 14578.97 -6.064406e+00  4.860164e-02
[39,]   39 0.0009829559  0.09970422 14578.97 -6.064407e+00  4.860179e-02
[40,]   40 0.0009829559  0.09970422 14578.97 -6.064407e+00  4.860177e-02
[41,]   41 0.0009829559  0.09970422 14578.97 -6.064406e+00  4.860173e-02
[42,]   42 0.0009829559  0.09970422 14578.97 -6.064407e+00  4.860177e-02
[43,]   43 0.0009829559  0.09970422 14578.97 -6.064407e+00  4.860177e-02
[44,]   44 0.0009829559  0.09970422 14578.97 -6.064407e+00  4.860174e-02
[45,]   45 0.0009829559  0.09970422 14578.97 -6.064407e+00  4.860177e-02
[46,]   46 0.0009829559  0.09970422 14578.97 -6.064407e+00  4.860177e-02
[47,]   47 0.0009829559  0.09970422 14578.97 -6.064407e+00  4.860179e-02
[48,]   48 0.0009829559  0.09970422 14578.97 -6.064407e+00  4.860177e-02
[49,]   49 0.0009829559  0.09970422 14578.97 -6.064407e+00  4.860177e-02
[50,]   50 0.0009829559  0.09970422 14578.97 -6.064407e+00  4.860181e-02
[51,]   51 6.0653897995  0.05110243 16339.21  1.698009e+01  1.782794e+04
[52,]   52 0.0192706112  0.09955765 14766.62  8.967294e+03 -1.369032e+02
[53,]   53 0.0009854969  0.09970420 14578.97  3.821928e+01  7.460594e-03
[54,]   54 0.0009829950  0.09970422 14578.97 -5.382064e+00  4.796982e-02
[55,]   55 0.0009829566  0.09970422 14578.97 -6.052634e+00  4.859127e-02
[56,]   56 0.0009829560  0.09970422 14578.97 -6.064202e+00  4.860332e-02
[57,]   57 0.0009829559  0.09970422 14578.97 -6.064403e+00  4.860185e-02
[58,]   58 0.0009829559  0.09970422 14578.97 -6.064403e+00  4.860187e-02
[59,]   59 0.0009829559  0.09970422 14578.97 -6.064302e+00  4.860227e-02
[60,]   60 0.0009829559  0.09970422 14578.97 -6.064401e+00  4.860161e-02
[61,]   61 0.0009829559  0.09970422 14578.97 -6.064403e+00  4.860187e-02
[62,]   62 0.0009829559  0.09970422 14578.97 -6.064403e+00  4.860187e-02
[63,]   63 0.0009829559  0.09970422 14578.97 -6.064402e+00  4.860171e-02
[64,]   64 0.0009829559  0.09970422 14578.97 -6.064402e+00  4.860170e-02
[65,]   65 0.0009829559  0.09970422 14578.97 -6.064401e+00  4.860161e-02
[66,]   66 0.0009829559  0.09970422 14578.97 -6.064402e+00  4.860170e-02
[67,]   67 0.0009829559  0.09970422 14578.97 -6.064402e+00  4.860170e-02

