[22;0t]0;IPython: scripts/01_msprime_simulations$par
[1] 0.007585441 1.286427823

$value
[1] -53481.89

$counts
function gradient 
      37       37 

$convergence
[1] 0

$message
[1] "CONVERGENCE: REL_REDUCTION_OF_F <= FACTR*EPSMCH"

$loginfo
      step        par1       par2        fn           gr1           gr2
 [1,]    1 0.100000000  0.0100000 131486.69  7.146537e+04 -3.420308e+06
 [2,]    2 0.000001000 10.0000000  56669.05 -4.192213e+06  3.605967e+02
 [3,]    3 3.018195468 10.0000000  64461.83  2.069332e+03  2.723457e+02
 [4,]    4 1.005075977 10.0000000  59222.09  3.302071e+03  3.028562e+02
 [5,]    5 0.334752217 10.0000000  56791.36  3.916442e+03  3.470536e+02
 [6,]    6 0.111617412 10.0000000  55937.50  3.430448e+03  3.821712e+02
 [7,]    7 0.111526158  9.9988823  55936.76  3.429785e+03  3.821417e+02
 [8,]    8 0.111161141  9.9944114  55933.80  3.427124e+03  3.820173e+02
 [9,]    9 0.109701073  9.9765277  55921.98  3.416296e+03  3.815632e+02
[10,]   10 0.103860804  9.9049931  55874.92  3.369167e+03  3.802622e+02
[11,]   11 0.080499726  9.6188546  55690.11  3.089769e+03  3.876909e+02
[12,]   12 0.000001000  8.6328649  56138.76 -4.475579e+06  3.941080e+02
[13,]   13 0.041950452  9.1466833  55395.17  1.862073e+03  4.086862e+02
[14,]   14 0.000001000  8.6379164  56140.75 -4.475863e+06  3.938305e+02
[15,]   15 0.025120890  8.9425728  55295.31 -9.804523e+01  3.968221e+02
[16,]   16 0.000001000  8.6317775  56138.34 -4.475509e+06  3.941753e+02
[17,]   17 0.016026234  8.8300494  55262.80 -2.922238e+03  3.908539e+02
[18,]   18 0.010031545  8.7507453  55261.20 -7.497721e+03  3.874065e+02
[19,]   19 0.013109517  8.7914640  55258.65 -4.650399e+03  3.882816e+02
[20,]   20 0.012310080  8.7772538  55257.09 -5.258426e+03  3.872960e+02
[21,]   21 0.010382129  8.6478615  55219.18 -6.954229e+03  3.802401e+02
[22,]   22 0.000001000  6.9949870  55601.08 -4.502696e+06  3.340985e+02
[23,]   23 0.005422701  7.8582255  54997.34 -1.780299e+04  3.113161e+02
[24,]   24 0.006965498  5.3297741  54337.97 -1.263262e+04  1.708376e+02
[25,]   25 0.011414793  2.2799142  53741.79  3.698273e+02  1.158177e+02
[26,]   26 0.011503383  0.0000010 460736.26  1.173271e+05 -1.705097e+09
[27,]   27 0.011444334  1.5196532  53539.73  4.535730e+03  2.933768e+02
[28,]   28 0.011473859  0.7598271  53496.24  1.209841e+04 -1.336872e+02
[29,]   29 0.011462397  1.0548024  53512.42  7.759398e+03 -4.500441e+01
[30,]   30 0.009040660  1.2886584  53484.21  3.006774e+03 -9.528019e-01
[31,]   31 0.007158380  1.2559392  53482.79 -1.008722e+03 -4.054907e+01
[32,]   32 0.006385958  1.4157292  53504.87 -4.421206e+03  2.902635e+02
[33,]   33 0.007079256  1.2723075  53482.37 -1.301883e+03 -2.110164e+01
[34,]   34 0.008051282  1.2994241  53482.29  1.043183e+03  2.454549e+01
[35,]   35 0.007585306  1.2864247  53481.89 -1.326442e+00 -1.799115e-02
[36,]   36 0.007585825  1.2864366  53481.89 -7.513299e-02  1.886838e-03
[37,]   37 0.007585441  1.2864278  53481.89 -1.000739e+00 -1.281638e-02

