[22;0t]0;IPython: scripts/01_msprime_simulations$par
[1] 0.05036248 0.04935300

$value
[1] -17865.93

$counts
function gradient 
      38       38 

$convergence
[1] 0

$message
[1] "CONVERGENCE: REL_REDUCTION_OF_F <= FACTR*EPSMCH"

$loginfo
      step        par1        par2       fn           gr1           gr2
 [1,]    1 0.100000000  0.01000000 20433.44  7.355813e+03 -2.974057e+05
 [2,]    2 0.000001000 10.00000000 30318.34  2.416088e+03  1.825688e+03
 [3,]    3 0.066787198  3.32799210 19824.19  2.334655e+03  1.052393e+03
 [4,]    4 0.088912836  1.11761881 18747.97  2.110887e+03  1.483754e+02
 [5,]    5 0.081053292  1.11700661 18731.63  2.020137e+03  1.637958e+02
 [6,]    6 0.049615119  1.11455781 18676.05  1.390445e+03  2.443548e+02
 [7,]    7 0.000001000  1.10926216 19037.22 -1.515867e+06 -4.616246e+01
 [8,]    8 0.031140749  1.11258592 18656.75  5.199236e+02  3.080855e+02
 [9,]    9 0.019218229  1.10998065 18656.42 -8.055213e+02  3.457757e+02
[10,]   10 0.025825385  1.11142442 18654.75  7.024868e+01  3.265691e+02
[11,]   11 0.024081283  1.10971629 18654.22 -1.134055e+02  3.345379e+02
[12,]   12 0.021790514  1.10380999 18652.76 -3.888772e+02  3.510503e+02
[13,]   13 0.015693193  1.07370769 18646.43 -1.493543e+03  4.289550e+02
[14,]   14 0.006187199  0.98776900 18632.90 -7.499166e+03  6.347596e+02
[15,]   15 0.005702460  0.89230092 18578.73 -8.320540e+03  5.707743e+02
[16,]   16 0.031821644  0.00000100 59858.23  3.944578e+04 -2.137244e+08
[17,]   17 0.014519914  0.59107352 18425.71 -3.701075e+02  1.832714e+02
[18,]   18 0.014010002  0.42972299 18377.76 -3.870444e+02  4.436474e+02
[19,]   19 0.012651962  0.00000100 58839.51  7.202196e+04 -2.136641e+08
[20,]   20 0.013555934  0.28604315 18309.79 -3.145854e+02  6.313787e+02
[21,]   21 0.012953686  0.09547515 18073.53 -5.319052e+03  2.609227e+03
[22,]   22 0.012752941  0.03195362 17956.41 -4.095643e+03 -6.023048e+03
[23,]   23 0.012893372  0.07639002 18020.04 -6.613720e+03  3.002723e+03
[24,]   24 0.012752941  0.03195362 17956.41 -4.095643e+03 -6.023048e+03
[25,]   25 0.015165939  0.57428040 18422.66 -1.581503e+02  1.630187e+02
[26,]   26 0.013386326  0.17430827 18215.24 -1.792474e+03  1.229596e+03
[27,]   27 0.012894961  0.06387304 17981.98 -7.369277e+03  3.014741e+03
[28,]   28 0.012799516  0.04242150 17934.18 -7.165868e+03  5.178845e+02
[29,]   29 0.022144169  0.04602997 17892.88 -2.933026e+03  6.733531e+02
[30,]   30 0.028007560  0.04705610 17880.09 -1.746475e+03  5.423315e+02
[31,]   31 0.036262008  0.04789996 17870.42 -7.763196e+02  2.522075e+02
[32,]   32 0.042837898  0.04853545 17867.02 -3.231577e+02  8.122034e+01
[33,]   33 0.047616598  0.04907403 17866.06 -1.017067e+02  3.001187e+01
[34,]   34 0.049758923  0.04916304 17865.94 -1.343342e+01 -5.486455e+01
[35,]   35 0.051085188  0.05014578 17866.05 -1.493894e+01  3.227656e+02
[36,]   36 0.050011598  0.04935027 17865.93 -1.394788e+01  1.876428e+01
[37,]   37 0.050335228  0.04935268 17865.93 -1.076781e+00  1.404334e+00
[38,]   38 0.050362478  0.04935300 17865.93 -1.066284e-02  1.817953e-03

