[22;0t]0;IPython: scripts/01_msprime_simulations$par
[1] 0.009040415 0.050377575

$value
[1] -17507.02

$counts
function gradient 
      32       32 

$convergence
[1] 0

$message
[1] "CONVERGENCE: REL_REDUCTION_OF_F <= FACTR*EPSMCH"

$loginfo
      step         par1        par2       fn           gr1           gr2
 [1,]    1 0.1000000000  0.01000000 20525.83  8.234697e+03 -3.055783e+05
 [2,]    2 0.0000010000 10.00000000 30386.66  2.416088e+03  1.819984e+03
 [3,]    3 0.0667837845  3.32833311 19932.71  2.241183e+03  1.077786e+03
 [4,]    4 0.0889124531  1.11765701 18256.34  2.808550e+03  3.231243e+02
 [5,]    5 0.0787367338  1.11640829 18227.67  2.740830e+03  3.475172e+02
 [6,]    6 0.0380338564  1.11141340 18125.21  1.997054e+03  4.539494e+02
 [7,]    7 0.0000010000  1.10438393 18419.53 -1.568236e+06  3.777978e+02
 [8,]    8 0.0234086983  1.10871029 18100.51  1.061605e+03  4.781709e+02
 [9,]    9 0.0052904927  1.10334443 18115.43 -6.030394e+03  4.554808e+02
[10,]   10 0.0162688208  1.10659575 18095.15  4.204627e+01  4.793146e+02
[11,]   11 0.0149776832  1.10427129 18094.16 -2.390316e+02  4.789280e+02
[12,]   12 0.0121351283  1.08965917 18088.95 -1.071322e+03  4.782258e+02
[13,]   13 0.0074469751  1.03170251 18068.36 -3.465387e+03  6.064013e+02
[14,]   14 0.0000010000  0.88374922 18314.07 -1.621508e+06  5.138021e+02
[15,]   15 0.0046372462  0.97587253 18048.41 -7.570901e+03  6.223006e+02
[16,]   16 0.0001790611  0.67194175 18028.10 -2.475431e+05  5.337993e+02
[17,]   17 0.0040056191  0.93281220 18026.91 -9.272199e+03  6.213436e+02
[18,]   18 0.0020923401  0.80237698 17983.30 -2.107201e+04  4.153234e+02
[19,]   19 0.0066824523  0.41391847 17747.56 -4.234736e+03  3.585428e+02
[20,]   20 0.0093368943  0.00000100 59196.19  7.648310e+04 -2.161099e+08
[21,]   21 0.0075694018  0.27561299 17687.58 -2.557856e+03  5.436605e+02
[22,]   22 0.0084531481  0.13780699 17595.91 -1.198141e+03  9.036377e+02
[23,]   23 0.0090414863  0.04606512 17508.52  6.243453e+02 -7.514598e+02
[24,]   24 0.0087748244  0.08764676 17544.74 -1.279539e+03  1.213436e+03
[25,]   25 0.0090031392  0.05204473 17507.21 -2.089142e+02  2.178461e+02
[26,]   26 0.0093098850  0.00000100 59194.12  7.656378e+04 -2.161097e+08
[27,]   27 0.0091050270  0.03475805 17539.22  4.688761e+03 -5.852365e+03
[28,]   28 0.0090147316  0.05007793 17507.02  1.271673e+01 -3.946748e+01
[29,]   29 0.0090165151  0.05038171 17507.02 -2.118535e+01  3.312614e+00
[30,]   30 0.0090198811  0.05036174 17507.02 -1.596331e+01  1.386376e-01
[31,]   31 0.0090356315  0.05036985 17507.02 -3.248986e+00 -5.411573e-01
[32,]   32 0.0090404146  0.05037758 17507.02 -4.205995e-03 -1.210608e-02

