[22;0t]0;IPython: scripts/01_msprime_simulations$par
[1] 0.04666939 0.05050968

$value
[1] -18907.72

$counts
function gradient 
      34       34 

$convergence
[1] 0

$message
[1] "CONVERGENCE: REL_REDUCTION_OF_F <= FACTR*EPSMCH"

$loginfo
      step         par1        par2       fn           gr1           gr2
 [1,]    1 0.1000000000  0.01000000 21737.67  8.031193e+03 -3.230341e+05
 [2,]    2 0.0000010000 10.00000000 30729.57  2.413590e+03  1.791355e+03
 [3,]    3 0.0667611607  3.33059325 20610.19  2.361917e+03  9.471499e+02
 [4,]    4 0.0424872232  3.32070315 20543.50  2.364796e+03  9.407645e+02
 [5,]    5 0.0000010000  3.30339268 20426.46  2.385813e+03  9.296971e+02
 [6,]    6 0.0000010000  3.29386319 20417.62  2.385339e+03  9.255612e+02
 [7,]    7 0.0000010000  1.16124311 20070.11 -1.635997e+06  1.615420e+02
 [8,]    8 0.0011198427  0.00000100 61741.86  1.196450e+05 -2.283365e+08
 [9,]    9 0.0003868079  0.76081467 19537.70 -8.397187e+04  3.708997e+02
[10,]   10 0.0005384515  0.00000100 61671.47  1.224741e+05 -2.283354e+08
[11,]   11 0.0004376070  0.50594967 19537.18 -9.992703e+04  4.570205e+02
[12,]   12 0.0004880293  0.25297533 19429.38 -9.717860e+04  1.084105e+02
[13,]   13 0.0010947723  0.00000100 61738.86  1.197675e+05 -2.283364e+08
[14,]   14 0.0006904376  0.16858357 19373.65 -8.205013e+04  6.728756e+02
[15,]   15 0.0008926050  0.08429229 19281.76 -8.675087e+04  1.316038e+03
[16,]   16 0.0010270843  0.02822270 19196.16 -8.499539e+04 -1.088316e+03
[17,]   17 0.0009777016  0.04881227 19222.13 -9.132994e+04  1.463814e+03
[18,]   18 0.0010270843  0.02822270 19196.16 -8.499539e+04 -1.088316e+03
[19,]   19 0.0024301969  0.20861405 19322.80 -2.376592e+04  6.517249e+02
[20,]   20 0.0013110146  0.06472624 19221.31 -6.737297e+04  1.620738e+03
[21,]   21 0.0010931175  0.03671227 19194.46 -8.444115e+04  1.313970e+03
[22,]   22 0.0045769708  0.03358608 19056.19 -1.949022e+04 -9.807914e+02
[23,]   23 0.0057433813  0.03834671 19033.88 -1.652028e+04  2.850725e+02
[24,]   24 0.0095820238  0.04349083 18989.06 -9.395080e+03  8.134813e+02
[25,]   25 0.0138705075  0.04599538 18959.70 -5.743333e+03  9.226871e+02
[26,]   26 0.0199555898  0.04689350 18934.51 -3.081247e+03  5.790857e+02
[27,]   27 0.0268731364  0.04743353 18919.31 -1.535291e+03  1.255001e+02
[28,]   28 0.0360933683  0.05559383 18917.91 -8.565752e+02  2.076129e+03
[29,]   29 0.0434820010  0.04838651 18908.59 -1.567826e+01 -8.014734e+02
[30,]   30 0.0442115078  0.05056683 18907.87 -1.189967e+02  1.628387e+02
[31,]   31 0.0452998228  0.05040527 18907.76 -5.645030e+01  3.160960e+01
[32,]   32 0.0464665879  0.05045431 18907.73 -5.787019e+00 -1.315705e+01
[33,]   33 0.0466561656  0.05050362 18907.72 -2.215203e-01 -2.010140e+00
[34,]   34 0.0466693858  0.05050968 18907.72  1.703107e-02 -7.275507e-02

