[22;0t]0;IPython: scripts/01_msprime_simulations$par
[1] 0.102213000 0.001013831

$value
[1] -797.325

$counts
function gradient 
      20       20 

$convergence
[1] 0

$message
[1] "CONVERGENCE: REL_REDUCTION_OF_F <= FACTR*EPSMCH"

$loginfo
      step        par1         par2        fn           gr1           gr2
 [1,]    1 0.100000000 0.0100000000 1019.1374  1.483275e+03  6.236399e+03
 [2,]    2 0.000001000 0.0000010000 1261.9714  1.165929e+05 -4.261905e+06
 [3,]    3 0.055377067 0.0055381083  920.5786  8.606442e+02  1.567261e+04
 [4,]    4 0.019302397 0.0019309660  819.1960 -8.042285e+01  2.868627e+04
 [5,]    5 0.007590443 0.0007598760  804.0807 -3.188809e+02 -1.699688e+04
 [6,]    6 0.012508840 0.0012516714  804.0859 -3.273399e+02  1.661920e+04
 [7,]    7 0.009049760 0.0000010000 1375.0439  1.318226e+03 -4.518250e+06
 [8,]    8 0.011474539 0.0008777076  801.6416 -2.732525e+02 -6.265020e+03
 [9,]    9 0.029327792 0.0010346347  798.7554 -8.165734e+01  3.540428e+03
[10,]   10 0.036004905 0.0009961824  798.2381 -5.184051e+01 -8.266301e+01
[11,]   11 0.047578725 0.0009967698  797.7974 -2.733290e+01 -6.444021e+02
[12,]   12 0.060830101 0.0010110733  797.5351 -1.401065e+01  2.201343e+02
[13,]   13 0.074297954 0.0010146471  797.4024 -6.721885e+00  3.081071e+02
[14,]   14 0.090681532 0.0006737706  804.0877  5.013247e+00 -4.808670e+04
[15,]   15 0.074639281 0.0010075455  797.3979 -6.492392e+00 -3.307943e+02
[16,]   16 0.086766267 0.0010121099  797.3440 -2.794787e+00 -5.139014e+01
[17,]   17 0.095869800 0.0010137765  797.3280 -9.592887e-01  3.155910e+01
[18,]   18 0.100597181 0.0010138153  797.3252 -2.237479e-01  7.176328e+00
[19,]   19 0.102035329 0.0010138297  797.3251 -2.460335e-02  7.996621e-01
[20,]   20 0.102213000 0.0010138314  797.3250 -7.310859e-04  2.390471e-02

