[22;0t]0;IPython: scripts/01_msprime_simulations$par
[1] 0.284688468 0.009786843

$value
[1] -5436.935

$counts
function gradient 
      11       11 

$convergence
[1] 0

$message
[1] "CONVERGENCE: REL_REDUCTION_OF_F <= FACTR*EPSMCH"

$loginfo
      step      par1        par2        fn           gr1           gr2
 [1,]    1 0.1000000 0.010000000  5444.550 -1.380281e+02  4.328225e+03
 [2,]    2 1.0000000 0.000010000 11111.593  3.646978e+01 -2.312919e+07
 [3,]    3 0.3986633 0.006684838  5492.360  2.838604e+01 -4.086348e+04
 [4,]    4 0.1769631 0.009145710  5439.232 -2.158524e+01 -4.030648e+03
 [5,]    5 0.1970377 0.009638555  5437.743 -2.127552e+01 -3.220074e+02
 [6,]    6 0.2206607 0.009794537  5437.343 -1.450637e+01  5.743559e+02
 [7,]    7 0.2509703 0.009848002  5437.062 -6.728989e+00  6.997751e+02
 [8,]    8 0.2739774 0.009749171  5436.947 -1.481921e+00 -2.301864e+02
 [9,]    9 0.2812115 0.009777788  5436.936 -4.841377e-01 -5.035467e+01
[10,]   10 0.2845016 0.009787021  5436.935 -3.071329e-02  2.788632e+00
[11,]   11 0.2846885 0.009786843  5436.935 -1.359322e-03  3.131562e-01

