[22;0t]0;IPython: scripts/01_msprime_simulations$par
[1] 0.0501612 0.5059997

$value
[1] -53633.26

$counts
function gradient 
      25       25 

$convergence
[1] 0

$message
[1] "CONVERGENCE: REL_REDUCTION_OF_F <= FACTR*EPSMCH"

$loginfo
      step       par1       par2        fn           gr1           gr2
 [1,]    1 0.10000000  0.0100000 120988.73  6.847643e+04 -3.119001e+06
 [2,]    2 0.00000100 10.0000000  60895.18 -9.312464e+06  2.976995e+02
 [3,]    3 1.60952358 10.0000000  61215.97  2.251871e+03  2.886226e+02
 [4,]    4 0.53655043 10.0000000  58684.96  2.293189e+03  3.744658e+02
 [5,]    5 0.17876276 10.0000000  58024.92  8.031505e+02  4.105815e+02
 [6,]    6 0.17874737  9.9986563  58024.35  8.030868e+02  4.105617e+02
 [7,]    7 0.17868577  9.9932817  58022.10  8.028331e+02  4.104799e+02
 [8,]    8 0.17843937  9.9717830  58013.08  8.018385e+02  4.101669e+02
 [9,]    9 0.17745380  9.8857885  57977.06  7.980087e+02  4.091096e+02
[10,]   10 0.17351149  9.5418101  57833.78  7.758053e+02  4.060745e+02
[11,]   11 0.15774226  8.1658969  57283.34  6.603471e+02  3.794799e+02
[12,]   12 0.09466534  2.6622438  54985.61  1.046020e+03  4.564357e+02
[13,]   13 0.06415360  0.0000010 427298.13  0.000000e+00 -1.562339e+09
[14,]   14 0.08447021  1.7726872  54485.86  1.116738e+03  6.429583e+02
[15,]   15 0.07092763  0.5910557  53665.51  1.595939e+03  2.841313e+02
[16,]   16 0.06085870  0.0000010 427016.14  8.624002e+04 -1.562337e+09
[17,]   17 0.06757143  0.3940444  53777.16  4.805200e+03 -2.282399e+03
[18,]   18 0.07009226  0.5420188  53656.36  1.995962e+03  6.622643e+00
[19,]   19 0.06455481  0.5268581  53646.38  1.689360e+03 -4.177789e+01
[20,]   20 0.04067861  0.4979146  53642.36 -2.194117e+03  1.010685e+02
[21,]   21 0.05400953  0.5140748  53634.36  5.425696e+02  3.734013e+00
[22,]   22 0.04856251  0.5035871  53633.47 -2.770143e+02  7.206721e+00
[23,]   23 0.05032185  0.5060640  53633.27  2.935652e+01 -1.980453e+00
[24,]   24 0.05016789  0.5060179  53633.26  9.440492e-01  1.383751e-01
[25,]   25 0.05016120  0.5059997  53633.26 -3.561490e-02  1.028366e-01

