[22;0t]0;IPython: scripts/01_msprime_simulations$par
[1] 0.306673318 0.009214284

$value
[1] -5174.185

$counts
function gradient 
      25       25 

$convergence
[1] 0

$message
[1] "CONVERGENCE: REL_REDUCTION_OF_F <= FACTR*EPSMCH"

$loginfo
      step       par1        par2        fn           gr1           gr2
 [1,]    1  0.1000000 0.010000000  5186.752 -1.717592e+02  7.928884e+03
 [2,]    2 10.0000000 0.000001000 12607.075  5.524169e-01 -4.203557e+07
 [3,]    3  3.8146985 0.006248154  5247.905  1.565412e+00 -4.628409e+04
 [4,]    4  1.2838991 0.008804262  5182.224  5.390021e+00 -4.557399e+03
 [5,]    5  1.5912484 0.014112278  5270.546  9.219208e+00  3.112361e+04
 [6,]    6  1.3089586 0.009237048  5181.389  5.315382e+00 -3.589811e+00
 [7,]    7  1.2699887 0.009207500  5181.183  5.474255e+00 -3.062046e+02
 [8,]    8  1.1141091 0.009089308  5180.384  6.189311e+00 -1.527180e+03
 [9,]    9  0.4905906 0.008616539  5177.231  9.616237e+00 -6.267889e+03
[10,]   10  0.0000010 0.008244560  5197.275  6.077594e+04  0.000000e+00
[11,]   11  0.4905711 0.008616524  5177.231  9.616187e+00 -6.268010e+03
[12,]   12  0.4902904 0.008616311  5177.230  9.615468e+00 -6.269755e+03
[13,]   13  0.2451457 0.008430436  5176.940 -3.229907e+00 -6.921739e+03
[14,]   14  0.4009492 0.008548570  5176.842  8.670999e+00 -6.757153e+03
[15,]   15  0.0000010 0.008491318  5197.949  5.716615e+04  3.838746e+03
[16,]   16  0.4009223 0.008548567  5176.842  8.670354e+00 -6.757097e+03
[17,]   17  0.2004616 0.008519943  5176.800 -1.657370e+01 -5.360706e+03
[18,]   18  0.3392465 0.008539760  5176.429  6.280120e+00 -6.572153e+03
[19,]   19  0.3742112 0.010773229  5183.423  6.248889e+00  1.100526e+04
[20,]   20  0.3500437 0.009229464  5174.282  4.133908e+00 -2.288177e+01
[21,]   21  0.2357935 0.009187618  5174.596 -1.359126e+01  2.398007e+02
[22,]   22  0.3105520 0.009215000  5174.186  4.648813e-01 -1.077447e+01
[23,]   23  0.3055879 0.009214150  5174.185 -1.342531e-01  3.708912e+00
[24,]   24  0.3066984 0.009214291  5174.185  3.080781e-03 -5.133340e-02
[25,]   25  0.3066733 0.009214284  5174.185  1.943590e-05  2.867009e-03

