[22;0t]0;IPython: scripts/01_msprime_simulations$par
[1] 0.002030712 1.153648650

$value
[1] -27291.25

$counts
function gradient 
      37       37 

$convergence
[1] 0

$message
[1] "CONVERGENCE: REL_REDUCTION_OF_F <= FACTR*EPSMCH"

$loginfo
      step         par1      par2        fn           gr1           gr2
 [1,]    1 0.1000000000  0.010000  37219.59  2.046588e+04 -7.085065e+05
 [2,]    2 0.0000010000 10.000000  36173.56  2.416051e+03  1.336841e+03
 [3,]    3 0.0666762809  3.339073  28511.48  3.308834e+03  7.716737e+02
 [4,]    4 0.0511043438  3.335230  28457.20  3.273796e+03  7.799794e+02
 [5,]    5 0.0000010000  3.322617  28366.89 -3.660271e+05  8.619715e+02
 [6,]    6 0.0506246565  3.335111  28455.54  3.272120e+03  7.801904e+02
 [7,]    7 0.0253128282  3.328864  28369.85  3.055292e+03  7.874673e+02
 [8,]    8 0.0084704214  3.324708  28319.85  2.222106e+03  8.080054e+02
 [9,]    9 0.0000010000  3.316645  28361.76 -3.659592e+05  8.577140e+02
[10,]   10 0.0048948675  3.321304  28310.31  1.419068e+03  8.255402e+02
[11,]   11 0.0000010000  3.289933  28339.10 -3.657538e+05  8.386668e+02
[12,]   12 0.0026472287  3.306896  28296.62 -2.171466e+02  8.280538e+02
[13,]   13 0.0000010000  3.208397  28273.10 -3.655744e+05  7.798849e+02
[14,]   14 0.0024266427  3.298685  28289.92 -5.452078e+02  8.239425e+02
[15,]   15 0.0012138213  3.253541  28255.68 -4.136063e+03  8.011761e+02
[16,]   16 0.0000010000  2.496292  27782.12 -4.567556e+05  5.486428e+02
[17,]   17 0.0029663721  0.000001 114457.88  1.176626e+05 -4.232409e+08
[18,]   18 0.0010119645  1.645248  27448.05 -7.208110e+03  3.023982e+02
[19,]   19 0.0003872745  0.000001 114146.11  1.239138e+05 -4.232396e+08
[20,]   20 0.0008028774  1.094575  27302.11 -1.055328e+04 -2.061987e+02
[21,]   21 0.0009167530  1.321422  27343.43 -1.003543e+04  3.255111e+02
[22,]   22 0.0008236740  1.136003  27296.12 -9.762105e+03 -7.464708e+01
[23,]   23 0.0008676026  1.160790  27294.92 -8.640200e+03  1.698692e+01
[24,]   24 0.0009074374  1.159850  27294.57 -7.982076e+03  1.324413e+01
[25,]   25 0.0010667765  1.156087  27293.47 -5.854260e+03 -1.013059e+00
[26,]   26 0.0014828064  1.155964  27291.84 -2.387284e+03  3.384852e+00
[27,]   27 0.0017716392  1.154195  27291.37 -9.527820e+02 -5.519115e-01
[28,]   28 0.0019619129  1.153873  27291.26 -2.288728e+02  1.602096e-01
[29,]   29 0.0020223462  1.153665  27291.25 -2.802514e+01 -4.790707e-02
[30,]   30 0.0020307123  1.153649  27291.25 -1.020057e+00 -2.809164e-02
[31,]   31 0.0020310116  1.153648  27291.25 -5.525255e-02 -2.634562e-02
[32,]   32 0.0020307218  1.153649  27291.25 -9.891737e-01 -2.803559e-02
[33,]   33 0.0020307126  1.153649  27291.25 -1.019043e+00 -2.808618e-02
[34,]   34 0.0020307123  1.153649  27291.25 -1.020027e+00 -2.808996e-02
[35,]   35 0.0020307123  1.153649  27291.25 -1.020056e+00 -2.809104e-02
[36,]   36 0.0020307123  1.153649  27291.25 -1.020056e+00 -2.809096e-02
[37,]   37 0.0020307123  1.153649  27291.25 -1.020056e+00 -2.809104e-02

