[22;0t]0;IPython: scripts/01_msprime_simulations$par
[1] 0.229797580 0.009526805

$value
[1] -5317.595

$counts
function gradient 
      14       14 

$convergence
[1] 0

$message
[1] "CONVERGENCE: REL_REDUCTION_OF_F <= FACTR*EPSMCH"

$loginfo
      step       par1        par2        fn           gr1           gr2
 [1,]    1  0.1000000 0.010000000  5322.859 -96.925029488  5.371991e+03
 [2,]    2 10.0000000 0.000001000 13035.753   0.489819395 -4.346624e+07
 [3,]    3  3.6246470 0.006440106  5396.991   1.423745157 -4.670545e+04
 [4,]    4  1.1142324 0.008975625  5328.697   6.946296307 -6.019145e+03
 [5,]    5  0.4227716 0.009674001  5319.472  14.026966833  5.312167e+02
 [6,]    6  0.3122120 0.008039452  5329.280  19.929806867 -1.563017e+04
 [7,]    7  0.4112952 0.009504329  5319.341  13.962822077 -8.896448e+02
 [8,]    8  0.3657132 0.009499844  5318.728  12.951167942 -8.684268e+02
 [9,]    9  0.1833850 0.009481905  5317.834 -11.572574672  1.964596e+02
[10,]   10  0.2884258 0.009527165  5317.862   8.173427273 -3.962156e+02
[11,]   11  0.2292815 0.009501681  5317.597   0.132882701 -1.926988e+02
[12,]   12  0.2298258 0.009523930  5317.595   0.032935845 -2.278168e+01
[13,]   13  0.2298187 0.009526803  5317.595   0.005372353 -2.023333e-01
[14,]   14  0.2297976 0.009526805  5317.595   0.001277231  3.039709e-03

