[22;0t]0;IPython: scripts/01_msprime_simulations$par
[1] 0.02782309 3.30728815

$value
[1] -30039.46

$counts
function gradient 
      18       18 

$convergence
[1] 0

$message
[1] "CONVERGENCE: REL_REDUCTION_OF_F <= FACTR*EPSMCH"

$loginfo
      step       par1      par2       fn           gr1           gr2
 [1,]    1 0.10000000  0.010000 36665.00  1.878481e+04 -6.785082e+05
 [2,]    2 0.00000100 10.000000 35853.86  2.416098e+03  1.363533e+03
 [3,]    3 0.06667613  3.339088 30069.45  1.204762e+03  5.922112e+01
 [4,]    4 0.06076521  3.338703 30062.58  1.110828e+03  5.433347e+01
 [5,]    5 0.03712150  3.337165 30042.43  5.086025e+02  2.666741e+01
 [6,]    6 0.01552210  3.335746 30045.02 -1.136113e+03 -2.418007e+01
 [7,]    7 0.02750235  3.336533 30039.58  4.303585e+01  8.918378e+00
 [8,]    8 0.02660469  3.336438 30039.57 -1.401921e+01  6.936175e+00
 [9,]    9 0.02681423  3.336423 30039.57 -5.039800e-01  7.392603e+00
[10,]   10 0.02683149  3.336382 30039.57  5.134588e-01  7.416923e+00
[11,]   11 0.02690053  3.336216 30039.57  4.572914e+00  7.514156e+00
[12,]   12 0.02716248  3.334817 30039.56  1.815591e+01  7.628698e+00
[13,]   13 0.02763525  3.330399 30039.54  3.810747e+01  7.206049e+00
[14,]   14 0.02814779  3.321892 30039.51  5.129216e+01  5.512588e+00
[15,]   15 0.02835741  3.311353 30039.47  4.164877e+01  2.488560e+00
[16,]   16 0.02795266  3.306858 30039.46  7.162623e+00  1.344656e-01
[17,]   17 0.02783241  3.307131 30039.46  2.358467e-01 -3.522840e-02
[18,]   18 0.02782309  3.307288 30039.46 -8.954921e-03 -3.410951e-03

