[22;0t]0;IPython: scripts/01_msprime_simulations$par
[1] 0.06425347 0.01076133

$value
[1] -5751.293

$counts
function gradient 
      20       20 

$convergence
[1] 0

$message
[1] "CONVERGENCE: REL_REDUCTION_OF_F <= FACTR*EPSMCH"

$loginfo
      step       par1        par2        fn           gr1           gr2
 [1,]    1 0.10000000  0.01000000  5756.224  1.188082e+02 -6.471411e+03
 [2,]    2 0.00000100 10.00000000 25696.806  2.416088e+03  2.211536e+03
 [3,]    3 0.07662231  2.34545503  9040.155  2.413434e+03  2.034195e+03
 [4,]    4 0.09383748  0.62564210  6168.987  2.399067e+03  8.443666e+02
 [5,]    5 0.09819830  0.18999202  6206.307  2.506082e+03 -1.011897e+03
 [6,]    6 0.09967847  0.04212070  6144.687  1.501148e+03  8.455721e+03
 [7,]    7 0.09997258  0.01273967  5759.021  3.926505e+01  6.837849e+03
 [8,]    8 0.09998914  0.01108452  5752.909  7.600727e+01  2.682754e+01
 [9,]    9 0.09997647  0.01108009  5752.908  7.613276e+01  4.478630e+00
[10,]   10 0.09992579  0.01106235  5752.905  7.663766e+01 -8.518249e+01
[11,]   11 0.09972613  0.01103474  5752.894  7.726533e+01 -2.216376e+02
[12,]   12 0.09878114  0.01096219  5752.849  7.839461e+01 -5.702357e+02
[13,]   13 0.09649768  0.01086095  5752.750  7.876400e+01 -1.030521e+03
[14,]   14 0.09021781  0.01069182  5752.496  7.580915e+01 -1.709757e+03
[15,]   15 0.07656073  0.01047607  5751.997  5.872795e+01 -2.249884e+03
[16,]   16 0.05985013  0.01041830  5751.537  2.574562e+00 -1.469500e+03
[17,]   17 0.06392609  0.01065794  5751.317  5.083504e+00 -4.996955e+02
[18,]   18 0.06396148  0.01075995  5751.293 -1.232993e+00  1.126082e+01
[19,]   19 0.06431561  0.01076217  5751.293  2.286812e-01  2.977010e-01
[20,]   20 0.06425347  0.01076133  5751.293  1.623052e-03 -1.584111e-02

