[22;0t]0;IPython: scripts/01_msprime_simulations$par
[1] 0.0006153096 0.0003416454

$value
[1] -348.4336

$counts
function gradient 
      63       63 

$convergence
[1] 52

$message
[1] "ERROR: ABNORMAL_TERMINATION_IN_LNSRCH"

$loginfo
      step         par1         par2         fn           gr1           gr2
 [1,]    1 0.1000000000 1.000000e-02   572.3742   2001.444258     3658.8352
 [2,]    2 0.0000010000 1.000000e-06   497.7219  95248.448389 -1447651.4459
 [3,]    3 0.0954362304 9.543664e-03   561.5900   1986.632490     3721.0554
 [4,]    4 0.0477186152 4.772332e-03   451.5674   1660.348922     6059.2496
 [5,]    5 0.0169436936 1.695117e-03   380.1245    730.579432    16643.9567
 [6,]    6 0.0080469601 8.055236e-04   357.6097    188.718631    24599.6564
 [7,]    7 0.0000010000 1.000000e-06   497.7219  95248.448389 -1447651.4459
 [8,]    8 0.0072664336 7.274780e-04   355.5602    157.916974    23773.9181
 [9,]    9 0.0036337168 3.642390e-04   349.5428    195.350481    -6108.9137
[10,]   10 0.0039499010 4.240183e-04   349.7081    135.896680     4661.0514
[11,]   11 0.0037046885 3.776572e-04   349.5294    177.198521    -3254.7622
[12,]   12 0.0036336794 3.881010e-04   349.5196    172.604521    -1121.9836
[13,]   13 0.0032823442 3.985851e-04   349.4793    188.308155     1044.5505
[14,]   14 0.0005349643 4.439811e-04   349.0298   -439.199386     7849.0178
[15,]   15 0.0026472449 4.090791e-04   349.3883    239.127595     3191.7966
[16,]   16 0.0010335866 4.357422e-04   349.0257    381.761239     7293.5999
[17,]   17 0.0007481850 4.404580e-04   348.9814    140.897804     7722.7423
[18,]   18 0.0000010000 4.360060e-04   352.8544 -27190.939185     2719.7803
[19,]   19 0.0005700466 4.393966e-04   348.9781   -306.239331     7662.3385
[20,]   20 0.0006737794 4.400147e-04   348.9710     -2.281281     7707.4680
[21,]   21 0.0006577910 3.772934e-04   348.5387     40.338632     2768.1441
[22,]   22 0.0006153096 3.416454e-04   348.4336    101.370276    -1762.3141
[23,]   23 0.0005891278 3.542089e-04   348.4543    -66.935210      305.4428
[24,]   24 0.0006118686 3.432966e-04   348.4348     79.085949    -1470.7007
[25,]   25 0.0006148036 3.418882e-04   348.4337     98.090424    -1719.0443
[26,]   26 0.0006152340 3.416816e-04   348.4336    100.880283    -1755.8421
[27,]   27 0.0006152983 3.416508e-04   348.4336    101.296911    -1761.3449
[28,]   28 0.0006153079 3.416462e-04   348.4336    101.359288    -1762.1689
[29,]   29 0.0006153093 3.416455e-04   348.4336    101.368630    -1762.2923
[30,]   30 0.0006153095 3.416454e-04   348.4336    101.370029    -1762.3108
[31,]   31 0.0006153096 3.416454e-04   348.4336    101.370239    -1762.3136
[32,]   32 0.0006153096 3.416454e-04   348.4336    101.370270    -1762.3140
[33,]   33 0.0006153096 3.416454e-04   348.4336    101.370275    -1762.3141
[34,]   34 0.0006153096 3.416454e-04   348.4336    101.370276    -1762.3141
[35,]   35 0.0006153096 3.416454e-04   348.4336    101.370276    -1762.3141
[36,]   36 0.0006153096 3.416454e-04   348.4336    101.370276    -1762.3141
[37,]   37 0.0006153096 3.416454e-04   348.4336    101.370276    -1762.3141
[38,]   38 0.0006153096 3.416454e-04   348.4336    101.370276    -1762.3141
[39,]   39 0.0006153096 3.416454e-04   348.4336    101.370276    -1762.3141
[40,]   40 0.0006153096 3.416454e-04   348.4336    101.370276    -1762.3141
[41,]   41 0.0000010000 1.000000e+01 24392.2063   2416.087798     2320.4554
[42,]   42 0.0005448891 1.146637e+00  3049.5188   2415.592869     2482.3922
[43,]   43 0.0006069221 1.368720e-01   581.6587   2410.478493     2247.1864
[44,]   44 0.0006140187 2.135384e-02   362.4654   2350.265318      673.3765
[45,]   45 0.0006150299 4.894460e-03   359.7934   3892.440905     1186.8225
[46,]   46 0.0006152822 7.870683e-04   352.4989   1810.702702     8967.1689
[47,]   47 0.0006153084 3.601148e-04   348.4708     -9.119657      923.9264
[48,]   48 0.0006153094 3.437255e-04   348.4357     87.160250    -1430.4412
[49,]   49 0.0006153096 3.419069e-04   348.4338     99.558377    -1720.1572
[50,]   50 0.0006153096 3.416787e-04   348.4336    101.139148    -1756.9390
[51,]   51 0.0006153096 3.416496e-04   348.4336    101.340791    -1761.6284
[52,]   52 0.0006153096 3.416459e-04   348.4336    101.366514    -1762.2266
[53,]   53 0.0006153096 3.416454e-04   348.4336    101.369796    -1762.3029
[54,]   54 0.0006153096 3.416454e-04   348.4336    101.370215    -1762.3126
[55,]   55 0.0006153096 3.416454e-04   348.4336    101.370268    -1762.3139
[56,]   56 0.0006153096 3.416454e-04   348.4336    101.370275    -1762.3140
[57,]   57 0.0006153096 3.416454e-04   348.4336    101.370276    -1762.3141
[58,]   58 0.0006153096 3.416454e-04   348.4336    101.370276    -1762.3141
[59,]   59 0.0006153096 3.416454e-04   348.4336    101.370276    -1762.3141
[60,]   60 0.0006153096 3.416454e-04   348.4336    101.370276    -1762.3141

