[22;0t]0;IPython: scripts/01_msprime_simulations$par
[1] 1.603364e-04 2.076045e-05

$value
[1] -42.84514

$counts
function gradient 
      38       38 

$convergence
[1] 0

$message
[1] "CONVERGENCE: REL_REDUCTION_OF_F <= FACTR*EPSMCH"

$loginfo
      step         par1         par2          fn        gr1        gr2
 [1,]    1 1.000000e-01 1.000000e-02   296.11006  2260.4815   3258.506
 [2,]    2 1.000000e-06 1.000000e-06    49.89962 18515.5330 -53895.110
 [3,]    3 1.000000e-06 1.000000e+01 24345.79766  2416.0878   2324.330
 [4,]    4 1.000000e-06 3.121299e+00  7845.94190  2415.9844   2473.058
 [5,]    5 1.000000e-06 9.732535e-01  2485.10716  2415.4964   2517.265
 [6,]    6 1.000000e-06 3.035437e-01   796.26321  2413.7348   2522.875
 [7,]    7 1.000000e-06 9.481722e-02   271.09867  2407.9112   2498.442
 [8,]    8 1.000000e-06 2.974084e-02   110.35505  2386.3436   2407.561
 [9,]    9 1.000000e-06 9.419291e-03    63.29095  2263.8158   2117.851
[10,]   10 1.000000e-06 3.040703e-03    51.59452  1254.4450   1227.660
[11,]   11 1.000000e-06 1.004948e-03    49.77166 -1197.3755   2274.651
[12,]   12 7.350755e-06 9.665206e-04    49.67182 -1118.4740   2444.160
[13,]   13 3.275377e-05 8.128123e-04    49.21078  -878.9365   3131.766
[14,]   14 1.343658e-04 1.979793e-04    45.33996 -1740.3831  13712.263
[15,]   15 1.669202e-04 1.000000e-06    52.05796     0.0000 -83615.670
[16,]   16 1.391580e-04 1.689833e-04    44.93007 -1770.6546  15480.810
[17,]   17 1.421802e-04 1.506966e-04    44.64213 -1804.3474  16378.128
[18,]   18 1.545502e-04 7.584828e-05    43.17118 -2017.8905  18431.857
[19,]   19 1.624120e-04 1.000000e-06    52.04169  4344.4913 -83401.147
[20,]   20 1.547937e-04 7.353015e-05    43.12003 -2018.8946  18603.892
[21,]   21 1.586028e-04 3.726508e-05    42.50452 -1331.6555  18930.304
[22,]   22 1.586523e-04 3.679413e-05    42.50325 -1305.9852  18860.272
[23,]   23 1.611337e-04 1.317001e-05    43.61439  1321.9511   3342.520
[24,]   24 1.587888e-04 3.549484e-05    42.50181 -1231.3619  18645.534
[25,]   25 1.603364e-04 2.076045e-05    42.84514   119.5794  12506.874
[26,]   26 1.550342e-04 1.000000e-06    52.01393  4670.5588 -83030.719
[27,]   27 1.603114e-04 2.066725e-05    42.85076   131.5646  12433.332
[28,]   28 1.603357e-04 2.075769e-05    42.84531   119.9331  12504.708
[29,]   29 1.603364e-04 2.076037e-05    42.84515   119.5899  12506.810
[30,]   30 1.603364e-04 2.076045e-05    42.84514   119.5797  12506.872
[31,]   31 1.603364e-04 2.076045e-05    42.84514   119.5794  12506.874
[32,]   32 1.603364e-04 2.076045e-05    42.84514   119.5794  12506.874
[33,]   33 1.603364e-04 2.076045e-05    42.84514   119.5794  12506.874
[34,]   34 1.603364e-04 2.076045e-05    42.84514   119.5794  12506.874
[35,]   35 1.603364e-04 2.076045e-05    42.84514   119.5794  12506.874
[36,]   36 1.603364e-04 2.076045e-05    42.84514   119.5794  12506.874
[37,]   37 1.603364e-04 2.076045e-05    42.84514   119.5794  12506.874

