[22;0t]0;IPython: scripts/01_msprime_simulations$par
[1] 4.653674e-03 7.415456e-05

$value
[1] -104.763

$counts
function gradient 
      99       99 

$convergence
[1] 52

$message
[1] "ERROR: ABNORMAL_TERMINATION_IN_LNSRCH"

$loginfo
      step         par1         par2         fn           gr1          gr2
 [1,]    1 1.000000e-01 1.000000e-02   345.9769  2.224933e+03    3041.3059
 [2,]    2 1.000000e-06 1.000000e-06   130.7384  3.988695e+04 -244183.6028
 [3,]    3 1.000000e-06 1.000000e+01 24353.5324  2.416099e+03    2323.6842
 [4,]    4 1.000000e-06 3.283922e+00  8262.5683  2.416074e+03    2467.6887
 [5,]    5 1.000000e-06 1.078261e+00  2770.8650  2.415986e+03    2509.7500
 [6,]    6 1.000000e-06 3.541518e-01   952.2053  2.415707e+03    2506.6571
 [7,]    7 1.000000e-06 1.164408e-01   360.1373  2.414850e+03    2454.2236
 [8,]    8 1.000000e-06 3.838880e-02   172.9064  2.412114e+03    2281.3220
 [9,]    9 1.000000e-06 1.274195e-02   118.7383  2.392313e+03    1757.5560
[10,]   10 1.000000e-06 1.265090e-02   118.5785  2.391932e+03    1751.9094
[11,]   11 1.000000e-06 1.228670e-02   117.9447  2.390303e+03    1728.4857
[12,]   12 1.000000e-06 1.082990e-02   115.5030  2.381549e+03    1619.0310
[13,]   13 1.000000e-06 5.002702e-03   108.4105  2.128965e+03     543.5490
[14,]   14 1.000000e-06 1.537600e-03   108.1927  3.429094e+03    1301.3002
[15,]   15 1.000000e-06 1.000000e-06   130.7384  3.988695e+04 -244183.6028
[16,]   16 1.000000e-06 1.029903e-03   107.7440  2.447325e+03     743.9911
[17,]   17 1.000000e-06 3.521441e-04   106.8803 -9.956093e+02    2043.2900
[18,]   18 5.871640e-03 1.000000e-06   140.1256  1.069153e+02 -357167.9634
[19,]   19 1.130528e-03 2.845830e-04   107.0868  3.608874e+02   16983.1174
[20,]   20 2.266072e-04 3.386498e-04   106.9989  2.053221e+03    6399.6266
[21,]   21 6.651674e-05 3.482253e-04   106.7124  2.023532e+03    3671.3503
[22,]   22 2.606581e-05 3.506449e-04   106.7410  8.839990e+02    2957.5771
[23,]   23 1.439251e-04 1.000000e-06   135.4841  1.765925e+04 -305979.3400
[24,]   24 4.447511e-05 2.960313e-04   106.5215  6.944902e+02    4011.3816
[25,]   25 9.420009e-05 1.485156e-04   105.4910 -3.050600e+03    3274.4966
[26,]   26 9.455016e-05 1.474771e-04   105.4802 -3.073836e+03    3009.5241
[27,]   27 9.458441e-05 1.473755e-04   105.4791 -3.076082e+03    2982.7217
[28,]   28 1.192547e-04 7.418774e-05   104.9765 -4.964713e+03    6742.7777
[29,]   29 1.193638e-04 7.386420e-05   104.9785 -4.936313e+03    6688.4315
[30,]   30 1.192547e-04 7.418774e-05   104.9765 -4.964713e+03    6742.7777
[31,]   31 2.191446e-04 1.000000e-06   136.3288  9.626240e+03 -316579.1070
[32,]   32 1.199459e-04 7.368131e-05   104.9779 -4.874652e+03    6662.5812
[33,]   33 1.193696e-04 7.410361e-05   104.9767 -4.949691e+03    6729.6649
[34,]   34 1.192741e-04 7.417357e-05   104.9765 -4.962181e+03    6740.5753
[35,]   35 1.192580e-04 7.418535e-05   104.9765 -4.964285e+03    6742.4062
[36,]   36 1.192553e-04 7.418734e-05   104.9765 -4.964640e+03    6742.7150
[37,]   37 1.192548e-04 7.418767e-05   104.9765 -4.964700e+03    6742.7672
[38,]   38 1.192548e-04 7.418773e-05   104.9765 -4.964710e+03    6742.7760
[39,]   39 1.192547e-04 7.418774e-05   104.9765 -4.964712e+03    6742.7774
[40,]   40 1.192547e-04 7.418774e-05   104.9765 -4.964712e+03    6742.7777
[41,]   41 1.192547e-04 7.418774e-05   104.9765 -4.964713e+03    6742.7777
[42,]   42 1.192547e-04 7.418774e-05   104.9765 -4.964713e+03    6742.7777
[43,]   43 1.192547e-04 7.418774e-05   104.9765 -4.964713e+03    6742.7777
[44,]   44 1.192547e-04 7.418774e-05   104.9765 -4.964713e+03    6742.7777
[45,]   45 1.192547e-04 7.418774e-05   104.9765 -4.964713e+03    6742.7777
[46,]   46 1.192547e-04 7.418774e-05   104.9765 -4.964713e+03    6742.7777
[47,]   47 1.192547e-04 7.418774e-05   104.9765 -4.964713e+03    6742.7777
[48,]   48 1.192547e-04 7.418774e-05   104.9765 -4.964713e+03    6742.7777
[49,]   49 1.192547e-04 7.418774e-05   104.9765 -4.964713e+03    6742.7777
[50,]   50 1.192547e-04 7.418774e-05   104.9765 -4.964713e+03    6742.7777
[51,]   51 1.000000e+01 1.000000e-06   141.2508 -7.469225e-07 -361514.3482
[52,]   52 3.329435e+00 4.982094e-05   107.0493 -2.990983e-04  -10110.4629
[53,]   53 1.109621e+00 6.606745e-05   105.8535 -9.741227e-04    7804.2672
[54,]   54 3.698334e-01 7.148186e-05   105.5983  5.749685e-02   12426.8596
[55,]   55 1.232734e-01 7.328639e-05   105.4892  4.675456e-01   13716.9031
[56,]   56 4.110343e-02 7.388778e-05   105.3525  4.072335e+00   13656.5582
[57,]   57 1.373578e-02 7.408808e-05   105.0832  2.174855e+01   11937.9502
[58,]   58 4.653674e-03 7.415456e-05   104.7630  5.487766e+01    7034.5180
[59,]   59 4.608353e-03 1.000000e-06   139.9686  1.453915e+02 -356266.5872
[60,]   60 4.653528e-03 7.391924e-05   104.7708  5.495683e+01    6898.1616
[61,]   61 4.653669e-03 7.414745e-05   104.7632  5.488003e+01    7030.4144
[62,]   62 4.653674e-03 7.415434e-05   104.7630  5.487773e+01    7034.3937
[63,]   63 4.653674e-03 7.415455e-05   104.7630  5.487766e+01    7034.5143
[64,]   64 4.653674e-03 7.415455e-05   104.7630  5.487766e+01    7034.5179
[65,]   65 4.653674e-03 7.415456e-05   104.7630  5.487766e+01    7034.5180
[66,]   66 4.653674e-03 7.415456e-05   104.7630  5.487766e+01    7034.5180
[67,]   67 4.653674e-03 7.415456e-05   104.7630  5.487766e+01    7034.5180
[68,]   68 4.653674e-03 7.415456e-05   104.7630  5.487766e+01    7034.5180
[69,]   69 4.653674e-03 7.415456e-05   104.7630  5.487766e+01    7034.5180
[70,]   70 4.653674e-03 7.415456e-05   104.7630  5.487766e+01    7034.5180
[71,]   71 4.653674e-03 7.415456e-05   104.7630  5.487766e+01    7034.5180
[72,]   72 4.653674e-03 7.415456e-05   104.7630  5.487766e+01    7034.5180
[73,]   73 4.653674e-03 7.415456e-05   104.7630  5.487766e+01    7034.5180
[74,]   74 4.653674e-03 7.415456e-05   104.7630  5.487766e+01    7034.5180
[75,]   75 4.653674e-03 7.415456e-05   104.7630  5.487766e+01    7034.5180
[76,]   76 4.653674e-03 7.415456e-05   104.7630  5.487766e+01    7034.5180
[77,]   77 4.653674e-03 7.415456e-05   104.7630  5.487766e+01    7034.5180
[78,]   78 4.653674e-03 7.415456e-05   104.7630  5.487766e+01    7034.5180
[79,]   79 1.000000e-06 1.000000e-06   130.7384  3.988695e+04 -244183.6028
[80,]   80 4.646413e-03 7.404038e-05   104.7664  5.496323e+01    6961.4934
[81,]   81 4.653342e-03 7.414933e-05   104.7632  5.488156e+01    7031.1790
[82,]   82 4.653659e-03 7.415432e-05   104.7630  5.487784e+01    7034.3650
[83,]   83 4.653673e-03 7.415454e-05   104.7630  5.487767e+01    7034.5110
[84,]   84 4.653674e-03 7.415455e-05   104.7630  5.487766e+01    7034.5177
[85,]   85 4.653674e-03 7.415456e-05   104.7630  5.487766e+01    7034.5180
[86,]   86 4.653674e-03 7.415456e-05   104.7630  5.487766e+01    7034.5180
[87,]   87 4.653674e-03 7.415456e-05   104.7630  5.487766e+01    7034.5180
[88,]   88 4.653674e-03 7.415456e-05   104.7630  5.487766e+01    7034.5180
[89,]   89 4.653674e-03 7.415456e-05   104.7630  5.487766e+01    7034.5180
[90,]   90 4.653674e-03 7.415456e-05   104.7630  5.487766e+01    7034.5180
[91,]   91 4.653674e-03 7.415456e-05   104.7630  5.487766e+01    7034.5180
[92,]   92 4.653674e-03 7.415456e-05   104.7630  5.487766e+01    7034.5180
[93,]   93 4.653674e-03 7.415456e-05   104.7630  5.487766e+01    7034.5180
[94,]   94 4.653674e-03 7.415456e-05   104.7630  5.487766e+01    7034.5180
[95,]   95 4.653674e-03 7.415456e-05   104.7630  5.487766e+01    7034.5180
[96,]   96 4.653674e-03 7.415456e-05   104.7630  5.487766e+01    7034.5180
[97,]   97 4.653674e-03 7.415456e-05   104.7630  5.487766e+01    7034.5180

