[22;0t]0;IPython: scripts/01_msprime_simulations$par
[1] 0.001470597 0.195154615

$value
[1] -13074.94

$counts
function gradient 
      34       34 

$convergence
[1] 0

$message
[1] "CONVERGENCE: REL_REDUCTION_OF_F <= FACTR*EPSMCH"

$loginfo
      step         par1       par2       fn           gr1           gr2
 [1,]    1 0.1000000000  0.0100000 16078.57  6.895890e+03 -2.295272e+05
 [2,]    2 0.0000010000 10.0000000 29069.17  2.415978e+03  1.929980e+03
 [3,]    3 0.0669040445  3.3163190 17131.41  2.538489e+03  1.656250e+03
 [4,]    4 0.0889594441  1.1129626 14187.32  3.543953e+03  1.013335e+03
 [5,]    5 0.0719850058  1.1080374 14121.84  3.567935e+03  1.057577e+03
 [6,]    6 0.0040872525  1.0883370 13879.39  5.266492e+02  1.274000e+03
 [7,]    7 0.0000010000  1.0783181 13955.85 -5.664659e+05  1.400896e+03
 [8,]    8 0.0026093370  1.0847134 13875.02 -1.188172e+03  1.295318e+03
 [9,]    9 0.0000010000  0.9392156 13758.25 -4.129345e+05  1.474051e+03
[10,]   10 0.0021479691  1.0589774 13842.69 -2.170586e+03  1.269306e+03
[11,]   11 0.0010744846  0.9990965 13772.16 -9.795028e+03  1.313798e+03
[12,]   12 0.0000010000  0.4909780 13318.48 -5.130350e+05  7.153699e+02
[13,]   13 0.0022262325  0.0000010 45844.69  9.399189e+04 -1.689131e+08
[14,]   14 0.0007668620  0.3219976 13138.01 -1.045929e+04  8.642507e+02
[15,]   15 0.0008881264  0.0000010 45706.54  1.130957e+05 -1.688939e+08
[16,]   16 0.0008075172  0.2140448 13078.58 -9.574303e+03  8.564640e+01
[17,]   17 0.0008257518  0.2016908 13077.50 -7.935118e+03  1.268988e+02
[18,]   18 0.0008986900  0.1522748 13084.22 -5.072712e+03 -1.768403e+02
[19,]   19 0.0008367082  0.1942678 13076.88 -7.472493e+03 -1.597661e+01
[20,]   20 0.0008471210  0.1954459 13076.80 -7.267992e+03  1.881406e+01
[21,]   21 0.0010020429  0.1960735 13075.91 -4.694696e+03  3.359242e+01
[22,]   22 0.0012808125  0.1953206 13075.07 -1.511617e+03  8.625849e+00
[23,]   23 0.0014133413  0.1950787 13074.95 -4.138237e+02 -5.324120e-01
[24,]   24 0.0014636585  0.1951358 13074.94 -4.992574e+01 -3.017201e-01
[25,]   25 0.0014705973  0.1951546 13074.94 -1.902732e+00 -7.673916e-03
[26,]   26 0.0014708709  0.1951553 13074.94 -1.811224e-02  3.251571e-03
[27,]   27 0.0014706031  0.1951546 13074.94 -1.862701e+00 -7.440931e-03
[28,]   28 0.0014705975  0.1951546 13074.94 -1.901861e+00 -7.667322e-03
[29,]   29 0.0014705973  0.1951546 13074.94 -1.902711e+00 -7.672843e-03
[30,]   30 0.0014705973  0.1951546 13074.94 -1.902732e+00 -7.673470e-03
[31,]   31 0.0014705973  0.1951546 13074.94 -1.902732e+00 -7.673452e-03
[32,]   32 0.0014705973  0.1951546 13074.94 -1.902722e+00 -7.674034e-03
[33,]   33 0.0014705973  0.1951546 13074.94 -1.902732e+00 -7.673461e-03
[34,]   34 0.0014705973  0.1951546 13074.94 -1.902732e+00 -7.673452e-03

