[22;0t]0;IPython: scripts/01_msprime_simulations$par
[1] 0.000001000 0.007473619

$value
[1] -187.7933

$counts
function gradient 
      19       19 

$convergence
[1] 0

$message
[1] "CONVERGENCE: REL_REDUCTION_OF_F <= FACTR*EPSMCH"

$loginfo
      step  par1         par2         fn       gr1           gr2
 [1,]    1 1e-01  0.010000000   416.0834  2180.403  2.667486e+03
 [2,]    2 1e-06  0.000001000   242.6702 78021.245 -5.603515e+05
 [3,]    3 1e-06 10.000000000 24365.1346  2416.099  2.322716e+03
 [4,]    4 1e-06  3.311706877  8353.1488  2416.074  2.464315e+03
 [5,]    5 1e-06  1.096735748  2849.3637  2415.989  2.501220e+03
 [6,]    6 1e-06  0.363310589  1017.2979  2415.717  2.482321e+03
 [7,]    7 1e-06  0.120455054   422.0813  2414.892  2.382205e+03
 [8,]    8 1e-06  0.040024790   238.6561  2412.395  2.066997e+03
 [9,]    9 1e-06  0.013351638   191.7124  2403.287  1.119217e+03
[10,]   10 1e-06  0.013325026   191.6826  2403.251  1.116375e+03
[11,]   11 1e-06  0.013218575   191.5644  2403.108  1.104894e+03
[12,]   12 1e-06  0.012792771   191.1040  2402.500  1.057058e+03
[13,]   13 1e-06  0.011089558   189.4885  2399.291  8.289703e+02
[14,]   14 1e-06  0.004628848   189.6169  2428.443 -1.317023e+03
[15,]   15 1e-06  0.007761793   187.8071  2384.160  9.439608e+01
[16,]   16 1e-06  0.007334160   187.7966  2380.010 -4.834607e+01
[17,]   17 1e-06  0.007478997   187.7933  2381.528  1.828403e+00
[18,]   18 1e-06  0.007473719   187.7933  2381.475  3.414847e-02
[19,]   19 1e-06  0.007473619   187.7933  2381.474 -2.470046e-05

