[22;0t]0;IPython: scripts/01_msprime_simulations$par
[1] 0.000001000 0.003131968

$value
[1] -89.45867

$counts
function gradient 
      17       17 

$convergence
[1] 0

$message
[1] "CONVERGENCE: REL_REDUCTION_OF_F <= FACTR*EPSMCH"

$loginfo
      step  par1         par2          fn       gr1           gr2
 [1,]    1 1e-01  0.010000000   328.58105  2236.553  3.043322e+03
 [2,]    2 1e-06  0.000001000    99.87897 36880.846 -1.714019e+05
 [3,]    3 1e-06 10.000000000 24350.95418  2416.088  2.323899e+03
 [4,]    4 1e-06  3.263342491  8206.85652  2415.992  2.468749e+03
 [5,]    5 1e-06  1.064667416  2729.54682  2415.562  2.511825e+03
 [6,]    6 1e-06  0.347448454   925.95122  2414.063  2.512032e+03
 [7,]    7 1e-06  0.113507847   341.24853  2409.371  2.469706e+03
 [8,]    8 1e-06  0.037184172   156.23631  2395.037  2.326713e+03
 [9,]    9 1e-06  0.012262210   101.75625  2349.093  1.889985e+03
[10,]   10 1e-06  0.004103316    89.76984  2086.086  5.928068e+02
[11,]   11 1e-06  0.004089177    89.76150  2083.685  5.860700e+02
[12,]   12 1e-06  0.004032620    89.72910  2073.728  5.586547e+02
[13,]   13 1e-06  0.003806391    89.61568  2027.396  4.409722e+02
[14,]   14 1e-06  0.002944034    89.47209  1676.180 -1.429746e+02
[15,]   15 1e-06  0.003155175    89.45888  1799.042  1.741325e+01
[16,]   16 1e-06  0.003132252    89.45867  1787.137  2.126238e-01
[17,]   17 1e-06  0.003131968    89.45867  1786.987 -6.601903e-04

