[22;0t]0;IPython: scripts/01_msprime_simulations$par
[1] 0.0053438217 0.0008260728

$value
[1] -676.5054

$counts
function gradient 
      21       21 

$convergence
[1] 0

$message
[1] "CONVERGENCE: REL_REDUCTION_OF_F <= FACTR*EPSMCH"

$loginfo
      step        par1         par2        fn           gr1           gr2
 [1,]    1 0.100000000 0.0100000000  887.1573  1.645072e+03  5.755169e+03
 [2,]    2 0.000001000 0.0000010000 1050.6519  1.095663e+05 -3.477359e+06
 [3,]    3 0.052580177 0.0052584445  778.6364  1.112508e+03  1.343674e+04
 [4,]    4 0.018420191 0.0018427533  693.3467  2.219193e+02  2.130057e+04
 [5,]    5 0.006263525 0.0006271961  678.4235  2.087997e+02 -2.301560e+04
 [6,]    6 0.011987318 0.0011995239  680.0099  5.843868e+01  1.510408e+04
 [7,]    7 0.002655057 0.0000010000 1124.8716  6.735282e+03 -3.698276e+06
 [8,]    8 0.009184838 0.0008396069  676.6622  6.249424e+01 -7.793500e+02
 [9,]    9 0.008792181 0.0008461401  676.6385  5.757103e+01 -1.510978e+02
[10,]   10 0.004343462 0.0008488316  676.5717 -6.884429e+01  2.144579e+03
[11,]   11 0.006785016 0.0008473545  676.5468  3.046690e+01  7.156192e+02
[12,]   12 0.004067940 0.0008319389  676.5558 -7.828415e+01  1.299835e+03
[13,]   13 0.005434037 0.0008396896  676.5173 -4.630515e+00  8.810548e+02
[14,]   14 0.005375749 0.0008303305  676.5079 -1.339606e+00  2.735108e+02
[15,]   15 0.005343822 0.0008260728  676.5054  7.257753e-02 -5.789587e+00
[16,]   16 0.005342745 0.0008261473  676.5054 -1.789830e-02  1.950870e-01
[17,]   17 0.005343819 0.0008260729  676.5054  7.235283e-02 -5.774720e+00
[18,]   18 0.005343822 0.0008260728  676.5054  7.257697e-02 -5.789550e+00
[19,]   19 0.005343822 0.0008260728  676.5054  7.257752e-02 -5.789587e+00
[20,]   20 0.005343822 0.0008260728  676.5054  7.257753e-02 -5.789587e+00
[21,]   21 0.005343822 0.0008260728  676.5054  7.257752e-02 -5.789587e+00

