[22;0t]0;IPython: scripts/01_msprime_simulations$par
[1] 0.0009772185 0.0045581372

$value
[1] -3253.752

$counts
function gradient 
      20       20 

$convergence
[1] 0

$message
[1] "CONVERGENCE: REL_REDUCTION_OF_F <= FACTR*EPSMCH"

$loginfo
      step         par1        par2       fn           gr1           gr2
 [1,]    1 0.1000000000 0.010000000 3346.470  3.035161e+02  1.537797e+04
 [2,]    2 0.0000010000 0.000001000 6656.712  1.190743e+05 -2.429234e+07
 [3,]    3 0.0658484892 0.006585156 3297.681  2.242006e+02  5.746911e+03
 [4,]    4 0.0338222709 0.004016236 3301.586  6.253975e+02 -2.337474e+04
 [5,]    5 0.0513948675 0.005425788 3292.057  2.901213e+02 -3.066341e+03
 [6,]    6 0.0456880368 0.005310679 3290.698  3.311384e+02 -4.032682e+03
 [7,]    7 0.0228607138 0.004850245 3282.384  7.110891e+02 -7.010458e+03
 [8,]    8 0.0000010000 0.004389157 3301.476 -3.462008e+05 -9.772382e+02
 [9,]    9 0.0129449759 0.004650241 3274.676  1.195282e+03 -6.765620e+03
[10,]   10 0.0043746099 0.004477374 3261.526  2.294364e+03 -3.650383e+03
[11,]   11 0.0000010000 0.004521381 3301.374 -3.442861e+05 -5.570634e+02
[12,]   12 0.0027373937 0.004493848 3257.489  2.554401e+03 -2.031285e+03
[13,]   13 0.0010107700 0.004511221 3253.761  2.877736e+02 -1.438827e+02
[14,]   14 0.0004125135 0.004446324 3256.181 -1.375302e+04  3.978777e+02
[15,]   15 0.0009386775 0.004503401 3253.757 -2.494408e+02 -8.381972e+01
[16,]   16 0.0009737978 0.004507210 3253.755  2.771040e+01 -1.133111e+02
[17,]   17 0.0009734839 0.004523187 3253.753  8.165122e+00 -7.550216e+01
[18,]   18 0.0009773232 0.004557144 3253.752  1.790746e+00 -2.362225e+00
[19,]   19 0.0009772185 0.004558137 3253.752 -4.391857e-03 -4.787179e-02

