[22;0t]0;IPython: scripts/01_msprime_simulations$par
[1] 0.008041049 0.006021767

$value
[1] -3650.705

$counts
function gradient 
      27       27 

$convergence
[1] 0

$message
[1] "CONVERGENCE: REL_REDUCTION_OF_F <= FACTR*EPSMCH"

$loginfo
      step        par1        par2       fn           gr1           gr2
 [1,]    1 0.100000000 0.010000000 3699.524  2.691449e+02  1.173927e+04
 [2,]    2 0.000001000 0.000001000 7632.717  1.230848e+05 -2.793842e+07
 [3,]    3 0.066292853 0.006629589 3670.496  2.727430e+02 -2.460838e+03
 [4,]    4 0.059116735 0.006564436 3668.636  2.936257e+02 -2.744515e+03
 [5,]    5 0.030412265 0.006303827 3659.283  4.215464e+02 -2.887282e+03
 [6,]    6 0.000001000 0.006027721 3728.584 -3.393613e+05  1.581400e+03
 [7,]    7 0.019223227 0.006202241 3654.567  4.593937e+02 -1.977708e+03
 [8,]    8 0.006561509 0.006087284 3650.987 -3.755551e+02  8.340555e+02
 [9,]    9 0.012317839 0.006139546 3651.642  3.699770e+02 -7.703696e+02
[10,]   10 0.006561509 0.006087284 3650.987 -3.755551e+02  8.340555e+02
[11,]   11 0.043442276 0.006672927 3663.459  3.414155e+02 -1.218894e+03
[12,]   12 0.011852028 0.006171294 3651.458  3.393887e+02 -4.679042e+02
[13,]   13 0.008279001 0.006114557 3650.723  8.296414e+00  3.398745e+02
[14,]   14 0.008122717 0.006040755 3650.706  7.681877e+00  5.733529e+01
[15,]   15 0.008049232 0.006021689 3650.705  1.783774e+00 -4.595882e+00
[16,]   16 0.008041049 0.006021767 3650.705  2.875363e-01 -1.145498e+00
[17,]   17 0.008039734 0.006021904 3650.705 -4.044864e-04 -4.540902e-03
[18,]   18 0.008040861 0.006021786 3650.705  2.463352e-01 -9.822034e-01
[19,]   19 0.008041018 0.006021770 3650.705  2.806242e-01 -1.118102e+00
[20,]   20 0.008041044 0.006021767 3650.705  2.863468e-01 -1.140784e+00
[21,]   21 0.008041048 0.006021767 3650.705  2.873328e-01 -1.144692e+00
[22,]   22 0.008041049 0.006021767 3650.705  2.875031e-01 -1.145367e+00
[23,]   23 0.008041049 0.006021767 3650.705  2.875307e-01 -1.145476e+00
[24,]   24 0.008041049 0.006021767 3650.705  2.875126e-01 -1.145404e+00
[25,]   25 0.008041049 0.006021767 3650.705  2.875284e-01 -1.145466e+00
[26,]   26 0.008041049 0.006021767 3650.705  2.875307e-01 -1.145475e+00
[27,]   27 0.008041049 0.006021767 3650.705  2.875307e-01 -1.145476e+00

