[22;0t]0;IPython: scripts/01_msprime_simulations$par
[1] 0.0079371328 0.0004638436

$value
[1] -392.8696

$counts
function gradient 
      56       56 

$convergence
[1] 52

$message
[1] "ERROR: ABNORMAL_TERMINATION_IN_LNSRCH"

$loginfo
      step        par1         par2         fn          gr1           gr2
 [1,]    1 0.100000000 1.000000e-02   613.9214  1958.678017  3.315200e+03
 [2,]    2 0.000001000 1.000000e-06   565.8579 93553.976750 -1.678786e+06
 [3,]    3 0.097010244 9.701051e-03   607.0818  1946.305266  3.390567e+03
 [4,]    4 0.048505622 4.851026e-03   497.3879  1547.388145  7.271784e+03
 [5,]    5 0.017071518 1.707898e-03   421.7057   607.017422  2.006023e+04
 [6,]    6 0.007503180 7.511505e-04   396.8786    29.773727  2.058714e+04
 [7,]    7 0.006496240 1.000000e-06   615.8722   750.691341 -1.949039e+06
 [8,]    8 0.007224063 5.432140e-04   393.3857   -26.795220  9.636635e+03
 [9,]    9 0.040637375 1.883004e-04   406.2139    27.893129 -1.616861e+05
[10,]   10 0.015887291 4.511939e-04   393.0701    35.011889 -2.880207e+03
[11,]   11 0.010292264 4.689732e-04   392.9022    20.796824  3.234009e+02
[12,]   12 0.001520429 4.645771e-04   393.8287  -629.369015  4.920959e+03
[13,]   13 0.007784107 4.677162e-04   392.8769    -6.306610  5.191227e+02
[14,]   14 0.008257192 4.557440e-04   392.8633     3.222450 -1.479657e+03
[15,]   15 0.007937133 4.638436e-04   392.8696    -3.059970 -1.097722e+02
[16,]   16 0.008209512 4.651811e-04   392.8712     0.589478  3.660488e+01
[17,]   17 0.007958570 4.639489e-04   392.8696    -2.761348 -9.846642e+01
[18,]   18 0.007938999 4.638528e-04   392.8696    -3.033894 -1.087895e+02
[19,]   19 0.007937297 4.638444e-04   392.8696    -3.057680 -1.096859e+02
[20,]   20 0.007937147 4.638437e-04   392.8696    -3.059769 -1.097646e+02
[21,]   21 0.007937134 4.638436e-04   392.8696    -3.059952 -1.097715e+02
[22,]   22 0.007937133 4.638436e-04   392.8696    -3.059968 -1.097721e+02
[23,]   23 0.007937133 4.638436e-04   392.8696    -3.059970 -1.097722e+02
[24,]   24 0.007937133 4.638436e-04   392.8696    -3.059970 -1.097722e+02
[25,]   25 0.007937133 4.638436e-04   392.8696    -3.059970 -1.097722e+02
[26,]   26 0.007937133 4.638436e-04   392.8696    -3.059970 -1.097722e+02
[27,]   27 0.007937133 4.638436e-04   392.8696    -3.059970 -1.097722e+02
[28,]   28 0.007937133 4.638436e-04   392.8696    -3.059970 -1.097722e+02
[29,]   29 0.007937133 4.638436e-04   392.8696    -3.059970 -1.097722e+02
[30,]   30 0.007937133 4.638436e-04   392.8696    -3.059970 -1.097722e+02
[31,]   31 0.007937133 4.638436e-04   392.8696    -3.059970 -1.097722e+02
[32,]   32 3.067906859 1.000000e+01 31697.5650  2342.237399  2.320421e+03
[33,]   33 0.033861519 8.518097e-02   580.1557  2406.468288  2.014600e+03
[34,]   34 0.008290048 1.617118e-03   414.7705   654.177013  1.584078e+04
[35,]   35 0.007937608 4.653966e-04   392.8719    -3.393627  1.300088e+02
[36,]   36 0.007937139 4.638623e-04   392.8696    -3.064023 -1.068784e+02
[37,]   37 0.007937133 4.638439e-04   392.8696    -3.060019 -1.097367e+02
[38,]   38 0.007937133 4.638436e-04   392.8696    -3.059970 -1.097718e+02
[39,]   39 0.007937133 4.638436e-04   392.8696    -3.059970 -1.097722e+02
[40,]   40 0.007937133 4.638436e-04   392.8696    -3.059970 -1.097722e+02
[41,]   41 0.007937133 4.638436e-04   392.8696    -3.059970 -1.097722e+02
[42,]   42 0.007937133 4.638436e-04   392.8696    -3.059970 -1.097722e+02
[43,]   43 0.007937133 4.638436e-04   392.8696    -3.059970 -1.097722e+02
[44,]   44 0.007937133 4.638436e-04   392.8696    -3.059970 -1.097722e+02
[45,]   45 0.007937133 4.638436e-04   392.8696    -3.059970 -1.097722e+02
[46,]   46 0.007937133 4.638436e-04   392.8696    -3.059970 -1.097722e+02

