[22;0t]0;IPython: scripts/01_msprime_simulations$par
[1] 0.000001000 0.003534393

$value
[1] -98.83375

$counts
function gradient 
      17       17 

$convergence
[1] 0

$message
[1] "CONVERGENCE: REL_REDUCTION_OF_F <= FACTR*EPSMCH"

$loginfo
      step  par1         par2          fn       gr1           gr2
 [1,]    1 1e-01  0.010000000   336.99802  2238.215  2.868191e+03
 [2,]    2 1e-06  0.000001000   112.32705 48271.678 -2.025478e+05
 [3,]    3 1e-06 10.000000000 24352.24331  2416.088  2.323792e+03
 [4,]    4 1e-06  3.273919155  8235.42529  2415.993  2.468212e+03
 [5,]    5 1e-06  1.071640194  2750.65462  2415.566  2.510779e+03
 [6,]    6 1e-06  0.350878140   939.28326  2414.085  2.509324e+03
 [7,]    7 1e-06  0.115002042   350.77318  2409.462  2.461885e+03
 [8,]    8 1e-06  0.037792246   164.59944  2395.383  2.303692e+03
 [9,]    9 1e-06  0.012498740   110.25871  2352.929  1.822308e+03
[10,]   10 1e-06  0.004186273    98.96860  2218.114  3.924784e+02
[11,]   11 1e-06  0.004178179    98.96544  2217.680  3.883178e+02
[12,]   12 1e-06  0.004145802    98.95312  2215.925  3.715156e+02
[13,]   13 1e-06  0.004016296    98.90943  2208.571  3.016536e+02
[14,]   14 1e-06  0.003451755    98.83612  2170.824 -5.860436e+01
[15,]   15 1e-06  0.003543591    98.83378  2177.293  6.405692e+00
[16,]   16 1e-06  0.003534542    98.83375  2176.651  1.039533e-01
[17,]   17 1e-06  0.003534393    98.83375  2176.640 -1.971674e-04

