[22;0t]0;IPython: scripts/01_msprime_simulations$par
[1] 0.04769363 0.50958991

$value
[1] -52899.47

$counts
function gradient 
      33       33 

$convergence
[1] 0

$message
[1] "CONVERGENCE: REL_REDUCTION_OF_F <= FACTR*EPSMCH"

$loginfo
      step       par1       par2        fn           gr1           gr2
 [1,]    1 0.10000000  0.0100000 118134.63  6.552802e+04 -3.026954e+06
 [2,]    2 0.00000100 10.0000000  59401.60 -8.798779e+06  3.640996e+02
 [3,]    3 1.64693770 10.0000000  60330.87  2.315262e+03  3.602621e+02
 [4,]    4 0.54898172 10.0000000  57618.50  2.478876e+03  4.250948e+02
 [5,]    5 0.18288096 10.0000000  56846.72  1.226838e+03  4.626271e+02
 [6,]    6 0.18285548  9.9984391  56845.97  1.226760e+03  4.626146e+02
 [7,]    7 0.18275356  9.9921953  56842.95  1.226448e+03  4.625640e+02
 [8,]    8 0.18234591  9.9672203  56830.90  1.225226e+03  4.623910e+02
 [9,]    9 0.18071529  9.8673202  56782.74  1.220571e+03  4.620757e+02
[10,]   10 0.17419281  9.4677198  56590.25  1.202311e+03  4.611655e+02
[11,]   11 0.14810291  7.8693184  55871.57  9.634590e+02  3.923450e+02
[12,]   12 0.01944734  0.0000010 412092.43  1.082725e+05 -1.521277e+09
[13,]   13 0.10493162  5.2287132  54835.40  4.688168e+02  3.878663e+02
[14,]   14 0.06218948  2.6143571  53971.91 -1.294916e+03  3.634443e+02
[15,]   15 0.01986739  0.0000010 412137.85  1.079509e+05 -1.521277e+09
[16,]   16 0.04805701  1.7413538  53609.93 -2.895094e+03  5.195991e+02
[17,]   17 0.03396220  0.8706774  53160.39 -6.612705e+03  7.775325e+02
[18,]   18 0.02456821  0.2903839  53173.12  1.474460e+03 -4.197256e+03
[19,]   19 0.02870566  0.5459661  52967.39 -7.433220e+03  4.865815e+02
[20,]   20 0.02665359  0.4192040  52958.56 -5.826795e+03 -2.566565e+02
[21,]   21 0.04520449  1.5261050  53504.85 -3.433674e+03  5.440968e+02
[22,]   22 0.02876467  0.5451683  52966.57 -7.385107e+03  4.828542e+02
[23,]   23 0.02744728  0.4665621  52951.08 -6.756084e+03  1.182319e+02
[24,]   24 0.02763564  0.4663968  52949.80 -6.623033e+03  1.122504e+02
[25,]   25 0.02838910  0.4657356  52944.94 -6.109124e+03  8.823041e+01
[26,]   26 0.03140292  0.4630910  52929.23 -4.309514e+03 -9.396202e+00
[27,]   27 0.03979960  0.4907400  52905.31 -1.609035e+03  5.373833e+00
[28,]   28 0.04467026  0.5048807  52900.27 -5.735940e+02  1.793839e+01
[29,]   29 0.04708213  0.5082851  52899.50 -1.024735e+02  9.255420e-01
[30,]   30 0.04764501  0.5095302  52899.47 -9.011804e+00  5.363446e-01
[31,]   31 0.04769249  0.5096133  52899.47 -8.927371e-01  3.453408e-01
[32,]   32 0.04769363  0.5095899  52899.47 -2.687207e-01  1.533933e-01

