[22;0t]0;IPython: scripts/01_msprime_simulations$par
[1] 0.0013716708 0.0004168098

$value
[1] -380.2409

$counts
function gradient 
      62       62 

$convergence
[1] 52

$message
[1] "ERROR: ABNORMAL_TERMINATION_IN_LNSRCH"

$loginfo
      step         par1         par2         fn           gr1           gr2
 [1,]    1 0.1000000000 1.000000e-02   603.2009   1977.512798  3.659180e+03
 [2,]    2 0.0000010000 1.000000e-06   547.4519 103083.866907 -1.631409e+06
 [3,]    3 0.0962437320 9.624407e-03   594.4052   1962.951800  3.770622e+03
 [4,]    4 0.0481223660 4.812704e-03   483.0179   1587.713026  7.012432e+03
 [5,]    5 0.0171199323 1.712739e-03   408.8101    677.646206  1.914043e+04
 [6,]    6 0.0079924239 8.000705e-04   385.9295    138.421403  2.027255e+04
 [7,]    7 0.0061114035 1.000000e-06   597.5299    913.203961 -1.902077e+06
 [8,]    8 0.0074551235 5.718215e-04   381.8006     61.045430  1.241462e+04
 [9,]    9 0.0283088329 1.000000e-06   603.3704     81.259840 -1.921349e+06
[10,]   10 0.0121767507 4.425780e-04   381.1264     49.965872 -2.868365e+03
[11,]   11 0.0009752505 4.903923e-04   380.6170   -133.911410  6.190897e+03
[12,]   12 0.0090455441 4.559438e-04   380.9568     60.416796 -2.372355e+02
[13,]   13 0.0050103973 4.731681e-04   380.7201     85.007149  3.338612e+03
[14,]   14 0.0022098005 4.851226e-04   380.5599     51.342253  5.835678e+03
[15,]   15 0.0000010000 4.710839e-04   383.9318 -20752.644156  2.467700e+03
[16,]   16 0.0015078333 4.806610e-04   380.5136    -17.463837  5.696057e+03
[17,]   17 0.0024834043 1.000000e-06   591.4262   3233.479073 -1.879032e+06
[18,]   18 0.0016938581 3.891978e-04   380.2858    136.845067 -5.372903e+03
[19,]   19 0.0016015022 4.346066e-04   380.2845     28.400281  1.339534e+03
[20,]   20 0.0012074729 4.169083e-04   380.2413    -24.318006  5.943709e+01
[21,]   21 0.0013716708 4.168098e-04   380.2409     17.129644 -3.495269e+02
[22,]   22 0.0013258222 4.191248e-04   380.2441      2.119831  4.359312e+01
[23,]   23 0.0013685911 4.169653e-04   380.2411     16.141531 -3.226967e+02
[24,]   24 0.0013714521 4.168208e-04   380.2409     17.059581 -3.476200e+02
[25,]   25 0.0013716552 4.168105e-04   380.2409     17.124651 -3.493910e+02
[26,]   26 0.0013716697 4.168098e-04   380.2409     17.129288 -3.495172e+02
[27,]   27 0.0013716707 4.168098e-04   380.2409     17.129619 -3.495262e+02
[28,]   28 0.0013716708 4.168098e-04   380.2409     17.129643 -3.495269e+02
[29,]   29 0.0013716708 4.168098e-04   380.2409     17.129644 -3.495269e+02
[30,]   30 0.0013716708 4.168098e-04   380.2409     17.129644 -3.495269e+02
[31,]   31 0.0013716708 4.168098e-04   380.2409     17.129644 -3.495269e+02
[32,]   32 0.0013716708 4.168098e-04   380.2409     17.129644 -3.495269e+02
[33,]   33 0.0013716708 4.168098e-04   380.2409     17.129644 -3.495269e+02
[34,]   34 0.0013716708 4.168098e-04   380.2409     17.129644 -3.495269e+02
[35,]   35 0.0013716708 4.168098e-04   380.2409     17.129644 -3.495269e+02
[36,]   36 0.0013716708 4.168098e-04   380.2409     17.129644 -3.495269e+02
[37,]   37 0.0013716708 4.168098e-04   380.2409     17.129644 -3.495269e+02
[38,]   38 0.0013716708 4.168098e-04   380.2409     17.129644 -3.495269e+02
[39,]   39 0.0013716708 4.168098e-04   380.2409     17.129644 -3.495269e+02
[40,]   40 0.0000010000 1.000000e+01 24397.3628   2416.087799  2.320025e+03
[41,]   41 0.0013277053 3.211624e-01  1036.1202   2413.759019  2.398340e+03
[42,]   42 0.0013698887 1.341804e-02   393.4383   2011.272120 -3.210622e+02
[43,]   43 0.0013715906 1.001914e-03   385.9982   1650.514454  9.436664e+03
[44,]   44 0.0013716701 4.217622e-04   380.2491      7.410669  2.598887e+02
[45,]   45 0.0013716708 4.169740e-04   380.2411     16.791526 -3.288628e+02
[46,]   46 0.0013716708 4.168154e-04   380.2409     17.117957 -3.488133e+02
[47,]   47 0.0013716708 4.168100e-04   380.2409     17.129241 -3.495023e+02
[48,]   48 0.0013716708 4.168098e-04   380.2409     17.129630 -3.495261e+02
[49,]   49 0.0013716708 4.168098e-04   380.2409     17.129644 -3.495269e+02
[50,]   50 0.0013716708 4.168098e-04   380.2409     17.129644 -3.495269e+02
[51,]   51 0.0013716708 4.168098e-04   380.2409     17.129644 -3.495269e+02
[52,]   52 0.0013716708 4.168098e-04   380.2409     17.129644 -3.495269e+02
[53,]   53 0.0013716708 4.168098e-04   380.2409     17.129644 -3.495269e+02
[54,]   54 0.0013716708 4.168098e-04   380.2409     17.129644 -3.495269e+02
[55,]   55 0.0013716708 4.168098e-04   380.2409     17.129644 -3.495269e+02
[56,]   56 0.0013716708 4.168098e-04   380.2409     17.129644 -3.495269e+02

