[22;0t]0;IPython: scripts/01_msprime_simulations$par
[1] 0.000001000 0.002745968

$value
[1] -79.96125

$counts
function gradient 
      27       27 

$convergence
[1] 0

$message
[1] "CONVERGENCE: REL_REDUCTION_OF_F <= FACTR*EPSMCH"

$loginfo
      step  par1         par2          fn       gr1           gr2
 [1,]    1 1e-01  0.010000000   323.33992  2260.982  2.840978e+03
 [2,]    2 1e-06  0.000001000    93.39689 32074.985 -1.526011e+05
 [3,]    3 1e-06 10.000000000 24349.66505  2416.099  2.324007e+03
 [4,]    4 1e-06  3.254931608  8183.62662  2416.074  2.469241e+03
 [5,]    5 1e-06  1.059145508  2712.07092  2415.984  2.512859e+03
 [6,]    6 1e-06  0.344749381   914.43726  2415.695  2.514820e+03
 [7,]    7 1e-06  0.112346445   332.52347  2414.804  2.477912e+03
 [8,]    8 1e-06  0.036726014   148.19505  2412.028  2.351276e+03
 [9,]    9 1e-06  0.012099819    93.36370  2401.576  1.963884e+03
[10,]   10 1e-06  0.004054036    80.56153  2338.089  8.156119e+02
[11,]   11 1e-06  0.004032488    80.54405  2337.336  8.063819e+02
[12,]   12 1e-06  0.003946300    80.47614  2334.193  7.684546e+02
[13,]   13 1e-06  0.003601544    80.23945  2319.170  5.986275e+02
[14,]   14 1e-06  0.002353187    80.03376  2222.709 -3.755483e+02
[15,]   15 1e-06  0.002834433    79.96473  2263.869  7.674391e+01
[16,]   16 1e-06  0.002752776    79.96127  2255.787  5.906004e+00
[17,]   17 1e-06  0.002745968    79.96125  2255.102 -1.447085e-01
[18,]   18 1e-06  0.002746131    79.96125  2255.118  2.562643e-04
[19,]   19 1e-06  0.002745973    79.96125  2255.102 -1.403202e-01
[20,]   20 1e-06  0.002745969    79.96125  2255.102 -1.445715e-01
[21,]   21 1e-06  0.002745968    79.96125  2255.102 -1.447042e-01
[22,]   22 1e-06  0.002745968    79.96125  2255.102 -1.447084e-01
[23,]   23 1e-06  0.002745968    79.96125  2255.102 -1.447085e-01
[24,]   24 1e-06  0.002745968    79.96125  2255.102 -1.447085e-01
[25,]   25 1e-06  0.002745968    79.96125  2255.102 -1.447084e-01
[26,]   26 1e-06  0.002745968    79.96125  2255.102 -1.447085e-01
[27,]   27 1e-06  0.002745968    79.96125  2255.102 -1.447084e-01

