[22;0t]0;IPython: scripts/01_msprime_simulations$par
[1] 0.0044490933 0.0004971188

$value
[1] -422.051

$counts
function gradient 
      52       52 

$convergence
[1] 52

$message
[1] "ERROR: ABNORMAL_TERMINATION_IN_LNSRCH"

$loginfo
      step        par1         par2         fn           gr1           gr2
 [1,]    1 0.100000000 1.000000e-02   639.8477  1910.7294408  4.193968e+03
 [2,]    2 0.000001000 1.000000e-06   615.5863 98551.1399331 -1.862126e+06
 [3,]    3 0.097410312 9.741055e-03   633.8183  1899.0151708  4.274906e+03
 [4,]    4 0.048705656 4.871027e-03   522.6902  1468.3412294  7.770034e+03
 [5,]    5 0.017197918 1.720537e-03   447.4838   551.5614908  2.070189e+04
 [6,]    6 0.007497146 7.505472e-04   424.6088    34.3492613  1.583843e+04
 [7,]    7 0.001583879 1.000000e-06   657.6221  6487.9829444 -2.087907e+06
 [8,]    8 0.005892061 5.470916e-04   422.2168    19.1060323  4.138671e+03
 [9,]    9 0.005227065 4.733665e-04   422.1007    47.6859808 -4.585922e+03
[10,]   10 0.005553468 5.095533e-04   422.0851    29.7951844  1.575128e+02
[11,]   11 0.005325423 5.049218e-04   422.0732    27.9246477 -2.814582e+02
[12,]   12 0.004449093 4.971188e-04   422.0510     5.4314820 -6.228233e+02
[13,]   13 0.004407293 5.001664e-04   422.0534     0.9431555 -2.038399e+02
[14,]   14 0.004445123 4.974083e-04   422.0511     5.0089366 -5.826525e+02
[15,]   15 0.004448694 4.971479e-04   422.0510     5.3889798 -6.187758e+02
[16,]   16 0.004449053 4.971217e-04   422.0510     5.4271791 -6.224135e+02
[17,]   17 0.004449089 4.971191e-04   422.0510     5.4310461 -6.227818e+02
[18,]   18 0.004449093 4.971188e-04   422.0510     5.4314378 -6.228191e+02
[19,]   19 0.004449093 4.971188e-04   422.0510     5.4314775 -6.228229e+02
[20,]   20 0.004449093 4.971188e-04   422.0510     5.4314815 -6.228233e+02
[21,]   21 0.004449093 4.971188e-04   422.0510     5.4314819 -6.228233e+02
[22,]   22 0.004449093 4.971188e-04   422.0510     5.4314820 -6.228233e+02
[23,]   23 0.004449093 4.971188e-04   422.0510     5.4314820 -6.228233e+02
[24,]   24 0.004449093 4.971188e-04   422.0510     5.4314820 -6.228233e+02
[25,]   25 0.004449093 4.971188e-04   422.0510     5.4314820 -6.228233e+02
[26,]   26 0.004449093 4.971188e-04   422.0510     5.4314820 -6.228233e+02
[27,]   27 0.004449093 4.971188e-04   422.0510     5.4314820 -6.228233e+02
[28,]   28 0.004449093 4.971188e-04   422.0510     5.4314820 -6.228233e+02
[29,]   29 0.004449093 4.971188e-04   422.0510     5.4314820 -6.228233e+02
[30,]   30 0.000001000 1.000000e+01 24403.8085  2416.0985175  2.319487e+03
[31,]   31 0.004213339 5.304821e-01  1572.7347  2415.6077282  2.438337e+03
[32,]   32 0.004434669 3.292303e-02   447.5496  2404.7286668  1.055003e+03
[33,]   33 0.004447158 4.847644e-03   452.9275  3017.2133965  9.894771e+01
[34,]   34 0.004449066 5.583423e-04   422.2872   -34.6108553  5.820365e+03
[35,]   35 0.004449092 4.999108e-04   422.0532     3.1410280 -2.711574e+02
[36,]   36 0.004449093 4.973570e-04   422.0511     5.2342174 -5.925732e+02
[37,]   37 0.004449093 4.971400e-04   422.0510     5.4139373 -6.201332e+02
[38,]   38 0.004449093 4.971207e-04   422.0510     5.4299171 -6.225834e+02
[39,]   39 0.004449093 4.971190e-04   422.0510     5.4313424 -6.228019e+02
[40,]   40 0.004449093 4.971188e-04   422.0510     5.4314695 -6.228214e+02
[41,]   41 0.004449093 4.971188e-04   422.0510     5.4314809 -6.228232e+02
[42,]   42 0.004449093 4.971188e-04   422.0510     5.4314819 -6.228233e+02
[43,]   43 0.004449093 4.971188e-04   422.0510     5.4314820 -6.228233e+02
[44,]   44 0.004449093 4.971188e-04   422.0510     5.4314820 -6.228233e+02
[45,]   45 0.004449093 4.971188e-04   422.0510     5.4314820 -6.228233e+02
[46,]   46 0.004449093 4.971188e-04   422.0510     5.4314820 -6.228233e+02
[47,]   47 0.004449093 4.971188e-04   422.0510     5.4314820 -6.228233e+02
[48,]   48 0.004449093 4.971188e-04   422.0510     5.4314820 -6.228233e+02
[49,]   49 0.004449093 4.971188e-04   422.0510     5.4314820 -6.228233e+02

