[22;0t]0;IPython: scripts/01_msprime_simulations$par
[1] 0.0086338234 0.0008462307

$value
[1] -692.5906

$counts
function gradient 
      28       28 

$convergence
[1] 0

$message
[1] "CONVERGENCE: REL_REDUCTION_OF_F <= FACTR*EPSMCH"

$loginfo
      step        par1         par2        fn           gr1           gr2
 [1,]    1 0.100000000 0.0100000000  902.9279  1.610679e+03  6.759589e+03
 [2,]    2 0.000001000 0.0000010000 1075.5150  1.125358e+05 -3.569621e+06
 [3,]    3 0.052739017 0.0052743270  794.9354  1.053089e+03  1.257691e+04
 [4,]    4 0.018469466 0.0018476804  710.0420  1.573108e+02  2.345689e+04
 [5,]    5 0.007386872 0.0007395207  692.9858  4.802733e+01 -9.427434e+03
 [6,]    6 0.005519603 0.0060383633  731.9555  4.294096e+03  4.070469e+02
 [7,]    7 0.007150194 0.0014111541  699.7424  9.074854e+00  1.814532e+04
 [8,]    8 0.007347015 0.0008526245  692.6142 -2.669314e+01  1.013634e+03
 [9,]    9 0.007959496 0.0008459255  692.5954 -1.208006e+01  2.046295e+02
[10,]   10 0.008543220 0.0008456293  692.5907 -3.836810e+00 -8.496167e+01
[11,]   11 0.008893555 0.0008479547  692.5908 -8.330733e-01 -4.994242e+01
[12,]   12 0.008633823 0.0008462307  692.5906 -3.012443e+00 -7.680763e+01
[13,]   13 0.008992091 0.0008491477  692.5913 -2.870738e-01  4.064743e+00
[14,]   14 0.008692119 0.0008467053  692.5907 -2.537137e+00 -6.430280e+01
[15,]   15 0.008645133 0.0008463228  692.5906 -2.919201e+00 -7.440221e+01
[16,]   16 0.008636091 0.0008462492  692.5906 -2.993710e+00 -7.632620e+01
[17,]   17 0.008634281 0.0008462344  692.5906 -3.008662e+00 -7.671051e+01
[18,]   18 0.008633916 0.0008462315  692.5906 -3.011679e+00 -7.678801e+01
[19,]   19 0.008633842 0.0008462309  692.5906 -3.012289e+00 -7.680366e+01
[20,]   20 0.008633827 0.0008462307  692.5906 -3.012412e+00 -7.680683e+01
[21,]   21 0.008633824 0.0008462307  692.5906 -3.012437e+00 -7.680747e+01
[22,]   22 0.008633824 0.0008462307  692.5906 -3.012442e+00 -7.680760e+01
[23,]   23 0.008633823 0.0008462307  692.5906 -3.012443e+00 -7.680762e+01
[24,]   24 0.008633823 0.0008462307  692.5906 -3.012443e+00 -7.680763e+01
[25,]   25 0.008633823 0.0008462307  692.5906 -3.012443e+00 -7.680762e+01
[26,]   26 0.008633823 0.0008462307  692.5906 -3.012443e+00 -7.680763e+01
[27,]   27 0.008633823 0.0008462307  692.5906 -3.012443e+00 -7.680763e+01
[28,]   28 0.008633823 0.0008462307  692.5906 -3.012443e+00 -7.680763e+01

