[22;0t]0;IPython: scripts/01_msprime_simulations$par
[1] 0.00474029 0.11689818

$value
[1] -31198.12

$counts
function gradient 
      34       34 

$convergence
[1] 0

$message
[1] "CONVERGENCE: REL_REDUCTION_OF_F <= FACTR*EPSMCH"

$loginfo
      step        par1        par2        fn           gr1           gr2
 [1,]    1 0.100000000  0.01000000  43755.45  2.553303e+04 -8.743567e+05
 [2,]    2 0.000001000 10.00000000  38482.28 -9.441179e+04  1.150721e+03
 [3,]    3 0.066636797  3.34301735  32537.88  2.438354e+03  5.073798e+02
 [4,]    4 0.057322687  3.34093147  32514.87  2.266019e+03  5.098513e+02
 [5,]    5 0.020066247  3.33258795  32454.01  2.304111e+01  5.167276e+02
 [6,]    6 0.017379245  3.32961850  32453.10 -5.067784e+02  5.157001e+02
 [7,]    7 0.017078704  3.31950031  32448.06 -5.776206e+02  5.122743e+02
 [8,]    8 0.015876540  3.27902752  32428.47 -8.968678e+02  4.996815e+02
 [9,]    9 0.011067884  3.11713635  32355.52 -2.741163e+03  5.055343e+02
[10,]   10 0.000001000  1.36388253  32166.19 -2.712620e+06  1.499978e+02
[11,]   11 0.010758436  3.06811268  32332.05 -3.008008e+03  4.879673e+02
[12,]   12 0.005379718  2.21599761  31951.38 -9.901654e+03  4.070471e+02
[13,]   13 0.022080112  0.00000100 138584.85  8.009476e+04 -5.060348e+08
[14,]   14 0.010987363  1.47191206  31631.17 -2.014927e+03  4.115647e+02
[15,]   15 0.016047660  0.00000100 138075.57  8.905069e+04 -5.060227e+08
[16,]   16 0.012681166  0.97922808  31470.98  8.051056e+02  4.176541e+02
[17,]   17 0.014364413  0.48961454  31370.09  4.471137e+03  7.523488e+01
[18,]   18 0.012513208  0.27907472  31284.48  6.316530e+03  5.081553e+02
[19,]   19 0.010059408  0.00000100 137510.52  0.000000e+00 -5.060097e+08
[20,]   20 0.011694984  0.18601709  31248.62  6.949193e+03  2.681514e+02
[21,]   21 0.010615504  0.06324647  31561.22  1.988551e+04 -1.858584e+04
[22,]   22 0.011375388  0.14966902  31237.85  7.725090e+03  5.395531e+01
[23,]   23 0.011320117  0.14338298  31237.27  7.836614e+03  2.542765e+00
[24,]   24 0.005889321  0.00000100 137074.13  1.094275e+05 -5.060008e+08
[25,]   25 0.009511950  0.09564439  31260.47  1.140822e+04 -3.177694e+03
[26,]   26 0.010732769  0.12787601  31232.83  8.498216e+03 -1.072337e+02
[27,]   27 0.000001000  0.07043032  31889.08 -3.236165e+06 -3.191146e+03
[28,]   28 0.006919903  0.10746626  31211.53  7.207156e+03 -1.066417e+03
[29,]   29 0.000001000  0.13190966  31834.27 -3.420784e+06  2.965802e+02
[30,]   30 0.004491651  0.11604489  31198.25 -1.019762e+03 -9.847470e+00
[31,]   31 0.005204153  0.11932905  31198.56  1.499405e+03  6.333726e+01
[32,]   32 0.004732973  0.11715723  31198.12 -6.470992e+01  1.368696e+01
[33,]   33 0.004738860  0.11693495  31198.12 -1.093999e+01  1.990823e+00
[34,]   34 0.004740290  0.11689818  31198.12 -6.853254e-02 -1.671820e-02

