[22;0t]0;IPython: scripts/01_msprime_simulations$par
[1] 0.001611575 0.001000854

$value
[1] -567.1992

$counts
function gradient 
      64       64 

$convergence
[1] 0

$message
[1] "CONVERGENCE: REL_REDUCTION_OF_F <= FACTR*EPSMCH"

$loginfo
      step         par1         par2         fn           gr1           gr2
 [1,]    1 0.1000000000 0.0100000000   759.7666  1.797833e+03  6.605900e+03
 [2,]    2 0.0000010000 0.0000010000   901.4935  1.061745e+05 -2.923476e+06
 [3,]    3 0.0511800655 0.0051184459   644.9752  1.461676e+03  6.936940e+03
 [4,]    4 0.0000010000 0.0000010000   901.4935  1.061745e+05 -2.923476e+06
 [5,]    5 0.0308120800 0.0030818307   604.5639  1.131667e+03  6.528959e+03
 [6,]    6 0.0000010000 0.0000010000   901.4935  1.061745e+05 -2.923476e+06
 [7,]    7 0.0199601692 0.0019967373   586.6181  8.766979e+02  6.192747e+03
 [8,]    8 0.0000010000 0.0000010000   901.4935  1.061745e+05 -2.923476e+06
 [9,]    9 0.0135710611 0.0013578840   578.2028  7.610095e+02  2.885901e+03
[10,]   10 0.0000010000 0.0000010000   901.4935  1.061745e+05 -2.923476e+06
[11,]   11 0.0096917537 0.0009699881   575.3082  8.125380e+02 -4.953672e+03
[12,]   12 0.0038387834 0.0007745476   570.7378  1.426838e+03 -1.149005e+04
[13,]   13 0.0000010000 0.0006463975   595.8611 -1.582014e+05  0.000000e+00
[14,]   14 0.0024877502 0.0007294343   569.2387  1.470096e+03 -1.207067e+04
[15,]   15 0.0009630895 0.0006785233   568.9270 -1.879259e+03 -1.048598e+04
[16,]   16 0.0019942273 0.0007129548   568.7532  1.215706e+03 -1.196674e+04
[17,]   17 0.0014457468 0.0006946401   568.4863  3.395388e+02 -1.146953e+04
[18,]   18 0.0000010000 0.0009933597   594.9931 -1.527061e+05 -6.829458e+02
[19,]   19 0.0009969257 0.0007874395   568.0994 -2.081499e+03 -4.748646e+03
[20,]   20 0.0097468401 0.0038659509   584.3163  1.064335e+03  3.485399e+03
[21,]   21 0.0027828926 0.0014158021   568.7046  8.215597e+02  3.248832e+03
[22,]   22 0.0016376114 0.0010128541   567.2024  4.026228e+01  1.832737e+02
[23,]   23 0.0016225410 0.0010057306   567.2001  1.819591e+01  7.179603e+01
[24,]   24 0.0016115745 0.0010008537   567.1992  1.245616e+00 -5.157205e+00
[25,]   25 0.0016115427 0.0010010101   567.1992  9.124240e-01 -2.024557e+00
[26,]   26 0.0016115743 0.0010008549   567.1992  1.243184e+00 -5.134331e+00
[27,]   27 0.0016115745 0.0010008537   567.1992  1.245599e+00 -5.157037e+00
[28,]   28 0.0016115745 0.0010008537   567.1992  1.245616e+00 -5.157204e+00
[29,]   29 0.0016115745 0.0010008537   567.1992  1.245616e+00 -5.157205e+00
[30,]   30 0.0016115745 0.0010008537   567.1992  1.245616e+00 -5.157205e+00
[31,]   31 0.0016115745 0.0010008537   567.1992  1.245616e+00 -5.157205e+00
[32,]   32 0.0016115745 0.0010008537   567.1992  1.245616e+00 -5.157205e+00
[33,]   33 0.0016115745 0.0010008537   567.1992  1.245616e+00 -5.157205e+00
[34,]   34 0.0016115745 0.0010008537   567.1992  1.245616e+00 -5.157205e+00
[35,]   35 0.0016115745 0.0010008537   567.1992  1.245616e+00 -5.157205e+00
[36,]   36 0.0016115745 0.0010008537   567.1992  1.245616e+00 -5.157205e+00
[37,]   37 0.0016115745 0.0010008537   567.1992  1.245616e+00 -5.157205e+00
[38,]   38 0.0016115745 0.0010008537   567.1992  1.245616e+00 -5.157205e+00
[39,]   39 0.0016115745 0.0010008537   567.1992  1.245616e+00 -5.157205e+00
[40,]   40 0.0000010000 5.1582058646 12973.8407  2.416088e+03  2.415335e+03
[41,]   41 0.0016107112 0.0037652949   577.8976 -7.803818e+02  3.000175e+03
[42,]   42 0.0016115742 0.0010016810   567.1993 -1.302840e-01  1.111641e+01
[43,]   43 0.0016115745 0.0010008593   567.1992  1.236295e+00 -5.046863e+00
[44,]   44 0.0016115745 0.0010008538   567.1992  1.245552e+00 -5.156443e+00
[45,]   45 0.0016115745 0.0010008537   567.1992  1.245616e+00 -5.157200e+00
[46,]   46 0.0016115745 0.0010008537   567.1992  1.245616e+00 -5.157205e+00
[47,]   47 0.0016115745 0.0010008537   567.1992  1.245616e+00 -5.157205e+00
[48,]   48 0.0016115745 0.0010008537   567.1992  1.245616e+00 -5.157205e+00
[49,]   49 0.0016115745 0.0010008537   567.1992  1.245616e+00 -5.157205e+00
[50,]   50 0.0016115745 0.0010008537   567.1992  1.245616e+00 -5.157205e+00
[51,]   51 0.0016115745 0.0010008537   567.1992  1.245616e+00 -5.157205e+00
[52,]   52 0.0016115745 0.0010008537   567.1992  1.245616e+00 -5.157205e+00
[53,]   53 0.0016115745 0.0010008537   567.1992  1.245616e+00 -5.157205e+00
[54,]   54 0.0016115745 0.0010008537   567.1992  1.245616e+00 -5.157205e+00
[55,]   55 0.0016115745 0.0010008537   567.1992  1.245616e+00 -5.157205e+00
[56,]   56 0.0016115745 0.0010008537   567.1992  1.245616e+00 -5.157205e+00

