[22;0t]0;IPython: scripts/01_msprime_simulations$par
[1] 0.004168835 0.009918074

$value
[1] -4992.944

$counts
function gradient 
      28       28 

$convergence
[1] 0

$message
[1] "CONVERGENCE: REL_REDUCTION_OF_F <= FACTR*EPSMCH"

$loginfo
      step         par1         par2        fn           gr1           gr2
 [1,]    1 0.1000000000  0.010000000  5073.311  4.699909e+02 -6.106910e+03
 [2,]    2 0.0000010000 10.000000000 25524.062  2.416088e+03  2.225958e+03
 [3,]    3 0.0772487572  2.282871889  8535.815  2.413415e+03  2.083067e+03
 [4,]    4 0.0942204917  0.587378649  5551.452  2.425020e+03  1.090030e+03
 [5,]    5 0.0983641721  0.173420837  5372.543  2.707607e+03 -3.063229e+02
 [6,]    6 0.0996656604  0.043400862  5328.394  1.868416e+03  4.794941e+03
 [7,]    7 0.0999629822  0.013698117  5077.468  4.803775e+02  6.225734e+03
 [8,]    8 0.0999861634  0.011382286  5069.415  4.613199e+02  6.320280e+01
 [9,]    9 0.0998829170  0.011369016  5069.367  4.615275e+02  1.495362e+01
[10,]   10 0.0994699314  0.011315937  5069.180  4.623829e+02 -1.796297e+02
[11,]   11 0.0978179889  0.011103619  5068.536  4.662216e+02 -9.840559e+02
[12,]   12 0.0852539430  0.010341429  5064.383  5.051571e+02 -4.156514e+03
[13,]   13 0.0405940658  0.008791332  5046.734  9.175998e+02 -1.042462e+04
[14,]   14 0.0000010000  0.007382389  5115.534 -5.671206e+05 -1.431867e+03
[15,]   15 0.0246010694  0.008236231  5034.442  1.477816e+03 -1.129131e+04
[16,]   16 0.0083054544  0.007670628  5006.857  2.533704e+03 -8.617142e+03
[17,]   17 0.0000010000  0.008017647  5114.286 -5.656254e+05 -1.268079e+03
[18,]   18 0.0052279309  0.007799229  4999.009  1.709384e+03 -5.981482e+03
[19,]   19 0.0000767063  0.008475960  5062.804 -1.701825e+05 -5.518198e+02
[20,]   20 0.0034490461  0.008032926  4996.307 -3.299425e+02 -3.909493e+03
[21,]   21 0.0087396816  0.013397837  5003.705  1.749739e+03  2.744261e+03
[22,]   22 0.0050515829  0.009657961  4993.416  8.261577e+02 -5.973915e+02
[23,]   23 0.0044104092  0.009775136  4992.998  2.846500e+02 -2.648864e+02
[24,]   24 0.0040792512  0.009878062  4992.949 -9.842327e+01 -4.144546e+01
[25,]   25 0.0041673683  0.009902352  4992.945  1.326616e+00 -2.270093e+01
[26,]   26 0.0041693136  0.009915181  4992.944  1.145573e+00 -4.324073e+00
[27,]   27 0.0041688352  0.009918074  4992.944  5.355186e-02 -2.331594e-02

