[22;0t]0;IPython: scripts/01_msprime_simulations$par
[1] 0.049345048 0.001145657

$value
[1] -883.3202

$counts
function gradient 
      21       21 

$convergence
[1] 0

$message
[1] "CONVERGENCE: REL_REDUCTION_OF_F <= FACTR*EPSMCH"

$loginfo
      step        par1         par2        fn           gr1           gr2
 [1,]    1 0.100000000 0.0100000000 1098.6663  1.376910e+03  8.827566e+03
 [2,]    2 0.000001000 0.0000010000 1417.5738  1.170450e+05 -4.861892e+06
 [3,]    3 0.056645044 0.0056648946  997.1586  8.145200e+02  1.692237e+04
 [4,]    4 0.019741731 0.0019748954  897.5569 -1.256564e+01  2.382558e+04
 [5,]    5 0.006712849 0.0006721244  891.4714  3.285961e+02 -4.523346e+04
 [6,]    6 0.015038046 0.0015045692  887.9830 -1.050481e+02  1.676660e+04
 [7,]    7 0.007557977 0.0000010000 1540.6966  2.444488e+03 -5.109207e+06
 [8,]    8 0.012735751 0.0010417847  884.2164 -6.774172e+01 -3.595282e+03
 [9,]    9 0.015546316 0.0011363071  883.9809 -7.076748e+01  2.049501e+03
[10,]   10 0.018629127 0.0011388760  883.7999 -5.150199e+01  1.616165e+03
[11,]   11 0.026635046 0.0011379961  883.5127 -2.375494e+01  5.231222e+02
[12,]   12 0.033750703 0.0011442155  883.3942 -1.187882e+01  4.161647e+02
[13,]   13 0.040659401 0.0011452551  883.3389 -4.891577e+00  1.831202e+02
[14,]   14 0.045481817 0.0011456471  883.3235 -1.775337e+00  7.561846e+01
[15,]   15 0.047592566 0.0011274691  883.3275 -3.500118e-01 -1.307494e+03
[16,]   16 0.046242552 0.0011390956  883.3217 -1.234217e+00 -4.157318e+02
[17,]   17 0.045868596 0.0011423161  883.3221 -1.496157e+00 -1.732035e+02
[18,]   18 0.048409757 0.0011451603  883.3203 -3.712262e-01 -1.963111e+01
[19,]   19 0.049228475 0.0011456694  883.3202 -4.603092e-02  2.869622e+00
[20,]   20 0.049340621 0.0011456586  883.3202 -1.767900e-03  1.961758e-01
[21,]   21 0.049345048 0.0011456569  883.3202 -8.356551e-06  1.844185e-03

