[22;0t]0;IPython: scripts/01_msprime_simulations$par
[1] 0.08687729 0.09417871

$value
[1] -28570.65

$counts
function gradient 
      35       35 

$convergence
[1] 0

$message
[1] "CONVERGENCE: REL_REDUCTION_OF_F <= FACTR*EPSMCH"

$loginfo
      step       par1        par2        fn           gr1           gr2
 [1,]    1 0.10000000  0.01000000  36540.80  1.893428e+04 -6.756432e+05
 [2,]    2 0.00000100 10.00000000  35811.32  2.416098e+03  1.367084e+03
 [3,]    3 0.06667668  3.33903303  29975.63  1.319566e+03  1.162829e+02
 [4,]    4 0.06017164  3.33835568  29967.30  1.216037e+03  1.101971e+02
 [5,]    5 0.03415150  3.33564630  29943.15  5.177300e+02  7.495053e+01
 [6,]    6 0.01296062  3.33319097  29947.14 -1.412360e+03  1.704592e+01
 [7,]    7 0.02529437  3.33462005  29940.43  4.408516e+01  5.605400e+01
 [8,]    8 0.02436374  3.33423868  29940.39 -2.203208e+01  5.364681e+01
 [9,]    9 0.02437742  3.33388161  29940.38 -2.193716e+01  5.356966e+01
[10,]   10 0.02443212  3.33245334  29940.30 -2.155986e+01  5.326087e+01
[11,]   11 0.02465092  3.32674025  29939.99 -2.009208e+01  5.202777e+01
[12,]   12 0.02552611  3.30388787  29938.84 -1.485618e+01  4.713170e+01
[13,]   13 0.03320388  3.09012932  29931.88 -6.176602e+01  2.805975e+01
[14,]   14 0.04881900  2.71236304  29907.87  2.142650e+02  1.037310e+02
[15,]   15 0.11127947  1.20129790  29757.34  3.363189e+03  1.707631e+02
[16,]   16 0.16093554  0.00000100 117432.21  0.000000e+00 -4.104480e+08
[17,]   17 0.12783395  0.80080626  29758.45  4.100863e+03  1.310955e+02
[18,]   18 0.11893216  1.01616128  29752.60  3.766309e+03  1.693270e+02
[19,]   19 0.14934348  0.00000100 117247.13  1.666521e+04 -4.104430e+08
[20,]   20 0.12907214  0.67734537  29739.98  4.220363e+03  2.777857e+02
[21,]   21 0.13920781  0.33867319  29475.55  3.083501e+03  2.175779e+03
[22,]   22 0.14596064  0.11303476  28606.29  3.147556e+02  2.510051e+03
[23,]   23 0.14821154  0.03782356  30130.72  5.443709e+03 -8.811206e+04
[24,]   24 0.14596064  0.11303476  28606.29  3.147556e+02  2.510051e+03
[25,]   25 0.14955779  0.00000100 117250.70  1.663813e+04 -4.104431e+08
[26,]   26 0.14716025  0.07533937  28704.58  1.373596e+03 -1.113990e+04
[27,]   27 0.14632176  0.10168719  28589.19  4.537188e+02  3.542515e+02
[28,]   28 0.13227539  0.09899308  28582.53  4.315678e+02 -3.293165e+01
[29,]   29 0.03055408  0.08938519  28641.99 -4.340132e+03  1.351211e+03
[30,]   30 0.09534984  0.09550535  28571.23  1.241844e+02  4.654117e+01
[31,]   31 0.07942594  0.09365766  28571.21 -1.684136e+02  1.314721e+02
[32,]   32 0.08805173  0.09465853  28570.67  1.009313e+01  7.310372e+01
[33,]   33 0.08675818  0.09420618  28570.65 -3.537522e+00  1.027239e+01
[34,]   34 0.08687569  0.09417956  28570.65 -6.322671e-02  2.485752e-01
[35,]   35 0.08687729  0.09417871  28570.65 -1.174158e-04 -5.446964e-04

