[22;0t]0;IPython: scripts/01_msprime_simulations$par
[1] 0.01017437 0.10494609

$value
[1] -25599.81

$counts
function gradient 
      29       29 

$convergence
[1] 0

$message
[1] "CONVERGENCE: REL_REDUCTION_OF_F <= FACTR*EPSMCH"

$loginfo
      step        par1        par2        fn           gr1           gr2
 [1,]    1 0.100000000  0.01000000  34094.51  1.881604e+04 -6.462781e+05
 [2,]    2 0.000001000 10.00000000  35140.97 -2.717288e+04  1.423067e+03
 [3,]    3 0.066634091  3.34328764  27701.65  1.894880e+03  7.568655e+02
 [4,]    4 0.056816768  3.33922952  27680.82  1.712503e+03  7.580051e+02
 [5,]    5 0.017547476  3.32299703  27634.43 -8.982097e+02  7.406550e+02
 [6,]    6 0.027961190  3.32147322  27632.02  4.597316e+02  7.507874e+02
 [7,]    7 0.025341085  3.31303415  27624.81  2.091085e+02  7.479983e+02
 [8,]    8 0.014860666  3.27927787  27605.57 -1.605612e+03  7.300794e+02
 [9,]    9 0.010974353  3.19500969  27554.28 -3.247986e+03  7.026762e+02
[10,]   10 0.005340954  1.83245487  26692.04 -1.241698e+04  5.261554e+02
[11,]   11 0.028811957  0.00000100 106502.64  6.009201e+04 -3.863551e+08
[12,]   12 0.013254618  1.21461056  26344.69 -2.251832e+03  5.397255e+02
[13,]   13 0.019736546  0.00000100 105908.85  7.130312e+04 -3.863378e+08
[14,]   14 0.015428429  0.80727329  26107.60 -2.038058e+00  5.767303e+02
[15,]   15 0.017582487  0.40363714  25863.46  2.325715e+03  6.989655e+02
[16,]   16 0.019017788  0.13468477  25632.15  3.431577e+03  7.578102e+02
[17,]   17 0.019496218  0.04503459  26136.10  1.533696e+04 -3.140423e+04
[18,]   18 0.019017788  0.13468477  25632.15  3.431577e+03  7.578102e+02
[19,]   19 0.017749424  0.00000100 105764.29  7.422405e+04 -3.863337e+08
[20,]   20 0.018595233  0.08981490  25638.65  4.898583e+03 -2.032313e+03
[21,]   21 0.018816833  0.11334602  25621.15  3.786903e+03  9.629403e+01
[22,]   22 0.001894158  0.09999963  25699.14 -4.979941e+04  3.195986e+02
[23,]   23 0.012036120  0.10799828  25601.34  1.410398e+03  7.956099e+01
[24,]   24 0.007871733  0.10248296  25602.99 -3.054509e+03 -1.116960e+01
[25,]   25 0.010264414  0.10565183  25599.82  5.139028e+01  3.802785e+01
[26,]   26 0.010171164  0.10436246  25599.82  3.108963e+01 -3.654121e+01
[27,]   27 0.010159631  0.10495855  25599.81 -1.599678e+01  1.637352e+00
[28,]   28 0.010179248  0.10495235  25599.81  4.685280e+00  1.044892e-01
[29,]   29 0.010174371  0.10494609  25599.81  9.065789e-03  7.231392e-04

