[22;0t]0;IPython: scripts/01_msprime_simulations$par
[1] 0.003913941 0.006162825

$value
[1] -3939.188

$counts
function gradient 
      20       20 

$convergence
[1] 0

$message
[1] "CONVERGENCE: REL_REDUCTION_OF_F <= FACTR*EPSMCH"

$loginfo
      step        par1        par2       fn           gr1           gr2
 [1,]    1 0.100000000 0.010000000 3989.106  2.412485e+02  9.408470e+03
 [2,]    2 0.000001000 0.000001000 8372.095  1.227600e+05 -3.066145e+07
 [3,]    3 0.066525666 0.006652868 3972.294  3.016218e+02 -7.633337e+03
 [4,]    4 0.070279530 0.007572948 3969.741  2.606387e+02 -6.457018e+02
 [5,]    5 0.064471111 0.007483884 3968.264  2.745765e+02 -1.063166e+03
 [6,]    6 0.041237433 0.007127625 3961.484  3.808294e+02 -2.310844e+03
 [7,]    7 0.000001000 0.006495317 4021.993 -4.266286e+05  8.073068e+02
 [8,]    8 0.025578119 0.006887509 3954.816  5.756005e+02 -2.325614e+03
 [9,]    9 0.008638489 0.006627762 3942.080  8.865773e+02 -4.658529e+02
[10,]   10 0.003013873 0.006541515 3939.931 -1.094614e+03  1.399653e+03
[11,]   11 0.057645941 0.007447948 3966.368  2.930327e+02 -1.068203e+03
[12,]   12 0.013407356 0.006713960 3946.335  8.844851e+02 -1.288132e+03
[13,]   13 0.005076493 0.006575737 3939.550  3.649311e+02  6.115619e+02
[14,]   14 0.004484049 0.006460198 3939.321  1.682948e+02  5.456514e+02
[15,]   15 0.003731080 0.006237350 3939.218 -1.843503e+02  3.356520e+02
[16,]   16 0.003920354 0.006224322 3939.194 -3.522785e+01  1.804387e+02
[17,]   17 0.003889737 0.006136803 3939.189  4.458412e-01 -6.405667e+01
[18,]   18 0.003912438 0.006162989 3939.188 -1.235289e+00  1.577431e+00
[19,]   19 0.003913941 0.006162825 3939.188 -7.577242e-02  7.450797e-02

