[22;0t]0;IPython: scripts/01_msprime_simulations$par
[1] 0.000156826 0.004769758

$value
[1] -3267.471

$counts
function gradient 
      39       39 

$convergence
[1] 0

$message
[1] "CONVERGENCE: REL_REDUCTION_OF_F <= FACTR*EPSMCH"

$loginfo
      step         par1        par2       fn           gr1           gr2
 [1,]    1 0.1000000000 0.010000000 3386.184     186.06847  1.846927e+04
 [2,]    2 0.0000010000 0.000001000 6694.006  122230.14893 -2.443079e+07
 [3,]    3 0.0657162962 0.006571938 3333.099      44.40467  8.042702e+03
 [4,]    4 0.0430454474 0.004089665 3339.646     262.11501 -2.165380e+04
 [5,]    5 0.0562568368 0.005536204 3328.041      70.25661  6.504378e+01
 [6,]    6 0.0544443032 0.005438580 3327.946      77.73412 -8.808635e+02
 [7,]    7 0.0512097492 0.005354969 3327.781      88.97334 -1.627917e+03
 [8,]    8 0.0103278477 0.004536877 3315.979    1414.07628 -5.419506e+03
 [9,]    9 0.0000010000 0.004330225 3285.092 -172771.04929  0.000000e+00
[10,]   10 0.0102503934 0.004535327 3315.877    1428.61151 -5.407687e+03
[11,]   11 0.0033150869 0.004396544 3297.726    5261.31932 -3.364140e+03
[12,]   12 0.0000010000 0.004330225 3285.092 -172771.04929  0.000000e+00
[13,]   13 0.0511934108 0.005394141 3327.724      86.81303 -1.193974e+03
[14,]   14 0.0169052232 0.004681540 3321.653     687.63130 -5.691516e+03
[15,]   15 0.0055070641 0.004444656 3306.376    3100.21034 -4.202406e+03
[16,]   16 0.0017727832 0.004367048 3287.387    8738.69055 -2.716021e+03
[17,]   17 0.0005975637 0.004342624 3274.062   14748.56125 -2.380155e+03
[18,]   18 0.0005513931 0.004389280 3273.270   14971.58088 -2.132442e+03
[19,]   19 0.0003667106 0.004575904 3270.152   14889.65968 -1.153224e+03
[20,]   20 0.0000010000 0.004945459 3285.095 -174670.08526  1.083270e+03
[21,]   21 0.0002737950 0.004669796 3268.718   12890.44892 -6.282219e+02
[22,]   22 0.0000010000 0.004921528 3285.070 -174580.84109  9.999643e+02
[23,]   23 0.0002391524 0.004701764 3268.251   11108.63433 -4.304146e+02
[24,]   24 0.0000347103 0.004875230 3270.181  -27444.60641  8.985419e+02
[25,]   25 0.0001863798 0.004746541 3267.675    5653.90921 -1.227992e+02
[26,]   26 0.0001330831 0.004789292 3267.408  -10601.79466  2.089591e+02
[27,]   27 0.0001678235 0.004761425 3267.533    2130.06476 -1.077790e+01
[28,]   28 0.0001568260 0.004769758 3267.471    -720.68772  5.591980e+01
[29,]   29 0.0001597114 0.004767268 3267.486     100.26242  3.737385e+01
[30,]   30 0.0001568940 0.004769699 3267.471    -700.67832  5.548186e+01
[31,]   31 0.0001568276 0.004769756 3267.471    -720.21960  5.590956e+01
[32,]   32 0.0001568261 0.004769758 3267.471    -720.67678  5.591956e+01
[33,]   33 0.0001568260 0.004769758 3267.471    -720.68747  5.591979e+01
[34,]   34 0.0001568260 0.004769758 3267.471    -720.68772  5.591980e+01
[35,]   35 0.0001568260 0.004769758 3267.471    -720.68772  5.591980e+01
[36,]   36 0.0001568260 0.004769758 3267.471    -720.68772  5.591980e+01
[37,]   37 0.0001568260 0.004769758 3267.471    -720.68772  5.591980e+01
[38,]   38 0.0001568260 0.004769758 3267.471    -720.68772  5.591980e+01
[39,]   39 0.0001568260 0.004769758 3267.471    -720.68772  5.591980e+01

