[22;0t]0;IPython: scripts/01_msprime_simulations$par
[1] 0.123155492 0.000140128

$value
[1] -136.5849

$counts
function gradient 
      82       82 

$convergence
[1] 52

$message
[1] "ERROR: ABNORMAL_TERMINATION_IN_LNSRCH"

$loginfo
      step       par1         par2         fn           gr1          gr2
 [1,]    1  0.1000000 1.000000e-02   376.9991  2.207513e+03    2768.1333
 [2,]    2  0.0000010 1.000000e-06   174.5081  5.755718e+04 -372396.6254
 [3,]    3  0.0000010 1.000000e+01 24358.6890  2.416088e+03    2323.2537
 [4,]    4  0.0000010 3.300808e+00  8314.0374  2.415994e+03    2466.0903
 [5,]    5  0.0000010 1.089467e+00  2813.2963  2.415578e+03    2505.8950
 [6,]    6  0.0000010 3.596932e-01   984.8622  2.414139e+03    2495.8165
 [7,]    7  0.0000010 1.188603e-01   389.2802  2.409685e+03    2422.2322
 [8,]    8  0.0000010 3.936717e-02   202.7673  2.396220e+03    2186.1335
 [9,]    9  0.0000010 1.311101e-02   151.4155  2.355934e+03    1474.5149
[10,]   10  0.0000010 1.305931e-02   151.3394  2.355695e+03    1470.2881
[11,]   11  0.0000010 1.285249e-02   151.0371  2.354718e+03    1453.0409
[12,]   12  0.0000010 1.202521e-02   149.8653  2.350473e+03    1378.1175
[13,]   13  0.0000010 8.716110e-03   145.9579  2.325187e+03     936.1511
[14,]   14  0.0000010 1.073892e-03   141.5243  8.374284e+03    2271.7603
[15,]   15  0.0000010 1.000000e-06   174.5081  0.000000e+00 -372396.6254
[16,]   16  0.0000010 7.338643e-04   140.6170  9.252287e+03    3219.7824
[17,]   17  0.0000010 1.000000e-06   174.5081  5.755718e+04 -372396.6254
[18,]   18  0.0000010 5.187589e-04   139.8185  8.764047e+03    4350.2223
[19,]   19  0.0000010 2.598795e-04   138.4070  2.708882e+03    6834.0278
[20,]   20  0.0000010 2.465417e-04   138.3142  2.054226e+03    6957.7824
[21,]   21  0.0000010 2.368263e-04   138.2451  1.549541e+03    7031.9412
[22,]   22  0.0000010 1.189132e-04   137.3688 -5.417641e+03  -11656.8940
[23,]   23  0.0000010 1.924598e-04   137.9162 -1.034866e+03    6944.9761
[24,]   24  0.0000010 1.316718e-04   137.4554 -4.819050e+03     520.1457
[25,]   25 10.0000000 1.000000e-06   191.8101 -1.112710e-06 -546115.4335
[26,]   26  3.3282921 8.818045e-05   137.8185 -7.324817e-04   -6132.7728
[27,]   27  1.1093903 1.171753e-04   136.7439 -7.984663e-03  -77592.8299
[28,]   28  0.3693799 1.268451e-04   136.6187 -6.794426e-02  -49348.9033
[29,]   29  0.1230657 1.300637e-04   136.6210 -2.250166e-01  -42325.2916
[30,]   30  0.2431012 1.363139e-02   695.9478  2.022526e+03    6529.9140
[31,]   31  0.1384560 1.861128e-03   260.1337  1.124264e+02   76022.3276
[32,]   32  0.1246549 3.088126e-04   142.2914  5.705043e-01   51726.3566
[33,]   33  0.1233636 1.635724e-04   136.7627 -2.254791e-01     322.8884
[34,]   34  0.1231488 1.394048e-04   136.5850 -2.319942e-01  -26242.2121
[35,]   35  0.1232905 1.546474e-04   136.6565 -2.320076e-01   -7787.3408
[36,]   36  0.1231797 1.427300e-04   136.5877 -2.331993e-01  -21561.9984
[37,]   37  0.1231555 1.401280e-04   136.5849 -2.323131e-01  -25185.6321
[38,]   38  0.1231715 1.418453e-04   136.5862 -2.329440e-01  -22764.1558
[39,]   39  0.1231589 1.404900e-04   136.5850 -2.324609e-01  -24665.1703
[40,]   40  0.1231562 1.402040e-04   136.5849 -2.323450e-01  -25075.9090
[41,]   41  0.1231555 1.401280e-04   136.5849 -2.323131e-01  -25185.6321
[42,]   42  0.1233219 1.573705e-04   136.6843 -2.305120e-01   -5148.6534
[43,]   43  0.1231907 1.437756e-04   136.5901 -2.334368e-01  -20178.5239
[44,]   44  0.1231629 1.409004e-04   136.5852 -2.326182e-01  -24081.8012
[45,]   45  0.1231571 1.402904e-04   136.5849 -2.323806e-01  -24951.5227
[46,]   46  0.1231558 1.401621e-04   136.5849 -2.323268e-01  -25136.4233
[47,]   47  0.1231556 1.401352e-04   136.5849 -2.323161e-01  -25175.3085
[48,]   48  0.1231555 1.401295e-04   136.5849 -2.323140e-01  -25183.4672
[49,]   49  0.1231555 1.401284e-04   136.5849 -2.323133e-01  -25185.1781
[50,]   50  0.1231555 1.401281e-04   136.5849 -2.323131e-01  -25185.5369
[51,]   51  0.1231555 1.401281e-04   136.5849 -2.323129e-01  -25185.6122
[52,]   52  0.1231555 1.401280e-04   136.5849 -2.323128e-01  -25185.6279
[53,]   53  0.1231555 1.401280e-04   136.5849 -2.323136e-01  -25185.6312
[54,]   54  0.1231555 1.401280e-04   136.5849 -2.323135e-01  -25185.6319
[55,]   55  0.1231555 1.401280e-04   136.5849 -2.323136e-01  -25185.6321
[56,]   56  0.1231555 1.401280e-04   136.5849 -2.323135e-01  -25185.6321
[57,]   57  0.1231555 1.401280e-04   136.5849 -2.323132e-01  -25185.6321
[58,]   58  0.1231555 1.401280e-04   136.5849 -2.323131e-01  -25185.6321
[59,]   59  0.1231555 1.401280e-04   136.5849 -2.323136e-01  -25185.6321
[60,]   60  0.1231555 1.401280e-04   136.5849 -2.323130e-01  -25185.6321
[61,]   61  0.1231555 1.401280e-04   136.5849 -2.323130e-01  -25185.6321
[62,]   62  0.3554690 1.000000e+01 25216.0044  2.407501e+03    2323.2634
[63,]   63  0.1905484 2.901048e+00  7786.4111  2.410695e+03    2474.2982
[64,]   64  0.1425883 8.366186e-01  2523.4132  2.409549e+03    2507.9310
[65,]   65  0.1286815 2.380041e-01   991.8650  2.403026e+03    2482.0278
[66,]   66  0.1246520 6.455840e-02   558.2305  2.383925e+03    2358.3883
[67,]   67  0.1234959 1.479440e-02   441.9223  2.272744e+03    2419.6647
[68,]   68  0.1231992 2.023243e-03   269.7723  1.952769e+02   70524.1438
[69,]   69  0.1231585 2.703862e-04   140.3507  2.390189e-01   44690.5400
[70,]   70  0.1231559 1.597088e-04   136.7115 -2.292340e-01   -3003.2014
[71,]   71  0.1231556 1.442533e-04   136.5914 -2.336037e-01  -19559.3755
[72,]   72  0.1231555 1.410022e-04   136.5853 -2.326730e-01  -23938.1125
[73,]   73  0.1231555 1.403118e-04   136.5850 -2.323928e-01  -24920.6909
[74,]   74  0.1231555 1.401666e-04   136.5849 -2.323298e-01  -25129.9315
[75,]   75  0.1231555 1.401361e-04   136.5849 -2.323163e-01  -25173.9472
[76,]   76  0.1231555 1.401297e-04   136.5849 -2.323139e-01  -25183.1820
[77,]   77  0.1231555 1.401284e-04   136.5849 -2.323134e-01  -25185.1184
[78,]   78  0.1231555 1.401281e-04   136.5849 -2.323132e-01  -25185.5244
[79,]   79  0.1231555 1.401281e-04   136.5849 -2.323136e-01  -25185.6095
[80,]   80  0.1231555 1.401280e-04   136.5849 -2.323130e-01  -25185.6274
[81,]   81  0.1231555 1.401280e-04   136.5849 -2.323136e-01  -25185.6311

