[22;0t]0;IPython: scripts/01_msprime_simulations$par
[1] 0.088215591 0.009685119

$value
[1] -5445.57

$counts
function gradient 
      51       51 

$convergence
[1] 52

$message
[1] "ERROR: ABNORMAL_TERMINATION_IN_LNSRCH"

$loginfo
      step       par1        par2        fn           gr1           gr2
 [1,]    1 0.10000000 0.010000000  5445.831  2.220981e+00  1.567596e+03
 [2,]    2 0.00000100 0.000001000 12120.049  1.236415e+05 -4.459968e+07
 [3,]    3 0.06713731 0.006714027  5481.235  2.673492e+02 -2.999202e+04
 [4,]    4 0.09745148 0.009745171  5445.611  8.209418e+00  3.408522e+01
 [5,]    5 0.09710481 0.009724510  5445.609  8.616296e+00 -8.972615e+01
 [6,]    6 0.09672784 0.009714119  5445.606  8.621383e+00 -1.447179e+02
 [7,]    7 0.09479469 0.009682185  5445.597  7.837208e+00 -2.841811e+02
 [8,]    8 0.09172097 0.009655905  5445.585  5.493487e+00 -3.380165e+02
 [9,]    9 0.08821235 0.009660009  5445.572  1.042879e+00 -1.652370e+02
[10,]   10 0.08795789 0.009678558  5445.570 -7.405999e-02 -3.246566e+01
[11,]   11 0.08821559 0.009685119  5445.570 -1.203819e-02 -3.206413e-01
[12,]   12 0.08822927 0.009685255  5445.570  1.703938e-04 -6.850587e-03
[13,]   13 0.08821661 0.009685129  5445.570 -1.112680e-02 -2.972203e-01
[14,]   14 0.08821567 0.009685120  5445.570 -1.196435e-02 -3.187494e-01
[15,]   15 0.08821560 0.009685119  5445.570 -1.203234e-02 -3.204874e-01
[16,]   16 0.08821559 0.009685119  5445.570 -1.203772e-02 -3.206287e-01
[17,]   17 0.08821559 0.009685119  5445.570 -1.203818e-02 -3.206410e-01
[18,]   18 0.08821559 0.009685119  5445.570 -1.203817e-02 -3.206413e-01
[19,]   19 0.08821559 0.009685119  5445.570 -1.203818e-02 -3.206413e-01
[20,]   20 0.08821559 0.009685119  5445.570 -1.203819e-02 -3.206413e-01
[21,]   21 0.08821559 0.009685119  5445.570 -1.203819e-02 -3.206413e-01
[22,]   22 0.08821559 0.009685119  5445.570 -1.203819e-02 -3.206413e-01
[23,]   23 0.08821559 0.009685119  5445.570 -1.203818e-02 -3.206413e-01
[24,]   24 0.08821559 0.009685119  5445.570 -1.203819e-02 -3.206413e-01
[25,]   25 0.08821559 0.009685119  5445.570 -1.203818e-02 -3.206413e-01
[26,]   26 0.08821559 0.009685119  5445.570 -1.203819e-02 -3.206413e-01
[27,]   27 0.08821559 0.009685119  5445.570 -1.203818e-02 -3.206413e-01
[28,]   28 0.10025378 0.330326426  5729.709  2.360001e+03 -2.465502e+02
[29,]   29 0.08821628 0.009703394  5445.571 -7.744551e-01  1.189607e+02
[30,]   30 0.08821559 0.009685161  5445.570 -1.379404e-02 -4.628262e-02
[31,]   31 0.08821559 0.009685120  5445.570 -1.206582e-02 -3.163361e-01
[32,]   32 0.08821559 0.009685119  5445.570 -1.203844e-02 -3.205733e-01
[33,]   33 0.08821559 0.009685119  5445.570 -1.203810e-02 -3.206397e-01
[34,]   34 0.08821559 0.009685119  5445.570 -1.203818e-02 -3.206413e-01
[35,]   35 0.08821559 0.009685119  5445.570 -1.203819e-02 -3.206413e-01
[36,]   36 0.08821559 0.009685119  5445.570 -1.203818e-02 -3.206413e-01
[37,]   37 0.08821559 0.009685119  5445.570 -1.203819e-02 -3.206413e-01
[38,]   38 0.08821559 0.009685119  5445.570 -1.203822e-02 -3.206413e-01
[39,]   39 0.08821559 0.009685119  5445.570 -1.203819e-02 -3.206413e-01
[40,]   40 0.08821559 0.009685119  5445.570 -1.203821e-02 -3.206413e-01
[41,]   41 0.08821559 0.009685119  5445.570 -1.203819e-02 -3.206413e-01
[42,]   42 0.08821559 0.009685119  5445.570 -1.203819e-02 -3.206413e-01
[43,]   43 0.08821559 0.009685119  5445.570 -1.203819e-02 -3.206413e-01

