[22;0t]0;IPython: scripts/01_msprime_simulations$par
[1] 0.033761879 0.004463247

$value
[1] -2657.805

$counts
function gradient 
      12       12 

$convergence
[1] 0

$message
[1] "CONVERGENCE: REL_REDUCTION_OF_F <= FACTR*EPSMCH"

$loginfo
      step       par1         par2       fn           gr1           gr2
 [1,]    1 0.10000000 0.0100000000 2756.184  3.754872e+02  2.248580e+04
 [2,]    2 0.00000100 0.0000010000 5183.951  1.217947e+05 -1.884627e+07
 [3,]    3 0.06471370 0.0064716874 2677.171  1.593784e+02  1.476323e+04
 [4,]    4 0.01546070 0.0003766803 3175.055  4.502896e+03 -9.672295e+05
 [5,]    5 0.04811316 0.0044173878 2658.834  1.203060e+02 -1.980528e+03
 [6,]    6 0.04754124 0.0045424374 2658.634  1.081619e+02 -2.304707e+02
 [7,]    7 0.04461181 0.0045739246 2658.349  8.784032e+01  3.858317e+02
 [8,]    8 0.03162123 0.0045433956 2657.895 -3.743092e+01  1.231239e+03
 [9,]    9 0.03471518 0.0044711480 2657.810  1.031786e+01 -9.806578e+00
[10,]   10 0.03391625 0.0044667033 2657.806  1.473646e+00  2.507856e+01
[11,]   11 0.03375715 0.0044633102 2657.805 -4.734874e-02  5.603182e-01
[12,]   12 0.03376188 0.0044632465 2657.805  1.733537e-02 -8.029686e-01

