[22;0t]0;IPython: scripts/01_msprime_simulations$par
[1] 0.01045517 0.11983933

$value
[1] -28189.59

$counts
function gradient 
      25       25 

$convergence
[1] 0

$message
[1] "CONVERGENCE: REL_REDUCTION_OF_F <= FACTR*EPSMCH"

$loginfo
      step        par1        par2        fn           gr1           gr2
 [1,]    1 0.100000000  0.01000000  38215.25  2.151632e+04 -7.372390e+05
 [2,]    2 0.000001000 10.00000000  36535.33 -9.022154e+04  1.310799e+03
 [3,]    3 0.066651756  3.34152285  29991.70  1.630904e+03  5.902481e+02
 [4,]    4 0.059248491  3.33873188  29978.61  1.453137e+03  5.928209e+02
 [5,]    5 0.029635429  3.32756803  29947.06 -1.190835e+02  5.949576e+02
 [6,]    6 0.027396287  3.32247615  29944.58 -3.721962e+02  5.940833e+02
 [7,]    7 0.018970745  3.25500494  29913.52 -1.890617e+03  5.854333e+02
 [8,]    8 0.005284416  2.93259947  29808.59 -1.535955e+04  5.597358e+02
 [9,]    9 0.009170243  2.05375907  29208.33 -6.821844e+03  7.149798e+02
[10,]   10 0.018251013  0.00000100 119426.13  7.834699e+04 -4.364895e+08
[11,]   11 0.012234727  1.36067816  28784.43 -3.949182e+03  4.274862e+02
[12,]   12 0.013682021  0.00000100 119052.03  8.562336e+04 -4.364791e+08
[13,]   13 0.012719424  0.90498895  28588.33 -2.686875e+03  4.132945e+02
[14,]   14 0.013200722  0.45249498  28383.54 -4.572129e+02  6.769870e+02
[15,]   15 0.013521440  0.15097105  28200.48  1.359711e+03  4.987919e+02
[16,]   16 0.013627423  0.05133082  28614.43  1.599906e+04 -2.428451e+04
[17,]   17 0.013521440  0.15097105  28200.48  1.359711e+03  4.987919e+02
[18,]   18 0.012145977  0.00000100 118918.40  8.839478e+04 -4.364753e+08
[19,]   19 0.013063293  0.10068511  28205.32  3.162479e+03 -1.399798e+03
[20,]   20 0.013302233  0.12691095  28192.55  1.806087e+03  4.570019e+01
[21,]   21 0.010248204  0.12060162  28189.64 -2.661795e+02  3.632933e+01
[22,]   22 0.010536184  0.11920740  28189.61  1.220352e+02 -2.575333e+01
[23,]   23 0.010471024  0.11994438  28189.60  9.669540e+00  2.309994e+00
[24,]   24 0.010447865  0.11981344  28189.59 -5.824718e+00 -3.621581e-01
[25,]   25 0.010455168  0.11983933  28189.59  4.455998e-02 -1.320641e-03

