[22;0t]0;IPython: scripts/01_msprime_simulations$par
[1] 0.000001000 0.003538258

$value
[1] -98.8345

$counts
function gradient 
      17       17 

$convergence
[1] 0

$message
[1] "CONVERGENCE: REL_REDUCTION_OF_F <= FACTR*EPSMCH"

$loginfo
      step  par1         par2          fn       gr1           gr2
 [1,]    1 1e-01  0.010000000   339.47422  2251.366  2.734016e+03
 [2,]    2 1e-06  0.000001000   118.32226 45937.396 -2.124466e+05
 [3,]    3 1e-06 10.000000000 24352.24331  2416.099  2.323792e+03
 [4,]    4 1e-06  3.276651528  8242.16929  2416.074  2.468154e+03
 [5,]    5 1e-06  1.073451530  2755.20247  2415.986  2.510754e+03
 [6,]    6 1e-06  0.351778949   941.54371  2415.704  2.509370e+03
 [7,]    7 1e-06  0.115404801   351.76479  2414.839  2.462149e+03
 [8,]    8 1e-06  0.037967363   165.00297  2412.209  2.304787e+03
 [9,]    9 1e-06  0.012579298   110.40575  2403.755  1.826914e+03
[10,]   10 1e-06  0.012472055   110.21015  2403.636  1.820764e+03
[11,]   11 1e-06  0.012043080   109.43453  2403.132  1.795068e+03
[12,]   12 1e-06  0.010327181   106.45539  2400.594  1.670927e+03
[13,]   13 1e-06  0.003463588    98.83651  2329.419 -5.493105e+01
[14,]   14 1e-06  0.003729675    98.84715  2341.884  1.293664e+02
[15,]   15 1e-06  0.003538075    98.83450  2333.211 -7.070414e-01
[16,]   16 1e-06  0.003539046    98.83450  2333.259 -1.397487e-02
[17,]   17 1e-06  0.003538258    98.83450  2333.220 -5.765749e-01

