[22;0t]0;IPython: scripts/01_msprime_simulations$par
[1] 2.191070140 0.008227758

$value
[1] -4734.242

$counts
function gradient 
      19       19 

$convergence
[1] 0

$message
[1] "CONVERGENCE: REL_REDUCTION_OF_F <= FACTR*EPSMCH"

$loginfo
      step      par1        par2        fn           gr1           gr2
 [1,]    1  0.100000 0.010000000  4766.950 -1.806313e+02  1.490846e+04
 [2,]    2 10.000000 0.000001000 11269.801  2.621558e-01 -3.755894e+07
 [3,]    3  3.904422 0.006157534  4764.881  1.537542e-01 -3.278144e+04
 [4,]    4  5.414064 0.014533884  4891.112  6.102137e-01  4.162992e+04
 [5,]    5  4.313954 0.008429849  4734.545  4.284223e-02  2.324232e+03
 [6,]    6  4.285554 0.008278817  4734.322  4.182288e-02  5.969632e+02
 [7,]    7  4.274632 0.008225937  4734.306  4.169839e-02 -2.304093e+01
 [8,]    8  4.273901 0.008227168  4734.306  4.169922e-02 -8.519506e+00
 [9,]    9  4.268963 0.008229989  4734.306  4.168902e-02  2.474582e+01
[10,]   10  4.254693 0.008234075  4734.305  4.165892e-02  7.287397e+01
[11,]   11  4.215412 0.008240216  4734.304  4.156025e-02  1.450893e+02
[12,]   12  4.103318 0.008250331  4734.302  4.122197e-02  2.636632e+02
[13,]   13  3.808678 0.008265968  4734.296  3.991647e-02  4.458289e+02
[14,]   14  3.095922 0.008287152  4734.281  3.300413e-02  6.890658e+02
[15,]   15  2.074827 0.008294832  4734.269 -1.049891e-02  7.714425e+02
[16,]   16  2.245839 0.008183082  4734.253  4.455401e-03 -5.224377e+02
[17,]   17  2.212305 0.008228405  4734.242  1.652797e-03  7.314832e+00
[18,]   18  2.174524 0.008227684  4734.242 -1.287617e-03 -8.435874e-01
[19,]   19  2.191070 0.008227758  4734.242  3.279638e-05 -8.215643e-02

