[22;0t]0;IPython: scripts/01_msprime_simulations$par
[1] 0.05205442 0.10793560

$value
[1] -30434.26

$counts
function gradient 
      31       31 

$convergence
[1] 0

$message
[1] "CONVERGENCE: REL_REDUCTION_OF_F <= FACTR*EPSMCH"

$loginfo
      step        par1        par2        fn           gr1           gr2
 [1,]    1 0.100000000  0.01000000  40338.03  2.219110e+04 -7.776142e+05
 [2,]    2 0.000001000 10.00000000  37201.00  2.400062e+03  1.251061e+03
 [3,]    3 0.066663793  3.34032037  31974.80  8.033319e+02  2.265893e+02
 [4,]    4 0.063210246  3.33928969  31971.95  7.082885e+02  2.253309e+02
 [5,]    5 0.035160672  3.32941671  31966.03 -6.925615e+02  2.062570e+02
 [6,]    6 0.047532272  3.33250614  31963.58  1.153018e+02  2.170114e+02
 [7,]    7 0.044961598  3.33063197  31963.05 -1.913774e+01  2.150360e+02
 [8,]    8 0.042387455  3.32670762  31962.45 -1.706652e+02  2.125659e+02
 [9,]    9 0.039963403  3.31555255  31960.71 -3.367401e+02  2.089704e+02
[10,]   10 0.032423000  3.24253601  31951.13 -1.054969e+03  1.923116e+02
[11,]   11 0.027421015  3.09279737  31930.22 -1.874568e+03  1.908854e+02
[12,]   12 0.006548972  1.62053666  31593.37 -1.653066e+04  2.794373e+02
[13,]   13 0.004495633  0.00000100 124541.67  1.137302e+05 -4.600276e+08
[14,]   14 0.005862308  1.07860790  31416.09 -2.124350e+04  3.562616e+02
[15,]   15 0.005178971  0.53930445  31196.14 -2.701844e+04  5.703071e+02
[16,]   16 0.004723584  0.17990430  30881.10 -4.046720e+04  1.593257e+03
[17,]   17 0.004571789  0.06010491  30770.45 -3.694449e+04 -4.296350e+03
[18,]   18 0.061205716  1.28854735  31382.58  2.246396e+03  3.140792e+02
[19,]   19 0.021286567  0.42266395  30962.36 -2.773626e+03  8.820049e+02
[20,]   20 0.009588419  0.16892026  30729.24 -1.871115e+04  1.844941e+03
[21,]   21 0.076088911  0.00000100 129121.49  3.696490e+04 -4.601404e+08
[22,]   22 0.031985820  0.11202817  30455.97 -2.389845e+03  1.043863e+03
[23,]   23 0.037413541  0.08166105  30483.36  6.783908e+02 -4.687689e+03
[24,]   24 0.033944096  0.10107197  30446.23 -1.583441e+03 -9.522893e+01
[25,]   25 0.035796756  0.10057730  30443.70 -1.250695e+03 -2.611877e+02
[26,]   26 0.044571792  0.10498772  30435.89 -4.292658e+02 -9.528266e+01
[27,]   27 0.049189753  0.10736095  30434.47 -1.615498e+02  2.951294e+01
[28,]   28 0.051487840  0.10784778  30434.27 -3.081820e+01  9.037556e+00
[29,]   29 0.052005842  0.10791109  30434.26 -2.079704e+00 -1.107458e+00
[30,]   30 0.052054420  0.10793560  30434.26 -8.342735e-02  3.633134e-01

