[22;0t]0;IPython: scripts/01_msprime_simulations$par
[1] 0.0107899 0.1125562

$value
[1] -23136.89

$counts
function gradient 
      27       27 

$convergence
[1] 0

$message
[1] "CONVERGENCE: REL_REDUCTION_OF_F <= FACTR*EPSMCH"

$loginfo
      step        par1        par2       fn           gr1           gr2
 [1,]    1 0.100000000  0.01000000 31356.27  1.774386e+04 -6.012994e+05
 [2,]    2 0.000001000 10.00000000 34330.11  1.985037e+03  1.490749e+03
 [3,]    3 0.066659240  3.34077522 25924.10  1.708501e+03  9.721734e+02
 [4,]    4 0.057128720  3.33523959 25903.39  1.498211e+03  9.717128e+02
 [5,]    5 0.019006640  3.31309706 25860.49 -1.351886e+03  9.628400e+02
 [6,]    6 0.031357306  3.31024927 25852.93  3.069658e+02  9.661744e+02
 [7,]    7 0.030765325  3.29292746 25836.06  2.540824e+02  9.631172e+02
 [8,]    8 0.028397403  3.22364022 25769.36  1.862495e+01  9.529878e+02
 [9,]    9 0.018925715  2.94649127 25514.18 -1.537941e+03  9.439248e+02
[10,]   10 0.000001000  2.39273941 25586.11 -2.533205e+06  9.066941e+02
[11,]   11 0.008514181  2.64184169 25258.49 -6.657418e+03  9.424369e+02
[12,]   12 0.001996703  0.00000100 96534.05  9.825281e+04 -3.572785e+08
[13,]   13 0.006287785  1.73937859 24504.50 -1.051774e+04  9.008705e+02
[14,]   14 0.003455671  0.59138938 23632.04 -2.514687e+04  7.457466e+02
[15,]   15 0.031012870  0.00000100 98531.20  5.077868e+04 -3.573521e+08
[16,]   16 0.012740885  0.39212502 23388.23 -1.237295e+03  7.806486e+02
[17,]   17 0.014114883  0.00000100 97526.88  7.006427e+04 -3.573200e+08
[18,]   18 0.013200062  0.26108100 23263.55 -2.769372e+02  9.853947e+02
[19,]   19 0.013657472  0.13054100 23144.00  1.252888e+03  4.923173e+02
[20,]   20 0.013027235  0.00000100 97449.74  7.179929e+04 -3.573174e+08
[21,]   21 0.013447591  0.08706867 23165.67  3.822457e+03 -2.235584e+03
[22,]   22 0.013592497  0.11708270 23139.77  1.748655e+03  7.311959e+01
[23,]   23 0.012776775  0.11349944 23138.41  1.450879e+03 -5.195821e+01
[24,]   24 0.010365349  0.11126669 23136.99 -3.463305e+02 -4.187720e+01
[25,]   25 0.010889692  0.11262606 23136.90  8.780004e+01 -1.694561e+00
[26,]   26 0.010793303  0.11257907 23136.89  1.986143e+00  8.859776e-01
[27,]   27 0.010789899  0.11255620 23136.89 -1.170505e-02 -4.404843e-02

