[22;0t]0;IPython: scripts/01_msprime_simulations$par
[1] 0.000001000 0.003534318

$value
[1] -98.83368

$counts
function gradient 
      17       17 

$convergence
[1] 0

$message
[1] "CONVERGENCE: REL_REDUCTION_OF_F <= FACTR*EPSMCH"

$loginfo
      step  par1         par2          fn       gr1           gr2
 [1,]    1 1e-01  0.010000000   335.88228  2225.671  3.057428e+03
 [2,]    2 1e-06  0.000001000   112.33341 49095.879 -2.026299e+05
 [3,]    3 1e-06 10.000000000 24352.24331  2416.088  2.323792e+03
 [4,]    4 1e-06  3.273942761  8235.48356  2415.993  2.468211e+03
 [5,]    5 1e-06  1.071655745  2750.69367  2415.566  2.510779e+03
 [6,]    6 1e-06  0.350885764   939.30239  2414.085  2.509324e+03
 [7,]    7 1e-06  0.115005335   350.78129  2409.462  2.461887e+03
 [8,]    8 1e-06  0.037793560   164.60247  2395.364  2.303701e+03
 [9,]    9 1e-06  0.012499232   110.25960  2350.941  1.822337e+03
[10,]   10 1e-06  0.004186445    98.96863  2175.882  3.925947e+02
[11,]   11 1e-06  0.004178352    98.96546  2175.230  3.884350e+02
[12,]   12 1e-06  0.004145977    98.95315  2172.586  3.716361e+02
[13,]   13 1e-06  0.004016480    98.90944  2161.414  3.017884e+02
[14,]   14 1e-06  0.003451611    98.83605  2100.265 -5.865218e+01
[15,]   15 1e-06  0.003543528    98.83371  2111.490  6.413273e+00
[16,]   16 1e-06  0.003534468    98.83368  2110.398  1.041303e-01
[17,]   17 1e-06  0.003534318    98.83368  2110.380 -1.977084e-04

