[22;0t]0;IPython: scripts/01_msprime_simulations$par
[1]  0.001710366 10.000000000

$value
[1] -49449.84

$counts
function gradient 
      31       31 

$convergence
[1] 0

$message
[1] "CONVERGENCE: REL_REDUCTION_OF_F <= FACTR*EPSMCH"

$loginfo
      step        par1  par2        fn           gr1           gr2
 [1,]    1 0.100000000  0.01 182110.34  8.660464e+04 -4.962276e+06
 [2,]    2 0.000001000 10.00  49532.01 -5.733434e+05 -1.231448e+02
 [3,]    3 1.116433811 10.00  53707.44  2.496807e+03  7.812606e+01
 [4,]    4 0.368148239 10.00  51351.11  4.049987e+03  4.373001e+00
 [5,]    5 0.121060540 10.00  50201.52  5.605449e+03 -4.480893e+01
 [6,]    6 0.039782562 10.00  49697.62  6.812783e+03 -8.837096e+01
 [7,]    7 0.013149034 10.00  49513.09  6.841057e+03 -9.694524e+01
 [8,]    8 0.012994003 10.00  49512.03  6.832766e+03 -9.700424e+01
 [9,]    9 0.012373880 10.00  49507.81  6.796145e+03 -9.724814e+01
[10,]   10 0.009893387 10.00  49491.19  6.576552e+03 -9.838830e+01
[11,]   11 0.000001000 10.00  49532.01 -5.733434e+05  0.000000e+00
[12,]   12 0.005110048 10.00  49462.00  5.327586e+03 -1.023514e+02
[13,]   13 0.000001000 10.00  49532.01 -5.733434e+05 -1.231448e+02
[14,]   14 0.003096492 10.00  49452.76  3.550299e+03 -1.063952e+02
[15,]   15 0.000001000 10.00  49532.01 -5.733434e+05 -1.231448e+02
[16,]   16 0.002022836 10.00  49450.04  1.206306e+03 -1.106272e+02
[17,]   17 0.000001000 10.00  49532.01 -5.733434e+05 -1.231448e+02
[18,]   18 0.001390237 10.00  49450.10 -1.802581e+03 -1.145983e+02
[19,]   19 0.001720031 10.00  49449.84  3.731282e+01 -1.123443e+02
[20,]   20 0.001710366 10.00  49449.84 -6.651125e+00 -1.124042e+02
[21,]   21 0.001711828 10.00  49449.84  3.128636e-02 -1.123953e+02
[22,]   22 0.001710552 10.00  49449.84 -5.798612e+00 -1.124030e+02
[23,]   23 0.001710393 10.00  49449.84 -6.526312e+00 -1.124041e+02
[24,]   24 0.001710370 10.00  49449.84 -6.632299e+00 -1.124042e+02
[25,]   25 0.001710366 10.00  49449.84 -6.648684e+00 -1.124041e+02
[26,]   26 0.001710366 10.00  49449.84 -6.650942e+00 -1.124043e+02
[27,]   27 0.001710366 10.00  49449.84 -6.650940e+00 -1.124043e+02
[28,]   28 0.001710366 10.00  49449.84 -6.649804e+00 -1.124042e+02
[29,]   29 0.001710366 10.00  49449.84 -6.650893e+00 -1.124044e+02
[30,]   30 0.001710366 10.00  49449.84 -6.650893e+00 -1.124044e+02
[31,]   31 0.001710366 10.00  49449.84 -6.650893e+00 -1.124044e+02

