[22;0t]0;IPython: scripts/01_msprime_simulations$par
[1] 1.000000e-05 3.981356e-05

$value
[1] -82.35073

$counts
function gradient 
      58       58 

$convergence
[1] 52

$message
[1] "ERROR: ABNORMAL_TERMINATION_IN_LNSRCH"

$loginfo
      step  par1         par2         fn        gr1         gr2
 [1,]    1 1e-01 1.000000e-02  328.87720  2242.9275   2948.6656
 [2,]    2 1e-05 1.000000e-05   85.40363 23877.6109 -24358.3389
 [3,]    3 1e-05 1.000000e+00 2567.10491  2415.5164   2512.7565
 [4,]    4 1e-05 2.901024e-01  782.00448  2413.6139   2508.7379
 [5,]    5 1e-05 8.463614e-02  270.26965  2406.9801   2446.2969
 [6,]    6 1e-05 2.505147e-02  128.57613  2383.4685   2222.7942
 [7,]    7 1e-05 7.639599e-03   93.80932  2279.5243   1495.5213
 [8,]    8 1e-05 2.411669e-03   89.64452  1807.6650   -307.5365
 [9,]    9 1e-05 7.051151e-04   86.79221  6774.8351   3354.0619
[10,]   10 1e-05 2.221106e-04   84.20101  6109.8966   9331.0150
[11,]   11 1e-05 1.633618e-04   83.61067  3515.7828  10756.0966
[12,]   12 1e-05 1.000000e-05   85.40363     0.0000 -24358.3389
[13,]   13 1e-05 1.354575e-04   83.28692  1773.4779   9566.8849
[14,]   14 1e-05 1.179574e-04   83.06956   568.4500   3999.8517
[15,]   15 1e-05 3.981356e-05   82.35073   985.1287   9886.5690
[16,]   16 1e-05 1.000000e-05   85.40363     0.0000 -24358.3389
[17,]   17 1e-05 3.931880e-05   82.35546  1121.6990   9780.0524
[18,]   18 1e-05 3.981356e-05   82.35073   985.1287   9886.5690
[19,]   19 1e-05 1.000000e-05   85.40363 23877.6109 -24358.3389
[20,]   20 1e-05 3.931880e-05   82.35546  1121.6990   9780.0524
[21,]   21 1e-05 3.976722e-05   82.35116   997.7161   9876.7547
[22,]   22 1e-05 3.980914e-05   82.35077   986.3276   9885.6343
[23,]   23 1e-05 3.981314e-05   82.35073   985.2433   9886.4797
[24,]   24 1e-05 3.981352e-05   82.35073   985.1397   9886.5605
[25,]   25 1e-05 3.981356e-05   82.35073   985.1298   9886.5682
[26,]   26 1e-05 3.981356e-05   82.35073   985.1288   9886.5689
[27,]   27 1e-05 3.981356e-05   82.35073   985.1287   9886.5690
[28,]   28 1e-05 3.981356e-05   82.35073   985.1287   9886.5690
[29,]   29 1e-05 3.981356e-05   82.35073   985.1287   9886.5690
[30,]   30 1e-05 3.981356e-05   82.35073   985.1287   9886.5690
[31,]   31 1e-05 3.981356e-05   82.35073   985.1287   9886.5690
[32,]   32 1e-05 3.981356e-05   82.35073   985.1287   9886.5690
[33,]   33 1e-05 3.981356e-05   82.35073   985.1287   9886.5690
[34,]   34 1e-05 3.981356e-05   82.35073   985.1287   9886.5690
[35,]   35 1e-05 3.981356e-05   82.35073   985.1287   9886.5690
[36,]   36 1e-05 3.981356e-05   82.35073   985.1287   9886.5690
[37,]   37 1e-05 3.981356e-05   82.35073   985.1287   9886.5690
[38,]   38 1e-05 3.981356e-05   82.35073   985.1287   9886.5690
[39,]   39 1e-05 1.000000e-05   85.40363 23877.6109 -24358.3389
[40,]   40 1e-05 3.931880e-05   82.35546  1121.6990   9780.0524
[41,]   41 1e-05 3.976722e-05   82.35116   997.7161   9876.7547
[42,]   42 1e-05 3.980914e-05   82.35077   986.3276   9885.6343
[43,]   43 1e-05 3.981314e-05   82.35073   985.2433   9886.4797
[44,]   44 1e-05 3.981352e-05   82.35073   985.1397   9886.5605
[45,]   45 1e-05 3.981356e-05   82.35073   985.1298   9886.5682
[46,]   46 1e-05 3.981356e-05   82.35073   985.1288   9886.5689
[47,]   47 1e-05 3.981356e-05   82.35073   985.1287   9886.5690
[48,]   48 1e-05 3.981356e-05   82.35073   985.1287   9886.5690
[49,]   49 1e-05 3.981356e-05   82.35073   985.1287   9886.5690
[50,]   50 1e-05 3.981356e-05   82.35073   985.1287   9886.5690
[51,]   51 1e-05 3.981356e-05   82.35073   985.1287   9886.5690
[52,]   52 1e-05 3.981356e-05   82.35073   985.1287   9886.5690
[53,]   53 1e-05 3.981356e-05   82.35073   985.1287   9886.5690
[54,]   54 1e-05 3.981356e-05   82.35073   985.1287   9886.5690
[55,]   55 1e-05 3.981356e-05   82.35073   985.1287   9886.5690
[56,]   56 1e-05 3.981356e-05   82.35073   985.1287   9886.5690
[57,]   57 1e-05 3.981356e-05   82.35073   985.1287   9886.5690
[58,]   58 1e-05 3.981356e-05   82.35073   985.1287   9886.5690

